 <<< Combine >>> 
>>> including systematics
>>> using the Profile Likelihood test statistics modified for upper limits (Q_LHC)
>>> method used is HybridNew
>>> Used OpenSSL to get a really random seed -250936620
Computing results starting from observation (a-posteriori)
[#0] WARNING:Minization -- RooMinimizerFcn: Minimized function has error status.
Returning maximum FCN so far (850.515) to force MIGRAD to back out of this region. Error log follows
Parameter values: JER_ele=-6.9372, JER_muon=5.99084, JES_ele=-6.93424, JES_muon=-6.9147, QCD_stat_ele=-6.22966, QCD_stat_muon=-2.51997, VBS_stat_ele=2.76217, VBS_stat_muon=-5.26193, ele_efficiency=-2.47308, ele_trigger=0.461416, fakephoton_ele=6.96947, fakephoton_muon=-5.19948, interference=0.340551, lumi=-5.57684, mu_efficiency=3.08056, mu_trigger=6.99529, non_prompt_stat_ele=3.86089, non_prompt_stat_muon=-5.47591, others_stat_ele=-1.97405, others_stat_muon=-0.517206, others_xs=0.475702, param=1.60416, pdf_ele=6.99205, pdf_muon=-6.18602, photon_id=-6.91986, pileup=-3.82081, scale_ele=-5.75361, scale_muon=6.71757
RooProdPdf::model_s[ modelObs_s * nuisancePdf ]
     getLogVal() top-level p.d.f evaluates to zero @ !pdfs=(modelObs_s = 0/1,nuisancePdf = 1)

[#0] WARNING:Minization -- RooMinimizerFcn: Minimized function has error status.
Returning maximum FCN so far (850.515) to force MIGRAD to back out of this region. Error log follows
Parameter values: JER_ele=6.6502, JER_muon=-0.0901283, JES_ele=6.36799, JES_muon=6.86664, QCD_stat_ele=6.65535, QCD_stat_muon=-6.1771, VBS_stat_ele=4.33297, VBS_stat_muon=4.35214, ele_efficiency=2.05492, ele_trigger=1.52378, fakephoton_ele=-4.399, fakephoton_muon=4.8487, interference=3.64438, lumi=6.50291, mu_efficiency=-0.882371, mu_trigger=-2.39834, non_prompt_stat_ele=-6.99991, non_prompt_stat_muon=6.45898, others_stat_ele=6.98972, others_stat_muon=5.5519, others_xs=3.27591, param=0.786179, pdf_ele=-3.18527, pdf_muon=6.66312, photon_id=5.63289, pileup=6.92639, scale_ele=6.9703, scale_muon=4.77106
RooProdPdf::model_s[ modelObs_s * nuisancePdf ]
     getLogVal() top-level p.d.f evaluates to zero @ !pdfs=(modelObs_s = 0/1,nuisancePdf = 1)

[#0] WARNING:Minization -- RooMinimizerFcn: Minimized function has error status.
Returning maximum FCN so far (850.515) to force MIGRAD to back out of this region. Error log follows
Parameter values: JER_ele=6.34033, JER_muon=-6.98678, JES_ele=5.57064, JES_muon=-4.89061, QCD_stat_ele=6.95786, QCD_stat_muon=-6.94882, VBS_stat_ele=1.32132, VBS_stat_muon=1.78405, ele_efficiency=1.53938, ele_trigger=-0.118843, fakephoton_ele=2.8091, fakephoton_muon=1.8315, interference=-5.10756, lumi=-0.687656, mu_efficiency=-4.21395, mu_trigger=-4.61369, non_prompt_stat_ele=6.83413, non_prompt_stat_muon=5.87565, others_stat_ele=6.24507, others_stat_muon=-6.98607, others_xs=-5.47972, param=0.145224, pdf_ele=-5.44451, pdf_muon=-6.74629, photon_id=-6.17246, pileup=6.99965, scale_ele=4.36469, scale_muon=-1.17156
RooProdPdf::model_s[ modelObs_s * nuisancePdf ]
     getLogVal() top-level p.d.f evaluates to zero @ !pdfs=(modelObs_s = 0/1,nuisancePdf = 1)

[#0] WARNING:Minization -- RooMinimizerFcn: Minimized function has error status.
Returning maximum FCN so far (850.515) to force MIGRAD to back out of this region. Error log follows
Parameter values: JER_ele=-0.547051, JER_muon=-3.36814, JES_ele=0.33324, JES_muon=-6.63806, QCD_stat_ele=2.21605, QCD_stat_muon=-2.60864, VBS_stat_ele=-0.850749, VBS_stat_muon=-6.06677, ele_efficiency=-0.00433053, ele_trigger=1.08684, fakephoton_ele=6.99999, fakephoton_muon=-2.12916, interference=-2.93036, lumi=-2.9626, mu_efficiency=-1.17168, mu_trigger=-4.38647, non_prompt_stat_ele=6.9501, non_prompt_stat_muon=-4.4837, others_stat_ele=-0.606624, others_stat_muon=-5.64206, others_xs=-2.94161, param=0.695405, pdf_ele=2.8588, pdf_muon=-6.99871, photon_id=-6.36343, pileup=-1.92805, scale_ele=3.75851, scale_muon=-1.61367
RooProdPdf::model_s[ modelObs_s * nuisancePdf ]
     getLogVal() top-level p.d.f evaluates to zero @ !pdfs=(modelObs_s = 0/1,nuisancePdf = 1)

[#0] WARNING:Minization -- RooMinimizerFcn: Minimized function has error status.
Returning maximum FCN so far (850.515) to force MIGRAD to back out of this region. Error log follows
Parameter values: JER_ele=0.0951129, JER_muon=-3.07716, JES_ele=1.12612, JES_muon=-6.45116, QCD_stat_ele=4.0678, QCD_stat_muon=-4.01703, VBS_stat_ele=0.215175, VBS_stat_muon=-5.48715, ele_efficiency=0.185273, ele_trigger=1.67742, fakephoton_ele=6.58859, fakephoton_muon=-1.87354, interference=-2.48916, lumi=-2.23961, mu_efficiency=-1.1101, mu_trigger=-4.15264, non_prompt_stat_ele=5.86027, non_prompt_stat_muon=-4.00823, others_stat_ele=-0.00107224, others_stat_muon=-5.30356, others_xs=-2.36185, param=0.627497, pdf_ele=3.70487, pdf_muon=-6.96313, photon_id=-5.5222, pileup=-1.88972, scale_ele=5.32551, scale_muon=-2.56818
RooProdPdf::model_s[ modelObs_s * nuisancePdf ]
     getLogVal() top-level p.d.f evaluates to zero @ !pdfs=(modelObs_s = 0/1,nuisancePdf = 1)

[#0] WARNING:Minization -- RooMinimizerFcn: Minimized function has error status.
Returning maximum FCN so far (874.283) to force MIGRAD to back out of this region. Error log follows
Parameter values: JER_ele=3.55787, JER_muon=-6.57709, JES_ele=6.30312, JES_muon=-3.60733, QCD_stat_ele=-0.0977552, QCD_stat_muon=1.8173, VBS_stat_ele=5.49022, VBS_stat_muon=-6.44796, ele_efficiency=1.51574, ele_trigger=6.04268, fakephoton_ele=5.84738, fakephoton_muon=-3.78763, interference=-5.16953, lumi=-3.25349, mu_efficiency=-2.89509, mu_trigger=-6.95858, non_prompt_stat_ele=6.43946, non_prompt_stat_muon=-6.74092, others_stat_ele=5.41769, others_stat_muon=-6.11204, others_xs=-3.93603, param=0.0601129, pdf_ele=6.346, pdf_muon=1.86588, photon_id=-6.86961, pileup=-2.11218, scale_ele=-5.09056, scale_muon=-2.95292
RooProdPdf::model_s[ modelObs_s * nuisancePdf ]
     getLogVal() top-level p.d.f evaluates to zero @ !pdfs=(modelObs_s = 0/1,nuisancePdf = 1)

[#0] WARNING:Minization -- RooMinimizerFcn: Minimized function has error status.
Returning maximum FCN so far (874.283) to force MIGRAD to back out of this region. Error log follows
Parameter values: JER_ele=-0.89637, JER_muon=-0.221016, JES_ele=-0.363953, JES_muon=-2.80665, QCD_stat_ele=0.414476, QCD_stat_muon=-4.5939, VBS_stat_ele=-1.61727, VBS_stat_muon=-2.92208, ele_efficiency=-0.138716, ele_trigger=0.505555, fakephoton_ele=4.62557, fakephoton_muon=-0.964001, interference=-0.627337, lumi=-1.03639, mu_efficiency=-0.0280405, mu_trigger=-0.255021, non_prompt_stat_ele=4.62438, non_prompt_stat_muon=-2.04356, others_stat_ele=-1.3519, others_stat_muon=-1.33968, others_xs=-0.494226, param=1.24551, pdf_ele=1.83655, pdf_muon=-3.01015, photon_id=-2.10386, pileup=-1.82522, scale_ele=1.65585, scale_muon=-3.54759
RooProdPdf::model_s[ modelObs_s * nuisancePdf ]
     getLogVal() top-level p.d.f evaluates to zero @ !pdfs=(modelObs_s = 0/1,nuisancePdf = 1)

[#0] WARNING:Minization -- RooMinimizerFcn: Minimized function has error status.
Returning maximum FCN so far (874.283) to force MIGRAD to back out of this region. Error log follows
Parameter values: JER_ele=-0.730542, JER_muon=-0.00359043, JES_ele=-0.153186, JES_muon=-2.61922, QCD_stat_ele=1.04155, QCD_stat_muon=-4.17158, VBS_stat_ele=-1.1049, VBS_stat_muon=-2.14061, ele_efficiency=-0.0908047, ele_trigger=0.687273, fakephoton_ele=6.23926, fakephoton_muon=-0.930047, interference=-0.359549, lumi=-0.755046, mu_efficiency=0.0220122, mu_trigger=-0.0584472, non_prompt_stat_ele=6.51827, non_prompt_stat_muon=-1.96737, others_stat_ele=-1.14614, others_stat_muon=-1.23856, others_xs=-0.349014, param=0.656247, pdf_ele=2.15113, pdf_muon=-2.59781, photon_id=-1.53675, pileup=-1.81213, scale_ele=2.25089, scale_muon=-3.18862
RooProdPdf::model_s[ modelObs_s * nuisancePdf ]
     getLogVal() top-level p.d.f evaluates to zero @ !pdfs=(modelObs_s = 0/1,nuisancePdf = 1)

[#0] WARNING:Minization -- RooMinimizerFcn: Minimized function has error status.
Returning maximum FCN so far (874.283) to force MIGRAD to back out of this region. Error log follows
Parameter values: JER_ele=-3.98591, JER_muon=4.22971, JES_ele=6.44484, JES_muon=-4.35815, QCD_stat_ele=5.60209, QCD_stat_muon=3.21177, VBS_stat_ele=3.72328, VBS_stat_muon=-4.7215, ele_efficiency=-5.4021, ele_trigger=1.51621, fakephoton_ele=4.5982, fakephoton_muon=4.35604, interference=6.94103, lumi=-0.633301, mu_efficiency=5.28931, mu_trigger=-1.16926, non_prompt_stat_ele=3.59146, non_prompt_stat_muon=6.9998, others_stat_ele=6.00458, others_stat_muon=-2.04421, others_xs=0.764105, param=2.10464, pdf_ele=3.40179, pdf_muon=-4.5132, photon_id=-2.30653, pileup=-1.7942, scale_ele=-4.16854, scale_muon=-5.80343
RooProdPdf::model_s[ modelObs_s * nuisancePdf ]
     getLogVal() top-level p.d.f evaluates to zero @ !pdfs=(modelObs_s = 0/1,nuisancePdf = 1)

[#0] WARNING:Minization -- RooMinimizerFcn: Minimized function has error status.
Returning maximum FCN so far (874.283) to force MIGRAD to back out of this region. Error log follows
Parameter values: JER_ele=3.11542, JER_muon=2.43509, JES_ele=5.45705, JES_muon=-0.0568798, QCD_stat_ele=3.56569, QCD_stat_muon=0.979184, VBS_stat_ele=6.121, VBS_stat_muon=5.35238, ele_efficiency=1.24133, ele_trigger=5.31587, fakephoton_ele=6.84114, fakephoton_muon=-0.525763, interference=2.98869, lumi=3.76507, mu_efficiency=0.679544, mu_trigger=2.45573, non_prompt_stat_ele=1.65805, non_prompt_stat_muon=-1.03128, others_stat_ele=4.29424, others_stat_muon=0.673251, others_xs=3.1763, param=1.84531, pdf_ele=6.95131, pdf_muon=2.38492, photon_id=6.91721, pileup=-1.49978, scale_ele=-0.289627, scale_muon=3.30594
RooProdPdf::model_s[ modelObs_s * nuisancePdf ]
     getLogVal() top-level p.d.f evaluates to zero @ !pdfs=(modelObs_s = 0/1,nuisancePdf = 1)

[#0] WARNING:Minization -- RooMinimizerFcn: Minimized function has error status.
Returning maximum FCN so far (1008.61) to force MIGRAD to back out of this region. Error log follows
Parameter values: JER_ele=-0.354184, JER_muon=0.98053, JES_ele=0.498908, JES_muon=-0.93381, QCD_stat_ele=2.62663, QCD_stat_muon=-0.468741, VBS_stat_ele=-0.484119, VBS_stat_muon=-0.734529, ele_efficiency=0.0427067, ele_trigger=1.20749, fakephoton_ele=6.93296, fakephoton_muon=-0.595306, interference=0.491182, lumi=0.207521, mu_efficiency=0.369185, mu_trigger=1.28568, non_prompt_stat_ele=6.99993, non_prompt_stat_muon=-1.20808, others_stat_ele=-0.572893, others_stat_muon=0.297959, others_xs=0.750348, param=0.746081, pdf_ele=3.01194, pdf_muon=-0.259465, photon_id=1.19379, pileup=-1.71747, scale_ele=4.04376, scale_muon=1.7023
RooProdPdf::model_s[ modelObs_s * nuisancePdf ]
     getLogVal() top-level p.d.f evaluates to zero @ !pdfs=(modelObs_s = 0/1,nuisancePdf = 1)

[#0] WARNING:Minization -- RooMinimizerFcn: Minimized function has error status.
Returning maximum FCN so far (1008.61) to force MIGRAD to back out of this region. Error log follows
Parameter values: JER_ele=-4.52919, JER_muon=0.63801, JES_ele=-6.36461, JES_muon=-2.90409, QCD_stat_ele=-2.2311, QCD_stat_muon=-5.2737, VBS_stat_ele=-5.10474, VBS_stat_muon=3.04374, ele_efficiency=-1.64051, ele_trigger=-5.00917, fakephoton_ele=6.99608, fakephoton_muon=-0.991742, interference=-0.189706, lumi=-3.07269, mu_efficiency=0.049993, mu_trigger=0.0750276, non_prompt_stat_ele=4.52713, non_prompt_stat_muon=-2.16014, others_stat_ele=-6.45103, others_stat_muon=-1.9344, others_xs=-3.79138, param=1.9624, pdf_ele=-6.66311, pdf_muon=-1.77399, photon_id=-6.95546, pileup=-1.99634, scale_ele=0.542537, scale_muon=-4.59752
RooProdPdf::model_s[ modelObs_s * nuisancePdf ]
     getLogVal() top-level p.d.f evaluates to zero @ !pdfs=(modelObs_s = 0/1,nuisancePdf = 1)

[#0] WARNING:Minization -- RooMinimizerFcn: Minimized function has error status.
Returning maximum FCN so far (1008.61) to force MIGRAD to back out of this region. Error log follows
Parameter values: JER_ele=5.47017, JER_muon=3.26956, JES_ele=6.97012, JES_muon=1.84596, QCD_stat_ele=-6.90902, QCD_stat_muon=4.60869, VBS_stat_ele=6.91255, VBS_stat_muon=5.88748, ele_efficiency=2.30082, ele_trigger=6.97102, fakephoton_ele=-6.00049, fakephoton_muon=-0.127564, interference=4.14009, lumi=5.82229, mu_efficiency=1.02925, mu_trigger=3.69606, non_prompt_stat_ele=-2.32747, non_prompt_stat_muon=-0.133934, others_stat_ele=6.83013, others_stat_muon=2.41907, others_xs=5.61407, param=2.11744, pdf_ele=2.51167, pdf_muon=4.4689, photon_id=3.55755, pileup=-1.17627, scale_ele=-4.56095, scale_muon=6.74691
RooProdPdf::model_s[ modelObs_s * nuisancePdf ]
     getLogVal() top-level p.d.f evaluates to zero @ !pdfs=(modelObs_s = 0/1,nuisancePdf = 1)

[#0] WARNING:Minization -- RooMinimizerFcn: Minimized function has error status.
Returning maximum FCN so far (1008.61) to force MIGRAD to back out of this region. Error log follows
Parameter values: JER_ele=4.8359, JER_muon=3.49204, JES_ele=6.9321, JES_muon=2.28315, QCD_stat_ele=-4.96405, QCD_stat_muon=5.36417, VBS_stat_ele=6.99077, VBS_stat_muon=6.07551, ele_efficiency=1.98474, ele_trigger=6.73025, fakephoton_ele=2.04435, fakephoton_muon=-0.0473449, interference=4.12859, lumi=5.52302, mu_efficiency=1.12181, mu_trigger=3.99653, non_prompt_stat_ele=-6.6698, non_prompt_stat_muon=0.0598722, others_stat_ele=6.3286, others_stat_muon=2.76884, others_xs=5.30833, param=2.08994, pdf_ele=4.49407, pdf_muon=4.9369, photon_id=4.66456, pileup=-1.22557, scale_ele=-6.93201, scale_muon=6.97986
RooProdPdf::model_s[ modelObs_s * nuisancePdf ]
     getLogVal() top-level p.d.f evaluates to zero @ !pdfs=(modelObs_s = 0/1,nuisancePdf = 1)

[#0] WARNING:Minization -- RooMinimizerFcn: Minimized function has error status.
Returning maximum FCN so far (1008.61) to force MIGRAD to back out of this region. Error log follows
Parameter values: JER_ele=-4.35289, JER_muon=0.506346, JES_ele=-6.07395, JES_muon=-3.28018, QCD_stat_ele=-3.67488, QCD_stat_muon=-5.59151, VBS_stat_ele=-5.08901, VBS_stat_muon=2.13408, ele_efficiency=-1.52343, ele_trigger=-4.55326, fakephoton_ele=6.98264, fakephoton_muon=-1.13979, interference=-0.318815, lumi=-3.0528, mu_efficiency=0.0288839, mu_trigger=-0.0349235, non_prompt_stat_ele=4.56342, non_prompt_stat_muon=-2.40204, others_stat_ele=-6.32887, others_stat_muon=-2.11934, others_xs=-3.64029, param=2.03229, pdf_ele=-6.18208, pdf_muon=-2.3255, photon_id=-6.90722, pileup=-2.2309, scale_ele=-1.79823, scale_muon=-5.02713
RooProdPdf::model_s[ modelObs_s * nuisancePdf ]
     getLogVal() top-level p.d.f evaluates to zero @ !pdfs=(modelObs_s = 0/1,nuisancePdf = 1)

[#0] WARNING:Minization -- RooMinimizerFcn: Minimized function has error status.
Returning maximum FCN so far (1008.61) to force MIGRAD to back out of this region. Error log follows
Parameter values: JER_ele=-1.05258, JER_muon=1.26898, JES_ele=-1.01518, JES_muon=-1.84116, QCD_stat_ele=-1.11665, QCD_stat_muon=-2.91326, VBS_stat_ele=-0.0170664, VBS_stat_muon=2.94517, ele_efficiency=-0.247096, ele_trigger=0.132162, fakephoton_ele=5.6659, fakephoton_muon=-0.840202, interference=1.03828, lumi=0.00803879, mu_efficiency=0.31262, mu_trigger=1.07037, non_prompt_stat_ele=6.21352, non_prompt_stat_muon=-1.74169, others_stat_ele=-2.01164, others_stat_muon=-0.758983, others_xs=-0.453469, param=2.11039, pdf_ele=1.35844, pdf_muon=-0.375072, photon_id=-0.773673, pileup=-1.90212, scale_ele=-0.353757, scale_muon=-1.23699
RooProdPdf::model_s[ modelObs_s * nuisancePdf ]
     getLogVal() top-level p.d.f evaluates to zero @ !pdfs=(modelObs_s = 0/1,nuisancePdf = 1)

[#0] WARNING:Minization -- RooMinimizerFcn: Minimized function has error status.
Returning maximum FCN so far (1008.61) to force MIGRAD to back out of this region. Error log follows
Parameter values: JER_ele=-6.58148, JER_muon=6.58337, JES_ele=-0.944977, JES_muon=6.79053, QCD_stat_ele=-5.81916, QCD_stat_muon=-6.90146, VBS_stat_ele=1.12081, VBS_stat_muon=5.81852, ele_efficiency=-4.08822, ele_trigger=-5.38434, fakephoton_ele=6.98422, fakephoton_muon=1.8034, interference=3.11847, lumi=-3.83621, mu_efficiency=3.13034, mu_trigger=6.86674, non_prompt_stat_ele=4.61012, non_prompt_stat_muon=4.29577, others_stat_ele=1.16888, others_stat_muon=6.81439, others_xs=-1.73331, param=1.16253, pdf_ele=4.09974, pdf_muon=3.6825, photon_id=-6.64249, pileup=-2.77718, scale_ele=-3.79402, scale_muon=0.0374857
RooProdPdf::model_s[ modelObs_s * nuisancePdf ]
     getLogVal() top-level p.d.f evaluates to zero @ !pdfs=(modelObs_s = 0/1,nuisancePdf = 1)

[#0] WARNING:Minization -- RooMinimizerFcn: Minimized function has error status.
Returning maximum FCN so far (1077.23) to force MIGRAD to back out of this region. Error log follows
Parameter values: JER_ele=-0.7933, JER_muon=1.10938, JES_ele=-0.251288, JES_muon=-0.714745, QCD_stat_ele=0.650163, QCD_stat_muon=0.0522813, VBS_stat_ele=-1.18488, VBS_stat_muon=-0.544199, ele_efficiency=-0.110964, ele_trigger=0.607757, fakephoton_ele=5.04007, fakephoton_muon=-0.556948, interference=0.502622, lumi=-0.0152048, mu_efficiency=0.415963, mu_trigger=1.46211, non_prompt_stat_ele=5.194, non_prompt_stat_muon=-1.11853, others_stat_ele=-1.2968, others_stat_muon=0.478902, others_xs=0.528732, param=0.580603, pdf_ele=2.02064, pdf_muon=0.0565715, photon_id=0.582884, pileup=-1.74842, scale_ele=1.96177, scale_muon=2.34269
RooProdPdf::model_s[ modelObs_s * nuisancePdf ]
     getLogVal() top-level p.d.f evaluates to zero @ !pdfs=(modelObs_s = 0/1,nuisancePdf = 1)

[#0] WARNING:Minization -- RooMinimizerFcn: Minimized function has error status.
Returning maximum FCN so far (1077.23) to force MIGRAD to back out of this region. Error log follows
Parameter values: JER_ele=5.95209, JER_muon=3.79374, JES_ele=6.57934, JES_muon=3.8188, QCD_stat_ele=-6.15196, QCD_stat_muon=6.97006, VBS_stat_ele=6.88082, VBS_stat_muon=4.7251, ele_efficiency=2.61955, ele_trigger=6.96385, fakephoton_ele=-4.45093, fakephoton_muon=0.300103, interference=4.39298, lumi=6.32024, mu_efficiency=1.37781, mu_trigger=4.77284, non_prompt_stat_ele=6.73354, non_prompt_stat_muon=0.86093, others_stat_ele=6.99928, others_stat_muon=4.21845, others_xs=6.51771, param=0.835703, pdf_ele=0.318484, pdf_muon=5.87475, photon_id=-0.297057, pileup=-1.04512, scale_ele=0.771246, scale_muon=5.35586
RooProdPdf::model_s[ modelObs_s * nuisancePdf ]
     getLogVal() top-level p.d.f evaluates to zero @ !pdfs=(modelObs_s = 0/1,nuisancePdf = 1)

[#0] WARNING:Minization -- RooMinimizerFcn: Minimized function has error status.
Returning maximum FCN so far (1077.23) to force MIGRAD to back out of this region. Error log follows
Parameter values: JER_ele=4.37626, JER_muon=3.35648, JES_ele=6.80408, JES_muon=3.01927, QCD_stat_ele=-3.49242, QCD_stat_muon=6.5226, VBS_stat_ele=6.48739, VBS_stat_muon=3.95855, ele_efficiency=1.8255, ele_trigger=6.52682, fakephoton_ele=5.98627, fakephoton_muon=0.119097, interference=3.60435, lumi=5.12288, mu_efficiency=1.20921, mu_trigger=4.25889, non_prompt_stat_ele=-2.72317, non_prompt_stat_muon=0.45678, others_stat_ele=5.97921, others_stat_muon=3.57085, others_xs=5.42939, param=0.779905, pdf_ele=5.35993, pdf_muon=5.08606, photon_id=4.98745, pileup=-1.27607, scale_ele=-6.9424, scale_muon=6.59717
RooProdPdf::model_s[ modelObs_s * nuisancePdf ]
     getLogVal() top-level p.d.f evaluates to zero @ !pdfs=(modelObs_s = 0/1,nuisancePdf = 1)

[#0] WARNING:Minization -- RooMinimizerFcn: Minimized function has error status.
Returning maximum FCN so far (1077.23) to force MIGRAD to back out of this region. Error log follows
Parameter values: JER_ele=5.1856, JER_muon=3.93065, JES_ele=6.98865, JES_muon=4.06671, QCD_stat_ele=-6.74249, QCD_stat_muon=6.9916, VBS_stat_ele=6.92287, VBS_stat_muon=4.31642, ele_efficiency=2.22071, ele_trigger=6.94523, fakephoton_ele=-3.02762, fakephoton_muon=0.316385, interference=4.20161, lumi=5.90425, mu_efficiency=1.46991, mu_trigger=5.01844, non_prompt_stat_ele=-6.15808, non_prompt_stat_muon=0.94741, others_stat_ele=6.71819, others_stat_muon=4.51059, others_xs=6.25441, param=1.28028, pdf_ele=2.93916, pdf_muon=6.04375, photon_id=1.71368, pileup=-1.27435, scale_ele=-4.78384, scale_muon=4.34479
RooProdPdf::model_s[ modelObs_s * nuisancePdf ]
     getLogVal() top-level p.d.f evaluates to zero @ !pdfs=(modelObs_s = 0/1,nuisancePdf = 1)

[#0] WARNING:Minization -- RooMinimizerFcn: Minimized function has error status.
Returning maximum FCN so far (1077.23) to force MIGRAD to back out of this region. Error log follows
Parameter values: JER_ele=-3.9167, JER_muon=-0.100292, JES_ele=-5.46388, JES_muon=-3.40062, QCD_stat_ele=-5.81327, QCD_stat_muon=-5.604, VBS_stat_ele=-5.29591, VBS_stat_muon=-0.875525, ele_efficiency=-1.31739, ele_trigger=-3.95148, fakephoton_ele=4.95235, fakephoton_muon=-1.0943, interference=-0.991109, lumi=-3.16119, mu_efficiency=-0.0930456, mu_trigger=-0.498947, non_prompt_stat_ele=6.99285, non_prompt_stat_muon=-2.33166, others_stat_ele=-5.73657, others_stat_muon=-2.07064, others_xs=-3.20843, param=1.14129, pdf_ele=-5.5323, pdf_muon=-3.19322, photon_id=-6.80384, pileup=-2.0978, scale_ele=-4.64418, scale_muon=-5.29324
RooProdPdf::model_s[ modelObs_s * nuisancePdf ]
     getLogVal() top-level p.d.f evaluates to zero @ !pdfs=(modelObs_s = 0/1,nuisancePdf = 1)

[#0] WARNING:Minization -- RooMinimizerFcn: Minimized function has error status.
Returning maximum FCN so far (1077.23) to force MIGRAD to back out of this region. Error log follows
Parameter values: JER_ele=3.65356, JER_muon=3.28056, JES_ele=6.31723, JES_muon=2.84671, QCD_stat_ele=-0.00769862, QCD_stat_muon=6.44282, VBS_stat_ele=5.76084, VBS_stat_muon=3.47388, ele_efficiency=1.53154, ele_trigger=6.03255, fakephoton_ele=6.18385, fakephoton_muon=0.0564487, interference=3.3344, lumi=4.60425, mu_efficiency=1.1976, mu_trigger=4.2108, non_prompt_stat_ele=5.18432, non_prompt_stat_muon=0.344026, others_stat_ele=5.20224, others_stat_muon=3.48378, others_xs=5.02023, param=0.948867, pdf_ele=6.396, pdf_muon=4.88247, photon_id=6.10708, pileup=-1.44589, scale_ele=-5.10253, scale_muon=6.66123
RooProdPdf::model_s[ modelObs_s * nuisancePdf ]
     getLogVal() top-level p.d.f evaluates to zero @ !pdfs=(modelObs_s = 0/1,nuisancePdf = 1)

[#0] WARNING:Minization -- RooMinimizerFcn: Minimized function has error status.
Returning maximum FCN so far (1077.23) to force MIGRAD to back out of this region. Error log follows
Parameter values: JER_ele=4.26576, JER_muon=3.49357, JES_ele=6.76814, JES_muon=3.32538, QCD_stat_ele=-3.24187, QCD_stat_muon=6.8123, VBS_stat_ele=6.3275, VBS_stat_muon=3.65946, ele_efficiency=1.79043, ele_trigger=6.49475, fakephoton_ele=6.33413, fakephoton_muon=0.161698, interference=3.62771, lumi=5.12031, mu_efficiency=1.29146, mu_trigger=4.50174, non_prompt_stat_ele=-1.6445, non_prompt_stat_muon=0.582874, others_stat_ele=5.9155, others_stat_muon=3.8858, others_xs=5.54192, param=0.867311, pdf_ele=5.43983, pdf_muon=5.33595, photon_id=4.8332, pileup=-1.36314, scale_ele=-6.89657, scale_muon=6.03272
RooProdPdf::model_s[ modelObs_s * nuisancePdf ]
     getLogVal() top-level p.d.f evaluates to zero @ !pdfs=(modelObs_s = 0/1,nuisancePdf = 1)

[#0] WARNING:Minization -- RooMinimizerFcn: Minimized function has error status.
Returning maximum FCN so far (1077.23) to force MIGRAD to back out of this region. Error log follows
Parameter values: JER_ele=3.50859, JER_muon=3.12333, JES_ele=6.19072, JES_muon=2.70627, QCD_stat_ele=0.760594, QCD_stat_muon=6.30817, VBS_stat_ele=5.51806, VBS_stat_muon=2.99452, ele_efficiency=1.47476, ele_trigger=5.90114, fakephoton_ele=5.16181, fakephoton_muon=0.0438685, interference=3.14037, lumi=4.41111, mu_efficiency=1.14948, mu_trigger=4.06049, non_prompt_stat_ele=6.34278, non_prompt_stat_muon=0.303895, others_stat_ele=5.03622, others_stat_muon=3.37645, others_xs=4.88842, param=1.07485, pdf_ele=6.57359, pdf_muon=4.64352, photon_id=6.37644, pileup=-1.43686, scale_ele=-4.42794, scale_muon=6.79016
RooProdPdf::model_s[ modelObs_s * nuisancePdf ]
     getLogVal() top-level p.d.f evaluates to zero @ !pdfs=(modelObs_s = 0/1,nuisancePdf = 1)

[#0] WARNING:Minization -- RooMinimizerFcn: Minimized function has error status.
Returning maximum FCN so far (1077.23) to force MIGRAD to back out of this region. Error log follows
Parameter values: JER_ele=3.25041, JER_muon=2.94739, JES_ele=5.94107, JES_muon=2.38075, QCD_stat_ele=2.00477, QCD_stat_muon=5.94657, VBS_stat_ele=5.19316, VBS_stat_muon=2.64757, ele_efficiency=1.37349, ele_trigger=5.67613, fakephoton_ele=3.26394, fakephoton_muon=-0.0262458, interference=2.93262, lumi=4.12761, mu_efficiency=1.08433, mu_trigger=3.84685, non_prompt_stat_ele=6.99698, non_prompt_stat_muon=0.146983, others_stat_ele=4.72248, others_stat_muon=3.11779, others_xs=4.62617, param=1.02843, pdf_ele=6.78167, pdf_muon=4.26483, photon_id=6.71741, pileup=-1.48137, scale_ele=-3.13573, scale_muon=6.95919
RooProdPdf::model_s[ modelObs_s * nuisancePdf ]
     getLogVal() top-level p.d.f evaluates to zero @ !pdfs=(modelObs_s = 0/1,nuisancePdf = 1)

[#0] WARNING:Minization -- RooMinimizerFcn: Minimized function has error status.
Returning maximum FCN so far (1077.23) to force MIGRAD to back out of this region. Error log follows
Parameter values: JER_ele=2.96104, JER_muon=2.77847, JES_ele=5.62629, JES_muon=2.05718, QCD_stat_ele=3.3428, QCD_stat_muon=5.51409, VBS_stat_ele=4.81893, VBS_stat_muon=2.37542, ele_efficiency=1.26122, ele_trigger=5.40074, fakephoton_ele=0.404084, fakephoton_muon=-0.0906933, interference=2.73213, lumi=3.82486, mu_efficiency=1.01912, mu_trigger=3.62985, non_prompt_stat_ele=6.23186, non_prompt_stat_muon=-0.000989288, others_stat_ele=4.33849, others_stat_muon=2.85378, others_xs=4.32813, param=0.847615, pdf_ele=6.93444, pdf_muon=3.88587, photon_id=6.93475, pileup=-1.52004, scale_ele=-1.4971, scale_muon=6.99658
RooProdPdf::model_s[ modelObs_s * nuisancePdf ]
     getLogVal() top-level p.d.f evaluates to zero @ !pdfs=(modelObs_s = 0/1,nuisancePdf = 1)

[#0] WARNING:Minization -- RooMinimizerFcn: Minimized function has error status.
Returning maximum FCN so far (1077.23) to force MIGRAD to back out of this region. Error log follows
Parameter values: JER_ele=0.153701, JER_muon=1.41951, JES_ele=1.37126, JES_muon=-0.119369, QCD_stat_ele=4.47624, QCD_stat_muon=1.28668, VBS_stat_ele=0.393994, VBS_stat_muon=0.0934203, ele_efficiency=0.223552, ele_trigger=1.88688, fakephoton_ele=5.93367, fakephoton_muon=-0.434709, interference=0.983618, lumi=0.916981, mu_efficiency=0.522903, mu_trigger=1.87252, non_prompt_stat_ele=4.64841, non_prompt_stat_muon=-0.852557, others_stat_ele=0.145143, others_stat_muon=0.964421, others_xs=1.44109, param=5.06345e-05, pdf_ele=4.05561, pdf_muon=0.88088, photon_id=3.05389, pileup=-1.63357, scale_ele=5.91352, scale_muon=3.78612
RooProdPdf::model_s[ modelObs_s * nuisancePdf ]
     getLogVal() top-level p.d.f evaluates to zero @ !pdfs=(modelObs_s = 0/1,nuisancePdf = 1)

[#0] WARNING:Minization -- RooMinimizerFcn: Minimized function has error status.
Returning maximum FCN so far (1077.23) to force MIGRAD to back out of this region. Error log follows
Parameter values: JER_ele=3.17637, JER_muon=2.73914, JES_ele=5.98331, JES_muon=2.04368, QCD_stat_ele=1.60356, QCD_stat_muon=5.69626, VBS_stat_ele=4.87678, VBS_stat_muon=1.26046, ele_efficiency=1.37243, ele_trigger=5.75321, fakephoton_ele=4.19947, fakephoton_muon=-0.173945, interference=2.6394, lumi=3.90733, mu_efficiency=1.0558, mu_trigger=3.72009, non_prompt_stat_ele=6.89664, non_prompt_stat_muon=-0.117103, others_stat_ele=4.7479, others_stat_muon=2.97668, others_xs=4.61362, param=1.07911e-06, pdf_ele=6.69464, pdf_muon=3.73024, photon_id=6.79352, pileup=-1.6614, scale_ele=-3.71235, scale_muon=6.98774
RooProdPdf::model_s[ modelObs_s * nuisancePdf ]
     getLogVal() top-level p.d.f evaluates to zero @ !pdfs=(modelObs_s = 0/1,nuisancePdf = 1)

[#0] WARNING:Minization -- RooMinimizerFcn: Minimized function has error status.
Returning maximum FCN so far (1077.23) to force MIGRAD to back out of this region. Error log follows
Parameter values: JER_ele=-0.648394, JER_muon=1.26188, JES_ele=0.0813572, JES_muon=-0.640946, QCD_stat_ele=1.63959, QCD_stat_muon=0.356403, VBS_stat_ele=-0.92194, VBS_stat_muon=-0.370953, ele_efficiency=-0.0472498, ele_trigger=0.935239, fakephoton_ele=6.44067, fakephoton_muon=-0.577767, interference=0.664542, lumi=0.193141, mu_efficiency=0.47097, mu_trigger=1.65922, non_prompt_stat_ele=6.70322, non_prompt_stat_muon=-1.13236, others_stat_ele=-1.09374, others_stat_muon=0.601443, others_xs=0.747662, param=0.00276752, pdf_ele=2.63439, pdf_muon=0.257395, photon_id=1.19616, pileup=-1.85855, scale_ele=3.1538, scale_muon=2.83283
RooProdPdf::model_s[ modelObs_s * nuisancePdf ]
     getLogVal() top-level p.d.f evaluates to zero @ !pdfs=(modelObs_s = 0/1,nuisancePdf = 1)

[#0] WARNING:Minization -- RooMinimizerFcn: Minimized function has error status.
Returning maximum FCN so far (1077.23) to force MIGRAD to back out of this region. Error log follows
Parameter values: JER_ele=-0.232336, JER_muon=1.29351, JES_ele=0.715417, JES_muon=-0.376733, QCD_stat_ele=3.05251, QCD_stat_muon=0.751183, VBS_stat_ele=-0.230258, VBS_stat_muon=-0.147606, ele_efficiency=0.0871538, ele_trigger=1.37488, fakephoton_ele=6.98641, fakephoton_muon=-0.492353, interference=0.792587, lumi=0.540082, mu_efficiency=0.47898, mu_trigger=1.70307, non_prompt_stat_ele=6.77677, non_prompt_stat_muon=-0.976124, others_stat_ele=-0.438818, others_stat_muon=0.749588, others_xs=1.06477, param=0.00478526, pdf_ele=3.27512, pdf_muon=0.537142, photon_id=2.07604, pileup=-1.68426, scale_ele=4.58307, scale_muon=3.19279
RooProdPdf::model_s[ modelObs_s * nuisancePdf ]
     getLogVal() top-level p.d.f evaluates to zero @ !pdfs=(modelObs_s = 0/1,nuisancePdf = 1)

[#0] WARNING:Minization -- RooMinimizerFcn: Minimized function has error status.
Returning maximum FCN so far (1077.23) to force MIGRAD to back out of this region. Error log follows
Parameter values: JER_ele=-0.70528, JER_muon=1.14546, JES_ele=-0.0869523, JES_muon=-0.718759, QCD_stat_ele=1.09546, QCD_stat_muon=0.0486077, VBS_stat_ele=-1.00588, VBS_stat_muon=-0.408355, ele_efficiency=-0.0773871, ele_trigger=0.753639, fakephoton_ele=5.81509, fakephoton_muon=-0.562709, interference=0.56734, lumi=0.0814004, mu_efficiency=0.424747, mu_trigger=1.49495, non_prompt_stat_ele=6.08743, non_prompt_stat_muon=-1.12781, others_stat_ele=-1.18696, others_stat_muon=0.479175, others_xs=0.597511, param=0.00924615, pdf_ele=2.27965, pdf_muon=0.0986774, photon_id=0.818688, pileup=-1.77074, scale_ele=2.49739, scale_muon=2.37613
RooProdPdf::model_s[ modelObs_s * nuisancePdf ]
     getLogVal() top-level p.d.f evaluates to zero @ !pdfs=(modelObs_s = 0/1,nuisancePdf = 1)

[#0] WARNING:Minization -- RooMinimizerFcn: Minimized function has error status.
Returning maximum FCN so far (1077.23) to force MIGRAD to back out of this region. Error log follows
Parameter values: JER_ele=-0.468308, JER_muon=1.20535, JES_ele=0.321168, JES_muon=-0.579007, QCD_stat_ele=2.12145, QCD_stat_muon=0.336279, VBS_stat_ele=-0.615165, VBS_stat_muon=-0.317605, ele_efficiency=0.00543296, ele_trigger=1.07286, fakephoton_ele=6.79178, fakephoton_muon=-0.538471, interference=0.666905, lumi=0.298729, mu_efficiency=0.447754, mu_trigger=1.58154, non_prompt_stat_ele=6.95758, non_prompt_stat_muon=-1.07328, others_stat_ele=-0.802827, others_stat_muon=0.589219, others_xs=0.821208, param=0.00989321, pdf_ele=2.80199, pdf_muon=0.275329, photon_id=1.42978, pileup=-1.73071, scale_ele=3.62248, scale_muon=2.72375
RooProdPdf::model_s[ modelObs_s * nuisancePdf ]
     getLogVal() top-level p.d.f evaluates to zero @ !pdfs=(modelObs_s = 0/1,nuisancePdf = 1)

[#0] WARNING:Minization -- RooMinimizerFcn: Minimized function has error status.
Returning maximum FCN so far (1077.23) to force MIGRAD to back out of this region. Error log follows
Parameter values: JER_ele=-0.646363, JER_muon=1.14962, JES_ele=0.000169533, JES_muon=-0.669027, QCD_stat_ele=1.28393, QCD_stat_muon=0.120303, VBS_stat_ele=-0.907581, VBS_stat_muon=-0.375067, ele_efficiency=-0.059009, ele_trigger=0.810467, fakephoton_ele=6.0098, fakephoton_muon=-0.549268, interference=0.585222, lumi=0.130311, mu_efficiency=0.426222, mu_trigger=1.50208, non_prompt_stat_ele=6.28159, non_prompt_stat_muon=-1.10298, others_stat_ele=-1.09317, others_stat_muon=0.504924, others_xs=0.64137, param=0.0170007, pdf_ele=2.36161, pdf_muon=0.149074, photon_id=0.947394, pileup=-1.73648, scale_ele=2.70456, scale_muon=2.44775
RooProdPdf::model_s[ modelObs_s * nuisancePdf ]
     getLogVal() top-level p.d.f evaluates to zero @ !pdfs=(modelObs_s = 0/1,nuisancePdf = 1)

[#0] WARNING:Minization -- RooMinimizerFcn: Minimized function has error status.
Returning maximum FCN so far (1077.23) to force MIGRAD to back out of this region. Error log follows
Parameter values: JER_ele=-0.309286, JER_muon=1.26477, JES_ele=0.613536, JES_muon=-0.479418, QCD_stat_ele=2.86134, QCD_stat_muon=0.585044, VBS_stat_ele=-0.36604, VBS_stat_muon=-0.284033, ele_efficiency=0.0639931, ele_trigger=1.31307, fakephoton_ele=6.9991, fakephoton_muon=-0.525417, interference=0.743711, lumi=0.454592, mu_efficiency=0.471801, mu_trigger=1.67018, non_prompt_stat_ele=6.86396, non_prompt_stat_muon=-1.03795, others_stat_ele=-0.543272, others_stat_muon=0.687535, others_xs=0.99683, param=0.0199657, pdf_ele=3.1981, pdf_muon=0.409532, photon_id=1.88335, pileup=-1.73114, scale_ele=4.40195, scale_muon=3.03407
RooProdPdf::model_s[ modelObs_s * nuisancePdf ]
     getLogVal() top-level p.d.f evaluates to zero @ !pdfs=(modelObs_s = 0/1,nuisancePdf = 1)

[#0] WARNING:Minization -- RooMinimizerFcn: Minimized function has error status.
Returning maximum FCN so far (1077.23) to force MIGRAD to back out of this region. Error log follows
Parameter values: JER_ele=-0.917198, JER_muon=1.15224, JES_ele=-0.46422, JES_muon=-0.704727, QCD_stat_ele=0.209383, QCD_stat_muon=0.109323, VBS_stat_ele=-1.28047, VBS_stat_muon=-0.480273, ele_efficiency=-0.157515, ele_trigger=0.454547, fakephoton_ele=5.47276, fakephoton_muon=-0.581393, interference=0.514026, lumi=-0.0796433, mu_efficiency=0.433113, mu_trigger=1.51581, non_prompt_stat_ele=5.67472, non_prompt_stat_muon=-1.15656, others_stat_ele=-1.40551, others_stat_muon=0.477463, others_xs=0.460726, param=0.0342345, pdf_ele=1.78037, pdf_muon=0.110095, photon_id=0.405058, pileup=-1.77406, scale_ele=1.36556, scale_muon=2.4705
RooProdPdf::model_s[ modelObs_s * nuisancePdf ]
     getLogVal() top-level p.d.f evaluates to zero @ !pdfs=(modelObs_s = 0/1,nuisancePdf = 1)

[#0] WARNING:Minization -- RooMinimizerFcn: Minimized function has error status.
Returning maximum FCN so far (1077.23) to force MIGRAD to back out of this region. Error log follows
Parameter values: JER_ele=0.39218, JER_muon=1.2333, JES_ele=1.82042, JES_muon=-0.435904, QCD_stat_ele=5.09748, QCD_stat_muon=0.524334, VBS_stat_ele=0.504475, VBS_stat_muon=-0.0802015, ele_efficiency=0.325622, ele_trigger=2.23073, fakephoton_ele=6.94414, fakephoton_muon=-0.43733, interference=0.905319, lumi=0.976408, mu_efficiency=0.444031, mu_trigger=1.60399, non_prompt_stat_ele=6.54377, non_prompt_stat_muon=-0.893052, others_stat_ele=0.161501, others_stat_muon=0.748911, others_xs=1.44194, param=0.0429589, pdf_ele=4.54413, pdf_muon=0.437222, photon_id=3.16247, pileup=-1.6626, scale_ele=6.56244, scale_muon=2.86415
RooProdPdf::model_s[ modelObs_s * nuisancePdf ]
     getLogVal() top-level p.d.f evaluates to zero @ !pdfs=(modelObs_s = 0/1,nuisancePdf = 1)

[#0] WARNING:Minization -- RooMinimizerFcn: Minimized function has error status.
Returning maximum FCN so far (1077.23) to force MIGRAD to back out of this region. Error log follows
Parameter values: JER_ele=-0.923843, JER_muon=1.05791, JES_ele=-0.42622, JES_muon=-0.919499, QCD_stat_ele=0.266113, QCD_stat_muon=-0.361698, VBS_stat_ele=-1.30606, VBS_stat_muon=-0.676865, ele_efficiency=-0.154228, ele_trigger=0.497082, fakephoton_ele=5.04113, fakephoton_muon=-0.647834, interference=0.428951, lumi=-0.177407, mu_efficiency=0.402225, mu_trigger=1.38765, non_prompt_stat_ele=5.26392, non_prompt_stat_muon=-1.28908, others_stat_ele=-1.44825, others_stat_muon=0.306891, others_xs=0.343972, param=0.0421935, pdf_ele=1.88856, pdf_muon=-0.176233, photon_id=0.217804, pileup=-1.79193, scale_ele=1.59554, scale_muon=1.95114
RooProdPdf::model_s[ modelObs_s * nuisancePdf ]
     getLogVal() top-level p.d.f evaluates to zero @ !pdfs=(modelObs_s = 0/1,nuisancePdf = 1)

[#0] WARNING:Minization -- RooMinimizerFcn: Minimized function has error status.
Returning maximum FCN so far (1077.23) to force MIGRAD to back out of this region. Error log follows
Parameter values: JER_ele=0.772885, JER_muon=1.12331, JES_ele=1.97113, JES_muon=-0.179021, QCD_stat_ele=5.23073, QCD_stat_muon=0.739307, VBS_stat_ele=0.797501, VBS_stat_muon=0.887405, ele_efficiency=0.42691, ele_trigger=2.1902, fakephoton_ele=6.97629, fakephoton_muon=0.0445853, interference=1.05618, lumi=1.49839, mu_efficiency=0.326614, mu_trigger=1.34701, non_prompt_stat_ele=6.88053, non_prompt_stat_muon=-0.0934774, others_stat_ele=0.422822, others_stat_muon=0.909279, others_xs=1.88909, param=0.0354202, pdf_ele=4.12422, pdf_muon=0.716208, photon_id=3.36334, pileup=-1.55451, scale_ele=6.23412, scale_muon=2.32794
RooProdPdf::model_s[ modelObs_s * nuisancePdf ]
     getLogVal() top-level p.d.f evaluates to zero @ !pdfs=(modelObs_s = 0/1,nuisancePdf = 1)

[#0] WARNING:Minization -- RooMinimizerFcn: Minimized function has error status.
Returning maximum FCN so far (1077.23) to force MIGRAD to back out of this region. Error log follows
Parameter values: JER_ele=-0.797237, JER_muon=1.06009, JES_ele=-0.255022, JES_muon=-0.851526, QCD_stat_ele=0.648363, QCD_stat_muon=-0.265557, VBS_stat_ele=-1.15474, VBS_stat_muon=-0.543669, ele_efficiency=-0.111766, ele_trigger=0.612249, fakephoton_ele=5.25163, fakephoton_muon=-0.587679, interference=0.476098, lumi=-0.0484535, mu_efficiency=0.394737, mu_trigger=1.38033, non_prompt_stat_ele=5.45884, non_prompt_stat_muon=-1.18607, others_stat_ele=-1.31578, others_stat_muon=0.356619, others_xs=0.460898, param=0.0469887, pdf_ele=2.03546, pdf_muon=-0.097486, photon_id=0.4553, pileup=-1.766, scale_ele=1.97637, scale_muon=1.98226
RooProdPdf::model_s[ modelObs_s * nuisancePdf ]
     getLogVal() top-level p.d.f evaluates to zero @ !pdfs=(modelObs_s = 0/1,nuisancePdf = 1)

[#0] WARNING:Minization -- RooMinimizerFcn: Minimized function has error status.
Returning maximum FCN so far (629.564) to force MIGRAD to back out of this region. Error log follows
Parameter values: JER_ele=-0.608806, JER_muon=-6.98277, JES_ele=4.80838, JES_muon=-6.31786, QCD_stat_ele=6.24358, QCD_stat_muon=5.98566, VBS_stat_ele=-2.73705, VBS_stat_muon=6.71715, ele_efficiency=-1.49427, ele_trigger=6.75184, fakephoton_ele=5.73494, fakephoton_muon=-6.73388, interference=-6.14914, lumi=1.43692, mu_efficiency=-6.91826, mu_trigger=6.8681, non_prompt_stat_ele=3.93632, non_prompt_stat_muon=1.1927, others_stat_ele=5.42493, others_stat_muon=-6.99495, others_xs=6.99731, param=1.56804, pdf_ele=-6.24048, pdf_muon=-3.52305, photon_id=6.90479, pileup=6.3577, scale_ele=-2.93166, scale_muon=6.9919
RooProdPdf::model_s[ modelObs_s * nuisancePdf ]
     getLogVal() top-level p.d.f evaluates to zero @ !pdfs=(modelObs_s = 0/1,nuisancePdf = 1)

[#0] WARNING:Minization -- RooMinimizerFcn: Minimized function has error status.
Returning maximum FCN so far (629.564) to force MIGRAD to back out of this region. Error log follows
Parameter values: JER_ele=3.94866, JER_muon=6.03153, JES_ele=1.4001, JES_muon=6.50282, QCD_stat_ele=6.9954, QCD_stat_muon=0.187332, VBS_stat_ele=5.09128, VBS_stat_muon=6.91579, ele_efficiency=-0.158167, ele_trigger=1.99938, fakephoton_ele=2.30795, fakephoton_muon=6.09353, interference=5.52902, lumi=1.74778, mu_efficiency=-1.1692, mu_trigger=3.65368, non_prompt_stat_ele=-5.34435, non_prompt_stat_muon=5.77957, others_stat_ele=3.15184, others_stat_muon=6.49873, others_xs=3.2732, param=0.181444, pdf_ele=5.19744, pdf_muon=6.91799, photon_id=6.71371, pileup=1.4875, scale_ele=5.1849, scale_muon=-0.914075
RooProdPdf::model_s[ modelObs_s * nuisancePdf ]
     getLogVal() top-level p.d.f evaluates to zero @ !pdfs=(modelObs_s = 0/1,nuisancePdf = 1)

[#0] WARNING:Minization -- RooMinimizerFcn: Minimized function has error status.
Returning maximum FCN so far (817.399) to force MIGRAD to back out of this region. Error log follows
Parameter values: JER_ele=-1.56821, JER_muon=4.08968, JES_ele=2.78749, JES_muon=6.98764, QCD_stat_ele=-0.867503, QCD_stat_muon=6.5554, VBS_stat_ele=3.47007, VBS_stat_muon=6.92988, ele_efficiency=1.03579, ele_trigger=1.56253, fakephoton_ele=4.20165, fakephoton_muon=6.49575, interference=4.04917, lumi=6.90432, mu_efficiency=4.63853, mu_trigger=6.99961, non_prompt_stat_ele=6.6673, non_prompt_stat_muon=-6.5734, others_stat_ele=2.02949, others_stat_muon=6.23907, others_xs=6.99353, param=0.122771, pdf_ele=0.0421296, pdf_muon=5.27607, photon_id=6.04898, pileup=-0.527478, scale_ele=5.66636, scale_muon=-3.23418
RooProdPdf::model_s[ modelObs_s * nuisancePdf ]
     getLogVal() top-level p.d.f evaluates to zero @ !pdfs=(modelObs_s = 0/1,nuisancePdf = 1)

[#0] WARNING:Minization -- RooMinimizerFcn: Minimized function has error status.
Returning maximum FCN so far (817.399) to force MIGRAD to back out of this region. Error log follows
Parameter values: JER_ele=3.81969, JER_muon=3.36064, JES_ele=3.38292, JES_muon=1.30314, QCD_stat_ele=6.585, QCD_stat_muon=6.9393, VBS_stat_ele=5.25914, VBS_stat_muon=5.59459, ele_efficiency=0.393376, ele_trigger=3.21916, fakephoton_ele=6.54202, fakephoton_muon=-6.8683, interference=3.14467, lumi=1.23045, mu_efficiency=-1.20219, mu_trigger=-0.0357848, non_prompt_stat_ele=6.05976, non_prompt_stat_muon=2.19856, others_stat_ele=4.65177, others_stat_muon=0.385569, others_xs=0.673276, param=0.0652108, pdf_ele=5.94503, pdf_muon=2.27352, photon_id=6.15679, pileup=0.952086, scale_ele=6.96029, scale_muon=4.89373
RooProdPdf::model_s[ modelObs_s * nuisancePdf ]
     getLogVal() top-level p.d.f evaluates to zero @ !pdfs=(modelObs_s = 0/1,nuisancePdf = 1)

[#0] WARNING:Minization -- RooMinimizerFcn: Minimized function has error status.
Returning maximum FCN so far (1028.27) to force MIGRAD to back out of this region. Error log follows
Parameter values: JER_ele=1.34282, JER_muon=0.929714, JES_ele=4.76268, JES_muon=0.985094, QCD_stat_ele=6.68989, QCD_stat_muon=3.45128, VBS_stat_ele=4.62214, VBS_stat_muon=3.22844, ele_efficiency=1.19418, ele_trigger=3.59686, fakephoton_ele=6.75469, fakephoton_muon=-3.58299, interference=1.20119, lumi=4.45607, mu_efficiency=1.72238, mu_trigger=2.34335, non_prompt_stat_ele=5.86391, non_prompt_stat_muon=-3.49382, others_stat_ele=5.11954, others_stat_muon=3.21421, others_xs=4.39212, param=0.421281, pdf_ele=4.50952, pdf_muon=2.79047, photon_id=6.19503, pileup=-0.157476, scale_ele=5.90377, scale_muon=2.41218
RooProdPdf::model_s[ modelObs_s * nuisancePdf ]
     getLogVal() top-level p.d.f evaluates to zero @ !pdfs=(modelObs_s = 0/1,nuisancePdf = 1)

[#0] WARNING:Minization -- RooMinimizerFcn: Minimized function has error status.
Returning maximum FCN so far (1028.27) to force MIGRAD to back out of this region. Error log follows
Parameter values: JER_ele=0.178206, JER_muon=-0.0459608, JES_ele=3.35443, JES_muon=1.15816, QCD_stat_ele=4.10452, QCD_stat_muon=0.846096, VBS_stat_ele=3.35171, VBS_stat_muon=1.91152, ele_efficiency=0.909066, ele_trigger=2.30313, fakephoton_ele=6.84544, fakephoton_muon=0.551256, interference=0.541685, lumi=3.84267, mu_efficiency=1.84371, mu_trigger=2.34239, non_prompt_stat_ele=3.87759, non_prompt_stat_muon=5.68328, others_stat_ele=3.26994, others_stat_muon=1.9131, others_xs=3.45066, param=0.0837677, pdf_ele=2.47565, pdf_muon=2.56859, photon_id=4.64146, pileup=-0.351124, scale_ele=6.85983, scale_muon=2.97532
RooProdPdf::model_s[ modelObs_s * nuisancePdf ]
     getLogVal() top-level p.d.f evaluates to zero @ !pdfs=(modelObs_s = 0/1,nuisancePdf = 1)

[#0] WARNING:Minization -- RooMinimizerFcn: Minimized function has error status.
Returning maximum FCN so far (1028.27) to force MIGRAD to back out of this region. Error log follows
Parameter values: JER_ele=1.90098, JER_muon=2.0172, JES_ele=5.78717, JES_muon=4.26066, QCD_stat_ele=6.99479, QCD_stat_muon=6.40283, VBS_stat_ele=5.38215, VBS_stat_muon=4.26471, ele_efficiency=1.51131, ele_trigger=4.49807, fakephoton_ele=4.95092, fakephoton_muon=1.39202, interference=2.40952, lumi=5.73684, mu_efficiency=2.39477, mu_trigger=4.52179, non_prompt_stat_ele=-5.5276, non_prompt_stat_muon=6.75794, others_stat_ele=6.20147, others_stat_muon=5.59614, others_xs=6.21708, param=0.0374589, pdf_ele=5.63825, pdf_muon=5.85664, photon_id=6.76498, pileup=-0.0467612, scale_ele=2.41622, scale_muon=6.93663
RooProdPdf::model_s[ modelObs_s * nuisancePdf ]
     getLogVal() top-level p.d.f evaluates to zero @ !pdfs=(modelObs_s = 0/1,nuisancePdf = 1)

[#0] WARNING:Minization -- RooMinimizerFcn: Minimized function has error status.
Returning maximum FCN so far (1028.27) to force MIGRAD to back out of this region. Error log follows
Parameter values: JER_ele=-0.975659, JER_muon=-0.670288, JES_ele=1.22115, JES_muon=-0.0132889, QCD_stat_ele=-0.151679, QCD_stat_muon=-1.21014, VBS_stat_ele=1.44922, VBS_stat_muon=0.937314, ele_efficiency=0.479365, ele_trigger=0.620058, fakephoton_ele=2.58235, fakephoton_muon=-0.256659, interference=-0.256955, lumi=2.60615, mu_efficiency=1.6407, mu_trigger=1.51109, non_prompt_stat_ele=5.88052, non_prompt_stat_muon=4.22485, others_stat_ele=0.57438, others_stat_muon=0.658846, others_xs=1.67429, param=1.81221e-07, pdf_ele=-0.224615, pdf_muon=1.13785, photon_id=1.18485, pileup=-0.486613, scale_ele=2.74831, scale_muon=-0.00144737
RooProdPdf::model_s[ modelObs_s * nuisancePdf ]
     getLogVal() top-level p.d.f evaluates to zero @ !pdfs=(modelObs_s = 0/1,nuisancePdf = 1)

[#0] WARNING:Minization -- RooMinimizerFcn: Minimized function has error status.
Returning maximum FCN so far (1028.27) to force MIGRAD to back out of this region. Error log follows
Parameter values: JER_ele=-0.0901462, JER_muon=0.922632, JES_ele=2.83531, JES_muon=2.81366, QCD_stat_ele=3.25056, QCD_stat_muon=4.13726, VBS_stat_ele=2.72209, VBS_stat_muon=2.90244, ele_efficiency=0.790666, ele_trigger=1.88938, fakephoton_ele=5.71229, fakephoton_muon=1.3889, interference=1.16475, lumi=4.15623, mu_efficiency=2.11981, mu_trigger=3.47514, non_prompt_stat_ele=6.67957, non_prompt_stat_muon=6.62214, others_stat_ele=2.67484, others_stat_muon=3.9372, others_xs=4.14065, param=0.0516294, pdf_ele=1.81586, pdf_muon=4.37867, photon_id=5.54401, pileup=-0.29117, scale_ele=6.32988, scale_muon=6.2021
RooProdPdf::model_s[ modelObs_s * nuisancePdf ]
     getLogVal() top-level p.d.f evaluates to zero @ !pdfs=(modelObs_s = 0/1,nuisancePdf = 1)

[#0] WARNING:Minization -- RooMinimizerFcn: Minimized function has error status.
Returning maximum FCN so far (587.594) to force MIGRAD to back out of this region. Error log follows
Parameter values: JER_ele=4.87202, JER_muon=3.17687, JES_ele=4.83396, JES_muon=5.94947, QCD_stat_ele=6.10302, QCD_stat_muon=-3.86147, VBS_stat_ele=6.96023, VBS_stat_muon=4.20631, ele_efficiency=-0.976691, ele_trigger=5.30059, fakephoton_ele=1.385, fakephoton_muon=-1.2656, interference=5.05708, lumi=4.83283, mu_efficiency=1.96759, mu_trigger=6.70478, non_prompt_stat_ele=6.61762, non_prompt_stat_muon=6.71587, others_stat_ele=1.82282, others_stat_muon=6.66891, others_xs=6.08842, param=0.0115629, pdf_ele=6.41009, pdf_muon=5.91004, photon_id=3.5656, pileup=-0.853292, scale_ele=6.64553, scale_muon=0.274794
RooProdPdf::model_s[ modelObs_s * nuisancePdf ]
     getLogVal() top-level p.d.f evaluates to zero @ !pdfs=(modelObs_s = 0/1,nuisancePdf = 1)

[#0] WARNING:Minization -- RooMinimizerFcn: Minimized function has error status.
Returning maximum FCN so far (1004.54) to force MIGRAD to back out of this region. Error log follows
Parameter values: JER_ele=0.820304, JER_muon=4.27869, JES_ele=3.13556, JES_muon=-6.7916, QCD_stat_ele=6.99393, QCD_stat_muon=-6.72755, VBS_stat_ele=1.79719, VBS_stat_muon=0.340647, ele_efficiency=1.20804, ele_trigger=1.4852, fakephoton_ele=5.11105, fakephoton_muon=6.10645, interference=6.22466, lumi=6.2046, mu_efficiency=5.57559, mu_trigger=-3.03463, non_prompt_stat_ele=3.94458, non_prompt_stat_muon=6.58866, others_stat_ele=5.66248, others_stat_muon=-4.98063, others_xs=4.55955, param=0.00100904, pdf_ele=3.56164, pdf_muon=0.328199, photon_id=-4.44713, pileup=1.80739, scale_ele=6.96625, scale_muon=6.84233
RooProdPdf::model_s[ modelObs_s * nuisancePdf ]
     getLogVal() top-level p.d.f evaluates to zero @ !pdfs=(modelObs_s = 0/1,nuisancePdf = 1)

[#0] WARNING:Minization -- RooMinimizerFcn: Minimized function has error status.
Returning maximum FCN so far (787.291) to force MIGRAD to back out of this region. Error log follows
Parameter values: JER_ele=5.76261, JER_muon=3.64427, JES_ele=6.92989, JES_muon=-4.68825, QCD_stat_ele=-2.86897, QCD_stat_muon=-6.79974, VBS_stat_ele=0.644301, VBS_stat_muon=-3.46389, ele_efficiency=2.1347, ele_trigger=6.69228, fakephoton_ele=5.31497, fakephoton_muon=4.35391, interference=4.38631, lumi=3.37101, mu_efficiency=4.73447, mu_trigger=-0.475419, non_prompt_stat_ele=6.2254, non_prompt_stat_muon=6.96757, others_stat_ele=6.79281, others_stat_muon=-1.47829, others_xs=5.03347, param=1.14527, pdf_ele=5.3801, pdf_muon=-2.73974, photon_id=2.58686, pileup=3.38975, scale_ele=-6.66582, scale_muon=-6.63732
RooProdPdf::model_s[ modelObs_s * nuisancePdf ]
     getLogVal() top-level p.d.f evaluates to zero @ !pdfs=(modelObs_s = 0/1,nuisancePdf = 1)

[#0] WARNING:Minization -- RooMinimizerFcn: Minimized function has error status.
Returning maximum FCN so far (1070.09) to force MIGRAD to back out of this region. Error log follows
Parameter values: JER_ele=6.851, JER_muon=-5.58078, JES_ele=6.34508, JES_muon=0.742443, QCD_stat_ele=-6.97111, QCD_stat_muon=5.86484, VBS_stat_ele=-0.652368, VBS_stat_muon=-0.894265, ele_efficiency=2.77681, ele_trigger=6.89902, fakephoton_ele=3.86991, fakephoton_muon=6.90665, interference=-6.04757, lumi=-6.795, mu_efficiency=6.35325, mu_trigger=6.82661, non_prompt_stat_ele=4.78528, non_prompt_stat_muon=-0.668531, others_stat_ele=2.49787, others_stat_muon=-0.153413, others_xs=-5.66454, param=2.10605, pdf_ele=2.41061, pdf_muon=6.73895, photon_id=5.89112, pileup=4.62972, scale_ele=-5.40981, scale_muon=5.93132
RooProdPdf::model_s[ modelObs_s * nuisancePdf ]
     getLogVal() top-level p.d.f evaluates to zero @ !pdfs=(modelObs_s = 0/1,nuisancePdf = 1)

[#0] WARNING:Minization -- RooMinimizerFcn: Minimized function has error status.
Returning maximum FCN so far (1070.09) to force MIGRAD to back out of this region. Error log follows
Parameter values: JER_ele=5.78272, JER_muon=-2.40524, JES_ele=5.88413, JES_muon=2.04, QCD_stat_ele=-6.26387, QCD_stat_muon=3.11562, VBS_stat_ele=-4.72235, VBS_stat_muon=6.93656, ele_efficiency=2.55463, ele_trigger=6.65095, fakephoton_ele=4.34687, fakephoton_muon=6.98995, interference=1.52555, lumi=-1.25864, mu_efficiency=6.88692, mu_trigger=2.24876, non_prompt_stat_ele=5.21185, non_prompt_stat_muon=-1.79833, others_stat_ele=-0.0785539, others_stat_muon=1.75301, others_xs=-6.53246, param=1.93768, pdf_ele=5.35511, pdf_muon=-6.9815, photon_id=-4.6556, pileup=4.38196, scale_ele=-1.24168, scale_muon=-0.744227
RooProdPdf::model_s[ modelObs_s * nuisancePdf ]
     getLogVal() top-level p.d.f evaluates to zero @ !pdfs=(modelObs_s = 0/1,nuisancePdf = 1)

[#0] WARNING:Minization -- RooMinimizerFcn: Minimized function has error status.
Returning maximum FCN so far (520.927) to force MIGRAD to back out of this region. Error log follows
Parameter values: JER_ele=5.08031, JER_muon=6.79642, JES_ele=2.8784, JES_muon=6.09108, QCD_stat_ele=6.3689, QCD_stat_muon=-6.95502, VBS_stat_ele=3.66051, VBS_stat_muon=6.83252, ele_efficiency=-0.8314, ele_trigger=6.15142, fakephoton_ele=5.25503, fakephoton_muon=4.94054, interference=6.6943, lumi=6.66775, mu_efficiency=2.5996, mu_trigger=6.8975, non_prompt_stat_ele=6.22495, non_prompt_stat_muon=5.01668, others_stat_ele=3.68375, others_stat_muon=6.99227, others_xs=6.84915, param=0.135943, pdf_ele=6.04015, pdf_muon=3.52226, photon_id=5.50953, pileup=3.22945, scale_ele=6.98467, scale_muon=-6.98438
RooProdPdf::model_s[ modelObs_s * nuisancePdf ]
     getLogVal() top-level p.d.f evaluates to zero @ !pdfs=(modelObs_s = 0/1,nuisancePdf = 1)

[#0] WARNING:Minization -- RooMinimizerFcn: Minimized function has error status.
Returning maximum FCN so far (682.891) to force MIGRAD to back out of this region. Error log follows
Parameter values: JER_ele=5.60074, JER_muon=-6.92987, JES_ele=0.861789, JES_muon=-2.84323, QCD_stat_ele=4.89062, QCD_stat_muon=3.2453, VBS_stat_ele=-5.03455, VBS_stat_muon=0.293397, ele_efficiency=6.68654, ele_trigger=0.00901067, fakephoton_ele=4.05226, fakephoton_muon=2.09168, interference=1.64749, lumi=-0.78498, mu_efficiency=-2.289, mu_trigger=-5.36578, non_prompt_stat_ele=6.97011, non_prompt_stat_muon=6.97967, others_stat_ele=-3.90162, others_stat_muon=5.07688, others_xs=6.896, param=2.10528, pdf_ele=6.98621, pdf_muon=-2.17552, photon_id=3.49852, pileup=-1.14292, scale_ele=-5.69327, scale_muon=-0.996257
RooProdPdf::model_s[ modelObs_s * nuisancePdf ]
     getLogVal() top-level p.d.f evaluates to zero @ !pdfs=(modelObs_s = 0/1,nuisancePdf = 1)

[#0] WARNING:Minization -- RooMinimizerFcn: Minimized function has error status.
Returning maximum FCN so far (682.891) to force MIGRAD to back out of this region. Error log follows
Parameter values: JER_ele=5.047, JER_muon=4.12937, JES_ele=-1.52096, JES_muon=3.4799, QCD_stat_ele=4.91368, QCD_stat_muon=-6.78978, VBS_stat_ele=6.98141, VBS_stat_muon=6.75685, ele_efficiency=-3.07112, ele_trigger=6.26028, fakephoton_ele=6.4096, fakephoton_muon=-4.44702, interference=6.68767, lumi=5.70302, mu_efficiency=0.476726, mu_trigger=0.628578, non_prompt_stat_ele=6.96816, non_prompt_stat_muon=5.14265, others_stat_ele=1.97787, others_stat_muon=-3.81076, others_xs=-3.85279, param=1.91231, pdf_ele=6.21607, pdf_muon=4.50578, photon_id=-2.49753, pileup=4.8547, scale_ele=2.15238, scale_muon=2.40991
RooProdPdf::model_s[ modelObs_s * nuisancePdf ]
     getLogVal() top-level p.d.f evaluates to zero @ !pdfs=(modelObs_s = 0/1,nuisancePdf = 1)

[#0] WARNING:Minization -- RooMinimizerFcn: Minimized function has error status.
Returning maximum FCN so far (682.891) to force MIGRAD to back out of this region. Error log follows
Parameter values: JER_ele=6.37784, JER_muon=6.39543, JES_ele=6.70844, JES_muon=-1.35766, QCD_stat_ele=-6.49546, QCD_stat_muon=6.56149, VBS_stat_ele=5.22707, VBS_stat_muon=1.77088, ele_efficiency=0.727494, ele_trigger=6.90248, fakephoton_ele=6.68481, fakephoton_muon=6.59134, interference=6.89882, lumi=6.39772, mu_efficiency=4.10098, mu_trigger=4.77793, non_prompt_stat_ele=4.8118, non_prompt_stat_muon=-6.62955, others_stat_ele=3.57013, others_stat_muon=3.24856, others_xs=3.33996, param=1.81546, pdf_ele=6.50846, pdf_muon=-6.45911, photon_id=-6.99758, pileup=2.89045, scale_ele=-4.20699, scale_muon=6.4596
RooProdPdf::model_s[ modelObs_s * nuisancePdf ]
     getLogVal() top-level p.d.f evaluates to zero @ !pdfs=(modelObs_s = 0/1,nuisancePdf = 1)

[#0] WARNING:Minization -- RooMinimizerFcn: Minimized function has error status.
Returning maximum FCN so far (682.891) to force MIGRAD to back out of this region. Error log follows
Parameter values: JER_ele=5.86298, JER_muon=6.36182, JES_ele=6.25412, JES_muon=-1.39, QCD_stat_ele=-3.47693, QCD_stat_muon=6.05885, VBS_stat_ele=4.75963, VBS_stat_muon=1.50707, ele_efficiency=0.599749, ele_trigger=6.59683, fakephoton_ele=6.98623, fakephoton_muon=6.58745, interference=6.93384, lumi=6.60432, mu_efficiency=4.13295, mu_trigger=4.62506, non_prompt_stat_ele=6.11505, non_prompt_stat_muon=-6.70576, others_stat_ele=5.43235, others_stat_muon=2.89314, others_xs=4.07389, param=2.10261, pdf_ele=6.95996, pdf_muon=-6.55218, photon_id=-6.87443, pileup=2.6784, scale_ele=-0.878907, scale_muon=6.34844
RooProdPdf::model_s[ modelObs_s * nuisancePdf ]
     getLogVal() top-level p.d.f evaluates to zero @ !pdfs=(modelObs_s = 0/1,nuisancePdf = 1)

[#0] WARNING:Minization -- RooMinimizerFcn: Minimized function has error status.
Returning maximum FCN so far (682.891) to force MIGRAD to back out of this region. Error log follows
Parameter values: JER_ele=5.01674, JER_muon=6.93857, JES_ele=5.04415, JES_muon=2.16372, QCD_stat_ele=2.82918, QCD_stat_muon=4.83203, VBS_stat_ele=3.60714, VBS_stat_muon=4.21415, ele_efficiency=0.227706, ele_trigger=5.85532, fakephoton_ele=6.50368, fakephoton_muon=6.99724, interference=6.95531, lumi=6.99992, mu_efficiency=3.55264, mu_trigger=6.26554, non_prompt_stat_ele=6.99162, non_prompt_stat_muon=-6.15838, others_stat_ele=6.9319, others_stat_muon=5.36687, others_xs=6.18887, param=1.98052, pdf_ele=6.69017, pdf_muon=-3.54508, photon_id=-3.51599, pileup=2.41588, scale_ele=4.61455, scale_muon=4.3672
RooProdPdf::model_s[ modelObs_s * nuisancePdf ]
     getLogVal() top-level p.d.f evaluates to zero @ !pdfs=(modelObs_s = 0/1,nuisancePdf = 1)

[#0] WARNING:Minization -- RooMinimizerFcn: Minimized function has error status.
Returning maximum FCN so far (991.94) to force MIGRAD to back out of this region. Error log follows
Parameter values: JER_ele=2.31672, JER_muon=3.81476, JES_ele=0.48992, JES_muon=5.18763, QCD_stat_ele=3.43925, QCD_stat_muon=5.81952, VBS_stat_ele=-0.117685, VBS_stat_muon=5.17297, ele_efficiency=-0.730199, ele_trigger=2.85049, fakephoton_ele=1.08579, fakephoton_muon=3.00491, interference=3.57689, lumi=3.10318, mu_efficiency=1.02795, mu_trigger=3.54969, non_prompt_stat_ele=1.54172, non_prompt_stat_muon=6.8501, others_stat_ele=2.80403, others_stat_muon=3.33453, others_xs=3.67661, param=1.4584, pdf_ele=1.95555, pdf_muon=6.10875, photon_id=5.30546, pileup=1.64249, scale_ele=2.57265, scale_muon=6.51742
RooProdPdf::model_s[ modelObs_s * nuisancePdf ]
     getLogVal() top-level p.d.f evaluates to zero @ !pdfs=(modelObs_s = 0/1,nuisancePdf = 1)

[#0] WARNING:Minization -- RooMinimizerFcn: Minimized function has error status.
Returning maximum FCN so far (991.94) to force MIGRAD to back out of this region. Error log follows
Parameter values: JER_ele=3.6693, JER_muon=6.79623, JES_ele=2.89376, JES_muon=5.48776, QCD_stat_ele=6.99968, QCD_stat_muon=-4.70137, VBS_stat_ele=1.38733, VBS_stat_muon=6.81741, ele_efficiency=-0.266654, ele_trigger=4.46454, fakephoton_ele=4.18192, fakephoton_muon=6.62431, interference=6.30087, lumi=6.37611, mu_efficiency=2.81657, mu_trigger=7, non_prompt_stat_ele=5.15016, non_prompt_stat_muon=-1.35623, others_stat_ele=6.03961, others_stat_muon=6.87937, others_xs=6.98782, param=0.725151, pdf_ele=4.77606, pdf_muon=2.0525, photon_id=3.50801, pileup=2.11257, scale_ele=6.85458, scale_muon=-5.22453
RooProdPdf::model_s[ modelObs_s * nuisancePdf ]
     getLogVal() top-level p.d.f evaluates to zero @ !pdfs=(modelObs_s = 0/1,nuisancePdf = 1)

[#0] WARNING:Minization -- RooMinimizerFcn: Minimized function has error status.
Returning maximum FCN so far (991.94) to force MIGRAD to back out of this region. Error log follows
Parameter values: JER_ele=5.14556, JER_muon=5.99053, JES_ele=5.42086, JES_muon=-3.77335, QCD_stat_ele=1.3599, QCD_stat_muon=1.39591, VBS_stat_ele=3.12309, VBS_stat_muon=2.54313, ele_efficiency=0.338247, ele_trigger=6.02794, fakephoton_ele=6.72863, fakephoton_muon=5.98265, interference=6.91881, lumi=6.65444, mu_efficiency=4.47387, mu_trigger=3.21957, non_prompt_stat_ele=6.98173, non_prompt_stat_muon=-5.01924, others_stat_ele=6.7145, others_stat_muon=0.523569, others_xs=3.83381, param=0.670488, pdf_ele=6.83126, pdf_muon=-6.9995, photon_id=-6.94559, pileup=2.61248, scale_ele=3.28514, scale_muon=1.34231
RooProdPdf::model_s[ modelObs_s * nuisancePdf ]
     getLogVal() top-level p.d.f evaluates to zero @ !pdfs=(modelObs_s = 0/1,nuisancePdf = 1)

[#0] WARNING:Minization -- RooMinimizerFcn: Minimized function has error status.
Returning maximum FCN so far (991.94) to force MIGRAD to back out of this region. Error log follows
Parameter values: JER_ele=-5.19449, JER_muon=4.99561, JES_ele=-6.53441, JES_muon=-1.87159, QCD_stat_ele=4.92234, QCD_stat_muon=6.24249, VBS_stat_ele=-6.60431, VBS_stat_muon=-1.86273, ele_efficiency=-1.46981, ele_trigger=-5.68115, fakephoton_ele=-6.89395, fakephoton_muon=6.5749, interference=-0.128846, lumi=0.808291, mu_efficiency=-6.73777, mu_trigger=6.48856, non_prompt_stat_ele=-5.5118, non_prompt_stat_muon=6.5079, others_stat_ele=-4.43269, others_stat_muon=4.97566, others_xs=4.99647, param=0.124662, pdf_ele=-6.97052, pdf_muon=-2.07986, photon_id=-5.08539, pileup=-2.28399, scale_ele=2.08677, scale_muon=5.92044
RooProdPdf::model_s[ modelObs_s * nuisancePdf ]
     getLogVal() top-level p.d.f evaluates to zero @ !pdfs=(modelObs_s = 0/1,nuisancePdf = 1)

[#0] WARNING:Minization -- RooMinimizerFcn: Minimized function has error status.
Returning maximum FCN so far (991.94) to force MIGRAD to back out of this region. Error log follows
Parameter values: JER_ele=2.86811, JER_muon=4.81086, JES_ele=1.40262, JES_muon=6.71765, QCD_stat_ele=5.69474, QCD_stat_muon=0.000861943, VBS_stat_ele=-0.708361, VBS_stat_muon=4.95913, ele_efficiency=-0.639003, ele_trigger=3.5726, fakephoton_ele=2.26106, fakephoton_muon=4.35353, interference=4.25705, lumi=4.17505, mu_efficiency=1.54487, mu_trigger=5.10281, non_prompt_stat_ele=2.98297, non_prompt_stat_muon=6.46227, others_stat_ele=4.50134, others_stat_muon=5.60875, others_xs=5.5786, param=0.0139612, pdf_ele=3.0005, pdf_muon=6.98763, photon_id=6.81563, pileup=1.88337, scale_ele=4.85344, scale_muon=1.22482
RooProdPdf::model_s[ modelObs_s * nuisancePdf ]
     getLogVal() top-level p.d.f evaluates to zero @ !pdfs=(modelObs_s = 0/1,nuisancePdf = 1)

[#0] WARNING:Minization -- RooMinimizerFcn: Minimized function has error status.
Returning maximum FCN so far (477.636) to force MIGRAD to back out of this region. Error log follows
Parameter values: JER_ele=6.1875, JER_muon=6.84716, JES_ele=-3.97976, JES_muon=-6.91797, QCD_stat_ele=-6.85424, QCD_stat_muon=-1.38731, VBS_stat_ele=5.63981, VBS_stat_muon=-5.43911, ele_efficiency=6.73965, ele_trigger=4.99524, fakephoton_ele=6.68245, fakephoton_muon=2.1595, interference=6.08107, lumi=6.76135, mu_efficiency=6.61523, mu_trigger=2.34785, non_prompt_stat_ele=5.22646, non_prompt_stat_muon=-6.32517, others_stat_ele=2.66552, others_stat_muon=-0.310935, others_xs=5.34449, param=1.74264, pdf_ele=5.77945, pdf_muon=0.692705, photon_id=-6.83268, pileup=5.44577, scale_ele=1.67321, scale_muon=-5.00255
RooProdPdf::model_s[ modelObs_s * nuisancePdf ]
     getLogVal() top-level p.d.f evaluates to zero @ !pdfs=(modelObs_s = 0/1,nuisancePdf = 1)

[#0] WARNING:Minization -- RooMinimizerFcn: Minimized function has error status.
Returning maximum FCN so far (810.847) to force MIGRAD to back out of this region. Error log follows
Parameter values: JER_ele=3.15483, JER_muon=6.2558, JES_ele=-1.03142, JES_muon=-1.63226, QCD_stat_ele=6.86856, QCD_stat_muon=-6.93043, VBS_stat_ele=4.17125, VBS_stat_muon=-3.4666, ele_efficiency=1.69295, ele_trigger=2.41094, fakephoton_ele=4.81318, fakephoton_muon=6.8995, interference=6.85467, lumi=6.9256, mu_efficiency=5.09771, mu_trigger=3.62873, non_prompt_stat_ele=5.22841, non_prompt_stat_muon=-5.04773, others_stat_ele=4.01738, others_stat_muon=4.22807, others_xs=6.98607, param=1.9315, pdf_ele=3.80181, pdf_muon=-6.78057, photon_id=-6.03131, pileup=1.73628, scale_ele=4.32806, scale_muon=3.06474
RooProdPdf::model_s[ modelObs_s * nuisancePdf ]
     getLogVal() top-level p.d.f evaluates to zero @ !pdfs=(modelObs_s = 0/1,nuisancePdf = 1)

[#0] WARNING:Minization -- RooMinimizerFcn: Minimized function has error status.
Returning maximum FCN so far (810.847) to force MIGRAD to back out of this region. Error log follows
Parameter values: JER_ele=2.25206, JER_muon=4.59464, JES_ele=-1.15692, JES_muon=6.89418, QCD_stat_ele=6.3391, QCD_stat_muon=-6.40167, VBS_stat_ele=1.10349, VBS_stat_muon=6.82883, ele_efficiency=1.49854, ele_trigger=1.55866, fakephoton_ele=3.68096, fakephoton_muon=4.9133, interference=2.92948, lumi=3.65808, mu_efficiency=2.86144, mu_trigger=5.80829, non_prompt_stat_ele=3.72776, non_prompt_stat_muon=6.99847, others_stat_ele=2.8122, others_stat_muon=6.11728, others_xs=4.83919, param=0.327326, pdf_ele=2.21963, pdf_muon=6.45621, photon_id=6.98236, pileup=1.17364, scale_ele=2.23033, scale_muon=-2.44109
RooProdPdf::model_s[ modelObs_s * nuisancePdf ]
     getLogVal() top-level p.d.f evaluates to zero @ !pdfs=(modelObs_s = 0/1,nuisancePdf = 1)

[#0] WARNING:Minization -- RooMinimizerFcn: Minimized function has error status.
Returning maximum FCN so far (887.123) to force MIGRAD to back out of this region. Error log follows
Parameter values: JER_ele=4.24822, JER_muon=5.79762, JES_ele=1.50785, JES_muon=6.70825, QCD_stat_ele=1.0631, QCD_stat_muon=-5.74398, VBS_stat_ele=3.87254, VBS_stat_muon=6.80452, ele_efficiency=2.13123, ele_trigger=4.0172, fakephoton_ele=6.99999, fakephoton_muon=5.80142, interference=4.42828, lumi=5.6023, mu_efficiency=3.40866, mu_trigger=6.79815, non_prompt_stat_ele=6.83573, non_prompt_stat_muon=6.28362, others_stat_ele=6.24187, others_stat_muon=6.97941, others_xs=6.69027, param=0.601954, pdf_ele=5.8424, pdf_muon=3.66604, photon_id=3.25243, pileup=1.42281, scale_ele=6.97618, scale_muon=-6.94836
RooProdPdf::model_s[ modelObs_s * nuisancePdf ]
     getLogVal() top-level p.d.f evaluates to zero @ !pdfs=(modelObs_s = 0/1,nuisancePdf = 1)

[#0] WARNING:Minization -- RooMinimizerFcn: Minimized function has error status.
Returning maximum FCN so far (887.123) to force MIGRAD to back out of this region. Error log follows
Parameter values: JER_ele=2.97803, JER_muon=4.16539, JES_ele=-1.31818, JES_muon=6.17385, QCD_stat_ele=6.93264, QCD_stat_muon=1.45297, VBS_stat_ele=3.69919, VBS_stat_muon=6.48052, ele_efficiency=1.79478, ele_trigger=2.05691, fakephoton_ele=5.02128, fakephoton_muon=4.10262, interference=3.43791, lumi=3.99009, mu_efficiency=2.72384, mu_trigger=4.94155, non_prompt_stat_ele=5.34751, non_prompt_stat_muon=6.32979, others_stat_ele=3.28164, others_stat_muon=5.05686, others_xs=4.20748, param=1.69262, pdf_ele=3.16968, pdf_muon=6.93194, photon_id=6.96898, pileup=1.24101, scale_ele=2.93259, scale_muon=4.47072
RooProdPdf::model_s[ modelObs_s * nuisancePdf ]
     getLogVal() top-level p.d.f evaluates to zero @ !pdfs=(modelObs_s = 0/1,nuisancePdf = 1)

[#0] WARNING:Minization -- RooMinimizerFcn: Minimized function has error status.
Returning maximum FCN so far (887.123) to force MIGRAD to back out of this region. Error log follows
Parameter values: JER_ele=3.02895, JER_muon=3.89025, JES_ele=-0.638713, JES_muon=6.09311, QCD_stat_ele=6.99733, QCD_stat_muon=-2.51978, VBS_stat_ele=3.34088, VBS_stat_muon=6.93577, ele_efficiency=1.77149, ele_trigger=2.33896, fakephoton_ele=5.39706, fakephoton_muon=4.00356, interference=2.78379, lumi=3.53868, mu_efficiency=2.56555, mu_trigger=4.78729, non_prompt_stat_ele=5.72122, non_prompt_stat_muon=6.30647, others_stat_ele=3.78947, others_stat_muon=4.33688, others_xs=3.98294, param=1.73036, pdf_ele=3.57494, pdf_muon=6.99085, photon_id=6.99422, pileup=1.18518, scale_ele=3.95102, scale_muon=3.21066
RooProdPdf::model_s[ modelObs_s * nuisancePdf ]
     getLogVal() top-level p.d.f evaluates to zero @ !pdfs=(modelObs_s = 0/1,nuisancePdf = 1)

[#0] WARNING:Minization -- RooMinimizerFcn: Minimized function has error status.
Returning maximum FCN so far (887.123) to force MIGRAD to back out of this region. Error log follows
Parameter values: JER_ele=1.97819, JER_muon=1.39168, JES_ele=-1.64757, JES_muon=3.77697, QCD_stat_ele=5.68346, QCD_stat_muon=6.84139, VBS_stat_ele=0.172894, VBS_stat_muon=3.21302, ele_efficiency=1.45791, ele_trigger=1.20258, fakephoton_ele=3.01971, fakephoton_muon=2.64721, interference=0.427302, lumi=1.30802, mu_efficiency=1.82643, mu_trigger=2.22524, non_prompt_stat_ele=2.89311, non_prompt_stat_muon=3.85595, others_stat_ele=2.28873, others_stat_muon=2.61875, others_xs=2.39472, param=0.132164, pdf_ele=1.5766, pdf_muon=4.91309, photon_id=4.2241, pileup=0.955626, scale_ele=1.16248, scale_muon=6.78835
RooProdPdf::model_s[ modelObs_s * nuisancePdf ]
     getLogVal() top-level p.d.f evaluates to zero @ !pdfs=(modelObs_s = 0/1,nuisancePdf = 1)

[#0] WARNING:Minization -- RooMinimizerFcn: Minimized function has error status.
Returning maximum FCN so far (887.123) to force MIGRAD to back out of this region. Error log follows
Parameter values: JER_ele=2.38028, JER_muon=2.26716, JES_ele=-1.03535, JES_muon=4.96288, QCD_stat_ele=6.76053, QCD_stat_muon=4.54702, VBS_stat_ele=0.828053, VBS_stat_muon=4.2584, ele_efficiency=1.55462, ele_trigger=1.7304, fakephoton_ele=4.25757, fakephoton_muon=3.26322, interference=1.13007, lumi=2.12468, mu_efficiency=2.07739, mu_trigger=3.32163, non_prompt_stat_ele=4.40862, non_prompt_stat_muon=5.16746, others_stat_ele=3.14974, others_stat_muon=3.7165, others_xs=3.35732, param=0.224818, pdf_ele=2.48055, pdf_muon=6.17191, photon_id=5.90468, pileup=1.02014, scale_ele=2.79185, scale_muon=6.59562
RooProdPdf::model_s[ modelObs_s * nuisancePdf ]
     getLogVal() top-level p.d.f evaluates to zero @ !pdfs=(modelObs_s = 0/1,nuisancePdf = 1)

[#0] WARNING:Minization -- RooMinimizerFcn: Minimized function has error status.
Returning maximum FCN so far (887.123) to force MIGRAD to back out of this region. Error log follows
Parameter values: JER_ele=-6.04431, JER_muon=-3.24096, JES_ele=-6.49999, JES_muon=6.96173, QCD_stat_ele=-4.46773, QCD_stat_muon=-5.48448, VBS_stat_ele=-6.85046, VBS_stat_muon=-3.67499, ele_efficiency=-1.27031, ele_trigger=-6.95247, fakephoton_ele=6.57228, fakephoton_muon=-6.20544, interference=-6.66395, lumi=-5.36813, mu_efficiency=-4.51923, mu_trigger=3.05063, non_prompt_stat_ele=5.04615, non_prompt_stat_muon=5.40953, others_stat_ele=-3.69648, others_stat_muon=3.47082, others_xs=-0.564897, param=2.07823, pdf_ele=-3.90082, pdf_muon=0.752113, photon_id=-6.03972, pileup=-0.964627, scale_ele=6.71915, scale_muon=-2.63778
RooProdPdf::model_s[ modelObs_s * nuisancePdf ]
     getLogVal() top-level p.d.f evaluates to zero @ !pdfs=(modelObs_s = 0/1,nuisancePdf = 1)

[#0] WARNING:Minization -- RooMinimizerFcn: Minimized function has error status.
Returning maximum FCN so far (887.123) to force MIGRAD to back out of this region. Error log follows
Parameter values: JER_ele=2.09908, JER_muon=1.68234, JES_ele=-1.8222, JES_muon=3.56812, QCD_stat_ele=5.59079, QCD_stat_muon=6.45857, VBS_stat_ele=0.994375, VBS_stat_muon=4.71389, ele_efficiency=1.52204, ele_trigger=1.20669, fakephoton_ele=3.74879, fakephoton_muon=2.5987, interference=0.746016, lumi=1.41098, mu_efficiency=1.89087, mu_trigger=2.26181, non_prompt_stat_ele=3.91218, non_prompt_stat_muon=3.71656, others_stat_ele=2.08532, others_stat_muon=1.83121, others_xs=1.85646, param=1.83484, pdf_ele=1.65496, pdf_muon=5.18886, photon_id=4.5151, pileup=0.997168, scale_ele=1.04634, scale_muon=6.82444
RooProdPdf::model_s[ modelObs_s * nuisancePdf ]
     getLogVal() top-level p.d.f evaluates to zero @ !pdfs=(modelObs_s = 0/1,nuisancePdf = 1)

[#0] WARNING:Minization -- RooMinimizerFcn: Minimized function has error status.
Returning maximum FCN so far (887.123) to force MIGRAD to back out of this region. Error log follows
Parameter values: JER_ele=3.87075, JER_muon=5.28313, JES_ele=0.926367, JES_muon=6.966, QCD_stat_ele=3.57786, QCD_stat_muon=-6.06043, VBS_stat_ele=3.22338, VBS_stat_muon=6.9345, ele_efficiency=2.04281, ele_trigger=3.56618, fakephoton_ele=6.9739, fakephoton_muon=5.4233, interference=3.71689, lumi=4.90451, mu_efficiency=3.19612, mu_trigger=6.47016, non_prompt_stat_ele=6.94996, non_prompt_stat_muon=6.80785, others_stat_ele=5.7139, others_stat_muon=6.59375, others_xs=6.14181, param=1.14971, pdf_ele=5.27962, pdf_muon=5.09916, photon_id=4.75073, pileup=1.36707, scale_ele=6.69518, scale_muon=-6.36786
RooProdPdf::model_s[ modelObs_s * nuisancePdf ]
     getLogVal() top-level p.d.f evaluates to zero @ !pdfs=(modelObs_s = 0/1,nuisancePdf = 1)

[#0] WARNING:Minization -- RooMinimizerFcn: Minimized function has error status.
Returning maximum FCN so far (887.123) to force MIGRAD to back out of this region. Error log follows
Parameter values: JER_ele=2.56071, JER_muon=2.23396, JES_ele=-0.845934, JES_muon=5.20874, QCD_stat_ele=6.98559, QCD_stat_muon=4.06174, VBS_stat_ele=0.603012, VBS_stat_muon=3.55721, ele_efficiency=1.63435, ele_trigger=1.95647, fakephoton_ele=4.61381, fakephoton_muon=3.43636, interference=1.02054, lumi=2.18456, mu_efficiency=2.13749, mu_trigger=3.44897, non_prompt_stat_ele=4.81322, non_prompt_stat_muon=5.44017, others_stat_ele=3.58955, others_stat_muon=4.04203, others_xs=3.71233, param=0.118906, pdf_ele=2.81234, pdf_muon=6.24947, photon_id=6.16311, pileup=1.05576, scale_ele=3.44756, scale_muon=6.21798
RooProdPdf::model_s[ modelObs_s * nuisancePdf ]
     getLogVal() top-level p.d.f evaluates to zero @ !pdfs=(modelObs_s = 0/1,nuisancePdf = 1)

[#0] WARNING:Minization -- RooMinimizerFcn: Minimized function has error status.
Returning maximum FCN so far (44.7168) to force MIGRAD to back out of this region. Error log follows
Parameter values: JER_ele=4.57815, JER_muon=1.83524, JES_ele=5.64308, JES_muon=2.15573, QCD_stat_ele=-6.55605, QCD_stat_muon=2.80782, VBS_stat_ele=6.91963, VBS_stat_muon=6.50224, ele_efficiency=6.67732, ele_trigger=6.44819, fakephoton_ele=6.08679, fakephoton_muon=6.97991, interference=-6.82479, lumi=6.90421, mu_efficiency=-2.88526, mu_trigger=-5.65001, non_prompt_stat_ele=6.49569, non_prompt_stat_muon=3.75456, others_stat_ele=-6.1479, others_stat_muon=6.99996, others_xs=4.14071, param=1.93901, pdf_ele=5.41926, pdf_muon=-6.4982, photon_id=-6.80053, pileup=-2.05112, scale_ele=-5.0338, scale_muon=-3.66066
RooProdPdf::model_s[ modelObs_s * nuisancePdf ]
     getLogVal() top-level p.d.f evaluates to zero @ !pdfs=(modelObs_s = 0/1,nuisancePdf = 1)

[#0] WARNING:Minization -- RooMinimizerFcn: Minimized function has error status.
Returning maximum FCN so far (659.047) to force MIGRAD to back out of this region. Error log follows
Parameter values: JER_ele=0.522671, JER_muon=6.91854, JES_ele=4.70528, JES_muon=6.84371, QCD_stat_ele=6.59011, QCD_stat_muon=1.29611, VBS_stat_ele=4.78063, VBS_stat_muon=3.93787, ele_efficiency=-3.62546, ele_trigger=3.71695, fakephoton_ele=4.82, fakephoton_muon=1.3062, interference=6.20059, lumi=5.98187, mu_efficiency=1.03817, mu_trigger=4.47215, non_prompt_stat_ele=6.617, non_prompt_stat_muon=5.10345, others_stat_ele=5.03096, others_stat_muon=4.62624, others_xs=6.06131, param=0.0668115, pdf_ele=5.75087, pdf_muon=0.784922, photon_id=6.99885, pileup=0.479543, scale_ele=5.9823, scale_muon=-2.7439
RooProdPdf::model_s[ modelObs_s * nuisancePdf ]
     getLogVal() top-level p.d.f evaluates to zero @ !pdfs=(modelObs_s = 0/1,nuisancePdf = 1)

[#0] WARNING:Minization -- RooMinimizerFcn: Minimized function has error status.
Returning maximum FCN so far (696.355) to force MIGRAD to back out of this region. Error log follows
Parameter values: JER_ele=1.43203, JER_muon=5.4867, JES_ele=2.72048, JES_muon=6.99762, QCD_stat_ele=4.88659, QCD_stat_muon=0.693012, VBS_stat_ele=3.71918, VBS_stat_muon=6.96662, ele_efficiency=0.171705, ele_trigger=2.14627, fakephoton_ele=6.89488, fakephoton_muon=2.81389, interference=5.27232, lumi=5.35525, mu_efficiency=2.04683, mu_trigger=6.42834, non_prompt_stat_ele=6.35441, non_prompt_stat_muon=6.05635, others_stat_ele=4.69689, others_stat_muon=6.16326, others_xs=5.67368, param=0.280297, pdf_ele=3.36324, pdf_muon=5.93605, photon_id=6.20395, pileup=0.533599, scale_ele=5.81285, scale_muon=-6.88349
RooProdPdf::model_s[ modelObs_s * nuisancePdf ]
     getLogVal() top-level p.d.f evaluates to zero @ !pdfs=(modelObs_s = 0/1,nuisancePdf = 1)

[#0] WARNING:Minization -- RooMinimizerFcn: Minimized function has error status.
Returning maximum FCN so far (696.355) to force MIGRAD to back out of this region. Error log follows
Parameter values: JER_ele=-0.0323032, JER_muon=5.04735, JES_ele=2.18898, JES_muon=5.44659, QCD_stat_ele=2.95492, QCD_stat_muon=6.67975, VBS_stat_ele=1.97231, VBS_stat_muon=1.67025, ele_efficiency=-1.92476, ele_trigger=1.62722, fakephoton_ele=2.38048, fakephoton_muon=0.544004, interference=3.48634, lumi=3.24771, mu_efficiency=0.477607, mu_trigger=2.2298, non_prompt_stat_ele=4.00577, non_prompt_stat_muon=2.61279, others_stat_ele=2.70232, others_stat_muon=2.36186, others_xs=3.48115, param=1.01661, pdf_ele=2.66547, pdf_muon=6.92781, photon_id=4.41755, pileup=0.216138, scale_ele=2.58046, scale_muon=6.82968
RooProdPdf::model_s[ modelObs_s * nuisancePdf ]
     getLogVal() top-level p.d.f evaluates to zero @ !pdfs=(modelObs_s = 0/1,nuisancePdf = 1)

[#0] WARNING:Minization -- RooMinimizerFcn: Minimized function has error status.
Returning maximum FCN so far (696.355) to force MIGRAD to back out of this region. Error log follows
Parameter values: JER_ele=2.41822, JER_muon=1.11555, JES_ele=0.517766, JES_muon=6.98827, QCD_stat_ele=1.83094, QCD_stat_muon=1.02996, VBS_stat_ele=2.44056, VBS_stat_muon=4.249, ele_efficiency=3.86093, ele_trigger=0.489945, fakephoton_ele=4.87569, fakephoton_muon=4.48392, interference=4.23564, lumi=4.81029, mu_efficiency=3.1287, mu_trigger=6.9275, non_prompt_stat_ele=-0.350551, non_prompt_stat_muon=6.88812, others_stat_ele=4.79072, others_stat_muon=6.97175, others_xs=5.46519, param=0.017174, pdf_ele=0.224189, pdf_muon=6.96925, photon_id=2.86631, pileup=0.612455, scale_ele=5.86242, scale_muon=-2.79337
RooProdPdf::model_s[ modelObs_s * nuisancePdf ]
     getLogVal() top-level p.d.f evaluates to zero @ !pdfs=(modelObs_s = 0/1,nuisancePdf = 1)

[#0] WARNING:Minization -- RooMinimizerFcn: Minimized function has error status.
Returning maximum FCN so far (696.355) to force MIGRAD to back out of this region. Error log follows
Parameter values: JER_ele=2.34085, JER_muon=-6.82994, JES_ele=-5.55134, JES_muon=-3.93033, QCD_stat_ele=-6.99988, QCD_stat_muon=-6.19721, VBS_stat_ele=0.214977, VBS_stat_muon=-0.311024, ele_efficiency=6.80547, ele_trigger=-4.18907, fakephoton_ele=6.88013, fakephoton_muon=3.49789, interference=-2.5514, lumi=-1.81769, mu_efficiency=2.27425, mu_trigger=6.25259, non_prompt_stat_ele=6.57617, non_prompt_stat_muon=3.47338, others_stat_ele=-0.23026, others_stat_muon=3.99396, others_xs=-2.49083, param=1.71799, pdf_ele=-6.53527, pdf_muon=-6.9153, photon_id=6.64459, pileup=0.0779098, scale_ele=-3.17542, scale_muon=6.03546
RooProdPdf::model_s[ modelObs_s * nuisancePdf ]
     getLogVal() top-level p.d.f evaluates to zero @ !pdfs=(modelObs_s = 0/1,nuisancePdf = 1)

[#0] WARNING:Minization -- RooMinimizerFcn: Minimized function has error status.
Returning maximum FCN so far (696.355) to force MIGRAD to back out of this region. Error log follows
Parameter values: JER_ele=-2.208, JER_muon=-4.40953, JES_ele=-5.57378, JES_muon=-5.20339, QCD_stat_ele=-4.82732, QCD_stat_muon=-3.7053, VBS_stat_ele=-3.73688, VBS_stat_muon=5.43244, ele_efficiency=1.40267, ele_trigger=-4.5743, fakephoton_ele=6.92529, fakephoton_muon=0.214863, interference=-2.14096, lumi=-3.40806, mu_efficiency=-0.196137, mu_trigger=-1.16548, non_prompt_stat_ele=3.51463, non_prompt_stat_muon=-0.851758, others_stat_ele=-5.02961, others_stat_muon=-2.67887, others_xs=-4.71731, param=2.08177, pdf_ele=-6.67875, pdf_muon=-5.78451, photon_id=-6.0763, pileup=-0.339845, scale_ele=-6.83242, scale_muon=-6.56289
RooProdPdf::model_s[ modelObs_s * nuisancePdf ]
     getLogVal() top-level p.d.f evaluates to zero @ !pdfs=(modelObs_s = 0/1,nuisancePdf = 1)

[#0] WARNING:Minization -- RooMinimizerFcn: Minimized function has error status.
Returning maximum FCN so far (696.355) to force MIGRAD to back out of this region. Error log follows
Parameter values: JER_ele=2.95853, JER_muon=6.87205, JES_ele=6.35438, JES_muon=5.24886, QCD_stat_ele=2.16752, QCD_stat_muon=-6.88798, VBS_stat_ele=6.90345, VBS_stat_muon=5.21966, ele_efficiency=-2.71901, ele_trigger=5.6002, fakephoton_ele=1.90055, fakephoton_muon=1.22041, interference=6.64986, lumi=6.8174, mu_efficiency=1.66411, mu_trigger=6.13956, non_prompt_stat_ele=5.5485, non_prompt_stat_muon=5.02629, others_stat_ele=6.88868, others_stat_muon=6.172, others_xs=6.95506, param=1.76119, pdf_ele=6.98761, pdf_muon=-0.282931, photon_id=3.54561, pileup=0.741677, scale_ele=6.69403, scale_muon=-6.67013
RooProdPdf::model_s[ modelObs_s * nuisancePdf ]
     getLogVal() top-level p.d.f evaluates to zero @ !pdfs=(modelObs_s = 0/1,nuisancePdf = 1)

[#0] WARNING:Minization -- RooMinimizerFcn: Minimized function has error status.
Returning maximum FCN so far (696.355) to force MIGRAD to back out of this region. Error log follows
Parameter values: JER_ele=-1.48744, JER_muon=6.95123, JES_ele=-2.01236, JES_muon=3.79291, QCD_stat_ele=-5.5393, QCD_stat_muon=-6.8927, VBS_stat_ele=-0.399337, VBS_stat_muon=6.32261, ele_efficiency=-1.44577, ele_trigger=-1.51458, fakephoton_ele=-6.20937, fakephoton_muon=4.26972, interference=6.47477, lumi=5.5142, mu_efficiency=3.04823, mu_trigger=6.84201, non_prompt_stat_ele=-6.98876, non_prompt_stat_muon=6.96303, others_stat_ele=-1.78067, others_stat_muon=6.99719, others_xs=5.31538, param=1.55351, pdf_ele=-2.59851, pdf_muon=-1.52548, photon_id=5.56188, pileup=0.571188, scale_ele=-5.76469, scale_muon=5.83151
RooProdPdf::model_s[ modelObs_s * nuisancePdf ]
     getLogVal() top-level p.d.f evaluates to zero @ !pdfs=(modelObs_s = 0/1,nuisancePdf = 1)

[#0] WARNING:Minization -- RooMinimizerFcn: Minimized function has error status.
Returning maximum FCN so far (817.069) to force MIGRAD to back out of this region. Error log follows
Parameter values: JER_ele=-0.249126, JER_muon=4.15597, JES_ele=1.11638, JES_muon=5.31269, QCD_stat_ele=0.944303, QCD_stat_muon=6.90793, VBS_stat_ele=1.0139, VBS_stat_muon=2.51178, ele_efficiency=-1.34289, ele_trigger=0.797456, fakephoton_ele=2.07133, fakephoton_muon=0.752292, interference=3.04094, lumi=2.69435, mu_efficiency=0.663869, mu_trigger=2.83347, non_prompt_stat_ele=3.47199, non_prompt_stat_muon=2.72056, others_stat_ele=1.75831, others_stat_muon=2.50231, others_xs=2.8524, param=0.0130956, pdf_ele=1.24472, pdf_muon=6.57603, photon_id=4.61287, pileup=0.198719, scale_ele=0.94537, scale_muon=6.04389
RooProdPdf::model_s[ modelObs_s * nuisancePdf ]
     getLogVal() top-level p.d.f evaluates to zero @ !pdfs=(modelObs_s = 0/1,nuisancePdf = 1)

[#0] WARNING:Minization -- RooMinimizerFcn: Minimized function has error status.
Returning maximum FCN so far (817.069) to force MIGRAD to back out of this region. Error log follows
Parameter values: JER_ele=0.618835, JER_muon=5.48938, JES_ele=2.45346, JES_muon=6.96737, QCD_stat_ele=3.99144, QCD_stat_muon=2.99646, VBS_stat_ele=2.13532, VBS_stat_muon=5.14333, ele_efficiency=-0.914267, ele_trigger=1.83878, fakephoton_ele=5.66551, fakephoton_muon=2.0767, interference=4.59375, lumi=4.552, mu_efficiency=1.52947, mu_trigger=5.47273, non_prompt_stat_ele=6.89677, non_prompt_stat_muon=5.24223, others_stat_ele=3.76196, others_stat_muon=5.1495, others_xs=5.02508, param=0.0419058, pdf_ele=2.89666, pdf_muon=6.53676, photon_id=6.99224, pileup=0.424781, scale_ele=4.46927, scale_muon=-5.10193
RooProdPdf::model_s[ modelObs_s * nuisancePdf ]
     getLogVal() top-level p.d.f evaluates to zero @ !pdfs=(modelObs_s = 0/1,nuisancePdf = 1)

[#0] WARNING:Minization -- RooMinimizerFcn: Minimized function has error status.
Returning maximum FCN so far (43.6736) to force MIGRAD to back out of this region. Error log follows
Parameter values: JER_ele=6.79992, JER_muon=6.14544, JES_ele=3.96134, JES_muon=0.400773, QCD_stat_ele=6.98961, QCD_stat_muon=-3.88406, VBS_stat_ele=-3.08545, VBS_stat_muon=2.20656, ele_efficiency=-5.28195, ele_trigger=-0.173555, fakephoton_ele=5.20866, fakephoton_muon=-6.64494, interference=6.41132, lumi=-2.02398, mu_efficiency=6.58404, mu_trigger=0.355364, non_prompt_stat_ele=5.32554, non_prompt_stat_muon=-6.78349, others_stat_ele=4.51853, others_stat_muon=6.72447, others_xs=3.51261, param=0.494832, pdf_ele=3.96513, pdf_muon=0.489528, photon_id=-4.63908, pileup=6.07576, scale_ele=-1.71202, scale_muon=6.43747
RooProdPdf::model_s[ modelObs_s * nuisancePdf ]
     getLogVal() top-level p.d.f evaluates to zero @ !pdfs=(modelObs_s = 0/1,nuisancePdf = 1)

[#0] WARNING:Minization -- RooMinimizerFcn: Minimized function has error status.
Returning maximum FCN so far (706.407) to force MIGRAD to back out of this region. Error log follows
Parameter values: JER_ele=1.34627, JER_muon=3.96897, JES_ele=2.67295, JES_muon=5.63069, QCD_stat_ele=0.985716, QCD_stat_muon=6.95989, VBS_stat_ele=3.10206, VBS_stat_muon=5.99044, ele_efficiency=1.26278, ele_trigger=-0.642816, fakephoton_ele=3.14526, fakephoton_muon=1.81625, interference=2.94482, lumi=0.494303, mu_efficiency=0.759581, mu_trigger=2.25481, non_prompt_stat_ele=1.17485, non_prompt_stat_muon=4.12214, others_stat_ele=0.0454256, others_stat_muon=4.47572, others_xs=1.77406, param=0.84636, pdf_ele=-0.160901, pdf_muon=6.31968, photon_id=5.72076, pileup=-0.0901733, scale_ele=4.0224, scale_muon=5.8754
RooProdPdf::model_s[ modelObs_s * nuisancePdf ]
     getLogVal() top-level p.d.f evaluates to zero @ !pdfs=(modelObs_s = 0/1,nuisancePdf = 1)

[#0] WARNING:Minization -- RooMinimizerFcn: Minimized function has error status.
Returning maximum FCN so far (706.407) to force MIGRAD to back out of this region. Error log follows
Parameter values: JER_ele=6.68771, JER_muon=-6.85451, JES_ele=6.99962, JES_muon=3.75122, QCD_stat_ele=6.99512, QCD_stat_muon=5.96173, VBS_stat_ele=6.97252, VBS_stat_muon=-6.99858, ele_efficiency=2.75322, ele_trigger=6.31527, fakephoton_ele=5.99022, fakephoton_muon=6.39417, interference=3.89621, lumi=2.22358, mu_efficiency=6.78164, mu_trigger=-6.70337, non_prompt_stat_ele=4.81649, non_prompt_stat_muon=-6.99951, others_stat_ele=6.46885, others_stat_muon=6.26208, others_xs=-5.69896, param=1.73606, pdf_ele=5.82921, pdf_muon=1.61398, photon_id=1.19203, pileup=2.00006, scale_ele=-5.9177, scale_muon=-5.91357
RooProdPdf::model_s[ modelObs_s * nuisancePdf ]
     getLogVal() top-level p.d.f evaluates to zero @ !pdfs=(modelObs_s = 0/1,nuisancePdf = 1)

[#0] WARNING:Minization -- RooMinimizerFcn: Minimized function has error status.
Returning maximum FCN so far (928.203) to force MIGRAD to back out of this region. Error log follows
Parameter values: JER_ele=4.5702, JER_muon=3.51882, JES_ele=6.67095, JES_muon=-6.2002, QCD_stat_ele=6.75931, QCD_stat_muon=0.767958, VBS_stat_ele=6.66023, VBS_stat_muon=-6.9863, ele_efficiency=2.63851, ele_trigger=2.99623, fakephoton_ele=6.65726, fakephoton_muon=6.85608, interference=6.01284, lumi=6.99489, mu_efficiency=4.77659, mu_trigger=3.40971, non_prompt_stat_ele=6.99705, non_prompt_stat_muon=-0.810413, others_stat_ele=4.08369, others_stat_muon=-2.76535, others_xs=6.09082, param=0.224477, pdf_ele=5.80306, pdf_muon=-4.14381, photon_id=-5.40471, pileup=0.975821, scale_ele=0.321558, scale_muon=-6.60256
RooProdPdf::model_s[ modelObs_s * nuisancePdf ]
     getLogVal() top-level p.d.f evaluates to zero @ !pdfs=(modelObs_s = 0/1,nuisancePdf = 1)

[#0] WARNING:Minization -- RooMinimizerFcn: Minimized function has error status.
Returning maximum FCN so far (928.203) to force MIGRAD to back out of this region. Error log follows
Parameter values: JER_ele=5.29996, JER_muon=-1.94016, JES_ele=6.79153, JES_muon=-5.30645, QCD_stat_ele=-2.16853, QCD_stat_muon=-3.60959, VBS_stat_ele=6.8098, VBS_stat_muon=-5.99124, ele_efficiency=2.75233, ele_trigger=3.55641, fakephoton_ele=6.94149, fakephoton_muon=6.99884, interference=5.72945, lumi=6.76905, mu_efficiency=5.86181, mu_trigger=-3.09101, non_prompt_stat_ele=6.9976, non_prompt_stat_muon=-3.76654, others_stat_ele=4.70018, others_stat_muon=-6.94529, others_xs=2.64684, param=2.10988, pdf_ele=6.42413, pdf_muon=5.92831, photon_id=4.90314, pileup=1.34606, scale_ele=-0.872994, scale_muon=6.96984
RooProdPdf::model_s[ modelObs_s * nuisancePdf ]
     getLogVal() top-level p.d.f evaluates to zero @ !pdfs=(modelObs_s = 0/1,nuisancePdf = 1)

[#0] WARNING:Minization -- RooMinimizerFcn: Minimized function has error status.
Returning maximum FCN so far (928.203) to force MIGRAD to back out of this region. Error log follows
Parameter values: JER_ele=5.56287, JER_muon=-3.60339, JES_ele=6.78341, JES_muon=-1.14406, QCD_stat_ele=-6.93125, QCD_stat_muon=-3.07906, VBS_stat_ele=6.71746, VBS_stat_muon=-6.90778, ele_efficiency=2.54134, ele_trigger=4.78086, fakephoton_ele=6.60705, fakephoton_muon=6.72566, interference=4.64824, lumi=4.98105, mu_efficiency=6.30907, mu_trigger=-6.14558, non_prompt_stat_ele=6.70921, non_prompt_stat_muon=-6.65112, others_stat_ele=5.08015, others_stat_muon=-1.21607, others_xs=-1.43839, param=1.90522, pdf_ele=6.98628, pdf_muon=6.92619, photon_id=6.99514, pileup=1.56297, scale_ele=-1.67389, scale_muon=-1.63427
RooProdPdf::model_s[ modelObs_s * nuisancePdf ]
     getLogVal() top-level p.d.f evaluates to zero @ !pdfs=(modelObs_s = 0/1,nuisancePdf = 1)

[#0] WARNING:Minization -- RooMinimizerFcn: Minimized function has error status.
Returning maximum FCN so far (928.203) to force MIGRAD to back out of this region. Error log follows
Parameter values: JER_ele=6.10511, JER_muon=-3.90596, JES_ele=6.9437, JES_muon=-1.55755, QCD_stat_ele=-6.82545, QCD_stat_muon=6.54195, VBS_stat_ele=6.23895, VBS_stat_muon=-5.99565, ele_efficiency=3.24299, ele_trigger=4.83897, fakephoton_ele=5.45131, fakephoton_muon=6.92367, interference=4.92922, lumi=6.20029, mu_efficiency=6.25521, mu_trigger=-5.28273, non_prompt_stat_ele=5.68808, non_prompt_stat_muon=-5.73956, others_stat_ele=5.99666, others_stat_muon=-5.73701, others_xs=-0.0393683, param=1.15281, pdf_ele=6.99999, pdf_muon=6.84727, photon_id=6.82074, pileup=1.58529, scale_ele=-6.6308, scale_muon=-1.54755
RooProdPdf::model_s[ modelObs_s * nuisancePdf ]
     getLogVal() top-level p.d.f evaluates to zero @ !pdfs=(modelObs_s = 0/1,nuisancePdf = 1)

[#0] WARNING:Minization -- RooMinimizerFcn: Minimized function has error status.
Returning maximum FCN so far (928.203) to force MIGRAD to back out of this region. Error log follows
Parameter values: JER_ele=3.67574, JER_muon=4.45851, JES_ele=4.46135, JES_muon=-6.97901, QCD_stat_ele=-6.97147, QCD_stat_muon=-5.07077, VBS_stat_ele=-2.11528, VBS_stat_muon=2.8401, ele_efficiency=1.20902, ele_trigger=3.92622, fakephoton_ele=6.56291, fakephoton_muon=6.99801, interference=6.98853, lumi=6.57136, mu_efficiency=5.14913, mu_trigger=-0.642589, non_prompt_stat_ele=6.46115, non_prompt_stat_muon=-3.28808, others_stat_ele=3.2222, others_stat_muon=-4.2387, others_xs=2.11126, param=0.172133, pdf_ele=6.27028, pdf_muon=-4.72183, photon_id=-5.29413, pileup=1.1232, scale_ele=6.83319, scale_muon=-4.88616
RooProdPdf::model_s[ modelObs_s * nuisancePdf ]
     getLogVal() top-level p.d.f evaluates to zero @ !pdfs=(modelObs_s = 0/1,nuisancePdf = 1)

[#0] WARNING:Minization -- RooMinimizerFcn: Minimized function has error status.
Returning maximum FCN so far (928.203) to force MIGRAD to back out of this region. Error log follows
Parameter values: JER_ele=2.18744, JER_muon=6.36626, JES_ele=3.34668, JES_muon=6.77429, QCD_stat_ele=6.66258, QCD_stat_muon=-2.54103, VBS_stat_ele=2.88333, VBS_stat_muon=6.2319, ele_efficiency=1.4388, ele_trigger=0.211224, fakephoton_ele=3.70205, fakephoton_muon=3.1987, interference=4.08202, lumi=2.78818, mu_efficiency=1.92457, mu_trigger=5.94746, non_prompt_stat_ele=2.34461, non_prompt_stat_muon=6.33365, others_stat_ele=0.771701, others_stat_muon=6.92296, others_xs=4.92943, param=0.407487, pdf_ele=1.46294, pdf_muon=5.37853, photon_id=5.97639, pileup=0.163751, scale_ele=5.5457, scale_muon=-6.92715
RooProdPdf::model_s[ modelObs_s * nuisancePdf ]
     getLogVal() top-level p.d.f evaluates to zero @ !pdfs=(modelObs_s = 0/1,nuisancePdf = 1)

[#0] WARNING:Minization -- RooMinimizerFcn: Minimized function has error status.
Returning maximum FCN so far (928.203) to force MIGRAD to back out of this region. Error log follows
Parameter values: JER_ele=4.00087, JER_muon=4.21318, JES_ele=5.59666, JES_muon=-6.39447, QCD_stat_ele=0.329673, QCD_stat_muon=3.16331, VBS_stat_ele=4.53342, VBS_stat_muon=4.23795, ele_efficiency=2.07025, ele_trigger=2.34262, fakephoton_ele=6.50791, fakephoton_muon=6.65448, interference=6.98855, lumi=6.80436, mu_efficiency=4.75892, mu_trigger=2.6325, non_prompt_stat_ele=6.12011, non_prompt_stat_muon=1.08824, others_stat_ele=3.17435, others_stat_muon=-6.05796, others_xs=5.61342, param=0.0510369, pdf_ele=4.89297, pdf_muon=-5.24573, photon_id=-6.00339, pileup=0.915421, scale_ele=5.7484, scale_muon=-6.79838
RooProdPdf::model_s[ modelObs_s * nuisancePdf ]
     getLogVal() top-level p.d.f evaluates to zero @ !pdfs=(modelObs_s = 0/1,nuisancePdf = 1)

[#0] WARNING:Minization -- RooMinimizerFcn: Minimized function has error status.
Returning maximum FCN so far (928.203) to force MIGRAD to back out of this region. Error log follows
Parameter values: JER_ele=2.72968, JER_muon=6.7664, JES_ele=4.12823, JES_muon=6.11555, QCD_stat_ele=6.89288, QCD_stat_muon=1.86154, VBS_stat_ele=3.54843, VBS_stat_muon=6.49811, ele_efficiency=1.99636, ele_trigger=-0.381914, fakephoton_ele=4.21166, fakephoton_muon=3.44145, interference=4.41314, lumi=2.23522, mu_efficiency=1.98873, mu_trigger=5.9677, non_prompt_stat_ele=2.45042, non_prompt_stat_muon=6.60361, others_stat_ele=0.620245, others_stat_muon=6.58749, others_xs=5.0125, param=0.0150542, pdf_ele=0.96329, pdf_muon=4.1436, photon_id=5.16329, pileup=0.0342935, scale_ele=6.07377, scale_muon=-6.52732
RooProdPdf::model_s[ modelObs_s * nuisancePdf ]
     getLogVal() top-level p.d.f evaluates to zero @ !pdfs=(modelObs_s = 0/1,nuisancePdf = 1)


 -- Hybrid New -- 
CLs = 0 +/- 0
Done in 17.98 min (cpu), 18.23 min (real)
