 <<< Combine >>> 
>>> including systematics
>>> using the Profile Likelihood test statistics modified for upper limits (Q_LHC)
>>> method used is HybridNew
>>> Used OpenSSL to get a really random seed 1554657682
Computing results starting from observation (a-posteriori)
[#0] WARNING:Minization -- RooMinimizerFcn: Minimized function has error status.
Returning maximum FCN so far (757.872) to force MIGRAD to back out of this region. Error log follows
Parameter values: JER_ele=0.559485, JER_muon=1.4745, JES_ele=-0.0322516, JES_muon=3.71308, QCD_stat_ele=-0.194959, QCD_stat_muon=4.33369, VBS_stat_ele=0.744503, VBS_stat_muon=3.6603, ele_efficiency=-0.359462, ele_trigger=-0.326044, fakephoton_ele=3.73591, fakephoton_muon=4.04512, interference=2.66003, lumi=1.46971, mu_efficiency=1.0855, mu_trigger=2.52619, non_prompt_stat_ele=3.20377, non_prompt_stat_muon=6.98945, others_stat_ele=0.1007, others_stat_muon=1.13423, others_xs=1.37965, param=0.836472, pdf_ele=0.269235, pdf_muon=3.44641, photon_id=3.91548, pileup=-0.0289224, scale_ele=1.33809, scale_muon=6.82228
RooProdPdf::model_s[ modelObs_s * nuisancePdf ]
     getLogVal() top-level p.d.f evaluates to zero @ !pdfs=(modelObs_s = 0/1,nuisancePdf = 1)

[#0] WARNING:Minization -- RooMinimizerFcn: Minimized function has error status.
Returning maximum FCN so far (757.872) to force MIGRAD to back out of this region. Error log follows
Parameter values: JER_ele=1.42506, JER_muon=2.32874, JES_ele=0.291511, JES_muon=5.04469, QCD_stat_ele=1.96503, QCD_stat_muon=6.96672, VBS_stat_ele=1.66532, VBS_stat_muon=4.78859, ele_efficiency=-0.573748, ele_trigger=-0.292856, fakephoton_ele=4.95488, fakephoton_muon=4.92679, interference=3.97219, lumi=2.17953, mu_efficiency=1.72658, mu_trigger=3.54, non_prompt_stat_ele=3.04355, non_prompt_stat_muon=6.55723, others_stat_ele=0.76622, others_stat_muon=1.89792, others_xs=2.45871, param=0.678532, pdf_ele=1.09437, pdf_muon=4.29084, photon_id=5.69325, pileup=-0.0870011, scale_ele=3.34295, scale_muon=6.82628
RooProdPdf::model_s[ modelObs_s * nuisancePdf ]
     getLogVal() top-level p.d.f evaluates to zero @ !pdfs=(modelObs_s = 0/1,nuisancePdf = 1)

[#0] WARNING:Minization -- RooMinimizerFcn: Minimized function has error status.
Returning maximum FCN so far (757.872) to force MIGRAD to back out of this region. Error log follows
Parameter values: JER_ele=0.974886, JER_muon=2.72862, JES_ele=0.632346, JES_muon=5.61396, QCD_stat_ele=1.38115, QCD_stat_muon=6.8259, VBS_stat_ele=1.52672, VBS_stat_muon=5.46076, ele_efficiency=-0.234932, ele_trigger=0.183168, fakephoton_ele=5.77587, fakephoton_muon=5.95875, interference=3.84711, lumi=2.76109, mu_efficiency=1.57677, mu_trigger=4.22726, non_prompt_stat_ele=5.82641, non_prompt_stat_muon=4.34601, others_stat_ele=0.874546, others_stat_muon=2.74533, others_xs=2.67279, param=0.63999, pdf_ele=1.20132, pdf_muon=5.86493, photon_id=6.31463, pileup=0.0934608, scale_ele=3.3083, scale_muon=4.70286
RooProdPdf::model_s[ modelObs_s * nuisancePdf ]
     getLogVal() top-level p.d.f evaluates to zero @ !pdfs=(modelObs_s = 0/1,nuisancePdf = 1)

[#0] WARNING:Minization -- RooMinimizerFcn: Minimized function has error status.
Returning maximum FCN so far (757.872) to force MIGRAD to back out of this region. Error log follows
Parameter values: JER_ele=4.05123, JER_muon=6.09402, JES_ele=2.85427, JES_muon=6.21361, QCD_stat_ele=6.98954, QCD_stat_muon=-6.64202, VBS_stat_ele=5.1573, VBS_stat_muon=6.58321, ele_efficiency=-0.555004, ele_trigger=1.37725, fakephoton_ele=6.85743, fakephoton_muon=6.84298, interference=6.8818, lumi=5.79103, mu_efficiency=3.82213, mu_trigger=6.9558, non_prompt_stat_ele=6.14563, non_prompt_stat_muon=-6.59468, others_stat_ele=3.93243, others_stat_muon=6.16321, others_xs=6.3194, param=0.477809, pdf_ele=4.93694, pdf_muon=6.2986, photon_id=1.7377, pileup=0.109431, scale_ele=6.53354, scale_muon=-6.88273
RooProdPdf::model_s[ modelObs_s * nuisancePdf ]
     getLogVal() top-level p.d.f evaluates to zero @ !pdfs=(modelObs_s = 0/1,nuisancePdf = 1)

[#0] WARNING:Minization -- RooMinimizerFcn: Minimized function has error status.
Returning maximum FCN so far (955.402) to force MIGRAD to back out of this region. Error log follows
Parameter values: JER_ele=0.831721, JER_muon=1.6073, JES_ele=-0.146557, JES_muon=3.87113, QCD_stat_ele=0.233036, QCD_stat_muon=5.46671, VBS_stat_ele=1.02933, VBS_stat_muon=3.85503, ele_efficiency=-0.513017, ele_trigger=-0.514219, fakephoton_ele=3.27741, fakephoton_muon=3.88847, interference=3.06853, lumi=1.48718, mu_efficiency=1.2791, mu_trigger=2.59579, non_prompt_stat_ele=1.58276, non_prompt_stat_muon=6.95768, others_stat_ele=0.10081, others_stat_muon=1.05825, others_xs=1.50467, param=0.56884, pdf_ele=0.319532, pdf_muon=3.2097, photon_id=4.08099, pileup=-0.0899707, scale_ele=1.5157, scale_muon=6.74384
RooProdPdf::model_s[ modelObs_s * nuisancePdf ]
     getLogVal() top-level p.d.f evaluates to zero @ !pdfs=(modelObs_s = 0/1,nuisancePdf = 1)

[#0] WARNING:Minization -- RooMinimizerFcn: Minimized function has error status.
Returning maximum FCN so far (955.402) to force MIGRAD to back out of this region. Error log follows
Parameter values: JER_ele=1.18136, JER_muon=2.50939, JES_ele=0.323325, JES_muon=5.44301, QCD_stat_ele=1.34842, QCD_stat_muon=6.87974, VBS_stat_ele=1.47756, VBS_stat_muon=5.06535, ele_efficiency=-0.465853, ele_trigger=-0.185839, fakephoton_ele=5.47189, fakephoton_muon=5.43067, interference=3.99508, lumi=2.45442, mu_efficiency=1.70852, mu_trigger=3.93828, non_prompt_stat_ele=4.58251, non_prompt_stat_muon=5.7235, others_stat_ele=0.713619, others_stat_muon=2.32778, others_xs=2.59002, param=0.388872, pdf_ele=0.99119, pdf_muon=5.14274, photon_id=6.01028, pileup=-0.0150592, scale_ele=3.07156, scale_muon=5.91002
RooProdPdf::model_s[ modelObs_s * nuisancePdf ]
     getLogVal() top-level p.d.f evaluates to zero @ !pdfs=(modelObs_s = 0/1,nuisancePdf = 1)

[#0] WARNING:Minization -- RooMinimizerFcn: Minimized function has error status.
Returning maximum FCN so far (955.402) to force MIGRAD to back out of this region. Error log follows
Parameter values: JER_ele=1.74885, JER_muon=3.60243, JES_ele=1.59852, JES_muon=6.34411, QCD_stat_ele=4.29517, QCD_stat_muon=5.60538, VBS_stat_ele=2.63971, VBS_stat_muon=5.99609, ele_efficiency=-0.109813, ele_trigger=0.870723, fakephoton_ele=5.98748, fakephoton_muon=6.26828, interference=4.54039, lumi=3.62189, mu_efficiency=1.9343, mu_trigger=5.05888, non_prompt_stat_ele=5.58192, non_prompt_stat_muon=2.98851, others_stat_ele=1.92247, others_stat_muon=3.70906, others_xs=3.66932, param=0.470504, pdf_ele=2.60149, pdf_muon=6.61537, photon_id=6.9973, pileup=0.157136, scale_ele=5.70668, scale_muon=1.54453
RooProdPdf::model_s[ modelObs_s * nuisancePdf ]
     getLogVal() top-level p.d.f evaluates to zero @ !pdfs=(modelObs_s = 0/1,nuisancePdf = 1)

[#0] WARNING:Minization -- RooMinimizerFcn: Minimized function has error status.
Returning maximum FCN so far (955.402) to force MIGRAD to back out of this region. Error log follows
Parameter values: JER_ele=1.01846, JER_muon=3.89121, JES_ele=0.99169, JES_muon=6.55433, QCD_stat_ele=2.03213, QCD_stat_muon=4.59614, VBS_stat_ele=1.64325, VBS_stat_muon=6.0946, ele_efficiency=-0.108267, ele_trigger=0.50715, fakephoton_ele=6.22419, fakephoton_muon=6.87492, interference=4.33819, lumi=3.57367, mu_efficiency=1.89592, mu_trigger=5.41406, non_prompt_stat_ele=6.50148, non_prompt_stat_muon=-1.06961, others_stat_ele=1.19082, others_stat_muon=4.07511, others_xs=3.44696, param=0.162465, pdf_ele=1.57594, pdf_muon=6.95703, photon_id=6.99382, pileup=0.215176, scale_ele=4.07746, scale_muon=-1.47552
RooProdPdf::model_s[ modelObs_s * nuisancePdf ]
     getLogVal() top-level p.d.f evaluates to zero @ !pdfs=(modelObs_s = 0/1,nuisancePdf = 1)

[#0] WARNING:Minization -- RooMinimizerFcn: Minimized function has error status.
Returning maximum FCN so far (955.402) to force MIGRAD to back out of this region. Error log follows
Parameter values: JER_ele=2.74807, JER_muon=5.05361, JES_ele=0.407705, JES_muon=5.97518, QCD_stat_ele=4.04904, QCD_stat_muon=0.70698, VBS_stat_ele=2.90602, VBS_stat_muon=6.9985, ele_efficiency=-1.08636, ele_trigger=-0.63638, fakephoton_ele=6.46252, fakephoton_muon=6.8953, interference=6.87151, lumi=5.00449, mu_efficiency=3.76099, mu_trigger=6.87571, non_prompt_stat_ele=2.74566, non_prompt_stat_muon=-6.64141, others_stat_ele=1.52703, others_stat_muon=5.62537, others_xs=5.70085, param=0.130469, pdf_ele=2.00998, pdf_muon=6.81981, photon_id=5.00248, pileup=-0.0231628, scale_ele=5.2842, scale_muon=-6.82951
RooProdPdf::model_s[ modelObs_s * nuisancePdf ]
     getLogVal() top-level p.d.f evaluates to zero @ !pdfs=(modelObs_s = 0/1,nuisancePdf = 1)

[#0] WARNING:Minization -- RooMinimizerFcn: Minimized function has error status.
Returning maximum FCN so far (955.402) to force MIGRAD to back out of this region. Error log follows
Parameter values: JER_ele=0.132428, JER_muon=1.37359, JES_ele=-0.0167796, JES_muon=2.4523, QCD_stat_ele=-0.851574, QCD_stat_muon=5.34015, VBS_stat_ele=0.481546, VBS_stat_muon=2.99699, ele_efficiency=-0.177259, ele_trigger=-0.167813, fakephoton_ele=3.08036, fakephoton_muon=3.93715, interference=1.67409, lumi=1.05769, mu_efficiency=0.673915, mu_trigger=1.88092, non_prompt_stat_ele=3.41626, non_prompt_stat_muon=6.88485, others_stat_ele=-0.107655, others_stat_muon=0.629565, others_xs=0.59466, param=0.251813, pdf_ele=0.0473046, pdf_muon=3.2738, photon_id=2.87267, pileup=0.0176815, scale_ele=0.691916, scale_muon=6.02271
RooProdPdf::model_s[ modelObs_s * nuisancePdf ]
     getLogVal() top-level p.d.f evaluates to zero @ !pdfs=(modelObs_s = 0/1,nuisancePdf = 1)

[#0] WARNING:Minization -- RooMinimizerFcn: Minimized function has error status.
Returning maximum FCN so far (955.402) to force MIGRAD to back out of this region. Error log follows
Parameter values: JER_ele=-4.97407, JER_muon=-5.91553, JES_ele=-6.01075, JES_muon=6.99932, QCD_stat_ele=-1.07092, QCD_stat_muon=-3.42796, VBS_stat_ele=-5.85132, VBS_stat_muon=-1.13418, ele_efficiency=-0.923086, ele_trigger=-4.65993, fakephoton_ele=6.13833, fakephoton_muon=6.9147, interference=-5.27962, lumi=-5.83329, mu_efficiency=-5.65617, mu_trigger=1.54822, non_prompt_stat_ele=6.99859, non_prompt_stat_muon=6.99776, others_stat_ele=-6.74119, others_stat_muon=-0.96063, others_xs=-4.35913, param=0.0825185, pdf_ele=-6.98776, pdf_muon=5.39789, photon_id=-0.450282, pileup=-1.25586, scale_ele=2.53868, scale_muon=-3.25681
RooProdPdf::model_s[ modelObs_s * nuisancePdf ]
     getLogVal() top-level p.d.f evaluates to zero @ !pdfs=(modelObs_s = 0/1,nuisancePdf = 1)

[#0] WARNING:Minization -- RooMinimizerFcn: Minimized function has error status.
Returning maximum FCN so far (955.402) to force MIGRAD to back out of this region. Error log follows
Parameter values: JER_ele=1.65645, JER_muon=2.86755, JES_ele=0.336357, JES_muon=6.50325, QCD_stat_ele=2.1159, QCD_stat_muon=6.98756, VBS_stat_ele=1.84615, VBS_stat_muon=5.48984, ele_efficiency=-0.659436, ele_trigger=-0.375561, fakephoton_ele=5.67509, fakephoton_muon=4.02202, interference=5.22959, lumi=3.0545, mu_efficiency=2.23241, mu_trigger=4.77649, non_prompt_stat_ele=3.34147, non_prompt_stat_muon=6.9162, others_stat_ele=0.972746, others_stat_muon=3.23806, others_xs=3.61471, param=0.00703487, pdf_ele=1.31425, pdf_muon=5.55367, photon_id=6.74888, pileup=-0.0434196, scale_ele=3.8862, scale_muon=3.47092
RooProdPdf::model_s[ modelObs_s * nuisancePdf ]
     getLogVal() top-level p.d.f evaluates to zero @ !pdfs=(modelObs_s = 0/1,nuisancePdf = 1)

[#0] WARNING:Minization -- RooMinimizerFcn: Minimized function has error status.
Returning maximum FCN so far (955.402) to force MIGRAD to back out of this region. Error log follows
Parameter values: JER_ele=1.04497, JER_muon=2.33851, JES_ele=0.410564, JES_muon=4.97318, QCD_stat_ele=1.38476, QCD_stat_muon=6.90272, VBS_stat_ele=1.4663, VBS_stat_muon=4.60547, ele_efficiency=-0.36065, ele_trigger=-0.0420897, fakephoton_ele=5.22414, fakephoton_muon=5.95203, interference=3.5051, lumi=2.23608, mu_efficiency=1.49798, mu_trigger=3.60848, non_prompt_stat_ele=4.75983, non_prompt_stat_muon=4.61398, others_stat_ele=0.660861, others_stat_muon=1.87509, others_xs=2.13673, param=0.000524488, pdf_ele=1.01144, pdf_muon=5.0621, photon_id=5.70133, pileup=0.00772002, scale_ele=2.9794, scale_muon=6.35447
RooProdPdf::model_s[ modelObs_s * nuisancePdf ]
     getLogVal() top-level p.d.f evaluates to zero @ !pdfs=(modelObs_s = 0/1,nuisancePdf = 1)

[#0] WARNING:Minization -- RooMinimizerFcn: Minimized function has error status.
Returning maximum FCN so far (955.402) to force MIGRAD to back out of this region. Error log follows
Parameter values: JER_ele=1.59435, JER_muon=3.41439, JES_ele=0.914823, JES_muon=6.46793, QCD_stat_ele=2.90677, QCD_stat_muon=6.43127, VBS_stat_ele=2.10073, VBS_stat_muon=5.88662, ele_efficiency=-0.376841, ele_trigger=0.239707, fakephoton_ele=6.25943, fakephoton_muon=6.19388, interference=4.80302, lumi=3.40949, mu_efficiency=2.0998, mu_trigger=5.06326, non_prompt_stat_ele=5.60579, non_prompt_stat_muon=3.13105, others_stat_ele=1.38589, others_stat_muon=3.54736, others_xs=3.60552, param=4.96291e-05, pdf_ele=1.83099, pdf_muon=6.43866, photon_id=6.95237, pileup=0.0715671, scale_ele=4.68084, scale_muon=1.43836
RooProdPdf::model_s[ modelObs_s * nuisancePdf ]
     getLogVal() top-level p.d.f evaluates to zero @ !pdfs=(modelObs_s = 0/1,nuisancePdf = 1)

[#0] WARNING:Minization -- RooMinimizerFcn: Minimized function has error status.
Returning maximum FCN so far (955.402) to force MIGRAD to back out of this region. Error log follows
Parameter values: JER_ele=1.16268, JER_muon=2.14114, JES_ele=0.28708, JES_muon=4.75934, QCD_stat_ele=1.39387, QCD_stat_muon=6.60907, VBS_stat_ele=1.44302, VBS_stat_muon=4.4153, ele_efficiency=-0.470759, ele_trigger=-0.217875, fakephoton_ele=4.68407, fakephoton_muon=4.74392, interference=3.61863, lumi=2.09107, mu_efficiency=1.53322, mu_trigger=3.33784, non_prompt_stat_ele=3.37175, non_prompt_stat_muon=6.76699, others_stat_ele=0.633067, others_stat_muon=1.72381, others_xs=2.17109, param=0.0325532, pdf_ele=0.943531, pdf_muon=4.30326, photon_id=5.38427, pileup=-0.0506003, scale_ele=2.93597, scale_muon=6.89749
RooProdPdf::model_s[ modelObs_s * nuisancePdf ]
     getLogVal() top-level p.d.f evaluates to zero @ !pdfs=(modelObs_s = 0/1,nuisancePdf = 1)

[#0] WARNING:Minization -- RooMinimizerFcn: Minimized function has error status.
Returning maximum FCN so far (955.402) to force MIGRAD to back out of this region. Error log follows
Parameter values: JER_ele=-1.95181, JER_muon=-2.44022, JES_ele=-2.31188, JES_muon=1.14107, QCD_stat_ele=-6.56059, QCD_stat_muon=-6.96314, VBS_stat_ele=-2.59121, VBS_stat_muon=-3.44228, ele_efficiency=-0.321135, ele_trigger=-1.66274, fakephoton_ele=6.14393, fakephoton_muon=6.14743, interference=-0.911926, lumi=-1.78313, mu_efficiency=-0.279558, mu_trigger=-0.388857, non_prompt_stat_ele=6.96977, non_prompt_stat_muon=3.60014, others_stat_ele=-2.88331, others_stat_muon=-2.3807, others_xs=-2.19358, param=0.0417575, pdf_ele=-3.29847, pdf_muon=0.304331, photon_id=-3.30831, pileup=-0.0452501, scale_ele=-5.9325, scale_muon=4.98968
RooProdPdf::model_s[ modelObs_s * nuisancePdf ]
     getLogVal() top-level p.d.f evaluates to zero @ !pdfs=(modelObs_s = 0/1,nuisancePdf = 1)


 -- Hybrid New -- 
CLs = 0 +/- 0
Done in 15.49 min (cpu), 15.60 min (real)
