 <<< Combine >>> 
>>> including systematics
>>> using the Profile Likelihood test statistics modified for upper limits (Q_LHC)
>>> method used is HybridNew
>>> Used OpenSSL to get a really random seed 1711227517
Computing results starting from observation (a-posteriori)
[#0] WARNING:Minization -- RooMinimizerFcn: Minimized function has error status.
Returning maximum FCN so far (818.441) to force MIGRAD to back out of this region. Error log follows
Parameter values: JER_ele=6.99751, JER_muon=-5.23, JES_ele=4.84084, JES_muon=5.54347, QCD_stat_ele=6.99826, QCD_stat_muon=0.810412, VBS_stat_ele=-6.94309, VBS_stat_muon=-6.95093, ele_efficiency=-3.01014, ele_trigger=6.81818, fakephoton_ele=6.90518, fakephoton_muon=3.12126, interference=6.76197, lumi=-4.47437, mu_efficiency=-5.7978, mu_trigger=2.65574, non_prompt_stat_ele=6.13733, non_prompt_stat_muon=-1.56237, others_stat_ele=-1.47231, others_stat_muon=-6.25446, others_xs=6.99998, param=1.31051, pdf_ele=-6.89423, pdf_muon=-6.51877, photon_id=-3.16357, pileup=-0.544345, scale_ele=-5.75731, scale_muon=4.15989
RooProdPdf::model_s[ modelObs_s * nuisancePdf ]
     getLogVal() top-level p.d.f evaluates to zero @ !pdfs=(modelObs_s = 0/1,nuisancePdf = 1)

[#0] WARNING:Minization -- RooMinimizerFcn: Minimized function has error status.
Returning maximum FCN so far (818.441) to force MIGRAD to back out of this region. Error log follows
Parameter values: JER_ele=6.52092, JER_muon=2.247, JES_ele=-6.2919, JES_muon=-6.91221, QCD_stat_ele=2.34691, QCD_stat_muon=-0.874461, VBS_stat_ele=-6.40763, VBS_stat_muon=6.09305, ele_efficiency=4.72039, ele_trigger=-4.29759, fakephoton_ele=6.55833, fakephoton_muon=-6.65087, interference=-0.583905, lumi=-2.47367, mu_efficiency=4.07319, mu_trigger=-4.32268, non_prompt_stat_ele=5.9225, non_prompt_stat_muon=0.625246, others_stat_ele=-4.52818, others_stat_muon=-4.72268, others_xs=-0.388095, param=0.700586, pdf_ele=-6.83335, pdf_muon=-1.8183, photon_id=-3.48867, pileup=-5.56402, scale_ele=3.65272, scale_muon=-5.48157
RooProdPdf::model_s[ modelObs_s * nuisancePdf ]
     getLogVal() top-level p.d.f evaluates to zero @ !pdfs=(modelObs_s = 0/1,nuisancePdf = 1)

[#0] WARNING:Minization -- RooMinimizerFcn: Minimized function has error status.
Returning maximum FCN so far (818.441) to force MIGRAD to back out of this region. Error log follows
Parameter values: JER_ele=-2.88286, JER_muon=-1.72683, JES_ele=6.50861, JES_muon=3.40314, QCD_stat_ele=-5.64594, QCD_stat_muon=-6.7406, VBS_stat_ele=3.75118, VBS_stat_muon=-4.74519, ele_efficiency=0.606879, ele_trigger=6.43061, fakephoton_ele=4.30041, fakephoton_muon=4.79417, interference=-4.84597, lumi=-3.81946, mu_efficiency=6.91993, mu_trigger=4.96865, non_prompt_stat_ele=4.87853, non_prompt_stat_muon=-1.03144, others_stat_ele=-3.50762, others_stat_muon=2.06327, others_xs=-5.70057, param=0.327127, pdf_ele=-1.95786, pdf_muon=-6.99841, photon_id=-4.33689, pileup=-2.48894, scale_ele=-2.37421, scale_muon=-4.35866
RooProdPdf::model_s[ modelObs_s * nuisancePdf ]
     getLogVal() top-level p.d.f evaluates to zero @ !pdfs=(modelObs_s = 0/1,nuisancePdf = 1)

[#0] WARNING:Minization -- RooMinimizerFcn: Minimized function has error status.
Returning maximum FCN so far (818.441) to force MIGRAD to back out of this region. Error log follows
Parameter values: JER_ele=0.460551, JER_muon=2.59689, JES_ele=5.01759, JES_muon=6.98339, QCD_stat_ele=1.24177, QCD_stat_muon=6.25145, VBS_stat_ele=6.03055, VBS_stat_muon=2.99508, ele_efficiency=0.362165, ele_trigger=3.72791, fakephoton_ele=6.22214, fakephoton_muon=1.68194, interference=-6.96353, lumi=-6.93533, mu_efficiency=-5.61008, mu_trigger=-0.21165, non_prompt_stat_ele=6.12833, non_prompt_stat_muon=6.48448, others_stat_ele=0.693812, others_stat_muon=4.19331, others_xs=-6.82076, param=0.403337, pdf_ele=0.392959, pdf_muon=4.39585, photon_id=4.58979, pileup=6.37591, scale_ele=4.9508, scale_muon=-1.00028
RooProdPdf::model_s[ modelObs_s * nuisancePdf ]
     getLogVal() top-level p.d.f evaluates to zero @ !pdfs=(modelObs_s = 0/1,nuisancePdf = 1)

[#0] WARNING:Minization -- RooMinimizerFcn: Minimized function has error status.
Returning maximum FCN so far (818.441) to force MIGRAD to back out of this region. Error log follows
Parameter values: JER_ele=4.03221, JER_muon=-3.13814, JES_ele=5.45772, JES_muon=2.21632, QCD_stat_ele=3.90087, QCD_stat_muon=-0.580095, VBS_stat_ele=4.86287, VBS_stat_muon=-6.85357, ele_efficiency=0.937602, ele_trigger=4.76351, fakephoton_ele=3.82809, fakephoton_muon=0.266888, interference=2.64633, lumi=2.62232, mu_efficiency=6.44857, mu_trigger=-6.76407, non_prompt_stat_ele=6.65086, non_prompt_stat_muon=3.14231, others_stat_ele=5.79343, others_stat_muon=-3.65104, others_xs=-4.40339, param=0.100285, pdf_ele=5.93887, pdf_muon=6.60688, photon_id=6.48278, pileup=3.33664, scale_ele=4.41497, scale_muon=-6.50452
RooProdPdf::model_s[ modelObs_s * nuisancePdf ]
     getLogVal() top-level p.d.f evaluates to zero @ !pdfs=(modelObs_s = 0/1,nuisancePdf = 1)

[#0] WARNING:Minization -- RooMinimizerFcn: Minimized function has error status.
Returning maximum FCN so far (818.441) to force MIGRAD to back out of this region. Error log follows
Parameter values: JER_ele=5.24116, JER_muon=-4.5938, JES_ele=6.67606, JES_muon=5.15947, QCD_stat_ele=-3.8051, QCD_stat_muon=-6.42376, VBS_stat_ele=6.2579, VBS_stat_muon=-6.93779, ele_efficiency=1.43933, ele_trigger=6.04445, fakephoton_ele=5.78931, fakephoton_muon=3.48071, interference=1.04662, lumi=0.345316, mu_efficiency=6.67286, mu_trigger=-5.62811, non_prompt_stat_ele=6.79497, non_prompt_stat_muon=-4.56861, others_stat_ele=6.92646, others_stat_muon=-0.759026, others_xs=-6.30574, param=0.144826, pdf_ele=6.98394, pdf_muon=3.99458, photon_id=1.40212, pileup=3.56848, scale_ele=-2.69225, scale_muon=-4.15263
RooProdPdf::model_s[ modelObs_s * nuisancePdf ]
     getLogVal() top-level p.d.f evaluates to zero @ !pdfs=(modelObs_s = 0/1,nuisancePdf = 1)

[#0] WARNING:Minization -- RooMinimizerFcn: Minimized function has error status.
Returning maximum FCN so far (818.441) to force MIGRAD to back out of this region. Error log follows
Parameter values: JER_ele=6.0121, JER_muon=-6.05524, JES_ele=6.99998, JES_muon=6.96029, QCD_stat_ele=-6.98096, QCD_stat_muon=-3.0876, VBS_stat_ele=6.87234, VBS_stat_muon=-5.87661, ele_efficiency=1.8392, ele_trigger=6.70819, fakephoton_ele=6.71704, fakephoton_muon=6.28024, interference=-0.932827, lumi=-2.12647, mu_efficiency=6.87581, mu_trigger=-3.07279, non_prompt_stat_ele=5.36648, non_prompt_stat_muon=-5.83595, others_stat_ele=6.83354, others_stat_muon=3.10008, others_xs=-6.99751, param=0.203169, pdf_ele=6.6246, pdf_muon=-1.33942, photon_id=-5.26287, pileup=3.80922, scale_ele=-6.69454, scale_muon=5.94362
RooProdPdf::model_s[ modelObs_s * nuisancePdf ]
     getLogVal() top-level p.d.f evaluates to zero @ !pdfs=(modelObs_s = 0/1,nuisancePdf = 1)

[#0] WARNING:Minization -- RooMinimizerFcn: Minimized function has error status.
Returning maximum FCN so far (818.441) to force MIGRAD to back out of this region. Error log follows
Parameter values: JER_ele=6.55248, JER_muon=-6.97495, JES_ele=6.71707, JES_muon=5.11905, QCD_stat_ele=-4.87059, QCD_stat_muon=6.99956, VBS_stat_ele=6.98364, VBS_stat_muon=-2.76681, ele_efficiency=2.21156, ele_trigger=6.98645, fakephoton_ele=6.99959, fakephoton_muon=6.59283, interference=-3.367, lumi=-4.73304, mu_efficiency=6.99702, mu_trigger=1.33049, non_prompt_stat_ele=2.98979, non_prompt_stat_muon=5.75646, others_stat_ele=5.9176, others_stat_muon=6.57378, others_xs=-5.75288, param=0.286344, pdf_ele=5.32965, pdf_muon=-6.68481, photon_id=-5.93381, pileup=4.0944, scale_ele=-6.00375, scale_muon=-0.672965
RooProdPdf::model_s[ modelObs_s * nuisancePdf ]
     getLogVal() top-level p.d.f evaluates to zero @ !pdfs=(modelObs_s = 0/1,nuisancePdf = 1)

[#0] WARNING:Minization -- RooMinimizerFcn: Minimized function has error status.
Returning maximum FCN so far (818.441) to force MIGRAD to back out of this region. Error log follows
Parameter values: JER_ele=0.981297, JER_muon=3.46401, JES_ele=0.969667, JES_muon=4.12818, QCD_stat_ele=2.46354, QCD_stat_muon=6.88063, VBS_stat_ele=0.179895, VBS_stat_muon=1.94216, ele_efficiency=-0.0533372, ele_trigger=1.01816, fakephoton_ele=-1.223, fakephoton_muon=4.54163, interference=2.08068, lumi=1.48679, mu_efficiency=0.370733, mu_trigger=3.09508, non_prompt_stat_ele=0.89333, non_prompt_stat_muon=6.99753, others_stat_ele=0.659559, others_stat_muon=3.08679, others_xs=2.95643, param=0.954099, pdf_ele=0.217146, pdf_muon=4.13379, photon_id=4.71699, pileup=1.45512, scale_ele=1.83732, scale_muon=6.86208
RooProdPdf::model_s[ modelObs_s * nuisancePdf ]
     getLogVal() top-level p.d.f evaluates to zero @ !pdfs=(modelObs_s = 0/1,nuisancePdf = 1)

[#0] WARNING:Minization -- RooMinimizerFcn: Minimized function has error status.
Returning maximum FCN so far (818.441) to force MIGRAD to back out of this region. Error log follows
Parameter values: JER_ele=5.72295, JER_muon=-2.17241, JES_ele=6.97221, JES_muon=1.00188, QCD_stat_ele=-6.64642, QCD_stat_muon=3.44282, VBS_stat_ele=6.64299, VBS_stat_muon=-6.33883, ele_efficiency=1.77332, ele_trigger=6.52233, fakephoton_ele=6.61793, fakephoton_muon=-1.59679, interference=2.9316, lumi=1.54117, mu_efficiency=6.37876, mu_trigger=-6.95378, non_prompt_stat_ele=5.87755, non_prompt_stat_muon=6.17522, others_stat_ele=6.93838, others_stat_muon=-4.27789, others_xs=-5.48412, param=0.166029, pdf_ele=6.81063, pdf_muon=6.97558, photon_id=4.60726, pileup=3.23542, scale_ele=-6.0509, scale_muon=-4.49117
RooProdPdf::model_s[ modelObs_s * nuisancePdf ]
     getLogVal() top-level p.d.f evaluates to zero @ !pdfs=(modelObs_s = 0/1,nuisancePdf = 1)

[#0] WARNING:Minization -- RooMinimizerFcn: Minimized function has error status.
Returning maximum FCN so far (1049.32) to force MIGRAD to back out of this region. Error log follows
Parameter values: JER_ele=4.14609, JER_muon=6.97775, JES_ele=2.50363, JES_muon=6.07753, QCD_stat_ele=6.28199, QCD_stat_muon=6.91916, VBS_stat_ele=0.827585, VBS_stat_muon=5.51872, ele_efficiency=-0.796852, ele_trigger=3.593, fakephoton_ele=-5.47241, fakephoton_muon=6.73186, interference=5.66736, lumi=2.08655, mu_efficiency=-1.15557, mu_trigger=4.72066, non_prompt_stat_ele=2.24248, non_prompt_stat_muon=5.55704, others_stat_ele=0.937521, others_stat_muon=2.85856, others_xs=5.85169, param=0.899409, pdf_ele=-1.53627, pdf_muon=4.03777, photon_id=6.23968, pileup=6.04836, scale_ele=3.25899, scale_muon=6.95027
RooProdPdf::model_s[ modelObs_s * nuisancePdf ]
     getLogVal() top-level p.d.f evaluates to zero @ !pdfs=(modelObs_s = 0/1,nuisancePdf = 1)

[#0] WARNING:Minization -- RooMinimizerFcn: Minimized function has error status.
Returning maximum FCN so far (1049.32) to force MIGRAD to back out of this region. Error log follows
Parameter values: JER_ele=4.83269, JER_muon=3.70561, JES_ele=6.3297, JES_muon=-6.93236, QCD_stat_ele=-1.23067, QCD_stat_muon=-6.85895, VBS_stat_ele=5.79496, VBS_stat_muon=0.481629, ele_efficiency=1.262, ele_trigger=5.6313, fakephoton_ele=4.82574, fakephoton_muon=-6.71812, interference=6.41765, lumi=6.08452, mu_efficiency=4.94729, mu_trigger=-2.01332, non_prompt_stat_ele=6.99572, non_prompt_stat_muon=-6.45349, others_stat_ele=6.6788, others_stat_muon=-4.93589, others_xs=1.54995, param=0.0483104, pdf_ele=6.78163, pdf_muon=-4.38103, photon_id=-0.212153, pileup=3.01394, scale_ele=0.0166872, scale_muon=-5.7525
RooProdPdf::model_s[ modelObs_s * nuisancePdf ]
     getLogVal() top-level p.d.f evaluates to zero @ !pdfs=(modelObs_s = 0/1,nuisancePdf = 1)

[#0] WARNING:Minization -- RooMinimizerFcn: Minimized function has error status.
Returning maximum FCN so far (1049.32) to force MIGRAD to back out of this region. Error log follows
Parameter values: JER_ele=4.90921, JER_muon=2.8548, JES_ele=6.41104, JES_muon=-6.87353, QCD_stat_ele=-1.92313, QCD_stat_muon=-5.80931, VBS_stat_ele=5.91585, VBS_stat_muon=-1.1738, ele_efficiency=1.31245, ele_trigger=5.71353, fakephoton_ele=5.31241, fakephoton_muon=-6.99944, interference=6.00318, lumi=5.54889, mu_efficiency=5.26348, mu_trigger=-3.60546, non_prompt_stat_ele=6.97819, non_prompt_stat_muon=-6.57574, others_stat_ele=6.75229, others_stat_muon=-6.17169, others_xs=0.332644, param=0.0637845, pdf_ele=6.85862, pdf_muon=-1.71331, photon_id=2.55208, pileup=2.95693, scale_ele=-0.568972, scale_muon=-0.575402
RooProdPdf::model_s[ modelObs_s * nuisancePdf ]
     getLogVal() top-level p.d.f evaluates to zero @ !pdfs=(modelObs_s = 0/1,nuisancePdf = 1)

[#0] WARNING:Minization -- RooMinimizerFcn: Minimized function has error status.
Returning maximum FCN so far (1049.32) to force MIGRAD to back out of this region. Error log follows
Parameter values: JER_ele=5.07296, JER_muon=1.70296, JES_ele=6.55343, JES_muon=-6.02498, QCD_stat_ele=-2.97681, QCD_stat_muon=-1.0963, VBS_stat_ele=6.08847, VBS_stat_muon=-2.7349, ele_efficiency=1.38266, ele_trigger=5.88106, fakephoton_ele=5.57156, fakephoton_muon=-6.61398, interference=5.44336, lumi=4.8548, mu_efficiency=5.54818, mu_trigger=-5.01977, non_prompt_stat_ele=6.91088, non_prompt_stat_muon=-2.96152, others_stat_ele=6.85631, others_stat_muon=-6.87725, others_xs=-1.06586, param=0.0815634, pdf_ele=6.93974, pdf_muon=1.28645, photon_id=5.09388, pileup=3.05985, scale_ele=-1.65326, scale_muon=5.07896
RooProdPdf::model_s[ modelObs_s * nuisancePdf ]
     getLogVal() top-level p.d.f evaluates to zero @ !pdfs=(modelObs_s = 0/1,nuisancePdf = 1)

[#0] WARNING:Minization -- RooMinimizerFcn: Minimized function has error status.
Returning maximum FCN so far (1049.32) to force MIGRAD to back out of this region. Error log follows
Parameter values: JER_ele=-4.04471, JER_muon=-5.60606, JES_ele=-6.22688, JES_muon=6.9961, QCD_stat_ele=1.6023, QCD_stat_muon=6.15726, VBS_stat_ele=-5.8753, VBS_stat_muon=0.613016, ele_efficiency=-1.67802, ele_trigger=-5.15214, fakephoton_ele=-6.94117, fakephoton_muon=6.58028, interference=-6.63466, lumi=-5.48466, mu_efficiency=-5.66695, mu_trigger=2.94512, non_prompt_stat_ele=-6.9116, non_prompt_stat_muon=6.88842, others_stat_ele=-6.8756, others_stat_muon=6.41843, others_xs=-1.645, param=0.449198, pdf_ele=-6.99958, pdf_muon=1.34245, photon_id=-2.17255, pileup=-0.536963, scale_ele=1.33021, scale_muon=-0.487167
RooProdPdf::model_s[ modelObs_s * nuisancePdf ]
     getLogVal() top-level p.d.f evaluates to zero @ !pdfs=(modelObs_s = 0/1,nuisancePdf = 1)

[#0] WARNING:Minization -- RooMinimizerFcn: Minimized function has error status.
Returning maximum FCN so far (1049.32) to force MIGRAD to back out of this region. Error log follows
Parameter values: JER_ele=5.27532, JER_muon=0.410684, JES_ele=6.70829, JES_muon=-4.34926, QCD_stat_ele=-4.21926, QCD_stat_muon=4.60196, VBS_stat_ele=6.28938, VBS_stat_muon=-4.23357, ele_efficiency=1.47291, ele_trigger=6.08064, fakephoton_ele=5.85811, fakephoton_muon=-5.46109, interference=4.72284, lumi=3.97064, mu_efficiency=5.82588, mu_trigger=-6.15754, non_prompt_stat_ele=6.75809, non_prompt_stat_muon=2.71356, others_stat_ele=6.94916, others_stat_muon=-6.93513, others_xs=-2.54837, param=0.103104, pdf_ele=6.99399, pdf_muon=4.20702, photon_id=6.74344, pileup=3.17714, scale_ele=-2.98356, scale_muon=6.87055
RooProdPdf::model_s[ modelObs_s * nuisancePdf ]
     getLogVal() top-level p.d.f evaluates to zero @ !pdfs=(modelObs_s = 0/1,nuisancePdf = 1)

[#0] WARNING:Minization -- RooMinimizerFcn: Minimized function has error status.
Returning maximum FCN so far (1049.32) to force MIGRAD to back out of this region. Error log follows
Parameter values: JER_ele=5.5055, JER_muon=-1.02071, JES_ele=6.85158, JES_muon=-1.86175, QCD_stat_ele=-5.47136, QCD_stat_muon=6.9619, VBS_stat_ele=6.49944, VBS_stat_muon=-5.5753, ele_efficiency=1.58137, ele_trigger=6.29607, fakephoton_ele=6.16278, fakephoton_muon=-3.47921, interference=3.80681, lumi=2.86279, mu_efficiency=6.09899, mu_trigger=-6.86886, non_prompt_stat_ele=6.47811, non_prompt_stat_muon=6.76732, others_stat_ele=6.99839, others_stat_muon=-6.17258, others_xs=-4.05119, param=0.129596, pdf_ele=6.98441, pdf_muon=6.38523, photon_id=6.75114, pileup=3.30653, scale_ele=-4.41733, scale_muon=2.30737
RooProdPdf::model_s[ modelObs_s * nuisancePdf ]
     getLogVal() top-level p.d.f evaluates to zero @ !pdfs=(modelObs_s = 0/1,nuisancePdf = 1)

[#0] WARNING:Minization -- RooMinimizerFcn: Minimized function has error status.
Returning maximum FCN so far (1049.32) to force MIGRAD to back out of this region. Error log follows
Parameter values: JER_ele=5.75924, JER_muon=-2.58192, JES_ele=6.95965, JES_muon=1.27771, QCD_stat_ele=-6.50984, QCD_stat_muon=2.63507, VBS_stat_ele=6.7023, VBS_stat_muon=-6.59359, ele_efficiency=1.7096, ele_trigger=6.51577, fakephoton_ele=6.46601, fakephoton_muon=-0.681702, interference=2.64594, lumi=1.48822, mu_efficiency=6.36631, mu_trigger=-6.92481, non_prompt_stat_ele=6.01595, non_prompt_stat_muon=5.01362, others_stat_ele=6.96763, others_stat_muon=-4.39627, others_xs=-5.46423, param=0.162852, pdf_ele=6.86724, pdf_muon=6.92528, photon_id=4.45381, pileup=3.45207, scale_ele=-5.77572, scale_muon=-5.2128
RooProdPdf::model_s[ modelObs_s * nuisancePdf ]
     getLogVal() top-level p.d.f evaluates to zero @ !pdfs=(modelObs_s = 0/1,nuisancePdf = 1)

[#0] WARNING:Minization -- RooMinimizerFcn: Minimized function has error status.
Returning maximum FCN so far (1049.32) to force MIGRAD to back out of this region. Error log follows
Parameter values: JER_ele=6.03496, JER_muon=-4.22477, JES_ele=6.99957, JES_muon=4.57364, QCD_stat_ele=-6.99859, QCD_stat_muon=-5.37208, VBS_stat_ele=6.87737, VBS_stat_muon=-6.99912, ele_efficiency=1.86263, ele_trigger=6.72655, fakephoton_ele=6.74255, fakephoton_muon=2.69653, interference=1.17429, lumi=-0.201197, mu_efficiency=6.62116, mu_trigger=-5.98867, non_prompt_stat_ele=5.28953, non_prompt_stat_muon=-2.75303, others_stat_ele=6.80389, others_stat_muon=-1.46791, others_xs=-6.57919, param=0.2058, pdf_ele=6.57814, pdf_muon=4.8279, photon_id=-0.211833, pileup=3.6203, scale_ele=-6.77219, scale_muon=-5.60778
RooProdPdf::model_s[ modelObs_s * nuisancePdf ]
     getLogVal() top-level p.d.f evaluates to zero @ !pdfs=(modelObs_s = 0/1,nuisancePdf = 1)

[#0] WARNING:Minization -- RooMinimizerFcn: Minimized function has error status.
Returning maximum FCN so far (1049.32) to force MIGRAD to back out of this region. Error log follows
Parameter values: JER_ele=6.33055, JER_muon=-5.80036, JES_ele=6.91348, JES_muon=6.83764, QCD_stat_ele=-6.39141, QCD_stat_muon=-4.68517, VBS_stat_ele=6.98842, VBS_stat_muon=-6.29751, ele_efficiency=2.05033, ele_trigger=6.9052, fakephoton_ele=6.9475, fakephoton_muon=5.87039, interference=-0.686559, lumi=-2.23681, mu_efficiency=6.84485, mu_trigger=-3.61643, non_prompt_stat_ele=4.16636, non_prompt_stat_muon=-6.69678, others_stat_ele=6.41573, others_stat_muon=2.45261, others_xs=-6.99122, param=0.263451, pdf_ele=6.00772, pdf_muon=-0.322235, photon_id=-5.52026, pileup=3.8217, scale_ele=-6.89957, scale_muon=4.72081
RooProdPdf::model_s[ modelObs_s * nuisancePdf ]
     getLogVal() top-level p.d.f evaluates to zero @ !pdfs=(modelObs_s = 0/1,nuisancePdf = 1)

[#0] WARNING:Minization -- RooMinimizerFcn: Minimized function has error status.
Returning maximum FCN so far (1128.66) to force MIGRAD to back out of this region. Error log follows
Parameter values: JER_ele=0.934539, JER_muon=3.29859, JES_ele=0.892699, JES_muon=3.82901, QCD_stat_ele=2.23807, QCD_stat_muon=6.66545, VBS_stat_ele=0.131528, VBS_stat_muon=1.72234, ele_efficiency=-0.0675094, ele_trigger=0.957724, fakephoton_ele=-1.30177, fakephoton_muon=4.26714, interference=1.94125, lumi=1.32991, mu_efficiency=0.304004, mu_trigger=2.84771, non_prompt_stat_ele=0.773484, non_prompt_stat_muon=6.92218, others_stat_ele=0.565413, others_stat_muon=2.78922, others_xs=2.74834, param=0.898955, pdf_ele=0.121344, pdf_muon=3.76358, photon_id=4.34707, pileup=1.43451, scale_ele=1.61812, scale_muon=6.61415
RooProdPdf::model_s[ modelObs_s * nuisancePdf ]
     getLogVal() top-level p.d.f evaluates to zero @ !pdfs=(modelObs_s = 0/1,nuisancePdf = 1)

[#0] WARNING:Minization -- RooMinimizerFcn: Minimized function has error status.
Returning maximum FCN so far (1128.66) to force MIGRAD to back out of this region. Error log follows
Parameter values: JER_ele=6.21633, JER_muon=-5.26955, JES_ele=6.85793, JES_muon=6.94051, QCD_stat_ele=-5.97838, QCD_stat_muon=-3.72294, VBS_stat_ele=6.9936, VBS_stat_muon=-6.44386, ele_efficiency=2.27251, ele_trigger=6.90104, fakephoton_ele=6.97141, fakephoton_muon=5.28402, interference=-0.373237, lumi=-2.7315, mu_efficiency=6.92501, mu_trigger=-3.22212, non_prompt_stat_ele=3.67255, non_prompt_stat_muon=-6.96216, others_stat_ele=6.12057, others_stat_muon=3.69734, others_xs=-6.95654, param=0.032877, pdf_ele=5.43404, pdf_muon=-1.37223, photon_id=-6.1996, pileup=3.00619, scale_ele=-6.52037, scale_muon=5.82822
RooProdPdf::model_s[ modelObs_s * nuisancePdf ]
     getLogVal() top-level p.d.f evaluates to zero @ !pdfs=(modelObs_s = 0/1,nuisancePdf = 1)

[#0] WARNING:Minization -- RooMinimizerFcn: Minimized function has error status.
Returning maximum FCN so far (1128.66) to force MIGRAD to back out of this region. Error log follows
Parameter values: JER_ele=-2.74136, JER_muon=6.36908, JES_ele=-6.07679, JES_muon=-4.37308, QCD_stat_ele=4.65002, QCD_stat_muon=-5.17435, VBS_stat_ele=6.82159, VBS_stat_muon=2.09832, ele_efficiency=0.133051, ele_trigger=6.94238, fakephoton_ele=4.18031, fakephoton_muon=-6.26339, interference=6.99951, lumi=6.01275, mu_efficiency=-1.07346, mu_trigger=-6.99755, non_prompt_stat_ele=6.36143, non_prompt_stat_muon=-3.79791, others_stat_ele=-0.915868, others_stat_muon=-6.16366, others_xs=-2.20516, param=0.342882, pdf_ele=2.32348, pdf_muon=-4.58348, photon_id=-6.61139, pileup=-1.94597, scale_ele=-3.37605, scale_muon=-6.00744
RooProdPdf::model_s[ modelObs_s * nuisancePdf ]
     getLogVal() top-level p.d.f evaluates to zero @ !pdfs=(modelObs_s = 0/1,nuisancePdf = 1)

[#0] WARNING:Minization -- RooMinimizerFcn: Minimized function has error status.
Returning maximum FCN so far (1128.66) to force MIGRAD to back out of this region. Error log follows
Parameter values: JER_ele=5.34299, JER_muon=-1.58663, JES_ele=6.60929, JES_muon=0.315547, QCD_stat_ele=-4.92442, QCD_stat_muon=6.48061, VBS_stat_ele=6.201, VBS_stat_muon=-6.08652, ele_efficiency=1.39649, ele_trigger=6.01668, fakephoton_ele=5.31013, fakephoton_muon=-1.41849, interference=3.18541, lumi=2.60203, mu_efficiency=6.24194, mu_trigger=-6.99984, non_prompt_stat_ele=6.8544, non_prompt_stat_muon=5.98551, others_stat_ele=6.93058, others_stat_muon=-5.81548, others_xs=-4.27458, param=0.198839, pdf_ele=6.97577, pdf_muon=6.98373, photon_id=6.35313, pileup=3.35044, scale_ele=-2.01688, scale_muon=-3.35768
RooProdPdf::model_s[ modelObs_s * nuisancePdf ]
     getLogVal() top-level p.d.f evaluates to zero @ !pdfs=(modelObs_s = 0/1,nuisancePdf = 1)

[#0] WARNING:Minization -- RooMinimizerFcn: Minimized function has error status.
Returning maximum FCN so far (1128.66) to force MIGRAD to back out of this region. Error log follows
Parameter values: JER_ele=5.6959, JER_muon=-3.39345, JES_ele=6.94827, JES_muon=3.22819, QCD_stat_ele=-6.28452, QCD_stat_muon=-2.36012, VBS_stat_ele=6.61728, VBS_stat_muon=-6.80225, ele_efficiency=1.68445, ele_trigger=6.47899, fakephoton_ele=6.40765, fakephoton_muon=1.02212, interference=2.04077, lumi=0.861191, mu_efficiency=6.51173, mu_trigger=-6.55248, non_prompt_stat_ele=6.12301, non_prompt_stat_muon=1.40239, others_stat_ele=6.98178, others_stat_muon=-2.83823, others_xs=-6.01958, param=0.249894, pdf_ele=6.90011, pdf_muon=6.13635, photon_id=2.67048, pileup=3.52151, scale_ele=-5.62611, scale_muon=-6.99137
RooProdPdf::model_s[ modelObs_s * nuisancePdf ]
     getLogVal() top-level p.d.f evaluates to zero @ !pdfs=(modelObs_s = 0/1,nuisancePdf = 1)

[#0] WARNING:Minization -- RooMinimizerFcn: Minimized function has error status.
Returning maximum FCN so far (1128.66) to force MIGRAD to back out of this region. Error log follows
Parameter values: JER_ele=6.10346, JER_muon=-5.01288, JES_ele=6.99173, JES_muon=6.1209, QCD_stat_ele=-6.97404, QCD_stat_muon=-6.94707, VBS_stat_ele=6.88724, VBS_stat_muon=-6.9212, ele_efficiency=1.90617, ele_trigger=6.77803, fakephoton_ele=6.79848, fakephoton_muon=4.47775, interference=0.350187, lumi=-1.10954, mu_efficiency=6.7499, mu_trigger=-4.8955, non_prompt_stat_ele=5.06508, non_prompt_stat_muon=-6.34957, others_stat_ele=6.72895, others_stat_muon=0.600992, others_xs=-6.91194, param=0.307564, pdf_ele=6.46583, pdf_muon=2.3242, photon_id=-3.0311, pileup=3.71497, scale_ele=-6.92823, scale_muon=-0.00230932
RooProdPdf::model_s[ modelObs_s * nuisancePdf ]
     getLogVal() top-level p.d.f evaluates to zero @ !pdfs=(modelObs_s = 0/1,nuisancePdf = 1)

[#0] WARNING:Minization -- RooMinimizerFcn: Minimized function has error status.
Returning maximum FCN so far (1128.66) to force MIGRAD to back out of this region. Error log follows
Parameter values: JER_ele=6.46838, JER_muon=-6.45926, JES_ele=6.79285, JES_muon=6.80763, QCD_stat_ele=-5.48255, QCD_stat_muon=2.23254, VBS_stat_ele=6.99964, VBS_stat_muon=-5.60687, ele_efficiency=2.15646, ele_trigger=6.9659, fakephoton_ele=6.99403, fakephoton_muon=6.87476, interference=-1.78586, lumi=-3.41881, mu_efficiency=6.94054, mu_trigger=-1.51168, non_prompt_stat_ele=3.46383, non_prompt_stat_muon=-2.26084, others_stat_ele=6.10441, others_stat_muon=4.7409, others_xs=-6.65644, param=0.385773, pdf_ele=5.58754, pdf_muon=-3.89779, photon_id=-6.9772, pileup=3.95006, scale_ele=-6.37712, scale_muon=6.56228
RooProdPdf::model_s[ modelObs_s * nuisancePdf ]
     getLogVal() top-level p.d.f evaluates to zero @ !pdfs=(modelObs_s = 0/1,nuisancePdf = 1)

[#0] WARNING:Minization -- RooMinimizerFcn: Minimized function has error status.
Returning maximum FCN so far (1128.66) to force MIGRAD to back out of this region. Error log follows
Parameter values: JER_ele=0.900319, JER_muon=3.17475, JES_ele=0.831276, JES_muon=3.59422, QCD_stat_ele=2.04997, QCD_stat_muon=6.4256, VBS_stat_ele=0.118237, VBS_stat_muon=1.58595, ele_efficiency=-0.0788391, ele_trigger=0.911222, fakephoton_ele=-1.3706, fakephoton_muon=4.04391, interference=1.84421, lumi=1.21595, mu_efficiency=0.252954, mu_trigger=2.65782, non_prompt_stat_ele=0.672602, non_prompt_stat_muon=6.78969, others_stat_ele=0.486773, others_stat_muon=2.5504, others_xs=2.58242, param=0.782116, pdf_ele=0.0479875, pdf_muon=3.47878, photon_id=4.05333, pileup=1.42062, scale_ele=1.43928, scale_muon=6.34264
RooProdPdf::model_s[ modelObs_s * nuisancePdf ]
     getLogVal() top-level p.d.f evaluates to zero @ !pdfs=(modelObs_s = 0/1,nuisancePdf = 1)

[#0] WARNING:Minization -- RooMinimizerFcn: Minimized function has error status.
Returning maximum FCN so far (1128.66) to force MIGRAD to back out of this region. Error log follows
Parameter values: JER_ele=4.74784, JER_muon=2.93776, JES_ele=6.26997, JES_muon=-6.84555, QCD_stat_ele=-0.919633, QCD_stat_muon=-5.38748, VBS_stat_ele=5.68184, VBS_stat_muon=-0.704198, ele_efficiency=1.24588, ele_trigger=5.55223, fakephoton_ele=5.08589, fakephoton_muon=-6.97131, interference=6.06715, lumi=5.66335, mu_efficiency=5.27135, mu_trigger=-3.64138, non_prompt_stat_ele=6.99996, non_prompt_stat_muon=-6.02178, others_stat_ele=6.63109, others_stat_muon=-6.13005, others_xs=0.555698, param=0.11795, pdf_ele=6.75404, pdf_muon=-1.54406, photon_id=2.31482, pileup=2.9415, scale_ele=0.371013, scale_muon=0.328616
RooProdPdf::model_s[ modelObs_s * nuisancePdf ]
     getLogVal() top-level p.d.f evaluates to zero @ !pdfs=(modelObs_s = 0/1,nuisancePdf = 1)

[#0] WARNING:Minization -- RooMinimizerFcn: Minimized function has error status.
Returning maximum FCN so far (1128.66) to force MIGRAD to back out of this region. Error log follows
Parameter values: JER_ele=-4.00554, JER_muon=-5.5171, JES_ele=-6.21447, JES_muon=6.94088, QCD_stat_ele=1.48874, QCD_stat_muon=5.36666, VBS_stat_ele=-5.75312, VBS_stat_muon=0.37185, ele_efficiency=-1.67072, ele_trigger=-5.12669, fakephoton_ele=-6.93492, fakephoton_muon=6.70391, interference=-6.60296, lumi=-5.39883, mu_efficiency=-5.73039, mu_trigger=3.32484, non_prompt_stat_ele=-6.92389, non_prompt_stat_muon=6.99594, others_stat_ele=-6.86817, others_stat_muon=6.61052, others_xs=-1.35448, param=0.358005, pdf_ele=-6.9986, pdf_muon=0.650129, photon_id=-2.73945, pileup=-0.548122, scale_ele=1.27838, scale_muon=-2.24518
RooProdPdf::model_s[ modelObs_s * nuisancePdf ]
     getLogVal() top-level p.d.f evaluates to zero @ !pdfs=(modelObs_s = 0/1,nuisancePdf = 1)

[#0] WARNING:Minization -- RooMinimizerFcn: Minimized function has error status.
Returning maximum FCN so far (1128.66) to force MIGRAD to back out of this region. Error log follows
Parameter values: JER_ele=4.99416, JER_muon=1.67337, JES_ele=6.49859, JES_muon=-5.84233, QCD_stat_ele=-2.50291, QCD_stat_muon=-0.345509, VBS_stat_ele=5.95472, VBS_stat_muon=-2.46488, ele_efficiency=1.35013, ele_trigger=5.81005, fakephoton_ele=5.45195, fakephoton_muon=-6.55647, interference=5.44057, lumi=4.85948, mu_efficiency=5.57738, mu_trigger=-5.15426, non_prompt_stat_ele=6.94943, non_prompt_stat_muon=-2.57355, others_stat_ele=6.81302, others_stat_muon=-6.91773, others_xs=-1.12693, param=0.143337, pdf_ele=6.90714, pdf_muon=1.61904, photon_id=5.18663, pileup=3.06537, scale_ele=-1.23861, scale_muon=5.69994
RooProdPdf::model_s[ modelObs_s * nuisancePdf ]
     getLogVal() top-level p.d.f evaluates to zero @ !pdfs=(modelObs_s = 0/1,nuisancePdf = 1)

[#0] WARNING:Minization -- RooMinimizerFcn: Minimized function has error status.
Returning maximum FCN so far (1128.66) to force MIGRAD to back out of this region. Error log follows
Parameter values: JER_ele=5.25042, JER_muon=0.366376, JES_ele=6.70091, JES_muon=-4.02843, QCD_stat_ele=-4.11624, QCD_stat_muon=5.21294, VBS_stat_ele=6.21677, VBS_stat_muon=-3.98677, ele_efficiency=1.46454, ele_trigger=6.06526, fakephoton_ele=5.82056, fakephoton_muon=-5.33624, interference=4.70177, lumi=3.92383, mu_efficiency=5.85714, mu_trigger=-6.26393, non_prompt_stat_ele=6.78116, non_prompt_stat_muon=3.16213, others_stat_ele=6.94309, others_stat_muon=-6.89175, others_xs=-2.68822, param=0.17195, pdf_ele=6.99135, pdf_muon=4.5179, photon_id=6.8254, pileup=3.18897, scale_ele=-2.93231, scale_muon=6.56876
RooProdPdf::model_s[ modelObs_s * nuisancePdf ]
     getLogVal() top-level p.d.f evaluates to zero @ !pdfs=(modelObs_s = 0/1,nuisancePdf = 1)

[#0] WARNING:Minization -- RooMinimizerFcn: Minimized function has error status.
Returning maximum FCN so far (1128.66) to force MIGRAD to back out of this region. Error log follows
Parameter values: JER_ele=5.551, JER_muon=-1.23766, JES_ele=6.86269, JES_muon=-1.46035, QCD_stat_ele=-5.54368, QCD_stat_muon=6.8229, VBS_stat_ele=6.44585, VBS_stat_muon=-5.37118, ele_efficiency=1.55985, ele_trigger=6.32694, fakephoton_ele=6.06916, fakephoton_muon=-3.1902, interference=3.71968, lumi=2.82318, mu_efficiency=6.09896, mu_trigger=-6.90877, non_prompt_stat_ele=6.47617, non_prompt_stat_muon=6.90508, others_stat_ele=6.99845, others_stat_muon=-6.08017, others_xs=-4.23517, param=0.200414, pdf_ele=6.9884, pdf_muon=6.50407, photon_id=6.64492, pileup=3.4627, scale_ele=-4.49521, scale_muon=1.30078
RooProdPdf::model_s[ modelObs_s * nuisancePdf ]
     getLogVal() top-level p.d.f evaluates to zero @ !pdfs=(modelObs_s = 0/1,nuisancePdf = 1)

[#0] WARNING:Minization -- RooMinimizerFcn: Minimized function has error status.
Returning maximum FCN so far (1128.66) to force MIGRAD to back out of this region. Error log follows
Parameter values: JER_ele=5.86878, JER_muon=-3.13153, JES_ele=6.9759, JES_muon=2.18859, QCD_stat_ele=-6.67185, QCD_stat_muon=0.661741, VBS_stat_ele=6.67859, VBS_stat_muon=-6.5877, ele_efficiency=1.68712, ele_trigger=6.58411, fakephoton_ele=6.37938, fakephoton_muon=0.22825, interference=2.30491, lumi=1.25199, mu_efficiency=6.38711, mu_trigger=-6.81037, non_prompt_stat_ele=5.93409, non_prompt_stat_muon=3.46927, others_stat_ele=6.95664, others_stat_muon=-3.94439, others_xs=-5.80204, param=0.243625, pdf_ele=6.86723, pdf_muon=6.74328, photon_id=3.62316, pileup=3.73259, scale_ele=-5.979, scale_muon=-6.45599
RooProdPdf::model_s[ modelObs_s * nuisancePdf ]
     getLogVal() top-level p.d.f evaluates to zero @ !pdfs=(modelObs_s = 0/1,nuisancePdf = 1)

[#0] WARNING:Minization -- RooMinimizerFcn: Minimized function has error status.
Returning maximum FCN so far (1128.66) to force MIGRAD to back out of this region. Error log follows
Parameter values: JER_ele=6.22318, JER_muon=-5.16179, JES_ele=6.98741, JES_muon=5.77558, QCD_stat_ele=-6.94707, QCD_stat_muon=-6.95002, VBS_stat_ele=6.87739, VBS_stat_muon=-6.97186, ele_efficiency=1.83235, ele_trigger=6.82253, fakephoton_ele=6.64943, fakephoton_muon=4.31741, interference=0.375973, lumi=-0.758321, mu_efficiency=6.66199, mu_trigger=-5.25908, non_prompt_stat_ele=5.03437, non_prompt_stat_muon=-5.85979, others_stat_ele=6.7417, others_stat_muon=-0.295858, others_xs=-6.87828, param=0.298696, pdf_ele=6.55483, pdf_muon=3.36741, photon_id=-2.23976, pileup=4.11324, scale_ele=-6.92488, scale_muon=-2.03494
RooProdPdf::model_s[ modelObs_s * nuisancePdf ]
     getLogVal() top-level p.d.f evaluates to zero @ !pdfs=(modelObs_s = 0/1,nuisancePdf = 1)

[#0] WARNING:Minization -- RooMinimizerFcn: Minimized function has error status.
Returning maximum FCN so far (1128.66) to force MIGRAD to back out of this region. Error log follows
Parameter values: JER_ele=6.43786, JER_muon=-6.20794, JES_ele=6.84799, JES_muon=7, QCD_stat_ele=-5.92972, QCD_stat_muon=-1.6374, VBS_stat_ele=6.99038, VBS_stat_muon=-6.22011, ele_efficiency=2.07638, ele_trigger=6.94981, fakephoton_ele=6.94735, fakephoton_muon=6.48737, interference=-1.20907, lumi=-2.72769, mu_efficiency=6.88088, mu_trigger=-2.70199, non_prompt_stat_ele=3.80551, non_prompt_stat_muon=-5.20709, others_stat_ele=6.26935, others_stat_muon=3.49126, others_xs=-6.87987, param=0.3513, pdf_ele=5.85766, pdf_muon=-1.90322, photon_id=-6.46442, pileup=4.06379, scale_ele=-6.66732, scale_muon=6.7316
RooProdPdf::model_s[ modelObs_s * nuisancePdf ]
     getLogVal() top-level p.d.f evaluates to zero @ !pdfs=(modelObs_s = 0/1,nuisancePdf = 1)

[#0] WARNING:Minization -- RooMinimizerFcn: Minimized function has error status.
Returning maximum FCN so far (1128.66) to force MIGRAD to back out of this region. Error log follows
Parameter values: JER_ele=6.79923, JER_muon=-6.96483, JES_ele=6.31237, JES_muon=3.26729, QCD_stat_ele=-1.92718, QCD_stat_muon=5.13546, VBS_stat_ele=6.9215, VBS_stat_muon=-2.5225, ele_efficiency=2.33442, ele_trigger=6.97874, fakephoton_ele=6.97094, fakephoton_muon=5.5692, interference=-4.15826, lumi=-5.41613, mu_efficiency=6.99996, mu_trigger=2.81823, non_prompt_stat_ele=1.55628, non_prompt_stat_muon=6.97244, others_stat_ele=5.18934, others_stat_muon=6.94833, others_xs=-4.58706, param=0.464634, pdf_ele=4.53545, pdf_muon=-6.99387, photon_id=-3.42364, pileup=4.55148, scale_ele=-3.88316, scale_muon=-5.69182
RooProdPdf::model_s[ modelObs_s * nuisancePdf ]
     getLogVal() top-level p.d.f evaluates to zero @ !pdfs=(modelObs_s = 0/1,nuisancePdf = 1)

[#0] WARNING:Minization -- RooMinimizerFcn: Minimized function has error status.
Returning maximum FCN so far (1128.66) to force MIGRAD to back out of this region. Error log follows
Parameter values: JER_ele=0.887205, JER_muon=3.14434, JES_ele=0.812591, JES_muon=3.54233, QCD_stat_ele=1.9929, QCD_stat_muon=6.36774, VBS_stat_ele=0.105098, VBS_stat_muon=1.54897, ele_efficiency=-0.0816882, ele_trigger=0.895551, fakephoton_ele=-1.38698, fakephoton_muon=3.99433, interference=1.81872, lumi=1.18853, mu_efficiency=0.243302, mu_trigger=2.61631, non_prompt_stat_ele=0.644456, non_prompt_stat_muon=6.75314, others_stat_ele=0.464941, others_stat_muon=2.50307, others_xs=2.54436, param=0.774547, pdf_ele=0.0264245, pdf_muon=3.41587, photon_id=3.98312, pileup=1.41383, scale_ele=1.38767, scale_muon=6.27549
RooProdPdf::model_s[ modelObs_s * nuisancePdf ]
     getLogVal() top-level p.d.f evaluates to zero @ !pdfs=(modelObs_s = 0/1,nuisancePdf = 1)

[#0] WARNING:Minization -- RooMinimizerFcn: Minimized function has error status.
Returning maximum FCN so far (1128.66) to force MIGRAD to back out of this region. Error log follows
Parameter values: JER_ele=-5.99052, JER_muon=-6.75998, JES_ele=2.72984, JES_muon=-2.03068, QCD_stat_ele=6.75208, QCD_stat_muon=4.41247, VBS_stat_ele=-0.333651, VBS_stat_muon=4.85105, ele_efficiency=-4.5565, ele_trigger=-2.64715, fakephoton_ele=4.99752, fakephoton_muon=-6.7999, interference=0.187417, lumi=-5.21391, mu_efficiency=-1.52441, mu_trigger=5.87121, non_prompt_stat_ele=5.50345, non_prompt_stat_muon=4.3902, others_stat_ele=6.3918, others_stat_muon=-6.34375, others_xs=0.494895, param=1.35579, pdf_ele=6.99893, pdf_muon=-3.9913, photon_id=-5.12198, pileup=-4.14333, scale_ele=6.01824, scale_muon=-2.47262
RooProdPdf::model_s[ modelObs_s * nuisancePdf ]
     getLogVal() top-level p.d.f evaluates to zero @ !pdfs=(modelObs_s = 0/1,nuisancePdf = 1)

[#0] WARNING:Minization -- RooMinimizerFcn: Minimized function has error status.
Returning maximum FCN so far (1128.66) to force MIGRAD to back out of this region. Error log follows
Parameter values: JER_ele=2.74412, JER_muon=6.96814, JES_ele=3.67656, JES_muon=4.25596, QCD_stat_ele=6.99775, QCD_stat_muon=-2.87421, VBS_stat_ele=3.11058, VBS_stat_muon=6.98804, ele_efficiency=0.506903, ele_trigger=3.21109, fakephoton_ele=1.68751, fakephoton_muon=4.14148, interference=6.2144, lumi=6.18024, mu_efficiency=2.7288, mu_trigger=6.70664, non_prompt_stat_ele=4.72623, non_prompt_stat_muon=-2.39058, others_stat_ele=3.84465, others_stat_muon=6.16248, others_xs=6.99952, param=0.00846431, pdf_ele=3.84428, pdf_muon=0.956771, photon_id=-1.04988, pileup=2.11259, scale_ele=6.96183, scale_muon=-0.18037
RooProdPdf::model_s[ modelObs_s * nuisancePdf ]
     getLogVal() top-level p.d.f evaluates to zero @ !pdfs=(modelObs_s = 0/1,nuisancePdf = 1)

[#0] WARNING:Minization -- RooMinimizerFcn: Minimized function has error status.
Returning maximum FCN so far (1128.66) to force MIGRAD to back out of this region. Error log follows
Parameter values: JER_ele=3.22042, JER_muon=6.86307, JES_ele=4.38139, JES_muon=0.527245, QCD_stat_ele=6.47409, QCD_stat_muon=5.44617, VBS_stat_ele=3.76989, VBS_stat_muon=6.29562, ele_efficiency=0.671912, ele_trigger=3.79856, fakephoton_ele=2.52341, fakephoton_muon=1.23042, interference=6.80489, lumi=6.83046, mu_efficiency=3.40628, mu_trigger=5.23993, non_prompt_stat_ele=5.582, non_prompt_stat_muon=4.89207, others_stat_ele=4.65724, others_stat_muon=3.62802, others_xs=6.56526, param=0.0223122, pdf_ele=4.72707, pdf_muon=-3.8137, photon_id=-5.58733, pileup=2.30379, scale_ele=6.77676, scale_muon=6.91245
RooProdPdf::model_s[ modelObs_s * nuisancePdf ]
     getLogVal() top-level p.d.f evaluates to zero @ !pdfs=(modelObs_s = 0/1,nuisancePdf = 1)

[#0] WARNING:Minization -- RooMinimizerFcn: Minimized function has error status.
Returning maximum FCN so far (1128.66) to force MIGRAD to back out of this region. Error log follows
Parameter values: JER_ele=3.51852, JER_muon=6.54694, JES_ele=4.79711, JES_muon=-1.72915, QCD_stat_ele=5.65932, QCD_stat_muon=6.95056, VBS_stat_ele=4.16162, VBS_stat_muon=5.52505, ele_efficiency=0.776193, ele_trigger=4.15659, fakephoton_ele=3.03935, fakephoton_muon=-1.08545, interference=6.96152, lumi=6.98165, mu_efficiency=3.76718, mu_trigger=3.96765, non_prompt_stat_ele=6.04158, non_prompt_stat_muon=6.99953, others_stat_ele=5.12627, others_stat_muon=1.84924, others_xs=5.95867, param=0.0335076, pdf_ele=5.22852, pdf_muon=-5.84114, photon_id=-6.86584, pileup=2.42013, scale_ele=6.19992, scale_muon=5.29827
RooProdPdf::model_s[ modelObs_s * nuisancePdf ]
     getLogVal() top-level p.d.f evaluates to zero @ !pdfs=(modelObs_s = 0/1,nuisancePdf = 1)

[#0] WARNING:Minization -- RooMinimizerFcn: Minimized function has error status.
Returning maximum FCN so far (1128.66) to force MIGRAD to back out of this region. Error log follows
Parameter values: JER_ele=3.77991, JER_muon=6.0772, JES_ele=5.14793, JES_muon=-3.71729, QCD_stat_ele=4.65632, QCD_stat_muon=4.59054, VBS_stat_ele=4.50222, VBS_stat_muon=4.52555, ele_efficiency=0.870733, ele_trigger=4.46641, fakephoton_ele=3.4889, fakephoton_muon=-2.98115, interference=6.99812, lumi=6.98251, mu_efficiency=4.1007, mu_trigger=2.5291, non_prompt_stat_ele=6.38243, non_prompt_stat_muon=5.33075, others_stat_ele=5.51138, others_stat_muon=-0.0609573, others_xs=5.14212, param=0.0460036, pdf_ele=5.63567, pdf_muon=-6.86662, photon_id=-6.81926, pileup=2.52672, scale_ele=5.39788, scale_muon=0.389896
RooProdPdf::model_s[ modelObs_s * nuisancePdf ]
     getLogVal() top-level p.d.f evaluates to zero @ !pdfs=(modelObs_s = 0/1,nuisancePdf = 1)

[#0] WARNING:Minization -- RooMinimizerFcn: Minimized function has error status.
Returning maximum FCN so far (1128.66) to force MIGRAD to back out of this region. Error log follows
Parameter values: JER_ele=4.02271, JER_muon=5.4949, JES_ele=5.45822, JES_muon=-5.27704, QCD_stat_ele=3.49813, QCD_stat_muon=0.0936026, VBS_stat_ele=4.81048, VBS_stat_muon=3.41149, ele_efficiency=0.960722, ele_trigger=4.74885, fakephoton_ele=3.90061, fakephoton_muon=-4.58629, interference=6.9275, lumi=6.8522, mu_efficiency=4.40391, mu_trigger=1.0397, non_prompt_stat_ele=6.64081, non_prompt_stat_muon=1.36306, others_stat_ele=5.84205, others_stat_muon=-1.85355, others_xs=4.19616, param=0.0596349, pdf_ele=5.97926, pdf_muon=-6.89558, photon_id=-5.65583, pileup=2.62754, scale_ele=4.4164, scale_muon=-4.56287
RooProdPdf::model_s[ modelObs_s * nuisancePdf ]
     getLogVal() top-level p.d.f evaluates to zero @ !pdfs=(modelObs_s = 0/1,nuisancePdf = 1)

[#0] WARNING:Minization -- RooMinimizerFcn: Minimized function has error status.
Returning maximum FCN so far (1128.66) to force MIGRAD to back out of this region. Error log follows
Parameter values: JER_ele=4.25477, JER_muon=4.80135, JES_ele=5.73898, JES_muon=-6.37171, QCD_stat_ele=2.2163, QCD_stat_muon=-4.3922, VBS_stat_ele=5.09749, VBS_stat_muon=2.18583, ele_efficiency=1.04912, ele_trigger=5.01349, fakephoton_ele=4.28751, fakephoton_muon=-5.83096, interference=6.75881, lumi=6.60126, mu_efficiency=4.69009, mu_trigger=-0.478708, non_prompt_stat_ele=6.82838, non_prompt_stat_muon=-3.12581, others_stat_ele=6.13016, others_stat_muon=-3.50228, others_xs=3.12666, param=0.0747017, pdf_ele=6.27209, pdf_muon=-6.01769, photon_id=-3.62386, pileup=2.72628, scale_ele=3.28199, scale_muon=-6.96044
RooProdPdf::model_s[ modelObs_s * nuisancePdf ]
     getLogVal() top-level p.d.f evaluates to zero @ !pdfs=(modelObs_s = 0/1,nuisancePdf = 1)

[#0] WARNING:Minization -- RooMinimizerFcn: Minimized function has error status.
Returning maximum FCN so far (1128.66) to force MIGRAD to back out of this region. Error log follows
Parameter values: JER_ele=4.48191, JER_muon=3.99548, JES_ele=5.99656, JES_muon=-6.9374, QCD_stat_ele=0.830761, QCD_stat_muon=-6.8694, VBS_stat_ele=5.36995, VBS_stat_muon=0.866284, ele_efficiency=1.13825, ele_trigger=5.26668, fakephoton_ele=4.65812, fakephoton_muon=-6.65903, interference=6.49083, lumi=6.22868, mu_efficiency=4.96555, mu_trigger=-1.99026, non_prompt_stat_ele=6.9488, non_prompt_stat_muon=-6.32695, others_stat_ele=6.3818, others_stat_muon=-4.93646, others_xs=1.94342, param=0.0915283, pdf_ele=6.52002, pdf_muon=-4.33315, photon_id=-1.00019, pileup=2.82544, scale_ele=2.01008, scale_muon=-5.54648
RooProdPdf::model_s[ modelObs_s * nuisancePdf ]
     getLogVal() top-level p.d.f evaluates to zero @ !pdfs=(modelObs_s = 0/1,nuisancePdf = 1)

[#0] WARNING:Minization -- RooMinimizerFcn: Minimized function has error status.
Returning maximum FCN so far (1128.66) to force MIGRAD to back out of this region. Error log follows
Parameter values: JER_ele=4.70861, JER_muon=3.07007, JES_ele=6.23407, JES_muon=-6.90002, QCD_stat_ele=-0.636935, QCD_stat_muon=-6.04218, VBS_stat_ele=5.63217, VBS_stat_muon=-0.531423, ele_efficiency=1.23021, ele_trigger=5.51271, fakephoton_ele=5.01804, fakephoton_muon=-6.99656, interference=6.11482, lumi=5.72483, mu_efficiency=5.23494, mu_trigger=-3.45165, non_prompt_stat_ele=6.99902, non_prompt_stat_muon=-6.78914, others_stat_ele=6.5986, others_stat_muon=-6.07297, others_xs=0.653017, param=0.11056, pdf_ele=6.72374, pdf_muon=-1.98753, photon_id=1.87402, pileup=2.92726, scale_ele=0.614129, scale_muon=-0.881598
RooProdPdf::model_s[ modelObs_s * nuisancePdf ]
     getLogVal() top-level p.d.f evaluates to zero @ !pdfs=(modelObs_s = 0/1,nuisancePdf = 1)

[#0] WARNING:Minization -- RooMinimizerFcn: Minimized function has error status.
Returning maximum FCN so far (1128.66) to force MIGRAD to back out of this region. Error log follows
Parameter values: JER_ele=-3.9601, JER_muon=-5.69069, JES_ele=-6.17375, JES_muon=6.99267, QCD_stat_ele=1.23031, QCD_stat_muon=6.08589, VBS_stat_ele=-5.71109, VBS_stat_muon=0.00325869, ele_efficiency=-1.65506, ele_trigger=-5.07883, fakephoton_ele=-6.92267, fakephoton_muon=6.55632, interference=-6.67679, lumi=-5.55293, mu_efficiency=-5.6682, mu_trigger=2.93559, non_prompt_stat_ele=-6.9421, non_prompt_stat_muon=6.86202, others_stat_ele=-6.84714, others_stat_muon=6.42697, others_xs=-1.69113, param=0.356616, pdf_ele=-6.99554, pdf_muon=1.35485, photon_id=-2.0537, pileup=-0.517511, scale_ele=1.03167, scale_muon=-0.821668
RooProdPdf::model_s[ modelObs_s * nuisancePdf ]
     getLogVal() top-level p.d.f evaluates to zero @ !pdfs=(modelObs_s = 0/1,nuisancePdf = 1)

[#0] WARNING:Minization -- RooMinimizerFcn: Minimized function has error status.
Returning maximum FCN so far (1128.66) to force MIGRAD to back out of this region. Error log follows
Parameter values: JER_ele=4.93877, JER_muon=2.01424, JES_ele=6.45201, JES_muon=-6.17803, QCD_stat_ele=-2.15639, QCD_stat_muon=-1.91978, VBS_stat_ele=5.88677, VBS_stat_muon=-1.98418, ele_efficiency=1.32715, ele_trigger=5.75452, fakephoton_ele=5.37077, fakephoton_muon=-6.75264, interference=5.61457, lumi=5.07204, mu_efficiency=5.50164, mu_trigger=-4.80154, non_prompt_stat_ele=6.96944, non_prompt_stat_muon=-3.93954, others_stat_ele=6.77817, others_stat_muon=-6.80315, others_xs=-0.734852, param=0.132409, pdf_ele=6.87909, pdf_muon=0.790988, photon_id=4.55726, pileup=3.03406, scale_ele=-0.887618, scale_muon=4.54571
RooProdPdf::model_s[ modelObs_s * nuisancePdf ]
     getLogVal() top-level p.d.f evaluates to zero @ !pdfs=(modelObs_s = 0/1,nuisancePdf = 1)

[#0] WARNING:Minization -- RooMinimizerFcn: Minimized function has error status.
Returning maximum FCN so far (1128.66) to force MIGRAD to back out of this region. Error log follows
Parameter values: JER_ele=5.17607, JER_muon=0.814957, JES_ele=6.64797, JES_muon=-4.69554, QCD_stat_ele=-3.67744, QCD_stat_muon=3.64223, VBS_stat_ele=6.13472, VBS_stat_muon=-3.45256, ele_efficiency=1.43165, ele_trigger=5.99391, fakephoton_ele=5.71775, fakephoton_muon=-5.82268, interference=4.9651, lumi=4.2438, mu_efficiency=5.76794, mu_trigger=-5.94807, non_prompt_stat_ele=6.84239, non_prompt_stat_muon=1.30391, others_stat_ele=6.91341, others_stat_muon=-6.98389, others_xs=-2.20054, param=0.157932, pdf_ele=6.97611, pdf_muon=3.63863, photon_id=6.47791, pileup=3.14849, scale_ele=-2.46275, scale_muon=6.99547
RooProdPdf::model_s[ modelObs_s * nuisancePdf ]
     getLogVal() top-level p.d.f evaluates to zero @ !pdfs=(modelObs_s = 0/1,nuisancePdf = 1)

[#0] WARNING:Minization -- RooMinimizerFcn: Minimized function has error status.
Returning maximum FCN so far (1128.66) to force MIGRAD to back out of this region. Error log follows
Parameter values: JER_ele=5.42425, JER_muon=-0.539603, JES_ele=6.8155, JES_muon=-2.41586, QCD_stat_ele=-5.11231, QCD_stat_muon=6.9571, VBS_stat_ele=6.37486, VBS_stat_muon=-4.86544, ele_efficiency=1.54694, ele_trigger=6.2312, fakephoton_ele=6.05771, fakephoton_muon=-4.10394, interference=4.13008, lumi=3.20321, mu_efficiency=6.03487, mu_trigger=-6.74992, non_prompt_stat_ele=6.58874, non_prompt_stat_muon=6.09185, others_stat_ele=6.99043, others_stat_muon=-6.43084, others_xs=-3.70235, param=0.188372, pdf_ele=6.99643, pdf_muon=5.98716, photon_id=6.93634, pileup=3.2739, scale_ele=-4.0489, scale_muon=3.59358
RooProdPdf::model_s[ modelObs_s * nuisancePdf ]
     getLogVal() top-level p.d.f evaluates to zero @ !pdfs=(modelObs_s = 0/1,nuisancePdf = 1)

[#0] WARNING:Minization -- RooMinimizerFcn: Minimized function has error status.
Returning maximum FCN so far (1128.66) to force MIGRAD to back out of this region. Error log follows
Parameter values: JER_ele=5.68709, JER_muon=-2.05217, JES_ele=6.94134, JES_muon=0.579876, QCD_stat_ele=-6.30391, QCD_stat_muon=4.20287, VBS_stat_ele=6.60245, VBS_stat_muon=-6.09206, ele_efficiency=1.67758, ele_trigger=6.46429, fakephoton_ele=6.38465, fakephoton_muon=-1.54169, interference=3.05789, lumi=1.90161, mu_efficiency=6.3013, mu_trigger=-6.98806, non_prompt_stat_ele=6.16138, non_prompt_stat_muon=6.2358, others_stat_ele=6.98414, others_stat_muon=-4.92419, others_xs=-5.15329, param=0.225602, pdf_ele=6.90805, pdf_muon=7, photon_id=5.21472, pileup=3.41488, scale_ele=-5.52423, scale_muon=-3.91031
RooProdPdf::model_s[ modelObs_s * nuisancePdf ]
     getLogVal() top-level p.d.f evaluates to zero @ !pdfs=(modelObs_s = 0/1,nuisancePdf = 1)

[#0] WARNING:Minization -- RooMinimizerFcn: Minimized function has error status.
Returning maximum FCN so far (1128.66) to force MIGRAD to back out of this region. Error log follows
Parameter values: JER_ele=5.96815, JER_muon=-3.69618, JES_ele=6.99955, JES_muon=3.91782, QCD_stat_ele=-6.96872, QCD_stat_muon=-3.8004, VBS_stat_ele=6.80566, VBS_stat_muon=-6.88977, ele_efficiency=1.83031, ele_trigger=6.68617, fakephoton_ele=6.68307, fakephoton_muon=1.74828, interference=1.67696, lumi=0.280173, mu_efficiency=6.56158, mu_trigger=-6.32792, non_prompt_stat_ele=5.48318, non_prompt_stat_muon=-0.409794, others_stat_ele=6.84926, others_stat_muon=-2.25996, others_xs=-6.37391, param=0.272586, pdf_ele=6.65464, pdf_muon=5.61304, photon_id=0.986468, pileup=3.57813, scale_ele=-6.65037, scale_muon=-6.57437
RooProdPdf::model_s[ modelObs_s * nuisancePdf ]
     getLogVal() top-level p.d.f evaluates to zero @ !pdfs=(modelObs_s = 0/1,nuisancePdf = 1)

[#0] WARNING:Minization -- RooMinimizerFcn: Minimized function has error status.
Returning maximum FCN so far (1128.66) to force MIGRAD to back out of this region. Error log follows
Parameter values: JER_ele=6.26926, JER_muon=-5.36214, JES_ele=6.93794, JES_muon=6.57102, QCD_stat_ele=-6.59884, QCD_stat_muon=-6.17013, VBS_stat_ele=6.95708, VBS_stat_muon=-6.80805, ele_efficiency=2.01599, ele_trigger=6.87862, fakephoton_ele=6.91638, fakephoton_muon=5.1756, interference=-0.105565, lumi=-1.71475, mu_efficiency=6.79955, mu_trigger=-4.29336, non_prompt_stat_ele=4.42425, non_prompt_stat_muon=-6.96662, others_stat_ele=6.50067, others_stat_muon=1.5509, others_xs=-6.99491, param=0.334309, pdf_ele=6.13325, pdf_muon=1.03255, photon_id=-4.58143, pileup=3.77424, scale_ele=-6.96246, scale_muon=2.75049
RooProdPdf::model_s[ modelObs_s * nuisancePdf ]
     getLogVal() top-level p.d.f evaluates to zero @ !pdfs=(modelObs_s = 0/1,nuisancePdf = 1)

[#0] WARNING:Minization -- RooMinimizerFcn: Minimized function has error status.
Returning maximum FCN so far (1128.66) to force MIGRAD to back out of this region. Error log follows
Parameter values: JER_ele=6.58493, JER_muon=-6.70824, JES_ele=6.64403, JES_muon=6.28828, QCD_stat_ele=-4.33856, QCD_stat_muon=5.22473, VBS_stat_ele=6.99077, VBS_stat_muon=-5.03891, ele_efficiency=2.25379, ele_trigger=6.99468, fakephoton_ele=6.99552, fakephoton_muon=6.99971, interference=-2.3802, lumi=-4.06064, mu_efficiency=6.97152, mu_trigger=-0.38565, non_prompt_stat_ele=2.75918, non_prompt_stat_muon=1.08827, others_stat_ele=5.76743, others_stat_muon=5.6382, others_xs=-6.26287, param=0.419838, pdf_ele=5.14397, pdf_muon=-5.31362, photon_id=-6.78805, pileup=4.02143, scale_ele=-5.58115, scale_muon=4.18905
RooProdPdf::model_s[ modelObs_s * nuisancePdf ]
     getLogVal() top-level p.d.f evaluates to zero @ !pdfs=(modelObs_s = 0/1,nuisancePdf = 1)

[#0] WARNING:Minization -- RooMinimizerFcn: Minimized function has error status.
Returning maximum FCN so far (1128.66) to force MIGRAD to back out of this region. Error log follows
Parameter values: JER_ele=0.931627, JER_muon=3.26808, JES_ele=0.881277, JES_muon=3.77017, QCD_stat_ele=2.19264, QCD_stat_muon=6.60342, VBS_stat_ele=0.168779, VBS_stat_muon=1.72627, ele_efficiency=-0.0691426, ele_trigger=0.950933, fakephoton_ele=-1.32143, fakephoton_muon=4.19569, interference=1.92876, lumi=1.31249, mu_efficiency=0.291357, mu_trigger=2.801, non_prompt_stat_ele=0.74588, non_prompt_stat_muon=6.88658, others_stat_ele=0.545734, others_stat_muon=2.71801, others_xs=2.70146, param=0.757866, pdf_ele=0.114458, pdf_muon=3.703, photon_id=4.28417, pileup=1.43149, scale_ele=1.58187, scale_muon=6.55059
RooProdPdf::model_s[ modelObs_s * nuisancePdf ]
     getLogVal() top-level p.d.f evaluates to zero @ !pdfs=(modelObs_s = 0/1,nuisancePdf = 1)

[#0] WARNING:Minization -- RooMinimizerFcn: Minimized function has error status.
Returning maximum FCN so far (1128.66) to force MIGRAD to back out of this region. Error log follows
Parameter values: JER_ele=2.9781, JER_muon=6.99824, JES_ele=4.02755, JES_muon=2.84972, QCD_stat_ele=6.85321, QCD_stat_muon=0.830492, VBS_stat_ele=3.44091, VBS_stat_muon=6.83745, ele_efficiency=0.588191, ele_trigger=3.50095, fakephoton_ele=2.10342, fakephoton_muon=2.9658, interference=6.50006, lumi=6.50881, mu_efficiency=3.00801, mu_trigger=6.25258, non_prompt_stat_ele=5.16615, non_prompt_stat_muon=0.918391, others_stat_ele=4.25323, others_stat_muon=5.32605, others_xs=6.93222, param=0.0175501, pdf_ele=4.29198, pdf_muon=-1.07479, photon_id=-3.21331, pileup=2.19056, scale_ele=6.98271, scale_muon=3.7672
RooProdPdf::model_s[ modelObs_s * nuisancePdf ]
     getLogVal() top-level p.d.f evaluates to zero @ !pdfs=(modelObs_s = 0/1,nuisancePdf = 1)

[#0] WARNING:Minization -- RooMinimizerFcn: Minimized function has error status.
Returning maximum FCN so far (1128.66) to force MIGRAD to back out of this region. Error log follows
Parameter values: JER_ele=3.30669, JER_muon=6.81203, JES_ele=4.50259, JES_muon=0.0477198, QCD_stat_ele=6.27756, QCD_stat_muon=6.12178, VBS_stat_ele=3.88536, VBS_stat_muon=6.16298, ele_efficiency=0.701432, ele_trigger=3.90233, fakephoton_ele=2.66897, fakephoton_muon=0.704182, interference=6.84805, lumi=6.87709, mu_efficiency=3.48227, mu_trigger=4.9965, non_prompt_stat_ele=5.71994, non_prompt_stat_muon=5.7247, others_stat_ele=4.79412, others_stat_muon=3.2873, others_xs=6.45387, param=0.0300526, pdf_ele=4.87505, pdf_muon=-4.31174, photon_id=-5.98764, pileup=2.33233, scale_ele=6.64792, scale_muon=6.99658
RooProdPdf::model_s[ modelObs_s * nuisancePdf ]
     getLogVal() top-level p.d.f evaluates to zero @ !pdfs=(modelObs_s = 0/1,nuisancePdf = 1)

[#0] WARNING:Minization -- RooMinimizerFcn: Minimized function has error status.
Returning maximum FCN so far (1128.66) to force MIGRAD to back out of this region. Error log follows
Parameter values: JER_ele=3.59079, JER_muon=6.4506, JES_ele=4.89588, JES_muon=-2.22759, QCD_stat_ele=5.40953, QCD_stat_muon=6.70091, VBS_stat_ele=4.25868, VBS_stat_muon=5.31278, ele_efficiency=0.802218, ele_trigger=4.24288, fakephoton_ele=3.16251, fakephoton_muon=-1.53419, interference=6.98078, lumi=6.99516, mu_efficiency=3.84774, mu_trigger=3.64171, non_prompt_stat_ele=6.14063, non_prompt_stat_muon=6.89793, others_stat_ele=5.23493, others_stat_muon=1.401, others_xs=5.77806, param=0.0428838, pdf_ele=5.34533, pdf_muon=-6.17287, photon_id=-6.97043, pileup=2.44642, scale_ele=6.00506, scale_muon=4.33008
RooProdPdf::model_s[ modelObs_s * nuisancePdf ]
     getLogVal() top-level p.d.f evaluates to zero @ !pdfs=(modelObs_s = 0/1,nuisancePdf = 1)

[#0] WARNING:Minization -- RooMinimizerFcn: Minimized function has error status.
Returning maximum FCN so far (1128.66) to force MIGRAD to back out of this region. Error log follows
Parameter values: JER_ele=3.84923, JER_muon=5.9409, JES_ele=5.23828, JES_muon=-4.16077, QCD_stat_ele=4.34805, QCD_stat_muon=3.55654, VBS_stat_ele=4.59199, VBS_stat_muon=4.26379, ele_efficiency=0.896174, ele_trigger=4.54768, fakephoton_ele=3.60505, fakephoton_muon=-3.41836, interference=6.98962, lumi=6.9605, mu_efficiency=4.18029, mu_trigger=2.1523, non_prompt_stat_ele=6.46122, non_prompt_stat_muon=4.47869, others_stat_ele=5.60791, others_stat_muon=-0.527195, others_xs=4.90935, param=0.056924, pdf_ele=5.73767, pdf_muon=-6.96526, photon_id=-6.61275, pileup=2.55383, scale_ele=5.13977, scale_muon=-1.01007
RooProdPdf::model_s[ modelObs_s * nuisancePdf ]
     getLogVal() top-level p.d.f evaluates to zero @ !pdfs=(modelObs_s = 0/1,nuisancePdf = 1)

[#0] WARNING:Minization -- RooMinimizerFcn: Minimized function has error status.
Returning maximum FCN so far (1128.66) to force MIGRAD to back out of this region. Error log follows
Parameter values: JER_ele=4.09622, JER_muon=5.30199, JES_ele=5.54922, JES_muon=-5.65816, QCD_stat_ele=3.11065, QCD_stat_muon=-1.35053, VBS_stat_ele=4.90263, VBS_stat_muon=3.07173, ele_efficiency=0.988443, ele_trigger=4.83347, fakephoton_ele=4.02205, fakephoton_muon=-4.99303, interference=6.88745, lumi=6.78918, mu_efficiency=4.4908, mu_trigger=0.587167, non_prompt_stat_ele=6.7061, non_prompt_stat_muon=0.00960752, others_stat_ele=5.9359, others_stat_muon=-2.36223, others_xs=3.8869, param=0.0724472, pdf_ele=6.07632, pdf_muon=-6.72342, photon_id=-5.12044, pileup=2.65791, scale_ele=4.07555, scale_muon=-5.64492
RooProdPdf::model_s[ modelObs_s * nuisancePdf ]
     getLogVal() top-level p.d.f evaluates to zero @ !pdfs=(modelObs_s = 0/1,nuisancePdf = 1)

[#0] WARNING:Minization -- RooMinimizerFcn: Minimized function has error status.
Returning maximum FCN so far (1128.66) to force MIGRAD to back out of this region. Error log follows
Parameter values: JER_ele=4.3419, JER_muon=4.5212, JES_ele=5.83563, JES_muon=-6.63812, QCD_stat_ele=1.724, QCD_stat_muon=-5.59027, VBS_stat_ele=5.19589, VBS_stat_muon=1.74637, ele_efficiency=1.07905, ele_trigger=5.10921, fakephoton_ele=4.40957, fakephoton_muon=-6.1774, interference=6.6742, lumi=6.48424, mu_efficiency=4.7853, mu_trigger=-1.01729, non_prompt_stat_ele=6.87926, non_prompt_stat_muon=-4.49241, others_stat_ele=6.22379, others_stat_muon=-4.03123, others_xs=2.71583, param=0.0895774, pdf_ele=6.36402, pdf_muon=-5.50906, photon_id=-2.74179, pileup=2.77392, scale_ele=2.83781, scale_muon=-6.90648
RooProdPdf::model_s[ modelObs_s * nuisancePdf ]
     getLogVal() top-level p.d.f evaluates to zero @ !pdfs=(modelObs_s = 0/1,nuisancePdf = 1)

[#0] WARNING:Minization -- RooMinimizerFcn: Minimized function has error status.
Returning maximum FCN so far (1128.66) to force MIGRAD to back out of this region. Error log follows
Parameter values: JER_ele=-3.9008, JER_muon=-5.76117, JES_ele=-6.20972, JES_muon=6.95987, QCD_stat_ele=1.4669, QCD_stat_muon=5.4569, VBS_stat_ele=-5.73509, VBS_stat_muon=0.0688716, ele_efficiency=-1.71602, ele_trigger=-5.07077, fakephoton_ele=-6.97298, fakephoton_muon=6.62219, interference=-6.67523, lumi=-5.41167, mu_efficiency=-5.76817, mu_trigger=3.22385, non_prompt_stat_ele=-6.92029, non_prompt_stat_muon=6.97048, others_stat_ele=-6.88097, others_stat_muon=6.62217, others_xs=-1.4941, param=0.613638, pdf_ele=-6.99996, pdf_muon=0.695016, photon_id=-2.66527, pileup=-0.265602, scale_ele=1.39465, scale_muon=-2.15044
RooProdPdf::model_s[ modelObs_s * nuisancePdf ]
     getLogVal() top-level p.d.f evaluates to zero @ !pdfs=(modelObs_s = 0/1,nuisancePdf = 1)

[#0] WARNING:Minization -- RooMinimizerFcn: Minimized function has error status.
Returning maximum FCN so far (1128.66) to force MIGRAD to back out of this region. Error log follows
Parameter values: JER_ele=4.75095, JER_muon=2.80908, JES_ele=6.37099, JES_muon=-6.56763, QCD_stat_ele=-1.57264, QCD_stat_muon=-3.82115, VBS_stat_ele=5.72773, VBS_stat_muon=-0.990964, ele_efficiency=1.33745, ele_trigger=5.61422, fakephoton_ele=5.45662, fakephoton_muon=-6.95597, interference=5.95636, lumi=5.3533, mu_efficiency=5.45035, mu_trigger=-4.24717, non_prompt_stat_ele=6.98841, non_prompt_stat_muon=-5.63044, others_stat_ele=6.73789, others_stat_muon=-6.62011, others_xs=-0.109338, param=0.099532, pdf_ele=6.86012, pdf_muon=-0.302667, photon_id=3.57116, pileup=2.73411, scale_ele=-0.460289, scale_muon=2.67416
RooProdPdf::model_s[ modelObs_s * nuisancePdf ]
     getLogVal() top-level p.d.f evaluates to zero @ !pdfs=(modelObs_s = 0/1,nuisancePdf = 1)

[#0] WARNING:Minization -- RooMinimizerFcn: Minimized function has error status.
Returning maximum FCN so far (1128.66) to force MIGRAD to back out of this region. Error log follows
Parameter values: JER_ele=4.98124, JER_muon=1.83488, JES_ele=6.55616, JES_muon=-5.65949, QCD_stat_ele=-2.96756, QCD_stat_muon=0.551354, VBS_stat_ele=5.89989, VBS_stat_muon=-2.07136, ele_efficiency=1.41265, ele_trigger=5.84197, fakephoton_ele=5.70275, fakephoton_muon=-6.50821, interference=5.50451, lumi=4.76843, mu_efficiency=5.64869, mu_trigger=-5.28699, non_prompt_stat_ele=6.9105, non_prompt_stat_muon=-2.06321, others_stat_ele=6.86813, others_stat_muon=-6.96995, others_xs=-1.34322, param=0.125119, pdf_ele=6.94933, pdf_muon=1.9938, photon_id=5.52514, pileup=2.89882, scale_ele=-1.81599, scale_muon=6.24698
RooProdPdf::model_s[ modelObs_s * nuisancePdf ]
     getLogVal() top-level p.d.f evaluates to zero @ !pdfs=(modelObs_s = 0/1,nuisancePdf = 1)

[#0] WARNING:Minization -- RooMinimizerFcn: Minimized function has error status.
Returning maximum FCN so far (1128.66) to force MIGRAD to back out of this region. Error log follows
Parameter values: JER_ele=5.64875, JER_muon=-1.84047, JES_ele=6.96697, JES_muon=1.21761, QCD_stat_ele=-6.57872, QCD_stat_muon=2.60979, VBS_stat_ele=6.56821, VBS_stat_muon=-5.8971, ele_efficiency=1.78369, ele_trigger=6.4862, fakephoton_ele=6.64346, fakephoton_muon=-1.18582, interference=3.14614, lumi=1.62212, mu_efficiency=6.40419, mu_trigger=-6.94803, non_prompt_stat_ele=5.95142, non_prompt_stat_muon=5.56085, others_stat_ele=6.94586, others_stat_muon=-4.28697, others_xs=-5.40849, param=0.203536, pdf_ele=6.81059, pdf_muon=6.94443, photon_id=4.48085, pileup=3.10343, scale_ele=-6.02632, scale_muon=-5.44978
RooProdPdf::model_s[ modelObs_s * nuisancePdf ]
     getLogVal() top-level p.d.f evaluates to zero @ !pdfs=(modelObs_s = 0/1,nuisancePdf = 1)

[#0] WARNING:Minization -- RooMinimizerFcn: Minimized function has error status.
Returning maximum FCN so far (1128.66) to force MIGRAD to back out of this region. Error log follows
Parameter values: JER_ele=6.01901, JER_muon=-3.80911, JES_ele=6.99082, JES_muon=4.79406, QCD_stat_ele=-6.96421, QCD_stat_muon=-5.91769, VBS_stat_ele=6.74891, VBS_stat_muon=-6.76606, ele_efficiency=1.94246, ele_trigger=6.75568, fakephoton_ele=6.8608, fakephoton_muon=2.65172, interference=1.63052, lumi=-0.126327, mu_efficiency=6.64885, mu_trigger=-5.97016, non_prompt_stat_ele=5.00098, non_prompt_stat_muon=-2.86032, others_stat_ele=6.69496, others_stat_muon=-1.07639, others_xs=-6.66292, param=0.292704, pdf_ele=6.4397, pdf_muon=4.78231, photon_id=-0.643758, pileup=3.44366, scale_ele=-6.95773, scale_muon=-4.79992
RooProdPdf::model_s[ modelObs_s * nuisancePdf ]
     getLogVal() top-level p.d.f evaluates to zero @ !pdfs=(modelObs_s = 0/1,nuisancePdf = 1)

[#0] WARNING:Minization -- RooMinimizerFcn: Minimized function has error status.
Returning maximum FCN so far (1128.66) to force MIGRAD to back out of this region. Error log follows
Parameter values: JER_ele=6.78167, JER_muon=-6.68544, JES_ele=6.97647, JES_muon=5.2339, QCD_stat_ele=-6.65045, QCD_stat_muon=-5.97726, VBS_stat_ele=5.78401, VBS_stat_muon=-6.00725, ele_efficiency=1.10538, ele_trigger=6.97931, fakephoton_ele=4.20714, fakephoton_muon=6.08883, interference=-0.032615, lumi=1.43496, mu_efficiency=5.92724, mu_trigger=-6.02472, non_prompt_stat_ele=5.17104, non_prompt_stat_muon=-6.89107, others_stat_ele=6.91341, others_stat_muon=-3.46144, others_xs=-6.95465, param=0.206436, pdf_ele=6.99098, pdf_muon=6.42685, photon_id=0.998849, pileup=6.4797, scale_ele=-6.56033, scale_muon=-5.73255
RooProdPdf::model_s[ modelObs_s * nuisancePdf ]
     getLogVal() top-level p.d.f evaluates to zero @ !pdfs=(modelObs_s = 0/1,nuisancePdf = 1)

[#0] WARNING:Minization -- RooMinimizerFcn: Minimized function has error status.
Returning maximum FCN so far (1128.66) to force MIGRAD to back out of this region. Error log follows
Parameter values: JER_ele=-6.4626, JER_muon=4.2147, JES_ele=-6.5617, JES_muon=6.95734, QCD_stat_ele=-1.46634, QCD_stat_muon=-5.03595, VBS_stat_ele=3.55374, VBS_stat_muon=-5.90919, ele_efficiency=2.57457, ele_trigger=-6.99795, fakephoton_ele=6.79318, fakephoton_muon=1.87094, interference=0.962055, lumi=6.46656, mu_efficiency=3.5466, mu_trigger=4.65819, non_prompt_stat_ele=5.27292, non_prompt_stat_muon=-1.17119, others_stat_ele=-6.11268, others_stat_muon=-2.35306, others_xs=5.71246, param=0.930158, pdf_ele=-6.40607, pdf_muon=-6.57824, photon_id=6.99537, pileup=-5.62237, scale_ele=3.87114, scale_muon=6.14818
RooProdPdf::model_s[ modelObs_s * nuisancePdf ]
     getLogVal() top-level p.d.f evaluates to zero @ !pdfs=(modelObs_s = 0/1,nuisancePdf = 1)

[#0] WARNING:Minization -- RooMinimizerFcn: Minimized function has error status.
Returning maximum FCN so far (1128.66) to force MIGRAD to back out of this region. Error log follows
Parameter values: JER_ele=-3.92515, JER_muon=-5.63327, JES_ele=-6.10666, JES_muon=6.99432, QCD_stat_ele=0.77565, QCD_stat_muon=6.10108, VBS_stat_ele=-5.70049, VBS_stat_muon=0.146853, ele_efficiency=-1.61563, ele_trigger=-5.021, fakephoton_ele=-6.87809, fakephoton_muon=6.59848, interference=-6.66327, lumi=-5.59171, mu_efficiency=-5.64881, mu_trigger=2.91614, non_prompt_stat_ele=-6.9679, non_prompt_stat_muon=6.90043, others_stat_ele=-6.80143, others_stat_muon=6.37161, others_xs=-1.79761, param=1.22581, pdf_ele=-6.98428, pdf_muon=1.38374, photon_id=-1.86677, pileup=-0.595411, scale_ele=0.580309, scale_muon=-0.74665
RooProdPdf::model_s[ modelObs_s * nuisancePdf ]
     getLogVal() top-level p.d.f evaluates to zero @ !pdfs=(modelObs_s = 0/1,nuisancePdf = 1)

[#0] WARNING:Minization -- RooMinimizerFcn: Minimized function has error status.
Returning maximum FCN so far (1128.66) to force MIGRAD to back out of this region. Error log follows
Parameter values: JER_ele=2.73185, JER_muon=6.9705, JES_ele=3.67906, JES_muon=4.14909, QCD_stat_ele=6.99694, QCD_stat_muon=-2.82487, VBS_stat_ele=2.79096, VBS_stat_muon=6.99914, ele_efficiency=0.492133, ele_trigger=3.20833, fakephoton_ele=1.6318, fakephoton_muon=4.33415, interference=6.18373, lumi=6.15202, mu_efficiency=2.72002, mu_trigger=6.69447, non_prompt_stat_ele=4.73196, non_prompt_stat_muon=-2.94345, others_stat_ele=3.85018, others_stat_muon=6.05502, others_xs=6.99942, param=0.0528189, pdf_ele=3.76432, pdf_muon=1.04534, photon_id=-1.03381, pileup=2.16679, scale_ele=6.962, scale_muon=-0.137647
RooProdPdf::model_s[ modelObs_s * nuisancePdf ]
     getLogVal() top-level p.d.f evaluates to zero @ !pdfs=(modelObs_s = 0/1,nuisancePdf = 1)

[#0] WARNING:Minization -- RooMinimizerFcn: Minimized function has error status.
Returning maximum FCN so far (1128.66) to force MIGRAD to back out of this region. Error log follows
Parameter values: JER_ele=2.84987, JER_muon=6.99783, JES_ele=3.85413, JES_muon=3.37256, QCD_stat_ele=6.95051, QCD_stat_muon=-0.703368, VBS_stat_ele=2.95029, VBS_stat_muon=6.98294, ele_efficiency=0.530894, ele_trigger=3.35366, fakephoton_ele=1.83334, fakephoton_muon=3.62296, interference=6.35148, lumi=6.34063, mu_efficiency=2.87541, mu_trigger=6.46045, non_prompt_stat_ele=4.9556, non_prompt_stat_muon=-0.926518, others_stat_ele=4.05344, others_stat_muon=5.60868, others_xs=6.96894, param=0.0432053, pdf_ele=3.9859, pdf_muon=-0.102051, photon_id=-2.24941, pileup=2.21586, scale_ele=6.99886, scale_muon=2.22475
RooProdPdf::model_s[ modelObs_s * nuisancePdf ]
     getLogVal() top-level p.d.f evaluates to zero @ !pdfs=(modelObs_s = 0/1,nuisancePdf = 1)

[#0] WARNING:Minization -- RooMinimizerFcn: Minimized function has error status.
Returning maximum FCN so far (1128.66) to force MIGRAD to back out of this region. Error log follows
Parameter values: JER_ele=2.96559, JER_muon=6.99403, JES_ele=4.02424, JES_muon=2.54653, QCD_stat_ele=6.84991, QCD_stat_muon=1.46484, VBS_stat_ele=3.10675, VBS_stat_muon=6.91659, ele_efficiency=0.569401, ele_trigger=3.49569, fakephoton_ele=2.0316, fakephoton_muon=2.8653, interference=6.49933, lumi=6.50515, mu_efficiency=3.02775, mu_trigger=6.16694, non_prompt_stat_ele=5.16763, non_prompt_stat_muon=1.15078, others_stat_ele=4.24997, others_stat_muon=5.09246, others_xs=6.89339, param=0.0346123, pdf_ele=4.20006, pdf_muon=-1.23535, photon_id=-3.3824, pileup=2.26391, scale_ele=6.98412, scale_muon=4.3081
RooProdPdf::model_s[ modelObs_s * nuisancePdf ]
     getLogVal() top-level p.d.f evaluates to zero @ !pdfs=(modelObs_s = 0/1,nuisancePdf = 1)

[#0] WARNING:Minization -- RooMinimizerFcn: Minimized function has error status.
Returning maximum FCN so far (1128.66) to force MIGRAD to back out of this region. Error log follows
Parameter values: JER_ele=3.08057, JER_muon=6.95951, JES_ele=4.1912, JES_muon=1.67621, QCD_stat_ele=6.69537, QCD_stat_muon=3.49424, VBS_stat_ele=3.26158, VBS_stat_muon=6.80051, ele_efficiency=0.607965, ele_trigger=3.6361, fakephoton_ele=2.22848, fakephoton_muon=2.064, interference=6.62883, lumi=6.647, mu_efficiency=3.17852, mu_trigger=5.81422, non_prompt_stat_ele=5.37012, non_prompt_stat_muon=3.12866, others_stat_ele=4.44171, others_stat_muon=4.50858, others_xs=6.77299, param=0.0269419, pdf_ele=4.40865, pdf_muon=-2.33722, photon_id=-4.41079, pileup=2.31192, scale_ele=6.91825, scale_muon=5.90108
RooProdPdf::model_s[ modelObs_s * nuisancePdf ]
     getLogVal() top-level p.d.f evaluates to zero @ !pdfs=(modelObs_s = 0/1,nuisancePdf = 1)

[#0] WARNING:Minization -- RooMinimizerFcn: Minimized function has error status.
Returning maximum FCN so far (1128.66) to force MIGRAD to back out of this region. Error log follows
Parameter values: JER_ele=3.19594, JER_muon=6.89347, JES_ele=4.35655, JES_muon=0.766531, QCD_stat_ele=6.48532, QCD_stat_muon=5.204, VBS_stat_ele=3.41629, VBS_stat_muon=6.63331, ele_efficiency=0.646994, ele_trigger=3.77625, fakephoton_ele=2.42584, fakephoton_muon=1.2219, interference=6.74065, lumi=6.76674, mu_efficiency=3.32922, mu_trigger=5.40078, non_prompt_stat_ele=5.56456, non_prompt_stat_muon=4.84812, others_stat_ele=4.63032, others_stat_muon=3.85728, others_xs=6.60633, param=0.0201415, pdf_ele=4.61344, pdf_muon=-3.38902, photon_id=-5.31049, pileup=2.36039, scale_ele=6.79993, scale_muon=6.82514
RooProdPdf::model_s[ modelObs_s * nuisancePdf ]
     getLogVal() top-level p.d.f evaluates to zero @ !pdfs=(modelObs_s = 0/1,nuisancePdf = 1)

[#0] WARNING:Minization -- RooMinimizerFcn: Minimized function has error status.
Returning maximum FCN so far (1128.66) to force MIGRAD to back out of this region. Error log follows
Parameter values: JER_ele=3.31281, JER_muon=6.79391, JES_ele=4.52164, JES_muon=-0.177034, QCD_stat_ele=6.21652, QCD_stat_muon=6.4196, VBS_stat_ele=3.57226, VBS_stat_muon=6.41198, ele_efficiency=0.686887, ele_trigger=3.9174, fakephoton_ele=2.62544, fakephoton_muon=0.342005, interference=6.8346, lumi=6.86393, mu_efficiency=3.48124, mu_trigger=4.92361, non_prompt_stat_ele=5.75201, non_prompt_stat_muon=6.15191, others_stat_ele=4.81721, others_stat_muon=3.13776, others_xs=6.39053, param=0.0141996, pdf_ele=4.81588, pdf_muon=-4.36884, photon_id=-6.05361, pileup=2.4098, scale_ele=6.62613, scale_muon=6.9431
RooProdPdf::model_s[ modelObs_s * nuisancePdf ]
     getLogVal() top-level p.d.f evaluates to zero @ !pdfs=(modelObs_s = 0/1,nuisancePdf = 1)

[#0] WARNING:Minization -- RooMinimizerFcn: Minimized function has error status.
Returning maximum FCN so far (1128.66) to force MIGRAD to back out of this region. Error log follows
Parameter values: JER_ele=3.43225, JER_muon=6.65765, JES_ele=4.68771, JES_muon=-1.14753, QCD_stat_ele=5.88401, QCD_stat_muon=6.97918, VBS_stat_ele=3.73085, VBS_stat_muon=6.13184, ele_efficiency=0.728063, ele_trigger=4.06078, fakephoton_ele=2.82899, fakephoton_muon=-0.571742, interference=6.90971, lumi=6.93714, mu_efficiency=3.6359, mu_trigger=4.3783, non_prompt_stat_ele=5.93309, non_prompt_stat_muon=6.88804, others_stat_ele=5.0036, others_stat_muon=2.34866, others_xs=6.12111, param=0.00914494, pdf_ele=5.01721, pdf_muon=-5.25004, photon_id=-6.60725, pileup=2.46067, scale_ele=6.39204, scale_muon=6.17463
RooProdPdf::model_s[ modelObs_s * nuisancePdf ]
     getLogVal() top-level p.d.f evaluates to zero @ !pdfs=(modelObs_s = 0/1,nuisancePdf = 1)

[#0] WARNING:Minization -- RooMinimizerFcn: Minimized function has error status.
Returning maximum FCN so far (1128.66) to force MIGRAD to back out of this region. Error log follows
Parameter values: JER_ele=3.55545, JER_muon=6.48009, JES_ele=4.85596, JES_muon=-2.13538, QCD_stat_ele=5.48097, QCD_stat_muon=6.74651, VBS_stat_ele=3.89344, VBS_stat_muon=5.78635, ele_efficiency=0.770982, ele_trigger=4.20763, fakephoton_ele=3.03827, fakephoton_muon=-1.51361, interference=6.9641, lumi=6.98381, mu_efficiency=3.79461, mu_trigger=3.75911, non_prompt_stat_ele=6.10798, non_prompt_stat_muon=6.91857, others_stat_ele=5.19055, others_stat_muon=1.48853, others_xs=5.79189, param=0.00505007, pdf_ele=5.21845, pdf_muon=-5.99946, photon_id=-6.93247, pileup=2.51356, scale_ele=6.0909, scale_muon=4.51978
RooProdPdf::model_s[ modelObs_s * nuisancePdf ]
     getLogVal() top-level p.d.f evaluates to zero @ !pdfs=(modelObs_s = 0/1,nuisancePdf = 1)

[#0] WARNING:Minization -- RooMinimizerFcn: Minimized function has error status.
Returning maximum FCN so far (1128.66) to force MIGRAD to back out of this region. Error log follows
Parameter values: JER_ele=3.68366, JER_muon=6.25495, JES_ele=5.02757, JES_muon=-3.12677, QCD_stat_ele=4.99846, QCD_stat_muon=5.63346, VBS_stat_ele=4.0615, VBS_stat_muon=5.36684, ele_efficiency=0.816172, ele_trigger=4.35928, fakephoton_ele=3.25522, fakephoton_muon=-2.4748, interference=6.99476, lumi=6.99999, mu_efficiency=3.95882, mu_trigger=3.05899, non_prompt_stat_ele=6.27637, non_prompt_stat_muon=6.13623, others_stat_ele=5.379, others_stat_muon=0.556543, others_xs=5.39468, param=0.00204027, pdf_ele=5.42045, pdf_muon=-6.57533, photon_id=-6.98331, pileup=2.56909, scale_ele=5.71363, scale_muon=2.09156
RooProdPdf::model_s[ modelObs_s * nuisancePdf ]
     getLogVal() top-level p.d.f evaluates to zero @ !pdfs=(modelObs_s = 0/1,nuisancePdf = 1)

[#0] WARNING:Minization -- RooMinimizerFcn: Minimized function has error status.
Returning maximum FCN so far (1128.66) to force MIGRAD to back out of this region. Error log follows
Parameter values: JER_ele=3.81835, JER_muon=5.9738, JES_ele=5.2037, JES_muon=-4.10135, QCD_stat_ele=4.42512, QCD_stat_muon=3.63585, VBS_stat_ele=4.23669, VBS_stat_muon=4.86212, ele_efficiency=0.864264, ele_trigger=4.51719, fakephoton_ele=3.48195, fakephoton_muon=-3.44161, interference=6.99726, lumi=6.97995, mu_efficiency=4.13019, mu_trigger=2.26973, non_prompt_stat_ele=6.43729, non_prompt_stat_muon=4.49292, others_stat_ele=5.56972, others_stat_muon=-0.446394, others_xs=4.91883, param=0.000309496, pdf_ele=5.62382, pdf_muon=-6.92487, photon_id=-6.70647, pileup=2.628, scale_ele=5.24838, scale_muon=-0.843412
RooProdPdf::model_s[ modelObs_s * nuisancePdf ]
     getLogVal() top-level p.d.f evaluates to zero @ !pdfs=(modelObs_s = 0/1,nuisancePdf = 1)

[#0] WARNING:Minization -- RooMinimizerFcn: Minimized function has error status.
Returning maximum FCN so far (1128.66) to force MIGRAD to back out of this region. Error log follows
Parameter values: JER_ele=3.96125, JER_muon=5.62532, JES_ele=5.38556, JES_muon=-5.02878, QCD_stat_ele=3.74668, QCD_stat_muon=0.887083, VBS_stat_ele=4.42085, VBS_stat_muon=4.25786, ele_efficiency=0.916036, ele_trigger=4.68303, fakephoton_ele=3.72092, fakephoton_muon=-4.39255, interference=6.96517, lumi=6.91551, mu_efficiency=4.31059, mu_trigger=1.38227, non_prompt_stat_ele=6.58886, non_prompt_stat_muon=2.0452, others_stat_ele=5.76329, others_stat_muon=-1.5158, others_xs=4.35063, param=0.000146454, pdf_ele=5.82886, pdf_muon=-6.98161, photon_id=-6.04234, pileup=2.69122, scale_ele=4.67989, scale_muon=-3.8223
RooProdPdf::model_s[ modelObs_s * nuisancePdf ]
     getLogVal() top-level p.d.f evaluates to zero @ !pdfs=(modelObs_s = 0/1,nuisancePdf = 1)

[#0] WARNING:Minization -- RooMinimizerFcn: Minimized function has error status.
Returning maximum FCN so far (1128.66) to force MIGRAD to back out of this region. Error log follows
Parameter values: JER_ele=4.11448, JER_muon=5.19435, JES_ele=5.57433, JES_muon=-5.86346, QCD_stat_ele=2.94556, QCD_stat_muon=-2.26881, VBS_stat_ele=4.61617, VBS_stat_muon=3.53598, ele_efficiency=0.972482, ele_trigger=4.85873, fakephoton_ele=3.97499, fakephoton_muon=-5.2939, interference=6.88921, lumi=6.79497, mu_efficiency=4.50225, mu_trigger=0.3875, non_prompt_stat_ele=6.72787, non_prompt_stat_muon=-0.978159, others_stat_ele=5.95993, others_stat_muon=-2.64045, others_xs=3.67259, param=0.00197723, pdf_ele=6.03534, pdf_muon=-6.66303, photon_id=-4.92905, pileup=2.75989, scale_ele=3.98864, scale_muon=-6.16037
RooProdPdf::model_s[ modelObs_s * nuisancePdf ]
     getLogVal() top-level p.d.f evaluates to zero @ !pdfs=(modelObs_s = 0/1,nuisancePdf = 1)

[#0] WARNING:Minization -- RooMinimizerFcn: Minimized function has error status.
Returning maximum FCN so far (1128.66) to force MIGRAD to back out of this region. Error log follows
Parameter values: JER_ele=4.28071, JER_muon=4.66035, JES_ele=5.77112, JES_muon=-6.53646, QCD_stat_ele=2.00063, QCD_stat_muon=-5.19377, VBS_stat_ele=4.82525, VBS_stat_muon=2.67385, ele_efficiency=1.03491, ele_trigger=5.04662, fakephoton_ele=4.24755, fakephoton_muon=-6.09251, interference=6.75588, lumi=6.60152, mu_efficiency=4.70785, mu_trigger=-0.721917, non_prompt_stat_ele=6.84894, non_prompt_stat_muon=-4.08657, others_stat_ele=6.15926, others_stat_muon=-3.79681, others_xs=2.8625, param=0.00643582, pdf_ele=6.24218, pdf_muon=-5.8701, photon_id=-3.31333, pileup=2.83554, scale_ele=3.14987, scale_muon=-6.98875
RooProdPdf::model_s[ modelObs_s * nuisancePdf ]
     getLogVal() top-level p.d.f evaluates to zero @ !pdfs=(modelObs_s = 0/1,nuisancePdf = 1)

[#0] WARNING:Minization -- RooMinimizerFcn: Minimized function has error status.
Returning maximum FCN so far (1128.66) to force MIGRAD to back out of this region. Error log follows
Parameter values: JER_ele=4.46338, JER_muon=3.99515, JES_ele=5.9768, JES_muon=-6.94321, QCD_stat_ele=0.887592, QCD_stat_muon=-6.90444, VBS_stat_ele=5.05123, VBS_stat_muon=1.64387, ele_efficiency=1.10512, ele_trigger=5.24948, fakephoton_ele=4.54269, fakephoton_muon=-6.70429, interference=6.54513, lumi=6.31052, mu_efficiency=4.93067, mu_trigger=-1.94751, non_prompt_stat_ele=6.94321, non_prompt_stat_muon=-6.43728, others_stat_ele=6.35981, others_stat_muon=-4.93904, others_xs=1.89258, param=0.0144847, pdf_ele=6.44673, pdf_muon=-4.49299, photon_id=-1.17542, pileup=2.92023, scale_ele=2.13287, scale_muon=-5.4545
RooProdPdf::model_s[ modelObs_s * nuisancePdf ]
     getLogVal() top-level p.d.f evaluates to zero @ !pdfs=(modelObs_s = 0/1,nuisancePdf = 1)

[#0] WARNING:Minization -- RooMinimizerFcn: Minimized function has error status.
Returning maximum FCN so far (1128.66) to force MIGRAD to back out of this region. Error log follows
Parameter values: JER_ele=4.66711, JER_muon=3.15976, JES_ele=6.19152, JES_muon=-6.92514, QCD_stat_ele=-0.418393, QCD_stat_muon=-6.1819, VBS_stat_ele=5.29791, VBS_stat_muon=0.414172, ele_efficiency=1.18566, ele_trigger=5.47068, fakephoton_ele=4.86529, fakephoton_muon=-6.99558, interference=6.22641, lumi=5.88495, mu_efficiency=5.17479, mu_trigger=-3.27608, non_prompt_stat_ele=6.99577, non_prompt_stat_muon=-6.83068, others_stat_ele=6.55789, others_stat_muon=-5.98057, others_xs=0.729236, param=0.0276298, pdf_ele=6.64344, pdf_muon=-2.43323, photon_id=1.41654, pileup=3.01684, scale_ele=0.901043, scale_muon=-1.25845
RooProdPdf::model_s[ modelObs_s * nuisancePdf ]
     getLogVal() top-level p.d.f evaluates to zero @ !pdfs=(modelObs_s = 0/1,nuisancePdf = 1)

[#0] WARNING:Minization -- RooMinimizerFcn: Minimized function has error status.
Returning maximum FCN so far (1128.66) to force MIGRAD to back out of this region. Error log follows
Parameter values: JER_ele=4.8982, JER_muon=2.09977, JES_ele=6.41371, JES_muon=-6.24523, QCD_stat_ele=-1.93434, QCD_stat_muon=-2.15707, VBS_stat_ele=5.56976, VBS_stat_muon=-1.04681, ele_efficiency=1.2803, ele_trigger=5.71421, fakephoton_ele=5.22095, fakephoton_muon=-6.75418, interference=5.75153, lumi=5.26762, mu_efficiency=5.44518, mu_trigger=-4.65981, non_prompt_stat_ele=6.98065, non_prompt_stat_muon=-4.04568, others_stat_ele=6.74545, others_stat_muon=-6.75984, others_xs=-0.664345, param=0.0483256, pdf_ele=6.82093, pdf_muon=0.331179, photon_id=4.1926, pileup=3.12966, scale_ele=-0.584162, scale_muon=4.27975
RooProdPdf::model_s[ modelObs_s * nuisancePdf ]
     getLogVal() top-level p.d.f evaluates to zero @ !pdfs=(modelObs_s = 0/1,nuisancePdf = 1)

[#0] WARNING:Minization -- RooMinimizerFcn: Minimized function has error status.
Returning maximum FCN so far (1128.66) to force MIGRAD to back out of this region. Error log follows
Parameter values: JER_ele=5.16552, JER_muon=0.739985, JES_ele=6.63744, JES_muon=-4.56706, QCD_stat_ele=-3.64431, QCD_stat_muon=4.07125, VBS_stat_ele=5.87157, VBS_stat_muon=-2.75353, ele_efficiency=1.395, ele_trigger=5.98434, fakephoton_ele=5.61527, fakephoton_muon=-5.64982, interference=5.04135, lumi=4.36707, mu_efficiency=5.74768, mu_trigger=-5.97031, non_prompt_stat_ele=6.85053, non_prompt_stat_muon=1.90008, others_stat_ele=6.90493, others_stat_muon=-6.97653, others_xs=-2.31638, param=0.0807911, pdf_ele=6.95568, pdf_muon=3.57411, photon_id=6.45781, pileup=3.26532, scale_ele=-2.34744, scale_muon=6.96132
RooProdPdf::model_s[ modelObs_s * nuisancePdf ]
     getLogVal() top-level p.d.f evaluates to zero @ !pdfs=(modelObs_s = 0/1,nuisancePdf = 1)

[#0] WARNING:Minization -- RooMinimizerFcn: Minimized function has error status.
Returning maximum FCN so far (1128.66) to force MIGRAD to back out of this region. Error log follows
Parameter values: JER_ele=5.48185, JER_muon=-1.01653, JES_ele=6.84545, JES_muon=-1.49553, QCD_stat_ele=-5.42517, QCD_stat_muon=6.81216, VBS_stat_ele=6.20658, VBS_stat_muon=-4.64785, ele_efficiency=1.53984, ele_trigger=6.28402, fakephoton_ele=6.05064, fakephoton_muon=-3.21041, interference=3.95942, lumi=3.03212, mu_efficiency=6.08772, mu_trigger=-6.88918, non_prompt_stat_ele=6.51313, non_prompt_stat_muon=6.90109, others_stat_ele=6.99658, others_stat_muon=-6.08064, others_xs=-4.2031, param=0.132797, pdf_ele=6.99641, pdf_muon=6.40179, photon_id=6.73108, pileup=3.43489, scale_ele=-4.34436, scale_muon=1.23078
RooProdPdf::model_s[ modelObs_s * nuisancePdf ]
     getLogVal() top-level p.d.f evaluates to zero @ !pdfs=(modelObs_s = 0/1,nuisancePdf = 1)

[#0] WARNING:Minization -- RooMinimizerFcn: Minimized function has error status.
Returning maximum FCN so far (1128.66) to force MIGRAD to back out of this region. Error log follows
Parameter values: JER_ele=5.86514, JER_muon=-3.25578, JES_ele=6.98787, JES_muon=3.04634, QCD_stat_ele=-6.81917, QCD_stat_muon=-1.72567, VBS_stat_ele=6.56849, VBS_stat_muon=-6.41337, ele_efficiency=1.73359, ele_trigger=6.60797, fakephoton_ele=6.51376, fakephoton_muon=1.00943, interference=2.25924, lumi=1.00958, mu_efficiency=6.46437, mu_trigger=-6.64398, non_prompt_stat_ele=5.77205, non_prompt_stat_muon=1.56586, others_stat_ele=6.92282, others_stat_muon=-3.14647, others_xs=-6.09388, param=0.220019, pdf_ele=6.82109, pdf_muon=6.40779, photon_id=2.64061, pileup=3.65859, scale_ele=-6.2704, scale_muon=-6.99903
RooProdPdf::model_s[ modelObs_s * nuisancePdf ]
     getLogVal() top-level p.d.f evaluates to zero @ !pdfs=(modelObs_s = 0/1,nuisancePdf = 1)

[#0] WARNING:Minization -- RooMinimizerFcn: Minimized function has error status.
Returning maximum FCN so far (1128.66) to force MIGRAD to back out of this region. Error log follows
Parameter values: JER_ele=6.3354, JER_muon=-5.8175, JES_ele=6.90532, JES_muon=6.93005, QCD_stat_ele=-6.31917, QCD_stat_muon=-3.70487, VBS_stat_ele=6.9054, VBS_stat_muon=-6.82545, ele_efficiency=2.01659, ele_trigger=6.91125, fakephoton_ele=6.92042, fakephoton_muon=6.09775, interference=-0.506555, lumi=-2.07953, mu_efficiency=6.84104, mu_trigger=-3.46124, non_prompt_stat_ele=4.15843, non_prompt_stat_muon=-6.36961, others_stat_ele=6.40916, others_stat_muon=2.70338, others_xs=-6.97015, param=0.378066, pdf_ele=6.09775, pdf_muon=-0.457253, photon_id=-5.67863, pileup=3.97855, scale_ele=-6.87555, scale_muon=5.7259
RooProdPdf::model_s[ modelObs_s * nuisancePdf ]
     getLogVal() top-level p.d.f evaluates to zero @ !pdfs=(modelObs_s = 0/1,nuisancePdf = 1)

[#0] WARNING:Minization -- RooMinimizerFcn: Minimized function has error status.
Returning maximum FCN so far (1128.66) to force MIGRAD to back out of this region. Error log follows
Parameter values: JER_ele=2.85182, JER_muon=6.99459, JES_ele=3.88056, JES_muon=3.35995, QCD_stat_ele=6.92969, QCD_stat_muon=-0.567976, VBS_stat_ele=2.79973, VBS_stat_muon=7, ele_efficiency=0.5345, ele_trigger=3.36707, fakephoton_ele=1.87447, fakephoton_muon=3.34136, interference=6.29716, lumi=6.29961, mu_efficiency=2.86561, mu_trigger=6.47685, non_prompt_stat_ele=5.0035, non_prompt_stat_muon=-0.126909, others_stat_ele=4.0983, others_stat_muon=5.68602, others_xs=6.97236, param=0.296386, pdf_ele=3.99554, pdf_muon=-0.0462787, photon_id=-2.2344, pileup=2.21629, scale_ele=6.99999, scale_muon=2.54455
RooProdPdf::model_s[ modelObs_s * nuisancePdf ]
     getLogVal() top-level p.d.f evaluates to zero @ !pdfs=(modelObs_s = 0/1,nuisancePdf = 1)

[#0] WARNING:Minization -- RooMinimizerFcn: Minimized function has error status.
Returning maximum FCN so far (1128.66) to force MIGRAD to back out of this region. Error log follows
Parameter values: JER_ele=4.64432, JER_muon=3.51451, JES_ele=6.22017, JES_muon=-6.79982, QCD_stat_ele=0.227768, QCD_stat_muon=-3.90376, VBS_stat_ele=5.20518, VBS_stat_muon=-0.362563, ele_efficiency=1.18279, ele_trigger=5.487, fakephoton_ele=4.80737, fakephoton_muon=0.977756, interference=6.26427, lumi=5.86997, mu_efficiency=4.87598, mu_trigger=-1.76819, non_prompt_stat_ele=6.98919, non_prompt_stat_muon=5.3032, others_stat_ele=6.55122, others_stat_muon=-6.63001, others_xs=0.0441663, param=0.0699882, pdf_ele=6.62532, pdf_muon=-5.78334, photon_id=-1.68477, pileup=2.96426, scale_ele=0.862111, scale_muon=-5.28145
RooProdPdf::model_s[ modelObs_s * nuisancePdf ]
     getLogVal() top-level p.d.f evaluates to zero @ !pdfs=(modelObs_s = 0/1,nuisancePdf = 1)

[#0] WARNING:Minization -- RooMinimizerFcn: Minimized function has error status.
Returning maximum FCN so far (1128.66) to force MIGRAD to back out of this region. Error log follows
Parameter values: JER_ele=3.08172, JER_muon=6.10669, JES_ele=4.37759, JES_muon=-4.31901, QCD_stat_ele=6.50349, QCD_stat_muon=2.90009, VBS_stat_ele=3.46427, VBS_stat_muon=4.78582, ele_efficiency=0.707212, ele_trigger=3.72263, fakephoton_ele=2.82056, fakephoton_muon=-3.42033, interference=7, lumi=6.99466, mu_efficiency=4.27704, mu_trigger=2.05333, non_prompt_stat_ele=5.61408, non_prompt_stat_muon=4.28132, others_stat_ele=4.70784, others_stat_muon=-0.915137, others_xs=5.26682, param=0.00011914, pdf_ele=4.79046, pdf_muon=-6.98491, photon_id=-6.90074, pileup=2.25867, scale_ele=6.73306, scale_muon=-1.79123
RooProdPdf::model_s[ modelObs_s * nuisancePdf ]
     getLogVal() top-level p.d.f evaluates to zero @ !pdfs=(modelObs_s = 0/1,nuisancePdf = 1)

[#0] WARNING:Minization -- RooMinimizerFcn: Minimized function has error status.
Returning maximum FCN so far (1128.66) to force MIGRAD to back out of this region. Error log follows
Parameter values: JER_ele=3.47889, JER_muon=5.97907, JES_ele=4.96308, JES_muon=-4.82926, QCD_stat_ele=5.2467, QCD_stat_muon=1.38668, VBS_stat_ele=4.05666, VBS_stat_muon=4.46967, ele_efficiency=0.874052, ele_trigger=4.21556, fakephoton_ele=3.61754, fakephoton_muon=-3.87001, interference=6.99297, lumi=6.94818, mu_efficiency=4.39571, mu_trigger=1.56441, non_prompt_stat_ele=6.23907, non_prompt_stat_muon=3.10577, others_stat_ele=5.37799, others_stat_muon=-1.54259, others_xs=4.76404, param=0.00020233, pdf_ele=5.52113, pdf_muon=-6.98703, photon_id=-6.42479, pileup=2.24547, scale_ele=5.73922, scale_muon=-3.46693
RooProdPdf::model_s[ modelObs_s * nuisancePdf ]
     getLogVal() top-level p.d.f evaluates to zero @ !pdfs=(modelObs_s = 0/1,nuisancePdf = 1)

[#0] WARNING:Minization -- RooMinimizerFcn: Minimized function has error status.
Returning maximum FCN so far (1128.66) to force MIGRAD to back out of this region. Error log follows
Parameter values: JER_ele=3.53744, JER_muon=6.33287, JES_ele=4.93749, JES_muon=-3.21259, QCD_stat_ele=5.30109, QCD_stat_muon=5.43813, VBS_stat_ele=4.02316, VBS_stat_muon=5.33189, ele_efficiency=0.830906, ele_trigger=4.23602, fakephoton_ele=3.3478, fakephoton_muon=-2.3606, interference=6.9917, lumi=6.99972, mu_efficiency=4.03947, mu_trigger=2.9793, non_prompt_stat_ele=6.19982, non_prompt_stat_muon=6.17805, others_stat_ele=5.31384, others_stat_muon=0.324206, others_xs=5.43009, param=0.00100717, pdf_ele=5.40733, pdf_muon=-6.6605, photon_id=-6.9791, pileup=2.37024, scale_ele=5.8611, scale_muon=1.71781
RooProdPdf::model_s[ modelObs_s * nuisancePdf ]
     getLogVal() top-level p.d.f evaluates to zero @ !pdfs=(modelObs_s = 0/1,nuisancePdf = 1)

[#0] WARNING:Minization -- RooMinimizerFcn: Minimized function has error status.
Returning maximum FCN so far (663.515) to force MIGRAD to back out of this region. Error log follows
Parameter values: JER_ele=-0.11565, JER_muon=1.40611, JES_ele=2.82626, JES_muon=0.936911, QCD_stat_ele=6.17339, QCD_stat_muon=-3.75161, VBS_stat_ele=4.28959, VBS_stat_muon=0.877245, ele_efficiency=-0.37254, ele_trigger=1.61669, fakephoton_ele=6.07433, fakephoton_muon=-2.49943, interference=1.41393, lumi=0.886584, mu_efficiency=-0.815393, mu_trigger=0.660564, non_prompt_stat_ele=6.63955, non_prompt_stat_muon=-5.60836, others_stat_ele=4.65052, others_stat_muon=2.21482, others_xs=1.76599, param=0.933853, pdf_ele=3.49324, pdf_muon=-0.136976, photon_id=4.22224, pileup=-0.513206, scale_ele=6.00383, scale_muon=2.33592
RooProdPdf::model_s[ modelObs_s * nuisancePdf ]
     getLogVal() top-level p.d.f evaluates to zero @ !pdfs=(modelObs_s = 0/1,nuisancePdf = 1)


 -- Hybrid New -- 
CLs = 0.00490196 +/- 0.00346553
Done in 15.50 min (cpu), 15.59 min (real)
