 <<< Combine >>> 
>>> including systematics
>>> using the Profile Likelihood test statistics modified for upper limits (Q_LHC)
>>> method used is HybridNew
>>> Used OpenSSL to get a really random seed 1088373394
Computing results starting from observation (a-posteriori)
[#0] WARNING:Minization -- RooMinimizerFcn: Minimized function has error status.
Returning maximum FCN so far (808.18) to force MIGRAD to back out of this region. Error log follows
Parameter values: JER_ele=-6.34372, JER_muon=-1.61515, JES_ele=1.26359, JES_muon=-6.28324, QCD_stat_ele=6.99649, QCD_stat_muon=6.1568, VBS_stat_ele=-6.99816, VBS_stat_muon=4.6595, ele_efficiency=1.22006, ele_trigger=-5.46922, fakephoton_ele=6.0552, fakephoton_muon=1.09523, interference=-1.86435, lumi=-6.33014, mu_efficiency=5.62603, mu_trigger=5.54168, non_prompt_stat_ele=6.82638, non_prompt_stat_muon=-3.95133, others_stat_ele=6.33483, others_stat_muon=3.88055, others_xs=6.28228, param=0.0353194, pdf_ele=-5.08884, pdf_muon=0.292941, photon_id=-5.997, pileup=1.10805, scale_ele=2.55581, scale_muon=6.2821
RooProdPdf::model_s[ modelObs_s * nuisancePdf ]
     getLogVal() top-level p.d.f evaluates to zero @ !pdfs=(modelObs_s = 0/1,nuisancePdf = 1)

[#0] WARNING:Minization -- RooMinimizerFcn: Minimized function has error status.
Returning maximum FCN so far (937.536) to force MIGRAD to back out of this region. Error log follows
Parameter values: JER_ele=-4.79668, JER_muon=6.82558, JES_ele=-6.21711, JES_muon=6.22251, QCD_stat_ele=-3.72384, QCD_stat_muon=6.96009, VBS_stat_ele=-6.59108, VBS_stat_muon=6.38328, ele_efficiency=-1.05225, ele_trigger=-6.9491, fakephoton_ele=-4.5064, fakephoton_muon=5.74289, interference=4.4844, lumi=-1.59697, mu_efficiency=3.04727, mu_trigger=4.40545, non_prompt_stat_ele=4.93408, non_prompt_stat_muon=6.76553, others_stat_ele=-6.87316, others_stat_muon=-0.948685, others_xs=6.63756, param=0.0316006, pdf_ele=-6.619, pdf_muon=-1.8469, photon_id=5.71615, pileup=0.935919, scale_ele=-0.310562, scale_muon=6.99064
RooProdPdf::model_s[ modelObs_s * nuisancePdf ]
     getLogVal() top-level p.d.f evaluates to zero @ !pdfs=(modelObs_s = 0/1,nuisancePdf = 1)

[#0] WARNING:Minization -- RooMinimizerFcn: Minimized function has error status.
Returning maximum FCN so far (937.536) to force MIGRAD to back out of this region. Error log follows
Parameter values: JER_ele=-6.49258, JER_muon=1.36083, JES_ele=2.20915, JES_muon=0.767126, QCD_stat_ele=5.36553, QCD_stat_muon=6.74384, VBS_stat_ele=-4.5503, VBS_stat_muon=3.8544, ele_efficiency=0.813207, ele_trigger=-1.53232, fakephoton_ele=5.30185, fakephoton_muon=1.85236, interference=0.756889, lumi=-1.57662, mu_efficiency=6.78075, mu_trigger=4.92627, non_prompt_stat_ele=4.22414, non_prompt_stat_muon=2.03218, others_stat_ele=5.3879, others_stat_muon=5.34504, others_xs=5.87009, param=0.0310193, pdf_ele=-0.289215, pdf_muon=4.72062, photon_id=2.98545, pileup=0.660738, scale_ele=5.60925, scale_muon=6.33007
RooProdPdf::model_s[ modelObs_s * nuisancePdf ]
     getLogVal() top-level p.d.f evaluates to zero @ !pdfs=(modelObs_s = 0/1,nuisancePdf = 1)

[#0] WARNING:Minization -- RooMinimizerFcn: Minimized function has error status.
Returning maximum FCN so far (937.536) to force MIGRAD to back out of this region. Error log follows
Parameter values: JER_ele=-2.19192, JER_muon=-0.995323, JES_ele=1.66383, JES_muon=-1.8637, QCD_stat_ele=3.5953, QCD_stat_muon=-2.08277, VBS_stat_ele=-1.40731, VBS_stat_muon=-0.267685, ele_efficiency=0.505301, ele_trigger=0.0602942, fakephoton_ele=6.35554, fakephoton_muon=-0.259863, interference=-0.658449, lumi=-1.14512, mu_efficiency=3.87274, mu_trigger=0.410865, non_prompt_stat_ele=4.82829, non_prompt_stat_muon=-1.26407, others_stat_ele=4.37106, others_stat_muon=-0.107671, others_xs=2.32492, param=0.0285191, pdf_ele=1.00503, pdf_muon=-0.819783, photon_id=-0.148886, pileup=0.238372, scale_ele=4.6545, scale_muon=-2.53408
RooProdPdf::model_s[ modelObs_s * nuisancePdf ]
     getLogVal() top-level p.d.f evaluates to zero @ !pdfs=(modelObs_s = 0/1,nuisancePdf = 1)


 -- Hybrid New -- 
CLs = 0.414352 +/- 0.0288439
Done in 14.49 min (cpu), 14.77 min (real)
