 <<< Combine >>> 
>>> including systematics
>>> using the Profile Likelihood test statistics modified for upper limits (Q_LHC)
>>> method used is HybridNew
>>> Used OpenSSL to get a really random seed -1332334502
Computing results starting from observation (a-posteriori)
[#0] WARNING:Minization -- RooMinimizerFcn: Minimized function has error status.
Returning maximum FCN so far (33.4017) to force MIGRAD to back out of this region. Error log follows
Parameter values: JER_ele=4.12912, JER_muon=2.56038, JES_ele=-2.90104, JES_muon=0.395069, QCD_stat_ele=6.04138, QCD_stat_muon=5.69329, VBS_stat_ele=5.00616, VBS_stat_muon=0.920916, ele_efficiency=1.61253, ele_trigger=0.645374, fakephoton_ele=2.92241, fakephoton_muon=0.367014, interference=4.77697, lumi=4.04951, mu_efficiency=4.89411, mu_trigger=4.78457, non_prompt_stat_ele=4.89226, non_prompt_stat_muon=-1.20713, others_stat_ele=1.86894, others_stat_muon=5.71096, others_xs=4.77884, param=0.143175, pdf_ele=4.98331, pdf_muon=0.301535, photon_id=3.5828, pileup=-1.30593, scale_ele=0.141373, scale_muon=5.07379
RooProdPdf::model_s[ modelObs_s * nuisancePdf ]
     getLogVal() top-level p.d.f evaluates to zero @ !pdfs=(modelObs_s = 0/1,nuisancePdf = 1)

[#0] WARNING:Minization -- RooMinimizerFcn: Minimized function has error status.
Returning maximum FCN so far (35.9903) to force MIGRAD to back out of this region. Error log follows
Parameter values: JER_ele=4.99272, JER_muon=3.74881, JES_ele=1.96862, JES_muon=5.55413, QCD_stat_ele=3.88174, QCD_stat_muon=4.31285, VBS_stat_ele=3.6286, VBS_stat_muon=-1.34388, ele_efficiency=1.23532, ele_trigger=3.98698, fakephoton_ele=2.06229, fakephoton_muon=-5.1443, interference=-0.435777, lumi=1.04951, mu_efficiency=-4.89936, mu_trigger=-0.188774, non_prompt_stat_ele=4.47428, non_prompt_stat_muon=3.10562, others_stat_ele=1.03666, others_stat_muon=1.48626, others_xs=6.80809, param=0.15119, pdf_ele=6.79391, pdf_muon=2.83942, photon_id=6.73269, pileup=-3.6035, scale_ele=5.51602, scale_muon=6.02377
RooProdPdf::model_s[ modelObs_s * nuisancePdf ]
     getLogVal() top-level p.d.f evaluates to zero @ !pdfs=(modelObs_s = 0/1,nuisancePdf = 1)

[#0] WARNING:Minization -- RooMinimizerFcn: Minimized function has error status.
Returning maximum FCN so far (452.307) to force MIGRAD to back out of this region. Error log follows
Parameter values: JER_ele=-4.8912, JER_muon=2.79366, JES_ele=-4.14952, JES_muon=1.62816, QCD_stat_ele=6.62035, QCD_stat_muon=6.91833, VBS_stat_ele=-6.88792, VBS_stat_muon=-5.602, ele_efficiency=3.26277, ele_trigger=1.75211, fakephoton_ele=6.98262, fakephoton_muon=4.64705, interference=-6.54156, lumi=-4.16507, mu_efficiency=-6.07441, mu_trigger=6.10672, non_prompt_stat_ele=-6.9079, non_prompt_stat_muon=6.36502, others_stat_ele=1.89989, others_stat_muon=6.92992, others_xs=6.52958, param=0.0143228, pdf_ele=1.80181, pdf_muon=6.16487, photon_id=6.97104, pileup=-4.04947, scale_ele=5.28418, scale_muon=-3.35131
RooProdPdf::model_s[ modelObs_s * nuisancePdf ]
     getLogVal() top-level p.d.f evaluates to zero @ !pdfs=(modelObs_s = 0/1,nuisancePdf = 1)

[#0] WARNING:Minization -- RooMinimizerFcn: Minimized function has error status.
Returning maximum FCN so far (452.307) to force MIGRAD to back out of this region. Error log follows
Parameter values: JER_ele=2.04208, JER_muon=3.05735, JES_ele=3.22464, JES_muon=6.54171, QCD_stat_ele=6.05811, QCD_stat_muon=6.90042, VBS_stat_ele=2.78705, VBS_stat_muon=6.01339, ele_efficiency=-0.289032, ele_trigger=1.17922, fakephoton_ele=1.65462, fakephoton_muon=0.737591, interference=4.43724, lumi=4.31054, mu_efficiency=2.88795, mu_trigger=3.47458, non_prompt_stat_ele=0.550811, non_prompt_stat_muon=4.32153, others_stat_ele=0.0618924, others_stat_muon=5.75017, others_xs=2.98834, param=2.66847e-05, pdf_ele=2.00214, pdf_muon=6.72576, photon_id=6.99369, pileup=1.19268, scale_ele=5.0393, scale_muon=3.34999
RooProdPdf::model_s[ modelObs_s * nuisancePdf ]
     getLogVal() top-level p.d.f evaluates to zero @ !pdfs=(modelObs_s = 0/1,nuisancePdf = 1)

[#0] WARNING:Minization -- RooMinimizerFcn: Minimized function has error status.
Returning maximum FCN so far (452.307) to force MIGRAD to back out of this region. Error log follows
Parameter values: JER_ele=2.24573, JER_muon=3.38073, JES_ele=3.54189, JES_muon=6.8235, QCD_stat_ele=6.42909, QCD_stat_muon=6.51748, VBS_stat_ele=3.00644, VBS_stat_muon=6.31318, ele_efficiency=-0.276096, ele_trigger=1.37356, fakephoton_ele=1.78665, fakephoton_muon=0.907295, interference=4.80739, lumi=4.66734, mu_efficiency=3.26672, mu_trigger=3.85253, non_prompt_stat_ele=1.07914, non_prompt_stat_muon=4.74391, others_stat_ele=0.250349, others_stat_muon=6.12615, others_xs=3.35424, param=0.00222248, pdf_ele=2.32573, pdf_muon=6.93059, photon_id=6.94592, pileup=1.28969, scale_ele=5.54232, scale_muon=1.44672
RooProdPdf::model_s[ modelObs_s * nuisancePdf ]
     getLogVal() top-level p.d.f evaluates to zero @ !pdfs=(modelObs_s = 0/1,nuisancePdf = 1)

[#0] WARNING:Minization -- RooMinimizerFcn: Minimized function has error status.
Returning maximum FCN so far (452.307) to force MIGRAD to back out of this region. Error log follows
Parameter values: JER_ele=2.52524, JER_muon=4.01408, JES_ele=3.95412, JES_muon=6.9936, QCD_stat_ele=6.89094, QCD_stat_muon=5.06034, VBS_stat_ele=3.40359, VBS_stat_muon=6.71313, ele_efficiency=-0.173281, ele_trigger=1.7571, fakephoton_ele=2.29921, fakephoton_muon=1.31872, interference=5.27707, lumi=5.21964, mu_efficiency=3.47944, mu_trigger=4.66258, non_prompt_stat_ele=1.66833, non_prompt_stat_muon=5.44972, others_stat_ele=0.628352, others_stat_muon=6.666, others_xs=4.10259, param=0.00015808, pdf_ele=2.96071, pdf_muon=6.94579, photon_id=6.33125, pileup=1.35659, scale_ele=6.32345, scale_muon=-2.43038
RooProdPdf::model_s[ modelObs_s * nuisancePdf ]
     getLogVal() top-level p.d.f evaluates to zero @ !pdfs=(modelObs_s = 0/1,nuisancePdf = 1)

[#0] WARNING:Minization -- RooMinimizerFcn: Minimized function has error status.
Returning maximum FCN so far (452.307) to force MIGRAD to back out of this region. Error log follows
Parameter values: JER_ele=2.73221, JER_muon=4.42273, JES_ele=4.24003, JES_muon=6.97791, QCD_stat_ele=6.99888, QCD_stat_muon=3.69393, VBS_stat_ele=3.73207, VBS_stat_muon=6.90757, ele_efficiency=-0.105547, ele_trigger=2.02361, fakephoton_ele=2.6373, fakephoton_muon=1.58174, interference=5.58938, lumi=5.57559, mu_efficiency=3.62656, mu_trigger=5.14904, non_prompt_stat_ele=2.06482, non_prompt_stat_muon=5.84997, others_stat_ele=0.882857, others_stat_muon=6.88601, others_xs=4.56225, param=0.0190797, pdf_ele=3.39391, pdf_muon=6.67762, photon_id=5.54418, pileup=1.40897, scale_ele=6.69686, scale_muon=-4.62939
RooProdPdf::model_s[ modelObs_s * nuisancePdf ]
     getLogVal() top-level p.d.f evaluates to zero @ !pdfs=(modelObs_s = 0/1,nuisancePdf = 1)

[#0] WARNING:Minization -- RooMinimizerFcn: Minimized function has error status.
Returning maximum FCN so far (452.307) to force MIGRAD to back out of this region. Error log follows
Parameter values: JER_ele=3.45365, JER_muon=5.79387, JES_ele=5.20577, JES_muon=5.92018, QCD_stat_ele=5.72619, QCD_stat_muon=-3.2529, VBS_stat_ele=4.74764, VBS_stat_muon=6.72701, ele_efficiency=0.192605, ele_trigger=3.04117, fakephoton_ele=3.94119, fakephoton_muon=2.66762, interference=6.48853, lumi=6.58526, mu_efficiency=4.13274, mu_trigger=6.58366, non_prompt_stat_ele=3.55975, non_prompt_stat_muon=6.88282, others_stat_ele=1.92028, others_stat_muon=6.58567, others_xs=6.08941, param=0.0244735, pdf_ele=4.9177, pdf_muon=3.64795, photon_id=0.389835, pileup=1.57115, scale_ele=6.70147, scale_muon=-5.53033
RooProdPdf::model_s[ modelObs_s * nuisancePdf ]
     getLogVal() top-level p.d.f evaluates to zero @ !pdfs=(modelObs_s = 0/1,nuisancePdf = 1)

[#0] WARNING:Minization -- RooMinimizerFcn: Minimized function has error status.
Returning maximum FCN so far (452.307) to force MIGRAD to back out of this region. Error log follows
Parameter values: JER_ele=6.79524, JER_muon=3.39659, JES_ele=5.79815, JES_muon=-6.11203, QCD_stat_ele=-1.05403, QCD_stat_muon=-1.30775, VBS_stat_ele=6.67772, VBS_stat_muon=-6.67842, ele_efficiency=1.61516, ele_trigger=6.90464, fakephoton_ele=6.71137, fakephoton_muon=6.71655, interference=1.96905, lumi=0.0398432, mu_efficiency=6.76326, mu_trigger=-2.28589, non_prompt_stat_ele=6.32665, non_prompt_stat_muon=-4.01687, others_stat_ele=6.41489, others_stat_muon=-6.47376, others_xs=0.426612, param=0.066446, pdf_ele=4.55599, pdf_muon=3.44782, photon_id=6.45025, pileup=3.06616, scale_ele=-4.86304, scale_muon=6.99901
RooProdPdf::model_s[ modelObs_s * nuisancePdf ]
     getLogVal() top-level p.d.f evaluates to zero @ !pdfs=(modelObs_s = 0/1,nuisancePdf = 1)

[#0] WARNING:Minization -- RooMinimizerFcn: Minimized function has error status.
Returning maximum FCN so far (452.307) to force MIGRAD to back out of this region. Error log follows
Parameter values: JER_ele=2.14927, JER_muon=2.66775, JES_ele=3.46655, JES_muon=6.60224, QCD_stat_ele=6.12494, QCD_stat_muon=6.99983, VBS_stat_ele=2.46646, VBS_stat_muon=5.33789, ele_efficiency=-0.367916, ele_trigger=1.17586, fakephoton_ele=1.54116, fakephoton_muon=0.545262, interference=4.32781, lumi=4.19464, mu_efficiency=3.19003, mu_trigger=2.98847, non_prompt_stat_ele=0.85101, non_prompt_stat_muon=4.15336, others_stat_ele=0.0634712, others_stat_muon=5.6444, others_xs=2.81574, param=0.342527, pdf_ele=1.94531, pdf_muon=6.46355, photon_id=6.94995, pileup=1.2972, scale_ele=5.11724, scale_muon=4.56609
RooProdPdf::model_s[ modelObs_s * nuisancePdf ]
     getLogVal() top-level p.d.f evaluates to zero @ !pdfs=(modelObs_s = 0/1,nuisancePdf = 1)

[#0] WARNING:Minization -- RooMinimizerFcn: Minimized function has error status.
Returning maximum FCN so far (716.38) to force MIGRAD to back out of this region. Error log follows
Parameter values: JER_ele=1.94717, JER_muon=2.85326, JES_ele=3.28717, JES_muon=6.57706, QCD_stat_ele=6.42531, QCD_stat_muon=6.83033, VBS_stat_ele=1.91582, VBS_stat_muon=4.64179, ele_efficiency=-0.189819, ele_trigger=1.32441, fakephoton_ele=1.8913, fakephoton_muon=0.925274, interference=4.00574, lumi=4.03783, mu_efficiency=2.86277, mu_trigger=3.48295, non_prompt_stat_ele=1.03761, non_prompt_stat_muon=4.52395, others_stat_ele=0.384589, others_stat_muon=5.93769, others_xs=3.29099, param=0.0578896, pdf_ele=2.19553, pdf_muon=6.63773, photon_id=6.99646, pileup=1.10542, scale_ele=5.56838, scale_muon=2.74405
RooProdPdf::model_s[ modelObs_s * nuisancePdf ]
     getLogVal() top-level p.d.f evaluates to zero @ !pdfs=(modelObs_s = 0/1,nuisancePdf = 1)

[#0] WARNING:Minization -- RooMinimizerFcn: Minimized function has error status.
Returning maximum FCN so far (38.5162) to force MIGRAD to back out of this region. Error log follows
Parameter values: JER_ele=-3.54586, JER_muon=2.88497, JES_ele=-0.106117, JES_muon=6.07864, QCD_stat_ele=-1.97055, QCD_stat_muon=5.86007, VBS_stat_ele=4.40361, VBS_stat_muon=6.9181, ele_efficiency=-2.79144, ele_trigger=-1.07022, fakephoton_ele=0.915814, fakephoton_muon=1.84979, interference=-0.82033, lumi=-1.3961, mu_efficiency=-1.78894, mu_trigger=6.99845, non_prompt_stat_ele=4.98685, non_prompt_stat_muon=2.40378, others_stat_ele=-1.04885, others_stat_muon=6.34685, others_xs=2.11895, param=0.0628302, pdf_ele=1.25881, pdf_muon=2.6027, photon_id=4.32719, pileup=3.73457, scale_ele=-3.23947, scale_muon=6.98203
RooProdPdf::model_s[ modelObs_s * nuisancePdf ]
     getLogVal() top-level p.d.f evaluates to zero @ !pdfs=(modelObs_s = 0/1,nuisancePdf = 1)

[#0] WARNING:Minization -- RooMinimizerFcn: Minimized function has error status.
Returning maximum FCN so far (35.0062) to force MIGRAD to back out of this region. Error log follows
Parameter values: JER_ele=6.45273, JER_muon=-2.79469, JES_ele=3.65043, JES_muon=6.16142, QCD_stat_ele=6.16303, QCD_stat_muon=4.90965, VBS_stat_ele=2.20501, VBS_stat_muon=0.458571, ele_efficiency=-2.43938, ele_trigger=1.53713, fakephoton_ele=5.15627, fakephoton_muon=-2.98323, interference=1.15178, lumi=-2.60641, mu_efficiency=-4.51499, mu_trigger=3.79099, non_prompt_stat_ele=3.35056, non_prompt_stat_muon=4.91792, others_stat_ele=4.25301, others_stat_muon=3.58815, others_xs=6.07434, param=0.151895, pdf_ele=4.13716, pdf_muon=6.97644, photon_id=4.27186, pileup=-0.257937, scale_ele=6.52104, scale_muon=5.59122
RooProdPdf::model_s[ modelObs_s * nuisancePdf ]
     getLogVal() top-level p.d.f evaluates to zero @ !pdfs=(modelObs_s = 0/1,nuisancePdf = 1)


 -- Hybrid New -- 
CLs = 0.0490196 +/- 0.0109396
Done in 16.09 min (cpu), 16.20 min (real)
