 <<< Combine >>> 
>>> including systematics
>>> using the Profile Likelihood test statistics modified for upper limits (Q_LHC)
>>> method used is HybridNew
>>> Used OpenSSL to get a really random seed 1880373454
Computing results starting from observation (a-posteriori)
[#0] WARNING:Minization -- RooMinimizerFcn: Minimized function has error status.
Returning maximum FCN so far (496.243) to force MIGRAD to back out of this region. Error log follows
Parameter values: JER_ele=-2.10919, JER_muon=1.62466, JES_ele=0.768698, JES_muon=6.86461, QCD_stat_ele=-2.90008, QCD_stat_muon=-6.30454, VBS_stat_ele=0.929609, VBS_stat_muon=1.06347, ele_efficiency=-1.41021, ele_trigger=6.00762, fakephoton_ele=5.68664, fakephoton_muon=6.946, interference=2.81894, lumi=4.94224, mu_efficiency=1.38859, mu_trigger=2.79947, non_prompt_stat_ele=3.72266, non_prompt_stat_muon=-0.0556523, others_stat_ele=3.9202, others_stat_muon=5.11038, others_xs=4.81113, param=0.376782, pdf_ele=0.764691, pdf_muon=-5.7556, photon_id=-4.19025, pileup=5.50161, scale_ele=5.53627, scale_muon=-6.99822
RooProdPdf::model_s[ modelObs_s * nuisancePdf ]
     getLogVal() top-level p.d.f evaluates to zero @ !pdfs=(modelObs_s = 0/1,nuisancePdf = 1)

[#0] WARNING:Minization -- RooMinimizerFcn: Minimized function has error status.
Returning maximum FCN so far (496.243) to force MIGRAD to back out of this region. Error log follows
Parameter values: JER_ele=4.93912, JER_muon=6.78284, JES_ele=5.19081, JES_muon=3.30648, QCD_stat_ele=-3.87992, QCD_stat_muon=-3.61898, VBS_stat_ele=6.64072, VBS_stat_muon=6.79627, ele_efficiency=1.95212, ele_trigger=5.31677, fakephoton_ele=6.33007, fakephoton_muon=2.04166, interference=5.8973, lumi=6.85357, mu_efficiency=3.58634, mu_trigger=6.95227, non_prompt_stat_ele=6.8341, non_prompt_stat_muon=6.44164, others_stat_ele=6.08971, others_stat_muon=4.9549, others_xs=6.94564, param=0.0513819, pdf_ele=6.5565, pdf_muon=-1.80276, photon_id=-5.76201, pileup=-0.0722249, scale_ele=2.52591, scale_muon=6.20669
RooProdPdf::model_s[ modelObs_s * nuisancePdf ]
     getLogVal() top-level p.d.f evaluates to zero @ !pdfs=(modelObs_s = 0/1,nuisancePdf = 1)

[#0] WARNING:Minization -- RooMinimizerFcn: Minimized function has error status.
Returning maximum FCN so far (496.243) to force MIGRAD to back out of this region. Error log follows
Parameter values: JER_ele=5.55576, JER_muon=6.19385, JES_ele=6.12519, JES_muon=-4.99556, QCD_stat_ele=-5.58032, QCD_stat_muon=3.56578, VBS_stat_ele=6.91854, VBS_stat_muon=2.1174, ele_efficiency=2.38426, ele_trigger=6.13094, fakephoton_ele=6.75887, fakephoton_muon=3.30434, interference=6.99191, lumi=6.43392, mu_efficiency=5.00283, mu_trigger=3.64411, non_prompt_stat_ele=5.86585, non_prompt_stat_muon=6.86962, others_stat_ele=6.84131, others_stat_muon=-3.21132, others_xs=4.25529, param=0.0600722, pdf_ele=6.97424, pdf_muon=-6.4112, photon_id=-2.80212, pileup=0.113101, scale_ele=-2.83535, scale_muon=-6.99573
RooProdPdf::model_s[ modelObs_s * nuisancePdf ]
     getLogVal() top-level p.d.f evaluates to zero @ !pdfs=(modelObs_s = 0/1,nuisancePdf = 1)

[#0] WARNING:Minization -- RooMinimizerFcn: Minimized function has error status.
Returning maximum FCN so far (496.243) to force MIGRAD to back out of this region. Error log follows
Parameter values: JER_ele=5.25323, JER_muon=5.43936, JES_ele=5.67136, JES_muon=-6.46993, QCD_stat_ele=-3.35836, QCD_stat_muon=-2.00018, VBS_stat_ele=6.76703, VBS_stat_muon=0.377292, ele_efficiency=2.26219, ele_trigger=5.8029, fakephoton_ele=6.98723, fakephoton_muon=3.69349, interference=6.97985, lumi=6.13441, mu_efficiency=5.35502, mu_trigger=1.99295, non_prompt_stat_ele=6.62585, non_prompt_stat_muon=6.49331, others_stat_ele=6.6014, others_stat_muon=-5.20589, others_xs=3.42855, param=0.14975, pdf_ele=6.77757, pdf_muon=-4.32281, photon_id=-0.886291, pileup=0.118007, scale_ele=-0.439642, scale_muon=-3.46237
RooProdPdf::model_s[ modelObs_s * nuisancePdf ]
     getLogVal() top-level p.d.f evaluates to zero @ !pdfs=(modelObs_s = 0/1,nuisancePdf = 1)

[#0] WARNING:Minization -- RooMinimizerFcn: Minimized function has error status.
Returning maximum FCN so far (496.243) to force MIGRAD to back out of this region. Error log follows
Parameter values: JER_ele=5.1331, JER_muon=4.52964, JES_ele=5.59958, JES_muon=-6.98717, QCD_stat_ele=-2.70925, QCD_stat_muon=-6.22998, VBS_stat_ele=6.70081, VBS_stat_muon=-1.29553, ele_efficiency=2.19036, ele_trigger=5.7002, fakephoton_ele=6.99868, fakephoton_muon=4.13567, interference=6.8522, lumi=5.71419, mu_efficiency=5.62362, mu_trigger=0.234295, non_prompt_stat_ele=6.72506, non_prompt_stat_muon=5.96347, others_stat_ele=6.53996, others_stat_muon=-6.37394, others_xs=2.44581, param=0.12021, pdf_ele=6.72909, pdf_muon=-1.51973, photon_id=1.57061, pileup=0.263779, scale_ele=0.0661964, scale_muon=2.9794
RooProdPdf::model_s[ modelObs_s * nuisancePdf ]
     getLogVal() top-level p.d.f evaluates to zero @ !pdfs=(modelObs_s = 0/1,nuisancePdf = 1)

[#0] WARNING:Minization -- RooMinimizerFcn: Minimized function has error status.
Returning maximum FCN so far (496.243) to force MIGRAD to back out of this region. Error log follows
Parameter values: JER_ele=4.9998, JER_muon=4.81492, JES_ele=5.31288, JES_muon=-6.91511, QCD_stat_ele=-1.37977, QCD_stat_muon=-5.16241, VBS_stat_ele=6.651, VBS_stat_muon=-0.984165, ele_efficiency=2.14445, ele_trigger=5.52169, fakephoton_ele=6.97478, fakephoton_muon=3.96939, interference=6.90467, lumi=5.92029, mu_efficiency=5.55455, mu_trigger=0.795184, non_prompt_stat_ele=6.91745, non_prompt_stat_muon=6.15279, others_stat_ele=6.34808, others_stat_muon=-6.07969, others_xs=2.96024, param=0.026713, pdf_ele=6.54628, pdf_muon=-2.38119, photon_id=0.309573, pileup=0.168265, scale_ele=1.35478, scale_muon=1.0836
RooProdPdf::model_s[ modelObs_s * nuisancePdf ]
     getLogVal() top-level p.d.f evaluates to zero @ !pdfs=(modelObs_s = 0/1,nuisancePdf = 1)

[#0] WARNING:Minization -- RooMinimizerFcn: Minimized function has error status.
Returning maximum FCN so far (496.243) to force MIGRAD to back out of this region. Error log follows
Parameter values: JER_ele=5.49022, JER_muon=2.04586, JES_ele=6.07672, JES_muon=-5.36556, QCD_stat_ele=-4.98028, QCD_stat_muon=-2.14824, VBS_stat_ele=6.90001, VBS_stat_muon=-4.61368, ele_efficiency=2.35855, ele_trigger=6.0804, fakephoton_ele=6.85113, fakephoton_muon=4.9122, interference=6.11596, lumi=4.05962, mu_efficiency=6.16865, mu_trigger=-3.42982, non_prompt_stat_ele=6.11683, non_prompt_stat_muon=4.21737, others_stat_ele=6.8387, others_stat_muon=-6.72633, others_xs=-0.593484, param=0.216141, pdf_ele=6.95623, pdf_muon=4.91598, photon_id=6.61429, pileup=0.490945, scale_ele=-2.512, scale_muon=3.61133
RooProdPdf::model_s[ modelObs_s * nuisancePdf ]
     getLogVal() top-level p.d.f evaluates to zero @ !pdfs=(modelObs_s = 0/1,nuisancePdf = 1)

[#0] WARNING:Minization -- RooMinimizerFcn: Minimized function has error status.
Returning maximum FCN so far (496.243) to force MIGRAD to back out of this region. Error log follows
Parameter values: JER_ele=5.28421, JER_muon=3.43041, JES_ele=5.69112, JES_muon=-6.67455, QCD_stat_ele=-3.32059, QCD_stat_muon=-6.68512, VBS_stat_ele=6.83355, VBS_stat_muon=-3.1961, ele_efficiency=2.27572, ele_trigger=5.82608, fakephoton_ele=6.99201, fakephoton_muon=4.45066, interference=6.57203, lumi=5.00551, mu_efficiency=5.91191, mu_trigger=-1.50392, non_prompt_stat_ele=6.65787, non_prompt_stat_muon=5.25991, others_stat_ele=6.62266, others_stat_muon=-6.97037, others_xs=1.14009, param=0.00525056, pdf_ele=6.79853, pdf_muon=1.80136, photon_id=4.38377, pileup=0.297991, scale_ele=-0.509237, scale_muon=6.96473
RooProdPdf::model_s[ modelObs_s * nuisancePdf ]
     getLogVal() top-level p.d.f evaluates to zero @ !pdfs=(modelObs_s = 0/1,nuisancePdf = 1)

[#0] WARNING:Minization -- RooMinimizerFcn: Minimized function has error status.
Returning maximum FCN so far (496.243) to force MIGRAD to back out of this region. Error log follows
Parameter values: JER_ele=5.70801, JER_muon=0.526828, JES_ele=6.38108, JES_muon=-3.24851, QCD_stat_ele=-6.12273, QCD_stat_muon=3.79801, VBS_stat_ele=6.98854, VBS_stat_muon=-6.04948, ele_efficiency=2.44794, ele_trigger=6.30762, fakephoton_ele=6.58797, fakephoton_muon=5.32548, interference=5.41606, lumi=2.88135, mu_efficiency=6.39628, mu_trigger=-5.06208, non_prompt_stat_ele=5.4607, non_prompt_stat_muon=3.02435, others_stat_ele=6.95753, others_stat_muon=-5.59103, others_xs=-2.24074, param=0.00916647, pdf_ele=6.99856, pdf_muon=6.75721, photon_id=6.81634, pileup=0.674683, scale_ele=-4.17099, scale_muon=-3.83206
RooProdPdf::model_s[ modelObs_s * nuisancePdf ]
     getLogVal() top-level p.d.f evaluates to zero @ !pdfs=(modelObs_s = 0/1,nuisancePdf = 1)

[#0] WARNING:Minization -- RooMinimizerFcn: Minimized function has error status.
Returning maximum FCN so far (719.828) to force MIGRAD to back out of this region. Error log follows
Parameter values: JER_ele=2.54118, JER_muon=5.38889, JES_ele=1.70144, JES_muon=6.75509, QCD_stat_ele=6.69709, QCD_stat_muon=-5.0207, VBS_stat_ele=3.2089, VBS_stat_muon=6.34067, ele_efficiency=1.22379, ele_trigger=2.64268, fakephoton_ele=3.52408, fakephoton_muon=0.676014, interference=3.86643, lumi=5.10198, mu_efficiency=2.63136, mu_trigger=6.06877, non_prompt_stat_ele=3.74204, non_prompt_stat_muon=4.81873, others_stat_ele=2.75601, others_stat_muon=6.95185, others_xs=6.09392, param=0.648869, pdf_ele=2.35605, pdf_muon=5.2953, photon_id=4.56848, pileup=-0.654336, scale_ele=6.16117, scale_muon=-6.65871
RooProdPdf::model_s[ modelObs_s * nuisancePdf ]
     getLogVal() top-level p.d.f evaluates to zero @ !pdfs=(modelObs_s = 0/1,nuisancePdf = 1)

[#0] WARNING:Minization -- RooMinimizerFcn: Minimized function has error status.
Returning maximum FCN so far (719.828) to force MIGRAD to back out of this region. Error log follows
Parameter values: JER_ele=6.0584, JER_muon=5.69154, JES_ele=4.77391, JES_muon=-6.92302, QCD_stat_ele=-5.43121, QCD_stat_muon=-0.744057, VBS_stat_ele=6.68616, VBS_stat_muon=2.684, ele_efficiency=3.13516, ele_trigger=6.17275, fakephoton_ele=6.82356, fakephoton_muon=2.72823, interference=6.99587, lumi=5.81368, mu_efficiency=5.89247, mu_trigger=2.35597, non_prompt_stat_ele=6.99032, non_prompt_stat_muon=6.20022, others_stat_ele=6.53083, others_stat_muon=-6.82802, others_xs=1.84329, param=0.71254, pdf_ele=6.25855, pdf_muon=-2.69287, photon_id=1.01682, pileup=-1.2975, scale_ele=0.766026, scale_muon=4.9684
RooProdPdf::model_s[ modelObs_s * nuisancePdf ]
     getLogVal() top-level p.d.f evaluates to zero @ !pdfs=(modelObs_s = 0/1,nuisancePdf = 1)

[#0] WARNING:Minization -- RooMinimizerFcn: Minimized function has error status.
Returning maximum FCN so far (752.64) to force MIGRAD to back out of this region. Error log follows
Parameter values: JER_ele=-3.78754, JER_muon=6.56134, JES_ele=-1.56697, JES_muon=-6.83155, QCD_stat_ele=1.115, QCD_stat_muon=-5.79743, VBS_stat_ele=-6.93947, VBS_stat_muon=-1.9025, ele_efficiency=0.636387, ele_trigger=-6.79274, fakephoton_ele=5.0918, fakephoton_muon=-2.26834, interference=5.98279, lumi=5.68098, mu_efficiency=-6.86543, mu_trigger=-5.71242, non_prompt_stat_ele=6.72014, non_prompt_stat_muon=6.83441, others_stat_ele=-2.84408, others_stat_muon=-6.83212, others_xs=5.69297, param=0.333573, pdf_ele=3.71418, pdf_muon=6.39154, photon_id=0.744788, pileup=-6.68161, scale_ele=-5.34105, scale_muon=6.25274
RooProdPdf::model_s[ modelObs_s * nuisancePdf ]
     getLogVal() top-level p.d.f evaluates to zero @ !pdfs=(modelObs_s = 0/1,nuisancePdf = 1)

[#0] WARNING:Minization -- RooMinimizerFcn: Minimized function has error status.
Returning maximum FCN so far (848.187) to force MIGRAD to back out of this region. Error log follows
Parameter values: JER_ele=4.84349, JER_muon=3.77764, JES_ele=5.28291, JES_muon=-6.68151, QCD_stat_ele=-0.174658, QCD_stat_muon=-6.58904, VBS_stat_ele=6.20713, VBS_stat_muon=-1.28705, ele_efficiency=2.13275, ele_trigger=5.45855, fakephoton_ele=6.99533, fakephoton_muon=4.31127, interference=6.72303, lumi=5.43752, mu_efficiency=5.87948, mu_trigger=-1.29505, non_prompt_stat_ele=6.85895, non_prompt_stat_muon=5.38878, others_stat_ele=6.3516, others_stat_muon=-6.93431, others_xs=1.57521, param=0.0399408, pdf_ele=6.43348, pdf_muon=1.28168, photon_id=3.39683, pileup=0.217981, scale_ele=1.23947, scale_muon=6.99776
RooProdPdf::model_s[ modelObs_s * nuisancePdf ]
     getLogVal() top-level p.d.f evaluates to zero @ !pdfs=(modelObs_s = 0/1,nuisancePdf = 1)

[#0] WARNING:Minization -- RooMinimizerFcn: Minimized function has error status.
Returning maximum FCN so far (848.187) to force MIGRAD to back out of this region. Error log follows
Parameter values: JER_ele=5.30473, JER_muon=3.50221, JES_ele=5.80464, JES_muon=-6.2623, QCD_stat_ele=-5.02979, QCD_stat_muon=-6.50863, VBS_stat_ele=6.55712, VBS_stat_muon=-1.53012, ele_efficiency=2.251, ele_trigger=5.85154, fakephoton_ele=6.98149, fakephoton_muon=4.68979, interference=6.57352, lumi=4.9991, mu_efficiency=5.96938, mu_trigger=-2.09171, non_prompt_stat_ele=6.88537, non_prompt_stat_muon=5.02186, others_stat_ele=6.66154, others_stat_muon=-6.99963, others_xs=0.651357, param=0.0346748, pdf_ele=6.85096, pdf_muon=2.40564, photon_id=5.05744, pileup=0.436943, scale_ele=-0.90776, scale_muon=6.23826
RooProdPdf::model_s[ modelObs_s * nuisancePdf ]
     getLogVal() top-level p.d.f evaluates to zero @ !pdfs=(modelObs_s = 0/1,nuisancePdf = 1)

[#0] WARNING:Minization -- RooMinimizerFcn: Minimized function has error status.
Returning maximum FCN so far (848.187) to force MIGRAD to back out of this region. Error log follows
Parameter values: JER_ele=5.15818, JER_muon=2.99532, JES_ele=5.85379, JES_muon=-6.17112, QCD_stat_ele=-1.02403, QCD_stat_muon=-3.33397, VBS_stat_ele=6.46041, VBS_stat_muon=-2.31081, ele_efficiency=2.3519, ele_trigger=5.91072, fakephoton_ele=6.44199, fakephoton_muon=4.32652, interference=6.54231, lumi=4.81839, mu_efficiency=6.02961, mu_trigger=-2.18778, non_prompt_stat_ele=5.31653, non_prompt_stat_muon=4.99365, others_stat_ele=6.76408, others_stat_muon=-6.9932, others_xs=0.428008, param=0.0282737, pdf_ele=6.77423, pdf_muon=3.08687, photon_id=5.48598, pileup=0.184909, scale_ele=-2.0134, scale_muon=6.16849
RooProdPdf::model_s[ modelObs_s * nuisancePdf ]
     getLogVal() top-level p.d.f evaluates to zero @ !pdfs=(modelObs_s = 0/1,nuisancePdf = 1)

[#0] WARNING:Minization -- RooMinimizerFcn: Minimized function has error status.
Returning maximum FCN so far (848.187) to force MIGRAD to back out of this region. Error log follows
Parameter values: JER_ele=5.49714, JER_muon=3.40435, JES_ele=5.77704, JES_muon=-5.48543, QCD_stat_ele=-6.98755, QCD_stat_muon=-6.98652, VBS_stat_ele=6.61557, VBS_stat_muon=-1.34221, ele_efficiency=2.15005, ele_trigger=5.80912, fakephoton_ele=5.5229, fakephoton_muon=5.2632, interference=6.40218, lumi=4.79664, mu_efficiency=6.0584, mu_trigger=-3.03526, non_prompt_stat_ele=6.22352, non_prompt_stat_muon=4.42019, others_stat_ele=6.54893, others_stat_muon=-6.89004, others_xs=0.083947, param=0.0166913, pdf_ele=6.92732, pdf_muon=3.51981, photon_id=5.78351, pileup=0.762862, scale_ele=0.18426, scale_muon=2.91746
RooProdPdf::model_s[ modelObs_s * nuisancePdf ]
     getLogVal() top-level p.d.f evaluates to zero @ !pdfs=(modelObs_s = 0/1,nuisancePdf = 1)

[#0] WARNING:Minization -- RooMinimizerFcn: Minimized function has error status.
Returning maximum FCN so far (878.1) to force MIGRAD to back out of this region. Error log follows
Parameter values: JER_ele=3.76378, JER_muon=6.91536, JES_ele=3.68209, JES_muon=-2.24631, QCD_stat_ele=5.74496, QCD_stat_muon=6.95754, VBS_stat_ele=4.8546, VBS_stat_muon=5.71148, ele_efficiency=1.70029, ele_trigger=4.20711, fakephoton_ele=6.35498, fakephoton_muon=2.51009, interference=6.57973, lumi=6.99655, mu_efficiency=4.49733, mu_trigger=5.62815, non_prompt_stat_ele=6.73665, non_prompt_stat_muon=6.99016, others_stat_ele=4.96103, others_stat_muon=0.15125, others_xs=6.38754, param=0.00362892, pdf_ele=4.77739, pdf_muon=-6.70251, photon_id=-6.98894, pileup=-0.257493, scale_ele=6.21646, scale_muon=-1.98232
RooProdPdf::model_s[ modelObs_s * nuisancePdf ]
     getLogVal() top-level p.d.f evaluates to zero @ !pdfs=(modelObs_s = 0/1,nuisancePdf = 1)

[#0] WARNING:Minization -- RooMinimizerFcn: Minimized function has error status.
Returning maximum FCN so far (878.1) to force MIGRAD to back out of this region. Error log follows
Parameter values: JER_ele=4.29779, JER_muon=6.22167, JES_ele=4.32527, JES_muon=-5.69555, QCD_stat_ele=2.85048, QCD_stat_muon=1.87179, VBS_stat_ele=5.38218, VBS_stat_muon=3.7728, ele_efficiency=1.90962, ele_trigger=4.7676, fakephoton_ele=6.47074, fakephoton_muon=3.2474, interference=6.95151, lumi=6.80266, mu_efficiency=5.11237, mu_trigger=3.34302, non_prompt_stat_ele=6.8279, non_prompt_stat_muon=6.82876, others_stat_ele=5.54369, others_stat_muon=-3.74859, others_xs=4.95952, param=0.107573, pdf_ele=5.55413, pdf_muon=-6.12718, photon_id=-4.95946, pileup=-0.099486, scale_ele=4.75239, scale_muon=-6.1584
RooProdPdf::model_s[ modelObs_s * nuisancePdf ]
     getLogVal() top-level p.d.f evaluates to zero @ !pdfs=(modelObs_s = 0/1,nuisancePdf = 1)

[#0] WARNING:Minization -- RooMinimizerFcn: Minimized function has error status.
Returning maximum FCN so far (878.1) to force MIGRAD to back out of this region. Error log follows
Parameter values: JER_ele=3.79584, JER_muon=6.8874, JES_ele=3.75898, JES_muon=-2.52251, QCD_stat_ele=5.00824, QCD_stat_muon=6.9989, VBS_stat_ele=4.83231, VBS_stat_muon=5.69756, ele_efficiency=1.67323, ele_trigger=4.21921, fakephoton_ele=5.906, fakephoton_muon=2.71213, interference=6.61834, lumi=6.99811, mu_efficiency=4.53091, mu_trigger=5.39893, non_prompt_stat_ele=6.36722, non_prompt_stat_muon=6.99191, others_stat_ele=4.93516, others_stat_muon=-0.11024, others_xs=6.34137, param=0.00131504, pdf_ele=4.92456, pdf_muon=-6.80576, photon_id=-6.99997, pileup=-0.137108, scale_ele=6.19645, scale_muon=-2.89155
RooProdPdf::model_s[ modelObs_s * nuisancePdf ]
     getLogVal() top-level p.d.f evaluates to zero @ !pdfs=(modelObs_s = 0/1,nuisancePdf = 1)

[#0] WARNING:Minization -- RooMinimizerFcn: Minimized function has error status.
Returning maximum FCN so far (878.1) to force MIGRAD to back out of this region. Error log follows
Parameter values: JER_ele=3.89986, JER_muon=6.79171, JES_ele=3.84113, JES_muon=-3.37283, QCD_stat_ele=4.69816, QCD_stat_muon=6.74109, VBS_stat_ele=4.91263, VBS_stat_muon=5.34229, ele_efficiency=1.73095, ele_trigger=4.32781, fakephoton_ele=6.02139, fakephoton_muon=2.82027, interference=6.71462, lumi=6.99558, mu_efficiency=4.67068, mu_trigger=5.04268, non_prompt_stat_ele=6.46425, non_prompt_stat_muon=6.99885, others_stat_ele=5.03932, others_stat_muon=-1.11038, others_xs=6.07213, param=7.52555e-06, pdf_ele=5.01307, pdf_muon=-6.9793, photon_id=-6.90244, pileup=-0.157173, scale_ele=5.9947, scale_muon=-5.04158
RooProdPdf::model_s[ modelObs_s * nuisancePdf ]
     getLogVal() top-level p.d.f evaluates to zero @ !pdfs=(modelObs_s = 0/1,nuisancePdf = 1)

[#0] WARNING:Minization -- RooMinimizerFcn: Minimized function has error status.
Returning maximum FCN so far (878.1) to force MIGRAD to back out of this region. Error log follows
Parameter values: JER_ele=3.44413, JER_muon=6.96086, JES_ele=3.01618, JES_muon=1.02927, QCD_stat_ele=6.41307, QCD_stat_muon=2.62365, VBS_stat_ele=4.28479, VBS_stat_muon=6.78731, ele_efficiency=1.57645, ele_trigger=3.74133, fakephoton_ele=5.20125, fakephoton_muon=1.93009, interference=5.95567, lumi=6.75821, mu_efficiency=3.99742, mu_trigger=6.69818, non_prompt_stat_ele=5.64273, non_prompt_stat_muon=6.67064, others_stat_ele=4.24032, others_stat_muon=3.11808, others_xs=6.94652, param=0.013519, pdf_ele=4.04773, pdf_muon=-4.20276, photon_id=-5.23001, pileup=-0.404006, scale_ele=6.9262, scale_muon=6.13252
RooProdPdf::model_s[ modelObs_s * nuisancePdf ]
     getLogVal() top-level p.d.f evaluates to zero @ !pdfs=(modelObs_s = 0/1,nuisancePdf = 1)

[#0] WARNING:Minization -- RooMinimizerFcn: Minimized function has error status.
Returning maximum FCN so far (878.1) to force MIGRAD to back out of this region. Error log follows
Parameter values: JER_ele=3.41304, JER_muon=6.96314, JES_ele=3.07811, JES_muon=1.05376, QCD_stat_ele=6.38861, QCD_stat_muon=2.39367, VBS_stat_ele=4.27157, VBS_stat_muon=6.77116, ele_efficiency=1.54684, ele_trigger=3.73312, fakephoton_ele=5.22132, fakephoton_muon=2.02469, interference=5.98375, lumi=6.76585, mu_efficiency=3.98216, mu_trigger=6.68507, non_prompt_stat_ele=5.66805, non_prompt_stat_muon=6.69444, others_stat_ele=4.26091, others_stat_muon=3.02846, others_xs=6.93798, param=0.00156939, pdf_ele=4.11502, pdf_muon=-4.17784, photon_id=-5.23844, pileup=-0.343957, scale_ele=6.91328, scale_muon=6.12754
RooProdPdf::model_s[ modelObs_s * nuisancePdf ]
     getLogVal() top-level p.d.f evaluates to zero @ !pdfs=(modelObs_s = 0/1,nuisancePdf = 1)

[#0] WARNING:Minization -- RooMinimizerFcn: Minimized function has error status.
Returning maximum FCN so far (878.1) to force MIGRAD to back out of this region. Error log follows
Parameter values: JER_ele=3.37745, JER_muon=6.93919, JES_ele=3.01759, JES_muon=1.43201, QCD_stat_ele=6.47355, QCD_stat_muon=1.53336, VBS_stat_ele=4.22148, VBS_stat_muon=6.83229, ele_efficiency=1.53437, ele_trigger=3.6881, fakephoton_ele=5.15423, fakephoton_muon=1.95479, interference=5.90311, lumi=6.72067, mu_efficiency=3.92163, mu_trigger=6.76288, non_prompt_stat_ele=5.59589, non_prompt_stat_muon=6.63845, others_stat_ele=4.19746, others_stat_muon=3.33762, others_xs=6.96384, param=0.001385, pdf_ele=4.04111, pdf_muon=-3.76028, photon_id=-4.8808, pileup=-0.361881, scale_ele=6.94201, scale_muon=6.5819
RooProdPdf::model_s[ modelObs_s * nuisancePdf ]
     getLogVal() top-level p.d.f evaluates to zero @ !pdfs=(modelObs_s = 0/1,nuisancePdf = 1)

[#0] WARNING:Minization -- RooMinimizerFcn: Minimized function has error status.
Returning maximum FCN so far (878.1) to force MIGRAD to back out of this region. Error log follows
Parameter values: JER_ele=3.33324, JER_muon=6.90673, JES_ele=2.94417, JES_muon=1.83717, QCD_stat_ele=6.56968, QCD_stat_muon=0.576777, VBS_stat_ele=4.1633, VBS_stat_muon=6.88693, ele_efficiency=1.51846, ele_trigger=3.63245, fakephoton_ele=5.07002, fakephoton_muon=1.87942, interference=5.81325, lumi=6.66643, mu_efficiency=3.85546, mu_trigger=6.83425, non_prompt_stat_ele=5.50491, non_prompt_stat_muon=6.57266, others_stat_ele=4.12009, others_stat_muon=3.66661, others_xs=6.98442, param=0.00120052, pdf_ele=3.95148, pdf_muon=-3.28838, photon_id=-4.45642, pileup=-0.380551, scale_ele=6.96933, scale_muon=6.89088
RooProdPdf::model_s[ modelObs_s * nuisancePdf ]
     getLogVal() top-level p.d.f evaluates to zero @ !pdfs=(modelObs_s = 0/1,nuisancePdf = 1)

[#0] WARNING:Minization -- RooMinimizerFcn: Minimized function has error status.
Returning maximum FCN so far (878.1) to force MIGRAD to back out of this region. Error log follows
Parameter values: JER_ele=3.28268, JER_muon=6.86408, JES_ele=2.8602, JES_muon=2.26651, QCD_stat_ele=6.66791, QCD_stat_muon=-0.465752, VBS_stat_ele=4.09692, VBS_stat_muon=6.9338, ele_efficiency=1.5003, ele_trigger=3.56873, fakephoton_ele=4.97194, fakephoton_muon=1.79799, interference=5.7126, lumi=6.60211, mu_efficiency=3.7836, mu_trigger=6.897, non_prompt_stat_ele=5.39797, non_prompt_stat_muon=6.49584, others_stat_ele=4.03138, others_stat_muon=4.00914, others_xs=6.99711, param=0.0010253, pdf_ele=3.84839, pdf_muon=-2.75765, photon_id=-3.96131, pileup=-0.400788, scale_ele=6.98994, scale_muon=6.99983
RooProdPdf::model_s[ modelObs_s * nuisancePdf ]
     getLogVal() top-level p.d.f evaluates to zero @ !pdfs=(modelObs_s = 0/1,nuisancePdf = 1)

[#0] WARNING:Minization -- RooMinimizerFcn: Minimized function has error status.
Returning maximum FCN so far (878.1) to force MIGRAD to back out of this region. Error log follows
Parameter values: JER_ele=3.22673, JER_muon=6.80953, JES_ele=2.76718, JES_muon=2.7168, QCD_stat_ele=6.76182, QCD_stat_muon=-1.57215, VBS_stat_ele=4.0234, VBS_stat_muon=6.97023, ele_efficiency=1.4803, ele_trigger=3.49809, fakephoton_ele=4.86143, fakephoton_muon=1.71036, interference=5.60039, lumi=6.52663, mu_efficiency=3.70586, mu_trigger=6.94789, non_prompt_stat_ele=5.27631, non_prompt_stat_muon=6.40666, others_stat_ele=3.93269, others_stat_muon=4.36133, others_xs=6.99948, param=0.000860618, pdf_ele=3.73347, pdf_muon=-2.16671, photon_id=-3.39291, pileup=-0.422592, scale_ele=6.99968, scale_muon=6.85433
RooProdPdf::model_s[ modelObs_s * nuisancePdf ]
     getLogVal() top-level p.d.f evaluates to zero @ !pdfs=(modelObs_s = 0/1,nuisancePdf = 1)

[#0] WARNING:Minization -- RooMinimizerFcn: Minimized function has error status.
Returning maximum FCN so far (878.1) to force MIGRAD to back out of this region. Error log follows
Parameter values: JER_ele=3.09198, JER_muon=6.61865, JES_ele=2.49666, JES_muon=3.83056, QCD_stat_ele=6.93772, QCD_stat_muon=-4.2399, VBS_stat_ele=3.82996, VBS_stat_muon=6.99685, ele_efficiency=1.4401, ele_trigger=3.31554, fakephoton_ele=4.55431, fakephoton_muon=1.44522, interference=5.27155, lumi=6.29608, mu_efficiency=3.50306, mu_trigger=6.99935, non_prompt_stat_ele=4.92869, non_prompt_stat_muon=6.13208, others_stat_ele=3.65978, others_stat_muon=5.20108, others_xs=6.94901, param=0.0360137, pdf_ele=3.39692, pdf_muon=-0.527422, photon_id=-1.74589, pileup=-0.504931, scale_ele=6.95762, scale_muon=5.23444
RooProdPdf::model_s[ modelObs_s * nuisancePdf ]
     getLogVal() top-level p.d.f evaluates to zero @ !pdfs=(modelObs_s = 0/1,nuisancePdf = 1)

[#0] WARNING:Minization -- RooMinimizerFcn: Minimized function has error status.
Returning maximum FCN so far (878.1) to force MIGRAD to back out of this region. Error log follows
Parameter values: JER_ele=2.87227, JER_muon=6.26501, JES_ele=2.15253, JES_muon=5.15335, QCD_stat_ele=6.994, QCD_stat_muon=-6.57966, VBS_stat_ele=3.5256, VBS_stat_muon=6.86574, ele_efficiency=1.3601, ele_trigger=3.04233, fakephoton_ele=4.10653, fakephoton_muon=1.13844, interference=4.79522, lumi=5.91057, mu_efficiency=3.20975, mu_trigger=6.87313, non_prompt_stat_ele=4.41705, non_prompt_stat_muon=5.69566, others_stat_ele=3.27985, others_stat_muon=6.11824, others_xs=6.74967, param=0.00303245, pdf_ele=2.9547, pdf_muon=1.72826, photon_id=0.650358, pileup=-0.573477, scale_ele=6.7444, scale_muon=0.942232
RooProdPdf::model_s[ modelObs_s * nuisancePdf ]
     getLogVal() top-level p.d.f evaluates to zero @ !pdfs=(modelObs_s = 0/1,nuisancePdf = 1)

[#0] WARNING:Minization -- RooMinimizerFcn: Minimized function has error status.
Returning maximum FCN so far (878.1) to force MIGRAD to back out of this region. Error log follows
Parameter values: JER_ele=2.72683, JER_muon=5.98467, JES_ele=1.93164, JES_muon=5.84246, QCD_stat_ele=6.91649, QCD_stat_muon=-6.99837, VBS_stat_ele=3.34512, VBS_stat_muon=6.69303, ele_efficiency=1.30529, ele_trigger=2.86158, fakephoton_ele=3.80112, fakephoton_muon=0.950205, interference=4.47506, lumi=5.62691, mu_efficiency=3.01645, mu_trigger=6.6813, non_prompt_stat_ele=4.06287, non_prompt_stat_muon=5.37472, others_stat_ele=3.02711, others_stat_muon=6.5464, others_xs=6.54351, param=0.00264184, pdf_ele=2.67113, pdf_muon=3.08962, photon_id=2.16308, pileup=-0.610441, scale_ele=6.51267, scale_muon=-2.21394
RooProdPdf::model_s[ modelObs_s * nuisancePdf ]
     getLogVal() top-level p.d.f evaluates to zero @ !pdfs=(modelObs_s = 0/1,nuisancePdf = 1)

[#0] WARNING:Minization -- RooMinimizerFcn: Minimized function has error status.
Returning maximum FCN so far (878.1) to force MIGRAD to back out of this region. Error log follows
Parameter values: JER_ele=2.59168, JER_muon=5.66778, JES_ele=1.7059, JES_muon=6.36829, QCD_stat_ele=6.75624, QCD_stat_muon=-6.49567, VBS_stat_ele=3.1632, VBS_stat_muon=6.45137, ele_efficiency=1.25845, ele_trigger=2.68807, fakephoton_ele=3.49514, fakephoton_muon=0.749492, interference=4.13746, lumi=5.32104, mu_efficiency=2.82803, mu_trigger=6.40694, non_prompt_stat_ele=3.70182, non_prompt_stat_muon=5.02906, others_stat_ele=2.77561, others_stat_muon=6.83025, others_xs=6.28582, param=0.00225774, pdf_ele=2.3781, pdf_muon=4.29305, photon_id=3.5397, pileup=-0.658709, scale_ele=6.21829, scale_muon=-4.85682
RooProdPdf::model_s[ modelObs_s * nuisancePdf ]
     getLogVal() top-level p.d.f evaluates to zero @ !pdfs=(modelObs_s = 0/1,nuisancePdf = 1)

[#0] WARNING:Minization -- RooMinimizerFcn: Minimized function has error status.
Returning maximum FCN so far (671.403) to force MIGRAD to back out of this region. Error log follows
Parameter values: JER_ele=6.60809, JER_muon=6.98966, JES_ele=6.90855, JES_muon=-5.63932, QCD_stat_ele=5.70874, QCD_stat_muon=-2.64411, VBS_stat_ele=6.41462, VBS_stat_muon=6.42951, ele_efficiency=2.86056, ele_trigger=5.91893, fakephoton_ele=6.11555, fakephoton_muon=6.16512, interference=4.16071, lumi=6.93153, mu_efficiency=6.89221, mu_trigger=-0.549915, non_prompt_stat_ele=6.0948, non_prompt_stat_muon=-3.5093, others_stat_ele=6.72179, others_stat_muon=-3.43617, others_xs=6.98296, param=0.202761, pdf_ele=6.07482, pdf_muon=-0.688088, photon_id=-6.77102, pileup=-4.34303, scale_ele=6.89633, scale_muon=-6.65125
RooProdPdf::model_s[ modelObs_s * nuisancePdf ]
     getLogVal() top-level p.d.f evaluates to zero @ !pdfs=(modelObs_s = 0/1,nuisancePdf = 1)

[#0] WARNING:Minization -- RooMinimizerFcn: Minimized function has error status.
Returning maximum FCN so far (671.403) to force MIGRAD to back out of this region. Error log follows
Parameter values: JER_ele=4.41067, JER_muon=3.36974, JES_ele=4.70617, JES_muon=6.97746, QCD_stat_ele=0.915607, QCD_stat_muon=-6.9995, VBS_stat_ele=5.66442, VBS_stat_muon=6.54791, ele_efficiency=1.53515, ele_trigger=3.17967, fakephoton_ele=2.10949, fakephoton_muon=5.08712, interference=0.871964, lumi=3.40694, mu_efficiency=6.08211, mu_trigger=6.85148, non_prompt_stat_ele=6.82755, non_prompt_stat_muon=6.34737, others_stat_ele=3.58595, others_stat_muon=6.86484, others_xs=2.09444, param=0.365727, pdf_ele=2.46762, pdf_muon=5.25292, photon_id=6.68263, pileup=-3.31249, scale_ele=1.71752, scale_muon=-6.99999
RooProdPdf::model_s[ modelObs_s * nuisancePdf ]
     getLogVal() top-level p.d.f evaluates to zero @ !pdfs=(modelObs_s = 0/1,nuisancePdf = 1)

[#0] WARNING:Minization -- RooMinimizerFcn: Minimized function has error status.
Returning maximum FCN so far (767.64) to force MIGRAD to back out of this region. Error log follows
Parameter values: JER_ele=3.07851, JER_muon=-2.43218, JES_ele=5.15672, JES_muon=-2.79251, QCD_stat_ele=0.457531, QCD_stat_muon=-6.36977, VBS_stat_ele=6.14299, VBS_stat_muon=-6.98713, ele_efficiency=1.08243, ele_trigger=4.60579, fakephoton_ele=6.18132, fakephoton_muon=2.83968, interference=2.83461, lumi=2.73933, mu_efficiency=5.22956, mu_trigger=-6.85355, non_prompt_stat_ele=5.03753, non_prompt_stat_muon=3.58004, others_stat_ele=6.03142, others_stat_muon=-6.95698, others_xs=-1.0565, param=0.607541, pdf_ele=6.92701, pdf_muon=6.52834, photon_id=6.82826, pileup=2.91326, scale_ele=-0.599098, scale_muon=-5.47734
RooProdPdf::model_s[ modelObs_s * nuisancePdf ]
     getLogVal() top-level p.d.f evaluates to zero @ !pdfs=(modelObs_s = 0/1,nuisancePdf = 1)

[#0] WARNING:Minization -- RooMinimizerFcn: Minimized function has error status.
Returning maximum FCN so far (767.64) to force MIGRAD to back out of this region. Error log follows
Parameter values: JER_ele=3.79485, JER_muon=-6.01228, JES_ele=6.12704, JES_muon=4.4242, QCD_stat_ele=-5.35824, QCD_stat_muon=1.57955, VBS_stat_ele=6.52646, VBS_stat_muon=-2.93506, ele_efficiency=1.33864, ele_trigger=5.49847, fakephoton_ele=6.72584, fakephoton_muon=-0.440036, interference=-1.4407, lumi=-1.41598, mu_efficiency=5.95336, mu_trigger=-5.61428, non_prompt_stat_ele=6.20329, non_prompt_stat_muon=6.83246, others_stat_ele=6.72161, others_stat_muon=-3.26913, others_xs=-5.30131, param=0.708585, pdf_ele=6.82614, pdf_muon=-2.62319, photon_id=-1.78474, pileup=3.49773, scale_ele=-5.80834, scale_muon=4.65491
RooProdPdf::model_s[ modelObs_s * nuisancePdf ]
     getLogVal() top-level p.d.f evaluates to zero @ !pdfs=(modelObs_s = 0/1,nuisancePdf = 1)

[#0] WARNING:Minization -- RooMinimizerFcn: Minimized function has error status.
Returning maximum FCN so far (788.652) to force MIGRAD to back out of this region. Error log follows
Parameter values: JER_ele=5.37347, JER_muon=-6.87201, JES_ele=6.97053, JES_muon=5.81864, QCD_stat_ele=-6.90646, QCD_stat_muon=-4.89494, VBS_stat_ele=6.80494, VBS_stat_muon=0.790316, ele_efficiency=2.05998, ele_trigger=6.6259, fakephoton_ele=6.8187, fakephoton_muon=-4.92867, interference=-4.05314, lumi=-4.98445, mu_efficiency=6.84788, mu_trigger=1.39524, non_prompt_stat_ele=6.9958, non_prompt_stat_muon=-1.61093, others_stat_ele=6.88771, others_stat_muon=4.2114, others_xs=-6.99885, param=0.158165, pdf_ele=5.1185, pdf_muon=-5.96268, photon_id=-5.15639, pileup=3.41809, scale_ele=-6.39049, scale_muon=-6.89792
RooProdPdf::model_s[ modelObs_s * nuisancePdf ]
     getLogVal() top-level p.d.f evaluates to zero @ !pdfs=(modelObs_s = 0/1,nuisancePdf = 1)

[#0] WARNING:Minization -- RooMinimizerFcn: Minimized function has error status.
Returning maximum FCN so far (788.652) to force MIGRAD to back out of this region. Error log follows
Parameter values: JER_ele=5.52726, JER_muon=-0.174273, JES_ele=6.80912, JES_muon=-5.63592, QCD_stat_ele=4.05377, QCD_stat_muon=-6.81255, VBS_stat_ele=6.63138, VBS_stat_muon=-4.56758, ele_efficiency=2.05566, ele_trigger=6.93932, fakephoton_ele=6.87727, fakephoton_muon=-6.952, interference=-5.1793, lumi=-5.62761, mu_efficiency=6.98842, mu_trigger=6.95249, non_prompt_stat_ele=6.44772, non_prompt_stat_muon=-4.94769, others_stat_ele=6.4282, others_stat_muon=1.64213, others_xs=0.747917, param=0.893194, pdf_ele=2.12038, pdf_muon=5.78469, photon_id=6.4247, pileup=4.95846, scale_ele=3.37873, scale_muon=0.203256
RooProdPdf::model_s[ modelObs_s * nuisancePdf ]
     getLogVal() top-level p.d.f evaluates to zero @ !pdfs=(modelObs_s = 0/1,nuisancePdf = 1)

[#0] WARNING:Minization -- RooMinimizerFcn: Minimized function has error status.
Returning maximum FCN so far (788.652) to force MIGRAD to back out of this region. Error log follows
Parameter values: JER_ele=3.83847, JER_muon=2.96834, JES_ele=5.53931, JES_muon=-6.97903, QCD_stat_ele=2.50855, QCD_stat_muon=-1.74809, VBS_stat_ele=6.96667, VBS_stat_muon=2.82457, ele_efficiency=1.41756, ele_trigger=5.03668, fakephoton_ele=6.76137, fakephoton_muon=5.45713, interference=6.66694, lumi=6.00753, mu_efficiency=4.63439, mu_trigger=-3.44364, non_prompt_stat_ele=5.40153, non_prompt_stat_muon=-5.27499, others_stat_ele=6.41763, others_stat_muon=-3.77678, others_xs=3.70337, param=0.404123, pdf_ele=6.97122, pdf_muon=1.02602, photon_id=3.10552, pileup=1.9248, scale_ele=0.119517, scale_muon=6.33138
RooProdPdf::model_s[ modelObs_s * nuisancePdf ]
     getLogVal() top-level p.d.f evaluates to zero @ !pdfs=(modelObs_s = 0/1,nuisancePdf = 1)

[#0] WARNING:Minization -- RooMinimizerFcn: Minimized function has error status.
Returning maximum FCN so far (788.652) to force MIGRAD to back out of this region. Error log follows
Parameter values: JER_ele=2.78241, JER_muon=-0.585898, JES_ele=5.00837, JES_muon=-5.71309, QCD_stat_ele=-0.000296392, QCD_stat_muon=5.65479, VBS_stat_ele=4.97594, VBS_stat_muon=-6.86493, ele_efficiency=0.940597, ele_trigger=4.32187, fakephoton_ele=5.36878, fakephoton_muon=4.63628, interference=3.00266, lumi=3.38444, mu_efficiency=4.91651, mu_trigger=-5.72796, non_prompt_stat_ele=4.84968, non_prompt_stat_muon=-0.867792, others_stat_ele=5.58449, others_stat_muon=-6.85068, others_xs=0.244763, param=0.0778498, pdf_ele=6.82347, pdf_muon=6.6834, photon_id=6.34096, pileup=2.83516, scale_ele=-0.0412404, scale_muon=4.97412
RooProdPdf::model_s[ modelObs_s * nuisancePdf ]
     getLogVal() top-level p.d.f evaluates to zero @ !pdfs=(modelObs_s = 0/1,nuisancePdf = 1)

[#0] WARNING:Minization -- RooMinimizerFcn: Minimized function has error status.
Returning maximum FCN so far (788.652) to force MIGRAD to back out of this region. Error log follows
Parameter values: JER_ele=3.6971, JER_muon=-0.619131, JES_ele=5.69745, JES_muon=-4.80028, QCD_stat_ele=-0.569214, QCD_stat_muon=-4.62425, VBS_stat_ele=6.71382, VBS_stat_muon=-5.5224, ele_efficiency=1.32386, ele_trigger=5.09644, fakephoton_ele=6.56992, fakephoton_muon=3.94862, interference=4.37664, lumi=3.74508, mu_efficiency=5.18248, mu_trigger=-6.22267, non_prompt_stat_ele=5.65953, non_prompt_stat_muon=0.130276, others_stat_ele=6.40375, others_stat_muon=-6.79052, others_xs=0.289407, param=0.00174466, pdf_ele=6.99962, pdf_muon=6.81599, photon_id=6.95381, pileup=2.54291, scale_ele=-2.09036, scale_muon=0.639705
RooProdPdf::model_s[ modelObs_s * nuisancePdf ]
     getLogVal() top-level p.d.f evaluates to zero @ !pdfs=(modelObs_s = 0/1,nuisancePdf = 1)

[#0] WARNING:Minization -- RooMinimizerFcn: Minimized function has error status.
Returning maximum FCN so far (788.652) to force MIGRAD to back out of this region. Error log follows
Parameter values: JER_ele=4.43425, JER_muon=-6.70994, JES_ele=6.64605, JES_muon=6.5524, QCD_stat_ele=-6.82553, QCD_stat_muon=1.56029, VBS_stat_ele=6.53693, VBS_stat_muon=2.1493, ele_efficiency=1.59025, ele_trigger=5.98198, fakephoton_ele=6.80366, fakephoton_muon=-1.88066, interference=-3.35251, lumi=-3.42761, mu_efficiency=6.51674, mu_trigger=-3.49631, non_prompt_stat_ele=6.68743, non_prompt_stat_muon=5.32317, others_stat_ele=6.91099, others_stat_muon=0.322577, others_xs=-6.47445, param=0.000900342, pdf_ele=6.45161, pdf_muon=-5.71437, photon_id=-5.83052, pileup=3.36876, scale_ele=-6.88129, scale_muon=6.20135
RooProdPdf::model_s[ modelObs_s * nuisancePdf ]
     getLogVal() top-level p.d.f evaluates to zero @ !pdfs=(modelObs_s = 0/1,nuisancePdf = 1)

[#0] WARNING:Minization -- RooMinimizerFcn: Minimized function has error status.
Returning maximum FCN so far (788.652) to force MIGRAD to back out of this region. Error log follows
Parameter values: JER_ele=-0.544061, JER_muon=3.33758, JES_ele=-0.274739, JES_muon=4.31325, QCD_stat_ele=2.62024, QCD_stat_muon=6.68785, VBS_stat_ele=0.285585, VBS_stat_muon=3.96001, ele_efficiency=-0.170395, ele_trigger=0.0261225, fakephoton_ele=0.6057, fakephoton_muon=1.98469, interference=3.03532, lumi=2.51943, mu_efficiency=-0.553716, mu_trigger=3.30916, non_prompt_stat_ele=-1.26043, non_prompt_stat_muon=5.45366, others_stat_ele=0.327278, others_stat_muon=3.87688, others_xs=3.26537, param=0.778806, pdf_ele=0.92998, pdf_muon=6.50117, photon_id=5.7829, pileup=1.18905, scale_ele=2.79677, scale_muon=6.40615
RooProdPdf::model_s[ modelObs_s * nuisancePdf ]
     getLogVal() top-level p.d.f evaluates to zero @ !pdfs=(modelObs_s = 0/1,nuisancePdf = 1)

[#0] WARNING:Minization -- RooMinimizerFcn: Minimized function has error status.
Returning maximum FCN so far (788.652) to force MIGRAD to back out of this region. Error log follows
Parameter values: JER_ele=1.46984, JER_muon=6.83144, JES_ele=2.60107, JES_muon=5.21282, QCD_stat_ele=6.91461, QCD_stat_muon=6.20777, VBS_stat_ele=4.62382, VBS_stat_muon=5.98762, ele_efficiency=0.542303, ele_trigger=2.48649, fakephoton_ele=4.43832, fakephoton_muon=6.09602, interference=5.59677, lumi=5.96879, mu_efficiency=1.5393, mu_trigger=6.90699, non_prompt_stat_ele=2.11236, non_prompt_stat_muon=3.2042, others_stat_ele=3.73176, others_stat_muon=6.83973, others_xs=6.80546, param=0.612344, pdf_ele=4.75168, pdf_muon=-0.826626, photon_id=-1.16221, pileup=1.5312, scale_ele=6.97866, scale_muon=2.52502
RooProdPdf::model_s[ modelObs_s * nuisancePdf ]
     getLogVal() top-level p.d.f evaluates to zero @ !pdfs=(modelObs_s = 0/1,nuisancePdf = 1)

[#0] WARNING:Minization -- RooMinimizerFcn: Minimized function has error status.
Returning maximum FCN so far (788.652) to force MIGRAD to back out of this region. Error log follows
Parameter values: JER_ele=1.20943, JER_muon=3.53898, JES_ele=1.40868, JES_muon=5.76656, QCD_stat_ele=3.17815, QCD_stat_muon=6.93642, VBS_stat_ele=6.23583, VBS_stat_muon=-5.79499, ele_efficiency=0.4812, ele_trigger=1.84674, fakephoton_ele=4.82642, fakephoton_muon=3.08597, interference=0.225144, lumi=1.70332, mu_efficiency=-0.269831, mu_trigger=4.54334, non_prompt_stat_ele=0.860921, non_prompt_stat_muon=6.07946, others_stat_ele=3.12613, others_stat_muon=2.55729, others_xs=2.87436, param=0.449313, pdf_ele=3.62235, pdf_muon=6.89539, photon_id=6.99815, pileup=0.849329, scale_ele=5.70158, scale_muon=-0.128653
RooProdPdf::model_s[ modelObs_s * nuisancePdf ]
     getLogVal() top-level p.d.f evaluates to zero @ !pdfs=(modelObs_s = 0/1,nuisancePdf = 1)

[#0] WARNING:Minization -- RooMinimizerFcn: Minimized function has error status.
Returning maximum FCN so far (999.912) to force MIGRAD to back out of this region. Error log follows
Parameter values: JER_ele=2.92111, JER_muon=0.687888, JES_ele=4.95018, JES_muon=-6.3132, QCD_stat_ele=1.81741, QCD_stat_muon=6.34701, VBS_stat_ele=5.71819, VBS_stat_muon=-5.49547, ele_efficiency=1.01933, ele_trigger=4.3517, fakephoton_ele=5.7737, fakephoton_muon=4.965, interference=4.74376, lumi=4.60859, mu_efficiency=4.78101, mu_trigger=-5.06057, non_prompt_stat_ele=4.77059, non_prompt_stat_muon=-2.57558, others_stat_ele=5.69522, others_stat_muon=-6.13869, others_xs=1.64768, param=0.0629719, pdf_ele=6.78757, pdf_muon=5.42719, photon_id=5.30512, pileup=2.56945, scale_ele=0.936493, scale_muon=6.30948
RooProdPdf::model_s[ modelObs_s * nuisancePdf ]
     getLogVal() top-level p.d.f evaluates to zero @ !pdfs=(modelObs_s = 0/1,nuisancePdf = 1)

[#0] WARNING:Minization -- RooMinimizerFcn: Minimized function has error status.
Returning maximum FCN so far (999.912) to force MIGRAD to back out of this region. Error log follows
Parameter values: JER_ele=2.76832, JER_muon=1.13336, JES_ele=4.76138, JES_muon=-6.57218, QCD_stat_ele=2.61899, QCD_stat_muon=6.91058, VBS_stat_ele=5.51602, VBS_stat_muon=-4.93564, ele_efficiency=0.966372, ele_trigger=4.18099, fakephoton_ele=5.6103, fakephoton_muon=5.18306, interference=5.01954, lumi=4.91214, mu_efficiency=4.68583, mu_trigger=-4.67152, non_prompt_stat_ele=4.54316, non_prompt_stat_muon=-3.28163, others_stat_ele=5.52628, others_stat_muon=-5.8573, others_xs=2.06291, param=0.163535, pdf_ele=6.68019, pdf_muon=4.73973, photon_id=4.4952, pileup=2.52905, scale_ele=1.75914, scale_muon=6.87893
RooProdPdf::model_s[ modelObs_s * nuisancePdf ]
     getLogVal() top-level p.d.f evaluates to zero @ !pdfs=(modelObs_s = 0/1,nuisancePdf = 1)

[#0] WARNING:Minization -- RooMinimizerFcn: Minimized function has error status.
Returning maximum FCN so far (999.912) to force MIGRAD to back out of this region. Error log follows
Parameter values: JER_ele=2.80487, JER_muon=0.651737, JES_ele=4.8171, JES_muon=-6.20087, QCD_stat_ele=2.39215, QCD_stat_muon=5.89958, VBS_stat_ele=5.53339, VBS_stat_muon=-5.24056, ele_efficiency=0.980696, ele_trigger=4.22778, fakephoton_ele=5.65619, fakephoton_muon=4.89924, interference=4.78371, lumi=4.6663, mu_efficiency=4.80609, mu_trigger=-5.16047, non_prompt_stat_ele=4.60647, non_prompt_stat_muon=-2.3705, others_stat_ele=5.57745, others_stat_muon=-6.20707, others_xs=1.64143, param=0.149655, pdf_ele=6.71025, pdf_muon=5.53027, photon_id=5.29422, pileup=2.56563, scale_ele=1.51247, scale_muon=5.93776
RooProdPdf::model_s[ modelObs_s * nuisancePdf ]
     getLogVal() top-level p.d.f evaluates to zero @ !pdfs=(modelObs_s = 0/1,nuisancePdf = 1)

[#0] WARNING:Minization -- RooMinimizerFcn: Minimized function has error status.
Returning maximum FCN so far (999.912) to force MIGRAD to back out of this region. Error log follows
Parameter values: JER_ele=2.7665, JER_muon=0.823073, JES_ele=4.76824, JES_muon=-6.31318, QCD_stat_ele=2.6075, QCD_stat_muon=6.25489, VBS_stat_ele=5.47474, VBS_stat_muon=-5.02553, ele_efficiency=0.967331, ele_trigger=4.18226, fakephoton_ele=5.60783, fakephoton_muon=4.98764, interference=4.88714, lumi=4.77373, mu_efficiency=4.77606, mu_trigger=-5.0211, non_prompt_stat_ele=4.54606, non_prompt_stat_muon=-2.66036, others_stat_ele=5.52999, others_stat_muon=-6.10291, others_xs=1.79557, param=0.141469, pdf_ele=6.67871, pdf_muon=5.28274, photon_id=5.02678, pileup=2.54797, scale_ele=1.73677, scale_muon=6.27384
RooProdPdf::model_s[ modelObs_s * nuisancePdf ]
     getLogVal() top-level p.d.f evaluates to zero @ !pdfs=(modelObs_s = 0/1,nuisancePdf = 1)

[#0] WARNING:Minization -- RooMinimizerFcn: Minimized function has error status.
Returning maximum FCN so far (999.912) to force MIGRAD to back out of this region. Error log follows
Parameter values: JER_ele=2.92479, JER_muon=-0.078918, JES_ele=4.98028, JES_muon=-5.40929, QCD_stat_ele=1.76351, QCD_stat_muon=2.95686, VBS_stat_ele=5.61893, VBS_stat_muon=-5.69865, ele_efficiency=1.02664, ele_trigger=4.36639, fakephoton_ele=5.7852, fakephoton_muon=4.4221, interference=4.38297, lumi=4.21839, mu_efficiency=4.99923, mu_trigger=-5.82148, non_prompt_stat_ele=4.79278, non_prompt_stat_muon=-0.871896, others_stat_ele=5.72124, others_stat_muon=-6.64969, others_xs=0.912926, param=0.122411, pdf_ele=6.78919, pdf_muon=6.42699, photon_id=6.30933, pileup=2.61431, scale_ele=0.827279, scale_muon=2.94234
RooProdPdf::model_s[ modelObs_s * nuisancePdf ]
     getLogVal() top-level p.d.f evaluates to zero @ !pdfs=(modelObs_s = 0/1,nuisancePdf = 1)

[#0] WARNING:Minization -- RooMinimizerFcn: Minimized function has error status.
Returning maximum FCN so far (999.912) to force MIGRAD to back out of this region. Error log follows
Parameter values: JER_ele=3.1676, JER_muon=0.813832, JES_ele=5.26366, JES_muon=-6.24289, QCD_stat_ele=0.669768, QCD_stat_muon=6.93764, VBS_stat_ele=5.87666, VBS_stat_muon=-5.31617, ele_efficiency=1.11583, ele_trigger=4.61753, fakephoton_ele=6.00304, fakephoton_muon=4.9883, interference=4.70678, lumi=4.40328, mu_efficiency=4.84073, mu_trigger=-5.09964, non_prompt_stat_ele=5.11813, non_prompt_stat_muon=-2.67931, others_stat_ele=5.95138, others_stat_muon=-6.40586, others_xs=1.16656, param=0.0447684, pdf_ele=6.9029, pdf_muon=5.3551, photon_id=5.61957, pileup=2.54025, scale_ele=-0.343954, scale_muon=6.35549
RooProdPdf::model_s[ modelObs_s * nuisancePdf ]
     getLogVal() top-level p.d.f evaluates to zero @ !pdfs=(modelObs_s = 0/1,nuisancePdf = 1)

[#0] WARNING:Minization -- RooMinimizerFcn: Minimized function has error status.
Returning maximum FCN so far (999.912) to force MIGRAD to back out of this region. Error log follows
Parameter values: JER_ele=2.12602, JER_muon=4.13136, JES_ele=3.9112, JES_muon=-6.28563, QCD_stat_ele=5.2122, QCD_stat_muon=-3.53228, VBS_stat_ele=4.67194, VBS_stat_muon=-0.680075, ele_efficiency=0.73895, ele_trigger=3.44827, fakephoton_ele=4.85327, fakephoton_muon=6.55153, interference=6.41765, lumi=6.40917, mu_efficiency=3.81886, mu_trigger=-0.721001, non_prompt_stat_ele=3.53213, non_prompt_stat_muon=-6.89575, others_stat_ele=4.73021, others_stat_muon=-2.25267, others_xs=4.71502, param=0.000772754, pdf_ele=6.06363, pdf_muon=-2.3856, photon_id=-2.85238, pileup=2.31047, scale_ele=4.64605, scale_muon=-3.23978
RooProdPdf::model_s[ modelObs_s * nuisancePdf ]
     getLogVal() top-level p.d.f evaluates to zero @ !pdfs=(modelObs_s = 0/1,nuisancePdf = 1)

[#0] WARNING:Minization -- RooMinimizerFcn: Minimized function has error status.
Returning maximum FCN so far (999.912) to force MIGRAD to back out of this region. Error log follows
Parameter values: JER_ele=2.34292, JER_muon=3.09481, JES_ele=4.22687, JES_muon=-6.93622, QCD_stat_ele=4.36579, QCD_stat_muon=2.7031, VBS_stat_ele=4.89884, VBS_stat_muon=-2.02182, ele_efficiency=0.817656, ele_trigger=3.7107, fakephoton_ele=5.1356, fakephoton_muon=6.1257, interference=6.01325, lumi=5.96626, mu_efficiency=4.16318, mu_trigger=-2.37551, non_prompt_stat_ele=3.90183, non_prompt_stat_muon=-6.05886, others_stat_ele=5.03141, others_stat_muon=-3.86482, others_xs=3.76746, param=0.0164804, pdf_ele=6.31193, pdf_muon=0.461093, photon_id=0.0532709, pileup=2.39798, scale_ele=3.67751, scale_muon=2.82707
RooProdPdf::model_s[ modelObs_s * nuisancePdf ]
     getLogVal() top-level p.d.f evaluates to zero @ !pdfs=(modelObs_s = 0/1,nuisancePdf = 1)

[#0] WARNING:Minization -- RooMinimizerFcn: Minimized function has error status.
Returning maximum FCN so far (999.912) to force MIGRAD to back out of this region. Error log follows
Parameter values: JER_ele=2.10617, JER_muon=4.56908, JES_ele=3.93352, JES_muon=-6.02802, QCD_stat_ele=5.17659, QCD_stat_muon=-4.71502, VBS_stat_ele=4.38203, VBS_stat_muon=1.00919, ele_efficiency=0.741793, ele_trigger=3.44469, fakephoton_ele=4.85905, fakephoton_muon=6.64422, interference=6.61169, lumi=6.56573, mu_efficiency=3.7293, mu_trigger=-0.199036, non_prompt_stat_ele=3.54429, non_prompt_stat_muon=-6.98179, others_stat_ele=4.75171, others_stat_muon=-1.78435, others_xs=4.91832, param=0.0272665, pdf_ele=6.03909, pdf_muon=-3.44534, photon_id=-3.567, pileup=2.266, scale_ele=4.59605, scale_muon=-4.3504
RooProdPdf::model_s[ modelObs_s * nuisancePdf ]
     getLogVal() top-level p.d.f evaluates to zero @ !pdfs=(modelObs_s = 0/1,nuisancePdf = 1)

[#0] WARNING:Minization -- RooMinimizerFcn: Minimized function has error status.
Returning maximum FCN so far (999.912) to force MIGRAD to back out of this region. Error log follows
Parameter values: JER_ele=1.13188, JER_muon=6.97733, JES_ele=2.45095, JES_muon=2.30596, QCD_stat_ele=6.99967, QCD_stat_muon=6.94795, VBS_stat_ele=2.90972, VBS_stat_muon=6.46389, ele_efficiency=0.404151, ele_trigger=2.20752, fakephoton_ele=3.4008, fakephoton_muon=6.68276, interference=6.7547, lumi=6.73828, mu_efficiency=2.17874, mu_trigger=5.98255, non_prompt_stat_ele=1.81016, non_prompt_stat_muon=-0.849267, others_stat_ele=3.23606, others_stat_muon=5.33071, others_xs=6.99516, param=0.000276199, pdf_ele=4.46078, pdf_muon=-4.94441, photon_id=-4.68766, pileup=1.80942, scale_ele=6.97873, scale_muon=6.81528
RooProdPdf::model_s[ modelObs_s * nuisancePdf ]
     getLogVal() top-level p.d.f evaluates to zero @ !pdfs=(modelObs_s = 0/1,nuisancePdf = 1)

[#0] WARNING:Minization -- RooMinimizerFcn: Minimized function has error status.
Returning maximum FCN so far (999.912) to force MIGRAD to back out of this region. Error log follows
Parameter values: JER_ele=0.962928, JER_muon=6.99793, JES_ele=2.22145, JES_muon=3.1095, QCD_stat_ele=6.97958, QCD_stat_muon=6.88246, VBS_stat_ele=2.71939, VBS_stat_muon=6.65689, ele_efficiency=0.346753, ele_trigger=2.04089, fakephoton_ele=3.24782, fakephoton_muon=6.53606, interference=6.68231, lumi=6.64099, mu_efficiency=1.9275, mu_trigger=6.29996, non_prompt_stat_ele=1.5426, non_prompt_stat_muon=0.128026, others_stat_ele=3.04656, others_stat_muon=5.71909, others_xs=6.99943, param=0.0241827, pdf_ele=4.26808, pdf_muon=-4.28004, photon_id=-3.77228, pileup=1.84229, scale_ele=6.99976, scale_muon=6.92601
RooProdPdf::model_s[ modelObs_s * nuisancePdf ]
     getLogVal() top-level p.d.f evaluates to zero @ !pdfs=(modelObs_s = 0/1,nuisancePdf = 1)

[#0] WARNING:Minization -- RooMinimizerFcn: Minimized function has error status.
Returning maximum FCN so far (36.8502) to force MIGRAD to back out of this region. Error log follows
Parameter values: JER_ele=6.92606, JER_muon=-3.74199, JES_ele=6.32338, JES_muon=6.9858, QCD_stat_ele=-1.08025, QCD_stat_muon=2.77877, VBS_stat_ele=6.52644, VBS_stat_muon=-4.99624, ele_efficiency=3.6848, ele_trigger=-4.23554, fakephoton_ele=6.54289, fakephoton_muon=6.29981, interference=-6.54738, lumi=-6.53615, mu_efficiency=5.42951, mu_trigger=-5.55786, non_prompt_stat_ele=-2.43826, non_prompt_stat_muon=6.95141, others_stat_ele=-4.40549, others_stat_muon=-0.714255, others_xs=-1.31, param=1.04963, pdf_ele=6.65188, pdf_muon=4.6961, photon_id=-5.42, pileup=-0.90031, scale_ele=5.58497, scale_muon=2.23492
RooProdPdf::model_s[ modelObs_s * nuisancePdf ]
     getLogVal() top-level p.d.f evaluates to zero @ !pdfs=(modelObs_s = 0/1,nuisancePdf = 1)

[#0] WARNING:Minization -- RooMinimizerFcn: Minimized function has error status.
Returning maximum FCN so far (1063.63) to force MIGRAD to back out of this region. Error log follows
Parameter values: JER_ele=0.123038, JER_muon=1.22661, JES_ele=0.798118, JES_muon=2.23643, QCD_stat_ele=2.41123, QCD_stat_muon=6.62339, VBS_stat_ele=-0.470232, VBS_stat_muon=1.2364, ele_efficiency=-0.378198, ele_trigger=0.77242, fakephoton_ele=3.25142, fakephoton_muon=-0.0758679, interference=-0.719765, lumi=1.76856, mu_efficiency=-0.329134, mu_trigger=1.84665, non_prompt_stat_ele=4.71688, non_prompt_stat_muon=-0.707681, others_stat_ele=0.38205, others_stat_muon=1.833, others_xs=1.17204, param=0.866936, pdf_ele=0.164703, pdf_muon=3.03923, photon_id=3.28991, pileup=-0.581258, scale_ele=3.14825, scale_muon=5.76449
RooProdPdf::model_s[ modelObs_s * nuisancePdf ]
     getLogVal() top-level p.d.f evaluates to zero @ !pdfs=(modelObs_s = 0/1,nuisancePdf = 1)

[#0] WARNING:Minization -- RooMinimizerFcn: Minimized function has error status.
Returning maximum FCN so far (1063.63) to force MIGRAD to back out of this region. Error log follows
Parameter values: JER_ele=3.91719, JER_muon=6.9974, JES_ele=5.38044, JES_muon=1.83221, QCD_stat_ele=5.0018, QCD_stat_muon=1.1597, VBS_stat_ele=6.95539, VBS_stat_muon=4.54522, ele_efficiency=0.574374, ele_trigger=4.92681, fakephoton_ele=6.86907, fakephoton_muon=2.04923, interference=6.05828, lumi=6.88887, mu_efficiency=2.75486, mu_trigger=5.47956, non_prompt_stat_ele=4.23262, non_prompt_stat_muon=3.9995, others_stat_ele=6.37459, others_stat_muon=1.48369, others_xs=6.29923, param=0.212007, pdf_ele=6.27291, pdf_muon=-4.37827, photon_id=-6.59924, pileup=0.105821, scale_ele=3.61938, scale_muon=6.92629
RooProdPdf::model_s[ modelObs_s * nuisancePdf ]
     getLogVal() top-level p.d.f evaluates to zero @ !pdfs=(modelObs_s = 0/1,nuisancePdf = 1)

[#0] WARNING:Minization -- RooMinimizerFcn: Minimized function has error status.
Returning maximum FCN so far (1063.63) to force MIGRAD to back out of this region. Error log follows
Parameter values: JER_ele=3.34427, JER_muon=6.99434, JES_ele=4.62938, JES_muon=1.58716, QCD_stat_ele=6.55033, QCD_stat_muon=1.80211, VBS_stat_ele=6.7035, VBS_stat_muon=4.596, ele_efficiency=0.360226, ele_trigger=4.2815, fakephoton_ele=6.88216, fakephoton_muon=2.08187, interference=6.01374, lumi=6.94875, mu_efficiency=2.78999, mu_trigger=5.37293, non_prompt_stat_ele=6.41684, non_prompt_stat_muon=4.0493, others_stat_ele=5.75247, others_stat_muon=1.27862, others_xs=6.46573, param=0.486414, pdf_ele=5.50208, pdf_muon=-4.58638, photon_id=-6.19065, pileup=0.0690996, scale_ele=5.86957, scale_muon=6.77911
RooProdPdf::model_s[ modelObs_s * nuisancePdf ]
     getLogVal() top-level p.d.f evaluates to zero @ !pdfs=(modelObs_s = 0/1,nuisancePdf = 1)

[#0] WARNING:Minization -- RooMinimizerFcn: Minimized function has error status.
Returning maximum FCN so far (1063.63) to force MIGRAD to back out of this region. Error log follows
Parameter values: JER_ele=3.7211, JER_muon=6.67364, JES_ele=5.11709, JES_muon=-1.76121, QCD_stat_ele=5.75669, QCD_stat_muon=6.7925, VBS_stat_ele=6.90937, VBS_stat_muon=2.23279, ele_efficiency=0.497518, ele_trigger=4.7012, fakephoton_ele=6.99903, fakephoton_muon=2.54172, interference=6.61214, lumi=6.55911, mu_efficiency=3.36269, mu_trigger=3.38706, non_prompt_stat_ele=5.64728, non_prompt_stat_muon=4.87604, others_stat_ele=6.20112, others_stat_muon=-2.06037, others_xs=5.31098, param=0.221012, pdf_ele=6.02187, pdf_muon=-6.82335, photon_id=-6.8902, pileup=0.225965, scale_ele=4.59759, scale_muon=-0.132073
RooProdPdf::model_s[ modelObs_s * nuisancePdf ]
     getLogVal() top-level p.d.f evaluates to zero @ !pdfs=(modelObs_s = 0/1,nuisancePdf = 1)

[#0] WARNING:Minization -- RooMinimizerFcn: Minimized function has error status.
Returning maximum FCN so far (1063.63) to force MIGRAD to back out of this region. Error log follows
Parameter values: JER_ele=3.75002, JER_muon=6.53032, JES_ele=5.16761, JES_muon=-2.5812, QCD_stat_ele=5.63886, QCD_stat_muon=6.99394, VBS_stat_ele=6.90312, VBS_stat_muon=1.80878, ele_efficiency=0.506838, ele_trigger=4.74142, fakephoton_ele=6.99978, fakephoton_muon=2.64825, interference=6.69804, lumi=6.43713, mu_efficiency=3.49474, mu_trigger=2.8142, non_prompt_stat_ele=5.60392, non_prompt_stat_muon=5.05297, others_stat_ele=6.25395, others_stat_muon=-2.85088, others_xs=4.96504, param=0.536776, pdf_ele=6.0589, pdf_muon=-6.98195, photon_id=-6.63454, pileup=0.255031, scale_ele=4.42171, scale_muon=-2.51117
RooProdPdf::model_s[ modelObs_s * nuisancePdf ]
     getLogVal() top-level p.d.f evaluates to zero @ !pdfs=(modelObs_s = 0/1,nuisancePdf = 1)

[#0] WARNING:Minization -- RooMinimizerFcn: Minimized function has error status.
Returning maximum FCN so far (1063.63) to force MIGRAD to back out of this region. Error log follows
Parameter values: JER_ele=3.32128, JER_muon=6.915, JES_ele=4.59824, JES_muon=0.0601885, QCD_stat_ele=6.60476, QCD_stat_muon=4.76235, VBS_stat_ele=6.69059, VBS_stat_muon=3.7565, ele_efficiency=0.353106, ele_trigger=4.25471, fakephoton_ele=6.82014, fakephoton_muon=2.28969, interference=6.28681, lumi=6.85834, mu_efficiency=3.05026, mu_trigger=4.55939, non_prompt_stat_ele=6.57654, non_prompt_stat_muon=4.4318, others_stat_ele=5.74103, others_stat_muon=-0.229403, others_xs=6.10595, param=0.540096, pdf_ele=5.46698, pdf_muon=-5.87245, photon_id=-6.788, pileup=0.126109, scale_ele=5.94309, scale_muon=4.526
RooProdPdf::model_s[ modelObs_s * nuisancePdf ]
     getLogVal() top-level p.d.f evaluates to zero @ !pdfs=(modelObs_s = 0/1,nuisancePdf = 1)

[#0] WARNING:Minization -- RooMinimizerFcn: Minimized function has error status.
Returning maximum FCN so far (1063.63) to force MIGRAD to back out of this region. Error log follows
Parameter values: JER_ele=3.40644, JER_muon=6.84208, JES_ele=4.69418, JES_muon=-0.622011, QCD_stat_ele=6.50097, QCD_stat_muon=5.69569, VBS_stat_ele=6.77267, VBS_stat_muon=3.14235, ele_efficiency=0.382308, ele_trigger=4.34142, fakephoton_ele=6.86059, fakephoton_muon=2.38441, interference=6.42707, lumi=6.77646, mu_efficiency=3.17003, mu_trigger=4.14164, non_prompt_stat_ele=6.4867, non_prompt_stat_muon=4.60251, others_stat_ele=5.82833, others_stat_muon=-0.905544, others_xs=5.88082, param=0.236763, pdf_ele=5.58796, pdf_muon=-6.32216, photon_id=-6.95714, pileup=0.160354, scale_ele=5.7498, scale_muon=2.95101
RooProdPdf::model_s[ modelObs_s * nuisancePdf ]
     getLogVal() top-level p.d.f evaluates to zero @ !pdfs=(modelObs_s = 0/1,nuisancePdf = 1)

[#0] WARNING:Minization -- RooMinimizerFcn: Minimized function has error status.
Returning maximum FCN so far (1063.63) to force MIGRAD to back out of this region. Error log follows
Parameter values: JER_ele=3.55274, JER_muon=6.68231, JES_ele=4.8967, JES_muon=-1.77761, QCD_stat_ele=6.20322, QCD_stat_muon=6.78014, VBS_stat_ele=6.8397, VBS_stat_muon=2.36606, ele_efficiency=0.438439, ele_trigger=4.51021, fakephoton_ele=6.94046, fakephoton_muon=2.54298, interference=6.60117, lumi=6.61287, mu_efficiency=3.36525, mu_trigger=3.39401, non_prompt_stat_ele=6.21913, non_prompt_stat_muon=4.87548, others_stat_ele=6.01469, others_stat_muon=-2.04519, others_xs=5.41734, param=0.223192, pdf_ele=5.79998, pdf_muon=-6.81831, photon_id=-6.94642, pileup=0.217386, scale_ele=5.25426, scale_muon=-0.224812
RooProdPdf::model_s[ modelObs_s * nuisancePdf ]
     getLogVal() top-level p.d.f evaluates to zero @ !pdfs=(modelObs_s = 0/1,nuisancePdf = 1)

[#0] WARNING:Minization -- RooMinimizerFcn: Minimized function has error status.
Returning maximum FCN so far (1063.63) to force MIGRAD to back out of this region. Error log follows
Parameter values: JER_ele=3.68199, JER_muon=6.48402, JES_ele=5.08873, JES_muon=-2.87906, QCD_stat_ele=5.82788, QCD_stat_muon=6.93726, VBS_stat_ele=6.86596, VBS_stat_muon=1.79055, ele_efficiency=0.48348, ele_trigger=4.66977, fakephoton_ele=6.98964, fakephoton_muon=2.68753, interference=6.72213, lumi=6.42289, mu_efficiency=3.54234, mu_trigger=2.61106, non_prompt_stat_ele=5.85894, non_prompt_stat_muon=5.11616, others_stat_ele=6.19168, others_stat_muon=-3.11948, others_xs=4.88876, param=0.566714, pdf_ele=5.9761, pdf_muon=-6.9985, photon_id=-6.5706, pileup=0.261798, scale_ele=4.67717, scale_muon=-3.37644
RooProdPdf::model_s[ modelObs_s * nuisancePdf ]
     getLogVal() top-level p.d.f evaluates to zero @ !pdfs=(modelObs_s = 0/1,nuisancePdf = 1)

[#0] WARNING:Minization -- RooMinimizerFcn: Minimized function has error status.
Returning maximum FCN so far (1063.63) to force MIGRAD to back out of this region. Error log follows
Parameter values: JER_ele=3.20613, JER_muon=6.94889, JES_ele=4.44746, JES_muon=0.43209, QCD_stat_ele=6.76195, QCD_stat_muon=4.05302, VBS_stat_ele=6.60007, VBS_stat_muon=4.14696, ele_efficiency=0.31364, ele_trigger=4.12572, fakephoton_ele=6.7096, fakephoton_muon=2.23697, interference=6.20348, lumi=6.90611, mu_efficiency=2.98315, mu_trigger=4.78701, non_prompt_stat_ele=6.75319, non_prompt_stat_muon=4.33443, others_stat_ele=5.59601, others_stat_muon=0.160656, others_xs=6.25418, param=0.558844, pdf_ele=5.29556, pdf_muon=-5.56394, photon_id=-6.58895, pileup=0.103567, scale_ele=6.2248, scale_muon=5.23015
RooProdPdf::model_s[ modelObs_s * nuisancePdf ]
     getLogVal() top-level p.d.f evaluates to zero @ !pdfs=(modelObs_s = 0/1,nuisancePdf = 1)

[#0] WARNING:Minization -- RooMinimizerFcn: Minimized function has error status.
Returning maximum FCN so far (1063.63) to force MIGRAD to back out of this region. Error log follows
Parameter values: JER_ele=3.3697, JER_muon=6.84441, JES_ele=4.65525, JES_muon=-0.685285, QCD_stat_ele=6.55693, QCD_stat_muon=5.7234, VBS_stat_ele=6.7362, VBS_stat_muon=3.27986, ele_efficiency=0.372156, ele_trigger=4.30439, fakephoton_ele=6.83108, fakephoton_muon=2.39151, interference=6.42659, lumi=6.78518, mu_efficiency=3.17733, mu_trigger=4.12176, non_prompt_stat_ele=6.55699, non_prompt_stat_muon=4.61397, others_stat_ele=5.79082, others_stat_muon=-0.950675, others_xs=5.8816, param=0.229758, pdf_ele=5.54121, pdf_muon=-6.33286, photon_id=-6.95439, pileup=0.161049, scale_ele=5.83366, scale_muon=2.74456
RooProdPdf::model_s[ modelObs_s * nuisancePdf ]
     getLogVal() top-level p.d.f evaluates to zero @ !pdfs=(modelObs_s = 0/1,nuisancePdf = 1)

[#0] WARNING:Minization -- RooMinimizerFcn: Minimized function has error status.
Returning maximum FCN so far (1063.63) to force MIGRAD to back out of this region. Error log follows
Parameter values: JER_ele=3.51792, JER_muon=6.69847, JES_ele=4.86523, JES_muon=-1.77254, QCD_stat_ele=6.26323, QCD_stat_muon=6.74979, VBS_stat_ele=6.80381, VBS_stat_muon=2.59308, ele_efficiency=0.431065, ele_trigger=4.4771, fakephoton_ele=6.92401, fakephoton_muon=2.54274, interference=6.59084, lumi=6.63501, mu_efficiency=3.36237, mu_trigger=3.42161, non_prompt_stat_ele=6.29274, non_prompt_stat_muon=4.87375, others_stat_ele=5.9841, others_stat_muon=-2.02465, others_xs=5.43886, param=0.212196, pdf_ele=5.76117, pdf_muon=-6.80112, photon_id=-6.95807, pileup=0.217656, scale_ele=5.33515, scale_muon=-0.264009
RooProdPdf::model_s[ modelObs_s * nuisancePdf ]
     getLogVal() top-level p.d.f evaluates to zero @ !pdfs=(modelObs_s = 0/1,nuisancePdf = 1)

[#0] WARNING:Minization -- RooMinimizerFcn: Minimized function has error status.
Returning maximum FCN so far (1063.63) to force MIGRAD to back out of this region. Error log follows
Parameter values: JER_ele=3.56075, JER_muon=6.64329, JES_ele=4.93764, JES_muon=-2.16075, QCD_stat_ele=6.13301, QCD_stat_muon=6.93585, VBS_stat_ele=6.80036, VBS_stat_muon=2.50251, ele_efficiency=0.444517, ele_trigger=4.53549, fakephoton_ele=6.9508, fakephoton_muon=2.58981, interference=6.62657, lumi=6.58, mu_efficiency=3.41849, mu_trigger=3.16565, non_prompt_stat_ele=6.16796, non_prompt_stat_muon=4.95292, others_stat_ele=6.0541, others_stat_muon=-2.4053, others_xs=5.26185, param=0.40408, pdf_ele=5.82223, pdf_muon=-6.89776, photon_id=-6.87807, pileup=0.229161, scale_ele=5.12729, scale_muon=-1.41567
RooProdPdf::model_s[ modelObs_s * nuisancePdf ]
     getLogVal() top-level p.d.f evaluates to zero @ !pdfs=(modelObs_s = 0/1,nuisancePdf = 1)

[#0] WARNING:Minization -- RooMinimizerFcn: Minimized function has error status.
Returning maximum FCN so far (1063.63) to force MIGRAD to back out of this region. Error log follows
Parameter values: JER_ele=3.41148, JER_muon=6.79783, JES_ele=4.75351, JES_muon=-1.22087, QCD_stat_ele=6.41983, QCD_stat_muon=6.33273, VBS_stat_ele=6.69324, VBS_stat_muon=3.3357, ele_efficiency=0.393986, ele_trigger=4.3732, fakephoton_ele=6.88209, fakephoton_muon=2.4609, interference=6.47366, lumi=6.74123, mu_efficiency=3.25753, mu_trigger=3.81921, non_prompt_stat_ele=6.43164, non_prompt_stat_muon=4.73255, others_stat_ele=5.88747, others_stat_muon=-1.47283, others_xs=5.67538, param=0.552951, pdf_ele=5.61871, pdf_muon=-6.55953, photon_id=-6.99904, pileup=0.183457, scale_ele=5.59575, scale_muon=1.23114
RooProdPdf::model_s[ modelObs_s * nuisancePdf ]
     getLogVal() top-level p.d.f evaluates to zero @ !pdfs=(modelObs_s = 0/1,nuisancePdf = 1)

[#0] WARNING:Minization -- RooMinimizerFcn: Minimized function has error status.
Returning maximum FCN so far (1063.63) to force MIGRAD to back out of this region. Error log follows
Parameter values: JER_ele=3.33797, JER_muon=6.85593, JES_ele=4.65815, JES_muon=-0.761815, QCD_stat_ele=6.54848, QCD_stat_muon=5.80111, VBS_stat_ele=6.64127, VBS_stat_muon=3.68702, ele_efficiency=0.371167, ele_trigger=4.29009, fakephoton_ele=6.83392, fakephoton_muon=2.40259, interference=6.39913, lumi=6.80419, mu_efficiency=3.18309, mu_trigger=4.11566, non_prompt_stat_ele=6.55247, non_prompt_stat_muon=4.6308, others_stat_ele=5.79621, others_stat_muon=-1.01889, others_xs=5.85674, param=0.480173, pdf_ele=5.51561, pdf_muon=-6.31854, photon_id=-6.95407, pileup=0.164617, scale_ele=5.81373, scale_muon=2.46263
RooProdPdf::model_s[ modelObs_s * nuisancePdf ]
     getLogVal() top-level p.d.f evaluates to zero @ !pdfs=(modelObs_s = 0/1,nuisancePdf = 1)

[#0] WARNING:Minization -- RooMinimizerFcn: Minimized function has error status.
Returning maximum FCN so far (1063.63) to force MIGRAD to back out of this region. Error log follows
Parameter values: JER_ele=3.28952, JER_muon=6.90155, JES_ele=4.57124, JES_muon=-0.269226, QCD_stat_ele=6.65624, QCD_stat_muon=5.02383, VBS_stat_ele=6.64206, VBS_stat_muon=3.86422, ele_efficiency=0.349774, ele_trigger=4.22408, fakephoton_ele=6.77377, fakephoton_muon=2.33786, interference=6.3354, lumi=6.84831, mu_efficiency=3.10216, mu_trigger=4.40498, non_prompt_stat_ele=6.66487, non_prompt_stat_muon=4.51694, others_stat_ele=5.70832, others_stat_muon=-0.53579, others_xs=6.03281, param=0.204578, pdf_ele=5.43473, pdf_muon=-6.03197, photon_id=-6.84636, pileup=0.14169, scale_ele=6.0003, scale_muon=3.70697
RooProdPdf::model_s[ modelObs_s * nuisancePdf ]
     getLogVal() top-level p.d.f evaluates to zero @ !pdfs=(modelObs_s = 0/1,nuisancePdf = 1)

[#0] WARNING:Minization -- RooMinimizerFcn: Minimized function has error status.
Returning maximum FCN so far (1063.63) to force MIGRAD to back out of this region. Error log follows
Parameter values: JER_ele=3.71462, JER_muon=6.40858, JES_ele=5.16418, JES_muon=-3.37128, QCD_stat_ele=5.70218, QCD_stat_muon=6.77172, VBS_stat_ele=6.84441, VBS_stat_muon=1.83369, ele_efficiency=0.520486, ele_trigger=4.71597, fakephoton_ele=6.99533, fakephoton_muon=2.77948, interference=6.77981, lumi=6.36054, mu_efficiency=3.64255, mu_trigger=2.27356, non_prompt_stat_ele=5.77977, non_prompt_stat_muon=5.26104, others_stat_ele=6.24356, others_stat_muon=-3.58847, others_xs=4.63091, param=0.172087, pdf_ele=6.04676, pdf_muon=-6.98726, photon_id=-6.31633, pileup=0.308571, scale_ele=4.44272, scale_muon=-4.69387
RooProdPdf::model_s[ modelObs_s * nuisancePdf ]
     getLogVal() top-level p.d.f evaluates to zero @ !pdfs=(modelObs_s = 0/1,nuisancePdf = 1)

[#0] WARNING:Minization -- RooMinimizerFcn: Minimized function has error status.
Returning maximum FCN so far (1063.63) to force MIGRAD to back out of this region. Error log follows
Parameter values: JER_ele=3.36432, JER_muon=6.85581, JES_ele=4.69545, JES_muon=-0.806224, QCD_stat_ele=6.5137, QCD_stat_muon=5.71649, VBS_stat_ele=6.65324, VBS_stat_muon=3.70774, ele_efficiency=0.387023, ele_trigger=4.31793, fakephoton_ele=6.83811, fakephoton_muon=2.41871, interference=6.41753, lumi=6.79758, mu_efficiency=3.19564, mu_trigger=4.09894, non_prompt_stat_ele=6.54706, non_prompt_stat_muon=4.65725, others_stat_ele=5.823, others_stat_muon=-1.07491, others_xs=5.82826, param=0.176193, pdf_ele=5.56067, pdf_muon=-6.3279, photon_id=-6.96364, pileup=0.175905, scale_ele=5.7372, scale_muon=2.33094
RooProdPdf::model_s[ modelObs_s * nuisancePdf ]
     getLogVal() top-level p.d.f evaluates to zero @ !pdfs=(modelObs_s = 0/1,nuisancePdf = 1)

[#0] WARNING:Minization -- RooMinimizerFcn: Minimized function has error status.
Returning maximum FCN so far (1063.63) to force MIGRAD to back out of this region. Error log follows
Parameter values: JER_ele=3.88238, JER_muon=6.10725, JES_ele=5.40136, JES_muon=-4.49313, QCD_stat_ele=5.11529, QCD_stat_muon=5.4745, VBS_stat_ele=6.88364, VBS_stat_muon=1.14431, ele_efficiency=0.594693, ele_trigger=4.91288, fakephoton_ele=6.98759, fakephoton_muon=2.96414, interference=6.88994, lumi=6.07993, mu_efficiency=3.85822, mu_trigger=1.30529, non_prompt_stat_ele=5.23284, non_prompt_stat_muon=5.54447, others_stat_ele=6.43509, others_stat_muon=-4.68464, others_xs=3.88617, param=0.143153, pdf_ele=6.26236, pdf_muon=-6.68887, photon_id=-5.27884, pileup=0.379947, scale_ele=3.5791, scale_muon=-6.71018
RooProdPdf::model_s[ modelObs_s * nuisancePdf ]
     getLogVal() top-level p.d.f evaluates to zero @ !pdfs=(modelObs_s = 0/1,nuisancePdf = 1)

[#0] WARNING:Minization -- RooMinimizerFcn: Minimized function has error status.
Returning maximum FCN so far (1063.63) to force MIGRAD to back out of this region. Error log follows
Parameter values: JER_ele=3.59506, JER_muon=6.60947, JES_ele=5.04552, JES_muon=-2.59918, QCD_stat_ele=5.95171, QCD_stat_muon=6.99418, VBS_stat_ele=6.72648, VBS_stat_muon=2.8542, ele_efficiency=0.4909, ele_trigger=4.59678, fakephoton_ele=6.97362, fakephoton_muon=2.67869, interference=6.66634, lumi=6.55428, mu_efficiency=3.50659, mu_trigger=2.91976, non_prompt_stat_ele=6.0367, non_prompt_stat_muon=5.09634, others_stat_ele=6.13941, others_stat_muon=-2.8492, others_xs=5.02653, param=0.21997, pdf_ele=5.91006, pdf_muon=-6.95339, photon_id=-6.75327, pileup=0.278297, scale_ele=4.81026, scale_muon=-2.75911
RooProdPdf::model_s[ modelObs_s * nuisancePdf ]
     getLogVal() top-level p.d.f evaluates to zero @ !pdfs=(modelObs_s = 0/1,nuisancePdf = 1)

[#0] WARNING:Minization -- RooMinimizerFcn: Minimized function has error status.
Returning maximum FCN so far (1063.63) to force MIGRAD to back out of this region. Error log follows
Parameter values: JER_ele=4.55287, JER_muon=4.10687, JES_ele=6.22142, JES_muon=-6.99962, QCD_stat_ele=1.72568, QCD_stat_muon=-5.98469, VBS_stat_ele=6.99004, VBS_stat_muon=-2.0658, ele_efficiency=0.821917, ele_trigger=5.67692, fakephoton_ele=6.23516, fakephoton_muon=3.67467, interference=6.95257, lumi=4.21588, mu_efficiency=4.66496, mu_trigger=-3.07352, non_prompt_stat_ele=1.97859, non_prompt_stat_muon=6.43523, others_stat_ele=6.94527, others_stat_muon=-6.99634, others_xs=-0.00653888, param=0.621155, pdf_ele=6.84872, pdf_muon=-1.38817, photon_id=2.32405, pileup=0.58253, scale_ele=-0.707539, scale_muon=3.77681
RooProdPdf::model_s[ modelObs_s * nuisancePdf ]
     getLogVal() top-level p.d.f evaluates to zero @ !pdfs=(modelObs_s = 0/1,nuisancePdf = 1)

[#0] WARNING:Minization -- RooMinimizerFcn: Minimized function has error status.
Returning maximum FCN so far (1063.63) to force MIGRAD to back out of this region. Error log follows
Parameter values: JER_ele=1.6985, JER_muon=5.36754, JES_ele=2.20503, JES_muon=6.99617, QCD_stat_ele=5.3934, QCD_stat_muon=-2.79087, VBS_stat_ele=4.91721, VBS_stat_muon=6.77486, ele_efficiency=-0.20648, ele_trigger=2.31566, fakephoton_ele=3.81357, fakephoton_muon=0.801687, interference=3.15635, lumi=5.8675, mu_efficiency=1.11644, mu_trigger=6.65783, non_prompt_stat_ele=5.47822, non_prompt_stat_muon=1.40655, others_stat_ele=3.12308, others_stat_muon=6.97535, others_xs=6.03111, param=0.314737, pdf_ele=2.50298, pdf_muon=5.95349, photon_id=5.41935, pileup=-0.401859, scale_ele=5.83156, scale_muon=-6.83855
RooProdPdf::model_s[ modelObs_s * nuisancePdf ]
     getLogVal() top-level p.d.f evaluates to zero @ !pdfs=(modelObs_s = 0/1,nuisancePdf = 1)

[#0] WARNING:Minization -- RooMinimizerFcn: Minimized function has error status.
Returning maximum FCN so far (1063.63) to force MIGRAD to back out of this region. Error log follows
Parameter values: JER_ele=2.004, JER_muon=6.04561, JES_ele=2.69819, JES_muon=6.57728, QCD_stat_ele=6.14061, QCD_stat_muon=-6.22332, VBS_stat_ele=5.28772, VBS_stat_muon=6.99728, ele_efficiency=-0.0948856, ele_trigger=2.69756, fakephoton_ele=4.58603, fakephoton_muon=1.1292, interference=3.94781, lumi=6.37689, mu_efficiency=1.53262, mu_trigger=6.98036, non_prompt_stat_ele=6.17869, non_prompt_stat_muon=2.11235, others_stat_ele=3.69721, others_stat_muon=6.44297, others_xs=6.64845, param=0.156188, pdf_ele=3.14001, pdf_muon=4.02282, photon_id=3.00749, pileup=-0.287013, scale_ele=6.52629, scale_muon=-5.5131
RooProdPdf::model_s[ modelObs_s * nuisancePdf ]
     getLogVal() top-level p.d.f evaluates to zero @ !pdfs=(modelObs_s = 0/1,nuisancePdf = 1)

[#0] WARNING:Minization -- RooMinimizerFcn: Minimized function has error status.
Returning maximum FCN so far (1063.63) to force MIGRAD to back out of this region. Error log follows
Parameter values: JER_ele=2.68006, JER_muon=6.91347, JES_ele=3.77071, JES_muon=3.47924, QCD_stat_ele=6.98923, QCD_stat_muon=-3.27294, VBS_stat_ele=5.94438, VBS_stat_muon=6.30925, ele_efficiency=0.157112, ele_trigger=3.53458, fakephoton_ele=6.02639, fakephoton_muon=1.82475, interference=5.40581, lumi=6.96924, mu_efficiency=2.42738, mu_trigger=6.29362, non_prompt_stat_ele=6.98621, non_prompt_stat_muon=3.54486, others_stat_ele=4.89254, others_stat_muon=3.19963, others_xs=6.91603, param=0.0929597, pdf_ele=4.46018, pdf_muon=-1.95077, photon_id=-3.59968, pileup=-0.034737, scale_ele=6.93949, scale_muon=6.07116
RooProdPdf::model_s[ modelObs_s * nuisancePdf ]
     getLogVal() top-level p.d.f evaluates to zero @ !pdfs=(modelObs_s = 0/1,nuisancePdf = 1)

[#0] WARNING:Minization -- RooMinimizerFcn: Minimized function has error status.
Returning maximum FCN so far (1063.63) to force MIGRAD to back out of this region. Error log follows
Parameter values: JER_ele=2.36921, JER_muon=6.60088, JES_ele=3.45269, JES_muon=4.93354, QCD_stat_ele=6.89417, QCD_stat_muon=-6.49581, VBS_stat_ele=5.04042, VBS_stat_muon=6.99366, ele_efficiency=0.0253286, ele_trigger=3.25135, fakephoton_ele=5.563, fakephoton_muon=1.60676, interference=4.54791, lumi=6.80109, mu_efficiency=2.00656, mu_trigger=6.80405, non_prompt_stat_ele=6.84016, non_prompt_stat_muon=3.09045, others_stat_ele=4.61901, others_stat_muon=4.38022, others_xs=6.99916, param=0.284267, pdf_ele=3.88005, pdf_muon=0.844682, photon_id=-0.942339, pileup=-0.187695, scale_ele=6.99996, scale_muon=2.27223
RooProdPdf::model_s[ modelObs_s * nuisancePdf ]
     getLogVal() top-level p.d.f evaluates to zero @ !pdfs=(modelObs_s = 0/1,nuisancePdf = 1)

[#0] WARNING:Minization -- RooMinimizerFcn: Minimized function has error status.
Returning maximum FCN so far (1063.63) to force MIGRAD to back out of this region. Error log follows
Parameter values: JER_ele=1.39298, JER_muon=4.81128, JES_ele=1.80741, JES_muon=6.92808, QCD_stat_ele=4.65726, QCD_stat_muon=0.119224, VBS_stat_ele=4.15928, VBS_stat_muon=6.144, ele_efficiency=-0.289746, ele_trigger=1.97031, fakephoton_ele=3.05506, fakephoton_muon=0.650156, interference=2.52591, lumi=5.38877, mu_efficiency=0.877665, mu_trigger=6.27656, non_prompt_stat_ele=4.6748, non_prompt_stat_muon=1.0717, others_stat_ele=2.67588, others_stat_muon=6.9786, others_xs=5.56804, param=0.131501, pdf_ele=1.90382, pdf_muon=6.70038, photon_id=6.46537, pileup=-0.461597, scale_ele=5.10537, scale_muon=-5.38779
RooProdPdf::model_s[ modelObs_s * nuisancePdf ]
     getLogVal() top-level p.d.f evaluates to zero @ !pdfs=(modelObs_s = 0/1,nuisancePdf = 1)

[#0] WARNING:Minization -- RooMinimizerFcn: Minimized function has error status.
Returning maximum FCN so far (1063.63) to force MIGRAD to back out of this region. Error log follows
Parameter values: JER_ele=1.78653, JER_muon=5.75124, JES_ele=2.45586, JES_muon=6.76488, QCD_stat_ele=5.85302, QCD_stat_muon=-5.45628, VBS_stat_ele=4.60849, VBS_stat_muon=6.7677, ele_efficiency=-0.200784, ele_trigger=2.49785, fakephoton_ele=4.19987, fakephoton_muon=0.998548, interference=3.40125, lumi=6.16189, mu_efficiency=1.32761, mu_trigger=6.91511, non_prompt_stat_ele=5.8661, non_prompt_stat_muon=1.82278, others_stat_ele=3.483, others_stat_muon=6.63475, others_xs=6.50135, param=0.186244, pdf_ele=2.68082, pdf_muon=4.86625, photon_id=4.04568, pileup=-0.389047, scale_ele=6.26954, scale_muon=-6.32649
RooProdPdf::model_s[ modelObs_s * nuisancePdf ]
     getLogVal() top-level p.d.f evaluates to zero @ !pdfs=(modelObs_s = 0/1,nuisancePdf = 1)

[#0] WARNING:Minization -- RooMinimizerFcn: Minimized function has error status.
Returning maximum FCN so far (1063.63) to force MIGRAD to back out of this region. Error log follows
Parameter values: JER_ele=2.17712, JER_muon=6.42971, JES_ele=3.08389, JES_muon=5.61847, QCD_stat_ele=6.62179, QCD_stat_muon=-6.90794, VBS_stat_ele=5.07175, VBS_stat_muon=6.99999, ele_efficiency=-0.0584086, ele_trigger=2.985, fakephoton_ele=5.16785, fakephoton_muon=1.37464, interference=4.30434, lumi=6.65898, mu_efficiency=1.81956, mu_trigger=6.94152, non_prompt_stat_ele=6.624, non_prompt_stat_muon=2.6215, others_stat_ele=4.19672, others_stat_muon=5.35812, others_xs=6.9476, param=0.0828923, pdf_ele=3.48466, pdf_muon=1.96992, photon_id=0.552879, pileup=-0.251196, scale_ele=6.88951, scale_muon=-0.488143
RooProdPdf::model_s[ modelObs_s * nuisancePdf ]
     getLogVal() top-level p.d.f evaluates to zero @ !pdfs=(modelObs_s = 0/1,nuisancePdf = 1)

[#0] WARNING:Minization -- RooMinimizerFcn: Minimized function has error status.
Returning maximum FCN so far (1063.63) to force MIGRAD to back out of this region. Error log follows
Parameter values: JER_ele=1.35352, JER_muon=4.63814, JES_ele=1.80627, JES_muon=6.89833, QCD_stat_ele=4.72415, QCD_stat_muon=0.593531, VBS_stat_ele=3.80811, VBS_stat_muon=5.6949, ele_efficiency=-0.33442, ele_trigger=1.97063, fakephoton_ele=3.09581, fakephoton_muon=0.587372, interference=2.21437, lumi=5.30348, mu_efficiency=0.769699, mu_trigger=6.18636, non_prompt_stat_ele=4.75364, non_prompt_stat_muon=0.924282, others_stat_ele=2.71784, others_stat_muon=6.96866, others_xs=5.52577, param=5.72799e-05, pdf_ele=1.79421, pdf_muon=6.81101, photon_id=6.58657, pileup=-0.525468, scale_ele=5.16504, scale_muon=-5.11423
RooProdPdf::model_s[ modelObs_s * nuisancePdf ]
     getLogVal() top-level p.d.f evaluates to zero @ !pdfs=(modelObs_s = 0/1,nuisancePdf = 1)

[#0] WARNING:Minization -- RooMinimizerFcn: Minimized function has error status.
Returning maximum FCN so far (1063.63) to force MIGRAD to back out of this region. Error log follows
Parameter values: JER_ele=2.48991, JER_muon=6.81174, JES_ele=3.6791, JES_muon=3.85568, QCD_stat_ele=6.96463, QCD_stat_muon=-4.2671, VBS_stat_ele=5.1285, VBS_stat_muon=6.91305, ele_efficiency=0.194206, ele_trigger=3.35806, fakephoton_ele=5.91609, fakephoton_muon=1.82881, interference=5.16242, lumi=6.86921, mu_efficiency=2.41769, mu_trigger=6.49985, non_prompt_stat_ele=6.95433, non_prompt_stat_muon=3.55994, others_stat_ele=4.79016, others_stat_muon=3.57448, others_xs=6.95106, param=0.00116599, pdf_ele=4.26364, pdf_muon=-0.955033, photon_id=-2.74362, pileup=0.0361628, scale_ele=6.97296, scale_muon=5.50706
RooProdPdf::model_s[ modelObs_s * nuisancePdf ]
     getLogVal() top-level p.d.f evaluates to zero @ !pdfs=(modelObs_s = 0/1,nuisancePdf = 1)


 -- Hybrid New -- 
CLs = 0.00247525 +/- 0.00247512
Done in 16.56 min (cpu), 17.03 min (real)
