 <<< Combine >>> 
>>> including systematics
>>> using the Profile Likelihood test statistics modified for upper limits (Q_LHC)
>>> method used is HybridNew
>>> Used OpenSSL to get a really random seed 774934692
Computing results starting from observation (a-posteriori)
[#0] WARNING:Minization -- RooMinimizerFcn: Minimized function has error status.
Returning maximum FCN so far (41.6164) to force MIGRAD to back out of this region. Error log follows
Parameter values: JER_ele=-6.44093, JER_muon=1.46901, JES_ele=-2.58394, JES_muon=-1.5448, QCD_stat_ele=4.40974, QCD_stat_muon=6.38226, VBS_stat_ele=-1.38268, VBS_stat_muon=4.68874, ele_efficiency=-5.35027, ele_trigger=-1.86128, fakephoton_ele=5.15134, fakephoton_muon=3.89688, interference=0.601412, lumi=3.40196, mu_efficiency=-1.1691, mu_trigger=6.99978, non_prompt_stat_ele=4.54533, non_prompt_stat_muon=4.05252, others_stat_ele=2.6516, others_stat_muon=5.28029, others_xs=6.27516, param=1.6566, pdf_ele=5.65745, pdf_muon=2.39123, photon_id=6.28089, pileup=5.13609, scale_ele=-1.75036, scale_muon=6.11714
RooProdPdf::model_s[ modelObs_s * nuisancePdf ]
     getLogVal() top-level p.d.f evaluates to zero @ !pdfs=(modelObs_s = 0/1,nuisancePdf = 1)

[#0] WARNING:Minization -- RooMinimizerFcn: Minimized function has error status.
Returning maximum FCN so far (35.9779) to force MIGRAD to back out of this region. Error log follows
Parameter values: JER_ele=3.17345, JER_muon=-1.16957, JES_ele=0.732365, JES_muon=6.10557, QCD_stat_ele=3.59108, QCD_stat_muon=4.04389, VBS_stat_ele=0.802146, VBS_stat_muon=5.54713, ele_efficiency=-5.90019, ele_trigger=-2.08105, fakephoton_ele=5.86312, fakephoton_muon=3.79755, interference=4.45401, lumi=3.91631, mu_efficiency=-2.71904, mu_trigger=3.97092, non_prompt_stat_ele=4.09838, non_prompt_stat_muon=3.25615, others_stat_ele=0.0375317, others_stat_muon=6.23932, others_xs=1.94838, param=3.19272, pdf_ele=2.51046, pdf_muon=5.23155, photon_id=4.24935, pileup=3.85938, scale_ele=-4.58778, scale_muon=5.37057
RooProdPdf::model_s[ modelObs_s * nuisancePdf ]
     getLogVal() top-level p.d.f evaluates to zero @ !pdfs=(modelObs_s = 0/1,nuisancePdf = 1)

[#0] WARNING:Minization -- RooMinimizerFcn: Minimized function has error status.
Returning maximum FCN so far (37.281) to force MIGRAD to back out of this region. Error log follows
Parameter values: JER_ele=-3.71212, JER_muon=3.06112, JES_ele=6.98076, JES_muon=5.49505, QCD_stat_ele=1.77891, QCD_stat_muon=4.62769, VBS_stat_ele=1.71675, VBS_stat_muon=-0.600173, ele_efficiency=-1.60082, ele_trigger=-3.54983, fakephoton_ele=6.17889, fakephoton_muon=-2.12313, interference=-3.04638, lumi=2.40942, mu_efficiency=5.2767, mu_trigger=-0.625164, non_prompt_stat_ele=4.69764, non_prompt_stat_muon=1.89911, others_stat_ele=5.02174, others_stat_muon=0.0289019, others_xs=1.91817, param=3.29264, pdf_ele=0.415322, pdf_muon=6.56062, photon_id=6.8819, pileup=-2.57096, scale_ele=5.91033, scale_muon=4.00044
RooProdPdf::model_s[ modelObs_s * nuisancePdf ]
     getLogVal() top-level p.d.f evaluates to zero @ !pdfs=(modelObs_s = 0/1,nuisancePdf = 1)

[#0] WARNING:Minization -- RooMinimizerFcn: Minimized function has error status.
Returning maximum FCN so far (38.3955) to force MIGRAD to back out of this region. Error log follows
Parameter values: JER_ele=-4.75493, JER_muon=1.43363, JES_ele=-4.28379, JES_muon=5.48557, QCD_stat_ele=6.61476, QCD_stat_muon=5.73145, VBS_stat_ele=0.00911756, VBS_stat_muon=5.62128, ele_efficiency=6.59941, ele_trigger=1.17043, fakephoton_ele=5.716, fakephoton_muon=5.38771, interference=4.62423, lumi=-1.20669, mu_efficiency=4.5713, mu_trigger=0.826474, non_prompt_stat_ele=-0.517904, non_prompt_stat_muon=0.288186, others_stat_ele=0.622109, others_stat_muon=2.81781, others_xs=-2.52321, param=2.85557, pdf_ele=4.99571, pdf_muon=6.92688, photon_id=5.98239, pileup=-4.52659, scale_ele=3.48335, scale_muon=6.7965
RooProdPdf::model_s[ modelObs_s * nuisancePdf ]
     getLogVal() top-level p.d.f evaluates to zero @ !pdfs=(modelObs_s = 0/1,nuisancePdf = 1)


 -- Hybrid New -- 
CLs = 0.159091 +/- 0.0184
Done in 16.39 min (cpu), 16.46 min (real)
