 <<< Combine >>> 
>>> including systematics
>>> using the Profile Likelihood test statistics modified for upper limits (Q_LHC)
>>> method used is HybridNew
>>> Used OpenSSL to get a really random seed 443176511
Computing results starting from observation (a-posteriori)
[#0] WARNING:Minization -- RooMinimizerFcn: Minimized function has error status.
Returning maximum FCN so far (735.216) to force MIGRAD to back out of this region. Error log follows
Parameter values: JER_ele=6.42979, JER_muon=6.41094, JES_ele=1.64139, JES_muon=-3.41265, QCD_stat_ele=5.39602, QCD_stat_muon=0.958733, VBS_stat_ele=4.01552, VBS_stat_muon=-6.44051, ele_efficiency=-2.98585, ele_trigger=-5.51183, fakephoton_ele=6.99889, fakephoton_muon=-0.556002, interference=-5.60706, lumi=2.14433, mu_efficiency=0.28124, mu_trigger=-6.97525, non_prompt_stat_ele=3.22115, non_prompt_stat_muon=-4.52339, others_stat_ele=-6.2796, others_stat_muon=-4.23064, others_xs=-6.99832, param=0.735161, pdf_ele=-5.02232, pdf_muon=3.10117, photon_id=-3.23052, pileup=-2.80763, scale_ele=-2.86957, scale_muon=1.10002
RooProdPdf::model_s[ modelObs_s * nuisancePdf ]
     getLogVal() top-level p.d.f evaluates to zero @ !pdfs=(modelObs_s = 0/1,nuisancePdf = 1)

[#0] WARNING:Minization -- RooMinimizerFcn: Minimized function has error status.
Returning maximum FCN so far (894.067) to force MIGRAD to back out of this region. Error log follows
Parameter values: JER_ele=-2.53895, JER_muon=-4.72267, JES_ele=1.32261, JES_muon=3.34906, QCD_stat_ele=5.86862, QCD_stat_muon=1.86447, VBS_stat_ele=6.89349, VBS_stat_muon=4.63302, ele_efficiency=1.50902, ele_trigger=6.17982, fakephoton_ele=3.37787, fakephoton_muon=5.33416, interference=5.20489, lumi=-0.813817, mu_efficiency=-6.53239, mu_trigger=5.15368, non_prompt_stat_ele=6.89756, non_prompt_stat_muon=-2.01986, others_stat_ele=5.17922, others_stat_muon=3.53588, others_xs=4.0575, param=0.727053, pdf_ele=4.60727, pdf_muon=4.16263, photon_id=4.12999, pileup=6.02569, scale_ele=6.70651, scale_muon=2.97267
RooProdPdf::model_s[ modelObs_s * nuisancePdf ]
     getLogVal() top-level p.d.f evaluates to zero @ !pdfs=(modelObs_s = 0/1,nuisancePdf = 1)

[#0] WARNING:Minization -- RooMinimizerFcn: Minimized function has error status.
Returning maximum FCN so far (894.067) to force MIGRAD to back out of this region. Error log follows
Parameter values: JER_ele=-2.40821, JER_muon=-3.64116, JES_ele=0.690603, JES_muon=2.43919, QCD_stat_ele=5.7388, QCD_stat_muon=1.93476, VBS_stat_ele=6.23346, VBS_stat_muon=3.1269, ele_efficiency=0.846754, ele_trigger=4.16222, fakephoton_ele=6.99905, fakephoton_muon=3.59614, interference=3.02344, lumi=-1.31005, mu_efficiency=-5.93638, mu_trigger=3.67253, non_prompt_stat_ele=6.12774, non_prompt_stat_muon=1.48295, others_stat_ele=3.31333, others_stat_muon=2.5228, others_xs=2.20294, param=0.721162, pdf_ele=2.70576, pdf_muon=4.64627, photon_id=2.25757, pileup=4.46731, scale_ele=5.21251, scale_muon=2.19201
RooProdPdf::model_s[ modelObs_s * nuisancePdf ]
     getLogVal() top-level p.d.f evaluates to zero @ !pdfs=(modelObs_s = 0/1,nuisancePdf = 1)

[#0] WARNING:Minization -- RooMinimizerFcn: Minimized function has error status.
Returning maximum FCN so far (640.173) to force MIGRAD to back out of this region. Error log follows
Parameter values: JER_ele=-4.09179, JER_muon=-6.71427, JES_ele=-6.64634, JES_muon=4.83039, QCD_stat_ele=5.2353, QCD_stat_muon=6.56286, VBS_stat_ele=5.06, VBS_stat_muon=6.39377, ele_efficiency=-5.38646, ele_trigger=-6.31527, fakephoton_ele=3.70381, fakephoton_muon=-2.33061, interference=6.71673, lumi=-4.02102, mu_efficiency=-1.37029, mu_trigger=4.53945, non_prompt_stat_ele=6.97061, non_prompt_stat_muon=6.82932, others_stat_ele=-6.83571, others_stat_muon=-2.46286, others_xs=-5.1392, param=0.556082, pdf_ele=1.90681, pdf_muon=5.81352, photon_id=6.69321, pileup=3.16391, scale_ele=-3.91976, scale_muon=4.49047
RooProdPdf::model_s[ modelObs_s * nuisancePdf ]
     getLogVal() top-level p.d.f evaluates to zero @ !pdfs=(modelObs_s = 0/1,nuisancePdf = 1)

[#0] WARNING:Minization -- RooMinimizerFcn: Minimized function has error status.
Returning maximum FCN so far (863.509) to force MIGRAD to back out of this region. Error log follows
Parameter values: JER_ele=3.96409, JER_muon=-1.77316, JES_ele=-0.0302467, JES_muon=5.74115, QCD_stat_ele=-6.76741, QCD_stat_muon=6.94774, VBS_stat_ele=1.54322, VBS_stat_muon=-6.18547, ele_efficiency=-6.95582, ele_trigger=5.9805, fakephoton_ele=0.346171, fakephoton_muon=0.945215, interference=-6.55017, lumi=2.61404, mu_efficiency=-6.4287, mu_trigger=-3.31132, non_prompt_stat_ele=6.95794, non_prompt_stat_muon=1.41112, others_stat_ele=-1.46833, others_stat_muon=-2.66082, others_xs=5.90568, param=0.997741, pdf_ele=-2.66353, pdf_muon=2.6942, photon_id=6.98661, pileup=3.42382, scale_ele=-6.99436, scale_muon=6.26912
RooProdPdf::model_s[ modelObs_s * nuisancePdf ]
     getLogVal() top-level p.d.f evaluates to zero @ !pdfs=(modelObs_s = 0/1,nuisancePdf = 1)

[#0] WARNING:Minization -- RooMinimizerFcn: Minimized function has error status.
Returning maximum FCN so far (863.509) to force MIGRAD to back out of this region. Error log follows
Parameter values: JER_ele=1.61135, JER_muon=3.07427, JES_ele=1.94649, JES_muon=6.17271, QCD_stat_ele=4.16265, QCD_stat_muon=5.31361, VBS_stat_ele=2.22228, VBS_stat_muon=3.13171, ele_efficiency=-0.610581, ele_trigger=2.28418, fakephoton_ele=-3.25688, fakephoton_muon=3.58532, interference=2.2556, lumi=3.49252, mu_efficiency=-0.644136, mu_trigger=3.17249, non_prompt_stat_ele=0.779837, non_prompt_stat_muon=6.03768, others_stat_ele=4.05889, others_stat_muon=5.04856, others_xs=4.78927, param=0.997795, pdf_ele=-5.81991, pdf_muon=6.94761, photon_id=6.93795, pileup=0.381523, scale_ele=5.32027, scale_muon=6.75607
RooProdPdf::model_s[ modelObs_s * nuisancePdf ]
     getLogVal() top-level p.d.f evaluates to zero @ !pdfs=(modelObs_s = 0/1,nuisancePdf = 1)

[#0] WARNING:Minization -- RooMinimizerFcn: Minimized function has error status.
Returning maximum FCN so far (34.3802) to force MIGRAD to back out of this region. Error log follows
Parameter values: JER_ele=-3.16448, JER_muon=1.36912, JES_ele=3.25233, JES_muon=-6.68361, QCD_stat_ele=0.293316, QCD_stat_muon=-6.65398, VBS_stat_ele=6.9463, VBS_stat_muon=2.01855, ele_efficiency=-1.50637, ele_trigger=-0.351998, fakephoton_ele=5.47922, fakephoton_muon=-5.6311, interference=-6.99877, lumi=-3.02604, mu_efficiency=-5.7131, mu_trigger=-6.53178, non_prompt_stat_ele=4.91455, non_prompt_stat_muon=-4.67467, others_stat_ele=-6.74836, others_stat_muon=-5.83851, others_xs=6.78912, param=0.37813, pdf_ele=6.28501, pdf_muon=6.86029, photon_id=6.92489, pileup=2.86679, scale_ele=-6.81384, scale_muon=-1.8607
RooProdPdf::model_s[ modelObs_s * nuisancePdf ]
     getLogVal() top-level p.d.f evaluates to zero @ !pdfs=(modelObs_s = 0/1,nuisancePdf = 1)

[#0] WARNING:Minization -- RooMinimizerFcn: Minimized function has error status.
Returning maximum FCN so far (34.3802) to force MIGRAD to back out of this region. Error log follows
Parameter values: JER_ele=-2.74664, JER_muon=6.3781, JES_ele=-6.68774, JES_muon=6.98494, QCD_stat_ele=-4.09655, QCD_stat_muon=2.04215, VBS_stat_ele=6.95825, VBS_stat_muon=-4.9332, ele_efficiency=3.17043, ele_trigger=-6.8819, fakephoton_ele=4.35875, fakephoton_muon=6.21952, interference=2.29215, lumi=1.69278, mu_efficiency=6.96434, mu_trigger=0.289229, non_prompt_stat_ele=5.79786, non_prompt_stat_muon=-3.73535, others_stat_ele=-1.37791, others_stat_muon=2.94598, others_xs=-4.70558, param=0.664753, pdf_ele=-4.95497, pdf_muon=3.71121, photon_id=1.97434, pileup=3.78994, scale_ele=5.68054, scale_muon=5.57083
RooProdPdf::model_s[ modelObs_s * nuisancePdf ]
     getLogVal() top-level p.d.f evaluates to zero @ !pdfs=(modelObs_s = 0/1,nuisancePdf = 1)

[#0] WARNING:Minization -- RooMinimizerFcn: Minimized function has error status.
Returning maximum FCN so far (609.761) to force MIGRAD to back out of this region. Error log follows
Parameter values: JER_ele=-5.54993, JER_muon=5.14135, JES_ele=-0.963909, JES_muon=-6.55365, QCD_stat_ele=-6.98023, QCD_stat_muon=4.9751, VBS_stat_ele=-6.99409, VBS_stat_muon=-6.71435, ele_efficiency=-6.81895, ele_trigger=6.95014, fakephoton_ele=6.97659, fakephoton_muon=-5.23458, interference=4.44027, lumi=6.74794, mu_efficiency=-5.69702, mu_trigger=-0.911201, non_prompt_stat_ele=5.33414, non_prompt_stat_muon=-6.76869, others_stat_ele=3.81836, others_stat_muon=-5.45667, others_xs=-1.18122, param=0.389928, pdf_ele=4.34468, pdf_muon=-4.03403, photon_id=-0.134886, pileup=5.75033, scale_ele=4.12628, scale_muon=6.50102
RooProdPdf::model_s[ modelObs_s * nuisancePdf ]
     getLogVal() top-level p.d.f evaluates to zero @ !pdfs=(modelObs_s = 0/1,nuisancePdf = 1)

[#0] WARNING:Minization -- RooMinimizerFcn: Minimized function has error status.
Returning maximum FCN so far (916.702) to force MIGRAD to back out of this region. Error log follows
Parameter values: JER_ele=6.66876, JER_muon=-0.152805, JES_ele=5.7852, JES_muon=6.0103, QCD_stat_ele=6.0639, QCD_stat_muon=3.9863, VBS_stat_ele=-6.99558, VBS_stat_muon=1.75683, ele_efficiency=6.95541, ele_trigger=3.5105, fakephoton_ele=6.99067, fakephoton_muon=-1.77435, interference=1.31748, lumi=2.63813, mu_efficiency=-3.75966, mu_trigger=-6.94072, non_prompt_stat_ele=4.34419, non_prompt_stat_muon=-4.62006, others_stat_ele=2.33196, others_stat_muon=-0.992958, others_xs=6.47766, param=0.452289, pdf_ele=5.92453, pdf_muon=6.85615, photon_id=-3.52659, pileup=-2.64849, scale_ele=6.6992, scale_muon=-0.123453
RooProdPdf::model_s[ modelObs_s * nuisancePdf ]
     getLogVal() top-level p.d.f evaluates to zero @ !pdfs=(modelObs_s = 0/1,nuisancePdf = 1)

[#0] WARNING:Minization -- RooMinimizerFcn: Minimized function has error status.
Returning maximum FCN so far (916.702) to force MIGRAD to back out of this region. Error log follows
Parameter values: JER_ele=-6.60224, JER_muon=3.78597, JES_ele=-6.59245, JES_muon=6.96082, QCD_stat_ele=6.71364, QCD_stat_muon=3.95645, VBS_stat_ele=-6.65897, VBS_stat_muon=-6.99517, ele_efficiency=-6.50861, ele_trigger=-1.05262, fakephoton_ele=6.95805, fakephoton_muon=6.9965, interference=-1.31804, lumi=-4.63408, mu_efficiency=6.56452, mu_trigger=5.91643, non_prompt_stat_ele=6.25418, non_prompt_stat_muon=-5.86128, others_stat_ele=4.38855, others_stat_muon=-0.937184, others_xs=6.55986, param=1.0664, pdf_ele=2.57235, pdf_muon=6.79639, photon_id=4.20514, pileup=4.03069, scale_ele=5.95652, scale_muon=1.4939
RooProdPdf::model_s[ modelObs_s * nuisancePdf ]
     getLogVal() top-level p.d.f evaluates to zero @ !pdfs=(modelObs_s = 0/1,nuisancePdf = 1)

[#0] WARNING:Minization -- RooMinimizerFcn: Minimized function has error status.
Returning maximum FCN so far (916.702) to force MIGRAD to back out of this region. Error log follows
Parameter values: JER_ele=2.57383, JER_muon=-5.12568, JES_ele=4.66847, JES_muon=-1.7316, QCD_stat_ele=-6.98636, QCD_stat_muon=-4.91898, VBS_stat_ele=-6.98409, VBS_stat_muon=-6.7512, ele_efficiency=6.99971, ele_trigger=-2.081, fakephoton_ele=6.9624, fakephoton_muon=-5.89124, interference=3.86839, lumi=3.82988, mu_efficiency=-6.9622, mu_trigger=0.233944, non_prompt_stat_ele=6.96558, non_prompt_stat_muon=6.52775, others_stat_ele=6.50671, others_stat_muon=-6.92528, others_xs=-6.99457, param=0.978163, pdf_ele=6.92886, pdf_muon=-1.20953, photon_id=5.16089, pileup=2.11066, scale_ele=-3.41577, scale_muon=6.6243
RooProdPdf::model_s[ modelObs_s * nuisancePdf ]
     getLogVal() top-level p.d.f evaluates to zero @ !pdfs=(modelObs_s = 0/1,nuisancePdf = 1)

[#0] WARNING:Minization -- RooMinimizerFcn: Minimized function has error status.
Returning maximum FCN so far (916.702) to force MIGRAD to back out of this region. Error log follows
Parameter values: JER_ele=0.25755, JER_muon=4.85906, JES_ele=4.55234, JES_muon=4.78131, QCD_stat_ele=1.82532, QCD_stat_muon=6.99789, VBS_stat_ele=-3.65632, VBS_stat_muon=0.721767, ele_efficiency=0.735634, ele_trigger=2.65146, fakephoton_ele=-3.837, fakephoton_muon=5.06418, interference=1.28773, lumi=2.29116, mu_efficiency=1.03577, mu_trigger=3.78027, non_prompt_stat_ele=-3.04693, non_prompt_stat_muon=5.87086, others_stat_ele=5.58683, others_stat_muon=6.99059, others_xs=6.55317, param=0.926208, pdf_ele=4.38485, pdf_muon=4.95975, photon_id=6.99999, pileup=-1.04122, scale_ele=-3.64974, scale_muon=6.968
RooProdPdf::model_s[ modelObs_s * nuisancePdf ]
     getLogVal() top-level p.d.f evaluates to zero @ !pdfs=(modelObs_s = 0/1,nuisancePdf = 1)


 -- Hybrid New -- 
CLs = 0.571759 +/- 0.0328841
Done in 9.55 min (cpu), 9.56 min (real)
