 <<< Combine >>> 
>>> including systematics
>>> using the Profile Likelihood test statistics modified for upper limits (Q_LHC)
>>> method used is HybridNew
>>> Used OpenSSL to get a really random seed 1336359565
Computing results starting from observation (a-posteriori)
[#0] WARNING:Minization -- RooMinimizerFcn: Minimized function has error status.
Returning maximum FCN so far (38.0409) to force MIGRAD to back out of this region. Error log follows
Parameter values: JER_ele=-4.2395, JER_muon=1.50163, JES_ele=0.615631, JES_muon=-0.417087, QCD_stat_ele=-0.114002, QCD_stat_muon=2.72107, VBS_stat_ele=2.70058, VBS_stat_muon=-0.775278, ele_efficiency=3.06589, ele_trigger=2.23047, fakephoton_ele=3.36464, fakephoton_muon=1.12799, interference=-1.62046, lumi=-5.4768, mu_efficiency=2.00994, mu_trigger=2.4412, non_prompt_stat_ele=5.92024, non_prompt_stat_muon=1.00828, others_stat_ele=4.01909, others_stat_muon=0.0223018, others_xs=-0.275893, param=0.340982, pdf_ele=6.88425, pdf_muon=1.44343, photon_id=5.67941, pileup=-6.06125, scale_ele=4.83935, scale_muon=6.75083
RooProdPdf::model_s[ modelObs_s * nuisancePdf ]
     getLogVal() top-level p.d.f evaluates to zero @ !pdfs=(modelObs_s = 0/1,nuisancePdf = 1)

[#0] WARNING:Minization -- RooMinimizerFcn: Minimized function has error status.
Returning maximum FCN so far (34.3608) to force MIGRAD to back out of this region. Error log follows
Parameter values: JER_ele=0.955604, JER_muon=4.16245, JES_ele=-0.668158, JES_muon=6.74657, QCD_stat_ele=1.05512, QCD_stat_muon=5.58602, VBS_stat_ele=2.76805, VBS_stat_muon=-0.780106, ele_efficiency=2.25424, ele_trigger=3.9728, fakephoton_ele=5.5209, fakephoton_muon=0.594298, interference=5.53087, lumi=-1.77282, mu_efficiency=-2.30613, mu_trigger=0.424993, non_prompt_stat_ele=4.69372, non_prompt_stat_muon=4.21493, others_stat_ele=1.09926, others_stat_muon=4.15808, others_xs=4.04845, param=0.00706411, pdf_ele=-2.42442, pdf_muon=5.72352, photon_id=1.80996, pileup=0.00341434, scale_ele=5.37167, scale_muon=6.8201
RooProdPdf::model_s[ modelObs_s * nuisancePdf ]
     getLogVal() top-level p.d.f evaluates to zero @ !pdfs=(modelObs_s = 0/1,nuisancePdf = 1)

[#0] WARNING:Minization -- RooMinimizerFcn: Minimized function has error status.
Returning maximum FCN so far (37.8847) to force MIGRAD to back out of this region. Error log follows
Parameter values: JER_ele=-3.70699, JER_muon=5.38109, JES_ele=-1.7602, JES_muon=4.7738, QCD_stat_ele=1.57171, QCD_stat_muon=2.08698, VBS_stat_ele=3.44568, VBS_stat_muon=2.25869, ele_efficiency=-0.13544, ele_trigger=1.03113, fakephoton_ele=4.52756, fakephoton_muon=-0.766725, interference=5.6948, lumi=4.66259, mu_efficiency=-0.453197, mu_trigger=1.75217, non_prompt_stat_ele=4.86399, non_prompt_stat_muon=3.1695, others_stat_ele=4.22509, others_stat_muon=2.98287, others_xs=4.52254, param=0.439834, pdf_ele=6.70092, pdf_muon=0.576775, photon_id=6.18717, pileup=-0.347092, scale_ele=6.45569, scale_muon=4.31646
RooProdPdf::model_s[ modelObs_s * nuisancePdf ]
     getLogVal() top-level p.d.f evaluates to zero @ !pdfs=(modelObs_s = 0/1,nuisancePdf = 1)

[#0] WARNING:Minization -- RooMinimizerFcn: Minimized function has error status.
Returning maximum FCN so far (38.7616) to force MIGRAD to back out of this region. Error log follows
Parameter values: JER_ele=0.0490115, JER_muon=1.80409, JES_ele=3.31167, JES_muon=5.06823, QCD_stat_ele=1.54055, QCD_stat_muon=6.90033, VBS_stat_ele=-3.47359, VBS_stat_muon=1.84591, ele_efficiency=0.735977, ele_trigger=5.23002, fakephoton_ele=0.478422, fakephoton_muon=5.16693, interference=0.994127, lumi=6.28675, mu_efficiency=2.88278, mu_trigger=5.02006, non_prompt_stat_ele=6.0497, non_prompt_stat_muon=4.72431, others_stat_ele=3.23844, others_stat_muon=4.12681, others_xs=-2.95736, param=4.16364e-05, pdf_ele=0.567842, pdf_muon=6.46382, photon_id=6.99948, pileup=-3.02939, scale_ele=3.91462, scale_muon=5.00352
RooProdPdf::model_s[ modelObs_s * nuisancePdf ]
     getLogVal() top-level p.d.f evaluates to zero @ !pdfs=(modelObs_s = 0/1,nuisancePdf = 1)


 -- Hybrid New -- 
CLs = 0.0685841 +/- 0.0120964
Done in 12.13 min (cpu), 12.15 min (real)
