 <<< Combine >>> 
>>> including systematics
>>> using the Profile Likelihood test statistics modified for upper limits (Q_LHC)
>>> method used is HybridNew
>>> Used OpenSSL to get a really random seed 80332528
Computing results starting from observation (a-posteriori)
[#0] WARNING:Minization -- RooMinimizerFcn: Minimized function has error status.
Returning maximum FCN so far (48.2152) to force MIGRAD to back out of this region. Error log follows
Parameter values: JER_ele=-0.315155, JER_muon=-0.154691, JES_ele=-0.107851, JES_muon=0.126149, QCD_stat_ele=0.948442, QCD_stat_muon=0.575392, VBS_stat_ele=0.545549, VBS_stat_muon=-0.336086, ele_efficiency=0.106778, ele_trigger=0.28513, fakephoton_ele=1.56435, fakephoton_muon=0.385345, interference=0.623522, lumi=0.453645, mu_efficiency=-0.183711, mu_trigger=0.652753, non_prompt_stat_ele=6.87372, non_prompt_stat_muon=-0.570342, others_stat_ele=1.02242, others_stat_muon=0.614686, others_xs=0.735115, param=8.38962, pdf_ele=-0.0933495, pdf_muon=-0.00501628, photon_id=0.42836, pileup=0.757084, scale_ele=-0.257741, scale_muon=0.582695
RooProdPdf::model_s[ modelObs_s * nuisancePdf ]
     getLogVal() top-level p.d.f evaluates to zero @ !pdfs=(modelObs_s = 0/1,nuisancePdf = 1)

[#0] WARNING:Minization -- RooMinimizerFcn: Minimized function has error status.
Returning maximum FCN so far (677.601) to force MIGRAD to back out of this region. Error log follows
Parameter values: JER_ele=0.298824, JER_muon=-0.153664, JES_ele=-2.17554, JES_muon=0.178429, QCD_stat_ele=-1.03009, QCD_stat_muon=1.53236, VBS_stat_ele=0.0327263, VBS_stat_muon=-0.928845, ele_efficiency=-1.85668, ele_trigger=-0.555727, fakephoton_ele=2.18402, fakephoton_muon=1.69564, interference=-0.750684, lumi=-0.424179, mu_efficiency=-0.247721, mu_trigger=-1.09541, non_prompt_stat_ele=6.71424, non_prompt_stat_muon=0.25092, others_stat_ele=-1.98877, others_stat_muon=0.976739, others_xs=0.867568, param=8.415, pdf_ele=0.587228, pdf_muon=0.501737, photon_id=-0.618094, pileup=-0.671371, scale_ele=0.627471, scale_muon=-0.486371
RooProdPdf::model_s[ modelObs_s * nuisancePdf ]
     getLogVal() top-level p.d.f evaluates to zero @ !pdfs=(modelObs_s = 0/1,nuisancePdf = 1)

[#0] WARNING:Minization -- RooMinimizerFcn: Minimized function has error status.
Returning maximum FCN so far (677.601) to force MIGRAD to back out of this region. Error log follows
Parameter values: JER_ele=0.179711, JER_muon=-0.137706, JES_ele=-2.52313, JES_muon=0.253549, QCD_stat_ele=-1.90915, QCD_stat_muon=1.84906, VBS_stat_ele=-0.146539, VBS_stat_muon=-0.985755, ele_efficiency=-1.99545, ele_trigger=-0.781547, fakephoton_ele=2.40003, fakephoton_muon=1.81929, interference=-0.799943, lumi=-0.534759, mu_efficiency=-0.248055, mu_trigger=-1.11831, non_prompt_stat_ele=6.60177, non_prompt_stat_muon=0.364725, others_stat_ele=-2.38692, others_stat_muon=1.07123, others_xs=0.772984, param=8.415, pdf_ele=0.308908, pdf_muon=0.616911, photon_id=-0.907664, pileup=-0.713216, scale_ele=0.0354476, scale_muon=-0.501819
RooProdPdf::model_s[ modelObs_s * nuisancePdf ]
     getLogVal() top-level p.d.f evaluates to zero @ !pdfs=(modelObs_s = 0/1,nuisancePdf = 1)


 -- Hybrid New -- 
CLs = 0.35177 +/- 0.0252169
Done in 17.71 min (cpu), 17.88 min (real)
