 <<< Combine >>> 
>>> including systematics
>>> using the Profile Likelihood test statistics modified for upper limits (Q_LHC)
>>> method used is HybridNew
>>> Used OpenSSL to get a really random seed 843973151
Computing results starting from observation (a-posteriori)
[#0] WARNING:Minization -- RooMinimizerFcn: Minimized function has error status.
Returning maximum FCN so far (393.896) to force MIGRAD to back out of this region. Error log follows
Parameter values: JER_ele=6.4945, JER_muon=-4.37646, JES_ele=-4.58178, JES_muon=-5.03086, QCD_stat_ele=3.20987, QCD_stat_muon=-5.94881, VBS_stat_ele=1.08401, VBS_stat_muon=-5.95494, ele_efficiency=-2.60189, ele_trigger=1.39009, fakephoton_ele=6.9405, fakephoton_muon=-6.65515, interference=-3.33686, lumi=-1.1912, mu_efficiency=-6.00416, mu_trigger=5.62746, non_prompt_stat_ele=6.22692, non_prompt_stat_muon=0.675081, others_stat_ele=-6.99115, others_stat_muon=4.85453, others_xs=-6.97243, param=2.23823, pdf_ele=-3.38069, pdf_muon=-1.4515, photon_id=4.04482, pileup=3.50671, scale_ele=-5.71887, scale_muon=3.53507
RooProdPdf::model_s[ modelObs_s * nuisancePdf ]
     getLogVal() top-level p.d.f evaluates to zero @ !pdfs=(modelObs_s = 0/1,nuisancePdf = 1)

[#0] WARNING:Minization -- RooMinimizerFcn: Minimized function has error status.
Returning maximum FCN so far (393.896) to force MIGRAD to back out of this region. Error log follows
Parameter values: JER_ele=-6.9917, JER_muon=-5.27243, JES_ele=-4.54322, JES_muon=-1.51051, QCD_stat_ele=-6.93992, QCD_stat_muon=-1.37187, VBS_stat_ele=1.53674, VBS_stat_muon=1.89119, ele_efficiency=-0.672089, ele_trigger=5.84511, fakephoton_ele=2.80202, fakephoton_muon=6.99111, interference=-5.58401, lumi=-0.47218, mu_efficiency=-4.49797, mu_trigger=-6.58878, non_prompt_stat_ele=6.01155, non_prompt_stat_muon=5.38421, others_stat_ele=-5.07851, others_stat_muon=1.23186, others_xs=-2.98462, param=7.69172, pdf_ele=-6.41485, pdf_muon=2.2536, photon_id=-6.45359, pileup=1.51102, scale_ele=-5.96308, scale_muon=6.55091
RooProdPdf::model_s[ modelObs_s * nuisancePdf ]
     getLogVal() top-level p.d.f evaluates to zero @ !pdfs=(modelObs_s = 0/1,nuisancePdf = 1)

[#0] WARNING:Minization -- RooMinimizerFcn: Minimized function has error status.
Returning maximum FCN so far (571.353) to force MIGRAD to back out of this region. Error log follows
Parameter values: JER_ele=1.59331, JER_muon=-5.44753, JES_ele=5.61242, JES_muon=6.01888, QCD_stat_ele=3.76876, QCD_stat_muon=6.19915, VBS_stat_ele=6.99273, VBS_stat_muon=2.60327, ele_efficiency=1.45063, ele_trigger=6.82552, fakephoton_ele=6.99739, fakephoton_muon=-6.49931, interference=-0.443369, lumi=-2.49749, mu_efficiency=6.72666, mu_trigger=-2.27423, non_prompt_stat_ele=6.65221, non_prompt_stat_muon=3.78067, others_stat_ele=-0.556673, others_stat_muon=-5.05773, others_xs=-0.309136, param=7.31474, pdf_ele=5.95799, pdf_muon=-2.11416, photon_id=-5.14452, pileup=3.31049, scale_ele=2.36947, scale_muon=-4.60636
RooProdPdf::model_s[ modelObs_s * nuisancePdf ]
     getLogVal() top-level p.d.f evaluates to zero @ !pdfs=(modelObs_s = 0/1,nuisancePdf = 1)

[#0] WARNING:Minization -- RooMinimizerFcn: Minimized function has error status.
Returning maximum FCN so far (571.353) to force MIGRAD to back out of this region. Error log follows
Parameter values: JER_ele=-0.335195, JER_muon=3.76094, JES_ele=1.04673, JES_muon=6.99928, QCD_stat_ele=2.78171, QCD_stat_muon=6.97546, VBS_stat_ele=3.35322, VBS_stat_muon=6.99986, ele_efficiency=0.362175, ele_trigger=2.88396, fakephoton_ele=1.49182, fakephoton_muon=6.64578, interference=2.67298, lumi=4.09134, mu_efficiency=0.864516, mu_trigger=5.94416, non_prompt_stat_ele=2.52519, non_prompt_stat_muon=6.99209, others_stat_ele=-1.05317, others_stat_muon=5.7466, others_xs=3.73747, param=7.40171, pdf_ele=0.829508, pdf_muon=4.95167, photon_id=6.86925, pileup=1.17909, scale_ele=2.93934, scale_muon=-6.45511
RooProdPdf::model_s[ modelObs_s * nuisancePdf ]
     getLogVal() top-level p.d.f evaluates to zero @ !pdfs=(modelObs_s = 0/1,nuisancePdf = 1)

[#0] WARNING:Minization -- RooMinimizerFcn: Minimized function has error status.
Returning maximum FCN so far (571.353) to force MIGRAD to back out of this region. Error log follows
Parameter values: JER_ele=-4.94655, JER_muon=5.81267, JES_ele=-3.09251, JES_muon=6.91897, QCD_stat_ele=-6.06172, QCD_stat_muon=-6.76539, VBS_stat_ele=3.51088, VBS_stat_muon=6.05021, ele_efficiency=-0.426086, ele_trigger=4.46646, fakephoton_ele=2.18463, fakephoton_muon=-4.77664, interference=5.02344, lumi=5.02051, mu_efficiency=-0.507193, mu_trigger=4.78505, non_prompt_stat_ele=6.42881, non_prompt_stat_muon=6.67823, others_stat_ele=-6.28757, others_stat_muon=5.75247, others_xs=-1.07256, param=7.3517, pdf_ele=-6.23696, pdf_muon=-6.22608, photon_id=6.87232, pileup=1.53951, scale_ele=-6.98595, scale_muon=6.84288
RooProdPdf::model_s[ modelObs_s * nuisancePdf ]
     getLogVal() top-level p.d.f evaluates to zero @ !pdfs=(modelObs_s = 0/1,nuisancePdf = 1)

[#0] WARNING:Minization -- RooMinimizerFcn: Minimized function has error status.
Returning maximum FCN so far (591.267) to force MIGRAD to back out of this region. Error log follows
Parameter values: JER_ele=1.48968, JER_muon=-0.616684, JES_ele=3.59103, JES_muon=1.86243, QCD_stat_ele=6.90745, QCD_stat_muon=2.59878, VBS_stat_ele=5.05268, VBS_stat_muon=0.598156, ele_efficiency=0.888631, ele_trigger=4.16955, fakephoton_ele=6.92837, fakephoton_muon=3.31601, interference=-0.5303, lumi=2.07955, mu_efficiency=-0.648925, mu_trigger=0.620623, non_prompt_stat_ele=4.1552, non_prompt_stat_muon=1.0331, others_stat_ele=2.31706, others_stat_muon=0.817451, others_xs=2.01103, param=7.80961, pdf_ele=4.4768, pdf_muon=3.09937, photon_id=4.91036, pileup=0.894015, scale_ele=6.98105, scale_muon=5.37151
RooProdPdf::model_s[ modelObs_s * nuisancePdf ]
     getLogVal() top-level p.d.f evaluates to zero @ !pdfs=(modelObs_s = 0/1,nuisancePdf = 1)

[#0] WARNING:Minization -- RooMinimizerFcn: Minimized function has error status.
Returning maximum FCN so far (591.267) to force MIGRAD to back out of this region. Error log follows
Parameter values: JER_ele=1.60764, JER_muon=-0.543036, JES_ele=3.77328, JES_muon=2.01275, QCD_stat_ele=6.97598, QCD_stat_muon=2.87317, VBS_stat_ele=5.20587, VBS_stat_muon=0.721621, ele_efficiency=0.930538, ele_trigger=4.30036, fakephoton_ele=6.8299, fakephoton_muon=3.375, interference=-0.448884, lumi=2.21918, mu_efficiency=-0.622457, mu_trigger=0.731407, non_prompt_stat_ele=3.54061, non_prompt_stat_muon=1.18243, others_stat_ele=2.48974, others_stat_muon=0.924979, others_xs=2.14873, param=7.80504, pdf_ele=4.69686, pdf_muon=3.29377, photon_id=5.19747, pileup=0.908688, scale_ele=6.90254, scale_muon=5.63199
RooProdPdf::model_s[ modelObs_s * nuisancePdf ]
     getLogVal() top-level p.d.f evaluates to zero @ !pdfs=(modelObs_s = 0/1,nuisancePdf = 1)

[#0] WARNING:Minization -- RooMinimizerFcn: Minimized function has error status.
Returning maximum FCN so far (850.476) to force MIGRAD to back out of this region. Error log follows
Parameter values: JER_ele=3.43711, JER_muon=1.15382, JES_ele=6.1832, JES_muon=4.86087, QCD_stat_ele=1.99007, QCD_stat_muon=6.82153, VBS_stat_ele=6.42478, VBS_stat_muon=2.77268, ele_efficiency=1.61278, ele_trigger=6.02083, fakephoton_ele=-3.2206, fakephoton_muon=4.42962, interference=1.39038, lumi=4.38601, mu_efficiency=0.0919001, mu_trigger=3.27407, non_prompt_stat_ele=5.38583, non_prompt_stat_muon=5.44469, others_stat_ele=5.69343, others_stat_muon=2.72332, others_xs=4.47628, param=7.80311, pdf_ele=6.95917, pdf_muon=5.93795, photon_id=6.4471, pileup=1.14321, scale_ele=-2.11969, scale_muon=4.83731
RooProdPdf::model_s[ modelObs_s * nuisancePdf ]
     getLogVal() top-level p.d.f evaluates to zero @ !pdfs=(modelObs_s = 0/1,nuisancePdf = 1)

[#0] WARNING:Minization -- RooMinimizerFcn: Minimized function has error status.
Returning maximum FCN so far (850.476) to force MIGRAD to back out of this region. Error log follows
Parameter values: JER_ele=0.791153, JER_muon=-0.670195, JES_ele=2.47773, JES_muon=1.75951, QCD_stat_ele=5.67084, QCD_stat_muon=2.39336, VBS_stat_ele=4.14842, VBS_stat_muon=0.523352, ele_efficiency=0.64707, ele_trigger=3.3956, fakephoton_ele=6.30984, fakephoton_muon=3.27891, interference=-0.71929, lumi=1.54305, mu_efficiency=-0.66877, mu_trigger=0.541321, non_prompt_stat_ele=6.95233, non_prompt_stat_muon=0.920341, others_stat_ele=1.23194, others_stat_muon=0.738071, others_xs=1.48672, param=7.80973, pdf_ele=3.04704, pdf_muon=2.97528, photon_id=3.70608, pileup=0.842148, scale_ele=6.22854, scale_muon=5.17318
RooProdPdf::model_s[ modelObs_s * nuisancePdf ]
     getLogVal() top-level p.d.f evaluates to zero @ !pdfs=(modelObs_s = 0/1,nuisancePdf = 1)

[#0] WARNING:Minization -- RooMinimizerFcn: Minimized function has error status.
Returning maximum FCN so far (850.476) to force MIGRAD to back out of this region. Error log follows
Parameter values: JER_ele=0.828667, JER_muon=-0.78781, JES_ele=2.56269, JES_muon=1.52808, QCD_stat_ele=5.79156, QCD_stat_muon=1.95498, VBS_stat_ele=4.19642, VBS_stat_muon=0.346595, ele_efficiency=0.664451, ele_trigger=3.45953, fakephoton_ele=6.52108, fakephoton_muon=3.1976, interference=-0.801439, lumi=1.49618, mu_efficiency=-0.71368, mu_trigger=0.362451, non_prompt_stat_ele=6.80573, non_prompt_stat_muon=0.649282, others_stat_ele=1.32291, others_stat_muon=0.581835, others_xs=1.44221, param=7.80804, pdf_ele=3.15058, pdf_muon=2.69809, photon_id=3.57109, pileup=0.837081, scale_ele=6.35705, scale_muon=4.69435
RooProdPdf::model_s[ modelObs_s * nuisancePdf ]
     getLogVal() top-level p.d.f evaluates to zero @ !pdfs=(modelObs_s = 0/1,nuisancePdf = 1)

[#0] WARNING:Minization -- RooMinimizerFcn: Minimized function has error status.
Returning maximum FCN so far (850.476) to force MIGRAD to back out of this region. Error log follows
Parameter values: JER_ele=1.03457, JER_muon=-0.764456, JES_ele=2.87215, JES_muon=1.57038, QCD_stat_ele=6.25407, QCD_stat_muon=2.04958, VBS_stat_ele=4.48506, VBS_stat_muon=0.379725, ele_efficiency=0.730661, ele_trigger=3.6712, fakephoton_ele=6.77337, fakephoton_muon=3.21234, interference=-0.743155, lumi=1.65251, mu_efficiency=-0.705288, mu_trigger=0.395901, non_prompt_stat_ele=6.49855, non_prompt_stat_muon=0.691114, others_stat_ele=1.6048, others_stat_muon=0.618002, others_xs=1.5858, param=7.80725, pdf_ele=3.56496, pdf_muon=2.75029, photon_id=3.93776, pileup=0.851755, scale_ele=6.71596, scale_muon=4.78511
RooProdPdf::model_s[ modelObs_s * nuisancePdf ]
     getLogVal() top-level p.d.f evaluates to zero @ !pdfs=(modelObs_s = 0/1,nuisancePdf = 1)

[#0] WARNING:Minization -- RooMinimizerFcn: Minimized function has error status.
Returning maximum FCN so far (850.476) to force MIGRAD to back out of this region. Error log follows
Parameter values: JER_ele=1.17561, JER_muon=-0.68974, JES_ele=3.12921, JES_muon=1.72581, QCD_stat_ele=6.53831, QCD_stat_muon=2.3338, VBS_stat_ele=4.66059, VBS_stat_muon=0.497924, ele_efficiency=0.785507, ele_trigger=3.85547, fakephoton_ele=6.98189, fakephoton_muon=3.2708, interference=-0.651728, lumi=1.81713, mu_efficiency=-0.677061, mu_trigger=0.511363, non_prompt_stat_ele=5.54937, non_prompt_stat_muon=0.867427, others_stat_ele=1.87195, others_stat_muon=0.719468, others_xs=1.76098, param=7.80574, pdf_ele=3.8853, pdf_muon=2.94414, photon_id=4.33994, pileup=0.86881, scale_ele=6.91353, scale_muon=5.09777
RooProdPdf::model_s[ modelObs_s * nuisancePdf ]
     getLogVal() top-level p.d.f evaluates to zero @ !pdfs=(modelObs_s = 0/1,nuisancePdf = 1)

[#0] WARNING:Minization -- RooMinimizerFcn: Minimized function has error status.
Returning maximum FCN so far (850.476) to force MIGRAD to back out of this region. Error log follows
Parameter values: JER_ele=1.61894, JER_muon=-0.577481, JES_ele=3.73973, JES_muon=1.93569, QCD_stat_ele=6.97352, QCD_stat_muon=2.75729, VBS_stat_ele=5.23854, VBS_stat_muon=0.66479, ele_efficiency=0.924128, ele_trigger=4.26964, fakephoton_ele=6.95199, fakephoton_muon=3.34579, interference=-0.479775, lumi=2.18589, mu_efficiency=-0.636022, mu_trigger=0.675578, non_prompt_stat_ele=4.56701, non_prompt_stat_muon=1.08826, others_stat_ele=2.42413, others_stat_muon=0.883041, others_xs=2.09434, param=7.8025, pdf_ele=4.67322, pdf_muon=3.19999, photon_id=5.11051, pileup=0.904222, scale_ele=6.92688, scale_muon=5.49813
RooProdPdf::model_s[ modelObs_s * nuisancePdf ]
     getLogVal() top-level p.d.f evaluates to zero @ !pdfs=(modelObs_s = 0/1,nuisancePdf = 1)

[#0] WARNING:Minization -- RooMinimizerFcn: Minimized function has error status.
Returning maximum FCN so far (850.476) to force MIGRAD to back out of this region. Error log follows
Parameter values: JER_ele=2.39469, JER_muon=-0.834241, JES_ele=4.23463, JES_muon=1.30542, QCD_stat_ele=6.72927, QCD_stat_muon=1.81736, VBS_stat_ele=6.23925, VBS_stat_muon=0.226372, ele_efficiency=1.05871, ele_trigger=4.51538, fakephoton_ele=4.43001, fakephoton_muon=3.09674, interference=-0.599986, lumi=2.33586, mu_efficiency=-0.742087, mu_trigger=0.234048, non_prompt_stat_ele=3.50585, non_prompt_stat_muon=0.244051, others_stat_ele=2.46878, others_stat_muon=0.608978, others_xs=1.94971, param=7.80141, pdf_ele=5.44783, pdf_muon=2.42143, photon_id=5.13005, pileup=0.904525, scale_ele=6.5994, scale_muon=4.24805
RooProdPdf::model_s[ modelObs_s * nuisancePdf ]
     getLogVal() top-level p.d.f evaluates to zero @ !pdfs=(modelObs_s = 0/1,nuisancePdf = 1)

[#0] WARNING:Minization -- RooMinimizerFcn: Minimized function has error status.
Returning maximum FCN so far (850.476) to force MIGRAD to back out of this region. Error log follows
Parameter values: JER_ele=0.637539, JER_muon=2.19219, JES_ele=0.697339, JES_muon=5.1499, QCD_stat_ele=6.51916, QCD_stat_muon=6.92623, VBS_stat_ele=-3.13149, VBS_stat_muon=2.31591, ele_efficiency=0.23402, ele_trigger=1.21736, fakephoton_ele=6.59552, fakephoton_muon=3.972, interference=1.73159, lumi=1.31309, mu_efficiency=0.807013, mu_trigger=4.72218, non_prompt_stat_ele=0.693929, non_prompt_stat_muon=6.99015, others_stat_ele=2.08894, others_stat_muon=2.2168, others_xs=1.56598, param=7.71026, pdf_ele=2.6328, pdf_muon=3.90724, photon_id=6.31266, pileup=0.74644, scale_ele=6.05886, scale_muon=0.385044
RooProdPdf::model_s[ modelObs_s * nuisancePdf ]
     getLogVal() top-level p.d.f evaluates to zero @ !pdfs=(modelObs_s = 0/1,nuisancePdf = 1)

[#0] WARNING:Minization -- RooMinimizerFcn: Minimized function has error status.
Returning maximum FCN so far (850.476) to force MIGRAD to back out of this region. Error log follows
Parameter values: JER_ele=0.730627, JER_muon=0.143077, JES_ele=2.10506, JES_muon=2.96951, QCD_stat_ele=5.70866, QCD_stat_muon=4.92709, VBS_stat_ele=3.03398, VBS_stat_muon=1.35762, ele_efficiency=0.564293, ele_trigger=2.96541, fakephoton_ele=5.94847, fakephoton_muon=3.45992, interference=-0.0729715, lumi=1.73212, mu_efficiency=-0.317564, mu_trigger=1.73604, non_prompt_stat_ele=6.95454, non_prompt_stat_muon=2.94034, others_stat_ele=1.24793, others_stat_muon=1.49078, others_xs=1.73636, param=7.80842, pdf_ele=2.84263, pdf_muon=3.88162, photon_id=4.6783, pileup=0.849916, scale_ele=5.976, scale_muon=6.94137
RooProdPdf::model_s[ modelObs_s * nuisancePdf ]
     getLogVal() top-level p.d.f evaluates to zero @ !pdfs=(modelObs_s = 0/1,nuisancePdf = 1)

[#0] WARNING:Minization -- RooMinimizerFcn: Minimized function has error status.
Returning maximum FCN so far (850.476) to force MIGRAD to back out of this region. Error log follows
Parameter values: JER_ele=0.325392, JER_muon=-0.658548, JES_ele=1.67136, JES_muon=1.72877, QCD_stat_ele=4.2345, QCD_stat_muon=2.45274, VBS_stat_ele=3.30654, VBS_stat_muon=0.473679, ele_efficiency=0.480778, ele_trigger=2.80354, fakephoton_ele=4.83336, fakephoton_muon=3.19897, interference=-0.802656, lumi=1.17097, mu_efficiency=-0.658098, mu_trigger=0.553882, non_prompt_stat_ele=6.56982, non_prompt_stat_muon=0.976927, others_stat_ele=0.539317, others_stat_muon=0.701512, others_xs=1.13778, param=7.80966, pdf_ele=2.00089, pdf_muon=2.84841, photon_id=2.85199, pileup=0.804642, scale_ele=4.71052, scale_muon=5.17435
RooProdPdf::model_s[ modelObs_s * nuisancePdf ]
     getLogVal() top-level p.d.f evaluates to zero @ !pdfs=(modelObs_s = 0/1,nuisancePdf = 1)

[#0] WARNING:Minization -- RooMinimizerFcn: Minimized function has error status.
Returning maximum FCN so far (850.476) to force MIGRAD to back out of this region. Error log follows
Parameter values: JER_ele=0.0081127, JER_muon=-1.00335, JES_ele=1.17327, JES_muon=1.08268, QCD_stat_ele=2.96113, QCD_stat_muon=1.12868, VBS_stat_ele=2.96223, VBS_stat_muon=-0.000163146, ele_efficiency=0.38145, ele_trigger=2.47943, fakephoton_ele=3.50997, fakephoton_muon=3.01749, interference=-1.1386, lumi=0.740013, mu_efficiency=-0.793343, mu_trigger=0.0338159, non_prompt_stat_ele=5.39192, non_prompt_stat_muon=0.174118, others_stat_ele=0.0359611, others_stat_muon=0.271132, others_xs=0.699623, param=7.80972, pdf_ele=1.27936, pdf_muon=2.12273, photon_id=1.58562, pileup=0.763423, scale_ele=3.37047, scale_muon=3.69621
RooProdPdf::model_s[ modelObs_s * nuisancePdf ]
     getLogVal() top-level p.d.f evaluates to zero @ !pdfs=(modelObs_s = 0/1,nuisancePdf = 1)

[#0] WARNING:Minization -- RooMinimizerFcn: Minimized function has error status.
Returning maximum FCN so far (850.476) to force MIGRAD to back out of this region. Error log follows
Parameter values: JER_ele=0.00265438, JER_muon=-1.137, JES_ele=1.17685, JES_muon=0.819393, QCD_stat_ele=2.94026, QCD_stat_muon=0.59422, VBS_stat_ele=2.99385, VBS_stat_muon=-0.185877, ele_efficiency=0.382334, ele_trigger=2.49184, fakephoton_ele=3.49057, fakephoton_muon=2.94214, interference=-1.24486, lumi=0.652256, mu_efficiency=-0.846131, mu_trigger=-0.171663, non_prompt_stat_ele=5.36633, non_prompt_stat_muon=-0.152153, others_stat_ele=0.0256091, others_stat_muon=0.101546, others_xs=0.605478, param=7.80777, pdf_ele=1.27401, pdf_muon=1.81751, photon_id=1.29948, pileup=0.754704, scale_ele=3.36642, scale_muon=3.01981
RooProdPdf::model_s[ modelObs_s * nuisancePdf ]
     getLogVal() top-level p.d.f evaluates to zero @ !pdfs=(modelObs_s = 0/1,nuisancePdf = 1)

[#0] WARNING:Minization -- RooMinimizerFcn: Minimized function has error status.
Returning maximum FCN so far (850.476) to force MIGRAD to back out of this region. Error log follows
Parameter values: JER_ele=0.349962, JER_muon=-1.00623, JES_ele=1.77154, JES_muon=1.09226, QCD_stat_ele=4.30264, QCD_stat_muon=1.12526, VBS_stat_ele=3.5364, VBS_stat_muon=0.0268319, ele_efficiency=0.501851, ele_trigger=2.91466, fakephoton_ele=4.99991, fakephoton_muon=3.04649, interference=-1.07302, lumi=1.00336, mu_efficiency=-0.798068, mu_trigger=0.0276515, non_prompt_stat_ele=6.64007, non_prompt_stat_muon=0.129529, others_stat_ele=0.565083, others_stat_muon=0.291469, others_xs=0.950147, param=7.80023, pdf_ele=2.08439, pdf_muon=2.1768, photon_id=2.2644, pileup=0.78919, scale_ele=4.87074, scale_muon=3.68084
RooProdPdf::model_s[ modelObs_s * nuisancePdf ]
     getLogVal() top-level p.d.f evaluates to zero @ !pdfs=(modelObs_s = 0/1,nuisancePdf = 1)


 -- Hybrid New -- 
CLs = 0.404545 +/- 0.0277604
Done in 18.49 min (cpu), 18.58 min (real)
