 <<< Combine >>> 
>>> including systematics
>>> using the Profile Likelihood test statistics modified for upper limits (Q_LHC)
>>> method used is HybridNew
>>> Used OpenSSL to get a really random seed 1838873198
Computing results starting from observation (a-posteriori)
[#0] WARNING:Minization -- RooMinimizerFcn: Minimized function has error status.
Returning maximum FCN so far (37.2942) to force MIGRAD to back out of this region. Error log follows
Parameter values: JER_ele=6.98119, JER_muon=5.69843, JES_ele=-1.81183, JES_muon=2.08763, QCD_stat_ele=6.52168, QCD_stat_muon=0.550614, VBS_stat_ele=6.95068, VBS_stat_muon=-1.14238, ele_efficiency=-5.81528, ele_trigger=6.70988, fakephoton_ele=5.84409, fakephoton_muon=-4.1185, interference=6.44902, lumi=-5.37169, mu_efficiency=-4.97171, mu_trigger=-5.37361, non_prompt_stat_ele=6.92595, non_prompt_stat_muon=2.09648, others_stat_ele=0.86568, others_stat_muon=6.06833, others_xs=6.03692, param=0.0695699, pdf_ele=6.83556, pdf_muon=-6.99239, photon_id=-3.66379, pileup=-2.79301, scale_ele=3.3219, scale_muon=-6.82552
RooProdPdf::model_s[ modelObs_s * nuisancePdf ]
     getLogVal() top-level p.d.f evaluates to zero @ !pdfs=(modelObs_s = 0/1,nuisancePdf = 1)

[#0] WARNING:Minization -- RooMinimizerFcn: Minimized function has error status.
Returning maximum FCN so far (597.331) to force MIGRAD to back out of this region. Error log follows
Parameter values: JER_ele=-0.652401, JER_muon=6.94437, JES_ele=5.04834, JES_muon=3.10361, QCD_stat_ele=-6.52721, QCD_stat_muon=-6.65369, VBS_stat_ele=-1.6606, VBS_stat_muon=2.7033, ele_efficiency=-6.01576, ele_trigger=4.08254, fakephoton_ele=5.77189, fakephoton_muon=1.30766, interference=-6.89247, lumi=-2.90307, mu_efficiency=-5.81398, mu_trigger=-6.97208, non_prompt_stat_ele=6.17761, non_prompt_stat_muon=6.71541, others_stat_ele=-6.27987, others_stat_muon=1.59268, others_xs=-5.44546, param=0.0445528, pdf_ele=5.62218, pdf_muon=1.19351, photon_id=2.11034, pileup=-6.60506, scale_ele=1.99236, scale_muon=-3.89333
RooProdPdf::model_s[ modelObs_s * nuisancePdf ]
     getLogVal() top-level p.d.f evaluates to zero @ !pdfs=(modelObs_s = 0/1,nuisancePdf = 1)

[#0] WARNING:Minization -- RooMinimizerFcn: Minimized function has error status.
Returning maximum FCN so far (436.02) to force MIGRAD to back out of this region. Error log follows
Parameter values: JER_ele=-6.67649, JER_muon=-4.34724, JES_ele=-6.36317, JES_muon=2.60034, QCD_stat_ele=6.47673, QCD_stat_muon=2.09965, VBS_stat_ele=-6.9973, VBS_stat_muon=-5.71389, ele_efficiency=5.89193, ele_trigger=-6.38248, fakephoton_ele=4.72443, fakephoton_muon=-4.2427, interference=-1.12639, lumi=5.95044, mu_efficiency=-2.58662, mu_trigger=-2.48591, non_prompt_stat_ele=5.70418, non_prompt_stat_muon=4.80875, others_stat_ele=6.96422, others_stat_muon=4.56213, others_xs=6.31482, param=0.0548015, pdf_ele=-6.98287, pdf_muon=6.99632, photon_id=-3.83603, pileup=-6.06164, scale_ele=3.27995, scale_muon=-1.6203
RooProdPdf::model_s[ modelObs_s * nuisancePdf ]
     getLogVal() top-level p.d.f evaluates to zero @ !pdfs=(modelObs_s = 0/1,nuisancePdf = 1)

[#0] WARNING:Minization -- RooMinimizerFcn: Minimized function has error status.
Returning maximum FCN so far (1051.76) to force MIGRAD to back out of this region. Error log follows
Parameter values: JER_ele=2.58557, JER_muon=-5.28096, JES_ele=-3.78914, JES_muon=-2.44794, QCD_stat_ele=-6.27027, QCD_stat_muon=-6.49936, VBS_stat_ele=-1.44252, VBS_stat_muon=-2.67585, ele_efficiency=-0.872382, ele_trigger=3.41249, fakephoton_ele=5.58222, fakephoton_muon=-6.32893, interference=2.18534, lumi=-2.61071, mu_efficiency=-1.73808, mu_trigger=-5.79729, non_prompt_stat_ele=6.90597, non_prompt_stat_muon=-6.79107, others_stat_ele=-5.43587, others_stat_muon=6.31691, others_xs=0.24072, param=0.0590125, pdf_ele=-5.48501, pdf_muon=-3.51059, photon_id=-4.64809, pileup=-5.32707, scale_ele=-6.2941, scale_muon=-6.91496
RooProdPdf::model_s[ modelObs_s * nuisancePdf ]
     getLogVal() top-level p.d.f evaluates to zero @ !pdfs=(modelObs_s = 0/1,nuisancePdf = 1)

[#0] WARNING:Minization -- RooMinimizerFcn: Minimized function has error status.
Returning maximum FCN so far (1051.76) to force MIGRAD to back out of this region. Error log follows
Parameter values: JER_ele=2.37718, JER_muon=-3.2638, JES_ele=0.00843878, JES_muon=5.74879, QCD_stat_ele=-1.02339, QCD_stat_muon=6.92417, VBS_stat_ele=1.51558, VBS_stat_muon=3.32745, ele_efficiency=-0.0655085, ele_trigger=2.99054, fakephoton_ele=6.58047, fakephoton_muon=1.21441, interference=-6.64193, lumi=2.41512, mu_efficiency=0.747703, mu_trigger=2.90983, non_prompt_stat_ele=6.66189, non_prompt_stat_muon=6.04617, others_stat_ele=-1.13954, others_stat_muon=6.99899, others_xs=-5.18876, param=0.0591317, pdf_ele=-0.271419, pdf_muon=6.48275, photon_id=3.50062, pileup=-2.48703, scale_ele=-0.105921, scale_muon=5.94293
RooProdPdf::model_s[ modelObs_s * nuisancePdf ]
     getLogVal() top-level p.d.f evaluates to zero @ !pdfs=(modelObs_s = 0/1,nuisancePdf = 1)

[#0] WARNING:Minization -- RooMinimizerFcn: Minimized function has error status.
Returning maximum FCN so far (647.88) to force MIGRAD to back out of this region. Error log follows
Parameter values: JER_ele=0.850661, JER_muon=-6.94313, JES_ele=4.19513, JES_muon=6.60571, QCD_stat_ele=-6.76687, QCD_stat_muon=-4.66137, VBS_stat_ele=6.97975, VBS_stat_muon=-6.99576, ele_efficiency=-1.34203, ele_trigger=-1.70597, fakephoton_ele=3.54504, fakephoton_muon=3.82187, interference=1.24163, lumi=6.36197, mu_efficiency=-5.74374, mu_trigger=6.06937, non_prompt_stat_ele=4.6725, non_prompt_stat_muon=6.6108, others_stat_ele=6.64737, others_stat_muon=-6.90389, others_xs=-2.85947, param=0.0576693, pdf_ele=2.6527, pdf_muon=1.24506, photon_id=6.87182, pileup=2.74594, scale_ele=6.16823, scale_muon=-2.0834
RooProdPdf::model_s[ modelObs_s * nuisancePdf ]
     getLogVal() top-level p.d.f evaluates to zero @ !pdfs=(modelObs_s = 0/1,nuisancePdf = 1)

[#0] WARNING:Minization -- RooMinimizerFcn: Minimized function has error status.
Returning maximum FCN so far (647.88) to force MIGRAD to back out of this region. Error log follows
Parameter values: JER_ele=3.41723, JER_muon=5.39165, JES_ele=5.55043, JES_muon=3.07107, QCD_stat_ele=6.95998, QCD_stat_muon=-4.27453, VBS_stat_ele=-6.97887, VBS_stat_muon=1.00197, ele_efficiency=-5.91761, ele_trigger=-3.76614, fakephoton_ele=6.64293, fakephoton_muon=6.75698, interference=6.81922, lumi=1.37895, mu_efficiency=4.219, mu_trigger=-6.97316, non_prompt_stat_ele=6.47764, non_prompt_stat_muon=-2.5716, others_stat_ele=6.19372, others_stat_muon=6.45601, others_xs=6.87877, param=0.00173243, pdf_ele=-2.67421, pdf_muon=-3.11784, photon_id=-2.18763, pileup=-0.591812, scale_ele=6.94444, scale_muon=3.02962
RooProdPdf::model_s[ modelObs_s * nuisancePdf ]
     getLogVal() top-level p.d.f evaluates to zero @ !pdfs=(modelObs_s = 0/1,nuisancePdf = 1)

[#0] WARNING:Minization -- RooMinimizerFcn: Minimized function has error status.
Returning maximum FCN so far (647.88) to force MIGRAD to back out of this region. Error log follows
Parameter values: JER_ele=-4.00064, JER_muon=-5.25386, JES_ele=-0.342135, JES_muon=3.47261, QCD_stat_ele=-1.19706, QCD_stat_muon=0.0284822, VBS_stat_ele=1.26529, VBS_stat_muon=2.93253, ele_efficiency=-3.37457, ele_trigger=4.13215, fakephoton_ele=4.60768, fakephoton_muon=5.4428, interference=-0.793531, lumi=0.53254, mu_efficiency=2.92418, mu_trigger=-3.61651, non_prompt_stat_ele=6.6296, non_prompt_stat_muon=-6.99927, others_stat_ele=6.80615, others_stat_muon=1.65807, others_xs=6.94701, param=0.0692041, pdf_ele=-6.75432, pdf_muon=-2.75124, photon_id=6.87381, pileup=3.40594, scale_ele=6.8696, scale_muon=4.63791
RooProdPdf::model_s[ modelObs_s * nuisancePdf ]
     getLogVal() top-level p.d.f evaluates to zero @ !pdfs=(modelObs_s = 0/1,nuisancePdf = 1)

[#0] WARNING:Minization -- RooMinimizerFcn: Minimized function has error status.
Returning maximum FCN so far (932.746) to force MIGRAD to back out of this region. Error log follows
Parameter values: JER_ele=-1.77936, JER_muon=-3.98223, JES_ele=-2.45114, JES_muon=5.81236, QCD_stat_ele=6.48098, QCD_stat_muon=-6.93252, VBS_stat_ele=5.36558, VBS_stat_muon=-0.973039, ele_efficiency=-1.78838, ele_trigger=-4.87564, fakephoton_ele=6.9925, fakephoton_muon=5.54447, interference=3.4675, lumi=6.05764, mu_efficiency=-3.11452, mu_trigger=6.11303, non_prompt_stat_ele=5.31012, non_prompt_stat_muon=5.92429, others_stat_ele=4.31599, others_stat_muon=3.95513, others_xs=-0.0468592, param=0.0580382, pdf_ele=-4.47163, pdf_muon=6.50689, photon_id=6.13505, pileup=1.88339, scale_ele=-5.97555, scale_muon=6.66046
RooProdPdf::model_s[ modelObs_s * nuisancePdf ]
     getLogVal() top-level p.d.f evaluates to zero @ !pdfs=(modelObs_s = 0/1,nuisancePdf = 1)

[#0] WARNING:Minization -- RooMinimizerFcn: Minimized function has error status.
Returning maximum FCN so far (932.746) to force MIGRAD to back out of this region. Error log follows
Parameter values: JER_ele=0.116037, JER_muon=-5.4475, JES_ele=-0.190308, JES_muon=-0.819304, QCD_stat_ele=-6.60592, QCD_stat_muon=-6.68522, VBS_stat_ele=3.47221, VBS_stat_muon=-5.41566, ele_efficiency=-0.445669, ele_trigger=-1.20791, fakephoton_ele=5.7474, fakephoton_muon=1.19049, interference=-0.821316, lumi=0.773731, mu_efficiency=-2.37196, mu_trigger=0.434451, non_prompt_stat_ele=5.16077, non_prompt_stat_muon=2.30663, others_stat_ele=4.13115, others_stat_muon=-5.34806, others_xs=-2.54719, param=0.0573869, pdf_ele=-0.441645, pdf_muon=-4.16516, photon_id=-0.150978, pileup=0.41312, scale_ele=-0.199392, scale_muon=-4.81776
RooProdPdf::model_s[ modelObs_s * nuisancePdf ]
     getLogVal() top-level p.d.f evaluates to zero @ !pdfs=(modelObs_s = 0/1,nuisancePdf = 1)

[#0] WARNING:Minization -- RooMinimizerFcn: Minimized function has error status.
Returning maximum FCN so far (932.746) to force MIGRAD to back out of this region. Error log follows
Parameter values: JER_ele=-0.551861, JER_muon=-6.44913, JES_ele=-1.68471, JES_muon=-2.13765, QCD_stat_ele=-0.589056, QCD_stat_muon=-3.24329, VBS_stat_ele=3.50388, VBS_stat_muon=-6.0129, ele_efficiency=-0.731471, ele_trigger=-2.48934, fakephoton_ele=6.37733, fakephoton_muon=1.43854, interference=-1.40639, lumi=0.0831915, mu_efficiency=-2.9177, mu_trigger=0.565217, non_prompt_stat_ele=4.93752, non_prompt_stat_muon=3.11184, others_stat_ele=3.64659, others_stat_muon=-6.0644, others_xs=-4.05006, param=0.0569888, pdf_ele=-2.39097, pdf_muon=-5.40512, photon_id=-3.14697, pileup=0.282329, scale_ele=-4.60452, scale_muon=-0.630893
RooProdPdf::model_s[ modelObs_s * nuisancePdf ]
     getLogVal() top-level p.d.f evaluates to zero @ !pdfs=(modelObs_s = 0/1,nuisancePdf = 1)

[#0] WARNING:Minization -- RooMinimizerFcn: Minimized function has error status.
Returning maximum FCN so far (932.746) to force MIGRAD to back out of this region. Error log follows
Parameter values: JER_ele=0.699139, JER_muon=0.471331, JES_ele=0.233598, JES_muon=3.69047, QCD_stat_ele=-6.63325, QCD_stat_muon=6.39289, VBS_stat_ele=2.32688, VBS_stat_muon=0.435246, ele_efficiency=0.0652636, ele_trigger=0.179107, fakephoton_ele=4.90919, fakephoton_muon=2.08085, interference=1.31136, lumi=1.87389, mu_efficiency=0.297472, mu_trigger=3.51003, non_prompt_stat_ele=4.98894, non_prompt_stat_muon=4.18765, others_stat_ele=3.69843, others_stat_muon=2.24575, others_xs=2.17684, param=0.0570885, pdf_ele=0.760135, pdf_muon=3.63268, photon_id=5.76459, pileup=0.182983, scale_ele=0.990602, scale_muon=3.65988
RooProdPdf::model_s[ modelObs_s * nuisancePdf ]
     getLogVal() top-level p.d.f evaluates to zero @ !pdfs=(modelObs_s = 0/1,nuisancePdf = 1)

[#0] WARNING:Minization -- RooMinimizerFcn: Minimized function has error status.
Returning maximum FCN so far (880.621) to force MIGRAD to back out of this region. Error log follows
Parameter values: JER_ele=-2.50269, JER_muon=-1.82836, JES_ele=0.975784, JES_muon=6.54409, QCD_stat_ele=-3.47036, QCD_stat_muon=6.18047, VBS_stat_ele=-6.57688, VBS_stat_muon=-0.87185, ele_efficiency=-6.48554, ele_trigger=-6.99857, fakephoton_ele=5.61645, fakephoton_muon=1.86301, interference=-3.36628, lumi=-0.228713, mu_efficiency=5.98731, mu_trigger=6.58685, non_prompt_stat_ele=5.026, non_prompt_stat_muon=-5.97004, others_stat_ele=0.628043, others_stat_muon=3.34906, others_xs=3.53441, param=0.0619338, pdf_ele=-2.24485, pdf_muon=1.40438, photon_id=-4.67455, pileup=-1.50595, scale_ele=-1.84435, scale_muon=-5.08544
RooProdPdf::model_s[ modelObs_s * nuisancePdf ]
     getLogVal() top-level p.d.f evaluates to zero @ !pdfs=(modelObs_s = 0/1,nuisancePdf = 1)

[#0] WARNING:Minization -- RooMinimizerFcn: Minimized function has error status.
Returning maximum FCN so far (431.777) to force MIGRAD to back out of this region. Error log follows
Parameter values: JER_ele=0.663423, JER_muon=-1.75317, JES_ele=0.688935, JES_muon=-1.2447, QCD_stat_ele=-0.0679777, QCD_stat_muon=-0.295433, VBS_stat_ele=0.286696, VBS_stat_muon=2.41288, ele_efficiency=0.779784, ele_trigger=-1.15951, fakephoton_ele=5.18108, fakephoton_muon=-1.57857, interference=1.30927, lumi=-1.66344, mu_efficiency=1.59111, mu_trigger=0.0222747, non_prompt_stat_ele=6.64156, non_prompt_stat_muon=1.01355, others_stat_ele=2.95157, others_stat_muon=0.67141, others_xs=0.124093, param=0.0295473, pdf_ele=-2.7831, pdf_muon=-1.29676, photon_id=-0.976264, pileup=-1.91497, scale_ele=-3.21247, scale_muon=1.39749
RooProdPdf::model_s[ modelObs_s * nuisancePdf ]
     getLogVal() top-level p.d.f evaluates to zero @ !pdfs=(modelObs_s = 0/1,nuisancePdf = 1)

[#0] WARNING:Minization -- RooMinimizerFcn: Minimized function has error status.
Returning maximum FCN so far (776.886) to force MIGRAD to back out of this region. Error log follows
Parameter values: JER_ele=5.93131, JER_muon=-4.91595, JES_ele=-6.72769, JES_muon=2.8953, QCD_stat_ele=4.8549, QCD_stat_muon=6.87018, VBS_stat_ele=0.212754, VBS_stat_muon=-1.96104, ele_efficiency=5.44793, ele_trigger=-6.96158, fakephoton_ele=6.76167, fakephoton_muon=4.03122, interference=5.07833, lumi=6.92266, mu_efficiency=-4.20423, mu_trigger=-2.88789, non_prompt_stat_ele=6.09469, non_prompt_stat_muon=-5.94316, others_stat_ele=3.79969, others_stat_muon=-0.659715, others_xs=0.538538, param=0.0514308, pdf_ele=2.33398, pdf_muon=-3.96567, photon_id=-6.51859, pileup=-6.72525, scale_ele=-6.88186, scale_muon=-5.91468
RooProdPdf::model_s[ modelObs_s * nuisancePdf ]
     getLogVal() top-level p.d.f evaluates to zero @ !pdfs=(modelObs_s = 0/1,nuisancePdf = 1)

[#0] WARNING:Minization -- RooMinimizerFcn: Minimized function has error status.
Returning maximum FCN so far (865.99) to force MIGRAD to back out of this region. Error log follows
Parameter values: JER_ele=1.27413, JER_muon=-4.66395, JES_ele=-4.31685, JES_muon=-2.69436, QCD_stat_ele=-6.69471, QCD_stat_muon=5.72646, VBS_stat_ele=-6.7706, VBS_stat_muon=0.937351, ele_efficiency=3.57867, ele_trigger=2.15236, fakephoton_ele=6.99133, fakephoton_muon=-1.46434, interference=5.96338, lumi=-6.91763, mu_efficiency=0.890594, mu_trigger=-5.58979, non_prompt_stat_ele=6.70363, non_prompt_stat_muon=-4.54561, others_stat_ele=6.27659, others_stat_muon=3.06299, others_xs=-6.90228, param=0.0146532, pdf_ele=-3.38993, pdf_muon=0.279049, photon_id=-6.99453, pileup=-1.46938, scale_ele=3.3384, scale_muon=5.75754
RooProdPdf::model_s[ modelObs_s * nuisancePdf ]
     getLogVal() top-level p.d.f evaluates to zero @ !pdfs=(modelObs_s = 0/1,nuisancePdf = 1)

[#0] WARNING:Minization -- RooMinimizerFcn: Minimized function has error status.
Returning maximum FCN so far (865.99) to force MIGRAD to back out of this region. Error log follows
Parameter values: JER_ele=-1.12908, JER_muon=-5.8055, JES_ele=4.70681, JES_muon=5.76152, QCD_stat_ele=-6.55, QCD_stat_muon=6.91061, VBS_stat_ele=6.97503, VBS_stat_muon=-5.65274, ele_efficiency=0.751413, ele_trigger=6.94581, fakephoton_ele=6.58301, fakephoton_muon=-2.72494, interference=4.31074, lumi=3.44868, mu_efficiency=3.0626, mu_trigger=-1.0087, non_prompt_stat_ele=4.7844, non_prompt_stat_muon=3.53181, others_stat_ele=5.15391, others_stat_muon=-4.16898, others_xs=-6.01998, param=0.0517939, pdf_ele=-6.98923, pdf_muon=-6.26232, photon_id=-6.98507, pileup=-3.38697, scale_ele=6.83501, scale_muon=2.90506
RooProdPdf::model_s[ modelObs_s * nuisancePdf ]
     getLogVal() top-level p.d.f evaluates to zero @ !pdfs=(modelObs_s = 0/1,nuisancePdf = 1)

[#0] WARNING:Minization -- RooMinimizerFcn: Minimized function has error status.
Returning maximum FCN so far (865.99) to force MIGRAD to back out of this region. Error log follows
Parameter values: JER_ele=0.466321, JER_muon=1.2934, JES_ele=1.99255, JES_muon=-0.674465, QCD_stat_ele=5.88816, QCD_stat_muon=-0.851416, VBS_stat_ele=0.316692, VBS_stat_muon=1.49968, ele_efficiency=1.2746, ele_trigger=-5.99178, fakephoton_ele=3.71536, fakephoton_muon=-1.24211, interference=0.000990589, lumi=0.732945, mu_efficiency=1.10696, mu_trigger=-0.677805, non_prompt_stat_ele=6.9997, non_prompt_stat_muon=4.68831, others_stat_ele=0.823773, others_stat_muon=1.2319, others_xs=0.748856, param=0.0697379, pdf_ele=3.24231, pdf_muon=-0.781694, photon_id=1.86104, pileup=-0.320122, scale_ele=6.59001, scale_muon=1.94131
RooProdPdf::model_s[ modelObs_s * nuisancePdf ]
     getLogVal() top-level p.d.f evaluates to zero @ !pdfs=(modelObs_s = 0/1,nuisancePdf = 1)


 -- Hybrid New -- 
CLs = 0.628641 +/- 0.0375596
Done in 11.47 min (cpu), 11.48 min (real)
