 <<< Combine >>> 
>>> including systematics
>>> using the Profile Likelihood test statistics modified for upper limits (Q_LHC)
>>> method used is HybridNew
>>> Used OpenSSL to get a really random seed 138419542
Computing results starting from observation (a-posteriori)
[#0] WARNING:Minization -- RooMinimizerFcn: Minimized function has error status.
Returning maximum FCN so far (919.105) to force MIGRAD to back out of this region. Error log follows
Parameter values: JER_ele=-6.69573, JER_muon=-3.68865, JES_ele=-5.41203, JES_muon=-5.00737, QCD_stat_ele=-6.98151, QCD_stat_muon=2.61809, VBS_stat_ele=2.61357, VBS_stat_muon=6.91949, ele_efficiency=-6.7673, ele_trigger=6.94778, fakephoton_ele=5.59297, fakephoton_muon=-5.17689, interference=-1.3714, lumi=-5.96328, mu_efficiency=-1.88902, mu_trigger=2.23358, non_prompt_stat_ele=6.90576, non_prompt_stat_muon=1.32898, others_stat_ele=1.66861, others_stat_muon=2.83748, others_xs=-6.66945, param=0.247223, pdf_ele=2.08901, pdf_muon=-3.06059, photon_id=-6.88114, pileup=-3.44642, scale_ele=6.21252, scale_muon=-6.91438
RooProdPdf::model_s[ modelObs_s * nuisancePdf ]
     getLogVal() top-level p.d.f evaluates to zero @ !pdfs=(modelObs_s = 0/1,nuisancePdf = 1)

[#0] WARNING:Minization -- RooMinimizerFcn: Minimized function has error status.
Returning maximum FCN so far (919.105) to force MIGRAD to back out of this region. Error log follows
Parameter values: JER_ele=-3.20561, JER_muon=-1.24282, JES_ele=-6.22844, JES_muon=-0.67883, QCD_stat_ele=6.23219, QCD_stat_muon=6.82384, VBS_stat_ele=0.993963, VBS_stat_muon=4.21357, ele_efficiency=3.32533, ele_trigger=-0.25869, fakephoton_ele=6.62439, fakephoton_muon=2.23484, interference=-5.23284, lumi=-6.62259, mu_efficiency=-6.98703, mu_trigger=-2.93872, non_prompt_stat_ele=5.9508, non_prompt_stat_muon=1.6553, others_stat_ele=4.00102, others_stat_muon=6.71734, others_xs=4.48887, param=0.169827, pdf_ele=6.56312, pdf_muon=3.12358, photon_id=-1.61116, pileup=-0.833229, scale_ele=6.98528, scale_muon=-6.80257
RooProdPdf::model_s[ modelObs_s * nuisancePdf ]
     getLogVal() top-level p.d.f evaluates to zero @ !pdfs=(modelObs_s = 0/1,nuisancePdf = 1)

[#0] WARNING:Minization -- RooMinimizerFcn: Minimized function has error status.
Returning maximum FCN so far (974.473) to force MIGRAD to back out of this region. Error log follows
Parameter values: JER_ele=-6.77122, JER_muon=-0.0952169, JES_ele=6.50901, JES_muon=6.50372, QCD_stat_ele=4.07933, QCD_stat_muon=-6.44344, VBS_stat_ele=5.3903, VBS_stat_muon=6.67754, ele_efficiency=-5.82058, ele_trigger=0.0148812, fakephoton_ele=1.80448, fakephoton_muon=-3.90156, interference=-3.76551, lumi=5.90334, mu_efficiency=5.84997, mu_trigger=6.73017, non_prompt_stat_ele=6.86826, non_prompt_stat_muon=-4.60699, others_stat_ele=5.44388, others_stat_muon=-6.13949, others_xs=-6.59368, param=0.222949, pdf_ele=5.83284, pdf_muon=5.38794, photon_id=6.2253, pileup=1.46897, scale_ele=-1.32078, scale_muon=-3.93676
RooProdPdf::model_s[ modelObs_s * nuisancePdf ]
     getLogVal() top-level p.d.f evaluates to zero @ !pdfs=(modelObs_s = 0/1,nuisancePdf = 1)

[#0] WARNING:Minization -- RooMinimizerFcn: Minimized function has error status.
Returning maximum FCN so far (974.473) to force MIGRAD to back out of this region. Error log follows
Parameter values: JER_ele=-0.0548919, JER_muon=1.3941, JES_ele=2.01455, JES_muon=4.41551, QCD_stat_ele=4.05538, QCD_stat_muon=4.55766, VBS_stat_ele=1.29015, VBS_stat_muon=4.81697, ele_efficiency=2.3931, ele_trigger=1.40581, fakephoton_ele=-0.074216, fakephoton_muon=5.7528, interference=-0.255584, lumi=1.52183, mu_efficiency=0.188638, mu_trigger=4.20511, non_prompt_stat_ele=-1.93013, non_prompt_stat_muon=6.70075, others_stat_ele=-1.02995, others_stat_muon=2.96385, others_xs=2.97428, param=0.245255, pdf_ele=-0.239785, pdf_muon=4.10758, photon_id=5.36196, pileup=0.134057, scale_ele=1.31345, scale_muon=6.99751
RooProdPdf::model_s[ modelObs_s * nuisancePdf ]
     getLogVal() top-level p.d.f evaluates to zero @ !pdfs=(modelObs_s = 0/1,nuisancePdf = 1)

[#0] WARNING:Minization -- RooMinimizerFcn: Minimized function has error status.
Returning maximum FCN so far (974.473) to force MIGRAD to back out of this region. Error log follows
Parameter values: JER_ele=-0.0368707, JER_muon=1.40706, JES_ele=2.04421, JES_muon=4.43868, QCD_stat_ele=4.13005, QCD_stat_muon=4.58498, VBS_stat_ele=1.32655, VBS_stat_muon=4.83705, ele_efficiency=2.38034, ele_trigger=1.42979, fakephoton_ele=-0.0529492, fakephoton_muon=5.7697, interference=-0.232621, lumi=1.54248, mu_efficiency=0.192869, mu_trigger=4.22563, non_prompt_stat_ele=-1.91555, non_prompt_stat_muon=6.67725, others_stat_ele=-1.01643, others_stat_muon=2.98652, others_xs=2.9989, param=0.245216, pdf_ele=-0.205567, pdf_muon=4.13032, photon_id=5.4037, pileup=0.136173, scale_ele=1.39167, scale_muon=6.99482
RooProdPdf::model_s[ modelObs_s * nuisancePdf ]
     getLogVal() top-level p.d.f evaluates to zero @ !pdfs=(modelObs_s = 0/1,nuisancePdf = 1)

[#0] WARNING:Minization -- RooMinimizerFcn: Minimized function has error status.
Returning maximum FCN so far (974.473) to force MIGRAD to back out of this region. Error log follows
Parameter values: JER_ele=-0.0027101, JER_muon=1.52666, JES_ele=2.08779, JES_muon=4.62431, QCD_stat_ele=4.27842, QCD_stat_muon=4.88865, VBS_stat_ele=1.37175, VBS_stat_muon=4.95864, ele_efficiency=2.40255, ele_trigger=1.46707, fakephoton_ele=-0.0207381, fakephoton_muon=5.92592, interference=-0.133386, lumi=1.65821, mu_efficiency=0.239532, mu_trigger=4.35857, non_prompt_stat_ele=-1.8752, non_prompt_stat_muon=6.42658, others_stat_ele=-0.971434, others_stat_muon=3.17838, others_xs=3.11967, param=0.245218, pdf_ele=-0.130324, pdf_muon=4.38206, photon_id=5.60749, pileup=0.147529, scale_ele=1.54296, scale_muon=6.93386
RooProdPdf::model_s[ modelObs_s * nuisancePdf ]
     getLogVal() top-level p.d.f evaluates to zero @ !pdfs=(modelObs_s = 0/1,nuisancePdf = 1)

[#0] WARNING:Minization -- RooMinimizerFcn: Minimized function has error status.
Returning maximum FCN so far (974.473) to force MIGRAD to back out of this region. Error log follows
Parameter values: JER_ele=0.0397762, JER_muon=1.67498, JES_ele=2.15169, JES_muon=4.85218, QCD_stat_ele=4.45426, QCD_stat_muon=5.23449, VBS_stat_ele=1.443, VBS_stat_muon=5.11576, ele_efficiency=2.40084, ele_trigger=1.51981, fakephoton_ele=0.02523, fakephoton_muon=6.10595, interference=0.00700472, lumi=1.80299, mu_efficiency=0.296159, mu_trigger=4.53013, non_prompt_stat_ele=-1.83309, non_prompt_stat_muon=6.01824, others_stat_ele=-0.926548, others_stat_muon=3.41596, others_xs=3.27761, param=0.245221, pdf_ele=-0.0427927, pdf_muon=4.67482, photon_id=5.84827, pileup=0.161729, scale_ele=1.73119, scale_muon=6.75956
RooProdPdf::model_s[ modelObs_s * nuisancePdf ]
     getLogVal() top-level p.d.f evaluates to zero @ !pdfs=(modelObs_s = 0/1,nuisancePdf = 1)

[#0] WARNING:Minization -- RooMinimizerFcn: Minimized function has error status.
Returning maximum FCN so far (974.473) to force MIGRAD to back out of this region. Error log follows
Parameter values: JER_ele=0.0924489, JER_muon=1.85768, JES_ele=2.21914, JES_muon=5.11665, QCD_stat_ele=4.66944, QCD_stat_muon=5.63343, VBS_stat_ele=1.5141, VBS_stat_muon=5.29301, ele_efficiency=2.42962, ele_trigger=1.57739, fakephoton_ele=0.075487, fakephoton_muon=6.30852, interference=0.162767, lumi=1.97984, mu_efficiency=0.368126, mu_trigger=4.72624, non_prompt_stat_ele=-1.77207, non_prompt_stat_muon=5.37712, others_stat_ele=-0.858251, others_stat_muon=3.70051, others_xs=3.46014, param=0.245224, pdf_ele=0.0723959, pdf_muon=5.02726, photon_id=6.11288, pileup=0.179265, scale_ele=1.96045, scale_muon=6.40261
RooProdPdf::model_s[ modelObs_s * nuisancePdf ]
     getLogVal() top-level p.d.f evaluates to zero @ !pdfs=(modelObs_s = 0/1,nuisancePdf = 1)

[#0] WARNING:Minization -- RooMinimizerFcn: Minimized function has error status.
Returning maximum FCN so far (974.473) to force MIGRAD to back out of this region. Error log follows
Parameter values: JER_ele=-0.19025, JER_muon=0.992201, JES_ele=1.43317, JES_muon=3.51556, QCD_stat_ele=3.6433, QCD_stat_muon=3.78905, VBS_stat_ele=0.502327, VBS_stat_muon=3.94437, ele_efficiency=3.39262, ele_trigger=0.998003, fakephoton_ele=-0.441401, fakephoton_muon=5.16905, interference=-1.2506, lumi=1.06359, mu_efficiency=0.086509, mu_trigger=3.29189, non_prompt_stat_ele=-1.76485, non_prompt_stat_muon=6.97218, others_stat_ele=-0.743855, others_stat_muon=2.19028, others_xs=2.15973, param=0.24535, pdf_ele=-0.280016, pdf_muon=3.55792, photon_id=4.2902, pileup=0.0915918, scale_ele=0.665225, scale_muon=6.472
RooProdPdf::model_s[ modelObs_s * nuisancePdf ]
     getLogVal() top-level p.d.f evaluates to zero @ !pdfs=(modelObs_s = 0/1,nuisancePdf = 1)

[#0] WARNING:Minization -- RooMinimizerFcn: Minimized function has error status.
Returning maximum FCN so far (974.473) to force MIGRAD to back out of this region. Error log follows
Parameter values: JER_ele=-0.163514, JER_muon=1.49776, JES_ele=1.30369, JES_muon=4.15254, QCD_stat_ele=4.50433, QCD_stat_muon=5.62774, VBS_stat_ele=0.0160855, VBS_stat_muon=3.9649, ele_efficiency=4.81003, ele_trigger=0.989127, fakephoton_ele=-0.5814, fakephoton_muon=5.87319, interference=-1.6341, lumi=1.43386, mu_efficiency=0.272984, mu_trigger=3.45378, non_prompt_stat_ele=-1.22047, non_prompt_stat_muon=6.75222, others_stat_ele=-0.279576, others_stat_muon=2.88435, others_xs=2.38283, param=0.245392, pdf_ele=0.113903, pdf_muon=4.64398, photon_id=5.05158, pileup=0.129383, scale_ele=1.20323, scale_muon=6.98191
RooProdPdf::model_s[ modelObs_s * nuisancePdf ]
     getLogVal() top-level p.d.f evaluates to zero @ !pdfs=(modelObs_s = 0/1,nuisancePdf = 1)

[#0] WARNING:Minization -- RooMinimizerFcn: Minimized function has error status.
Returning maximum FCN so far (974.473) to force MIGRAD to back out of this region. Error log follows
Parameter values: JER_ele=0.0920159, JER_muon=1.31776, JES_ele=3.08868, JES_muon=4.89503, QCD_stat_ele=3.75789, QCD_stat_muon=3.61087, VBS_stat_ele=2.91167, VBS_stat_muon=5.69676, ele_efficiency=-0.612332, ele_trigger=2.07271, fakephoton_ele=0.620992, fakephoton_muon=5.71306, interference=1.50233, lumi=1.6976, mu_efficiency=0.0787868, mu_trigger=5.20354, non_prompt_stat_ele=-2.73162, non_prompt_stat_muon=6.46264, others_stat_ele=-2.1009, others_stat_muon=3.10231, others_xs=3.86021, param=0.245426, pdf_ele=-0.748147, pdf_muon=3.367, photon_id=5.90446, pileup=0.147849, scale_ele=1.69072, scale_muon=6.82284
RooProdPdf::model_s[ modelObs_s * nuisancePdf ]
     getLogVal() top-level p.d.f evaluates to zero @ !pdfs=(modelObs_s = 0/1,nuisancePdf = 1)

[#0] WARNING:Minization -- RooMinimizerFcn: Minimized function has error status.
Returning maximum FCN so far (974.473) to force MIGRAD to back out of this region. Error log follows
Parameter values: JER_ele=0.0776402, JER_muon=2.39509, JES_ele=1.35683, JES_muon=5.36016, QCD_stat_ele=5.44995, QCD_stat_muon=6.77745, VBS_stat_ele=0.11656, VBS_stat_muon=4.90861, ele_efficiency=4.88538, ele_trigger=1.11427, fakephoton_ele=-0.455322, fakephoton_muon=6.71878, interference=-1.11371, lumi=2.26427, mu_efficiency=0.644966, mu_trigger=4.24972, non_prompt_stat_ele=-0.803582, non_prompt_stat_muon=3.85705, others_stat_ele=0.352561, others_stat_muon=4.30181, others_xs=3.10463, param=0.245442, pdf_ele=0.860071, pdf_muon=6.20206, photon_id=6.32551, pileup=0.210692, scale_ele=2.22868, scale_muon=5.69036
RooProdPdf::model_s[ modelObs_s * nuisancePdf ]
     getLogVal() top-level p.d.f evaluates to zero @ !pdfs=(modelObs_s = 0/1,nuisancePdf = 1)

[#0] WARNING:Minization -- RooMinimizerFcn: Minimized function has error status.
Returning maximum FCN so far (974.473) to force MIGRAD to back out of this region. Error log follows
Parameter values: JER_ele=0.106178, JER_muon=1.36598, JES_ele=3.08991, JES_muon=4.95868, QCD_stat_ele=3.86766, QCD_stat_muon=3.95837, VBS_stat_ele=2.85299, VBS_stat_muon=5.67042, ele_efficiency=-0.285962, ele_trigger=2.07071, fakephoton_ele=0.614084, fakephoton_muon=5.81591, interference=1.44636, lumi=1.74095, mu_efficiency=0.105133, mu_trigger=5.22929, non_prompt_stat_ele=-2.66977, non_prompt_stat_muon=6.29121, others_stat_ele=-2.0626, others_stat_muon=3.14189, others_xs=3.87827, param=0.245433, pdf_ele=-0.716534, pdf_muon=3.53029, photon_id=5.96851, pileup=0.15297, scale_ele=1.76457, scale_muon=6.75869
RooProdPdf::model_s[ modelObs_s * nuisancePdf ]
     getLogVal() top-level p.d.f evaluates to zero @ !pdfs=(modelObs_s = 0/1,nuisancePdf = 1)

[#0] WARNING:Minization -- RooMinimizerFcn: Minimized function has error status.
Returning maximum FCN so far (974.473) to force MIGRAD to back out of this region. Error log follows
Parameter values: JER_ele=-0.0631737, JER_muon=1.79624, JES_ele=1.07861, JES_muon=4.44842, QCD_stat_ele=4.73546, QCD_stat_muon=5.69988, VBS_stat_ele=-0.02655, VBS_stat_muon=4.35832, ele_efficiency=4.41669, ele_trigger=0.891149, fakephoton_ele=-0.588255, fakephoton_muon=6.13101, interference=-1.48509, lumi=1.69321, mu_efficiency=0.417613, mu_trigger=3.52017, non_prompt_stat_ele=-1.07934, non_prompt_stat_muon=6.32048, others_stat_ele=0.199762, others_stat_muon=3.43289, others_xs=2.44497, param=0.245445, pdf_ele=0.559508, pdf_muon=5.32729, photon_id=5.40598, pileup=0.152833, scale_ele=1.45767, scale_muon=6.96018
RooProdPdf::model_s[ modelObs_s * nuisancePdf ]
     getLogVal() top-level p.d.f evaluates to zero @ !pdfs=(modelObs_s = 0/1,nuisancePdf = 1)

[#0] WARNING:Minization -- RooMinimizerFcn: Minimized function has error status.
Returning maximum FCN so far (974.473) to force MIGRAD to back out of this region. Error log follows
Parameter values: JER_ele=0.0488219, JER_muon=2.26442, JES_ele=1.08076, JES_muon=5.0851, QCD_stat_ele=5.24957, QCD_stat_muon=6.4426, VBS_stat_ele=-0.0251057, VBS_stat_muon=4.78121, ele_efficiency=4.5834, ele_trigger=0.94839, fakephoton_ele=-0.53632, fakephoton_muon=6.58212, interference=-1.27524, lumi=2.11523, mu_efficiency=0.611212, mu_trigger=3.91222, non_prompt_stat_ele=-0.829534, non_prompt_stat_muon=4.73958, others_stat_ele=0.553376, others_stat_muon=4.15329, others_xs=2.80221, param=0.245453, pdf_ele=0.961355, pdf_muon=6.09214, photon_id=6.0704, pileup=0.194884, scale_ele=1.9948, scale_muon=6.23764
RooProdPdf::model_s[ modelObs_s * nuisancePdf ]
     getLogVal() top-level p.d.f evaluates to zero @ !pdfs=(modelObs_s = 0/1,nuisancePdf = 1)

[#0] WARNING:Minization -- RooMinimizerFcn: Minimized function has error status.
Returning maximum FCN so far (974.473) to force MIGRAD to back out of this region. Error log follows
Parameter values: JER_ele=0.0222253, JER_muon=1.23787, JES_ele=2.96451, JES_muon=4.71724, QCD_stat_ele=3.82637, QCD_stat_muon=4.09687, VBS_stat_ele=2.5113, VBS_stat_muon=5.35833, ele_efficiency=0.638979, ele_trigger=1.97408, fakephoton_ele=0.450169, fakephoton_muon=5.67359, interference=0.970659, lumi=1.57754, mu_efficiency=0.0565602, mu_trigger=4.99468, non_prompt_stat_ele=-2.54776, non_prompt_stat_muon=6.60948, others_stat_ele=-2.06192, others_stat_muon=2.84498, others_xs=3.66808, param=0.245438, pdf_ele=-0.829856, pdf_muon=3.26734, photon_id=5.71054, pileup=0.138233, scale_ele=1.55901, scale_muon=6.94337
RooProdPdf::model_s[ modelObs_s * nuisancePdf ]
     getLogVal() top-level p.d.f evaluates to zero @ !pdfs=(modelObs_s = 0/1,nuisancePdf = 1)

[#0] WARNING:Minization -- RooMinimizerFcn: Minimized function has error status.
Returning maximum FCN so far (974.473) to force MIGRAD to back out of this region. Error log follows
Parameter values: JER_ele=0.0137163, JER_muon=2.09718, JES_ele=0.702623, JES_muon=4.67999, QCD_stat_ele=5.01385, QCD_stat_muon=5.97605, VBS_stat_ele=-0.30004, VBS_stat_muon=4.49631, ele_efficiency=4.50155, ele_trigger=0.709158, fakephoton_ele=-0.675601, fakephoton_muon=6.37998, interference=-1.59401, lumi=1.91697, mu_efficiency=0.574914, mu_trigger=3.42694, non_prompt_stat_ele=-0.821095, non_prompt_stat_muon=5.6802, others_stat_ele=0.83419, others_stat_muon=3.91184, others_xs=2.36589, param=0.245459, pdf_ele=1.08104, pdf_muon=5.97096, photon_id=5.66652, pileup=0.174578, scale_ele=1.6846, scale_muon=6.75464
RooProdPdf::model_s[ modelObs_s * nuisancePdf ]
     getLogVal() top-level p.d.f evaluates to zero @ !pdfs=(modelObs_s = 0/1,nuisancePdf = 1)

[#0] WARNING:Minization -- RooMinimizerFcn: Minimized function has error status.
Returning maximum FCN so far (974.473) to force MIGRAD to back out of this region. Error log follows
Parameter values: JER_ele=0.077531, JER_muon=2.03167, JES_ele=1.84159, JES_muon=5.15759, QCD_stat_ele=4.90802, QCD_stat_muon=5.97596, VBS_stat_ele=1.0124, VBS_stat_muon=5.1675, ele_efficiency=3.16337, ele_trigger=1.37891, fakephoton_ele=-0.126026, fakephoton_muon=6.43646, interference=-0.296334, lumi=2.05386, mu_efficiency=0.459865, mu_trigger=4.48823, non_prompt_stat_ele=-1.44329, non_prompt_stat_muon=5.05244, others_stat_ele=-0.362768, others_stat_muon=3.92213, others_xs=3.2748, param=0.24546, pdf_ele=0.404735, pdf_muon=5.47008, photon_id=6.14462, pileup=0.187274, scale_ele=2.0098, scale_muon=6.25801
RooProdPdf::model_s[ modelObs_s * nuisancePdf ]
     getLogVal() top-level p.d.f evaluates to zero @ !pdfs=(modelObs_s = 0/1,nuisancePdf = 1)

[#0] WARNING:Minization -- RooMinimizerFcn: Minimized function has error status.
Returning maximum FCN so far (974.473) to force MIGRAD to back out of this region. Error log follows
Parameter values: JER_ele=-0.0180898, JER_muon=1.81528, JES_ele=1.09719, JES_muon=4.50104, QCD_stat_ele=4.64892, QCD_stat_muon=5.36788, VBS_stat_ele=0.232231, VBS_stat_muon=4.55954, ele_efficiency=3.73418, ele_trigger=0.917018, fakephoton_ele=-0.48389, fakephoton_muon=6.12171, interference=-1.17489, lumi=1.73507, mu_efficiency=0.427206, mu_trigger=3.60572, non_prompt_stat_ele=-1.22056, non_prompt_stat_muon=6.26833, others_stat_ele=0.240783, others_stat_muon=3.54303, others_xs=2.49596, param=0.245462, pdf_ele=0.658192, pdf_muon=5.35837, photon_id=5.47257, pileup=0.155884, scale_ele=1.5065, scale_muon=6.93223
RooProdPdf::model_s[ modelObs_s * nuisancePdf ]
     getLogVal() top-level p.d.f evaluates to zero @ !pdfs=(modelObs_s = 0/1,nuisancePdf = 1)

[#0] WARNING:Minization -- RooMinimizerFcn: Minimized function has error status.
Returning maximum FCN so far (974.473) to force MIGRAD to back out of this region. Error log follows
Parameter values: JER_ele=0.083991, JER_muon=2.0101, JES_ele=1.91854, JES_muon=5.16826, QCD_stat_ele=4.86107, QCD_stat_muon=5.90841, VBS_stat_ele=1.13274, VBS_stat_muon=5.21546, ele_efficiency=2.96354, ele_trigger=1.42227, fakephoton_ele=-0.0765169, fakephoton_muon=6.42194, interference=-0.173505, lumi=2.05144, mu_efficiency=0.446111, mu_trigger=4.55117, non_prompt_stat_ele=-1.51699, non_prompt_stat_muon=5.06772, others_stat_ele=-0.454323, others_stat_muon=3.9044, others_xs=3.32486, param=0.245514, pdf_ele=0.351746, pdf_muon=5.40505, photon_id=6.15524, pileup=0.18679, scale_ele=2.01071, scale_muon=6.25235
RooProdPdf::model_s[ modelObs_s * nuisancePdf ]
     getLogVal() top-level p.d.f evaluates to zero @ !pdfs=(modelObs_s = 0/1,nuisancePdf = 1)

[#0] WARNING:Minization -- RooMinimizerFcn: Minimized function has error status.
Returning maximum FCN so far (974.473) to force MIGRAD to back out of this region. Error log follows
Parameter values: JER_ele=0.0619859, JER_muon=2.19224, JES_ele=0.932114, JES_muon=4.9334, QCD_stat_ele=5.05794, QCD_stat_muon=6.00889, VBS_stat_ele=0.0847005, VBS_stat_muon=4.79889, ele_efficiency=3.97477, ele_trigger=0.869346, fakephoton_ele=-0.507493, fakephoton_muon=6.47481, interference=-1.15171, lumi=2.04573, mu_efficiency=0.592834, mu_trigger=3.75933, non_prompt_stat_ele=-0.9637, non_prompt_stat_muon=5.18306, others_stat_ele=0.696088, others_stat_muon=4.1142, others_xs=2.64416, param=0.245466, pdf_ele=1.08363, pdf_muon=6.02559, photon_id=5.9287, pileup=0.186725, scale_ele=1.87962, scale_muon=6.45852
RooProdPdf::model_s[ modelObs_s * nuisancePdf ]
     getLogVal() top-level p.d.f evaluates to zero @ !pdfs=(modelObs_s = 0/1,nuisancePdf = 1)

[#0] WARNING:Minization -- RooMinimizerFcn: Minimized function has error status.
Returning maximum FCN so far (974.473) to force MIGRAD to back out of this region. Error log follows
Parameter values: JER_ele=-0.0126477, JER_muon=1.21837, JES_ele=3.00895, JES_muon=4.70761, QCD_stat_ele=3.90646, QCD_stat_muon=4.43781, VBS_stat_ele=2.37077, VBS_stat_muon=5.26439, ele_efficiency=1.2193, ele_trigger=1.98988, fakephoton_ele=0.390895, fakephoton_muon=5.69357, interference=0.777335, lumi=1.55212, mu_efficiency=0.0430256, mu_trigger=4.98694, non_prompt_stat_ele=-2.45993, non_prompt_stat_muon=6.61766, others_stat_ele=-2.16082, others_stat_muon=2.75465, others_xs=3.68036, param=0.245452, pdf_ele=-0.95023, pdf_muon=3.19251, photon_id=5.69165, pileup=0.136604, scale_ele=1.5391, scale_muon=6.95484
RooProdPdf::model_s[ modelObs_s * nuisancePdf ]
     getLogVal() top-level p.d.f evaluates to zero @ !pdfs=(modelObs_s = 0/1,nuisancePdf = 1)

[#0] WARNING:Minization -- RooMinimizerFcn: Minimized function has error status.
Returning maximum FCN so far (974.473) to force MIGRAD to back out of this region. Error log follows
Parameter values: JER_ele=0.0306978, JER_muon=1.99182, JES_ele=0.597768, JES_muon=4.48873, QCD_stat_ele=4.76145, QCD_stat_muon=5.37226, VBS_stat_ele=-0.111953, VBS_stat_muon=4.49634, ele_efficiency=3.82523, ele_trigger=0.649895, fakephoton_ele=-0.61343, fakephoton_muon=6.21809, interference=-1.40853, lumi=1.82605, mu_efficiency=0.541426, mu_trigger=3.29368, non_prompt_stat_ele=-1.0191, non_prompt_stat_muon=6.09155, others_stat_ele=0.92078, others_stat_muon=3.82075, others_xs=2.21066, param=0.245475, pdf_ele=1.16251, pdf_muon=5.8428, photon_id=5.47505, pileup=0.164367, scale_ele=1.54958, scale_muon=6.89386
RooProdPdf::model_s[ modelObs_s * nuisancePdf ]
     getLogVal() top-level p.d.f evaluates to zero @ !pdfs=(modelObs_s = 0/1,nuisancePdf = 1)


 -- Hybrid New -- 
CLs = 0.352804 +/- 0.0272558
Done in 15.46 min (cpu), 15.57 min (real)
