 <<< Combine >>> 
>>> including systematics
>>> using the Profile Likelihood test statistics modified for upper limits (Q_LHC)
>>> method used is HybridNew
>>> Used OpenSSL to get a really random seed -1967763990
Computing results starting from observation (a-posteriori)
[#0] WARNING:Minization -- RooMinimizerFcn: Minimized function has error status.
Returning maximum FCN so far (573.08) to force MIGRAD to back out of this region. Error log follows
Parameter values: JER_ele=2.73896, JER_muon=4.96891, JES_ele=1.5428, JES_muon=5.64869, QCD_stat_ele=6.44921, QCD_stat_muon=2.54015, VBS_stat_ele=2.06988, VBS_stat_muon=3.40082, ele_efficiency=1.00124, ele_trigger=4.02353, fakephoton_ele=4.50518, fakephoton_muon=3.15184, interference=3.99946, lumi=5.15918, mu_efficiency=2.85809, mu_trigger=5.31937, non_prompt_stat_ele=5.12956, non_prompt_stat_muon=4.21763, others_stat_ele=2.18509, others_stat_muon=6.1779, others_xs=5.69851, param=0.280697, pdf_ele=4.10743, pdf_muon=6.1104, photon_id=5.36339, pileup=2.33849, scale_ele=6.28119, scale_muon=-2.62734
RooProdPdf::model_s[ modelObs_s * nuisancePdf ]
     getLogVal() top-level p.d.f evaluates to zero @ !pdfs=(modelObs_s = 0/1,nuisancePdf = 1)

[#0] WARNING:Minization -- RooMinimizerFcn: Minimized function has error status.
Returning maximum FCN so far (573.08) to force MIGRAD to back out of this region. Error log follows
Parameter values: JER_ele=0.682527, JER_muon=4.84647, JES_ele=0.709013, JES_muon=4.93624, QCD_stat_ele=5.60745, QCD_stat_muon=5.43098, VBS_stat_ele=-1.70842, VBS_stat_muon=6.95418, ele_efficiency=0.296177, ele_trigger=1.25388, fakephoton_ele=6.3775, fakephoton_muon=-0.411824, interference=3.83888, lumi=3.83687, mu_efficiency=1.75385, mu_trigger=4.76025, non_prompt_stat_ele=6.94379, non_prompt_stat_muon=-1.12427, others_stat_ele=1.73113, others_stat_muon=6.85841, others_xs=5.2191, param=0.373318, pdf_ele=0.959323, pdf_muon=6.85672, photon_id=6.91208, pileup=0.824169, scale_ele=3.17063, scale_muon=5.81646
RooProdPdf::model_s[ modelObs_s * nuisancePdf ]
     getLogVal() top-level p.d.f evaluates to zero @ !pdfs=(modelObs_s = 0/1,nuisancePdf = 1)

[#0] WARNING:Minization -- RooMinimizerFcn: Minimized function has error status.
Returning maximum FCN so far (573.08) to force MIGRAD to back out of this region. Error log follows
Parameter values: JER_ele=2.90214, JER_muon=4.36452, JES_ele=2.13994, JES_muon=5.04791, QCD_stat_ele=6.88254, QCD_stat_muon=4.89456, VBS_stat_ele=2.30539, VBS_stat_muon=2.50259, ele_efficiency=1.06205, ele_trigger=4.19124, fakephoton_ele=5.77861, fakephoton_muon=2.8583, interference=3.53488, lumi=4.82222, mu_efficiency=2.53287, mu_trigger=4.6987, non_prompt_stat_ele=6.56116, non_prompt_stat_muon=3.7498, others_stat_ele=2.77717, others_stat_muon=5.4527, others_xs=5.36947, param=0.308129, pdf_ele=4.5795, pdf_muon=6.81906, photon_id=5.97261, pileup=2.13064, scale_ele=6.79037, scale_muon=0.331056
RooProdPdf::model_s[ modelObs_s * nuisancePdf ]
     getLogVal() top-level p.d.f evaluates to zero @ !pdfs=(modelObs_s = 0/1,nuisancePdf = 1)

[#0] WARNING:Minization -- RooMinimizerFcn: Minimized function has error status.
Returning maximum FCN so far (653.043) to force MIGRAD to back out of this region. Error log follows
Parameter values: JER_ele=0.856898, JER_muon=4.77411, JES_ele=0.892389, JES_muon=4.66135, QCD_stat_ele=6.06178, QCD_stat_muon=5.81873, VBS_stat_ele=-1.45432, VBS_stat_muon=6.95755, ele_efficiency=0.349538, ele_trigger=1.47267, fakephoton_ele=6.68209, fakephoton_muon=-0.52529, interference=3.81342, lumi=3.87758, mu_efficiency=1.72075, mu_trigger=4.58713, non_prompt_stat_ele=6.69377, non_prompt_stat_muon=-1.34566, others_stat_ele=1.98217, others_stat_muon=6.82477, others_xs=5.24328, param=0.384526, pdf_ele=1.28618, pdf_muon=6.79655, photon_id=6.90941, pileup=0.867163, scale_ele=3.67734, scale_muon=6.33769
RooProdPdf::model_s[ modelObs_s * nuisancePdf ]
     getLogVal() top-level p.d.f evaluates to zero @ !pdfs=(modelObs_s = 0/1,nuisancePdf = 1)

[#0] WARNING:Minization -- RooMinimizerFcn: Minimized function has error status.
Returning maximum FCN so far (653.043) to force MIGRAD to back out of this region. Error log follows
Parameter values: JER_ele=4.45996, JER_muon=5.39792, JES_ele=4.07054, JES_muon=6.72825, QCD_stat_ele=5.71479, QCD_stat_muon=-1.85969, VBS_stat_ele=4.83288, VBS_stat_muon=1.94859, ele_efficiency=1.66736, ele_trigger=5.88307, fakephoton_ele=6.87786, fakephoton_muon=4.67712, interference=4.65542, lumi=6.23647, mu_efficiency=3.37867, mu_trigger=6.22525, non_prompt_stat_ele=6.97728, non_prompt_stat_muon=6.23594, others_stat_ele=4.59292, others_stat_muon=6.2465, others_xs=6.56069, param=0.212877, pdf_ele=6.63845, pdf_muon=3.87785, photon_id=-0.469405, pileup=2.74508, scale_ele=5.20364, scale_muon=-6.96478
RooProdPdf::model_s[ modelObs_s * nuisancePdf ]
     getLogVal() top-level p.d.f evaluates to zero @ !pdfs=(modelObs_s = 0/1,nuisancePdf = 1)

[#0] WARNING:Minization -- RooMinimizerFcn: Minimized function has error status.
Returning maximum FCN so far (848.538) to force MIGRAD to back out of this region. Error log follows
Parameter values: JER_ele=6.74967, JER_muon=6.96328, JES_ele=6.50207, JES_muon=-2.27444, QCD_stat_ele=-4.65946, QCD_stat_muon=7, VBS_stat_ele=3.23887, VBS_stat_muon=-3.7084, ele_efficiency=4.09592, ele_trigger=3.91831, fakephoton_ele=4.71458, fakephoton_muon=5.60779, interference=6.98215, lumi=4.25322, mu_efficiency=6.19425, mu_trigger=3.33648, non_prompt_stat_ele=5.1741, non_prompt_stat_muon=-3.26775, others_stat_ele=6.43213, others_stat_muon=6.98399, others_xs=4.08196, param=0.612266, pdf_ele=-2.94831, pdf_muon=-3.03509, photon_id=6.98374, pileup=5.08836, scale_ele=1.67375, scale_muon=1.18371
RooProdPdf::model_s[ modelObs_s * nuisancePdf ]
     getLogVal() top-level p.d.f evaluates to zero @ !pdfs=(modelObs_s = 0/1,nuisancePdf = 1)

[#0] WARNING:Minization -- RooMinimizerFcn: Minimized function has error status.
Returning maximum FCN so far (848.538) to force MIGRAD to back out of this region. Error log follows
Parameter values: JER_ele=-5.68857, JER_muon=-5.79954, JES_ele=-6.73944, JES_muon=6.42284, QCD_stat_ele=3.57334, QCD_stat_muon=2.06162, VBS_stat_ele=-6.50641, VBS_stat_muon=1.50543, ele_efficiency=-2.05859, ele_trigger=-6.35525, fakephoton_ele=6.68854, fakephoton_muon=-3.74671, interference=-6.83684, lumi=-5.83856, mu_efficiency=-4.21902, mu_trigger=1.07265, non_prompt_stat_ele=3.29492, non_prompt_stat_muon=-6.99801, others_stat_ele=-5.78206, others_stat_muon=6.7029, others_xs=-0.227002, param=0.782661, pdf_ele=-5.30028, pdf_muon=6.9701, photon_id=-2.20779, pileup=0.0875461, scale_ele=6.92489, scale_muon=6.57493
RooProdPdf::model_s[ modelObs_s * nuisancePdf ]
     getLogVal() top-level p.d.f evaluates to zero @ !pdfs=(modelObs_s = 0/1,nuisancePdf = 1)

[#0] WARNING:Minization -- RooMinimizerFcn: Minimized function has error status.
Returning maximum FCN so far (863.922) to force MIGRAD to back out of this region. Error log follows
Parameter values: JER_ele=6.60965, JER_muon=0.760985, JES_ele=6.87337, JES_muon=-6.92492, QCD_stat_ele=-1.80843, QCD_stat_muon=-6.71328, VBS_stat_ele=6.90705, VBS_stat_muon=-6.93028, ele_efficiency=2.83256, ele_trigger=6.96551, fakephoton_ele=-2.32615, fakephoton_muon=5.2319, interference=3.98308, lumi=1.08817, mu_efficiency=6.1688, mu_trigger=-4.39729, non_prompt_stat_ele=6.74974, non_prompt_stat_muon=6.93602, others_stat_ele=5.79391, others_stat_muon=-6.23272, others_xs=-4.28489, param=0.27783, pdf_ele=3.65823, pdf_muon=2.58236, photon_id=6.40146, pileup=2.87432, scale_ele=-5.41484, scale_muon=3.76218
RooProdPdf::model_s[ modelObs_s * nuisancePdf ]
     getLogVal() top-level p.d.f evaluates to zero @ !pdfs=(modelObs_s = 0/1,nuisancePdf = 1)

[#0] WARNING:Minization -- RooMinimizerFcn: Minimized function has error status.
Returning maximum FCN so far (863.922) to force MIGRAD to back out of this region. Error log follows
Parameter values: JER_ele=0.890493, JER_muon=2.71422, JES_ele=0.0127493, JES_muon=1.87418, QCD_stat_ele=3.52756, QCD_stat_muon=6.12563, VBS_stat_ele=-0.897238, VBS_stat_muon=2.90684, ele_efficiency=0.367793, ele_trigger=1.61835, fakephoton_ele=3.34332, fakephoton_muon=0.440521, interference=1.99018, lumi=2.39335, mu_efficiency=1.38838, mu_trigger=2.17035, non_prompt_stat_ele=4.5457, non_prompt_stat_muon=-0.310757, others_stat_ele=0.609178, others_stat_muon=3.75846, others_xs=3.01552, param=0.348994, pdf_ele=0.930512, pdf_muon=5.26204, photon_id=5.27874, pileup=1.2354, scale_ele=2.07459, scale_muon=6.38875
RooProdPdf::model_s[ modelObs_s * nuisancePdf ]
     getLogVal() top-level p.d.f evaluates to zero @ !pdfs=(modelObs_s = 0/1,nuisancePdf = 1)

[#0] WARNING:Minization -- RooMinimizerFcn: Minimized function has error status.
Returning maximum FCN so far (1041.62) to force MIGRAD to back out of this region. Error log follows
Parameter values: JER_ele=1.99617, JER_muon=4.89138, JES_ele=1.6165, JES_muon=4.98951, QCD_stat_ele=6.7043, QCD_stat_muon=4.86752, VBS_stat_ele=1.28243, VBS_stat_muon=6.69641, ele_efficiency=0.725558, ele_trigger=2.95991, fakephoton_ele=6.98709, fakephoton_muon=0.951626, interference=4.15493, lumi=4.62508, mu_efficiency=2.18564, mu_trigger=4.84736, non_prompt_stat_ele=5.99724, non_prompt_stat_muon=0.8274, others_stat_ele=2.42426, others_stat_muon=6.13997, others_xs=5.16995, param=0.558565, pdf_ele=3.24255, pdf_muon=6.98711, photon_id=6.77439, pileup=1.50734, scale_ele=5.88518, scale_muon=3.37681
RooProdPdf::model_s[ modelObs_s * nuisancePdf ]
     getLogVal() top-level p.d.f evaluates to zero @ !pdfs=(modelObs_s = 0/1,nuisancePdf = 1)

[#0] WARNING:Minization -- RooMinimizerFcn: Minimized function has error status.
Returning maximum FCN so far (1041.62) to force MIGRAD to back out of this region. Error log follows
Parameter values: JER_ele=1.08376, JER_muon=2.76395, JES_ele=0.325955, JES_muon=2.01266, QCD_stat_ele=4.36974, QCD_stat_muon=6.18654, VBS_stat_ele=-0.785531, VBS_stat_muon=2.78578, ele_efficiency=0.436774, ele_trigger=1.88533, fakephoton_ele=3.76643, fakephoton_muon=0.482506, interference=2.05739, lumi=2.57307, mu_efficiency=1.42817, mu_trigger=2.27435, non_prompt_stat_ele=5.01787, non_prompt_stat_muon=-0.235648, others_stat_ele=0.999346, others_stat_muon=3.99461, others_xs=3.32368, param=0.256709, pdf_ele=1.34815, pdf_muon=5.37612, photon_id=5.64823, pileup=1.26854, scale_ele=2.90539, scale_muon=6.51443
RooProdPdf::model_s[ modelObs_s * nuisancePdf ]
     getLogVal() top-level p.d.f evaluates to zero @ !pdfs=(modelObs_s = 0/1,nuisancePdf = 1)

[#0] WARNING:Minization -- RooMinimizerFcn: Minimized function has error status.
Returning maximum FCN so far (1041.62) to force MIGRAD to back out of this region. Error log follows
Parameter values: JER_ele=0.904272, JER_muon=2.18462, JES_ele=-0.0198219, JES_muon=0.728494, QCD_stat_ele=4.12215, QCD_stat_muon=5.53971, VBS_stat_ele=-1.65843, VBS_stat_muon=1.68415, ele_efficiency=0.388534, ele_trigger=1.71322, fakephoton_ele=5.90249, fakephoton_muon=0.0429319, interference=1.40015, lumi=1.81756, mu_efficiency=1.24044, mu_trigger=1.24753, non_prompt_stat_ele=6.94122, non_prompt_stat_muon=-1.24988, others_stat_ele=0.624713, others_stat_muon=2.48504, others_xs=2.33558, param=0.3312, pdf_ele=0.92309, pdf_muon=4.22003, photon_id=4.3289, pileup=1.312, scale_ele=2.62793, scale_muon=5.27952
RooProdPdf::model_s[ modelObs_s * nuisancePdf ]
     getLogVal() top-level p.d.f evaluates to zero @ !pdfs=(modelObs_s = 0/1,nuisancePdf = 1)

[#0] WARNING:Minization -- RooMinimizerFcn: Minimized function has error status.
Returning maximum FCN so far (1041.62) to force MIGRAD to back out of this region. Error log follows
Parameter values: JER_ele=1.71989, JER_muon=0.869927, JES_ele=1.35736, JES_muon=-0.743951, QCD_stat_ele=6.9171, QCD_stat_muon=3.11521, VBS_stat_ele=-2.13883, VBS_stat_muon=-2.46706, ele_efficiency=0.662691, ele_trigger=2.73126, fakephoton_ele=3.53131, fakephoton_muon=-0.155111, interference=0.217058, lumi=1.30729, mu_efficiency=0.858259, mu_trigger=-0.19291, non_prompt_stat_ele=4.29948, non_prompt_stat_muon=-1.69685, others_stat_ele=2.39718, others_stat_muon=1.43884, others_xs=2.46979, param=0.0981156, pdf_ele=2.61542, pdf_muon=1.63868, photon_id=3.90478, pileup=1.26953, scale_ele=5.65354, scale_muon=2.35258
RooProdPdf::model_s[ modelObs_s * nuisancePdf ]
     getLogVal() top-level p.d.f evaluates to zero @ !pdfs=(modelObs_s = 0/1,nuisancePdf = 1)

[#0] WARNING:Minization -- RooMinimizerFcn: Minimized function has error status.
Returning maximum FCN so far (1041.62) to force MIGRAD to back out of this region. Error log follows
Parameter values: JER_ele=1.95665, JER_muon=2.42799, JES_ele=1.64954, JES_muon=0.941558, QCD_stat_ele=6.67538, QCD_stat_muon=4.07139, VBS_stat_ele=1.16813, VBS_stat_muon=3.72607, ele_efficiency=0.715767, ele_trigger=2.91812, fakephoton_ele=6.95922, fakephoton_muon=0.258107, interference=2.18451, lumi=2.89995, mu_efficiency=1.24114, mu_trigger=1.58153, non_prompt_stat_ele=6.20363, non_prompt_stat_muon=-0.724646, others_stat_ele=2.34881, others_stat_muon=2.74386, others_xs=3.21206, param=0.0655719, pdf_ele=3.22803, pdf_muon=4.70701, photon_id=5.95354, pileup=1.27256, scale_ele=5.80743, scale_muon=4.4439
RooProdPdf::model_s[ modelObs_s * nuisancePdf ]
     getLogVal() top-level p.d.f evaluates to zero @ !pdfs=(modelObs_s = 0/1,nuisancePdf = 1)

[#0] WARNING:Minization -- RooMinimizerFcn: Minimized function has error status.
Returning maximum FCN so far (1041.62) to force MIGRAD to back out of this region. Error log follows
Parameter values: JER_ele=2.54552, JER_muon=3.04949, JES_ele=2.66862, JES_muon=2.29519, QCD_stat_ele=6.82891, QCD_stat_muon=6.55776, VBS_stat_ele=1.06758, VBS_stat_muon=3.5803, ele_efficiency=0.942462, ele_trigger=3.71728, fakephoton_ele=6.59373, fakephoton_muon=0.452077, interference=2.56868, lumi=3.62009, mu_efficiency=1.52983, mu_trigger=2.54792, non_prompt_stat_ele=3.20994, non_prompt_stat_muon=-0.32058, others_stat_ele=3.60383, others_stat_muon=4.21398, others_xs=4.47786, param=0.0680917, pdf_ele=4.3902, pdf_muon=5.72298, photon_id=6.92984, pileup=1.42015, scale_ele=6.95445, scale_muon=6.81399
RooProdPdf::model_s[ modelObs_s * nuisancePdf ]
     getLogVal() top-level p.d.f evaluates to zero @ !pdfs=(modelObs_s = 0/1,nuisancePdf = 1)

[#0] WARNING:Minization -- RooMinimizerFcn: Minimized function has error status.
Returning maximum FCN so far (1041.62) to force MIGRAD to back out of this region. Error log follows
Parameter values: JER_ele=3.28392, JER_muon=4.19934, JES_ele=3.8517, JES_muon=4.39325, QCD_stat_ele=4.79126, QCD_stat_muon=6.29413, VBS_stat_ele=2.00718, VBS_stat_muon=5.06178, ele_efficiency=1.20989, ele_trigger=4.57382, fakephoton_ele=4.37108, fakephoton_muon=0.890828, interference=3.61099, lumi=4.82024, mu_efficiency=1.98192, mu_trigger=4.21069, non_prompt_stat_ele=-1.90448, non_prompt_stat_muon=0.669359, others_stat_ele=4.8509, others_stat_muon=5.93188, others_xs=5.83535, param=0.0372619, pdf_ele=5.65165, pdf_muon=6.8876, photon_id=6.15955, pileup=1.55151, scale_ele=6.34347, scale_muon=5.18732
RooProdPdf::model_s[ modelObs_s * nuisancePdf ]
     getLogVal() top-level p.d.f evaluates to zero @ !pdfs=(modelObs_s = 0/1,nuisancePdf = 1)

[#0] WARNING:Minization -- RooMinimizerFcn: Minimized function has error status.
Returning maximum FCN so far (1041.62) to force MIGRAD to back out of this region. Error log follows
Parameter values: JER_ele=0.858142, JER_muon=2.20594, JES_ele=-0.0550207, JES_muon=0.969245, QCD_stat_ele=3.37302, QCD_stat_muon=4.71756, VBS_stat_ele=-0.900989, VBS_stat_muon=2.21302, ele_efficiency=0.35733, ele_trigger=1.57891, fakephoton_ele=3.40109, fakephoton_muon=0.247305, interference=1.61746, lumi=2.01006, mu_efficiency=1.21225, mu_trigger=1.45666, non_prompt_stat_ele=4.6406, non_prompt_stat_muon=-0.753529, others_stat_ele=0.515085, others_stat_muon=2.8292, others_xs=2.47681, param=0.00106933, pdf_ele=0.8559, pdf_muon=4.37995, photon_id=4.43251, pileup=1.20572, scale_ele=1.90807, scale_muon=4.94058
RooProdPdf::model_s[ modelObs_s * nuisancePdf ]
     getLogVal() top-level p.d.f evaluates to zero @ !pdfs=(modelObs_s = 0/1,nuisancePdf = 1)

[#0] WARNING:Minization -- RooMinimizerFcn: Minimized function has error status.
Returning maximum FCN so far (1041.62) to force MIGRAD to back out of this region. Error log follows
Parameter values: JER_ele=0.926618, JER_muon=2.31771, JES_ele=0.0595273, JES_muon=1.17785, QCD_stat_ele=3.68106, QCD_stat_muon=5.07351, VBS_stat_ele=-0.819559, VBS_stat_muon=2.3681, ele_efficiency=0.380433, ele_trigger=1.66754, fakephoton_ele=3.71286, fakephoton_muon=0.284851, interference=1.71553, lumi=2.13489, mu_efficiency=1.25277, mu_trigger=1.61966, non_prompt_stat_ele=4.99883, non_prompt_stat_muon=-0.668997, others_stat_ele=0.648713, others_stat_muon=3.033, others_xs=2.64217, param=0.00101457, pdf_ele=1.0108, pdf_muon=4.58432, photon_id=4.72482, pileup=1.21751, scale_ele=2.22475, scale_muon=5.34269
RooProdPdf::model_s[ modelObs_s * nuisancePdf ]
     getLogVal() top-level p.d.f evaluates to zero @ !pdfs=(modelObs_s = 0/1,nuisancePdf = 1)

[#0] WARNING:Minization -- RooMinimizerFcn: Minimized function has error status.
Returning maximum FCN so far (1041.62) to force MIGRAD to back out of this region. Error log follows
Parameter values: JER_ele=1.02467, JER_muon=2.531, JES_ele=0.174111, JES_muon=1.46104, QCD_stat_ele=4.15429, QCD_stat_muon=5.60766, VBS_stat_ele=-0.836749, VBS_stat_muon=2.61843, ele_efficiency=0.416589, ele_trigger=1.81216, fakephoton_ele=4.17957, fakephoton_muon=0.30851, interference=1.88206, lumi=2.34199, mu_efficiency=1.34622, mu_trigger=1.86433, non_prompt_stat_ele=5.52013, non_prompt_stat_muon=-0.640419, others_stat_ele=0.827058, others_stat_muon=3.41307, others_xs=2.9401, param=0.000132601, pdf_ele=1.18846, pdf_muon=4.93084, photon_id=5.15551, pileup=1.27541, scale_ele=2.62781, scale_muon=5.88211
RooProdPdf::model_s[ modelObs_s * nuisancePdf ]
     getLogVal() top-level p.d.f evaluates to zero @ !pdfs=(modelObs_s = 0/1,nuisancePdf = 1)

[#0] WARNING:Minization -- RooMinimizerFcn: Minimized function has error status.
Returning maximum FCN so far (1041.62) to force MIGRAD to back out of this region. Error log follows
Parameter values: JER_ele=1.08988, JER_muon=2.59141, JES_ele=0.335987, JES_muon=1.70169, QCD_stat_ele=4.3764, QCD_stat_muon=5.85672, VBS_stat_ele=-0.632655, VBS_stat_muon=2.72387, ele_efficiency=0.435813, ele_trigger=1.87876, fakephoton_ele=4.40921, fakephoton_muon=0.383912, interference=1.95332, lumi=2.43737, mu_efficiency=1.35389, mu_trigger=2.0262, non_prompt_stat_ele=5.7422, non_prompt_stat_muon=-0.448122, others_stat_ele=0.970239, others_stat_muon=3.5317, others_xs=3.04528, param=9.72302e-06, pdf_ele=1.38092, pdf_muon=5.06726, photon_id=5.38498, pileup=1.24599, scale_ele=2.96649, scale_muon=6.18705
RooProdPdf::model_s[ modelObs_s * nuisancePdf ]
     getLogVal() top-level p.d.f evaluates to zero @ !pdfs=(modelObs_s = 0/1,nuisancePdf = 1)

[#0] WARNING:Minization -- RooMinimizerFcn: Minimized function has error status.
Returning maximum FCN so far (1041.62) to force MIGRAD to back out of this region. Error log follows
Parameter values: JER_ele=1.20803, JER_muon=2.79017, JES_ele=0.530801, JES_muon=2.06363, QCD_stat_ele=4.84531, QCD_stat_muon=6.29844, VBS_stat_ele=-0.497578, VBS_stat_muon=2.99673, ele_efficiency=0.475971, ele_trigger=2.03133, fakephoton_ele=4.87512, fakephoton_muon=0.448082, interference=2.12761, lumi=2.65493, mu_efficiency=1.42821, mu_trigger=2.31075, non_prompt_stat_ele=6.18557, non_prompt_stat_muon=-0.303612, others_stat_ele=1.19908, others_stat_muon=3.87881, others_xs=3.32946, param=3.26091e-05, pdf_ele=1.64243, pdf_muon=5.38681, photon_id=5.79706, pileup=1.26927, scale_ele=3.47242, scale_muon=6.61027
RooProdPdf::model_s[ modelObs_s * nuisancePdf ]
     getLogVal() top-level p.d.f evaluates to zero @ !pdfs=(modelObs_s = 0/1,nuisancePdf = 1)

[#0] WARNING:Minization -- RooMinimizerFcn: Minimized function has error status.
Returning maximum FCN so far (1041.62) to force MIGRAD to back out of this region. Error log follows
Parameter values: JER_ele=1.41526, JER_muon=3.18099, JES_ele=0.827704, JES_muon=2.67607, QCD_stat_ele=5.60566, QCD_stat_muon=6.84587, VBS_stat_ele=-0.388747, VBS_stat_muon=3.4823, ele_efficiency=0.549645, ele_trigger=2.31449, fakephoton_ele=5.62575, fakephoton_muon=0.536769, interference=2.45418, lumi=3.05691, mu_efficiency=1.59167, mu_trigger=2.81386, non_prompt_stat_ele=6.76131, non_prompt_stat_muon=-0.130215, others_stat_ele=1.58771, others_stat_muon=4.53136, others_xs=3.86731, param=0.000375263, pdf_ele=2.05868, pdf_muon=5.93443, photon_id=6.40711, pileup=1.34866, scale_ele=4.27482, scale_muon=6.9877
RooProdPdf::model_s[ modelObs_s * nuisancePdf ]
     getLogVal() top-level p.d.f evaluates to zero @ !pdfs=(modelObs_s = 0/1,nuisancePdf = 1)

[#0] WARNING:Minization -- RooMinimizerFcn: Minimized function has error status.
Returning maximum FCN so far (1041.62) to force MIGRAD to back out of this region. Error log follows
Parameter values: JER_ele=1.7126, JER_muon=3.57877, JES_ele=1.43046, JES_muon=3.62985, QCD_stat_ele=6.34622, QCD_stat_muon=6.96019, VBS_stat_ele=0.237649, VBS_stat_muon=4.06879, ele_efficiency=0.645566, ele_trigger=2.65603, fakephoton_ele=6.36802, fakephoton_muon=0.790368, interference=2.84829, lumi=3.54443, mu_efficiency=1.71574, mu_trigger=3.5219, non_prompt_stat_ele=6.99901, non_prompt_stat_muon=0.489592, others_stat_ele=2.18876, others_stat_muon=5.16747, others_xs=4.43294, param=0.00297986, pdf_ele=2.79331, pdf_muon=6.45035, photon_id=6.90111, pileup=1.32019, scale_ele=5.39725, scale_muon=6.59145
RooProdPdf::model_s[ modelObs_s * nuisancePdf ]
     getLogVal() top-level p.d.f evaluates to zero @ !pdfs=(modelObs_s = 0/1,nuisancePdf = 1)

[#0] WARNING:Minization -- RooMinimizerFcn: Minimized function has error status.
Returning maximum FCN so far (1041.62) to force MIGRAD to back out of this region. Error log follows
Parameter values: JER_ele=0.89425, JER_muon=2.26947, JES_ele=0.011689, JES_muon=1.12743, QCD_stat_ele=3.57309, QCD_stat_muon=5.00305, VBS_stat_ele=-0.915452, VBS_stat_muon=2.17808, ele_efficiency=0.370875, ele_trigger=1.63124, fakephoton_ele=3.54639, fakephoton_muon=0.274255, interference=1.6558, lumi=2.07703, mu_efficiency=1.24214, mu_trigger=1.56934, non_prompt_stat_ele=4.80657, non_prompt_stat_muon=-0.693757, others_stat_ele=0.60066, others_stat_muon=3.00688, others_xs=2.60931, param=0.0161851, pdf_ele=0.938034, pdf_muon=4.50793, photon_id=4.62649, pileup=1.2156, scale_ele=2.09802, scale_muon=5.26043
RooProdPdf::model_s[ modelObs_s * nuisancePdf ]
     getLogVal() top-level p.d.f evaluates to zero @ !pdfs=(modelObs_s = 0/1,nuisancePdf = 1)

[#0] WARNING:Minization -- RooMinimizerFcn: Minimized function has error status.
Returning maximum FCN so far (1041.62) to force MIGRAD to back out of this region. Error log follows
Parameter values: JER_ele=1.34541, JER_muon=3.05557, JES_ele=0.79826, JES_muon=2.72914, QCD_stat_ele=5.30579, QCD_stat_muon=6.79964, VBS_stat_ele=-0.352435, VBS_stat_muon=3.16276, ele_efficiency=0.522621, ele_trigger=2.20343, fakephoton_ele=4.92635, fakephoton_muon=0.642623, interference=2.35457, lumi=2.95374, mu_efficiency=1.53497, mu_trigger=2.80126, non_prompt_stat_ele=6.18575, non_prompt_stat_muon=0.106111, others_stat_ele=1.49572, others_stat_muon=4.41773, others_xs=3.75089, param=0.0154882, pdf_ele=1.97552, pdf_muon=5.85533, photon_id=6.32499, pileup=1.27946, scale_ele=4.05761, scale_muon=6.98995
RooProdPdf::model_s[ modelObs_s * nuisancePdf ]
     getLogVal() top-level p.d.f evaluates to zero @ !pdfs=(modelObs_s = 0/1,nuisancePdf = 1)

[#0] WARNING:Minization -- RooMinimizerFcn: Minimized function has error status.
Returning maximum FCN so far (417.869) to force MIGRAD to back out of this region. Error log follows
Parameter values: JER_ele=6.75138, JER_muon=-6.99999, JES_ele=4.47247, JES_muon=-6.91523, QCD_stat_ele=2.3982, QCD_stat_muon=5.20713, VBS_stat_ele=-3.33018, VBS_stat_muon=6.39381, ele_efficiency=-5.04277, ele_trigger=0.614684, fakephoton_ele=3.77104, fakephoton_muon=-4.05811, interference=-6.74572, lumi=5.48417, mu_efficiency=-4.48793, mu_trigger=6.8409, non_prompt_stat_ele=5.61904, non_prompt_stat_muon=0.113087, others_stat_ele=6.60052, others_stat_muon=-0.893144, others_xs=6.36317, param=0.233315, pdf_ele=6.97159, pdf_muon=1.16884, photon_id=5.3551, pileup=5.551, scale_ele=-3.8265, scale_muon=6.81749
RooProdPdf::model_s[ modelObs_s * nuisancePdf ]
     getLogVal() top-level p.d.f evaluates to zero @ !pdfs=(modelObs_s = 0/1,nuisancePdf = 1)

[#0] WARNING:Minization -- RooMinimizerFcn: Minimized function has error status.
Returning maximum FCN so far (566.766) to force MIGRAD to back out of this region. Error log follows
Parameter values: JER_ele=-6.83556, JER_muon=-6.86564, JES_ele=5.89149, JES_muon=4.61333, QCD_stat_ele=-5.62604, QCD_stat_muon=6.4173, VBS_stat_ele=-5.22283, VBS_stat_muon=-2.77607, ele_efficiency=4.20781, ele_trigger=6.9887, fakephoton_ele=6.8608, fakephoton_muon=2.11596, interference=-3.90477, lumi=6.51868, mu_efficiency=1.58815, mu_trigger=0.571239, non_prompt_stat_ele=5.26329, non_prompt_stat_muon=-1.31675, others_stat_ele=5.59154, others_stat_muon=-6.71014, others_xs=4.66945, param=0.0169984, pdf_ele=6.67843, pdf_muon=5.33496, photon_id=-5.05115, pileup=-6.78311, scale_ele=-6.93741, scale_muon=3.13333
RooProdPdf::model_s[ modelObs_s * nuisancePdf ]
     getLogVal() top-level p.d.f evaluates to zero @ !pdfs=(modelObs_s = 0/1,nuisancePdf = 1)

[#0] WARNING:Minization -- RooMinimizerFcn: Minimized function has error status.
Returning maximum FCN so far (566.766) to force MIGRAD to back out of this region. Error log follows
Parameter values: JER_ele=5.5641, JER_muon=-2.79715, JES_ele=6.99991, JES_muon=6.47877, QCD_stat_ele=6.90005, QCD_stat_muon=-3.96274, VBS_stat_ele=4.35337, VBS_stat_muon=5.733, ele_efficiency=0.708169, ele_trigger=1.48471, fakephoton_ele=0.79427, fakephoton_muon=6.62738, interference=6.0264, lumi=6.86409, mu_efficiency=3.64633, mu_trigger=6.92481, non_prompt_stat_ele=6.98929, non_prompt_stat_muon=5.97122, others_stat_ele=0.309071, others_stat_muon=5.25944, others_xs=6.99656, param=0.558407, pdf_ele=-6.09789, pdf_muon=6.91979, photon_id=1.53903, pileup=5.90241, scale_ele=4.19279, scale_muon=-1.47643
RooProdPdf::model_s[ modelObs_s * nuisancePdf ]
     getLogVal() top-level p.d.f evaluates to zero @ !pdfs=(modelObs_s = 0/1,nuisancePdf = 1)

[#0] WARNING:Minization -- RooMinimizerFcn: Minimized function has error status.
Returning maximum FCN so far (670.984) to force MIGRAD to back out of this region. Error log follows
Parameter values: JER_ele=-6.86469, JER_muon=5.97562, JES_ele=-4.48978, JES_muon=-4.81909, QCD_stat_ele=4.36744, QCD_stat_muon=-6.06771, VBS_stat_ele=-1.07092, VBS_stat_muon=4.84827, ele_efficiency=6.99111, ele_trigger=-6.9559, fakephoton_ele=1.37338, fakephoton_muon=-5.94056, interference=-2.96551, lumi=6.94216, mu_efficiency=-6.71146, mu_trigger=1.58427, non_prompt_stat_ele=6.53601, non_prompt_stat_muon=4.17956, others_stat_ele=-6.11679, others_stat_muon=2.4835, others_xs=-3.57864, param=0.781826, pdf_ele=5.90988, pdf_muon=-3.21397, photon_id=-6.04532, pileup=-0.0486254, scale_ele=6.65432, scale_muon=0.873374
RooProdPdf::model_s[ modelObs_s * nuisancePdf ]
     getLogVal() top-level p.d.f evaluates to zero @ !pdfs=(modelObs_s = 0/1,nuisancePdf = 1)

[#0] WARNING:Minization -- RooMinimizerFcn: Minimized function has error status.
Returning maximum FCN so far (1132.84) to force MIGRAD to back out of this region. Error log follows
Parameter values: JER_ele=1.04048, JER_muon=-0.223968, JES_ele=1.77068, JES_muon=1.51598, QCD_stat_ele=2.11241, QCD_stat_muon=5.48277, VBS_stat_ele=0.966356, VBS_stat_muon=1.13878, ele_efficiency=0.114336, ele_trigger=0.253193, fakephoton_ele=2.86581, fakephoton_muon=1.37108, interference=1.24307, lumi=1.66994, mu_efficiency=0.662512, mu_trigger=2.06881, non_prompt_stat_ele=5.0143, non_prompt_stat_muon=1.35151, others_stat_ele=0.359393, others_stat_muon=1.43717, others_xs=2.03207, param=0.57189, pdf_ele=-0.928726, pdf_muon=1.92098, photon_id=3.47008, pileup=1.14084, scale_ele=1.25968, scale_muon=4.58419
RooProdPdf::model_s[ modelObs_s * nuisancePdf ]
     getLogVal() top-level p.d.f evaluates to zero @ !pdfs=(modelObs_s = 0/1,nuisancePdf = 1)

[#0] WARNING:Minization -- RooMinimizerFcn: Minimized function has error status.
Returning maximum FCN so far (1132.84) to force MIGRAD to back out of this region. Error log follows
Parameter values: JER_ele=5.6217, JER_muon=6.6799, JES_ele=6.99969, JES_muon=3.83121, QCD_stat_ele=-3.87508, QCD_stat_muon=6.8559, VBS_stat_ele=6.98479, VBS_stat_muon=5.90293, ele_efficiency=1.88424, ele_trigger=6.03462, fakephoton_ele=-6.97172, fakephoton_muon=6.2588, interference=6.80505, lumi=6.91006, mu_efficiency=3.74989, mu_trigger=5.83383, non_prompt_stat_ele=4.35052, non_prompt_stat_muon=5.00196, others_stat_ele=6.99696, others_stat_muon=5.47978, others_xs=5.94664, param=0.147919, pdf_ele=6.87853, pdf_muon=-2.01456, photon_id=-6.97611, pileup=2.22428, scale_ele=-3.66639, scale_muon=5.42697
RooProdPdf::model_s[ modelObs_s * nuisancePdf ]
     getLogVal() top-level p.d.f evaluates to zero @ !pdfs=(modelObs_s = 0/1,nuisancePdf = 1)

[#0] WARNING:Minization -- RooMinimizerFcn: Minimized function has error status.
Returning maximum FCN so far (1132.84) to force MIGRAD to back out of this region. Error log follows
Parameter values: JER_ele=1.08094, JER_muon=-0.206363, JES_ele=1.8326, JES_muon=1.52599, QCD_stat_ele=2.27375, QCD_stat_muon=5.49923, VBS_stat_ele=1.06757, VBS_stat_muon=1.20258, ele_efficiency=0.128152, ele_trigger=0.308124, fakephoton_ele=3.12629, fakephoton_muon=1.36995, interference=1.26737, lumi=1.70942, mu_efficiency=0.664573, mu_trigger=2.07802, non_prompt_stat_ele=5.28586, non_prompt_stat_muon=1.35482, others_stat_ele=0.437609, others_stat_muon=1.44035, others_xs=2.0636, param=0.536224, pdf_ele=-0.840144, pdf_muon=1.94969, photon_id=3.55477, pileup=1.14176, scale_ele=1.44103, scale_muon=4.60282
RooProdPdf::model_s[ modelObs_s * nuisancePdf ]
     getLogVal() top-level p.d.f evaluates to zero @ !pdfs=(modelObs_s = 0/1,nuisancePdf = 1)

[#0] WARNING:Minization -- RooMinimizerFcn: Minimized function has error status.
Returning maximum FCN so far (1132.84) to force MIGRAD to back out of this region. Error log follows
Parameter values: JER_ele=1.07635, JER_muon=-0.244093, JES_ele=1.82488, JES_muon=1.47817, QCD_stat_ele=2.23947, QCD_stat_muon=5.42006, VBS_stat_ele=1.04915, VBS_stat_muon=1.16046, ele_efficiency=0.124649, ele_trigger=0.292859, fakephoton_ele=3.07141, fakephoton_muon=1.35796, interference=1.24912, lumi=1.68987, mu_efficiency=0.657657, mu_trigger=2.04758, non_prompt_stat_ele=5.23497, non_prompt_stat_muon=1.31288, others_stat_ele=0.415682, others_stat_muon=1.40104, others_xs=2.04021, param=0.542924, pdf_ele=-0.874796, pdf_muon=1.88499, photon_id=3.49529, pileup=1.14788, scale_ele=1.39579, scale_muon=4.50949
RooProdPdf::model_s[ modelObs_s * nuisancePdf ]
     getLogVal() top-level p.d.f evaluates to zero @ !pdfs=(modelObs_s = 0/1,nuisancePdf = 1)

[#0] WARNING:Minization -- RooMinimizerFcn: Minimized function has error status.
Returning maximum FCN so far (1132.84) to force MIGRAD to back out of this region. Error log follows
Parameter values: JER_ele=5.57976, JER_muon=6.44216, JES_ele=6.99777, JES_muon=4.74906, QCD_stat_ele=-3.56639, QCD_stat_muon=5.446, VBS_stat_ele=6.97039, VBS_stat_muon=6.37306, ele_efficiency=1.85521, ele_trigger=5.97097, fakephoton_ele=-6.99719, fakephoton_muon=6.05469, interference=6.67295, lumi=6.97199, mu_efficiency=3.56152, mu_trigger=6.27899, non_prompt_stat_ele=3.92139, non_prompt_stat_muon=5.69908, others_stat_ele=6.99999, others_stat_muon=6.05102, others_xs=6.24883, param=0.159036, pdf_ele=6.83806, pdf_muon=-0.473918, photon_id=-6.93839, pileup=2.20566, scale_ele=-3.32297, scale_muon=2.9593
RooProdPdf::model_s[ modelObs_s * nuisancePdf ]
     getLogVal() top-level p.d.f evaluates to zero @ !pdfs=(modelObs_s = 0/1,nuisancePdf = 1)

[#0] WARNING:Minization -- RooMinimizerFcn: Minimized function has error status.
Returning maximum FCN so far (1132.84) to force MIGRAD to back out of this region. Error log follows
Parameter values: JER_ele=1.05059, JER_muon=-0.305964, JES_ele=1.77635, JES_muon=1.36555, QCD_stat_ele=2.09622, QCD_stat_muon=5.21068, VBS_stat_ele=1.02719, VBS_stat_muon=1.12217, ele_efficiency=0.113703, ele_trigger=0.248927, fakephoton_ele=2.91737, fakephoton_muon=1.31667, interference=1.21281, lumi=1.63778, mu_efficiency=0.638181, mu_trigger=1.96996, non_prompt_stat_ele=5.07889, non_prompt_stat_muon=1.20359, others_stat_ele=0.343015, others_stat_muon=1.29746, others_xs=1.95889, param=0.515222, pdf_ele=-0.942909, pdf_muon=1.75026, photon_id=3.33411, pileup=1.1481, scale_ele=1.24224, scale_muon=4.26676
RooProdPdf::model_s[ modelObs_s * nuisancePdf ]
     getLogVal() top-level p.d.f evaluates to zero @ !pdfs=(modelObs_s = 0/1,nuisancePdf = 1)

[#0] WARNING:Minization -- RooMinimizerFcn: Minimized function has error status.
Returning maximum FCN so far (1132.84) to force MIGRAD to back out of this region. Error log follows
Parameter values: JER_ele=1.06184, JER_muon=-0.263953, JES_ele=1.79967, JES_muon=1.41995, QCD_stat_ele=2.18386, QCD_stat_muon=5.29158, VBS_stat_ele=1.04683, VBS_stat_muon=1.13505, ele_efficiency=0.121614, ele_trigger=0.282592, fakephoton_ele=3.01417, fakephoton_muon=1.32686, interference=1.22429, lumi=1.65821, mu_efficiency=0.643328, mu_trigger=1.99724, non_prompt_stat_ele=5.17027, non_prompt_stat_muon=1.25174, others_stat_ele=0.393913, others_stat_muon=1.34583, others_xs=1.99389, param=0.51732, pdf_ele=-0.877089, pdf_muon=1.81467, photon_id=3.41285, pileup=1.13607, scale_ele=1.34851, scale_muon=4.37109
RooProdPdf::model_s[ modelObs_s * nuisancePdf ]
     getLogVal() top-level p.d.f evaluates to zero @ !pdfs=(modelObs_s = 0/1,nuisancePdf = 1)

[#0] WARNING:Minization -- RooMinimizerFcn: Minimized function has error status.
Returning maximum FCN so far (1132.84) to force MIGRAD to back out of this region. Error log follows
Parameter values: JER_ele=1.56375, JER_muon=0.538196, JES_ele=2.6043, JES_muon=2.79403, QCD_stat_ele=4.14779, QCD_stat_muon=6.95046, VBS_stat_ele=1.92936, VBS_stat_muon=2.33859, ele_efficiency=0.287686, ele_trigger=0.930222, fakephoton_ele=5.2865, fakephoton_muon=1.87111, interference=1.93103, lumi=2.55634, mu_efficiency=0.932769, mu_trigger=3.06514, non_prompt_stat_ele=6.90798, non_prompt_stat_muon=2.51841, others_stat_ele=1.38417, others_stat_muon=2.54145, others_xs=3.06194, param=0.452485, pdf_ele=0.108767, pdf_muon=3.60719, photon_id=5.45591, pileup=1.23768, scale_ele=3.47236, scale_muon=6.62872
RooProdPdf::model_s[ modelObs_s * nuisancePdf ]
     getLogVal() top-level p.d.f evaluates to zero @ !pdfs=(modelObs_s = 0/1,nuisancePdf = 1)

[#0] WARNING:Minization -- RooMinimizerFcn: Minimized function has error status.
Returning maximum FCN so far (1132.84) to force MIGRAD to back out of this region. Error log follows
Parameter values: JER_ele=5.88799, JER_muon=6.68968, JES_ele=6.96306, JES_muon=3.60952, QCD_stat_ele=-5.27317, QCD_stat_muon=6.97889, VBS_stat_ele=6.99588, VBS_stat_muon=5.79454, ele_efficiency=2.01142, ele_trigger=6.27381, fakephoton_ele=-6.32237, fakephoton_muon=6.32524, interference=6.85861, lumi=6.81989, mu_efficiency=3.8202, mu_trigger=5.67732, non_prompt_stat_ele=6.48797, non_prompt_stat_muon=4.86544, others_stat_ele=6.93181, others_stat_muon=5.35187, others_xs=5.63835, param=0.0818012, pdf_ele=6.9734, pdf_muon=-2.35571, photon_id=-6.77512, pileup=2.35704, scale_ele=-5.10316, scale_muon=5.93966
RooProdPdf::model_s[ modelObs_s * nuisancePdf ]
     getLogVal() top-level p.d.f evaluates to zero @ !pdfs=(modelObs_s = 0/1,nuisancePdf = 1)

[#0] WARNING:Minization -- RooMinimizerFcn: Minimized function has error status.
Returning maximum FCN so far (1132.84) to force MIGRAD to back out of this region. Error log follows
Parameter values: JER_ele=1.10906, JER_muon=-0.202006, JES_ele=1.86942, JES_muon=1.52695, QCD_stat_ele=2.34407, QCD_stat_muon=5.50061, VBS_stat_ele=1.15269, VBS_stat_muon=1.28533, ele_efficiency=0.134511, ele_trigger=0.331785, fakephoton_ele=3.23173, fakephoton_muon=1.37157, interference=1.2975, lumi=1.74415, mu_efficiency=0.669086, mu_trigger=2.09064, non_prompt_stat_ele=5.39978, non_prompt_stat_muon=1.34481, others_stat_ele=0.464694, others_stat_muon=1.43251, others_xs=2.07888, param=0.482081, pdf_ele=-0.805861, pdf_muon=1.97225, photon_id=3.60524, pileup=1.15225, scale_ele=1.51554, scale_muon=4.60802
RooProdPdf::model_s[ modelObs_s * nuisancePdf ]
     getLogVal() top-level p.d.f evaluates to zero @ !pdfs=(modelObs_s = 0/1,nuisancePdf = 1)

[#0] WARNING:Minization -- RooMinimizerFcn: Minimized function has error status.
Returning maximum FCN so far (1132.84) to force MIGRAD to back out of this region. Error log follows
Parameter values: JER_ele=1.09749, JER_muon=-0.207833, JES_ele=1.85564, JES_muon=1.51491, QCD_stat_ele=2.32264, QCD_stat_muon=5.46264, VBS_stat_ele=1.12057, VBS_stat_muon=1.23354, ele_efficiency=0.13308, ele_trigger=0.327468, fakephoton_ele=3.16861, fakephoton_muon=1.36187, interference=1.27736, lumi=1.72377, mu_efficiency=0.663061, mu_trigger=2.07177, non_prompt_stat_ele=5.33087, non_prompt_stat_muon=1.33368, others_stat_ele=0.459333, others_stat_muon=1.42561, others_xs=2.0664, param=0.495412, pdf_ele=-0.806512, pdf_muon=1.94541, photon_id=3.5727, pileup=1.14312, scale_ele=1.49772, scale_muon=4.57466
RooProdPdf::model_s[ modelObs_s * nuisancePdf ]
     getLogVal() top-level p.d.f evaluates to zero @ !pdfs=(modelObs_s = 0/1,nuisancePdf = 1)

[#0] WARNING:Minization -- RooMinimizerFcn: Minimized function has error status.
Returning maximum FCN so far (1132.84) to force MIGRAD to back out of this region. Error log follows
Parameter values: JER_ele=1.74479, JER_muon=0.831704, JES_ele=2.88753, JES_muon=3.26879, QCD_stat_ele=4.76297, QCD_stat_muon=6.96727, VBS_stat_ele=2.25473, VBS_stat_muon=2.77556, ele_efficiency=0.348022, ele_trigger=1.16408, fakephoton_ele=5.91144, fakephoton_muon=2.06395, interference=2.18848, lumi=2.87552, mu_efficiency=1.03812, mu_trigger=3.43595, non_prompt_stat_ele=6.99192, non_prompt_stat_muon=2.95355, others_stat_ele=1.73426, others_stat_muon=2.95443, others_xs=3.42846, param=0.402871, pdf_ele=0.470864, pdf_muon=4.20303, photon_id=6.01582, pileup=1.27486, scale_ele=4.16311, scale_muon=6.95005
RooProdPdf::model_s[ modelObs_s * nuisancePdf ]
     getLogVal() top-level p.d.f evaluates to zero @ !pdfs=(modelObs_s = 0/1,nuisancePdf = 1)

[#0] WARNING:Minization -- RooMinimizerFcn: Minimized function has error status.
Returning maximum FCN so far (1132.84) to force MIGRAD to back out of this region. Error log follows
Parameter values: JER_ele=5.41349, JER_muon=6.2287, JES_ele=6.97304, JES_muon=5.29187, QCD_stat_ele=-2.43622, QCD_stat_muon=3.82384, VBS_stat_ele=6.90078, VBS_stat_muon=6.65043, ele_efficiency=1.76146, ele_trigger=5.76005, fakephoton_ele=-6.86625, fakephoton_muon=5.9025, interference=6.5457, lumi=6.99894, mu_efficiency=3.43489, mu_trigger=6.52158, non_prompt_stat_ele=1.96489, non_prompt_stat_muon=6.10932, others_stat_ele=6.975, others_stat_muon=6.37706, others_xs=6.50471, param=0.104281, pdf_ele=6.67842, pdf_muon=0.58412, photon_id=-6.59792, pileup=2.19734, scale_ele=-2.13388, scale_muon=1.00018
RooProdPdf::model_s[ modelObs_s * nuisancePdf ]
     getLogVal() top-level p.d.f evaluates to zero @ !pdfs=(modelObs_s = 0/1,nuisancePdf = 1)

[#0] WARNING:Minization -- RooMinimizerFcn: Minimized function has error status.
Returning maximum FCN so far (1132.84) to force MIGRAD to back out of this region. Error log follows
Parameter values: JER_ele=1.50269, JER_muon=0.51482, JES_ele=2.5041, JES_muon=2.7497, QCD_stat_ele=3.90787, QCD_stat_muon=6.93125, VBS_stat_ele=1.84395, VBS_stat_muon=2.3194, ele_efficiency=0.266683, ele_trigger=0.848649, fakephoton_ele=5.02394, fakephoton_muon=1.84874, interference=1.90508, lumi=2.49942, mu_efficiency=0.923155, mu_trigger=3.03066, non_prompt_stat_ele=6.79867, non_prompt_stat_muon=2.46713, others_stat_ele=1.25449, others_stat_muon=2.49419, others_xs=2.98439, param=0.420707, pdf_ele=-0.0116854, pdf_muon=3.55794, photon_id=5.34192, pileup=1.2311, scale_ele=3.21409, scale_muon=6.58394
RooProdPdf::model_s[ modelObs_s * nuisancePdf ]
     getLogVal() top-level p.d.f evaluates to zero @ !pdfs=(modelObs_s = 0/1,nuisancePdf = 1)

[#0] WARNING:Minization -- RooMinimizerFcn: Minimized function has error status.
Returning maximum FCN so far (1132.84) to force MIGRAD to back out of this region. Error log follows
Parameter values: JER_ele=1.08458, JER_muon=-0.182773, JES_ele=1.82648, JES_muon=1.53584, QCD_stat_ele=2.24051, QCD_stat_muon=5.49969, VBS_stat_ele=1.13993, VBS_stat_muon=1.32058, ele_efficiency=0.127916, ele_trigger=0.307558, fakephoton_ele=3.10317, fakephoton_muon=1.36551, interference=1.30049, lumi=1.73203, mu_efficiency=0.668348, mu_trigger=2.09205, non_prompt_stat_ele=5.26239, non_prompt_stat_muon=1.34376, others_stat_ele=0.42049, others_stat_muon=1.43302, others_xs=2.05371, param=0.44671, pdf_ele=-0.828991, pdf_muon=1.99271, photon_id=3.57525, pileup=1.14248, scale_ele=1.4178, scale_muon=4.61492
RooProdPdf::model_s[ modelObs_s * nuisancePdf ]
     getLogVal() top-level p.d.f evaluates to zero @ !pdfs=(modelObs_s = 0/1,nuisancePdf = 1)

[#0] WARNING:Minization -- RooMinimizerFcn: Minimized function has error status.
Returning maximum FCN so far (1132.84) to force MIGRAD to back out of this region. Error log follows
Parameter values: JER_ele=1.14025, JER_muon=-0.122299, JES_ele=1.91684, JES_muon=1.65935, QCD_stat_ele=2.45859, QCD_stat_muon=5.72572, VBS_stat_ele=1.22816, VBS_stat_muon=1.42532, ele_efficiency=0.144528, ele_trigger=0.371122, fakephoton_ele=3.36102, fakephoton_muon=1.41946, interference=1.36791, lumi=1.8221, mu_efficiency=0.696352, mu_trigger=2.19372, non_prompt_stat_ele=5.5272, non_prompt_stat_muon=1.45868, others_stat_ele=0.519158, others_stat_muon=1.54162, others_xs=2.16218, param=0.443594, pdf_ele=-0.744331, pdf_muon=2.15553, photon_id=3.79366, pileup=1.16008, scale_ele=1.64197, scale_muon=4.88052
RooProdPdf::model_s[ modelObs_s * nuisancePdf ]
     getLogVal() top-level p.d.f evaluates to zero @ !pdfs=(modelObs_s = 0/1,nuisancePdf = 1)

[#0] WARNING:Minization -- RooMinimizerFcn: Minimized function has error status.
Returning maximum FCN so far (1132.84) to force MIGRAD to back out of this region. Error log follows
Parameter values: JER_ele=1.49252, JER_muon=0.45307, JES_ele=2.48691, JES_muon=2.64233, QCD_stat_ele=3.86477, QCD_stat_muon=6.87414, VBS_stat_ele=1.8359, VBS_stat_muon=2.24493, ele_efficiency=0.263288, ele_trigger=0.835612, fakephoton_ele=4.98639, fakephoton_muon=1.80295, interference=1.8606, lumi=2.45258, mu_efficiency=0.900273, mu_trigger=2.94815, non_prompt_stat_ele=6.78067, non_prompt_stat_muon=2.36125, others_stat_ele=1.23026, others_stat_muon=2.39675, others_xs=2.92187, param=0.401294, pdf_ele=-0.0286813, pdf_muon=3.42707, photon_id=5.24054, pileup=1.22536, scale_ele=3.17008, scale_muon=6.4675
RooProdPdf::model_s[ modelObs_s * nuisancePdf ]
     getLogVal() top-level p.d.f evaluates to zero @ !pdfs=(modelObs_s = 0/1,nuisancePdf = 1)

[#0] WARNING:Minization -- RooMinimizerFcn: Minimized function has error status.
Returning maximum FCN so far (1132.84) to force MIGRAD to back out of this region. Error log follows
Parameter values: JER_ele=5.72306, JER_muon=6.57156, JES_ele=6.99495, JES_muon=4.07258, QCD_stat_ele=-4.37827, QCD_stat_muon=6.65875, VBS_stat_ele=6.98884, VBS_stat_muon=6.19692, ele_efficiency=1.92176, ele_trigger=6.10304, fakephoton_ele=-6.84367, fakephoton_muon=6.22102, interference=6.77799, lumi=6.91063, mu_efficiency=3.71997, mu_trigger=5.94123, non_prompt_stat_ele=5.31235, non_prompt_stat_muon=5.25796, others_stat_ele=6.98782, others_stat_muon=5.66632, others_xs=5.93338, param=0.0694873, pdf_ele=6.90352, pdf_muon=-1.5826, photon_id=-6.97933, pileup=2.31848, scale_ele=-4.1879, scale_muon=5.02821
RooProdPdf::model_s[ modelObs_s * nuisancePdf ]
     getLogVal() top-level p.d.f evaluates to zero @ !pdfs=(modelObs_s = 0/1,nuisancePdf = 1)

[#0] WARNING:Minization -- RooMinimizerFcn: Minimized function has error status.
Returning maximum FCN so far (1132.84) to force MIGRAD to back out of this region. Error log follows
Parameter values: JER_ele=1.20712, JER_muon=0.0418965, JES_ele=2.0267, JES_muon=1.9377, QCD_stat_ele=2.74356, QCD_stat_muon=6.15154, VBS_stat_ele=1.34816, VBS_stat_muon=1.64461, ele_efficiency=0.168225, ele_trigger=0.464905, fakephoton_ele=3.68048, fakephoton_muon=1.52192, interference=1.49568, lumi=1.97477, mu_efficiency=0.751126, mu_trigger=2.40194, non_prompt_stat_ele=5.82718, non_prompt_stat_muon=1.70962, others_stat_ele=0.662096, others_stat_muon=1.78118, others_xs=2.34897, param=0.428058, pdf_ele=-0.592639, pdf_muon=2.51812, photon_id=4.17939, pileup=1.17085, scale_ele=1.95461, scale_muon=5.4111
RooProdPdf::model_s[ modelObs_s * nuisancePdf ]
     getLogVal() top-level p.d.f evaluates to zero @ !pdfs=(modelObs_s = 0/1,nuisancePdf = 1)

[#0] WARNING:Minization -- RooMinimizerFcn: Minimized function has error status.
Returning maximum FCN so far (1132.84) to force MIGRAD to back out of this region. Error log follows
Parameter values: JER_ele=5.15415, JER_muon=6.13245, JES_ele=6.89341, JES_muon=5.52221, QCD_stat_ele=-0.966265, QCD_stat_muon=2.7311, VBS_stat_ele=6.72748, VBS_stat_muon=6.83957, ele_efficiency=1.65538, ele_trigger=5.51284, fakephoton_ele=-6.16997, fakephoton_muon=5.79194, interference=6.41337, lumi=6.98968, mu_efficiency=3.34277, mu_trigger=6.65079, non_prompt_stat_ele=-0.98174, non_prompt_stat_muon=6.28479, others_stat_ele=6.8915, others_stat_muon=6.50555, others_xs=6.67862, param=0.119223, pdf_ele=6.48292, pdf_muon=1.15843, photon_id=-6.10075, pileup=2.09498, scale_ele=-0.700825, scale_muon=-0.0609588
RooProdPdf::model_s[ modelObs_s * nuisancePdf ]
     getLogVal() top-level p.d.f evaluates to zero @ !pdfs=(modelObs_s = 0/1,nuisancePdf = 1)

[#0] WARNING:Minization -- RooMinimizerFcn: Minimized function has error status.
Returning maximum FCN so far (1132.84) to force MIGRAD to back out of this region. Error log follows
Parameter values: JER_ele=2.40906, JER_muon=6.79036, JES_ele=3.81299, JES_muon=-3.47099, QCD_stat_ele=6.15932, QCD_stat_muon=-6.95487, VBS_stat_ele=3.63803, VBS_stat_muon=3.24802, ele_efficiency=0.533598, ele_trigger=1.86002, fakephoton_ele=6.43169, fakephoton_muon=6.97801, interference=6.99541, lumi=6.95695, mu_efficiency=4.88772, mu_trigger=1.16984, non_prompt_stat_ele=6.8031, non_prompt_stat_muon=-0.816698, others_stat_ele=2.86985, others_stat_muon=0.348669, others_xs=6.07031, param=0.354179, pdf_ele=1.51031, pdf_muon=-6.92337, photon_id=-6.90746, pileup=2.26145, scale_ele=5.86647, scale_muon=-5.2213
RooProdPdf::model_s[ modelObs_s * nuisancePdf ]
     getLogVal() top-level p.d.f evaluates to zero @ !pdfs=(modelObs_s = 0/1,nuisancePdf = 1)

[#0] WARNING:Minization -- RooMinimizerFcn: Minimized function has error status.
Returning maximum FCN so far (1132.84) to force MIGRAD to back out of this region. Error log follows
Parameter values: JER_ele=2.02786, JER_muon=2.23739, JES_ele=3.34437, JES_muon=5.40074, QCD_stat_ele=5.57787, QCD_stat_muon=2.41456, VBS_stat_ele=2.70291, VBS_stat_muon=4.34115, ele_efficiency=0.443181, ele_trigger=1.52946, fakephoton_ele=6.55029, fakephoton_muon=3.00547, interference=3.25301, lumi=3.95881, mu_efficiency=1.5691, mu_trigger=5.103, non_prompt_stat_ele=6.60981, non_prompt_stat_muon=4.90006, others_stat_ele=2.26949, others_stat_muon=4.83749, others_xs=4.69157, param=0.10707, pdf_ele=1.03767, pdf_muon=6.43519, photon_id=7, pileup=1.41793, scale_ele=5.14789, scale_muon=3.90696
RooProdPdf::model_s[ modelObs_s * nuisancePdf ]
     getLogVal() top-level p.d.f evaluates to zero @ !pdfs=(modelObs_s = 0/1,nuisancePdf = 1)

[#0] WARNING:Minization -- RooMinimizerFcn: Minimized function has error status.
Returning maximum FCN so far (1132.84) to force MIGRAD to back out of this region. Error log follows
Parameter values: JER_ele=2.83148, JER_muon=-0.948958, JES_ele=4.71018, JES_muon=0.999311, QCD_stat_ele=6.99114, QCD_stat_muon=3.11672, VBS_stat_ele=2.98378, VBS_stat_muon=-0.474514, ele_efficiency=0.734628, ele_trigger=2.59801, fakephoton_ele=6.96391, fakephoton_muon=1.3296, interference=1.22391, lumi=2.74703, mu_efficiency=0.575902, mu_trigger=1.68143, non_prompt_stat_ele=5.1972, non_prompt_stat_muon=1.00003, others_stat_ele=3.8881, others_stat_muon=1.56647, others_xs=3.74872, param=0.0560236, pdf_ele=2.39245, pdf_muon=0.730782, photon_id=5.69088, pileup=1.36656, scale_ele=6.87909, scale_muon=3.18047
RooProdPdf::model_s[ modelObs_s * nuisancePdf ]
     getLogVal() top-level p.d.f evaluates to zero @ !pdfs=(modelObs_s = 0/1,nuisancePdf = 1)

[#0] WARNING:Minization -- RooMinimizerFcn: Minimized function has error status.
Returning maximum FCN so far (1132.84) to force MIGRAD to back out of this region. Error log follows
Parameter values: JER_ele=1.58734, JER_muon=-3.50325, JES_ele=3.0882, JES_muon=-2.75018, QCD_stat_ele=4.53258, QCD_stat_muon=-6.03252, VBS_stat_ele=-0.227908, VBS_stat_muon=-4.08045, ele_efficiency=0.280028, ele_trigger=0.839494, fakephoton_ele=6.045, fakephoton_muon=0.0584496, interference=-0.601552, lumi=0.471115, mu_efficiency=-0.124633, mu_trigger=-1.14705, non_prompt_stat_ele=6.70331, non_prompt_stat_muon=-2.45629, others_stat_ele=1.60713, others_stat_muon=-1.84768, others_xs=1.16634, param=0.0118811, pdf_ele=-1.09714, pdf_muon=-4.56807, photon_id=-0.441032, pileup=1.36173, scale_ele=4.42844, scale_muon=-6.17702
RooProdPdf::model_s[ modelObs_s * nuisancePdf ]
     getLogVal() top-level p.d.f evaluates to zero @ !pdfs=(modelObs_s = 0/1,nuisancePdf = 1)

[#0] WARNING:Minization -- RooMinimizerFcn: Minimized function has error status.
Returning maximum FCN so far (1132.84) to force MIGRAD to back out of this region. Error log follows
Parameter values: JER_ele=1.7124, JER_muon=-2.51919, JES_ele=2.85905, JES_muon=-2.89333, QCD_stat_ele=4.68369, QCD_stat_muon=-5.92709, VBS_stat_ele=2.20392, VBS_stat_muon=-1.35654, ele_efficiency=0.344364, ele_trigger=1.15254, fakephoton_ele=6.24888, fakephoton_muon=-0.341632, interference=-0.216577, lumi=0.624738, mu_efficiency=-0.202533, mu_trigger=-1.32071, non_prompt_stat_ele=6.84984, non_prompt_stat_muon=-2.69903, others_stat_ele=1.61665, others_stat_muon=-2.33523, others_xs=0.48964, param=0.0116808, pdf_ele=0.416334, pdf_muon=-3.69093, photon_id=-0.130997, pileup=1.0223, scale_ele=4.14344, scale_muon=-6.19228
RooProdPdf::model_s[ modelObs_s * nuisancePdf ]
     getLogVal() top-level p.d.f evaluates to zero @ !pdfs=(modelObs_s = 0/1,nuisancePdf = 1)

[#0] WARNING:Minization -- RooMinimizerFcn: Minimized function has error status.
Returning maximum FCN so far (1132.84) to force MIGRAD to back out of this region. Error log follows
Parameter values: JER_ele=1.7374, JER_muon=-2.40486, JES_ele=2.89802, JES_muon=-2.73594, QCD_stat_ele=4.78443, QCD_stat_muon=-5.64417, VBS_stat_ele=2.27373, VBS_stat_muon=-1.22162, ele_efficiency=0.355349, ele_trigger=1.19724, fakephoton_ele=6.31915, fakephoton_muon=-0.282721, interference=-0.150209, lumi=0.701317, mu_efficiency=-0.171533, mu_trigger=-1.19673, non_prompt_stat_ele=6.81116, non_prompt_stat_muon=-2.5495, others_stat_ele=1.67757, others_stat_muon=-2.19083, others_xs=0.592263, param=0.0115607, pdf_ele=0.557336, pdf_muon=-3.47527, photon_id=0.128475, pileup=1.01932, scale_ele=4.23093, scale_muon=-5.95109
RooProdPdf::model_s[ modelObs_s * nuisancePdf ]
     getLogVal() top-level p.d.f evaluates to zero @ !pdfs=(modelObs_s = 0/1,nuisancePdf = 1)

[#0] WARNING:Minization -- RooMinimizerFcn: Minimized function has error status.
Returning maximum FCN so far (1132.84) to force MIGRAD to back out of this region. Error log follows
Parameter values: JER_ele=1.76208, JER_muon=-2.29297, JES_ele=2.93814, JES_muon=-2.53015, QCD_stat_ele=4.86831, QCD_stat_muon=-5.24229, VBS_stat_ele=2.31137, VBS_stat_muon=-1.07935, ele_efficiency=0.364058, ele_trigger=1.23108, fakephoton_ele=6.37676, fakephoton_muon=-0.20029, interference=-0.0602114, lumi=0.799842, mu_efficiency=-0.128671, mu_trigger=-1.02913, non_prompt_stat_ele=6.7655, non_prompt_stat_muon=-2.36423, others_stat_ele=1.73023, others_stat_muon=-2.01219, others_xs=0.720278, param=0.01153, pdf_ele=0.614278, pdf_muon=-3.21863, photon_id=0.43421, pileup=1.029, scale_ele=4.326, scale_muon=-5.60353
RooProdPdf::model_s[ modelObs_s * nuisancePdf ]
     getLogVal() top-level p.d.f evaluates to zero @ !pdfs=(modelObs_s = 0/1,nuisancePdf = 1)

[#0] WARNING:Minization -- RooMinimizerFcn: Minimized function has error status.
Returning maximum FCN so far (1132.84) to force MIGRAD to back out of this region. Error log follows
Parameter values: JER_ele=1.78503, JER_muon=-2.157, JES_ele=2.97519, JES_muon=-2.27636, QCD_stat_ele=4.94413, QCD_stat_muon=-4.69374, VBS_stat_ele=2.34614, VBS_stat_muon=-0.906007, ele_efficiency=0.372067, ele_trigger=1.26212, fakephoton_ele=6.42494, fakephoton_muon=-0.0998286, interference=0.0480936, lumi=0.914401, mu_efficiency=-0.0764382, mu_trigger=-0.824202, non_prompt_stat_ele=6.72183, non_prompt_stat_muon=-2.13658, others_stat_ele=1.77923, others_stat_muon=-1.79346, others_xs=0.868886, param=0.0115058, pdf_ele=0.662762, pdf_muon=-2.89946, photon_id=0.789927, pileup=1.04069, scale_ele=4.41355, scale_muon=-5.12241
RooProdPdf::model_s[ modelObs_s * nuisancePdf ]
     getLogVal() top-level p.d.f evaluates to zero @ !pdfs=(modelObs_s = 0/1,nuisancePdf = 1)

[#0] WARNING:Minization -- RooMinimizerFcn: Minimized function has error status.
Returning maximum FCN so far (1132.84) to force MIGRAD to back out of this region. Error log follows
Parameter values: JER_ele=1.80322, JER_muon=-1.99394, JES_ele=3.00434, JES_muon=-1.96974, QCD_stat_ele=5.00261, QCD_stat_muon=-3.96394, VBS_stat_ele=2.37402, VBS_stat_muon=-0.699013, ele_efficiency=0.378378, ele_trigger=1.28658, fakephoton_ele=6.45674, fakephoton_muon=0.0198433, interference=0.175142, lumi=1.04366, mu_efficiency=-0.0142275, mu_trigger=-0.579229, non_prompt_stat_ele=6.69069, non_prompt_stat_muon=-1.8622, others_stat_ele=1.81876, others_stat_muon=-1.53099, others_xs=1.03665, param=0.0114857, pdf_ele=0.700847, pdf_muon=-2.50967, photon_id=1.19195, pileup=1.054, scale_ele=4.48183, scale_muon=-4.47322
RooProdPdf::model_s[ modelObs_s * nuisancePdf ]
     getLogVal() top-level p.d.f evaluates to zero @ !pdfs=(modelObs_s = 0/1,nuisancePdf = 1)

[#0] WARNING:Minization -- RooMinimizerFcn: Minimized function has error status.
Returning maximum FCN so far (1132.84) to force MIGRAD to back out of this region. Error log follows
Parameter values: JER_ele=1.81263, JER_muon=-1.80377, JES_ele=3.01908, JES_muon=-1.60978, QCD_stat_ele=5.03097, QCD_stat_muon=-3.03137, VBS_stat_ele=2.38908, VBS_stat_muon=-0.458922, ele_efficiency=0.381566, ele_trigger=1.29895, fakephoton_ele=6.4631, fakephoton_muon=0.158325, interference=0.319637, lumi=1.18406, mu_efficiency=0.0577637, mu_trigger=-0.294874, non_prompt_stat_ele=6.68581, non_prompt_stat_muon=-1.54081, others_stat_ele=1.84062, others_stat_muon=-1.225, others_xs=1.219, param=0.0114719, pdf_ele=0.720252, pdf_muon=-2.0472, photon_id=1.62835, pileup=1.0686, scale_ele=4.51609, scale_muon=-3.63181
RooProdPdf::model_s[ modelObs_s * nuisancePdf ]
     getLogVal() top-level p.d.f evaluates to zero @ !pdfs=(modelObs_s = 0/1,nuisancePdf = 1)

[#0] WARNING:Minization -- RooMinimizerFcn: Minimized function has error status.
Returning maximum FCN so far (1132.84) to force MIGRAD to back out of this region. Error log follows
Parameter values: JER_ele=1.80874, JER_muon=-1.59036, JES_ele=3.01211, JES_muon=-1.20372, QCD_stat_ele=5.01479, QCD_stat_muon=-1.90743, VBS_stat_ele=2.38466, VBS_stat_muon=-0.191225, ele_efficiency=0.380037, ele_trigger=1.29308, fakephoton_ele=6.43305, fakephoton_muon=0.312446, interference=0.477334, lumi=1.32908, mu_efficiency=0.137912, mu_trigger=0.0222791, non_prompt_stat_ele=6.71937, non_prompt_stat_muon=-1.1789, others_stat_ele=1.83553, others_stat_muon=-0.882159, others_xs=1.40748, param=0.011467, pdf_ele=0.711461, pdf_muon=-1.52052, photon_id=2.07766, pileup=1.08387, scale_ele=4.49979, scale_muon=-2.60272
RooProdPdf::model_s[ modelObs_s * nuisancePdf ]
     getLogVal() top-level p.d.f evaluates to zero @ !pdfs=(modelObs_s = 0/1,nuisancePdf = 1)

[#0] WARNING:Minization -- RooMinimizerFcn: Minimized function has error status.
Returning maximum FCN so far (1132.84) to force MIGRAD to back out of this region. Error log follows
Parameter values: JER_ele=1.78774, JER_muon=-1.36246, JES_ele=2.97722, JES_muon=-0.768782, QCD_stat_ele=4.9409, QCD_stat_muon=-0.652967, VBS_stat_ele=2.35505, VBS_stat_muon=0.0925038, ele_efficiency=0.372448, ele_trigger=1.26375, fakephoton_ele=6.35404, fakephoton_muon=0.475637, interference=0.64066, lumi=1.4696, mu_efficiency=0.222837, mu_trigger=0.358352, non_prompt_stat_ele=6.79292, non_prompt_stat_muon=-0.791738, others_stat_ele=1.79554, others_stat_muon=-0.517273, others_xs=1.59026, param=0.011474, pdf_ele=0.666411, pdf_muon=-0.952203, photon_id=2.51077, pileup=1.09889, scale_ele=4.41798, scale_muon=-1.43591
RooProdPdf::model_s[ modelObs_s * nuisancePdf ]
     getLogVal() top-level p.d.f evaluates to zero @ !pdfs=(modelObs_s = 0/1,nuisancePdf = 1)

[#0] WARNING:Minization -- RooMinimizerFcn: Minimized function has error status.
Returning maximum FCN so far (1132.84) to force MIGRAD to back out of this region. Error log follows
Parameter values: JER_ele=1.74804, JER_muon=-1.1332, JES_ele=2.91168, JES_muon=-0.331153, QCD_stat_ele=4.80156, QCD_stat_muon=0.625178, VBS_stat_ele=2.29777, VBS_stat_muon=0.375553, ele_efficiency=0.358263, ele_trigger=1.20885, fakephoton_ele=6.21395, fakephoton_muon=0.638462, interference=0.799606, lumi=1.59558, mu_efficiency=0.307669, mu_trigger=0.693355, non_prompt_stat_ele=6.88871, non_prompt_stat_muon=-0.402336, others_stat_ele=1.71714, others_stat_muon=-0.152137, others_xs=1.75438, param=0.011495, pdf_ele=0.58181, pdf_muon=-0.377671, photon_id=2.89724, pileup=1.11261, scale_ele=4.2623, scale_muon=-0.226374
RooProdPdf::model_s[ modelObs_s * nuisancePdf ]
     getLogVal() top-level p.d.f evaluates to zero @ !pdfs=(modelObs_s = 0/1,nuisancePdf = 1)

[#0] WARNING:Minization -- RooMinimizerFcn: Minimized function has error status.
Returning maximum FCN so far (1132.84) to force MIGRAD to back out of this region. Error log follows
Parameter values: JER_ele=1.69143, JER_muon=-0.917334, JES_ele=2.81822, JES_muon=0.0799068, QCD_stat_ele=4.59875, QCD_stat_muon=1.80706, VBS_stat_ele=2.21527, VBS_stat_muon=0.639758, ele_efficiency=0.338155, ele_trigger=1.13088, fakephoton_ele=6.00611, fakephoton_muon=0.790652, interference=0.944058, lumi=1.69886, mu_efficiency=0.387076, mu_trigger=1.00566, non_prompt_stat_ele=6.97071, non_prompt_stat_muon=-0.0364272, others_stat_ele=1.60369, others_stat_muon=0.189287, others_xs=1.88929, param=0.01153, pdf_ele=0.461575, pdf_muon=0.16297, photon_id=3.21392, pileup=1.12413, scale_ele=4.03576, scale_muon=0.913406
RooProdPdf::model_s[ modelObs_s * nuisancePdf ]
     getLogVal() top-level p.d.f evaluates to zero @ !pdfs=(modelObs_s = 0/1,nuisancePdf = 1)

[#0] WARNING:Minization -- RooMinimizerFcn: Minimized function has error status.
Returning maximum FCN so far (1132.84) to force MIGRAD to back out of this region. Error log follows
Parameter values: JER_ele=1.62292, JER_muon=-0.727181, JES_ele=2.70478, JES_muon=0.440365, QCD_stat_ele=4.34574, QCD_stat_muon=2.80407, VBS_stat_ele=2.11477, VBS_stat_muon=0.870494, ele_efficiency=0.313923, ele_trigger=1.03673, fakephoton_ele=5.73511, fakephoton_muon=0.923878, interference=1.06657, lumi=1.77545, mu_efficiency=0.456702, mu_trigger=1.27802, non_prompt_stat_ele=6.99966, non_prompt_stat_muon=0.284776, others_stat_ele=1.46517, others_stat_muon=0.487591, others_xs=1.98985, param=0.0115756, pdf_ele=0.316417, pdf_muon=0.636776, photon_id=3.45119, pileup=1.13296, scale_ele=3.75414, scale_muon=1.8945
RooProdPdf::model_s[ modelObs_s * nuisancePdf ]
     getLogVal() top-level p.d.f evaluates to zero @ !pdfs=(modelObs_s = 0/1,nuisancePdf = 1)

[#0] WARNING:Minization -- RooMinimizerFcn: Minimized function has error status.
Returning maximum FCN so far (1132.84) to force MIGRAD to back out of this region. Error log follows
Parameter values: JER_ele=1.5491, JER_muon=-0.569627, JES_ele=2.58205, JES_muon=0.737348, QCD_stat_ele=4.06393, QCD_stat_muon=3.58293, VBS_stat_ele=2.00593, VBS_stat_muon=1.06013, ele_efficiency=0.287909, ele_trigger=0.935446, fakephoton_ele=5.41847, fakephoton_muon=1.03371, interference=1.16403, lumi=1.82613, mu_efficiency=0.514196, mu_trigger=1.50157, non_prompt_stat_ele=6.95265, non_prompt_stat_muon=0.549798, others_stat_ele=1.315, others_stat_muon=0.732599, others_xs=2.05701, param=0.0116266, pdf_ele=0.160392, pdf_muon=1.0263, photon_id=3.61303, pileup=1.13907, scale_ele=3.44206, scale_muon=2.67679
RooProdPdf::model_s[ modelObs_s * nuisancePdf ]
     getLogVal() top-level p.d.f evaluates to zero @ !pdfs=(modelObs_s = 0/1,nuisancePdf = 1)

[#0] WARNING:Minization -- RooMinimizerFcn: Minimized function has error status.
Returning maximum FCN so far (1132.84) to force MIGRAD to back out of this region. Error log follows
Parameter values: JER_ele=1.47612, JER_muon=-0.445683, JES_ele=2.46022, JES_muon=0.969629, QCD_stat_ele=3.77651, QCD_stat_muon=4.15768, VBS_stat_ele=1.89788, VBS_stat_muon=1.20823, ele_efficiency=0.262275, ele_trigger=0.83546, fakephoton_ele=5.08147, fakephoton_muon=1.11977, interference=1.23733, lumi=1.85506, mu_efficiency=0.559315, mu_trigger=1.67599, non_prompt_stat_ele=6.83163, non_prompt_stat_muon=0.757406, others_stat_ele=1.16587, others_stat_muon=0.923652, others_xs=2.0961, param=0.0116764, pdf_ele=0.00654609, pdf_muon=1.33009, photon_id=3.71219, pileup=1.14286, scale_ele=3.12547, scale_muon=3.26541
RooProdPdf::model_s[ modelObs_s * nuisancePdf ]
     getLogVal() top-level p.d.f evaluates to zero @ !pdfs=(modelObs_s = 0/1,nuisancePdf = 1)

[#0] WARNING:Minization -- RooMinimizerFcn: Minimized function has error status.
Returning maximum FCN so far (1132.84) to force MIGRAD to back out of this region. Error log follows
Parameter values: JER_ele=1.40836, JER_muon=-0.352167, JES_ele=2.34666, JES_muon=1.14396, QCD_stat_ele=3.50236, QCD_stat_muon=4.56588, VBS_stat_ele=1.79722, VBS_stat_muon=1.31925, ele_efficiency=0.238543, ele_trigger=0.742744, fakephoton_ele=4.74886, fakephoton_muon=1.18452, interference=1.28988, lumi=1.8677, mu_efficiency=0.593298, mu_trigger=1.80671, non_prompt_stat_ele=6.6568, non_prompt_stat_muon=0.913456, others_stat_ele=1.02696, others_stat_muon=1.06657, others_xs=2.11405, param=0.0117197, pdf_ele=-0.1359, pdf_muon=1.55745, photon_id=3.76421, pileup=1.14485, scale_ele=2.82506, scale_muon=3.69069
RooProdPdf::model_s[ modelObs_s * nuisancePdf ]
     getLogVal() top-level p.d.f evaluates to zero @ !pdfs=(modelObs_s = 0/1,nuisancePdf = 1)

[#0] WARNING:Minization -- RooMinimizerFcn: Minimized function has error status.
Returning maximum FCN so far (1132.84) to force MIGRAD to back out of this region. Error log follows
Parameter values: JER_ele=1.34817, JER_muon=-0.283966, JES_ele=2.24543, JES_muon=1.27055, QCD_stat_ele=3.25337, QCD_stat_muon=4.84867, VBS_stat_ele=1.70754, VBS_stat_muon=1.39975, ele_efficiency=0.217508, ele_trigger=0.660462, fakephoton_ele=4.43885, fakephoton_muon=1.23163, interference=1.32594, lumi=1.86916, mu_efficiency=0.61805, mu_trigger=1.90154, non_prompt_stat_ele=6.45393, non_prompt_stat_muon=1.02691, others_stat_ele=0.903241, others_stat_muon=1.16991, others_xs=2.11742, param=0.0117532, pdf_ele=-0.262116, pdf_muon=1.72216, photon_id=3.78332, pileup=1.14556, scale_ele=2.55348, scale_muon=3.98934
RooProdPdf::model_s[ modelObs_s * nuisancePdf ]
     getLogVal() top-level p.d.f evaluates to zero @ !pdfs=(modelObs_s = 0/1,nuisancePdf = 1)

[#0] WARNING:Minization -- RooMinimizerFcn: Minimized function has error status.
Returning maximum FCN so far (1132.84) to force MIGRAD to back out of this region. Error log follows
Parameter values: JER_ele=1.29623, JER_muon=-0.235739, JES_ele=2.15782, JES_muon=1.35974, QCD_stat_ele=3.03473, QCD_stat_muon=5.04086, VBS_stat_ele=1.62997, VBS_stat_muon=1.45636, ele_efficiency=0.199391, ele_trigger=0.589525, fakephoton_ele=4.16144, fakephoton_muon=1.26489, interference=1.34949, lumi=1.86346, mu_efficiency=0.635537, mu_trigger=1.96833, non_prompt_stat_ele=6.24506, non_prompt_stat_muon=1.10695, others_stat_ele=0.79628, others_stat_muon=1.24235, others_xs=2.11137, param=0.0117754, pdf_ele=-0.370758, pdf_muon=1.83803, photon_id=3.78061, pileup=1.14543, scale_ele=2.31597, scale_muon=4.19421
RooProdPdf::model_s[ modelObs_s * nuisancePdf ]
     getLogVal() top-level p.d.f evaluates to zero @ !pdfs=(modelObs_s = 0/1,nuisancePdf = 1)

[#0] WARNING:Minization -- RooMinimizerFcn: Minimized function has error status.
Returning maximum FCN so far (1132.84) to force MIGRAD to back out of this region. Error log follows
Parameter values: JER_ele=1.25218, JER_muon=-0.202794, JES_ele=2.08336, JES_muon=1.42051, QCD_stat_ele=2.84683, QCD_stat_muon=5.16864, VBS_stat_ele=1.56406, VBS_stat_muon=1.49481, ele_efficiency=0.184053, ele_trigger=0.529426, fakephoton_ele=3.91984, fakephoton_muon=1.28759, interference=1.36383, lumi=1.85341, mu_efficiency=0.647473, mu_trigger=2.01381, non_prompt_stat_ele=6.04492, non_prompt_stat_muon=1.16154, others_stat_ele=0.705446, others_stat_muon=1.29132, others_xs=2.09953, param=0.0117863, pdf_ele=-0.46267, pdf_muon=1.91691, photon_id=3.76396, pileup=1.14477, scale_ele=2.11253, scale_muon=4.331
RooProdPdf::model_s[ modelObs_s * nuisancePdf ]
     getLogVal() top-level p.d.f evaluates to zero @ !pdfs=(modelObs_s = 0/1,nuisancePdf = 1)

[#0] WARNING:Minization -- RooMinimizerFcn: Minimized function has error status.
Returning maximum FCN so far (1132.84) to force MIGRAD to back out of this region. Error log follows
Parameter values: JER_ele=1.21515, JER_muon=-0.181371, JES_ele=2.02064, JES_muon=1.45994, QCD_stat_ele=2.68721, QCD_stat_muon=5.25059, VBS_stat_ele=1.50856, VBS_stat_muon=1.51962, ele_efficiency=0.171176, ele_trigger=0.478938, fakephoton_ele=3.71277, fakephoton_muon=1.30234, interference=1.37144, lumi=1.84085, mu_efficiency=0.65523, mu_trigger=2.04333, non_prompt_stat_ele=5.86138, non_prompt_stat_muon=1.197, others_stat_ele=0.628985, others_stat_muon=1.32272, others_xs=2.08428, param=0.0117868, pdf_ele=-0.539781, pdf_muon=1.96811, photon_id=3.73857, pileup=1.14377, scale_ele=1.94019, scale_muon=4.41853
RooProdPdf::model_s[ modelObs_s * nuisancePdf ]
     getLogVal() top-level p.d.f evaluates to zero @ !pdfs=(modelObs_s = 0/1,nuisancePdf = 1)

[#0] WARNING:Minization -- RooMinimizerFcn: Minimized function has error status.
Returning maximum FCN so far (1132.84) to force MIGRAD to back out of this region. Error log follows
Parameter values: JER_ele=1.18406, JER_muon=-0.168594, JES_ele=1.96793, JES_muon=1.48341, QCD_stat_ele=2.55217, QCD_stat_muon=5.29957, VBS_stat_ele=1.4619, VBS_stat_muon=1.53425, ele_efficiency=0.16038, ele_trigger=0.43659, fakephoton_ele=3.53661, fakephoton_muon=1.31113, interference=1.37415, lumi=1.82689, mu_efficiency=0.659851, mu_trigger=2.06089, non_prompt_stat_ele=5.69731, non_prompt_stat_muon=1.21814, others_stat_ele=0.56473, others_stat_muon=1.34099, others_xs=2.06707, param=0.0117782, pdf_ele=-0.60439, pdf_muon=1.99864, photon_id=3.70773, pileup=1.14256, scale_ele=1.79471, scale_muon=4.47018
RooProdPdf::model_s[ modelObs_s * nuisancePdf ]
     getLogVal() top-level p.d.f evaluates to zero @ !pdfs=(modelObs_s = 0/1,nuisancePdf = 1)

[#0] WARNING:Minization -- RooMinimizerFcn: Minimized function has error status.
Returning maximum FCN so far (1132.84) to force MIGRAD to back out of this region. Error log follows
Parameter values: JER_ele=1.15787, JER_muon=-0.162326, JES_ele=1.92345, JES_muon=1.49489, QCD_stat_ele=2.43767, QCD_stat_muon=5.32446, VBS_stat_ele=1.42252, VBS_stat_muon=1.54122, ele_efficiency=0.15129, ele_trigger=0.400921, fakephoton_ele=3.38682, fakephoton_muon=1.31544, interference=1.37326, lumi=1.81216, mu_efficiency=0.662115, mu_trigger=2.06949, non_prompt_stat_ele=5.55251, non_prompt_stat_muon=1.22852, others_stat_ele=0.510515, others_stat_muon=1.34942, others_xs=2.04875, param=0.0117619, pdf_ele=-0.658754, pdf_muon=2.01367, photon_id=3.67345, pileup=1.14124, scale_ele=1.67158, scale_muon=4.49538
RooProdPdf::model_s[ modelObs_s * nuisancePdf ]
     getLogVal() top-level p.d.f evaluates to zero @ !pdfs=(modelObs_s = 0/1,nuisancePdf = 1)

[#0] WARNING:Minization -- RooMinimizerFcn: Minimized function has error status.
Returning maximum FCN so far (1132.84) to force MIGRAD to back out of this region. Error log follows
Parameter values: JER_ele=1.1356, JER_muon=-0.160991, JES_ele=1.88561, JES_muon=1.4973, QCD_stat_ele=2.33988, QCD_stat_muon=5.33138, VBS_stat_ele=1.389, VBS_stat_muon=1.5424, ele_efficiency=0.143568, ele_trigger=0.370616, fakephoton_ele=3.25878, fakephoton_muon=1.31635, interference=1.36967, lumi=1.797, mu_efficiency=0.662592, mu_trigger=2.07131, non_prompt_stat_ele=5.42515, non_prompt_stat_muon=1.23075, others_stat_ele=0.464371, others_stat_muon=1.35041, others_xs=2.02978, param=0.0117391, pdf_ele=-0.704908, pdf_muon=2.01698, photon_id=3.63688, pileup=1.13983, scale_ele=1.56656, scale_muon=4.50074
RooProdPdf::model_s[ modelObs_s * nuisancePdf ]
     getLogVal() top-level p.d.f evaluates to zero @ !pdfs=(modelObs_s = 0/1,nuisancePdf = 1)

[#0] WARNING:Minization -- RooMinimizerFcn: Minimized function has error status.
Returning maximum FCN so far (1132.84) to force MIGRAD to back out of this region. Error log follows
Parameter values: JER_ele=1.11643, JER_muon=-0.163433, JES_ele=1.85301, JES_muon=1.49277, QCD_stat_ele=2.25539, QCD_stat_muon=5.32461, VBS_stat_ele=1.3601, VBS_stat_muon=1.53915, ele_efficiency=0.136927, ele_trigger=0.344543, fakephoton_ele=3.14826, fakephoton_muon=1.31467, interference=1.36405, lumi=1.78158, mu_efficiency=0.661701, mu_trigger=2.06792, non_prompt_stat_ele=5.31271, non_prompt_stat_muon=1.22674, others_stat_ele=0.424601, others_stat_muon=1.3457, others_xs=2.01039, param=0.0117109, pdf_ele=-0.744589, pdf_muon=2.01131, photon_id=3.59867, pileup=1.13837, scale_ele=1.47594, scale_muon=4.49095
RooProdPdf::model_s[ modelObs_s * nuisancePdf ]
     getLogVal() top-level p.d.f evaluates to zero @ !pdfs=(modelObs_s = 0/1,nuisancePdf = 1)

[#0] WARNING:Minization -- RooMinimizerFcn: Minimized function has error status.
Returning maximum FCN so far (1132.84) to force MIGRAD to back out of this region. Error log follows
Parameter values: JER_ele=-3.12547, JER_muon=-5.89769, JES_ele=-5.09102, JES_muon=-6.98736, QCD_stat_ele=-4.05829, QCD_stat_muon=6.66005, VBS_stat_ele=-4.79298, VBS_stat_muon=-5.81025, ele_efficiency=-1.34193, ele_trigger=-4.95259, fakephoton_ele=1.2783, fakephoton_muon=-3.33686, interference=-4.16199, lumi=-5.34518, mu_efficiency=-1.81336, mu_trigger=-6.27565, non_prompt_stat_ele=6.76579, non_prompt_stat_muon=-6.96022, others_stat_ele=-6.59756, others_stat_muon=-6.87174, others_xs=-6.41268, param=0.0236369, pdf_ele=-6.87878, pdf_muon=-5.93927, photon_id=-2.13044, pileup=0.360181, scale_ele=-2.61284, scale_muon=6.72228
RooProdPdf::model_s[ modelObs_s * nuisancePdf ]
     getLogVal() top-level p.d.f evaluates to zero @ !pdfs=(modelObs_s = 0/1,nuisancePdf = 1)

[#0] WARNING:Minization -- RooMinimizerFcn: Minimized function has error status.
Returning maximum FCN so far (488.031) to force MIGRAD to back out of this region. Error log follows
Parameter values: JER_ele=4.6168, JER_muon=0.778103, JES_ele=2.97457, JES_muon=5.45653, QCD_stat_ele=6.09881, QCD_stat_muon=6.59443, VBS_stat_ele=2.20794, VBS_stat_muon=4.75678, ele_efficiency=0.49371, ele_trigger=3.25049, fakephoton_ele=4.46191, fakephoton_muon=3.12413, interference=-0.354617, lumi=2.88143, mu_efficiency=-2.18127, mu_trigger=4.57361, non_prompt_stat_ele=5.27763, non_prompt_stat_muon=3.83777, others_stat_ele=-0.462915, others_stat_muon=4.51089, others_xs=4.80441, param=0.29918, pdf_ele=6.23366, pdf_muon=5.6254, photon_id=5.4324, pileup=0.348157, scale_ele=5.90883, scale_muon=6.54731
RooProdPdf::model_s[ modelObs_s * nuisancePdf ]
     getLogVal() top-level p.d.f evaluates to zero @ !pdfs=(modelObs_s = 0/1,nuisancePdf = 1)

[#0] WARNING:Minization -- RooMinimizerFcn: Minimized function has error status.
Returning maximum FCN so far (488.031) to force MIGRAD to back out of this region. Error log follows
Parameter values: JER_ele=4.86999, JER_muon=5.19528, JES_ele=6.43797, JES_muon=-5.60975, QCD_stat_ele=-6.55223, QCD_stat_muon=6.9545, VBS_stat_ele=6.99999, VBS_stat_muon=-6.77056, ele_efficiency=1.6747, ele_trigger=5.7512, fakephoton_ele=6.99475, fakephoton_muon=2.34384, interference=6.13106, lumi=5.10586, mu_efficiency=4.93163, mu_trigger=-0.250521, non_prompt_stat_ele=6.62344, non_prompt_stat_muon=4.05846, others_stat_ele=5.60548, others_stat_muon=-6.21116, others_xs=3.09276, param=0.528108, pdf_ele=6.91972, pdf_muon=-4.95513, photon_id=-3.05688, pileup=1.45944, scale_ele=-1.56589, scale_muon=-6.91882
RooProdPdf::model_s[ modelObs_s * nuisancePdf ]
     getLogVal() top-level p.d.f evaluates to zero @ !pdfs=(modelObs_s = 0/1,nuisancePdf = 1)

[#0] WARNING:Minization -- RooMinimizerFcn: Minimized function has error status.
Returning maximum FCN so far (802.694) to force MIGRAD to back out of this region. Error log follows
Parameter values: JER_ele=5.73653, JER_muon=3.72185, JES_ele=5.99961, JES_muon=-6.58972, QCD_stat_ele=0.472177, QCD_stat_muon=-6.56566, VBS_stat_ele=6.77571, VBS_stat_muon=-6.70254, ele_efficiency=1.38404, ele_trigger=5.62533, fakephoton_ele=6.99805, fakephoton_muon=0.830905, interference=6.15894, lumi=3.97389, mu_efficiency=4.11764, mu_trigger=-5.05478, non_prompt_stat_ele=6.53323, non_prompt_stat_muon=4.81689, others_stat_ele=3.66731, others_stat_muon=-6.83173, others_xs=-0.34351, param=0.605166, pdf_ele=6.7815, pdf_muon=2.44504, photon_id=0.231662, pileup=1.66448, scale_ele=2.45833, scale_muon=5.94794
RooProdPdf::model_s[ modelObs_s * nuisancePdf ]
     getLogVal() top-level p.d.f evaluates to zero @ !pdfs=(modelObs_s = 0/1,nuisancePdf = 1)

[#0] WARNING:Minization -- RooMinimizerFcn: Minimized function has error status.
Returning maximum FCN so far (822.351) to force MIGRAD to back out of this region. Error log follows
Parameter values: JER_ele=4.29538, JER_muon=5.34149, JES_ele=4.26635, JES_muon=-6.62399, QCD_stat_ele=6.08743, QCD_stat_muon=2.64758, VBS_stat_ele=5.80565, VBS_stat_muon=-6.65159, ele_efficiency=0.893188, ele_trigger=4.02222, fakephoton_ele=5.52824, fakephoton_muon=2.56379, interference=6.74109, lumi=5.90499, mu_efficiency=3.91871, mu_trigger=-1.90684, non_prompt_stat_ele=6.31857, non_prompt_stat_muon=1.7156, others_stat_ele=2.18854, others_stat_muon=-6.38474, others_xs=3.29108, param=0.629347, pdf_ele=6.57059, pdf_muon=-3.33238, photon_id=-5.78486, pileup=1.38464, scale_ele=6.86087, scale_muon=-4.61469
RooProdPdf::model_s[ modelObs_s * nuisancePdf ]
     getLogVal() top-level p.d.f evaluates to zero @ !pdfs=(modelObs_s = 0/1,nuisancePdf = 1)

[#0] WARNING:Minization -- RooMinimizerFcn: Minimized function has error status.
Returning maximum FCN so far (822.351) to force MIGRAD to back out of this region. Error log follows
Parameter values: JER_ele=5.63238, JER_muon=-3.84223, JES_ele=6.26843, JES_muon=5.02901, QCD_stat_ele=-2.43202, QCD_stat_muon=5.86956, VBS_stat_ele=6.96121, VBS_stat_muon=2.75655, ele_efficiency=1.52109, ele_trigger=5.79136, fakephoton_ele=6.9998, fakephoton_muon=-6.62966, interference=0.850045, lumi=-2.03737, mu_efficiency=6.20444, mu_trigger=-5.02292, non_prompt_stat_ele=6.47309, non_prompt_stat_muon=-6.15253, others_stat_ele=4.49967, others_stat_muon=4.58174, others_xs=-6.40547, param=0.428596, pdf_ele=6.72238, pdf_muon=0.672263, photon_id=4.61324, pileup=2.21692, scale_ele=0.500116, scale_muon=3.16458
RooProdPdf::model_s[ modelObs_s * nuisancePdf ]
     getLogVal() top-level p.d.f evaluates to zero @ !pdfs=(modelObs_s = 0/1,nuisancePdf = 1)

[#0] WARNING:Minization -- RooMinimizerFcn: Minimized function has error status.
Returning maximum FCN so far (822.351) to force MIGRAD to back out of this region. Error log follows
Parameter values: JER_ele=2.17096, JER_muon=3.30098, JES_ele=0.919514, JES_muon=6.63294, QCD_stat_ele=3.284, QCD_stat_muon=5.09137, VBS_stat_ele=0.94022, VBS_stat_muon=6.49006, ele_efficiency=0.131611, ele_trigger=1.24859, fakephoton_ele=1.02757, fakephoton_muon=5.13108, interference=2.36909, lumi=3.59839, mu_efficiency=0.0193318, mu_trigger=5.77453, non_prompt_stat_ele=1.17864, non_prompt_stat_muon=6.88228, others_stat_ele=-0.774361, others_stat_muon=6.58135, others_xs=4.97598, param=0.315133, pdf_ele=2.99707, pdf_muon=6.98874, photon_id=6.62711, pileup=0.370144, scale_ele=2.02743, scale_muon=-0.120118
RooProdPdf::model_s[ modelObs_s * nuisancePdf ]
     getLogVal() top-level p.d.f evaluates to zero @ !pdfs=(modelObs_s = 0/1,nuisancePdf = 1)

[#0] WARNING:Minization -- RooMinimizerFcn: Minimized function has error status.
Returning maximum FCN so far (822.351) to force MIGRAD to back out of this region. Error log follows
Parameter values: JER_ele=6.32487, JER_muon=-6.30633, JES_ele=6.95371, JES_muon=6.67469, QCD_stat_ele=-6.88794, QCD_stat_muon=-2.21807, VBS_stat_ele=6.72409, VBS_stat_muon=6.8589, ele_efficiency=1.99609, ele_trigger=6.63462, fakephoton_ele=6.22074, fakephoton_muon=-6.98744, interference=-2.72018, lumi=-5.63308, mu_efficiency=6.7234, mu_trigger=0.0458272, non_prompt_stat_ele=3.95631, non_prompt_stat_muon=-6.93112, others_stat_ele=5.86645, others_stat_muon=6.19153, others_xs=-6.33605, param=3.40118e-05, pdf_ele=5.11181, pdf_muon=-6.48579, photon_id=-4.1577, pileup=2.57389, scale_ele=-5.43942, scale_muon=0.245256
RooProdPdf::model_s[ modelObs_s * nuisancePdf ]
     getLogVal() top-level p.d.f evaluates to zero @ !pdfs=(modelObs_s = 0/1,nuisancePdf = 1)

[#0] WARNING:Minization -- RooMinimizerFcn: Minimized function has error status.
Returning maximum FCN so far (822.351) to force MIGRAD to back out of this region. Error log follows
Parameter values: JER_ele=2.5964, JER_muon=4.68451, JES_ele=1.66702, JES_muon=6.94448, QCD_stat_ele=5.09846, QCD_stat_muon=0.34222, VBS_stat_ele=1.90768, VBS_stat_muon=6.99146, ele_efficiency=0.287313, ele_trigger=1.84253, fakephoton_ele=2.05783, fakephoton_muon=5.96859, interference=3.73204, lumi=4.96415, mu_efficiency=0.608851, mu_trigger=6.77324, non_prompt_stat_ele=2.44571, non_prompt_stat_muon=5.49951, others_stat_ele=-0.136223, others_stat_muon=6.91899, others_xs=6.24472, param=0.342562, pdf_ele=3.92311, pdf_muon=6.07243, photon_id=6.78397, pileup=0.522848, scale_ele=3.93714, scale_muon=-6.51808
RooProdPdf::model_s[ modelObs_s * nuisancePdf ]
     getLogVal() top-level p.d.f evaluates to zero @ !pdfs=(modelObs_s = 0/1,nuisancePdf = 1)

[#0] WARNING:Minization -- RooMinimizerFcn: Minimized function has error status.
Returning maximum FCN so far (822.351) to force MIGRAD to back out of this region. Error log follows
Parameter values: JER_ele=4.73345, JER_muon=6.86802, JES_ele=5.37727, JES_muon=-0.488281, QCD_stat_ele=3.2847, QCD_stat_muon=-3.39646, VBS_stat_ele=5.81731, VBS_stat_muon=4.14984, ele_efficiency=1.17061, ele_trigger=4.86247, fakephoton_ele=6.22904, fakephoton_muon=4.97359, interference=6.99565, lumi=6.43009, mu_efficiency=2.61769, mu_trigger=3.9905, non_prompt_stat_ele=6.79477, non_prompt_stat_muon=6.998, others_stat_ele=3.7291, others_stat_muon=-5.98628, others_xs=4.12219, param=0.054513, pdf_ele=6.91866, pdf_muon=-5.8023, photon_id=-6.54836, pileup=1.14311, scale_ele=4.45638, scale_muon=5.3278
RooProdPdf::model_s[ modelObs_s * nuisancePdf ]
     getLogVal() top-level p.d.f evaluates to zero @ !pdfs=(modelObs_s = 0/1,nuisancePdf = 1)

[#0] WARNING:Minization -- RooMinimizerFcn: Minimized function has error status.
Returning maximum FCN so far (822.351) to force MIGRAD to back out of this region. Error log follows
Parameter values: JER_ele=2.04569, JER_muon=2.17396, JES_ele=0.577383, JES_muon=5.83371, QCD_stat_ele=2.32815, QCD_stat_muon=6.8673, VBS_stat_ele=0.36313, VBS_stat_muon=5.0742, ele_efficiency=0.0561307, ele_trigger=0.997525, fakephoton_ele=0.516031, fakephoton_muon=4.34005, interference=1.38095, lumi=2.66194, mu_efficiency=-0.436093, mu_trigger=4.808, non_prompt_stat_ele=0.542357, non_prompt_stat_muon=6.8471, others_stat_ele=-1.14566, others_stat_muon=5.6397, others_xs=4.08688, param=0.0131137, pdf_ele=2.61888, pdf_muon=6.34633, photon_id=5.43203, pileup=0.280002, scale_ele=1.05861, scale_muon=4.41457
RooProdPdf::model_s[ modelObs_s * nuisancePdf ]
     getLogVal() top-level p.d.f evaluates to zero @ !pdfs=(modelObs_s = 0/1,nuisancePdf = 1)


 -- Hybrid New -- 
CLs = 0.00242718 +/- 0.00242683
Done in 14.74 min (cpu), 14.88 min (real)
