 <<< Combine >>> 
>>> including systematics
>>> using the Profile Likelihood test statistics modified for upper limits (Q_LHC)
>>> method used is HybridNew
>>> Used OpenSSL to get a really random seed 875892223
Computing results starting from observation (a-posteriori)
[#0] WARNING:Minization -- RooMinimizerFcn: Minimized function has error status.
Returning maximum FCN so far (484.911) to force MIGRAD to back out of this region. Error log follows
Parameter values: JER_ele=1.00549, JER_muon=-2.54928, JES_ele=2.23807, JES_muon=-4.83808, QCD_stat_ele=6.55417, QCD_stat_muon=-1.46992, VBS_stat_ele=1.25381, VBS_stat_muon=-3.63603, ele_efficiency=0.455118, ele_trigger=1.62869, fakephoton_ele=6.35381, fakephoton_muon=-1.5781, interference=-1.90121, lumi=-1.32998, mu_efficiency=-1.9154, mu_trigger=-3.79678, non_prompt_stat_ele=6.55607, non_prompt_stat_muon=-1.74173, others_stat_ele=2.19696, others_stat_muon=-6.02789, others_xs=-2.32036, param=0.0043484, pdf_ele=3.40194, pdf_muon=-5.73896, photon_id=-1.2782, pileup=-0.127047, scale_ele=6.36072, scale_muon=-1.60308
RooProdPdf::model_s[ modelObs_s * nuisancePdf ]
     getLogVal() top-level p.d.f evaluates to zero @ !pdfs=(modelObs_s = 0/1,nuisancePdf = 1)

[#0] WARNING:Minization -- RooMinimizerFcn: Minimized function has error status.
Returning maximum FCN so far (599.507) to force MIGRAD to back out of this region. Error log follows
Parameter values: JER_ele=6.37294, JER_muon=6.79815, JES_ele=-6.61415, JES_muon=5.90817, QCD_stat_ele=-6.19622, QCD_stat_muon=5.64801, VBS_stat_ele=-0.937708, VBS_stat_muon=6.66357, ele_efficiency=-1.7721, ele_trigger=-5.98755, fakephoton_ele=6.81026, fakephoton_muon=-5.56112, interference=-1.69038, lumi=2.0122, mu_efficiency=5.02268, mu_trigger=-6.01609, non_prompt_stat_ele=2.57767, non_prompt_stat_muon=5.95926, others_stat_ele=-5.52748, others_stat_muon=3.57806, others_xs=-4.29853, param=0.00475432, pdf_ele=3.82733, pdf_muon=2.65077, photon_id=4.65127, pileup=-4.23314, scale_ele=-6.92166, scale_muon=0.979291
RooProdPdf::model_s[ modelObs_s * nuisancePdf ]
     getLogVal() top-level p.d.f evaluates to zero @ !pdfs=(modelObs_s = 0/1,nuisancePdf = 1)

[#0] WARNING:Minization -- RooMinimizerFcn: Minimized function has error status.
Returning maximum FCN so far (1036.61) to force MIGRAD to back out of this region. Error log follows
Parameter values: JER_ele=5.38062, JER_muon=-0.49344, JES_ele=6.77395, JES_muon=2.05894, QCD_stat_ele=2.76605, QCD_stat_muon=2.7173, VBS_stat_ele=-2.06672, VBS_stat_muon=1.8038, ele_efficiency=-2.60805, ele_trigger=2.80872, fakephoton_ele=2.60164, fakephoton_muon=-5.95314, interference=3.4623, lumi=-2.17002, mu_efficiency=0.545833, mu_trigger=-0.688868, non_prompt_stat_ele=6.59407, non_prompt_stat_muon=-5.76911, others_stat_ele=0.677817, others_stat_muon=-5.09767, others_xs=-0.626655, param=0.0197734, pdf_ele=-6.64216, pdf_muon=2.63248, photon_id=-5.24741, pileup=-4.98445, scale_ele=-6.99582, scale_muon=-6.95436
RooProdPdf::model_s[ modelObs_s * nuisancePdf ]
     getLogVal() top-level p.d.f evaluates to zero @ !pdfs=(modelObs_s = 0/1,nuisancePdf = 1)

[#0] WARNING:Minization -- RooMinimizerFcn: Minimized function has error status.
Returning maximum FCN so far (1036.61) to force MIGRAD to back out of this region. Error log follows
Parameter values: JER_ele=-0.948545, JER_muon=6.97831, JES_ele=-6.99747, JES_muon=1.86204, QCD_stat_ele=-0.983674, QCD_stat_muon=4.50005, VBS_stat_ele=2.60584, VBS_stat_muon=-4.90113, ele_efficiency=6.96095, ele_trigger=6.525, fakephoton_ele=2.60008, fakephoton_muon=6.34966, interference=-3.82642, lumi=6.69527, mu_efficiency=-6.01643, mu_trigger=6.78361, non_prompt_stat_ele=5.92691, non_prompt_stat_muon=6.17083, others_stat_ele=3.31456, others_stat_muon=6.84582, others_xs=6.24676, param=0.028514, pdf_ele=-5.37736, pdf_muon=6.27232, photon_id=5.94345, pileup=4.17363, scale_ele=6.75671, scale_muon=-5.35416
RooProdPdf::model_s[ modelObs_s * nuisancePdf ]
     getLogVal() top-level p.d.f evaluates to zero @ !pdfs=(modelObs_s = 0/1,nuisancePdf = 1)

[#0] WARNING:Minization -- RooMinimizerFcn: Minimized function has error status.
Returning maximum FCN so far (1036.61) to force MIGRAD to back out of this region. Error log follows
Parameter values: JER_ele=-5.9759, JER_muon=-5.70981, JES_ele=5.08125, JES_muon=-4.78367, QCD_stat_ele=-4.49358, QCD_stat_muon=0.948084, VBS_stat_ele=-2.30171, VBS_stat_muon=-6.995, ele_efficiency=-0.0457724, ele_trigger=-3.30207, fakephoton_ele=4.58846, fakephoton_muon=-6.10751, interference=-2.91254, lumi=-3.50797, mu_efficiency=-0.242693, mu_trigger=-6.69416, non_prompt_stat_ele=5.89169, non_prompt_stat_muon=-3.22791, others_stat_ele=-2.41438, others_stat_muon=-6.32695, others_xs=-3.5229, param=0.0319052, pdf_ele=-5.49095, pdf_muon=4.44472, photon_id=-5.02455, pileup=6.76992, scale_ele=-6.09443, scale_muon=-6.80706
RooProdPdf::model_s[ modelObs_s * nuisancePdf ]
     getLogVal() top-level p.d.f evaluates to zero @ !pdfs=(modelObs_s = 0/1,nuisancePdf = 1)

[#0] WARNING:Minization -- RooMinimizerFcn: Minimized function has error status.
Returning maximum FCN so far (1036.61) to force MIGRAD to back out of this region. Error log follows
Parameter values: JER_ele=-0.550133, JER_muon=6.99996, JES_ele=3.8331, JES_muon=2.42696, QCD_stat_ele=3.19852, QCD_stat_muon=-0.872911, VBS_stat_ele=2.48074, VBS_stat_muon=6.84065, ele_efficiency=0.642218, ele_trigger=1.74736, fakephoton_ele=1.18665, fakephoton_muon=5.72464, interference=6.59916, lumi=6.79549, mu_efficiency=4.07438, mu_trigger=5.47483, non_prompt_stat_ele=6.826, non_prompt_stat_muon=2.92273, others_stat_ele=5.31561, others_stat_muon=4.32666, others_xs=6.93898, param=0.0319905, pdf_ele=3.08378, pdf_muon=-2.61234, photon_id=-1.04444, pileup=4.34215, scale_ele=6.69889, scale_muon=6.6398
RooProdPdf::model_s[ modelObs_s * nuisancePdf ]
     getLogVal() top-level p.d.f evaluates to zero @ !pdfs=(modelObs_s = 0/1,nuisancePdf = 1)

[#0] WARNING:Minization -- RooMinimizerFcn: Minimized function has error status.
Returning maximum FCN so far (973.959) to force MIGRAD to back out of this region. Error log follows
Parameter values: JER_ele=-6.63713, JER_muon=5.41416, JES_ele=1.56266, JES_muon=4.49908, QCD_stat_ele=-6.86444, QCD_stat_muon=-0.569381, VBS_stat_ele=-3.20462, VBS_stat_muon=6.68261, ele_efficiency=3.61783, ele_trigger=6.50356, fakephoton_ele=5.72351, fakephoton_muon=0.418601, interference=5.27224, lumi=-6.04219, mu_efficiency=1.32145, mu_trigger=-0.590811, non_prompt_stat_ele=4.70387, non_prompt_stat_muon=1.83106, others_stat_ele=2.27626, others_stat_muon=-2.1128, others_xs=4.33436, param=0.0339484, pdf_ele=6.90344, pdf_muon=-6.39298, photon_id=-1.78731, pileup=6.14307, scale_ele=2.57552, scale_muon=-5.37306
RooProdPdf::model_s[ modelObs_s * nuisancePdf ]
     getLogVal() top-level p.d.f evaluates to zero @ !pdfs=(modelObs_s = 0/1,nuisancePdf = 1)

[#0] WARNING:Minization -- RooMinimizerFcn: Minimized function has error status.
Returning maximum FCN so far (973.959) to force MIGRAD to back out of this region. Error log follows
Parameter values: JER_ele=1.31622, JER_muon=-1.10161, JES_ele=-1.09756, JES_muon=-3.55636, QCD_stat_ele=1.02305, QCD_stat_muon=3.15614, VBS_stat_ele=-0.280043, VBS_stat_muon=0.0757205, ele_efficiency=2.58965, ele_trigger=-4.49299, fakephoton_ele=5.9107, fakephoton_muon=-3.39727, interference=0.131006, lumi=-4.31772, mu_efficiency=-0.838854, mu_trigger=2.62794, non_prompt_stat_ele=4.27665, non_prompt_stat_muon=0.169207, others_stat_ele=0.711929, others_stat_muon=5.58848, others_xs=0.992453, param=0.0340111, pdf_ele=-1.58632, pdf_muon=2.80654, photon_id=0.737912, pileup=2.5419, scale_ele=1.64063, scale_muon=-1.62757
RooProdPdf::model_s[ modelObs_s * nuisancePdf ]
     getLogVal() top-level p.d.f evaluates to zero @ !pdfs=(modelObs_s = 0/1,nuisancePdf = 1)

[#0] WARNING:Minization -- RooMinimizerFcn: Minimized function has error status.
Returning maximum FCN so far (973.959) to force MIGRAD to back out of this region. Error log follows
Parameter values: JER_ele=3.4523, JER_muon=-3.13164, JES_ele=-1.15083, JES_muon=-6.80907, QCD_stat_ele=6.55094, QCD_stat_muon=5.95607, VBS_stat_ele=1.47754, VBS_stat_muon=-1.6597, ele_efficiency=5.14017, ele_trigger=-6.99737, fakephoton_ele=1.23501, fakephoton_muon=-5.6446, interference=0.380738, lumi=-6.98698, mu_efficiency=-1.59557, mu_trigger=4.9018, non_prompt_stat_ele=6.9412, non_prompt_stat_muon=0.0210425, others_stat_ele=4.04564, others_stat_muon=6.99964, others_xs=1.22148, param=0.0340174, pdf_ele=-1.61736, pdf_muon=4.88332, photon_id=2.01684, pileup=4.91931, scale_ele=6.98504, scale_muon=-4.71562
RooProdPdf::model_s[ modelObs_s * nuisancePdf ]
     getLogVal() top-level p.d.f evaluates to zero @ !pdfs=(modelObs_s = 0/1,nuisancePdf = 1)

[#0] WARNING:Minization -- RooMinimizerFcn: Minimized function has error status.
Returning maximum FCN so far (973.959) to force MIGRAD to back out of this region. Error log follows
Parameter values: JER_ele=-6.20503, JER_muon=6.91398, JES_ele=1.05269, JES_muon=6.48795, QCD_stat_ele=0.287994, QCD_stat_muon=-6.09734, VBS_stat_ele=3.93442, VBS_stat_muon=5.78152, ele_efficiency=-2.1329, ele_trigger=6.99037, fakephoton_ele=2.18908, fakephoton_muon=-1.33443, interference=-6.79534, lumi=1.47461, mu_efficiency=-6.94927, mu_trigger=-0.232575, non_prompt_stat_ele=6.89388, non_prompt_stat_muon=-0.289269, others_stat_ele=-5.04634, others_stat_muon=-4.84898, others_xs=0.621974, param=0.0339973, pdf_ele=-2.08668, pdf_muon=6.33092, photon_id=6.90782, pileup=-6.68522, scale_ele=2.16839, scale_muon=6.89767
RooProdPdf::model_s[ modelObs_s * nuisancePdf ]
     getLogVal() top-level p.d.f evaluates to zero @ !pdfs=(modelObs_s = 0/1,nuisancePdf = 1)

[#0] WARNING:Minization -- RooMinimizerFcn: Minimized function has error status.
Returning maximum FCN so far (973.959) to force MIGRAD to back out of this region. Error log follows
Parameter values: JER_ele=2.99287, JER_muon=-3.29246, JES_ele=-0.200864, JES_muon=-6.5589, QCD_stat_ele=6.28964, QCD_stat_muon=5.53959, VBS_stat_ele=1.87732, VBS_stat_muon=-2.73236, ele_efficiency=4.16246, ele_trigger=-6.62472, fakephoton_ele=5.96712, fakephoton_muon=-4.80954, interference=0.033065, lumi=-6.95904, mu_efficiency=-1.37295, mu_trigger=2.85862, non_prompt_stat_ele=6.71455, non_prompt_stat_muon=2.39183, others_stat_ele=4.1949, others_stat_muon=5.05202, others_xs=0.19681, param=0.0340339, pdf_ele=-0.439845, pdf_muon=2.87982, photon_id=1.24158, pileup=3.84368, scale_ele=6.82121, scale_muon=-4.2303
RooProdPdf::model_s[ modelObs_s * nuisancePdf ]
     getLogVal() top-level p.d.f evaluates to zero @ !pdfs=(modelObs_s = 0/1,nuisancePdf = 1)

[#0] WARNING:Minization -- RooMinimizerFcn: Minimized function has error status.
Returning maximum FCN so far (668.986) to force MIGRAD to back out of this region. Error log follows
Parameter values: JER_ele=1.38453, JER_muon=6.99287, JES_ele=1.21041, JES_muon=2.65423, QCD_stat_ele=-0.123694, QCD_stat_muon=2.73018, VBS_stat_ele=0.391907, VBS_stat_muon=6.49124, ele_efficiency=-0.604754, ele_trigger=0.672833, fakephoton_ele=3.0156, fakephoton_muon=6.05737, interference=6.32767, lumi=5.3405, mu_efficiency=3.25378, mu_trigger=5.50149, non_prompt_stat_ele=4.898, non_prompt_stat_muon=6.2341, others_stat_ele=1.58184, others_stat_muon=6.94177, others_xs=6.8835, param=0.00491954, pdf_ele=1.27926, pdf_muon=-4.4043, photon_id=-1.58441, pileup=-0.558067, scale_ele=2.40489, scale_muon=6.88528
RooProdPdf::model_s[ modelObs_s * nuisancePdf ]
     getLogVal() top-level p.d.f evaluates to zero @ !pdfs=(modelObs_s = 0/1,nuisancePdf = 1)

[#0] WARNING:Minization -- RooMinimizerFcn: Minimized function has error status.
Returning maximum FCN so far (482.538) to force MIGRAD to back out of this region. Error log follows
Parameter values: JER_ele=3.98981, JER_muon=3.86956, JES_ele=5.37628, JES_muon=3.18329, QCD_stat_ele=6.41298, QCD_stat_muon=6.99706, VBS_stat_ele=6.22455, VBS_stat_muon=4.73436, ele_efficiency=-0.807532, ele_trigger=4.45455, fakephoton_ele=4.70606, fakephoton_muon=0.636556, interference=3.91752, lumi=4.17852, mu_efficiency=0.482624, mu_trigger=3.20721, non_prompt_stat_ele=3.58596, non_prompt_stat_muon=3.18072, others_stat_ele=4.4442, others_stat_muon=4.59373, others_xs=4.83861, param=0.0175118, pdf_ele=6.35626, pdf_muon=5.82291, photon_id=5.87241, pileup=2.59368, scale_ele=6.88955, scale_muon=5.97323
RooProdPdf::model_s[ modelObs_s * nuisancePdf ]
     getLogVal() top-level p.d.f evaluates to zero @ !pdfs=(modelObs_s = 0/1,nuisancePdf = 1)

[#0] WARNING:Minization -- RooMinimizerFcn: Minimized function has error status.
Returning maximum FCN so far (506.137) to force MIGRAD to back out of this region. Error log follows
Parameter values: JER_ele=4.56857, JER_muon=0.58188, JES_ele=4.58838, JES_muon=-6.85764, QCD_stat_ele=-3.90765, QCD_stat_muon=-3.24503, VBS_stat_ele=6.24766, VBS_stat_muon=-2.05277, ele_efficiency=-2.3791, ele_trigger=4.13727, fakephoton_ele=6.6427, fakephoton_muon=-3.55261, interference=1.66966, lumi=1.24445, mu_efficiency=-1.77065, mu_trigger=-3.31619, non_prompt_stat_ele=6.27382, non_prompt_stat_muon=-6.91959, others_stat_ele=6.09286, others_stat_muon=-0.671031, others_xs=1.2453, param=0.0174668, pdf_ele=1.80681, pdf_muon=-4.39839, photon_id=6.64004, pileup=3.9211, scale_ele=-6.48918, scale_muon=-6.47676
RooProdPdf::model_s[ modelObs_s * nuisancePdf ]
     getLogVal() top-level p.d.f evaluates to zero @ !pdfs=(modelObs_s = 0/1,nuisancePdf = 1)

[#0] WARNING:Minization -- RooMinimizerFcn: Minimized function has error status.
Returning maximum FCN so far (506.137) to force MIGRAD to back out of this region. Error log follows
Parameter values: JER_ele=2.39393, JER_muon=5.53685, JES_ele=6.13838, JES_muon=6.84617, QCD_stat_ele=-0.953138, QCD_stat_muon=4.60107, VBS_stat_ele=-0.319109, VBS_stat_muon=4.7183, ele_efficiency=-6.98753, ele_trigger=6.02146, fakephoton_ele=3.94949, fakephoton_muon=-0.772574, interference=2.70785, lumi=-3.44596, mu_efficiency=6.94456, mu_trigger=6.35861, non_prompt_stat_ele=4.99336, non_prompt_stat_muon=-5.21189, others_stat_ele=-2.51728, others_stat_muon=-4.82679, others_xs=0.457628, param=0.0172864, pdf_ele=-5.0736, pdf_muon=3.97672, photon_id=5.48148, pileup=0.637529, scale_ele=-3.35333, scale_muon=4.32769
RooProdPdf::model_s[ modelObs_s * nuisancePdf ]
     getLogVal() top-level p.d.f evaluates to zero @ !pdfs=(modelObs_s = 0/1,nuisancePdf = 1)

[#0] WARNING:Minization -- RooMinimizerFcn: Minimized function has error status.
Returning maximum FCN so far (923.943) to force MIGRAD to back out of this region. Error log follows
Parameter values: JER_ele=1.55771, JER_muon=0.0669207, JES_ele=1.12551, JES_muon=-6.82277, QCD_stat_ele=-5.06653, QCD_stat_muon=-6.96224, VBS_stat_ele=2.85261, VBS_stat_muon=-0.704346, ele_efficiency=-2.40984, ele_trigger=1.02276, fakephoton_ele=6.99623, fakephoton_muon=-2.66049, interference=0.539393, lumi=-0.627411, mu_efficiency=-1.37613, mu_trigger=-3.15183, non_prompt_stat_ele=6.04432, non_prompt_stat_muon=-5.25066, others_stat_ele=3.27364, others_stat_muon=-1.60532, others_xs=-0.123632, param=0.0173042, pdf_ele=-0.806526, pdf_muon=-4.22576, photon_id=5.36503, pileup=3.13295, scale_ele=-6.88958, scale_muon=-6.88179
RooProdPdf::model_s[ modelObs_s * nuisancePdf ]
     getLogVal() top-level p.d.f evaluates to zero @ !pdfs=(modelObs_s = 0/1,nuisancePdf = 1)

[#0] WARNING:Minization -- RooMinimizerFcn: Minimized function has error status.
Returning maximum FCN so far (411.753) to force MIGRAD to back out of this region. Error log follows
Parameter values: JER_ele=-6.15472, JER_muon=-6.22463, JES_ele=-6.48929, JES_muon=-5.73908, QCD_stat_ele=-5.76907, QCD_stat_muon=6.69339, VBS_stat_ele=-2.45128, VBS_stat_muon=-3.97546, ele_efficiency=-2.84788, ele_trigger=-5.76785, fakephoton_ele=6.87671, fakephoton_muon=-6.83108, interference=-6.96434, lumi=3.021, mu_efficiency=-5.73889, mu_trigger=5.52998, non_prompt_stat_ele=6.99992, non_prompt_stat_muon=-6.54333, others_stat_ele=5.09225, others_stat_muon=4.7868, others_xs=6.80493, param=0.00482869, pdf_ele=3.29081, pdf_muon=-4.86871, photon_id=-6.82915, pileup=-2.23513, scale_ele=4.76439, scale_muon=0.785158
RooProdPdf::model_s[ modelObs_s * nuisancePdf ]
     getLogVal() top-level p.d.f evaluates to zero @ !pdfs=(modelObs_s = 0/1,nuisancePdf = 1)

[#0] WARNING:Minization -- RooMinimizerFcn: Minimized function has error status.
Returning maximum FCN so far (411.753) to force MIGRAD to back out of this region. Error log follows
Parameter values: JER_ele=2.93955, JER_muon=6.67231, JES_ele=3.61025, JES_muon=-0.633853, QCD_stat_ele=6.45675, QCD_stat_muon=-5.07039, VBS_stat_ele=6.19728, VBS_stat_muon=5.90208, ele_efficiency=0.88413, ele_trigger=0.70114, fakephoton_ele=5.09611, fakephoton_muon=-0.925831, interference=-1.6767, lumi=4.02054, mu_efficiency=-2.10188, mu_trigger=3.26145, non_prompt_stat_ele=6.97674, non_prompt_stat_muon=6.95881, others_stat_ele=1.72374, others_stat_muon=6.86534, others_xs=5.33342, param=0.00473198, pdf_ele=-2.97429, pdf_muon=-6.77672, photon_id=-5.44463, pileup=0.729471, scale_ele=6.93973, scale_muon=-3.46159
RooProdPdf::model_s[ modelObs_s * nuisancePdf ]
     getLogVal() top-level p.d.f evaluates to zero @ !pdfs=(modelObs_s = 0/1,nuisancePdf = 1)

[#0] WARNING:Minization -- RooMinimizerFcn: Minimized function has error status.
Returning maximum FCN so far (37.5968) to force MIGRAD to back out of this region. Error log follows
Parameter values: JER_ele=1.34078, JER_muon=5.47767, JES_ele=6.98837, JES_muon=5.48847, QCD_stat_ele=-5.20514, QCD_stat_muon=-5.53119, VBS_stat_ele=6.99708, VBS_stat_muon=6.2843, ele_efficiency=-5.72304, ele_trigger=1.23051, fakephoton_ele=6.99437, fakephoton_muon=-2.15778, interference=2.2767, lumi=-4.9722, mu_efficiency=-6.8454, mu_trigger=-0.0571253, non_prompt_stat_ele=6.73183, non_prompt_stat_muon=-1.3746, others_stat_ele=6.99955, others_stat_muon=-2.00869, others_xs=5.67136, param=0.00201353, pdf_ele=-5.36522, pdf_muon=1.41346, photon_id=-0.650853, pileup=5.42868, scale_ele=-1.54614, scale_muon=4.24811
RooProdPdf::model_s[ modelObs_s * nuisancePdf ]
     getLogVal() top-level p.d.f evaluates to zero @ !pdfs=(modelObs_s = 0/1,nuisancePdf = 1)

[#0] WARNING:Minization -- RooMinimizerFcn: Minimized function has error status.
Returning maximum FCN so far (776.408) to force MIGRAD to back out of this region. Error log follows
Parameter values: JER_ele=6.98181, JER_muon=-6.70201, JES_ele=-0.914162, JES_muon=1.39522, QCD_stat_ele=-5.85519, QCD_stat_muon=-6.9962, VBS_stat_ele=6.72373, VBS_stat_muon=1.8605, ele_efficiency=-2.47126, ele_trigger=-6.0981, fakephoton_ele=4.58686, fakephoton_muon=-6.49445, interference=5.10838, lumi=6.85466, mu_efficiency=-6.49811, mu_trigger=3.44978, non_prompt_stat_ele=6.34805, non_prompt_stat_muon=-0.0559734, others_stat_ele=6.94689, others_stat_muon=-4.73543, others_xs=-6.95223, param=0.0182167, pdf_ele=5.05368, pdf_muon=2.96365, photon_id=-6.36227, pileup=-6.51974, scale_ele=3.53049, scale_muon=-2.67357
RooProdPdf::model_s[ modelObs_s * nuisancePdf ]
     getLogVal() top-level p.d.f evaluates to zero @ !pdfs=(modelObs_s = 0/1,nuisancePdf = 1)

[#0] WARNING:Minization -- RooMinimizerFcn: Minimized function has error status.
Returning maximum FCN so far (776.408) to force MIGRAD to back out of this region. Error log follows
Parameter values: JER_ele=4.58877, JER_muon=-6.53852, JES_ele=-1.65787, JES_muon=1.81627, QCD_stat_ele=-6.22199, QCD_stat_muon=-6.95907, VBS_stat_ele=3.34216, VBS_stat_muon=-4.83776, ele_efficiency=-6.76148, ele_trigger=-5.14206, fakephoton_ele=4.97901, fakephoton_muon=-2.39186, interference=6.95215, lumi=4.51076, mu_efficiency=-4.55023, mu_trigger=2.34856, non_prompt_stat_ele=4.4726, non_prompt_stat_muon=2.47743, others_stat_ele=4.49495, others_stat_muon=-3.47155, others_xs=-6.0126, param=0.0180472, pdf_ele=1.80004, pdf_muon=6.88592, photon_id=-6.74243, pileup=-6.48587, scale_ele=-5.32868, scale_muon=-5.43495
RooProdPdf::model_s[ modelObs_s * nuisancePdf ]
     getLogVal() top-level p.d.f evaluates to zero @ !pdfs=(modelObs_s = 0/1,nuisancePdf = 1)

[#0] WARNING:Minization -- RooMinimizerFcn: Minimized function has error status.
Returning maximum FCN so far (776.408) to force MIGRAD to back out of this region. Error log follows
Parameter values: JER_ele=3.47801, JER_muon=1.82063, JES_ele=1.24339, JES_muon=6.99835, QCD_stat_ele=3.02338, QCD_stat_muon=4.69372, VBS_stat_ele=3.27434, VBS_stat_muon=1.4244, ele_efficiency=-4.73076, ele_trigger=-0.877086, fakephoton_ele=3.83899, fakephoton_muon=3.62579, interference=6.97297, lumi=5.7899, mu_efficiency=-0.224304, mu_trigger=6.63307, non_prompt_stat_ele=4.98409, non_prompt_stat_muon=2.11294, others_stat_ele=4.57357, others_stat_muon=3.369, others_xs=0.989351, param=0.0178365, pdf_ele=4.12055, pdf_muon=4.79656, photon_id=6.99342, pileup=-2.96261, scale_ele=2.70695, scale_muon=6.62607
RooProdPdf::model_s[ modelObs_s * nuisancePdf ]
     getLogVal() top-level p.d.f evaluates to zero @ !pdfs=(modelObs_s = 0/1,nuisancePdf = 1)

[#0] WARNING:Minization -- RooMinimizerFcn: Minimized function has error status.
Returning maximum FCN so far (776.408) to force MIGRAD to back out of this region. Error log follows
Parameter values: JER_ele=5.9693, JER_muon=6.91877, JES_ele=-3.85776, JES_muon=2.71095, QCD_stat_ele=2.56948, QCD_stat_muon=-4.61102, VBS_stat_ele=6.98056, VBS_stat_muon=5.21591, ele_efficiency=-4.45531, ele_trigger=-0.939197, fakephoton_ele=6.25247, fakephoton_muon=2.83345, interference=2.77164, lumi=6.55007, mu_efficiency=-4.04273, mu_trigger=4.48681, non_prompt_stat_ele=6.68196, non_prompt_stat_muon=6.95958, others_stat_ele=6.88989, others_stat_muon=-6.6134, others_xs=4.40132, param=0.0186583, pdf_ele=2.94507, pdf_muon=6.97648, photon_id=1.40837, pileup=6.19835, scale_ele=-2.67089, scale_muon=-2.44394
RooProdPdf::model_s[ modelObs_s * nuisancePdf ]
     getLogVal() top-level p.d.f evaluates to zero @ !pdfs=(modelObs_s = 0/1,nuisancePdf = 1)

[#0] WARNING:Minization -- RooMinimizerFcn: Minimized function has error status.
Returning maximum FCN so far (776.408) to force MIGRAD to back out of this region. Error log follows
Parameter values: JER_ele=3.04783, JER_muon=1.57934, JES_ele=1.44693, JES_muon=6.68949, QCD_stat_ele=4.2246, QCD_stat_muon=6.75786, VBS_stat_ele=3.11851, VBS_stat_muon=1.21452, ele_efficiency=-4.2018, ele_trigger=-0.457357, fakephoton_ele=2.67884, fakephoton_muon=4.33419, interference=6.92239, lumi=5.05003, mu_efficiency=-0.165918, mu_trigger=5.8702, non_prompt_stat_ele=4.50595, non_prompt_stat_muon=2.04173, others_stat_ele=4.21432, others_stat_muon=2.97112, others_xs=0.960356, param=0.0177914, pdf_ele=4.05898, pdf_muon=6.52379, photon_id=6.91925, pileup=-2.38571, scale_ele=4.51149, scale_muon=6.3432
RooProdPdf::model_s[ modelObs_s * nuisancePdf ]
     getLogVal() top-level p.d.f evaluates to zero @ !pdfs=(modelObs_s = 0/1,nuisancePdf = 1)


 -- Hybrid New -- 
CLs = 0.605392 +/- 0.0375758
Done in 14.29 min (cpu), 14.29 min (real)
