 <<< Combine >>> 
>>> including systematics
>>> using the Profile Likelihood test statistics modified for upper limits (Q_LHC)
>>> method used is HybridNew
>>> Used OpenSSL to get a really random seed -332805784
Computing results starting from observation (a-posteriori)
[#0] WARNING:Minization -- RooMinimizerFcn: Minimized function has error status.
Returning maximum FCN so far (36.4856) to force MIGRAD to back out of this region. Error log follows
Parameter values: JER_ele=-6.08582, JER_muon=6.83059, JES_ele=3.30899, JES_muon=2.67594, QCD_stat_ele=6.98604, QCD_stat_muon=6.92876, VBS_stat_ele=-6.20304, VBS_stat_muon=2.51521, ele_efficiency=-0.881802, ele_trigger=-0.573913, fakephoton_ele=6.99887, fakephoton_muon=-6.99999, interference=-0.522758, lumi=5.84299, mu_efficiency=5.72869, mu_trigger=-5.93492, non_prompt_stat_ele=3.48634, non_prompt_stat_muon=-1.19451, others_stat_ele=-4.91777, others_stat_muon=-4.4147, others_xs=6.95154, param=1.31659, pdf_ele=-5.4199, pdf_muon=-6.73025, photon_id=6.47912, pileup=-5.55752, scale_ele=5.98067, scale_muon=-5.7469
RooProdPdf::model_s[ modelObs_s * nuisancePdf ]
     getLogVal() top-level p.d.f evaluates to zero @ !pdfs=(modelObs_s = 0/1,nuisancePdf = 1)

[#0] WARNING:Minization -- RooMinimizerFcn: Minimized function has error status.
Returning maximum FCN so far (936.752) to force MIGRAD to back out of this region. Error log follows
Parameter values: JER_ele=-6.98883, JER_muon=-6.75244, JES_ele=-3.95103, JES_muon=-0.212902, QCD_stat_ele=-4.1772, QCD_stat_muon=-4.10389, VBS_stat_ele=-6.28459, VBS_stat_muon=-4.8912, ele_efficiency=-4.31212, ele_trigger=-6.99883, fakephoton_ele=5.71312, fakephoton_muon=-5.71801, interference=-6.76021, lumi=-5.74597, mu_efficiency=-2.80418, mu_trigger=-3.02746, non_prompt_stat_ele=6.10246, non_prompt_stat_muon=-6.02449, others_stat_ele=-4.89845, others_stat_muon=0.780046, others_xs=-5.08951, param=1.01568, pdf_ele=-0.521769, pdf_muon=6.22365, photon_id=-2.04646, pileup=5.9403, scale_ele=-6.54956, scale_muon=0.412695
RooProdPdf::model_s[ modelObs_s * nuisancePdf ]
     getLogVal() top-level p.d.f evaluates to zero @ !pdfs=(modelObs_s = 0/1,nuisancePdf = 1)

[#0] WARNING:Minization -- RooMinimizerFcn: Minimized function has error status.
Returning maximum FCN so far (854.994) to force MIGRAD to back out of this region. Error log follows
Parameter values: JER_ele=0.521479, JER_muon=0.995683, JES_ele=0.860701, JES_muon=1.08841, QCD_stat_ele=1.66293, QCD_stat_muon=2.82471, VBS_stat_ele=1.03212, VBS_stat_muon=1.26934, ele_efficiency=0.175621, ele_trigger=0.702904, fakephoton_ele=4.57553, fakephoton_muon=-0.00600416, interference=0.801695, lumi=0.585884, mu_efficiency=0.268139, mu_trigger=1.06565, non_prompt_stat_ele=5.59302, non_prompt_stat_muon=0.768027, others_stat_ele=1.7031, others_stat_muon=1.17464, others_xs=1.22759, param=2.17378, pdf_ele=1.03502, pdf_muon=2.36082, photon_id=2.61598, pileup=0.0905926, scale_ele=1.08647, scale_muon=5.956
RooProdPdf::model_s[ modelObs_s * nuisancePdf ]
     getLogVal() top-level p.d.f evaluates to zero @ !pdfs=(modelObs_s = 0/1,nuisancePdf = 1)

[#0] WARNING:Minization -- RooMinimizerFcn: Minimized function has error status.
Returning maximum FCN so far (854.994) to force MIGRAD to back out of this region. Error log follows
Parameter values: JER_ele=-1.08152, JER_muon=-2.25661, JES_ele=3.88626, JES_muon=3.70026, QCD_stat_ele=0.654769, QCD_stat_muon=-2.23964, VBS_stat_ele=-2.63577, VBS_stat_muon=0.0442642, ele_efficiency=-1.01737, ele_trigger=0.711712, fakephoton_ele=3.51327, fakephoton_muon=3.5552, interference=-0.733611, lumi=5.13416, mu_efficiency=1.73095, mu_trigger=1.7006, non_prompt_stat_ele=6.30834, non_prompt_stat_muon=-4.09307, others_stat_ele=5.27438, others_stat_muon=-3.2396, others_xs=0.23594, param=2.17147, pdf_ele=4.03557, pdf_muon=-5.08711, photon_id=4.65012, pileup=-0.237887, scale_ele=1.49538, scale_muon=-0.959156
RooProdPdf::model_s[ modelObs_s * nuisancePdf ]
     getLogVal() top-level p.d.f evaluates to zero @ !pdfs=(modelObs_s = 0/1,nuisancePdf = 1)

[#0] WARNING:Minization -- RooMinimizerFcn: Minimized function has error status.
Returning maximum FCN so far (854.994) to force MIGRAD to back out of this region. Error log follows
Parameter values: JER_ele=-6.95061, JER_muon=-6.69172, JES_ele=4.93082, JES_muon=0.431509, QCD_stat_ele=2.23274, QCD_stat_muon=0.238401, VBS_stat_ele=0.601453, VBS_stat_muon=1.40952, ele_efficiency=-5.78336, ele_trigger=-5.66237, fakephoton_ele=6.90672, fakephoton_muon=3.60006, interference=-3.30089, lumi=0.294537, mu_efficiency=6.45236, mu_trigger=6.9471, non_prompt_stat_ele=6.97448, non_prompt_stat_muon=-4.85719, others_stat_ele=2.92264, others_stat_muon=-6.70543, others_xs=-5.73517, param=2.17858, pdf_ele=3.11606, pdf_muon=0.136186, photon_id=6.98485, pileup=-1.36162, scale_ele=-0.760455, scale_muon=-3.66236
RooProdPdf::model_s[ modelObs_s * nuisancePdf ]
     getLogVal() top-level p.d.f evaluates to zero @ !pdfs=(modelObs_s = 0/1,nuisancePdf = 1)

[#0] WARNING:Minization -- RooMinimizerFcn: Minimized function has error status.
Returning maximum FCN so far (854.994) to force MIGRAD to back out of this region. Error log follows
Parameter values: JER_ele=1.42241, JER_muon=3.43129, JES_ele=2.87852, JES_muon=5.44793, QCD_stat_ele=5.28075, QCD_stat_muon=5.62556, VBS_stat_ele=2.53025, VBS_stat_muon=4.62395, ele_efficiency=0.410513, ele_trigger=2.01629, fakephoton_ele=6.52146, fakephoton_muon=0.609928, interference=3.09195, lumi=2.04351, mu_efficiency=1.41388, mu_trigger=4.79137, non_prompt_stat_ele=4.84992, non_prompt_stat_muon=3.45977, others_stat_ele=5.38331, others_stat_muon=4.45916, others_xs=4.21832, param=2.13732, pdf_ele=3.33426, pdf_muon=6.9748, photon_id=6.99841, pileup=0.333904, scale_ele=5.75215, scale_muon=-0.318124
RooProdPdf::model_s[ modelObs_s * nuisancePdf ]
     getLogVal() top-level p.d.f evaluates to zero @ !pdfs=(modelObs_s = 0/1,nuisancePdf = 1)

[#0] WARNING:Minization -- RooMinimizerFcn: Minimized function has error status.
Returning maximum FCN so far (854.994) to force MIGRAD to back out of this region. Error log follows
Parameter values: JER_ele=1.40386, JER_muon=0.840527, JES_ele=4.57375, JES_muon=4.83012, QCD_stat_ele=5.94193, QCD_stat_muon=5.25365, VBS_stat_ele=1.24864, VBS_stat_muon=2.26451, ele_efficiency=0.215038, ele_trigger=2.8072, fakephoton_ele=6.85929, fakephoton_muon=2.86704, interference=1.41676, lumi=5.34269, mu_efficiency=1.38134, mu_trigger=3.15951, non_prompt_stat_ele=2.411, non_prompt_stat_muon=-0.430949, others_stat_ele=6.23355, others_stat_muon=0.491557, others_xs=3.50182, param=2.13748, pdf_ele=5.30565, pdf_muon=0.0236839, photon_id=6.94009, pileup=0.163146, scale_ele=6.00221, scale_muon=6.99928
RooProdPdf::model_s[ modelObs_s * nuisancePdf ]
     getLogVal() top-level p.d.f evaluates to zero @ !pdfs=(modelObs_s = 0/1,nuisancePdf = 1)

[#0] WARNING:Minization -- RooMinimizerFcn: Minimized function has error status.
Returning maximum FCN so far (854.994) to force MIGRAD to back out of this region. Error log follows
Parameter values: JER_ele=1.44465, JER_muon=0.662556, JES_ele=3.79931, JES_muon=2.54097, QCD_stat_ele=5.94437, QCD_stat_muon=3.88275, VBS_stat_ele=2.07776, VBS_stat_muon=1.69461, ele_efficiency=0.314156, ele_trigger=2.46192, fakephoton_ele=6.53946, fakephoton_muon=0.901548, interference=1.11191, lumi=2.83452, mu_efficiency=0.841766, mu_trigger=1.94669, non_prompt_stat_ele=3.39525, non_prompt_stat_muon=0.213357, others_stat_ele=5.98393, others_stat_muon=0.944822, others_xs=2.98772, param=2.13556, pdf_ele=4.38668, pdf_muon=2.34162, photon_id=5.85971, pileup=0.131635, scale_ele=6.24331, scale_muon=6.18553
RooProdPdf::model_s[ modelObs_s * nuisancePdf ]
     getLogVal() top-level p.d.f evaluates to zero @ !pdfs=(modelObs_s = 0/1,nuisancePdf = 1)

[#0] WARNING:Minization -- RooMinimizerFcn: Minimized function has error status.
Returning maximum FCN so far (854.994) to force MIGRAD to back out of this region. Error log follows
Parameter values: JER_ele=1.25606, JER_muon=0.308058, JES_ele=3.90454, JES_muon=2.85818, QCD_stat_ele=5.57878, QCD_stat_muon=2.903, VBS_stat_ele=1.5038, VBS_stat_muon=1.40397, ele_efficiency=0.209092, ele_trigger=2.39381, fakephoton_ele=6.9162, fakephoton_muon=1.56655, interference=0.875925, lumi=3.63558, mu_efficiency=0.924837, mu_trigger=1.89117, non_prompt_stat_ele=4.15775, non_prompt_stat_muon=-0.49177, others_stat_ele=5.83642, others_stat_muon=0.216221, others_xs=2.73974, param=2.13746, pdf_ele=4.52569, pdf_muon=0.4307, photon_id=5.89848, pileup=0.100906, scale_ele=5.77355, scale_muon=5.72264
RooProdPdf::model_s[ modelObs_s * nuisancePdf ]
     getLogVal() top-level p.d.f evaluates to zero @ !pdfs=(modelObs_s = 0/1,nuisancePdf = 1)

[#0] WARNING:Minization -- RooMinimizerFcn: Minimized function has error status.
Returning maximum FCN so far (854.994) to force MIGRAD to back out of this region. Error log follows
Parameter values: JER_ele=1.43998, JER_muon=0.439606, JES_ele=3.91865, JES_muon=2.57284, QCD_stat_ele=5.67807, QCD_stat_muon=2.67238, VBS_stat_ele=1.79856, VBS_stat_muon=1.32046, ele_efficiency=0.313342, ele_trigger=2.50739, fakephoton_ele=6.74745, fakephoton_muon=1.26456, interference=0.87653, lumi=3.25937, mu_efficiency=0.805176, mu_trigger=1.76256, non_prompt_stat_ele=3.41889, non_prompt_stat_muon=-0.447574, others_stat_ele=5.92485, others_stat_muon=0.394791, others_xs=2.87181, param=2.13815, pdf_ele=4.58025, pdf_muon=0.774226, photon_id=5.88751, pileup=0.120432, scale_ele=5.87837, scale_muon=5.91945
RooProdPdf::model_s[ modelObs_s * nuisancePdf ]
     getLogVal() top-level p.d.f evaluates to zero @ !pdfs=(modelObs_s = 0/1,nuisancePdf = 1)

[#0] WARNING:Minization -- RooMinimizerFcn: Minimized function has error status.
Returning maximum FCN so far (854.994) to force MIGRAD to back out of this region. Error log follows
Parameter values: JER_ele=1.31292, JER_muon=0.29297, JES_ele=3.94258, JES_muon=2.68013, QCD_stat_ele=5.79616, QCD_stat_muon=2.93669, VBS_stat_ele=1.67052, VBS_stat_muon=1.4064, ele_efficiency=0.229247, ele_trigger=2.44918, fakephoton_ele=6.8121, fakephoton_muon=1.40765, interference=0.8891, lumi=3.49035, mu_efficiency=0.901442, mu_trigger=1.81899, non_prompt_stat_ele=3.78158, non_prompt_stat_muon=-0.372974, others_stat_ele=5.94534, others_stat_muon=0.294744, others_xs=2.7859, param=2.13589, pdf_ele=4.55217, pdf_muon=0.70862, photon_id=5.83843, pileup=0.10171, scale_ele=6.02952, scale_muon=5.51983
RooProdPdf::model_s[ modelObs_s * nuisancePdf ]
     getLogVal() top-level p.d.f evaluates to zero @ !pdfs=(modelObs_s = 0/1,nuisancePdf = 1)

[#0] WARNING:Minization -- RooMinimizerFcn: Minimized function has error status.
Returning maximum FCN so far (854.994) to force MIGRAD to back out of this region. Error log follows
Parameter values: JER_ele=1.22468, JER_muon=0.2651, JES_ele=3.74381, JES_muon=2.50298, QCD_stat_ele=5.44223, QCD_stat_muon=2.54309, VBS_stat_ele=1.53405, VBS_stat_muon=1.27421, ele_efficiency=0.212229, ele_trigger=2.3002, fakephoton_ele=6.94162, fakephoton_muon=1.32563, interference=0.796249, lumi=3.27853, mu_efficiency=0.840884, mu_trigger=1.68936, non_prompt_stat_ele=4.55882, non_prompt_stat_muon=-0.479367, others_stat_ele=5.71394, others_stat_muon=0.229067, others_xs=2.61106, param=2.13767, pdf_ele=4.33869, pdf_muon=0.536036, photon_id=5.60409, pileup=0.0930811, scale_ele=5.65591, scale_muon=5.39161
RooProdPdf::model_s[ modelObs_s * nuisancePdf ]
     getLogVal() top-level p.d.f evaluates to zero @ !pdfs=(modelObs_s = 0/1,nuisancePdf = 1)

[#0] WARNING:Minization -- RooMinimizerFcn: Minimized function has error status.
Returning maximum FCN so far (854.994) to force MIGRAD to back out of this region. Error log follows
Parameter values: JER_ele=1.36481, JER_muon=0.360205, JES_ele=3.85227, JES_muon=2.531, QCD_stat_ele=5.52674, QCD_stat_muon=2.42442, VBS_stat_ele=1.67368, VBS_stat_muon=1.24903, ele_efficiency=0.281503, ele_trigger=2.4306, fakephoton_ele=6.85345, fakephoton_muon=1.30712, interference=0.815521, lumi=3.27109, mu_efficiency=0.802786, mu_trigger=1.70354, non_prompt_stat_ele=3.87564, non_prompt_stat_muon=-0.542236, others_stat_ele=5.82633, others_stat_muon=0.273287, others_xs=2.75671, param=2.13836, pdf_ele=4.50178, pdf_muon=0.526057, photon_id=5.77931, pileup=0.110086, scale_ele=5.71457, scale_muon=5.73281
RooProdPdf::model_s[ modelObs_s * nuisancePdf ]
     getLogVal() top-level p.d.f evaluates to zero @ !pdfs=(modelObs_s = 0/1,nuisancePdf = 1)

[#0] WARNING:Minization -- RooMinimizerFcn: Minimized function has error status.
Returning maximum FCN so far (854.994) to force MIGRAD to back out of this region. Error log follows
Parameter values: JER_ele=1.25424, JER_muon=0.262256, JES_ele=3.8384, JES_muon=2.58241, QCD_stat_ele=5.64047, QCD_stat_muon=2.76727, VBS_stat_ele=1.5961, VBS_stat_muon=1.34751, ele_efficiency=0.21187, ele_trigger=2.36469, fakephoton_ele=6.8897, fakephoton_muon=1.36415, interference=0.843102, lumi=3.38805, mu_efficiency=0.877891, mu_trigger=1.75108, non_prompt_stat_ele=4.23092, non_prompt_stat_muon=-0.407184, others_stat_ele=5.83211, others_stat_muon=0.26057, others_xs=2.68596, param=2.13616, pdf_ele=4.43251, pdf_muon=0.63966, photon_id=5.70146, pileup=0.095041, scale_ele=5.8735, scale_muon=5.38717
RooProdPdf::model_s[ modelObs_s * nuisancePdf ]
     getLogVal() top-level p.d.f evaluates to zero @ !pdfs=(modelObs_s = 0/1,nuisancePdf = 1)

[#0] WARNING:Minization -- RooMinimizerFcn: Minimized function has error status.
Returning maximum FCN so far (854.994) to force MIGRAD to back out of this region. Error log follows
Parameter values: JER_ele=1.16269, JER_muon=0.232582, JES_ele=3.65663, JES_muon=2.45344, QCD_stat_ele=5.28513, QCD_stat_muon=2.41792, VBS_stat_ele=1.44658, VBS_stat_muon=1.23479, ele_efficiency=0.190297, ele_trigger=2.22189, fakephoton_ele=6.98026, fakephoton_muon=1.31895, interference=0.759622, lumi=3.22614, mu_efficiency=0.831557, mu_trigger=1.64813, non_prompt_stat_ele=4.9361, non_prompt_stat_muon=-0.514532, others_stat_ele=5.60408, others_stat_muon=0.183381, others_xs=2.51817, param=2.13789, pdf_ele=4.23585, pdf_muon=0.451051, photon_id=5.49166, pileup=0.0864222, scale_ele=5.49015, scale_muon=5.28098
RooProdPdf::model_s[ modelObs_s * nuisancePdf ]
     getLogVal() top-level p.d.f evaluates to zero @ !pdfs=(modelObs_s = 0/1,nuisancePdf = 1)

[#0] WARNING:Minization -- RooMinimizerFcn: Minimized function has error status.
Returning maximum FCN so far (854.994) to force MIGRAD to back out of this region. Error log follows
Parameter values: JER_ele=1.3006, JER_muon=0.329572, JES_ele=3.7606, JES_muon=2.47801, QCD_stat_ele=5.37324, QCD_stat_muon=2.31521, VBS_stat_ele=1.58802, VBS_stat_muon=1.21275, ele_efficiency=0.258705, ele_trigger=2.34913, fakephoton_ele=6.92143, fakephoton_muon=1.29404, interference=0.780827, lumi=3.2115, mu_efficiency=0.79357, mu_trigger=1.66287, non_prompt_stat_ele=4.3101, non_prompt_stat_muon=-0.568059, others_stat_ele=5.71766, others_stat_muon=0.236714, others_xs=2.66373, param=2.13856, pdf_ele=4.39382, pdf_muon=0.459751, photon_id=5.66742, pileup=0.103307, scale_ele=5.55483, scale_muon=5.63037
RooProdPdf::model_s[ modelObs_s * nuisancePdf ]
     getLogVal() top-level p.d.f evaluates to zero @ !pdfs=(modelObs_s = 0/1,nuisancePdf = 1)

[#0] WARNING:Minization -- RooMinimizerFcn: Minimized function has error status.
Returning maximum FCN so far (854.994) to force MIGRAD to back out of this region. Error log follows
Parameter values: JER_ele=1.19549, JER_muon=0.237125, JES_ele=3.74877, JES_muon=2.53223, QCD_stat_ele=5.4871, QCD_stat_muon=2.64626, VBS_stat_ele=1.51351, VBS_stat_muon=1.30856, ele_efficiency=0.192398, ele_trigger=2.28696, fakephoton_ele=6.94609, fakephoton_muon=1.3512, interference=0.808407, lumi=3.32718, mu_efficiency=0.866097, mu_trigger=1.71114, non_prompt_stat_ele=4.62505, non_prompt_stat_muon=-0.43947, others_stat_ele=5.72446, others_stat_muon=0.22423, others_xs=2.5973, param=2.13641, pdf_ele=4.32879, pdf_muon=0.568761, photon_id=5.59457, pileup=0.0891182, scale_ele=5.71559, scale_muon=5.2985
RooProdPdf::model_s[ modelObs_s * nuisancePdf ]
     getLogVal() top-level p.d.f evaluates to zero @ !pdfs=(modelObs_s = 0/1,nuisancePdf = 1)

[#0] WARNING:Minization -- RooMinimizerFcn: Minimized function has error status.
Returning maximum FCN so far (854.994) to force MIGRAD to back out of this region. Error log follows
Parameter values: JER_ele=1.10709, JER_muon=0.208924, JES_ele=3.57356, JES_muon=2.40889, QCD_stat_ele=5.13529, QCD_stat_muon=2.32087, VBS_stat_ele=1.3699, VBS_stat_muon=1.20272, ele_efficiency=0.171242, ele_trigger=2.14956, fakephoton_ele=6.99759, fakephoton_muon=1.30819, interference=0.729162, lumi=3.17225, mu_efficiency=0.822555, mu_trigger=1.61347, non_prompt_stat_ele=5.25892, non_prompt_stat_muon=-0.539792, others_stat_ele=5.49891, others_stat_muon=0.151614, others_xs=2.43599, param=2.13809, pdf_ele=4.13758, pdf_muon=0.39099, photon_id=5.38711, pileup=0.0807834, scale_ele=5.33136, scale_muon=5.19205
RooProdPdf::model_s[ modelObs_s * nuisancePdf ]
     getLogVal() top-level p.d.f evaluates to zero @ !pdfs=(modelObs_s = 0/1,nuisancePdf = 1)

[#0] WARNING:Minization -- RooMinimizerFcn: Minimized function has error status.
Returning maximum FCN so far (528.827) to force MIGRAD to back out of this region. Error log follows
Parameter values: JER_ele=3.91127, JER_muon=-1.34421, JES_ele=6.9142, JES_muon=-6.74834, QCD_stat_ele=-6.9979, QCD_stat_muon=6.99267, VBS_stat_ele=-6.35935, VBS_stat_muon=-5.83955, ele_efficiency=-2.59712, ele_trigger=-6.30542, fakephoton_ele=-0.31816, fakephoton_muon=6.95486, interference=6.30418, lumi=5.27563, mu_efficiency=-5.63097, mu_trigger=1.80735, non_prompt_stat_ele=0.120678, non_prompt_stat_muon=6.63481, others_stat_ele=5.80879, others_stat_muon=6.9387, others_xs=6.00208, param=1.93022, pdf_ele=-6.99675, pdf_muon=3.15214, photon_id=-5.12943, pileup=-6.41498, scale_ele=2.44845, scale_muon=-4.78945
RooProdPdf::model_s[ modelObs_s * nuisancePdf ]
     getLogVal() top-level p.d.f evaluates to zero @ !pdfs=(modelObs_s = 0/1,nuisancePdf = 1)

[#0] WARNING:Minization -- RooMinimizerFcn: Minimized function has error status.
Returning maximum FCN so far (944.703) to force MIGRAD to back out of this region. Error log follows
Parameter values: JER_ele=0.114628, JER_muon=-6.14447, JES_ele=-5.72, JES_muon=6.462, QCD_stat_ele=3.19561, QCD_stat_muon=-3.85312, VBS_stat_ele=3.38492, VBS_stat_muon=1.20833, ele_efficiency=6.32917, ele_trigger=-5.41123, fakephoton_ele=6.1902, fakephoton_muon=6.72542, interference=-2.8404, lumi=-1.2918, mu_efficiency=3.42527, mu_trigger=5.69731, non_prompt_stat_ele=4.82101, non_prompt_stat_muon=-1.79803, others_stat_ele=-5.29696, others_stat_muon=-3.27678, others_xs=6.99811, param=2.00651, pdf_ele=-6.94596, pdf_muon=2.2382, photon_id=1.2731, pileup=-4.4797, scale_ele=-3.56331, scale_muon=-6.2433
RooProdPdf::model_s[ modelObs_s * nuisancePdf ]
     getLogVal() top-level p.d.f evaluates to zero @ !pdfs=(modelObs_s = 0/1,nuisancePdf = 1)

[#0] WARNING:Minization -- RooMinimizerFcn: Minimized function has error status.
Returning maximum FCN so far (678.1) to force MIGRAD to back out of this region. Error log follows
Parameter values: JER_ele=6.12503, JER_muon=3.14942, JES_ele=-4.66486, JES_muon=3.88977, QCD_stat_ele=-2.99654, QCD_stat_muon=1.56719, VBS_stat_ele=-6.11843, VBS_stat_muon=4.87706, ele_efficiency=-4.78619, ele_trigger=-0.540684, fakephoton_ele=4.08597, fakephoton_muon=-3.28167, interference=-4.51887, lumi=6.72962, mu_efficiency=6.67386, mu_trigger=-5.9071, non_prompt_stat_ele=5.04357, non_prompt_stat_muon=6.49917, others_stat_ele=5.11588, others_stat_muon=-5.69034, others_xs=6.92022, param=1.71423, pdf_ele=-5.64862, pdf_muon=0.61836, photon_id=-0.107197, pileup=-1.05904, scale_ele=6.55844, scale_muon=6.75423
RooProdPdf::model_s[ modelObs_s * nuisancePdf ]
     getLogVal() top-level p.d.f evaluates to zero @ !pdfs=(modelObs_s = 0/1,nuisancePdf = 1)

[#0] WARNING:Minization -- RooMinimizerFcn: Minimized function has error status.
Returning maximum FCN so far (678.1) to force MIGRAD to back out of this region. Error log follows
Parameter values: JER_ele=-0.448863, JER_muon=0.660336, JES_ele=4.92464, JES_muon=4.12065, QCD_stat_ele=5.40046, QCD_stat_muon=2.44961, VBS_stat_ele=2.23589, VBS_stat_muon=1.65985, ele_efficiency=2.94019, ele_trigger=3.51683, fakephoton_ele=6.95776, fakephoton_muon=3.58096, interference=3.68636, lumi=2.95645, mu_efficiency=0.862385, mu_trigger=0.734011, non_prompt_stat_ele=6.99682, non_prompt_stat_muon=5.12049, others_stat_ele=3.10168, others_stat_muon=2.9398, others_xs=3.87755, param=1.73566, pdf_ele=5.04575, pdf_muon=5.33312, photon_id=6.99839, pileup=0.263606, scale_ele=6.86624, scale_muon=-1.97818
RooProdPdf::model_s[ modelObs_s * nuisancePdf ]
     getLogVal() top-level p.d.f evaluates to zero @ !pdfs=(modelObs_s = 0/1,nuisancePdf = 1)

[#0] WARNING:Minization -- RooMinimizerFcn: Minimized function has error status.
Returning maximum FCN so far (1006.18) to force MIGRAD to back out of this region. Error log follows
Parameter values: JER_ele=-5.72113, JER_muon=5.18262, JES_ele=-5.21632, JES_muon=6.84126, QCD_stat_ele=-4.38846, QCD_stat_muon=1.67573, VBS_stat_ele=-1.42216, VBS_stat_muon=2.54588, ele_efficiency=-1.92418, ele_trigger=-0.403094, fakephoton_ele=5.64689, fakephoton_muon=-1.22541, interference=6.97312, lumi=-4.95651, mu_efficiency=6.99323, mu_trigger=-6.42529, non_prompt_stat_ele=6.53281, non_prompt_stat_muon=-0.503013, others_stat_ele=-3.72448, others_stat_muon=-4.29652, others_xs=6.54289, param=1.81355, pdf_ele=2.59599, pdf_muon=-6.98737, photon_id=-6.70991, pileup=3.02796, scale_ele=6.4576, scale_muon=-2.53886
RooProdPdf::model_s[ modelObs_s * nuisancePdf ]
     getLogVal() top-level p.d.f evaluates to zero @ !pdfs=(modelObs_s = 0/1,nuisancePdf = 1)

[#0] WARNING:Minization -- RooMinimizerFcn: Minimized function has error status.
Returning maximum FCN so far (1006.18) to force MIGRAD to back out of this region. Error log follows
Parameter values: JER_ele=0.292444, JER_muon=1.12994, JES_ele=2.39622, JES_muon=3.07333, QCD_stat_ele=6.63575, QCD_stat_muon=2.75196, VBS_stat_ele=1.83856, VBS_stat_muon=1.56772, ele_efficiency=1.17603, ele_trigger=1.78877, fakephoton_ele=5.86374, fakephoton_muon=2.72362, interference=1.90884, lumi=1.85478, mu_efficiency=0.562959, mu_trigger=1.34827, non_prompt_stat_ele=5.52444, non_prompt_stat_muon=4.89398, others_stat_ele=1.08837, others_stat_muon=2.20283, others_xs=2.16964, param=1.74053, pdf_ele=3.05354, pdf_muon=3.80559, photon_id=5.89671, pileup=0.181218, scale_ele=5.65463, scale_muon=0.223145
RooProdPdf::model_s[ modelObs_s * nuisancePdf ]
     getLogVal() top-level p.d.f evaluates to zero @ !pdfs=(modelObs_s = 0/1,nuisancePdf = 1)

[#0] WARNING:Minization -- RooMinimizerFcn: Minimized function has error status.
Returning maximum FCN so far (35.8179) to force MIGRAD to back out of this region. Error log follows
Parameter values: JER_ele=0.649619, JER_muon=0.679141, JES_ele=0.316791, JES_muon=-0.50431, QCD_stat_ele=1.33894, QCD_stat_muon=-0.409139, VBS_stat_ele=-0.679091, VBS_stat_muon=-1.5002, ele_efficiency=0.201158, ele_trigger=0.269763, fakephoton_ele=3.38811, fakephoton_muon=-1.33443, interference=0.273917, lumi=-0.503715, mu_efficiency=-0.937343, mu_trigger=0.944686, non_prompt_stat_ele=6.96215, non_prompt_stat_muon=0.01943, others_stat_ele=1.63887, others_stat_muon=1.02193, others_xs=0.431455, param=1.42587, pdf_ele=2.18884, pdf_muon=0.916395, photon_id=1.80019, pileup=0.339914, scale_ele=0.429326, scale_muon=-0.0449321
RooProdPdf::model_s[ modelObs_s * nuisancePdf ]
     getLogVal() top-level p.d.f evaluates to zero @ !pdfs=(modelObs_s = 0/1,nuisancePdf = 1)

[#0] WARNING:Minization -- RooMinimizerFcn: Minimized function has error status.
Returning maximum FCN so far (193.827) to force MIGRAD to back out of this region. Error log follows
Parameter values: JER_ele=0.170547, JER_muon=0.788039, JES_ele=-0.605796, JES_muon=-0.650648, QCD_stat_ele=-0.623753, QCD_stat_muon=-0.666813, VBS_stat_ele=-1.76999, VBS_stat_muon=-1.83445, ele_efficiency=0.0340466, ele_trigger=-0.478242, fakephoton_ele=5.02321, fakephoton_muon=-1.60612, interference=0.194526, lumi=-1.05301, mu_efficiency=-1.13109, mu_trigger=1.11292, non_prompt_stat_ele=6.99856, non_prompt_stat_muon=0.00821024, others_stat_ele=0.311653, others_stat_muon=1.17983, others_xs=-0.0307137, param=2.71107, pdf_ele=1.35968, pdf_muon=1.08667, photon_id=1.15239, pileup=0.364363, scale_ele=-1.6683, scale_muon=-0.153752
RooProdPdf::model_s[ modelObs_s * nuisancePdf ]
     getLogVal() top-level p.d.f evaluates to zero @ !pdfs=(modelObs_s = 0/1,nuisancePdf = 1)

[#0] WARNING:Minization -- RooMinimizerFcn: Minimized function has error status.
Returning maximum FCN so far (40.7481) to force MIGRAD to back out of this region. Error log follows
Parameter values: JER_ele=-5.5943, JER_muon=-6.9932, JES_ele=6.23537, JES_muon=-6.80982, QCD_stat_ele=6.99952, QCD_stat_muon=2.80398, VBS_stat_ele=-4.13297, VBS_stat_muon=1.98229, ele_efficiency=-4.09734, ele_trigger=-1.90591, fakephoton_ele=6.45409, fakephoton_muon=2.74113, interference=0.953977, lumi=6.74036, mu_efficiency=-4.1317, mu_trigger=-4.41549, non_prompt_stat_ele=2.31748, non_prompt_stat_muon=4.16799, others_stat_ele=-6.35656, others_stat_muon=5.9737, others_xs=-6.82078, param=1.57914, pdf_ele=2.61043, pdf_muon=6.60537, photon_id=6.07956, pileup=-2.77782, scale_ele=6.67034, scale_muon=4.92174
RooProdPdf::model_s[ modelObs_s * nuisancePdf ]
     getLogVal() top-level p.d.f evaluates to zero @ !pdfs=(modelObs_s = 0/1,nuisancePdf = 1)

[#0] WARNING:Minization -- RooMinimizerFcn: Minimized function has error status.
Returning maximum FCN so far (40.7481) to force MIGRAD to back out of this region. Error log follows
Parameter values: JER_ele=-3.49768, JER_muon=-6.22344, JES_ele=-6.64747, JES_muon=5.2292, QCD_stat_ele=-4.07632, QCD_stat_muon=2.41141, VBS_stat_ele=1.10693, VBS_stat_muon=-5.89674, ele_efficiency=6.86679, ele_trigger=5.92894, fakephoton_ele=5.96652, fakephoton_muon=4.59243, interference=0.0758182, lumi=-5.62516, mu_efficiency=-2.25053, mu_trigger=-2.95414, non_prompt_stat_ele=6.79937, non_prompt_stat_muon=0.845376, others_stat_ele=-6.99963, others_stat_muon=6.57924, others_xs=-6.78103, param=1.99476, pdf_ele=5.15737, pdf_muon=-6.90655, photon_id=-0.582032, pileup=6.9069, scale_ele=1.34097, scale_muon=-3.42221
RooProdPdf::model_s[ modelObs_s * nuisancePdf ]
     getLogVal() top-level p.d.f evaluates to zero @ !pdfs=(modelObs_s = 0/1,nuisancePdf = 1)

[#0] WARNING:Minization -- RooMinimizerFcn: Minimized function has error status.
Returning maximum FCN so far (532.544) to force MIGRAD to back out of this region. Error log follows
Parameter values: JER_ele=2.04681, JER_muon=6.4133, JES_ele=-4.28316, JES_muon=-6.33298, QCD_stat_ele=-6.82797, QCD_stat_muon=3.07438, VBS_stat_ele=6.91019, VBS_stat_muon=3.78105, ele_efficiency=-6.2512, ele_trigger=-1.05231, fakephoton_ele=0.943205, fakephoton_muon=1.85137, interference=-5.89523, lumi=-3.89079, mu_efficiency=-5.54547, mu_trigger=3.58855, non_prompt_stat_ele=6.90254, non_prompt_stat_muon=6.98746, others_stat_ele=-2.79453, others_stat_muon=-6.10199, others_xs=6.86494, param=2.40245, pdf_ele=6.97088, pdf_muon=6.80503, photon_id=-1.92615, pileup=6.02899, scale_ele=0.202656, scale_muon=6.78239
RooProdPdf::model_s[ modelObs_s * nuisancePdf ]
     getLogVal() top-level p.d.f evaluates to zero @ !pdfs=(modelObs_s = 0/1,nuisancePdf = 1)

[#0] WARNING:Minization -- RooMinimizerFcn: Minimized function has error status.
Returning maximum FCN so far (532.544) to force MIGRAD to back out of this region. Error log follows
Parameter values: JER_ele=0.378406, JER_muon=-0.0628102, JES_ele=1.91889, JES_muon=0.447304, QCD_stat_ele=1.40888, QCD_stat_muon=3.68005, VBS_stat_ele=1.80468, VBS_stat_muon=0.760908, ele_efficiency=-0.080676, ele_trigger=0.945066, fakephoton_ele=4.37976, fakephoton_muon=0.631896, interference=0.112486, lumi=0.590013, mu_efficiency=-0.0433933, mu_trigger=0.898635, non_prompt_stat_ele=5.22979, non_prompt_stat_muon=0.406839, others_stat_ele=3.6888, others_stat_muon=0.249656, others_xs=2.20961, param=2.34394, pdf_ele=1.37134, pdf_muon=1.12146, photon_id=3.03709, pileup=-0.407251, scale_ele=3.94034, scale_muon=2.20625
RooProdPdf::model_s[ modelObs_s * nuisancePdf ]
     getLogVal() top-level p.d.f evaluates to zero @ !pdfs=(modelObs_s = 0/1,nuisancePdf = 1)

[#0] WARNING:Minization -- RooMinimizerFcn: Minimized function has error status.
Returning maximum FCN so far (1078.78) to force MIGRAD to back out of this region. Error log follows
Parameter values: JER_ele=-1.51009, JER_muon=0.528821, JES_ele=5.70596, JES_muon=4.57662, QCD_stat_ele=-6.36163, QCD_stat_muon=-5.3984, VBS_stat_ele=2.96578, VBS_stat_muon=6.14286, ele_efficiency=-1.52931, ele_trigger=6.06678, fakephoton_ele=6.81499, fakephoton_muon=6.59783, interference=1.60133, lumi=2.0375, mu_efficiency=1.30948, mu_trigger=5.83497, non_prompt_stat_ele=3.80027, non_prompt_stat_muon=0.736155, others_stat_ele=-2.94492, others_stat_muon=-2.62425, others_xs=-6.946, param=2.40077, pdf_ele=5.52041, pdf_muon=3.00222, photon_id=-6.86983, pileup=-3.95608, scale_ele=-6.39263, scale_muon=-5.32539
RooProdPdf::model_s[ modelObs_s * nuisancePdf ]
     getLogVal() top-level p.d.f evaluates to zero @ !pdfs=(modelObs_s = 0/1,nuisancePdf = 1)

[#0] WARNING:Minization -- RooMinimizerFcn: Minimized function has error status.
Returning maximum FCN so far (1078.78) to force MIGRAD to back out of this region. Error log follows
Parameter values: JER_ele=-0.489079, JER_muon=-0.276275, JES_ele=4.13406, JES_muon=0.821206, QCD_stat_ele=6.85508, QCD_stat_muon=6.87328, VBS_stat_ele=0.658318, VBS_stat_muon=3.21945, ele_efficiency=-0.510789, ele_trigger=-6.99915, fakephoton_ele=2.38966, fakephoton_muon=2.21569, interference=0.0720532, lumi=0.386689, mu_efficiency=0.147183, mu_trigger=3.45871, non_prompt_stat_ele=2.83772, non_prompt_stat_muon=0.0682147, others_stat_ele=6.38906, others_stat_muon=-4.72494, others_xs=6.94194, param=2.38179, pdf_ele=1.75595, pdf_muon=3.95656, photon_id=6.4586, pileup=-1.3074, scale_ele=6.5166, scale_muon=6.51192
RooProdPdf::model_s[ modelObs_s * nuisancePdf ]
     getLogVal() top-level p.d.f evaluates to zero @ !pdfs=(modelObs_s = 0/1,nuisancePdf = 1)

[#0] WARNING:Minization -- RooMinimizerFcn: Minimized function has error status.
Returning maximum FCN so far (1078.78) to force MIGRAD to back out of this region. Error log follows
Parameter values: JER_ele=0.0236344, JER_muon=0.0939009, JES_ele=2.46294, JES_muon=0.962794, QCD_stat_ele=2.98655, QCD_stat_muon=5.87262, VBS_stat_ele=1.53171, VBS_stat_muon=1.88714, ele_efficiency=-0.259104, ele_trigger=-1.57568, fakephoton_ele=3.83178, fakephoton_muon=1.24751, interference=0.259968, lumi=0.580121, mu_efficiency=0.0899247, mu_trigger=2.03266, non_prompt_stat_ele=4.69562, non_prompt_stat_muon=0.554453, others_stat_ele=4.31404, others_stat_muon=-0.946896, others_xs=3.92496, param=2.3789, pdf_ele=1.28037, pdf_muon=2.61863, photon_id=4.55066, pileup=-0.682235, scale_ele=4.55877, scale_muon=4.85912
RooProdPdf::model_s[ modelObs_s * nuisancePdf ]
     getLogVal() top-level p.d.f evaluates to zero @ !pdfs=(modelObs_s = 0/1,nuisancePdf = 1)

[#0] WARNING:Minization -- RooMinimizerFcn: Minimized function has error status.
Returning maximum FCN so far (35.3329) to force MIGRAD to back out of this region. Error log follows
Parameter values: JER_ele=-6.63778, JER_muon=-6.43608, JES_ele=-3.75611, JES_muon=-5.76283, QCD_stat_ele=6.59687, QCD_stat_muon=5.52091, VBS_stat_ele=6.0469, VBS_stat_muon=-1.99359, ele_efficiency=-6.83281, ele_trigger=-6.9315, fakephoton_ele=6.99987, fakephoton_muon=-0.0389909, interference=-2.51952, lumi=1.31171, mu_efficiency=-3.8882, mu_trigger=3.11696, non_prompt_stat_ele=6.99913, non_prompt_stat_muon=-6.92792, others_stat_ele=-6.99785, others_stat_muon=-6.9786, others_xs=-2.97319, param=1.28859, pdf_ele=0.369103, pdf_muon=2.41992, photon_id=-1.77801, pileup=-5.65014, scale_ele=6.99964, scale_muon=-6.99999
RooProdPdf::model_s[ modelObs_s * nuisancePdf ]
     getLogVal() top-level p.d.f evaluates to zero @ !pdfs=(modelObs_s = 0/1,nuisancePdf = 1)

[#0] WARNING:Minization -- RooMinimizerFcn: Minimized function has error status.
Returning maximum FCN so far (541.637) to force MIGRAD to back out of this region. Error log follows
Parameter values: JER_ele=3.06504, JER_muon=1.18717, JES_ele=1.01515, JES_muon=1.3714, QCD_stat_ele=3.57303, QCD_stat_muon=4.24543, VBS_stat_ele=0.218109, VBS_stat_muon=-0.711313, ele_efficiency=-1.02678, ele_trigger=-0.464418, fakephoton_ele=3.94492, fakephoton_muon=0.202772, interference=0.491515, lumi=2.16231, mu_efficiency=0.388344, mu_trigger=1.39335, non_prompt_stat_ele=5.32796, non_prompt_stat_muon=2.2617, others_stat_ele=1.58241, others_stat_muon=0.556038, others_xs=-0.825223, param=2.12788, pdf_ele=1.20497, pdf_muon=1.68949, photon_id=5.76239, pileup=-1.9098, scale_ele=4.108, scale_muon=4.83267
RooProdPdf::model_s[ modelObs_s * nuisancePdf ]
     getLogVal() top-level p.d.f evaluates to zero @ !pdfs=(modelObs_s = 0/1,nuisancePdf = 1)

[#0] WARNING:Minization -- RooMinimizerFcn: Minimized function has error status.
Returning maximum FCN so far (653.06) to force MIGRAD to back out of this region. Error log follows
Parameter values: JER_ele=3.16206, JER_muon=0.856834, JES_ele=1.05601, JES_muon=0.346233, QCD_stat_ele=4.4913, QCD_stat_muon=3.34898, VBS_stat_ele=0.870599, VBS_stat_muon=-0.864381, ele_efficiency=-0.682215, ele_trigger=-0.0058541, fakephoton_ele=4.69505, fakephoton_muon=0.232173, interference=0.304782, lumi=1.60777, mu_efficiency=0.170842, mu_trigger=0.630587, non_prompt_stat_ele=6.19797, non_prompt_stat_muon=2.14681, others_stat_ele=1.78094, others_stat_muon=-0.0967723, others_xs=-0.908125, param=2.15008, pdf_ele=1.46147, pdf_muon=0.73141, photon_id=6.00861, pileup=-1.69748, scale_ele=3.96803, scale_muon=2.59707
RooProdPdf::model_s[ modelObs_s * nuisancePdf ]
     getLogVal() top-level p.d.f evaluates to zero @ !pdfs=(modelObs_s = 0/1,nuisancePdf = 1)

[#0] WARNING:Minization -- RooMinimizerFcn: Minimized function has error status.
Returning maximum FCN so far (1036.9) to force MIGRAD to back out of this region. Error log follows
Parameter values: JER_ele=-1.54848, JER_muon=-2.46186, JES_ele=5.89017, JES_muon=2.03856, QCD_stat_ele=0.391311, QCD_stat_muon=-6.90261, VBS_stat_ele=3.01196, VBS_stat_muon=-4.98404, ele_efficiency=-4.82823, ele_trigger=6.94789, fakephoton_ele=4.98421, fakephoton_muon=0.94067, interference=0.190079, lumi=6.95664, mu_efficiency=4.09092, mu_trigger=-5.44417, non_prompt_stat_ele=6.98328, non_prompt_stat_muon=-2.25627, others_stat_ele=-1.12457, others_stat_muon=5.062, others_xs=0.111519, param=2.79152, pdf_ele=-3.19912, pdf_muon=-5.33272, photon_id=0.435239, pileup=5.70725, scale_ele=-3.69008, scale_muon=2.08939
RooProdPdf::model_s[ modelObs_s * nuisancePdf ]
     getLogVal() top-level p.d.f evaluates to zero @ !pdfs=(modelObs_s = 0/1,nuisancePdf = 1)

[#0] WARNING:Minization -- RooMinimizerFcn: Minimized function has error status.
Returning maximum FCN so far (1036.9) to force MIGRAD to back out of this region. Error log follows
Parameter values: JER_ele=6.73944, JER_muon=6.98904, JES_ele=6.99987, JES_muon=-1.95745, QCD_stat_ele=0.0885041, QCD_stat_muon=-1.33407, VBS_stat_ele=2.98131, VBS_stat_muon=6.42323, ele_efficiency=-1.42369, ele_trigger=2.55705, fakephoton_ele=6.86359, fakephoton_muon=2.26221, interference=5.07882, lumi=6.99989, mu_efficiency=3.9895, mu_trigger=6.92188, non_prompt_stat_ele=6.99883, non_prompt_stat_muon=1.7185, others_stat_ele=6.02821, others_stat_muon=6.12289, others_xs=6.86525, param=2.78072, pdf_ele=6.99976, pdf_muon=-6.79486, photon_id=-5.61669, pileup=4.78513, scale_ele=5.84792, scale_muon=6.99974
RooProdPdf::model_s[ modelObs_s * nuisancePdf ]
     getLogVal() top-level p.d.f evaluates to zero @ !pdfs=(modelObs_s = 0/1,nuisancePdf = 1)

[#0] WARNING:Minization -- RooMinimizerFcn: Minimized function has error status.
Returning maximum FCN so far (37.7569) to force MIGRAD to back out of this region. Error log follows
Parameter values: JER_ele=-5.43173, JER_muon=-5.0069, JES_ele=5.21143, JES_muon=-0.340589, QCD_stat_ele=0.965078, QCD_stat_muon=6.50873, VBS_stat_ele=6.48074, VBS_stat_muon=6.64452, ele_efficiency=6.55018, ele_trigger=6.94286, fakephoton_ele=6.71319, fakephoton_muon=-0.00458489, interference=1.24244, lumi=5.37789, mu_efficiency=1.21537, mu_trigger=-0.761109, non_prompt_stat_ele=6.73301, non_prompt_stat_muon=3.5187, others_stat_ele=-1.61932, others_stat_muon=-6.96267, others_xs=6.10127, param=0.2594, pdf_ele=6.65348, pdf_muon=6.9694, photon_id=-6.03373, pileup=-2.78484, scale_ele=-0.0361531, scale_muon=-5.91817
RooProdPdf::model_s[ modelObs_s * nuisancePdf ]
     getLogVal() top-level p.d.f evaluates to zero @ !pdfs=(modelObs_s = 0/1,nuisancePdf = 1)

[#0] WARNING:Minization -- RooMinimizerFcn: Minimized function has error status.
Returning maximum FCN so far (37.7569) to force MIGRAD to back out of this region. Error log follows
Parameter values: JER_ele=-6.985, JER_muon=-5.49391, JES_ele=6.52345, JES_muon=5.45102, QCD_stat_ele=-1.44397, QCD_stat_muon=6.57275, VBS_stat_ele=3.77676, VBS_stat_muon=-6.73483, ele_efficiency=-3.21033, ele_trigger=-3.01211, fakephoton_ele=4.7664, fakephoton_muon=6.45151, interference=-6.99972, lumi=-6.87546, mu_efficiency=-1.72844, mu_trigger=-6.83821, non_prompt_stat_ele=3.92856, non_prompt_stat_muon=6.98839, others_stat_ele=1.99413, others_stat_muon=6.99083, others_xs=3.68291, param=2.45488, pdf_ele=-0.569665, pdf_muon=1.67039, photon_id=2.88521, pileup=6.76813, scale_ele=-6.80092, scale_muon=-6.9983
RooProdPdf::model_s[ modelObs_s * nuisancePdf ]
     getLogVal() top-level p.d.f evaluates to zero @ !pdfs=(modelObs_s = 0/1,nuisancePdf = 1)

[#0] WARNING:Minization -- RooMinimizerFcn: Minimized function has error status.
Returning maximum FCN so far (607.088) to force MIGRAD to back out of this region. Error log follows
Parameter values: JER_ele=2.01623, JER_muon=-2.82737, JES_ele=1.19307, JES_muon=-2.57602, QCD_stat_ele=5.53192, QCD_stat_muon=-5.05956, VBS_stat_ele=4.0208, VBS_stat_muon=-3.65444, ele_efficiency=0.663437, ele_trigger=1.65511, fakephoton_ele=6.81402, fakephoton_muon=4.88958, interference=-1.61773, lumi=-0.183051, mu_efficiency=-1.45602, mu_trigger=1.62223, non_prompt_stat_ele=6.9602, non_prompt_stat_muon=-0.2687, others_stat_ele=0.809221, others_stat_muon=-6.40101, others_xs=-0.130779, param=2.5126, pdf_ele=3.09939, pdf_muon=0.145668, photon_id=-3.4165, pileup=-0.884554, scale_ele=5.57192, scale_muon=-6.92475
RooProdPdf::model_s[ modelObs_s * nuisancePdf ]
     getLogVal() top-level p.d.f evaluates to zero @ !pdfs=(modelObs_s = 0/1,nuisancePdf = 1)

[#0] WARNING:Minization -- RooMinimizerFcn: Minimized function has error status.
Returning maximum FCN so far (889.216) to force MIGRAD to back out of this region. Error log follows
Parameter values: JER_ele=-2.59056, JER_muon=0.205997, JES_ele=-5.70576, JES_muon=3.21954, QCD_stat_ele=-0.830979, QCD_stat_muon=6.3571, VBS_stat_ele=-2.95398, VBS_stat_muon=0.395003, ele_efficiency=-0.873222, ele_trigger=-4.18071, fakephoton_ele=6.33979, fakephoton_muon=6.97444, interference=-0.195431, lumi=-1.70741, mu_efficiency=-0.356849, mu_trigger=6.11013, non_prompt_stat_ele=6.13097, non_prompt_stat_muon=6.99237, others_stat_ele=-5.60645, others_stat_muon=-2.81341, others_xs=-2.54772, param=2.52317, pdf_ele=-5.64784, pdf_muon=6.45058, photon_id=-5.38533, pileup=-0.989824, scale_ele=-5.66191, scale_muon=5.73037
RooProdPdf::model_s[ modelObs_s * nuisancePdf ]
     getLogVal() top-level p.d.f evaluates to zero @ !pdfs=(modelObs_s = 0/1,nuisancePdf = 1)

[#0] WARNING:Minization -- RooMinimizerFcn: Minimized function has error status.
Returning maximum FCN so far (973.947) to force MIGRAD to back out of this region. Error log follows
Parameter values: JER_ele=1.65841, JER_muon=-3.05252, JES_ele=1.51209, JES_muon=-3.72933, QCD_stat_ele=6.94162, QCD_stat_muon=-6.19513, VBS_stat_ele=3.01214, VBS_stat_muon=-3.39198, ele_efficiency=0.543744, ele_trigger=1.40311, fakephoton_ele=6.86886, fakephoton_muon=0.987897, interference=-2.05649, lumi=-0.478866, mu_efficiency=-1.53066, mu_trigger=0.610595, non_prompt_stat_ele=6.97586, non_prompt_stat_muon=-5.46557, others_stat_ele=-2.31119, others_stat_muon=-5.04202, others_xs=-1.70725, param=2.51271, pdf_ele=2.69856, pdf_muon=-2.79876, photon_id=-3.6977, pileup=-0.806415, scale_ele=5.13043, scale_muon=-6.78243
RooProdPdf::model_s[ modelObs_s * nuisancePdf ]
     getLogVal() top-level p.d.f evaluates to zero @ !pdfs=(modelObs_s = 0/1,nuisancePdf = 1)

[#0] WARNING:Minization -- RooMinimizerFcn: Minimized function has error status.
Returning maximum FCN so far (973.947) to force MIGRAD to back out of this region. Error log follows
Parameter values: JER_ele=-2.95472, JER_muon=4.80335, JES_ele=2.2998, JES_muon=-6.60186, QCD_stat_ele=6.86662, QCD_stat_muon=3.09932, VBS_stat_ele=-0.653885, VBS_stat_muon=-4.37611, ele_efficiency=-3.72556, ele_trigger=-6.96616, fakephoton_ele=5.19932, fakephoton_muon=-3.69077, interference=6.87016, lumi=6.81543, mu_efficiency=3.08939, mu_trigger=1.89228, non_prompt_stat_ele=6.9853, non_prompt_stat_muon=3.05235, others_stat_ele=6.90024, others_stat_muon=-3.26401, others_xs=0.317404, param=2.48928, pdf_ele=1.29874, pdf_muon=4.73316, photon_id=-1.17984, pileup=-6.91281, scale_ele=6.21612, scale_muon=6.97112
RooProdPdf::model_s[ modelObs_s * nuisancePdf ]
     getLogVal() top-level p.d.f evaluates to zero @ !pdfs=(modelObs_s = 0/1,nuisancePdf = 1)

[#0] WARNING:Minization -- RooMinimizerFcn: Minimized function has error status.
Returning maximum FCN so far (973.947) to force MIGRAD to back out of this region. Error log follows
Parameter values: JER_ele=-6.55435, JER_muon=3.80027, JES_ele=5.93523, JES_muon=6.8406, QCD_stat_ele=3.12046, QCD_stat_muon=5.08327, VBS_stat_ele=2.16392, VBS_stat_muon=5.64661, ele_efficiency=6.70095, ele_trigger=-5.04051, fakephoton_ele=6.5502, fakephoton_muon=4.15506, interference=6.47052, lumi=-6.7806, mu_efficiency=3.36095, mu_trigger=-1.57749, non_prompt_stat_ele=3.81218, non_prompt_stat_muon=6.68536, others_stat_ele=0.161512, others_stat_muon=4.77762, others_xs=6.1351, param=2.47736, pdf_ele=4.29575, pdf_muon=-5.04079, photon_id=1.08641, pileup=3.69383, scale_ele=0.163645, scale_muon=6.91024
RooProdPdf::model_s[ modelObs_s * nuisancePdf ]
     getLogVal() top-level p.d.f evaluates to zero @ !pdfs=(modelObs_s = 0/1,nuisancePdf = 1)

[#0] WARNING:Minization -- RooMinimizerFcn: Minimized function has error status.
Returning maximum FCN so far (973.947) to force MIGRAD to back out of this region. Error log follows
Parameter values: JER_ele=2.81738, JER_muon=3.24084, JES_ele=3.98516, JES_muon=6.93415, QCD_stat_ele=5.3014, QCD_stat_muon=-0.167537, VBS_stat_ele=4.57052, VBS_stat_muon=4.87563, ele_efficiency=1.11511, ele_trigger=3.43119, fakephoton_ele=2.255, fakephoton_muon=6.23064, interference=3.23383, lumi=5.20946, mu_efficiency=0.973498, mu_trigger=4.59576, non_prompt_stat_ele=3.27489, non_prompt_stat_muon=-2.13297, others_stat_ele=6.97795, others_stat_muon=3.9731, others_xs=6.23119, param=2.52367, pdf_ele=5.16086, pdf_muon=6.17577, photon_id=6.31499, pileup=-0.240368, scale_ele=6.72446, scale_muon=-4.3995
RooProdPdf::model_s[ modelObs_s * nuisancePdf ]
     getLogVal() top-level p.d.f evaluates to zero @ !pdfs=(modelObs_s = 0/1,nuisancePdf = 1)

[#0] WARNING:Minization -- RooMinimizerFcn: Minimized function has error status.
Returning maximum FCN so far (796.342) to force MIGRAD to back out of this region. Error log follows
Parameter values: JER_ele=-3.78746, JER_muon=-6.48122, JES_ele=-6.48265, JES_muon=6.58, QCD_stat_ele=-5.07979, QCD_stat_muon=6.99583, VBS_stat_ele=6.17302, VBS_stat_muon=-4.97222, ele_efficiency=-6.24402, ele_trigger=6.9357, fakephoton_ele=0.988055, fakephoton_muon=-2.91363, interference=4.73971, lumi=-6.08094, mu_efficiency=-6.99559, mu_trigger=-6.7316, non_prompt_stat_ele=6.62127, non_prompt_stat_muon=-3.27702, others_stat_ele=-6.03339, others_stat_muon=-6.65644, others_xs=-5.90742, param=2.904, pdf_ele=5.99464, pdf_muon=2.31512, photon_id=-3.0672, pileup=4.0907, scale_ele=6.59286, scale_muon=6.71551
RooProdPdf::model_s[ modelObs_s * nuisancePdf ]
     getLogVal() top-level p.d.f evaluates to zero @ !pdfs=(modelObs_s = 0/1,nuisancePdf = 1)

[#0] WARNING:Minization -- RooMinimizerFcn: Minimized function has error status.
Returning maximum FCN so far (34.1599) to force MIGRAD to back out of this region. Error log follows
Parameter values: JER_ele=-0.449872, JER_muon=0.0930696, JES_ele=-6.93279, JES_muon=0.497709, QCD_stat_ele=-0.362522, QCD_stat_muon=-0.695874, VBS_stat_ele=-0.354442, VBS_stat_muon=5.90628, ele_efficiency=4.53028, ele_trigger=1.36788, fakephoton_ele=6.9781, fakephoton_muon=-5.34721, interference=-6.61167, lumi=6.35345, mu_efficiency=6.95054, mu_trigger=3.17737, non_prompt_stat_ele=3.18899, non_prompt_stat_muon=6.98434, others_stat_ele=-3.64713, others_stat_muon=6.96506, others_xs=5.7925, param=1.95479, pdf_ele=-2.66331, pdf_muon=-3.01599, photon_id=-4.63623, pileup=2.55983, scale_ele=-6.99578, scale_muon=-6.32261
RooProdPdf::model_s[ modelObs_s * nuisancePdf ]
     getLogVal() top-level p.d.f evaluates to zero @ !pdfs=(modelObs_s = 0/1,nuisancePdf = 1)

[#0] WARNING:Minization -- RooMinimizerFcn: Minimized function has error status.
Returning maximum FCN so far (32.6948) to force MIGRAD to back out of this region. Error log follows
Parameter values: JER_ele=-5.12134, JER_muon=5.07056, JES_ele=5.29292, JES_muon=-4.13402, QCD_stat_ele=6.92346, QCD_stat_muon=-6.92246, VBS_stat_ele=-1.92317, VBS_stat_muon=6.89102, ele_efficiency=-3.83454, ele_trigger=0.444784, fakephoton_ele=6.96894, fakephoton_muon=-5.16893, interference=-6.88821, lumi=6.974, mu_efficiency=-5.54493, mu_trigger=-6.99322, non_prompt_stat_ele=4.47039, non_prompt_stat_muon=-2.8841, others_stat_ele=5.10725, others_stat_muon=-5.54774, others_xs=2.90327, param=2.78828, pdf_ele=-6.75661, pdf_muon=-5.54115, photon_id=-4.64854, pileup=-6.58388, scale_ele=-6.59815, scale_muon=-4.14492
RooProdPdf::model_s[ modelObs_s * nuisancePdf ]
     getLogVal() top-level p.d.f evaluates to zero @ !pdfs=(modelObs_s = 0/1,nuisancePdf = 1)

[#0] WARNING:Minization -- RooMinimizerFcn: Minimized function has error status.
Returning maximum FCN so far (968.908) to force MIGRAD to back out of this region. Error log follows
Parameter values: JER_ele=3.48628, JER_muon=-0.45608, JES_ele=2.16653, JES_muon=-4.21188, QCD_stat_ele=-0.105395, QCD_stat_muon=-2.83707, VBS_stat_ele=-1.42711, VBS_stat_muon=0.833992, ele_efficiency=2.47839, ele_trigger=-1.50936, fakephoton_ele=6.80084, fakephoton_muon=-4.74268, interference=1.71806, lumi=-0.615457, mu_efficiency=-1.34663, mu_trigger=-5.49126, non_prompt_stat_ele=5.95309, non_prompt_stat_muon=-2.07848, others_stat_ele=2.06939, others_stat_muon=-6.40425, others_xs=1.51633, param=2.11956, pdf_ele=5.02188, pdf_muon=2.20916, photon_id=-2.82646, pileup=5.25207, scale_ele=0.63994, scale_muon=-4.05781
RooProdPdf::model_s[ modelObs_s * nuisancePdf ]
     getLogVal() top-level p.d.f evaluates to zero @ !pdfs=(modelObs_s = 0/1,nuisancePdf = 1)

[#0] WARNING:Minization -- RooMinimizerFcn: Minimized function has error status.
Returning maximum FCN so far (995.536) to force MIGRAD to back out of this region. Error log follows
Parameter values: JER_ele=6.95624, JER_muon=-0.450554, JES_ele=0.463818, JES_muon=-2.95699, QCD_stat_ele=-6.98657, QCD_stat_muon=3.00745, VBS_stat_ele=0.986876, VBS_stat_muon=-2.32676, ele_efficiency=6.84001, ele_trigger=-2.27869, fakephoton_ele=5.21516, fakephoton_muon=-6.16817, interference=6.67303, lumi=-6.99683, mu_efficiency=-3.32668, mu_trigger=-6.6786, non_prompt_stat_ele=4.31558, non_prompt_stat_muon=-6.54883, others_stat_ele=-5.44564, others_stat_muon=6.77936, others_xs=-5.14782, param=1.35235, pdf_ele=0.761614, pdf_muon=2.76996, photon_id=-0.634995, pileup=5.67262, scale_ele=4.95933, scale_muon=-6.72089
RooProdPdf::model_s[ modelObs_s * nuisancePdf ]
     getLogVal() top-level p.d.f evaluates to zero @ !pdfs=(modelObs_s = 0/1,nuisancePdf = 1)

[#0] WARNING:Minization -- RooMinimizerFcn: Minimized function has error status.
Returning maximum FCN so far (995.536) to force MIGRAD to back out of this region. Error log follows
Parameter values: JER_ele=-4.74761, JER_muon=-6.66375, JES_ele=6.97823, JES_muon=-5.46024, QCD_stat_ele=-0.992116, QCD_stat_muon=6.93168, VBS_stat_ele=-3.30725, VBS_stat_muon=-3.96631, ele_efficiency=-6.95713, ele_trigger=-3.69522, fakephoton_ele=6.65225, fakephoton_muon=-2.34979, interference=6.99602, lumi=6.99786, mu_efficiency=1.45922, mu_trigger=-6.92281, non_prompt_stat_ele=5.33674, non_prompt_stat_muon=-4.5353, others_stat_ele=-6.60572, others_stat_muon=-0.243982, others_xs=-3.58813, param=2.93428, pdf_ele=3.68938, pdf_muon=3.51783, photon_id=-6.31537, pileup=3.98538, scale_ele=-0.616855, scale_muon=-1.18714
RooProdPdf::model_s[ modelObs_s * nuisancePdf ]
     getLogVal() top-level p.d.f evaluates to zero @ !pdfs=(modelObs_s = 0/1,nuisancePdf = 1)

[#0] WARNING:Minization -- RooMinimizerFcn: Minimized function has error status.
Returning maximum FCN so far (995.536) to force MIGRAD to back out of this region. Error log follows
Parameter values: JER_ele=-2.07914, JER_muon=-5.57164, JES_ele=-3.22703, JES_muon=6.2822, QCD_stat_ele=-2.72838, QCD_stat_muon=5.90024, VBS_stat_ele=4.48288, VBS_stat_muon=-3.03011, ele_efficiency=6.19056, ele_trigger=3.52686, fakephoton_ele=6.00203, fakephoton_muon=4.66943, interference=5.29781, lumi=0.165095, mu_efficiency=-6.26827, mu_trigger=5.73729, non_prompt_stat_ele=4.98534, non_prompt_stat_muon=-5.70087, others_stat_ele=0.604569, others_stat_muon=-4.19955, others_xs=6.8442, param=2.13838, pdf_ele=3.30317, pdf_muon=1.1213, photon_id=-5.91596, pileup=-6.36908, scale_ele=-6.83573, scale_muon=-0.962631
RooProdPdf::model_s[ modelObs_s * nuisancePdf ]
     getLogVal() top-level p.d.f evaluates to zero @ !pdfs=(modelObs_s = 0/1,nuisancePdf = 1)

[#0] WARNING:Minization -- RooMinimizerFcn: Minimized function has error status.
Returning maximum FCN so far (995.536) to force MIGRAD to back out of this region. Error log follows
Parameter values: JER_ele=1.45472, JER_muon=0.0889289, JES_ele=2.25064, JES_muon=-0.278498, QCD_stat_ele=4.12575, QCD_stat_muon=-0.292729, VBS_stat_ele=1.74977, VBS_stat_muon=-0.0290344, ele_efficiency=0.657247, ele_trigger=1.32664, fakephoton_ele=6.99993, fakephoton_muon=-0.537908, interference=0.413221, lumi=0.822814, mu_efficiency=-0.118203, mu_trigger=-0.690064, non_prompt_stat_ele=6.84821, non_prompt_stat_muon=-0.0510364, others_stat_ele=1.63136, others_stat_muon=-0.592102, others_xs=1.32918, param=2.11253, pdf_ele=3.12048, pdf_muon=0.300594, photon_id=2.12249, pileup=1.02744, scale_ele=5.53411, scale_muon=-0.579744
RooProdPdf::model_s[ modelObs_s * nuisancePdf ]
     getLogVal() top-level p.d.f evaluates to zero @ !pdfs=(modelObs_s = 0/1,nuisancePdf = 1)

[#0] WARNING:Minization -- RooMinimizerFcn: Minimized function has error status.
Returning maximum FCN so far (995.536) to force MIGRAD to back out of this region. Error log follows
Parameter values: JER_ele=3.08351, JER_muon=2.07078, JES_ele=5.31425, JES_muon=2.58343, QCD_stat_ele=6.85574, QCD_stat_muon=6.01516, VBS_stat_ele=3.59868, VBS_stat_muon=2.30063, ele_efficiency=1.5387, ele_trigger=3.13143, fakephoton_ele=-6.90194, fakephoton_muon=0.206926, interference=2.22421, lumi=3.22943, mu_efficiency=0.401869, mu_trigger=0.81391, non_prompt_stat_ele=-6.9679, non_prompt_stat_muon=3.39549, others_stat_ele=3.85466, others_stat_muon=1.66513, others_xs=4.9461, param=2.11734, pdf_ele=6.362, pdf_muon=4.82754, photon_id=6.73854, pileup=2.54556, scale_ele=6.88509, scale_muon=6.52643
RooProdPdf::model_s[ modelObs_s * nuisancePdf ]
     getLogVal() top-level p.d.f evaluates to zero @ !pdfs=(modelObs_s = 0/1,nuisancePdf = 1)

[#0] WARNING:Minization -- RooMinimizerFcn: Minimized function has error status.
Returning maximum FCN so far (995.536) to force MIGRAD to back out of this region. Error log follows
Parameter values: JER_ele=1.12625, JER_muon=2.1798, JES_ele=6.78782, JES_muon=-3.02201, QCD_stat_ele=-6.17696, QCD_stat_muon=-6.1967, VBS_stat_ele=1.55162, VBS_stat_muon=2.85594, ele_efficiency=0.873101, ele_trigger=-6.90782, fakephoton_ele=6.86271, fakephoton_muon=2.36189, interference=1.11918, lumi=0.993528, mu_efficiency=-4.90452, mu_trigger=6.88433, non_prompt_stat_ele=5.19102, non_prompt_stat_muon=-0.965958, others_stat_ele=-6.84161, others_stat_muon=1.69462, others_xs=4.00637, param=2.16557, pdf_ele=-0.512704, pdf_muon=1.30404, photon_id=6.96646, pileup=-5.57892, scale_ele=1.86067, scale_muon=-3.79449
RooProdPdf::model_s[ modelObs_s * nuisancePdf ]
     getLogVal() top-level p.d.f evaluates to zero @ !pdfs=(modelObs_s = 0/1,nuisancePdf = 1)

[#0] WARNING:Minization -- RooMinimizerFcn: Minimized function has error status.
Returning maximum FCN so far (995.536) to force MIGRAD to back out of this region. Error log follows
Parameter values: JER_ele=0.0153415, JER_muon=0.37369, JES_ele=0.712228, JES_muon=1.23439, QCD_stat_ele=1.49717, QCD_stat_muon=1.59392, VBS_stat_ele=1.25738, VBS_stat_muon=0.136574, ele_efficiency=-0.157527, ele_trigger=0.928657, fakephoton_ele=5.31367, fakephoton_muon=0.850919, interference=0.055752, lumi=0.653579, mu_efficiency=0.275701, mu_trigger=1.2839, non_prompt_stat_ele=6.01028, non_prompt_stat_muon=0.592787, others_stat_ele=0.311921, others_stat_muon=1.95377, others_xs=0.356364, param=2.11612, pdf_ele=0.214074, pdf_muon=0.122752, photon_id=2.10171, pileup=-0.657598, scale_ele=3.85908, scale_muon=1.67176
RooProdPdf::model_s[ modelObs_s * nuisancePdf ]
     getLogVal() top-level p.d.f evaluates to zero @ !pdfs=(modelObs_s = 0/1,nuisancePdf = 1)

[#0] WARNING:Minization -- RooMinimizerFcn: Minimized function has error status.
Returning maximum FCN so far (995.536) to force MIGRAD to back out of this region. Error log follows
Parameter values: JER_ele=1.85864, JER_muon=1.765, JES_ele=4.64709, JES_muon=3.53073, QCD_stat_ele=6.93141, QCD_stat_muon=6.04684, VBS_stat_ele=4.13536, VBS_stat_muon=1.80135, ele_efficiency=0.609467, ele_trigger=3.60418, fakephoton_ele=-4.80513, fakephoton_muon=1.77761, interference=1.46521, lumi=3.05329, mu_efficiency=0.743381, mu_trigger=2.92102, non_prompt_stat_ele=-6.42641, non_prompt_stat_muon=3.04984, others_stat_ele=3.43678, others_stat_muon=4.1928, others_xs=3.33775, param=2.13926, pdf_ele=4.62843, pdf_muon=3.27566, photon_id=6.79702, pileup=-0.178246, scale_ele=6.53288, scale_muon=6.58455
RooProdPdf::model_s[ modelObs_s * nuisancePdf ]
     getLogVal() top-level p.d.f evaluates to zero @ !pdfs=(modelObs_s = 0/1,nuisancePdf = 1)

[#0] WARNING:Minization -- RooMinimizerFcn: Minimized function has error status.
Returning maximum FCN so far (408.039) to force MIGRAD to back out of this region. Error log follows
Parameter values: JER_ele=0.659134, JER_muon=0.243829, JES_ele=-3.61522, JES_muon=6.53953, QCD_stat_ele=6.67851, QCD_stat_muon=0.90904, VBS_stat_ele=6.70463, VBS_stat_muon=3.8171, ele_efficiency=1.88578, ele_trigger=-6.92667, fakephoton_ele=6.84109, fakephoton_muon=-4.12991, interference=6.99999, lumi=-6.95034, mu_efficiency=-3.51624, mu_trigger=-1.67657, non_prompt_stat_ele=3.67052, non_prompt_stat_muon=-3.01143, others_stat_ele=-3.03929, others_stat_muon=-4.36598, others_xs=4.57303, param=2.68698, pdf_ele=6.26098, pdf_muon=4.9874, photon_id=0.666092, pileup=2.65679, scale_ele=-0.886292, scale_muon=-4.84597
RooProdPdf::model_s[ modelObs_s * nuisancePdf ]
     getLogVal() top-level p.d.f evaluates to zero @ !pdfs=(modelObs_s = 0/1,nuisancePdf = 1)

[#0] WARNING:Minization -- RooMinimizerFcn: Minimized function has error status.
Returning maximum FCN so far (613.352) to force MIGRAD to back out of this region. Error log follows
Parameter values: JER_ele=-1.92561, JER_muon=-4.32866, JES_ele=-5.05853, JES_muon=5.39302, QCD_stat_ele=6.88682, QCD_stat_muon=-0.511869, VBS_stat_ele=-6.85809, VBS_stat_muon=-1.98857, ele_efficiency=-5.20766, ele_trigger=-6.55902, fakephoton_ele=6.19645, fakephoton_muon=5.60791, interference=6.96588, lumi=-6.26007, mu_efficiency=6.56639, mu_trigger=-5.68475, non_prompt_stat_ele=6.95776, non_prompt_stat_muon=3.42141, others_stat_ele=2.88535, others_stat_muon=-6.3781, others_xs=6.95194, param=2.32271, pdf_ele=-3.86383, pdf_muon=-2.81547, photon_id=3.36571, pileup=-0.82123, scale_ele=6.52168, scale_muon=-5.89966
RooProdPdf::model_s[ modelObs_s * nuisancePdf ]
     getLogVal() top-level p.d.f evaluates to zero @ !pdfs=(modelObs_s = 0/1,nuisancePdf = 1)

[#0] WARNING:Minization -- RooMinimizerFcn: Minimized function has error status.
Returning maximum FCN so far (613.352) to force MIGRAD to back out of this region. Error log follows
Parameter values: JER_ele=-4.08919, JER_muon=2.8892, JES_ele=-2.75424, JES_muon=3.62128, QCD_stat_ele=-5.63178, QCD_stat_muon=5.01686, VBS_stat_ele=-2.87862, VBS_stat_muon=2.8433, ele_efficiency=-2.14183, ele_trigger=-4.38, fakephoton_ele=-2.39112, fakephoton_muon=5.14162, interference=0.0945597, lumi=-0.932685, mu_efficiency=0.42233, mu_trigger=2.95825, non_prompt_stat_ele=-4.36467, non_prompt_stat_muon=6.99644, others_stat_ele=-6.53596, others_stat_muon=0.32499, others_xs=-1.42909, param=2.33703, pdf_ele=-6.06219, pdf_muon=4.82518, photon_id=-1.33122, pileup=0.0274294, scale_ele=-5.13164, scale_muon=6.90929
RooProdPdf::model_s[ modelObs_s * nuisancePdf ]
     getLogVal() top-level p.d.f evaluates to zero @ !pdfs=(modelObs_s = 0/1,nuisancePdf = 1)

[#0] WARNING:Minization -- RooMinimizerFcn: Minimized function has error status.
Returning maximum FCN so far (613.352) to force MIGRAD to back out of this region. Error log follows
Parameter values: JER_ele=2.27867, JER_muon=6.29041, JES_ele=-4.18225, JES_muon=4.26133, QCD_stat_ele=5.36285, QCD_stat_muon=6.44702, VBS_stat_ele=-5.79438, VBS_stat_muon=-6.99304, ele_efficiency=5.91738, ele_trigger=5.58245, fakephoton_ele=5.01793, fakephoton_muon=1.71798, interference=-6.03034, lumi=6.7082, mu_efficiency=6.41206, mu_trigger=-0.52295, non_prompt_stat_ele=-6.33561, non_prompt_stat_muon=6.99865, others_stat_ele=0.539686, others_stat_muon=6.93523, others_xs=0.138816, param=2.21046, pdf_ele=4.92973, pdf_muon=4.97431, photon_id=6.20647, pileup=-6.01511, scale_ele=-5.23812, scale_muon=6.99971
RooProdPdf::model_s[ modelObs_s * nuisancePdf ]
     getLogVal() top-level p.d.f evaluates to zero @ !pdfs=(modelObs_s = 0/1,nuisancePdf = 1)

[#0] WARNING:Minization -- RooMinimizerFcn: Minimized function has error status.
Returning maximum FCN so far (613.352) to force MIGRAD to back out of this region. Error log follows
Parameter values: JER_ele=0.0607968, JER_muon=3.99892, JES_ele=2.7929, JES_muon=5.05509, QCD_stat_ele=4.60181, QCD_stat_muon=6.41133, VBS_stat_ele=3.50489, VBS_stat_muon=4.97798, ele_efficiency=-1.08733, ele_trigger=0.12293, fakephoton_ele=6.40402, fakephoton_muon=6.45507, interference=1.60807, lumi=2.66013, mu_efficiency=0.757392, mu_trigger=4.216, non_prompt_stat_ele=6.87164, non_prompt_stat_muon=4.94131, others_stat_ele=3.80861, others_stat_muon=2.28769, others_xs=3.47975, param=2.34225, pdf_ele=0.629885, pdf_muon=6.37048, photon_id=6.46209, pileup=0.353651, scale_ele=-0.468456, scale_muon=3.6968
RooProdPdf::model_s[ modelObs_s * nuisancePdf ]
     getLogVal() top-level p.d.f evaluates to zero @ !pdfs=(modelObs_s = 0/1,nuisancePdf = 1)

[#0] WARNING:Minization -- RooMinimizerFcn: Minimized function has error status.
Returning maximum FCN so far (685.921) to force MIGRAD to back out of this region. Error log follows
Parameter values: JER_ele=0.139245, JER_muon=3.53111, JES_ele=2.96855, JES_muon=4.76264, QCD_stat_ele=5.01937, QCD_stat_muon=6.55238, VBS_stat_ele=3.06669, VBS_stat_muon=3.69491, ele_efficiency=-0.792353, ele_trigger=0.723469, fakephoton_ele=3.49137, fakephoton_muon=6.12553, interference=1.44502, lumi=2.68648, mu_efficiency=0.729713, mu_trigger=3.90124, non_prompt_stat_ele=4.12343, non_prompt_stat_muon=5.53442, others_stat_ele=4.25291, others_stat_muon=1.61567, others_xs=3.85651, param=2.36938, pdf_ele=1.45669, pdf_muon=5.915, photon_id=6.42308, pileup=0.352996, scale_ele=2.75704, scale_muon=5.65897
RooProdPdf::model_s[ modelObs_s * nuisancePdf ]
     getLogVal() top-level p.d.f evaluates to zero @ !pdfs=(modelObs_s = 0/1,nuisancePdf = 1)

[#0] WARNING:Minization -- RooMinimizerFcn: Minimized function has error status.
Returning maximum FCN so far (829.721) to force MIGRAD to back out of this region. Error log follows
Parameter values: JER_ele=-5.84608, JER_muon=6.86495, JES_ele=3.25746, JES_muon=-1.05856, QCD_stat_ele=-1.34715, QCD_stat_muon=-3.31176, VBS_stat_ele=-4.60217, VBS_stat_muon=-4.40731, ele_efficiency=6.45139, ele_trigger=5.14821, fakephoton_ele=5.92586, fakephoton_muon=-3.77335, interference=-1.1757, lumi=-0.0722422, mu_efficiency=3.21521, mu_trigger=-2.89019, non_prompt_stat_ele=4.20102, non_prompt_stat_muon=5.2651, others_stat_ele=-4.05976, others_stat_muon=-6.55255, others_xs=-5.36281, param=2.94457, pdf_ele=-2.70861, pdf_muon=4.89984, photon_id=5.00129, pileup=1.13499, scale_ele=-4.55786, scale_muon=6.74096
RooProdPdf::model_s[ modelObs_s * nuisancePdf ]
     getLogVal() top-level p.d.f evaluates to zero @ !pdfs=(modelObs_s = 0/1,nuisancePdf = 1)

[#0] WARNING:Minization -- RooMinimizerFcn: Minimized function has error status.
Returning maximum FCN so far (829.721) to force MIGRAD to back out of this region. Error log follows
Parameter values: JER_ele=2.21208, JER_muon=-5.92161, JES_ele=4.20091, JES_muon=-6.58299, QCD_stat_ele=6.84054, QCD_stat_muon=4.08569, VBS_stat_ele=4.39171, VBS_stat_muon=-6.44861, ele_efficiency=2.39591, ele_trigger=4.30381, fakephoton_ele=6.92088, fakephoton_muon=-5.71979, interference=-4.13486, lumi=-2.69958, mu_efficiency=-4.28843, mu_trigger=-6.82819, non_prompt_stat_ele=6.19738, non_prompt_stat_muon=-5.81649, others_stat_ele=3.41274, others_stat_muon=-6.76045, others_xs=-4.03818, param=2.95982, pdf_ele=5.42079, pdf_muon=-5.24528, photon_id=-6.82029, pileup=0.576368, scale_ele=6.09638, scale_muon=6.62603
RooProdPdf::model_s[ modelObs_s * nuisancePdf ]
     getLogVal() top-level p.d.f evaluates to zero @ !pdfs=(modelObs_s = 0/1,nuisancePdf = 1)

[#0] WARNING:Minization -- RooMinimizerFcn: Minimized function has error status.
Returning maximum FCN so far (829.721) to force MIGRAD to back out of this region. Error log follows
Parameter values: JER_ele=-6.23204, JER_muon=-4.681, JES_ele=-6.87804, JES_muon=-6.99999, QCD_stat_ele=5.00479, QCD_stat_muon=5.87543, VBS_stat_ele=-6.85803, VBS_stat_muon=-5.77854, ele_efficiency=-0.0203339, ele_trigger=-6.35611, fakephoton_ele=6.6765, fakephoton_muon=-4.86544, interference=-4.94733, lumi=-6.51867, mu_efficiency=-4.93189, mu_trigger=-6.06555, non_prompt_stat_ele=3.53568, non_prompt_stat_muon=-6.96119, others_stat_ele=-6.96562, others_stat_muon=-5.81486, others_xs=-6.92459, param=2.95978, pdf_ele=-4.57431, pdf_muon=-6.71234, photon_id=2.99491, pileup=0.337404, scale_ele=4.35625, scale_muon=4.43721
RooProdPdf::model_s[ modelObs_s * nuisancePdf ]
     getLogVal() top-level p.d.f evaluates to zero @ !pdfs=(modelObs_s = 0/1,nuisancePdf = 1)

[#0] WARNING:Minization -- RooMinimizerFcn: Minimized function has error status.
Returning maximum FCN so far (562.341) to force MIGRAD to back out of this region. Error log follows
Parameter values: JER_ele=6.97374, JER_muon=-5.47887, JES_ele=0.812534, JES_muon=-1.85335, QCD_stat_ele=6.95279, QCD_stat_muon=6.7406, VBS_stat_ele=0.852006, VBS_stat_muon=-5.14329, ele_efficiency=-2.78911, ele_trigger=-1.95504, fakephoton_ele=6.43009, fakephoton_muon=-1.61834, interference=-1.89161, lumi=-4.30799, mu_efficiency=-6.47662, mu_trigger=-3.6755, non_prompt_stat_ele=6.41711, non_prompt_stat_muon=-6.86313, others_stat_ele=-2.61602, others_stat_muon=-6.84819, others_xs=-3.84945, param=2.74851, pdf_ele=3.08011, pdf_muon=0.154843, photon_id=-6.21397, pileup=-6.83298, scale_ele=-4.56319, scale_muon=5.4082
RooProdPdf::model_s[ modelObs_s * nuisancePdf ]
     getLogVal() top-level p.d.f evaluates to zero @ !pdfs=(modelObs_s = 0/1,nuisancePdf = 1)

[#0] WARNING:Minization -- RooMinimizerFcn: Minimized function has error status.
Returning maximum FCN so far (562.341) to force MIGRAD to back out of this region. Error log follows
Parameter values: JER_ele=-6.43017, JER_muon=-5.90257, JES_ele=5.98857, JES_muon=6.97147, QCD_stat_ele=5.7266, QCD_stat_muon=-1.61865, VBS_stat_ele=6.48181, VBS_stat_muon=-3.60238, ele_efficiency=-4.15932, ele_trigger=-5.92987, fakephoton_ele=5.46185, fakephoton_muon=-5.7714, interference=6.98985, lumi=-5.70931, mu_efficiency=-1.69323, mu_trigger=-5.8463, non_prompt_stat_ele=6.89768, non_prompt_stat_muon=-1.20771, others_stat_ele=-5.6376, others_stat_muon=-5.34668, others_xs=5.00722, param=2.74866, pdf_ele=-6.67826, pdf_muon=-3.16171, photon_id=2.12362, pileup=6.91316, scale_ele=-2.64257, scale_muon=4.29315
RooProdPdf::model_s[ modelObs_s * nuisancePdf ]
     getLogVal() top-level p.d.f evaluates to zero @ !pdfs=(modelObs_s = 0/1,nuisancePdf = 1)

[#0] WARNING:Minization -- RooMinimizerFcn: Minimized function has error status.
Returning maximum FCN so far (562.341) to force MIGRAD to back out of this region. Error log follows
Parameter values: JER_ele=4.33231, JER_muon=1.91467, JES_ele=0.251332, JES_muon=-0.15852, QCD_stat_ele=-5.31807, QCD_stat_muon=4.8475, VBS_stat_ele=0.370545, VBS_stat_muon=3.79538, ele_efficiency=-1.12432, ele_trigger=-0.84463, fakephoton_ele=4.05485, fakephoton_muon=2.01256, interference=-4.57646, lumi=-3.86984, mu_efficiency=-3.6941, mu_trigger=4.36017, non_prompt_stat_ele=5.06925, non_prompt_stat_muon=1.23933, others_stat_ele=-2.01369, others_stat_muon=3.7396, others_xs=2.29347, param=2.74621, pdf_ele=1.27097, pdf_muon=1.25771, photon_id=3.90817, pileup=-4.31961, scale_ele=-0.481482, scale_muon=6.99928
RooProdPdf::model_s[ modelObs_s * nuisancePdf ]
     getLogVal() top-level p.d.f evaluates to zero @ !pdfs=(modelObs_s = 0/1,nuisancePdf = 1)

[#0] WARNING:Minization -- RooMinimizerFcn: Minimized function has error status.
Returning maximum FCN so far (1040.47) to force MIGRAD to back out of this region. Error log follows
Parameter values: JER_ele=1.55055, JER_muon=0.457857, JES_ele=0.468036, JES_muon=-0.369875, QCD_stat_ele=-6.94894, QCD_stat_muon=1.02286, VBS_stat_ele=0.734148, VBS_stat_muon=1.17489, ele_efficiency=-0.183539, ele_trigger=0.0867562, fakephoton_ele=4.43714, fakephoton_muon=0.847746, interference=-1.39389, lumi=-1.09493, mu_efficiency=-0.97111, mu_trigger=1.30887, non_prompt_stat_ele=6.14825, non_prompt_stat_muon=-0.539069, others_stat_ele=-1.36855, others_stat_muon=1.03966, others_xs=0.56407, param=2.76315, pdf_ele=1.0202, pdf_muon=-0.221283, photon_id=2.51853, pileup=-1.13736, scale_ele=3.10912, scale_muon=1.5451
RooProdPdf::model_s[ modelObs_s * nuisancePdf ]
     getLogVal() top-level p.d.f evaluates to zero @ !pdfs=(modelObs_s = 0/1,nuisancePdf = 1)


 -- Hybrid New -- 
CLs = 0.587156 +/- 0.0325888
Done in 18.79 min (cpu), 18.93 min (real)
