 <<< Combine >>> 
>>> including systematics
>>> using the Profile Likelihood test statistics modified for upper limits (Q_LHC)
>>> method used is HybridNew
>>> Used OpenSSL to get a really random seed -2145544096
Computing results starting from observation (a-posteriori)
[#0] WARNING:Minization -- RooMinimizerFcn: Minimized function has error status.
Returning maximum FCN so far (1012.26) to force MIGRAD to back out of this region. Error log follows
Parameter values: JER_ele=5.02483, JER_muon=-6.99961, JES_ele=-6.32573, JES_muon=4.70113, QCD_stat_ele=-4.78943, QCD_stat_muon=-3.87268, VBS_stat_ele=5.14387, VBS_stat_muon=5.38803, ele_efficiency=-1.30871, ele_trigger=-4.23817, fakephoton_ele=6.94636, fakephoton_muon=6.93869, interference=-6.92808, lumi=-2.25335, mu_efficiency=-4.83511, mu_trigger=-0.200428, non_prompt_stat_ele=6.5209, non_prompt_stat_muon=3.87122, others_stat_ele=-3.51353, others_stat_muon=-2.45143, others_xs=-1.47979, param=0.81753, pdf_ele=5.57363, pdf_muon=-6.78184, photon_id=-6.45021, pileup=5.10629, scale_ele=6.99196, scale_muon=6.34808
RooProdPdf::model_s[ modelObs_s * nuisancePdf ]
     getLogVal() top-level p.d.f evaluates to zero @ !pdfs=(modelObs_s = 0/1,nuisancePdf = 1)

[#0] WARNING:Minization -- RooMinimizerFcn: Minimized function has error status.
Returning maximum FCN so far (1012.26) to force MIGRAD to back out of this region. Error log follows
Parameter values: JER_ele=-5.50456, JER_muon=6.91545, JES_ele=4.35264, JES_muon=-4.85838, QCD_stat_ele=6.99609, QCD_stat_muon=6.81985, VBS_stat_ele=-4.18198, VBS_stat_muon=-6.51304, ele_efficiency=6.98341, ele_trigger=3.56888, fakephoton_ele=5.05547, fakephoton_muon=3.78092, interference=4.48958, lumi=-2.83033, mu_efficiency=-6.996, mu_trigger=-6.732, non_prompt_stat_ele=5.52768, non_prompt_stat_muon=6.97616, others_stat_ele=-6.25294, others_stat_muon=-1.63501, others_xs=1.17494, param=0.0928745, pdf_ele=1.34166, pdf_muon=3.47498, photon_id=6.65852, pileup=2.8935, scale_ele=5.06549, scale_muon=-5.72767
RooProdPdf::model_s[ modelObs_s * nuisancePdf ]
     getLogVal() top-level p.d.f evaluates to zero @ !pdfs=(modelObs_s = 0/1,nuisancePdf = 1)

[#0] WARNING:Minization -- RooMinimizerFcn: Minimized function has error status.
Returning maximum FCN so far (1012.26) to force MIGRAD to back out of this region. Error log follows
Parameter values: JER_ele=4.91686, JER_muon=6.94898, JES_ele=-6.95085, JES_muon=6.83241, QCD_stat_ele=2.28605, QCD_stat_muon=6.57253, VBS_stat_ele=6.17732, VBS_stat_muon=3.11734, ele_efficiency=-4.29715, ele_trigger=-6.98485, fakephoton_ele=6.97778, fakephoton_muon=6.35609, interference=-6.70018, lumi=6.97121, mu_efficiency=6.73638, mu_trigger=-6.38742, non_prompt_stat_ele=6.72067, non_prompt_stat_muon=-2.62603, others_stat_ele=-2.70328, others_stat_muon=6.20748, others_xs=0.94922, param=1.15089, pdf_ele=3.51015, pdf_muon=6.96783, photon_id=-6.99908, pileup=-4.86159, scale_ele=5.34016, scale_muon=6.98709
RooProdPdf::model_s[ modelObs_s * nuisancePdf ]
     getLogVal() top-level p.d.f evaluates to zero @ !pdfs=(modelObs_s = 0/1,nuisancePdf = 1)

[#0] WARNING:Minization -- RooMinimizerFcn: Minimized function has error status.
Returning maximum FCN so far (37.3048) to force MIGRAD to back out of this region. Error log follows
Parameter values: JER_ele=-1.51025, JER_muon=6.96431, JES_ele=0.524039, JES_muon=6.93195, QCD_stat_ele=-0.26208, QCD_stat_muon=-2.6516, VBS_stat_ele=-0.268672, VBS_stat_muon=-3.54479, ele_efficiency=2.22711, ele_trigger=-4.46077, fakephoton_ele=6.99434, fakephoton_muon=-6.00855, interference=6.29003, lumi=-3.048, mu_efficiency=5.76322, mu_trigger=-6.34354, non_prompt_stat_ele=4.1689, non_prompt_stat_muon=-6.16574, others_stat_ele=1.96994, others_stat_muon=-4.68497, others_xs=4.88632, param=1.66699, pdf_ele=0.303983, pdf_muon=3.12679, photon_id=5.75773, pileup=0.360599, scale_ele=6.98138, scale_muon=-6.75764
RooProdPdf::model_s[ modelObs_s * nuisancePdf ]
     getLogVal() top-level p.d.f evaluates to zero @ !pdfs=(modelObs_s = 0/1,nuisancePdf = 1)

[#0] WARNING:Minization -- RooMinimizerFcn: Minimized function has error status.
Returning maximum FCN so far (412.999) to force MIGRAD to back out of this region. Error log follows
Parameter values: JER_ele=-6.65651, JER_muon=-2.45915, JES_ele=4.99929, JES_muon=-6.30122, QCD_stat_ele=-6.88182, QCD_stat_muon=-2.26703, VBS_stat_ele=-6.33352, VBS_stat_muon=0.0583242, ele_efficiency=6.96487, ele_trigger=6.96894, fakephoton_ele=1.41656, fakephoton_muon=1.66, interference=-4.57233, lumi=0.631888, mu_efficiency=-2.71928, mu_trigger=-5.71874, non_prompt_stat_ele=6.94694, non_prompt_stat_muon=0.0327828, others_stat_ele=-3.0256, others_stat_muon=5.1042, others_xs=6.90108, param=1.73336, pdf_ele=4.06615, pdf_muon=1.95498, photon_id=0.854271, pileup=-2.26703, scale_ele=-1.64893, scale_muon=-4.77776
RooProdPdf::model_s[ modelObs_s * nuisancePdf ]
     getLogVal() top-level p.d.f evaluates to zero @ !pdfs=(modelObs_s = 0/1,nuisancePdf = 1)

[#0] WARNING:Minization -- RooMinimizerFcn: Minimized function has error status.
Returning maximum FCN so far (544.616) to force MIGRAD to back out of this region. Error log follows
Parameter values: JER_ele=0.774546, JER_muon=-0.282659, JES_ele=-0.0529549, JES_muon=-0.337402, QCD_stat_ele=-0.863626, QCD_stat_muon=-1.5823, VBS_stat_ele=0.404283, VBS_stat_muon=0.766022, ele_efficiency=0.136252, ele_trigger=0.561578, fakephoton_ele=4.47548, fakephoton_muon=0.146037, interference=0.645407, lumi=-0.480685, mu_efficiency=0.0255328, mu_trigger=-0.577295, non_prompt_stat_ele=5.66261, non_prompt_stat_muon=-0.446691, others_stat_ele=-0.327918, others_stat_muon=1.06094, others_xs=-0.190758, param=2.03359, pdf_ele=-0.688246, pdf_muon=-1.01077, photon_id=-0.785445, pileup=0.389888, scale_ele=-2.25942, scale_muon=2.51863
RooProdPdf::model_s[ modelObs_s * nuisancePdf ]
     getLogVal() top-level p.d.f evaluates to zero @ !pdfs=(modelObs_s = 0/1,nuisancePdf = 1)

[#0] WARNING:Minization -- RooMinimizerFcn: Minimized function has error status.
Returning maximum FCN so far (1034.27) to force MIGRAD to back out of this region. Error log follows
Parameter values: JER_ele=1.48297, JER_muon=3.34827, JES_ele=6.04765, JES_muon=2.08124, QCD_stat_ele=-6.77346, QCD_stat_muon=0.763253, VBS_stat_ele=5.74623, VBS_stat_muon=2.43374, ele_efficiency=2.24545, ele_trigger=5.84382, fakephoton_ele=6.90375, fakephoton_muon=-2.96831, interference=-0.955124, lumi=6.47265, mu_efficiency=0.224613, mu_trigger=3.55185, non_prompt_stat_ele=3.16437, non_prompt_stat_muon=-1.95644, others_stat_ele=6.27017, others_stat_muon=2.5557, others_xs=6.29473, param=2.01937, pdf_ele=3.2512, pdf_muon=4.79532, photon_id=4.55749, pileup=-0.645788, scale_ele=-5.20405, scale_muon=4.8146
RooProdPdf::model_s[ modelObs_s * nuisancePdf ]
     getLogVal() top-level p.d.f evaluates to zero @ !pdfs=(modelObs_s = 0/1,nuisancePdf = 1)

[#0] WARNING:Minization -- RooMinimizerFcn: Minimized function has error status.
Returning maximum FCN so far (1034.27) to force MIGRAD to back out of this region. Error log follows
Parameter values: JER_ele=1.80266, JER_muon=-0.520273, JES_ele=0.146213, JES_muon=-0.104199, QCD_stat_ele=1.18382, QCD_stat_muon=-0.653377, VBS_stat_ele=0.786574, VBS_stat_muon=1.25179, ele_efficiency=0.301874, ele_trigger=1.41552, fakephoton_ele=4.85737, fakephoton_muon=0.890971, interference=1.39381, lumi=-0.582198, mu_efficiency=0.127037, mu_trigger=-0.807376, non_prompt_stat_ele=6.00119, non_prompt_stat_muon=0.601729, others_stat_ele=-0.0497208, others_stat_muon=1.65841, others_xs=0.0899577, param=2.03613, pdf_ele=-0.547804, pdf_muon=-1.21074, photon_id=-0.105429, pileup=0.707002, scale_ele=0.0214848, scale_muon=1.72429
RooProdPdf::model_s[ modelObs_s * nuisancePdf ]
     getLogVal() top-level p.d.f evaluates to zero @ !pdfs=(modelObs_s = 0/1,nuisancePdf = 1)

[#0] WARNING:Minization -- RooMinimizerFcn: Minimized function has error status.
Returning maximum FCN so far (1034.27) to force MIGRAD to back out of this region. Error log follows
Parameter values: JER_ele=-6.66563, JER_muon=0.211489, JES_ele=-6.98382, JES_muon=-1.06543, QCD_stat_ele=5.59979, QCD_stat_muon=-3.58486, VBS_stat_ele=-6.93354, VBS_stat_muon=0.41588, ele_efficiency=-2.2928, ele_trigger=-6.90545, fakephoton_ele=5.59845, fakephoton_muon=-2.30124, interference=-2.39978, lumi=-4.44316, mu_efficiency=-0.193862, mu_trigger=-0.265318, non_prompt_stat_ele=6.87442, non_prompt_stat_muon=-3.90493, others_stat_ele=-5.68102, others_stat_muon=0.214349, others_xs=-5.53897, param=2.0248, pdf_ele=-5.67465, pdf_muon=-0.702582, photon_id=-5.74415, pileup=-0.640773, scale_ele=4.89099, scale_muon=2.79981
RooProdPdf::model_s[ modelObs_s * nuisancePdf ]
     getLogVal() top-level p.d.f evaluates to zero @ !pdfs=(modelObs_s = 0/1,nuisancePdf = 1)

[#0] WARNING:Minization -- RooMinimizerFcn: Minimized function has error status.
Returning maximum FCN so far (1034.27) to force MIGRAD to back out of this region. Error log follows
Parameter values: JER_ele=0.666304, JER_muon=-0.396369, JES_ele=-0.732399, JES_muon=-0.0905426, QCD_stat_ele=-2.41386, QCD_stat_muon=-0.76167, VBS_stat_ele=-0.00398734, VBS_stat_muon=1.29664, ele_efficiency=0.0610302, ele_trigger=0.333464, fakephoton_ele=4.88732, fakephoton_muon=0.591159, interference=1.05168, lumi=-0.938892, mu_efficiency=0.118157, mu_trigger=-0.67854, non_prompt_stat_ele=6.52223, non_prompt_stat_muon=0.248549, others_stat_ele=-1.81262, others_stat_muon=1.68944, others_xs=-0.527614, param=2.03613, pdf_ele=-1.94075, pdf_muon=-1.01613, photon_id=-1.42901, pileup=0.588679, scale_ele=-3.43093, scale_muon=2.05668
RooProdPdf::model_s[ modelObs_s * nuisancePdf ]
     getLogVal() top-level p.d.f evaluates to zero @ !pdfs=(modelObs_s = 0/1,nuisancePdf = 1)

[#0] WARNING:Minization -- RooMinimizerFcn: Minimized function has error status.
Returning maximum FCN so far (1034.27) to force MIGRAD to back out of this region. Error log follows
Parameter values: JER_ele=1.51168, JER_muon=1.27893, JES_ele=1.91163, JES_muon=-0.980181, QCD_stat_ele=-0.734435, QCD_stat_muon=-4.49259, VBS_stat_ele=0.243997, VBS_stat_muon=0.90494, ele_efficiency=-5.10377, ele_trigger=2.59555, fakephoton_ele=1.98313, fakephoton_muon=-4.77909, interference=-5.52274, lumi=-6.99456, mu_efficiency=-0.275673, mu_trigger=0.861446, non_prompt_stat_ele=6.63784, non_prompt_stat_muon=-6.20118, others_stat_ele=2.98139, others_stat_muon=0.747028, others_xs=-5.6103, param=2.03065, pdf_ele=6.1061, pdf_muon=1.07946, photon_id=6.7924, pileup=-1.91228, scale_ele=-0.882621, scale_muon=5.09953
RooProdPdf::model_s[ modelObs_s * nuisancePdf ]
     getLogVal() top-level p.d.f evaluates to zero @ !pdfs=(modelObs_s = 0/1,nuisancePdf = 1)

[#0] WARNING:Minization -- RooMinimizerFcn: Minimized function has error status.
Returning maximum FCN so far (1034.27) to force MIGRAD to back out of this region. Error log follows
Parameter values: JER_ele=0.716685, JER_muon=-0.466096, JES_ele=-0.814673, JES_muon=0.0223455, QCD_stat_ele=-2.62163, QCD_stat_muon=-0.421943, VBS_stat_ele=0.0906296, VBS_stat_muon=1.41396, ele_efficiency=0.0560809, ele_trigger=0.327668, fakephoton_ele=6.36595, fakephoton_muon=0.90375, interference=1.27953, lumi=-1.11877, mu_efficiency=0.155265, mu_trigger=-0.722701, non_prompt_stat_ele=6.83214, non_prompt_stat_muon=0.721023, others_stat_ele=-2.70419, others_stat_muon=1.95878, others_xs=-0.726622, param=2.05532, pdf_ele=-2.37209, pdf_muon=-1.03364, photon_id=-1.56793, pileup=0.676254, scale_ele=-3.51244, scale_muon=1.94514
RooProdPdf::model_s[ modelObs_s * nuisancePdf ]
     getLogVal() top-level p.d.f evaluates to zero @ !pdfs=(modelObs_s = 0/1,nuisancePdf = 1)

[#0] WARNING:Minization -- RooMinimizerFcn: Minimized function has error status.
Returning maximum FCN so far (464.662) to force MIGRAD to back out of this region. Error log follows
Parameter values: JER_ele=-2.55203, JER_muon=-3.67761, JES_ele=-1.90717, JES_muon=-6.74613, QCD_stat_ele=1.20392, QCD_stat_muon=-6.9956, VBS_stat_ele=-4.44542, VBS_stat_muon=5.98641, ele_efficiency=-4.9536, ele_trigger=5.58829, fakephoton_ele=6.99995, fakephoton_muon=5.07962, interference=2.26104, lumi=-1.71453, mu_efficiency=-3.17893, mu_trigger=4.93331, non_prompt_stat_ele=5.90346, non_prompt_stat_muon=6.57372, others_stat_ele=2.96067, others_stat_muon=5.91031, others_xs=-6.99211, param=2.35197, pdf_ele=-3.85865, pdf_muon=-6.62009, photon_id=5.118, pileup=-6.98302, scale_ele=-2.53347, scale_muon=6.78712
RooProdPdf::model_s[ modelObs_s * nuisancePdf ]
     getLogVal() top-level p.d.f evaluates to zero @ !pdfs=(modelObs_s = 0/1,nuisancePdf = 1)

[#0] WARNING:Minization -- RooMinimizerFcn: Minimized function has error status.
Returning maximum FCN so far (781.548) to force MIGRAD to back out of this region. Error log follows
Parameter values: JER_ele=-2.04262, JER_muon=1.50728, JES_ele=6.32198, JES_muon=-1.51227, QCD_stat_ele=-0.569695, QCD_stat_muon=3.09602, VBS_stat_ele=-6.71477, VBS_stat_muon=-4.32594, ele_efficiency=-0.980851, ele_trigger=-2.49755, fakephoton_ele=3.34106, fakephoton_muon=-3.62032, interference=5.68509, lumi=6.77454, mu_efficiency=-2.49443, mu_trigger=-5.58439, non_prompt_stat_ele=5.67346, non_prompt_stat_muon=6.96066, others_stat_ele=4.63776, others_stat_muon=-6.15991, others_xs=6.99034, param=1.70352, pdf_ele=-0.938037, pdf_muon=-2.46423, photon_id=5.53412, pileup=1.26576, scale_ele=1.69427, scale_muon=0.569193
RooProdPdf::model_s[ modelObs_s * nuisancePdf ]
     getLogVal() top-level p.d.f evaluates to zero @ !pdfs=(modelObs_s = 0/1,nuisancePdf = 1)

[#0] WARNING:Minization -- RooMinimizerFcn: Minimized function has error status.
Returning maximum FCN so far (781.548) to force MIGRAD to back out of this region. Error log follows
Parameter values: JER_ele=1.39882, JER_muon=5.81752, JES_ele=3.07735, JES_muon=-3.28003, QCD_stat_ele=6.98909, QCD_stat_muon=2.03675, VBS_stat_ele=-0.426735, VBS_stat_muon=1.50801, ele_efficiency=1.03019, ele_trigger=1.35261, fakephoton_ele=6.40735, fakephoton_muon=-6.86494, interference=6.92284, lumi=6.91246, mu_efficiency=4.71873, mu_trigger=-4.07204, non_prompt_stat_ele=6.97408, non_prompt_stat_muon=-6.91274, others_stat_ele=3.71681, others_stat_muon=0.265295, others_xs=6.7731, param=1.70413, pdf_ele=2.96736, pdf_muon=1.80509, photon_id=-5.61532, pileup=2.13056, scale_ele=6.26344, scale_muon=1.56019
RooProdPdf::model_s[ modelObs_s * nuisancePdf ]
     getLogVal() top-level p.d.f evaluates to zero @ !pdfs=(modelObs_s = 0/1,nuisancePdf = 1)

[#0] WARNING:Minization -- RooMinimizerFcn: Minimized function has error status.
Returning maximum FCN so far (573.564) to force MIGRAD to back out of this region. Error log follows
Parameter values: JER_ele=-4.32646, JER_muon=2.43849, JES_ele=6.0037, JES_muon=-6.80529, QCD_stat_ele=-6.62178, QCD_stat_muon=3.56691, VBS_stat_ele=6.00893, VBS_stat_muon=3.95973, ele_efficiency=6.99704, ele_trigger=-6.67238, fakephoton_ele=5.98417, fakephoton_muon=6.99772, interference=-4.83208, lumi=6.92408, mu_efficiency=-1.04883, mu_trigger=6.14851, non_prompt_stat_ele=5.49109, non_prompt_stat_muon=-5.93848, others_stat_ele=-6.97601, others_stat_muon=4.14108, others_xs=-2.10793, param=1.69967, pdf_ele=3.01642, pdf_muon=2.11623, photon_id=-6.93118, pileup=-3.45767, scale_ele=1.77936, scale_muon=0.147751
RooProdPdf::model_s[ modelObs_s * nuisancePdf ]
     getLogVal() top-level p.d.f evaluates to zero @ !pdfs=(modelObs_s = 0/1,nuisancePdf = 1)

[#0] WARNING:Minization -- RooMinimizerFcn: Minimized function has error status.
Returning maximum FCN so far (907.313) to force MIGRAD to back out of this region. Error log follows
Parameter values: JER_ele=6.93765, JER_muon=6.84646, JES_ele=-6.67755, JES_muon=-5.24782, QCD_stat_ele=-6.85878, QCD_stat_muon=-0.417154, VBS_stat_ele=-6.35369, VBS_stat_muon=0.259268, ele_efficiency=6.48282, ele_trigger=-6.71822, fakephoton_ele=6.01813, fakephoton_muon=3.6668, interference=-2.07733, lumi=6.77816, mu_efficiency=5.27, mu_trigger=-6.60048, non_prompt_stat_ele=5.21562, non_prompt_stat_muon=-6.68042, others_stat_ele=-6.8442, others_stat_muon=6.9661, others_xs=-6.79634, param=1.95258, pdf_ele=4.90238, pdf_muon=-6.8098, photon_id=-2.42985, pileup=0.838266, scale_ele=-6.82834, scale_muon=-5.28752
RooProdPdf::model_s[ modelObs_s * nuisancePdf ]
     getLogVal() top-level p.d.f evaluates to zero @ !pdfs=(modelObs_s = 0/1,nuisancePdf = 1)

[#0] WARNING:Minization -- RooMinimizerFcn: Minimized function has error status.
Returning maximum FCN so far (514.907) to force MIGRAD to back out of this region. Error log follows
Parameter values: JER_ele=4.50434, JER_muon=0.895688, JES_ele=-3.86816, JES_muon=2.86886, QCD_stat_ele=-1.59913, QCD_stat_muon=6.97894, VBS_stat_ele=2.91056, VBS_stat_muon=-3.40321, ele_efficiency=-1.90615, ele_trigger=0.751594, fakephoton_ele=1.17019, fakephoton_muon=4.01729, interference=-4.06736, lumi=2.84973, mu_efficiency=-4.67881, mu_trigger=3.38392, non_prompt_stat_ele=5.46047, non_prompt_stat_muon=2.95484, others_stat_ele=2.6916, others_stat_muon=2.03873, others_xs=-0.734637, param=2.62149, pdf_ele=-0.814992, pdf_muon=6.48009, photon_id=4.75752, pileup=4.30943, scale_ele=2.91602, scale_muon=6.75626
RooProdPdf::model_s[ modelObs_s * nuisancePdf ]
     getLogVal() top-level p.d.f evaluates to zero @ !pdfs=(modelObs_s = 0/1,nuisancePdf = 1)

[#0] WARNING:Minization -- RooMinimizerFcn: Minimized function has error status.
Returning maximum FCN so far (813.21) to force MIGRAD to back out of this region. Error log follows
Parameter values: JER_ele=1.45478, JER_muon=-6.83885, JES_ele=-5.27519, JES_muon=5.89498, QCD_stat_ele=6.56152, QCD_stat_muon=-6.71216, VBS_stat_ele=-4.98612, VBS_stat_muon=-6.73613, ele_efficiency=-5.36839, ele_trigger=-2.59082, fakephoton_ele=6.06632, fakephoton_muon=3.67013, interference=3.41792, lumi=1.05433, mu_efficiency=-6.77122, mu_trigger=6.03553, non_prompt_stat_ele=6.81292, non_prompt_stat_muon=5.96031, others_stat_ele=-5.14705, others_stat_muon=1.6144, others_xs=-1.47621, param=2.45116, pdf_ele=3.96849, pdf_muon=-4.82248, photon_id=-6.60914, pileup=5.04652, scale_ele=-0.6037, scale_muon=-4.73574
RooProdPdf::model_s[ modelObs_s * nuisancePdf ]
     getLogVal() top-level p.d.f evaluates to zero @ !pdfs=(modelObs_s = 0/1,nuisancePdf = 1)

[#0] WARNING:Minization -- RooMinimizerFcn: Minimized function has error status.
Returning maximum FCN so far (813.21) to force MIGRAD to back out of this region. Error log follows
Parameter values: JER_ele=-0.342186, JER_muon=-0.918396, JES_ele=2.96397, JES_muon=-0.92149, QCD_stat_ele=6.88117, QCD_stat_muon=-3.74039, VBS_stat_ele=1.24931, VBS_stat_muon=-0.555786, ele_efficiency=2.21422, ele_trigger=1.73116, fakephoton_ele=6.9731, fakephoton_muon=0.886569, interference=0.3884, lumi=0.303852, mu_efficiency=1.23111, mu_trigger=-0.691157, non_prompt_stat_ele=5.98022, non_prompt_stat_muon=-2.33504, others_stat_ele=1.40985, others_stat_muon=0.832391, others_xs=0.497495, param=2.37098, pdf_ele=1.63241, pdf_muon=-0.989317, photon_id=-1.14928, pileup=2.04833, scale_ele=6.78296, scale_muon=-1.96105
RooProdPdf::model_s[ modelObs_s * nuisancePdf ]
     getLogVal() top-level p.d.f evaluates to zero @ !pdfs=(modelObs_s = 0/1,nuisancePdf = 1)

[#0] WARNING:Minization -- RooMinimizerFcn: Minimized function has error status.
Returning maximum FCN so far (551.58) to force MIGRAD to back out of this region. Error log follows
Parameter values: JER_ele=-6.99364, JER_muon=6.37403, JES_ele=6.22667, JES_muon=-0.641818, QCD_stat_ele=-1.5958, QCD_stat_muon=-6.4862, VBS_stat_ele=0.999767, VBS_stat_muon=-4.54651, ele_efficiency=5.66215, ele_trigger=2.52397, fakephoton_ele=6.22579, fakephoton_muon=-6.89091, interference=6.75131, lumi=-6.20862, mu_efficiency=-5.41012, mu_trigger=-6.97269, non_prompt_stat_ele=6.98639, non_prompt_stat_muon=6.22694, others_stat_ele=-3.59169, others_stat_muon=-6.97667, others_xs=-0.880945, param=1.21334, pdf_ele=6.8606, pdf_muon=6.44472, photon_id=-6.44713, pileup=0.688021, scale_ele=5.60244, scale_muon=5.82963
RooProdPdf::model_s[ modelObs_s * nuisancePdf ]
     getLogVal() top-level p.d.f evaluates to zero @ !pdfs=(modelObs_s = 0/1,nuisancePdf = 1)

[#0] WARNING:Minization -- RooMinimizerFcn: Minimized function has error status.
Returning maximum FCN so far (560.11) to force MIGRAD to back out of this region. Error log follows
Parameter values: JER_ele=2.24985, JER_muon=-5.96723, JES_ele=-6.57419, JES_muon=2.70511, QCD_stat_ele=-3.20157, QCD_stat_muon=-2.37875, VBS_stat_ele=-1.43096, VBS_stat_muon=4.95231, ele_efficiency=-1.9414, ele_trigger=-6.3941, fakephoton_ele=6.97313, fakephoton_muon=-5.15591, interference=-4.42759, lumi=-5.17232, mu_efficiency=5.57164, mu_trigger=-4.93948, non_prompt_stat_ele=3.8313, non_prompt_stat_muon=-6.94925, others_stat_ele=6.9906, others_stat_muon=6.99734, others_xs=3.72347, param=1.16932, pdf_ele=6.99833, pdf_muon=-0.509486, photon_id=6.95091, pileup=6.49927, scale_ele=6.75768, scale_muon=6.99898
RooProdPdf::model_s[ modelObs_s * nuisancePdf ]
     getLogVal() top-level p.d.f evaluates to zero @ !pdfs=(modelObs_s = 0/1,nuisancePdf = 1)

[#0] WARNING:Minization -- RooMinimizerFcn: Minimized function has error status.
Returning maximum FCN so far (560.11) to force MIGRAD to back out of this region. Error log follows
Parameter values: JER_ele=-2.95913, JER_muon=0.280811, JES_ele=2.71156, JES_muon=-1.71169, QCD_stat_ele=-5.19802, QCD_stat_muon=3.7242, VBS_stat_ele=6.15069, VBS_stat_muon=1.59611, ele_efficiency=3.09432, ele_trigger=1.38515, fakephoton_ele=5.32732, fakephoton_muon=0.553375, interference=-0.831113, lumi=0.922267, mu_efficiency=-3.70868, mu_trigger=-4.44047, non_prompt_stat_ele=6.77153, non_prompt_stat_muon=6.79404, others_stat_ele=6.59126, others_stat_muon=-3.03816, others_xs=-3.54321, param=1.17461, pdf_ele=5.68323, pdf_muon=1.4435, photon_id=5.20982, pileup=5.52875, scale_ele=-2.3174, scale_muon=4.94603
RooProdPdf::model_s[ modelObs_s * nuisancePdf ]
     getLogVal() top-level p.d.f evaluates to zero @ !pdfs=(modelObs_s = 0/1,nuisancePdf = 1)


 -- Hybrid New -- 
CLs = 0.640476 +/- 0.0364638
Done in 18.33 min (cpu), 18.45 min (real)
