 <<< Combine >>> 
>>> including systematics
>>> using the Profile Likelihood test statistics modified for upper limits (Q_LHC)
>>> method used is HybridNew
>>> Used OpenSSL to get a really random seed 1231212231
Computing results starting from observation (a-posteriori)
[#0] WARNING:Minization -- RooMinimizerFcn: Minimized function has error status.
Returning maximum FCN so far (626.177) to force MIGRAD to back out of this region. Error log follows
Parameter values: JER_ele=1.89239, JER_muon=-4.47024, JES_ele=1.76375, JES_muon=2.81449, QCD_stat_ele=6.94611, QCD_stat_muon=4.52009, VBS_stat_ele=1.27763, VBS_stat_muon=-6.159, ele_efficiency=-1.45871, ele_trigger=0.506413, fakephoton_ele=6.18677, fakephoton_muon=-6.86398, interference=-6.99771, lumi=-6.96467, mu_efficiency=-5.4831, mu_trigger=-2.54889, non_prompt_stat_ele=5.67861, non_prompt_stat_muon=0.472375, others_stat_ele=0.590726, others_stat_muon=6.89538, others_xs=-0.302906, param=0.249157, pdf_ele=1.25739, pdf_muon=6.83032, photon_id=6.54628, pileup=-0.721784, scale_ele=1.86501, scale_muon=5.18029
RooProdPdf::model_s[ modelObs_s * nuisancePdf ]
     getLogVal() top-level p.d.f evaluates to zero @ !pdfs=(modelObs_s = 0/1,nuisancePdf = 1)

[#0] WARNING:Minization -- RooMinimizerFcn: Minimized function has error status.
Returning maximum FCN so far (606.057) to force MIGRAD to back out of this region. Error log follows
Parameter values: JER_ele=5.4451, JER_muon=-0.672566, JES_ele=-3.12317, JES_muon=3.15703, QCD_stat_ele=1.87045, QCD_stat_muon=3.56734, VBS_stat_ele=6.07981, VBS_stat_muon=5.04608, ele_efficiency=-6.02307, ele_trigger=-2.16568, fakephoton_ele=2.03938, fakephoton_muon=4.16256, interference=-6.39279, lumi=6.72014, mu_efficiency=6.88924, mu_trigger=-4.19093, non_prompt_stat_ele=6.87823, non_prompt_stat_muon=6.69493, others_stat_ele=-6.49432, others_stat_muon=3.84576, others_xs=-6.99756, param=0.0159366, pdf_ele=-6.96828, pdf_muon=-6.78263, photon_id=6.94635, pileup=-6.30119, scale_ele=6.15988, scale_muon=-2.25581
RooProdPdf::model_s[ modelObs_s * nuisancePdf ]
     getLogVal() top-level p.d.f evaluates to zero @ !pdfs=(modelObs_s = 0/1,nuisancePdf = 1)

[#0] WARNING:Minization -- RooMinimizerFcn: Minimized function has error status.
Returning maximum FCN so far (606.057) to force MIGRAD to back out of this region. Error log follows
Parameter values: JER_ele=6.70803, JER_muon=2.66379, JES_ele=4.10174, JES_muon=-6.28832, QCD_stat_ele=6.96874, QCD_stat_muon=-4.52298, VBS_stat_ele=-3.11981, VBS_stat_muon=3.72933, ele_efficiency=6.67251, ele_trigger=4.61816, fakephoton_ele=6.99323, fakephoton_muon=3.38257, interference=1.11414, lumi=4.83049, mu_efficiency=5.57403, mu_trigger=0.30592, non_prompt_stat_ele=3.85525, non_prompt_stat_muon=0.83309, others_stat_ele=1.55562, others_stat_muon=-6.97345, others_xs=6.7202, param=0.0162428, pdf_ele=-6.73478, pdf_muon=5.08212, photon_id=4.05336, pileup=-6.62143, scale_ele=-5.97248, scale_muon=6.77952
RooProdPdf::model_s[ modelObs_s * nuisancePdf ]
     getLogVal() top-level p.d.f evaluates to zero @ !pdfs=(modelObs_s = 0/1,nuisancePdf = 1)

[#0] WARNING:Minization -- RooMinimizerFcn: Minimized function has error status.
Returning maximum FCN so far (606.057) to force MIGRAD to back out of this region. Error log follows
Parameter values: JER_ele=0.813964, JER_muon=-1.75238, JES_ele=1.13858, JES_muon=-1.9894, QCD_stat_ele=-0.0751468, QCD_stat_muon=-6.85231, VBS_stat_ele=1.04484, VBS_stat_muon=-1.21693, ele_efficiency=0.980689, ele_trigger=0.721744, fakephoton_ele=6.17937, fakephoton_muon=0.473403, interference=-0.671148, lumi=-0.460906, mu_efficiency=-0.16217, mu_trigger=-1.68005, non_prompt_stat_ele=5.64316, non_prompt_stat_muon=1.61579, others_stat_ele=1.0857, others_stat_muon=-1.99216, others_xs=-0.474222, param=0.0162928, pdf_ele=2.37183, pdf_muon=-2.80555, photon_id=-0.852259, pileup=-0.342848, scale_ele=5.37688, scale_muon=-4.45979
RooProdPdf::model_s[ modelObs_s * nuisancePdf ]
     getLogVal() top-level p.d.f evaluates to zero @ !pdfs=(modelObs_s = 0/1,nuisancePdf = 1)

[#0] WARNING:Minization -- RooMinimizerFcn: Minimized function has error status.
Returning maximum FCN so far (606.057) to force MIGRAD to back out of this region. Error log follows
Parameter values: JER_ele=-6.9094, JER_muon=6.99643, JES_ele=-5.92214, JES_muon=-1.98898, QCD_stat_ele=-6.97267, QCD_stat_muon=0.961226, VBS_stat_ele=5.42896, VBS_stat_muon=6.43956, ele_efficiency=-6.08313, ele_trigger=-6.92598, fakephoton_ele=4.84361, fakephoton_muon=5.87414, interference=3.22376, lumi=-2.29539, mu_efficiency=1.9284, mu_trigger=4.08327, non_prompt_stat_ele=4.98088, non_prompt_stat_muon=-6.47748, others_stat_ele=-2.30746, others_stat_muon=6.80072, others_xs=-2.42413, param=0.0163036, pdf_ele=3.6874, pdf_muon=-6.01355, photon_id=2.52606, pileup=3.1653, scale_ele=-3.31678, scale_muon=0.470799
RooProdPdf::model_s[ modelObs_s * nuisancePdf ]
     getLogVal() top-level p.d.f evaluates to zero @ !pdfs=(modelObs_s = 0/1,nuisancePdf = 1)

[#0] WARNING:Minization -- RooMinimizerFcn: Minimized function has error status.
Returning maximum FCN so far (983.78) to force MIGRAD to back out of this region. Error log follows
Parameter values: JER_ele=1.39488, JER_muon=-0.159349, JES_ele=2.87538, JES_muon=0.622926, QCD_stat_ele=-0.995608, QCD_stat_muon=1.43582, VBS_stat_ele=-0.124707, VBS_stat_muon=-1.2957, ele_efficiency=-1.25152, ele_trigger=2.49816, fakephoton_ele=6.40072, fakephoton_muon=1.69139, interference=-0.370919, lumi=0.731444, mu_efficiency=-0.811915, mu_trigger=0.458165, non_prompt_stat_ele=6.59878, non_prompt_stat_muon=1.52493, others_stat_ele=3.37275, others_stat_muon=-0.485649, others_xs=0.193296, param=0.0162932, pdf_ele=2.79321, pdf_muon=-0.0317483, photon_id=2.32785, pileup=1.36261, scale_ele=6.82787, scale_muon=0.537141
RooProdPdf::model_s[ modelObs_s * nuisancePdf ]
     getLogVal() top-level p.d.f evaluates to zero @ !pdfs=(modelObs_s = 0/1,nuisancePdf = 1)

[#0] WARNING:Minization -- RooMinimizerFcn: Minimized function has error status.
Returning maximum FCN so far (983.78) to force MIGRAD to back out of this region. Error log follows
Parameter values: JER_ele=-5.21488, JER_muon=-3.40576, JES_ele=6.74794, JES_muon=6.91113, QCD_stat_ele=6.64384, QCD_stat_muon=2.09737, VBS_stat_ele=-6.96903, VBS_stat_muon=6.11262, ele_efficiency=0.986323, ele_trigger=5.74091, fakephoton_ele=2.20664, fakephoton_muon=-6.20898, interference=-5.48984, lumi=-5.98576, mu_efficiency=-2.02426, mu_trigger=5.26973, non_prompt_stat_ele=6.42432, non_prompt_stat_muon=4.58879, others_stat_ele=5.92248, others_stat_muon=-2.91712, others_xs=-0.207998, param=0.0162815, pdf_ele=0.0429074, pdf_muon=-5.0893, photon_id=-4.26036, pileup=-5.38747, scale_ele=3.46236, scale_muon=-3.48379
RooProdPdf::model_s[ modelObs_s * nuisancePdf ]
     getLogVal() top-level p.d.f evaluates to zero @ !pdfs=(modelObs_s = 0/1,nuisancePdf = 1)

[#0] WARNING:Minization -- RooMinimizerFcn: Minimized function has error status.
Returning maximum FCN so far (538.353) to force MIGRAD to back out of this region. Error log follows
Parameter values: JER_ele=-6.99995, JER_muon=-5.30197, JES_ele=0.281099, JES_muon=3.36835, QCD_stat_ele=-6.36953, QCD_stat_muon=-2.39203, VBS_stat_ele=-6.72683, VBS_stat_muon=-6.48955, ele_efficiency=-5.20314, ele_trigger=-6.71287, fakephoton_ele=6.03143, fakephoton_muon=-6.92282, interference=-5.2503, lumi=-5.76111, mu_efficiency=-6.45512, mu_trigger=-2.9844, non_prompt_stat_ele=6.85218, non_prompt_stat_muon=-1.45277, others_stat_ele=6.99563, others_stat_muon=-0.211685, others_xs=-6.74875, param=0.254974, pdf_ele=-6.89027, pdf_muon=0.715015, photon_id=0.788372, pileup=5.9888, scale_ele=-6.53786, scale_muon=6.68495
RooProdPdf::model_s[ modelObs_s * nuisancePdf ]
     getLogVal() top-level p.d.f evaluates to zero @ !pdfs=(modelObs_s = 0/1,nuisancePdf = 1)

[#0] WARNING:Minization -- RooMinimizerFcn: Minimized function has error status.
Returning maximum FCN so far (538.353) to force MIGRAD to back out of this region. Error log follows
Parameter values: JER_ele=0.648934, JER_muon=1.04493, JES_ele=2.11484, JES_muon=5.18843, QCD_stat_ele=6.9057, QCD_stat_muon=6.83812, VBS_stat_ele=3.67955, VBS_stat_muon=1.72648, ele_efficiency=-0.137081, ele_trigger=1.56999, fakephoton_ele=6.26246, fakephoton_muon=0.571824, interference=2.37167, lumi=3.37483, mu_efficiency=-1.57184, mu_trigger=3.28211, non_prompt_stat_ele=4.85569, non_prompt_stat_muon=3.95229, others_stat_ele=2.2293, others_stat_muon=3.20808, others_xs=2.13428, param=0.254207, pdf_ele=0.378912, pdf_muon=4.0026, photon_id=5.76788, pileup=2.68345, scale_ele=6.06026, scale_muon=6.46805
RooProdPdf::model_s[ modelObs_s * nuisancePdf ]
     getLogVal() top-level p.d.f evaluates to zero @ !pdfs=(modelObs_s = 0/1,nuisancePdf = 1)

[#0] WARNING:Minization -- RooMinimizerFcn: Minimized function has error status.
Returning maximum FCN so far (878.89) to force MIGRAD to back out of this region. Error log follows
Parameter values: JER_ele=1.45781, JER_muon=1.8887, JES_ele=3.26371, JES_muon=6.67382, QCD_stat_ele=2.73158, QCD_stat_muon=4.97844, VBS_stat_ele=6.43435, VBS_stat_muon=2.58463, ele_efficiency=0.0171273, ele_trigger=2.388, fakephoton_ele=6.62688, fakephoton_muon=1.1527, interference=3.23155, lumi=4.21162, mu_efficiency=-1.50486, mu_trigger=4.59915, non_prompt_stat_ele=5.85907, non_prompt_stat_muon=5.38189, others_stat_ele=2.93417, others_stat_muon=4.46512, others_xs=3.31671, param=0.25416, pdf_ele=-3.23679, pdf_muon=5.54281, photon_id=6.97389, pileup=3.15807, scale_ele=6.97674, scale_muon=5.71478
RooProdPdf::model_s[ modelObs_s * nuisancePdf ]
     getLogVal() top-level p.d.f evaluates to zero @ !pdfs=(modelObs_s = 0/1,nuisancePdf = 1)

[#0] WARNING:Minization -- RooMinimizerFcn: Minimized function has error status.
Returning maximum FCN so far (878.89) to force MIGRAD to back out of this region. Error log follows
Parameter values: JER_ele=0.546014, JER_muon=1.19964, JES_ele=1.62794, JES_muon=3.64389, QCD_stat_ele=6.99805, QCD_stat_muon=6.61494, VBS_stat_ele=3.28289, VBS_stat_muon=1.50257, ele_efficiency=0.0981304, ele_trigger=1.62006, fakephoton_ele=5.59509, fakephoton_muon=0.639641, interference=2.09338, lumi=3.09898, mu_efficiency=-1.20933, mu_trigger=3.30864, non_prompt_stat_ele=3.53133, non_prompt_stat_muon=2.55128, others_stat_ele=1.08801, others_stat_muon=3.11435, others_xs=1.98991, param=0.254058, pdf_ele=-2.04782, pdf_muon=4.44255, photon_id=5.84014, pileup=2.48723, scale_ele=5.62424, scale_muon=6.55842
RooProdPdf::model_s[ modelObs_s * nuisancePdf ]
     getLogVal() top-level p.d.f evaluates to zero @ !pdfs=(modelObs_s = 0/1,nuisancePdf = 1)

[#0] WARNING:Minization -- RooMinimizerFcn: Minimized function has error status.
Returning maximum FCN so far (476.647) to force MIGRAD to back out of this region. Error log follows
Parameter values: JER_ele=-2.91644, JER_muon=-5.79951, JES_ele=5.74952, JES_muon=2.57797, QCD_stat_ele=6.69957, QCD_stat_muon=5.26738, VBS_stat_ele=-0.736127, VBS_stat_muon=-5.27397, ele_efficiency=4.79826, ele_trigger=6.42425, fakephoton_ele=6.92915, fakephoton_muon=-6.70691, interference=6.94005, lumi=5.71782, mu_efficiency=6.11394, mu_trigger=3.08003, non_prompt_stat_ele=3.64742, non_prompt_stat_muon=-4.94661, others_stat_ele=5.98607, others_stat_muon=2.97983, others_xs=4.20683, param=0.312302, pdf_ele=-5.98795, pdf_muon=-3.88501, photon_id=5.07448, pileup=-0.26098, scale_ele=0.603611, scale_muon=-3.0966
RooProdPdf::model_s[ modelObs_s * nuisancePdf ]
     getLogVal() top-level p.d.f evaluates to zero @ !pdfs=(modelObs_s = 0/1,nuisancePdf = 1)

[#0] WARNING:Minization -- RooMinimizerFcn: Minimized function has error status.
Returning maximum FCN so far (545.071) to force MIGRAD to back out of this region. Error log follows
Parameter values: JER_ele=-6.63183, JER_muon=-3.0908, JES_ele=-6.99737, JES_muon=6.07723, QCD_stat_ele=-3.36364, QCD_stat_muon=6.97142, VBS_stat_ele=6.98837, VBS_stat_muon=5.9494, ele_efficiency=1.92077, ele_trigger=-5.06482, fakephoton_ele=5.26419, fakephoton_muon=-6.99638, interference=-6.56354, lumi=1.05249, mu_efficiency=-6.4529, mu_trigger=4.94963, non_prompt_stat_ele=4.55114, non_prompt_stat_muon=1.94708, others_stat_ele=-4.72753, others_stat_muon=-5.90697, others_xs=-4.69943, param=0.325764, pdf_ele=-4.20048, pdf_muon=-6.6731, photon_id=-4.38341, pileup=1.05164, scale_ele=-1.35071, scale_muon=5.85727
RooProdPdf::model_s[ modelObs_s * nuisancePdf ]
     getLogVal() top-level p.d.f evaluates to zero @ !pdfs=(modelObs_s = 0/1,nuisancePdf = 1)

[#0] WARNING:Minization -- RooMinimizerFcn: Minimized function has error status.
Returning maximum FCN so far (545.071) to force MIGRAD to back out of this region. Error log follows
Parameter values: JER_ele=6.70188, JER_muon=1.17418, JES_ele=-4.43297, JES_muon=-4.85411, QCD_stat_ele=-0.796849, QCD_stat_muon=4.1063, VBS_stat_ele=6.76081, VBS_stat_muon=6.96527, ele_efficiency=-5.3006, ele_trigger=-5.31083, fakephoton_ele=1.30527, fakephoton_muon=-4.93455, interference=-3.96492, lumi=4.48745, mu_efficiency=-6.98689, mu_trigger=-6.67638, non_prompt_stat_ele=6.77665, non_prompt_stat_muon=-0.849021, others_stat_ele=-4.7983, others_stat_muon=-3.60203, others_xs=6.57653, param=0.323723, pdf_ele=6.99922, pdf_muon=5.30126, photon_id=6.78399, pileup=-2.64838, scale_ele=-5.20303, scale_muon=2.96424
RooProdPdf::model_s[ modelObs_s * nuisancePdf ]
     getLogVal() top-level p.d.f evaluates to zero @ !pdfs=(modelObs_s = 0/1,nuisancePdf = 1)

[#0] WARNING:Minization -- RooMinimizerFcn: Minimized function has error status.
Returning maximum FCN so far (368.116) to force MIGRAD to back out of this region. Error log follows
Parameter values: JER_ele=-2.66071, JER_muon=-2.46401, JES_ele=1.17916, JES_muon=-3.62003, QCD_stat_ele=-2.62318, QCD_stat_muon=-0.510814, VBS_stat_ele=0.721421, VBS_stat_muon=-2.41215, ele_efficiency=0.213706, ele_trigger=-0.126931, fakephoton_ele=3.35318, fakephoton_muon=0.919626, interference=1.21063, lumi=2.10295, mu_efficiency=0.433264, mu_trigger=1.53692, non_prompt_stat_ele=6.03867, non_prompt_stat_muon=-1.09226, others_stat_ele=-0.171049, others_stat_muon=0.397294, others_xs=-1.79228, param=0.128532, pdf_ele=0.186948, pdf_muon=0.375191, photon_id=-0.672416, pileup=-1.98311, scale_ele=-2.2099, scale_muon=-0.108076
RooProdPdf::model_s[ modelObs_s * nuisancePdf ]
     getLogVal() top-level p.d.f evaluates to zero @ !pdfs=(modelObs_s = 0/1,nuisancePdf = 1)

[#0] WARNING:Minization -- RooMinimizerFcn: Minimized function has error status.
Returning maximum FCN so far (911.53) to force MIGRAD to back out of this region. Error log follows
Parameter values: JER_ele=4.86689, JER_muon=-2.65828, JES_ele=-0.689277, JES_muon=-3.48664, QCD_stat_ele=-0.690379, QCD_stat_muon=-6.86576, VBS_stat_ele=4.34631, VBS_stat_muon=-4.11716, ele_efficiency=-1.45735, ele_trigger=4.89487, fakephoton_ele=5.59372, fakephoton_muon=2.86594, interference=-1.03878, lumi=-0.693133, mu_efficiency=-1.30087, mu_trigger=-6.99891, non_prompt_stat_ele=6.15162, non_prompt_stat_muon=0.0576741, others_stat_ele=3.79004, others_stat_muon=0.811272, others_xs=-1.60156, param=0.234001, pdf_ele=5.25028, pdf_muon=-4.14152, photon_id=-6.99691, pileup=-0.00706024, scale_ele=3.17684, scale_muon=-4.84692
RooProdPdf::model_s[ modelObs_s * nuisancePdf ]
     getLogVal() top-level p.d.f evaluates to zero @ !pdfs=(modelObs_s = 0/1,nuisancePdf = 1)

[#0] WARNING:Minization -- RooMinimizerFcn: Minimized function has error status.
Returning maximum FCN so far (911.53) to force MIGRAD to back out of this region. Error log follows
Parameter values: JER_ele=5.36039, JER_muon=-6.27376, JES_ele=-5.42346, JES_muon=2.38185, QCD_stat_ele=-2.38487, QCD_stat_muon=-1.46854, VBS_stat_ele=2.96682, VBS_stat_muon=4.26566, ele_efficiency=6.50487, ele_trigger=2.47963, fakephoton_ele=6.73915, fakephoton_muon=5.44983, interference=-6.34812, lumi=-6.88733, mu_efficiency=-4.76956, mu_trigger=-6.99933, non_prompt_stat_ele=6.23395, non_prompt_stat_muon=-4.08577, others_stat_ele=6.27952, others_stat_muon=6.83004, others_xs=-6.78177, param=0.234384, pdf_ele=-4.22799, pdf_muon=-1.73429, photon_id=5.81325, pileup=-0.689388, scale_ele=-6.98034, scale_muon=0.530852
RooProdPdf::model_s[ modelObs_s * nuisancePdf ]
     getLogVal() top-level p.d.f evaluates to zero @ !pdfs=(modelObs_s = 0/1,nuisancePdf = 1)

[#0] WARNING:Minization -- RooMinimizerFcn: Minimized function has error status.
Returning maximum FCN so far (35.3219) to force MIGRAD to back out of this region. Error log follows
Parameter values: JER_ele=-1.41195, JER_muon=0.0412056, JES_ele=1.11179, JES_muon=5.82628, QCD_stat_ele=3.19185, QCD_stat_muon=6.47583, VBS_stat_ele=-0.121488, VBS_stat_muon=6.17681, ele_efficiency=4.14599, ele_trigger=5.54153, fakephoton_ele=5.88214, fakephoton_muon=-2.85318, interference=-5.71992, lumi=1.93076, mu_efficiency=-6.95138, mu_trigger=0.93277, non_prompt_stat_ele=5.98562, non_prompt_stat_muon=0.923564, others_stat_ele=-3.0057, others_stat_muon=3.48773, others_xs=3.52552, param=0.000580771, pdf_ele=3.36749, pdf_muon=6.64537, photon_id=5.80125, pileup=-1.14504, scale_ele=6.78228, scale_muon=-4.2725
RooProdPdf::model_s[ modelObs_s * nuisancePdf ]
     getLogVal() top-level p.d.f evaluates to zero @ !pdfs=(modelObs_s = 0/1,nuisancePdf = 1)

[#0] WARNING:Minization -- RooMinimizerFcn: Minimized function has error status.
Returning maximum FCN so far (518.207) to force MIGRAD to back out of this region. Error log follows
Parameter values: JER_ele=3.85826, JER_muon=1.89785, JES_ele=6.98596, JES_muon=-6.67068, QCD_stat_ele=6.99988, QCD_stat_muon=-6.39705, VBS_stat_ele=1.50613, VBS_stat_muon=2.57344, ele_efficiency=-3.84931, ele_trigger=4.53692, fakephoton_ele=4.0188, fakephoton_muon=-6.44466, interference=-0.822709, lumi=-1.93894, mu_efficiency=-2.9474, mu_trigger=-6.52128, non_prompt_stat_ele=6.95519, non_prompt_stat_muon=-6.20571, others_stat_ele=0.456008, others_stat_muon=-2.29354, others_xs=0.0338214, param=0.152152, pdf_ele=5.66963, pdf_muon=-6.78144, photon_id=-1.57862, pileup=-4.10836, scale_ele=6.02809, scale_muon=-6.38584
RooProdPdf::model_s[ modelObs_s * nuisancePdf ]
     getLogVal() top-level p.d.f evaluates to zero @ !pdfs=(modelObs_s = 0/1,nuisancePdf = 1)

[#0] WARNING:Minization -- RooMinimizerFcn: Minimized function has error status.
Returning maximum FCN so far (598.24) to force MIGRAD to back out of this region. Error log follows
Parameter values: JER_ele=6.54096, JER_muon=-6.10621, JES_ele=-3.4572, JES_muon=6.99157, QCD_stat_ele=3.64831, QCD_stat_muon=-6.33688, VBS_stat_ele=6.07084, VBS_stat_muon=5.67821, ele_efficiency=4.26102, ele_trigger=0.0933976, fakephoton_ele=6.69338, fakephoton_muon=3.67836, interference=3.22108, lumi=6.37146, mu_efficiency=3.44771, mu_trigger=-0.089172, non_prompt_stat_ele=3.07212, non_prompt_stat_muon=5.84774, others_stat_ele=3.75803, others_stat_muon=6.73611, others_xs=5.43814, param=0.172644, pdf_ele=6.73354, pdf_muon=-6.96436, photon_id=3.99438, pileup=-3.80524, scale_ele=5.63371, scale_muon=-6.02628
RooProdPdf::model_s[ modelObs_s * nuisancePdf ]
     getLogVal() top-level p.d.f evaluates to zero @ !pdfs=(modelObs_s = 0/1,nuisancePdf = 1)

[#0] WARNING:Minization -- RooMinimizerFcn: Minimized function has error status.
Returning maximum FCN so far (598.24) to force MIGRAD to back out of this region. Error log follows
Parameter values: JER_ele=-6.88002, JER_muon=-3.18294, JES_ele=-4.3312, JES_muon=5.41498, QCD_stat_ele=5.27327, QCD_stat_muon=5.77971, VBS_stat_ele=-1.05833, VBS_stat_muon=2.92403, ele_efficiency=6.37927, ele_trigger=-0.532968, fakephoton_ele=4.76077, fakephoton_muon=2.58444, interference=5.82063, lumi=-6.17245, mu_efficiency=6.20123, mu_trigger=6.9764, non_prompt_stat_ele=6.97971, non_prompt_stat_muon=-2.75442, others_stat_ele=6.49451, others_stat_muon=4.69392, others_xs=-4.00293, param=0.173919, pdf_ele=6.44446, pdf_muon=0.350204, photon_id=-3.93045, pileup=-6.26469, scale_ele=4.50134, scale_muon=-4.64099
RooProdPdf::model_s[ modelObs_s * nuisancePdf ]
     getLogVal() top-level p.d.f evaluates to zero @ !pdfs=(modelObs_s = 0/1,nuisancePdf = 1)

[#0] WARNING:Minization -- RooMinimizerFcn: Minimized function has error status.
Returning maximum FCN so far (483.418) to force MIGRAD to back out of this region. Error log follows
Parameter values: JER_ele=6.217, JER_muon=6.8386, JES_ele=3.08459, JES_muon=3.11169, QCD_stat_ele=2.6749, QCD_stat_muon=-6.99895, VBS_stat_ele=-6.10436, VBS_stat_muon=0.197931, ele_efficiency=-6.47035, ele_trigger=0.2315, fakephoton_ele=3.31415, fakephoton_muon=-5.44469, interference=6.53641, lumi=5.68102, mu_efficiency=5.84232, mu_trigger=-5.38622, non_prompt_stat_ele=6.58425, non_prompt_stat_muon=-1.94361, others_stat_ele=6.68334, others_stat_muon=1.71772, others_xs=4.06202, param=0.171231, pdf_ele=6.69702, pdf_muon=-3.06298, photon_id=-4.41982, pileup=-6.99036, scale_ele=1.1937, scale_muon=4.47085
RooProdPdf::model_s[ modelObs_s * nuisancePdf ]
     getLogVal() top-level p.d.f evaluates to zero @ !pdfs=(modelObs_s = 0/1,nuisancePdf = 1)

[#0] WARNING:Minization -- RooMinimizerFcn: Minimized function has error status.
Returning maximum FCN so far (483.418) to force MIGRAD to back out of this region. Error log follows
Parameter values: JER_ele=5.45488, JER_muon=-5.78642, JES_ele=-5.44499, JES_muon=5.47306, QCD_stat_ele=3.61249, QCD_stat_muon=4.73592, VBS_stat_ele=5.42374, VBS_stat_muon=6.96786, ele_efficiency=-6.52759, ele_trigger=5.63133, fakephoton_ele=4.45959, fakephoton_muon=6.37055, interference=2.83898, lumi=3.10392, mu_efficiency=-0.927789, mu_trigger=-5.516, non_prompt_stat_ele=4.91285, non_prompt_stat_muon=-6.77311, others_stat_ele=-6.86586, others_stat_muon=0.534657, others_xs=5.24687, param=0.235566, pdf_ele=3.63319, pdf_muon=-2.15499, photon_id=5.38147, pileup=-3.13319, scale_ele=-6.3436, scale_muon=0.051024
RooProdPdf::model_s[ modelObs_s * nuisancePdf ]
     getLogVal() top-level p.d.f evaluates to zero @ !pdfs=(modelObs_s = 0/1,nuisancePdf = 1)

[#0] WARNING:Minization -- RooMinimizerFcn: Minimized function has error status.
Returning maximum FCN so far (489.809) to force MIGRAD to back out of this region. Error log follows
Parameter values: JER_ele=1.60588, JER_muon=0.426051, JES_ele=1.7426, JES_muon=2.43281, QCD_stat_ele=-2.91178, QCD_stat_muon=-2.83742, VBS_stat_ele=-3.9431, VBS_stat_muon=-6.81807, ele_efficiency=-0.626838, ele_trigger=-5.52404, fakephoton_ele=4.42521, fakephoton_muon=-5.82544, interference=0.378306, lumi=6.43395, mu_efficiency=-0.881339, mu_trigger=0.978657, non_prompt_stat_ele=5.74307, non_prompt_stat_muon=-5.07993, others_stat_ele=3.22295, others_stat_muon=-4.8758, others_xs=1.21572, param=0.202549, pdf_ele=-6.93192, pdf_muon=-6.87488, photon_id=-2.14035, pileup=-0.367357, scale_ele=-6.03016, scale_muon=0.328556
RooProdPdf::model_s[ modelObs_s * nuisancePdf ]
     getLogVal() top-level p.d.f evaluates to zero @ !pdfs=(modelObs_s = 0/1,nuisancePdf = 1)

[#0] WARNING:Minization -- RooMinimizerFcn: Minimized function has error status.
Returning maximum FCN so far (489.809) to force MIGRAD to back out of this region. Error log follows
Parameter values: JER_ele=3.84997, JER_muon=1.28245, JES_ele=5.62957, JES_muon=-6.99998, QCD_stat_ele=6.98272, QCD_stat_muon=-3.35609, VBS_stat_ele=3.08863, VBS_stat_muon=-4.0767, ele_efficiency=0.958788, ele_trigger=1.93805, fakephoton_ele=6.42911, fakephoton_muon=-2.9581, interference=1.3461, lumi=5.5615, mu_efficiency=-0.326919, mu_trigger=1.34338, non_prompt_stat_ele=6.50675, non_prompt_stat_muon=-2.59448, others_stat_ele=5.31128, others_stat_muon=-1.03945, others_xs=2.79757, param=0.203536, pdf_ele=3.64994, pdf_muon=-2.47371, photon_id=-1.77438, pileup=0.140362, scale_ele=6.74288, scale_muon=5.59387
RooProdPdf::model_s[ modelObs_s * nuisancePdf ]
     getLogVal() top-level p.d.f evaluates to zero @ !pdfs=(modelObs_s = 0/1,nuisancePdf = 1)

[#0] WARNING:Minization -- RooMinimizerFcn: Minimized function has error status.
Returning maximum FCN so far (609.204) to force MIGRAD to back out of this region. Error log follows
Parameter values: JER_ele=2.86197, JER_muon=2.95897, JES_ele=3.00402, JES_muon=-1.8941, QCD_stat_ele=6.96874, QCD_stat_muon=-6.84396, VBS_stat_ele=-5.42307, VBS_stat_muon=-5.83486, ele_efficiency=-1.156, ele_trigger=-6.96364, fakephoton_ele=5.60231, fakephoton_muon=-6.98625, interference=1.57716, lumi=4.37597, mu_efficiency=-1.00408, mu_trigger=2.34193, non_prompt_stat_ele=4.08918, non_prompt_stat_muon=-6.86643, others_stat_ele=5.7025, others_stat_muon=-5.04198, others_xs=2.59117, param=0.199843, pdf_ele=-5.43024, pdf_muon=-6.68349, photon_id=6.4407, pileup=-0.562671, scale_ele=3.00586, scale_muon=-3.72653
RooProdPdf::model_s[ modelObs_s * nuisancePdf ]
     getLogVal() top-level p.d.f evaluates to zero @ !pdfs=(modelObs_s = 0/1,nuisancePdf = 1)


 -- Hybrid New -- 
CLs = 0.566667 +/- 0.0345875
Done in 16.50 min (cpu), 16.63 min (real)
