 <<< Combine >>> 
>>> including systematics
>>> using the Profile Likelihood test statistics modified for upper limits (Q_LHC)
>>> method used is HybridNew
>>> Used OpenSSL to get a really random seed 1056257778
Computing results starting from observation (a-posteriori)
[#0] WARNING:Minization -- RooMinimizerFcn: Minimized function has error status.
Returning maximum FCN so far (40.3303) to force MIGRAD to back out of this region. Error log follows
Parameter values: JER_ele=-0.639602, JER_muon=-6.9748, JES_ele=4.61286, JES_muon=6.9947, QCD_stat_ele=1.24728, QCD_stat_muon=0.969711, VBS_stat_ele=-4.08137, VBS_stat_muon=0.667759, ele_efficiency=-0.049023, ele_trigger=-5.8424, fakephoton_ele=6.54862, fakephoton_muon=-6.37869, interference=-1.72966, lumi=5.01784, mu_efficiency=-6.93508, mu_trigger=-6.96139, non_prompt_stat_ele=3.58846, non_prompt_stat_muon=2.6794, others_stat_ele=-4.383, others_stat_muon=-6.99858, others_xs=5.61557, param=0.534688, pdf_ele=-5.49843, pdf_muon=6.81589, photon_id=-2.53935, pileup=-4.86578, scale_ele=6.28111, scale_muon=4.23968
RooProdPdf::model_s[ modelObs_s * nuisancePdf ]
     getLogVal() top-level p.d.f evaluates to zero @ !pdfs=(modelObs_s = 0/1,nuisancePdf = 1)

[#0] WARNING:Minization -- RooMinimizerFcn: Minimized function has error status.
Returning maximum FCN so far (476.193) to force MIGRAD to back out of this region. Error log follows
Parameter values: JER_ele=-0.71534, JER_muon=-2.63774, JES_ele=-2.16558, JES_muon=-1.44239, QCD_stat_ele=6.23676, QCD_stat_muon=6.71633, VBS_stat_ele=-0.817419, VBS_stat_muon=5.56357, ele_efficiency=6.07448, ele_trigger=-4.41283, fakephoton_ele=6.47939, fakephoton_muon=0.537178, interference=5.83677, lumi=-6.83933, mu_efficiency=-6.18862, mu_trigger=-1.94704, non_prompt_stat_ele=4.78825, non_prompt_stat_muon=4.6606, others_stat_ele=2.4017, others_stat_muon=2.68349, others_xs=3.37957, param=0.659678, pdf_ele=-2.69148, pdf_muon=4.5726, photon_id=-0.386029, pileup=-6.16858, scale_ele=-3.70923, scale_muon=4.98134
RooProdPdf::model_s[ modelObs_s * nuisancePdf ]
     getLogVal() top-level p.d.f evaluates to zero @ !pdfs=(modelObs_s = 0/1,nuisancePdf = 1)

[#0] WARNING:Minization -- RooMinimizerFcn: Minimized function has error status.
Returning maximum FCN so far (816.53) to force MIGRAD to back out of this region. Error log follows
Parameter values: JER_ele=-2.2852, JER_muon=6.99785, JES_ele=-6.98984, JES_muon=-5.20953, QCD_stat_ele=4.29622, QCD_stat_muon=-2.33063, VBS_stat_ele=-4.4915, VBS_stat_muon=5.61852, ele_efficiency=6.86406, ele_trigger=5.83976, fakephoton_ele=6.94561, fakephoton_muon=-6.52949, interference=-3.77553, lumi=1.89633, mu_efficiency=5.67094, mu_trigger=2.02894, non_prompt_stat_ele=6.01754, non_prompt_stat_muon=-5.20756, others_stat_ele=6.52722, others_stat_muon=0.152045, others_xs=3.99624, param=0.300002, pdf_ele=-2.30692, pdf_muon=5.39212, photon_id=-0.716008, pileup=-2.71751, scale_ele=6.41743, scale_muon=-6.23685
RooProdPdf::model_s[ modelObs_s * nuisancePdf ]
     getLogVal() top-level p.d.f evaluates to zero @ !pdfs=(modelObs_s = 0/1,nuisancePdf = 1)

[#0] WARNING:Minization -- RooMinimizerFcn: Minimized function has error status.
Returning maximum FCN so far (816.53) to force MIGRAD to back out of this region. Error log follows
Parameter values: JER_ele=3.94215, JER_muon=5.08096, JES_ele=5.67608, JES_muon=6.30883, QCD_stat_ele=-1.99029, QCD_stat_muon=3.45184, VBS_stat_ele=6.44136, VBS_stat_muon=5.38318, ele_efficiency=1.28424, ele_trigger=4.79606, fakephoton_ele=6.95482, fakephoton_muon=6.9005, interference=3.71829, lumi=5.30784, mu_efficiency=1.58957, mu_trigger=4.98017, non_prompt_stat_ele=2.46789, non_prompt_stat_muon=-6.20362, others_stat_ele=5.57329, others_stat_muon=6.98965, others_xs=6.79303, param=0.310218, pdf_ele=6.79028, pdf_muon=6.53356, photon_id=5.09952, pileup=1.90618, scale_ele=3.14072, scale_muon=4.63349
RooProdPdf::model_s[ modelObs_s * nuisancePdf ]
     getLogVal() top-level p.d.f evaluates to zero @ !pdfs=(modelObs_s = 0/1,nuisancePdf = 1)

[#0] WARNING:Minization -- RooMinimizerFcn: Minimized function has error status.
Returning maximum FCN so far (978.921) to force MIGRAD to back out of this region. Error log follows
Parameter values: JER_ele=3.94549, JER_muon=4.33778, JES_ele=5.50088, JES_muon=6.02323, QCD_stat_ele=-0.662408, QCD_stat_muon=6.07664, VBS_stat_ele=2.27638, VBS_stat_muon=4.58472, ele_efficiency=1.26728, ele_trigger=4.75308, fakephoton_ele=4.82837, fakephoton_muon=5.52131, interference=3.2528, lumi=4.89802, mu_efficiency=1.38254, mu_trigger=4.38535, non_prompt_stat_ele=6.37608, non_prompt_stat_muon=5.55652, others_stat_ele=6.09933, others_stat_muon=6.45239, others_xs=6.65224, param=0.310169, pdf_ele=6.80927, pdf_muon=5.97654, photon_id=5.51696, pileup=1.71574, scale_ele=3.88414, scale_muon=4.99656
RooProdPdf::model_s[ modelObs_s * nuisancePdf ]
     getLogVal() top-level p.d.f evaluates to zero @ !pdfs=(modelObs_s = 0/1,nuisancePdf = 1)

[#0] WARNING:Minization -- RooMinimizerFcn: Minimized function has error status.
Returning maximum FCN so far (978.921) to force MIGRAD to back out of this region. Error log follows
Parameter values: JER_ele=3.58014, JER_muon=3.70471, JES_ele=4.99623, JES_muon=5.33426, QCD_stat_ele=2.08776, QCD_stat_muon=6.96692, VBS_stat_ele=-0.368745, VBS_stat_muon=3.75193, ele_efficiency=1.12641, ele_trigger=4.32495, fakephoton_ele=3.35342, fakephoton_muon=4.16247, interference=2.71319, lumi=4.28823, mu_efficiency=1.14019, mu_trigger=3.59122, non_prompt_stat_ele=4.633, non_prompt_stat_muon=7, others_stat_ele=5.70228, others_stat_muon=5.59123, others_xs=6.24473, param=0.310115, pdf_ele=6.54394, pdf_muon=5.05667, photon_id=6.5445, pileup=1.63029, scale_ele=5.53892, scale_muon=6.56543
RooProdPdf::model_s[ modelObs_s * nuisancePdf ]
     getLogVal() top-level p.d.f evaluates to zero @ !pdfs=(modelObs_s = 0/1,nuisancePdf = 1)

[#0] WARNING:Minization -- RooMinimizerFcn: Minimized function has error status.
Returning maximum FCN so far (978.921) to force MIGRAD to back out of this region. Error log follows
Parameter values: JER_ele=3.16033, JER_muon=3.19401, JES_ele=4.41753, JES_muon=4.59286, QCD_stat_ele=4.55121, QCD_stat_muon=6.81542, VBS_stat_ele=-1.22659, VBS_stat_muon=3.05241, ele_efficiency=0.974519, ele_trigger=3.83222, fakephoton_ele=2.54208, fakephoton_muon=3.3632, interference=2.24915, lumi=3.69855, mu_efficiency=0.937285, mu_trigger=2.87393, non_prompt_stat_ele=3.62289, non_prompt_stat_muon=6.63621, others_stat_ele=5.08466, others_stat_muon=4.72566, others_xs=5.73079, param=0.310081, pdf_ele=6.1263, pdf_muon=4.0858, photon_id=6.98055, pileup=1.56174, scale_ele=6.63198, scale_muon=6.9951
RooProdPdf::model_s[ modelObs_s * nuisancePdf ]
     getLogVal() top-level p.d.f evaluates to zero @ !pdfs=(modelObs_s = 0/1,nuisancePdf = 1)

[#0] WARNING:Minization -- RooMinimizerFcn: Minimized function has error status.
Returning maximum FCN so far (978.921) to force MIGRAD to back out of this region. Error log follows
Parameter values: JER_ele=2.76191, JER_muon=2.78376, JES_ele=3.84642, JES_muon=3.92053, QCD_stat_ele=6.15459, QCD_stat_muon=6.19166, VBS_stat_ele=-1.67028, VBS_stat_muon=2.48334, ele_efficiency=0.835517, ele_trigger=3.35713, fakephoton_ele=1.926, fakephoton_muon=2.79395, interference=1.86903, lumi=3.17744, mu_efficiency=0.776023, mu_trigger=2.27772, non_prompt_stat_ele=2.87476, non_prompt_stat_muon=6.00418, others_stat_ele=4.41322, others_stat_muon=3.95011, others_xs=5.20628, param=0.310061, pdf_ele=5.63573, pdf_muon=3.21055, photon_id=6.89869, pileup=1.50449, scale_ele=6.99773, scale_muon=6.56407
RooProdPdf::model_s[ modelObs_s * nuisancePdf ]
     getLogVal() top-level p.d.f evaluates to zero @ !pdfs=(modelObs_s = 0/1,nuisancePdf = 1)

[#0] WARNING:Minization -- RooMinimizerFcn: Minimized function has error status.
Returning maximum FCN so far (978.921) to force MIGRAD to back out of this region. Error log follows
Parameter values: JER_ele=2.40476, JER_muon=2.45223, JES_ele=3.317, JES_muon=3.344, QCD_stat_ele=6.89031, QCD_stat_muon=5.41251, VBS_stat_ele=-1.99006, VBS_stat_muon=2.02128, ele_efficiency=0.713988, ele_trigger=2.92539, fakephoton_ele=1.40442, fakephoton_muon=2.34794, interference=1.55929, lumi=2.73008, mu_efficiency=0.647888, mu_trigger=1.79117, non_prompt_stat_ele=2.23901, non_prompt_stat_muon=5.33904, others_stat_ele=3.76064, others_stat_muon=3.28389, others_xs=4.71531, param=0.31005, pdf_ele=5.12962, pdf_muon=2.46498, photon_id=6.51652, pileup=1.45695, scale_ele=6.8062, scale_muon=5.74633
RooProdPdf::model_s[ modelObs_s * nuisancePdf ]
     getLogVal() top-level p.d.f evaluates to zero @ !pdfs=(modelObs_s = 0/1,nuisancePdf = 1)

[#0] WARNING:Minization -- RooMinimizerFcn: Minimized function has error status.
Returning maximum FCN so far (1057.59) to force MIGRAD to back out of this region. Error log follows
Parameter values: JER_ele=-0.549976, JER_muon=-5.50712, JES_ele=6.77052, JES_muon=6.68825, QCD_stat_ele=4.79117, QCD_stat_muon=-0.376498, VBS_stat_ele=-0.624964, VBS_stat_muon=0.722618, ele_efficiency=-5.82218, ele_trigger=4.5797, fakephoton_ele=6.81315, fakephoton_muon=-0.329555, interference=-5.7335, lumi=2.671, mu_efficiency=-5.22846, mu_trigger=2.04689, non_prompt_stat_ele=4.46222, non_prompt_stat_muon=-6.03723, others_stat_ele=-2.1519, others_stat_muon=6.32243, others_xs=6.96355, param=0.310209, pdf_ele=0.464644, pdf_muon=4.52861, photon_id=5.24814, pileup=-1.26525, scale_ele=-5.22632, scale_muon=4.1161
RooProdPdf::model_s[ modelObs_s * nuisancePdf ]
     getLogVal() top-level p.d.f evaluates to zero @ !pdfs=(modelObs_s = 0/1,nuisancePdf = 1)

[#0] WARNING:Minization -- RooMinimizerFcn: Minimized function has error status.
Returning maximum FCN so far (1057.59) to force MIGRAD to back out of this region. Error log follows
Parameter values: JER_ele=-3.93026, JER_muon=-6.75876, JES_ele=5.88755, JES_muon=3.41791, QCD_stat_ele=-4.06928, QCD_stat_muon=-6.98183, VBS_stat_ele=-3.40696, VBS_stat_muon=-3.0127, ele_efficiency=-5.1076, ele_trigger=0.443177, fakephoton_ele=4.11934, fakephoton_muon=-3.83322, interference=-6.79993, lumi=-1.47064, mu_efficiency=-4.5007, mu_trigger=-1.9091, non_prompt_stat_ele=6.99891, non_prompt_stat_muon=1.58797, others_stat_ele=4.88973, others_stat_muon=6.35932, others_xs=5.12386, param=0.31021, pdf_ele=6.34198, pdf_muon=6.99008, photon_id=-5.52289, pileup=-0.850314, scale_ele=1.09948, scale_muon=3.43981
RooProdPdf::model_s[ modelObs_s * nuisancePdf ]
     getLogVal() top-level p.d.f evaluates to zero @ !pdfs=(modelObs_s = 0/1,nuisancePdf = 1)

[#0] WARNING:Minization -- RooMinimizerFcn: Minimized function has error status.
Returning maximum FCN so far (1057.59) to force MIGRAD to back out of this region. Error log follows
Parameter values: JER_ele=6.93615, JER_muon=6.40289, JES_ele=5.53564, JES_muon=6.34576, QCD_stat_ele=6.85835, QCD_stat_muon=-5.45336, VBS_stat_ele=3.88916, VBS_stat_muon=6.87241, ele_efficiency=3.02441, ele_trigger=6.82778, fakephoton_ele=6.95086, fakephoton_muon=6.89551, interference=5.76987, lumi=6.98797, mu_efficiency=2.59805, mu_trigger=6.89148, non_prompt_stat_ele=5.63915, non_prompt_stat_muon=-1.67898, others_stat_ele=2.0528, others_stat_muon=5.56777, others_xs=4.33641, param=0.310073, pdf_ele=0.576543, pdf_muon=5.72237, photon_id=-6.98133, pileup=2.28213, scale_ele=1.38395, scale_muon=-6.84026
RooProdPdf::model_s[ modelObs_s * nuisancePdf ]
     getLogVal() top-level p.d.f evaluates to zero @ !pdfs=(modelObs_s = 0/1,nuisancePdf = 1)

[#0] WARNING:Minization -- RooMinimizerFcn: Minimized function has error status.
Returning maximum FCN so far (1057.59) to force MIGRAD to back out of this region. Error log follows
Parameter values: JER_ele=6.53877, JER_muon=5.82208, JES_ele=6.70601, JES_muon=6.95835, QCD_stat_ele=2.95658, QCD_stat_muon=-1.46608, VBS_stat_ele=2.7455, VBS_stat_muon=6.37283, ele_efficiency=2.5558, ele_trigger=6.98462, fakephoton_ele=6.86501, fakephoton_muon=6.44305, interference=5.06255, lumi=6.854, mu_efficiency=2.18858, mu_trigger=6.38528, non_prompt_stat_ele=6.80637, non_prompt_stat_muon=2.08623, others_stat_ele=4.92279, others_stat_muon=6.7356, others_xs=6.03575, param=0.31008, pdf_ele=3.69704, pdf_muon=6.83326, photon_id=-5.37698, pileup=2.10788, scale_ele=-5.44714, scale_muon=-5.59761
RooProdPdf::model_s[ modelObs_s * nuisancePdf ]
     getLogVal() top-level p.d.f evaluates to zero @ !pdfs=(modelObs_s = 0/1,nuisancePdf = 1)

[#0] WARNING:Minization -- RooMinimizerFcn: Minimized function has error status.
Returning maximum FCN so far (1057.59) to force MIGRAD to back out of this region. Error log follows
Parameter values: JER_ele=5.94334, JER_muon=5.20674, JES_ele=6.99914, JES_muon=6.90787, QCD_stat_ele=-4.38843, QCD_stat_muon=2.44058, VBS_stat_ele=1.71812, VBS_stat_muon=5.68837, ele_efficiency=2.15475, ele_trigger=6.6731, fakephoton_ele=6.27413, fakephoton_muon=5.81014, interference=4.37421, lumi=6.38102, mu_efficiency=1.84157, mu_trigger=5.66994, non_prompt_stat_ele=6.96761, non_prompt_stat_muon=4.80008, others_stat_ele=6.47745, others_stat_muon=6.99537, others_xs=6.82853, param=0.310087, pdf_ele=5.6997, pdf_muon=6.95788, photon_id=-1.64123, pileup=1.96174, scale_ele=-6.81574, scale_muon=-1.48205
RooProdPdf::model_s[ modelObs_s * nuisancePdf ]
     getLogVal() top-level p.d.f evaluates to zero @ !pdfs=(modelObs_s = 0/1,nuisancePdf = 1)

[#0] WARNING:Minization -- RooMinimizerFcn: Minimized function has error status.
Returning maximum FCN so far (1057.59) to force MIGRAD to back out of this region. Error log follows
Parameter values: JER_ele=5.28004, JER_muon=4.61281, JES_ele=6.74437, JES_muon=6.47891, QCD_stat_ele=-6.99579, QCD_stat_muon=5.15533, VBS_stat_ele=0.829652, VBS_stat_muon=4.95231, ele_efficiency=1.81446, ele_trigger=6.11878, fakephoton_ele=5.45035, fakephoton_muon=5.12311, interference=3.74167, lumi=5.75315, mu_efficiency=1.54919, mu_trigger=4.89347, non_prompt_stat_ele=6.51907, non_prompt_stat_muon=6.33798, others_stat_ele=6.98983, others_stat_muon=6.69565, others_xs=6.99555, param=0.310093, pdf_ele=6.70716, pdf_muon=6.49299, photon_id=2.03878, pileup=1.83936, scale_ele=-3.85652, scale_muon=2.59676
RooProdPdf::model_s[ modelObs_s * nuisancePdf ]
     getLogVal() top-level p.d.f evaluates to zero @ !pdfs=(modelObs_s = 0/1,nuisancePdf = 1)

[#0] WARNING:Minization -- RooMinimizerFcn: Minimized function has error status.
Returning maximum FCN so far (546.057) to force MIGRAD to back out of this region. Error log follows
Parameter values: JER_ele=6.9281, JER_muon=6.11379, JES_ele=4.92797, JES_muon=1.32444, QCD_stat_ele=5.20278, QCD_stat_muon=-3.73191, VBS_stat_ele=-2.66412, VBS_stat_muon=1.14422, ele_efficiency=-5.30128, ele_trigger=-6.66167, fakephoton_ele=4.95298, fakephoton_muon=0.164515, interference=-5.55984, lumi=-2.87011, mu_efficiency=5.26936, mu_trigger=-6.58462, non_prompt_stat_ele=4.6937, non_prompt_stat_muon=0.617367, others_stat_ele=-2.52749, others_stat_muon=4.39016, others_xs=-1.75211, param=0.181504, pdf_ele=-0.118926, pdf_muon=-5.25705, photon_id=-6.94083, pileup=-3.0136, scale_ele=6.06847, scale_muon=-4.36358
RooProdPdf::model_s[ modelObs_s * nuisancePdf ]
     getLogVal() top-level p.d.f evaluates to zero @ !pdfs=(modelObs_s = 0/1,nuisancePdf = 1)

[#0] WARNING:Minization -- RooMinimizerFcn: Minimized function has error status.
Returning maximum FCN so far (546.057) to force MIGRAD to back out of this region. Error log follows
Parameter values: JER_ele=3.32952, JER_muon=-3.17659, JES_ele=-0.531939, JES_muon=1.69859, QCD_stat_ele=-5.25652, QCD_stat_muon=6.36156, VBS_stat_ele=3.87906, VBS_stat_muon=1.28407, ele_efficiency=-1.36526, ele_trigger=1.47004, fakephoton_ele=3.95424, fakephoton_muon=0.150916, interference=-0.668088, lumi=2.58271, mu_efficiency=0.459543, mu_trigger=-1.10378, non_prompt_stat_ele=6.97842, non_prompt_stat_muon=1.95716, others_stat_ele=-0.381352, others_stat_muon=3.57895, others_xs=3.99974, param=0.182973, pdf_ele=2.64901, pdf_muon=2.70273, photon_id=2.19344, pileup=2.86508, scale_ele=-0.81454, scale_muon=4.13162
RooProdPdf::model_s[ modelObs_s * nuisancePdf ]
     getLogVal() top-level p.d.f evaluates to zero @ !pdfs=(modelObs_s = 0/1,nuisancePdf = 1)

[#0] WARNING:Minization -- RooMinimizerFcn: Minimized function has error status.
Returning maximum FCN so far (915.34) to force MIGRAD to back out of this region. Error log follows
Parameter values: JER_ele=6.96059, JER_muon=-5.88312, JES_ele=6.83185, JES_muon=0.149669, QCD_stat_ele=6.96539, QCD_stat_muon=-6.81894, VBS_stat_ele=-0.541229, VBS_stat_muon=4.43433, ele_efficiency=-5.77812, ele_trigger=-6.99775, fakephoton_ele=-0.447191, fakephoton_muon=6.58319, interference=5.71673, lumi=-0.257482, mu_efficiency=-6.14199, mu_trigger=-4.75442, non_prompt_stat_ele=6.9969, non_prompt_stat_muon=6.18875, others_stat_ele=5.92474, others_stat_muon=2.7744, others_xs=0.554721, param=0.181748, pdf_ele=0.034301, pdf_muon=3.56586, photon_id=2.76547, pileup=3.30678, scale_ele=-3.79807, scale_muon=3.02644
RooProdPdf::model_s[ modelObs_s * nuisancePdf ]
     getLogVal() top-level p.d.f evaluates to zero @ !pdfs=(modelObs_s = 0/1,nuisancePdf = 1)

[#0] WARNING:Minization -- RooMinimizerFcn: Minimized function has error status.
Returning maximum FCN so far (915.34) to force MIGRAD to back out of this region. Error log follows
Parameter values: JER_ele=-6.96965, JER_muon=-3.41695, JES_ele=6.87794, JES_muon=-0.94289, QCD_stat_ele=-6.05324, QCD_stat_muon=-5.99974, VBS_stat_ele=6.99588, VBS_stat_muon=-3.26925, ele_efficiency=3.20839, ele_trigger=0.307172, fakephoton_ele=6.79714, fakephoton_muon=6.11208, interference=-0.621769, lumi=-1.49118, mu_efficiency=-1.94617, mu_trigger=-4.24857, non_prompt_stat_ele=5.38107, non_prompt_stat_muon=5.138, others_stat_ele=-3.97901, others_stat_muon=3.5351, others_xs=-6.96329, param=0.0667579, pdf_ele=-6.99965, pdf_muon=-3.68539, photon_id=2.48812, pileup=-6.83973, scale_ele=-6.00097, scale_muon=4.76499
RooProdPdf::model_s[ modelObs_s * nuisancePdf ]
     getLogVal() top-level p.d.f evaluates to zero @ !pdfs=(modelObs_s = 0/1,nuisancePdf = 1)

[#0] WARNING:Minization -- RooMinimizerFcn: Minimized function has error status.
Returning maximum FCN so far (915.34) to force MIGRAD to back out of this region. Error log follows
Parameter values: JER_ele=3.67213, JER_muon=-3.09273, JES_ele=-1.57184, JES_muon=4.06961, QCD_stat_ele=-6.59784, QCD_stat_muon=5.25168, VBS_stat_ele=3.90988, VBS_stat_muon=2.87649, ele_efficiency=-1.85507, ele_trigger=1.08807, fakephoton_ele=6.36781, fakephoton_muon=1.79681, interference=-0.147553, lumi=3.52961, mu_efficiency=0.995906, mu_trigger=0.407502, non_prompt_stat_ele=4.65218, non_prompt_stat_muon=5.31299, others_stat_ele=-1.71732, others_stat_muon=4.43769, others_xs=5.04753, param=0.182709, pdf_ele=1.92744, pdf_muon=5.38859, photon_id=3.75472, pileup=3.60143, scale_ele=-4.12655, scale_muon=6.83492
RooProdPdf::model_s[ modelObs_s * nuisancePdf ]
     getLogVal() top-level p.d.f evaluates to zero @ !pdfs=(modelObs_s = 0/1,nuisancePdf = 1)

[#0] WARNING:Minization -- RooMinimizerFcn: Minimized function has error status.
Returning maximum FCN so far (915.34) to force MIGRAD to back out of this region. Error log follows
Parameter values: JER_ele=2.94564, JER_muon=0.432169, JES_ele=6.99993, JES_muon=-6.85779, QCD_stat_ele=-6.1381, QCD_stat_muon=-1.23127, VBS_stat_ele=-1.17277, VBS_stat_muon=-0.858467, ele_efficiency=-3.49768, ele_trigger=-2.27199, fakephoton_ele=6.32664, fakephoton_muon=-0.561253, interference=-6.87303, lumi=6.51246, mu_efficiency=-2.10659, mu_trigger=-1.32262, non_prompt_stat_ele=6.8347, non_prompt_stat_muon=-6.96278, others_stat_ele=6.3777, others_stat_muon=-1.99741, others_xs=-5.00345, param=0.191587, pdf_ele=4.39919, pdf_muon=2.79051, photon_id=4.2255, pileup=-6.4087, scale_ele=4.41669, scale_muon=-4.80376
RooProdPdf::model_s[ modelObs_s * nuisancePdf ]
     getLogVal() top-level p.d.f evaluates to zero @ !pdfs=(modelObs_s = 0/1,nuisancePdf = 1)

[#0] WARNING:Minization -- RooMinimizerFcn: Minimized function has error status.
Returning maximum FCN so far (915.34) to force MIGRAD to back out of this region. Error log follows
Parameter values: JER_ele=3.21808, JER_muon=-2.87011, JES_ele=1.83654, JES_muon=-1.58601, QCD_stat_ele=3.25698, QCD_stat_muon=-2.34763, VBS_stat_ele=4.74063, VBS_stat_muon=-0.68491, ele_efficiency=-0.39142, ele_trigger=2.58316, fakephoton_ele=4.16125, fakephoton_muon=-1.87272, interference=-0.985357, lumi=1.61799, mu_efficiency=-0.223503, mu_trigger=-2.67528, non_prompt_stat_ele=6.22034, non_prompt_stat_muon=-3.06275, others_stat_ele=1.9487, others_stat_muon=0.844548, others_xs=2.28174, param=0.183105, pdf_ele=4.5273, pdf_muon=-1.38784, photon_id=1.37968, pileup=1.63872, scale_ele=5.478, scale_muon=-5.3145
RooProdPdf::model_s[ modelObs_s * nuisancePdf ]
     getLogVal() top-level p.d.f evaluates to zero @ !pdfs=(modelObs_s = 0/1,nuisancePdf = 1)


 -- Hybrid New -- 
CLs = 0.596698 +/- 0.0347242
Done in 16.84 min (cpu), 17.14 min (real)
