 <<< Combine >>> 
>>> including systematics
>>> using the Profile Likelihood test statistics modified for upper limits (Q_LHC)
>>> method used is HybridNew
>>> Used OpenSSL to get a really random seed 693193838
Computing results starting from observation (a-posteriori)
[#0] WARNING:Minization -- RooMinimizerFcn: Minimized function has error status.
Returning maximum FCN so far (954.394) to force MIGRAD to back out of this region. Error log follows
Parameter values: JER_ele=1.28133, JER_muon=6.82854, JES_ele=6.25763, JES_muon=-5.67534, QCD_stat_ele=4.7717, QCD_stat_muon=-3.61913, VBS_stat_ele=-0.161295, VBS_stat_muon=-6.51224, ele_efficiency=1.46811, ele_trigger=4.4553, fakephoton_ele=6.02468, fakephoton_muon=5.0586, interference=0.425467, lumi=0.855375, mu_efficiency=-6.69827, mu_trigger=-5.13452, non_prompt_stat_ele=6.93762, non_prompt_stat_muon=-6.81977, others_stat_ele=6.34643, others_stat_muon=-1.14739, others_xs=0.0224353, param=1.8399, pdf_ele=-0.769572, pdf_muon=5.1036, photon_id=5.83886, pileup=-6.65267, scale_ele=6.07637, scale_muon=3.99391
RooProdPdf::model_s[ modelObs_s * nuisancePdf ]
     getLogVal() top-level p.d.f evaluates to zero @ !pdfs=(modelObs_s = 0/1,nuisancePdf = 1)

[#0] WARNING:Minization -- RooMinimizerFcn: Minimized function has error status.
Returning maximum FCN so far (954.394) to force MIGRAD to back out of this region. Error log follows
Parameter values: JER_ele=6.24343, JER_muon=6.64499, JES_ele=5.95276, JES_muon=-6.56953, QCD_stat_ele=-6.99275, QCD_stat_muon=6.99361, VBS_stat_ele=-2.27919, VBS_stat_muon=-6.91564, ele_efficiency=5.59182, ele_trigger=6.13998, fakephoton_ele=6.83923, fakephoton_muon=6.9991, interference=4.12348, lumi=1.05312, mu_efficiency=-4.4527, mu_trigger=-6.41304, non_prompt_stat_ele=5.05616, non_prompt_stat_muon=-1.2436, others_stat_ele=6.72477, others_stat_muon=-6.25015, others_xs=-3.24096, param=1.85847, pdf_ele=6.32346, pdf_muon=4.40865, photon_id=3.95056, pileup=-6.43805, scale_ele=3.88407, scale_muon=1.28611
RooProdPdf::model_s[ modelObs_s * nuisancePdf ]
     getLogVal() top-level p.d.f evaluates to zero @ !pdfs=(modelObs_s = 0/1,nuisancePdf = 1)

[#0] WARNING:Minization -- RooMinimizerFcn: Minimized function has error status.
Returning maximum FCN so far (41.5629) to force MIGRAD to back out of this region. Error log follows
Parameter values: JER_ele=-1.23413, JER_muon=0.0555661, JES_ele=-6.62798, JES_muon=-5.05684, QCD_stat_ele=-1.87582, QCD_stat_muon=4.49825, VBS_stat_ele=-6.61519, VBS_stat_muon=-6.62448, ele_efficiency=4.17957, ele_trigger=-5.51286, fakephoton_ele=4.52877, fakephoton_muon=5.14387, interference=-0.145718, lumi=5.41152, mu_efficiency=-5.99339, mu_trigger=6.5386, non_prompt_stat_ele=6.38985, non_prompt_stat_muon=-2.35763, others_stat_ele=-6.21026, others_stat_muon=2.14841, others_xs=-1.06314, param=0.615779, pdf_ele=3.79902, pdf_muon=-3.79964, photon_id=-4.68717, pileup=5.57018, scale_ele=-2.70149, scale_muon=6.99817
RooProdPdf::model_s[ modelObs_s * nuisancePdf ]
     getLogVal() top-level p.d.f evaluates to zero @ !pdfs=(modelObs_s = 0/1,nuisancePdf = 1)

[#0] WARNING:Minization -- RooMinimizerFcn: Minimized function has error status.
Returning maximum FCN so far (567.147) to force MIGRAD to back out of this region. Error log follows
Parameter values: JER_ele=-1.47838, JER_muon=-5.6155, JES_ele=6.58351, JES_muon=-6.88066, QCD_stat_ele=6.68091, QCD_stat_muon=-4.03836, VBS_stat_ele=3.49895, VBS_stat_muon=5.89674, ele_efficiency=6.46846, ele_trigger=6.99928, fakephoton_ele=6.95181, fakephoton_muon=6.99016, interference=3.02799, lumi=0.466982, mu_efficiency=-6.97528, mu_trigger=6.98612, non_prompt_stat_ele=4.52769, non_prompt_stat_muon=-3.04801, others_stat_ele=-6.82471, others_stat_muon=-2.4791, others_xs=-6.88159, param=2.26071, pdf_ele=3.03543, pdf_muon=6.41922, photon_id=1.13948, pileup=1.4198, scale_ele=4.78303, scale_muon=4.46868
RooProdPdf::model_s[ modelObs_s * nuisancePdf ]
     getLogVal() top-level p.d.f evaluates to zero @ !pdfs=(modelObs_s = 0/1,nuisancePdf = 1)

[#0] WARNING:Minization -- RooMinimizerFcn: Minimized function has error status.
Returning maximum FCN so far (978.606) to force MIGRAD to back out of this region. Error log follows
Parameter values: JER_ele=1.4755, JER_muon=3.90237, JES_ele=2.703, JES_muon=6.11031, QCD_stat_ele=5.84326, QCD_stat_muon=5.19028, VBS_stat_ele=2.43716, VBS_stat_muon=5.12166, ele_efficiency=0.498181, ele_trigger=2.04488, fakephoton_ele=6.72798, fakephoton_muon=0.886146, interference=3.2941, lumi=3.86966, mu_efficiency=1.50135, mu_trigger=5.14938, non_prompt_stat_ele=6.915, non_prompt_stat_muon=3.74828, others_stat_ele=3.98673, others_stat_muon=4.98575, others_xs=4.0354, param=2.20377, pdf_ele=3.56253, pdf_muon=6.94416, photon_id=6.979, pileup=0.359896, scale_ele=5.81136, scale_muon=0.617478
RooProdPdf::model_s[ modelObs_s * nuisancePdf ]
     getLogVal() top-level p.d.f evaluates to zero @ !pdfs=(modelObs_s = 0/1,nuisancePdf = 1)

[#0] WARNING:Minization -- RooMinimizerFcn: Minimized function has error status.
Returning maximum FCN so far (978.606) to force MIGRAD to back out of this region. Error log follows
Parameter values: JER_ele=-1.89514, JER_muon=-1.57253, JES_ele=2.99724, JES_muon=6.8483, QCD_stat_ele=-0.098108, QCD_stat_muon=-6.99965, VBS_stat_ele=5.96713, VBS_stat_muon=-1.00416, ele_efficiency=-5.05481, ele_trigger=3.04374, fakephoton_ele=6.88526, fakephoton_muon=5.12966, interference=6.70693, lumi=-6.99105, mu_efficiency=-1.04521, mu_trigger=-6.91335, non_prompt_stat_ele=5.69326, non_prompt_stat_muon=-6.68169, others_stat_ele=1.35501, others_stat_muon=-2.60728, others_xs=6.95377, param=2.19393, pdf_ele=6.97301, pdf_muon=-1.93321, photon_id=4.22839, pileup=-0.622994, scale_ele=3.57209, scale_muon=-6.99636
RooProdPdf::model_s[ modelObs_s * nuisancePdf ]
     getLogVal() top-level p.d.f evaluates to zero @ !pdfs=(modelObs_s = 0/1,nuisancePdf = 1)

[#0] WARNING:Minization -- RooMinimizerFcn: Minimized function has error status.
Returning maximum FCN so far (978.606) to force MIGRAD to back out of this region. Error log follows
Parameter values: JER_ele=1.57022, JER_muon=4.69418, JES_ele=3.72662, JES_muon=6.61003, QCD_stat_ele=6.94738, QCD_stat_muon=-2.77052, VBS_stat_ele=3.33038, VBS_stat_muon=6.16566, ele_efficiency=0.362328, ele_trigger=2.05949, fakephoton_ele=6.68234, fakephoton_muon=-0.461858, interference=3.62962, lumi=5.32725, mu_efficiency=2.46477, mu_trigger=5.57297, non_prompt_stat_ele=6.86093, non_prompt_stat_muon=0.301521, others_stat_ele=5.4308, others_stat_muon=5.90576, others_xs=6.44801, param=2.21056, pdf_ele=3.05257, pdf_muon=5.78722, photon_id=4.74736, pileup=-0.150806, scale_ele=6.93446, scale_muon=-6.89049
RooProdPdf::model_s[ modelObs_s * nuisancePdf ]
     getLogVal() top-level p.d.f evaluates to zero @ !pdfs=(modelObs_s = 0/1,nuisancePdf = 1)

[#0] WARNING:Minization -- RooMinimizerFcn: Minimized function has error status.
Returning maximum FCN so far (978.606) to force MIGRAD to back out of this region. Error log follows
Parameter values: JER_ele=0.133712, JER_muon=1.71442, JES_ele=1.47773, JES_muon=2.40733, QCD_stat_ele=3.57763, QCD_stat_muon=6.95112, VBS_stat_ele=1.23862, VBS_stat_muon=2.82573, ele_efficiency=-0.132687, ele_trigger=0.188717, fakephoton_ele=5.34364, fakephoton_muon=-1.12418, interference=0.953663, lumi=2.60167, mu_efficiency=1.30212, mu_trigger=1.68485, non_prompt_stat_ele=3.96158, non_prompt_stat_muon=-1.64764, others_stat_ele=2.32835, others_stat_muon=2.2869, others_xs=4.07172, param=2.20974, pdf_ele=0.10222, pdf_muon=5.67664, photon_id=5.71357, pileup=-0.523145, scale_ele=3.1982, scale_muon=6.23206
RooProdPdf::model_s[ modelObs_s * nuisancePdf ]
     getLogVal() top-level p.d.f evaluates to zero @ !pdfs=(modelObs_s = 0/1,nuisancePdf = 1)

[#0] WARNING:Minization -- RooMinimizerFcn: Minimized function has error status.
Returning maximum FCN so far (912.099) to force MIGRAD to back out of this region. Error log follows
Parameter values: JER_ele=4.20656, JER_muon=-3.79357, JES_ele=1.648, JES_muon=-6.15895, QCD_stat_ele=6.92258, QCD_stat_muon=-2.72316, VBS_stat_ele=3.78873, VBS_stat_muon=-1.83345, ele_efficiency=0.619826, ele_trigger=2.29988, fakephoton_ele=4.66306, fakephoton_muon=-2.90698, interference=0.833512, lumi=1.24806, mu_efficiency=-0.70077, mu_trigger=-4.79409, non_prompt_stat_ele=5.19433, non_prompt_stat_muon=-6.57103, others_stat_ele=4.87948, others_stat_muon=-4.7572, others_xs=-2.26255, param=1.65694, pdf_ele=6.16552, pdf_muon=-6.99668, photon_id=-3.58009, pileup=-3.43086, scale_ele=2.37576, scale_muon=3.12585
RooProdPdf::model_s[ modelObs_s * nuisancePdf ]
     getLogVal() top-level p.d.f evaluates to zero @ !pdfs=(modelObs_s = 0/1,nuisancePdf = 1)

[#0] WARNING:Minization -- RooMinimizerFcn: Minimized function has error status.
Returning maximum FCN so far (912.099) to force MIGRAD to back out of this region. Error log follows
Parameter values: JER_ele=2.47916, JER_muon=-1.46767, JES_ele=1.73039, JES_muon=-5.29404, QCD_stat_ele=4.83645, QCD_stat_muon=3.26408, VBS_stat_ele=2.19522, VBS_stat_muon=0.138603, ele_efficiency=0.467639, ele_trigger=1.80958, fakephoton_ele=5.05382, fakephoton_muon=-2.47983, interference=0.664899, lumi=0.936571, mu_efficiency=-0.415446, mu_trigger=-2.8689, non_prompt_stat_ele=5.15684, non_prompt_stat_muon=-5.71985, others_stat_ele=3.94821, others_stat_muon=-2.80339, others_xs=-1.08501, param=1.663, pdf_ele=4.41364, pdf_muon=-5.08547, photon_id=-1.64433, pileup=-1.93412, scale_ele=2.25937, scale_muon=6.58443
RooProdPdf::model_s[ modelObs_s * nuisancePdf ]
     getLogVal() top-level p.d.f evaluates to zero @ !pdfs=(modelObs_s = 0/1,nuisancePdf = 1)

[#0] WARNING:Minization -- RooMinimizerFcn: Minimized function has error status.
Returning maximum FCN so far (912.099) to force MIGRAD to back out of this region. Error log follows
Parameter values: JER_ele=0.509347, JER_muon=0.365852, JES_ele=0.35819, JES_muon=-3.29573, QCD_stat_ele=-0.0576587, QCD_stat_muon=6.00379, VBS_stat_ele=0.417027, VBS_stat_muon=0.879959, ele_efficiency=0.0816506, ele_trigger=0.367338, fakephoton_ele=5.23054, fakephoton_muon=-1.43904, interference=0.480816, lumi=0.302745, mu_efficiency=0.00173123, mu_trigger=-0.411351, non_prompt_stat_ele=5.41121, non_prompt_stat_muon=-3.43642, others_stat_ele=1.20543, others_stat_muon=-0.730644, others_xs=-0.684699, param=1.67721, pdf_ele=0.888021, pdf_muon=-0.536217, photon_id=-0.485839, pileup=-0.678827, scale_ele=-2.28206, scale_muon=6.63853
RooProdPdf::model_s[ modelObs_s * nuisancePdf ]
     getLogVal() top-level p.d.f evaluates to zero @ !pdfs=(modelObs_s = 0/1,nuisancePdf = 1)

[#0] WARNING:Minization -- RooMinimizerFcn: Minimized function has error status.
Returning maximum FCN so far (601.025) to force MIGRAD to back out of this region. Error log follows
Parameter values: JER_ele=1.17631, JER_muon=-6.68668, JES_ele=-5.87436, JES_muon=5.90174, QCD_stat_ele=0.997635, QCD_stat_muon=-4.16618, VBS_stat_ele=6.49417, VBS_stat_muon=5.65089, ele_efficiency=2.37712, ele_trigger=-5.85598, fakephoton_ele=2.70235, fakephoton_muon=3.4625, interference=2.2748, lumi=-6.78107, mu_efficiency=6.19021, mu_trigger=-1.16679, non_prompt_stat_ele=6.11168, non_prompt_stat_muon=6.96906, others_stat_ele=6.89326, others_stat_muon=-6.3992, others_xs=3.76963, param=2.06019, pdf_ele=0.437966, pdf_muon=4.45727, photon_id=0.970061, pileup=5.94934, scale_ele=6.3729, scale_muon=-2.26494
RooProdPdf::model_s[ modelObs_s * nuisancePdf ]
     getLogVal() top-level p.d.f evaluates to zero @ !pdfs=(modelObs_s = 0/1,nuisancePdf = 1)

[#0] WARNING:Minization -- RooMinimizerFcn: Minimized function has error status.
Returning maximum FCN so far (601.025) to force MIGRAD to back out of this region. Error log follows
Parameter values: JER_ele=6.08304, JER_muon=-2.64402, JES_ele=-2.45338, JES_muon=5.36557, QCD_stat_ele=-6.03774, QCD_stat_muon=-0.203486, VBS_stat_ele=0.921691, VBS_stat_muon=2.10353, ele_efficiency=-6.90688, ele_trigger=6.55682, fakephoton_ele=4.93215, fakephoton_muon=4.29307, interference=-6.04646, lumi=6.94841, mu_efficiency=5.09416, mu_trigger=-0.117216, non_prompt_stat_ele=5.72739, non_prompt_stat_muon=-6.79897, others_stat_ele=5.06671, others_stat_muon=6.9993, others_xs=5.21591, param=1.59289, pdf_ele=6.47892, pdf_muon=4.13884, photon_id=-6.59451, pileup=5.81134, scale_ele=2.06679, scale_muon=-2.35823
RooProdPdf::model_s[ modelObs_s * nuisancePdf ]
     getLogVal() top-level p.d.f evaluates to zero @ !pdfs=(modelObs_s = 0/1,nuisancePdf = 1)

[#0] WARNING:Minization -- RooMinimizerFcn: Minimized function has error status.
Returning maximum FCN so far (799.685) to force MIGRAD to back out of this region. Error log follows
Parameter values: JER_ele=-6.29035, JER_muon=5.87907, JES_ele=-2.70602, JES_muon=6.69574, QCD_stat_ele=-5.40821, QCD_stat_muon=6.87304, VBS_stat_ele=5.09483, VBS_stat_muon=6.67625, ele_efficiency=2.51121, ele_trigger=6.92028, fakephoton_ele=2.20345, fakephoton_muon=-2.65114, interference=-3.69333, lumi=6.6836, mu_efficiency=-6.41083, mu_trigger=1.37829, non_prompt_stat_ele=6.7327, non_prompt_stat_muon=-4.5704, others_stat_ele=4.68317, others_stat_muon=5.73566, others_xs=6.5402, param=1.33716, pdf_ele=6.65486, pdf_muon=6.23268, photon_id=-6.95127, pileup=-4.61007, scale_ele=0.587612, scale_muon=0.596506
RooProdPdf::model_s[ modelObs_s * nuisancePdf ]
     getLogVal() top-level p.d.f evaluates to zero @ !pdfs=(modelObs_s = 0/1,nuisancePdf = 1)

[#0] WARNING:Minization -- RooMinimizerFcn: Minimized function has error status.
Returning maximum FCN so far (799.685) to force MIGRAD to back out of this region. Error log follows
Parameter values: JER_ele=2.84826, JER_muon=-3.06927, JES_ele=2.62433, JES_muon=3.31604, QCD_stat_ele=5.37035, QCD_stat_muon=-6.50832, VBS_stat_ele=0.982077, VBS_stat_muon=-6.3984, ele_efficiency=-4.91269, ele_trigger=4.82703, fakephoton_ele=5.88538, fakephoton_muon=-6.79117, interference=4.92452, lumi=2.57008, mu_efficiency=5.96705, mu_trigger=-5.44973, non_prompt_stat_ele=6.48378, non_prompt_stat_muon=-4.62971, others_stat_ele=0.266899, others_stat_muon=-2.88927, others_xs=-2.27729, param=1.31206, pdf_ele=6.01338, pdf_muon=3.80898, photon_id=4.68684, pileup=6.74965, scale_ele=6.82835, scale_muon=-4.49032
RooProdPdf::model_s[ modelObs_s * nuisancePdf ]
     getLogVal() top-level p.d.f evaluates to zero @ !pdfs=(modelObs_s = 0/1,nuisancePdf = 1)

[#0] WARNING:Minization -- RooMinimizerFcn: Minimized function has error status.
Returning maximum FCN so far (799.685) to force MIGRAD to back out of this region. Error log follows
Parameter values: JER_ele=-1.92846, JER_muon=-1.16912, JES_ele=-4.63241, JES_muon=-1.42565, QCD_stat_ele=-6.9646, QCD_stat_muon=-2.42546, VBS_stat_ele=-3.65818, VBS_stat_muon=-1.97891, ele_efficiency=-4.08366, ele_trigger=-2.52862, fakephoton_ele=3.13681, fakephoton_muon=-1.46907, interference=-1.50747, lumi=-2.23917, mu_efficiency=-0.999766, mu_trigger=-0.347297, non_prompt_stat_ele=6.89574, non_prompt_stat_muon=-0.69102, others_stat_ele=-6.96357, others_stat_muon=-1.93587, others_xs=-4.21736, param=1.28087, pdf_ele=-4.47857, pdf_muon=-1.84499, photon_id=-4.37652, pileup=3.88931, scale_ele=-6.46129, scale_muon=-5.68292
RooProdPdf::model_s[ modelObs_s * nuisancePdf ]
     getLogVal() top-level p.d.f evaluates to zero @ !pdfs=(modelObs_s = 0/1,nuisancePdf = 1)

[#0] WARNING:Minization -- RooMinimizerFcn: Minimized function has error status.
Returning maximum FCN so far (799.685) to force MIGRAD to back out of this region. Error log follows
Parameter values: JER_ele=1.64178, JER_muon=0.483307, JES_ele=1.43578, JES_muon=1.53533, QCD_stat_ele=5.43045, QCD_stat_muon=3.97809, VBS_stat_ele=2.44789, VBS_stat_muon=0.181584, ele_efficiency=-0.142817, ele_trigger=1.0954, fakephoton_ele=4.02512, fakephoton_muon=1.25704, interference=0.756763, lumi=1.0108, mu_efficiency=0.363541, mu_trigger=0.855943, non_prompt_stat_ele=6.04956, non_prompt_stat_muon=3.05991, others_stat_ele=2.00391, others_stat_muon=1.06635, others_xs=0.960797, param=1.28445, pdf_ele=2.0897, pdf_muon=1.94589, photon_id=3.15301, pileup=0.810209, scale_ele=4.41039, scale_muon=1.82743
RooProdPdf::model_s[ modelObs_s * nuisancePdf ]
     getLogVal() top-level p.d.f evaluates to zero @ !pdfs=(modelObs_s = 0/1,nuisancePdf = 1)

[#0] WARNING:Minization -- RooMinimizerFcn: Minimized function has error status.
Returning maximum FCN so far (849.885) to force MIGRAD to back out of this region. Error log follows
Parameter values: JER_ele=-2.90511, JER_muon=-3.64497, JES_ele=-6.64163, JES_muon=5.28142, QCD_stat_ele=6.2081, QCD_stat_muon=6.99635, VBS_stat_ele=6.03122, VBS_stat_muon=6.99991, ele_efficiency=-6.80361, ele_trigger=-3.38966, fakephoton_ele=6.8446, fakephoton_muon=4.23397, interference=-6.8905, lumi=6.98987, mu_efficiency=-6.64506, mu_trigger=-3.22725, non_prompt_stat_ele=2.74897, non_prompt_stat_muon=-3.27512, others_stat_ele=4.62393, others_stat_muon=0.85755, others_xs=-2.45581, param=2.27227, pdf_ele=3.65428, pdf_muon=-3.36445, photon_id=6.91559, pileup=6.65537, scale_ele=5.21368, scale_muon=-6.00042
RooProdPdf::model_s[ modelObs_s * nuisancePdf ]
     getLogVal() top-level p.d.f evaluates to zero @ !pdfs=(modelObs_s = 0/1,nuisancePdf = 1)

[#0] WARNING:Minization -- RooMinimizerFcn: Minimized function has error status.
Returning maximum FCN so far (940.08) to force MIGRAD to back out of this region. Error log follows
Parameter values: JER_ele=-6.67506, JER_muon=-6.97002, JES_ele=-2.61961, JES_muon=-2.97566, QCD_stat_ele=-4.37438, QCD_stat_muon=5.25451, VBS_stat_ele=1.22598, VBS_stat_muon=-6.85816, ele_efficiency=-4.75295, ele_trigger=-6.53298, fakephoton_ele=6.69455, fakephoton_muon=-5.76117, interference=0.412592, lumi=-5.29723, mu_efficiency=1.49289, mu_trigger=6.16559, non_prompt_stat_ele=6.80908, non_prompt_stat_muon=-5.32581, others_stat_ele=3.0672, others_stat_muon=-2.76945, others_xs=-0.709305, param=2.30776, pdf_ele=-6.76734, pdf_muon=-4.61985, photon_id=-2.92164, pileup=-2.32033, scale_ele=1.28222, scale_muon=5.57984
RooProdPdf::model_s[ modelObs_s * nuisancePdf ]
     getLogVal() top-level p.d.f evaluates to zero @ !pdfs=(modelObs_s = 0/1,nuisancePdf = 1)


 -- Hybrid New -- 
CLs = 0.578829 +/- 0.0311712
Done in 17.91 min (cpu), 18.18 min (real)
