 <<< Combine >>> 
>>> including systematics
>>> using the Profile Likelihood test statistics modified for upper limits (Q_LHC)
>>> method used is HybridNew
>>> Used OpenSSL to get a really random seed -964404306
Computing results starting from observation (a-posteriori)
[#0] WARNING:Minization -- RooMinimizerFcn: Minimized function has error status.
Returning maximum FCN so far (488.035) to force MIGRAD to back out of this region. Error log follows
Parameter values: JER_ele=-3.84421, JER_muon=0.376486, JES_ele=-1.81502, JES_muon=-3.14032, QCD_stat_ele=-3.00373, QCD_stat_muon=-6.99946, VBS_stat_ele=1.19115, VBS_stat_muon=-4.10467, ele_efficiency=-5.5279, ele_trigger=6.68574, fakephoton_ele=4.47261, fakephoton_muon=4.66069, interference=5.62575, lumi=-4.6959, mu_efficiency=-6.96336, mu_trigger=-6.99935, non_prompt_stat_ele=5.23999, non_prompt_stat_muon=-3.83633, others_stat_ele=-6.8131, others_stat_muon=4.63367, others_xs=2.69359, param=17.3129, pdf_ele=-6.76613, pdf_muon=-6.99086, photon_id=-2.49495, pileup=5.27961, scale_ele=5.82504, scale_muon=2.66405
RooProdPdf::model_s[ modelObs_s * nuisancePdf ]
     getLogVal() top-level p.d.f evaluates to zero @ !pdfs=(modelObs_s = 0/1,nuisancePdf = 1)

[#0] WARNING:Minization -- RooMinimizerFcn: Minimized function has error status.
Returning maximum FCN so far (786.952) to force MIGRAD to back out of this region. Error log follows
Parameter values: JER_ele=5.819, JER_muon=-3.01118, JES_ele=5.31735, JES_muon=-6.79941, QCD_stat_ele=6.15681, QCD_stat_muon=6.94582, VBS_stat_ele=-5.76948, VBS_stat_muon=-6.75995, ele_efficiency=-6.99438, ele_trigger=5.56984, fakephoton_ele=6.79207, fakephoton_muon=-6.19124, interference=-3.25533, lumi=6.70147, mu_efficiency=-6.54884, mu_trigger=0.456255, non_prompt_stat_ele=6.95455, non_prompt_stat_muon=-0.960654, others_stat_ele=-1.66167, others_stat_muon=-1.11781, others_xs=0.344432, param=1.3941, pdf_ele=-6.43935, pdf_muon=-5.54881, photon_id=-5.66295, pileup=-5.89257, scale_ele=-4.17251, scale_muon=-3.19631
RooProdPdf::model_s[ modelObs_s * nuisancePdf ]
     getLogVal() top-level p.d.f evaluates to zero @ !pdfs=(modelObs_s = 0/1,nuisancePdf = 1)

[#0] WARNING:Minization -- RooMinimizerFcn: Minimized function has error status.
Returning maximum FCN so far (786.952) to force MIGRAD to back out of this region. Error log follows
Parameter values: JER_ele=2.43177, JER_muon=5.48605, JES_ele=1.97895, JES_muon=-6.54126, QCD_stat_ele=5.67115, QCD_stat_muon=-1.15029, VBS_stat_ele=-0.895865, VBS_stat_muon=-4.01541, ele_efficiency=-2.38601, ele_trigger=2.19656, fakephoton_ele=6.3603, fakephoton_muon=5.82485, interference=5.66234, lumi=4.31507, mu_efficiency=3.67581, mu_trigger=-1.0588, non_prompt_stat_ele=6.99988, non_prompt_stat_muon=-6.47093, others_stat_ele=1.64238, others_stat_muon=-0.00338747, others_xs=5.16523, param=5.1789, pdf_ele=-1.71772, pdf_muon=3.24728, photon_id=-3.88887, pileup=5.81799, scale_ele=-0.80279, scale_muon=6.93
RooProdPdf::model_s[ modelObs_s * nuisancePdf ]
     getLogVal() top-level p.d.f evaluates to zero @ !pdfs=(modelObs_s = 0/1,nuisancePdf = 1)

[#0] WARNING:Minization -- RooMinimizerFcn: Minimized function has error status.
Returning maximum FCN so far (786.952) to force MIGRAD to back out of this region. Error log follows
Parameter values: JER_ele=0.738053, JER_muon=1.54644, JES_ele=1.19461, JES_muon=3.31059, QCD_stat_ele=3.51225, QCD_stat_muon=5.84636, VBS_stat_ele=0.890304, VBS_stat_muon=2.31822, ele_efficiency=0.102377, ele_trigger=0.954454, fakephoton_ele=4.77478, fakephoton_muon=1.81324, interference=1.54612, lumi=1.87892, mu_efficiency=0.518504, mu_trigger=2.37463, non_prompt_stat_ele=5.68781, non_prompt_stat_muon=4.11377, others_stat_ele=1.68459, others_stat_muon=2.33927, others_xs=2.07862, param=12.2506, pdf_ele=1.3079, pdf_muon=4.17085, photon_id=4.71536, pileup=0.739249, scale_ele=3.0929, scale_muon=6.93683
RooProdPdf::model_s[ modelObs_s * nuisancePdf ]
     getLogVal() top-level p.d.f evaluates to zero @ !pdfs=(modelObs_s = 0/1,nuisancePdf = 1)

[#0] WARNING:Minization -- RooMinimizerFcn: Minimized function has error status.
Returning maximum FCN so far (786.952) to force MIGRAD to back out of this region. Error log follows
Parameter values: JER_ele=2.1212, JER_muon=-0.936269, JES_ele=2.1911, JES_muon=2.10509, QCD_stat_ele=6.33608, QCD_stat_muon=4.23117, VBS_stat_ele=-0.227133, VBS_stat_muon=0.755857, ele_efficiency=-1.29629, ele_trigger=2.14522, fakephoton_ele=6.88389, fakephoton_muon=0.169401, interference=1.15257, lumi=3.5626, mu_efficiency=-1.36956, mu_trigger=-0.714458, non_prompt_stat_ele=6.68149, non_prompt_stat_muon=-0.0328023, others_stat_ele=2.50349, others_stat_muon=-0.980837, others_xs=2.41044, param=11.6336, pdf_ele=0.231338, pdf_muon=2.44127, photon_id=3.3179, pileup=3.42815, scale_ele=2.43693, scale_muon=3.17179
RooProdPdf::model_s[ modelObs_s * nuisancePdf ]
     getLogVal() top-level p.d.f evaluates to zero @ !pdfs=(modelObs_s = 0/1,nuisancePdf = 1)

[#0] WARNING:Minization -- RooMinimizerFcn: Minimized function has error status.
Returning maximum FCN so far (786.952) to force MIGRAD to back out of this region. Error log follows
Parameter values: JER_ele=2.93708, JER_muon=3.7677, JES_ele=5.34222, JES_muon=2.98381, QCD_stat_ele=2.83707, QCD_stat_muon=6.38025, VBS_stat_ele=6.04744, VBS_stat_muon=3.65549, ele_efficiency=2.99981, ele_trigger=4.18223, fakephoton_ele=-3.56109, fakephoton_muon=2.28115, interference=2.08107, lumi=1.54079, mu_efficiency=2.46445, mu_trigger=4.5542, non_prompt_stat_ele=-6.99976, non_prompt_stat_muon=5.31909, others_stat_ele=6.86604, others_stat_muon=4.54452, others_xs=4.18757, param=0.324372, pdf_ele=6.99932, pdf_muon=4.32936, photon_id=6.77819, pileup=-2.85696, scale_ele=0.0011071, scale_muon=6.84559
RooProdPdf::model_s[ modelObs_s * nuisancePdf ]
     getLogVal() top-level p.d.f evaluates to zero @ !pdfs=(modelObs_s = 0/1,nuisancePdf = 1)

[#0] WARNING:Minization -- RooMinimizerFcn: Minimized function has error status.
Returning maximum FCN so far (786.952) to force MIGRAD to back out of this region. Error log follows
Parameter values: JER_ele=2.50071, JER_muon=-0.128534, JES_ele=3.16099, JES_muon=2.2323, QCD_stat_ele=6.99336, QCD_stat_muon=3.73297, VBS_stat_ele=1.72209, VBS_stat_muon=1.70009, ele_efficiency=-0.481913, ele_trigger=2.80959, fakephoton_ele=5.96689, fakephoton_muon=0.694405, interference=1.46171, lumi=3.45844, mu_efficiency=-0.721995, mu_trigger=0.231188, non_prompt_stat_ele=2.3156, non_prompt_stat_muon=1.38597, others_stat_ele=3.95121, others_stat_muon=-0.0370219, others_xs=2.88014, param=0.256991, pdf_ele=2.53156, pdf_muon=2.79621, photon_id=4.94781, pileup=2.47164, scale_ele=5.75679, scale_muon=4.36536
RooProdPdf::model_s[ modelObs_s * nuisancePdf ]
     getLogVal() top-level p.d.f evaluates to zero @ !pdfs=(modelObs_s = 0/1,nuisancePdf = 1)

[#0] WARNING:Minization -- RooMinimizerFcn: Minimized function has error status.
Returning maximum FCN so far (830.868) to force MIGRAD to back out of this region. Error log follows
Parameter values: JER_ele=2.20332, JER_muon=0.242829, JES_ele=3.06396, JES_muon=1.81043, QCD_stat_ele=6.92881, QCD_stat_muon=2.94282, VBS_stat_ele=2.20347, VBS_stat_muon=1.61291, ele_efficiency=-0.00821191, ele_trigger=2.612, fakephoton_ele=6.51404, fakephoton_muon=0.741536, interference=1.26598, lumi=2.76316, mu_efficiency=-0.292836, mu_trigger=0.582496, non_prompt_stat_ele=3.96435, non_prompt_stat_muon=1.62141, others_stat_ele=3.95461, others_stat_muon=0.42907, others_xs=2.58017, param=0.151894, pdf_ele=3.06958, pdf_muon=2.33996, photon_id=4.84058, pileup=1.65341, scale_ele=6.14215, scale_muon=4.0647
RooProdPdf::model_s[ modelObs_s * nuisancePdf ]
     getLogVal() top-level p.d.f evaluates to zero @ !pdfs=(modelObs_s = 0/1,nuisancePdf = 1)

[#0] WARNING:Minization -- RooMinimizerFcn: Minimized function has error status.
Returning maximum FCN so far (830.868) to force MIGRAD to back out of this region. Error log follows
Parameter values: JER_ele=2.46053, JER_muon=0.354534, JES_ele=3.45306, JES_muon=2.02187, QCD_stat_ele=6.9878, QCD_stat_muon=3.27939, VBS_stat_ele=2.54287, VBS_stat_muon=1.81274, ele_efficiency=0.0842552, ele_trigger=2.93444, fakephoton_ele=5.63877, fakephoton_muon=0.872967, interference=1.41619, lumi=2.99897, mu_efficiency=-0.246362, mu_trigger=0.757923, non_prompt_stat_ele=1.84315, non_prompt_stat_muon=1.92777, others_stat_ele=4.46475, others_stat_muon=0.581051, others_xs=2.88463, param=0.00758138, pdf_ele=3.59551, pdf_muon=2.61294, photon_id=5.37891, pileup=1.69121, scale_ele=6.66517, scale_muon=4.58888
RooProdPdf::model_s[ modelObs_s * nuisancePdf ]
     getLogVal() top-level p.d.f evaluates to zero @ !pdfs=(modelObs_s = 0/1,nuisancePdf = 1)

[#0] WARNING:Minization -- RooMinimizerFcn: Minimized function has error status.
Returning maximum FCN so far (830.868) to force MIGRAD to back out of this region. Error log follows
Parameter values: JER_ele=2.25671, JER_muon=0.285822, JES_ele=3.14739, JES_muon=1.88626, QCD_stat_ele=6.96504, QCD_stat_muon=3.04786, VBS_stat_ele=2.27825, VBS_stat_muon=1.70941, ele_efficiency=0.0117118, ele_trigger=2.6799, fakephoton_ele=6.41333, fakephoton_muon=0.786225, interference=1.3209, lumi=2.82756, mu_efficiency=-0.275939, mu_trigger=0.646707, non_prompt_stat_ele=3.69206, non_prompt_stat_muon=1.72596, others_stat_ele=4.06255, others_stat_muon=0.478827, others_xs=2.6513, param=0.025104, pdf_ele=3.18595, pdf_muon=2.4424, photon_id=4.9887, pileup=1.66412, scale_ele=6.27569, scale_muon=4.25563
RooProdPdf::model_s[ modelObs_s * nuisancePdf ]
     getLogVal() top-level p.d.f evaluates to zero @ !pdfs=(modelObs_s = 0/1,nuisancePdf = 1)

[#0] WARNING:Minization -- RooMinimizerFcn: Minimized function has error status.
Returning maximum FCN so far (830.868) to force MIGRAD to back out of this region. Error log follows
Parameter values: JER_ele=2.3565, JER_muon=0.335469, JES_ele=3.29753, JES_muon=1.97843, QCD_stat_ele=6.99816, QCD_stat_muon=3.22785, VBS_stat_ele=2.41157, VBS_stat_muon=1.78495, ele_efficiency=0.0469006, ele_trigger=2.80437, fakephoton_ele=6.17466, fakephoton_muon=0.837964, interference=1.38026, lumi=2.92207, mu_efficiency=-0.256281, mu_trigger=0.721799, non_prompt_stat_ele=3.08149, non_prompt_stat_muon=1.84665, others_stat_ele=4.26055, others_stat_muon=0.549411, others_xs=2.77617, param=0.242004, pdf_ele=3.38544, pdf_muon=2.56125, photon_id=5.20386, pileup=1.67818, scale_ele=6.47777, scale_muon=4.47964
RooProdPdf::model_s[ modelObs_s * nuisancePdf ]
     getLogVal() top-level p.d.f evaluates to zero @ !pdfs=(modelObs_s = 0/1,nuisancePdf = 1)

[#0] WARNING:Minization -- RooMinimizerFcn: Minimized function has error status.
Returning maximum FCN so far (830.868) to force MIGRAD to back out of this region. Error log follows
Parameter values: JER_ele=2.52852, JER_muon=0.392465, JES_ele=3.56889, JES_muon=2.10243, QCD_stat_ele=6.95995, QCD_stat_muon=3.61119, VBS_stat_ele=2.58185, VBS_stat_muon=1.75836, ele_efficiency=0.103885, ele_trigger=3.02615, fakephoton_ele=5.50575, fakephoton_muon=0.869569, interference=1.4339, lumi=3.06269, mu_efficiency=-0.237554, mu_trigger=0.802708, non_prompt_stat_ele=1.56688, non_prompt_stat_muon=1.92237, others_stat_ele=4.57223, others_stat_muon=0.658281, others_xs=2.99636, param=0.254036, pdf_ele=3.71147, pdf_muon=2.70162, photon_id=5.51467, pileup=1.68303, scale_ele=6.73547, scale_muon=4.75468
RooProdPdf::model_s[ modelObs_s * nuisancePdf ]
     getLogVal() top-level p.d.f evaluates to zero @ !pdfs=(modelObs_s = 0/1,nuisancePdf = 1)

[#0] WARNING:Minization -- RooMinimizerFcn: Minimized function has error status.
Returning maximum FCN so far (830.868) to force MIGRAD to back out of this region. Error log follows
Parameter values: JER_ele=2.4086, JER_muon=0.345543, JES_ele=3.38384, JES_muon=2.0092, QCD_stat_ele=6.99909, QCD_stat_muon=3.34917, VBS_stat_ele=2.44817, VBS_stat_muon=1.74348, ele_efficiency=0.0633928, ele_trigger=2.87351, fakephoton_ele=5.95045, fakephoton_muon=0.838161, interference=1.38638, lumi=2.95968, mu_efficiency=-0.253755, mu_trigger=0.736082, non_prompt_stat_ele=2.53363, non_prompt_stat_muon=1.8483, others_stat_ele=4.35255, others_stat_muon=0.579033, others_xs=2.8439, param=0.223207, pdf_ele=3.48302, pdf_muon=2.58971, photon_id=5.29236, pileup=1.67567, scale_ele=6.56125, scale_muon=4.54573
RooProdPdf::model_s[ modelObs_s * nuisancePdf ]
     getLogVal() top-level p.d.f evaluates to zero @ !pdfs=(modelObs_s = 0/1,nuisancePdf = 1)

[#0] WARNING:Minization -- RooMinimizerFcn: Minimized function has error status.
Returning maximum FCN so far (830.868) to force MIGRAD to back out of this region. Error log follows
Parameter values: JER_ele=2.4967, JER_muon=0.377153, JES_ele=3.51809, JES_muon=2.06816, QCD_stat_ele=6.97596, QCD_stat_muon=3.50744, VBS_stat_ele=2.55501, VBS_stat_muon=1.76736, ele_efficiency=0.0933091, ele_trigger=2.98464, fakephoton_ele=5.65273, fakephoton_muon=0.859506, interference=1.42232, lumi=3.03419, mu_efficiency=-0.242869, mu_trigger=0.780113, non_prompt_stat_ele=1.87837, non_prompt_stat_muon=1.89844, others_stat_ele=4.51458, others_stat_muon=0.62852, others_xs=2.94974, param=0.221987, pdf_ele=3.65174, pdf_muon=2.66327, photon_id=5.45117, pileup=1.68216, scale_ele=6.69343, scale_muon=4.67885
RooProdPdf::model_s[ modelObs_s * nuisancePdf ]
     getLogVal() top-level p.d.f evaluates to zero @ !pdfs=(modelObs_s = 0/1,nuisancePdf = 1)

[#0] WARNING:Minization -- RooMinimizerFcn: Minimized function has error status.
Returning maximum FCN so far (830.868) to force MIGRAD to back out of this region. Error log follows
Parameter values: JER_ele=2.43907, JER_muon=0.356226, JES_ele=3.43073, JES_muon=2.02904, QCD_stat_ele=6.99473, QCD_stat_muon=3.40666, VBS_stat_ele=2.48447, VBS_stat_muon=1.74993, ele_efficiency=0.0736658, ele_trigger=2.91227, fakephoton_ele=5.8425, fakephoton_muon=0.844151, interference=1.39826, lumi=2.9854, mu_efficiency=-0.25026, mu_trigger=0.750521, non_prompt_stat_ele=2.28822, non_prompt_stat_muon=1.86246, others_stat_ele=4.40855, others_stat_muon=0.595733, others_xs=2.88075, param=0.202069, pdf_ele=3.54176, pdf_muon=2.61443, photon_id=5.34757, pileup=1.67752, scale_ele=6.60962, scale_muon=4.59027
RooProdPdf::model_s[ modelObs_s * nuisancePdf ]
     getLogVal() top-level p.d.f evaluates to zero @ !pdfs=(modelObs_s = 0/1,nuisancePdf = 1)

[#0] WARNING:Minization -- RooMinimizerFcn: Minimized function has error status.
Returning maximum FCN so far (830.868) to force MIGRAD to back out of this region. Error log follows
Parameter values: JER_ele=2.48257, JER_muon=0.372455, JES_ele=3.49617, JES_muon=2.05772, QCD_stat_ele=6.98184, QCD_stat_muon=3.47627, VBS_stat_ele=2.54042, VBS_stat_muon=1.76976, ele_efficiency=0.0884719, ele_trigger=2.96657, fakephoton_ele=5.70381, fakephoton_muon=0.855874, interference=1.41794, lumi=3.02279, mu_efficiency=-0.244643, mu_trigger=0.772872, non_prompt_stat_ele=1.98736, non_prompt_stat_muon=1.88991, others_stat_ele=4.48802, others_stat_muon=0.619187, others_xs=2.93155, param=0.195301, pdf_ele=3.62489, pdf_muon=2.65157, photon_id=5.42573, pileup=1.68118, scale_ele=6.67343, scale_muon=4.65508
RooProdPdf::model_s[ modelObs_s * nuisancePdf ]
     getLogVal() top-level p.d.f evaluates to zero @ !pdfs=(modelObs_s = 0/1,nuisancePdf = 1)

[#0] WARNING:Minization -- RooMinimizerFcn: Minimized function has error status.
Returning maximum FCN so far (830.868) to force MIGRAD to back out of this region. Error log follows
Parameter values: JER_ele=2.4563, JER_muon=0.363464, JES_ele=3.4566, JES_muon=2.04094, QCD_stat_ele=6.99065, QCD_stat_muon=3.43569, VBS_stat_ele=2.50781, VBS_stat_muon=1.76102, ele_efficiency=0.0795201, ele_trigger=2.9338, fakephoton_ele=5.78552, fakephoton_muon=0.848764, interference=1.40705, lumi=3.0009, mu_efficiency=-0.24788, mu_trigger=0.76002, non_prompt_stat_ele=2.1628, non_prompt_stat_muon=1.87327, others_stat_ele=4.43983, others_stat_muon=0.605143, others_xs=2.9009, param=0.180547, pdf_ele=3.57497, pdf_muon=2.63054, photon_id=5.37939, pileup=1.67897, scale_ele=6.63564, scale_muon=4.61694
RooProdPdf::model_s[ modelObs_s * nuisancePdf ]
     getLogVal() top-level p.d.f evaluates to zero @ !pdfs=(modelObs_s = 0/1,nuisancePdf = 1)

[#0] WARNING:Minization -- RooMinimizerFcn: Minimized function has error status.
Returning maximum FCN so far (830.868) to force MIGRAD to back out of this region. Error log follows
Parameter values: JER_ele=2.47784, JER_muon=0.371839, JES_ele=3.48877, JES_muon=2.05528, QCD_stat_ele=6.98372, QCD_stat_muon=3.46827, VBS_stat_ele=2.53633, VBS_stat_muon=1.77344, ele_efficiency=0.086836, ele_trigger=2.96053, fakephoton_ele=5.71809, fakephoton_muon=0.854913, interference=1.4175, lumi=3.0197, mu_efficiency=-0.245003, mu_trigger=0.771416, non_prompt_stat_ele=2.01767, non_prompt_stat_muon=1.88765, others_stat_ele=4.47879, others_stat_muon=0.616638, others_xs=2.92571, param=0.171749, pdf_ele=3.61602, pdf_muon=2.64953, photon_id=5.41814, pileup=1.68085, scale_ele=6.66663, scale_muon=4.64925
RooProdPdf::model_s[ modelObs_s * nuisancePdf ]
     getLogVal() top-level p.d.f evaluates to zero @ !pdfs=(modelObs_s = 0/1,nuisancePdf = 1)

[#0] WARNING:Minization -- RooMinimizerFcn: Minimized function has error status.
Returning maximum FCN so far (830.868) to force MIGRAD to back out of this region. Error log follows
Parameter values: JER_ele=2.45137, JER_muon=0.359051, JES_ele=3.44945, JES_muon=2.03196, QCD_stat_ele=6.992, QCD_stat_muon=3.42268, VBS_stat_ele=2.50102, VBS_stat_muon=1.75368, ele_efficiency=0.0776544, ele_trigger=2.92772, fakephoton_ele=5.81057, fakephoton_muon=0.842482, interference=1.40216, lumi=2.99488, mu_efficiency=-0.249806, mu_trigger=0.752757, non_prompt_stat_ele=2.21829, non_prompt_stat_muon=1.85863, others_stat_ele=4.42957, others_stat_muon=0.598738, others_xs=2.89327, param=0.157567, pdf_ele=3.56486, pdf_muon=2.61927, photon_id=5.36599, pileup=1.67783, scale_ele=6.6268, scale_muon=4.59552
RooProdPdf::model_s[ modelObs_s * nuisancePdf ]
     getLogVal() top-level p.d.f evaluates to zero @ !pdfs=(modelObs_s = 0/1,nuisancePdf = 1)

[#0] WARNING:Minization -- RooMinimizerFcn: Minimized function has error status.
Returning maximum FCN so far (830.868) to force MIGRAD to back out of this region. Error log follows
Parameter values: JER_ele=2.14574, JER_muon=0.259838, JES_ele=2.97525, JES_muon=1.84621, QCD_stat_ele=6.88887, QCD_stat_muon=2.88662, VBS_stat_ele=2.13682, VBS_stat_muon=1.691, ele_efficiency=-0.0233388, ele_trigger=2.53879, fakephoton_ele=6.68333, fakephoton_muon=0.787619, interference=1.28803, lumi=2.7406, mu_efficiency=-0.281111, mu_trigger=0.621078, non_prompt_stat_ele=4.51566, non_prompt_stat_muon=1.72786, others_stat_ele=3.86335, others_stat_muon=0.442555, others_xs=2.52948, param=0.425292, pdf_ele=2.97355, pdf_muon=2.38733, photon_id=4.80025, pileup=1.66363, scale_ele=6.05287, scale_muon=4.17411
RooProdPdf::model_s[ modelObs_s * nuisancePdf ]
     getLogVal() top-level p.d.f evaluates to zero @ !pdfs=(modelObs_s = 0/1,nuisancePdf = 1)

[#0] WARNING:Minization -- RooMinimizerFcn: Minimized function has error status.
Returning maximum FCN so far (830.868) to force MIGRAD to back out of this region. Error log follows
Parameter values: JER_ele=2.52405, JER_muon=0.395314, JES_ele=3.56626, JES_muon=2.11653, QCD_stat_ele=6.96123, QCD_stat_muon=3.65838, VBS_stat_ele=2.55961, VBS_stat_muon=1.73207, ele_efficiency=0.102389, ele_trigger=3.02231, fakephoton_ele=5.59779, fakephoton_muon=0.872555, interference=1.43041, lumi=3.06039, mu_efficiency=-0.235837, mu_trigger=0.810184, non_prompt_stat_ele=1.76697, non_prompt_stat_muon=1.92948, others_stat_ele=4.56637, others_stat_muon=0.672178, others_xs=3.00183, param=0.50521, pdf_ele=3.70189, pdf_muon=2.71217, photon_id=5.51752, pileup=1.68221, scale_ele=6.72869, scale_muon=4.78795
RooProdPdf::model_s[ modelObs_s * nuisancePdf ]
     getLogVal() top-level p.d.f evaluates to zero @ !pdfs=(modelObs_s = 0/1,nuisancePdf = 1)

[#0] WARNING:Minization -- RooMinimizerFcn: Minimized function has error status.
Returning maximum FCN so far (830.868) to force MIGRAD to back out of this region. Error log follows
Parameter values: JER_ele=2.23104, JER_muon=0.278873, JES_ele=3.11789, JES_muon=1.89778, QCD_stat_ele=6.95279, QCD_stat_muon=3.10387, VBS_stat_ele=2.20233, VBS_stat_muon=1.62911, ele_efficiency=0.00333977, ele_trigger=2.65243, fakephoton_ele=6.47552, fakephoton_muon=0.786541, interference=1.29969, lumi=2.8042, mu_efficiency=-0.276484, mu_trigger=0.646322, non_prompt_stat_ele=3.866, non_prompt_stat_muon=1.72719, others_stat_ele=4.02, others_stat_muon=0.492525, others_xs=2.64211, param=0.414636, pdf_ele=3.13593, pdf_muon=2.43789, photon_id=4.95733, pileup=1.65992, scale_ele=6.2278, scale_muon=4.28826
RooProdPdf::model_s[ modelObs_s * nuisancePdf ]
     getLogVal() top-level p.d.f evaluates to zero @ !pdfs=(modelObs_s = 0/1,nuisancePdf = 1)

[#0] WARNING:Minization -- RooMinimizerFcn: Minimized function has error status.
Returning maximum FCN so far (830.868) to force MIGRAD to back out of this region. Error log follows
Parameter values: JER_ele=2.43854, JER_muon=0.354504, JES_ele=3.43446, JES_muon=2.03625, QCD_stat_ele=6.99418, QCD_stat_muon=3.44669, VBS_stat_ele=2.46377, VBS_stat_muon=1.71008, ele_efficiency=0.0734798, ele_trigger=2.91344, fakephoton_ele=5.92505, fakephoton_muon=0.842645, interference=1.39029, lumi=2.982, mu_efficiency=-0.250079, mu_trigger=0.752018, non_prompt_stat_ele=2.4853, non_prompt_stat_muon=1.85905, others_stat_ele=4.41022, others_stat_muon=0.605837, others_xs=2.88804, param=0.448028, pdf_ele=3.53896, pdf_muon=2.61456, photon_id=5.34993, pileup=1.67658, scale_ele=6.60684, scale_muon=4.60899
RooProdPdf::model_s[ modelObs_s * nuisancePdf ]
     getLogVal() top-level p.d.f evaluates to zero @ !pdfs=(modelObs_s = 0/1,nuisancePdf = 1)

[#0] WARNING:Minization -- RooMinimizerFcn: Minimized function has error status.
Returning maximum FCN so far (830.868) to force MIGRAD to back out of this region. Error log follows
Parameter values: JER_ele=2.2919, JER_muon=0.299964, JES_ele=3.21195, JES_muon=1.9368, QCD_stat_ele=6.98242, QCD_stat_muon=3.2091, VBS_stat_ele=2.27745, VBS_stat_muon=1.64718, ele_efficiency=0.0237822, ele_trigger=2.72969, fakephoton_ele=6.32601, fakephoton_muon=0.800484, interference=1.32445, lumi=2.85576, mu_efficiency=-0.269328, mu_trigger=0.675392, non_prompt_stat_ele=3.457, non_prompt_stat_muon=1.7601, others_stat_ele=4.13605, others_stat_muon=0.524818, others_xs=2.71477, param=0.398367, pdf_ele=3.2554, pdf_muon=2.48725, photon_id=5.07443, pileup=1.66423, scale_ele=6.35147, scale_muon=4.37939
RooProdPdf::model_s[ modelObs_s * nuisancePdf ]
     getLogVal() top-level p.d.f evaluates to zero @ !pdfs=(modelObs_s = 0/1,nuisancePdf = 1)

[#0] WARNING:Minization -- RooMinimizerFcn: Minimized function has error status.
Returning maximum FCN so far (830.868) to force MIGRAD to back out of this region. Error log follows
Parameter values: JER_ele=2.39689, JER_muon=0.338969, JES_ele=3.37098, JES_muon=2.00661, QCD_stat_ele=6.99971, QCD_stat_muon=3.37159, VBS_stat_ele=2.41312, VBS_stat_muon=1.69764, ele_efficiency=0.0592928, ele_trigger=2.86095, fakephoton_ele=6.05373, fakephoton_muon=0.830581, interference=1.37263, lumi=2.94635, mu_efficiency=-0.255639, mu_trigger=0.729751, non_prompt_stat_ele=2.78341, non_prompt_stat_muon=1.83074, others_stat_ele=4.33242, others_stat_muon=0.581214, others_xs=2.8374, param=0.40699, pdf_ele=3.45879, pdf_muon=2.57779, photon_id=5.27247, pileup=1.6732, scale_ele=6.53971, scale_muon=4.54116
RooProdPdf::model_s[ modelObs_s * nuisancePdf ]
     getLogVal() top-level p.d.f evaluates to zero @ !pdfs=(modelObs_s = 0/1,nuisancePdf = 1)

[#0] WARNING:Minization -- RooMinimizerFcn: Minimized function has error status.
Returning maximum FCN so far (830.868) to force MIGRAD to back out of this region. Error log follows
Parameter values: JER_ele=2.32482, JER_muon=0.312897, JES_ele=3.26198, JES_muon=1.95924, QCD_stat_ele=6.99255, QCD_stat_muon=3.26282, VBS_stat_ele=2.32086, VBS_stat_muon=1.66511, ele_efficiency=0.0348982, ele_trigger=2.77097, fakephoton_ele=6.24361, fakephoton_muon=0.809734, interference=1.34026, lumi=2.88477, mu_efficiency=-0.26491, mu_trigger=0.692991, non_prompt_stat_ele=3.2451, non_prompt_stat_muon=1.78184, others_stat_ele=4.19794, others_stat_muon=0.542742, others_xs=2.75347, param=0.376367, pdf_ele=3.31968, pdf_muon=2.51689, photon_id=5.13811, pileup=1.66702, scale_ele=6.41389, scale_muon=4.43149
RooProdPdf::model_s[ modelObs_s * nuisancePdf ]
     getLogVal() top-level p.d.f evaluates to zero @ !pdfs=(modelObs_s = 0/1,nuisancePdf = 1)

[#0] WARNING:Minization -- RooMinimizerFcn: Minimized function has error status.
Returning maximum FCN so far (830.868) to force MIGRAD to back out of this region. Error log follows
Parameter values: JER_ele=2.37754, JER_muon=0.332777, JES_ele=3.34154, JES_muon=1.99444, QCD_stat_ele=6.99988, QCD_stat_muon=3.34191, VBS_stat_ele=2.38968, VBS_stat_muon=1.69304, ele_efficiency=0.0527105, ele_trigger=2.83667, fakephoton_ele=6.10758, fakephoton_muon=0.825287, interference=1.36515, lumi=2.93049, mu_efficiency=-0.257939, mu_trigger=0.720614, non_prompt_stat_ele=2.91128, non_prompt_stat_muon=1.81833, others_stat_ele=4.29599, others_stat_muon=0.570947, others_xs=2.81463, param=0.373435, pdf_ele=3.4216, pdf_muon=2.56291, photon_id=5.2374, pileup=1.6716, scale_ele=6.50707, scale_muon=4.51293
RooProdPdf::model_s[ modelObs_s * nuisancePdf ]
     getLogVal() top-level p.d.f evaluates to zero @ !pdfs=(modelObs_s = 0/1,nuisancePdf = 1)

[#0] WARNING:Minization -- RooMinimizerFcn: Minimized function has error status.
Returning maximum FCN so far (830.868) to force MIGRAD to back out of this region. Error log follows
Parameter values: JER_ele=2.3358, JER_muon=0.315541, JES_ele=3.27877, JES_muon=1.96312, QCD_stat_ele=6.99498, QCD_stat_muon=3.27639, VBS_stat_ele=2.335, VBS_stat_muon=1.66808, ele_efficiency=0.0384891, ele_trigger=2.78474, fakephoton_ele=6.21984, fakephoton_muon=0.809905, interference=1.34391, lumi=2.89329, mu_efficiency=-0.26424, mu_trigger=0.695894, non_prompt_stat_ele=3.18576, non_prompt_stat_muon=1.78229, others_stat_ele=4.21764, others_stat_muon=0.54632, others_xs=2.76509, param=0.350143, pdf_ele=3.3406, pdf_muon=2.52228, photon_id=5.15614, pileup=1.66751, scale_ele=6.43285, scale_muon=4.43979
RooProdPdf::model_s[ modelObs_s * nuisancePdf ]
     getLogVal() top-level p.d.f evaluates to zero @ !pdfs=(modelObs_s = 0/1,nuisancePdf = 1)

[#0] WARNING:Minization -- RooMinimizerFcn: Minimized function has error status.
Returning maximum FCN so far (830.868) to force MIGRAD to back out of this region. Error log follows
Parameter values: JER_ele=2.29752, JER_muon=0.287478, JES_ele=3.22198, JES_muon=1.91269, QCD_stat_ele=6.98457, QCD_stat_muon=3.18551, VBS_stat_ele=2.279, VBS_stat_muon=1.61682, ele_efficiency=0.0249068, ele_trigger=2.73711, fakephoton_ele=6.3502, fakephoton_muon=0.780509, interference=1.31192, lumi=2.85031, mu_efficiency=-0.274929, mu_trigger=0.654719, non_prompt_stat_ele=3.52505, non_prompt_stat_muon=1.71344, others_stat_ele=4.14222, others_stat_muon=0.510025, others_xs=2.71266, param=0.325708, pdf_ele=3.26275, pdf_muon=2.45515, photon_id=5.06092, pileup=1.6615, scale_ele=6.35371, scale_muon=4.31893
RooProdPdf::model_s[ modelObs_s * nuisancePdf ]
     getLogVal() top-level p.d.f evaluates to zero @ !pdfs=(modelObs_s = 0/1,nuisancePdf = 1)

[#0] WARNING:Minization -- RooMinimizerFcn: Minimized function has error status.
Returning maximum FCN so far (830.868) to force MIGRAD to back out of this region. Error log follows
Parameter values: JER_ele=2.42792, JER_muon=0.364426, JES_ele=3.41059, JES_muon=2.0539, QCD_stat_ele=6.99526, QCD_stat_muon=3.356, VBS_stat_ele=2.47632, VBS_stat_muon=1.79009, ele_efficiency=0.0736317, ele_trigger=2.89658, fakephoton_ele=5.8801, fakephoton_muon=0.88608, interference=1.41388, lumi=2.98388, mu_efficiency=-0.241275, mu_trigger=0.778421, non_prompt_stat_ele=2.3872, non_prompt_stat_muon=1.95848, others_stat_ele=4.40998, others_stat_muon=0.6073, others_xs=2.87246, param=0.379143, pdf_ele=3.5334, pdf_muon=2.64306, photon_id=5.35909, pileup=1.68963, scale_ele=6.61821, scale_muon=4.66667
RooProdPdf::model_s[ modelObs_s * nuisancePdf ]
     getLogVal() top-level p.d.f evaluates to zero @ !pdfs=(modelObs_s = 0/1,nuisancePdf = 1)

[#0] WARNING:Minization -- RooMinimizerFcn: Minimized function has error status.
Returning maximum FCN so far (830.868) to force MIGRAD to back out of this region. Error log follows
Parameter values: JER_ele=2.31441, JER_muon=0.314309, JES_ele=3.24952, JES_muon=1.97182, QCD_stat_ele=6.99074, QCD_stat_muon=3.31408, VBS_stat_ele=2.29065, VBS_stat_muon=1.63325, ele_efficiency=0.0314728, ele_trigger=2.75954, fakephoton_ele=6.24392, fakephoton_muon=0.813591, interference=1.33333, lumi=2.87664, mu_efficiency=-0.26346, mu_trigger=0.699332, non_prompt_stat_ele=3.24183, non_prompt_stat_muon=1.79099, others_stat_ele=4.18071, others_stat_muon=0.554521, others_xs=2.75218, param=0.0815241, pdf_ele=3.30017, pdf_muon=2.52547, photon_id=5.13216, pileup=1.66623, scale_ele=6.39744, scale_muon=4.4633
RooProdPdf::model_s[ modelObs_s * nuisancePdf ]
     getLogVal() top-level p.d.f evaluates to zero @ !pdfs=(modelObs_s = 0/1,nuisancePdf = 1)

[#0] WARNING:Minization -- RooMinimizerFcn: Minimized function has error status.
Returning maximum FCN so far (830.868) to force MIGRAD to back out of this region. Error log follows
Parameter values: JER_ele=2.3845, JER_muon=0.339976, JES_ele=3.35342, JES_muon=2.01883, QCD_stat_ele=6.99999, QCD_stat_muon=3.35881, VBS_stat_ele=2.39237, VBS_stat_muon=1.69698, ele_efficiency=0.0563751, ele_trigger=2.84633, fakephoton_ele=6.02764, fakephoton_muon=0.848485, interference=1.37371, lumi=2.93977, mu_efficiency=-0.252743, mu_trigger=0.739403, non_prompt_stat_ele=2.7173, non_prompt_stat_muon=1.87233, others_stat_ele=4.31716, others_stat_muon=0.5861, others_xs=2.82942, param=0.0114204, pdf_ele=3.44098, pdf_muon=2.58867, photon_id=5.267, pileup=1.6754, scale_ele=6.53079, scale_muon=4.5761
RooProdPdf::model_s[ modelObs_s * nuisancePdf ]
     getLogVal() top-level p.d.f evaluates to zero @ !pdfs=(modelObs_s = 0/1,nuisancePdf = 1)

[#0] WARNING:Minization -- RooMinimizerFcn: Minimized function has error status.
Returning maximum FCN so far (830.868) to force MIGRAD to back out of this region. Error log follows
Parameter values: JER_ele=2.28031, JER_muon=0.292372, JES_ele=3.19639, JES_muon=1.93285, QCD_stat_ele=6.97952, QCD_stat_muon=3.18971, VBS_stat_ele=2.25088, VBS_stat_muon=1.61928, ele_efficiency=0.0208202, ele_trigger=2.71615, fakephoton_ele=6.3355, fakephoton_muon=0.80397, interference=1.31484, lumi=2.84227, mu_efficiency=-0.269998, mu_trigger=0.671516, non_prompt_stat_ele=3.4821, non_prompt_stat_muon=1.76795, others_stat_ele=4.12114, others_stat_muon=0.521665, others_xs=2.70347, param=0.00866291, pdf_ele=3.23645, pdf_muon=2.47535, photon_id=5.05568, pileup=1.66537, scale_ele=6.33862, scale_muon=4.37647
RooProdPdf::model_s[ modelObs_s * nuisancePdf ]
     getLogVal() top-level p.d.f evaluates to zero @ !pdfs=(modelObs_s = 0/1,nuisancePdf = 1)

[#0] WARNING:Minization -- RooMinimizerFcn: Minimized function has error status.
Returning maximum FCN so far (830.868) to force MIGRAD to back out of this region. Error log follows
Parameter values: JER_ele=2.3575, JER_muon=0.321624, JES_ele=3.31306, JES_muon=1.98545, QCD_stat_ele=6.99881, QCD_stat_muon=3.29435, VBS_stat_ele=2.35445, VBS_stat_muon=1.66654, ele_efficiency=0.0470803, ele_trigger=2.81269, fakephoton_ele=6.12478, fakephoton_muon=0.830305, interference=1.35325, lumi=2.91056, mu_efficiency=-0.259485, mu_trigger=0.712961, non_prompt_stat_ele=2.95066, non_prompt_stat_muon=1.82975, others_stat_ele=4.26658, others_stat_muon=0.561706, others_xs=2.79297, param=0.00695093, pdf_ele=3.38772, pdf_muon=2.54463, photon_id=5.20426, pileup=1.67229, scale_ele=6.48323, scale_muon=4.49903
RooProdPdf::model_s[ modelObs_s * nuisancePdf ]
     getLogVal() top-level p.d.f evaluates to zero @ !pdfs=(modelObs_s = 0/1,nuisancePdf = 1)

[#0] WARNING:Minization -- RooMinimizerFcn: Minimized function has error status.
Returning maximum FCN so far (830.868) to force MIGRAD to back out of this region. Error log follows
Parameter values: JER_ele=2.30249, JER_muon=0.300227, JES_ele=3.22974, JES_muon=1.94597, QCD_stat_ele=6.98735, QCD_stat_muon=3.21233, VBS_stat_ele=2.2826, VBS_stat_muon=1.63612, ele_efficiency=0.0283695, ele_trigger=2.74385, fakephoton_ele=6.27412, fakephoton_muon=0.810979, interference=1.32626, lumi=2.86191, mu_efficiency=-0.267268, mu_trigger=0.682235, non_prompt_stat_ele=3.32197, non_prompt_stat_muon=1.7844, others_stat_ele=4.16283, others_stat_muon=0.530996, others_xs=2.72792, param=0.00504889, pdf_ele=3.28042, pdf_muon=2.49362, photon_id=5.09761, pileup=1.66733, scale_ele=6.38209, scale_muon=4.40693
RooProdPdf::model_s[ modelObs_s * nuisancePdf ]
     getLogVal() top-level p.d.f evaluates to zero @ !pdfs=(modelObs_s = 0/1,nuisancePdf = 1)

[#0] WARNING:Minization -- RooMinimizerFcn: Minimized function has error status.
Returning maximum FCN so far (830.868) to force MIGRAD to back out of this region. Error log follows
Parameter values: JER_ele=2.36871, JER_muon=0.324015, JES_ele=3.3302, JES_muon=1.98909, QCD_stat_ele=6.99965, QCD_stat_muon=3.30986, VBS_stat_ele=2.36904, VBS_stat_muon=1.66813, ele_efficiency=0.0507579, ele_trigger=2.82691, fakephoton_ele=6.0741, fakephoton_muon=0.830459, interference=1.35641, lumi=2.91898, mu_efficiency=-0.25893, mu_trigger=0.715531, non_prompt_stat_ele=2.82584, non_prompt_stat_muon=1.83019, others_stat_ele=4.28637, others_stat_muon=0.564635, others_xs=2.80462, param=0.000809548, pdf_ele=3.4097, pdf_muon=2.54983, photon_id=5.22232, pileup=1.67264, scale_ele=6.50247, scale_muon=4.50643
RooProdPdf::model_s[ modelObs_s * nuisancePdf ]
     getLogVal() top-level p.d.f evaluates to zero @ !pdfs=(modelObs_s = 0/1,nuisancePdf = 1)

[#0] WARNING:Minization -- RooMinimizerFcn: Minimized function has error status.
Returning maximum FCN so far (830.868) to force MIGRAD to back out of this region. Error log follows
Parameter values: JER_ele=2.31875, JER_muon=0.296314, JES_ele=3.25594, JES_muon=1.94271, QCD_stat_ele=6.99219, QCD_stat_muon=3.21342, VBS_stat_ele=2.29812, VBS_stat_muon=1.61853, ele_efficiency=0.0338097, ele_trigger=2.76512, fakephoton_ele=6.20001, fakephoton_muon=0.808373, interference=1.3238, lumi=2.86927, mu_efficiency=-0.268519, mu_trigger=0.677913, non_prompt_stat_ele=3.12959, non_prompt_stat_muon=1.77841, others_stat_ele=4.19337, others_stat_muon=0.528969, others_xs=2.74257, param=0.0262961, pdf_ele=3.31289, pdf_muon=2.48684, photon_id=5.1168, pileup=1.66729, scale_ele=6.41354, scale_muon=4.39886
RooProdPdf::model_s[ modelObs_s * nuisancePdf ]
     getLogVal() top-level p.d.f evaluates to zero @ !pdfs=(modelObs_s = 0/1,nuisancePdf = 1)

[#0] WARNING:Minization -- RooMinimizerFcn: Minimized function has error status.
Returning maximum FCN so far (830.868) to force MIGRAD to back out of this region. Error log follows
Parameter values: JER_ele=2.27726, JER_muon=0.268485, JES_ele=3.19439, JES_muon=1.89829, QCD_stat_ele=6.97925, QCD_stat_muon=3.10915, VBS_stat_ele=2.23523, VBS_stat_muon=1.56752, ele_efficiency=0.0200464, ele_trigger=2.71364, fakephoton_ele=6.32682, fakephoton_muon=0.789199, interference=1.29313, lumi=2.82461, mu_efficiency=-0.277484, mu_trigger=0.642065, non_prompt_stat_ele=3.45749, non_prompt_stat_muon=1.7333, others_stat_ele=4.11783, others_stat_muon=0.495766, others_xs=2.68895, param=0.0437344, pdf_ele=3.23179, pdf_muon=2.42433, photon_id=5.02227, pileup=1.66346, scale_ele=6.33556, scale_muon=4.29686
RooProdPdf::model_s[ modelObs_s * nuisancePdf ]
     getLogVal() top-level p.d.f evaluates to zero @ !pdfs=(modelObs_s = 0/1,nuisancePdf = 1)

[#0] WARNING:Minization -- RooMinimizerFcn: Minimized function has error status.
Returning maximum FCN so far (830.868) to force MIGRAD to back out of this region. Error log follows
Parameter values: JER_ele=2.17832, JER_muon=0.246191, JES_ele=3.03819, JES_muon=1.86189, QCD_stat_ele=6.92409, QCD_stat_muon=2.93172, VBS_stat_ele=2.12087, VBS_stat_muon=1.57477, ele_efficiency=-0.0106961, ele_trigger=2.58667, fakephoton_ele=6.55838, fakephoton_muon=0.798889, interference=1.26934, lumi=2.74879, mu_efficiency=-0.281061, mu_trigger=0.621728, non_prompt_stat_ele=4.11431, non_prompt_stat_muon=1.75453, others_stat_ele=3.94387, others_stat_muon=0.459134, others_xs=2.57649, param=0.0192391, pdf_ele=3.04576, pdf_muon=2.37796, photon_id=4.85693, pileup=1.66532, scale_ele=6.15196, scale_muon=4.22493
RooProdPdf::model_s[ modelObs_s * nuisancePdf ]
     getLogVal() top-level p.d.f evaluates to zero @ !pdfs=(modelObs_s = 0/1,nuisancePdf = 1)

[#0] WARNING:Minization -- RooMinimizerFcn: Minimized function has error status.
Returning maximum FCN so far (830.868) to force MIGRAD to back out of this region. Error log follows
Parameter values: JER_ele=2.15487, JER_muon=0.227491, JES_ele=3.01014, JES_muon=1.83785, QCD_stat_ele=6.90485, QCD_stat_muon=2.96448, VBS_stat_ele=2.05647, VBS_stat_muon=1.48125, ele_efficiency=-0.0200856, ele_trigger=2.56082, fakephoton_ele=6.6374, fakephoton_muon=0.76697, interference=1.23583, lumi=2.71849, mu_efficiency=-0.289259, mu_trigger=0.593596, non_prompt_stat_ele=4.35885, non_prompt_stat_muon=1.68044, others_stat_ele=3.89381, others_stat_muon=0.450752, others_xs=2.55709, param=0.00355308, pdf_ele=2.99184, pdf_muon=2.33452, photon_id=4.79569, pileup=1.65656, scale_ele=6.08462, scale_muon=4.16194
RooProdPdf::model_s[ modelObs_s * nuisancePdf ]
     getLogVal() top-level p.d.f evaluates to zero @ !pdfs=(modelObs_s = 0/1,nuisancePdf = 1)

[#0] WARNING:Minization -- RooMinimizerFcn: Minimized function has error status.
Returning maximum FCN so far (830.868) to force MIGRAD to back out of this region. Error log follows
Parameter values: JER_ele=2.24685, JER_muon=0.280869, JES_ele=3.14835, JES_muon=1.93047, QCD_stat_ele=6.96642, QCD_stat_muon=3.13543, VBS_stat_ele=2.19254, VBS_stat_muon=1.58606, ele_efficiency=0.0110545, ele_trigger=2.67557, fakephoton_ele=6.41414, fakephoton_muon=0.817282, interference=1.30083, lumi=2.81402, mu_efficiency=-0.270374, mu_trigger=0.667914, non_prompt_stat_ele=3.69828, non_prompt_stat_muon=1.7988, others_stat_ele=4.06882, others_stat_muon=0.51645, others_xs=2.6725, param=0.00648061, pdf_ele=3.1761, pdf_muon=2.46132, photon_id=5.00689, pileup=1.66602, scale_ele=6.28559, scale_muon=4.38118
RooProdPdf::model_s[ modelObs_s * nuisancePdf ]
     getLogVal() top-level p.d.f evaluates to zero @ !pdfs=(modelObs_s = 0/1,nuisancePdf = 1)

[#0] WARNING:Minization -- RooMinimizerFcn: Minimized function has error status.
Returning maximum FCN so far (830.868) to force MIGRAD to back out of this region. Error log follows
Parameter values: JER_ele=2.15261, JER_muon=0.238907, JES_ele=3.00602, JES_muon=1.85497, QCD_stat_ele=6.90151, QCD_stat_muon=3.00299, VBS_stat_ele=2.06003, VBS_stat_muon=1.50722, ele_efficiency=-0.0212359, ele_trigger=2.55771, fakephoton_ele=6.63406, fakephoton_muon=0.774377, interference=1.24591, lumi=2.72533, mu_efficiency=-0.285988, mu_trigger=0.60716, non_prompt_stat_ele=4.34569, non_prompt_stat_muon=1.69811, others_stat_ele=3.8853, others_stat_muon=0.461731, others_xs=2.56034, param=0.00637545, pdf_ele=2.98686, pdf_muon=2.36036, photon_id=4.807, pileup=1.65585, scale_ele=6.07509, scale_muon=4.20022
RooProdPdf::model_s[ modelObs_s * nuisancePdf ]
     getLogVal() top-level p.d.f evaluates to zero @ !pdfs=(modelObs_s = 0/1,nuisancePdf = 1)

[#0] WARNING:Minization -- RooMinimizerFcn: Minimized function has error status.
Returning maximum FCN so far (830.868) to force MIGRAD to back out of this region. Error log follows
Parameter values: JER_ele=2.22114, JER_muon=0.265039, JES_ele=3.11049, JES_muon=1.90246, QCD_stat_ele=6.95212, QCD_stat_muon=3.09347, VBS_stat_ele=2.15291, VBS_stat_muon=1.55148, ele_efficiency=0.00202341, ele_trigger=2.6438, fakephoton_ele=6.48912, fakephoton_muon=0.799183, interference=1.28078, lumi=2.78663, mu_efficiency=-0.276466, mu_trigger=0.64461, non_prompt_stat_ele=3.90981, non_prompt_stat_muon=1.75645, others_stat_ele=4.01821, others_stat_muon=0.497226, others_xs=2.64023, param=0.00954581, pdf_ele=3.12361, pdf_muon=2.42309, photon_id=4.94621, pileup=1.66223, scale_ele=6.22821, scale_muon=4.31383
RooProdPdf::model_s[ modelObs_s * nuisancePdf ]
     getLogVal() top-level p.d.f evaluates to zero @ !pdfs=(modelObs_s = 0/1,nuisancePdf = 1)

[#0] WARNING:Minization -- RooMinimizerFcn: Minimized function has error status.
Returning maximum FCN so far (830.868) to force MIGRAD to back out of this region. Error log follows
Parameter values: JER_ele=2.17056, JER_muon=0.245125, JES_ele=3.03313, JES_muon=1.8654, QCD_stat_ele=6.91616, QCD_stat_muon=3.01773, VBS_stat_ele=2.08639, VBS_stat_muon=1.52231, ele_efficiency=-0.015118, ele_trigger=2.58019, fakephoton_ele=6.5962, fakephoton_muon=0.780594, interference=1.2555, lumi=2.74141, mu_efficiency=-0.28377, mu_trigger=0.615795, non_prompt_stat_ele=4.22694, non_prompt_stat_muon=1.71274, others_stat_ele=3.92008, others_stat_muon=0.468782, others_xs=2.57994, param=0.0104386, pdf_ele=3.02316, pdf_muon=2.37507, photon_id=4.84248, pileup=1.65756, scale_ele=6.11687, scale_muon=4.22515
RooProdPdf::model_s[ modelObs_s * nuisancePdf ]
     getLogVal() top-level p.d.f evaluates to zero @ !pdfs=(modelObs_s = 0/1,nuisancePdf = 1)

[#0] WARNING:Minization -- RooMinimizerFcn: Minimized function has error status.
Returning maximum FCN so far (830.868) to force MIGRAD to back out of this region. Error log follows
Parameter values: JER_ele=2.20878, JER_muon=0.259704, JES_ele=3.09159, JES_muon=1.89199, QCD_stat_ele=6.9443, QCD_stat_muon=3.07308, VBS_stat_ele=2.13691, VBS_stat_muon=1.54427, ele_efficiency=-0.00220062, ele_trigger=2.62822, fakephoton_ele=6.51801, fakephoton_muon=0.793484, interference=1.27426, lumi=2.77523, mu_efficiency=-0.278511, mu_trigger=0.636574, non_prompt_stat_ele=3.99339, non_prompt_stat_muon=1.74305, others_stat_ele=3.99395, others_stat_muon=0.489275, others_xs=2.62484, param=0.013561, pdf_ele=3.09904, pdf_muon=2.40983, photon_id=4.91994, pileup=1.66101, scale_ele=6.20123, scale_muon=4.28869
RooProdPdf::model_s[ modelObs_s * nuisancePdf ]
     getLogVal() top-level p.d.f evaluates to zero @ !pdfs=(modelObs_s = 0/1,nuisancePdf = 1)

[#0] WARNING:Minization -- RooMinimizerFcn: Minimized function has error status.
Returning maximum FCN so far (830.868) to force MIGRAD to back out of this region. Error log follows
Parameter values: JER_ele=2.1809, JER_muon=0.249421, JES_ele=3.04886, JES_muon=1.87264, QCD_stat_ele=6.92417, QCD_stat_muon=3.03151, VBS_stat_ele=2.10102, VBS_stat_muon=1.53079, ele_efficiency=-0.0116259, ele_trigger=2.59315, fakephoton_ele=6.57568, fakephoton_muon=0.784165, interference=1.26127, lumi=2.75096, mu_efficiency=-0.282286, mu_trigger=0.621651, non_prompt_stat_ele=4.16439, non_prompt_stat_muon=1.72114, others_stat_ele=3.93988, others_stat_muon=0.474067, others_xs=2.59186, param=0.0152088, pdf_ele=3.04385, pdf_muon=2.38504, photon_id=4.86378, pileup=1.65852, scale_ele=6.14008, scale_muon=4.24236
RooProdPdf::model_s[ modelObs_s * nuisancePdf ]
     getLogVal() top-level p.d.f evaluates to zero @ !pdfs=(modelObs_s = 0/1,nuisancePdf = 1)

[#0] WARNING:Minization -- RooMinimizerFcn: Minimized function has error status.
Returning maximum FCN so far (830.868) to force MIGRAD to back out of this region. Error log follows
Parameter values: JER_ele=2.19572, JER_muon=0.252902, JES_ele=3.0718, JES_muon=1.87887, QCD_stat_ele=6.93521, QCD_stat_muon=3.04904, VBS_stat_ele=2.11946, VBS_stat_muon=1.53381, ele_efficiency=-0.00673889, ele_trigger=2.61187, fakephoton_ele=6.54858, fakephoton_muon=0.785846, interference=1.26616, lumi=2.76248, mu_efficiency=-0.2812, mu_trigger=0.626184, non_prompt_stat_ele=4.08343, non_prompt_stat_muon=1.72514, others_stat_ele=3.96784, others_stat_muon=0.479482, others_xs=2.60808, param=0.0181956, pdf_ele=3.07274, pdf_muon=2.39301, photon_id=4.89011, pileup=1.65933, scale_ele=6.17148, scale_muon=4.25671
RooProdPdf::model_s[ modelObs_s * nuisancePdf ]
     getLogVal() top-level p.d.f evaluates to zero @ !pdfs=(modelObs_s = 0/1,nuisancePdf = 1)

[#0] WARNING:Minization -- RooMinimizerFcn: Minimized function has error status.
Returning maximum FCN so far (490.253) to force MIGRAD to back out of this region. Error log follows
Parameter values: JER_ele=1.59477, JER_muon=1.19747, JES_ele=5.77369, JES_muon=-1.98228, QCD_stat_ele=-0.825393, QCD_stat_muon=1.17052, VBS_stat_ele=4.06432, VBS_stat_muon=-5.36863, ele_efficiency=-6.81893, ele_trigger=1.61768, fakephoton_ele=5.73311, fakephoton_muon=-0.50127, interference=-6.16693, lumi=2.75272, mu_efficiency=6.79536, mu_trigger=-6.98739, non_prompt_stat_ele=6.99447, non_prompt_stat_muon=-0.230309, others_stat_ele=2.19988, others_stat_muon=5.60548, others_xs=6.85388, param=2.44962, pdf_ele=3.28296, pdf_muon=1.30399, photon_id=6.91221, pileup=3.44072, scale_ele=6.78497, scale_muon=5.39204
RooProdPdf::model_s[ modelObs_s * nuisancePdf ]
     getLogVal() top-level p.d.f evaluates to zero @ !pdfs=(modelObs_s = 0/1,nuisancePdf = 1)


 -- Hybrid New -- 
CLs = 0.0337838 +/- 0.00865786
Done in 8.41 min (cpu), 8.43 min (real)
