 <<< Combine >>> 
>>> including systematics
>>> using the Profile Likelihood test statistics modified for upper limits (Q_LHC)
>>> method used is HybridNew
>>> Used OpenSSL to get a really random seed 337518923
Computing results starting from observation (a-posteriori)
[#0] WARNING:Minization -- RooMinimizerFcn: Minimized function has error status.
Returning maximum FCN so far (641.523) to force MIGRAD to back out of this region. Error log follows
Parameter values: JER_ele=-2.05409, JER_muon=6.99018, JES_ele=-1.94194, JES_muon=-5.0542, QCD_stat_ele=6.979, QCD_stat_muon=5.78972, VBS_stat_ele=4.94047, VBS_stat_muon=5.89739, ele_efficiency=-0.649047, ele_trigger=5.82483, fakephoton_ele=6.90845, fakephoton_muon=-5.16583, interference=-5.11583, lumi=0.54906, mu_efficiency=-6.51996, mu_trigger=-2.76675, non_prompt_stat_ele=2.12586, non_prompt_stat_muon=4.05897, others_stat_ele=4.7585, others_stat_muon=6.54096, others_xs=6.96115, param=6.02486, pdf_ele=-2.4544, pdf_muon=-0.253738, photon_id=6.96228, pileup=-6.86714, scale_ele=4.67205, scale_muon=-0.414083
RooProdPdf::model_s[ modelObs_s * nuisancePdf ]
     getLogVal() top-level p.d.f evaluates to zero @ !pdfs=(modelObs_s = 0/1,nuisancePdf = 1)

[#0] WARNING:Minization -- RooMinimizerFcn: Minimized function has error status.
Returning maximum FCN so far (830.085) to force MIGRAD to back out of this region. Error log follows
Parameter values: JER_ele=1.24054, JER_muon=2.67446, JES_ele=1.70325, JES_muon=5.39874, QCD_stat_ele=-0.369047, QCD_stat_muon=3.75413, VBS_stat_ele=-0.510068, VBS_stat_muon=5.21347, ele_efficiency=-0.0730839, ele_trigger=1.37698, fakephoton_ele=-0.194847, fakephoton_muon=4.32653, interference=2.92208, lumi=3.52082, mu_efficiency=-0.206135, mu_trigger=6.20226, non_prompt_stat_ele=1.29014, non_prompt_stat_muon=6.75061, others_stat_ele=1.52211, others_stat_muon=6.87727, others_xs=6.46619, param=11.8869, pdf_ele=-0.164597, pdf_muon=6.98871, photon_id=6.95038, pileup=0.0210377, scale_ele=2.55493, scale_muon=0.70142
RooProdPdf::model_s[ modelObs_s * nuisancePdf ]
     getLogVal() top-level p.d.f evaluates to zero @ !pdfs=(modelObs_s = 0/1,nuisancePdf = 1)

[#0] WARNING:Minization -- RooMinimizerFcn: Minimized function has error status.
Returning maximum FCN so far (830.085) to force MIGRAD to back out of this region. Error log follows
Parameter values: JER_ele=1.12117, JER_muon=1.91367, JES_ele=1.49296, JES_muon=4.37922, QCD_stat_ele=-0.775506, QCD_stat_muon=5.99382, VBS_stat_ele=-0.703746, VBS_stat_muon=4.38304, ele_efficiency=-0.114994, ele_trigger=1.2139, fakephoton_ele=-0.47392, fakephoton_muon=3.57876, interference=2.35749, lumi=2.85468, mu_efficiency=-0.483836, mu_trigger=5.59095, non_prompt_stat_ele=0.921091, non_prompt_stat_muon=6.99298, others_stat_ele=1.1961, others_stat_muon=6.97714, others_xs=5.94237, param=11.8834, pdf_ele=-0.420668, pdf_muon=6.84333, photon_id=6.9034, pileup=-0.0470509, scale_ele=1.97425, scale_muon=4.35428
RooProdPdf::model_s[ modelObs_s * nuisancePdf ]
     getLogVal() top-level p.d.f evaluates to zero @ !pdfs=(modelObs_s = 0/1,nuisancePdf = 1)

[#0] WARNING:Minization -- RooMinimizerFcn: Minimized function has error status.
Returning maximum FCN so far (830.085) to force MIGRAD to back out of this region. Error log follows
Parameter values: JER_ele=1.02041, JER_muon=1.25328, JES_ele=1.31482, JES_muon=3.37716, QCD_stat_ele=-1.11562, QCD_stat_muon=6.91714, VBS_stat_ele=-0.866406, VBS_stat_muon=3.59239, ele_efficiency=-0.150274, ele_trigger=1.07607, fakephoton_ele=-0.708291, fakephoton_muon=2.90231, interference=1.86825, lumi=2.26838, mu_efficiency=-0.716995, mu_trigger=4.95997, non_prompt_stat_ele=0.608307, non_prompt_stat_muon=6.67095, others_stat_ele=0.919512, others_stat_muon=6.67332, others_xs=5.37744, param=11.8804, pdf_ele=-0.635826, pdf_muon=6.33865, photon_id=6.42929, pileup=-0.104356, scale_ele=1.47345, scale_muon=6.39478
RooProdPdf::model_s[ modelObs_s * nuisancePdf ]
     getLogVal() top-level p.d.f evaluates to zero @ !pdfs=(modelObs_s = 0/1,nuisancePdf = 1)

[#0] WARNING:Minization -- RooMinimizerFcn: Minimized function has error status.
Returning maximum FCN so far (830.085) to force MIGRAD to back out of this region. Error log follows
Parameter values: JER_ele=0.934876, JER_muon=0.68432, JES_ele=1.16318, JES_muon=2.44848, QCD_stat_ele=-1.40167, QCD_stat_muon=6.89262, VBS_stat_ele=-1.00388, VBS_stat_muon=2.86866, ele_efficiency=-0.180164, ele_trigger=0.958952, fakephoton_ele=-0.906252, fakephoton_muon=2.30185, interference=1.44579, lumi=1.75706, mu_efficiency=-0.913924, mu_trigger=4.3514, non_prompt_stat_ele=0.342271, non_prompt_stat_muon=6.03723, others_stat_ele=0.683998, others_stat_muon=6.1495, others_xs=4.81846, param=11.8778, pdf_ele=-0.817666, pdf_muon=5.65681, photon_id=5.73685, pileup=-0.152903, scale_ele=1.04274, scale_muon=6.99952
RooProdPdf::model_s[ modelObs_s * nuisancePdf ]
     getLogVal() top-level p.d.f evaluates to zero @ !pdfs=(modelObs_s = 0/1,nuisancePdf = 1)


 -- Hybrid New -- 
CLs = 0.236239 +/- 0.0222655
Done in 7.63 min (cpu), 7.64 min (real)
