 <<< Combine >>> 
>>> including systematics
>>> using the Profile Likelihood test statistics modified for upper limits (Q_LHC)
>>> method used is HybridNew
>>> Used OpenSSL to get a really random seed 1094132857
Computing results starting from observation (a-posteriori)
[#0] WARNING:Minization -- RooMinimizerFcn: Minimized function has error status.
Returning maximum FCN so far (40.0361) to force MIGRAD to back out of this region. Error log follows
Parameter values: JER_ele=3.39459, JER_muon=-0.0263374, JES_ele=5.19267, JES_muon=5.4806, QCD_stat_ele=3.24855, QCD_stat_muon=6.53901, VBS_stat_ele=3.47758, VBS_stat_muon=-0.281981, ele_efficiency=6.02765, ele_trigger=2.8824, fakephoton_ele=4.88022, fakephoton_muon=1.00268, interference=6.75748, lumi=6.23779, mu_efficiency=4.45099, mu_trigger=4.33012, non_prompt_stat_ele=3.8263, non_prompt_stat_muon=2.91884, others_stat_ele=-0.486066, others_stat_muon=6.77104, others_xs=6.2554, param=2.81103, pdf_ele=5.40722, pdf_muon=-3.69532, photon_id=6.88006, pileup=-3.76132, scale_ele=1.91969, scale_muon=3.16539
RooProdPdf::model_s[ modelObs_s * nuisancePdf ]
     getLogVal() top-level p.d.f evaluates to zero @ !pdfs=(modelObs_s = 0/1,nuisancePdf = 1)

[#0] WARNING:Minization -- RooMinimizerFcn: Minimized function has error status.
Returning maximum FCN so far (41.8698) to force MIGRAD to back out of this region. Error log follows
Parameter values: JER_ele=3.99158, JER_muon=2.2375, JES_ele=3.02638, JES_muon=-3.99074, QCD_stat_ele=2.43639, QCD_stat_muon=5.81083, VBS_stat_ele=3.89175, VBS_stat_muon=-1.61648, ele_efficiency=6.99934, ele_trigger=-4.89334, fakephoton_ele=4.76105, fakephoton_muon=-1.72204, interference=3.18839, lumi=0.650631, mu_efficiency=1.58853, mu_trigger=0.294012, non_prompt_stat_ele=3.57112, non_prompt_stat_muon=4.00273, others_stat_ele=-0.128532, others_stat_muon=5.01114, others_xs=6.97333, param=1.34967, pdf_ele=-2.43526, pdf_muon=5.68396, photon_id=6.39598, pileup=-5.24719, scale_ele=3.69774, scale_muon=6.87631
RooProdPdf::model_s[ modelObs_s * nuisancePdf ]
     getLogVal() top-level p.d.f evaluates to zero @ !pdfs=(modelObs_s = 0/1,nuisancePdf = 1)

[#0] WARNING:Minization -- RooMinimizerFcn: Minimized function has error status.
Returning maximum FCN so far (38.5788) to force MIGRAD to back out of this region. Error log follows
Parameter values: JER_ele=4.96419, JER_muon=2.11029, JES_ele=3.87933, JES_muon=-0.520639, QCD_stat_ele=4.76375, QCD_stat_muon=6.09758, VBS_stat_ele=-1.44774, VBS_stat_muon=-1.99578, ele_efficiency=5.21026, ele_trigger=-2.83943, fakephoton_ele=6.23033, fakephoton_muon=5.25482, interference=-1.76141, lumi=2.4392, mu_efficiency=-0.808212, mu_trigger=-3.54736, non_prompt_stat_ele=3.49252, non_prompt_stat_muon=5.92927, others_stat_ele=3.64778, others_stat_muon=1.75365, others_xs=1.72133, param=1.9081, pdf_ele=6.18809, pdf_muon=5.59002, photon_id=6.33775, pileup=-4.428, scale_ele=-0.851925, scale_muon=6.5941
RooProdPdf::model_s[ modelObs_s * nuisancePdf ]
     getLogVal() top-level p.d.f evaluates to zero @ !pdfs=(modelObs_s = 0/1,nuisancePdf = 1)


 -- Hybrid New -- 
CLs = 0.164286 +/- 0.01945
Done in 16.13 min (cpu), 16.19 min (real)
