 <<< Combine >>> 
>>> including systematics
>>> using the Profile Likelihood test statistics modified for upper limits (Q_LHC)
>>> method used is HybridNew
>>> Used OpenSSL to get a really random seed -543414944
Computing results starting from observation (a-posteriori)
[#0] WARNING:Minization -- RooMinimizerFcn: Minimized function has error status.
Returning maximum FCN so far (282.319) to force MIGRAD to back out of this region. Error log follows
Parameter values: JER_ele=6.95646, JER_muon=-3.90685, JES_ele=-1.44052, JES_muon=-3.22171, QCD_stat_ele=2.53735, QCD_stat_muon=2.52464, VBS_stat_ele=-5.05174, VBS_stat_muon=-6.55921, ele_efficiency=-1.91899, ele_trigger=3.29268, fakephoton_ele=5.14524, fakephoton_muon=6.946, interference=-6.99784, lumi=5.6941, mu_efficiency=5.44702, mu_trigger=-1.81826, non_prompt_stat_ele=5.95611, non_prompt_stat_muon=0.861761, others_stat_ele=2.37876, others_stat_muon=2.05983, others_xs=1.99735, param=13.6465, pdf_ele=2.7123, pdf_muon=5.73948, photon_id=6.60359, pileup=0.0825626, scale_ele=6.6705, scale_muon=1.34316
RooProdPdf::model_s[ modelObs_s * nuisancePdf ]
     getLogVal() top-level p.d.f evaluates to zero @ !pdfs=(modelObs_s = 0/1,nuisancePdf = 1)

[#0] WARNING:Minization -- RooMinimizerFcn: Minimized function has error status.
Returning maximum FCN so far (282.319) to force MIGRAD to back out of this region. Error log follows
Parameter values: JER_ele=2.01239, JER_muon=4.29887, JES_ele=-0.866484, JES_muon=-1.69231, QCD_stat_ele=6.47628, QCD_stat_muon=4.47008, VBS_stat_ele=-2.49611, VBS_stat_muon=5.9926, ele_efficiency=-1.21969, ele_trigger=0.316329, fakephoton_ele=2.98298, fakephoton_muon=2.99342, interference=6.12594, lumi=2.40447, mu_efficiency=1.12661, mu_trigger=6.85171, non_prompt_stat_ele=6.88691, non_prompt_stat_muon=0.267134, others_stat_ele=3.64378, others_stat_muon=6.76511, others_xs=-0.541742, param=10.3688, pdf_ele=-0.0775493, pdf_muon=6.80591, photon_id=1.11411, pileup=-0.631911, scale_ele=1.61805, scale_muon=2.75841
RooProdPdf::model_s[ modelObs_s * nuisancePdf ]
     getLogVal() top-level p.d.f evaluates to zero @ !pdfs=(modelObs_s = 0/1,nuisancePdf = 1)

[#0] WARNING:Minization -- RooMinimizerFcn: Minimized function has error status.
Returning maximum FCN so far (515.024) to force MIGRAD to back out of this region. Error log follows
Parameter values: JER_ele=0.79056, JER_muon=-0.504425, JES_ele=0.382575, JES_muon=-1.59493, QCD_stat_ele=2.78964, QCD_stat_muon=-0.411856, VBS_stat_ele=-1.36233, VBS_stat_muon=-0.582512, ele_efficiency=-0.842535, ele_trigger=0.481273, fakephoton_ele=4.77372, fakephoton_muon=1.0292, interference=1.61706, lumi=-0.210676, mu_efficiency=-0.0911817, mu_trigger=1.99536, non_prompt_stat_ele=5.81054, non_prompt_stat_muon=0.132885, others_stat_ele=1.59801, others_stat_muon=0.498273, others_xs=-0.639334, param=10.7843, pdf_ele=0.753692, pdf_muon=1.67326, photon_id=-0.897143, pileup=-0.760882, scale_ele=2.29986, scale_muon=-1.89325
RooProdPdf::model_s[ modelObs_s * nuisancePdf ]
     getLogVal() top-level p.d.f evaluates to zero @ !pdfs=(modelObs_s = 0/1,nuisancePdf = 1)

[#0] WARNING:Minization -- RooMinimizerFcn: Minimized function has error status.
Returning maximum FCN so far (515.024) to force MIGRAD to back out of this region. Error log follows
Parameter values: JER_ele=1.15496, JER_muon=-0.287977, JES_ele=0.841702, JES_muon=-1.34044, QCD_stat_ele=3.9182, QCD_stat_muon=0.368421, VBS_stat_ele=-0.528702, VBS_stat_muon=-0.027206, ele_efficiency=-0.746549, ele_trigger=0.877709, fakephoton_ele=6.16731, fakephoton_muon=1.0934, interference=1.81421, lumi=0.155547, mu_efficiency=-0.034992, mu_trigger=2.11111, non_prompt_stat_ele=6.94218, non_prompt_stat_muon=0.149126, others_stat_ele=2.32334, others_stat_muon=0.775134, others_xs=-0.275434, param=10.8297, pdf_ele=1.42281, pdf_muon=1.99507, photon_id=0.0833796, pileup=-0.731147, scale_ele=3.56636, scale_muon=-1.19739
RooProdPdf::model_s[ modelObs_s * nuisancePdf ]
     getLogVal() top-level p.d.f evaluates to zero @ !pdfs=(modelObs_s = 0/1,nuisancePdf = 1)

[#0] WARNING:Minization -- RooMinimizerFcn: Minimized function has error status.
Returning maximum FCN so far (515.024) to force MIGRAD to back out of this region. Error log follows
Parameter values: JER_ele=1.62667, JER_muon=-0.173732, JES_ele=1.58501, JES_muon=-1.15132, QCD_stat_ele=5.50375, QCD_stat_muon=0.842928, VBS_stat_ele=0.212772, VBS_stat_muon=0.161003, ele_efficiency=-0.596134, ele_trigger=1.48086, fakephoton_ele=6.99915, fakephoton_muon=1.19491, interference=1.97125, lumi=0.5513, mu_efficiency=0.0035208, mu_trigger=2.23211, non_prompt_stat_ele=5.99244, non_prompt_stat_muon=0.390784, others_stat_ele=3.26778, others_stat_muon=0.946794, others_xs=0.217557, param=10.8806, pdf_ele=2.42304, pdf_muon=2.22644, photon_id=1.17149, pileup=-0.69325, scale_ele=5.29498, scale_muon=-0.657777
RooProdPdf::model_s[ modelObs_s * nuisancePdf ]
     getLogVal() top-level p.d.f evaluates to zero @ !pdfs=(modelObs_s = 0/1,nuisancePdf = 1)

[#0] WARNING:Minization -- RooMinimizerFcn: Minimized function has error status.
Returning maximum FCN so far (515.024) to force MIGRAD to back out of this region. Error log follows
Parameter values: JER_ele=1.6697, JER_muon=-0.0452242, JES_ele=1.64946, JES_muon=-0.938845, QCD_stat_ele=5.58717, QCD_stat_muon=1.38902, VBS_stat_ele=0.319585, VBS_stat_muon=0.35783, ele_efficiency=-0.58379, ele_trigger=1.53267, fakephoton_ele=6.99851, fakephoton_muon=1.31555, interference=2.06889, lumi=0.670195, mu_efficiency=0.0473748, mu_trigger=2.37687, non_prompt_stat_ele=5.97302, non_prompt_stat_muon=0.687872, others_stat_ele=3.35231, others_stat_muon=1.14021, others_xs=0.350553, param=10.7396, pdf_ele=2.5063, pdf_muon=2.48847, photon_id=1.48377, pileup=-0.6823, scale_ele=5.41961, scale_muon=-0.033751
RooProdPdf::model_s[ modelObs_s * nuisancePdf ]
     getLogVal() top-level p.d.f evaluates to zero @ !pdfs=(modelObs_s = 0/1,nuisancePdf = 1)

[#0] WARNING:Minization -- RooMinimizerFcn: Minimized function has error status.
Returning maximum FCN so far (515.024) to force MIGRAD to back out of this region. Error log follows
Parameter values: JER_ele=1.77874, JER_muon=-0.303515, JES_ele=1.82977, JES_muon=-1.37145, QCD_stat_ele=5.98785, QCD_stat_muon=0.289404, VBS_stat_ele=0.363418, VBS_stat_muon=-0.0360931, ele_efficiency=-0.54414, ele_trigger=1.68294, fakephoton_ele=6.7679, fakephoton_muon=1.07192, interference=1.90622, lumi=0.561415, mu_efficiency=-0.0411758, mu_trigger=2.08891, non_prompt_stat_ele=4.53351, non_prompt_stat_muon=0.0892634, others_stat_ele=3.56466, others_stat_muon=0.750894, others_xs=0.259682, param=10.6802, pdf_ele=2.7524, pdf_muon=1.95864, photon_id=1.21748, pileup=-0.691557, scale_ele=5.76766, scale_muon=-1.28856
RooProdPdf::model_s[ modelObs_s * nuisancePdf ]
     getLogVal() top-level p.d.f evaluates to zero @ !pdfs=(modelObs_s = 0/1,nuisancePdf = 1)

[#0] WARNING:Minization -- RooMinimizerFcn: Minimized function has error status.
Returning maximum FCN so far (515.024) to force MIGRAD to back out of this region. Error log follows
Parameter values: JER_ele=1.79388, JER_muon=0.0136876, JES_ele=1.84525, JES_muon=-0.836718, QCD_stat_ele=5.91302, QCD_stat_muon=1.6398, VBS_stat_ele=0.521288, VBS_stat_muon=0.442142, ele_efficiency=-0.542855, ele_trigger=1.69299, fakephoton_ele=6.92582, fakephoton_muon=1.37257, interference=2.12961, lumi=0.796558, mu_efficiency=0.0677757, mu_trigger=2.44312, non_prompt_stat_ele=5.29344, non_prompt_stat_muon=0.831685, others_stat_ele=3.59577, others_stat_muon=1.22855, others_xs=0.510619, param=10.9405, pdf_ele=2.76522, pdf_muon=2.60803, photon_id=1.8247, pileup=-0.670008, scale_ele=5.78158, scale_muon=0.255424
RooProdPdf::model_s[ modelObs_s * nuisancePdf ]
     getLogVal() top-level p.d.f evaluates to zero @ !pdfs=(modelObs_s = 0/1,nuisancePdf = 1)

[#0] WARNING:Minization -- RooMinimizerFcn: Minimized function has error status.
Returning maximum FCN so far (515.024) to force MIGRAD to back out of this region. Error log follows
Parameter values: JER_ele=1.8413, JER_muon=-0.0710396, JES_ele=1.92468, JES_muon=-0.978655, QCD_stat_ele=6.0642, QCD_stat_muon=1.2816, VBS_stat_ele=0.551701, VBS_stat_muon=0.314022, ele_efficiency=-0.526085, ele_trigger=1.75728, fakephoton_ele=6.78232, fakephoton_muon=1.29227, interference=2.07804, lumi=0.768748, mu_efficiency=0.0387296, mu_trigger=2.34896, non_prompt_stat_ele=4.60689, non_prompt_stat_muon=0.63371, others_stat_ele=3.68343, others_stat_muon=1.10166, others_xs=0.48906, param=10.9423, pdf_ele=2.87006, pdf_muon=2.437, photon_id=1.75893, pileup=-0.672223, scale_ele=5.9208, scale_muon=-0.160403
RooProdPdf::model_s[ modelObs_s * nuisancePdf ]
     getLogVal() top-level p.d.f evaluates to zero @ !pdfs=(modelObs_s = 0/1,nuisancePdf = 1)

[#0] WARNING:Minization -- RooMinimizerFcn: Minimized function has error status.
Returning maximum FCN so far (515.024) to force MIGRAD to back out of this region. Error log follows
Parameter values: JER_ele=1.91547, JER_muon=-0.0863982, JES_ele=2.0435, JES_muon=-1.00427, QCD_stat_ele=6.23875, QCD_stat_muon=1.21523, VBS_stat_ele=0.653231, VBS_stat_muon=0.290819, ele_efficiency=-0.501585, ele_trigger=1.85336, fakephoton_ele=6.60173, fakephoton_muon=1.27738, interference=2.07956, lumi=0.808473, mu_efficiency=0.0334503, mu_trigger=2.33218, non_prompt_stat_ele=3.95978, non_prompt_stat_muon=0.5965, others_stat_ele=3.82228, others_stat_muon=1.07955, others_xs=0.542719, param=10.95, pdf_ele=3.02371, pdf_muon=2.40608, photon_id=1.86477, pileup=-0.668286, scale_ele=6.10995, scale_muon=-0.235683
RooProdPdf::model_s[ modelObs_s * nuisancePdf ]
     getLogVal() top-level p.d.f evaluates to zero @ !pdfs=(modelObs_s = 0/1,nuisancePdf = 1)

[#0] WARNING:Minization -- RooMinimizerFcn: Minimized function has error status.
Returning maximum FCN so far (515.024) to force MIGRAD to back out of this region. Error log follows
Parameter values: JER_ele=1.99308, JER_muon=-0.0828388, JES_ele=2.1666, JES_muon=-0.99822, QCD_stat_ele=6.40074, QCD_stat_muon=1.22974, VBS_stat_ele=0.765827, VBS_stat_muon=0.295906, ele_efficiency=-0.475929, ele_trigger=1.9535, fakephoton_ele=6.37251, fakephoton_muon=1.28055, interference=2.09488, lumi=0.863873, mu_efficiency=0.0346595, mu_trigger=2.3367, non_prompt_stat_ele=3.26864, non_prompt_stat_muon=0.604323, others_stat_ele=3.9666, others_stat_muon=1.08559, others_xs=0.614708, param=10.9591, pdf_ele=3.18241, pdf_muon=2.41363, photon_id=2.012, pileup=-0.662862, scale_ele=6.28897, scale_muon=-0.218737
RooProdPdf::model_s[ modelObs_s * nuisancePdf ]
     getLogVal() top-level p.d.f evaluates to zero @ !pdfs=(modelObs_s = 0/1,nuisancePdf = 1)

[#0] WARNING:Minization -- RooMinimizerFcn: Minimized function has error status.
Returning maximum FCN so far (796.786) to force MIGRAD to back out of this region. Error log follows
Parameter values: JER_ele=2.01184, JER_muon=-0.083494, JES_ele=2.19726, JES_muon=-0.997648, QCD_stat_ele=6.42873, QCD_stat_muon=1.22966, VBS_stat_ele=0.800258, VBS_stat_muon=0.29074, ele_efficiency=-0.469598, ele_trigger=1.97817, fakephoton_ele=6.29759, fakephoton_muon=1.28099, interference=2.09744, lumi=0.877844, mu_efficiency=0.0346381, mu_trigger=2.33668, non_prompt_stat_ele=3.05938, non_prompt_stat_muon=0.605357, others_stat_ele=4.00415, others_stat_muon=1.08646, others_xs=0.633443, param=11.0775, pdf_ele=3.22075, pdf_muon=2.41294, photon_id=2.0462, pileup=-0.661586, scale_ele=6.33079, scale_muon=-0.216452
RooProdPdf::model_s[ modelObs_s * nuisancePdf ]
     getLogVal() top-level p.d.f evaluates to zero @ !pdfs=(modelObs_s = 0/1,nuisancePdf = 1)

[#0] WARNING:Minization -- RooMinimizerFcn: Minimized function has error status.
Returning maximum FCN so far (796.786) to force MIGRAD to back out of this region. Error log follows
Parameter values: JER_ele=1.94358, JER_muon=-0.0927165, JES_ele=2.08927, JES_muon=-1.01314, QCD_stat_ele=6.29027, QCD_stat_muon=1.1909, VBS_stat_ele=0.700114, VBS_stat_muon=0.277134, ele_efficiency=-0.492191, ele_trigger=1.89016, fakephoton_ele=6.51313, fakephoton_muon=1.27241, interference=2.07973, lumi=0.82491, mu_efficiency=0.0314892, mu_trigger=2.32581, non_prompt_stat_ele=3.67798, non_prompt_stat_muon=0.583912, others_stat_ele=3.87767, others_stat_muon=1.07216, others_xs=0.565214, param=11.0727, pdf_ele=3.08162, pdf_muon=2.39392, photon_id=1.90537, pileup=-0.666767, scale_ele=6.17851, scale_muon=-0.260797
RooProdPdf::model_s[ modelObs_s * nuisancePdf ]
     getLogVal() top-level p.d.f evaluates to zero @ !pdfs=(modelObs_s = 0/1,nuisancePdf = 1)

[#0] WARNING:Minization -- RooMinimizerFcn: Minimized function has error status.
Returning maximum FCN so far (796.786) to force MIGRAD to back out of this region. Error log follows
Parameter values: JER_ele=1.87583, JER_muon=-0.101846, JES_ele=1.98185, JES_muon=-1.02847, QCD_stat_ele=6.13934, QCD_stat_muon=1.15249, VBS_stat_ele=0.60083, VBS_stat_muon=0.263663, ele_efficiency=-0.51455, ele_trigger=1.80272, fakephoton_ele=6.68882, fakephoton_muon=1.26391, interference=2.06219, lumi=0.772464, mu_efficiency=0.028372, mu_trigger=2.31504, non_prompt_stat_ele=4.25351, non_prompt_stat_muon=0.562677, others_stat_ele=3.75066, others_stat_muon=1.05801, others_xs=0.497624, param=11.068, pdf_ele=2.94241, pdf_muon=2.37506, photon_id=1.76515, pileup=-0.671895, scale_ele=6.01347, scale_muon=-0.30468
RooProdPdf::model_s[ modelObs_s * nuisancePdf ]
     getLogVal() top-level p.d.f evaluates to zero @ !pdfs=(modelObs_s = 0/1,nuisancePdf = 1)

[#0] WARNING:Minization -- RooMinimizerFcn: Minimized function has error status.
Returning maximum FCN so far (796.786) to force MIGRAD to back out of this region. Error log follows
Parameter values: JER_ele=1.80855, JER_muon=-0.110884, JES_ele=1.87498, JES_muon=-1.04365, QCD_stat_ele=5.9766, QCD_stat_muon=1.11444, VBS_stat_ele=0.502389, VBS_stat_muon=0.250323, ele_efficiency=-0.536683, ele_trigger=1.71584, fakephoton_ele=6.82487, fakephoton_muon=1.25549, interference=2.0448, lumi=0.720489, mu_efficiency=0.0252861, mu_trigger=2.30438, non_prompt_stat_ele=4.78168, non_prompt_stat_muon=0.54165, others_stat_ele=3.62316, others_stat_muon=1.04399, others_xs=0.430651, param=11.0635, pdf_ele=2.80316, pdf_muon=2.35638, photon_id=1.62556, pileup=-0.676972, scale_ele=5.83639, scale_muon=-0.348111
RooProdPdf::model_s[ modelObs_s * nuisancePdf ]
     getLogVal() top-level p.d.f evaluates to zero @ !pdfs=(modelObs_s = 0/1,nuisancePdf = 1)

[#0] WARNING:Minization -- RooMinimizerFcn: Minimized function has error status.
Returning maximum FCN so far (796.786) to force MIGRAD to back out of this region. Error log follows
Parameter values: JER_ele=1.74174, JER_muon=-0.119834, JES_ele=1.76867, JES_muon=-1.05867, QCD_stat_ele=5.80273, QCD_stat_muon=1.07672, VBS_stat_ele=0.404772, VBS_stat_muon=0.23711, ele_efficiency=-0.5586, ele_trigger=1.62952, fakephoton_ele=6.92168, fakephoton_muon=1.24715, interference=2.02757, lumi=0.668967, mu_efficiency=0.0222301, mu_trigger=2.29381, non_prompt_stat_ele=5.25881, non_prompt_stat_muon=0.520823, others_stat_ele=3.49523, others_stat_muon=1.0301, others_xs=0.364275, param=11.0589, pdf_ele=2.66392, pdf_muon=2.33786, photon_id=1.48663, pileup=-0.682001, scale_ele=5.648, scale_muon=-0.391105
RooProdPdf::model_s[ modelObs_s * nuisancePdf ]
     getLogVal() top-level p.d.f evaluates to zero @ !pdfs=(modelObs_s = 0/1,nuisancePdf = 1)

[#0] WARNING:Minization -- RooMinimizerFcn: Minimized function has error status.
Returning maximum FCN so far (796.786) to force MIGRAD to back out of this region. Error log follows
Parameter values: JER_ele=1.67538, JER_muon=-0.1287, JES_ele=1.6629, JES_muon=-1.07354, QCD_stat_ele=5.61839, QCD_stat_muon=1.03932, VBS_stat_ele=0.307961, VBS_stat_muon=0.224017, ele_efficiency=-0.58031, ele_trigger=1.54372, fakephoton_ele=6.97981, fakephoton_muon=1.23889, interference=2.01048, lumi=0.617879, mu_efficiency=0.0192028, mu_trigger=2.28334, non_prompt_stat_ele=5.68187, non_prompt_stat_muon=0.500185, others_stat_ele=3.36692, others_stat_muon=1.01634, others_xs=0.298474, param=11.0545, pdf_ele=2.52474, pdf_muon=2.31949, photon_id=1.34837, pileup=-0.686983, scale_ele=5.44899, scale_muon=-0.43368
RooProdPdf::model_s[ modelObs_s * nuisancePdf ]
     getLogVal() top-level p.d.f evaluates to zero @ !pdfs=(modelObs_s = 0/1,nuisancePdf = 1)

[#0] WARNING:Minization -- RooMinimizerFcn: Minimized function has error status.
Returning maximum FCN so far (796.786) to force MIGRAD to back out of this region. Error log follows
Parameter values: JER_ele=1.60945, JER_muon=-0.137486, JES_ele=1.55766, JES_muon=-1.08828, QCD_stat_ele=5.42419, QCD_stat_muon=1.00224, VBS_stat_ele=0.211937, VBS_stat_muon=0.21104, ele_efficiency=-0.601822, ele_trigger=1.45845, fakephoton_ele=6.99997, fakephoton_muon=1.2307, interference=1.99353, lumi=0.56721, mu_efficiency=0.016203, mu_trigger=2.27295, non_prompt_stat_ele=6.04843, non_prompt_stat_muon=0.479731, others_stat_ele=3.23826, others_stat_muon=1.00269, others_xs=0.233229, param=11.0501, pdf_ele=2.38565, pdf_muon=2.30127, photon_id=1.2108, pileup=-0.69192, scale_ele=5.24003, scale_muon=-0.475852
RooProdPdf::model_s[ modelObs_s * nuisancePdf ]
     getLogVal() top-level p.d.f evaluates to zero @ !pdfs=(modelObs_s = 0/1,nuisancePdf = 1)

[#0] WARNING:Minization -- RooMinimizerFcn: Minimized function has error status.
Returning maximum FCN so far (796.786) to force MIGRAD to back out of this region. Error log follows
Parameter values: JER_ele=1.54393, JER_muon=-0.146196, JES_ele=1.45296, JES_muon=-1.10288, QCD_stat_ele=5.22077, QCD_stat_muon=0.965448, VBS_stat_ele=0.116682, VBS_stat_muon=0.198172, ele_efficiency=-0.623145, ele_trigger=1.37368, fakephoton_ele=6.98305, fakephoton_muon=1.22259, interference=1.97671, lumi=0.516942, mu_efficiency=0.0132293, mu_trigger=2.26265, non_prompt_stat_ele=6.35663, non_prompt_stat_muon=0.459451, others_stat_ele=3.10932, others_stat_muon=0.989169, others_xs=0.168521, param=11.0458, pdf_ele=2.2467, pdf_muon=2.2832, photon_id=1.07393, pileup=-0.696815, scale_ele=5.02181, scale_muon=-0.517637
RooProdPdf::model_s[ modelObs_s * nuisancePdf ]
     getLogVal() top-level p.d.f evaluates to zero @ !pdfs=(modelObs_s = 0/1,nuisancePdf = 1)

[#0] WARNING:Minization -- RooMinimizerFcn: Minimized function has error status.
Returning maximum FCN so far (796.786) to force MIGRAD to back out of this region. Error log follows
Parameter values: JER_ele=1.47882, JER_muon=-0.154832, JES_ele=1.34879, JES_muon=-1.11735, QCD_stat_ele=5.00872, QCD_stat_muon=0.92894, VBS_stat_ele=0.0221787, VBS_stat_muon=0.18541, ele_efficiency=-0.644286, ele_trigger=1.28941, fakephoton_ele=6.93003, fakephoton_muon=1.21453, interference=1.96002, lumi=0.46706, mu_efficiency=0.0102806, mu_trigger=2.25244, non_prompt_stat_ele=6.60521, non_prompt_stat_muon=0.439337, others_stat_ele=2.98011, others_stat_muon=0.975753, others_xs=0.104329, param=11.0416, pdf_ele=2.1079, pdf_muon=2.26526, photon_id=0.93777, pileup=-0.701669, scale_ele=4.79495, scale_muon=-0.559051
RooProdPdf::model_s[ modelObs_s * nuisancePdf ]
     getLogVal() top-level p.d.f evaluates to zero @ !pdfs=(modelObs_s = 0/1,nuisancePdf = 1)

[#0] WARNING:Minization -- RooMinimizerFcn: Minimized function has error status.
Returning maximum FCN so far (796.786) to force MIGRAD to back out of this region. Error log follows
Parameter values: JER_ele=1.41409, JER_muon=-0.163398, JES_ele=1.24513, JES_muon=-1.13171, QCD_stat_ele=4.78864, QCD_stat_muon=0.892703, VBS_stat_ele=-0.0715912, VBS_stat_muon=0.172748, ele_efficiency=-0.665254, ele_trigger=1.20561, fakephoton_ele=6.84205, fakephoton_muon=1.20655, interference=1.94345, lumi=0.417547, mu_efficiency=0.0073558, mu_trigger=2.2423, non_prompt_stat_ele=6.79341, non_prompt_stat_muon=0.419383, others_stat_ele=2.85069, others_stat_muon=0.962443, others_xs=0.040636, param=11.0374, pdf_ele=1.96931, pdf_muon=2.24744, photon_id=0.802339, pileup=-0.706483, scale_ele=4.5601, scale_muon=-0.600108
RooProdPdf::model_s[ modelObs_s * nuisancePdf ]
     getLogVal() top-level p.d.f evaluates to zero @ !pdfs=(modelObs_s = 0/1,nuisancePdf = 1)

[#0] WARNING:Minization -- RooMinimizerFcn: Minimized function has error status.
Returning maximum FCN so far (796.786) to force MIGRAD to back out of this region. Error log follows
Parameter values: JER_ele=1.34973, JER_muon=-0.171898, JES_ele=1.14199, JES_muon=-1.14594, QCD_stat_ele=4.56109, QCD_stat_muon=0.856725, VBS_stat_ele=-0.164645, VBS_stat_muon=0.160182, ele_efficiency=-0.686056, ele_trigger=1.12227, fakephoton_ele=6.72033, fakephoton_muon=1.19862, interference=1.92699, lumi=0.368389, mu_efficiency=0.00445375, mu_trigger=2.23223, non_prompt_stat_ele=6.92102, non_prompt_stat_muon=0.39958, others_stat_ele=2.72109, others_stat_muon=0.949234, others_xs=-0.0225763, param=11.0333, pdf_ele=1.83093, pdf_muon=2.22975, photon_id=0.667641, pileup=-0.711261, scale_ele=4.31788, scale_muon=-0.640823
RooProdPdf::model_s[ modelObs_s * nuisancePdf ]
     getLogVal() top-level p.d.f evaluates to zero @ !pdfs=(modelObs_s = 0/1,nuisancePdf = 1)

[#0] WARNING:Minization -- RooMinimizerFcn: Minimized function has error status.
Returning maximum FCN so far (796.786) to force MIGRAD to back out of this region. Error log follows
Parameter values: JER_ele=1.28572, JER_muon=-0.180334, JES_ele=1.03935, JES_muon=-1.16007, QCD_stat_ele=4.32663, QCD_stat_muon=0.820992, VBS_stat_ele=-0.257002, VBS_stat_muon=0.147706, ele_efficiency=-0.7067, ele_trigger=1.03938, fakephoton_ele=6.5662, fakephoton_muon=1.19075, interference=1.91064, lumi=0.31957, mu_efficiency=0.00157334, mu_trigger=2.22223, non_prompt_stat_ele=6.98829, non_prompt_stat_muon=0.379921, others_stat_ele=2.59133, others_stat_muon=0.936119, others_xs=-0.0853262, param=11.0292, pdf_ele=1.69281, pdf_muon=2.21218, photon_id=0.533684, pileup=-0.716004, scale_ele=4.06886, scale_muon=-0.681211
RooProdPdf::model_s[ modelObs_s * nuisancePdf ]
     getLogVal() top-level p.d.f evaluates to zero @ !pdfs=(modelObs_s = 0/1,nuisancePdf = 1)

[#0] WARNING:Minization -- RooMinimizerFcn: Minimized function has error status.
Returning maximum FCN so far (796.786) to force MIGRAD to back out of this region. Error log follows
Parameter values: JER_ele=1.22205, JER_muon=-0.18871, JES_ele=0.937198, JES_muon=-1.17408, QCD_stat_ele=4.0858, QCD_stat_muon=0.785493, VBS_stat_ele=-0.348679, VBS_stat_muon=0.135316, ele_efficiency=-0.727193, ele_trigger=0.956923, fakephoton_ele=6.38104, fakephoton_muon=1.18293, interference=1.8944, lumi=0.271075, mu_efficiency=-0.00128653, mu_trigger=2.21231, non_prompt_stat_ele=6.99595, non_prompt_stat_muon=0.360399, others_stat_ele=2.46145, others_stat_muon=0.923096, others_xs=-0.147632, param=11.0252, pdf_ele=1.55496, pdf_muon=2.19471, photon_id=0.400472, pileup=-0.720712, scale_ele=3.81364, scale_muon=-0.721287
RooProdPdf::model_s[ modelObs_s * nuisancePdf ]
     getLogVal() top-level p.d.f evaluates to zero @ !pdfs=(modelObs_s = 0/1,nuisancePdf = 1)

[#0] WARNING:Minization -- RooMinimizerFcn: Minimized function has error status.
Returning maximum FCN so far (796.786) to force MIGRAD to back out of this region. Error log follows
Parameter values: JER_ele=1.15871, JER_muon=-0.197029, JES_ele=0.835527, JES_muon=-1.188, QCD_stat_ele=3.8391, QCD_stat_muon=0.750215, VBS_stat_ele=-0.439698, VBS_stat_muon=0.123006, ele_efficiency=-0.747543, ele_trigger=0.874883, fakephoton_ele=6.16635, fakephoton_muon=1.17517, interference=1.87825, lumi=0.222888, mu_efficiency=-0.00412699, mu_trigger=2.20244, non_prompt_stat_ele=6.94512, non_prompt_stat_muon=0.341007, others_stat_ele=2.33146, others_stat_muon=0.910158, others_xs=-0.209513, param=11.0213, pdf_ele=1.4174, pdf_muon=2.17735, photon_id=0.268006, pileup=-0.72539, scale_ele=3.55277, scale_muon=-0.761064
RooProdPdf::model_s[ modelObs_s * nuisancePdf ]
     getLogVal() top-level p.d.f evaluates to zero @ !pdfs=(modelObs_s = 0/1,nuisancePdf = 1)

[#0] WARNING:Minization -- RooMinimizerFcn: Minimized function has error status.
Returning maximum FCN so far (796.786) to force MIGRAD to back out of this region. Error log follows
Parameter values: JER_ele=1.09566, JER_muon=-0.205295, JES_ele=0.734321, JES_muon=-1.20183, QCD_stat_ele=3.58705, QCD_stat_muon=0.715145, VBS_stat_ele=-0.530079, VBS_stat_muon=0.110773, ele_efficiency=-0.767758, ele_trigger=0.793239, fakephoton_ele=5.92364, fakephoton_muon=1.16745, interference=1.86219, lumi=0.174992, mu_efficiency=-0.00694921, mu_trigger=2.19263, non_prompt_stat_ele=6.83733, non_prompt_stat_muon=0.321736, others_stat_ele=2.20138, others_stat_muon=0.897301, others_xs=-0.270989, param=11.0174, pdf_ele=1.28014, pdf_muon=2.16008, photon_id=0.136283, pileup=-0.730037, scale_ele=3.28679, scale_muon=-0.800558
RooProdPdf::model_s[ modelObs_s * nuisancePdf ]
     getLogVal() top-level p.d.f evaluates to zero @ !pdfs=(modelObs_s = 0/1,nuisancePdf = 1)

[#0] WARNING:Minization -- RooMinimizerFcn: Minimized function has error status.
Returning maximum FCN so far (796.786) to force MIGRAD to back out of this region. Error log follows
Parameter values: JER_ele=1.03291, JER_muon=-0.213511, JES_ele=0.633561, JES_muon=-1.21557, QCD_stat_ele=3.33011, QCD_stat_muon=0.68027, VBS_stat_ele=-0.619847, VBS_stat_muon=0.0986096, ele_efficiency=-0.787848, ele_trigger=0.711972, fakephoton_ele=5.6545, fakephoton_muon=1.15978, interference=1.84622, lumi=0.127369, mu_efficiency=-0.0097544, mu_trigger=2.18288, non_prompt_stat_ele=6.67445, non_prompt_stat_muon=0.302579, others_stat_ele=2.07123, others_stat_muon=0.88452, others_xs=-0.332082, param=11.0136, pdf_ele=1.14319, pdf_muon=2.1429, photon_id=0.0052943, pileup=-0.734656, scale_ele=3.0162, scale_muon=-0.839785
RooProdPdf::model_s[ modelObs_s * nuisancePdf ]
     getLogVal() top-level p.d.f evaluates to zero @ !pdfs=(modelObs_s = 0/1,nuisancePdf = 1)

[#0] WARNING:Minization -- RooMinimizerFcn: Minimized function has error status.
Returning maximum FCN so far (796.786) to force MIGRAD to back out of this region. Error log follows
Parameter values: JER_ele=0.970411, JER_muon=-0.221681, JES_ele=0.533224, JES_muon=-1.22922, QCD_stat_ele=3.06873, QCD_stat_muon=0.645574, VBS_stat_ele=-0.70903, VBS_stat_muon=0.0865105, ele_efficiency=-0.80782, ele_trigger=0.631056, fakephoton_ele=5.36052, fakephoton_muon=1.15216, interference=1.83032, lumi=0.0800005, mu_efficiency=-0.0125439, mu_trigger=2.17318, non_prompt_stat_ele=6.45867, non_prompt_stat_muon=0.283526, others_stat_ele=1.94101, others_stat_muon=0.871808, others_xs=-0.392816, param=11.0098, pdf_ele=1.00655, pdf_muon=2.12581, photon_id=-0.124973, pileup=-0.73925, scale_ele=2.7415, scale_muon=-0.878762
RooProdPdf::model_s[ modelObs_s * nuisancePdf ]
     getLogVal() top-level p.d.f evaluates to zero @ !pdfs=(modelObs_s = 0/1,nuisancePdf = 1)

[#0] WARNING:Minization -- RooMinimizerFcn: Minimized function has error status.
Returning maximum FCN so far (796.786) to force MIGRAD to back out of this region. Error log follows
Parameter values: JER_ele=0.908154, JER_muon=-0.229809, JES_ele=0.433283, JES_muon=-1.24281, QCD_stat_ele=2.80334, QCD_stat_muon=0.61104, VBS_stat_ele=-0.797659, VBS_stat_muon=0.0744688, ele_efficiency=-0.827685, ele_trigger=0.550463, fakephoton_ele=5.04333, fakephoton_muon=1.14457, interference=1.81449, lumi=0.0328636, mu_efficiency=-0.0153191, mu_trigger=2.16352, non_prompt_stat_ele=6.19243, non_prompt_stat_muon=0.264568, others_stat_ele=1.81072, others_stat_muon=0.859159, others_xs=-0.453217, param=11.0061, pdf_ele=0.870207, pdf_muon=2.10879, photon_id=-0.254542, pileup=-0.74382, scale_ele=2.46314, scale_muon=-0.917508
RooProdPdf::model_s[ modelObs_s * nuisancePdf ]
     getLogVal() top-level p.d.f evaluates to zero @ !pdfs=(modelObs_s = 0/1,nuisancePdf = 1)

[#0] WARNING:Minization -- RooMinimizerFcn: Minimized function has error status.
Returning maximum FCN so far (796.786) to force MIGRAD to back out of this region. Error log follows
Parameter values: JER_ele=0.846103, JER_muon=-0.237901, JES_ele=0.3337, JES_muon=-1.25632, QCD_stat_ele=2.5343, QCD_stat_muon=0.576648, VBS_stat_ele=-0.885775, VBS_stat_muon=0.0624766, ele_efficiency=-0.847455, ele_trigger=0.470158, fakephoton_ele=4.70452, fakephoton_muon=1.13701, interference=1.79872, lumi=-0.0140673, mu_efficiency=-0.0180818, mu_trigger=2.1539, non_prompt_stat_ele=5.8784, non_prompt_stat_muon=0.245692, others_stat_ele=1.68033, others_stat_muon=0.846567, others_xs=-0.513317, param=11.0024, pdf_ele=0.734141, pdf_muon=2.09183, photon_id=-0.383445, pileup=-0.74837, scale_ele=2.18154, scale_muon=-0.956043
RooProdPdf::model_s[ modelObs_s * nuisancePdf ]
     getLogVal() top-level p.d.f evaluates to zero @ !pdfs=(modelObs_s = 0/1,nuisancePdf = 1)

[#0] WARNING:Minization -- RooMinimizerFcn: Minimized function has error status.
Returning maximum FCN so far (796.786) to force MIGRAD to back out of this region. Error log follows
Parameter values: JER_ele=0.784222, JER_muon=-0.245962, JES_ele=0.234426, JES_muon=-1.26979, QCD_stat_ele=2.26196, QCD_stat_muon=0.542377, VBS_stat_ele=-0.973424, VBS_stat_muon=0.0505242, ele_efficiency=-0.867143, ele_trigger=0.390094, fakephoton_ele=4.34568, fakephoton_muon=1.12948, interference=1.783, lumi=-0.060823, mu_efficiency=-0.020834, mu_trigger=2.14432, non_prompt_stat_ele=5.51944, non_prompt_stat_muon=0.226886, others_stat_ele=1.54981, others_stat_muon=0.834023, others_xs=-0.573154, param=10.9988, pdf_ele=0.598312, pdf_muon=2.07492, photon_id=-0.511732, pileup=-0.752902, scale_ele=1.89706, scale_muon=-0.994393
RooProdPdf::model_s[ modelObs_s * nuisancePdf ]
     getLogVal() top-level p.d.f evaluates to zero @ !pdfs=(modelObs_s = 0/1,nuisancePdf = 1)

[#0] WARNING:Minization -- RooMinimizerFcn: Minimized function has error status.
Returning maximum FCN so far (796.786) to force MIGRAD to back out of this region. Error log follows
Parameter values: JER_ele=0.722462, JER_muon=-0.253999, JES_ele=0.135397, JES_muon=-1.28321, QCD_stat_ele=1.98658, QCD_stat_muon=0.508196, VBS_stat_ele=-1.06067, VBS_stat_muon=0.0385995, ele_efficiency=-0.886768, ele_trigger=0.310216, fakephoton_ele=3.96834, fakephoton_muon=1.12197, interference=1.76732, lumi=-0.107442, mu_efficiency=-0.023578, mu_trigger=2.13477, non_prompt_stat_ele=5.11849, non_prompt_stat_muon=0.208132, others_stat_ele=1.4191, others_stat_muon=0.821518, others_xs=-0.632777, param=10.9952, pdf_ele=0.462657, pdf_muon=2.05805, photon_id=-0.639472, pileup=-0.757421, scale_ele=1.61, scale_muon=-1.03259
RooProdPdf::model_s[ modelObs_s * nuisancePdf ]
     getLogVal() top-level p.d.f evaluates to zero @ !pdfs=(modelObs_s = 0/1,nuisancePdf = 1)

[#0] WARNING:Minization -- RooMinimizerFcn: Minimized function has error status.
Returning maximum FCN so far (796.786) to force MIGRAD to back out of this region. Error log follows
Parameter values: JER_ele=1.35363, JER_muon=-0.170261, JES_ele=1.14989, JES_muon=-1.1411, QCD_stat_ele=4.53938, QCD_stat_muon=0.872197, VBS_stat_ele=-0.146884, VBS_stat_muon=0.15399, ele_efficiency=-0.684752, ele_trigger=1.12821, fakephoton_ele=6.69649, fakephoton_muon=1.20259, interference=1.92905, lumi=0.375516, mu_efficiency=0.00541982, mu_trigger=2.2362, non_prompt_stat_ele=6.93706, non_prompt_stat_muon=0.408561, others_stat_ele=2.73822, others_stat_muon=0.956033, others_xs=-0.0123904, param=11.3119, pdf_ele=1.83866, pdf_muon=2.23477, photon_id=0.678926, pileup=-0.710863, scale_ele=4.33541, scale_muon=-0.619963
RooProdPdf::model_s[ modelObs_s * nuisancePdf ]
     getLogVal() top-level p.d.f evaluates to zero @ !pdfs=(modelObs_s = 0/1,nuisancePdf = 1)

[#0] WARNING:Minization -- RooMinimizerFcn: Minimized function has error status.
Returning maximum FCN so far (796.786) to force MIGRAD to back out of this region. Error log follows
Parameter values: JER_ele=1.29596, JER_muon=-0.172664, JES_ele=1.05263, JES_muon=-1.15619, QCD_stat_ele=4.32613, QCD_stat_muon=0.871358, VBS_stat_ele=-0.237644, VBS_stat_muon=0.155259, ele_efficiency=-0.704835, ele_trigger=1.05128, fakephoton_ele=6.53847, fakephoton_muon=1.1982, interference=1.92035, lumi=0.332377, mu_efficiency=0.0039845, mu_trigger=2.23567, non_prompt_stat_ele=6.99335, non_prompt_stat_muon=0.391558, others_stat_ele=2.62427, others_stat_muon=0.955028, others_xs=-0.0693855, param=10.9414, pdf_ele=1.70928, pdf_muon=2.22853, photon_id=0.557197, pileup=-0.715584, scale_ele=4.10585, scale_muon=-0.630555
RooProdPdf::model_s[ modelObs_s * nuisancePdf ]
     getLogVal() top-level p.d.f evaluates to zero @ !pdfs=(modelObs_s = 0/1,nuisancePdf = 1)

[#0] WARNING:Minization -- RooMinimizerFcn: Minimized function has error status.
Returning maximum FCN so far (440.694) to force MIGRAD to back out of this region. Error log follows
Parameter values: JER_ele=6.93893, JER_muon=6.96477, JES_ele=6.35485, JES_muon=-4.9184, QCD_stat_ele=-4.57288, QCD_stat_muon=4.65787, VBS_stat_ele=-3.25261, VBS_stat_muon=-2.87467, ele_efficiency=-3.17872, ele_trigger=6.22065, fakephoton_ele=6.99689, fakephoton_muon=-3.08588, interference=5.76673, lumi=6.95536, mu_efficiency=2.56768, mu_trigger=2.36074, non_prompt_stat_ele=4.75531, non_prompt_stat_muon=-2.19423, others_stat_ele=0.995547, others_stat_muon=6.36534, others_xs=2.87162, param=8.64586, pdf_ele=0.378146, pdf_muon=4.57205, photon_id=1.41872, pileup=1.84995, scale_ele=-3.26414, scale_muon=-5.49652
RooProdPdf::model_s[ modelObs_s * nuisancePdf ]
     getLogVal() top-level p.d.f evaluates to zero @ !pdfs=(modelObs_s = 0/1,nuisancePdf = 1)

[#0] WARNING:Minization -- RooMinimizerFcn: Minimized function has error status.
Returning maximum FCN so far (440.694) to force MIGRAD to back out of this region. Error log follows
Parameter values: JER_ele=2.5485, JER_muon=2.05238, JES_ele=4.41834, JES_muon=4.47544, QCD_stat_ele=6.989, QCD_stat_muon=6.7004, VBS_stat_ele=2.4539, VBS_stat_muon=2.59738, ele_efficiency=-1.69303, ele_trigger=2.08467, fakephoton_ele=1.79588, fakephoton_muon=1.18812, interference=2.74722, lumi=2.98477, mu_efficiency=0.378281, mu_trigger=3.1717, non_prompt_stat_ele=2.06887, non_prompt_stat_muon=0.399611, others_stat_ele=2.0542, others_stat_muon=4.04185, others_xs=4.00526, param=8.42079, pdf_ele=4.50535, pdf_muon=5.72121, photon_id=6.63964, pileup=0.0617331, scale_ele=6.8549, scale_muon=6.70913
RooProdPdf::model_s[ modelObs_s * nuisancePdf ]
     getLogVal() top-level p.d.f evaluates to zero @ !pdfs=(modelObs_s = 0/1,nuisancePdf = 1)

[#0] WARNING:Minization -- RooMinimizerFcn: Minimized function has error status.
Returning maximum FCN so far (440.694) to force MIGRAD to back out of this region. Error log follows
Parameter values: JER_ele=2.75699, JER_muon=2.31026, JES_ele=4.67392, JES_muon=4.86218, QCD_stat_ele=6.96013, QCD_stat_muon=6.93511, VBS_stat_ele=2.78469, VBS_stat_muon=2.93528, ele_efficiency=-1.63591, ele_trigger=2.3519, fakephoton_ele=2.10996, fakephoton_muon=1.28696, interference=2.97527, lumi=3.28634, mu_efficiency=0.475171, mu_trigger=3.51467, non_prompt_stat_ele=2.45072, non_prompt_stat_muon=0.623834, others_stat_ele=2.37549, others_stat_muon=4.42381, others_xs=4.3275, param=8.38307, pdf_ele=4.87967, pdf_muon=6.07284, photon_id=6.88877, pileup=0.0952825, scale_ele=6.99259, scale_muon=6.14469
RooProdPdf::model_s[ modelObs_s * nuisancePdf ]
     getLogVal() top-level p.d.f evaluates to zero @ !pdfs=(modelObs_s = 0/1,nuisancePdf = 1)

[#0] WARNING:Minization -- RooMinimizerFcn: Minimized function has error status.
Returning maximum FCN so far (440.694) to force MIGRAD to back out of this region. Error log follows
Parameter values: JER_ele=3.39253, JER_muon=3.14691, JES_ele=5.3956, JES_muon=5.91821, QCD_stat_ele=5.53889, QCD_stat_muon=6.49735, VBS_stat_ele=3.74827, VBS_stat_muon=4.07853, ele_efficiency=-1.40284, ele_trigger=3.19329, fakephoton_ele=3.12518, fakephoton_muon=1.59354, interference=3.69214, lumi=4.20499, mu_efficiency=0.800481, mu_trigger=4.55767, non_prompt_stat_ele=3.65873, non_prompt_stat_muon=1.35795, others_stat_ele=3.36904, others_stat_muon=5.50552, others_xs=5.24723, param=8.42685, pdf_ele=5.90127, pdf_muon=6.84055, photon_id=6.71016, pileup=0.208746, scale_ele=6.26954, scale_muon=2.67475
RooProdPdf::model_s[ modelObs_s * nuisancePdf ]
     getLogVal() top-level p.d.f evaluates to zero @ !pdfs=(modelObs_s = 0/1,nuisancePdf = 1)

[#0] WARNING:Minization -- RooMinimizerFcn: Minimized function has error status.
Returning maximum FCN so far (440.694) to force MIGRAD to back out of this region. Error log follows
Parameter values: JER_ele=6.26958, JER_muon=5.47919, JES_ele=6.70611, JES_muon=5.73232, QCD_stat_ele=-4.90801, QCD_stat_muon=-5.47452, VBS_stat_ele=6.98187, VBS_stat_muon=4.61023, ele_efficiency=-2.00862, ele_trigger=6.1938, fakephoton_ele=6.01018, fakephoton_muon=3.44512, interference=6.11418, lumi=6.89881, mu_efficiency=1.84275, mu_trigger=6.97293, non_prompt_stat_ele=6.69607, non_prompt_stat_muon=4.14236, others_stat_ele=6.73497, others_stat_muon=6.39005, others_xs=6.61361, param=9.40584, pdf_ele=5.62576, pdf_muon=3.26759, photon_id=-5.45591, pileup=0.562208, scale_ele=-6.99969, scale_muon=-1.4833
RooProdPdf::model_s[ modelObs_s * nuisancePdf ]
     getLogVal() top-level p.d.f evaluates to zero @ !pdfs=(modelObs_s = 0/1,nuisancePdf = 1)


 -- Hybrid New -- 
CLs = 0.12844 +/- 0.0167621
Done in 18.04 min (cpu), 18.20 min (real)
