 <<< Combine >>> 
>>> including systematics
>>> using the Profile Likelihood test statistics modified for upper limits (Q_LHC)
>>> method used is HybridNew
>>> Used OpenSSL to get a really random seed 1657808123
Computing results starting from observation (a-posteriori)
[#0] WARNING:Minization -- RooMinimizerFcn: Minimized function has error status.
Returning maximum FCN so far (491.612) to force MIGRAD to back out of this region. Error log follows
Parameter values: JER_ele=6.50072, JER_muon=4.59989, JES_ele=6.94843, JES_muon=-3.00041, QCD_stat_ele=4.2045, QCD_stat_muon=5.85131, VBS_stat_ele=-4.4809, VBS_stat_muon=-6.07339, ele_efficiency=6.68707, ele_trigger=-6.15117, fakephoton_ele=6.67646, fakephoton_muon=-6.9715, interference=1.30477, lumi=-6.16202, mu_efficiency=3.98451, mu_trigger=-6.72627, non_prompt_stat_ele=4.33039, non_prompt_stat_muon=1.05658, others_stat_ele=6.11702, others_stat_muon=-1.2884, others_xs=6.85558, param=6.36039, pdf_ele=-0.171743, pdf_muon=5.97136, photon_id=5.89411, pileup=6.88588, scale_ele=-3.96895, scale_muon=6.65914
RooProdPdf::model_s[ modelObs_s * nuisancePdf ]
     getLogVal() top-level p.d.f evaluates to zero @ !pdfs=(modelObs_s = 0/1,nuisancePdf = 1)

[#0] WARNING:Minization -- RooMinimizerFcn: Minimized function has error status.
Returning maximum FCN so far (547.582) to force MIGRAD to back out of this region. Error log follows
Parameter values: JER_ele=5.13169, JER_muon=1.49161, JES_ele=-2.6737, JES_muon=-6.16908, QCD_stat_ele=5.37965, QCD_stat_muon=6.98942, VBS_stat_ele=-2.6101, VBS_stat_muon=0.561736, ele_efficiency=4.55336, ele_trigger=-5.58161, fakephoton_ele=6.99815, fakephoton_muon=-5.6381, interference=-6.7479, lumi=-6.87307, mu_efficiency=-5.29063, mu_trigger=5.90593, non_prompt_stat_ele=5.37859, non_prompt_stat_muon=-3.80511, others_stat_ele=-4.94971, others_stat_muon=-6.07891, others_xs=6.6875, param=5.98638, pdf_ele=6.94981, pdf_muon=-6.49801, photon_id=1.69251, pileup=-0.501957, scale_ele=-0.491213, scale_muon=6.19643
RooProdPdf::model_s[ modelObs_s * nuisancePdf ]
     getLogVal() top-level p.d.f evaluates to zero @ !pdfs=(modelObs_s = 0/1,nuisancePdf = 1)

[#0] WARNING:Minization -- RooMinimizerFcn: Minimized function has error status.
Returning maximum FCN so far (914.998) to force MIGRAD to back out of this region. Error log follows
Parameter values: JER_ele=3.90849, JER_muon=-6.73957, JES_ele=-0.943503, JES_muon=-0.474602, QCD_stat_ele=0.57084, QCD_stat_muon=-4.84075, VBS_stat_ele=3.52523, VBS_stat_muon=1.48925, ele_efficiency=5.7796, ele_trigger=0.162077, fakephoton_ele=6.83797, fakephoton_muon=-5.91577, interference=2.05172, lumi=0.922704, mu_efficiency=1.53426, mu_trigger=-4.73392, non_prompt_stat_ele=6.91959, non_prompt_stat_muon=0.951102, others_stat_ele=4.69697, others_stat_muon=-6.3246, others_xs=-4.68875, param=6.12829, pdf_ele=6.99413, pdf_muon=-2.04036, photon_id=-0.916316, pileup=-6.95755, scale_ele=6.68768, scale_muon=6.83187
RooProdPdf::model_s[ modelObs_s * nuisancePdf ]
     getLogVal() top-level p.d.f evaluates to zero @ !pdfs=(modelObs_s = 0/1,nuisancePdf = 1)

[#0] WARNING:Minization -- RooMinimizerFcn: Minimized function has error status.
Returning maximum FCN so far (914.998) to force MIGRAD to back out of this region. Error log follows
Parameter values: JER_ele=2.98165, JER_muon=-6.89377, JES_ele=-6.38984, JES_muon=-6.99909, QCD_stat_ele=3.56494, QCD_stat_muon=6.40764, VBS_stat_ele=1.69816, VBS_stat_muon=-5.12528, ele_efficiency=6.07875, ele_trigger=-0.428114, fakephoton_ele=6.9321, fakephoton_muon=6.10634, interference=2.15075, lumi=-5.41157, mu_efficiency=3.53558, mu_trigger=3.997, non_prompt_stat_ele=4.39594, non_prompt_stat_muon=5.86557, others_stat_ele=-0.521013, others_stat_muon=6.79591, others_xs=-4.9203, param=2.93729, pdf_ele=-6.9847, pdf_muon=-4.1755, photon_id=6.34625, pileup=-1.25867, scale_ele=-2.15822, scale_muon=3.91105
RooProdPdf::model_s[ modelObs_s * nuisancePdf ]
     getLogVal() top-level p.d.f evaluates to zero @ !pdfs=(modelObs_s = 0/1,nuisancePdf = 1)

[#0] WARNING:Minization -- RooMinimizerFcn: Minimized function has error status.
Returning maximum FCN so far (914.998) to force MIGRAD to back out of this region. Error log follows
Parameter values: JER_ele=2.79506, JER_muon=-6.99109, JES_ele=-2.14867, JES_muon=-3.06533, QCD_stat_ele=-2.11061, QCD_stat_muon=-6.6713, VBS_stat_ele=3.18465, VBS_stat_muon=2.59479, ele_efficiency=5.06637, ele_trigger=-0.844529, fakephoton_ele=6.76967, fakephoton_muon=-6.37108, interference=1.42367, lumi=0.0573076, mu_efficiency=0.941397, mu_trigger=-5.29978, non_prompt_stat_ele=6.99826, non_prompt_stat_muon=-4.00314, others_stat_ele=2.64239, others_stat_muon=-5.90653, others_xs=-4.96978, param=6.09861, pdf_ele=5.82333, pdf_muon=-3.93951, photon_id=-4.10336, pileup=-6.87653, scale_ele=5.48617, scale_muon=-0.534553
RooProdPdf::model_s[ modelObs_s * nuisancePdf ]
     getLogVal() top-level p.d.f evaluates to zero @ !pdfs=(modelObs_s = 0/1,nuisancePdf = 1)

[#0] WARNING:Minization -- RooMinimizerFcn: Minimized function has error status.
Returning maximum FCN so far (914.998) to force MIGRAD to back out of this region. Error log follows
Parameter values: JER_ele=2.27575, JER_muon=-6.82715, JES_ele=-0.416771, JES_muon=-1.61824, QCD_stat_ele=-2.90972, QCD_stat_muon=-6.78254, VBS_stat_ele=-4.70261, VBS_stat_muon=4.43506, ele_efficiency=-5.72085, ele_trigger=-6.34825, fakephoton_ele=6.97949, fakephoton_muon=5.04696, interference=3.97037, lumi=-0.938007, mu_efficiency=-3.19024, mu_trigger=4.04146, non_prompt_stat_ele=3.0657, non_prompt_stat_muon=-6.41799, others_stat_ele=6.96627, others_stat_muon=3.06592, others_xs=-4.8274, param=5.32381, pdf_ele=-6.83587, pdf_muon=-1.22386, photon_id=-6.79262, pileup=-6.65253, scale_ele=3.98965, scale_muon=6.95176
RooProdPdf::model_s[ modelObs_s * nuisancePdf ]
     getLogVal() top-level p.d.f evaluates to zero @ !pdfs=(modelObs_s = 0/1,nuisancePdf = 1)

[#0] WARNING:Minization -- RooMinimizerFcn: Minimized function has error status.
Returning maximum FCN so far (914.998) to force MIGRAD to back out of this region. Error log follows
Parameter values: JER_ele=-0.495661, JER_muon=1.30074, JES_ele=-0.332047, JES_muon=3.58385, QCD_stat_ele=0.615106, QCD_stat_muon=6.95635, VBS_stat_ele=1.63603, VBS_stat_muon=0.67438, ele_efficiency=-0.103378, ele_trigger=-0.42114, fakephoton_ele=6.93897, fakephoton_muon=3.89296, interference=1.35489, lumi=1.22565, mu_efficiency=0.848878, mu_trigger=3.44746, non_prompt_stat_ele=4.50147, non_prompt_stat_muon=5.89813, others_stat_ele=-1.48339, others_stat_muon=3.72429, others_xs=1.78723, param=6.04383, pdf_ele=-2.53478, pdf_muon=4.76021, photon_id=3.94017, pileup=-5.22757, scale_ele=-2.30991, scale_muon=0.00583065
RooProdPdf::model_s[ modelObs_s * nuisancePdf ]
     getLogVal() top-level p.d.f evaluates to zero @ !pdfs=(modelObs_s = 0/1,nuisancePdf = 1)

[#0] WARNING:Minization -- RooMinimizerFcn: Minimized function has error status.
Returning maximum FCN so far (931.911) to force MIGRAD to back out of this region. Error log follows
Parameter values: JER_ele=-3.13469, JER_muon=6.94355, JES_ele=-2.33942, JES_muon=6.13447, QCD_stat_ele=-3.4833, QCD_stat_muon=-0.606599, VBS_stat_ele=-1.19675, VBS_stat_muon=5.31915, ele_efficiency=-6.28551, ele_trigger=-6.6265, fakephoton_ele=1.11733, fakephoton_muon=6.59644, interference=1.93327, lumi=1.04869, mu_efficiency=4.53418, mu_trigger=-2.43553, non_prompt_stat_ele=6.85747, non_prompt_stat_muon=6.63513, others_stat_ele=-1.25613, others_stat_muon=2.60566, others_xs=-6.67783, param=2.80309, pdf_ele=2.70677, pdf_muon=1.67535, photon_id=-3.67433, pileup=-6.98719, scale_ele=2.88605, scale_muon=-5.99322
RooProdPdf::model_s[ modelObs_s * nuisancePdf ]
     getLogVal() top-level p.d.f evaluates to zero @ !pdfs=(modelObs_s = 0/1,nuisancePdf = 1)

[#0] WARNING:Minization -- RooMinimizerFcn: Minimized function has error status.
Returning maximum FCN so far (931.911) to force MIGRAD to back out of this region. Error log follows
Parameter values: JER_ele=-6.87381, JER_muon=0.779008, JES_ele=-5.60083, JES_muon=4.82998, QCD_stat_ele=2.14451, QCD_stat_muon=3.2729, VBS_stat_ele=-6.5008, VBS_stat_muon=1.34205, ele_efficiency=3.0227, ele_trigger=6.5991, fakephoton_ele=5.91438, fakephoton_muon=4.15452, interference=6.15254, lumi=5.78404, mu_efficiency=6.19503, mu_trigger=5.69282, non_prompt_stat_ele=6.22939, non_prompt_stat_muon=5.62112, others_stat_ele=6.22007, others_stat_muon=3.24256, others_xs=5.24529, param=6.1749, pdf_ele=-6.97822, pdf_muon=-1.74505, photon_id=6.62438, pileup=1.93832, scale_ele=-6.85793, scale_muon=-0.551428
RooProdPdf::model_s[ modelObs_s * nuisancePdf ]
     getLogVal() top-level p.d.f evaluates to zero @ !pdfs=(modelObs_s = 0/1,nuisancePdf = 1)

[#0] WARNING:Minization -- RooMinimizerFcn: Minimized function has error status.
Returning maximum FCN so far (931.911) to force MIGRAD to back out of this region. Error log follows
Parameter values: JER_ele=6.9979, JER_muon=5.77872, JES_ele=-4.27772, JES_muon=5.92926, QCD_stat_ele=6.81505, QCD_stat_muon=-6.97232, VBS_stat_ele=6.91519, VBS_stat_muon=6.97345, ele_efficiency=6.89146, ele_trigger=0.352015, fakephoton_ele=3.87169, fakephoton_muon=5.75878, interference=6.70313, lumi=-3.05185, mu_efficiency=6.21503, mu_trigger=6.9557, non_prompt_stat_ele=4.51307, non_prompt_stat_muon=5.31599, others_stat_ele=-1.71713, others_stat_muon=6.71111, others_xs=-5.30968, param=6.34765, pdf_ele=0.918229, pdf_muon=4.11609, photon_id=-6.99701, pileup=3.57649, scale_ele=-6.8542, scale_muon=1.17735
RooProdPdf::model_s[ modelObs_s * nuisancePdf ]
     getLogVal() top-level p.d.f evaluates to zero @ !pdfs=(modelObs_s = 0/1,nuisancePdf = 1)


 -- Hybrid New -- 
CLs = 0.475877 +/- 0.0276674
Done in 8.21 min (cpu), 8.21 min (real)
