 <<< Combine >>> 
>>> including systematics
>>> using the Profile Likelihood test statistics modified for upper limits (Q_LHC)
>>> method used is HybridNew
>>> Used OpenSSL to get a really random seed -1500045133
Computing results starting from observation (a-posteriori)
[#0] WARNING:Minization -- RooMinimizerFcn: Minimized function has error status.
Returning maximum FCN so far (875.493) to force MIGRAD to back out of this region. Error log follows
Parameter values: JER_ele=-5.22013, JER_muon=-6.98291, JES_ele=-6.48489, JES_muon=-0.689044, QCD_stat_ele=-6.88838, QCD_stat_muon=-6.98186, VBS_stat_ele=-5.62718, VBS_stat_muon=-2.63844, ele_efficiency=-0.251379, ele_trigger=-1.99001, fakephoton_ele=2.37193, fakephoton_muon=-2.4543, interference=4.88068, lumi=-2.87225, mu_efficiency=1.17608, mu_trigger=-5.00954, non_prompt_stat_ele=6.89642, non_prompt_stat_muon=-6.02823, others_stat_ele=-3.79032, others_stat_muon=-0.00246639, others_xs=-5.2834, param=1.96027, pdf_ele=3.00025, pdf_muon=-2.32344, photon_id=-6.79896, pileup=6.47266, scale_ele=2.31479, scale_muon=-0.5476
RooProdPdf::model_s[ modelObs_s * nuisancePdf ]
     getLogVal() top-level p.d.f evaluates to zero @ !pdfs=(modelObs_s = 0/1,nuisancePdf = 1)

[#0] WARNING:Minization -- RooMinimizerFcn: Minimized function has error status.
Returning maximum FCN so far (875.493) to force MIGRAD to back out of this region. Error log follows
Parameter values: JER_ele=-2.93739, JER_muon=4.05811, JES_ele=-1.46708, JES_muon=-6.2115, QCD_stat_ele=6.51546, QCD_stat_muon=5.22092, VBS_stat_ele=-4.95955, VBS_stat_muon=6.96402, ele_efficiency=-2.06687, ele_trigger=0.0166776, fakephoton_ele=4.77232, fakephoton_muon=1.35817, interference=1.06872, lumi=0.966131, mu_efficiency=-1.9825, mu_trigger=-3.82782, non_prompt_stat_ele=5.97116, non_prompt_stat_muon=-1.15732, others_stat_ele=3.59927, others_stat_muon=2.80104, others_xs=3.41129, param=1.86278, pdf_ele=-4.36659, pdf_muon=-1.20915, photon_id=0.166471, pileup=4.71765, scale_ele=-6.84817, scale_muon=-2.16219
RooProdPdf::model_s[ modelObs_s * nuisancePdf ]
     getLogVal() top-level p.d.f evaluates to zero @ !pdfs=(modelObs_s = 0/1,nuisancePdf = 1)

[#0] WARNING:Minization -- RooMinimizerFcn: Minimized function has error status.
Returning maximum FCN so far (875.493) to force MIGRAD to back out of this region. Error log follows
Parameter values: JER_ele=2.16296, JER_muon=-0.538376, JES_ele=4.99793, JES_muon=-1.89804, QCD_stat_ele=6.73233, QCD_stat_muon=-3.79249, VBS_stat_ele=3.45149, VBS_stat_muon=-2.47399, ele_efficiency=-0.218744, ele_trigger=4.08937, fakephoton_ele=0.379208, fakephoton_muon=-0.158019, interference=0.0848807, lumi=0.522009, mu_efficiency=-1.08251, mu_trigger=-1.87655, non_prompt_stat_ele=6.06433, non_prompt_stat_muon=-1.04882, others_stat_ele=1.97521, others_stat_muon=-2.91554, others_xs=0.259334, param=1.85951, pdf_ele=5.15799, pdf_muon=-1.66525, photon_id=4.03782, pileup=-1.65552, scale_ele=6.84633, scale_muon=-4.37184
RooProdPdf::model_s[ modelObs_s * nuisancePdf ]
     getLogVal() top-level p.d.f evaluates to zero @ !pdfs=(modelObs_s = 0/1,nuisancePdf = 1)

[#0] WARNING:Minization -- RooMinimizerFcn: Minimized function has error status.
Returning maximum FCN so far (875.493) to force MIGRAD to back out of this region. Error log follows
Parameter values: JER_ele=0.307177, JER_muon=2.7189, JES_ele=5.56944, JES_muon=6.12665, QCD_stat_ele=-5.38301, QCD_stat_muon=6.96626, VBS_stat_ele=6.95033, VBS_stat_muon=0.736446, ele_efficiency=-6.61252, ele_trigger=6.12328, fakephoton_ele=-6.46501, fakephoton_muon=3.89813, interference=-2.07051, lumi=-5.42163, mu_efficiency=0.669185, mu_trigger=4.30248, non_prompt_stat_ele=-4.2852, non_prompt_stat_muon=6.93045, others_stat_ele=-6.89397, others_stat_muon=-0.283726, others_xs=-0.171329, param=1.8608, pdf_ele=-6.85418, pdf_muon=6.99587, photon_id=5.32584, pileup=-0.0951276, scale_ele=6.44733, scale_muon=3.38476
RooProdPdf::model_s[ modelObs_s * nuisancePdf ]
     getLogVal() top-level p.d.f evaluates to zero @ !pdfs=(modelObs_s = 0/1,nuisancePdf = 1)

[#0] WARNING:Minization -- RooMinimizerFcn: Minimized function has error status.
Returning maximum FCN so far (576.176) to force MIGRAD to back out of this region. Error log follows
Parameter values: JER_ele=4.55428, JER_muon=-5.04802, JES_ele=-2.78837, JES_muon=-1.26805, QCD_stat_ele=-6.71403, QCD_stat_muon=-6.9818, VBS_stat_ele=-6.89637, VBS_stat_muon=1.80032, ele_efficiency=6.91256, ele_trigger=-5.11744, fakephoton_ele=6.88484, fakephoton_muon=3.3204, interference=1.36498, lumi=-6.96374, mu_efficiency=6.47719, mu_trigger=-5.40539, non_prompt_stat_ele=5.3248, non_prompt_stat_muon=6.94768, others_stat_ele=0.303857, others_stat_muon=-6.96715, others_xs=5.36113, param=0.00582388, pdf_ele=4.69657, pdf_muon=1.85891, photon_id=2.39487, pileup=2.61513, scale_ele=6.9169, scale_muon=5.7054
RooProdPdf::model_s[ modelObs_s * nuisancePdf ]
     getLogVal() top-level p.d.f evaluates to zero @ !pdfs=(modelObs_s = 0/1,nuisancePdf = 1)

[#0] WARNING:Minization -- RooMinimizerFcn: Minimized function has error status.
Returning maximum FCN so far (576.176) to force MIGRAD to back out of this region. Error log follows
Parameter values: JER_ele=-6.75562, JER_muon=6.37259, JES_ele=4.85494, JES_muon=-3.36171, QCD_stat_ele=6.90026, QCD_stat_muon=-1.015, VBS_stat_ele=-3.82275, VBS_stat_muon=1.38129, ele_efficiency=2.55728, ele_trigger=-3.67868, fakephoton_ele=6.98412, fakephoton_muon=4.20343, interference=1.04826, lumi=-6.99749, mu_efficiency=5.14166, mu_trigger=5.49253, non_prompt_stat_ele=5.6031, non_prompt_stat_muon=-5.01549, others_stat_ele=5.37668, others_stat_muon=-0.16706, others_xs=5.03117, param=2.31714, pdf_ele=-4.21456, pdf_muon=6.96951, photon_id=-6.13628, pileup=-4.63929, scale_ele=-4.69297, scale_muon=-6.40686
RooProdPdf::model_s[ modelObs_s * nuisancePdf ]
     getLogVal() top-level p.d.f evaluates to zero @ !pdfs=(modelObs_s = 0/1,nuisancePdf = 1)

[#0] WARNING:Minization -- RooMinimizerFcn: Minimized function has error status.
Returning maximum FCN so far (40.6117) to force MIGRAD to back out of this region. Error log follows
Parameter values: JER_ele=6.99712, JER_muon=-6.99676, JES_ele=-4.3287, JES_muon=-6.61871, QCD_stat_ele=-4.46382, QCD_stat_muon=6.97244, VBS_stat_ele=2.07146, VBS_stat_muon=-5.71454, ele_efficiency=-5.28991, ele_trigger=-6.92156, fakephoton_ele=6.60883, fakephoton_muon=5.2725, interference=-6.05427, lumi=2.66618, mu_efficiency=3.44514, mu_trigger=-2.62245, non_prompt_stat_ele=6.76832, non_prompt_stat_muon=-3.77282, others_stat_ele=-6.31859, others_stat_muon=-6.48755, others_xs=4.73342, param=0.391695, pdf_ele=-6.03512, pdf_muon=-5.15998, photon_id=-4.55767, pileup=-6.34902, scale_ele=-4.05906, scale_muon=-4.82721
RooProdPdf::model_s[ modelObs_s * nuisancePdf ]
     getLogVal() top-level p.d.f evaluates to zero @ !pdfs=(modelObs_s = 0/1,nuisancePdf = 1)

[#0] WARNING:Minization -- RooMinimizerFcn: Minimized function has error status.
Returning maximum FCN so far (1085.5) to force MIGRAD to back out of this region. Error log follows
Parameter values: JER_ele=5.06804, JER_muon=6.73913, JES_ele=0.731398, JES_muon=6.91958, QCD_stat_ele=3.70387, QCD_stat_muon=6.73773, VBS_stat_ele=-6.3316, VBS_stat_muon=-3.47307, ele_efficiency=3.46597, ele_trigger=-0.718358, fakephoton_ele=4.06204, fakephoton_muon=-6.80994, interference=5.20498, lumi=-1.27853, mu_efficiency=-6.13012, mu_trigger=6.80001, non_prompt_stat_ele=6.98829, non_prompt_stat_muon=-5.32569, others_stat_ele=-6.40136, others_stat_muon=1.80547, others_xs=1.23628, param=2.11248, pdf_ele=5.12605, pdf_muon=-0.717963, photon_id=-1.96217, pileup=-4.45446, scale_ele=4.99321, scale_muon=5.29485
RooProdPdf::model_s[ modelObs_s * nuisancePdf ]
     getLogVal() top-level p.d.f evaluates to zero @ !pdfs=(modelObs_s = 0/1,nuisancePdf = 1)

[#0] WARNING:Minization -- RooMinimizerFcn: Minimized function has error status.
Returning maximum FCN so far (360.887) to force MIGRAD to back out of this region. Error log follows
Parameter values: JER_ele=3.47452, JER_muon=-4.71237, JES_ele=4.78559, JES_muon=-4.99443, QCD_stat_ele=6.99966, QCD_stat_muon=-3.43123, VBS_stat_ele=-6.53735, VBS_stat_muon=6.97574, ele_efficiency=6.55345, ele_trigger=1.94311, fakephoton_ele=3.87826, fakephoton_muon=-6.103, interference=3.49894, lumi=1.62355, mu_efficiency=-0.713164, mu_trigger=3.28459, non_prompt_stat_ele=4.95405, non_prompt_stat_muon=6.57764, others_stat_ele=6.99824, others_stat_muon=5.06799, others_xs=-1.73902, param=1.38551, pdf_ele=-4.84307, pdf_muon=6.98047, photon_id=2.94427, pileup=-6.87853, scale_ele=6.7358, scale_muon=6.97662
RooProdPdf::model_s[ modelObs_s * nuisancePdf ]
     getLogVal() top-level p.d.f evaluates to zero @ !pdfs=(modelObs_s = 0/1,nuisancePdf = 1)

[#0] WARNING:Minization -- RooMinimizerFcn: Minimized function has error status.
Returning maximum FCN so far (656.806) to force MIGRAD to back out of this region. Error log follows
Parameter values: JER_ele=3.5049, JER_muon=-6.82098, JES_ele=6.07749, JES_muon=-4.27681, QCD_stat_ele=6.51744, QCD_stat_muon=-3.18891, VBS_stat_ele=6.96706, VBS_stat_muon=6.68353, ele_efficiency=-0.153527, ele_trigger=2.31924, fakephoton_ele=6.98749, fakephoton_muon=-5.66779, interference=6.7636, lumi=6.66667, mu_efficiency=-1.66186, mu_trigger=-1.15716, non_prompt_stat_ele=4.58667, non_prompt_stat_muon=-6.57827, others_stat_ele=1.07833, others_stat_muon=6.98504, others_xs=2.81025, param=1.30813, pdf_ele=-3.59249, pdf_muon=-6.78245, photon_id=0.429667, pileup=5.8668, scale_ele=6.43633, scale_muon=6.1999
RooProdPdf::model_s[ modelObs_s * nuisancePdf ]
     getLogVal() top-level p.d.f evaluates to zero @ !pdfs=(modelObs_s = 0/1,nuisancePdf = 1)

[#0] WARNING:Minization -- RooMinimizerFcn: Minimized function has error status.
Returning maximum FCN so far (811.288) to force MIGRAD to back out of this region. Error log follows
Parameter values: JER_ele=3.00934, JER_muon=6.55709, JES_ele=4.92361, JES_muon=-0.307352, QCD_stat_ele=6.14714, QCD_stat_muon=5.86071, VBS_stat_ele=6.37412, VBS_stat_muon=3.92399, ele_efficiency=0.0422856, ele_trigger=2.00277, fakephoton_ele=5.61812, fakephoton_muon=-2.47225, interference=6.91056, lumi=6.83315, mu_efficiency=-0.192222, mu_trigger=2.60551, non_prompt_stat_ele=4.34506, non_prompt_stat_muon=-0.602495, others_stat_ele=6.3701, others_stat_muon=6.87947, others_xs=6.93362, param=1.25738, pdf_ele=6.81587, pdf_muon=0.863275, photon_id=5.33371, pileup=3.8716, scale_ele=6.30047, scale_muon=2.97294
RooProdPdf::model_s[ modelObs_s * nuisancePdf ]
     getLogVal() top-level p.d.f evaluates to zero @ !pdfs=(modelObs_s = 0/1,nuisancePdf = 1)

[#0] WARNING:Minization -- RooMinimizerFcn: Minimized function has error status.
Returning maximum FCN so far (1035.54) to force MIGRAD to back out of this region. Error log follows
Parameter values: JER_ele=1.06747, JER_muon=0.432049, JES_ele=2.04635, JES_muon=1.08476, QCD_stat_ele=6.63734, QCD_stat_muon=3.87882, VBS_stat_ele=1.92919, VBS_stat_muon=1.94344, ele_efficiency=0.200124, ele_trigger=0.686974, fakephoton_ele=3.23974, fakephoton_muon=0.863734, interference=-0.107609, lumi=1.28459, mu_efficiency=1.68186, mu_trigger=1.05061, non_prompt_stat_ele=5.44692, non_prompt_stat_muon=1.82898, others_stat_ele=6.94571, others_stat_muon=2.66269, others_xs=1.99035, param=2.60018, pdf_ele=2.01504, pdf_muon=1.5028, photon_id=3.20631, pileup=0.111158, scale_ele=-0.919217, scale_muon=1.58426
RooProdPdf::model_s[ modelObs_s * nuisancePdf ]
     getLogVal() top-level p.d.f evaluates to zero @ !pdfs=(modelObs_s = 0/1,nuisancePdf = 1)

[#0] WARNING:Minization -- RooMinimizerFcn: Minimized function has error status.
Returning maximum FCN so far (1035.54) to force MIGRAD to back out of this region. Error log follows
Parameter values: JER_ele=-2.21167, JER_muon=-4.32147, JES_ele=-2.91843, JES_muon=-6.23619, QCD_stat_ele=-6.99635, QCD_stat_muon=-3.59473, VBS_stat_ele=-3.75937, VBS_stat_muon=-4.17184, ele_efficiency=-0.837773, ele_trigger=-3.27506, fakephoton_ele=6.22633, fakephoton_muon=-5.19072, interference=-3.92093, lumi=-3.94179, mu_efficiency=0.111269, mu_trigger=-5.13439, non_prompt_stat_ele=6.0278, non_prompt_stat_muon=-6.2429, others_stat_ele=-2.04015, others_stat_muon=-6.15689, others_xs=-3.73095, param=2.59966, pdf_ele=-5.345, pdf_muon=-6.89099, photon_id=-6.72282, pileup=-0.451361, scale_ele=-3.14478, scale_muon=-0.0398018
RooProdPdf::model_s[ modelObs_s * nuisancePdf ]
     getLogVal() top-level p.d.f evaluates to zero @ !pdfs=(modelObs_s = 0/1,nuisancePdf = 1)

[#0] WARNING:Minization -- RooMinimizerFcn: Minimized function has error status.
Returning maximum FCN so far (498.967) to force MIGRAD to back out of this region. Error log follows
Parameter values: JER_ele=6.978, JER_muon=-3.74661, JES_ele=-3.79575, JES_muon=-6.94975, QCD_stat_ele=-0.460985, QCD_stat_muon=6.21807, VBS_stat_ele=-7, VBS_stat_muon=-2.02077, ele_efficiency=5.25183, ele_trigger=-0.733323, fakephoton_ele=4.20063, fakephoton_muon=-4.87842, interference=5.69715, lumi=-2.71483, mu_efficiency=4.20341, mu_trigger=-1.57455, non_prompt_stat_ele=5.98055, non_prompt_stat_muon=-6.93465, others_stat_ele=6.9722, others_stat_muon=-0.132137, others_xs=2.4254, param=2.25623, pdf_ele=2.04091, pdf_muon=-6.62706, photon_id=4.35087, pileup=6.96414, scale_ele=-2.22898, scale_muon=-6.93851
RooProdPdf::model_s[ modelObs_s * nuisancePdf ]
     getLogVal() top-level p.d.f evaluates to zero @ !pdfs=(modelObs_s = 0/1,nuisancePdf = 1)

[#0] WARNING:Minization -- RooMinimizerFcn: Minimized function has error status.
Returning maximum FCN so far (498.967) to force MIGRAD to back out of this region. Error log follows
Parameter values: JER_ele=-4.69104, JER_muon=5.6679, JES_ele=2.46278, JES_muon=0.442133, QCD_stat_ele=-1.11049, QCD_stat_muon=3.52346, VBS_stat_ele=-1.35183, VBS_stat_muon=6.96557, ele_efficiency=0.590069, ele_trigger=-3.29178, fakephoton_ele=-5.72165, fakephoton_muon=6.35961, interference=6.83809, lumi=-1.72319, mu_efficiency=3.95273, mu_trigger=6.09679, non_prompt_stat_ele=-3.05661, non_prompt_stat_muon=6.87911, others_stat_ele=1.31791, others_stat_muon=2.82495, others_xs=5.52681, param=2.43192, pdf_ele=2.46099, pdf_muon=2.75295, photon_id=1.03728, pileup=0.737216, scale_ele=-6.11029, scale_muon=3.55468
RooProdPdf::model_s[ modelObs_s * nuisancePdf ]
     getLogVal() top-level p.d.f evaluates to zero @ !pdfs=(modelObs_s = 0/1,nuisancePdf = 1)

[#0] WARNING:Minization -- RooMinimizerFcn: Minimized function has error status.
Returning maximum FCN so far (581.512) to force MIGRAD to back out of this region. Error log follows
Parameter values: JER_ele=3.36376, JER_muon=6.89769, JES_ele=6.86272, JES_muon=3.09511, QCD_stat_ele=-0.875368, QCD_stat_muon=1.11836, VBS_stat_ele=-6.87848, VBS_stat_muon=0.169309, ele_efficiency=0.769816, ele_trigger=6.86041, fakephoton_ele=0.896031, fakephoton_muon=6.16297, interference=5.50382, lumi=4.00774, mu_efficiency=-1.22635, mu_trigger=2.04417, non_prompt_stat_ele=-5.89012, non_prompt_stat_muon=6.35002, others_stat_ele=6.91126, others_stat_muon=6.93215, others_xs=6.44856, param=0.753667, pdf_ele=6.93631, pdf_muon=6.95706, photon_id=2.93521, pileup=-6.86254, scale_ele=5.4738, scale_muon=-6.88372
RooProdPdf::model_s[ modelObs_s * nuisancePdf ]
     getLogVal() top-level p.d.f evaluates to zero @ !pdfs=(modelObs_s = 0/1,nuisancePdf = 1)

[#0] WARNING:Minization -- RooMinimizerFcn: Minimized function has error status.
Returning maximum FCN so far (860.506) to force MIGRAD to back out of this region. Error log follows
Parameter values: JER_ele=-2.38638, JER_muon=5.77793, JES_ele=-2.55202, JES_muon=5.42212, QCD_stat_ele=-0.636818, QCD_stat_muon=1.51675, VBS_stat_ele=3.70655, VBS_stat_muon=6.86135, ele_efficiency=2.98482, ele_trigger=3.64263, fakephoton_ele=6.88142, fakephoton_muon=0.320049, interference=1.60902, lumi=6.51687, mu_efficiency=-6.92697, mu_trigger=4.86132, non_prompt_stat_ele=6.26728, non_prompt_stat_muon=0.726063, others_stat_ele=1.22176, others_stat_muon=6.65615, others_xs=6.87574, param=0.764183, pdf_ele=6.8493, pdf_muon=1.90699, photon_id=-3.31204, pileup=1.45936, scale_ele=6.72046, scale_muon=1.59229
RooProdPdf::model_s[ modelObs_s * nuisancePdf ]
     getLogVal() top-level p.d.f evaluates to zero @ !pdfs=(modelObs_s = 0/1,nuisancePdf = 1)

[#0] WARNING:Minization -- RooMinimizerFcn: Minimized function has error status.
Returning maximum FCN so far (809.934) to force MIGRAD to back out of this region. Error log follows
Parameter values: JER_ele=6.48989, JER_muon=0.602515, JES_ele=6.09227, JES_muon=6.98591, QCD_stat_ele=1.45839, QCD_stat_muon=6.99999, VBS_stat_ele=-6.94559, VBS_stat_muon=-6.95389, ele_efficiency=-6.87304, ele_trigger=-6.07291, fakephoton_ele=6.95418, fakephoton_muon=-6.70381, interference=-1.47906, lumi=6.83257, mu_efficiency=5.29065, mu_trigger=-0.398653, non_prompt_stat_ele=6.43403, non_prompt_stat_muon=-6.44782, others_stat_ele=0.0317563, others_stat_muon=-2.13596, others_xs=6.70722, param=2.50766, pdf_ele=-3.8751, pdf_muon=4.0349, photon_id=-6.7389, pileup=-6.74074, scale_ele=6.76187, scale_muon=-2.68349
RooProdPdf::model_s[ modelObs_s * nuisancePdf ]
     getLogVal() top-level p.d.f evaluates to zero @ !pdfs=(modelObs_s = 0/1,nuisancePdf = 1)

[#0] WARNING:Minization -- RooMinimizerFcn: Minimized function has error status.
Returning maximum FCN so far (809.934) to force MIGRAD to back out of this region. Error log follows
Parameter values: JER_ele=-0.710046, JER_muon=-6.60645, JES_ele=-3.0055, JES_muon=3.66058, QCD_stat_ele=3.43017, QCD_stat_muon=4.68269, VBS_stat_ele=-1.66811, VBS_stat_muon=6.1215, ele_efficiency=-6.98335, ele_trigger=-1.08485, fakephoton_ele=3.99719, fakephoton_muon=6.95288, interference=2.15678, lumi=-2.81137, mu_efficiency=-3.08399, mu_trigger=-6.67515, non_prompt_stat_ele=6.79955, non_prompt_stat_muon=-6.86252, others_stat_ele=-6.82764, others_stat_muon=-4.47512, others_xs=0.600959, param=2.54825, pdf_ele=6.47884, pdf_muon=-4.94865, photon_id=-3.24527, pileup=-0.760683, scale_ele=4.25761, scale_muon=-3.7371
RooProdPdf::model_s[ modelObs_s * nuisancePdf ]
     getLogVal() top-level p.d.f evaluates to zero @ !pdfs=(modelObs_s = 0/1,nuisancePdf = 1)

[#0] WARNING:Minization -- RooMinimizerFcn: Minimized function has error status.
Returning maximum FCN so far (809.934) to force MIGRAD to back out of this region. Error log follows
Parameter values: JER_ele=-1.66308, JER_muon=-2.64946, JES_ele=6.66195, JES_muon=2.40891, QCD_stat_ele=-6.1699, QCD_stat_muon=-3.33588, VBS_stat_ele=6.96064, VBS_stat_muon=-6.14783, ele_efficiency=0.183032, ele_trigger=0.801978, fakephoton_ele=2.2561, fakephoton_muon=-0.843153, interference=5.0216, lumi=6.99711, mu_efficiency=-0.204379, mu_trigger=-6.98239, non_prompt_stat_ele=6.02878, non_prompt_stat_muon=6.85327, others_stat_ele=6.92132, others_stat_muon=-4.37355, others_xs=1.25651, param=2.56961, pdf_ele=4.40689, pdf_muon=-5.46907, photon_id=3.41804, pileup=6.42451, scale_ele=-4.17432, scale_muon=6.24374
RooProdPdf::model_s[ modelObs_s * nuisancePdf ]
     getLogVal() top-level p.d.f evaluates to zero @ !pdfs=(modelObs_s = 0/1,nuisancePdf = 1)

[#0] WARNING:Minization -- RooMinimizerFcn: Minimized function has error status.
Returning maximum FCN so far (809.934) to force MIGRAD to back out of this region. Error log follows
Parameter values: JER_ele=5.84419, JER_muon=5.18715, JES_ele=3.95078, JES_muon=6.97295, QCD_stat_ele=6.64717, QCD_stat_muon=-4.49665, VBS_stat_ele=3.88753, VBS_stat_muon=6.69419, ele_efficiency=-0.446232, ele_trigger=0.692586, fakephoton_ele=2.43941, fakephoton_muon=3.1082, interference=-6.15645, lumi=4.81218, mu_efficiency=0.0879282, mu_trigger=6.93965, non_prompt_stat_ele=6.80642, non_prompt_stat_muon=6.89602, others_stat_ele=-2.5283, others_stat_muon=6.95126, others_xs=5.82013, param=2.55229, pdf_ele=1.5244, pdf_muon=-6.62527, photon_id=2.17911, pileup=0.630307, scale_ele=6.97536, scale_muon=-5.49279
RooProdPdf::model_s[ modelObs_s * nuisancePdf ]
     getLogVal() top-level p.d.f evaluates to zero @ !pdfs=(modelObs_s = 0/1,nuisancePdf = 1)

[#0] WARNING:Minization -- RooMinimizerFcn: Minimized function has error status.
Returning maximum FCN so far (809.934) to force MIGRAD to back out of this region. Error log follows
Parameter values: JER_ele=4.00236, JER_muon=6.25659, JES_ele=2.02893, JES_muon=5.5871, QCD_stat_ele=6.95382, QCD_stat_muon=-6.97878, VBS_stat_ele=1.88783, VBS_stat_muon=6.85129, ele_efficiency=0.261339, ele_trigger=1.09205, fakephoton_ele=1.87629, fakephoton_muon=1.95651, interference=-4.17653, lumi=5.63344, mu_efficiency=2.23369, mu_trigger=6.9565, non_prompt_stat_ele=5.10601, non_prompt_stat_muon=6.25946, others_stat_ele=-3.2159, others_stat_muon=6.77679, others_xs=6.29098, param=2.55615, pdf_ele=1.81032, pdf_muon=-6.72566, photon_id=1.73563, pileup=0.648133, scale_ele=5.39806, scale_muon=1.93863
RooProdPdf::model_s[ modelObs_s * nuisancePdf ]
     getLogVal() top-level p.d.f evaluates to zero @ !pdfs=(modelObs_s = 0/1,nuisancePdf = 1)

[#0] WARNING:Minization -- RooMinimizerFcn: Minimized function has error status.
Returning maximum FCN so far (39.9931) to force MIGRAD to back out of this region. Error log follows
Parameter values: JER_ele=2.32105, JER_muon=-1.25296, JES_ele=1.19329, JES_muon=2.46268, QCD_stat_ele=3.96229, QCD_stat_muon=-0.789094, VBS_stat_ele=5.68358, VBS_stat_muon=5.20694, ele_efficiency=6.9602, ele_trigger=6.54933, fakephoton_ele=4.27167, fakephoton_muon=-2.08541, interference=3.03393, lumi=-6.89443, mu_efficiency=1.72265, mu_trigger=1.47393, non_prompt_stat_ele=6.35588, non_prompt_stat_muon=-6.89231, others_stat_ele=-3.17799, others_stat_muon=-1.78425, others_xs=-6.81854, param=2.59853, pdf_ele=-6.98683, pdf_muon=6.98826, photon_id=-6.86373, pileup=5.85238, scale_ele=6.52767, scale_muon=6.98112
RooProdPdf::model_s[ modelObs_s * nuisancePdf ]
     getLogVal() top-level p.d.f evaluates to zero @ !pdfs=(modelObs_s = 0/1,nuisancePdf = 1)


 -- Hybrid New -- 
CLs = 1.00203 +/- 0.0126144
Done in 18.86 min (cpu), 18.97 min (real)
