 <<< Combine >>> 
>>> including systematics
>>> using the Profile Likelihood test statistics modified for upper limits (Q_LHC)
>>> method used is HybridNew
>>> Used OpenSSL to get a really random seed 2125241645
Computing results starting from observation (a-posteriori)
[#0] WARNING:Minization -- RooMinimizerFcn: Minimized function has error status.
Returning maximum FCN so far (38.9312) to force MIGRAD to back out of this region. Error log follows
Parameter values: JER_ele=3.07849, JER_muon=6.88201, JES_ele=6.99935, JES_muon=5.07572, QCD_stat_ele=-4.42541, QCD_stat_muon=6.99354, VBS_stat_ele=-6.70434, VBS_stat_muon=4.71396, ele_efficiency=3.87998, ele_trigger=-6.55071, fakephoton_ele=6.82329, fakephoton_muon=3.76077, interference=-5.20716, lumi=5.70444, mu_efficiency=1.82827, mu_trigger=-6.70239, non_prompt_stat_ele=6.26866, non_prompt_stat_muon=5.25092, others_stat_ele=-0.273717, others_stat_muon=-4.22322, others_xs=1.02073, param=0.274626, pdf_ele=6.67767, pdf_muon=-1.21831, photon_id=1.16621, pileup=-3.01919, scale_ele=-6.80109, scale_muon=-1.01932
RooProdPdf::model_s[ modelObs_s * nuisancePdf ]
     getLogVal() top-level p.d.f evaluates to zero @ !pdfs=(modelObs_s = 0/1,nuisancePdf = 1)

[#0] WARNING:Minization -- RooMinimizerFcn: Minimized function has error status.
Returning maximum FCN so far (38.9312) to force MIGRAD to back out of this region. Error log follows
Parameter values: JER_ele=-3.97745, JER_muon=-5.73652, JES_ele=-6.34599, JES_muon=5.85229, QCD_stat_ele=5.8637, QCD_stat_muon=-6.99142, VBS_stat_ele=-0.170942, VBS_stat_muon=-6.79284, ele_efficiency=-0.956267, ele_trigger=1.94832, fakephoton_ele=5.92123, fakephoton_muon=-3.41752, interference=-0.210804, lumi=6.88986, mu_efficiency=-2.52248, mu_trigger=-6.87818, non_prompt_stat_ele=6.96735, non_prompt_stat_muon=-0.205599, others_stat_ele=1.90621, others_stat_muon=-0.290751, others_xs=6.87426, param=0.292274, pdf_ele=6.93635, pdf_muon=-4.18254, photon_id=-5.91784, pileup=-6.86724, scale_ele=6.91143, scale_muon=-3.24167
RooProdPdf::model_s[ modelObs_s * nuisancePdf ]
     getLogVal() top-level p.d.f evaluates to zero @ !pdfs=(modelObs_s = 0/1,nuisancePdf = 1)

[#0] WARNING:Minization -- RooMinimizerFcn: Minimized function has error status.
Returning maximum FCN so far (737.055) to force MIGRAD to back out of this region. Error log follows
Parameter values: JER_ele=-2.36237, JER_muon=-5.80416, JES_ele=0.743533, JES_muon=-6.50314, QCD_stat_ele=-6.6763, QCD_stat_muon=6.94913, VBS_stat_ele=-4.69767, VBS_stat_muon=-6.55343, ele_efficiency=5.28007, ele_trigger=1.16351, fakephoton_ele=6.99885, fakephoton_muon=1.2471, interference=-1.54014, lumi=-5.69275, mu_efficiency=6.14633, mu_trigger=-4.40765, non_prompt_stat_ele=6.48283, non_prompt_stat_muon=4.97224, others_stat_ele=-3.70779, others_stat_muon=-4.63934, others_xs=-5.07273, param=0.308576, pdf_ele=-6.99882, pdf_muon=5.77545, photon_id=6.46737, pileup=-6.86882, scale_ele=-5.76298, scale_muon=-4.49563
RooProdPdf::model_s[ modelObs_s * nuisancePdf ]
     getLogVal() top-level p.d.f evaluates to zero @ !pdfs=(modelObs_s = 0/1,nuisancePdf = 1)

[#0] WARNING:Minization -- RooMinimizerFcn: Minimized function has error status.
Returning maximum FCN so far (737.055) to force MIGRAD to back out of this region. Error log follows
Parameter values: JER_ele=1.6013, JER_muon=-0.954912, JES_ele=2.92957, JES_muon=2.88568, QCD_stat_ele=4.15593, QCD_stat_muon=1.80619, VBS_stat_ele=-1.08023, VBS_stat_muon=0.119342, ele_efficiency=1.90561, ele_trigger=2.83877, fakephoton_ele=6.08223, fakephoton_muon=1.22232, interference=1.20168, lumi=0.913266, mu_efficiency=2.37478, mu_trigger=0.954955, non_prompt_stat_ele=6.75229, non_prompt_stat_muon=4.97855, others_stat_ele=2.77604, others_stat_muon=2.75249, others_xs=1.86546, param=0.306384, pdf_ele=6.12716, pdf_muon=3.62039, photon_id=5.47701, pileup=-2.11961, scale_ele=-0.277188, scale_muon=-5.85353
RooProdPdf::model_s[ modelObs_s * nuisancePdf ]
     getLogVal() top-level p.d.f evaluates to zero @ !pdfs=(modelObs_s = 0/1,nuisancePdf = 1)

[#0] WARNING:Minization -- RooMinimizerFcn: Minimized function has error status.
Returning maximum FCN so far (1140.11) to force MIGRAD to back out of this region. Error log follows
Parameter values: JER_ele=-0.221628, JER_muon=-6.6864, JES_ele=4.10774, JES_muon=3.63553, QCD_stat_ele=6.99999, QCD_stat_muon=6.99726, VBS_stat_ele=1.60716, VBS_stat_muon=6.9103, ele_efficiency=6.80183, ele_trigger=4.76774, fakephoton_ele=3.31679, fakephoton_muon=-5.35949, interference=-6.92104, lumi=6.57915, mu_efficiency=5.44132, mu_trigger=6.46836, non_prompt_stat_ele=6.90304, non_prompt_stat_muon=-3.56809, others_stat_ele=-3.63746, others_stat_muon=-3.78706, others_xs=-1.63872, param=0.000555623, pdf_ele=0.057335, pdf_muon=1.46218, photon_id=5.27184, pileup=-1.48029, scale_ele=6.92478, scale_muon=-6.48022
RooProdPdf::model_s[ modelObs_s * nuisancePdf ]
     getLogVal() top-level p.d.f evaluates to zero @ !pdfs=(modelObs_s = 0/1,nuisancePdf = 1)

[#0] WARNING:Minization -- RooMinimizerFcn: Minimized function has error status.
Returning maximum FCN so far (1140.11) to force MIGRAD to back out of this region. Error log follows
Parameter values: JER_ele=6.97979, JER_muon=4.85459, JES_ele=5.54259, JES_muon=-3.32179, QCD_stat_ele=4.98895, QCD_stat_muon=2.51383, VBS_stat_ele=3.79947, VBS_stat_muon=3.00389, ele_efficiency=1.44096, ele_trigger=6.9836, fakephoton_ele=-6.92802, fakephoton_muon=6.87194, interference=6.30045, lumi=4.89531, mu_efficiency=5.86137, mu_trigger=-5.70198, non_prompt_stat_ele=3.75807, non_prompt_stat_muon=6.96908, others_stat_ele=1.44677, others_stat_muon=-1.12257, others_xs=1.54599, param=0.206978, pdf_ele=5.92045, pdf_muon=6.08472, photon_id=-0.42629, pileup=1.07623, scale_ele=3.32275, scale_muon=-6.76519
RooProdPdf::model_s[ modelObs_s * nuisancePdf ]
     getLogVal() top-level p.d.f evaluates to zero @ !pdfs=(modelObs_s = 0/1,nuisancePdf = 1)

[#0] WARNING:Minization -- RooMinimizerFcn: Minimized function has error status.
Returning maximum FCN so far (1140.11) to force MIGRAD to back out of this region. Error log follows
Parameter values: JER_ele=1.90266, JER_muon=3.02696, JES_ele=0.574166, JES_muon=6.69171, QCD_stat_ele=6.97813, QCD_stat_muon=5.59248, VBS_stat_ele=2.54667, VBS_stat_muon=-6.22933, ele_efficiency=-0.17683, ele_trigger=1.06612, fakephoton_ele=4.32501, fakephoton_muon=2.0391, interference=3.8119, lumi=2.34818, mu_efficiency=1.30244, mu_trigger=4.95271, non_prompt_stat_ele=6.33554, non_prompt_stat_muon=-0.190816, others_stat_ele=3.2474, others_stat_muon=4.77334, others_xs=4.64558, param=0.20751, pdf_ele=2.31406, pdf_muon=6.99077, photon_id=6.72738, pileup=-0.249913, scale_ele=1.77585, scale_muon=-3.16209
RooProdPdf::model_s[ modelObs_s * nuisancePdf ]
     getLogVal() top-level p.d.f evaluates to zero @ !pdfs=(modelObs_s = 0/1,nuisancePdf = 1)

[#0] WARNING:Minization -- RooMinimizerFcn: Minimized function has error status.
Returning maximum FCN so far (1140.11) to force MIGRAD to back out of this region. Error log follows
Parameter values: JER_ele=1.35999, JER_muon=4.15838, JES_ele=0.354512, JES_muon=6.52902, QCD_stat_ele=6.16333, QCD_stat_muon=2.26129, VBS_stat_ele=1.90207, VBS_stat_muon=-0.95091, ele_efficiency=-0.245978, ele_trigger=1.16789, fakephoton_ele=3.27549, fakephoton_muon=-0.380006, interference=3.79168, lumi=2.53918, mu_efficiency=1.31055, mu_trigger=5.10516, non_prompt_stat_ele=5.15374, non_prompt_stat_muon=-5.41232, others_stat_ele=2.61089, others_stat_muon=5.25791, others_xs=4.37985, param=0.207202, pdf_ele=1.8617, pdf_muon=6.97064, photon_id=6.15888, pileup=-0.260104, scale_ele=1.36754, scale_muon=-1.34217
RooProdPdf::model_s[ modelObs_s * nuisancePdf ]
     getLogVal() top-level p.d.f evaluates to zero @ !pdfs=(modelObs_s = 0/1,nuisancePdf = 1)


 -- Hybrid New -- 
CLs = 0.987903 +/- 0.010139
Done in 16.62 min (cpu), 16.86 min (real)
