 <<< Combine >>> 
>>> including systematics
>>> using the Profile Likelihood test statistics modified for upper limits (Q_LHC)
>>> method used is HybridNew
>>> Used OpenSSL to get a really random seed 596916551
Computing results starting from observation (a-posteriori)
[#0] WARNING:Minization -- RooMinimizerFcn: Minimized function has error status.
Returning maximum FCN so far (723.795) to force MIGRAD to back out of this region. Error log follows
Parameter values: JER_ele=4.64766, JER_muon=6.99938, JES_ele=6.99754, JES_muon=3.06808, QCD_stat_ele=-5.53394, QCD_stat_muon=1.50674, VBS_stat_ele=5.99493, VBS_stat_muon=-4.60768, ele_efficiency=5.66908, ele_trigger=6.02973, fakephoton_ele=6.59969, fakephoton_muon=-4.87982, interference=-0.0335736, lumi=-6.19708, mu_efficiency=-2.62683, mu_trigger=-6.41423, non_prompt_stat_ele=6.47695, non_prompt_stat_muon=6.97838, others_stat_ele=-6.9509, others_stat_muon=3.55865, others_xs=1.25912, param=0.816249, pdf_ele=3.1286, pdf_muon=-1.17115, photon_id=5.68438, pileup=5.67065, scale_ele=-6.90063, scale_muon=3.43189
RooProdPdf::model_s[ modelObs_s * nuisancePdf ]
     getLogVal() top-level p.d.f evaluates to zero @ !pdfs=(modelObs_s = 0/1,nuisancePdf = 1)

[#0] WARNING:Minization -- RooMinimizerFcn: Minimized function has error status.
Returning maximum FCN so far (723.795) to force MIGRAD to back out of this region. Error log follows
Parameter values: JER_ele=4.79749, JER_muon=-0.353983, JES_ele=0.136573, JES_muon=-1.84704, QCD_stat_ele=4.51044, QCD_stat_muon=-0.952088, VBS_stat_ele=-6.968, VBS_stat_muon=6.05594, ele_efficiency=0.510528, ele_trigger=2.97822, fakephoton_ele=6.9216, fakephoton_muon=2.77934, interference=2.35899, lumi=5.59037, mu_efficiency=-0.337459, mu_trigger=0.0330708, non_prompt_stat_ele=4.95893, non_prompt_stat_muon=2.33303, others_stat_ele=-1.64707, others_stat_muon=-1.51707, others_xs=-0.454095, param=0.820246, pdf_ele=6.99733, pdf_muon=0.17034, photon_id=6.25618, pileup=0.899562, scale_ele=5.54734, scale_muon=-6.87022
RooProdPdf::model_s[ modelObs_s * nuisancePdf ]
     getLogVal() top-level p.d.f evaluates to zero @ !pdfs=(modelObs_s = 0/1,nuisancePdf = 1)

[#0] WARNING:Minization -- RooMinimizerFcn: Minimized function has error status.
Returning maximum FCN so far (725.949) to force MIGRAD to back out of this region. Error log follows
Parameter values: JER_ele=-2.58341, JER_muon=-3.73553, JES_ele=-6.95319, JES_muon=-4.96449, QCD_stat_ele=3.53851, QCD_stat_muon=1.95617, VBS_stat_ele=3.11588, VBS_stat_muon=1.94618, ele_efficiency=-1.82828, ele_trigger=-5.21857, fakephoton_ele=5.65191, fakephoton_muon=1.76525, interference=-1.21063, lumi=0.266458, mu_efficiency=-1.16515, mu_trigger=-3.18973, non_prompt_stat_ele=6.94459, non_prompt_stat_muon=-0.582586, others_stat_ele=-6.98926, others_stat_muon=-4.81687, others_xs=-5.21274, param=0.820375, pdf_ele=-4.43702, pdf_muon=-5.07699, photon_id=-6.99938, pileup=0.201393, scale_ele=6.97633, scale_muon=1.92041
RooProdPdf::model_s[ modelObs_s * nuisancePdf ]
     getLogVal() top-level p.d.f evaluates to zero @ !pdfs=(modelObs_s = 0/1,nuisancePdf = 1)

[#0] WARNING:Minization -- RooMinimizerFcn: Minimized function has error status.
Returning maximum FCN so far (906.517) to force MIGRAD to back out of this region. Error log follows
Parameter values: JER_ele=6.99877, JER_muon=6.86321, JES_ele=6.40621, JES_muon=-6.90287, QCD_stat_ele=-5.01003, QCD_stat_muon=6.38252, VBS_stat_ele=-6.14032, VBS_stat_muon=-6.97309, ele_efficiency=-6.36624, ele_trigger=-6.37531, fakephoton_ele=0.692979, fakephoton_muon=-6.99442, interference=3.94858, lumi=3.22811, mu_efficiency=-4.14641, mu_trigger=6.20349, non_prompt_stat_ele=6.8094, non_prompt_stat_muon=2.59955, others_stat_ele=2.63748, others_stat_muon=5.83847, others_xs=6.29016, param=0.639771, pdf_ele=1.67158, pdf_muon=3.3783, photon_id=-3.67054, pileup=-0.407854, scale_ele=-3.30236, scale_muon=-3.42194
RooProdPdf::model_s[ modelObs_s * nuisancePdf ]
     getLogVal() top-level p.d.f evaluates to zero @ !pdfs=(modelObs_s = 0/1,nuisancePdf = 1)

[#0] WARNING:Minization -- RooMinimizerFcn: Minimized function has error status.
Returning maximum FCN so far (721.18) to force MIGRAD to back out of this region. Error log follows
Parameter values: JER_ele=-4.1645, JER_muon=5.7366, JES_ele=-0.20223, JES_muon=2.61385, QCD_stat_ele=-5.18377, QCD_stat_muon=-1.22175, VBS_stat_ele=-4.6046, VBS_stat_muon=4.25359, ele_efficiency=-3.73294, ele_trigger=-6.43956, fakephoton_ele=5.83888, fakephoton_muon=2.08623, interference=-5.79848, lumi=-4.02521, mu_efficiency=1.71102, mu_trigger=-6.99774, non_prompt_stat_ele=6.17592, non_prompt_stat_muon=3.51013, others_stat_ele=-6.80246, others_stat_muon=6.83455, others_xs=1.0665, param=0.528212, pdf_ele=5.62226, pdf_muon=-6.28764, photon_id=-3.37033, pileup=4.51052, scale_ele=-6.76475, scale_muon=-5.01382
RooProdPdf::model_s[ modelObs_s * nuisancePdf ]
     getLogVal() top-level p.d.f evaluates to zero @ !pdfs=(modelObs_s = 0/1,nuisancePdf = 1)

[#0] WARNING:Minization -- RooMinimizerFcn: Minimized function has error status.
Returning maximum FCN so far (1013.37) to force MIGRAD to back out of this region. Error log follows
Parameter values: JER_ele=-6.479, JER_muon=6.48339, JES_ele=-4.4295, JES_muon=6.97018, QCD_stat_ele=-4.9014, QCD_stat_muon=-4.33311, VBS_stat_ele=-5.29629, VBS_stat_muon=-6.94005, ele_efficiency=0.0805068, ele_trigger=-6.84807, fakephoton_ele=2.10274, fakephoton_muon=-5.23602, interference=-0.349816, lumi=6.99974, mu_efficiency=6.92142, mu_trigger=6.02381, non_prompt_stat_ele=7, non_prompt_stat_muon=-4.97635, others_stat_ele=0.922605, others_stat_muon=6.72916, others_xs=6.92491, param=0.618653, pdf_ele=6.88357, pdf_muon=-4.82541, photon_id=6.38005, pileup=0.0820984, scale_ele=4.36587, scale_muon=-6.1171
RooProdPdf::model_s[ modelObs_s * nuisancePdf ]
     getLogVal() top-level p.d.f evaluates to zero @ !pdfs=(modelObs_s = 0/1,nuisancePdf = 1)


 -- Hybrid New -- 
CLs = 1.00813 +/- 0.0121901
Done in 16.32 min (cpu), 16.41 min (real)
