 <<< Combine >>> 
>>> including systematics
>>> using the Profile Likelihood test statistics modified for upper limits (Q_LHC)
>>> method used is HybridNew
>>> Used OpenSSL to get a really random seed 2067486150
Computing results starting from observation (a-posteriori)
[#0] WARNING:Minization -- RooMinimizerFcn: Minimized function has error status.
Returning maximum FCN so far (41.7846) to force MIGRAD to back out of this region. Error log follows
Parameter values: JER_ele=-2.06725, JER_muon=-1.52634, JES_ele=0.00940806, JES_muon=-0.122742, QCD_stat_ele=2.49525, QCD_stat_muon=0.350912, VBS_stat_ele=-0.166704, VBS_stat_muon=0.573393, ele_efficiency=-0.298471, ele_trigger=1.1316, fakephoton_ele=1.5045, fakephoton_muon=0.701522, interference=0.0718069, lumi=0.300885, mu_efficiency=1.29979, mu_trigger=0.095006, non_prompt_stat_ele=6.85688, non_prompt_stat_muon=0.770041, others_stat_ele=-0.651593, others_stat_muon=1.1779, others_xs=0.109315, param=1.65, pdf_ele=0.337769, pdf_muon=2.48417, photon_id=0.0851741, pileup=0.123882, scale_ele=-1.1798, scale_muon=0.17405
RooProdPdf::model_s[ modelObs_s * nuisancePdf ]
     getLogVal() top-level p.d.f evaluates to zero @ !pdfs=(modelObs_s = 0/1,nuisancePdf = 1)

[#0] WARNING:Minization -- RooMinimizerFcn: Minimized function has error status.
Returning maximum FCN so far (145.148) to force MIGRAD to back out of this region. Error log follows
Parameter values: JER_ele=-3.18137, JER_muon=-2.12382, JES_ele=-0.745965, JES_muon=-0.307752, QCD_stat_ele=1.30842, QCD_stat_muon=0.102719, VBS_stat_ele=-1.16858, VBS_stat_muon=0.661526, ele_efficiency=-0.560673, ele_trigger=0.874186, fakephoton_ele=3.48417, fakephoton_muon=0.881223, interference=-0.0704041, lumi=-0.0325485, mu_efficiency=1.68853, mu_trigger=0.00776011, non_prompt_stat_ele=6.37873, non_prompt_stat_muon=0.939938, others_stat_ele=-2.1068, others_stat_muon=1.40578, others_xs=-0.394217, param=1.65, pdf_ele=-0.588155, pdf_muon=3.16122, photon_id=-0.877179, pileup=0.125155, scale_ele=-3.1305, scale_muon=-0.0434188
RooProdPdf::model_s[ modelObs_s * nuisancePdf ]
     getLogVal() top-level p.d.f evaluates to zero @ !pdfs=(modelObs_s = 0/1,nuisancePdf = 1)

[#0] WARNING:Minization -- RooMinimizerFcn: Minimized function has error status.
Returning maximum FCN so far (1084.97) to force MIGRAD to back out of this region. Error log follows
Parameter values: JER_ele=-2.04753, JER_muon=-5.95607, JES_ele=3.38849, JES_muon=-1.05162, QCD_stat_ele=-5.57856, QCD_stat_muon=2.82327, VBS_stat_ele=-4.70973, VBS_stat_muon=4.51338, ele_efficiency=-0.88776, ele_trigger=-6.71326, fakephoton_ele=5.37681, fakephoton_muon=-4.75449, interference=-0.38485, lumi=-6.98958, mu_efficiency=2.4683, mu_trigger=6.39855, non_prompt_stat_ele=6.98258, non_prompt_stat_muon=-0.47521, others_stat_ele=1.6454, others_stat_muon=5.35614, others_xs=5.03573, param=0.0406014, pdf_ele=2.57373, pdf_muon=-6.97652, photon_id=-2.21, pileup=-5.55144, scale_ele=4.72391, scale_muon=3.4279
RooProdPdf::model_s[ modelObs_s * nuisancePdf ]
     getLogVal() top-level p.d.f evaluates to zero @ !pdfs=(modelObs_s = 0/1,nuisancePdf = 1)

[#0] WARNING:Minization -- RooMinimizerFcn: Minimized function has error status.
Returning maximum FCN so far (1084.97) to force MIGRAD to back out of this region. Error log follows
Parameter values: JER_ele=-4.41326, JER_muon=5.05261, JES_ele=3.17125, JES_muon=-4.94382, QCD_stat_ele=6.6861, QCD_stat_muon=0.613476, VBS_stat_ele=6.96008, VBS_stat_muon=-2.09973, ele_efficiency=-5.10477, ele_trigger=6.04775, fakephoton_ele=6.65258, fakephoton_muon=2.1225, interference=5.57358, lumi=-3.89645, mu_efficiency=-2.18663, mu_trigger=-2.40189, non_prompt_stat_ele=6.55467, non_prompt_stat_muon=2.04783, others_stat_ele=2.97745, others_stat_muon=5.82649, others_xs=-5.46321, param=1.06616, pdf_ele=5.32861, pdf_muon=-1.24733, photon_id=-2.55271, pileup=2.07668, scale_ele=-0.111083, scale_muon=4.55646
RooProdPdf::model_s[ modelObs_s * nuisancePdf ]
     getLogVal() top-level p.d.f evaluates to zero @ !pdfs=(modelObs_s = 0/1,nuisancePdf = 1)

[#0] WARNING:Minization -- RooMinimizerFcn: Minimized function has error status.
Returning maximum FCN so far (400.631) to force MIGRAD to back out of this region. Error log follows
Parameter values: JER_ele=-4.7894, JER_muon=4.84965, JES_ele=-1.49655, JES_muon=0.680497, QCD_stat_ele=4.21992, QCD_stat_muon=-6.46017, VBS_stat_ele=-2.60223, VBS_stat_muon=6.78019, ele_efficiency=1.94996, ele_trigger=-3.01724, fakephoton_ele=3.15529, fakephoton_muon=-0.0583773, interference=0.313803, lumi=0.587488, mu_efficiency=3.48039, mu_trigger=-4.74905, non_prompt_stat_ele=6.70772, non_prompt_stat_muon=-6.20238, others_stat_ele=2.79186, others_stat_muon=6.63345, others_xs=0.621209, param=0.189927, pdf_ele=-4.1362, pdf_muon=0.477378, photon_id=4.48857, pileup=-5.06568, scale_ele=1.676, scale_muon=2.63563
RooProdPdf::model_s[ modelObs_s * nuisancePdf ]
     getLogVal() top-level p.d.f evaluates to zero @ !pdfs=(modelObs_s = 0/1,nuisancePdf = 1)

[#0] WARNING:Minization -- RooMinimizerFcn: Minimized function has error status.
Returning maximum FCN so far (724.162) to force MIGRAD to back out of this region. Error log follows
Parameter values: JER_ele=5.78873, JER_muon=-5.28596, JES_ele=4.46816, JES_muon=-1.9451, QCD_stat_ele=5.60077, QCD_stat_muon=-6.11025, VBS_stat_ele=1.95712, VBS_stat_muon=-5.87223, ele_efficiency=-6.02728, ele_trigger=6.69462, fakephoton_ele=6.15331, fakephoton_muon=-0.513395, interference=1.38221, lumi=-5.62679, mu_efficiency=1.79387, mu_trigger=-2.90382, non_prompt_stat_ele=4.69704, non_prompt_stat_muon=0.468357, others_stat_ele=4.39959, others_stat_muon=1.30077, others_xs=6.98449, param=0.538279, pdf_ele=6.77848, pdf_muon=-4.75713, photon_id=5.02322, pileup=2.56495, scale_ele=-5.83523, scale_muon=-6.28627
RooProdPdf::model_s[ modelObs_s * nuisancePdf ]
     getLogVal() top-level p.d.f evaluates to zero @ !pdfs=(modelObs_s = 0/1,nuisancePdf = 1)

[#0] WARNING:Minization -- RooMinimizerFcn: Minimized function has error status.
Returning maximum FCN so far (732.963) to force MIGRAD to back out of this region. Error log follows
Parameter values: JER_ele=-5.88624, JER_muon=6.90328, JES_ele=6.99955, JES_muon=-2.01961, QCD_stat_ele=3.49054, QCD_stat_muon=-6.16801, VBS_stat_ele=5.74999, VBS_stat_muon=5.0766, ele_efficiency=2.09104, ele_trigger=-6.88645, fakephoton_ele=5.1112, fakephoton_muon=-5.87984, interference=2.29228, lumi=0.473787, mu_efficiency=5.68799, mu_trigger=-0.189169, non_prompt_stat_ele=6.43119, non_prompt_stat_muon=-6.61965, others_stat_ele=2.4778, others_stat_muon=-1.48187, others_xs=4.76908, param=0.54754, pdf_ele=-6.20173, pdf_muon=2.56755, photon_id=4.49377, pileup=6.97009, scale_ele=4.40705, scale_muon=2.14588
RooProdPdf::model_s[ modelObs_s * nuisancePdf ]
     getLogVal() top-level p.d.f evaluates to zero @ !pdfs=(modelObs_s = 0/1,nuisancePdf = 1)

[#0] WARNING:Minization -- RooMinimizerFcn: Minimized function has error status.
Returning maximum FCN so far (732.963) to force MIGRAD to back out of this region. Error log follows
Parameter values: JER_ele=6.90566, JER_muon=6.90888, JES_ele=-5.14054, JES_muon=2.62591, QCD_stat_ele=-6.97706, QCD_stat_muon=3.2734, VBS_stat_ele=-6.8591, VBS_stat_muon=5.66657, ele_efficiency=-4.33542, ele_trigger=6.99303, fakephoton_ele=6.99943, fakephoton_muon=-6.75996, interference=-2.52959, lumi=-6.57786, mu_efficiency=4.08049, mu_trigger=2.11293, non_prompt_stat_ele=6.24172, non_prompt_stat_muon=-5.93782, others_stat_ele=-6.97783, others_stat_muon=-5.89511, others_xs=-6.82712, param=0.545943, pdf_ele=-5.88638, pdf_muon=-1.95353, photon_id=6.95998, pileup=6.66528, scale_ele=1.4586, scale_muon=6.33367
RooProdPdf::model_s[ modelObs_s * nuisancePdf ]
     getLogVal() top-level p.d.f evaluates to zero @ !pdfs=(modelObs_s = 0/1,nuisancePdf = 1)

[#0] WARNING:Minization -- RooMinimizerFcn: Minimized function has error status.
Returning maximum FCN so far (609.279) to force MIGRAD to back out of this region. Error log follows
Parameter values: JER_ele=0.939385, JER_muon=-6.39647, JES_ele=0.444083, JES_muon=6.99893, QCD_stat_ele=-2.69736, QCD_stat_muon=6.20589, VBS_stat_ele=-5.84174, VBS_stat_muon=-5.60446, ele_efficiency=-1.2612, ele_trigger=6.90679, fakephoton_ele=6.61141, fakephoton_muon=6.92122, interference=5.68689, lumi=-4.1712, mu_efficiency=-3.58571, mu_trigger=-2.03879, non_prompt_stat_ele=6.87148, non_prompt_stat_muon=4.87664, others_stat_ele=6.47738, others_stat_muon=-5.31492, others_xs=-0.44747, param=0.408059, pdf_ele=6.40348, pdf_muon=4.70675, photon_id=-1.73222, pileup=-4.45663, scale_ele=3.49134, scale_muon=-5.13475
RooProdPdf::model_s[ modelObs_s * nuisancePdf ]
     getLogVal() top-level p.d.f evaluates to zero @ !pdfs=(modelObs_s = 0/1,nuisancePdf = 1)

[#0] WARNING:Minization -- RooMinimizerFcn: Minimized function has error status.
Returning maximum FCN so far (609.279) to force MIGRAD to back out of this region. Error log follows
Parameter values: JER_ele=-0.427136, JER_muon=-2.25208, JES_ele=3.216, JES_muon=-4.92229, QCD_stat_ele=5.25236, QCD_stat_muon=-6.80629, VBS_stat_ele=6.97832, VBS_stat_muon=-6.10854, ele_efficiency=1.34632, ele_trigger=-0.0252558, fakephoton_ele=6.1001, fakephoton_muon=-1.86267, interference=-0.832316, lumi=0.426041, mu_efficiency=-3.48037, mu_trigger=-4.79444, non_prompt_stat_ele=4.0655, non_prompt_stat_muon=-6.04365, others_stat_ele=2.36228, others_stat_muon=-5.85334, others_xs=3.50293, param=0.377358, pdf_ele=1.82167, pdf_muon=-5.88502, photon_id=-4.45863, pileup=4.31048, scale_ele=6.7567, scale_muon=-4.41132
RooProdPdf::model_s[ modelObs_s * nuisancePdf ]
     getLogVal() top-level p.d.f evaluates to zero @ !pdfs=(modelObs_s = 0/1,nuisancePdf = 1)

[#0] WARNING:Minization -- RooMinimizerFcn: Minimized function has error status.
Returning maximum FCN so far (693.841) to force MIGRAD to back out of this region. Error log follows
Parameter values: JER_ele=-5.51631, JER_muon=5.31721, JES_ele=1.98562, JES_muon=6.62649, QCD_stat_ele=3.62504, QCD_stat_muon=-4.5021, VBS_stat_ele=6.0119, VBS_stat_muon=-3.48102, ele_efficiency=4.47234, ele_trigger=-5.69656, fakephoton_ele=5.35814, fakephoton_muon=-1.62097, interference=6.96952, lumi=6.97127, mu_efficiency=-5.60348, mu_trigger=-0.84343, non_prompt_stat_ele=4.43147, non_prompt_stat_muon=2.1884, others_stat_ele=-6.5113, others_stat_muon=-4.59533, others_xs=-4.67357, param=0.366042, pdf_ele=-6.66021, pdf_muon=-0.500934, photon_id=-1.71901, pileup=-6.97226, scale_ele=-1.59557, scale_muon=5.51607
RooProdPdf::model_s[ modelObs_s * nuisancePdf ]
     getLogVal() top-level p.d.f evaluates to zero @ !pdfs=(modelObs_s = 0/1,nuisancePdf = 1)

[#0] WARNING:Minization -- RooMinimizerFcn: Minimized function has error status.
Returning maximum FCN so far (693.841) to force MIGRAD to back out of this region. Error log follows
Parameter values: JER_ele=0.424512, JER_muon=-3.39721, JES_ele=4.49375, JES_muon=-6.03833, QCD_stat_ele=6.78938, QCD_stat_muon=-6.98155, VBS_stat_ele=4.7357, VBS_stat_muon=-6.84236, ele_efficiency=1.66266, ele_trigger=1.08627, fakephoton_ele=6.99999, fakephoton_muon=-2.6488, interference=-1.53671, lumi=0.134341, mu_efficiency=-3.90557, mu_trigger=-5.7904, non_prompt_stat_ele=6.60103, non_prompt_stat_muon=-6.86661, others_stat_ele=3.92974, others_stat_muon=-6.89654, others_xs=4.44261, param=0.377822, pdf_ele=3.68581, pdf_muon=-6.9036, photon_id=-4.78805, pileup=4.94073, scale_ele=6.39152, scale_muon=0.444745
RooProdPdf::model_s[ modelObs_s * nuisancePdf ]
     getLogVal() top-level p.d.f evaluates to zero @ !pdfs=(modelObs_s = 0/1,nuisancePdf = 1)


 -- Hybrid New -- 
CLs = 0.995935 +/- 0.0130196
Done in 17.45 min (cpu), 18.33 min (real)
