 <<< Combine >>> 
>>> including systematics
>>> using the Profile Likelihood test statistics modified for upper limits (Q_LHC)
>>> method used is HybridNew
>>> Used OpenSSL to get a really random seed -1353632270
Computing results starting from observation (a-posteriori)
[#0] WARNING:Minization -- RooMinimizerFcn: Minimized function has error status.
Returning maximum FCN so far (398.771) to force MIGRAD to back out of this region. Error log follows
Parameter values: JER_ele=6.47893, JER_muon=0.479175, JES_ele=6.16017, JES_muon=-0.463203, QCD_stat_ele=2.2478, QCD_stat_muon=-2.24149, VBS_stat_ele=-3.69173, VBS_stat_muon=4.37035, ele_efficiency=-5.8176, ele_trigger=-0.955152, fakephoton_ele=6.62325, fakephoton_muon=-5.19443, interference=6.85269, lumi=-0.517847, mu_efficiency=-5.89372, mu_trigger=-0.770224, non_prompt_stat_ele=3.1402, non_prompt_stat_muon=-6.99983, others_stat_ele=-2.01268, others_stat_muon=6.92248, others_xs=-4.90679, param=2.03423, pdf_ele=2.76286, pdf_muon=4.80601, photon_id=6.99794, pileup=-5.19659, scale_ele=-1.4073, scale_muon=2.28805
RooProdPdf::model_s[ modelObs_s * nuisancePdf ]
     getLogVal() top-level p.d.f evaluates to zero @ !pdfs=(modelObs_s = 0/1,nuisancePdf = 1)

[#0] WARNING:Minization -- RooMinimizerFcn: Minimized function has error status.
Returning maximum FCN so far (398.771) to force MIGRAD to back out of this region. Error log follows
Parameter values: JER_ele=0.602802, JER_muon=-0.453763, JES_ele=0.809339, JES_muon=0.12002, QCD_stat_ele=-0.0441609, QCD_stat_muon=0.538183, VBS_stat_ele=4.24127, VBS_stat_muon=-0.912085, ele_efficiency=-0.597288, ele_trigger=0.672997, fakephoton_ele=5.25748, fakephoton_muon=1.87802, interference=-0.513967, lumi=1.52438, mu_efficiency=-0.309622, mu_trigger=-0.307881, non_prompt_stat_ele=6.46722, non_prompt_stat_muon=0.607525, others_stat_ele=1.72386, others_stat_muon=-0.0476126, others_xs=0.997972, param=2.04863, pdf_ele=0.904758, pdf_muon=-0.363254, photon_id=0.774928, pileup=-0.295299, scale_ele=-3.45458, scale_muon=1.31205
RooProdPdf::model_s[ modelObs_s * nuisancePdf ]
     getLogVal() top-level p.d.f evaluates to zero @ !pdfs=(modelObs_s = 0/1,nuisancePdf = 1)

[#0] WARNING:Minization -- RooMinimizerFcn: Minimized function has error status.
Returning maximum FCN so far (463.311) to force MIGRAD to back out of this region. Error log follows
Parameter values: JER_ele=-0.409468, JER_muon=0.00458552, JES_ele=0.330847, JES_muon=0.344437, QCD_stat_ele=0.992474, QCD_stat_muon=0.849803, VBS_stat_ele=4.1249, VBS_stat_muon=-0.811157, ele_efficiency=-0.995122, ele_trigger=-0.419108, fakephoton_ele=6.57154, fakephoton_muon=0.942687, interference=-0.86826, lumi=1.32765, mu_efficiency=-0.294932, mu_trigger=0.352522, non_prompt_stat_ele=6.48176, non_prompt_stat_muon=0.70719, others_stat_ele=-0.0102297, others_stat_muon=0.0904348, others_xs=0.752503, param=2.05203, pdf_ele=-0.369812, pdf_muon=0.151527, photon_id=-0.318231, pileup=-0.333229, scale_ele=-3.4082, scale_muon=1.27993
RooProdPdf::model_s[ modelObs_s * nuisancePdf ]
     getLogVal() top-level p.d.f evaluates to zero @ !pdfs=(modelObs_s = 0/1,nuisancePdf = 1)

[#0] WARNING:Minization -- RooMinimizerFcn: Minimized function has error status.
Returning maximum FCN so far (610.477) to force MIGRAD to back out of this region. Error log follows
Parameter values: JER_ele=2.13368, JER_muon=-2.60468, JES_ele=1.5924, JES_muon=-0.877847, QCD_stat_ele=5.41871, QCD_stat_muon=-1.26127, VBS_stat_ele=0.201487, VBS_stat_muon=-0.999925, ele_efficiency=-0.480182, ele_trigger=2.95594, fakephoton_ele=5.40586, fakephoton_muon=-0.377124, interference=1.74296, lumi=-0.36301, mu_efficiency=-0.784689, mu_trigger=-3.25352, non_prompt_stat_ele=5.61164, non_prompt_stat_muon=0.815349, others_stat_ele=3.32918, others_stat_muon=-0.333896, others_xs=0.173307, param=1.68675, pdf_ele=2.06535, pdf_muon=-0.970547, photon_id=2.02685, pileup=-0.869139, scale_ele=0.167293, scale_muon=-2.99965
RooProdPdf::model_s[ modelObs_s * nuisancePdf ]
     getLogVal() top-level p.d.f evaluates to zero @ !pdfs=(modelObs_s = 0/1,nuisancePdf = 1)

[#0] WARNING:Minization -- RooMinimizerFcn: Minimized function has error status.
Returning maximum FCN so far (610.477) to force MIGRAD to back out of this region. Error log follows
Parameter values: JER_ele=4.90971, JER_muon=-5.40029, JES_ele=3.12663, JES_muon=-1.77199, QCD_stat_ele=3.46265, QCD_stat_muon=-4.426, VBS_stat_ele=1.72757, VBS_stat_muon=-1.68883, ele_efficiency=-1.21739, ele_trigger=5.83875, fakephoton_ele=6.46271, fakephoton_muon=-0.483117, interference=4.43475, lumi=-0.639135, mu_efficiency=-1.72225, mu_trigger=-6.32531, non_prompt_stat_ele=6.44041, non_prompt_stat_muon=2.61236, others_stat_ele=6.62541, others_stat_muon=-0.64229, others_xs=0.337112, param=1.69504, pdf_ele=4.34823, pdf_muon=-1.95703, photon_id=4.28933, pileup=-2.03222, scale_ele=1.9795, scale_muon=-5.51998
RooProdPdf::model_s[ modelObs_s * nuisancePdf ]
     getLogVal() top-level p.d.f evaluates to zero @ !pdfs=(modelObs_s = 0/1,nuisancePdf = 1)

[#0] WARNING:Minization -- RooMinimizerFcn: Minimized function has error status.
Returning maximum FCN so far (1003.64) to force MIGRAD to back out of this region. Error log follows
Parameter values: JER_ele=-6.96832, JER_muon=6.3334, JES_ele=2.32123, JES_muon=-6.96805, QCD_stat_ele=6.73817, QCD_stat_muon=2.60741, VBS_stat_ele=1.78517, VBS_stat_muon=-5.87181, ele_efficiency=-6.30809, ele_trigger=4.02002, fakephoton_ele=6.81269, fakephoton_muon=4.89561, interference=-6.9939, lumi=-6.76544, mu_efficiency=4.30093, mu_trigger=1.11614, non_prompt_stat_ele=5.5992, non_prompt_stat_muon=-3.45005, others_stat_ele=-0.104292, others_stat_muon=4.72262, others_xs=5.9669, param=1.52269, pdf_ele=-4.36358, pdf_muon=-6.99697, photon_id=-5.66099, pileup=6.58275, scale_ele=2.76245, scale_muon=-5.88085
RooProdPdf::model_s[ modelObs_s * nuisancePdf ]
     getLogVal() top-level p.d.f evaluates to zero @ !pdfs=(modelObs_s = 0/1,nuisancePdf = 1)

[#0] WARNING:Minization -- RooMinimizerFcn: Minimized function has error status.
Returning maximum FCN so far (1012.34) to force MIGRAD to back out of this region. Error log follows
Parameter values: JER_ele=5.7368, JER_muon=6.99887, JES_ele=3.51343, JES_muon=-2.23464, QCD_stat_ele=0.354885, QCD_stat_muon=3.13998, VBS_stat_ele=-4.09029, VBS_stat_muon=-6.65394, ele_efficiency=3.92886, ele_trigger=4.18585, fakephoton_ele=6.78059, fakephoton_muon=2.02503, interference=5.63816, lumi=-5.68408, mu_efficiency=-0.810425, mu_trigger=0.527759, non_prompt_stat_ele=6.38877, non_prompt_stat_muon=6.44335, others_stat_ele=6.15514, others_stat_muon=-6.62688, others_xs=5.60397, param=1.11064, pdf_ele=1.17589, pdf_muon=-5.98569, photon_id=6.14534, pileup=-0.8866, scale_ele=6.12171, scale_muon=-6.93684
RooProdPdf::model_s[ modelObs_s * nuisancePdf ]
     getLogVal() top-level p.d.f evaluates to zero @ !pdfs=(modelObs_s = 0/1,nuisancePdf = 1)

[#0] WARNING:Minization -- RooMinimizerFcn: Minimized function has error status.
Returning maximum FCN so far (578.67) to force MIGRAD to back out of this region. Error log follows
Parameter values: JER_ele=6.13485, JER_muon=-6.99705, JES_ele=-2.32819, JES_muon=5.26971, QCD_stat_ele=6.81373, QCD_stat_muon=-2.05101, VBS_stat_ele=-4.87877, VBS_stat_muon=3.16443, ele_efficiency=1.78049, ele_trigger=-2.44277, fakephoton_ele=6.7208, fakephoton_muon=0.454678, interference=4.11907, lumi=5.65015, mu_efficiency=2.04471, mu_trigger=-2.36758, non_prompt_stat_ele=3.97951, non_prompt_stat_muon=-4.03771, others_stat_ele=-4.07191, others_stat_muon=4.85844, others_xs=-4.7702, param=1.86497, pdf_ele=-6.77876, pdf_muon=-5.33885, photon_id=-4.68859, pileup=-4.88765, scale_ele=6.09441, scale_muon=0.609695
RooProdPdf::model_s[ modelObs_s * nuisancePdf ]
     getLogVal() top-level p.d.f evaluates to zero @ !pdfs=(modelObs_s = 0/1,nuisancePdf = 1)

[#0] WARNING:Minization -- RooMinimizerFcn: Minimized function has error status.
Returning maximum FCN so far (644.173) to force MIGRAD to back out of this region. Error log follows
Parameter values: JER_ele=6.60308, JER_muon=-3.31339, JES_ele=-6.73399, JES_muon=-2.28581, QCD_stat_ele=-6.54644, QCD_stat_muon=4.36569, VBS_stat_ele=5.56126, VBS_stat_muon=2.2642, ele_efficiency=-6.22031, ele_trigger=-5.85946, fakephoton_ele=2.88666, fakephoton_muon=6.87088, interference=6.9785, lumi=6.96442, mu_efficiency=2.85155, mu_trigger=6.26299, non_prompt_stat_ele=5.6584, non_prompt_stat_muon=0.708465, others_stat_ele=-6.90935, others_stat_muon=5.58207, others_xs=5.91008, param=1.66844, pdf_ele=0.0752043, pdf_muon=-3.00362, photon_id=6.60811, pileup=-5.80852, scale_ele=2.34089, scale_muon=6.95868
RooProdPdf::model_s[ modelObs_s * nuisancePdf ]
     getLogVal() top-level p.d.f evaluates to zero @ !pdfs=(modelObs_s = 0/1,nuisancePdf = 1)

[#0] WARNING:Minization -- RooMinimizerFcn: Minimized function has error status.
Returning maximum FCN so far (644.173) to force MIGRAD to back out of this region. Error log follows
Parameter values: JER_ele=1.78114, JER_muon=0.139708, JES_ele=1.9353, JES_muon=-2.10158, QCD_stat_ele=3.17376, QCD_stat_muon=-3.26318, VBS_stat_ele=1.43477, VBS_stat_muon=-0.986246, ele_efficiency=-0.285526, ele_trigger=1.61508, fakephoton_ele=5.9337, fakephoton_muon=-1.66283, interference=-0.405383, lumi=0.616541, mu_efficiency=-0.408545, mu_trigger=-1.34663, non_prompt_stat_ele=6.97627, non_prompt_stat_muon=-2.96806, others_stat_ele=1.78011, others_stat_muon=-0.546447, others_xs=-0.0561856, param=2.24342, pdf_ele=2.59353, pdf_muon=-2.96558, photon_id=-0.745734, pileup=-0.089633, scale_ele=1.07554, scale_muon=1.8813
RooProdPdf::model_s[ modelObs_s * nuisancePdf ]
     getLogVal() top-level p.d.f evaluates to zero @ !pdfs=(modelObs_s = 0/1,nuisancePdf = 1)

[#0] WARNING:Minization -- RooMinimizerFcn: Minimized function has error status.
Returning maximum FCN so far (907.319) to force MIGRAD to back out of this region. Error log follows
Parameter values: JER_ele=-2.18215, JER_muon=3.1178, JES_ele=0.335306, JES_muon=6.42138, QCD_stat_ele=1.70334, QCD_stat_muon=-4.01859, VBS_stat_ele=0.0248162, VBS_stat_muon=6.99637, ele_efficiency=1.98608, ele_trigger=-0.551315, fakephoton_ele=6.85371, fakephoton_muon=6.06926, interference=4.15532, lumi=2.64553, mu_efficiency=2.09096, mu_trigger=5.98572, non_prompt_stat_ele=6.96566, non_prompt_stat_muon=5.60292, others_stat_ele=2.75015, others_stat_muon=5.51868, others_xs=5.74867, param=2.24348, pdf_ele=-1.15315, pdf_muon=6.38631, photon_id=6.99633, pileup=0.693091, scale_ele=1.64467, scale_muon=-3.3047
RooProdPdf::model_s[ modelObs_s * nuisancePdf ]
     getLogVal() top-level p.d.f evaluates to zero @ !pdfs=(modelObs_s = 0/1,nuisancePdf = 1)

[#0] WARNING:Minization -- RooMinimizerFcn: Minimized function has error status.
Returning maximum FCN so far (907.319) to force MIGRAD to back out of this region. Error log follows
Parameter values: JER_ele=-5.00532, JER_muon=-4.34001, JES_ele=-0.832334, JES_muon=-2.18584, QCD_stat_ele=0.736621, QCD_stat_muon=5.47156, VBS_stat_ele=-0.576996, VBS_stat_muon=5.96591, ele_efficiency=4.08976, ele_trigger=-2.33854, fakephoton_ele=6.85327, fakephoton_muon=5.57574, interference=0.378017, lumi=-2.59929, mu_efficiency=0.635142, mu_trigger=-0.198219, non_prompt_stat_ele=6.86815, non_prompt_stat_muon=6.93488, others_stat_ele=3.73839, others_stat_muon=-1.99289, others_xs=4.95911, param=2.24603, pdf_ele=-4.01007, pdf_muon=2.65144, photon_id=0.329254, pileup=0.690007, scale_ele=2.72491, scale_muon=-6.85319
RooProdPdf::model_s[ modelObs_s * nuisancePdf ]
     getLogVal() top-level p.d.f evaluates to zero @ !pdfs=(modelObs_s = 0/1,nuisancePdf = 1)

[#0] WARNING:Minization -- RooMinimizerFcn: Minimized function has error status.
Returning maximum FCN so far (907.319) to force MIGRAD to back out of this region. Error log follows
Parameter values: JER_ele=4.29835, JER_muon=0.57536, JES_ele=-2.5622, JES_muon=-6.15471, QCD_stat_ele=-4.42716, QCD_stat_muon=3.25022, VBS_stat_ele=4.93003, VBS_stat_muon=6.40281, ele_efficiency=-6.9182, ele_trigger=-6.22592, fakephoton_ele=6.08931, fakephoton_muon=5.13008, interference=-1.39164, lumi=2.71034, mu_efficiency=5.25767, mu_trigger=-0.455638, non_prompt_stat_ele=5.86186, non_prompt_stat_muon=5.355, others_stat_ele=6.61455, others_stat_muon=-2.35708, others_xs=-0.67133, param=2.25079, pdf_ele=2.09901, pdf_muon=-5.68571, photon_id=6.49676, pileup=4.40842, scale_ele=-6.00661, scale_muon=6.90877
RooProdPdf::model_s[ modelObs_s * nuisancePdf ]
     getLogVal() top-level p.d.f evaluates to zero @ !pdfs=(modelObs_s = 0/1,nuisancePdf = 1)

[#0] WARNING:Minization -- RooMinimizerFcn: Minimized function has error status.
Returning maximum FCN so far (519.708) to force MIGRAD to back out of this region. Error log follows
Parameter values: JER_ele=-3.85482, JER_muon=-3.51224, JES_ele=2.2327, JES_muon=1.47395, QCD_stat_ele=6.18928, QCD_stat_muon=4.77654, VBS_stat_ele=0.32227, VBS_stat_muon=1.98307, ele_efficiency=3.24296, ele_trigger=0.427907, fakephoton_ele=6.83493, fakephoton_muon=-6.94872, interference=4.73618, lumi=6.78009, mu_efficiency=0.979923, mu_trigger=4.10995, non_prompt_stat_ele=5.83385, non_prompt_stat_muon=-2.77023, others_stat_ele=6.13614, others_stat_muon=6.08411, others_xs=6.0689, param=1.50722, pdf_ele=-2.79537, pdf_muon=6.95961, photon_id=-5.88635, pileup=-6.00695, scale_ele=1.07594, scale_muon=6.85715
RooProdPdf::model_s[ modelObs_s * nuisancePdf ]
     getLogVal() top-level p.d.f evaluates to zero @ !pdfs=(modelObs_s = 0/1,nuisancePdf = 1)


 -- Hybrid New -- 
CLs = 0.984 +/- 0.00561142
Done in 17.64 min (cpu), 17.94 min (real)
