 <<< Combine >>> 
>>> including systematics
>>> using the Profile Likelihood test statistics modified for upper limits (Q_LHC)
>>> method used is HybridNew
>>> Used OpenSSL to get a really random seed -615879380
Computing results starting from observation (a-posteriori)
[#0] WARNING:Minization -- RooMinimizerFcn: Minimized function has error status.
Returning maximum FCN so far (610.573) to force MIGRAD to back out of this region. Error log follows
Parameter values: JER_ele=2.41472, JER_muon=6.38021, JES_ele=4.62741, JES_muon=-2.94215, QCD_stat_ele=6.98206, QCD_stat_muon=-2.54055, VBS_stat_ele=-5.23345, VBS_stat_muon=6.80097, ele_efficiency=-5.3386, ele_trigger=-5.29255, fakephoton_ele=5.28483, fakephoton_muon=-5.24408, interference=-6.75756, lumi=-4.85311, mu_efficiency=-4.33387, mu_trigger=2.12215, non_prompt_stat_ele=4.12107, non_prompt_stat_muon=-3.92254, others_stat_ele=-3.98269, others_stat_muon=6.63897, others_xs=-6.62785, param=5.52376, pdf_ele=3.67252, pdf_muon=6.21389, photon_id=6.6206, pileup=-4.96362, scale_ele=-3.82233, scale_muon=5.77817
RooProdPdf::model_s[ modelObs_s * nuisancePdf ]
     getLogVal() top-level p.d.f evaluates to zero @ !pdfs=(modelObs_s = 0/1,nuisancePdf = 1)

[#0] WARNING:Minization -- RooMinimizerFcn: Minimized function has error status.
Returning maximum FCN so far (610.573) to force MIGRAD to back out of this region. Error log follows
Parameter values: JER_ele=-5.06482, JER_muon=-3.98596, JES_ele=-4.12084, JES_muon=-0.169748, QCD_stat_ele=2.35539, QCD_stat_muon=-5.22601, VBS_stat_ele=5.00973, VBS_stat_muon=-6.31407, ele_efficiency=-1.95718, ele_trigger=-6.18992, fakephoton_ele=3.13911, fakephoton_muon=-1.07346, interference=6.10713, lumi=-6.57817, mu_efficiency=-6.92641, mu_trigger=2.8107, non_prompt_stat_ele=6.97109, non_prompt_stat_muon=-2.03209, others_stat_ele=0.452386, others_stat_muon=0.54449, others_xs=-6.5692, param=5.90805, pdf_ele=3.16046, pdf_muon=-6.05326, photon_id=-0.841064, pileup=5.97973, scale_ele=-5.68284, scale_muon=-0.495889
RooProdPdf::model_s[ modelObs_s * nuisancePdf ]
     getLogVal() top-level p.d.f evaluates to zero @ !pdfs=(modelObs_s = 0/1,nuisancePdf = 1)

[#0] WARNING:Minization -- RooMinimizerFcn: Minimized function has error status.
Returning maximum FCN so far (610.573) to force MIGRAD to back out of this region. Error log follows
Parameter values: JER_ele=2.2245, JER_muon=3.00756, JES_ele=-6.3097, JES_muon=6.73272, QCD_stat_ele=5.83425, QCD_stat_muon=5.44765, VBS_stat_ele=5.26248, VBS_stat_muon=-1.9706, ele_efficiency=-3.59755, ele_trigger=-6.96384, fakephoton_ele=3.30208, fakephoton_muon=5.36539, interference=6.20886, lumi=-5.62965, mu_efficiency=-5.94528, mu_trigger=2.27366, non_prompt_stat_ele=6.4806, non_prompt_stat_muon=1.29952, others_stat_ele=2.71288, others_stat_muon=-4.75721, others_xs=5.82977, param=3.19384, pdf_ele=-0.893053, pdf_muon=-3.06752, photon_id=-5.14775, pileup=1.17851, scale_ele=6.944, scale_muon=2.00867
RooProdPdf::model_s[ modelObs_s * nuisancePdf ]
     getLogVal() top-level p.d.f evaluates to zero @ !pdfs=(modelObs_s = 0/1,nuisancePdf = 1)

[#0] WARNING:Minization -- RooMinimizerFcn: Minimized function has error status.
Returning maximum FCN so far (677.818) to force MIGRAD to back out of this region. Error log follows
Parameter values: JER_ele=1.353, JER_muon=4.66819, JES_ele=5.51159, JES_muon=-6.89484, QCD_stat_ele=6.99999, QCD_stat_muon=-0.751384, VBS_stat_ele=4.82576, VBS_stat_muon=-6.00582, ele_efficiency=-0.375454, ele_trigger=6.09931, fakephoton_ele=6.7261, fakephoton_muon=6.67086, interference=5.81896, lumi=6.84451, mu_efficiency=5.98779, mu_trigger=-3.14606, non_prompt_stat_ele=4.96516, non_prompt_stat_muon=-6.44824, others_stat_ele=5.74455, others_stat_muon=0.599033, others_xs=6.53924, param=6.43297, pdf_ele=5.93085, pdf_muon=2.83068, photon_id=-4.56181, pileup=0.678648, scale_ele=1.70455, scale_muon=6.66271
RooProdPdf::model_s[ modelObs_s * nuisancePdf ]
     getLogVal() top-level p.d.f evaluates to zero @ !pdfs=(modelObs_s = 0/1,nuisancePdf = 1)

[#0] WARNING:Minization -- RooMinimizerFcn: Minimized function has error status.
Returning maximum FCN so far (677.818) to force MIGRAD to back out of this region. Error log follows
Parameter values: JER_ele=0.905926, JER_muon=6.86601, JES_ele=3.61787, JES_muon=-2.0124, QCD_stat_ele=5.69182, QCD_stat_muon=3.69095, VBS_stat_ele=3.05669, VBS_stat_muon=1.83116, ele_efficiency=-0.138486, ele_trigger=3.94969, fakephoton_ele=5.03314, fakephoton_muon=6.77265, interference=6.9944, lumi=6.70361, mu_efficiency=4.56747, mu_trigger=3.7972, non_prompt_stat_ele=6.91814, non_prompt_stat_muon=0.613859, others_stat_ele=3.77969, others_stat_muon=5.72114, others_xs=5.72105, param=6.38037, pdf_ele=4.03659, pdf_muon=-6.99862, photon_id=-5.07782, pileup=0.59015, scale_ele=6.87973, scale_muon=-2.46387
RooProdPdf::model_s[ modelObs_s * nuisancePdf ]
     getLogVal() top-level p.d.f evaluates to zero @ !pdfs=(modelObs_s = 0/1,nuisancePdf = 1)

[#0] WARNING:Minization -- RooMinimizerFcn: Minimized function has error status.
Returning maximum FCN so far (677.818) to force MIGRAD to back out of this region. Error log follows
Parameter values: JER_ele=0.307391, JER_muon=6.5986, JES_ele=2.46507, JES_muon=4.49198, QCD_stat_ele=3.68161, QCD_stat_muon=0.0808425, VBS_stat_ele=1.93136, VBS_stat_muon=6.08156, ele_efficiency=-0.306403, ele_trigger=2.98901, fakephoton_ele=3.20896, fakephoton_muon=5.63671, interference=6.18065, lumi=5.33169, mu_efficiency=3.45624, mu_trigger=6.79142, non_prompt_stat_ele=5.64263, non_prompt_stat_muon=5.8553, others_stat_ele=2.56911, others_stat_muon=6.99756, others_xs=4.01974, param=6.34695, pdf_ele=2.58984, pdf_muon=-1.46758, photon_id=2.85012, pileup=0.314916, scale_ele=6.49566, scale_muon=4.04587
RooProdPdf::model_s[ modelObs_s * nuisancePdf ]
     getLogVal() top-level p.d.f evaluates to zero @ !pdfs=(modelObs_s = 0/1,nuisancePdf = 1)

[#0] WARNING:Minization -- RooMinimizerFcn: Minimized function has error status.
Returning maximum FCN so far (677.818) to force MIGRAD to back out of this region. Error log follows
Parameter values: JER_ele=-0.110389, JER_muon=5.2231, JES_ele=1.71289, JES_muon=6.88868, QCD_stat_ele=2.06285, QCD_stat_muon=-6.79033, VBS_stat_ele=1.20809, VBS_stat_muon=6.99778, ele_efficiency=-0.448233, ele_trigger=2.43265, fakephoton_ele=1.82563, fakephoton_muon=4.34478, interference=4.84753, lumi=3.7844, mu_efficiency=2.60726, mu_trigger=6.70781, non_prompt_stat_ele=4.192, non_prompt_stat_muon=6.98714, others_stat_ele=1.77727, others_stat_muon=6.20382, others_xs=2.38025, param=6.32373, pdf_ele=1.5951, pdf_muon=4.65955, photon_id=6.7292, pileup=0.100424, scale_ele=5.21736, scale_muon=-6.92891
RooProdPdf::model_s[ modelObs_s * nuisancePdf ]
     getLogVal() top-level p.d.f evaluates to zero @ !pdfs=(modelObs_s = 0/1,nuisancePdf = 1)

[#0] WARNING:Minization -- RooMinimizerFcn: Minimized function has error status.
Returning maximum FCN so far (915.618) to force MIGRAD to back out of this region. Error log follows
Parameter values: JER_ele=-1.60312, JER_muon=-4.56126, JES_ele=0.849559, JES_muon=0.444057, QCD_stat_ele=2.60693, QCD_stat_muon=4.96458, VBS_stat_ele=-0.771222, VBS_stat_muon=-4.32212, ele_efficiency=-5.86466, ele_trigger=-2.99618, fakephoton_ele=6.57598, fakephoton_muon=6.32943, interference=6.698, lumi=0.620765, mu_efficiency=-4.72033, mu_trigger=-4.85137, non_prompt_stat_ele=6.23428, non_prompt_stat_muon=1.449, others_stat_ele=-0.277688, others_stat_muon=6.98553, others_xs=4.52128, param=6.72781, pdf_ele=-1.41547, pdf_muon=1.21998, photon_id=6.68398, pileup=6.49481, scale_ele=-6.98396, scale_muon=0.846662
RooProdPdf::model_s[ modelObs_s * nuisancePdf ]
     getLogVal() top-level p.d.f evaluates to zero @ !pdfs=(modelObs_s = 0/1,nuisancePdf = 1)

[#0] WARNING:Minization -- RooMinimizerFcn: Minimized function has error status.
Returning maximum FCN so far (915.618) to force MIGRAD to back out of this region. Error log follows
Parameter values: JER_ele=5.18046, JER_muon=3.648, JES_ele=6.73048, JES_muon=4.09252, QCD_stat_ele=6.99815, QCD_stat_muon=6.60903, VBS_stat_ele=0.713118, VBS_stat_muon=0.902855, ele_efficiency=6.82074, ele_trigger=-0.0821206, fakephoton_ele=4.17364, fakephoton_muon=2.21672, interference=-0.0264597, lumi=6.99998, mu_efficiency=-5.66414, mu_trigger=-2.56529, non_prompt_stat_ele=1.93158, non_prompt_stat_muon=-2.94139, others_stat_ele=-3.32047, others_stat_muon=0.000265524, others_xs=-3.06002, param=3.59003, pdf_ele=3.74961, pdf_muon=4.22236, photon_id=6.06301, pileup=-4.10759, scale_ele=6.16524, scale_muon=6.04114
RooProdPdf::model_s[ modelObs_s * nuisancePdf ]
     getLogVal() top-level p.d.f evaluates to zero @ !pdfs=(modelObs_s = 0/1,nuisancePdf = 1)

[#0] WARNING:Minization -- RooMinimizerFcn: Minimized function has error status.
Returning maximum FCN so far (915.618) to force MIGRAD to back out of this region. Error log follows
Parameter values: JER_ele=-0.49132, JER_muon=4.43366, JES_ele=5.00618, JES_muon=6.12477, QCD_stat_ele=3.53792, QCD_stat_muon=6.75184, VBS_stat_ele=-0.405069, VBS_stat_muon=6.40202, ele_efficiency=5.08967, ele_trigger=1.23191, fakephoton_ele=5.86631, fakephoton_muon=5.11102, interference=3.78275, lumi=5.7674, mu_efficiency=2.45395, mu_trigger=5.0468, non_prompt_stat_ele=6.79291, non_prompt_stat_muon=6.9959, others_stat_ele=5.65783, others_stat_muon=6.83253, others_xs=6.6729, param=6.76557, pdf_ele=3.83624, pdf_muon=6.96701, photon_id=5.97303, pileup=5.5856, scale_ele=4.20695, scale_muon=4.09682
RooProdPdf::model_s[ modelObs_s * nuisancePdf ]
     getLogVal() top-level p.d.f evaluates to zero @ !pdfs=(modelObs_s = 0/1,nuisancePdf = 1)

[#0] WARNING:Minization -- RooMinimizerFcn: Minimized function has error status.
Returning maximum FCN so far (38.2304) to force MIGRAD to back out of this region. Error log follows
Parameter values: JER_ele=-0.957769, JER_muon=0.577586, JES_ele=0.705725, JES_muon=-1.72833, QCD_stat_ele=2.86951, QCD_stat_muon=-2.72536, VBS_stat_ele=6.93239, VBS_stat_muon=0.156197, ele_efficiency=2.78439, ele_trigger=-6.59589, fakephoton_ele=3.93568, fakephoton_muon=0.968034, interference=4.98528, lumi=-3.22144, mu_efficiency=-1.9197, mu_trigger=0.52205, non_prompt_stat_ele=5.07527, non_prompt_stat_muon=2.60747, others_stat_ele=-1.24417, others_stat_muon=3.09256, others_xs=3.26363, param=2.44816, pdf_ele=5.42125, pdf_muon=-2.39427, photon_id=0.335703, pileup=-1.79471, scale_ele=0.999828, scale_muon=1.76928
RooProdPdf::model_s[ modelObs_s * nuisancePdf ]
     getLogVal() top-level p.d.f evaluates to zero @ !pdfs=(modelObs_s = 0/1,nuisancePdf = 1)


 -- Hybrid New -- 
CLs = 0.549505 +/- 0.0364728
Done in 19.01 min (cpu), 19.16 min (real)
