 <<< Combine >>> 
>>> including systematics
>>> using the Profile Likelihood test statistics modified for upper limits (Q_LHC)
>>> method used is HybridNew
>>> Used OpenSSL to get a really random seed 1538931754
Computing results starting from observation (a-posteriori)
[#0] WARNING:Minization -- RooMinimizerFcn: Minimized function has error status.
Returning maximum FCN so far (792.176) to force MIGRAD to back out of this region. Error log follows
Parameter values: JER_ele=2.83777, JER_muon=0.271246, JES_ele=2.39021, JES_muon=0.340372, QCD_stat_ele=3.42837, QCD_stat_muon=-0.0692884, VBS_stat_ele=0.047322, VBS_stat_muon=-0.160088, ele_efficiency=-0.928549, ele_trigger=1.00037, fakephoton_ele=6.80752, fakephoton_muon=1.11807, interference=0.280045, lumi=2.01868, mu_efficiency=-1.53677, mu_trigger=0.875357, non_prompt_stat_ele=6.39044, non_prompt_stat_muon=3.2765, others_stat_ele=0.264494, others_stat_muon=1.27737, others_xs=1.97885, param=1.75471, pdf_ele=1.99401, pdf_muon=0.794248, photon_id=-0.0596277, pileup=1.58545, scale_ele=-0.916032, scale_muon=-0.778958
RooProdPdf::model_s[ modelObs_s * nuisancePdf ]
     getLogVal() top-level p.d.f evaluates to zero @ !pdfs=(modelObs_s = 0/1,nuisancePdf = 1)

[#0] WARNING:Minization -- RooMinimizerFcn: Minimized function has error status.
Returning maximum FCN so far (792.176) to force MIGRAD to back out of this region. Error log follows
Parameter values: JER_ele=2.46783, JER_muon=0.141024, JES_ele=1.83487, JES_muon=0.0932155, QCD_stat_ele=2.0735, QCD_stat_muon=-0.628377, VBS_stat_ele=-0.423544, VBS_stat_muon=-0.30821, ele_efficiency=-1.01057, ele_trigger=0.557452, fakephoton_ele=6.6018, fakephoton_muon=0.743219, interference=0.114696, lumi=1.67236, mu_efficiency=-1.52882, mu_trigger=0.67758, non_prompt_stat_ele=6.74012, non_prompt_stat_muon=2.4987, others_stat_ele=-0.404509, others_stat_muon=0.94788, others_xs=1.53665, param=1.75114, pdf_ele=1.26032, pdf_muon=0.532863, photon_id=-0.804483, pileup=1.5132, scale_ele=-1.86958, scale_muon=-1.61677
RooProdPdf::model_s[ modelObs_s * nuisancePdf ]
     getLogVal() top-level p.d.f evaluates to zero @ !pdfs=(modelObs_s = 0/1,nuisancePdf = 1)

[#0] WARNING:Minization -- RooMinimizerFcn: Minimized function has error status.
Returning maximum FCN so far (792.176) to force MIGRAD to back out of this region. Error log follows
Parameter values: JER_ele=2.26961, JER_muon=0.0711063, JES_ele=1.4835, JES_muon=-0.0428162, QCD_stat_ele=1.09806, QCD_stat_muon=-0.89184, VBS_stat_ele=-0.727999, VBS_stat_muon=-0.394732, ele_efficiency=-1.07593, ele_trigger=0.273987, fakephoton_ele=5.24945, fakephoton_muon=0.55551, interference=0.0224378, lumi=1.47351, mu_efficiency=-1.54499, mu_trigger=0.575266, non_prompt_stat_ele=5.13251, non_prompt_stat_muon=2.09081, others_stat_ele=-0.832889, others_stat_muon=0.7774, others_xs=1.25717, param=1.74875, pdf_ele=0.781136, pdf_muon=0.374085, photon_id=-1.29821, pileup=1.48917, scale_ele=-2.54946, scale_muon=-1.96378
RooProdPdf::model_s[ modelObs_s * nuisancePdf ]
     getLogVal() top-level p.d.f evaluates to zero @ !pdfs=(modelObs_s = 0/1,nuisancePdf = 1)

[#0] WARNING:Minization -- RooMinimizerFcn: Minimized function has error status.
Returning maximum FCN so far (473.533) to force MIGRAD to back out of this region. Error log follows
Parameter values: JER_ele=-1.30964, JER_muon=-1.42471, JES_ele=0.934892, JES_muon=-1.69487, QCD_stat_ele=-2.20133, QCD_stat_muon=3.35982, VBS_stat_ele=2.04858, VBS_stat_muon=-0.475025, ele_efficiency=1.42699, ele_trigger=0.889018, fakephoton_ele=4.32701, fakephoton_muon=-0.948365, interference=-1.61127, lumi=-1.40657, mu_efficiency=0.885955, mu_trigger=-2.00931, non_prompt_stat_ele=5.32146, non_prompt_stat_muon=-2.1297, others_stat_ele=0.466792, others_stat_muon=0.975396, others_xs=0.397147, param=1.30848, pdf_ele=1.81988, pdf_muon=0.548342, photon_id=-1.13942, pileup=0.665977, scale_ele=0.463185, scale_muon=-3.29283
RooProdPdf::model_s[ modelObs_s * nuisancePdf ]
     getLogVal() top-level p.d.f evaluates to zero @ !pdfs=(modelObs_s = 0/1,nuisancePdf = 1)

[#0] WARNING:Minization -- RooMinimizerFcn: Minimized function has error status.
Returning maximum FCN so far (473.533) to force MIGRAD to back out of this region. Error log follows
Parameter values: JER_ele=5.67652, JER_muon=0.710207, JES_ele=-5.08247, JES_muon=-4.91385, QCD_stat_ele=6.00327, QCD_stat_muon=-0.66853, VBS_stat_ele=5.36908, VBS_stat_muon=-3.54552, ele_efficiency=-2.54028, ele_trigger=-3.85898, fakephoton_ele=6.33389, fakephoton_muon=-6.8033, interference=3.02507, lumi=2.74712, mu_efficiency=-3.1963, mu_trigger=-3.54745, non_prompt_stat_ele=6.08114, non_prompt_stat_muon=-3.81851, others_stat_ele=-6.61892, others_stat_muon=-6.16866, others_xs=-6.94199, param=1.45422, pdf_ele=-4.2737, pdf_muon=-6.81441, photon_id=-3.1503, pileup=0.842841, scale_ele=6.08914, scale_muon=2.99272
RooProdPdf::model_s[ modelObs_s * nuisancePdf ]
     getLogVal() top-level p.d.f evaluates to zero @ !pdfs=(modelObs_s = 0/1,nuisancePdf = 1)

[#0] WARNING:Minization -- RooMinimizerFcn: Minimized function has error status.
Returning maximum FCN so far (473.533) to force MIGRAD to back out of this region. Error log follows
Parameter values: JER_ele=1.92435, JER_muon=-1.07331, JES_ele=1.88064, JES_muon=-2.5108, QCD_stat_ele=-3.36798, QCD_stat_muon=6.505, VBS_stat_ele=5.20079, VBS_stat_muon=-1.76009, ele_efficiency=1.01065, ele_trigger=1.60717, fakephoton_ele=6.70465, fakephoton_muon=-1.45219, interference=-0.0682834, lumi=0.823844, mu_efficiency=0.282565, mu_trigger=-1.34761, non_prompt_stat_ele=6.94018, non_prompt_stat_muon=-2.57087, others_stat_ele=0.751383, others_stat_muon=-0.743519, others_xs=0.423541, param=1.29824, pdf_ele=3.29299, pdf_muon=-0.145325, photon_id=-0.39012, pileup=0.836848, scale_ele=1.50934, scale_muon=-1.65945
RooProdPdf::model_s[ modelObs_s * nuisancePdf ]
     getLogVal() top-level p.d.f evaluates to zero @ !pdfs=(modelObs_s = 0/1,nuisancePdf = 1)


 -- Hybrid New -- 
CLs = 0.224771 +/- 0.0217673
Done in 8.12 min (cpu), 8.14 min (real)
