 <<< Combine >>> 
>>> including systematics
>>> using the Profile Likelihood test statistics modified for upper limits (Q_LHC)
>>> method used is HybridNew
>>> Used OpenSSL to get a really random seed 54349458
Computing results starting from observation (a-posteriori)
[#0] WARNING:Minization -- RooMinimizerFcn: Minimized function has error status.
Returning maximum FCN so far (88.0064) to force MIGRAD to back out of this region. Error log follows
Parameter values: JER_ele=3.33854, JER_muon=-6.72987, JES_ele=3.29822, JES_muon=-5.06593, QCD_stat_ele=1.2781, QCD_stat_muon=6.39803, VBS_stat_ele=-6.188, VBS_stat_muon=-5.39433, ele_efficiency=0.597741, ele_trigger=-6.74301, fakephoton_ele=6.8064, fakephoton_muon=-4.94927, interference=6.69702, lumi=-6.90642, mu_efficiency=-6.98317, mu_trigger=2.66039, non_prompt_stat_ele=4.33663, non_prompt_stat_muon=-6.9839, others_stat_ele=-4.85788, others_stat_muon=2.93255, others_xs=-5.8851, param=7.84415, pdf_ele=-3.18866, pdf_muon=6.47697, photon_id=-5.9132, pileup=-4.96958, scale_ele=3.78186, scale_muon=-1.26347
RooProdPdf::model_s[ modelObs_s * nuisancePdf ]
     getLogVal() top-level p.d.f evaluates to zero @ !pdfs=(modelObs_s = 0/1,nuisancePdf = 1)

[#0] WARNING:Minization -- RooMinimizerFcn: Minimized function has error status.
Returning maximum FCN so far (814.969) to force MIGRAD to back out of this region. Error log follows
Parameter values: JER_ele=0.830727, JER_muon=6.97087, JES_ele=6.92371, JES_muon=-4.87898, QCD_stat_ele=-0.115175, QCD_stat_muon=0.0834714, VBS_stat_ele=-3.90601, VBS_stat_muon=6.88346, ele_efficiency=-4.31251, ele_trigger=-3.03405, fakephoton_ele=2.88393, fakephoton_muon=-3.95914, interference=-1.88499, lumi=-2.15223, mu_efficiency=-1.29674, mu_trigger=2.05325, non_prompt_stat_ele=6.96687, non_prompt_stat_muon=-5.69892, others_stat_ele=-6.63064, others_stat_muon=-4.70798, others_xs=0.345263, param=5.86791, pdf_ele=5.04108, pdf_muon=-5.31064, photon_id=-4.51518, pileup=-5.30244, scale_ele=-5.77923, scale_muon=2.71763
RooProdPdf::model_s[ modelObs_s * nuisancePdf ]
     getLogVal() top-level p.d.f evaluates to zero @ !pdfs=(modelObs_s = 0/1,nuisancePdf = 1)

[#0] WARNING:Minization -- RooMinimizerFcn: Minimized function has error status.
Returning maximum FCN so far (814.969) to force MIGRAD to back out of this region. Error log follows
Parameter values: JER_ele=1.07097, JER_muon=-5.18353, JES_ele=-6.12048, JES_muon=-3.4228, QCD_stat_ele=-6.48196, QCD_stat_muon=4.60424, VBS_stat_ele=-2.12591, VBS_stat_muon=-6.61769, ele_efficiency=-4.01337, ele_trigger=-6.12352, fakephoton_ele=5.78589, fakephoton_muon=-6.64452, interference=-6.98588, lumi=-6.38669, mu_efficiency=3.22254, mu_trigger=4.73512, non_prompt_stat_ele=5.5826, non_prompt_stat_muon=-0.105916, others_stat_ele=-5.92531, others_stat_muon=6.77323, others_xs=-5.5229, param=4.0124, pdf_ele=3.90828, pdf_muon=-2.74608, photon_id=4.74404, pileup=0.402441, scale_ele=-2.23118, scale_muon=2.46384
RooProdPdf::model_s[ modelObs_s * nuisancePdf ]
     getLogVal() top-level p.d.f evaluates to zero @ !pdfs=(modelObs_s = 0/1,nuisancePdf = 1)

[#0] WARNING:Minization -- RooMinimizerFcn: Minimized function has error status.
Returning maximum FCN so far (814.969) to force MIGRAD to back out of this region. Error log follows
Parameter values: JER_ele=0.88804, JER_muon=3.83177, JES_ele=0.975674, JES_muon=6.9371, QCD_stat_ele=3.27431, QCD_stat_muon=3.93569, VBS_stat_ele=1.59637, VBS_stat_muon=4.45037, ele_efficiency=0.51371, ele_trigger=1.17865, fakephoton_ele=6.87504, fakephoton_muon=6.05634, interference=3.63934, lumi=3.79324, mu_efficiency=2.0429, mu_trigger=5.83544, non_prompt_stat_ele=5.10036, non_prompt_stat_muon=4.26983, others_stat_ele=2.53761, others_stat_muon=6.47162, others_xs=4.52491, param=3.76459, pdf_ele=1.28626, pdf_muon=6.81669, photon_id=6.81477, pileup=0.72902, scale_ele=4.4183, scale_muon=-5.2774
RooProdPdf::model_s[ modelObs_s * nuisancePdf ]
     getLogVal() top-level p.d.f evaluates to zero @ !pdfs=(modelObs_s = 0/1,nuisancePdf = 1)

[#0] WARNING:Minization -- RooMinimizerFcn: Minimized function has error status.
Returning maximum FCN so far (814.969) to force MIGRAD to back out of this region. Error log follows
Parameter values: JER_ele=1.05443, JER_muon=2.65485, JES_ele=1.07041, JES_muon=6.63323, QCD_stat_ele=4.4845, QCD_stat_muon=6.19469, VBS_stat_ele=2.17195, VBS_stat_muon=3.29088, ele_efficiency=0.792378, ele_trigger=1.77124, fakephoton_ele=4.08708, fakephoton_muon=5.23684, interference=3.17266, lumi=3.598, mu_efficiency=-0.650686, mu_trigger=4.86454, non_prompt_stat_ele=4.53565, non_prompt_stat_muon=6.24708, others_stat_ele=3.61414, others_stat_muon=5.88793, others_xs=4.26307, param=3.75465, pdf_ele=4.38687, pdf_muon=6.99519, photon_id=6.94778, pileup=0.887833, scale_ele=5.92528, scale_muon=-0.825503
RooProdPdf::model_s[ modelObs_s * nuisancePdf ]
     getLogVal() top-level p.d.f evaluates to zero @ !pdfs=(modelObs_s = 0/1,nuisancePdf = 1)

[#0] WARNING:Minization -- RooMinimizerFcn: Minimized function has error status.
Returning maximum FCN so far (814.969) to force MIGRAD to back out of this region. Error log follows
Parameter values: JER_ele=1.13953, JER_muon=2.73327, JES_ele=1.32126, JES_muon=6.64018, QCD_stat_ele=4.78259, QCD_stat_muon=6.14505, VBS_stat_ele=2.29056, VBS_stat_muon=3.35285, ele_efficiency=0.80903, ele_trigger=1.8964, fakephoton_ele=3.62036, fakephoton_muon=5.28718, interference=3.2055, lumi=3.68013, mu_efficiency=-0.418866, mu_trigger=4.91976, non_prompt_stat_ele=3.91152, non_prompt_stat_muon=6.17817, others_stat_ele=3.79496, others_stat_muon=5.90303, others_xs=4.38075, param=3.75271, pdf_ele=4.41945, pdf_muon=6.99654, photon_id=6.91385, pileup=0.872486, scale_ele=6.17581, scale_muon=-1.03305
RooProdPdf::model_s[ modelObs_s * nuisancePdf ]
     getLogVal() top-level p.d.f evaluates to zero @ !pdfs=(modelObs_s = 0/1,nuisancePdf = 1)

[#0] WARNING:Minization -- RooMinimizerFcn: Minimized function has error status.
Returning maximum FCN so far (814.969) to force MIGRAD to back out of this region. Error log follows
Parameter values: JER_ele=1.16009, JER_muon=2.76022, JES_ele=1.34881, JES_muon=6.66482, QCD_stat_ele=4.85351, QCD_stat_muon=6.06783, VBS_stat_ele=2.32552, VBS_stat_muon=3.38901, ele_efficiency=0.818983, ele_trigger=1.92602, fakephoton_ele=3.63533, fakephoton_muon=5.32028, interference=3.23669, lumi=3.71872, mu_efficiency=-0.429556, mu_trigger=4.95645, non_prompt_stat_ele=3.92071, non_prompt_stat_muon=6.11958, others_stat_ele=3.84197, others_stat_muon=5.93989, others_xs=4.42417, param=3.75266, pdf_ele=4.47587, pdf_muon=6.99897, photon_id=6.89201, pileup=0.880226, scale_ele=6.2305, scale_muon=-1.23667
RooProdPdf::model_s[ modelObs_s * nuisancePdf ]
     getLogVal() top-level p.d.f evaluates to zero @ !pdfs=(modelObs_s = 0/1,nuisancePdf = 1)

[#0] WARNING:Minization -- RooMinimizerFcn: Minimized function has error status.
Returning maximum FCN so far (814.969) to force MIGRAD to back out of this region. Error log follows
Parameter values: JER_ele=1.17776, JER_muon=2.79654, JES_ele=1.37966, JES_muon=6.68806, QCD_stat_ele=4.90983, QCD_stat_muon=5.98637, VBS_stat_ele=2.35143, VBS_stat_muon=3.43202, ele_efficiency=0.824561, ele_trigger=1.94882, fakephoton_ele=3.67489, fakephoton_muon=5.3584, interference=3.26721, lumi=3.75441, mu_efficiency=-0.412882, mu_trigger=4.99839, non_prompt_stat_ele=3.96781, non_prompt_stat_muon=6.05199, others_stat_ele=3.87605, others_stat_muon=5.97505, others_xs=4.4658, param=3.75254, pdf_ele=4.50293, pdf_muon=6.99997, photon_id=6.86964, pileup=0.883842, scale_ele=6.27185, scale_muon=-1.45585
RooProdPdf::model_s[ modelObs_s * nuisancePdf ]
     getLogVal() top-level p.d.f evaluates to zero @ !pdfs=(modelObs_s = 0/1,nuisancePdf = 1)

[#0] WARNING:Minization -- RooMinimizerFcn: Minimized function has error status.
Returning maximum FCN so far (814.969) to force MIGRAD to back out of this region. Error log follows
Parameter values: JER_ele=1.19432, JER_muon=2.83337, JES_ele=1.40705, JES_muon=6.71173, QCD_stat_ele=4.96231, QCD_stat_muon=5.89704, VBS_stat_ele=2.37623, VBS_stat_muon=3.47619, ele_efficiency=0.830201, ele_trigger=1.9703, fakephoton_ele=3.71459, fakephoton_muon=5.3972, interference=3.29892, lumi=3.79056, mu_efficiency=-0.398725, mu_trigger=5.04134, non_prompt_stat_ele=4.01492, non_prompt_stat_muon=5.97959, others_stat_ele=3.9084, others_stat_muon=6.01179, others_xs=4.50753, param=3.75244, pdf_ele=4.53047, pdf_muon=6.99949, photon_id=6.84465, pileup=0.888123, scale_ele=6.30981, scale_muon=-1.68265
RooProdPdf::model_s[ modelObs_s * nuisancePdf ]
     getLogVal() top-level p.d.f evaluates to zero @ !pdfs=(modelObs_s = 0/1,nuisancePdf = 1)

[#0] WARNING:Minization -- RooMinimizerFcn: Minimized function has error status.
Returning maximum FCN so far (814.969) to force MIGRAD to back out of this region. Error log follows
Parameter values: JER_ele=1.21082, JER_muon=2.87175, JES_ele=1.43457, JES_muon=6.73536, QCD_stat_ele=5.01405, QCD_stat_muon=5.8006, VBS_stat_ele=2.40083, VBS_stat_muon=3.52204, ele_efficiency=0.835751, ele_trigger=1.99168, fakephoton_ele=3.75406, fakephoton_muon=5.43729, interference=3.33165, lumi=3.82753, mu_efficiency=-0.383567, mu_trigger=5.08572, non_prompt_stat_ele=4.06176, non_prompt_stat_muon=5.90146, others_stat_ele=3.9404, others_stat_muon=6.04926, others_xs=4.55016, param=3.75235, pdf_ele=4.55747, pdf_muon=6.99733, photon_id=6.81671, pileup=0.892426, scale_ele=6.34667, scale_muon=-1.91687
RooProdPdf::model_s[ modelObs_s * nuisancePdf ]
     getLogVal() top-level p.d.f evaluates to zero @ !pdfs=(modelObs_s = 0/1,nuisancePdf = 1)

[#0] WARNING:Minization -- RooMinimizerFcn: Minimized function has error status.
Returning maximum FCN so far (814.969) to force MIGRAD to back out of this region. Error log follows
Parameter values: JER_ele=1.22757, JER_muon=2.91147, JES_ele=1.46246, JES_muon=6.75885, QCD_stat_ele=5.06602, QCD_stat_muon=5.69657, VBS_stat_ele=2.42579, VBS_stat_muon=3.56942, ele_efficiency=0.841399, ele_trigger=2.01337, fakephoton_ele=3.79401, fakephoton_muon=5.47842, interference=3.36549, lumi=3.86554, mu_efficiency=-0.367886, mu_trigger=5.13132, non_prompt_stat_ele=4.10909, non_prompt_stat_muon=5.8176, others_stat_ele=3.97279, others_stat_muon=6.08748, others_xs=4.59384, param=3.75228, pdf_ele=4.58483, pdf_muon=6.99329, photon_id=6.78547, pileup=0.896886, scale_ele=6.38312, scale_muon=-2.15761
RooProdPdf::model_s[ modelObs_s * nuisancePdf ]
     getLogVal() top-level p.d.f evaluates to zero @ !pdfs=(modelObs_s = 0/1,nuisancePdf = 1)

[#0] WARNING:Minization -- RooMinimizerFcn: Minimized function has error status.
Returning maximum FCN so far (814.969) to force MIGRAD to back out of this region. Error log follows
Parameter values: JER_ele=1.24476, JER_muon=2.95258, JES_ele=1.49108, JES_muon=6.78209, QCD_stat_ele=5.11878, QCD_stat_muon=5.58452, VBS_stat_ele=2.45138, VBS_stat_muon=3.61836, ele_efficiency=0.847195, ele_trigger=2.03562, fakephoton_ele=3.83486, fakephoton_muon=5.5206, interference=3.40046, lumi=3.90469, mu_efficiency=-0.351601, mu_trigger=5.17817, non_prompt_stat_ele=4.15741, non_prompt_stat_muon=5.7276, others_stat_ele=4.0059, others_stat_muon=6.12637, others_xs=4.63871, param=3.75224, pdf_ele=4.61278, pdf_muon=6.98715, photon_id=6.75059, pileup=0.901499, scale_ele=6.41951, scale_muon=-2.4045
RooProdPdf::model_s[ modelObs_s * nuisancePdf ]
     getLogVal() top-level p.d.f evaluates to zero @ !pdfs=(modelObs_s = 0/1,nuisancePdf = 1)

[#0] WARNING:Minization -- RooMinimizerFcn: Minimized function has error status.
Returning maximum FCN so far (814.969) to force MIGRAD to back out of this region. Error log follows
Parameter values: JER_ele=1.2625, JER_muon=2.99512, JES_ele=1.52061, JES_muon=6.805, QCD_stat_ele=5.17262, QCD_stat_muon=5.46389, VBS_stat_ele=2.47778, VBS_stat_muon=3.66891, ele_efficiency=0.853182, ele_trigger=2.05857, fakephoton_ele=3.87686, fakephoton_muon=5.56383, interference=3.43663, lumi=3.94509, mu_efficiency=-0.334695, mu_trigger=5.22626, non_prompt_stat_ele=4.20701, non_prompt_stat_muon=5.63105, others_stat_ele=4.03996, others_stat_muon=6.1659, others_xs=4.68488, param=3.75222, pdf_ele=4.64152, pdf_muon=6.97871, photon_id=6.7117, pileup=0.906282, scale_ele=6.45598, scale_muon=-2.65726
RooProdPdf::model_s[ modelObs_s * nuisancePdf ]
     getLogVal() top-level p.d.f evaluates to zero @ !pdfs=(modelObs_s = 0/1,nuisancePdf = 1)

[#0] WARNING:Minization -- RooMinimizerFcn: Minimized function has error status.
Returning maximum FCN so far (814.969) to force MIGRAD to back out of this region. Error log follows
Parameter values: JER_ele=1.28089, JER_muon=3.03917, JES_ele=1.55119, JES_muon=6.82746, QCD_stat_ele=5.22772, QCD_stat_muon=5.334, VBS_stat_ele=2.50509, VBS_stat_muon=3.72115, ele_efficiency=0.859386, ele_trigger=2.08234, fakephoton_ele=3.92019, fakephoton_muon=5.60815, interference=3.47407, lumi=3.98684, mu_efficiency=-0.317128, mu_trigger=5.27564, non_prompt_stat_ele=4.25807, non_prompt_stat_muon=5.52741, others_stat_ele=4.0751, others_stat_muon=6.20607, others_xs=4.73242, param=3.75223, pdf_ele=4.67116, pdf_muon=6.96768, photon_id=6.66842, pileup=0.911248, scale_ele=6.49259, scale_muon=-2.91564
RooProdPdf::model_s[ modelObs_s * nuisancePdf ]
     getLogVal() top-level p.d.f evaluates to zero @ !pdfs=(modelObs_s = 0/1,nuisancePdf = 1)

[#0] WARNING:Minization -- RooMinimizerFcn: Minimized function has error status.
Returning maximum FCN so far (814.969) to force MIGRAD to back out of this region. Error log follows
Parameter values: JER_ele=1.29997, JER_muon=3.08483, JES_ele=1.58292, JES_muon=6.84939, QCD_stat_ele=5.2842, QCD_stat_muon=5.19411, VBS_stat_ele=2.53342, VBS_stat_muon=3.77518, ele_efficiency=0.865831, ele_trigger=2.107, fakephoton_ele=3.96497, fakephoton_muon=5.65359, interference=3.51287, lumi=4.03003, mu_efficiency=-0.298856, mu_trigger=5.32636, non_prompt_stat_ele=4.31074, non_prompt_stat_muon=5.4161, others_stat_ele=4.11145, others_stat_muon=6.24685, others_xs=4.78143, param=3.75228, pdf_ele=4.7018, pdf_muon=6.9538, photon_id=6.62029, pileup=0.91641, scale_ele=6.52931, scale_muon=-3.17935
RooProdPdf::model_s[ modelObs_s * nuisancePdf ]
     getLogVal() top-level p.d.f evaluates to zero @ !pdfs=(modelObs_s = 0/1,nuisancePdf = 1)

[#0] WARNING:Minization -- RooMinimizerFcn: Minimized function has error status.
Returning maximum FCN so far (814.969) to force MIGRAD to back out of this region. Error log follows
Parameter values: JER_ele=1.31983, JER_muon=3.1322, JES_ele=1.61591, JES_muon=6.87065, QCD_stat_ele=5.34215, QCD_stat_muon=5.04336, VBS_stat_ele=2.56285, VBS_stat_muon=3.8311, ele_efficiency=0.872538, ele_trigger=2.13264, fakephoton_ele=4.01133, fakephoton_muon=5.70018, interference=3.55312, lumi=4.07474, mu_efficiency=-0.279827, mu_trigger=5.37848, non_prompt_stat_ele=4.36515, non_prompt_stat_muon=5.29646, others_stat_ele=4.14911, others_stat_muon=6.28824, others_xs=4.83199, param=3.75236, pdf_ele=4.73351, pdf_muon=6.93672, photon_id=6.56681, pileup=0.921785, scale_ele=6.56612, scale_muon=-3.44803
RooProdPdf::model_s[ modelObs_s * nuisancePdf ]
     getLogVal() top-level p.d.f evaluates to zero @ !pdfs=(modelObs_s = 0/1,nuisancePdf = 1)

[#0] WARNING:Minization -- RooMinimizerFcn: Minimized function has error status.
Returning maximum FCN so far (814.969) to force MIGRAD to back out of this region. Error log follows
Parameter values: JER_ele=1.34052, JER_muon=3.18141, JES_ele=1.65026, JES_muon=6.89111, QCD_stat_ele=5.40164, QCD_stat_muon=4.88082, VBS_stat_ele=2.59348, VBS_stat_muon=3.88904, ele_efficiency=0.879529, ele_trigger=2.15933, fakephoton_ele=4.05938, fakephoton_muon=5.74797, interference=3.59491, lumi=4.1211, mu_efficiency=-0.259983, mu_trigger=5.43205, non_prompt_stat_ele=4.42141, non_prompt_stat_muon=5.16773, others_stat_ele=4.18817, others_stat_muon=6.33022, others_xs=4.88421, param=3.75248, pdf_ele=4.76638, pdf_muon=6.91607, photon_id=6.50743, pileup=0.927388, scale_ele=6.60295, scale_muon=-3.7212
RooProdPdf::model_s[ modelObs_s * nuisancePdf ]
     getLogVal() top-level p.d.f evaluates to zero @ !pdfs=(modelObs_s = 0/1,nuisancePdf = 1)

[#0] WARNING:Minization -- RooMinimizerFcn: Minimized function has error status.
Returning maximum FCN so far (814.969) to force MIGRAD to back out of this region. Error log follows
Parameter values: JER_ele=1.36211, JER_muon=3.23258, JES_ele=1.68609, JES_muon=6.91062, QCD_stat_ele=5.46274, QCD_stat_muon=4.70545, VBS_stat_ele=2.62539, VBS_stat_muon=3.94913, ele_efficiency=0.886827, ele_trigger=2.18717, fakephoton_ele=4.10924, fakephoton_muon=5.79702, interference=3.63837, lumi=4.16922, mu_efficiency=-0.239259, mu_trigger=5.48716, non_prompt_stat_ele=4.47966, non_prompt_stat_muon=5.02908, others_stat_ele=4.22873, others_stat_muon=6.37276, others_xs=4.93817, param=3.75264, pdf_ele=4.8005, pdf_muon=6.89142, photon_id=6.44151, pileup=0.933238, scale_ele=6.63971, scale_muon=-3.99825
RooProdPdf::model_s[ modelObs_s * nuisancePdf ]
     getLogVal() top-level p.d.f evaluates to zero @ !pdfs=(modelObs_s = 0/1,nuisancePdf = 1)

[#0] WARNING:Minization -- RooMinimizerFcn: Minimized function has error status.
Returning maximum FCN so far (814.969) to force MIGRAD to back out of this region. Error log follows
Parameter values: JER_ele=1.38468, JER_muon=3.28586, JES_ele=1.72351, JES_muon=6.92897, QCD_stat_ele=5.52553, QCD_stat_muon=4.5161, VBS_stat_ele=2.65871, VBS_stat_muon=4.01153, ele_efficiency=0.894459, ele_trigger=2.21624, fakephoton_ele=4.16106, fakephoton_muon=5.84736, interference=3.68362, lumi=4.21922, mu_efficiency=-0.217583, mu_trigger=5.54387, non_prompt_stat_ele=4.54001, non_prompt_stat_muon=4.87958, others_stat_ele=4.27092, others_stat_muon=6.41582, others_xs=4.99398, param=3.75285, pdf_ele=4.83594, pdf_muon=6.86227, photon_id=6.36834, pileup=0.939356, scale_ele=6.67629, scale_muon=-4.27837
RooProdPdf::model_s[ modelObs_s * nuisancePdf ]
     getLogVal() top-level p.d.f evaluates to zero @ !pdfs=(modelObs_s = 0/1,nuisancePdf = 1)

[#0] WARNING:Minization -- RooMinimizerFcn: Minimized function has error status.
Returning maximum FCN so far (814.969) to force MIGRAD to back out of this region. Error log follows
Parameter values: JER_ele=1.4083, JER_muon=3.34142, JES_ele=1.76265, JES_muon=6.94594, QCD_stat_ele=5.59006, QCD_stat_muon=4.31146, VBS_stat_ele=2.69353, VBS_stat_muon=4.07639, ele_efficiency=0.902454, ele_trigger=2.24665, fakephoton_ele=4.21496, fakephoton_muon=5.89905, interference=3.7308, lumi=4.27124, mu_efficiency=-0.194871, mu_trigger=5.60225, non_prompt_stat_ele=4.60262, non_prompt_stat_muon=4.71818, others_stat_ele=4.31485, others_stat_muon=6.45936, others_xs=5.05177, param=3.75311, pdf_ele=4.87283, pdf_muon=6.82807, photon_id=6.28709, pileup=0.945765, scale_ele=6.71256, scale_muon=-4.56051
RooProdPdf::model_s[ modelObs_s * nuisancePdf ]
     getLogVal() top-level p.d.f evaluates to zero @ !pdfs=(modelObs_s = 0/1,nuisancePdf = 1)

[#0] WARNING:Minization -- RooMinimizerFcn: Minimized function has error status.
Returning maximum FCN so far (814.969) to force MIGRAD to back out of this region. Error log follows
Parameter values: JER_ele=1.43307, JER_muon=3.39944, JES_ele=1.80367, JES_muon=6.96128, QCD_stat_ele=5.6564, QCD_stat_muon=4.09013, VBS_stat_ele=2.72999, VBS_stat_muon=4.14389, ele_efficiency=0.910843, ele_trigger=2.27851, fakephoton_ele=4.27112, fakephoton_muon=5.95213, interference=3.78006, lumi=4.32543, mu_efficiency=-0.171034, mu_trigger=5.66237, non_prompt_stat_ele=4.66765, non_prompt_stat_muon=4.5437, others_stat_ele=4.36067, others_stat_muon=6.50331, others_xs=5.11166, param=3.75343, pdf_ele=4.91126, pdf_muon=6.78816, photon_id=6.19684, pileup=0.95249, scale_ele=6.74835, scale_muon=-4.84336
RooProdPdf::model_s[ modelObs_s * nuisancePdf ]
     getLogVal() top-level p.d.f evaluates to zero @ !pdfs=(modelObs_s = 0/1,nuisancePdf = 1)

[#0] WARNING:Minization -- RooMinimizerFcn: Minimized function has error status.
Returning maximum FCN so far (814.969) to force MIGRAD to back out of this region. Error log follows
Parameter values: JER_ele=1.43616, JER_muon=3.40649, JES_ele=1.80859, JES_muon=6.96298, QCD_stat_ele=5.66473, QCD_stat_muon=4.06274, VBS_stat_ele=2.73511, VBS_stat_muon=4.15289, ele_efficiency=0.911921, ele_trigger=2.28244, fakephoton_ele=4.278, fakephoton_muon=5.9585, interference=3.78627, lumi=4.33214, mu_efficiency=-0.168205, mu_trigger=5.66965, non_prompt_stat_ele=4.67546, non_prompt_stat_muon=4.5221, others_stat_ele=4.36623, others_stat_muon=6.50849, others_xs=5.11879, param=3.83978, pdf_ele=4.91604, pdf_muon=6.78296, photon_id=6.1854, pileup=0.95338, scale_ele=6.7525, scale_muon=-4.87665
RooProdPdf::model_s[ modelObs_s * nuisancePdf ]
     getLogVal() top-level p.d.f evaluates to zero @ !pdfs=(modelObs_s = 0/1,nuisancePdf = 1)

[#0] WARNING:Minization -- RooMinimizerFcn: Minimized function has error status.
Returning maximum FCN so far (814.969) to force MIGRAD to back out of this region. Error log follows
Parameter values: JER_ele=1.43095, JER_muon=3.39384, JES_ele=1.79978, JES_muon=6.95989, QCD_stat_ele=5.6509, QCD_stat_muon=4.11261, VBS_stat_ele=2.72788, VBS_stat_muon=4.13877, ele_efficiency=0.910134, ele_trigger=2.27565, fakephoton_ele=4.26593, fakephoton_muon=5.9468, interference=3.77566, lumi=4.32047, mu_efficiency=-0.173461, mu_trigger=5.65655, non_prompt_stat_ele=4.66153, non_prompt_stat_muon=4.56153, others_stat_ele=4.3564, others_stat_muon=6.49899, others_xs=5.10574, param=3.9619, pdf_ele=4.90792, pdf_muon=6.79218, photon_id=6.20567, pileup=0.951915, scale_ele=6.74504, scale_muon=-4.81579
RooProdPdf::model_s[ modelObs_s * nuisancePdf ]
     getLogVal() top-level p.d.f evaluates to zero @ !pdfs=(modelObs_s = 0/1,nuisancePdf = 1)

[#0] WARNING:Minization -- RooMinimizerFcn: Minimized function has error status.
Returning maximum FCN so far (814.969) to force MIGRAD to back out of this region. Error log follows
Parameter values: JER_ele=1.42703, JER_muon=3.38395, JES_ele=1.79313, JES_muon=6.95738, QCD_stat_ele=5.64046, QCD_stat_muon=4.1514, VBS_stat_ele=2.72249, VBS_stat_muon=4.12778, ele_efficiency=0.908785, ele_trigger=2.27052, fakephoton_ele=4.25679, fakephoton_muon=5.9376, interference=3.7674, lumi=4.31144, mu_efficiency=-0.177559, mu_trigger=5.64628, non_prompt_stat_ele=4.65099, non_prompt_stat_muon=4.59223, others_stat_ele=4.34897, others_stat_muon=6.49152, others_xs=5.09562, param=4.08823, pdf_ele=4.90179, pdf_muon=6.79925, photon_id=6.2212, pileup=0.950778, scale_ele=6.73933, scale_muon=-4.76777
RooProdPdf::model_s[ modelObs_s * nuisancePdf ]
     getLogVal() top-level p.d.f evaluates to zero @ !pdfs=(modelObs_s = 0/1,nuisancePdf = 1)

[#0] WARNING:Minization -- RooMinimizerFcn: Minimized function has error status.
Returning maximum FCN so far (814.969) to force MIGRAD to back out of this region. Error log follows
Parameter values: JER_ele=1.424, JER_muon=3.37605, JES_ele=1.78795, JES_muon=6.95532, QCD_stat_ele=5.63236, QCD_stat_muon=4.18234, VBS_stat_ele=2.71839, VBS_stat_muon=4.11908, ele_efficiency=0.907739, ele_trigger=2.26655, fakephoton_ele=4.24967, fakephoton_muon=5.9302, interference=3.76084, lumi=4.30428, mu_efficiency=-0.180837, mu_trigger=5.63804, non_prompt_stat_ele=4.64277, non_prompt_stat_muon=4.61674, others_stat_ele=4.3432, others_stat_muon=6.48551, others_xs=5.08756, param=4.21904, pdf_ele=4.89704, pdf_muon=6.8048, photon_id=6.23342, pileup=0.949875, scale_ele=6.73485, scale_muon=-4.72907
RooProdPdf::model_s[ modelObs_s * nuisancePdf ]
     getLogVal() top-level p.d.f evaluates to zero @ !pdfs=(modelObs_s = 0/1,nuisancePdf = 1)

[#0] WARNING:Minization -- RooMinimizerFcn: Minimized function has error status.
Returning maximum FCN so far (814.969) to force MIGRAD to back out of this region. Error log follows
Parameter values: JER_ele=1.42125, JER_muon=3.36876, JES_ele=1.78325, JES_muon=6.95338, QCD_stat_ele=5.62498, QCD_stat_muon=4.2108, VBS_stat_ele=2.71465, VBS_stat_muon=4.11102, ele_efficiency=0.906787, ele_trigger=2.26294, fakephoton_ele=4.24318, fakephoton_muon=5.92333, interference=3.75478, lumi=4.29769, mu_efficiency=-0.183861, mu_trigger=5.63042, non_prompt_stat_ele=4.63528, non_prompt_stat_muon=4.6393, others_stat_ele=4.33794, others_stat_muon=6.47993, others_xs=5.08015, param=4.35465, pdf_ele=4.89271, pdf_muon=6.80987, photon_id=6.24458, pileup=0.949044, scale_ele=6.73074, scale_muon=-4.69312
RooProdPdf::model_s[ modelObs_s * nuisancePdf ]
     getLogVal() top-level p.d.f evaluates to zero @ !pdfs=(modelObs_s = 0/1,nuisancePdf = 1)

[#0] WARNING:Minization -- RooMinimizerFcn: Minimized function has error status.
Returning maximum FCN so far (814.969) to force MIGRAD to back out of this region. Error log follows
Parameter values: JER_ele=1.41826, JER_muon=3.3609, JES_ele=1.77817, JES_muon=6.95125, QCD_stat_ele=5.61694, QCD_stat_muon=4.24126, VBS_stat_ele=2.71054, VBS_stat_muon=4.10225, ele_efficiency=0.905756, ele_trigger=2.25902, fakephoton_ele=4.23616, fakephoton_muon=5.91593, interference=3.74823, lumi=4.29057, mu_efficiency=-0.187115, mu_trigger=5.6222, non_prompt_stat_ele=4.62718, non_prompt_stat_muon=4.66345, others_stat_ele=4.33226, others_stat_muon=6.4739, others_xs=5.07216, param=4.49518, pdf_ele=4.88801, pdf_muon=6.81524, photon_id=6.25652, pileup=0.948148, scale_ele=6.72627, scale_muon=-4.65421
RooProdPdf::model_s[ modelObs_s * nuisancePdf ]
     getLogVal() top-level p.d.f evaluates to zero @ !pdfs=(modelObs_s = 0/1,nuisancePdf = 1)

[#0] WARNING:Minization -- RooMinimizerFcn: Minimized function has error status.
Returning maximum FCN so far (814.969) to force MIGRAD to back out of this region. Error log follows
Parameter values: JER_ele=1.41447, JER_muon=3.35116, JES_ele=1.77177, JES_muon=6.94855, QCD_stat_ele=5.60674, QCD_stat_muon=4.27862, VBS_stat_ele=2.70523, VBS_stat_muon=4.09126, ele_efficiency=0.904457, ele_trigger=2.25409, fakephoton_ele=4.22735, fakephoton_muon=5.90679, interference=3.74008, lumi=4.2817, mu_efficiency=-0.191133, mu_trigger=5.61201, non_prompt_stat_ele=4.617, non_prompt_stat_muon=4.69303, others_stat_ele=4.32511, others_stat_muon=6.46642, others_xs=5.06224, param=4.64063, pdf_ele=4.88208, pdf_muon=6.82179, photon_id=6.27122, pileup=0.947036, scale_ele=6.7206, scale_muon=-4.60584
RooProdPdf::model_s[ modelObs_s * nuisancePdf ]
     getLogVal() top-level p.d.f evaluates to zero @ !pdfs=(modelObs_s = 0/1,nuisancePdf = 1)

[#0] WARNING:Minization -- RooMinimizerFcn: Minimized function has error status.
Returning maximum FCN so far (814.969) to force MIGRAD to back out of this region. Error log follows
Parameter values: JER_ele=1.40922, JER_muon=3.33796, JES_ele=1.76296, JES_muon=6.94478, QCD_stat_ele=5.59254, QCD_stat_muon=4.32865, VBS_stat_ele=2.69772, VBS_stat_muon=4.07619, ele_efficiency=0.902661, ele_trigger=2.24727, fakephoton_ele=4.2152, fakephoton_muon=5.89444, interference=3.72899, lumi=4.26959, mu_efficiency=-0.196562, mu_trigger=5.59819, non_prompt_stat_ele=4.60294, non_prompt_stat_muon=4.73261, others_stat_ele=4.31525, others_stat_muon=6.45623, others_xs=5.04873, param=4.7909, pdf_ele=4.87385, pdf_muon=6.83045, photon_id=6.29096, pileup=0.945526, scale_ele=6.7127, scale_muon=-4.53991
RooProdPdf::model_s[ modelObs_s * nuisancePdf ]
     getLogVal() top-level p.d.f evaluates to zero @ !pdfs=(modelObs_s = 0/1,nuisancePdf = 1)

[#0] WARNING:Minization -- RooMinimizerFcn: Minimized function has error status.
Returning maximum FCN so far (814.969) to force MIGRAD to back out of this region. Error log follows
Parameter values: JER_ele=1.40164, JER_muon=3.3193, JES_ele=1.75031, JES_muon=6.93926, QCD_stat_ele=5.57198, QCD_stat_muon=4.39842, VBS_stat_ele=2.68675, VBS_stat_muon=4.05469, ele_efficiency=0.900082, ele_trigger=2.23747, fakephoton_ele=4.19777, fakephoton_muon=5.87698, interference=3.71326, lumi=4.25236, mu_efficiency=-0.204214, mu_trigger=5.57862, non_prompt_stat_ele=4.58275, non_prompt_stat_muon=4.78776, others_stat_ele=4.30109, others_stat_muon=6.44171, others_xs=5.02954, param=4.94585, pdf_ele=4.862, pdf_muon=6.8423, photon_id=6.31848, pileup=0.943388, scale_ele=6.7012, scale_muon=-4.44585
RooProdPdf::model_s[ modelObs_s * nuisancePdf ]
     getLogVal() top-level p.d.f evaluates to zero @ !pdfs=(modelObs_s = 0/1,nuisancePdf = 1)

[#0] WARNING:Minization -- RooMinimizerFcn: Minimized function has error status.
Returning maximum FCN so far (814.969) to force MIGRAD to back out of this region. Error log follows
Parameter values: JER_ele=1.39065, JER_muon=3.29258, JES_ele=1.73201, JES_muon=6.93092, QCD_stat_ele=5.54192, QCD_stat_muon=4.49667, VBS_stat_ele=2.6707, VBS_stat_muon=4.0237, ele_efficiency=0.896348, ele_trigger=2.22328, fakephoton_ele=4.17252, fakephoton_muon=5.85189, interference=3.69068, lumi=4.22757, mu_efficiency=-0.21514, mu_trigger=5.55045, non_prompt_stat_ele=4.55344, non_prompt_stat_muon=4.86538, others_stat_ele=4.28056, others_stat_muon=6.42066, others_xs=5.00192, param=5.10527, pdf_ele=4.84479, pdf_muon=6.85849, photon_id=6.357, pileup=0.940325, scale_ele=6.68418, scale_muon=-4.30921
RooProdPdf::model_s[ modelObs_s * nuisancePdf ]
     getLogVal() top-level p.d.f evaluates to zero @ !pdfs=(modelObs_s = 0/1,nuisancePdf = 1)

[#0] WARNING:Minization -- RooMinimizerFcn: Minimized function has error status.
Returning maximum FCN so far (814.969) to force MIGRAD to back out of this region. Error log follows
Parameter values: JER_ele=1.37475, JER_muon=3.25425, JES_ele=1.70559, JES_muon=6.91808, QCD_stat_ele=5.498, QCD_stat_muon=4.63441, VBS_stat_ele=2.64735, VBS_stat_muon=3.97901, ele_efficiency=0.890959, ele_trigger=2.20277, fakephoton_ele=4.13597, fakephoton_muon=5.81565, interference=3.65822, lumi=4.19185, mu_efficiency=-0.230763, mu_trigger=5.50976, non_prompt_stat_ele=4.51092, non_prompt_stat_muon=4.97421, others_stat_ele=4.25083, others_stat_muon=6.38991, others_xs=4.96206, param=5.26897, pdf_ele=4.81984, pdf_muon=6.88013, photon_id=6.41036, pileup=0.935935, scale_ele=6.65882, scale_muon=-4.10922
RooProdPdf::model_s[ modelObs_s * nuisancePdf ]
     getLogVal() top-level p.d.f evaluates to zero @ !pdfs=(modelObs_s = 0/1,nuisancePdf = 1)

[#0] WARNING:Minization -- RooMinimizerFcn: Minimized function has error status.
Returning maximum FCN so far (814.969) to force MIGRAD to back out of this region. Error log follows
Parameter values: JER_ele=1.35183, JER_muon=3.19919, JES_ele=1.66752, JES_muon=6.89782, QCD_stat_ele=5.4337, QCD_stat_muon=4.82583, VBS_stat_ele=2.61354, VBS_stat_muon=3.91451, ele_efficiency=0.8832, ele_trigger=2.1732, fakephoton_ele=4.08309, fakephoton_muon=5.76299, interference=3.61154, lumi=4.14034, mu_efficiency=-0.253106, mu_trigger=5.45069, non_prompt_stat_ele=4.44925, non_prompt_stat_muon=5.12556, others_stat_ele=4.20783, others_stat_muon=6.34462, others_xs=4.90438, param=5.43686, pdf_ele=4.78369, pdf_muon=6.908, photon_id=6.48294, pileup=0.929649, scale_ele=6.62067, scale_muon=-3.81414
RooProdPdf::model_s[ modelObs_s * nuisancePdf ]
     getLogVal() top-level p.d.f evaluates to zero @ !pdfs=(modelObs_s = 0/1,nuisancePdf = 1)

[#0] WARNING:Minization -- RooMinimizerFcn: Minimized function has error status.
Returning maximum FCN so far (814.969) to force MIGRAD to back out of this region. Error log follows
Parameter values: JER_ele=1.3186, JER_muon=3.11941, JES_ele=1.61234, JES_muon=6.86474, QCD_stat_ele=5.33851, QCD_stat_muon=5.0897, VBS_stat_ele=2.56434, VBS_stat_muon=3.82058, ele_efficiency=0.871968, ele_trigger=2.13032, fakephoton_ele=4.00596, fakephoton_muon=5.68539, interference=3.54384, lumi=4.06541, mu_efficiency=-0.285289, mu_trigger=5.36386, non_prompt_stat_ele=4.35899, non_prompt_stat_muon=5.3346, others_stat_ele=4.14517, others_stat_muon=6.27667, others_xs=4.82003, param=5.60926, pdf_ele=4.73094, pdf_muon=6.9417, photon_id=6.57952, pileup=0.920583, scale_ele=6.56199, scale_muon=-3.37179
RooProdPdf::model_s[ modelObs_s * nuisancePdf ]
     getLogVal() top-level p.d.f evaluates to zero @ !pdfs=(modelObs_s = 0/1,nuisancePdf = 1)

[#0] WARNING:Minization -- RooMinimizerFcn: Minimized function has error status.
Returning maximum FCN so far (814.969) to force MIGRAD to back out of this region. Error log follows
Parameter values: JER_ele=1.26938, JER_muon=3.00086, JES_ele=1.53054, JES_muon=6.80766, QCD_stat_ele=5.19323, QCD_stat_muon=5.45182, VBS_stat_ele=2.49116, VBS_stat_muon=3.68018, ele_efficiency=0.855352, ele_trigger=2.06674, fakephoton_ele=3.89058, fakephoton_muon=5.56724, interference=3.44317, lumi=3.95354, mu_efficiency=-0.332716, mu_trigger=5.23215, non_prompt_stat_ele=4.22332, non_prompt_stat_muon=5.62279, others_stat_ele=4.05155, others_stat_muon=6.17076, others_xs=4.69312, param=5.78766, pdf_ele=4.65199, pdf_muon=6.97746, photon_id=6.70425, pileup=0.90721, scale_ele=6.46777, scale_muon=-2.68719
RooProdPdf::model_s[ modelObs_s * nuisancePdf ]
     getLogVal() top-level p.d.f evaluates to zero @ !pdfs=(modelObs_s = 0/1,nuisancePdf = 1)

[#0] WARNING:Minization -- RooMinimizerFcn: Minimized function has error status.
Returning maximum FCN so far (814.969) to force MIGRAD to back out of this region. Error log follows
Parameter values: JER_ele=1.19219, JER_muon=2.81374, JES_ele=1.40212, JES_muon=6.69893, QCD_stat_ele=4.95559, QCD_stat_muon=5.94853, VBS_stat_ele=2.37592, VBS_stat_muon=3.45681, ele_efficiency=0.82935, ele_trigger=1.96688, fakephoton_ele=3.70704, fakephoton_muon=5.37407, interference=3.28411, lumi=3.77582, mu_efficiency=-0.406701, mu_trigger=5.01802, non_prompt_stat_ele=4.00603, non_prompt_stat_muon=6.02266, others_stat_ele=3.90288, others_stat_muon=5.99205, others_xs=4.48925, param=5.97745, pdf_ele=4.52631, pdf_muon=6.99994, photon_id=6.85587, pileup=0.88633, scale_ele=6.30283, scale_muon=-1.55889
RooProdPdf::model_s[ modelObs_s * nuisancePdf ]
     getLogVal() top-level p.d.f evaluates to zero @ !pdfs=(modelObs_s = 0/1,nuisancePdf = 1)

[#0] WARNING:Minization -- RooMinimizerFcn: Minimized function has error status.
Returning maximum FCN so far (814.969) to force MIGRAD to back out of this region. Error log follows
Parameter values: JER_ele=1.07984, JER_muon=2.53809, JES_ele=1.21467, JES_muon=6.49942, QCD_stat_ele=4.58927, QCD_stat_muon=6.50795, VBS_stat_ele=2.20741, VBS_stat_muon=3.12471, ele_efficiency=0.791583, ele_trigger=1.82106, fakephoton_ele=3.43413, fakephoton_muon=5.07541, interference=3.04958, lumi=3.51183, mu_efficiency=-0.513937, mu_trigger=4.68964, non_prompt_stat_ele=3.68, non_prompt_stat_muon=6.48746, others_stat_ele=3.68236, others_stat_muon=5.70464, others_xs=4.18161, param=6.15795, pdf_ele=4.33923, pdf_muon=6.96029, photon_id=6.98034, pileup=0.856059, scale_ele=6.02605, scale_muon=0.147817
RooProdPdf::model_s[ modelObs_s * nuisancePdf ]
     getLogVal() top-level p.d.f evaluates to zero @ !pdfs=(modelObs_s = 0/1,nuisancePdf = 1)

[#0] WARNING:Minization -- RooMinimizerFcn: Minimized function has error status.
Returning maximum FCN so far (814.969) to force MIGRAD to back out of this region. Error log follows
Parameter values: JER_ele=0.899112, JER_muon=2.08755, JES_ele=0.912608, JES_muon=6.08082, QCD_stat_ele=3.95373, QCD_stat_muon=6.97016, VBS_stat_ele=1.93374, VBS_stat_muon=2.57408, ele_efficiency=0.731015, ele_trigger=1.58568, fakephoton_ele=2.98249, fakephoton_muon=4.55479, interference=2.66525, lumi=3.0751, mu_efficiency=-0.685256, mu_trigger=4.12343, non_prompt_stat_ele=3.13431, non_prompt_stat_muon=6.926, others_stat_ele=3.31843, others_stat_muon=5.17912, others_xs=3.66243, param=6.35455, pdf_ele=4.02875, pdf_muon=6.72053, photon_id=6.94057, pileup=0.807563, scale_ele=5.49577, scale_muon=2.81708
RooProdPdf::model_s[ modelObs_s * nuisancePdf ]
     getLogVal() top-level p.d.f evaluates to zero @ !pdfs=(modelObs_s = 0/1,nuisancePdf = 1)

[#0] WARNING:Minization -- RooMinimizerFcn: Minimized function has error status.
Returning maximum FCN so far (814.969) to force MIGRAD to back out of this region. Error log follows
Parameter values: JER_ele=0.616867, JER_muon=1.36936, JES_ele=0.440232, JES_muon=5.20309, QCD_stat_ele=2.86232, QCD_stat_muon=6.57274, VBS_stat_ele=1.49939, VBS_stat_muon=1.67874, ele_efficiency=0.636108, ele_trigger=1.21569, fakephoton_ele=2.2472, fakephoton_muon=3.65068, interference=2.04797, lumi=2.36564, mu_efficiency=-0.949874, mu_trigger=3.15575, non_prompt_stat_ele=2.23689, non_prompt_stat_muon=6.8195, others_stat_ele=2.72831, others_stat_muon=4.21812, others_xs=2.79913, param=6.15109, pdf_ele=3.52109, pdf_muon=5.93443, photon_id=6.30306, pileup=0.731214, scale_ele=4.47999, scale_muon=5.98459
RooProdPdf::model_s[ modelObs_s * nuisancePdf ]
     getLogVal() top-level p.d.f evaluates to zero @ !pdfs=(modelObs_s = 0/1,nuisancePdf = 1)

[#0] WARNING:Minization -- RooMinimizerFcn: Minimized function has error status.
Returning maximum FCN so far (814.969) to force MIGRAD to back out of this region. Error log follows
Parameter values: JER_ele=0.631847, JER_muon=1.40638, JES_ele=0.465111, JES_muon=5.25356, QCD_stat_ele=2.92254, QCD_stat_muon=6.62507, VBS_stat_ele=1.52293, VBS_stat_muon=1.72569, ele_efficiency=0.641071, ele_trigger=1.23524, fakephoton_ele=2.28642, fakephoton_muon=3.69879, interference=2.07999, lumi=2.40284, mu_efficiency=-0.936429, mu_trigger=3.20698, non_prompt_stat_ele=2.28523, non_prompt_stat_muon=6.84805, others_stat_ele=2.75989, others_stat_muon=4.27057, others_xs=2.84475, param=6.17391, pdf_ele=3.54848, pdf_muon=5.98567, photon_id=6.35197, pileup=0.735076, scale_ele=4.53844, scale_muon=5.86948
RooProdPdf::model_s[ modelObs_s * nuisancePdf ]
     getLogVal() top-level p.d.f evaluates to zero @ !pdfs=(modelObs_s = 0/1,nuisancePdf = 1)

[#0] WARNING:Minization -- RooMinimizerFcn: Minimized function has error status.
Returning maximum FCN so far (814.969) to force MIGRAD to back out of this region. Error log follows
Parameter values: JER_ele=0.646754, JER_muon=1.44384, JES_ele=0.490155, JES_muon=5.30415, QCD_stat_ele=2.9821, QCD_stat_muon=6.67473, VBS_stat_ele=1.54574, VBS_stat_muon=1.77237, ele_efficiency=0.646011, ele_trigger=1.25481, fakephoton_ele=2.3256, fakephoton_muon=3.74733, interference=2.11217, lumi=2.44024, mu_efficiency=-0.922743, mu_trigger=3.25872, non_prompt_stat_ele=2.33352, non_prompt_stat_muon=6.87452, others_stat_ele=2.79147, others_stat_muon=4.32354, others_xs=2.89089, param=6.19702, pdf_ele=3.5758, pdf_muon=6.03639, photon_id=6.3997, pileup=0.738935, scale_ele=4.59683, scale_muon=5.74665
RooProdPdf::model_s[ modelObs_s * nuisancePdf ]
     getLogVal() top-level p.d.f evaluates to zero @ !pdfs=(modelObs_s = 0/1,nuisancePdf = 1)

[#0] WARNING:Minization -- RooMinimizerFcn: Minimized function has error status.
Returning maximum FCN so far (814.969) to force MIGRAD to back out of this region. Error log follows
Parameter values: JER_ele=0.661766, JER_muon=1.48177, JES_ele=0.515314, JES_muon=5.35475, QCD_stat_ele=3.04184, QCD_stat_muon=6.72154, VBS_stat_ele=1.56881, VBS_stat_muon=1.81971, ele_efficiency=0.650984, ele_trigger=1.27449, fakephoton_ele=2.36492, fakephoton_muon=3.79626, interference=2.14474, lumi=2.478, mu_efficiency=-0.908875, mu_trigger=3.31092, non_prompt_stat_ele=2.38197, non_prompt_stat_muon=6.89878, others_stat_ele=2.82316, others_stat_muon=4.37678, others_xs=2.93736, param=6.2204, pdf_ele=3.60321, pdf_muon=6.08657, photon_id=6.44619, pileup=0.742844, scale_ele=4.65492, scale_muon=5.61645
RooProdPdf::model_s[ modelObs_s * nuisancePdf ]
     getLogVal() top-level p.d.f evaluates to zero @ !pdfs=(modelObs_s = 0/1,nuisancePdf = 1)

[#0] WARNING:Minization -- RooMinimizerFcn: Minimized function has error status.
Returning maximum FCN so far (814.969) to force MIGRAD to back out of this region. Error log follows
Parameter values: JER_ele=0.676896, JER_muon=1.52011, JES_ele=0.540683, JES_muon=5.40528, QCD_stat_ele=3.10178, QCD_stat_muon=6.76527, VBS_stat_ele=1.59202, VBS_stat_muon=1.86751, ele_efficiency=0.655996, ele_trigger=1.29432, fakephoton_ele=2.40449, fakephoton_muon=3.84552, interference=2.17763, lumi=2.5161, mu_efficiency=-0.894836, mu_trigger=3.36351, non_prompt_stat_ele=2.4307, non_prompt_stat_muon=6.92069, others_stat_ele=2.85505, others_stat_muon=4.43026, others_xs=2.98419, param=6.24404, pdf_ele=3.63078, pdf_muon=6.13607, photon_id=6.49137, pileup=0.746795, scale_ele=4.71293, scale_muon=5.47888
RooProdPdf::model_s[ modelObs_s * nuisancePdf ]
     getLogVal() top-level p.d.f evaluates to zero @ !pdfs=(modelObs_s = 0/1,nuisancePdf = 1)

[#0] WARNING:Minization -- RooMinimizerFcn: Minimized function has error status.
Returning maximum FCN so far (814.969) to force MIGRAD to back out of this region. Error log follows
Parameter values: JER_ele=0.692164, JER_muon=1.55882, JES_ele=0.56628, JES_muon=5.45567, QCD_stat_ele=3.162, QCD_stat_muon=6.80576, VBS_stat_ele=1.61544, VBS_stat_muon=1.91575, ele_efficiency=0.661054, ele_trigger=1.31433, fakephoton_ele=2.44434, fakephoton_muon=3.89504, interference=2.21084, lumi=2.5545, mu_efficiency=-0.880636, mu_trigger=3.41643, non_prompt_stat_ele=2.47976, non_prompt_stat_muon=6.94015, others_stat_ele=2.88716, others_stat_muon=4.48388, others_xs=3.03136, param=6.26792, pdf_ele=3.65852, pdf_muon=6.18481, photon_id=6.53515, pileup=0.750787, scale_ele=4.77089, scale_muon=5.33399
RooProdPdf::model_s[ modelObs_s * nuisancePdf ]
     getLogVal() top-level p.d.f evaluates to zero @ !pdfs=(modelObs_s = 0/1,nuisancePdf = 1)

[#0] WARNING:Minization -- RooMinimizerFcn: Minimized function has error status.
Returning maximum FCN so far (814.969) to force MIGRAD to back out of this region. Error log follows
Parameter values: JER_ele=0.707572, JER_muon=1.59788, JES_ele=0.59211, JES_muon=5.50585, QCD_stat_ele=3.22248, QCD_stat_muon=6.84282, VBS_stat_ele=1.63905, VBS_stat_muon=1.96438, ele_efficiency=0.666159, ele_trigger=1.33451, fakephoton_ele=2.48447, fakephoton_muon=3.94479, interference=2.24432, lumi=2.59321, mu_efficiency=-0.866287, mu_trigger=3.46964, non_prompt_stat_ele=2.52913, non_prompt_stat_muon=6.95704, others_stat_ele=2.91949, others_stat_muon=4.53761, others_xs=3.07882, param=6.29203, pdf_ele=3.68645, pdf_muon=6.2327, photon_id=6.57743, pileup=0.754819, scale_ele=4.82878, scale_muon=5.18186
RooProdPdf::model_s[ modelObs_s * nuisancePdf ]
     getLogVal() top-level p.d.f evaluates to zero @ !pdfs=(modelObs_s = 0/1,nuisancePdf = 1)

[#0] WARNING:Minization -- RooMinimizerFcn: Minimized function has error status.
Returning maximum FCN so far (814.969) to force MIGRAD to back out of this region. Error log follows
Parameter values: JER_ele=0.723118, JER_muon=1.63726, JES_ele=0.618167, JES_muon=5.55577, QCD_stat_ele=3.28321, QCD_stat_muon=6.87629, VBS_stat_ele=1.66286, VBS_stat_muon=2.01337, ele_efficiency=0.67131, ele_trigger=1.35486, fakephoton_ele=2.52487, fakephoton_muon=3.99471, interference=2.27806, lumi=2.63218, mu_efficiency=-0.851798, mu_trigger=3.52307, non_prompt_stat_ele=2.5788, non_prompt_stat_muon=6.97126, others_stat_ele=2.95205, others_stat_muon=4.59139, others_xs=3.12656, param=6.31636, pdf_ele=3.71454, pdf_muon=6.27965, photon_id=6.61812, pileup=0.758886, scale_ele=4.88657, scale_muon=5.0226
RooProdPdf::model_s[ modelObs_s * nuisancePdf ]
     getLogVal() top-level p.d.f evaluates to zero @ !pdfs=(modelObs_s = 0/1,nuisancePdf = 1)

[#0] WARNING:Minization -- RooMinimizerFcn: Minimized function has error status.
Returning maximum FCN so far (814.969) to force MIGRAD to back out of this region. Error log follows
Parameter values: JER_ele=0.738792, JER_muon=1.67693, JES_ele=0.644438, JES_muon=5.60535, QCD_stat_ele=3.34413, QCD_stat_muon=6.90603, VBS_stat_ele=1.68686, VBS_stat_muon=2.06267, ele_efficiency=0.676503, ele_trigger=1.37537, fakephoton_ele=2.56551, fakephoton_muon=4.04475, interference=2.31203, lumi=2.67139, mu_efficiency=-0.837178, mu_trigger=3.57669, non_prompt_stat_ele=2.62875, non_prompt_stat_muon=6.98273, others_stat_ele=2.98479, others_stat_muon=4.64515, others_xs=3.17452, param=6.34088, pdf_ele=3.74279, pdf_muon=6.32558, photon_id=6.65714, pileup=0.762988, scale_ele=4.9442, scale_muon=4.85634
RooProdPdf::model_s[ modelObs_s * nuisancePdf ]
     getLogVal() top-level p.d.f evaluates to zero @ !pdfs=(modelObs_s = 0/1,nuisancePdf = 1)

[#0] WARNING:Minization -- RooMinimizerFcn: Minimized function has error status.
Returning maximum FCN so far (814.969) to force MIGRAD to back out of this region. Error log follows
Parameter values: JER_ele=0.754586, JER_muon=1.71685, JES_ele=0.670907, JES_muon=5.65454, QCD_stat_ele=3.4052, QCD_stat_muon=6.93189, VBS_stat_ele=1.71102, VBS_stat_muon=2.11226, ele_efficiency=0.681736, ele_trigger=1.39604, fakephoton_ele=2.60637, fakephoton_muon=4.09487, interference=2.34621, lumi=2.71081, mu_efficiency=-0.822439, mu_trigger=3.63045, non_prompt_stat_ele=2.67893, non_prompt_stat_muon=6.99135, others_stat_ele=3.01772, others_stat_muon=4.69884, others_xs=3.22267, param=6.36558, pdf_ele=3.77118, pdf_muon=6.37042, photon_id=6.69438, pileup=0.767121, scale_ele=5.00161, scale_muon=4.68326
RooProdPdf::model_s[ modelObs_s * nuisancePdf ]
     getLogVal() top-level p.d.f evaluates to zero @ !pdfs=(modelObs_s = 0/1,nuisancePdf = 1)

[#0] WARNING:Minization -- RooMinimizerFcn: Minimized function has error status.
Returning maximum FCN so far (814.969) to force MIGRAD to back out of this region. Error log follows
Parameter values: JER_ele=0.770488, JER_muon=1.75699, JES_ele=0.697554, JES_muon=5.70327, QCD_stat_ele=3.46635, QCD_stat_muon=6.95375, VBS_stat_ele=1.73532, VBS_stat_muon=2.16207, ele_efficiency=0.687005, ele_trigger=1.41683, fakephoton_ele=2.64741, fakephoton_muon=4.14502, interference=2.38056, lumi=2.75041, mu_efficiency=-0.807592, mu_trigger=3.68429, non_prompt_stat_ele=2.7293, non_prompt_stat_muon=6.99705, others_stat_ele=3.05079, others_stat_muon=4.75241, others_xs=3.27096, param=6.39044, pdf_ele=3.79968, pdf_muon=6.41409, photon_id=6.72977, pileup=0.771282, scale_ele=5.05874, scale_muon=4.50357
RooProdPdf::model_s[ modelObs_s * nuisancePdf ]
     getLogVal() top-level p.d.f evaluates to zero @ !pdfs=(modelObs_s = 0/1,nuisancePdf = 1)

[#0] WARNING:Minization -- RooMinimizerFcn: Minimized function has error status.
Returning maximum FCN so far (814.969) to force MIGRAD to back out of this region. Error log follows
Parameter values: JER_ele=0.786486, JER_muon=1.79732, JES_ele=0.724357, JES_muon=5.75149, QCD_stat_ele=3.52754, QCD_stat_muon=6.9715, VBS_stat_ele=1.75976, VBS_stat_muon=2.21206, ele_efficiency=0.692306, ele_trigger=1.43775, fakephoton_ele=2.68859, fakephoton_muon=4.19515, interference=2.41506, lumi=2.79015, mu_efficiency=-0.792649, mu_trigger=3.73815, non_prompt_stat_ele=2.77981, non_prompt_stat_muon=6.99976, others_stat_ele=3.08398, others_stat_muon=4.80578, others_xs=3.31935, param=6.41544, pdf_ele=3.82826, pdf_muon=6.4565, photon_id=6.76321, pileup=0.775467, scale_ele=5.11553, scale_muon=4.3175
RooProdPdf::model_s[ modelObs_s * nuisancePdf ]
     getLogVal() top-level p.d.f evaluates to zero @ !pdfs=(modelObs_s = 0/1,nuisancePdf = 1)

[#0] WARNING:Minization -- RooMinimizerFcn: Minimized function has error status.
Returning maximum FCN so far (814.969) to force MIGRAD to back out of this region. Error log follows
Parameter values: JER_ele=0.802567, JER_muon=1.8378, JES_ele=0.751295, JES_muon=5.79913, QCD_stat_ele=3.58869, QCD_stat_muon=6.98504, VBS_stat_ele=1.78431, VBS_stat_muon=2.2622, ele_efficiency=0.697635, ele_trigger=1.45876, fakephoton_ele=2.72988, fakephoton_muon=4.2452, interference=2.44967, lumi=2.82998, mu_efficiency=-0.777623, mu_trigger=3.79199, non_prompt_stat_ele=2.83043, non_prompt_stat_muon=6.99944, others_stat_ele=3.11727, others_stat_muon=4.85892, others_xs=3.36779, param=6.44055, pdf_ele=3.85691, pdf_muon=6.49759, photon_id=6.79465, pileup=0.779672, scale_ele=5.1719, scale_muon=4.12537
RooProdPdf::model_s[ modelObs_s * nuisancePdf ]
     getLogVal() top-level p.d.f evaluates to zero @ !pdfs=(modelObs_s = 0/1,nuisancePdf = 1)

[#0] WARNING:Minization -- RooMinimizerFcn: Minimized function has error status.
Returning maximum FCN so far (814.969) to force MIGRAD to back out of this region. Error log follows
Parameter values: JER_ele=0.818715, JER_muon=1.87839, JES_ele=0.778342, JES_muon=5.84612, QCD_stat_ele=3.64973, QCD_stat_muon=6.99429, VBS_stat_ele=1.80894, VBS_stat_muon=2.31242, ele_efficiency=0.702986, ele_trigger=1.47985, fakephoton_ele=2.77124, fakephoton_muon=4.29512, interference=2.48436, lumi=2.86989, mu_efficiency=-0.762526, mu_trigger=3.84574, non_prompt_stat_ele=2.88108, non_prompt_stat_muon=6.99603, others_stat_ele=3.15061, others_stat_muon=4.91174, others_xs=3.41624, param=6.46574, pdf_ele=3.88559, pdf_muon=6.5373, photon_id=6.824, pileup=0.783895, scale_ele=5.22779, scale_muon=3.92748
RooProdPdf::model_s[ modelObs_s * nuisancePdf ]
     getLogVal() top-level p.d.f evaluates to zero @ !pdfs=(modelObs_s = 0/1,nuisancePdf = 1)

[#0] WARNING:Minization -- RooMinimizerFcn: Minimized function has error status.
Returning maximum FCN so far (814.969) to force MIGRAD to back out of this region. Error log follows
Parameter values: JER_ele=0.834916, JER_muon=1.91905, JES_ele=0.805473, JES_muon=5.89241, QCD_stat_ele=3.71061, QCD_stat_muon=6.99918, VBS_stat_ele=1.83364, VBS_stat_muon=2.36268, ele_efficiency=0.708354, ele_trigger=1.501, fakephoton_ele=2.81263, fakephoton_muon=4.34485, interference=2.51911, lumi=2.90981, mu_efficiency=-0.747374, mu_trigger=3.89935, non_prompt_stat_ele=2.93174, non_prompt_stat_muon=6.98952, others_stat_ele=3.18398, others_stat_muon=4.96419, others_xs=3.46463, param=6.49101, pdf_ele=3.91428, pdf_muon=6.57554, photon_id=6.8512, pileup=0.78813, scale_ele=5.28313, scale_muon=3.72422
RooProdPdf::model_s[ modelObs_s * nuisancePdf ]
     getLogVal() top-level p.d.f evaluates to zero @ !pdfs=(modelObs_s = 0/1,nuisancePdf = 1)

[#0] WARNING:Minization -- RooMinimizerFcn: Minimized function has error status.
Returning maximum FCN so far (814.969) to force MIGRAD to back out of this region. Error log follows
Parameter values: JER_ele=0.851154, JER_muon=1.95973, JES_ele=0.832661, JES_muon=5.93793, QCD_stat_ele=3.77126, QCD_stat_muon=6.99966, VBS_stat_ele=1.85837, VBS_stat_muon=2.41293, ele_efficiency=0.713734, ele_trigger=1.52219, fakephoton_ele=2.85399, fakephoton_muon=4.39435, interference=2.55386, lumi=2.94972, mu_efficiency=-0.732181, mu_trigger=3.95275, non_prompt_stat_ele=2.98233, non_prompt_stat_muon=6.97987, others_stat_ele=3.21734, others_stat_muon=5.01621, others_xs=3.51292, param=6.51631, pdf_ele=3.94295, pdf_muon=6.61227, photon_id=6.8762, pileup=0.792374, scale_ele=5.33785, scale_muon=3.51599
RooProdPdf::model_s[ modelObs_s * nuisancePdf ]
     getLogVal() top-level p.d.f evaluates to zero @ !pdfs=(modelObs_s = 0/1,nuisancePdf = 1)

[#0] WARNING:Minization -- RooMinimizerFcn: Minimized function has error status.
Returning maximum FCN so far (814.969) to force MIGRAD to back out of this region. Error log follows
Parameter values: JER_ele=0.867411, JER_muon=2.0004, JES_ele=0.859877, JES_muon=5.98263, QCD_stat_ele=3.83158, QCD_stat_muon=6.99573, VBS_stat_ele=1.88312, VBS_stat_muon=2.46309, ele_efficiency=0.719121, ele_trigger=1.5434, fakephoton_ele=2.8953, fakephoton_muon=4.44354, interference=2.58858, lumi=2.98956, mu_efficiency=-0.716963, mu_trigger=4.00588, non_prompt_stat_ele=3.0328, non_prompt_stat_muon=6.9671, others_stat_ele=3.25065, others_stat_muon=5.06774, others_xs=3.56106, param=6.54163, pdf_ele=3.97156, pdf_muon=6.64743, photon_id=6.89894, pileup=0.796621, scale_ele=5.39188, scale_muon=3.30324
RooProdPdf::model_s[ modelObs_s * nuisancePdf ]
     getLogVal() top-level p.d.f evaluates to zero @ !pdfs=(modelObs_s = 0/1,nuisancePdf = 1)

[#0] WARNING:Minization -- RooMinimizerFcn: Minimized function has error status.
Returning maximum FCN so far (814.969) to force MIGRAD to back out of this region. Error log follows
Parameter values: JER_ele=0.88367, JER_muon=2.04101, JES_ele=0.88709, JES_muon=6.02645, QCD_stat_ele=3.89153, QCD_stat_muon=6.98736, VBS_stat_ele=1.90784, VBS_stat_muon=2.51313, ele_efficiency=0.724508, ele_trigger=1.56459, fakephoton_ele=2.93648, fakephoton_muon=4.49237, interference=2.62324, lumi=3.0293, mu_efficiency=-0.701737, mu_trigger=4.05868, non_prompt_stat_ele=3.08309, non_prompt_stat_muon=6.95121, others_stat_ele=3.28387, others_stat_muon=5.1187, others_xs=3.60898, param=6.56693, pdf_ele=4.00008, pdf_muon=6.68096, photon_id=6.9194, pileup=0.800867, scale_ele=5.44515, scale_muon=3.08646
RooProdPdf::model_s[ modelObs_s * nuisancePdf ]
     getLogVal() top-level p.d.f evaluates to zero @ !pdfs=(modelObs_s = 0/1,nuisancePdf = 1)

[#0] WARNING:Minization -- RooMinimizerFcn: Minimized function has error status.
Returning maximum FCN so far (814.969) to force MIGRAD to back out of this region. Error log follows
Parameter values: JER_ele=0.899912, JER_muon=2.0815, JES_ele=0.91427, JES_muon=6.06933, QCD_stat_ele=3.95101, QCD_stat_muon=6.97459, VBS_stat_ele=1.93253, VBS_stat_muon=2.56297, ele_efficiency=0.729889, ele_trigger=1.58576, fakephoton_ele=2.97751, fakephoton_muon=4.54078, interference=2.65779, lumi=3.06888, mu_efficiency=-0.686521, mu_trigger=4.11108, non_prompt_stat_ele=3.13315, non_prompt_stat_muon=6.93223, others_stat_ele=3.31698, others_stat_muon=5.16903, others_xs=3.65663, param=6.59218, pdf_ele=4.02848, pdf_muon=6.71282, photon_id=6.93755, pileup=0.805107, scale_ele=5.49759, scale_muon=2.86615
RooProdPdf::model_s[ modelObs_s * nuisancePdf ]
     getLogVal() top-level p.d.f evaluates to zero @ !pdfs=(modelObs_s = 0/1,nuisancePdf = 1)

[#0] WARNING:Minization -- RooMinimizerFcn: Minimized function has error status.
Returning maximum FCN so far (814.969) to force MIGRAD to back out of this region. Error log follows
Parameter values: JER_ele=0.916118, JER_muon=2.12183, JES_ele=0.941382, JES_muon=6.11122, QCD_stat_ele=4.00996, QCD_stat_muon=6.95745, VBS_stat_ele=1.95713, VBS_stat_muon=2.61255, ele_efficiency=0.735258, ele_trigger=1.60687, fakephoton_ele=3.01832, fakephoton_muon=4.58871, interference=2.69218, lumi=3.10825, mu_efficiency=-0.671334, mu_trigger=4.16301, non_prompt_stat_ele=3.1829, non_prompt_stat_muon=6.91022, others_stat_ele=3.34992, others_stat_muon=5.21868, others_xs=3.70394, param=6.61734, pdf_ele=4.05672, pdf_muon=6.74297, photon_id=6.95336, pileup=0.809336, scale_ele=5.54914, scale_muon=2.64289
RooProdPdf::model_s[ modelObs_s * nuisancePdf ]
     getLogVal() top-level p.d.f evaluates to zero @ !pdfs=(modelObs_s = 0/1,nuisancePdf = 1)

[#0] WARNING:Minization -- RooMinimizerFcn: Minimized function has error status.
Returning maximum FCN so far (814.969) to force MIGRAD to back out of this region. Error log follows
Parameter values: JER_ele=0.932266, JER_muon=2.16195, JES_ele=0.968392, JES_muon=6.15206, QCD_stat_ele=4.06829, QCD_stat_muon=6.93603, VBS_stat_ele=1.98163, VBS_stat_muon=2.66182, ele_efficiency=0.740607, ele_trigger=1.62789, fakephoton_ele=3.05887, fakephoton_muon=4.63609, interference=2.72638, lumi=3.14736, mu_efficiency=-0.656194, mu_trigger=4.21441, non_prompt_stat_ele=3.23228, non_prompt_stat_muon=6.88523, others_stat_ele=3.38265, others_stat_muon=5.26756, others_xs=3.75086, param=6.6424, pdf_ele=4.08477, pdf_muon=6.77138, photon_id=6.96683, pileup=0.813547, scale_ele=5.59973, scale_muon=2.41725
RooProdPdf::model_s[ modelObs_s * nuisancePdf ]
     getLogVal() top-level p.d.f evaluates to zero @ !pdfs=(modelObs_s = 0/1,nuisancePdf = 1)

[#0] WARNING:Minization -- RooMinimizerFcn: Minimized function has error status.
Returning maximum FCN so far (814.969) to force MIGRAD to back out of this region. Error log follows
Parameter values: JER_ele=0.948335, JER_muon=2.20179, JES_ele=0.995264, JES_muon=6.1918, QCD_stat_ele=4.12593, QCD_stat_muon=6.91043, VBS_stat_ele=2.006, VBS_stat_muon=2.71069, ele_efficiency=0.745929, ele_trigger=1.6488, fakephoton_ele=3.0991, fakephoton_muon=4.68286, interference=2.76034, lumi=3.18617, mu_efficiency=-0.641122, mu_trigger=4.26521, non_prompt_stat_ele=3.28124, non_prompt_stat_muon=6.85736, others_stat_ele=3.41513, others_stat_muon=5.31563, others_xs=3.79732, param=6.66731, pdf_ele=4.1126, pdf_muon=6.79803, photon_id=6.97796, pileup=0.817736, scale_ele=5.64929, scale_muon=2.18984
RooProdPdf::model_s[ modelObs_s * nuisancePdf ]
     getLogVal() top-level p.d.f evaluates to zero @ !pdfs=(modelObs_s = 0/1,nuisancePdf = 1)

[#0] WARNING:Minization -- RooMinimizerFcn: Minimized function has error status.
Returning maximum FCN so far (814.969) to force MIGRAD to back out of this region. Error log follows
Parameter values: JER_ele=0.964304, JER_muon=2.24131, JES_ele=1.02196, JES_muon=6.2304, QCD_stat_ele=4.1828, QCD_stat_muon=6.88075, VBS_stat_ele=2.03018, VBS_stat_muon=2.7591, ele_efficiency=0.751217, ele_trigger=1.66957, fakephoton_ele=3.13895, fakephoton_muon=4.72896, interference=2.79401, lumi=3.22461, mu_efficiency=-0.62614, mu_trigger=4.31533, non_prompt_stat_ele=3.32969, non_prompt_stat_muon=6.8267, others_stat_ele=3.44732, others_stat_muon=5.36282, others_xs=3.84326, param=6.69203, pdf_ele=4.14016, pdf_muon=6.82289, photon_id=6.98678, pileup=0.821895, scale_ele=5.69776, scale_muon=1.9613
RooProdPdf::model_s[ modelObs_s * nuisancePdf ]
     getLogVal() top-level p.d.f evaluates to zero @ !pdfs=(modelObs_s = 0/1,nuisancePdf = 1)

[#0] WARNING:Minization -- RooMinimizerFcn: Minimized function has error status.
Returning maximum FCN so far (814.969) to force MIGRAD to back out of this region. Error log follows
Parameter values: JER_ele=0.980148, JER_muon=2.28045, JES_ele=1.04844, JES_muon=6.26782, QCD_stat_ele=4.23881, QCD_stat_muon=6.84716, VBS_stat_ele=2.05417, VBS_stat_muon=2.80699, ele_efficiency=0.756464, ele_trigger=1.69017, fakephoton_ele=3.17836, fakephoton_muon=4.77432, interference=2.82734, lumi=3.26263, mu_efficiency=-0.611268, mu_trigger=4.36471, non_prompt_stat_ele=3.37757, non_prompt_stat_muon=6.79338, others_stat_ele=3.47917, others_stat_muon=5.40907, others_xs=3.88862, param=6.71653, pdf_ele=4.16741, pdf_muon=6.84597, photon_id=6.99332, pileup=0.82602, scale_ele=5.74508, scale_muon=1.73228
RooProdPdf::model_s[ modelObs_s * nuisancePdf ]
     getLogVal() top-level p.d.f evaluates to zero @ !pdfs=(modelObs_s = 0/1,nuisancePdf = 1)

[#0] WARNING:Minization -- RooMinimizerFcn: Minimized function has error status.
Returning maximum FCN so far (814.969) to force MIGRAD to back out of this region. Error log follows
Parameter values: JER_ele=0.995846, JER_muon=2.31915, JES_ele=1.07467, JES_muon=6.30401, QCD_stat_ele=4.29389, QCD_stat_muon=6.80985, VBS_stat_ele=2.0779, VBS_stat_muon=2.85427, ele_efficiency=0.76166, ele_trigger=1.71056, fakephoton_ele=3.21728, fakephoton_muon=4.81889, interference=2.86029, lumi=3.30018, mu_efficiency=-0.596531, mu_trigger=4.41328, non_prompt_stat_ele=3.4248, non_prompt_stat_muon=6.75753, others_stat_ele=3.51063, others_stat_muon=5.45431, others_xs=3.93332, param=6.74078, pdf_ele=4.19432, pdf_muon=6.86726, photon_id=6.99762, pileup=0.830103, scale_ele=5.79119, scale_muon=1.50346
RooProdPdf::model_s[ modelObs_s * nuisancePdf ]
     getLogVal() top-level p.d.f evaluates to zero @ !pdfs=(modelObs_s = 0/1,nuisancePdf = 1)

[#0] WARNING:Minization -- RooMinimizerFcn: Minimized function has error status.
Returning maximum FCN so far (814.969) to force MIGRAD to back out of this region. Error log follows
Parameter values: JER_ele=1.01137, JER_muon=2.35734, JES_ele=1.10061, JES_muon=6.33895, QCD_stat_ele=4.34796, QCD_stat_muon=6.769, VBS_stat_ele=2.10136, VBS_stat_muon=2.90089, ele_efficiency=0.766798, ele_trigger=1.73072, fakephoton_ele=3.25566, fakephoton_muon=4.86259, interference=2.89279, lumi=3.3372, mu_efficiency=-0.58195, mu_trigger=4.46096, non_prompt_stat_ele=3.47133, non_prompt_stat_muon=6.71933, others_stat_ele=3.54166, others_stat_muon=5.49848, others_xs=3.9773, param=6.76472, pdf_ele=4.22084, pdf_muon=6.88676, photon_id=6.99974, pileup=0.834138, scale_ele=5.83603, scale_muon=1.2755
RooProdPdf::model_s[ modelObs_s * nuisancePdf ]
     getLogVal() top-level p.d.f evaluates to zero @ !pdfs=(modelObs_s = 0/1,nuisancePdf = 1)

[#0] WARNING:Minization -- RooMinimizerFcn: Minimized function has error status.
Returning maximum FCN so far (814.969) to force MIGRAD to back out of this region. Error log follows
Parameter values: JER_ele=1.0267, JER_muon=2.39497, JES_ele=1.12621, JES_muon=6.37259, QCD_stat_ele=4.40093, QCD_stat_muon=6.72487, VBS_stat_ele=2.1245, VBS_stat_muon=2.94675, ele_efficiency=0.771869, ele_trigger=1.75061, fakephoton_ele=3.29341, fakephoton_muon=4.90537, interference=2.92481, lumi=3.37363, mu_efficiency=-0.567551, mu_trigger=4.50769, non_prompt_stat_ele=3.51707, non_prompt_stat_muon=6.67894, others_stat_ele=3.57221, others_stat_muon=5.54154, others_xs=4.0205, param=6.78833, pdf_ele=4.24694, pdf_muon=6.90451, photon_id=6.99975, pileup=0.838117, scale_ele=5.87956, scale_muon=1.04909
RooProdPdf::model_s[ modelObs_s * nuisancePdf ]
     getLogVal() top-level p.d.f evaluates to zero @ !pdfs=(modelObs_s = 0/1,nuisancePdf = 1)

[#0] WARNING:Minization -- RooMinimizerFcn: Minimized function has error status.
Returning maximum FCN so far (814.969) to force MIGRAD to back out of this region. Error log follows
Parameter values: JER_ele=1.0418, JER_muon=2.43198, JES_ele=1.15142, JES_muon=6.40491, QCD_stat_ele=4.45274, QCD_stat_muon=6.6777, VBS_stat_ele=2.14728, VBS_stat_muon=2.9918, ele_efficiency=0.776865, ele_trigger=1.77021, fakephoton_ele=3.3305, fakephoton_muon=4.94717, interference=2.95628, lumi=3.40941, mu_efficiency=-0.553358, mu_trigger=4.5534, non_prompt_stat_ele=3.56196, non_prompt_stat_muon=6.63657, others_stat_ele=3.60222, others_stat_muon=5.58342, others_xs=4.06284, param=6.81156, pdf_ele=4.27258, pdf_muon=6.92053, photon_id=6.99773, pileup=0.842035, scale_ele=5.92173, scale_muon=0.824918
RooProdPdf::model_s[ modelObs_s * nuisancePdf ]
     getLogVal() top-level p.d.f evaluates to zero @ !pdfs=(modelObs_s = 0/1,nuisancePdf = 1)

[#0] WARNING:Minization -- RooMinimizerFcn: Minimized function has error status.
Returning maximum FCN so far (814.969) to force MIGRAD to back out of this region. Error log follows
Parameter values: JER_ele=1.05666, JER_muon=2.4683, JES_ele=1.17622, JES_muon=6.43588, QCD_stat_ele=4.5033, QCD_stat_muon=6.62779, VBS_stat_ele=2.16967, VBS_stat_muon=3.03595, ele_efficiency=0.781776, ele_trigger=1.78947, fakephoton_ele=3.36685, fakephoton_muon=4.98791, interference=2.98715, lumi=3.44448, mu_efficiency=-0.539396, mu_trigger=4.59801, non_prompt_stat_ele=3.60591, non_prompt_stat_muon=6.59243, others_stat_ele=3.63165, others_stat_muon=5.62407, others_xs=4.10427, param=6.83437, pdf_ele=4.2977, pdf_muon=6.93485, photon_id=6.9938, pileup=0.845883, scale_ele=5.96248, scale_muon=0.603664
RooProdPdf::model_s[ modelObs_s * nuisancePdf ]
     getLogVal() top-level p.d.f evaluates to zero @ !pdfs=(modelObs_s = 0/1,nuisancePdf = 1)

[#0] WARNING:Minization -- RooMinimizerFcn: Minimized function has error status.
Returning maximum FCN so far (814.969) to force MIGRAD to back out of this region. Error log follows
Parameter values: JER_ele=1.07123, JER_muon=2.50387, JES_ele=1.20054, JES_muon=6.4655, QCD_stat_ele=4.55254, QCD_stat_muon=6.57544, VBS_stat_ele=2.19162, VBS_stat_muon=3.07912, ele_efficiency=0.786594, ele_trigger=1.80835, fakephoton_ele=3.40241, fakephoton_muon=5.02755, interference=3.01738, lumi=3.47878, mu_efficiency=-0.52569, mu_trigger=4.64146, non_prompt_stat_ele=3.64887, non_prompt_stat_muon=6.54676, others_stat_ele=3.66044, others_stat_muon=5.66344, others_xs=4.14471, param=6.85672, pdf_ele=4.32228, pdf_muon=6.94752, photon_id=6.98805, pileup=0.849656, scale_ele=6.00178, scale_muon=0.385993
RooProdPdf::model_s[ modelObs_s * nuisancePdf ]
     getLogVal() top-level p.d.f evaluates to zero @ !pdfs=(modelObs_s = 0/1,nuisancePdf = 1)

[#0] WARNING:Minization -- RooMinimizerFcn: Minimized function has error status.
Returning maximum FCN so far (814.969) to force MIGRAD to back out of this region. Error log follows
Parameter values: JER_ele=1.08551, JER_muon=2.53862, JES_ele=1.22435, JES_muon=6.49374, QCD_stat_ele=4.60038, QCD_stat_muon=6.52098, VBS_stat_ele=2.2131, VBS_stat_muon=3.12126, ele_efficiency=0.79131, ele_trigger=1.82684, fakephoton_ele=3.4371, fakephoton_muon=5.06602, interference=3.0469, lumi=3.51226, mu_efficiency=-0.512267, mu_trigger=4.68368, non_prompt_stat_ele=3.69075, non_prompt_stat_muon=6.49979, others_stat_ele=3.68856, others_stat_muon=5.70148, others_xs=4.1841, param=6.87856, pdf_ele=4.34626, pdf_muon=6.95861, photon_id=6.98062, pileup=0.853344, scale_ele=6.0396, scale_muon=0.172557
RooProdPdf::model_s[ modelObs_s * nuisancePdf ]
     getLogVal() top-level p.d.f evaluates to zero @ !pdfs=(modelObs_s = 0/1,nuisancePdf = 1)

[#0] WARNING:Minization -- RooMinimizerFcn: Minimized function has error status.
Returning maximum FCN so far (814.969) to force MIGRAD to back out of this region. Error log follows
Parameter values: JER_ele=1.09945, JER_muon=2.57249, JES_ele=1.24761, JES_muon=6.52061, QCD_stat_ele=4.64675, QCD_stat_muon=6.46476, VBS_stat_ele=2.23406, VBS_stat_muon=3.16227, ele_efficiency=0.795914, ele_trigger=1.84489, fakephoton_ele=3.47088, fakephoton_muon=5.10327, interference=3.07566, lumi=3.54485, mu_efficiency=-0.499153, mu_trigger=4.72462, non_prompt_stat_ele=3.73149, non_prompt_stat_muon=6.45179, others_stat_ele=3.71595, others_stat_muon=5.73816, others_xs=4.22237, param=6.89986, pdf_ele=4.36962, pdf_muon=6.96817, photon_id=6.97163, pileup=0.856942, scale_ele=6.07589, scale_muon=-0.0360121
RooProdPdf::model_s[ modelObs_s * nuisancePdf ]
     getLogVal() top-level p.d.f evaluates to zero @ !pdfs=(modelObs_s = 0/1,nuisancePdf = 1)

[#0] WARNING:Minization -- RooMinimizerFcn: Minimized function has error status.
Returning maximum FCN so far (814.969) to force MIGRAD to back out of this region. Error log follows
Parameter values: JER_ele=1.11304, JER_muon=2.60542, JES_ele=1.27026, JES_muon=6.54609, QCD_stat_ele=4.69159, QCD_stat_muon=6.40715, VBS_stat_ele=2.25447, VBS_stat_muon=3.20209, ele_efficiency=0.800397, ele_trigger=1.86247, fakephoton_ele=3.50368, fakephoton_muon=5.13925, interference=3.10362, lumi=3.5765, mu_efficiency=-0.486372, mu_trigger=4.7642, non_prompt_stat_ele=3.77102, non_prompt_stat_muon=6.40302, others_stat_ele=3.74255, others_stat_muon=5.77342, others_xs=4.25947, param=6.92056, pdf_ele=4.3923, pdf_muon=6.97627, photon_id=6.96125, pileup=0.86044, scale_ele=6.11064, scale_muon=-0.239112
RooProdPdf::model_s[ modelObs_s * nuisancePdf ]
     getLogVal() top-level p.d.f evaluates to zero @ !pdfs=(modelObs_s = 0/1,nuisancePdf = 1)

[#0] WARNING:Minization -- RooMinimizerFcn: Minimized function has error status.
Returning maximum FCN so far (814.969) to force MIGRAD to back out of this region. Error log follows
Parameter values: JER_ele=1.12624, JER_muon=2.63735, JES_ele=1.29227, JES_muon=6.57018, QCD_stat_ele=4.73483, QCD_stat_muon=6.34853, VBS_stat_ele=2.27429, VBS_stat_muon=3.24065, ele_efficiency=0.80475, ele_trigger=1.87954, fakephoton_ele=3.53545, fakephoton_muon=5.1739, interference=3.13071, lumi=3.60715, mu_efficiency=-0.473952, mu_trigger=4.80237, non_prompt_stat_ele=3.80926, non_prompt_stat_muon=6.35379, others_stat_ele=3.76833, others_stat_muon=5.80724, others_xs=4.29533, param=6.94064, pdf_ele=4.41427, pdf_muon=6.98301, photon_id=6.94962, pileup=0.863834, scale_ele=6.14381, scale_muon=-0.436167
RooProdPdf::model_s[ modelObs_s * nuisancePdf ]
     getLogVal() top-level p.d.f evaluates to zero @ !pdfs=(modelObs_s = 0/1,nuisancePdf = 1)

[#0] WARNING:Minization -- RooMinimizerFcn: Minimized function has error status.
Returning maximum FCN so far (814.969) to force MIGRAD to back out of this region. Error log follows
Parameter values: JER_ele=1.13904, JER_muon=2.66821, JES_ele=1.31358, JES_muon=6.5929, QCD_stat_ele=4.77641, QCD_stat_muon=6.28928, VBS_stat_ele=2.29347, VBS_stat_muon=3.27787, ele_efficiency=0.808964, ele_trigger=1.89606, fakephoton_ele=3.56612, fakephoton_muon=5.20718, interference=3.15689, lumi=3.63675, mu_efficiency=-0.461918, mu_trigger=4.83907, non_prompt_stat_ele=3.84617, non_prompt_stat_muon=6.30436, others_stat_ele=3.79324, others_stat_muon=5.83958, others_xs=4.32989, param=6.96005, pdf_ele=4.4355, pdf_muon=6.98846, photon_id=6.9369, pileup=0.867114, scale_ele=6.1754, scale_muon=-0.626642
RooProdPdf::model_s[ modelObs_s * nuisancePdf ]
     getLogVal() top-level p.d.f evaluates to zero @ !pdfs=(modelObs_s = 0/1,nuisancePdf = 1)

[#0] WARNING:Minization -- RooMinimizerFcn: Minimized function has error status.
Returning maximum FCN so far (814.969) to force MIGRAD to back out of this region. Error log follows
Parameter values: JER_ele=1.1514, JER_muon=2.69796, JES_ele=1.33417, JES_muon=6.61426, QCD_stat_ele=4.81627, QCD_stat_muon=6.22981, VBS_stat_ele=2.31198, VBS_stat_muon=3.31369, ele_efficiency=0.813031, ele_trigger=1.91202, fakephoton_ele=3.59563, fakephoton_muon=5.23905, interference=3.18211, lumi=3.66524, mu_efficiency=-0.450294, mu_trigger=4.87426, non_prompt_stat_ele=3.88166, non_prompt_stat_muon=6.25504, others_stat_ele=3.81722, others_stat_muon=5.8704, others_xs=4.36309, param=6.97874, pdf_ele=4.45593, pdf_muon=6.99273, photon_id=6.92329, pileup=0.870275, scale_ele=6.20538, scale_muon=-0.810035
RooProdPdf::model_s[ modelObs_s * nuisancePdf ]
     getLogVal() top-level p.d.f evaluates to zero @ !pdfs=(modelObs_s = 0/1,nuisancePdf = 1)

[#0] WARNING:Minization -- RooMinimizerFcn: Minimized function has error status.
Returning maximum FCN so far (814.969) to force MIGRAD to back out of this region. Error log follows
Parameter values: JER_ele=1.16329, JER_muon=2.72652, JES_ele=1.35398, JES_muon=6.63426, QCD_stat_ele=4.85435, QCD_stat_muon=6.17051, VBS_stat_ele=2.32979, VBS_stat_muon=3.34805, ele_efficiency=0.816941, ele_trigger=1.92737, fakephoton_ele=3.62395, fakephoton_muon=5.26945, interference=3.20632, lumi=3.69257, mu_efficiency=-0.439105, mu_trigger=4.90787, non_prompt_stat_ele=3.91569, non_prompt_stat_muon=6.20612, others_stat_ele=3.84025, others_stat_muon=5.8997, others_xs=4.39489, param=6.99669, pdf_ele=4.47554, pdf_muon=6.99591, photon_id=6.90894, pileup=0.873309, scale_ele=6.23376, scale_muon=-0.985891
RooProdPdf::model_s[ modelObs_s * nuisancePdf ]
     getLogVal() top-level p.d.f evaluates to zero @ !pdfs=(modelObs_s = 0/1,nuisancePdf = 1)

[#0] WARNING:Minization -- RooMinimizerFcn: Minimized function has error status.
Returning maximum FCN so far (814.969) to force MIGRAD to back out of this region. Error log follows
Parameter values: JER_ele=1.1747, JER_muon=2.75385, JES_ele=1.37297, JES_muon=6.65294, QCD_stat_ele=4.89062, QCD_stat_muon=6.11178, VBS_stat_ele=2.34686, VBS_stat_muon=3.38089, ele_efficiency=0.820687, ele_trigger=1.94208, fakephoton_ele=3.65101, fakephoton_muon=5.29836, interference=3.22947, lumi=3.7187, mu_efficiency=-0.428375, mu_trigger=4.93986, non_prompt_stat_ele=3.9482, non_prompt_stat_muon=6.1579, others_stat_ele=3.86227, others_stat_muon=5.92744, others_xs=4.42523, param=7.01385, pdf_ele=4.49429, pdf_muon=6.9981, photon_id=6.89405, pileup=0.87621, scale_ele=6.26052, scale_muon=-1.1538
RooProdPdf::model_s[ modelObs_s * nuisancePdf ]
     getLogVal() top-level p.d.f evaluates to zero @ !pdfs=(modelObs_s = 0/1,nuisancePdf = 1)

[#0] WARNING:Minization -- RooMinimizerFcn: Minimized function has error status.
Returning maximum FCN so far (814.969) to force MIGRAD to back out of this region. Error log follows
Parameter values: JER_ele=1.1856, JER_muon=2.7799, JES_ele=1.39111, JES_muon=6.67031, QCD_stat_ele=4.92502, QCD_stat_muon=6.05402, VBS_stat_ele=2.36315, VBS_stat_muon=3.41214, ele_efficiency=0.824261, ele_trigger=1.95613, fakephoton_ele=3.67678, fakephoton_muon=5.32573, interference=3.25152, lumi=3.74357, mu_efficiency=-0.418126, mu_trigger=4.9702, non_prompt_stat_ele=3.97913, non_prompt_stat_muon=6.11067, others_stat_ele=3.88324, others_stat_muon=5.95361, others_xs=4.45407, param=7.03019, pdf_ele=4.51216, pdf_muon=6.99942, photon_id=6.87879, pileup=0.878972, scale_ele=6.28567, scale_muon=-1.31339
RooProdPdf::model_s[ modelObs_s * nuisancePdf ]
     getLogVal() top-level p.d.f evaluates to zero @ !pdfs=(modelObs_s = 0/1,nuisancePdf = 1)

[#0] WARNING:Minization -- RooMinimizerFcn: Minimized function has error status.
Returning maximum FCN so far (814.969) to force MIGRAD to back out of this region. Error log follows
Parameter values: JER_ele=1.19597, JER_muon=2.80462, JES_ele=1.40837, JES_muon=6.68641, QCD_stat_ele=4.95751, QCD_stat_muon=5.99762, VBS_stat_ele=2.37863, VBS_stat_muon=3.44177, ele_efficiency=0.827655, ele_trigger=1.96949, fakephoton_ele=3.7012, fakephoton_muon=5.35155, interference=3.27244, lumi=3.76715, mu_efficiency=-0.408378, mu_trigger=4.99885, non_prompt_stat_ele=4.00844, non_prompt_stat_muon=6.06471, others_stat_ele=3.90314, others_stat_muon=5.9782, others_xs=4.48137, param=7.04567, pdf_ele=4.52911, pdf_muon=6.99997, photon_id=6.86335, pileup=0.881589, scale_ele=6.30922, scale_muon=-1.46436
RooProdPdf::model_s[ modelObs_s * nuisancePdf ]
     getLogVal() top-level p.d.f evaluates to zero @ !pdfs=(modelObs_s = 0/1,nuisancePdf = 1)

[#0] WARNING:Minization -- RooMinimizerFcn: Minimized function has error status.
Returning maximum FCN so far (814.969) to force MIGRAD to back out of this region. Error log follows
Parameter values: JER_ele=1.2058, JER_muon=2.82797, JES_ele=1.4247, JES_muon=6.70126, QCD_stat_ele=4.98808, QCD_stat_muon=5.94293, VBS_stat_ele=2.39329, VBS_stat_muon=3.46971, ele_efficiency=0.830863, ele_trigger=1.98212, fakephoton_ele=3.72424, fakephoton_muon=5.37579, interference=3.29219, lumi=3.7894, mu_efficiency=-0.39915, mu_trigger=5.02578, non_prompt_stat_ele=4.03609, non_prompt_stat_muon=6.0203, others_stat_ele=3.92193, others_stat_muon=6.0012, others_xs=4.50709, param=7.06027, pdf_ele=4.54511, pdf_muon=6.99986, photon_id=6.8479, pileup=0.884054, scale_ele=6.33118, scale_muon=-1.60644
RooProdPdf::model_s[ modelObs_s * nuisancePdf ]
     getLogVal() top-level p.d.f evaluates to zero @ !pdfs=(modelObs_s = 0/1,nuisancePdf = 1)

[#0] WARNING:Minization -- RooMinimizerFcn: Minimized function has error status.
Returning maximum FCN so far (814.969) to force MIGRAD to back out of this region. Error log follows
Parameter values: JER_ele=1.21505, JER_muon=2.84991, JES_ele=1.44009, JES_muon=6.71489, QCD_stat_ele=5.01668, QCD_stat_muon=5.89033, VBS_stat_ele=2.40708, VBS_stat_muon=3.49594, ele_efficiency=0.833879, ele_trigger=1.99402, fakephoton_ele=3.74586, fakephoton_muon=5.39842, interference=3.31073, lumi=3.81029, mu_efficiency=-0.390462, mu_trigger=5.05096, non_prompt_stat_ele=4.06203, non_prompt_stat_muon=5.97771, others_stat_ele=3.93958, others_stat_muon=6.02262, others_xs=4.5312, param=7.07396, pdf_ele=4.56015, pdf_muon=6.9992, photon_id=6.83263, pileup=0.886365, scale_ele=6.35155, scale_muon=-1.7394
RooProdPdf::model_s[ modelObs_s * nuisancePdf ]
     getLogVal() top-level p.d.f evaluates to zero @ !pdfs=(modelObs_s = 0/1,nuisancePdf = 1)

[#0] WARNING:Minization -- RooMinimizerFcn: Minimized function has error status.
Returning maximum FCN so far (814.969) to force MIGRAD to back out of this region. Error log follows
Parameter values: JER_ele=1.22372, JER_muon=2.87041, JES_ele=1.45451, JES_muon=6.72735, QCD_stat_ele=5.0433, QCD_stat_muon=5.84014, VBS_stat_ele=2.41999, VBS_stat_muon=3.52041, ele_efficiency=0.836697, ele_trigger=2.00516, fakephoton_ele=3.76603, fakephoton_muon=5.41944, interference=3.32804, lumi=3.82978, mu_efficiency=-0.382326, mu_trigger=5.07437, non_prompt_stat_ele=4.08625, non_prompt_stat_muon=5.93717, others_stat_ele=3.95607, others_stat_muon=6.04244, others_xs=4.55367, param=7.08671, pdf_ele=4.5742, pdf_muon=6.99809, photon_id=6.81769, pileup=0.888515, scale_ele=6.37037, scale_muon=-1.86309
RooProdPdf::model_s[ modelObs_s * nuisancePdf ]
     getLogVal() top-level p.d.f evaluates to zero @ !pdfs=(modelObs_s = 0/1,nuisancePdf = 1)

[#0] WARNING:Minization -- RooMinimizerFcn: Minimized function has error status.
Returning maximum FCN so far (814.969) to force MIGRAD to back out of this region. Error log follows
Parameter values: JER_ele=1.23179, JER_muon=2.88944, JES_ele=1.46792, JES_muon=6.73867, QCD_stat_ele=5.06794, QCD_stat_muon=5.79267, VBS_stat_ele=2.432, VBS_stat_muon=3.54311, ele_efficiency=0.839312, ele_trigger=2.01552, fakephoton_ele=3.78474, fakephoton_muon=5.43883, interference=3.34409, lumi=3.84786, mu_efficiency=-0.374758, mu_trigger=5.096, non_prompt_stat_ele=4.10871, non_prompt_stat_muon=5.89891, others_stat_ele=3.97137, others_stat_muon=6.06068, others_xs=4.57449, param=7.09851, pdf_ele=4.58724, pdf_muon=6.99665, photon_id=6.80325, pileup=0.890503, scale_ele=6.38765, scale_muon=-1.97739
RooProdPdf::model_s[ modelObs_s * nuisancePdf ]
     getLogVal() top-level p.d.f evaluates to zero @ !pdfs=(modelObs_s = 0/1,nuisancePdf = 1)

[#0] WARNING:Minization -- RooMinimizerFcn: Minimized function has error status.
Returning maximum FCN so far (814.969) to force MIGRAD to back out of this region. Error log follows
Parameter values: JER_ele=1.23926, JER_muon=2.90697, JES_ele=1.48033, JES_muon=6.74888, QCD_stat_ele=5.09057, QCD_stat_muon=5.7482, VBS_stat_ele=2.4431, VBS_stat_muon=3.56399, ele_efficiency=0.841721, ele_trigger=2.02509, fakephoton_ele=3.80196, fakephoton_muon=5.4566, interference=3.35888, lumi=3.8645, mu_efficiency=-0.367767, mu_trigger=5.11584, non_prompt_stat_ele=4.1294, non_prompt_stat_muon=5.86314, others_stat_ele=3.98548, others_stat_muon=6.07736, others_xs=4.59364, param=7.10934, pdf_ele=4.59928, pdf_muon=6.99495, photon_id=6.78945, pileup=0.892324, scale_ele=6.40342, scale_muon=-2.08223
RooProdPdf::model_s[ modelObs_s * nuisancePdf ]
     getLogVal() top-level p.d.f evaluates to zero @ !pdfs=(modelObs_s = 0/1,nuisancePdf = 1)

[#0] WARNING:Minization -- RooMinimizerFcn: Minimized function has error status.
Returning maximum FCN so far (814.969) to force MIGRAD to back out of this region. Error log follows
Parameter values: JER_ele=1.24611, JER_muon=2.923, JES_ele=1.4917, JES_muon=6.75803, QCD_stat_ele=5.11121, QCD_stat_muon=5.70697, VBS_stat_ele=2.45327, VBS_stat_muon=3.58307, ele_efficiency=0.843922, ele_trigger=2.03387, fakephoton_ele=3.81768, fakephoton_muon=5.47273, interference=3.37237, lumi=3.8797, mu_efficiency=-0.361364, mu_trigger=5.13389, non_prompt_stat_ele=4.1483, non_prompt_stat_muon=5.83004, others_stat_ele=3.99837, others_stat_muon=6.09248, others_xs=4.6111, param=7.11919, pdf_ele=4.61028, pdf_muon=6.9931, photon_id=6.77643, pileup=0.893978, scale_ele=6.41771, scale_muon=-2.17759
RooProdPdf::model_s[ modelObs_s * nuisancePdf ]
     getLogVal() top-level p.d.f evaluates to zero @ !pdfs=(modelObs_s = 0/1,nuisancePdf = 1)

[#0] WARNING:Minization -- RooMinimizerFcn: Minimized function has error status.
Returning maximum FCN so far (814.969) to force MIGRAD to back out of this region. Error log follows
Parameter values: JER_ele=1.25233, JER_muon=2.93751, JES_ele=1.50204, JES_muon=6.76616, QCD_stat_ele=5.12985, QCD_stat_muon=5.66921, VBS_stat_ele=2.4625, VBS_stat_muon=3.60032, ele_efficiency=0.845912, ele_trigger=2.04183, fakephoton_ele=3.8319, fakephoton_muon=5.48725, interference=3.38458, lumi=3.89345, mu_efficiency=-0.35555, mu_trigger=5.15016, non_prompt_stat_ele=4.16542, non_prompt_stat_muon=5.79977, others_stat_ele=4.01005, others_stat_muon=6.10606, others_xs=4.62689, param=7.12805, pdf_ele=4.62026, pdf_muon=6.99118, photon_id=6.76431, pileup=0.895461, scale_ele=6.43055, scale_muon=-2.2635
RooProdPdf::model_s[ modelObs_s * nuisancePdf ]
     getLogVal() top-level p.d.f evaluates to zero @ !pdfs=(modelObs_s = 0/1,nuisancePdf = 1)

[#0] WARNING:Minization -- RooMinimizerFcn: Minimized function has error status.
Returning maximum FCN so far (814.969) to force MIGRAD to back out of this region. Error log follows
Parameter values: JER_ele=1.25794, JER_muon=2.95051, JES_ele=1.51134, JES_muon=6.7733, QCD_stat_ele=5.14653, QCD_stat_muon=5.63507, VBS_stat_ele=2.4708, VBS_stat_muon=3.61574, ele_efficiency=0.84769, ele_trigger=2.04898, fakephoton_ele=3.84461, fakephoton_muon=5.50015, interference=3.39549, lumi=3.90575, mu_efficiency=-0.350333, mu_trigger=5.16465, non_prompt_stat_ele=4.18076, non_prompt_stat_muon=5.77245, others_stat_ele=4.02052, others_stat_muon=6.11814, others_xs=4.64101, param=7.13592, pdf_ele=4.62922, pdf_muon=6.98927, photon_id=6.7532, pileup=0.896774, scale_ele=6.44198, scale_muon=-2.34001
RooProdPdf::model_s[ modelObs_s * nuisancePdf ]
     getLogVal() top-level p.d.f evaluates to zero @ !pdfs=(modelObs_s = 0/1,nuisancePdf = 1)

[#0] WARNING:Minization -- RooMinimizerFcn: Minimized function has error status.
Returning maximum FCN so far (814.969) to force MIGRAD to back out of this region. Error log follows
Parameter values: JER_ele=1.26291, JER_muon=2.962, JES_ele=1.5196, JES_muon=6.7795, QCD_stat_ele=5.16125, QCD_stat_muon=5.60471, VBS_stat_ele=2.47817, VBS_stat_muon=3.62936, ele_efficiency=0.849256, ele_trigger=2.05533, fakephoton_ele=3.85582, fakephoton_muon=5.51147, interference=3.40511, lumi=3.91661, mu_efficiency=-0.345707, mu_trigger=5.17739, non_prompt_stat_ele=4.19432, non_prompt_stat_muon=5.74818, others_stat_ele=4.02977, others_stat_muon=6.12873, others_xs=4.65346, param=7.14279, pdf_ele=4.63715, pdf_muon=6.98742, photon_id=6.74317, pileup=0.897916, scale_ele=6.45203, scale_muon=-2.40723
RooProdPdf::model_s[ modelObs_s * nuisancePdf ]
     getLogVal() top-level p.d.f evaluates to zero @ !pdfs=(modelObs_s = 0/1,nuisancePdf = 1)

[#0] WARNING:Minization -- RooMinimizerFcn: Minimized function has error status.
Returning maximum FCN so far (814.969) to force MIGRAD to back out of this region. Error log follows
Parameter values: JER_ele=1.26727, JER_muon=2.97198, JES_ele=1.52684, JES_muon=6.7848, QCD_stat_ele=5.17405, QCD_stat_muon=5.57822, VBS_stat_ele=2.4846, VBS_stat_muon=3.64118, ele_efficiency=0.850613, ele_trigger=2.06087, fakephoton_ele=3.86555, fakephoton_muon=5.52123, interference=3.41346, lumi=3.92604, mu_efficiency=-0.341676, mu_trigger=5.1884, non_prompt_stat_ele=4.20613, non_prompt_stat_muon=5.72704, others_stat_ele=4.03783, others_stat_muon=6.13787, others_xs=4.66428, param=7.14869, pdf_ele=4.64406, pdf_muon=6.98571, photon_id=6.73431, pileup=0.898891, scale_ele=6.46075, scale_muon=-2.4653
RooProdPdf::model_s[ modelObs_s * nuisancePdf ]
     getLogVal() top-level p.d.f evaluates to zero @ !pdfs=(modelObs_s = 0/1,nuisancePdf = 1)

[#0] WARNING:Minization -- RooMinimizerFcn: Minimized function has error status.
Returning maximum FCN so far (814.969) to force MIGRAD to back out of this region. Error log follows
Parameter values: JER_ele=1.27102, JER_muon=2.98049, JES_ele=1.53304, JES_muon=6.78923, QCD_stat_ele=5.18497, QCD_stat_muon=5.55566, VBS_stat_ele=2.49012, VBS_stat_muon=3.65123, ele_efficiency=0.851761, ele_trigger=2.06562, fakephoton_ele=3.87381, fakephoton_muon=5.52945, interference=3.42054, lumi=3.93406, mu_efficiency=-0.338225, mu_trigger=5.19771, non_prompt_stat_ele=4.21622, non_prompt_stat_muon=5.70905, others_stat_ele=4.0447, others_stat_muon=6.14559, others_xs=4.67348, param=7.15361, pdf_ele=4.64998, pdf_muon=6.98417, photon_id=6.72666, pileup=0.899696, scale_ele=6.46818, scale_muon=-2.51442
RooProdPdf::model_s[ modelObs_s * nuisancePdf ]
     getLogVal() top-level p.d.f evaluates to zero @ !pdfs=(modelObs_s = 0/1,nuisancePdf = 1)

[#0] WARNING:Minization -- RooMinimizerFcn: Minimized function has error status.
Returning maximum FCN so far (814.969) to force MIGRAD to back out of this region. Error log follows
Parameter values: JER_ele=1.29633, JER_muon=3.04204, JES_ele=1.57556, JES_muon=6.82789, QCD_stat_ele=5.27179, QCD_stat_muon=5.33585, VBS_stat_ele=2.52921, VBS_stat_muon=3.72639, ele_efficiency=0.863945, ele_trigger=2.10127, fakephoton_ele=3.9516, fakephoton_muon=5.60598, interference=3.47877, lumi=3.99779, mu_efficiency=-0.315944, mu_trigger=5.27713, non_prompt_stat_ele=4.29672, non_prompt_stat_muon=5.53187, others_stat_ele=4.10245, others_stat_muon=6.20821, others_xs=4.74457, param=7.00474, pdf_ele=4.69454, pdf_muon=6.96731, photon_id=6.65832, pileup=0.911784, scale_ele=6.52045, scale_muon=-2.92542
RooProdPdf::model_s[ modelObs_s * nuisancePdf ]
     getLogVal() top-level p.d.f evaluates to zero @ !pdfs=(modelObs_s = 0/1,nuisancePdf = 1)


 -- Hybrid New -- 
CLs = 0.34009 +/- 0.0255215
Done in 16.81 min (cpu), 17.02 min (real)
