 <<< Combine >>> 
>>> including systematics
>>> using the Profile Likelihood test statistics modified for upper limits (Q_LHC)
>>> method used is HybridNew
>>> Used OpenSSL to get a really random seed 156110789
Computing results starting from observation (a-posteriori)
[#0] WARNING:Minization -- RooMinimizerFcn: Minimized function has error status.
Returning maximum FCN so far (565.583) to force MIGRAD to back out of this region. Error log follows
Parameter values: JER_ele=0.522185, JER_muon=-5.36455, JES_ele=1.79554, JES_muon=-3.94015, QCD_stat_ele=6.44108, QCD_stat_muon=-6.88319, VBS_stat_ele=3.65935, VBS_stat_muon=5.7025, ele_efficiency=-3.38695, ele_trigger=2.90871, fakephoton_ele=6.9874, fakephoton_muon=-4.12915, interference=-6.2745, lumi=-4.52031, mu_efficiency=-5.65945, mu_trigger=-4.95217, non_prompt_stat_ele=6.99601, non_prompt_stat_muon=-6.08437, others_stat_ele=6.31007, others_stat_muon=-6.96805, others_xs=-6.51954, param=8.82241, pdf_ele=6.49024, pdf_muon=2.55322, photon_id=-3.75494, pileup=0.24712, scale_ele=6.99422, scale_muon=-1.7588
RooProdPdf::model_s[ modelObs_s * nuisancePdf ]
     getLogVal() top-level p.d.f evaluates to zero @ !pdfs=(modelObs_s = 0/1,nuisancePdf = 1)

[#0] WARNING:Minization -- RooMinimizerFcn: Minimized function has error status.
Returning maximum FCN so far (476.772) to force MIGRAD to back out of this region. Error log follows
Parameter values: JER_ele=0.137955, JER_muon=0.924076, JES_ele=0.893882, JES_muon=-0.787241, QCD_stat_ele=-0.411086, QCD_stat_muon=2.7445, VBS_stat_ele=-1.23543, VBS_stat_muon=1.7305, ele_efficiency=-0.0244207, ele_trigger=-2.56803, fakephoton_ele=3.45408, fakephoton_muon=-0.00687144, interference=0.204698, lumi=2.2844, mu_efficiency=1.65606, mu_trigger=0.931756, non_prompt_stat_ele=5.56636, non_prompt_stat_muon=-1.95007, others_stat_ele=-1.35636, others_stat_muon=-0.287048, others_xs=0.0445339, param=8.98233, pdf_ele=-1.61676, pdf_muon=-0.581556, photon_id=0.00153182, pileup=0.117941, scale_ele=0.0751023, scale_muon=0.193147
RooProdPdf::model_s[ modelObs_s * nuisancePdf ]
     getLogVal() top-level p.d.f evaluates to zero @ !pdfs=(modelObs_s = 0/1,nuisancePdf = 1)

[#0] WARNING:Minization -- RooMinimizerFcn: Minimized function has error status.
Returning maximum FCN so far (476.772) to force MIGRAD to back out of this region. Error log follows
Parameter values: JER_ele=-0.0192783, JER_muon=0.91366, JES_ele=0.664852, JES_muon=-0.791439, QCD_stat_ele=-1.30272, QCD_stat_muon=2.41807, VBS_stat_ele=-1.63, VBS_stat_muon=1.66259, ele_efficiency=-0.0819037, ele_trigger=-2.86821, fakephoton_ele=3.85985, fakephoton_muon=-0.000509765, interference=0.158194, lumi=2.22304, mu_efficiency=1.71332, mu_trigger=0.974476, non_prompt_stat_ele=6.0589, non_prompt_stat_muon=-1.96426, others_stat_ele=-1.79674, others_stat_muon=-0.367404, others_xs=-0.128509, param=8.52796, pdf_ele=-2.05641, pdf_muon=-0.64066, photon_id=-0.327012, pileup=0.110979, scale_ele=-0.586023, scale_muon=0.263158
RooProdPdf::model_s[ modelObs_s * nuisancePdf ]
     getLogVal() top-level p.d.f evaluates to zero @ !pdfs=(modelObs_s = 0/1,nuisancePdf = 1)

[#0] WARNING:Minization -- RooMinimizerFcn: Minimized function has error status.
Returning maximum FCN so far (34.2678) to force MIGRAD to back out of this region. Error log follows
Parameter values: JER_ele=-1.26363, JER_muon=2.50486, JES_ele=-5.60446, JES_muon=6.99991, QCD_stat_ele=-2.27603, QCD_stat_muon=-6.81172, VBS_stat_ele=-4.68119, VBS_stat_muon=0.190585, ele_efficiency=-2.5735, ele_trigger=6.66987, fakephoton_ele=6.83679, fakephoton_muon=6.92296, interference=-6.28677, lumi=-0.000808875, mu_efficiency=-2.58003, mu_trigger=6.99404, non_prompt_stat_ele=6.85439, non_prompt_stat_muon=-6.72219, others_stat_ele=6.5967, others_stat_muon=6.46602, others_xs=1.29071, param=5.70682, pdf_ele=2.83214, pdf_muon=1.62842, photon_id=2.3447, pileup=0.591956, scale_ele=6.79792, scale_muon=0.0229868
RooProdPdf::model_s[ modelObs_s * nuisancePdf ]
     getLogVal() top-level p.d.f evaluates to zero @ !pdfs=(modelObs_s = 0/1,nuisancePdf = 1)

[#0] WARNING:Minization -- RooMinimizerFcn: Minimized function has error status.
Returning maximum FCN so far (43.6975) to force MIGRAD to back out of this region. Error log follows
Parameter values: JER_ele=-6.80525, JER_muon=-2.16901, JES_ele=1.08142, JES_muon=-0.460035, QCD_stat_ele=6.13491, QCD_stat_muon=0.0825639, VBS_stat_ele=0.772412, VBS_stat_muon=-1.52556, ele_efficiency=-3.68013, ele_trigger=-2.9917, fakephoton_ele=3.70104, fakephoton_muon=4.9714, interference=5.96165, lumi=3.11774, mu_efficiency=-1.15376, mu_trigger=-1.20001, non_prompt_stat_ele=5.1603, non_prompt_stat_muon=-1.40967, others_stat_ele=-4.55901, others_stat_muon=-5.47838, others_xs=-6.6819, param=2.76063, pdf_ele=5.48889, pdf_muon=4.35295, photon_id=-5.90018, pileup=2.29174, scale_ele=5.61128, scale_muon=5.89361
RooProdPdf::model_s[ modelObs_s * nuisancePdf ]
     getLogVal() top-level p.d.f evaluates to zero @ !pdfs=(modelObs_s = 0/1,nuisancePdf = 1)

[#0] WARNING:Minization -- RooMinimizerFcn: Minimized function has error status.
Returning maximum FCN so far (43.6975) to force MIGRAD to back out of this region. Error log follows
Parameter values: JER_ele=5.01136, JER_muon=-0.971482, JES_ele=6.99524, JES_muon=-6.54897, QCD_stat_ele=-3.45666, QCD_stat_muon=-4.94543, VBS_stat_ele=-6.99782, VBS_stat_muon=-6.70318, ele_efficiency=-6.65378, ele_trigger=-6.72042, fakephoton_ele=2.35315, fakephoton_muon=-6.62003, interference=-6.37885, lumi=-6.90346, mu_efficiency=1.09024, mu_trigger=1.47737, non_prompt_stat_ele=6.92936, non_prompt_stat_muon=0.501683, others_stat_ele=-6.86473, others_stat_muon=1.1512, others_xs=4.87552, param=2.85709, pdf_ele=1.07876, pdf_muon=-6.99885, photon_id=-1.45754, pileup=6.92681, scale_ele=3.5843, scale_muon=6.91313
RooProdPdf::model_s[ modelObs_s * nuisancePdf ]
     getLogVal() top-level p.d.f evaluates to zero @ !pdfs=(modelObs_s = 0/1,nuisancePdf = 1)

[#0] WARNING:Minization -- RooMinimizerFcn: Minimized function has error status.
Returning maximum FCN so far (576.231) to force MIGRAD to back out of this region. Error log follows
Parameter values: JER_ele=3.49674, JER_muon=-3.60695, JES_ele=-0.1724, JES_muon=2.93364, QCD_stat_ele=1.32713, QCD_stat_muon=6.09041, VBS_stat_ele=-5.19644, VBS_stat_muon=5.6816, ele_efficiency=-3.50752, ele_trigger=-2.06928, fakephoton_ele=6.99802, fakephoton_muon=4.67839, interference=4.14275, lumi=3.9075, mu_efficiency=4.56546, mu_trigger=1.22617, non_prompt_stat_ele=4.30309, non_prompt_stat_muon=6.99675, others_stat_ele=6.33056, others_stat_muon=2.4135, others_xs=2.04176, param=9.06132, pdf_ele=6.72283, pdf_muon=5.8962, photon_id=5.6911, pileup=-1.93714, scale_ele=3.12893, scale_muon=5.05746
RooProdPdf::model_s[ modelObs_s * nuisancePdf ]
     getLogVal() top-level p.d.f evaluates to zero @ !pdfs=(modelObs_s = 0/1,nuisancePdf = 1)

[#0] WARNING:Minization -- RooMinimizerFcn: Minimized function has error status.
Returning maximum FCN so far (751.278) to force MIGRAD to back out of this region. Error log follows
Parameter values: JER_ele=1.22234, JER_muon=-1.07163, JES_ele=0.496779, JES_muon=0.496299, QCD_stat_ele=-0.327938, QCD_stat_muon=3.71817, VBS_stat_ele=0.243652, VBS_stat_muon=1.58166, ele_efficiency=-1.24378, ele_trigger=-0.241952, fakephoton_ele=4.90503, fakephoton_muon=0.863539, interference=1.36826, lumi=1.51025, mu_efficiency=3.26532, mu_trigger=0.143334, non_prompt_stat_ele=4.24996, non_prompt_stat_muon=0.771957, others_stat_ele=2.70045, others_stat_muon=0.634992, others_xs=0.887109, param=8.99041, pdf_ele=2.53355, pdf_muon=1.26222, photon_id=1.81842, pileup=-0.890819, scale_ele=2.88424, scale_muon=4.58745
RooProdPdf::model_s[ modelObs_s * nuisancePdf ]
     getLogVal() top-level p.d.f evaluates to zero @ !pdfs=(modelObs_s = 0/1,nuisancePdf = 1)

[#0] WARNING:Minization -- RooMinimizerFcn: Minimized function has error status.
Returning maximum FCN so far (751.278) to force MIGRAD to back out of this region. Error log follows
Parameter values: JER_ele=1.2355, JER_muon=-1.05849, JES_ele=0.519866, JES_muon=0.521629, QCD_stat_ele=-0.283817, QCD_stat_muon=3.77106, VBS_stat_ele=0.267739, VBS_stat_muon=1.60183, ele_efficiency=-1.23948, ele_trigger=-0.224283, fakephoton_ele=4.96545, fakephoton_muon=0.872563, interference=1.38189, lumi=1.53051, mu_efficiency=3.26888, mu_trigger=0.162636, non_prompt_stat_ele=4.33317, non_prompt_stat_muon=0.793714, others_stat_ele=2.73421, others_stat_muon=0.653371, others_xs=0.912248, param=8.99048, pdf_ele=2.56075, pdf_muon=1.29639, photon_id=1.87164, pileup=-0.888967, scale_ele=2.94544, scale_muon=4.64201
RooProdPdf::model_s[ modelObs_s * nuisancePdf ]
     getLogVal() top-level p.d.f evaluates to zero @ !pdfs=(modelObs_s = 0/1,nuisancePdf = 1)

[#0] WARNING:Minization -- RooMinimizerFcn: Minimized function has error status.
Returning maximum FCN so far (751.278) to force MIGRAD to back out of this region. Error log follows
Parameter values: JER_ele=1.24964, JER_muon=-1.04436, JES_ele=0.544669, JES_muon=0.548849, QCD_stat_ele=-0.236391, QCD_stat_muon=3.82758, VBS_stat_ele=0.29362, VBS_stat_muon=1.6235, ele_efficiency=-1.23485, ele_trigger=-0.205295, fakephoton_ele=5.02956, fakephoton_muon=0.882262, interference=1.39653, lumi=1.55227, mu_efficiency=3.27269, mu_trigger=0.183384, non_prompt_stat_ele=4.4215, non_prompt_stat_muon=0.817094, others_stat_ele=2.77041, others_stat_muon=0.673123, others_xs=0.939253, param=8.99054, pdf_ele=2.58993, pdf_muon=1.33308, photon_id=1.92872, pileup=-0.886976, scale_ele=3.01089, scale_muon=4.70009
RooProdPdf::model_s[ modelObs_s * nuisancePdf ]
     getLogVal() top-level p.d.f evaluates to zero @ !pdfs=(modelObs_s = 0/1,nuisancePdf = 1)

[#0] WARNING:Minization -- RooMinimizerFcn: Minimized function has error status.
Returning maximum FCN so far (751.278) to force MIGRAD to back out of this region. Error log follows
Parameter values: JER_ele=1.26488, JER_muon=-1.02911, JES_ele=0.571399, JES_muon=0.578193, QCD_stat_ele=-0.185252, QCD_stat_muon=3.88813, VBS_stat_ele=0.321516, VBS_stat_muon=1.64685, ele_efficiency=-1.22987, ele_trigger=-0.184824, fakephoton_ele=5.09771, fakephoton_muon=0.892719, interference=1.41231, lumi=1.57572, mu_efficiency=3.27681, mu_trigger=0.205755, non_prompt_stat_ele=4.51542, non_prompt_stat_muon=0.842296, others_stat_ele=2.80933, others_stat_muon=0.694417, others_xs=0.968353, param=8.9906, pdf_ele=2.62134, pdf_muon=1.3726, photon_id=1.9901, pileup=-0.88483, scale_ele=3.0811, scale_muon=4.76208
RooProdPdf::model_s[ modelObs_s * nuisancePdf ]
     getLogVal() top-level p.d.f evaluates to zero @ !pdfs=(modelObs_s = 0/1,nuisancePdf = 1)

[#0] WARNING:Minization -- RooMinimizerFcn: Minimized function has error status.
Returning maximum FCN so far (751.278) to force MIGRAD to back out of this region. Error log follows
Parameter values: JER_ele=1.28136, JER_muon=-1.01261, JES_ele=0.600308, JES_muon=0.609937, QCD_stat_ele=-0.129915, QCD_stat_muon=3.95319, VBS_stat_ele=0.351689, VBS_stat_muon=1.67209, ele_efficiency=-1.22447, ele_trigger=-0.162675, fakephoton_ele=5.17029, fakephoton_muon=0.904032, interference=1.42937, lumi=1.60107, mu_efficiency=3.28127, mu_trigger=0.229961, non_prompt_stat_ele=4.61548, non_prompt_stat_muon=0.869556, others_stat_ele=2.85132, others_stat_muon=0.717453, others_xs=0.999819, param=8.99067, pdf_ele=2.65524, pdf_muon=1.41532, photon_id=2.05632, pileup=-0.882507, scale_ele=3.15661, scale_muon=4.82838
RooProdPdf::model_s[ modelObs_s * nuisancePdf ]
     getLogVal() top-level p.d.f evaluates to zero @ !pdfs=(modelObs_s = 0/1,nuisancePdf = 1)

[#0] WARNING:Minization -- RooMinimizerFcn: Minimized function has error status.
Returning maximum FCN so far (751.278) to force MIGRAD to back out of this region. Error log follows
Parameter values: JER_ele=1.29925, JER_muon=-0.994676, JES_ele=0.631695, JES_muon=0.644408, QCD_stat_ele=-0.0698034, QCD_stat_muon=4.02331, VBS_stat_ele=0.384453, VBS_stat_muon=1.69949, ele_efficiency=-1.21861, ele_trigger=-0.138618, fakephoton_ele=5.24775, fakephoton_muon=0.916321, interference=1.4479, lumi=1.62858, mu_efficiency=3.2861, mu_trigger=0.256256, non_prompt_stat_ele=4.72229, non_prompt_stat_muon=0.899156, others_stat_ele=2.89679, others_stat_muon=0.742471, others_xs=1.03397, param=8.99073, pdf_ele=2.69198, pdf_muon=1.46166, photon_id=2.12804, pileup=-0.879984, scale_ele=3.23812, scale_muon=4.89949
RooProdPdf::model_s[ modelObs_s * nuisancePdf ]
     getLogVal() top-level p.d.f evaluates to zero @ !pdfs=(modelObs_s = 0/1,nuisancePdf = 1)

[#0] WARNING:Minization -- RooMinimizerFcn: Minimized function has error status.
Returning maximum FCN so far (751.278) to force MIGRAD to back out of this region. Error log follows
Parameter values: JER_ele=1.31876, JER_muon=-0.975098, JES_ele=0.665921, JES_muon=0.682005, QCD_stat_ele=-0.00422046, QCD_stat_muon=4.09913, VBS_stat_ele=0.420185, VBS_stat_muon=1.72935, ele_efficiency=-1.21221, ele_trigger=-0.112371, fakephoton_ele=5.33061, fakephoton_muon=0.929726, interference=1.46811, lumi=1.65857, mu_efficiency=3.29138, mu_trigger=0.284945, non_prompt_stat_ele=4.83655, non_prompt_stat_muon=0.931437, others_stat_ele=2.94623, others_stat_muon=0.769759, others_xs=1.07121, param=8.99078, pdf_ele=2.73197, pdf_muon=1.51216, photon_id=2.206, pileup=-0.877231, scale_ele=3.3264, scale_muon=4.97597
RooProdPdf::model_s[ modelObs_s * nuisancePdf ]
     getLogVal() top-level p.d.f evaluates to zero @ !pdfs=(modelObs_s = 0/1,nuisancePdf = 1)

[#0] WARNING:Minization -- RooMinimizerFcn: Minimized function has error status.
Returning maximum FCN so far (751.278) to force MIGRAD to back out of this region. Error log follows
Parameter values: JER_ele=1.34013, JER_muon=-0.953619, JES_ele=0.703426, JES_muon=0.723213, QCD_stat_ele=0.0676826, QCD_stat_muon=4.18146, VBS_stat_ele=0.459348, VBS_stat_muon=1.76206, ele_efficiency=-1.2052, ele_trigger=-0.083593, fakephoton_ele=5.41945, fakephoton_muon=0.944424, interference=1.49025, lumi=1.69141, mu_efficiency=3.29716, mu_trigger=0.316401, non_prompt_stat_ele=4.95903, non_prompt_stat_muon=0.966815, others_stat_ele=3.00022, others_stat_muon=0.799671, others_xs=1.112, param=8.99084, pdf_ele=2.77568, pdf_muon=1.56744, photon_id=2.29114, pileup=-0.874212, scale_ele=3.4224, scale_muon=5.05848
RooProdPdf::model_s[ modelObs_s * nuisancePdf ]
     getLogVal() top-level p.d.f evaluates to zero @ !pdfs=(modelObs_s = 0/1,nuisancePdf = 1)

[#0] WARNING:Minization -- RooMinimizerFcn: Minimized function has error status.
Returning maximum FCN so far (751.278) to force MIGRAD to back out of this region. Error log follows
Parameter values: JER_ele=1.36369, JER_muon=-0.92992, JES_ele=0.744755, JES_muon=0.768632, QCD_stat_ele=0.146953, QCD_stat_muon=4.27122, VBS_stat_ele=0.502511, VBS_stat_muon=1.7981, ele_efficiency=-1.19747, ele_trigger=-0.0518623, fakephoton_ele=5.51493, fakephoton_muon=0.96063, interference=1.51466, lumi=1.72758, mu_efficiency=3.30354, mu_trigger=0.351087, non_prompt_stat_ele=5.09061, non_prompt_stat_muon=1.0058, others_stat_ele=3.0595, others_stat_muon=0.832644, others_xs=1.15694, param=8.99089, pdf_ele=2.82373, pdf_muon=1.62829, photon_id=2.38459, pileup=-0.870883, scale_ele=3.52728, scale_muon=5.1478
RooProdPdf::model_s[ modelObs_s * nuisancePdf ]
     getLogVal() top-level p.d.f evaluates to zero @ !pdfs=(modelObs_s = 0/1,nuisancePdf = 1)

[#0] WARNING:Minization -- RooMinimizerFcn: Minimized function has error status.
Returning maximum FCN so far (751.278) to force MIGRAD to back out of this region. Error log follows
Parameter values: JER_ele=1.3898, JER_muon=-0.9036, JES_ele=0.790587, JES_muon=0.819012, QCD_stat_ele=0.234899, QCD_stat_muon=4.36956, VBS_stat_ele=0.550386, VBS_stat_muon=1.83804, ele_efficiency=-1.18889, ele_trigger=-0.016649, fakephoton_ele=5.6178, fakephoton_muon=0.978613, interference=1.54172, lumi=1.76766, mu_efficiency=3.31062, mu_trigger=0.389579, non_prompt_stat_ele=5.23228, non_prompt_stat_muon=1.04905, others_stat_ele=3.12497, others_stat_muon=0.869225, others_xs=1.20676, param=8.99093, pdf_ele=2.87687, pdf_muon=1.69569, photon_id=2.48775, pileup=-0.867188, scale_ele=3.64244, scale_muon=5.24486
RooProdPdf::model_s[ modelObs_s * nuisancePdf ]
     getLogVal() top-level p.d.f evaluates to zero @ !pdfs=(modelObs_s = 0/1,nuisancePdf = 1)

[#0] WARNING:Minization -- RooMinimizerFcn: Minimized function has error status.
Returning maximum FCN so far (751.278) to force MIGRAD to back out of this region. Error log follows
Parameter values: JER_ele=1.41898, JER_muon=-0.874148, JES_ele=0.841789, JES_muon=0.875307, QCD_stat_ele=0.333184, QCD_stat_muon=4.4779, VBS_stat_ele=0.603882, VBS_stat_muon=1.88263, ele_efficiency=-1.17929, ele_trigger=0.0227216, fakephoton_ele=5.72889, fakephoton_muon=0.998718, interference=1.57196, lumi=1.81242, mu_efficiency=3.31852, mu_trigger=0.432617, non_prompt_stat_ele=5.38509, non_prompt_stat_muon=1.09737, others_stat_ele=3.19777, others_stat_muon=0.91011, others_xs=1.26239, param=8.99097, pdf_ele=2.93605, pdf_muon=1.77088, photon_id=2.60237, pileup=-0.863056, scale_ele=3.7696, scale_muon=5.35075
RooProdPdf::model_s[ modelObs_s * nuisancePdf ]
     getLogVal() top-level p.d.f evaluates to zero @ !pdfs=(modelObs_s = 0/1,nuisancePdf = 1)

[#0] WARNING:Minization -- RooMinimizerFcn: Minimized function has error status.
Returning maximum FCN so far (751.278) to force MIGRAD to back out of this region. Error log follows
Parameter values: JER_ele=2.42724, JER_muon=0.164335, JES_ele=2.59807, JES_muon=2.78545, QCD_stat_ele=3.61659, QCD_stat_muon=6.89057, VBS_stat_ele=2.44519, VBS_stat_muon=3.37922, ele_efficiency=-0.839289, ele_trigger=1.40165, fakephoton_ele=6.59198, fakephoton_muon=1.69653, interference=2.60893, lumi=3.32139, mu_efficiency=3.59148, mu_trigger=1.91872, non_prompt_stat_ele=6.18349, non_prompt_stat_muon=2.73951, others_stat_ele=5.41893, others_stat_muon=2.31271, others_xs=3.14095, param=8.9921, pdf_ele=4.82445, pdf_muon=4.20362, photon_id=5.88533, pileup=-0.717513, scale_ele=6.78751, scale_muon=6.95748
RooProdPdf::model_s[ modelObs_s * nuisancePdf ]
     getLogVal() top-level p.d.f evaluates to zero @ !pdfs=(modelObs_s = 0/1,nuisancePdf = 1)

[#0] WARNING:Minization -- RooMinimizerFcn: Minimized function has error status.
Returning maximum FCN so far (751.278) to force MIGRAD to back out of this region. Error log follows
Parameter values: JER_ele=2.78671, JER_muon=0.573822, JES_ele=3.2045, JES_muon=3.48901, QCD_stat_ele=4.64064, QCD_stat_muon=6.96463, VBS_stat_ele=3.08089, VBS_stat_muon=3.92881, ele_efficiency=-0.715476, ele_trigger=1.89521, fakephoton_ele=5.41316, fakephoton_muon=1.96976, interference=2.9994, lumi=3.85404, mu_efficiency=3.70088, mu_trigger=2.48634, non_prompt_stat_ele=4.29069, non_prompt_stat_muon=3.35308, others_stat_ele=6.02361, others_stat_muon=2.84537, others_xs=3.79383, param=8.98092, pdf_ele=5.40085, pdf_muon=5.0132, photon_id=6.60863, pileup=-0.662564, scale_ele=6.99681, scale_muon=6.35538
RooProdPdf::model_s[ modelObs_s * nuisancePdf ]
     getLogVal() top-level p.d.f evaluates to zero @ !pdfs=(modelObs_s = 0/1,nuisancePdf = 1)

[#0] WARNING:Minization -- RooMinimizerFcn: Minimized function has error status.
Returning maximum FCN so far (751.278) to force MIGRAD to back out of this region. Error log follows
Parameter values: JER_ele=3.88448, JER_muon=1.89003, JES_ele=4.97182, JES_muon=5.40007, QCD_stat_ele=6.80466, QCD_stat_muon=3.86044, VBS_stat_ele=4.94792, VBS_stat_muon=5.42972, ele_efficiency=-0.287797, ele_trigger=3.45606, fakephoton_ele=-2.47024, fakephoton_muon=2.80533, interference=4.15853, lumi=5.34514, mu_efficiency=4.01046, mu_trigger=4.16465, non_prompt_stat_ele=-5.46229, non_prompt_stat_muon=5.04713, others_stat_ele=6.99556, others_stat_muon=4.3997, others_xs=5.58709, param=8.95504, pdf_ele=6.69057, pdf_muon=6.72356, photon_id=6.36168, pileup=-0.475421, scale_ele=4.12041, scale_muon=0.837328
RooProdPdf::model_s[ modelObs_s * nuisancePdf ]
     getLogVal() top-level p.d.f evaluates to zero @ !pdfs=(modelObs_s = 0/1,nuisancePdf = 1)

[#0] WARNING:Minization -- RooMinimizerFcn: Minimized function has error status.
Returning maximum FCN so far (945.423) to force MIGRAD to back out of this region. Error log follows
Parameter values: JER_ele=1.21866, JER_muon=-1.07528, JES_ele=0.490358, JES_muon=0.489319, QCD_stat_ele=-0.341006, QCD_stat_muon=3.70347, VBS_stat_ele=0.237078, VBS_stat_muon=1.57609, ele_efficiency=-1.24498, ele_trigger=-0.246873, fakephoton_ele=4.88828, fakephoton_muon=0.861066, interference=1.36452, lumi=1.50469, mu_efficiency=3.26434, mu_trigger=0.138007, non_prompt_stat_ele=4.22703, non_prompt_stat_muon=0.765992, others_stat_ele=2.69115, others_stat_muon=0.629964, others_xs=0.880221, param=9.00215, pdf_ele=2.52595, pdf_muon=1.25278, photon_id=1.80364, pileup=-0.891334, scale_ele=2.86716, scale_muon=4.5723
RooProdPdf::model_s[ modelObs_s * nuisancePdf ]
     getLogVal() top-level p.d.f evaluates to zero @ !pdfs=(modelObs_s = 0/1,nuisancePdf = 1)

[#0] WARNING:Minization -- RooMinimizerFcn: Minimized function has error status.
Returning maximum FCN so far (945.423) to force MIGRAD to back out of this region. Error log follows
Parameter values: JER_ele=1.2349, JER_muon=-1.05906, JES_ele=0.518834, JES_muon=0.520579, QCD_stat_ele=-0.286599, QCD_stat_muon=3.76881, VBS_stat_ele=0.266788, VBS_stat_muon=1.60099, ele_efficiency=-1.23967, ele_trigger=-0.225082, fakephoton_ele=4.96295, fakephoton_muon=0.872203, interference=1.38133, lumi=1.52969, mu_efficiency=3.26873, mu_trigger=0.161827, non_prompt_stat_ele=4.32987, non_prompt_stat_muon=0.792845, others_stat_ele=2.7328, others_stat_muon=0.652648, others_xs=0.911237, param=9.0022, pdf_ele=2.55952, pdf_muon=1.29494, photon_id=1.86933, pileup=-0.889049, scale_ele=2.94269, scale_muon=4.63972
RooProdPdf::model_s[ modelObs_s * nuisancePdf ]
     getLogVal() top-level p.d.f evaluates to zero @ !pdfs=(modelObs_s = 0/1,nuisancePdf = 1)

[#0] WARNING:Minization -- RooMinimizerFcn: Minimized function has error status.
Returning maximum FCN so far (945.423) to force MIGRAD to back out of this region. Error log follows
Parameter values: JER_ele=1.25259, JER_muon=-1.04137, JES_ele=0.549866, JES_muon=0.554652, QCD_stat_ele=-0.227268, QCD_stat_muon=3.83953, VBS_stat_ele=0.299171, VBS_stat_muon=1.62811, ele_efficiency=-1.23389, ele_trigger=-0.201325, fakephoton_ele=5.04307, fakephoton_muon=0.884344, interference=1.39966, lumi=1.55693, mu_efficiency=3.27351, mu_trigger=0.187798, non_prompt_stat_ele=4.44026, non_prompt_stat_muon=0.822113, others_stat_ele=2.77809, others_stat_muon=0.677373, others_xs=0.945032, param=9.00225, pdf_ele=2.59603, pdf_muon=1.34087, photon_id=1.94074, pileup=-0.886558, scale_ele=3.02455, scale_muon=4.71237
RooProdPdf::model_s[ modelObs_s * nuisancePdf ]
     getLogVal() top-level p.d.f evaluates to zero @ !pdfs=(modelObs_s = 0/1,nuisancePdf = 1)

[#0] WARNING:Minization -- RooMinimizerFcn: Minimized function has error status.
Returning maximum FCN so far (945.423) to force MIGRAD to back out of this region. Error log follows
Parameter values: JER_ele=1.27197, JER_muon=-1.02198, JES_ele=0.583847, JES_muon=0.591971, QCD_stat_ele=-0.162255, QCD_stat_muon=3.91637, VBS_stat_ele=0.334636, VBS_stat_muon=1.6578, ele_efficiency=-1.22755, ele_trigger=-0.175298, fakephoton_ele=5.12929, fakephoton_muon=0.897644, interference=1.41972, lumi=1.58674, mu_efficiency=3.27875, mu_trigger=0.216252, non_prompt_stat_ele=4.5591, non_prompt_stat_muon=0.854164, others_stat_ele=2.82753, others_stat_muon=0.704455, others_xs=0.98203, param=9.00229, pdf_ele=2.63593, pdf_muon=1.39112, photon_id=2.01873, pileup=-0.883828, scale_ele=3.11364, scale_muon=4.79092
RooProdPdf::model_s[ modelObs_s * nuisancePdf ]
     getLogVal() top-level p.d.f evaluates to zero @ !pdfs=(modelObs_s = 0/1,nuisancePdf = 1)

[#0] WARNING:Minization -- RooMinimizerFcn: Minimized function has error status.
Returning maximum FCN so far (945.423) to force MIGRAD to back out of this region. Error log follows
Parameter values: JER_ele=1.29329, JER_muon=-1.0006, JES_ele=0.62126, JES_muon=0.633067, QCD_stat_ele=-0.0906293, QCD_stat_muon=4.00025, VBS_stat_ele=0.37369, VBS_stat_muon=1.69048, ele_efficiency=-1.22056, ele_trigger=-0.146627, fakephoton_ele=5.22235, fakephoton_muon=0.912294, interference=1.44182, lumi=1.61954, mu_efficiency=3.28452, mu_trigger=0.247596, non_prompt_stat_ele=4.6874, non_prompt_stat_muon=0.889457, others_stat_ele=2.8818, others_stat_muon=0.734281, others_xs=1.02275, param=9.00233, pdf_ele=2.67976, pdf_muon=1.4464, photon_id=2.10433, pileup=-0.880821, scale_ele=3.21105, scale_muon=4.87617
RooProdPdf::model_s[ modelObs_s * nuisancePdf ]
     getLogVal() top-level p.d.f evaluates to zero @ !pdfs=(modelObs_s = 0/1,nuisancePdf = 1)

[#0] WARNING:Minization -- RooMinimizerFcn: Minimized function has error status.
Returning maximum FCN so far (945.423) to force MIGRAD to back out of this region. Error log follows
Parameter values: JER_ele=2.23946, JER_muon=-0.0347875, JES_ele=2.27491, JES_muon=2.43264, QCD_stat_ele=3.03693, QCD_stat_muon=6.66431, VBS_stat_ele=2.10599, VBS_stat_muon=3.10448, ele_efficiency=-0.903924, ele_trigger=1.14274, fakephoton_ele=6.90816, fakephoton_muon=1.56414, interference=2.415, lumi=3.04551, mu_efficiency=3.53972, mu_trigger=1.63914, non_prompt_stat_ele=6.75705, non_prompt_stat_muon=2.435, others_stat_ele=5.05763, others_stat_muon=2.05015, others_xs=2.79855, param=9.00316, pdf_ele=4.50014, pdf_muon=3.77634, photon_id=5.3995, pileup=-0.745257, scale_ele=6.47371, scale_muon=6.99293
RooProdPdf::model_s[ modelObs_s * nuisancePdf ]
     getLogVal() top-level p.d.f evaluates to zero @ !pdfs=(modelObs_s = 0/1,nuisancePdf = 1)

[#0] WARNING:Minization -- RooMinimizerFcn: Minimized function has error status.
Returning maximum FCN so far (945.423) to force MIGRAD to back out of this region. Error log follows
Parameter values: JER_ele=2.52355, JER_muon=0.286353, JES_ele=2.7596, JES_muon=3.00131, QCD_stat_ele=3.89768, QCD_stat_muon=6.96956, VBS_stat_ele=2.61359, VBS_stat_muon=3.54921, ele_efficiency=-0.807689, ele_trigger=1.53118, fakephoton_ele=6.36281, fakephoton_muon=1.77968, interference=2.7255, lumi=3.47475, mu_efficiency=3.62631, mu_trigger=2.09088, non_prompt_stat_ele=5.80093, non_prompt_stat_muon=2.92869, others_stat_ele=5.59085, others_stat_muon=2.47515, others_xs=3.32671, param=8.99373, pdf_ele=4.98488, pdf_muon=4.45926, photon_id=6.12546, pileup=-0.702395, scale_ele=6.89407, scale_muon=6.84967
RooProdPdf::model_s[ modelObs_s * nuisancePdf ]
     getLogVal() top-level p.d.f evaluates to zero @ !pdfs=(modelObs_s = 0/1,nuisancePdf = 1)

[#0] WARNING:Minization -- RooMinimizerFcn: Minimized function has error status.
Returning maximum FCN so far (945.423) to force MIGRAD to back out of this region. Error log follows
Parameter values: JER_ele=3.34288, JER_muon=1.24098, JES_ele=4.13586, JES_muon=4.51525, QCD_stat_ele=5.9982, QCD_stat_muon=5.99512, VBS_stat_ele=4.06891, VBS_stat_muon=4.72595, ele_efficiency=-0.499752, ele_trigger=2.69526, fakephoton_ele=1.70886, fakephoton_muon=2.38934, interference=3.59197, lumi=4.64287, mu_efficiency=3.85146, mu_trigger=3.35642, non_prompt_stat_ele=-0.976015, non_prompt_stat_muon=4.24308, others_stat_ele=6.71586, others_stat_muon=3.65188, others_xs=4.7626, param=8.97739, pdf_ele=6.15624, pdf_muon=6.04651, photon_id=6.99255, pileup=-0.567853, scale_ele=6.19777, scale_muon=4.13479
RooProdPdf::model_s[ modelObs_s * nuisancePdf ]
     getLogVal() top-level p.d.f evaluates to zero @ !pdfs=(modelObs_s = 0/1,nuisancePdf = 1)


 -- Hybrid New -- 
CLs = 0.446903 +/- 0.0275491
Done in 16.54 min (cpu), 16.73 min (real)
