 <<< Combine >>> 
>>> including systematics
>>> using the Profile Likelihood test statistics modified for upper limits (Q_LHC)
>>> method used is HybridNew
>>> Used OpenSSL to get a really random seed -568434785
Computing results starting from observation (a-posteriori)
[#0] WARNING:Minization -- RooMinimizerFcn: Minimized function has error status.
Returning maximum FCN so far (943.157) to force MIGRAD to back out of this region. Error log follows
Parameter values: JER_ele=5.12423, JER_muon=-1.69296, JES_ele=2.71722, JES_muon=6.93577, QCD_stat_ele=-2.36992, QCD_stat_muon=3.40579, VBS_stat_ele=-1.06955, VBS_stat_muon=4.85503, ele_efficiency=1.7217, ele_trigger=-6.77482, fakephoton_ele=-6.99312, fakephoton_muon=5.61344, interference=3.78272, lumi=4.29142, mu_efficiency=-1.39085, mu_trigger=2.1753, non_prompt_stat_ele=-6.99382, non_prompt_stat_muon=6.43505, others_stat_ele=-2.71263, others_stat_muon=6.65065, others_xs=2.20215, param=20.2765, pdf_ele=-5.4993, pdf_muon=6.96385, photon_id=6.90056, pileup=0.0859654, scale_ele=-0.325331, scale_muon=5.90913
RooProdPdf::model_s[ modelObs_s * nuisancePdf ]
     getLogVal() top-level p.d.f evaluates to zero @ !pdfs=(modelObs_s = 0/1,nuisancePdf = 1)

[#0] WARNING:Minization -- RooMinimizerFcn: Minimized function has error status.
Returning maximum FCN so far (943.157) to force MIGRAD to back out of this region. Error log follows
Parameter values: JER_ele=1.51389, JER_muon=-1.14995, JES_ele=1.52144, JES_muon=0.204993, QCD_stat_ele=1.47434, QCD_stat_muon=0.043749, VBS_stat_ele=0.556856, VBS_stat_muon=-0.271478, ele_efficiency=0.525166, ele_trigger=-0.990848, fakephoton_ele=3.72262, fakephoton_muon=0.628026, interference=0.195212, lumi=0.662143, mu_efficiency=-0.60507, mu_trigger=-0.830064, non_prompt_stat_ele=5.43649, non_prompt_stat_muon=0.17827, others_stat_ele=0.412027, others_stat_muon=0.429838, others_xs=0.151098, param=21.0456, pdf_ele=0.068968, pdf_muon=-0.0124208, photon_id=1.05923, pileup=-0.0139196, scale_ele=2.8734, scale_muon=-1.03237
RooProdPdf::model_s[ modelObs_s * nuisancePdf ]
     getLogVal() top-level p.d.f evaluates to zero @ !pdfs=(modelObs_s = 0/1,nuisancePdf = 1)

[#0] WARNING:Minization -- RooMinimizerFcn: Minimized function has error status.
Returning maximum FCN so far (966.434) to force MIGRAD to back out of this region. Error log follows
Parameter values: JER_ele=1.53705, JER_muon=-1.14471, JES_ele=1.56112, JES_muon=0.210693, QCD_stat_ele=1.5784, QCD_stat_muon=0.0551338, VBS_stat_ele=0.602907, VBS_stat_muon=-0.253647, ele_efficiency=0.533226, ele_trigger=-0.960556, fakephoton_ele=3.8725, fakephoton_muon=0.630585, interference=0.205798, lumi=0.683678, mu_efficiency=-0.603679, mu_trigger=-0.824664, non_prompt_stat_ele=5.58882, non_prompt_stat_muon=0.184542, others_stat_ele=0.455399, others_stat_muon=0.434644, others_xs=0.172207, param=20.7498, pdf_ele=0.124399, pdf_muon=-0.00176179, photon_id=1.11476, pileup=-0.012015, scale_ele=2.98697, scale_muon=-1.01891
RooProdPdf::model_s[ modelObs_s * nuisancePdf ]
     getLogVal() top-level p.d.f evaluates to zero @ !pdfs=(modelObs_s = 0/1,nuisancePdf = 1)

[#0] WARNING:Minization -- RooMinimizerFcn: Minimized function has error status.
Returning maximum FCN so far (966.434) to force MIGRAD to back out of this region. Error log follows
Parameter values: JER_ele=6.45848, JER_muon=0.638614, JES_ele=-1.088, JES_muon=3.03164, QCD_stat_ele=6.17578, QCD_stat_muon=5.75573, VBS_stat_ele=0.662398, VBS_stat_muon=3.48217, ele_efficiency=4.41388, ele_trigger=5.9646, fakephoton_ele=6.97002, fakephoton_muon=2.14286, interference=4.06699, lumi=6.99999, mu_efficiency=-0.0410588, mu_trigger=1.45613, non_prompt_stat_ele=4.63864, non_prompt_stat_muon=3.69261, others_stat_ele=-1.64833, others_stat_muon=3.1926, others_xs=6.97525, param=0.0922251, pdf_ele=-5.70073, pdf_muon=3.94496, photon_id=-6.25009, pileup=0.950673, scale_ele=-3.27228, scale_muon=5.68086
RooProdPdf::model_s[ modelObs_s * nuisancePdf ]
     getLogVal() top-level p.d.f evaluates to zero @ !pdfs=(modelObs_s = 0/1,nuisancePdf = 1)

[#0] WARNING:Minization -- RooMinimizerFcn: Minimized function has error status.
Returning maximum FCN so far (966.434) to force MIGRAD to back out of this region. Error log follows
Parameter values: JER_ele=1.58993, JER_muon=-1.13842, JES_ele=1.65133, JES_muon=0.222711, QCD_stat_ele=1.81092, QCD_stat_muon=0.0835008, VBS_stat_ele=0.694557, VBS_stat_muon=-0.231283, ele_efficiency=0.551916, ele_trigger=-0.896026, fakephoton_ele=4.18267, fakephoton_muon=0.638492, interference=0.225016, lumi=0.728979, mu_efficiency=-0.60235, mu_trigger=-0.816327, non_prompt_stat_ele=5.88937, non_prompt_stat_muon=0.201884, others_stat_ele=0.553128, others_stat_muon=0.446888, others_xs=0.21998, param=20.8928, pdf_ele=0.244919, pdf_muon=0.0167053, photon_id=1.23527, pileup=-0.00797891, scale_ele=3.23942, scale_muon=-0.987689
RooProdPdf::model_s[ modelObs_s * nuisancePdf ]
     getLogVal() top-level p.d.f evaluates to zero @ !pdfs=(modelObs_s = 0/1,nuisancePdf = 1)

[#0] WARNING:Minization -- RooMinimizerFcn: Minimized function has error status.
Returning maximum FCN so far (966.434) to force MIGRAD to back out of this region. Error log follows
Parameter values: JER_ele=1.51186, JER_muon=-1.14582, JES_ele=1.51458, JES_muon=0.203973, QCD_stat_ele=1.4537, QCD_stat_muon=0.0369596, VBS_stat_ele=0.569507, VBS_stat_muon=-0.244197, ele_efficiency=0.524013, ele_trigger=-0.994463, fakephoton_ele=3.70435, fakephoton_muon=0.62649, interference=0.201316, lumi=0.664534, mu_efficiency=-0.604587, mu_trigger=-0.828385, non_prompt_stat_ele=5.41777, non_prompt_stat_muon=0.174679, others_stat_ele=0.403111, others_stat_muon=0.426735, others_xs=0.145693, param=20.3983, pdf_ele=0.0634596, pdf_muon=-0.00697122, photon_id=1.05508, pileup=-0.0140556, scale_ele=2.85246, scale_muon=-1.03853
RooProdPdf::model_s[ modelObs_s * nuisancePdf ]
     getLogVal() top-level p.d.f evaluates to zero @ !pdfs=(modelObs_s = 0/1,nuisancePdf = 1)

[#0] WARNING:Minization -- RooMinimizerFcn: Minimized function has error status.
Returning maximum FCN so far (966.434) to force MIGRAD to back out of this region. Error log follows
Parameter values: JER_ele=6.46046, JER_muon=0.672264, JES_ele=-1.1529, JES_muon=3.05944, QCD_stat_ele=6.04296, QCD_stat_muon=5.78745, VBS_stat_ele=0.707477, VBS_stat_muon=3.3647, ele_efficiency=4.41534, ele_trigger=5.906, fakephoton_ele=6.99997, fakephoton_muon=2.12582, interference=4.04862, lumi=7, mu_efficiency=-0.0145501, mu_trigger=1.49866, non_prompt_stat_ele=5.28354, non_prompt_stat_muon=3.68716, others_stat_ele=-1.7537, others_stat_muon=3.2125, others_xs=6.96913, param=1.75878, pdf_ele=-5.77575, pdf_muon=3.95176, photon_id=-6.29898, pileup=0.956304, scale_ele=-3.52743, scale_muon=5.72894
RooProdPdf::model_s[ modelObs_s * nuisancePdf ]
     getLogVal() top-level p.d.f evaluates to zero @ !pdfs=(modelObs_s = 0/1,nuisancePdf = 1)

[#0] WARNING:Minization -- RooMinimizerFcn: Minimized function has error status.
Returning maximum FCN so far (966.434) to force MIGRAD to back out of this region. Error log follows
Parameter values: JER_ele=1.59122, JER_muon=-1.13449, JES_ele=1.65529, JES_muon=0.224521, QCD_stat_ele=1.82496, QCD_stat_muon=0.0850584, VBS_stat_ele=0.702941, VBS_stat_muon=-0.224448, ele_efficiency=0.552311, ele_trigger=-0.889417, fakephoton_ele=4.21106, fakephoton_muon=0.637413, interference=0.227585, lumi=0.732282, mu_efficiency=-0.600717, mu_trigger=-0.812889, non_prompt_stat_ele=5.91562, non_prompt_stat_muon=0.201079, others_stat_ele=0.558901, others_stat_muon=0.447359, others_xs=0.223225, param=20.331, pdf_ele=0.254156, pdf_muon=0.0206843, photon_id=1.24431, pileup=-0.0075714, scale_ele=3.25357, scale_muon=-0.984477
RooProdPdf::model_s[ modelObs_s * nuisancePdf ]
     getLogVal() top-level p.d.f evaluates to zero @ !pdfs=(modelObs_s = 0/1,nuisancePdf = 1)

[#0] WARNING:Minization -- RooMinimizerFcn: Minimized function has error status.
Returning maximum FCN so far (966.434) to force MIGRAD to back out of this region. Error log follows
Parameter values: JER_ele=-6.8815, JER_muon=3.12557, JES_ele=6.99932, JES_muon=6.21755, QCD_stat_ele=6.99981, QCD_stat_muon=4.38355, VBS_stat_ele=5.86068, VBS_stat_muon=6.27394, ele_efficiency=6.99989, ele_trigger=-4.94884, fakephoton_ele=6.87537, fakephoton_muon=4.19109, interference=6.94133, lumi=-3.80291, mu_efficiency=0.867657, mu_trigger=4.55932, non_prompt_stat_ele=5.99, non_prompt_stat_muon=6.85309, others_stat_ele=6.18647, others_stat_muon=6.29463, others_xs=-5.79636, param=5.11598, pdf_ele=-4.60001, pdf_muon=6.95871, photon_id=-5.42736, pileup=2.34783, scale_ele=-6.22204, scale_muon=3.25072
RooProdPdf::model_s[ modelObs_s * nuisancePdf ]
     getLogVal() top-level p.d.f evaluates to zero @ !pdfs=(modelObs_s = 0/1,nuisancePdf = 1)

[#0] WARNING:Minization -- RooMinimizerFcn: Minimized function has error status.
Returning maximum FCN so far (966.434) to force MIGRAD to back out of this region. Error log follows
Parameter values: JER_ele=1.51831, JER_muon=-1.14297, JES_ele=1.5245, JES_muon=0.205433, QCD_stat_ele=1.47858, QCD_stat_muon=0.0384538, VBS_stat_ele=0.587459, VBS_stat_muon=-0.230061, ele_efficiency=0.52612, ele_trigger=-0.986558, fakephoton_ele=3.74143, fakephoton_muon=0.626889, interference=0.206506, lumi=0.671888, mu_efficiency=-0.604051, mu_trigger=-0.826243, non_prompt_stat_ele=5.45601, non_prompt_stat_muon=0.17563, others_stat_ele=0.4134, others_stat_muon=0.427291, others_xs=0.150392, param=20.0841, pdf_ele=0.0784351, pdf_muon=-0.00194271, photon_id=1.07068, pileup=-0.0135234, scale_ele=2.88046, scale_muon=-1.03623
RooProdPdf::model_s[ modelObs_s * nuisancePdf ]
     getLogVal() top-level p.d.f evaluates to zero @ !pdfs=(modelObs_s = 0/1,nuisancePdf = 1)

[#0] WARNING:Minization -- RooMinimizerFcn: Minimized function has error status.
Returning maximum FCN so far (966.434) to force MIGRAD to back out of this region. Error log follows
Parameter values: JER_ele=6.38601, JER_muon=0.702004, JES_ele=-1.48595, JES_muon=3.10238, QCD_stat_ele=5.54732, QCD_stat_muon=5.84676, VBS_stat_ele=0.40408, VBS_stat_muon=3.41743, ele_efficiency=4.46644, ele_trigger=5.768, fakephoton_ele=6.84124, fakephoton_muon=2.1481, interference=4.10172, lumi=6.99832, mu_efficiency=-0.00471615, mu_trigger=1.53593, non_prompt_stat_ele=6.37946, non_prompt_stat_muon=3.73556, others_stat_ele=-2.10131, others_stat_muon=3.25325, others_xs=6.95005, param=1.94624, pdf_ele=-6.01769, pdf_muon=4.00748, photon_id=-6.4825, pileup=0.97142, scale_ele=-4.39388, scale_muon=5.79977
RooProdPdf::model_s[ modelObs_s * nuisancePdf ]
     getLogVal() top-level p.d.f evaluates to zero @ !pdfs=(modelObs_s = 0/1,nuisancePdf = 1)

[#0] WARNING:Minization -- RooMinimizerFcn: Minimized function has error status.
Returning maximum FCN so far (966.434) to force MIGRAD to back out of this region. Error log follows
Parameter values: JER_ele=1.60142, JER_muon=-1.13107, JES_ele=1.67192, JES_muon=0.227064, QCD_stat_ele=1.86721, QCD_stat_muon=0.0890976, VBS_stat_ele=0.727017, VBS_stat_muon=-0.209471, ele_efficiency=0.555772, ele_trigger=-0.876425, fakephoton_ele=4.26943, fakephoton_muon=0.638376, interference=0.23403, lumi=0.74288, mu_efficiency=-0.599973, mu_trigger=-0.809935, non_prompt_stat_ele=5.96934, non_prompt_stat_muon=0.203409, others_stat_ele=0.576654, others_stat_muon=0.449, others_xs=0.231704, param=20.0176, pdf_ele=0.278285, pdf_muon=0.0271235, photon_id=1.26899, pileup=-0.00672421, scale_ele=3.29972, scale_muon=-0.979309
RooProdPdf::model_s[ modelObs_s * nuisancePdf ]
     getLogVal() top-level p.d.f evaluates to zero @ !pdfs=(modelObs_s = 0/1,nuisancePdf = 1)

[#0] WARNING:Minization -- RooMinimizerFcn: Minimized function has error status.
Returning maximum FCN so far (966.434) to force MIGRAD to back out of this region. Error log follows
Parameter values: JER_ele=1.86605, JER_muon=-1.11663, JES_ele=2.13542, JES_muon=0.250028, QCD_stat_ele=3.03763, QCD_stat_muon=0.13642, VBS_stat_ele=1.17873, VBS_stat_muon=-0.155997, ele_efficiency=0.65075, ele_trigger=-0.528599, fakephoton_ele=5.70376, fakephoton_muon=0.650676, interference=0.309057, lumi=0.955559, mu_efficiency=-0.596867, mu_trigger=-0.792536, non_prompt_stat_ele=6.93451, non_prompt_stat_muon=0.230202, others_stat_ele=1.09277, others_stat_muon=0.47336, others_xs=0.465212, param=19.4684, pdf_ele=0.908754, pdf_muon=0.0645811, photon_id=1.84309, pileup=0.0130496, scale_ele=4.52218, scale_muon=-0.920893
RooProdPdf::model_s[ modelObs_s * nuisancePdf ]
     getLogVal() top-level p.d.f evaluates to zero @ !pdfs=(modelObs_s = 0/1,nuisancePdf = 1)

[#0] WARNING:Minization -- RooMinimizerFcn: Minimized function has error status.
Returning maximum FCN so far (966.434) to force MIGRAD to back out of this region. Error log follows
Parameter values: JER_ele=1.5516, JER_muon=-1.13511, JES_ele=1.58052, JES_muon=0.212809, QCD_stat_ele=1.62505, QCD_stat_muon=0.0518468, VBS_stat_ele=0.656537, VBS_stat_muon=-0.198913, ele_efficiency=0.537594, ele_trigger=-0.943891, fakephoton_ele=3.94624, fakephoton_muon=0.629899, interference=0.222883, lumi=0.703319, mu_efficiency=-0.602175, mu_trigger=-0.818734, non_prompt_stat_ele=5.66204, non_prompt_stat_muon=0.182872, others_stat_ele=0.473873, others_stat_muon=0.432997, others_xs=0.179288, param=19.4826, pdf_ele=0.157264, pdf_muon=0.0137617, photon_id=1.14934, pileup=-0.0108324, scale_ele=3.03995, scale_muon=-1.01975
RooProdPdf::model_s[ modelObs_s * nuisancePdf ]
     getLogVal() top-level p.d.f evaluates to zero @ !pdfs=(modelObs_s = 0/1,nuisancePdf = 1)

[#0] WARNING:Minization -- RooMinimizerFcn: Minimized function has error status.
Returning maximum FCN so far (966.434) to force MIGRAD to back out of this region. Error log follows
Parameter values: JER_ele=1.65004, JER_muon=-1.12038, JES_ele=1.75547, JES_muon=0.239436, QCD_stat_ele=2.08313, QCD_stat_muon=0.114396, VBS_stat_ele=0.821709, VBS_stat_muon=-0.174168, ele_efficiency=0.572824, ele_trigger=-0.812531, fakephoton_ele=4.55608, fakephoton_muon=0.644168, interference=0.255878, lumi=0.788001, mu_efficiency=-0.597103, mu_trigger=-0.7986, non_prompt_stat_ele=6.22046, non_prompt_stat_muon=0.21748, others_stat_ele=0.668213, others_stat_muon=0.459684, others_xs=0.276602, param=19.4141, pdf_ele=0.394895, pdf_muon=0.0494182, photon_id=1.38558, pileup=-0.00270844, scale_ele=3.531, scale_muon=-0.94961
RooProdPdf::model_s[ modelObs_s * nuisancePdf ]
     getLogVal() top-level p.d.f evaluates to zero @ !pdfs=(modelObs_s = 0/1,nuisancePdf = 1)

[#0] WARNING:Minization -- RooMinimizerFcn: Minimized function has error status.
Returning maximum FCN so far (966.434) to force MIGRAD to back out of this region. Error log follows
Parameter values: JER_ele=1.5177, JER_muon=-1.14319, JES_ele=1.52571, JES_muon=0.189281, QCD_stat_ele=1.48219, QCD_stat_muon=-0.00988962, VBS_stat_ele=0.607839, VBS_stat_muon=-0.218292, ele_efficiency=0.525592, ele_trigger=-0.977829, fakephoton_ele=3.74062, fakephoton_muon=0.612678, interference=0.206424, lumi=0.671111, mu_efficiency=-0.604101, mu_trigger=-0.832772, non_prompt_stat_ele=5.45713, non_prompt_stat_muon=0.144941, others_stat_ele=0.418371, others_stat_muon=0.408333, others_xs=0.143499, param=19.2751, pdf_ele=0.0888174, pdf_muon=-0.0167601, photon_id=1.06089, pileup=-0.0136477, scale_ele=2.8888, scale_muon=-1.08354
RooProdPdf::model_s[ modelObs_s * nuisancePdf ]
     getLogVal() top-level p.d.f evaluates to zero @ !pdfs=(modelObs_s = 0/1,nuisancePdf = 1)

[#0] WARNING:Minization -- RooMinimizerFcn: Minimized function has error status.
Returning maximum FCN so far (966.434) to force MIGRAD to back out of this region. Error log follows
Parameter values: JER_ele=6.23354, JER_muon=0.725703, JES_ele=-2.10002, JES_muon=3.12133, QCD_stat_ele=4.39435, QCD_stat_muon=5.86166, VBS_stat_ele=-0.173817, VBS_stat_muon=3.51, ele_efficiency=4.56184, ele_trigger=5.4905, fakephoton_ele=5.68254, fakephoton_muon=2.15758, interference=4.18797, lumi=6.98635, mu_efficiency=-0.000537388, mu_trigger=1.55682, non_prompt_stat_ele=6.92739, non_prompt_stat_muon=3.75369, others_stat_ele=-2.72514, others_stat_muon=3.26939, others_xs=6.90905, param=2.51056, pdf_ele=-6.40383, pdf_muon=4.04615, photon_id=-6.7336, pileup=0.997039, scale_ele=-5.73537, scale_muon=5.82667
RooProdPdf::model_s[ modelObs_s * nuisancePdf ]
     getLogVal() top-level p.d.f evaluates to zero @ !pdfs=(modelObs_s = 0/1,nuisancePdf = 1)

[#0] WARNING:Minization -- RooMinimizerFcn: Minimized function has error status.
Returning maximum FCN so far (966.434) to force MIGRAD to back out of this region. Error log follows
Parameter values: JER_ele=1.62151, JER_muon=-1.12473, JES_ele=1.70337, JES_muon=0.228594, QCD_stat_ele=1.94574, QCD_stat_muon=0.0872223, VBS_stat_ele=0.779393, VBS_stat_muon=-0.172692, ele_efficiency=0.562465, ele_trigger=-0.851536, fakephoton_ele=4.38211, fakephoton_muon=0.638369, interference=0.247779, lumi=0.763858, mu_efficiency=-0.59908, mu_trigger=-0.806033, non_prompt_stat_ele=6.07082, non_prompt_stat_muon=0.203178, others_stat_ele=0.6093, others_stat_muon=0.448268, others_xs=0.245243, param=19.1779, pdf_ele=0.32505, pdf_muon=0.0375925, photon_id=1.31374, pileup=-0.00519842, scale_ele=3.38589, scale_muon=-0.979396
RooProdPdf::model_s[ modelObs_s * nuisancePdf ]
     getLogVal() top-level p.d.f evaluates to zero @ !pdfs=(modelObs_s = 0/1,nuisancePdf = 1)

[#0] WARNING:Minization -- RooMinimizerFcn: Minimized function has error status.
Returning maximum FCN so far (966.434) to force MIGRAD to back out of this region. Error log follows
Parameter values: JER_ele=1.76404, JER_muon=-1.10252, JES_ele=1.95605, JES_muon=0.269444, QCD_stat_ele=2.59999, QCD_stat_muon=0.183243, VBS_stat_ele=1.01741, VBS_stat_muon=-0.13738, ele_efficiency=0.613586, ele_trigger=-0.660472, fakephoton_ele=5.18401, fakephoton_muon=0.65969, interference=0.295968, lumi=0.887081, mu_efficiency=-0.59126, mu_trigger=-0.775272, non_prompt_stat_ele=6.68093, non_prompt_stat_muon=0.255034, others_stat_ele=0.891037, others_stat_muon=0.489155, others_xs=0.387814, param=19.0923, pdf_ele=0.669662, pdf_muon=0.0917222, photon_id=1.65699, pileup=0.00669144, scale_ele=4.06962, scale_muon=-0.871515
RooProdPdf::model_s[ modelObs_s * nuisancePdf ]
     getLogVal() top-level p.d.f evaluates to zero @ !pdfs=(modelObs_s = 0/1,nuisancePdf = 1)

[#0] WARNING:Minization -- RooMinimizerFcn: Minimized function has error status.
Returning maximum FCN so far (966.434) to force MIGRAD to back out of this region. Error log follows
Parameter values: JER_ele=-2.20006, JER_muon=-1.44071, JES_ele=-4.8633, JES_muon=-0.734906, QCD_stat_ele=-4.64147, QCD_stat_muon=-2.31325, VBS_stat_ele=-4.39274, VBS_stat_muon=0.263632, ele_efficiency=-0.813395, ele_trigger=-5.29861, fakephoton_ele=3.93835, fakephoton_muon=0.0927082, interference=-0.664248, lumi=-2.23465, mu_efficiency=-0.754687, mu_trigger=-1.42096, non_prompt_stat_ele=6.5688, non_prompt_stat_muon=-1.1125, others_stat_ele=-5.9477, others_stat_muon=-0.613522, others_xs=-3.4525, param=3.2205, pdf_ele=-6.68323, pdf_muon=-0.928937, photon_id=-6.28273, pileup=-0.313529, scale_ele=-3.35634, scale_muon=-3.54023
RooProdPdf::model_s[ modelObs_s * nuisancePdf ]
     getLogVal() top-level p.d.f evaluates to zero @ !pdfs=(modelObs_s = 0/1,nuisancePdf = 1)

[#0] WARNING:Minization -- RooMinimizerFcn: Minimized function has error status.
Returning maximum FCN so far (966.434) to force MIGRAD to back out of this region. Error log follows
Parameter values: JER_ele=1.52333, JER_muon=-1.14376, JES_ele=1.52469, JES_muon=0.193369, QCD_stat_ele=1.46367, QCD_stat_muon=0.00360912, VBS_stat_ele=0.619929, VBS_stat_muon=-0.184865, ele_efficiency=0.527256, ele_trigger=-0.989114, fakephoton_ele=3.76755, fakephoton_muon=0.621005, interference=0.215879, lumi=0.678392, mu_efficiency=-0.606955, mu_trigger=-0.833186, non_prompt_stat_ele=5.48635, non_prompt_stat_muon=0.158601, others_stat_ele=0.408981, others_stat_muon=0.41291, others_xs=0.14009, param=18.9644, pdf_ele=0.0804425, pdf_muon=-0.00506266, photon_id=1.06456, pileup=-0.0138811, scale_ele=2.87392, scale_muon=-1.07345
RooProdPdf::model_s[ modelObs_s * nuisancePdf ]
     getLogVal() top-level p.d.f evaluates to zero @ !pdfs=(modelObs_s = 0/1,nuisancePdf = 1)

[#0] WARNING:Minization -- RooMinimizerFcn: Minimized function has error status.
Returning maximum FCN so far (966.434) to force MIGRAD to back out of this region. Error log follows
Parameter values: JER_ele=6.15537, JER_muon=0.760764, JES_ele=-2.39848, JES_muon=3.17552, QCD_stat_ele=3.69265, QCD_stat_muon=5.93324, VBS_stat_ele=-0.430417, VBS_stat_muon=3.52538, ele_efficiency=4.60652, ele_trigger=5.33994, fakephoton_ele=4.89809, fakephoton_muon=2.17507, interference=4.23072, lumi=6.9758, mu_efficiency=0.0153826, mu_trigger=1.60513, non_prompt_stat_ele=6.5068, non_prompt_stat_muon=3.79772, others_stat_ele=-3.03729, others_stat_muon=3.32084, others_xs=6.8779, param=2.60237, pdf_ele=-6.56306, pdf_muon=4.10573, photon_id=-6.83935, pileup=1.01202, scale_ele=-6.24597, scale_muon=5.91427
RooProdPdf::model_s[ modelObs_s * nuisancePdf ]
     getLogVal() top-level p.d.f evaluates to zero @ !pdfs=(modelObs_s = 0/1,nuisancePdf = 1)

[#0] WARNING:Minization -- RooMinimizerFcn: Minimized function has error status.
Returning maximum FCN so far (966.434) to force MIGRAD to back out of this region. Error log follows
Parameter values: JER_ele=1.63083, JER_muon=-1.12104, JES_ele=1.71887, JES_muon=0.231771, QCD_stat_ele=1.98653, QCD_stat_muon=0.0925482, VBS_stat_ele=0.801325, VBS_stat_muon=-0.159534, ele_efficiency=0.5656, ele_trigger=-0.839161, fakephoton_ele=4.42884, fakephoton_muon=0.639107, interference=0.253719, lumi=0.773718, mu_efficiency=-0.598052, mu_trigger=-0.802524, non_prompt_stat_ele=6.11108, non_prompt_stat_muon=0.205289, others_stat_ele=0.626107, others_stat_muon=0.450515, others_xs=0.253744, param=18.8614, pdf_ele=0.347923, pdf_muon=0.0443671, photon_id=1.33766, pileup=-0.00435651, scale_ele=3.42905, scale_muon=-0.972489
RooProdPdf::model_s[ modelObs_s * nuisancePdf ]
     getLogVal() top-level p.d.f evaluates to zero @ !pdfs=(modelObs_s = 0/1,nuisancePdf = 1)

[#0] WARNING:Minization -- RooMinimizerFcn: Minimized function has error status.
Returning maximum FCN so far (966.434) to force MIGRAD to back out of this region. Error log follows
Parameter values: JER_ele=1.78078, JER_muon=-1.09819, JES_ele=1.9843, JES_muon=0.273901, QCD_stat_ele=2.66989, QCD_stat_muon=0.19197, VBS_stat_ele=1.05178, VBS_stat_muon=-0.120754, ele_efficiency=0.619467, ele_trigger=-0.638589, fakephoton_ele=5.2696, fakephoton_muon=0.661914, interference=0.304687, lumi=0.903431, mu_efficiency=-0.590234, mu_trigger=-0.770984, non_prompt_stat_ele=6.73216, non_prompt_stat_muon=0.2603, others_stat_ele=0.921745, others_stat_muon=0.49275, others_xs=0.402898, param=18.7771, pdf_ele=0.709601, pdf_muon=0.100668, photon_id=1.69721, pileup=0.0080837, scale_ele=4.14267, scale_muon=-0.861194
RooProdPdf::model_s[ modelObs_s * nuisancePdf ]
     getLogVal() top-level p.d.f evaluates to zero @ !pdfs=(modelObs_s = 0/1,nuisancePdf = 1)

[#0] WARNING:Minization -- RooMinimizerFcn: Minimized function has error status.
Returning maximum FCN so far (966.434) to force MIGRAD to back out of this region. Error log follows
Parameter values: JER_ele=-2.11468, JER_muon=-1.42719, JES_ele=-4.75141, JES_muon=-0.714602, QCD_stat_ele=-4.93457, QCD_stat_muon=-2.26817, VBS_stat_ele=-4.2659, VBS_stat_muon=0.305735, ele_efficiency=-0.782683, ele_trigger=-5.22404, fakephoton_ele=3.31401, fakephoton_muon=0.10596, interference=-0.63113, lumi=-2.16163, mu_efficiency=-0.751249, mu_trigger=-1.40505, non_prompt_stat_ele=6.85034, non_prompt_stat_muon=-1.08229, others_stat_ele=-5.8586, others_stat_muon=-0.593825, others_xs=-3.38207, param=3.38867, pdf_ele=-6.61954, pdf_muon=-0.896476, photon_id=-6.1891, pileup=-0.30664, scale_ele=-3.76131, scale_muon=-3.49504
RooProdPdf::model_s[ modelObs_s * nuisancePdf ]
     getLogVal() top-level p.d.f evaluates to zero @ !pdfs=(modelObs_s = 0/1,nuisancePdf = 1)

[#0] WARNING:Minization -- RooMinimizerFcn: Minimized function has error status.
Returning maximum FCN so far (966.434) to force MIGRAD to back out of this region. Error log follows
Parameter values: JER_ele=1.84645, JER_muon=-0.898118, JES_ele=1.93132, JES_muon=0.214093, QCD_stat_ele=2.51869, QCD_stat_muon=-0.156609, VBS_stat_ele=1.96765, VBS_stat_muon=1.16451, ele_efficiency=0.619689, ele_trigger=-0.581105, fakephoton_ele=6.24, fakephoton_muon=0.578462, interference=0.620733, lumi=1.12577, mu_efficiency=-0.564599, mu_trigger=-0.692727, non_prompt_stat_ele=6.98162, non_prompt_stat_muon=0.071521, others_stat_ele=0.825856, others_stat_muon=0.333789, others_xs=0.278827, param=2.89401, pdf_ele=0.847824, pdf_muon=0.347466, photon_id=1.82358, pileup=0.0132195, scale_ele=3.96385, scale_muon=-1.18777
RooProdPdf::model_s[ modelObs_s * nuisancePdf ]
     getLogVal() top-level p.d.f evaluates to zero @ !pdfs=(modelObs_s = 0/1,nuisancePdf = 1)

[#0] WARNING:Minization -- RooMinimizerFcn: Minimized function has error status.
Returning maximum FCN so far (983.427) to force MIGRAD to back out of this region. Error log follows
Parameter values: JER_ele=-1.51592, JER_muon=-1.4181, JES_ele=-3.76931, JES_muon=-0.315805, QCD_stat_ele=-6.65933, QCD_stat_muon=-1.16853, VBS_stat_ele=-4.01948, VBS_stat_muon=-0.571898, ele_efficiency=-0.550192, ele_trigger=-4.64673, fakephoton_ele=2.77788, fakephoton_muon=0.368247, interference=-0.630443, lumi=-1.74946, mu_efficiency=-0.707028, mu_trigger=-1.21623, non_prompt_stat_ele=6.95737, non_prompt_stat_muon=-0.460855, others_stat_ele=-5.00063, others_stat_muon=-0.108262, others_xs=-2.61896, param=18.3194, pdf_ele=-6.01309, pdf_muon=-0.664279, photon_id=-5.24208, pileup=-0.250699, scale_ele=-6.29751, scale_muon=-2.39231
RooProdPdf::model_s[ modelObs_s * nuisancePdf ]
     getLogVal() top-level p.d.f evaluates to zero @ !pdfs=(modelObs_s = 0/1,nuisancePdf = 1)

[#0] WARNING:Minization -- RooMinimizerFcn: Minimized function has error status.
Returning maximum FCN so far (983.427) to force MIGRAD to back out of this region. Error log follows
Parameter values: JER_ele=2.26864, JER_muon=-1.07857, JES_ele=2.82948, JES_muon=0.305269, QCD_stat_ele=4.61372, QCD_stat_muon=0.254167, VBS_stat_ele=1.87976, VBS_stat_muon=-0.0202826, ele_efficiency=0.797229, ele_trigger=0.00852569, fakephoton_ele=6.89919, fakephoton_muon=0.683657, interference=0.442716, lumi=1.29727, mu_efficiency=-0.588266, mu_trigger=-0.748632, non_prompt_stat_ele=6.18472, non_prompt_stat_muon=0.304419, others_stat_ele=1.87188, others_stat_muon=0.527269, others_xs=0.831806, param=17.7525, pdf_ele=1.86287, pdf_muon=0.157336, photon_id=2.72512, pileup=0.0443491, scale_ele=5.99208, scale_muon=-0.78273
RooProdPdf::model_s[ modelObs_s * nuisancePdf ]
     getLogVal() top-level p.d.f evaluates to zero @ !pdfs=(modelObs_s = 0/1,nuisancePdf = 1)

[#0] WARNING:Minization -- RooMinimizerFcn: Minimized function has error status.
Returning maximum FCN so far (983.427) to force MIGRAD to back out of this region. Error log follows
Parameter values: JER_ele=6.94915, JER_muon=-2.05453, JES_ele=2.52542, JES_muon=0.579115, QCD_stat_ele=6.97262, QCD_stat_muon=-3.44579, VBS_stat_ele=-1.86365, VBS_stat_muon=-5.51863, ele_efficiency=5.49385, ele_trigger=-5.5781, fakephoton_ele=1.41533, fakephoton_muon=6.94885, interference=6.48361, lumi=2.83089, mu_efficiency=-5.5149, mu_trigger=-6.82755, non_prompt_stat_ele=6.41398, non_prompt_stat_muon=-4.54784, others_stat_ele=6.9974, others_stat_muon=6.65873, others_xs=-4.86457, param=24.7843, pdf_ele=-5.68984, pdf_muon=4.64533, photon_id=0.357393, pileup=-4.42097, scale_ele=6.63902, scale_muon=6.99663
RooProdPdf::model_s[ modelObs_s * nuisancePdf ]
     getLogVal() top-level p.d.f evaluates to zero @ !pdfs=(modelObs_s = 0/1,nuisancePdf = 1)

[#0] WARNING:Minization -- RooMinimizerFcn: Minimized function has error status.
Returning maximum FCN so far (983.427) to force MIGRAD to back out of this region. Error log follows
Parameter values: JER_ele=1.74088, JER_muon=2.31444, JES_ele=2.28503, JES_muon=5.79454, QCD_stat_ele=6.81204, QCD_stat_muon=5.60453, VBS_stat_ele=0.0385856, VBS_stat_muon=1.20171, ele_efficiency=0.54658, ele_trigger=0.414479, fakephoton_ele=-4.18582, fakephoton_muon=3.47783, interference=2.0299, lumi=2.65287, mu_efficiency=0.925345, mu_trigger=4.01271, non_prompt_stat_ele=-6.71925, non_prompt_stat_muon=6.37553, others_stat_ele=1.20831, others_stat_muon=5.83766, others_xs=3.84416, param=3.08522, pdf_ele=2.077, pdf_muon=6.29653, photon_id=6.84868, pileup=0.301896, scale_ele=5.86031, scale_muon=5.05832
RooProdPdf::model_s[ modelObs_s * nuisancePdf ]
     getLogVal() top-level p.d.f evaluates to zero @ !pdfs=(modelObs_s = 0/1,nuisancePdf = 1)

[#0] WARNING:Minization -- RooMinimizerFcn: Minimized function has error status.
Returning maximum FCN so far (983.427) to force MIGRAD to back out of this region. Error log follows
Parameter values: JER_ele=1.87531, JER_muon=6.62986, JES_ele=2.29139, JES_muon=-4.93117, QCD_stat_ele=-4.36989, QCD_stat_muon=-6.9766, VBS_stat_ele=3.90938, VBS_stat_muon=0.447139, ele_efficiency=-6.03143, ele_trigger=2.10535, fakephoton_ele=6.37628, fakephoton_muon=-3.37934, interference=1.73371, lumi=3.28735, mu_efficiency=4.28767, mu_trigger=5.92314, non_prompt_stat_ele=4.53843, non_prompt_stat_muon=2.91176, others_stat_ele=-6.9723, others_stat_muon=6.03122, others_xs=6.99386, param=3.0491, pdf_ele=-5.39727, pdf_muon=-2.34133, photon_id=3.97876, pileup=-5.43108, scale_ele=-1.30596, scale_muon=-2.28421
RooProdPdf::model_s[ modelObs_s * nuisancePdf ]
     getLogVal() top-level p.d.f evaluates to zero @ !pdfs=(modelObs_s = 0/1,nuisancePdf = 1)

[#0] WARNING:Minization -- RooMinimizerFcn: Minimized function has error status.
Returning maximum FCN so far (983.427) to force MIGRAD to back out of this region. Error log follows
Parameter values: JER_ele=3.15841, JER_muon=0.309008, JES_ele=4.68947, JES_muon=2.02572, QCD_stat_ele=6.92876, QCD_stat_muon=4.14086, VBS_stat_ele=3.99874, VBS_stat_muon=1.2996, ele_efficiency=1.16112, ele_trigger=2.34343, fakephoton_ele=5.63996, fakephoton_muon=1.54024, interference=1.47449, lumi=2.87855, mu_efficiency=-0.0653158, mu_trigger=0.871757, non_prompt_stat_ele=0.836173, non_prompt_stat_muon=2.68158, others_stat_ele=4.15181, others_stat_muon=2.59187, others_xs=2.91039, param=0.428305, pdf_ele=4.85703, pdf_muon=2.36189, photon_id=6.22464, pileup=0.22144, scale_ele=5.91415, scale_muon=4.64612
RooProdPdf::model_s[ modelObs_s * nuisancePdf ]
     getLogVal() top-level p.d.f evaluates to zero @ !pdfs=(modelObs_s = 0/1,nuisancePdf = 1)

[#0] WARNING:Minization -- RooMinimizerFcn: Minimized function has error status.
Returning maximum FCN so far (983.427) to force MIGRAD to back out of this region. Error log follows
Parameter values: JER_ele=-6.84045, JER_muon=5.80624, JES_ele=6.00193, JES_muon=6.84577, QCD_stat_ele=-4.12329, QCD_stat_muon=-5.50188, VBS_stat_ele=4.07036, VBS_stat_muon=2.98055, ele_efficiency=6.99863, ele_trigger=0.306777, fakephoton_ele=6.61936, fakephoton_muon=4.60607, interference=6.95785, lumi=-4.90461, mu_efficiency=2.85574, mu_trigger=6.89109, non_prompt_stat_ele=6.39287, non_prompt_stat_muon=6.73723, others_stat_ele=1.8464, others_stat_muon=6.94574, others_xs=-6.92167, param=0.548979, pdf_ele=-6.8993, pdf_muon=5.92944, photon_id=-5.31796, pileup=2.75522, scale_ele=6.59615, scale_muon=-6.93624
RooProdPdf::model_s[ modelObs_s * nuisancePdf ]
     getLogVal() top-level p.d.f evaluates to zero @ !pdfs=(modelObs_s = 0/1,nuisancePdf = 1)

[#0] WARNING:Minization -- RooMinimizerFcn: Minimized function has error status.
Returning maximum FCN so far (983.427) to force MIGRAD to back out of this region. Error log follows
Parameter values: JER_ele=3.48624, JER_muon=-1.46634, JES_ele=3.966, JES_muon=0.453037, QCD_stat_ele=6.26138, QCD_stat_muon=0.783862, VBS_stat_ele=3.35726, VBS_stat_muon=1.82299, ele_efficiency=1.21266, ele_trigger=-0.242557, fakephoton_ele=6.74784, fakephoton_muon=1.05954, interference=1.10534, lumi=2.18328, mu_efficiency=-0.922852, mu_trigger=-1.06789, non_prompt_stat_ele=3.99928, non_prompt_stat_muon=0.593433, others_stat_ele=2.36749, others_stat_muon=0.845108, others_xs=1.05692, param=0.588988, pdf_ele=2.71181, pdf_muon=0.669279, photon_id=4.04607, pileup=0.0631338, scale_ele=6.92778, scale_muon=-0.535364
RooProdPdf::model_s[ modelObs_s * nuisancePdf ]
     getLogVal() top-level p.d.f evaluates to zero @ !pdfs=(modelObs_s = 0/1,nuisancePdf = 1)

[#0] WARNING:Minization -- RooMinimizerFcn: Minimized function has error status.
Returning maximum FCN so far (983.427) to force MIGRAD to back out of this region. Error log follows
Parameter values: JER_ele=2.7389, JER_muon=-0.991613, JES_ele=3.50445, JES_muon=0.50357, QCD_stat_ele=5.84569, QCD_stat_muon=0.681119, VBS_stat_ele=2.68932, VBS_stat_muon=0.593058, ele_efficiency=0.963565, ele_trigger=0.41695, fakephoton_ele=6.65014, fakephoton_muon=0.806194, interference=0.730614, lumi=1.75954, mu_efficiency=-0.585974, mu_trigger=-0.629528, non_prompt_stat_ele=2.87214, non_prompt_stat_muon=0.531025, others_stat_ele=2.5367, others_stat_muon=0.707315, others_xs=1.2062, param=0.577395, pdf_ele=2.75135, pdf_muon=0.517786, photon_id=3.72706, pileup=0.079023, scale_ele=6.82089, scale_muon=-0.311045
RooProdPdf::model_s[ modelObs_s * nuisancePdf ]
     getLogVal() top-level p.d.f evaluates to zero @ !pdfs=(modelObs_s = 0/1,nuisancePdf = 1)

[#0] WARNING:Minization -- RooMinimizerFcn: Minimized function has error status.
Returning maximum FCN so far (983.427) to force MIGRAD to back out of this region. Error log follows
Parameter values: JER_ele=2.71707, JER_muon=-0.921257, JES_ele=3.56435, JES_muon=0.508998, QCD_stat_ele=6.0037, QCD_stat_muon=0.67826, VBS_stat_ele=2.73442, VBS_stat_muon=0.482705, ele_efficiency=0.960525, ele_trigger=0.614696, fakephoton_ele=6.50695, fakephoton_muon=0.777801, interference=0.712733, lumi=1.76854, mu_efficiency=-0.544598, mu_trigger=-0.57181, non_prompt_stat_ele=2.28258, non_prompt_stat_muon=0.530015, others_stat_ele=2.66967, others_stat_muon=0.700794, others_xs=1.27896, param=0.572797, pdf_ele=2.92604, pdf_muon=0.506001, photon_id=3.82579, pileup=0.086346, scale_ele=6.89048, scale_muon=-0.28418
RooProdPdf::model_s[ modelObs_s * nuisancePdf ]
     getLogVal() top-level p.d.f evaluates to zero @ !pdfs=(modelObs_s = 0/1,nuisancePdf = 1)

[#0] WARNING:Minization -- RooMinimizerFcn: Minimized function has error status.
Returning maximum FCN so far (983.427) to force MIGRAD to back out of this region. Error log follows
Parameter values: JER_ele=1.61735, JER_muon=-1.05743, JES_ele=1.64374, JES_muon=0.240535, QCD_stat_ele=1.7321, QCD_stat_muon=0.0579716, VBS_stat_ele=0.988004, VBS_stat_muon=0.243433, ele_efficiency=0.554876, ele_trigger=-0.888492, fakephoton_ele=3.98193, fakephoton_muon=0.636323, interference=0.352555, lumi=0.826149, mu_efficiency=-0.590794, mu_trigger=-0.767078, non_prompt_stat_ele=5.69172, non_prompt_stat_muon=0.194424, others_stat_ele=0.51439, others_stat_muon=0.431436, others_xs=0.195329, param=3.45486, pdf_ele=0.286322, pdf_muon=0.150714, photon_id=1.32451, pileup=-0.00505609, scale_ele=3.19353, scale_muon=-0.995988
RooProdPdf::model_s[ modelObs_s * nuisancePdf ]
     getLogVal() top-level p.d.f evaluates to zero @ !pdfs=(modelObs_s = 0/1,nuisancePdf = 1)

[#0] WARNING:Minization -- RooMinimizerFcn: Minimized function has error status.
Returning maximum FCN so far (983.427) to force MIGRAD to back out of this region. Error log follows
Parameter values: JER_ele=1.78302, JER_muon=-1.01591, JES_ele=1.93523, JES_muon=0.295715, QCD_stat_ele=2.51253, QCD_stat_muon=0.172593, VBS_stat_ele=1.28768, VBS_stat_muon=0.323013, ele_efficiency=0.61264, ele_trigger=-0.664541, fakephoton_ele=4.25535, fakephoton_muon=0.657549, interference=0.420059, lumi=0.977095, mu_efficiency=-0.576169, mu_trigger=-0.717926, non_prompt_stat_ele=5.9171, non_prompt_stat_muon=0.251155, others_stat_ele=0.835034, others_stat_muon=0.483727, others_xs=0.362418, param=0.509701, pdf_ele=0.690662, pdf_muon=0.231744, photon_id=1.73734, pileup=0.00954448, scale_ele=3.99455, scale_muon=-0.855176
RooProdPdf::model_s[ modelObs_s * nuisancePdf ]
     getLogVal() top-level p.d.f evaluates to zero @ !pdfs=(modelObs_s = 0/1,nuisancePdf = 1)

[#0] WARNING:Minization -- RooMinimizerFcn: Minimized function has error status.
Returning maximum FCN so far (983.427) to force MIGRAD to back out of this region. Error log follows
Parameter values: JER_ele=1.32864, JER_muon=-1.11777, JES_ele=1.12179, JES_muon=0.133469, QCD_stat_ele=0.254367, QCD_stat_muon=-0.177979, VBS_stat_ele=0.542718, VBS_stat_muon=0.206019, ele_efficiency=0.453956, ele_trigger=-1.27154, fakephoton_ele=3.74532, fakephoton_muon=0.593728, interference=0.258703, lumi=0.580162, mu_efficiency=-0.616159, mu_trigger=-0.851859, non_prompt_stat_ele=5.56856, non_prompt_stat_muon=0.0814299, others_stat_ele=-0.0484699, others_stat_muon=0.320091, others_xs=-0.10775, param=0.500179, pdf_ele=-0.413472, pdf_muon=0.0221858, photon_id=0.59373, pileup=-0.0305333, scale_ele=1.64114, scale_muon=-1.28297
RooProdPdf::model_s[ modelObs_s * nuisancePdf ]
     getLogVal() top-level p.d.f evaluates to zero @ !pdfs=(modelObs_s = 0/1,nuisancePdf = 1)

[#0] WARNING:Minization -- RooMinimizerFcn: Minimized function has error status.
Returning maximum FCN so far (983.427) to force MIGRAD to back out of this region. Error log follows
Parameter values: JER_ele=1.16537, JER_muon=-1.09345, JES_ele=0.858908, JES_muon=0.187306, QCD_stat_ele=-0.65532, QCD_stat_muon=-0.0105063, VBS_stat_ele=0.305018, VBS_stat_muon=0.236907, ele_efficiency=0.402242, ele_trigger=-1.44488, fakephoton_ele=4.24969, fakephoton_muon=0.641389, interference=0.248794, lumi=0.500956, mu_efficiency=-0.607621, mu_trigger=-0.815077, non_prompt_stat_ele=6.20856, non_prompt_stat_muon=0.195826, others_stat_ele=-0.284335, others_stat_muon=0.358668, others_xs=-0.187371, param=0.484661, pdf_ele=-0.763952, pdf_muon=0.0934678, photon_id=0.340455, pileup=-0.0392551, scale_ele=0.830837, scale_muon=-1.14139
RooProdPdf::model_s[ modelObs_s * nuisancePdf ]
     getLogVal() top-level p.d.f evaluates to zero @ !pdfs=(modelObs_s = 0/1,nuisancePdf = 1)

[#0] WARNING:Minization -- RooMinimizerFcn: Minimized function has error status.
Returning maximum FCN so far (983.427) to force MIGRAD to back out of this region. Error log follows
Parameter values: JER_ele=0.824939, JER_muon=-1.05522, JES_ele=0.317246, JES_muon=0.270399, QCD_stat_ele=-2.51713, QCD_stat_muon=0.266019, VBS_stat_ele=-0.172697, VBS_stat_muon=0.281982, ele_efficiency=0.295572, ele_trigger=-1.79696, fakephoton_ele=5.08682, fakephoton_muon=0.723908, interference=0.218682, lumi=0.331787, mu_efficiency=-0.593936, mu_trigger=-0.757793, non_prompt_stat_ele=6.91822, non_prompt_stat_muon=0.395287, others_stat_ele=-0.748266, others_stat_muon=0.410853, others_xs=-0.35741, param=0.461225, pdf_ele=-1.47707, pdf_muon=0.20481, photon_id=-0.209565, pileup=-0.0580252, scale_ele=-0.850609, scale_muon=-0.921736
RooProdPdf::model_s[ modelObs_s * nuisancePdf ]
     getLogVal() top-level p.d.f evaluates to zero @ !pdfs=(modelObs_s = 0/1,nuisancePdf = 1)

[#0] WARNING:Minization -- RooMinimizerFcn: Minimized function has error status.
Returning maximum FCN so far (983.427) to force MIGRAD to back out of this region. Error log follows
Parameter values: JER_ele=1.74671, JER_muon=-1.00503, JES_ele=1.91445, JES_muon=0.334403, QCD_stat_ele=2.16634, QCD_stat_muon=0.312791, VBS_stat_ele=1.2541, VBS_stat_muon=0.343161, ele_efficiency=0.609277, ele_trigger=-0.664521, fakephoton_ele=6.1407, fakephoton_muon=0.704725, interference=0.433321, lumi=0.995225, mu_efficiency=-0.573509, mu_trigger=-0.696617, non_prompt_stat_ele=6.97797, non_prompt_stat_muon=0.359706, others_stat_ele=0.880769, others_stat_muon=0.508091, others_xs=0.392637, param=0.488544, pdf_ele=0.653761, pdf_muon=0.283032, photon_id=1.7433, pileup=0.00936109, scale_ele=3.93818, scale_muon=-0.751186
RooProdPdf::model_s[ modelObs_s * nuisancePdf ]
     getLogVal() top-level p.d.f evaluates to zero @ !pdfs=(modelObs_s = 0/1,nuisancePdf = 1)

[#0] WARNING:Minization -- RooMinimizerFcn: Minimized function has error status.
Returning maximum FCN so far (983.427) to force MIGRAD to back out of this region. Error log follows
Parameter values: JER_ele=1.9785, JER_muon=-1.01818, JES_ele=2.28194, JES_muon=0.305626, QCD_stat_ele=3.38786, QCD_stat_muon=0.199149, VBS_stat_ele=1.5783, VBS_stat_muon=0.330578, ele_efficiency=0.684931, ele_trigger=-0.403371, fakephoton_ele=5.99646, fakephoton_muon=0.667283, interference=0.46607, lumi=1.12562, mu_efficiency=-0.578403, mu_trigger=-0.716371, non_prompt_stat_ele=6.9944, non_prompt_stat_muon=0.268551, others_stat_ele=1.21066, others_stat_muon=0.49724, others_xs=0.528958, param=0.497754, pdf_ele=1.16321, pdf_muon=0.243309, photon_id=2.14883, pileup=0.0236804, scale_ele=4.86408, scale_muon=-0.827362
RooProdPdf::model_s[ modelObs_s * nuisancePdf ]
     getLogVal() top-level p.d.f evaluates to zero @ !pdfs=(modelObs_s = 0/1,nuisancePdf = 1)

[#0] WARNING:Minization -- RooMinimizerFcn: Minimized function has error status.
Returning maximum FCN so far (983.427) to force MIGRAD to back out of this region. Error log follows
Parameter values: JER_ele=1.97228, JER_muon=-1.01427, JES_ele=2.27711, JES_muon=0.313338, QCD_stat_ele=3.3381, QCD_stat_muon=0.222313, VBS_stat_ele=1.57496, VBS_stat_muon=0.335187, ele_efficiency=0.683783, ele_trigger=-0.404914, fakephoton_ele=6.09976, fakephoton_muon=0.673911, interference=0.468691, lumi=1.12845, mu_efficiency=-0.576946, mu_trigger=-0.710735, non_prompt_stat_ele=6.99978, non_prompt_stat_muon=0.284791, others_stat_ele=1.21615, others_stat_muon=0.502988, others_xs=0.53429, param=0.495842, pdf_ele=1.15533, pdf_muon=0.253526, photon_id=2.15044, pileup=0.023739, scale_ele=4.85272, scale_muon=-0.80683
RooProdPdf::model_s[ modelObs_s * nuisancePdf ]
     getLogVal() top-level p.d.f evaluates to zero @ !pdfs=(modelObs_s = 0/1,nuisancePdf = 1)

[#0] WARNING:Minization -- RooMinimizerFcn: Minimized function has error status.
Returning maximum FCN so far (983.427) to force MIGRAD to back out of this region. Error log follows
Parameter values: JER_ele=1.9926, JER_muon=-1.01205, JES_ele=2.31279, JES_muon=0.317556, QCD_stat_ele=3.42912, QCD_stat_muon=0.231645, VBS_stat_ele=1.60644, VBS_stat_muon=0.338239, ele_efficiency=0.691123, ele_trigger=-0.377464, fakephoton_ele=6.16932, fakephoton_muon=0.675818, interference=0.474723, lumi=1.145, mu_efficiency=-0.576145, mu_trigger=-0.707587, non_prompt_stat_ele=6.99552, non_prompt_stat_muon=0.289431, others_stat_ele=1.25494, others_stat_muon=0.507426, others_xs=0.553435, param=0.495363, pdf_ele=1.20448, pdf_muon=0.258907, photon_id=2.19664, pileup=0.0253831, scale_ele=4.9365, scale_muon=-0.795575
RooProdPdf::model_s[ modelObs_s * nuisancePdf ]
     getLogVal() top-level p.d.f evaluates to zero @ !pdfs=(modelObs_s = 0/1,nuisancePdf = 1)

[#0] WARNING:Minization -- RooMinimizerFcn: Minimized function has error status.
Returning maximum FCN so far (983.427) to force MIGRAD to back out of this region. Error log follows
Parameter values: JER_ele=2.01033, JER_muon=-1.00961, JES_ele=2.34451, JES_muon=0.322213, QCD_stat_ele=3.50581, QCD_stat_muon=0.242533, VBS_stat_ele=1.63456, VBS_stat_muon=0.341513, ele_efficiency=0.697645, ele_trigger=-0.352803, fakephoton_ele=6.23897, fakephoton_muon=0.678243, interference=0.480471, lumi=1.16029, mu_efficiency=-0.575262, mu_trigger=-0.704125, non_prompt_stat_ele=6.98495, non_prompt_stat_muon=0.295339, others_stat_ele=1.29054, others_stat_muon=0.512099, others_xs=0.571323, param=0.494775, pdf_ele=1.24808, pdf_muon=0.264884, photon_id=2.23856, pileup=0.0268781, scale_ele=5.00999, scale_muon=-0.783151
RooProdPdf::model_s[ modelObs_s * nuisancePdf ]
     getLogVal() top-level p.d.f evaluates to zero @ !pdfs=(modelObs_s = 0/1,nuisancePdf = 1)

[#0] WARNING:Minization -- RooMinimizerFcn: Minimized function has error status.
Returning maximum FCN so far (983.427) to force MIGRAD to back out of this region. Error log follows
Parameter values: JER_ele=2.02835, JER_muon=-1.00718, JES_ele=2.37664, JES_muon=0.326869, QCD_stat_ele=3.58342, QCD_stat_muon=0.253379, VBS_stat_ele=1.66306, VBS_stat_muon=0.344793, ele_efficiency=0.704265, ele_trigger=-0.327791, fakephoton_ele=6.30581, fakephoton_muon=0.680643, interference=0.486274, lumi=1.17574, mu_efficiency=-0.57438, mu_trigger=-0.700662, non_prompt_stat_ele=6.96819, non_prompt_stat_muon=0.301188, others_stat_ele=1.32653, others_stat_muon=0.516788, others_xs=0.589401, param=0.494219, pdf_ele=1.29228, pdf_muon=0.270857, photon_id=2.28095, pileup=0.0283932, scale_ele=5.08342, scale_muon=-0.770725
RooProdPdf::model_s[ modelObs_s * nuisancePdf ]
     getLogVal() top-level p.d.f evaluates to zero @ !pdfs=(modelObs_s = 0/1,nuisancePdf = 1)

[#0] WARNING:Minization -- RooMinimizerFcn: Minimized function has error status.
Returning maximum FCN so far (983.427) to force MIGRAD to back out of this region. Error log follows
Parameter values: JER_ele=1.96942, JER_muon=-1.01555, JES_ele=2.27038, JES_muon=0.311186, QCD_stat_ele=3.32371, QCD_stat_muon=0.216773, VBS_stat_ele=1.57047, VBS_stat_muon=0.336585, ele_efficiency=0.682573, ele_trigger=-0.411227, fakephoton_ele=6.07067, fakephoton_muon=0.672959, interference=0.467762, lumi=1.12521, mu_efficiency=-0.577637, mu_trigger=-0.712582, non_prompt_stat_ele=6.99993, non_prompt_stat_muon=0.281932, others_stat_ele=1.20698, others_stat_muon=0.501091, others_xs=0.529188, param=0.581484, pdf_ele=1.14562, pdf_muon=0.251314, photon_id=2.14046, pileup=0.023356, scale_ele=4.83585, scale_muon=-0.812821
RooProdPdf::model_s[ modelObs_s * nuisancePdf ]
     getLogVal() top-level p.d.f evaluates to zero @ !pdfs=(modelObs_s = 0/1,nuisancePdf = 1)

[#0] WARNING:Minization -- RooMinimizerFcn: Minimized function has error status.
Returning maximum FCN so far (983.427) to force MIGRAD to back out of this region. Error log follows
Parameter values: JER_ele=2.02106, JER_muon=-1.01996, JES_ele=2.35309, JES_muon=0.315109, QCD_stat_ele=3.50807, QCD_stat_muon=0.228289, VBS_stat_ele=1.6446, VBS_stat_muon=0.351865, ele_efficiency=0.701375, ele_trigger=-0.360265, fakephoton_ele=6.23945, fakephoton_muon=0.680968, interference=0.483002, lumi=1.1648, mu_efficiency=-0.581267, mu_trigger=-0.715227, non_prompt_stat_ele=6.98479, non_prompt_stat_muon=0.29428, others_stat_ele=1.29181, others_stat_muon=0.508213, others_xs=0.567718, param=0.578165, pdf_ele=1.24826, pdf_muon=0.257877, photon_id=2.23741, pileup=0.0264291, scale_ele=5.01864, scale_muon=-0.802499
RooProdPdf::model_s[ modelObs_s * nuisancePdf ]
     getLogVal() top-level p.d.f evaluates to zero @ !pdfs=(modelObs_s = 0/1,nuisancePdf = 1)

[#0] WARNING:Minization -- RooMinimizerFcn: Minimized function has error status.
Returning maximum FCN so far (983.427) to force MIGRAD to back out of this region. Error log follows
Parameter values: JER_ele=2.06966, JER_muon=-1.02218, JES_ele=2.43414, JES_muon=0.317789, QCD_stat_ele=3.69325, QCD_stat_muon=0.235114, VBS_stat_ele=1.71752, VBS_stat_muon=0.361681, ele_efficiency=0.719152, ele_trigger=-0.304696, fakephoton_ele=6.39456, fakephoton_muon=0.685674, interference=0.496297, lumi=1.20226, mu_efficiency=-0.583272, mu_trigger=-0.716381, non_prompt_stat_ele=6.93412, non_prompt_stat_muon=0.301607, others_stat_ele=1.37817, others_stat_muon=0.512981, others_xs=0.606522, param=0.597442, pdf_ele=1.35357, pdf_muon=0.262281, photon_id=2.3327, pileup=0.0296192, scale_ele=5.19591, scale_muon=-0.795451
RooProdPdf::model_s[ modelObs_s * nuisancePdf ]
     getLogVal() top-level p.d.f evaluates to zero @ !pdfs=(modelObs_s = 0/1,nuisancePdf = 1)

[#0] WARNING:Minization -- RooMinimizerFcn: Minimized function has error status.
Returning maximum FCN so far (983.427) to force MIGRAD to back out of this region. Error log follows
Parameter values: JER_ele=2.13267, JER_muon=-1.02317, JES_ele=2.54037, JES_muon=0.322893, QCD_stat_ele=3.93426, QCD_stat_muon=0.247468, VBS_stat_ele=1.81336, VBS_stat_muon=0.374005, ele_efficiency=0.742283, ele_trigger=-0.229217, fakephoton_ele=6.57472, fakephoton_muon=0.691904, interference=0.513952, lumi=1.25174, mu_efficiency=-0.584912, mu_trigger=-0.715808, non_prompt_stat_ele=6.81196, non_prompt_stat_muon=0.312476, others_stat_ele=1.49278, others_stat_muon=0.520352, others_xs=0.659013, param=0.617926, pdf_ele=1.4936, pdf_muon=0.269919, photon_id=2.45976, pileup=0.033964, scale_ele=5.42001, scale_muon=-0.781962
RooProdPdf::model_s[ modelObs_s * nuisancePdf ]
     getLogVal() top-level p.d.f evaluates to zero @ !pdfs=(modelObs_s = 0/1,nuisancePdf = 1)

[#0] WARNING:Minization -- RooMinimizerFcn: Minimized function has error status.
Returning maximum FCN so far (983.427) to force MIGRAD to back out of this region. Error log follows
Parameter values: JER_ele=2.20485, JER_muon=-1.02412, JES_ele=2.66175, JES_muon=0.328904, QCD_stat_ele=4.20349, QCD_stat_muon=0.26198, VBS_stat_ele=1.92321, VBS_stat_muon=0.388193, ele_efficiency=0.768862, ele_trigger=-0.142154, fakephoton_ele=6.74372, fakephoton_muon=0.699076, interference=0.534288, lumi=1.30863, mu_efficiency=-0.586715, mu_trigger=-0.714966, non_prompt_stat_ele=6.59544, non_prompt_stat_muon=0.325084, others_stat_ele=1.62422, others_stat_muon=0.52893, others_xs=0.719471, param=0.639219, pdf_ele=1.65407, pdf_muon=0.27888, photon_id=2.60501, pileup=0.0389747, scale_ele=5.66172, scale_muon=-0.766079
RooProdPdf::model_s[ modelObs_s * nuisancePdf ]
     getLogVal() top-level p.d.f evaluates to zero @ !pdfs=(modelObs_s = 0/1,nuisancePdf = 1)

[#0] WARNING:Minization -- RooMinimizerFcn: Minimized function has error status.
Returning maximum FCN so far (983.427) to force MIGRAD to back out of this region. Error log follows
Parameter values: JER_ele=2.2372, JER_muon=-0.996842, JES_ele=2.73884, JES_muon=0.356565, QCD_stat_ele=4.41002, QCD_stat_muon=0.321909, VBS_stat_ele=1.98739, VBS_stat_muon=0.377712, ele_efficiency=0.781229, ele_trigger=-0.0535758, fakephoton_ele=6.84844, fakephoton_muon=0.700524, interference=0.546544, lumi=1.34553, mu_efficiency=-0.572416, mu_trigger=-0.683106, non_prompt_stat_ele=6.36696, non_prompt_stat_muon=0.343573, others_stat_ele=1.72742, others_stat_muon=0.550357, others_xs=0.780016, param=0.622685, pdf_ele=1.78293, pdf_muon=0.310278, photon_id=2.73005, pileup=0.0443452, scale_ele=5.82745, scale_muon=-0.691462
RooProdPdf::model_s[ modelObs_s * nuisancePdf ]
     getLogVal() top-level p.d.f evaluates to zero @ !pdfs=(modelObs_s = 0/1,nuisancePdf = 1)

[#0] WARNING:Minization -- RooMinimizerFcn: Minimized function has error status.
Returning maximum FCN so far (983.427) to force MIGRAD to back out of this region. Error log follows
Parameter values: JER_ele=2.10661, JER_muon=-1.00846, JES_ele=2.50111, JES_muon=0.343907, QCD_stat_ele=3.85525, QCD_stat_muon=0.298348, VBS_stat_ele=1.7748, VBS_stat_muon=0.374932, ele_efficiency=0.73272, ele_trigger=-0.251294, fakephoton_ele=6.518, fakephoton_muon=0.697385, interference=0.513425, lumi=1.23958, mu_efficiency=-0.577776, mu_trigger=-0.696577, non_prompt_stat_ele=6.85945, non_prompt_stat_muon=0.331139, others_stat_ele=1.45518, others_stat_muon=0.537687, others_xs=0.653511, param=0.83435, pdf_ele=1.44709, pdf_muon=0.295196, photon_id=2.43843, pileup=0.0334841, scale_ele=5.34345, scale_muon=-0.725776
RooProdPdf::model_s[ modelObs_s * nuisancePdf ]
     getLogVal() top-level p.d.f evaluates to zero @ !pdfs=(modelObs_s = 0/1,nuisancePdf = 1)

[#0] WARNING:Minization -- RooMinimizerFcn: Minimized function has error status.
Returning maximum FCN so far (983.427) to force MIGRAD to back out of this region. Error log follows
Parameter values: JER_ele=2.01601, JER_muon=-0.972285, JES_ele=2.37685, JES_muon=0.370996, QCD_stat_ele=3.6241, QCD_stat_muon=0.356087, VBS_stat_ele=1.65203, VBS_stat_muon=0.334882, ele_efficiency=0.70008, ele_trigger=-0.30012, fakephoton_ele=6.33884, fakephoton_muon=0.688431, interference=0.492273, lumi=1.18308, mu_efficiency=-0.556471, mu_trigger=-0.656658, non_prompt_stat_ele=6.95726, non_prompt_stat_muon=0.336219, others_stat_ele=1.34546, others_stat_muon=0.55258, others_xs=0.621269, param=0.825709, pdf_ele=1.31571, pdf_muon=0.321665, photon_id=2.33435, pileup=0.0311723, scale_ele=5.10675, scale_muon=-0.651696
RooProdPdf::model_s[ modelObs_s * nuisancePdf ]
     getLogVal() top-level p.d.f evaluates to zero @ !pdfs=(modelObs_s = 0/1,nuisancePdf = 1)

[#0] WARNING:Minization -- RooMinimizerFcn: Minimized function has error status.
Returning maximum FCN so far (983.427) to force MIGRAD to back out of this region. Error log follows
Parameter values: JER_ele=1.97548, JER_muon=-0.979176, JES_ele=2.30277, JES_muon=0.359664, QCD_stat_ele=3.44051, QCD_stat_muon=0.330198, VBS_stat_ele=1.5875, VBS_stat_muon=0.33084, ele_efficiency=0.685256, ele_trigger=-0.359813, fakephoton_ele=6.17733, fakephoton_muon=0.6854, interference=0.479872, lumi=1.14826, mu_efficiency=-0.559558, mu_trigger=-0.666135, non_prompt_stat_ele=6.99467, non_prompt_stat_muon=0.327277, others_stat_ele=1.26045, others_stat_muon=0.542145, others_xs=0.57844, param=0.82984, pdf_ele=1.21158, pdf_muon=0.307597, photon_id=2.23552, pileup=0.0275467, scale_ele=4.93455, scale_muon=-0.681919
RooProdPdf::model_s[ modelObs_s * nuisancePdf ]
     getLogVal() top-level p.d.f evaluates to zero @ !pdfs=(modelObs_s = 0/1,nuisancePdf = 1)

[#0] WARNING:Minization -- RooMinimizerFcn: Minimized function has error status.
Returning maximum FCN so far (983.427) to force MIGRAD to back out of this region. Error log follows
Parameter values: JER_ele=1.95216, JER_muon=-0.990139, JES_ele=2.25586, JES_muon=0.344876, QCD_stat_ele=3.31619, QCD_stat_muon=0.296457, VBS_stat_ele=1.54727, VBS_stat_muon=0.328469, ele_efficiency=0.676638, ele_trigger=-0.403045, fakephoton_ele=6.06128, fakephoton_muon=0.681252, interference=0.470538, lumi=1.12463, mu_efficiency=-0.564723, mu_trigger=-0.680036, non_prompt_stat_ele=6.99976, non_prompt_stat_muon=0.313263, others_stat_ele=1.20363, others_stat_muon=0.529266, others_xs=0.545926, param=0.838087, pdf_ele=1.14128, pdf_muon=0.289646, photon_id=2.16332, pileup=0.0247644, scale_ele=4.81831, scale_muon=-0.721547
RooProdPdf::model_s[ modelObs_s * nuisancePdf ]
     getLogVal() top-level p.d.f evaluates to zero @ !pdfs=(modelObs_s = 0/1,nuisancePdf = 1)

[#0] WARNING:Minization -- RooMinimizerFcn: Minimized function has error status.
Returning maximum FCN so far (983.427) to force MIGRAD to back out of this region. Error log follows
Parameter values: JER_ele=1.94152, JER_muon=-0.9997, JES_ele=2.23168, JES_muon=0.332724, QCD_stat_ele=3.24744, QCD_stat_muon=0.26865, VBS_stat_ele=1.527, VBS_stat_muon=0.327491, ele_efficiency=0.672654, ele_trigger=-0.428564, fakephoton_ele=5.99449, fakephoton_muon=0.678133, interference=0.464897, lumi=1.11154, mu_efficiency=-0.569313, mu_trigger=-0.691907, non_prompt_stat_ele=6.99591, non_prompt_stat_muon=0.301884, others_stat_ele=1.17243, others_stat_muon=0.518963, others_xs=0.525911, param=0.849597, pdf_ele=1.10238, pdf_muon=0.275004, photon_id=2.12035, pileup=0.0230359, scale_ele=4.75485, scale_muon=-0.754115
RooProdPdf::model_s[ modelObs_s * nuisancePdf ]
     getLogVal() top-level p.d.f evaluates to zero @ !pdfs=(modelObs_s = 0/1,nuisancePdf = 1)

[#0] WARNING:Minization -- RooMinimizerFcn: Minimized function has error status.
Returning maximum FCN so far (983.427) to force MIGRAD to back out of this region. Error log follows
Parameter values: JER_ele=1.9423, JER_muon=-1.00723, JES_ele=2.22835, JES_muon=0.323986, QCD_stat_ele=3.23061, QCD_stat_muon=0.248703, VBS_stat_ele=1.52506, VBS_stat_muon=0.328293, ele_efficiency=0.672862, ele_trigger=-0.437452, fakephoton_ele=5.97753, fakephoton_muon=0.676499, interference=0.462983, lumi=1.10844, mu_efficiency=-0.573073, mu_trigger=-0.701014, non_prompt_stat_ele=6.99423, non_prompt_stat_muon=0.294425, others_stat_ele=1.16484, others_stat_muon=0.511954, others_xs=0.51793, param=0.864029, pdf_ele=1.09253, pdf_muon=0.264658, photon_id=2.10543, pileup=0.0223209, scale_ele=4.74159, scale_muon=-0.777542
RooProdPdf::model_s[ modelObs_s * nuisancePdf ]
     getLogVal() top-level p.d.f evaluates to zero @ !pdfs=(modelObs_s = 0/1,nuisancePdf = 1)

[#0] WARNING:Minization -- RooMinimizerFcn: Minimized function has error status.
Returning maximum FCN so far (983.427) to force MIGRAD to back out of this region. Error log follows
Parameter values: JER_ele=1.95411, JER_muon=-1.01291, JES_ele=2.24502, JES_muon=0.318474, QCD_stat_ele=3.26353, QCD_stat_muon=0.236236, VBS_stat_ele=1.54078, VBS_stat_muon=0.331013, ele_efficiency=0.677116, ele_trigger=-0.430549, fakephoton_ele=6.00922, fakephoton_muon=0.676379, interference=0.464696, lumi=1.11495, mu_efficiency=-0.576109, mu_trigger=-0.707579, non_prompt_stat_ele=6.99717, non_prompt_stat_muon=0.290841, others_stat_ele=1.17979, others_stat_muon=0.508105, others_xs=0.521413, param=0.88124, pdf_ele=1.1104, pdf_muon=0.258408, photon_id=2.11736, pileup=0.0225689, scale_ele=4.77668, scale_muon=-0.792346
RooProdPdf::model_s[ modelObs_s * nuisancePdf ]
     getLogVal() top-level p.d.f evaluates to zero @ !pdfs=(modelObs_s = 0/1,nuisancePdf = 1)

[#0] WARNING:Minization -- RooMinimizerFcn: Minimized function has error status.
Returning maximum FCN so far (983.427) to force MIGRAD to back out of this region. Error log follows
Parameter values: JER_ele=1.97014, JER_muon=-1.01088, JES_ele=2.27548, JES_muon=0.320108, QCD_stat_ele=3.3414, QCD_stat_muon=0.23903, VBS_stat_ele=1.56743, VBS_stat_muon=0.329842, ele_efficiency=0.683036, ele_trigger=-0.404565, fakephoton_ele=6.0836, fakephoton_muon=0.676134, interference=0.46844, lumi=1.12797, mu_efficiency=-0.575019, mu_trigger=-0.705357, non_prompt_stat_ele=7, non_prompt_stat_muon=0.291525, others_stat_ele=1.21513, others_stat_muon=0.509488, others_xs=0.537735, param=0.888002, pdf_ele=1.15416, pdf_muon=0.260123, photon_id=2.15521, pileup=0.0239805, scale_ele=4.85114, scale_muon=-0.787874
RooProdPdf::model_s[ modelObs_s * nuisancePdf ]
     getLogVal() top-level p.d.f evaluates to zero @ !pdfs=(modelObs_s = 0/1,nuisancePdf = 1)

[#0] WARNING:Minization -- RooMinimizerFcn: Minimized function has error status.
Returning maximum FCN so far (983.427) to force MIGRAD to back out of this region. Error log follows
Parameter values: JER_ele=1.9889, JER_muon=-1.00781, JES_ele=2.31013, JES_muon=0.324547, QCD_stat_ele=3.42786, QCD_stat_muon=0.248924, VBS_stat_ele=1.59801, VBS_stat_muon=0.331589, ele_efficiency=0.689948, ele_trigger=-0.376155, fakephoton_ele=6.16367, fakephoton_muon=0.677811, interference=0.474075, lumi=1.14406, mu_efficiency=-0.573689, mu_trigger=-0.70142, non_prompt_stat_ele=6.99609, non_prompt_stat_muon=0.296411, others_stat_ele=1.2547, others_stat_muon=0.513735, others_xs=0.557301, param=0.891589, pdf_ele=1.20299, pdf_muon=0.265613, photon_id=2.20072, pileup=0.0256422, scale_ele=4.93373, scale_muon=-0.775974
RooProdPdf::model_s[ modelObs_s * nuisancePdf ]
     getLogVal() top-level p.d.f evaluates to zero @ !pdfs=(modelObs_s = 0/1,nuisancePdf = 1)

[#0] WARNING:Minization -- RooMinimizerFcn: Minimized function has error status.
Returning maximum FCN so far (983.427) to force MIGRAD to back out of this region. Error log follows
Parameter values: JER_ele=2.00842, JER_muon=-1.00505, JES_ele=2.34517, JES_muon=0.329564, QCD_stat_ele=3.51318, QCD_stat_muon=0.260549, VBS_stat_ele=1.6291, VBS_stat_muon=0.334955, ele_efficiency=0.697123, ele_trigger=-0.348661, fakephoton_ele=6.23996, fakephoton_muon=0.680312, interference=0.480327, lumi=1.16084, mu_efficiency=-0.572658, mu_trigger=-0.69758, non_prompt_stat_ele=6.98479, non_prompt_stat_muon=0.302633, others_stat_ele=1.29404, others_stat_muon=0.518751, others_xs=0.577025, param=0.895175, pdf_ele=1.25136, pdf_muon=0.272028, photon_id=2.24695, pileup=0.0272985, scale_ele=5.01507, scale_muon=-0.76258
RooProdPdf::model_s[ modelObs_s * nuisancePdf ]
     getLogVal() top-level p.d.f evaluates to zero @ !pdfs=(modelObs_s = 0/1,nuisancePdf = 1)

[#0] WARNING:Minization -- RooMinimizerFcn: Minimized function has error status.
Returning maximum FCN so far (983.427) to force MIGRAD to back out of this region. Error log follows
Parameter values: JER_ele=2.02802, JER_muon=-1.00229, JES_ele=2.3802, JES_muon=0.334732, QCD_stat_ele=3.59781, QCD_stat_muon=0.272573, VBS_stat_ele=1.66019, VBS_stat_muon=0.338525, ele_efficiency=0.704325, ele_trigger=-0.321279, fakephoton_ele=6.31279, fakephoton_muon=0.682932, interference=0.486671, lumi=1.17771, mu_efficiency=-0.571643, mu_trigger=-0.693689, non_prompt_stat_ele=6.96609, non_prompt_stat_muon=0.309073, others_stat_ele=1.33334, others_stat_muon=0.523928, others_xs=0.59681, param=0.898772, pdf_ele=1.29964, pdf_muon=0.278652, photon_id=2.29327, pileup=0.0289578, scale_ele=5.09506, scale_muon=-0.748785
RooProdPdf::model_s[ modelObs_s * nuisancePdf ]
     getLogVal() top-level p.d.f evaluates to zero @ !pdfs=(modelObs_s = 0/1,nuisancePdf = 1)

[#0] WARNING:Minization -- RooMinimizerFcn: Minimized function has error status.
Returning maximum FCN so far (983.427) to force MIGRAD to back out of this region. Error log follows
Parameter values: JER_ele=2.04766, JER_muon=-0.999511, JES_ele=2.41527, JES_muon=0.339949, QCD_stat_ele=3.68194, QCD_stat_muon=0.284717, VBS_stat_ele=1.69134, VBS_stat_muon=0.342137, ele_efficiency=0.71155, ele_trigger=-0.293835, fakephoton_ele=6.3823, fakephoton_muon=0.685582, interference=0.493047, lumi=1.19464, mu_efficiency=-0.570625, mu_trigger=-0.689769, non_prompt_stat_ele=6.93994, non_prompt_stat_muon=0.315579, others_stat_ele=1.3727, others_stat_muon=0.529153, others_xs=0.616661, param=0.902394, pdf_ele=1.34797, pdf_muon=0.285341, photon_id=2.33964, pileup=0.0306226, scale_ele=5.17386, scale_muon=-0.734857
RooProdPdf::model_s[ modelObs_s * nuisancePdf ]
     getLogVal() top-level p.d.f evaluates to zero @ !pdfs=(modelObs_s = 0/1,nuisancePdf = 1)

[#0] WARNING:Minization -- RooMinimizerFcn: Minimized function has error status.
Returning maximum FCN so far (983.427) to force MIGRAD to back out of this region. Error log follows
Parameter values: JER_ele=2.06739, JER_muon=-0.996718, JES_ele=2.45044, JES_muon=0.345202, QCD_stat_ele=3.76577, QCD_stat_muon=0.296944, VBS_stat_ele=1.72261, VBS_stat_muon=0.345773, ele_efficiency=0.71881, ele_trigger=-0.266251, fakephoton_ele=6.44859, fakephoton_muon=0.688251, interference=0.499459, lumi=1.21165, mu_efficiency=-0.569599, mu_trigger=-0.685823, non_prompt_stat_ele=6.90623, non_prompt_stat_muon=0.32213, others_stat_ele=1.41221, others_stat_muon=0.534413, others_xs=0.63661, param=0.906055, pdf_ele=1.39648, pdf_muon=0.292075, photon_id=2.38613, pileup=0.032296, scale_ele=5.25164, scale_muon=-0.720832
RooProdPdf::model_s[ modelObs_s * nuisancePdf ]
     getLogVal() top-level p.d.f evaluates to zero @ !pdfs=(modelObs_s = 0/1,nuisancePdf = 1)

[#0] WARNING:Minization -- RooMinimizerFcn: Minimized function has error status.
Returning maximum FCN so far (983.427) to force MIGRAD to back out of this region. Error log follows
Parameter values: JER_ele=2.08724, JER_muon=-0.993904, JES_ele=2.4858, JES_muon=0.350495, QCD_stat_ele=3.84945, QCD_stat_muon=0.309266, VBS_stat_ele=1.75407, VBS_stat_muon=0.349439, ele_efficiency=0.726123, ele_trigger=-0.23846, fakephoton_ele=6.5117, fakephoton_muon=0.690942, interference=0.505919, lumi=1.22877, mu_efficiency=-0.568566, mu_trigger=-0.681846, non_prompt_stat_ele=6.86477, non_prompt_stat_muon=0.328732, others_stat_ele=1.45197, others_stat_muon=0.539714, others_xs=0.656703, param=0.909764, pdf_ele=1.44528, pdf_muon=0.298862, photon_id=2.43285, pileup=0.0339819, scale_ele=5.32851, scale_muon=-0.706693
RooProdPdf::model_s[ modelObs_s * nuisancePdf ]
     getLogVal() top-level p.d.f evaluates to zero @ !pdfs=(modelObs_s = 0/1,nuisancePdf = 1)

[#0] WARNING:Minization -- RooMinimizerFcn: Minimized function has error status.
Returning maximum FCN so far (983.427) to force MIGRAD to back out of this region. Error log follows
Parameter values: JER_ele=2.10727, JER_muon=-0.991061, JES_ele=2.52143, JES_muon=0.35584, QCD_stat_ele=3.93314, QCD_stat_muon=0.321709, VBS_stat_ele=1.7858, VBS_stat_muon=0.35314, ele_efficiency=0.733506, ele_trigger=-0.210397, fakephoton_ele=6.57166, fakephoton_muon=0.693658, interference=0.512442, lumi=1.24606, mu_efficiency=-0.567523, mu_trigger=-0.677829, non_prompt_stat_ele=6.81532, non_prompt_stat_muon=0.335399, others_stat_ele=1.49206, others_stat_muon=0.545067, others_xs=0.676986, param=0.913533, pdf_ele=1.49448, pdf_muon=0.305715, photon_id=2.4799, pileup=0.0356841, scale_ele=5.40461, scale_muon=-0.692411
RooProdPdf::model_s[ modelObs_s * nuisancePdf ]
     getLogVal() top-level p.d.f evaluates to zero @ !pdfs=(modelObs_s = 0/1,nuisancePdf = 1)

[#0] WARNING:Minization -- RooMinimizerFcn: Minimized function has error status.
Returning maximum FCN so far (983.427) to force MIGRAD to back out of this region. Error log follows
Parameter values: JER_ele=2.12752, JER_muon=-0.988184, JES_ele=2.55741, JES_muon=0.36125, QCD_stat_ele=4.01701, QCD_stat_muon=0.334302, VBS_stat_ele=1.81786, VBS_stat_muon=0.356886, ele_efficiency=0.740976, ele_trigger=-0.181995, fakephoton_ele=6.62846, fakephoton_muon=0.696408, interference=0.519042, lumi=1.26354, mu_efficiency=-0.566467, mu_trigger=-0.673763, non_prompt_stat_ele=6.75758, non_prompt_stat_muon=0.342148, others_stat_ele=1.53258, others_stat_muon=0.550485, others_xs=0.697505, param=0.917374, pdf_ele=1.54418, pdf_muon=0.312652, photon_id=2.52738, pileup=0.0374067, scale_ele=5.48005, scale_muon=-0.677954
RooProdPdf::model_s[ modelObs_s * nuisancePdf ]
     getLogVal() top-level p.d.f evaluates to zero @ !pdfs=(modelObs_s = 0/1,nuisancePdf = 1)

[#0] WARNING:Minization -- RooMinimizerFcn: Minimized function has error status.
Returning maximum FCN so far (983.427) to force MIGRAD to back out of this region. Error log follows
Parameter values: JER_ele=2.14803, JER_muon=-0.985266, JES_ele=2.59382, JES_muon=0.366738, QCD_stat_ele=4.10121, QCD_stat_muon=0.347076, VBS_stat_ele=1.85035, VBS_stat_muon=0.360685, ele_efficiency=0.748552, ele_trigger=-0.153184, fakephoton_ele=6.68203, fakephoton_muon=0.699197, interference=0.525736, lumi=1.28127, mu_efficiency=-0.565396, mu_trigger=-0.669639, non_prompt_stat_ele=6.69118, non_prompt_stat_muon=0.348993, others_stat_ele=1.57362, others_stat_muon=0.55598, others_xs=0.718311, param=0.921297, pdf_ele=1.59451, pdf_muon=0.319687, photon_id=2.57541, pileup=0.0391539, scale_ele=5.55491, scale_muon=-0.663284
RooProdPdf::model_s[ modelObs_s * nuisancePdf ]
     getLogVal() top-level p.d.f evaluates to zero @ !pdfs=(modelObs_s = 0/1,nuisancePdf = 1)

[#0] WARNING:Minization -- RooMinimizerFcn: Minimized function has error status.
Returning maximum FCN so far (983.427) to force MIGRAD to back out of this region. Error log follows
Parameter values: JER_ele=2.16887, JER_muon=-0.982298, JES_ele=2.63075, JES_muon=0.372318, QCD_stat_ele=4.18588, QCD_stat_muon=0.360062, VBS_stat_ele=1.88332, VBS_stat_muon=0.364548, ele_efficiency=0.756253, ele_trigger=-0.123894, fakephoton_ele=6.73231, fakephoton_muon=0.702033, interference=0.532541, lumi=1.29928, mu_efficiency=-0.564306, mu_trigger=-0.665445, non_prompt_stat_ele=6.61565, non_prompt_stat_muon=0.355952, others_stat_ele=1.61528, others_stat_muon=0.561567, others_xs=0.739456, param=0.925315, pdf_ele=1.64558, pdf_muon=0.326841, photon_id=2.62408, pileup=0.0409301, scale_ele=5.62929, scale_muon=-0.648367
RooProdPdf::model_s[ modelObs_s * nuisancePdf ]
     getLogVal() top-level p.d.f evaluates to zero @ !pdfs=(modelObs_s = 0/1,nuisancePdf = 1)

[#0] WARNING:Minization -- RooMinimizerFcn: Minimized function has error status.
Returning maximum FCN so far (983.427) to force MIGRAD to back out of this region. Error log follows
Parameter values: JER_ele=2.19008, JER_muon=-0.979274, JES_ele=2.66829, JES_muon=0.378004, QCD_stat_ele=4.27118, QCD_stat_muon=0.373295, VBS_stat_ele=1.91688, VBS_stat_muon=0.368485, ele_efficiency=0.764098, ele_trigger=-0.0940478, fakephoton_ele=6.77917, fakephoton_muon=0.704923, interference=0.539474, lumi=1.31762, mu_efficiency=-0.563196, mu_trigger=-0.661171, non_prompt_stat_ele=6.53048, non_prompt_stat_muon=0.363044, others_stat_ele=1.65767, others_stat_muon=0.56726, others_xs=0.760995, param=0.929442, pdf_ele=1.69753, pdf_muon=0.33413, photon_id=2.67353, pileup=0.0427399, scale_ele=5.70328, scale_muon=-0.633161
RooProdPdf::model_s[ modelObs_s * nuisancePdf ]
     getLogVal() top-level p.d.f evaluates to zero @ !pdfs=(modelObs_s = 0/1,nuisancePdf = 1)

[#0] WARNING:Minization -- RooMinimizerFcn: Minimized function has error status.
Returning maximum FCN so far (983.427) to force MIGRAD to back out of this region. Error log follows
Parameter values: JER_ele=2.21171, JER_muon=-0.976184, JES_ele=2.70654, JES_muon=0.383811, QCD_stat_ele=4.35728, QCD_stat_muon=0.386811, VBS_stat_ele=1.95109, VBS_stat_muon=0.372505, ele_efficiency=0.77211, ele_trigger=-0.0635637, fakephoton_ele=6.82244, fakephoton_muon=0.707874, interference=0.546555, lumi=1.33635, mu_efficiency=-0.562063, mu_trigger=-0.656805, non_prompt_stat_ele=6.43505, non_prompt_stat_muon=0.370288, others_stat_ele=1.70089, others_stat_muon=0.573075, others_xs=0.782986, param=0.933693, pdf_ele=1.75048, pdf_muon=0.341576, photon_id=2.72387, pileup=0.0445883, scale_ele=5.77693, scale_muon=-0.617626
RooProdPdf::model_s[ modelObs_s * nuisancePdf ]
     getLogVal() top-level p.d.f evaluates to zero @ !pdfs=(modelObs_s = 0/1,nuisancePdf = 1)

[#0] WARNING:Minization -- RooMinimizerFcn: Minimized function has error status.
Returning maximum FCN so far (983.427) to force MIGRAD to back out of this region. Error log follows
Parameter values: JER_ele=2.23384, JER_muon=-0.97302, JES_ele=2.7456, JES_muon=0.389758, QCD_stat_ele=4.44431, QCD_stat_muon=0.400648, VBS_stat_ele=1.98607, VBS_stat_muon=0.376622, ele_efficiency=0.780311, ele_trigger=-0.0323544, fakephoton_ele=6.86191, fakephoton_muon=0.710897, interference=0.553804, lumi=1.35551, mu_efficiency=-0.560902, mu_trigger=-0.652335, non_prompt_stat_ele=6.32865, non_prompt_stat_muon=0.377705, others_stat_ele=1.74508, others_stat_muon=0.579029, others_xs=0.805491, param=0.938082, pdf_ele=1.80458, pdf_muon=0.349199, photon_id=2.77524, pileup=0.0464807, scale_ele=5.85031, scale_muon=-0.601716
RooProdPdf::model_s[ modelObs_s * nuisancePdf ]
     getLogVal() top-level p.d.f evaluates to zero @ !pdfs=(modelObs_s = 0/1,nuisancePdf = 1)

[#0] WARNING:Minization -- RooMinimizerFcn: Minimized function has error status.
Returning maximum FCN so far (983.427) to force MIGRAD to back out of this region. Error log follows
Parameter values: JER_ele=2.25652, JER_muon=-0.969773, JES_ele=2.78559, JES_muon=0.395861, QCD_stat_ele=4.53245, QCD_stat_muon=0.41485, VBS_stat_ele=2.02192, VBS_stat_muon=0.380847, ele_efficiency=0.788726, ele_trigger=-0.000324799, fakephoton_ele=6.8973, fakephoton_muon=0.713999, interference=0.561243, lumi=1.37516, mu_efficiency=-0.55971, mu_trigger=-0.647746, non_prompt_stat_ele=6.21043, non_prompt_stat_muon=0.385318, others_stat_ele=1.79034, others_stat_muon=0.585139, others_xs=0.828579, param=0.942628, pdf_ele=1.85997, pdf_muon=0.357024, photon_id=2.82777, pileup=0.0484228, scale_ele=5.92346, scale_muon=-0.585382
RooProdPdf::model_s[ modelObs_s * nuisancePdf ]
     getLogVal() top-level p.d.f evaluates to zero @ !pdfs=(modelObs_s = 0/1,nuisancePdf = 1)

[#0] WARNING:Minization -- RooMinimizerFcn: Minimized function has error status.
Returning maximum FCN so far (983.427) to force MIGRAD to back out of this region. Error log follows
Parameter values: JER_ele=2.27983, JER_muon=-0.966431, JES_ele=2.82661, JES_muon=0.402141, QCD_stat_ele=4.62186, QCD_stat_muon=0.429463, VBS_stat_ele=2.05873, VBS_stat_muon=0.385194, ele_efficiency=0.797382, ele_trigger=0.0326294, fakephoton_ele=6.92829, fakephoton_muon=0.717191, interference=0.568897, lumi=1.39537, mu_efficiency=-0.558484, mu_trigger=-0.643023, non_prompt_stat_ele=6.07947, non_prompt_stat_muon=0.393151, others_stat_ele=1.83683, others_stat_muon=0.591427, others_xs=0.852325, param=0.947348, pdf_ele=1.91684, pdf_muon=0.365075, photon_id=2.88162, pileup=0.050421, scale_ele=5.99641, scale_muon=-0.568571
RooProdPdf::model_s[ modelObs_s * nuisancePdf ]
     getLogVal() top-level p.d.f evaluates to zero @ !pdfs=(modelObs_s = 0/1,nuisancePdf = 1)

[#0] WARNING:Minization -- RooMinimizerFcn: Minimized function has error status.
Returning maximum FCN so far (983.427) to force MIGRAD to back out of this region. Error log follows
Parameter values: JER_ele=2.30384, JER_muon=-0.962983, JES_ele=2.86881, JES_muon=0.40862, QCD_stat_ele=4.71271, QCD_stat_muon=0.444538, VBS_stat_ele=2.09665, VBS_stat_muon=0.389679, ele_efficiency=0.806311, ele_trigger=0.066623, fakephoton_ele=6.95446, fakephoton_muon=0.720484, interference=0.576792, lumi=1.4162, mu_efficiency=-0.557218, mu_trigger=-0.63815, non_prompt_stat_ele=5.93465, non_prompt_stat_muon=0.401233, others_stat_ele=1.88469, others_stat_muon=0.597914, others_xs=0.876811, param=0.952266, pdf_ele=1.97536, pdf_muon=0.373381, photon_id=2.93696, pileup=0.0524823, scale_ele=6.06919, scale_muon=-0.551221
RooProdPdf::model_s[ modelObs_s * nuisancePdf ]
     getLogVal() top-level p.d.f evaluates to zero @ !pdfs=(modelObs_s = 0/1,nuisancePdf = 1)

[#0] WARNING:Minization -- RooMinimizerFcn: Minimized function has error status.
Returning maximum FCN so far (983.427) to force MIGRAD to back out of this region. Error log follows
Parameter values: JER_ele=2.32865, JER_muon=-0.959415, JES_ele=2.91233, JES_muon=0.415323, QCD_stat_ele=4.80518, QCD_stat_muon=0.460133, VBS_stat_ele=2.13579, VBS_stat_muon=0.394319, ele_efficiency=0.815546, ele_trigger=0.101784, fakephoton_ele=6.97532, fakephoton_muon=0.723891, interference=0.584958, lumi=1.43774, mu_efficiency=-0.555909, mu_trigger=-0.633108, non_prompt_stat_ele=5.77472, non_prompt_stat_muon=0.409594, others_stat_ele=1.9341, others_stat_muon=0.604624, others_xs=0.902128, param=0.957403, pdf_ele=2.03573, pdf_muon=0.381974, photon_id=2.99397, pileup=0.0546145, scale_ele=6.14178, scale_muon=-0.533269
RooProdPdf::model_s[ modelObs_s * nuisancePdf ]
     getLogVal() top-level p.d.f evaluates to zero @ !pdfs=(modelObs_s = 0/1,nuisancePdf = 1)

[#0] WARNING:Minization -- RooMinimizerFcn: Minimized function has error status.
Returning maximum FCN so far (983.427) to force MIGRAD to back out of this region. Error log follows
Parameter values: JER_ele=2.35435, JER_muon=-0.955713, JES_ele=2.95733, JES_muon=0.422277, QCD_stat_ele=4.89946, QCD_stat_muon=0.476311, VBS_stat_ele=2.17632, VBS_stat_muon=0.399133, ele_efficiency=0.825123, ele_trigger=0.138255, fakephoton_ele=6.99026, fakephoton_muon=0.727426, interference=0.593429, lumi=1.46006, mu_efficiency=-0.554551, mu_trigger=-0.627877, non_prompt_stat_ele=5.59822, non_prompt_stat_muon=0.418268, others_stat_ele=1.98525, others_stat_muon=0.611586, others_xs=0.928379, param=0.962787, pdf_ele=2.09818, pdf_muon=0.390889, photon_id=3.05285, pileup=0.0568265, scale_ele=6.21417, scale_muon=-0.514638
RooProdPdf::model_s[ modelObs_s * nuisancePdf ]
     getLogVal() top-level p.d.f evaluates to zero @ !pdfs=(modelObs_s = 0/1,nuisancePdf = 1)

[#0] WARNING:Minization -- RooMinimizerFcn: Minimized function has error status.
Returning maximum FCN so far (983.427) to force MIGRAD to back out of this region. Error log follows
Parameter values: JER_ele=2.38106, JER_muon=-0.95186, JES_ele=3.00399, JES_muon=0.429514, QCD_stat_ele=4.99573, QCD_stat_muon=0.493144, VBS_stat_ele=2.21841, VBS_stat_muon=0.404142, ele_efficiency=0.835087, ele_trigger=0.176199, fakephoton_ele=6.99857, fakephoton_muon=0.731105, interference=0.602242, lumi=1.48328, mu_efficiency=-0.553138, mu_trigger=-0.622432, non_prompt_stat_ele=5.4035, non_prompt_stat_muon=0.427294, others_stat_ele=2.03834, others_stat_muon=0.618831, others_xs=0.955679, param=0.968449, pdf_ele=2.16297, pdf_muon=0.400166, photon_id=3.11384, pileup=0.059128, scale_ele=6.2863, scale_muon=-0.495246
RooProdPdf::model_s[ modelObs_s * nuisancePdf ]
     getLogVal() top-level p.d.f evaluates to zero @ !pdfs=(modelObs_s = 0/1,nuisancePdf = 1)

[#0] WARNING:Minization -- RooMinimizerFcn: Minimized function has error status.
Returning maximum FCN so far (920.328) to force MIGRAD to back out of this region. Error log follows
Parameter values: JER_ele=-6.94473, JER_muon=0.813318, JES_ele=-6.91322, JES_muon=-5.38836, QCD_stat_ele=6.96888, QCD_stat_muon=2.53389, VBS_stat_ele=-0.815475, VBS_stat_muon=-1.00135, ele_efficiency=-1.56197, ele_trigger=-6.94557, fakephoton_ele=6.41975, fakephoton_muon=-4.26888, interference=-4.87775, lumi=-2.2829, mu_efficiency=-1.52312, mu_trigger=-1.5975, non_prompt_stat_ele=4.17403, non_prompt_stat_muon=-5.49355, others_stat_ele=-6.98583, others_stat_muon=-0.20877, others_xs=-6.14908, param=0.525576, pdf_ele=-5.43496, pdf_muon=-2.69144, photon_id=-5.58747, pileup=5.32333, scale_ele=5.39137, scale_muon=-4.32214
RooProdPdf::model_s[ modelObs_s * nuisancePdf ]
     getLogVal() top-level p.d.f evaluates to zero @ !pdfs=(modelObs_s = 0/1,nuisancePdf = 1)

[#0] WARNING:Minization -- RooMinimizerFcn: Minimized function has error status.
Returning maximum FCN so far (920.328) to force MIGRAD to back out of this region. Error log follows
Parameter values: JER_ele=-0.00392146, JER_muon=1.94267, JES_ele=1.33649, JES_muon=2.79272, QCD_stat_ele=5.34828, QCD_stat_muon=6.20351, VBS_stat_ele=2.35509, VBS_stat_muon=0.462813, ele_efficiency=0.62459, ele_trigger=1.10034, fakephoton_ele=2.86235, fakephoton_muon=0.264181, interference=0.226936, lumi=3.00893, mu_efficiency=0.312734, mu_trigger=2.72917, non_prompt_stat_ele=4.42359, non_prompt_stat_muon=2.20373, others_stat_ele=2.30322, others_stat_muon=4.27786, others_xs=2.21712, param=19.096, pdf_ele=2.91185, pdf_muon=4.20034, photon_id=5.65616, pileup=1.95708, scale_ele=5.52449, scale_muon=6.74487
RooProdPdf::model_s[ modelObs_s * nuisancePdf ]
     getLogVal() top-level p.d.f evaluates to zero @ !pdfs=(modelObs_s = 0/1,nuisancePdf = 1)

[#0] WARNING:Minization -- RooMinimizerFcn: Minimized function has error status.
Returning maximum FCN so far (920.328) to force MIGRAD to back out of this region. Error log follows
Parameter values: JER_ele=6.68531, JER_muon=-1.32008, JES_ele=6.19469, JES_muon=-0.129257, QCD_stat_ele=2.03216, QCD_stat_muon=5.94494, VBS_stat_ele=-0.731164, VBS_stat_muon=-4.05028, ele_efficiency=3.22553, ele_trigger=6.94585, fakephoton_ele=6.94939, fakephoton_muon=6.52575, interference=4.63663, lumi=-2.42809, mu_efficiency=6.40616, mu_trigger=-6.9684, non_prompt_stat_ele=6.90328, non_prompt_stat_muon=-6.83618, others_stat_ele=4.52516, others_stat_muon=2.33652, others_xs=-6.66351, param=0.0339259, pdf_ele=-0.550982, pdf_muon=6.82734, photon_id=-2.76812, pileup=3.59762, scale_ele=1.13548, scale_muon=-6.6525
RooProdPdf::model_s[ modelObs_s * nuisancePdf ]
     getLogVal() top-level p.d.f evaluates to zero @ !pdfs=(modelObs_s = 0/1,nuisancePdf = 1)

[#0] WARNING:Minization -- RooMinimizerFcn: Minimized function has error status.
Returning maximum FCN so far (920.328) to force MIGRAD to back out of this region. Error log follows
Parameter values: JER_ele=5.10086, JER_muon=-3.31655, JES_ele=6.90794, JES_muon=2.68013, QCD_stat_ele=-6.71494, QCD_stat_muon=4.72868, VBS_stat_ele=5.64507, VBS_stat_muon=-5.97687, ele_efficiency=2.33819, ele_trigger=6.40822, fakephoton_ele=6.77587, fakephoton_muon=6.18596, interference=4.07696, lumi=-1.73823, mu_efficiency=6.62884, mu_trigger=-6.32804, non_prompt_stat_ele=6.93999, non_prompt_stat_muon=-6.1297, others_stat_ele=6.89275, others_stat_muon=5.34855, others_xs=-6.66529, param=5.43416, pdf_ele=5.5514, pdf_muon=4.77988, photon_id=-0.796592, pileup=3.55852, scale_ele=-6.85281, scale_muon=-1.02583
RooProdPdf::model_s[ modelObs_s * nuisancePdf ]
     getLogVal() top-level p.d.f evaluates to zero @ !pdfs=(modelObs_s = 0/1,nuisancePdf = 1)

[#0] WARNING:Minization -- RooMinimizerFcn: Minimized function has error status.
Returning maximum FCN so far (920.328) to force MIGRAD to back out of this region. Error log follows
Parameter values: JER_ele=0.616605, JER_muon=6.02779, JES_ele=1.99342, JES_muon=6.68299, QCD_stat_ele=6.49967, QCD_stat_muon=-5.93253, VBS_stat_ele=4.65094, VBS_stat_muon=5.70082, ele_efficiency=0.817641, ele_trigger=1.73249, fakephoton_ele=0.961151, fakephoton_muon=3.39189, interference=3.77156, lumi=6.16436, mu_efficiency=2.18685, mu_trigger=6.98527, non_prompt_stat_ele=1.66011, non_prompt_stat_muon=6.96867, others_stat_ele=3.21872, others_stat_muon=5.78982, others_xs=6.46482, param=16.9541, pdf_ele=4.05691, pdf_muon=4.18324, photon_id=2.76124, pileup=2.45684, scale_ele=6.50773, scale_muon=-5.46317
RooProdPdf::model_s[ modelObs_s * nuisancePdf ]
     getLogVal() top-level p.d.f evaluates to zero @ !pdfs=(modelObs_s = 0/1,nuisancePdf = 1)

[#0] WARNING:Minization -- RooMinimizerFcn: Minimized function has error status.
Returning maximum FCN so far (920.328) to force MIGRAD to back out of this region. Error log follows
Parameter values: JER_ele=0.0747688, JER_muon=0.988545, JES_ele=0.456206, JES_muon=-1.83508, QCD_stat_ele=-3.15995, QCD_stat_muon=4.57652, VBS_stat_ele=-2.61863, VBS_stat_muon=1.72939, ele_efficiency=-1.12609, ele_trigger=-0.728866, fakephoton_ele=6.50377, fakephoton_muon=0.515532, interference=1.63041, lumi=-5.1073, mu_efficiency=0.609118, mu_trigger=-1.88639, non_prompt_stat_ele=3.5293, non_prompt_stat_muon=-2.88149, others_stat_ele=-3.02498, others_stat_muon=-1.98194, others_xs=0.700105, param=2.83127, pdf_ele=-4.45511, pdf_muon=-2.43381, photon_id=-4.97053, pileup=-5.0026, scale_ele=-3.40784, scale_muon=-6.66533
RooProdPdf::model_s[ modelObs_s * nuisancePdf ]
     getLogVal() top-level p.d.f evaluates to zero @ !pdfs=(modelObs_s = 0/1,nuisancePdf = 1)

[#0] WARNING:Minization -- RooMinimizerFcn: Minimized function has error status.
Returning maximum FCN so far (920.328) to force MIGRAD to back out of this region. Error log follows
Parameter values: JER_ele=-1.42302, JER_muon=-0.174038, JES_ele=0.0186984, JES_muon=-1.8102, QCD_stat_ele=0.525004, QCD_stat_muon=0.142094, VBS_stat_ele=-3.11323, VBS_stat_muon=-2.13247, ele_efficiency=0.273016, ele_trigger=-0.20146, fakephoton_ele=6.99976, fakephoton_muon=-1.27794, interference=-1.6824, lumi=0.473264, mu_efficiency=-0.539352, mu_trigger=-0.651006, non_prompt_stat_ele=4.14822, non_prompt_stat_muon=-1.54891, others_stat_ele=0.906189, others_stat_muon=0.555045, others_xs=-0.493188, param=15.3751, pdf_ele=0.302876, pdf_muon=-1.40496, photon_id=-0.621948, pileup=1.81441, scale_ele=2.79884, scale_muon=-4.03708
RooProdPdf::model_s[ modelObs_s * nuisancePdf ]
     getLogVal() top-level p.d.f evaluates to zero @ !pdfs=(modelObs_s = 0/1,nuisancePdf = 1)

[#0] WARNING:Minization -- RooMinimizerFcn: Minimized function has error status.
Returning maximum FCN so far (920.328) to force MIGRAD to back out of this region. Error log follows
Parameter values: JER_ele=-0.126172, JER_muon=2.4317, JES_ele=1.10994, JES_muon=-2.6266, QCD_stat_ele=6.30248, QCD_stat_muon=-3.57648, VBS_stat_ele=1.42108, VBS_stat_muon=6.12817, ele_efficiency=0.582566, ele_trigger=0.944594, fakephoton_ele=4.78922, fakephoton_muon=-5.58506, interference=-4.13656, lumi=-5.43023, mu_efficiency=-6.75011, mu_trigger=6.78677, non_prompt_stat_ele=6.53056, non_prompt_stat_muon=6.27955, others_stat_ele=1.06276, others_stat_muon=-2.91751, others_xs=3.8112, param=4.6439, pdf_ele=2.80408, pdf_muon=-6.03069, photon_id=-5.12474, pileup=0.229365, scale_ele=5.29374, scale_muon=2.86042
RooProdPdf::model_s[ modelObs_s * nuisancePdf ]
     getLogVal() top-level p.d.f evaluates to zero @ !pdfs=(modelObs_s = 0/1,nuisancePdf = 1)

[#0] WARNING:Minization -- RooMinimizerFcn: Minimized function has error status.
Returning maximum FCN so far (996.652) to force MIGRAD to back out of this region. Error log follows
Parameter values: JER_ele=0.340705, JER_muon=5.81972, JES_ele=1.56998, JES_muon=6.92667, QCD_stat_ele=5.68595, QCD_stat_muon=-5.13027, VBS_stat_ele=4.07909, VBS_stat_muon=5.79575, ele_efficiency=0.701756, ele_trigger=1.37725, fakephoton_ele=1.80069, fakephoton_muon=3.04463, interference=3.5905, lumi=5.8465, mu_efficiency=2.02423, mu_trigger=6.89001, non_prompt_stat_ele=2.94638, non_prompt_stat_muon=6.79237, others_stat_ele=2.68019, others_stat_muon=6.40189, others_xs=6.0982, param=0.204415, pdf_ele=3.44201, pdf_muon=5.09425, photon_id=4.27389, pileup=2.32092, scale_ele=5.84445, scale_muon=-6.83268
RooProdPdf::model_s[ modelObs_s * nuisancePdf ]
     getLogVal() top-level p.d.f evaluates to zero @ !pdfs=(modelObs_s = 0/1,nuisancePdf = 1)


 -- Hybrid New -- 
CLs = 0.00681818 +/- 0.00393111
Done in 19.57 min (cpu), 19.88 min (real)
