 <<< Combine >>> 
>>> including systematics
>>> using the Profile Likelihood test statistics modified for upper limits (Q_LHC)
>>> method used is HybridNew
>>> Used OpenSSL to get a really random seed 679692045
Computing results starting from observation (a-posteriori)
[#0] WARNING:Minization -- RooMinimizerFcn: Minimized function has error status.
Returning maximum FCN so far (38.1514) to force MIGRAD to back out of this region. Error log follows
Parameter values: JER_ele=5.98106, JER_muon=-3.35028, JES_ele=5.51639, JES_muon=-0.101776, QCD_stat_ele=-6.10437, QCD_stat_muon=-6.38766, VBS_stat_ele=-6.44543, VBS_stat_muon=2.84347, ele_efficiency=-3.68283, ele_trigger=-6.04886, fakephoton_ele=4.56195, fakephoton_muon=-2.53108, interference=2.79071, lumi=4.3514, mu_efficiency=-3.01695, mu_trigger=3.9659, non_prompt_stat_ele=6.95691, non_prompt_stat_muon=-5.97163, others_stat_ele=4.55527, others_stat_muon=-4.00916, others_xs=0.174501, param=0.129641, pdf_ele=-3.21243, pdf_muon=-1.68908, photon_id=0.322574, pileup=3.80483, scale_ele=-1.742, scale_muon=-6.09467
RooProdPdf::model_s[ modelObs_s * nuisancePdf ]
     getLogVal() top-level p.d.f evaluates to zero @ !pdfs=(modelObs_s = 0/1,nuisancePdf = 1)

[#0] WARNING:Minization -- RooMinimizerFcn: Minimized function has error status.
Returning maximum FCN so far (38.1514) to force MIGRAD to back out of this region. Error log follows
Parameter values: JER_ele=-3.62489, JER_muon=-6.89274, JES_ele=2.50425, JES_muon=-0.859071, QCD_stat_ele=-3.11914, QCD_stat_muon=6.11589, VBS_stat_ele=3.88831, VBS_stat_muon=0.775936, ele_efficiency=-6.75015, ele_trigger=-3.76935, fakephoton_ele=4.54735, fakephoton_muon=6.93885, interference=-1.24871, lumi=1.94385, mu_efficiency=-1.6582, mu_trigger=1.82288, non_prompt_stat_ele=6.58641, non_prompt_stat_muon=-6.52049, others_stat_ele=6.48538, others_stat_muon=-2.48141, others_xs=-6.92329, param=3.61394, pdf_ele=-1.79652, pdf_muon=-1.60915, photon_id=0.128768, pileup=1.86195, scale_ele=6.17058, scale_muon=-6.26142
RooProdPdf::model_s[ modelObs_s * nuisancePdf ]
     getLogVal() top-level p.d.f evaluates to zero @ !pdfs=(modelObs_s = 0/1,nuisancePdf = 1)

[#0] WARNING:Minization -- RooMinimizerFcn: Minimized function has error status.
Returning maximum FCN so far (624.173) to force MIGRAD to back out of this region. Error log follows
Parameter values: JER_ele=2.76772, JER_muon=0.851706, JES_ele=4.91497, JES_muon=2.10188, QCD_stat_ele=5.70052, QCD_stat_muon=2.93889, VBS_stat_ele=6.54665, VBS_stat_muon=6.81253, ele_efficiency=1.43537, ele_trigger=6.30942, fakephoton_ele=1.16025, fakephoton_muon=1.26734, interference=1.80193, lumi=3.66157, mu_efficiency=1.66304, mu_trigger=1.32583, non_prompt_stat_ele=4.13076, non_prompt_stat_muon=-0.278106, others_stat_ele=4.18611, others_stat_muon=5.87017, others_xs=6.05084, param=7.05914, pdf_ele=6.96333, pdf_muon=4.45763, photon_id=6.75146, pileup=1.69839, scale_ele=4.14014, scale_muon=6.6426
RooProdPdf::model_s[ modelObs_s * nuisancePdf ]
     getLogVal() top-level p.d.f evaluates to zero @ !pdfs=(modelObs_s = 0/1,nuisancePdf = 1)

[#0] WARNING:Minization -- RooMinimizerFcn: Minimized function has error status.
Returning maximum FCN so far (624.173) to force MIGRAD to back out of this region. Error log follows
Parameter values: JER_ele=-6.61636, JER_muon=-2.29687, JES_ele=-6.93668, JES_muon=-3.3693, QCD_stat_ele=-6.40222, QCD_stat_muon=6.46119, VBS_stat_ele=-0.911899, VBS_stat_muon=-4.50296, ele_efficiency=-1.29423, ele_trigger=3.50174, fakephoton_ele=7, fakephoton_muon=-2.64634, interference=-3.24116, lumi=-5.11697, mu_efficiency=0.183253, mu_trigger=-6.68146, non_prompt_stat_ele=6.74638, non_prompt_stat_muon=-6.40935, others_stat_ele=-6.95671, others_stat_muon=1.72386, others_xs=0.279371, param=7.09382, pdf_ele=-6.77077, pdf_muon=2.78892, photon_id=1.59143, pileup=2.8829, scale_ele=-2.05812, scale_muon=1.99031
RooProdPdf::model_s[ modelObs_s * nuisancePdf ]
     getLogVal() top-level p.d.f evaluates to zero @ !pdfs=(modelObs_s = 0/1,nuisancePdf = 1)

[#0] WARNING:Minization -- RooMinimizerFcn: Minimized function has error status.
Returning maximum FCN so far (928.761) to force MIGRAD to back out of this region. Error log follows
Parameter values: JER_ele=-5.72978, JER_muon=6.9999, JES_ele=-6.07709, JES_muon=4.83704, QCD_stat_ele=6.99528, QCD_stat_muon=-5.68886, VBS_stat_ele=3.41926, VBS_stat_muon=5.78192, ele_efficiency=1.52533, ele_trigger=-2.20682, fakephoton_ele=6.48116, fakephoton_muon=-6.16379, interference=-3.77077, lumi=-1.69703, mu_efficiency=-6.90625, mu_trigger=6.53018, non_prompt_stat_ele=5.39827, non_prompt_stat_muon=-5.96997, others_stat_ele=-5.52136, others_stat_muon=6.9687, others_xs=6.99372, param=6.68021, pdf_ele=-6.99925, pdf_muon=-2.5766, photon_id=-6.99936, pileup=-2.4157, scale_ele=6.42091, scale_muon=-1.32041
RooProdPdf::model_s[ modelObs_s * nuisancePdf ]
     getLogVal() top-level p.d.f evaluates to zero @ !pdfs=(modelObs_s = 0/1,nuisancePdf = 1)

[#0] WARNING:Minization -- RooMinimizerFcn: Minimized function has error status.
Returning maximum FCN so far (928.761) to force MIGRAD to back out of this region. Error log follows
Parameter values: JER_ele=-5.20823, JER_muon=2.23465, JES_ele=-2.13365, JES_muon=4.77724, QCD_stat_ele=2.95523, QCD_stat_muon=-4.35578, VBS_stat_ele=2.74564, VBS_stat_muon=2.04111, ele_efficiency=5.93883, ele_trigger=5.80735, fakephoton_ele=5.09372, fakephoton_muon=6.99979, interference=-0.614542, lumi=-1.89239, mu_efficiency=-3.47241, mu_trigger=3.58665, non_prompt_stat_ele=4.16883, non_prompt_stat_muon=6.73704, others_stat_ele=-4.46625, others_stat_muon=-6.98206, others_xs=-6.95637, param=0.146109, pdf_ele=-3.5113, pdf_muon=6.59825, photon_id=-4.66466, pileup=-1.49357, scale_ele=4.54315, scale_muon=6.51293
RooProdPdf::model_s[ modelObs_s * nuisancePdf ]
     getLogVal() top-level p.d.f evaluates to zero @ !pdfs=(modelObs_s = 0/1,nuisancePdf = 1)

[#0] WARNING:Minization -- RooMinimizerFcn: Minimized function has error status.
Returning maximum FCN so far (928.761) to force MIGRAD to back out of this region. Error log follows
Parameter values: JER_ele=-6.5407, JER_muon=2.54739, JES_ele=6.93707, JES_muon=6.50002, QCD_stat_ele=2.15812, QCD_stat_muon=2.65597, VBS_stat_ele=4.28963, VBS_stat_muon=-6.5992, ele_efficiency=6.86223, ele_trigger=6.12573, fakephoton_ele=6.95031, fakephoton_muon=-5.64152, interference=2.0955, lumi=-5.57256, mu_efficiency=6.29781, mu_trigger=1.29549, non_prompt_stat_ele=3.04263, non_prompt_stat_muon=-0.0423449, others_stat_ele=5.39233, others_stat_muon=6.87956, others_xs=6.21216, param=6.88495, pdf_ele=-4.59322, pdf_muon=-2.75349, photon_id=-2.89708, pileup=5.36666, scale_ele=5.46239, scale_muon=1.04454
RooProdPdf::model_s[ modelObs_s * nuisancePdf ]
     getLogVal() top-level p.d.f evaluates to zero @ !pdfs=(modelObs_s = 0/1,nuisancePdf = 1)

[#0] WARNING:Minization -- RooMinimizerFcn: Minimized function has error status.
Returning maximum FCN so far (928.761) to force MIGRAD to back out of this region. Error log follows
Parameter values: JER_ele=5.4527, JER_muon=5.28123, JES_ele=2.05907, JES_muon=-0.0436223, QCD_stat_ele=2.89818, QCD_stat_muon=3.52245, VBS_stat_ele=6.29047, VBS_stat_muon=-0.573944, ele_efficiency=-6.97394, ele_trigger=-6.5627, fakephoton_ele=6.55795, fakephoton_muon=3.23543, interference=-4.54617, lumi=-1.9648, mu_efficiency=2.51333, mu_trigger=-3.90041, non_prompt_stat_ele=4.13735, non_prompt_stat_muon=5.93094, others_stat_ele=6.03999, others_stat_muon=-6.59419, others_xs=1.95571, param=0.556438, pdf_ele=-2.11646, pdf_muon=1.24341, photon_id=-3.89012, pileup=-6.9253, scale_ele=-2.52075, scale_muon=6.98205
RooProdPdf::model_s[ modelObs_s * nuisancePdf ]
     getLogVal() top-level p.d.f evaluates to zero @ !pdfs=(modelObs_s = 0/1,nuisancePdf = 1)

[#0] WARNING:Minization -- RooMinimizerFcn: Minimized function has error status.
Returning maximum FCN so far (928.761) to force MIGRAD to back out of this region. Error log follows
Parameter values: JER_ele=0.97757, JER_muon=0.839475, JES_ele=-1.50374, JES_muon=5.57229, QCD_stat_ele=-0.952842, QCD_stat_muon=-0.769614, VBS_stat_ele=0.0391283, VBS_stat_muon=-2.87805, ele_efficiency=-6.16189, ele_trigger=5.26909, fakephoton_ele=-2.70771, fakephoton_muon=6.99689, interference=-2.9982, lumi=-5.62229, mu_efficiency=5.80744, mu_trigger=0.373642, non_prompt_stat_ele=6.86694, non_prompt_stat_muon=6.9224, others_stat_ele=5.53273, others_stat_muon=6.68071, others_xs=-5.13055, param=4.35226, pdf_ele=6.53806, pdf_muon=6.51719, photon_id=4.52762, pileup=-5.93536, scale_ele=-1.87404, scale_muon=-3.85315
RooProdPdf::model_s[ modelObs_s * nuisancePdf ]
     getLogVal() top-level p.d.f evaluates to zero @ !pdfs=(modelObs_s = 0/1,nuisancePdf = 1)

[#0] WARNING:Minization -- RooMinimizerFcn: Minimized function has error status.
Returning maximum FCN so far (928.761) to force MIGRAD to back out of this region. Error log follows
Parameter values: JER_ele=2.15096, JER_muon=2.24698, JES_ele=2.11329, JES_muon=1.31027, QCD_stat_ele=5.69334, QCD_stat_muon=3.74892, VBS_stat_ele=-0.363134, VBS_stat_muon=1.37158, ele_efficiency=0.771003, ele_trigger=2.99926, fakephoton_ele=6.00826, fakephoton_muon=-0.895817, interference=1.64043, lumi=2.88259, mu_efficiency=-0.14414, mu_trigger=2.17302, non_prompt_stat_ele=5.25455, non_prompt_stat_muon=-0.0532303, others_stat_ele=3.74825, others_stat_muon=2.34606, others_xs=3.17052, param=4.2511, pdf_ele=2.98547, pdf_muon=2.44625, photon_id=5.24096, pileup=0.89064, scale_ele=5.79792, scale_muon=4.73308
RooProdPdf::model_s[ modelObs_s * nuisancePdf ]
     getLogVal() top-level p.d.f evaluates to zero @ !pdfs=(modelObs_s = 0/1,nuisancePdf = 1)

[#0] WARNING:Minization -- RooMinimizerFcn: Minimized function has error status.
Returning maximum FCN so far (928.761) to force MIGRAD to back out of this region. Error log follows
Parameter values: JER_ele=2.38484, JER_muon=2.88969, JES_ele=2.82205, JES_muon=3.1373, QCD_stat_ele=6.25201, QCD_stat_muon=6.34362, VBS_stat_ele=1.34308, VBS_stat_muon=2.77163, ele_efficiency=0.833964, ele_trigger=3.22651, fakephoton_ele=6.56138, fakephoton_muon=-0.271238, interference=2.29935, lumi=3.55019, mu_efficiency=0.326734, mu_trigger=3.23937, non_prompt_stat_ele=6.42597, non_prompt_stat_muon=1.01066, others_stat_ele=4.5466, others_stat_muon=3.77235, others_xs=4.11969, param=4.26926, pdf_ele=3.81339, pdf_muon=4.44681, photon_id=6.54343, pileup=0.811503, scale_ele=6.67508, scale_muon=6.94902
RooProdPdf::model_s[ modelObs_s * nuisancePdf ]
     getLogVal() top-level p.d.f evaluates to zero @ !pdfs=(modelObs_s = 0/1,nuisancePdf = 1)

[#0] WARNING:Minization -- RooMinimizerFcn: Minimized function has error status.
Returning maximum FCN so far (313.295) to force MIGRAD to back out of this region. Error log follows
Parameter values: JER_ele=0.777385, JER_muon=-4.89723, JES_ele=-2.77513, JES_muon=-2.4903, QCD_stat_ele=5.07333, QCD_stat_muon=1.5492, VBS_stat_ele=-0.247319, VBS_stat_muon=1.86533, ele_efficiency=6.93673, ele_trigger=-6.99588, fakephoton_ele=5.07669, fakephoton_muon=-6.00693, interference=-6.97976, lumi=6.95994, mu_efficiency=6.64771, mu_trigger=-6.95675, non_prompt_stat_ele=6.74396, non_prompt_stat_muon=-3.25976, others_stat_ele=-2.00441, others_stat_muon=3.09517, others_xs=-2.4902, param=8.25697e-05, pdf_ele=5.18722, pdf_muon=-4.8916, photon_id=1.29413, pileup=-6.99628, scale_ele=-6.60338, scale_muon=-6.82113
RooProdPdf::model_s[ modelObs_s * nuisancePdf ]
     getLogVal() top-level p.d.f evaluates to zero @ !pdfs=(modelObs_s = 0/1,nuisancePdf = 1)

[#0] WARNING:Minization -- RooMinimizerFcn: Minimized function has error status.
Returning maximum FCN so far (927.806) to force MIGRAD to back out of this region. Error log follows
Parameter values: JER_ele=5.12171, JER_muon=6.71164, JES_ele=6.5224, JES_muon=6.68063, QCD_stat_ele=5.73875, QCD_stat_muon=-0.724017, VBS_stat_ele=6.98514, VBS_stat_muon=6.85402, ele_efficiency=-3.29635, ele_trigger=6.88561, fakephoton_ele=6.93809, fakephoton_muon=-4.8064, interference=2.36777, lumi=6.7078, mu_efficiency=6.09027, mu_trigger=6.99829, non_prompt_stat_ele=6.7675, non_prompt_stat_muon=4.67936, others_stat_ele=6.69019, others_stat_muon=6.91628, others_xs=5.31573, param=6.90022, pdf_ele=5.69577, pdf_muon=3.4021, photon_id=-6.34925, pileup=-1.02809, scale_ele=-5.17113, scale_muon=-4.45405
RooProdPdf::model_s[ modelObs_s * nuisancePdf ]
     getLogVal() top-level p.d.f evaluates to zero @ !pdfs=(modelObs_s = 0/1,nuisancePdf = 1)

[#0] WARNING:Minization -- RooMinimizerFcn: Minimized function has error status.
Returning maximum FCN so far (927.806) to force MIGRAD to back out of this region. Error log follows
Parameter values: JER_ele=2.66101, JER_muon=5.65763, JES_ele=-3.76739, JES_muon=-2.71388, QCD_stat_ele=5.67535, QCD_stat_muon=6.73454, VBS_stat_ele=1.52095, VBS_stat_muon=-6.37653, ele_efficiency=-0.741397, ele_trigger=-2.35626, fakephoton_ele=3.57487, fakephoton_muon=-2.2975, interference=-0.722126, lumi=-5.77809, mu_efficiency=-6.03679, mu_trigger=6.76577, non_prompt_stat_ele=5.04666, non_prompt_stat_muon=6.98672, others_stat_ele=2.37399, others_stat_muon=6.41004, others_xs=-6.91232, param=6.84203, pdf_ele=6.94166, pdf_muon=2.00675, photon_id=2.17375, pileup=-4.60045, scale_ele=2.55963, scale_muon=-6.99371
RooProdPdf::model_s[ modelObs_s * nuisancePdf ]
     getLogVal() top-level p.d.f evaluates to zero @ !pdfs=(modelObs_s = 0/1,nuisancePdf = 1)

[#0] WARNING:Minization -- RooMinimizerFcn: Minimized function has error status.
Returning maximum FCN so far (710.388) to force MIGRAD to back out of this region. Error log follows
Parameter values: JER_ele=0.400912, JER_muon=1.70518, JES_ele=-0.512448, JES_muon=1.03269, QCD_stat_ele=-0.484705, QCD_stat_muon=0.766624, VBS_stat_ele=-0.526303, VBS_stat_muon=0.347094, ele_efficiency=-1.75097, ele_trigger=0.173967, fakephoton_ele=4.30097, fakephoton_muon=-0.269291, interference=-1.23469, lumi=-2.94854, mu_efficiency=-2.17778, mu_trigger=1.58363, non_prompt_stat_ele=6.80352, non_prompt_stat_muon=-1.38129, others_stat_ele=0.23499, others_stat_muon=2.05221, others_xs=-2.21517, param=6.31749, pdf_ele=-0.790491, pdf_muon=-2.43554, photon_id=-0.7216, pileup=2.23925, scale_ele=-1.42701, scale_muon=-1.50784
RooProdPdf::model_s[ modelObs_s * nuisancePdf ]
     getLogVal() top-level p.d.f evaluates to zero @ !pdfs=(modelObs_s = 0/1,nuisancePdf = 1)

[#0] WARNING:Minization -- RooMinimizerFcn: Minimized function has error status.
Returning maximum FCN so far (710.388) to force MIGRAD to back out of this region. Error log follows
Parameter values: JER_ele=0.252746, JER_muon=1.80172, JES_ele=-0.791939, JES_muon=1.16018, QCD_stat_ele=-1.51031, QCD_stat_muon=0.774741, VBS_stat_ele=-0.821406, VBS_stat_muon=0.315059, ele_efficiency=-1.89781, ele_trigger=-0.0306439, fakephoton_ele=4.51869, fakephoton_muon=-0.257793, interference=-1.33219, lumi=-3.19753, mu_efficiency=-2.28444, mu_trigger=1.70923, non_prompt_stat_ele=6.76514, non_prompt_stat_muon=-1.41117, others_stat_ele=-0.21733, others_stat_muon=2.19147, others_xs=-2.44845, param=5.8198, pdf_ele=-1.19305, pdf_muon=-2.55779, photon_id=-1.01595, pileup=2.34736, scale_ele=-2.09722, scale_muon=-1.55727
RooProdPdf::model_s[ modelObs_s * nuisancePdf ]
     getLogVal() top-level p.d.f evaluates to zero @ !pdfs=(modelObs_s = 0/1,nuisancePdf = 1)


 -- Hybrid New -- 
CLs = 0.536364 +/- 0.0309431
Done in 14.26 min (cpu), 14.38 min (real)
