 <<< Combine >>> 
>>> including systematics
>>> using the Profile Likelihood test statistics modified for upper limits (Q_LHC)
>>> method used is HybridNew
>>> Used OpenSSL to get a really random seed 1495894035
Computing results starting from observation (a-posteriori)
[#0] WARNING:Minization -- RooMinimizerFcn: Minimized function has error status.
Returning maximum FCN so far (694.012) to force MIGRAD to back out of this region. Error log follows
Parameter values: JER_ele=1.64877, JER_muon=4.14191, JES_ele=0.0654076, JES_muon=1.0649, QCD_stat_ele=6.99418, QCD_stat_muon=6.20928, VBS_stat_ele=3.77345, VBS_stat_muon=0.996321, ele_efficiency=5.39018, ele_trigger=3.44298, fakephoton_ele=4.9068, fakephoton_muon=2.14123, interference=3.69053, lumi=3.8646, mu_efficiency=2.6023, mu_trigger=2.12621, non_prompt_stat_ele=-3.89748, non_prompt_stat_muon=3.77931, others_stat_ele=2.51588, others_stat_muon=2.87981, others_xs=3.59232, param=1.46061, pdf_ele=3.81396, pdf_muon=2.50966, photon_id=4.42912, pileup=1.636, scale_ele=6.99764, scale_muon=6.64984
RooProdPdf::model_s[ modelObs_s * nuisancePdf ]
     getLogVal() top-level p.d.f evaluates to zero @ !pdfs=(modelObs_s = 0/1,nuisancePdf = 1)

[#0] WARNING:Minization -- RooMinimizerFcn: Minimized function has error status.
Returning maximum FCN so far (924.956) to force MIGRAD to back out of this region. Error log follows
Parameter values: JER_ele=2.10565, JER_muon=3.55553, JES_ele=-2.89488, JES_muon=6.9864, QCD_stat_ele=6.06535, QCD_stat_muon=-5.30607, VBS_stat_ele=6.93866, VBS_stat_muon=6.00146, ele_efficiency=-5.48899, ele_trigger=6.65581, fakephoton_ele=6.34662, fakephoton_muon=6.98864, interference=5.79872, lumi=6.13104, mu_efficiency=6.83787, mu_trigger=6.93208, non_prompt_stat_ele=6.16053, non_prompt_stat_muon=4.86874, others_stat_ele=4.47819, others_stat_muon=6.88403, others_xs=6.86373, param=1.43908, pdf_ele=6.8711, pdf_muon=3.84055, photon_id=4.23284, pileup=4.43723, scale_ele=5.58248, scale_muon=3.10692
RooProdPdf::model_s[ modelObs_s * nuisancePdf ]
     getLogVal() top-level p.d.f evaluates to zero @ !pdfs=(modelObs_s = 0/1,nuisancePdf = 1)

[#0] WARNING:Minization -- RooMinimizerFcn: Minimized function has error status.
Returning maximum FCN so far (45.2041) to force MIGRAD to back out of this region. Error log follows
Parameter values: JER_ele=-1.61275, JER_muon=-1.71188, JES_ele=2.68855, JES_muon=6.54578, QCD_stat_ele=-4.11957, QCD_stat_muon=6.99967, VBS_stat_ele=3.35583, VBS_stat_muon=-0.822713, ele_efficiency=-1.7578, ele_trigger=-0.0499114, fakephoton_ele=6.10868, fakephoton_muon=-4.81498, interference=6.99375, lumi=6.052, mu_efficiency=-6.99902, mu_trigger=-5.47615, non_prompt_stat_ele=4.35633, non_prompt_stat_muon=-1.03146, others_stat_ele=-3.61609, others_stat_muon=-5.43039, others_xs=6.74389, param=2.45341, pdf_ele=3.93456, pdf_muon=-5.94035, photon_id=-2.71347, pileup=0.00388843, scale_ele=-4.11867, scale_muon=2.63614
RooProdPdf::model_s[ modelObs_s * nuisancePdf ]
     getLogVal() top-level p.d.f evaluates to zero @ !pdfs=(modelObs_s = 0/1,nuisancePdf = 1)

[#0] WARNING:Minization -- RooMinimizerFcn: Minimized function has error status.
Returning maximum FCN so far (353.957) to force MIGRAD to back out of this region. Error log follows
Parameter values: JER_ele=-6.25239, JER_muon=-6.43127, JES_ele=-5.66513, JES_muon=2.71345, QCD_stat_ele=5.13255, QCD_stat_muon=-0.315604, VBS_stat_ele=-0.704327, VBS_stat_muon=0.0946483, ele_efficiency=-4.06167, ele_trigger=-3.7155, fakephoton_ele=6.53581, fakephoton_muon=2.48249, interference=-1.17709, lumi=-0.427644, mu_efficiency=-0.45473, mu_trigger=-1.11676, non_prompt_stat_ele=5.21349, non_prompt_stat_muon=-0.149544, others_stat_ele=-6.54723, others_stat_muon=0.00758798, others_xs=-2.91015, param=2.0698, pdf_ele=-0.0487301, pdf_muon=-4.96202, photon_id=2.22708, pileup=-0.183175, scale_ele=-6.40755, scale_muon=-6.99961
RooProdPdf::model_s[ modelObs_s * nuisancePdf ]
     getLogVal() top-level p.d.f evaluates to zero @ !pdfs=(modelObs_s = 0/1,nuisancePdf = 1)

[#0] WARNING:Minization -- RooMinimizerFcn: Minimized function has error status.
Returning maximum FCN so far (761.286) to force MIGRAD to back out of this region. Error log follows
Parameter values: JER_ele=-6.98672, JER_muon=-3.52601, JES_ele=3.72489, JES_muon=1.39266, QCD_stat_ele=6.28913, QCD_stat_muon=2.59563, VBS_stat_ele=4.69952, VBS_stat_muon=-6.13054, ele_efficiency=-6.12339, ele_trigger=-1.61813, fakephoton_ele=6.91175, fakephoton_muon=-0.638476, interference=4.58263, lumi=6.52366, mu_efficiency=6.80045, mu_trigger=6.68533, non_prompt_stat_ele=6.71211, non_prompt_stat_muon=-1.05331, others_stat_ele=-5.5012, others_stat_muon=6.73868, others_xs=-6.99457, param=1.7097, pdf_ele=-6.96387, pdf_muon=6.83879, photon_id=-6.08364, pileup=-5.74845, scale_ele=-4.5297, scale_muon=-6.99657
RooProdPdf::model_s[ modelObs_s * nuisancePdf ]
     getLogVal() top-level p.d.f evaluates to zero @ !pdfs=(modelObs_s = 0/1,nuisancePdf = 1)

[#0] WARNING:Minization -- RooMinimizerFcn: Minimized function has error status.
Returning maximum FCN so far (761.286) to force MIGRAD to back out of this region. Error log follows
Parameter values: JER_ele=-6.97221, JER_muon=5.66255, JES_ele=1.67107, JES_muon=-0.639066, QCD_stat_ele=5.64054, QCD_stat_muon=6.99099, VBS_stat_ele=-1.01697, VBS_stat_muon=2.39493, ele_efficiency=-6.97386, ele_trigger=1.15093, fakephoton_ele=4.45517, fakephoton_muon=6.61967, interference=-1.53496, lumi=-1.12077, mu_efficiency=5.97096, mu_trigger=-4.1927, non_prompt_stat_ele=6.4022, non_prompt_stat_muon=6.5801, others_stat_ele=5.07053, others_stat_muon=6.52935, others_xs=1.25259, param=1.72671, pdf_ele=-4.54571, pdf_muon=3.67767, photon_id=-3.69662, pileup=3.53897, scale_ele=-6.09432, scale_muon=5.25445
RooProdPdf::model_s[ modelObs_s * nuisancePdf ]
     getLogVal() top-level p.d.f evaluates to zero @ !pdfs=(modelObs_s = 0/1,nuisancePdf = 1)

[#0] WARNING:Minization -- RooMinimizerFcn: Minimized function has error status.
Returning maximum FCN so far (821.364) to force MIGRAD to back out of this region. Error log follows
Parameter values: JER_ele=-6.62099, JER_muon=2.7031, JES_ele=1.60282, JES_muon=5.64508, QCD_stat_ele=3.84502, QCD_stat_muon=-0.10996, VBS_stat_ele=2.35424, VBS_stat_muon=1.66151, ele_efficiency=-0.0840069, ele_trigger=3.65756, fakephoton_ele=6.33078, fakephoton_muon=2.0687, interference=1.08058, lumi=2.23933, mu_efficiency=-5.03636, mu_trigger=3.17794, non_prompt_stat_ele=6.99901, non_prompt_stat_muon=1.65054, others_stat_ele=6.15804, others_stat_muon=3.68081, others_xs=6.38839, param=1.72359, pdf_ele=4.1279, pdf_muon=6.1014, photon_id=4.217, pileup=6.99213, scale_ele=5.63315, scale_muon=2.46849
RooProdPdf::model_s[ modelObs_s * nuisancePdf ]
     getLogVal() top-level p.d.f evaluates to zero @ !pdfs=(modelObs_s = 0/1,nuisancePdf = 1)

[#0] WARNING:Minization -- RooMinimizerFcn: Minimized function has error status.
Returning maximum FCN so far (1025.01) to force MIGRAD to back out of this region. Error log follows
Parameter values: JER_ele=-6.09566, JER_muon=3.10646, JES_ele=1.64922, JES_muon=5.8595, QCD_stat_ele=6.5438, QCD_stat_muon=-1.98423, VBS_stat_ele=0.790653, VBS_stat_muon=4.16656, ele_efficiency=0.264516, ele_trigger=2.1502, fakephoton_ele=6.23375, fakephoton_muon=2.0591, interference=2.54749, lumi=3.10353, mu_efficiency=-2.75001, mu_trigger=4.48825, non_prompt_stat_ele=6.74429, non_prompt_stat_muon=2.14955, others_stat_ele=4.89258, others_stat_muon=4.01981, others_xs=5.25809, param=1.71978, pdf_ele=2.45594, pdf_muon=6.84255, photon_id=6.26841, pileup=6.7573, scale_ele=6.83504, scale_muon=0.709086
RooProdPdf::model_s[ modelObs_s * nuisancePdf ]
     getLogVal() top-level p.d.f evaluates to zero @ !pdfs=(modelObs_s = 0/1,nuisancePdf = 1)

[#0] WARNING:Minization -- RooMinimizerFcn: Minimized function has error status.
Returning maximum FCN so far (836.101) to force MIGRAD to back out of this region. Error log follows
Parameter values: JER_ele=-0.143506, JER_muon=5.69361, JES_ele=-1.73122, JES_muon=-6.9336, QCD_stat_ele=-6.61352, QCD_stat_muon=-3.58834, VBS_stat_ele=-1.57436, VBS_stat_muon=-6.99201, ele_efficiency=-5.1703, ele_trigger=3.95231, fakephoton_ele=6.1024, fakephoton_muon=3.81472, interference=2.15533, lumi=2.9821, mu_efficiency=-5.51647, mu_trigger=-6.27139, non_prompt_stat_ele=6.97883, non_prompt_stat_muon=-6.88846, others_stat_ele=-3.31087, others_stat_muon=6.88763, others_xs=5.7092, param=2.42515, pdf_ele=0.519836, pdf_muon=-6.77783, photon_id=-2.28089, pileup=-6.0568, scale_ele=2.40581, scale_muon=-1.16373
RooProdPdf::model_s[ modelObs_s * nuisancePdf ]
     getLogVal() top-level p.d.f evaluates to zero @ !pdfs=(modelObs_s = 0/1,nuisancePdf = 1)

[#0] WARNING:Minization -- RooMinimizerFcn: Minimized function has error status.
Returning maximum FCN so far (517.421) to force MIGRAD to back out of this region. Error log follows
Parameter values: JER_ele=3.63937, JER_muon=6.83142, JES_ele=-1.36225, JES_muon=5.39005, QCD_stat_ele=6.55486, QCD_stat_muon=-6.92302, VBS_stat_ele=0.0500871, VBS_stat_muon=2.2203, ele_efficiency=-5.43394, ele_trigger=-2.10643, fakephoton_ele=6.14269, fakephoton_muon=-6.19799, interference=4.90518, lumi=-5.0653, mu_efficiency=-4.29986, mu_trigger=-6.98979, non_prompt_stat_ele=6.6123, non_prompt_stat_muon=4.19149, others_stat_ele=4.99071, others_stat_muon=-3.14484, others_xs=5.23765, param=1.87317, pdf_ele=5.7622, pdf_muon=6.99911, photon_id=-1.3356, pileup=1.87922, scale_ele=6.7668, scale_muon=6.84764
RooProdPdf::model_s[ modelObs_s * nuisancePdf ]
     getLogVal() top-level p.d.f evaluates to zero @ !pdfs=(modelObs_s = 0/1,nuisancePdf = 1)

[#0] WARNING:Minization -- RooMinimizerFcn: Minimized function has error status.
Returning maximum FCN so far (517.421) to force MIGRAD to back out of this region. Error log follows
Parameter values: JER_ele=0.661856, JER_muon=4.05192, JES_ele=1.80719, JES_muon=6.16466, QCD_stat_ele=-1.11717, QCD_stat_muon=6.75325, VBS_stat_ele=1.63942, VBS_stat_muon=4.86303, ele_efficiency=0.336343, ele_trigger=1.2973, fakephoton_ele=6.68038, fakephoton_muon=2.34336, interference=3.17066, lumi=2.97947, mu_efficiency=1.48021, mu_trigger=5.09988, non_prompt_stat_ele=6.20438, non_prompt_stat_muon=5.06764, others_stat_ele=1.78844, others_stat_muon=5.15705, others_xs=3.22282, param=1.70523, pdf_ele=2.02929, pdf_muon=6.96877, photon_id=6.99564, pileup=0.688994, scale_ele=2.95742, scale_muon=4.73175
RooProdPdf::model_s[ modelObs_s * nuisancePdf ]
     getLogVal() top-level p.d.f evaluates to zero @ !pdfs=(modelObs_s = 0/1,nuisancePdf = 1)

[#0] WARNING:Minization -- RooMinimizerFcn: Minimized function has error status.
Returning maximum FCN so far (517.421) to force MIGRAD to back out of this region. Error log follows
Parameter values: JER_ele=-6.05714, JER_muon=-6.18262, JES_ele=-6.90956, JES_muon=6.91593, QCD_stat_ele=-4.81909, QCD_stat_muon=-3.4161, VBS_stat_ele=-4.7346, VBS_stat_muon=-1.51726, ele_efficiency=5.55912, ele_trigger=-0.867994, fakephoton_ele=6.34762, fakephoton_muon=3.96562, interference=-4.40421, lumi=-1.58643, mu_efficiency=-5.48815, mu_trigger=-5.28393, non_prompt_stat_ele=6.46455, non_prompt_stat_muon=-6.59176, others_stat_ele=-1.42971, others_stat_muon=2.14548, others_xs=-6.9434, param=1.74925, pdf_ele=6.7386, pdf_muon=-4.21448, photon_id=-6.9284, pileup=-5.93349, scale_ele=3.16488, scale_muon=3.29126
RooProdPdf::model_s[ modelObs_s * nuisancePdf ]
     getLogVal() top-level p.d.f evaluates to zero @ !pdfs=(modelObs_s = 0/1,nuisancePdf = 1)

[#0] WARNING:Minization -- RooMinimizerFcn: Minimized function has error status.
Returning maximum FCN so far (517.421) to force MIGRAD to back out of this region. Error log follows
Parameter values: JER_ele=1.34477, JER_muon=4.15925, JES_ele=2.33809, JES_muon=6.57766, QCD_stat_ele=0.22871, QCD_stat_muon=5.07112, VBS_stat_ele=0.644369, VBS_stat_muon=4.5459, ele_efficiency=0.382662, ele_trigger=1.60426, fakephoton_ele=6.99552, fakephoton_muon=2.61005, interference=2.92088, lumi=3.49582, mu_efficiency=1.64656, mu_trigger=4.93878, non_prompt_stat_ele=1.74204, non_prompt_stat_muon=5.16097, others_stat_ele=2.19, others_stat_muon=5.01189, others_xs=3.40401, param=1.70625, pdf_ele=1.82801, pdf_muon=6.99833, photon_id=6.95713, pileup=-0.0185997, scale_ele=4.45719, scale_muon=1.01781
RooProdPdf::model_s[ modelObs_s * nuisancePdf ]
     getLogVal() top-level p.d.f evaluates to zero @ !pdfs=(modelObs_s = 0/1,nuisancePdf = 1)

[#0] WARNING:Minization -- RooMinimizerFcn: Minimized function has error status.
Returning maximum FCN so far (605.972) to force MIGRAD to back out of this region. Error log follows
Parameter values: JER_ele=3.47701, JER_muon=3.62122, JES_ele=3.63501, JES_muon=6.20773, QCD_stat_ele=5.53967, QCD_stat_muon=5.92944, VBS_stat_ele=0.795075, VBS_stat_muon=3.60277, ele_efficiency=0.666175, ele_trigger=2.80872, fakephoton_ele=5.99592, fakephoton_muon=2.3226, interference=2.25645, lumi=4.68006, mu_efficiency=1.47121, mu_trigger=3.60946, non_prompt_stat_ele=6.99911, non_prompt_stat_muon=4.24711, others_stat_ele=5.07971, others_stat_muon=1.81722, others_xs=5.44384, param=1.71616, pdf_ele=2.80046, pdf_muon=6.81796, photon_id=6.9763, pileup=-1.37363, scale_ele=6.53053, scale_muon=2.69948
RooProdPdf::model_s[ modelObs_s * nuisancePdf ]
     getLogVal() top-level p.d.f evaluates to zero @ !pdfs=(modelObs_s = 0/1,nuisancePdf = 1)

[#0] WARNING:Minization -- RooMinimizerFcn: Minimized function has error status.
Returning maximum FCN so far (990.546) to force MIGRAD to back out of this region. Error log follows
Parameter values: JER_ele=6.15784, JER_muon=6.97013, JES_ele=2.65635, JES_muon=6.04191, QCD_stat_ele=4.18882, QCD_stat_muon=3.54795, VBS_stat_ele=1.51036, VBS_stat_muon=6.995, ele_efficiency=3.35544, ele_trigger=3.58655, fakephoton_ele=-0.175549, fakephoton_muon=6.52405, interference=6.55947, lumi=6.87888, mu_efficiency=2.35182, mu_trigger=4.83276, non_prompt_stat_ele=3.31215, non_prompt_stat_muon=4.80837, others_stat_ele=1.88515, others_stat_muon=6.78727, others_xs=6.56261, param=2.39878, pdf_ele=0.295756, pdf_muon=5.22025, photon_id=6.92481, pileup=-3.90816, scale_ele=-4.53336, scale_muon=6.9544
RooProdPdf::model_s[ modelObs_s * nuisancePdf ]
     getLogVal() top-level p.d.f evaluates to zero @ !pdfs=(modelObs_s = 0/1,nuisancePdf = 1)

[#0] WARNING:Minization -- RooMinimizerFcn: Minimized function has error status.
Returning maximum FCN so far (990.546) to force MIGRAD to back out of this region. Error log follows
Parameter values: JER_ele=5.79393, JER_muon=6.99991, JES_ele=1.13084, JES_muon=5.07016, QCD_stat_ele=6.76299, QCD_stat_muon=3.08572, VBS_stat_ele=0.806829, VBS_stat_muon=6.92216, ele_efficiency=2.39036, ele_trigger=2.15736, fakephoton_ele=1.15328, fakephoton_muon=6.43374, interference=6.2572, lumi=6.61768, mu_efficiency=2.29918, mu_trigger=5.542, non_prompt_stat_ele=5.16711, non_prompt_stat_muon=5.57866, others_stat_ele=1.27735, others_stat_muon=6.05758, others_xs=6.51444, param=2.40114, pdf_ele=-0.632118, pdf_muon=5.42194, photon_id=6.90716, pileup=-3.00242, scale_ele=4.10414, scale_muon=4.91752
RooProdPdf::model_s[ modelObs_s * nuisancePdf ]
     getLogVal() top-level p.d.f evaluates to zero @ !pdfs=(modelObs_s = 0/1,nuisancePdf = 1)

[#0] WARNING:Minization -- RooMinimizerFcn: Minimized function has error status.
Returning maximum FCN so far (577.423) to force MIGRAD to back out of this region. Error log follows
Parameter values: JER_ele=3.95251, JER_muon=-1.46139, JES_ele=1.43105, JES_muon=3.13167, QCD_stat_ele=2.82231, QCD_stat_muon=5.93536, VBS_stat_ele=1.36137, VBS_stat_muon=-1.85948, ele_efficiency=0.0785248, ele_trigger=1.98438, fakephoton_ele=6.98453, fakephoton_muon=0.377775, interference=3.05579, lumi=0.57911, mu_efficiency=0.379657, mu_trigger=1.42312, non_prompt_stat_ele=5.9808, non_prompt_stat_muon=4.58958, others_stat_ele=1.8947, others_stat_muon=-3.75503, others_xs=0.214859, param=2.20877, pdf_ele=3.23966, pdf_muon=2.36209, photon_id=3.72686, pileup=1.7259, scale_ele=6.92673, scale_muon=-5.43959
RooProdPdf::model_s[ modelObs_s * nuisancePdf ]
     getLogVal() top-level p.d.f evaluates to zero @ !pdfs=(modelObs_s = 0/1,nuisancePdf = 1)

[#0] WARNING:Minization -- RooMinimizerFcn: Minimized function has error status.
Returning maximum FCN so far (761.361) to force MIGRAD to back out of this region. Error log follows
Parameter values: JER_ele=-5.32031, JER_muon=6.97138, JES_ele=6.87022, JES_muon=-6.95198, QCD_stat_ele=-4.11159, QCD_stat_muon=-4.814, VBS_stat_ele=-3.42978, VBS_stat_muon=-6.75956, ele_efficiency=0.475701, ele_trigger=-0.129427, fakephoton_ele=-1.3877, fakephoton_muon=6.92115, interference=1.06592, lumi=2.0831, mu_efficiency=5.3244, mu_trigger=5.38193, non_prompt_stat_ele=5.36715, non_prompt_stat_muon=6.99641, others_stat_ele=-1.59853, others_stat_muon=6.70555, others_xs=-5.4963, param=2.13831, pdf_ele=-4.76729, pdf_muon=-0.0689474, photon_id=-0.505372, pileup=-1.59202, scale_ele=5.9069, scale_muon=-1.30012
RooProdPdf::model_s[ modelObs_s * nuisancePdf ]
     getLogVal() top-level p.d.f evaluates to zero @ !pdfs=(modelObs_s = 0/1,nuisancePdf = 1)

[#0] WARNING:Minization -- RooMinimizerFcn: Minimized function has error status.
Returning maximum FCN so far (849.003) to force MIGRAD to back out of this region. Error log follows
Parameter values: JER_ele=2.0901, JER_muon=-0.622256, JES_ele=1.55558, JES_muon=1.12625, QCD_stat_ele=3.50326, QCD_stat_muon=4.67574, VBS_stat_ele=2.28594, VBS_stat_muon=-2.19154, ele_efficiency=0.282127, ele_trigger=1.48382, fakephoton_ele=6.29804, fakephoton_muon=1.094, interference=1.04205, lumi=0.46919, mu_efficiency=0.117646, mu_trigger=0.45546, non_prompt_stat_ele=6.95699, non_prompt_stat_muon=3.33015, others_stat_ele=2.36259, others_stat_muon=-2.83195, others_xs=0.232252, param=2.21254, pdf_ele=1.86878, pdf_muon=1.51675, photon_id=2.63853, pileup=0.517085, scale_ele=5.96504, scale_muon=-3.16185
RooProdPdf::model_s[ modelObs_s * nuisancePdf ]
     getLogVal() top-level p.d.f evaluates to zero @ !pdfs=(modelObs_s = 0/1,nuisancePdf = 1)

[#0] WARNING:Minization -- RooMinimizerFcn: Minimized function has error status.
Returning maximum FCN so far (885.473) to force MIGRAD to back out of this region. Error log follows
Parameter values: JER_ele=1.09942, JER_muon=-0.037629, JES_ele=2.19927, JES_muon=-0.111139, QCD_stat_ele=4.74241, QCD_stat_muon=4.24427, VBS_stat_ele=3.02291, VBS_stat_muon=-2.1918, ele_efficiency=0.497283, ele_trigger=1.62849, fakephoton_ele=6.7068, fakephoton_muon=1.3955, interference=-0.193679, lumi=0.678109, mu_efficiency=-0.00790739, mu_trigger=-0.0138124, non_prompt_stat_ele=6.52728, non_prompt_stat_muon=2.40109, others_stat_ele=3.03696, others_stat_muon=-1.88784, others_xs=0.62533, param=2.20868, pdf_ele=1.65254, pdf_muon=1.11232, photon_id=2.69807, pileup=-0.135821, scale_ele=6.15147, scale_muon=-1.61944
RooProdPdf::model_s[ modelObs_s * nuisancePdf ]
     getLogVal() top-level p.d.f evaluates to zero @ !pdfs=(modelObs_s = 0/1,nuisancePdf = 1)

[#0] WARNING:Minization -- RooMinimizerFcn: Minimized function has error status.
Returning maximum FCN so far (1039) to force MIGRAD to back out of this region. Error log follows
Parameter values: JER_ele=4.40508, JER_muon=3.31453, JES_ele=-3.4736, JES_muon=-6.83444, QCD_stat_ele=-4.01398, QCD_stat_muon=-3.17637, VBS_stat_ele=6.91106, VBS_stat_muon=-4.84355, ele_efficiency=3.87582, ele_trigger=-6.78971, fakephoton_ele=6.73382, fakephoton_muon=-4.36472, interference=4.58763, lumi=3.28638, mu_efficiency=-1.73927, mu_trigger=1.27294, non_prompt_stat_ele=6.99071, non_prompt_stat_muon=6.15507, others_stat_ele=-4.17359, others_stat_muon=6.66684, others_xs=1.83535, param=1.28949, pdf_ele=-2.3227, pdf_muon=-3.58747, photon_id=-6.99539, pileup=-6.54636, scale_ele=-6.76574, scale_muon=2.74501
RooProdPdf::model_s[ modelObs_s * nuisancePdf ]
     getLogVal() top-level p.d.f evaluates to zero @ !pdfs=(modelObs_s = 0/1,nuisancePdf = 1)

[#0] WARNING:Minization -- RooMinimizerFcn: Minimized function has error status.
Returning maximum FCN so far (1039) to force MIGRAD to back out of this region. Error log follows
Parameter values: JER_ele=-6.39529, JER_muon=-6.16887, JES_ele=-4.82567, JES_muon=-6.55502, QCD_stat_ele=4.63007, QCD_stat_muon=-6.04706, VBS_stat_ele=-2.01212, VBS_stat_muon=6.90028, ele_efficiency=-6.26495, ele_trigger=3.25288, fakephoton_ele=5.80309, fakephoton_muon=-6.98586, interference=0.703992, lumi=-2.98831, mu_efficiency=2.1576, mu_trigger=5.58425, non_prompt_stat_ele=6.42532, non_prompt_stat_muon=5.32423, others_stat_ele=-6.99635, others_stat_muon=1.13867, others_xs=-1.58988, param=2.02782, pdf_ele=-6.85889, pdf_muon=-1.77998, photon_id=1.63519, pileup=6.99115, scale_ele=-1.3001, scale_muon=-6.58173
RooProdPdf::model_s[ modelObs_s * nuisancePdf ]
     getLogVal() top-level p.d.f evaluates to zero @ !pdfs=(modelObs_s = 0/1,nuisancePdf = 1)

[#0] WARNING:Minization -- RooMinimizerFcn: Minimized function has error status.
Returning maximum FCN so far (1039) to force MIGRAD to back out of this region. Error log follows
Parameter values: JER_ele=0.367523, JER_muon=0.28509, JES_ele=1.30902, JES_muon=0.169462, QCD_stat_ele=1.80065, QCD_stat_muon=1.45409, VBS_stat_ele=1.79276, VBS_stat_muon=0.731661, ele_efficiency=0.571856, ele_trigger=1.07164, fakephoton_ele=4.98853, fakephoton_muon=0.510028, interference=-0.0962241, lumi=0.771106, mu_efficiency=0.221809, mu_trigger=-0.283892, non_prompt_stat_ele=5.71895, non_prompt_stat_muon=0.0241134, others_stat_ele=2.01281, others_stat_muon=0.0773875, others_xs=0.77996, param=2.01239, pdf_ele=1.87819, pdf_muon=0.184415, photon_id=1.68997, pileup=0.0870824, scale_ele=3.76882, scale_muon=2.32848
RooProdPdf::model_s[ modelObs_s * nuisancePdf ]
     getLogVal() top-level p.d.f evaluates to zero @ !pdfs=(modelObs_s = 0/1,nuisancePdf = 1)

[#0] WARNING:Minization -- RooMinimizerFcn: Minimized function has error status.
Returning maximum FCN so far (636.743) to force MIGRAD to back out of this region. Error log follows
Parameter values: JER_ele=-5.7228, JER_muon=-3.21474, JES_ele=2.07472, JES_muon=-6.99371, QCD_stat_ele=-0.716769, QCD_stat_muon=2.64513, VBS_stat_ele=1.37783, VBS_stat_muon=4.44123, ele_efficiency=-6.88699, ele_trigger=4.05765, fakephoton_ele=2.53502, fakephoton_muon=-6.69977, interference=2.34162, lumi=-6.68772, mu_efficiency=5.75879, mu_trigger=-3.86766, non_prompt_stat_ele=6.92064, non_prompt_stat_muon=-6.71866, others_stat_ele=-6.83235, others_stat_muon=6.96864, others_xs=-5.43451, param=2.27934, pdf_ele=-0.258584, pdf_muon=6.91661, photon_id=5.52078, pileup=-5.78271, scale_ele=5.43218, scale_muon=-2.37001
RooProdPdf::model_s[ modelObs_s * nuisancePdf ]
     getLogVal() top-level p.d.f evaluates to zero @ !pdfs=(modelObs_s = 0/1,nuisancePdf = 1)

[#0] WARNING:Minization -- RooMinimizerFcn: Minimized function has error status.
Returning maximum FCN so far (636.743) to force MIGRAD to back out of this region. Error log follows
Parameter values: JER_ele=6.96989, JER_muon=6.98264, JES_ele=-5.35249, JES_muon=4.59894, QCD_stat_ele=5.62306, QCD_stat_muon=1.44522, VBS_stat_ele=5.99504, VBS_stat_muon=6.17402, ele_efficiency=-2.09765, ele_trigger=-6.95016, fakephoton_ele=5.18143, fakephoton_muon=6.87512, interference=-6.71499, lumi=6.58109, mu_efficiency=-2.16636, mu_trigger=3.52848, non_prompt_stat_ele=4.80666, non_prompt_stat_muon=6.72512, others_stat_ele=-0.43714, others_stat_muon=0.647665, others_xs=-6.9566, param=2.28897, pdf_ele=4.74496, pdf_muon=6.99956, photon_id=4.45134, pileup=2.28643, scale_ele=6.56872, scale_muon=6.42276
RooProdPdf::model_s[ modelObs_s * nuisancePdf ]
     getLogVal() top-level p.d.f evaluates to zero @ !pdfs=(modelObs_s = 0/1,nuisancePdf = 1)

[#0] WARNING:Minization -- RooMinimizerFcn: Minimized function has error status.
Returning maximum FCN so far (636.743) to force MIGRAD to back out of this region. Error log follows
Parameter values: JER_ele=6.22858, JER_muon=6.89191, JES_ele=-0.672126, JES_muon=5.85773, QCD_stat_ele=5.33733, QCD_stat_muon=6.91474, VBS_stat_ele=5.11282, VBS_stat_muon=6.34681, ele_efficiency=-0.672598, ele_trigger=-3.95823, fakephoton_ele=6.60137, fakephoton_muon=6.84974, interference=-3.25758, lumi=6.38858, mu_efficiency=-0.420535, mu_trigger=4.93468, non_prompt_stat_ele=6.75174, non_prompt_stat_muon=6.99207, others_stat_ele=3.36203, others_stat_muon=5.31291, others_xs=-2.48533, param=2.29107, pdf_ele=5.46986, pdf_muon=6.83165, photon_id=6.96721, pileup=1.60176, scale_ele=6.51696, scale_muon=2.33469
RooProdPdf::model_s[ modelObs_s * nuisancePdf ]
     getLogVal() top-level p.d.f evaluates to zero @ !pdfs=(modelObs_s = 0/1,nuisancePdf = 1)

[#0] WARNING:Minization -- RooMinimizerFcn: Minimized function has error status.
Returning maximum FCN so far (636.743) to force MIGRAD to back out of this region. Error log follows
Parameter values: JER_ele=2.51238, JER_muon=3.68745, JES_ele=0.416505, JES_muon=2.59552, QCD_stat_ele=5.24703, QCD_stat_muon=5.35542, VBS_stat_ele=1.50071, VBS_stat_muon=2.97154, ele_efficiency=-0.0986339, ele_trigger=-1.21088, fakephoton_ele=3.39416, fakephoton_muon=3.78411, interference=-0.733981, lumi=2.89216, mu_efficiency=0.0642665, mu_trigger=2.24345, non_prompt_stat_ele=3.60213, non_prompt_stat_muon=4.36141, others_stat_ele=1.33161, others_stat_muon=3.45718, others_xs=-0.635898, param=2.29527, pdf_ele=1.96532, pdf_muon=5.25767, photon_id=3.66856, pileup=0.509409, scale_ele=5.07158, scale_muon=6.48041
RooProdPdf::model_s[ modelObs_s * nuisancePdf ]
     getLogVal() top-level p.d.f evaluates to zero @ !pdfs=(modelObs_s = 0/1,nuisancePdf = 1)

[#0] WARNING:Minization -- RooMinimizerFcn: Minimized function has error status.
Returning maximum FCN so far (877.816) to force MIGRAD to back out of this region. Error log follows
Parameter values: JER_ele=4.02899, JER_muon=0.069526, JES_ele=-6.74084, JES_muon=6.62207, QCD_stat_ele=-6.64095, QCD_stat_muon=3.73755, VBS_stat_ele=5.30119, VBS_stat_muon=-6.93883, ele_efficiency=-2.62283, ele_trigger=-6.31894, fakephoton_ele=6.87491, fakephoton_muon=4.2322, interference=-6.95018, lumi=-4.50523, mu_efficiency=-6.66867, mu_trigger=6.99053, non_prompt_stat_ele=4.46821, non_prompt_stat_muon=-4.80749, others_stat_ele=-4.89532, others_stat_muon=-6.84052, others_xs=-4.35758, param=1.81995, pdf_ele=-2.19766, pdf_muon=-6.99463, photon_id=-3.18012, pileup=-2.19737, scale_ele=3.18444, scale_muon=-0.60844
RooProdPdf::model_s[ modelObs_s * nuisancePdf ]
     getLogVal() top-level p.d.f evaluates to zero @ !pdfs=(modelObs_s = 0/1,nuisancePdf = 1)

[#0] WARNING:Minization -- RooMinimizerFcn: Minimized function has error status.
Returning maximum FCN so far (877.816) to force MIGRAD to back out of this region. Error log follows
Parameter values: JER_ele=-6.99792, JER_muon=4.50894, JES_ele=-6.59982, JES_muon=-6.61132, QCD_stat_ele=5.97273, QCD_stat_muon=6.27152, VBS_stat_ele=-5.27177, VBS_stat_muon=-5.03412, ele_efficiency=6.98972, ele_trigger=-6.95657, fakephoton_ele=5.43135, fakephoton_muon=-6.94766, interference=6.60826, lumi=6.57542, mu_efficiency=-6.97654, mu_trigger=-4.99409, non_prompt_stat_ele=4.24975, non_prompt_stat_muon=-1.46815, others_stat_ele=-1.87006, others_stat_muon=-3.90305, others_xs=5.35192, param=2.13432, pdf_ele=6.91492, pdf_muon=-6.73718, photon_id=1.84665, pileup=6.99985, scale_ele=-3.53354, scale_muon=2.81081
RooProdPdf::model_s[ modelObs_s * nuisancePdf ]
     getLogVal() top-level p.d.f evaluates to zero @ !pdfs=(modelObs_s = 0/1,nuisancePdf = 1)


 -- Hybrid New -- 
CLs = 0.985887 +/- 0.0103168
Done in 20.94 min (cpu), 21.15 min (real)
