ZZJJTo4L_QCD
/data/pubfs/tyyang99/jupyter_files/pkutree/coffea_newid_mc_ssww_parquet/ZZJJTo4L_QCD/0/0.parquet 	1/8
22
19
39
/data/pubfs/tyyang99/jupyter_files/pkutree/coffea_newid_mc_ssww_parquet/ZZJJTo4L_QCD/1/1.parquet 	2/8
3
3
1
/data/pubfs/tyyang99/jupyter_files/pkutree/coffea_newid_mc_ssww_parquet/ZZJJTo4L_QCD/2/2.parquet 	3/8
42
33
127
/data/pubfs/tyyang99/jupyter_files/pkutree/coffea_newid_mc_ssww_parquet/ZZJJTo4L_QCD/3/3.parquet 	4/8
58
46
118
/data/pubfs/tyyang99/jupyter_files/pkutree/coffea_newid_mc_ssww_parquet/ZZJJTo4L_QCD/4/4.parquet 	5/8
71
57
139
/data/pubfs/tyyang99/jupyter_files/pkutree/coffea_newid_mc_ssww_parquet/ZZJJTo4L_QCD/5/5.parquet 	6/8
48
41
135
/data/pubfs/tyyang99/jupyter_files/pkutree/coffea_newid_mc_ssww_parquet/ZZJJTo4L_QCD/6/6.parquet 	7/8
75
62
156
/data/pubfs/tyyang99/jupyter_files/pkutree/coffea_newid_mc_ssww_parquet/ZZJJTo4L_QCD/7/7.parquet 	8/8
8
5
32
job done!
