000 (5187707.000.000) 10/19 15:03:24 Job submitted from host: <137.138.120.116:9618?addrs=137.138.120.116-9618+[2001-1458-d00-16--17b]-9618&alias=bigbird12.cern.ch&noUDP&sock=schedd_1819_42dc_3>
...
040 (5187707.000.000) 10/19 15:12:49 Started transferring input files
	Transferring to host: <188.184.138.107:9618?addrs=188.184.138.107-9618+[2001-1458-301-45--100-87]-9618&noUDP&sock=31114_60aa_80904>
...
040 (5187707.000.000) 10/19 15:12:49 Finished transferring input files
...
001 (5187707.000.000) 10/19 15:12:50 Job executing on host: <188.184.138.107:9618?addrs=188.184.138.107-9618+[2001-1458-301-45--100-87]-9618&noUDP&sock=5579_4ef5_3>
...
006 (5187707.000.000) 10/19 15:12:59 Image size of job updated: 25724
	8  -  MemoryUsage of job (MB)
	7576  -  ResidentSetSize of job (KB)
...
006 (5187707.000.000) 10/19 15:18:00 Image size of job updated: 396388
	318  -  MemoryUsage of job (MB)
	325216  -  ResidentSetSize of job (KB)
...
006 (5187707.000.000) 10/19 15:23:01 Image size of job updated: 409248
	331  -  MemoryUsage of job (MB)
	338076  -  ResidentSetSize of job (KB)
...
006 (5187707.000.000) 10/19 15:28:01 Image size of job updated: 411756
	333  -  MemoryUsage of job (MB)
	340584  -  ResidentSetSize of job (KB)
...
006 (5187707.000.000) 10/19 15:33:01 Image size of job updated: 411800
	333  -  MemoryUsage of job (MB)
	340616  -  ResidentSetSize of job (KB)
...
040 (5187707.000.000) 10/19 15:33:01 Started transferring output files
...
040 (5187707.000.000) 10/19 15:33:01 Finished transferring output files
...
009 (5187707.000.000) 10/19 15:33:01 Job was aborted.
	Job removed by SYSTEM_PERIODIC_REMOVE due to wall time exceeded allowed max.
...
