DoubleMuon_Run2018C
/data/pubfs/tyyang99/jupyter_files/pkutree/coffea_newid_data_ssww_parquet/DoubleMuon_Run2018C/0/0.parquet 	1/29
2
1
161
/data/pubfs/tyyang99/jupyter_files/pkutree/coffea_newid_data_ssww_parquet/DoubleMuon_Run2018C/1/1.parquet 	2/29
1
1
199
/data/pubfs/tyyang99/jupyter_files/pkutree/coffea_newid_data_ssww_parquet/DoubleMuon_Run2018C/2/2.parquet 	3/29
3
1
180
/data/pubfs/tyyang99/jupyter_files/pkutree/coffea_newid_data_ssww_parquet/DoubleMuon_Run2018C/3/3.parquet 	4/29
6
1
235
/data/pubfs/tyyang99/jupyter_files/pkutree/coffea_newid_data_ssww_parquet/DoubleMuon_Run2018C/4/4.parquet 	5/29
0
0
146
/data/pubfs/tyyang99/jupyter_files/pkutree/coffea_newid_data_ssww_parquet/DoubleMuon_Run2018C/5/5.parquet 	6/29
2
2
294
/data/pubfs/tyyang99/jupyter_files/pkutree/coffea_newid_data_ssww_parquet/DoubleMuon_Run2018C/6/6.parquet 	7/29
0
0
113
/data/pubfs/tyyang99/jupyter_files/pkutree/coffea_newid_data_ssww_parquet/DoubleMuon_Run2018C/7/7.parquet 	8/29
2
0
117
/data/pubfs/tyyang99/jupyter_files/pkutree/coffea_newid_data_ssww_parquet/DoubleMuon_Run2018C/8/8.parquet 	9/29
3
2
144
/data/pubfs/tyyang99/jupyter_files/pkutree/coffea_newid_data_ssww_parquet/DoubleMuon_Run2018C/9/9.parquet 	10/29
0
0
29
/data/pubfs/tyyang99/jupyter_files/pkutree/coffea_newid_data_ssww_parquet/DoubleMuon_Run2018C/10/10.parquet 	11/29
1
0
97
/data/pubfs/tyyang99/jupyter_files/pkutree/coffea_newid_data_ssww_parquet/DoubleMuon_Run2018C/11/11.parquet 	12/29
1
1
151
/data/pubfs/tyyang99/jupyter_files/pkutree/coffea_newid_data_ssww_parquet/DoubleMuon_Run2018C/12/12.parquet 	13/29
0
0
79
/data/pubfs/tyyang99/jupyter_files/pkutree/coffea_newid_data_ssww_parquet/DoubleMuon_Run2018C/13/13.parquet 	14/29
0
0
82
/data/pubfs/tyyang99/jupyter_files/pkutree/coffea_newid_data_ssww_parquet/DoubleMuon_Run2018C/14/14.parquet 	15/29
1
0
144
/data/pubfs/tyyang99/jupyter_files/pkutree/coffea_newid_data_ssww_parquet/DoubleMuon_Run2018C/15/15.parquet 	16/29
1
0
127
/data/pubfs/tyyang99/jupyter_files/pkutree/coffea_newid_data_ssww_parquet/DoubleMuon_Run2018C/16/16.parquet 	17/29
0
0
152
/data/pubfs/tyyang99/jupyter_files/pkutree/coffea_newid_data_ssww_parquet/DoubleMuon_Run2018C/17/17.parquet 	18/29
1
1
81
/data/pubfs/tyyang99/jupyter_files/pkutree/coffea_newid_data_ssww_parquet/DoubleMuon_Run2018C/18/18.parquet 	19/29
0
0
11
/data/pubfs/tyyang99/jupyter_files/pkutree/coffea_newid_data_ssww_parquet/DoubleMuon_Run2018C/19/19.parquet 	20/29
0
0
48
/data/pubfs/tyyang99/jupyter_files/pkutree/coffea_newid_data_ssww_parquet/DoubleMuon_Run2018C/20/20.parquet 	21/29
1
0
49
/data/pubfs/tyyang99/jupyter_files/pkutree/coffea_newid_data_ssww_parquet/DoubleMuon_Run2018C/21/21.parquet 	22/29
0
0
63
/data/pubfs/tyyang99/jupyter_files/pkutree/coffea_newid_data_ssww_parquet/DoubleMuon_Run2018C/22/22.parquet 	23/29
4
1
181
/data/pubfs/tyyang99/jupyter_files/pkutree/coffea_newid_data_ssww_parquet/DoubleMuon_Run2018C/23/23.parquet 	24/29
3
1
216
/data/pubfs/tyyang99/jupyter_files/pkutree/coffea_newid_data_ssww_parquet/DoubleMuon_Run2018C/24/24.parquet 	25/29
1
0
133
/data/pubfs/tyyang99/jupyter_files/pkutree/coffea_newid_data_ssww_parquet/DoubleMuon_Run2018C/25/25.parquet 	26/29
1
0
146
/data/pubfs/tyyang99/jupyter_files/pkutree/coffea_newid_data_ssww_parquet/DoubleMuon_Run2018C/26/26.parquet 	27/29
2
0
180
/data/pubfs/tyyang99/jupyter_files/pkutree/coffea_newid_data_ssww_parquet/DoubleMuon_Run2018C/27/27.parquet 	28/29
1
1
162
/data/pubfs/tyyang99/jupyter_files/pkutree/coffea_newid_data_ssww_parquet/DoubleMuon_Run2018C/28/28.parquet 	29/29
3
1
173
job done!
