ggWW_me
/data/pubfs/tyyang99/jupyter_files/pkutree/coffea_newid_mc_ssww_parquet/ggWW_me/0/0.parquet 	1/11
0
0
71
/data/pubfs/tyyang99/jupyter_files/pkutree/coffea_newid_mc_ssww_parquet/ggWW_me/1/1.parquet 	2/11
0
0
57
/data/pubfs/tyyang99/jupyter_files/pkutree/coffea_newid_mc_ssww_parquet/ggWW_me/2/2.parquet 	3/11
0
0
12
/data/pubfs/tyyang99/jupyter_files/pkutree/coffea_newid_mc_ssww_parquet/ggWW_me/3/3.parquet 	4/11
0
0
18
/data/pubfs/tyyang99/jupyter_files/pkutree/coffea_newid_mc_ssww_parquet/ggWW_me/4/4.parquet 	5/11
0
0
21
/data/pubfs/tyyang99/jupyter_files/pkutree/coffea_newid_mc_ssww_parquet/ggWW_me/5/5.parquet 	6/11
0
0
26
/data/pubfs/tyyang99/jupyter_files/pkutree/coffea_newid_mc_ssww_parquet/ggWW_me/6/6.parquet 	7/11
0
0
95
/data/pubfs/tyyang99/jupyter_files/pkutree/coffea_newid_mc_ssww_parquet/ggWW_me/7/7.parquet 	8/11
0
0
81
/data/pubfs/tyyang99/jupyter_files/pkutree/coffea_newid_mc_ssww_parquet/ggWW_me/8/8.parquet 	9/11
0
0
9
/data/pubfs/tyyang99/jupyter_files/pkutree/coffea_newid_mc_ssww_parquet/ggWW_me/9/9.parquet 	10/11
0
0
15
/data/pubfs/tyyang99/jupyter_files/pkutree/coffea_newid_mc_ssww_parquet/ggWW_me/10/10.parquet 	11/11
0
0
56
job done!
