WWTo2L2Nu
/data/pubfs/tyyang99/jupyter_files/pkutree/coffea_newid_mc_ssww_parquet/WWTo2L2Nu/0/0.parquet 	1/10
0
0
35
/data/pubfs/tyyang99/jupyter_files/pkutree/coffea_newid_mc_ssww_parquet/WWTo2L2Nu/1/1.parquet 	2/10
0
0
0
/data/pubfs/tyyang99/jupyter_files/pkutree/coffea_newid_mc_ssww_parquet/WWTo2L2Nu/2/2.parquet 	3/10
0
0
5
/data/pubfs/tyyang99/jupyter_files/pkutree/coffea_newid_mc_ssww_parquet/WWTo2L2Nu/3/3.parquet 	4/10
0
0
10
/data/pubfs/tyyang99/jupyter_files/pkutree/coffea_newid_mc_ssww_parquet/WWTo2L2Nu/4/4.parquet 	5/10
0
0
33
/data/pubfs/tyyang99/jupyter_files/pkutree/coffea_newid_mc_ssww_parquet/WWTo2L2Nu/5/5.parquet 	6/10
0
0
28
/data/pubfs/tyyang99/jupyter_files/pkutree/coffea_newid_mc_ssww_parquet/WWTo2L2Nu/6/6.parquet 	7/10
0
0
42
/data/pubfs/tyyang99/jupyter_files/pkutree/coffea_newid_mc_ssww_parquet/WWTo2L2Nu/7/7.parquet 	8/10
0
0
54
/data/pubfs/tyyang99/jupyter_files/pkutree/coffea_newid_mc_ssww_parquet/WWTo2L2Nu/8/8.parquet 	9/10
0
0
23
/data/pubfs/tyyang99/jupyter_files/pkutree/coffea_newid_mc_ssww_parquet/WWTo2L2Nu/9/9.parquet 	10/10
0
0
63
job done!
