 <<< Combine >>> 
>>> including systematics
>>> using the Profile Likelihood test statistics modified for upper limits (Q_LHC)
>>> method used is HybridNew
>>> Used OpenSSL to get a really random seed -210365110
Computing results starting from observation (a-posteriori)
[#0] WARNING:Minization -- RooMinimizerFcn: Minimized function has error status.
Returning maximum FCN so far (39.7475) to force MIGRAD to back out of this region. Error log follows
Parameter values: JER_ele=1.02703, JER_muon=-6.9913, JES_ele=6.00711, JES_muon=2.64332, QCD_stat_ele=-2.46218, QCD_stat_muon=1.30078, VBS_stat_ele=2.74575, VBS_stat_muon=-4.36337, ele_efficiency=-3.31295, ele_trigger=-5.83652, fakephoton_ele=4.82256, fakephoton_muon=1.18807, interference=-6.65655, lumi=-1.08555, mu_efficiency=5.4095, mu_trigger=-5.5749, non_prompt_stat_ele=5.74704, non_prompt_stat_muon=-5.33192, others_stat_ele=3.56433, others_stat_muon=-2.58682, others_xs=-6.95768, param=0.00102331, pdf_ele=2.20491, pdf_muon=-5.08603, photon_id=4.65814, pileup=2.75478, scale_ele=-5.14654, scale_muon=5.38991
RooProdPdf::model_s[ modelObs_s * nuisancePdf ]
     getLogVal() top-level p.d.f evaluates to zero @ !pdfs=(modelObs_s = 0/1,nuisancePdf = 1)

[#0] WARNING:Minization -- RooMinimizerFcn: Minimized function has error status.
Returning maximum FCN so far (922.224) to force MIGRAD to back out of this region. Error log follows
Parameter values: JER_ele=1.55781, JER_muon=2.22118, JES_ele=-4.23365, JES_muon=6.68217, QCD_stat_ele=6.05673, QCD_stat_muon=2.11136, VBS_stat_ele=-4.09199, VBS_stat_muon=-0.275681, ele_efficiency=-6.9738, ele_trigger=-4.39271, fakephoton_ele=3.99727, fakephoton_muon=6.93387, interference=3.75152, lumi=1.68498, mu_efficiency=5.43615, mu_trigger=3.21661, non_prompt_stat_ele=5.75099, non_prompt_stat_muon=-6.2316, others_stat_ele=6.81871, others_stat_muon=-3.38268, others_xs=-5.00407, param=0.0294993, pdf_ele=-5.61326, pdf_muon=-1.12422, photon_id=-3.42977, pileup=-0.784437, scale_ele=-6.78651, scale_muon=6.33335
RooProdPdf::model_s[ modelObs_s * nuisancePdf ]
     getLogVal() top-level p.d.f evaluates to zero @ !pdfs=(modelObs_s = 0/1,nuisancePdf = 1)

[#0] WARNING:Minization -- RooMinimizerFcn: Minimized function has error status.
Returning maximum FCN so far (922.224) to force MIGRAD to back out of this region. Error log follows
Parameter values: JER_ele=-5.71643, JER_muon=-4.94887, JES_ele=1.41786, JES_muon=-0.188598, QCD_stat_ele=6.96645, QCD_stat_muon=5.1476, VBS_stat_ele=0.0441419, VBS_stat_muon=-2.04974, ele_efficiency=5.46101, ele_trigger=-6.1259, fakephoton_ele=6.81184, fakephoton_muon=-6.72181, interference=1.9345, lumi=-0.922709, mu_efficiency=-4.76135, mu_trigger=2.94282, non_prompt_stat_ele=6.45841, non_prompt_stat_muon=-3.38215, others_stat_ele=3.77111, others_stat_muon=-1.42637, others_xs=0.182385, param=0.142167, pdf_ele=5.84299, pdf_muon=5.86214, photon_id=1.40152, pileup=-4.08423, scale_ele=-6.38175, scale_muon=0.0332015
RooProdPdf::model_s[ modelObs_s * nuisancePdf ]
     getLogVal() top-level p.d.f evaluates to zero @ !pdfs=(modelObs_s = 0/1,nuisancePdf = 1)

[#0] WARNING:Minization -- RooMinimizerFcn: Minimized function has error status.
Returning maximum FCN so far (922.224) to force MIGRAD to back out of this region. Error log follows
Parameter values: JER_ele=-2.54008, JER_muon=-6.92271, JES_ele=6.99968, JES_muon=5.45358, QCD_stat_ele=6.63877, QCD_stat_muon=6.66348, VBS_stat_ele=-6.84916, VBS_stat_muon=6.21672, ele_efficiency=-5.90897, ele_trigger=-6.62202, fakephoton_ele=4.67717, fakephoton_muon=-2.2224, interference=-5.76465, lumi=-6.98556, mu_efficiency=5.38292, mu_trigger=4.88675, non_prompt_stat_ele=6.36382, non_prompt_stat_muon=-1.80055, others_stat_ele=1.47617, others_stat_muon=-0.118527, others_xs=6.84167, param=3.56089e-06, pdf_ele=-6.09937, pdf_muon=0.436544, photon_id=-4.89788, pileup=-5.20529, scale_ele=-6.57483, scale_muon=-2.43845
RooProdPdf::model_s[ modelObs_s * nuisancePdf ]
     getLogVal() top-level p.d.f evaluates to zero @ !pdfs=(modelObs_s = 0/1,nuisancePdf = 1)

[#0] WARNING:Minization -- RooMinimizerFcn: Minimized function has error status.
Returning maximum FCN so far (43.1655) to force MIGRAD to back out of this region. Error log follows
Parameter values: JER_ele=2.70402, JER_muon=4.28376, JES_ele=-6.96267, JES_muon=-6.25708, QCD_stat_ele=6.19648, QCD_stat_muon=6.27668, VBS_stat_ele=3.56054, VBS_stat_muon=0.521285, ele_efficiency=3.43865, ele_trigger=6.62468, fakephoton_ele=5.5538, fakephoton_muon=-0.973577, interference=-5.22993, lumi=-3.49644, mu_efficiency=-1.85283, mu_trigger=6.33138, non_prompt_stat_ele=6.10168, non_prompt_stat_muon=2.22599, others_stat_ele=6.88638, others_stat_muon=-6.25595, others_xs=-6.46674, param=0.0328078, pdf_ele=-3.9984, pdf_muon=6.99955, photon_id=-6.28348, pileup=-5.97628, scale_ele=-2.39443, scale_muon=-6.92766
RooProdPdf::model_s[ modelObs_s * nuisancePdf ]
     getLogVal() top-level p.d.f evaluates to zero @ !pdfs=(modelObs_s = 0/1,nuisancePdf = 1)

[#0] WARNING:Minization -- RooMinimizerFcn: Minimized function has error status.
Returning maximum FCN so far (779.797) to force MIGRAD to back out of this region. Error log follows
Parameter values: JER_ele=-0.712647, JER_muon=0.573987, JES_ele=5.40318, JES_muon=-2.63331, QCD_stat_ele=1.39721, QCD_stat_muon=-0.55066, VBS_stat_ele=2.72424, VBS_stat_muon=-3.73734, ele_efficiency=-1.90876, ele_trigger=4.20231, fakephoton_ele=4.33849, fakephoton_muon=3.07007, interference=-0.65305, lumi=4.3943, mu_efficiency=-4.06107, mu_trigger=-2.75474, non_prompt_stat_ele=5.9779, non_prompt_stat_muon=-2.89552, others_stat_ele=-6.54123, others_stat_muon=-5.72593, others_xs=6.57023, param=0.0870471, pdf_ele=6.77278, pdf_muon=5.71917, photon_id=6.21828, pileup=-1.11853, scale_ele=-3.83514, scale_muon=-4.01148
RooProdPdf::model_s[ modelObs_s * nuisancePdf ]
     getLogVal() top-level p.d.f evaluates to zero @ !pdfs=(modelObs_s = 0/1,nuisancePdf = 1)

[#0] WARNING:Minization -- RooMinimizerFcn: Minimized function has error status.
Returning maximum FCN so far (1108.78) to force MIGRAD to back out of this region. Error log follows
Parameter values: JER_ele=1.43658, JER_muon=-6.45039, JES_ele=0.0484727, JES_muon=-6.82181, QCD_stat_ele=-3.1299, QCD_stat_muon=5.99848, VBS_stat_ele=0.229288, VBS_stat_muon=6.11034, ele_efficiency=6.2817, ele_trigger=-6.61653, fakephoton_ele=5.41114, fakephoton_muon=1.10348, interference=6.56198, lumi=-3.4882, mu_efficiency=3.00991, mu_trigger=5.5812, non_prompt_stat_ele=6.97748, non_prompt_stat_muon=-0.0667302, others_stat_ele=2.09978, others_stat_muon=0.00207515, others_xs=5.89816, param=0.148184, pdf_ele=-6.44511, pdf_muon=-2.10321, photon_id=5.87991, pileup=-5.16063, scale_ele=5.08795, scale_muon=-5.06116
RooProdPdf::model_s[ modelObs_s * nuisancePdf ]
     getLogVal() top-level p.d.f evaluates to zero @ !pdfs=(modelObs_s = 0/1,nuisancePdf = 1)

[#0] WARNING:Minization -- RooMinimizerFcn: Minimized function has error status.
Returning maximum FCN so far (1108.78) to force MIGRAD to back out of this region. Error log follows
Parameter values: JER_ele=-2.34687, JER_muon=-6.53339, JES_ele=-2.29708, JES_muon=-0.667774, QCD_stat_ele=1.01871, QCD_stat_muon=6.74037, VBS_stat_ele=3.34628, VBS_stat_muon=-1.52066, ele_efficiency=0.388816, ele_trigger=-2.57036, fakephoton_ele=5.95993, fakephoton_muon=-4.94677, interference=-3.26297, lumi=-4.84231, mu_efficiency=-3.82511, mu_trigger=-5.92412, non_prompt_stat_ele=6.57742, non_prompt_stat_muon=-6.81637, others_stat_ele=-3.53906, others_stat_muon=0.100323, others_xs=-4.22289, param=0.143878, pdf_ele=-3.74764, pdf_muon=5.66051, photon_id=3.5061, pileup=0.0880152, scale_ele=-6.00504, scale_muon=-6.44643
RooProdPdf::model_s[ modelObs_s * nuisancePdf ]
     getLogVal() top-level p.d.f evaluates to zero @ !pdfs=(modelObs_s = 0/1,nuisancePdf = 1)

[#0] WARNING:Minization -- RooMinimizerFcn: Minimized function has error status.
Returning maximum FCN so far (1108.78) to force MIGRAD to back out of this region. Error log follows
Parameter values: JER_ele=-0.125096, JER_muon=-5.66153, JES_ele=1.32192, JES_muon=6.8188, QCD_stat_ele=3.48939, QCD_stat_muon=-2.28175, VBS_stat_ele=6.53695, VBS_stat_muon=-3.73408, ele_efficiency=-6.96015, ele_trigger=2.64123, fakephoton_ele=6.96136, fakephoton_muon=4.62441, interference=-6.83388, lumi=-1.82886, mu_efficiency=-6.9999, mu_trigger=-1.10773, non_prompt_stat_ele=3.24502, non_prompt_stat_muon=4.05292, others_stat_ele=-6.18392, others_stat_muon=6.69848, others_xs=4.11306, param=0.14374, pdf_ele=-3.46765, pdf_muon=3.40077, photon_id=-3.18672, pileup=5.41488, scale_ele=-6.21191, scale_muon=-6.31766
RooProdPdf::model_s[ modelObs_s * nuisancePdf ]
     getLogVal() top-level p.d.f evaluates to zero @ !pdfs=(modelObs_s = 0/1,nuisancePdf = 1)

[#0] WARNING:Minization -- RooMinimizerFcn: Minimized function has error status.
Returning maximum FCN so far (1108.78) to force MIGRAD to back out of this region. Error log follows
Parameter values: JER_ele=-1.40649, JER_muon=3.87227, JES_ele=-0.328811, JES_muon=4.14055, QCD_stat_ele=-6.94304, QCD_stat_muon=-6.82063, VBS_stat_ele=3.71589, VBS_stat_muon=6.9955, ele_efficiency=1.24158, ele_trigger=-1.36623, fakephoton_ele=5.78376, fakephoton_muon=0.64609, interference=5.11725, lumi=3.83326, mu_efficiency=-0.225921, mu_trigger=3.11167, non_prompt_stat_ele=7, non_prompt_stat_muon=1.49212, others_stat_ele=-1.25793, others_stat_muon=4.73678, others_xs=5.05747, param=0.144072, pdf_ele=-1.22177, pdf_muon=4.80374, photon_id=4.49364, pileup=1.05348, scale_ele=-0.219407, scale_muon=6.45002
RooProdPdf::model_s[ modelObs_s * nuisancePdf ]
     getLogVal() top-level p.d.f evaluates to zero @ !pdfs=(modelObs_s = 0/1,nuisancePdf = 1)

[#0] WARNING:Minization -- RooMinimizerFcn: Minimized function has error status.
Returning maximum FCN so far (46.3535) to force MIGRAD to back out of this region. Error log follows
Parameter values: JER_ele=2.06823, JER_muon=-0.101813, JES_ele=-0.00278601, JES_muon=0.0798533, QCD_stat_ele=3.39908, QCD_stat_muon=0.44133, VBS_stat_ele=-0.765131, VBS_stat_muon=2.85254, ele_efficiency=-0.957646, ele_trigger=-0.544885, fakephoton_ele=5.60478, fakephoton_muon=-2.11446, interference=-1.11186, lumi=1.39101, mu_efficiency=-0.37641, mu_trigger=-0.13095, non_prompt_stat_ele=6.68286, non_prompt_stat_muon=-0.441057, others_stat_ele=0.892443, others_stat_muon=1.53915, others_xs=-0.314201, param=0.165, pdf_ele=-0.0757257, pdf_muon=0.505075, photon_id=1.34058, pileup=0.621158, scale_ele=1.00547, scale_muon=0.808969
RooProdPdf::model_s[ modelObs_s * nuisancePdf ]
     getLogVal() top-level p.d.f evaluates to zero @ !pdfs=(modelObs_s = 0/1,nuisancePdf = 1)

[#0] WARNING:Minization -- RooMinimizerFcn: Minimized function has error status.
Returning maximum FCN so far (178.763) to force MIGRAD to back out of this region. Error log follows
Parameter values: JER_ele=1.77785, JER_muon=-0.245335, JES_ele=-1.11221, JES_muon=-0.0589675, QCD_stat_ele=1.8017, QCD_stat_muon=0.138543, VBS_stat_ele=-2.01235, VBS_stat_muon=3.27968, ele_efficiency=-1.37753, ele_trigger=-1.5595, fakephoton_ele=6.43754, fakephoton_muon=-2.58721, interference=-1.53702, lumi=1.10775, mu_efficiency=-0.48605, mu_trigger=-0.294371, non_prompt_stat_ele=6.12168, non_prompt_stat_muon=-0.768282, others_stat_ele=-0.565059, others_stat_muon=1.65389, others_xs=-1.08508, param=0.16499, pdf_ele=-1.59221, pdf_muon=0.409394, photon_id=0.282994, pileup=0.688913, scale_ele=-1.21178, scale_muon=0.765023
RooProdPdf::model_s[ modelObs_s * nuisancePdf ]
     getLogVal() top-level p.d.f evaluates to zero @ !pdfs=(modelObs_s = 0/1,nuisancePdf = 1)

[#0] WARNING:Minization -- RooMinimizerFcn: Minimized function has error status.
Returning maximum FCN so far (929.002) to force MIGRAD to back out of this region. Error log follows
Parameter values: JER_ele=4.47811, JER_muon=-6.34159, JES_ele=5.18573, JES_muon=-6.77541, QCD_stat_ele=0.478448, QCD_stat_muon=0.0776312, VBS_stat_ele=6.36155, VBS_stat_muon=0.438431, ele_efficiency=0.718721, ele_trigger=5.37413, fakephoton_ele=5.44622, fakephoton_muon=6.97486, interference=-4.05056, lumi=-4.53669, mu_efficiency=-3.85093, mu_trigger=-6.54192, non_prompt_stat_ele=6.44087, non_prompt_stat_muon=4.47463, others_stat_ele=1.81389, others_stat_muon=1.24166, others_xs=-6.99237, param=0.141963, pdf_ele=-6.96354, pdf_muon=5.91338, photon_id=-5.40608, pileup=-1.89546, scale_ele=-2.28817, scale_muon=-4.80136
RooProdPdf::model_s[ modelObs_s * nuisancePdf ]
     getLogVal() top-level p.d.f evaluates to zero @ !pdfs=(modelObs_s = 0/1,nuisancePdf = 1)

[#0] WARNING:Minization -- RooMinimizerFcn: Minimized function has error status.
Returning maximum FCN so far (929.002) to force MIGRAD to back out of this region. Error log follows
Parameter values: JER_ele=0.647268, JER_muon=-1.71717, JES_ele=1.54426, JES_muon=-3.14994, QCD_stat_ele=-6.95874, QCD_stat_muon=-2.60918, VBS_stat_ele=2.53559, VBS_stat_muon=0.510956, ele_efficiency=-0.576038, ele_trigger=0.462656, fakephoton_ele=3.49433, fakephoton_muon=-6.69876, interference=-0.326725, lumi=-0.56626, mu_efficiency=-0.170926, mu_trigger=-3.17218, non_prompt_stat_ele=6.79172, non_prompt_stat_muon=-1.8, others_stat_ele=6.96402, others_stat_muon=-3.67087, others_xs=-2.81975, param=0.142188, pdf_ele=3.83545, pdf_muon=-5.37945, photon_id=-3.24582, pileup=-0.69373, scale_ele=-4.58284, scale_muon=-4.50834
RooProdPdf::model_s[ modelObs_s * nuisancePdf ]
     getLogVal() top-level p.d.f evaluates to zero @ !pdfs=(modelObs_s = 0/1,nuisancePdf = 1)

[#0] WARNING:Minization -- RooMinimizerFcn: Minimized function has error status.
Returning maximum FCN so far (929.002) to force MIGRAD to back out of this region. Error log follows
Parameter values: JER_ele=0.23065, JER_muon=6.94548, JES_ele=1.09585, JES_muon=0.200346, QCD_stat_ele=-0.22788, QCD_stat_muon=-6.40661, VBS_stat_ele=3.79039, VBS_stat_muon=3.33563, ele_efficiency=-0.803095, ele_trigger=-0.428478, fakephoton_ele=6.65171, fakephoton_muon=-6.73646, interference=6.96914, lumi=6.70869, mu_efficiency=4.06404, mu_trigger=5.88632, non_prompt_stat_ele=5.79598, non_prompt_stat_muon=0.465164, others_stat_ele=0.898823, others_stat_muon=4.3373, others_xs=6.61805, param=0.142248, pdf_ele=3.99313, pdf_muon=-3.13191, photon_id=-0.530536, pileup=0.151185, scale_ele=-6.91403, scale_muon=-0.0374277
RooProdPdf::model_s[ modelObs_s * nuisancePdf ]
     getLogVal() top-level p.d.f evaluates to zero @ !pdfs=(modelObs_s = 0/1,nuisancePdf = 1)

[#0] WARNING:Minization -- RooMinimizerFcn: Minimized function has error status.
Returning maximum FCN so far (929.002) to force MIGRAD to back out of this region. Error log follows
Parameter values: JER_ele=0.481285, JER_muon=3.2035, JES_ele=-0.0742493, JES_muon=4.44837, QCD_stat_ele=-3.69358, QCD_stat_muon=6.2678, VBS_stat_ele=1.56719, VBS_stat_muon=4.07815, ele_efficiency=-0.621894, ele_trigger=0.215487, fakephoton_ele=4.22169, fakephoton_muon=-2.73201, interference=2.91602, lumi=2.84423, mu_efficiency=1.74069, mu_trigger=3.39612, non_prompt_stat_ele=5.25865, non_prompt_stat_muon=-6.04104, others_stat_ele=2.97551, others_stat_muon=4.37795, others_xs=1.91155, param=0.14226, pdf_ele=0.308412, pdf_muon=5.63802, photon_id=5.00232, pileup=-0.198025, scale_ele=0.225478, scale_muon=4.23016
RooProdPdf::model_s[ modelObs_s * nuisancePdf ]
     getLogVal() top-level p.d.f evaluates to zero @ !pdfs=(modelObs_s = 0/1,nuisancePdf = 1)

[#0] WARNING:Minization -- RooMinimizerFcn: Minimized function has error status.
Returning maximum FCN so far (42.6821) to force MIGRAD to back out of this region. Error log follows
Parameter values: JER_ele=-1.05752, JER_muon=6.97897, JES_ele=-6.22793, JES_muon=-6.90845, QCD_stat_ele=6.70686, QCD_stat_muon=-6.33906, VBS_stat_ele=3.81303, VBS_stat_muon=-5.1177, ele_efficiency=0.188492, ele_trigger=2.05783, fakephoton_ele=6.26511, fakephoton_muon=6.76757, interference=-2.10245, lumi=-5.93021, mu_efficiency=-3.51672, mu_trigger=-5.05132, non_prompt_stat_ele=6.33644, non_prompt_stat_muon=-6.62468, others_stat_ele=-2.42391, others_stat_muon=4.04661, others_xs=-6.21168, param=0.0603857, pdf_ele=5.70469, pdf_muon=-4.90031, photon_id=0.896169, pileup=2.60886, scale_ele=-1.19627, scale_muon=1.61922
RooProdPdf::model_s[ modelObs_s * nuisancePdf ]
     getLogVal() top-level p.d.f evaluates to zero @ !pdfs=(modelObs_s = 0/1,nuisancePdf = 1)

[#0] WARNING:Minization -- RooMinimizerFcn: Minimized function has error status.
Returning maximum FCN so far (850.603) to force MIGRAD to back out of this region. Error log follows
Parameter values: JER_ele=-0.395777, JER_muon=2.74957, JES_ele=1.15031, JES_muon=-0.338735, QCD_stat_ele=2.25689, QCD_stat_muon=0.686707, VBS_stat_ele=-0.949563, VBS_stat_muon=1.70244, ele_efficiency=-2.29047, ele_trigger=-1.30503, fakephoton_ele=4.81676, fakephoton_muon=-0.913389, interference=0.113322, lumi=2.52424, mu_efficiency=-2.73812, mu_trigger=-0.492039, non_prompt_stat_ele=4.67147, non_prompt_stat_muon=-0.312957, others_stat_ele=1.26494, others_stat_muon=2.06305, others_xs=2.43961, param=0.0921607, pdf_ele=-0.314282, pdf_muon=-0.233403, photon_id=0.73904, pileup=1.60936, scale_ele=2.39686, scale_muon=0.332451
RooProdPdf::model_s[ modelObs_s * nuisancePdf ]
     getLogVal() top-level p.d.f evaluates to zero @ !pdfs=(modelObs_s = 0/1,nuisancePdf = 1)

[#0] WARNING:Minization -- RooMinimizerFcn: Minimized function has error status.
Returning maximum FCN so far (850.603) to force MIGRAD to back out of this region. Error log follows
Parameter values: JER_ele=-6.88295, JER_muon=6.71836, JES_ele=-0.802801, JES_muon=0.361117, QCD_stat_ele=0.388307, QCD_stat_muon=-3.56069, VBS_stat_ele=-6.99171, VBS_stat_muon=-6.95646, ele_efficiency=-1.48639, ele_trigger=0.0222439, fakephoton_ele=6.72475, fakephoton_muon=-2.53285, interference=0.568942, lumi=6.713, mu_efficiency=-0.723783, mu_trigger=-5.01228, non_prompt_stat_ele=5.32961, non_prompt_stat_muon=4.68951, others_stat_ele=3.83056, others_stat_muon=-5.11218, others_xs=-2.07923, param=0.0540167, pdf_ele=-6.77789, pdf_muon=-6.12541, photon_id=-0.228462, pileup=-2.82287, scale_ele=-6.66584, scale_muon=2.33408
RooProdPdf::model_s[ modelObs_s * nuisancePdf ]
     getLogVal() top-level p.d.f evaluates to zero @ !pdfs=(modelObs_s = 0/1,nuisancePdf = 1)

[#0] WARNING:Minization -- RooMinimizerFcn: Minimized function has error status.
Returning maximum FCN so far (850.603) to force MIGRAD to back out of this region. Error log follows
Parameter values: JER_ele=2.92866, JER_muon=5.50072, JES_ele=4.94243, JES_muon=4.63195, QCD_stat_ele=5.17363, QCD_stat_muon=-6.76753, VBS_stat_ele=-0.133231, VBS_stat_muon=6.96732, ele_efficiency=-3.42064, ele_trigger=5.3116, fakephoton_ele=4.37434, fakephoton_muon=-6.97232, interference=0.530737, lumi=-0.949259, mu_efficiency=-5.46229, mu_trigger=-4.32377, non_prompt_stat_ele=4.82261, non_prompt_stat_muon=-6.25845, others_stat_ele=-0.319506, others_stat_muon=5.81009, others_xs=3.88724, param=0.0142043, pdf_ele=6.45077, pdf_muon=-6.49104, photon_id=-6.74626, pileup=-5.8933, scale_ele=6.71955, scale_muon=-5.43708
RooProdPdf::model_s[ modelObs_s * nuisancePdf ]
     getLogVal() top-level p.d.f evaluates to zero @ !pdfs=(modelObs_s = 0/1,nuisancePdf = 1)

[#0] WARNING:Minization -- RooMinimizerFcn: Minimized function has error status.
Returning maximum FCN so far (850.603) to force MIGRAD to back out of this region. Error log follows
Parameter values: JER_ele=-0.79804, JER_muon=4.22078, JES_ele=1.51671, JES_muon=0.745152, QCD_stat_ele=5.14804, QCD_stat_muon=3.77061, VBS_stat_ele=-0.662989, VBS_stat_muon=3.87252, ele_efficiency=-3.28608, ele_trigger=-1.55496, fakephoton_ele=6.96283, fakephoton_muon=-0.502397, interference=0.734442, lumi=3.73469, mu_efficiency=-2.75165, mu_trigger=3.17999, non_prompt_stat_ele=6.52832, non_prompt_stat_muon=1.58331, others_stat_ele=2.91976, others_stat_muon=3.93583, others_xs=3.68761, param=0.0920568, pdf_ele=-0.119313, pdf_muon=0.279297, photon_id=2.7234, pileup=2.35601, scale_ele=4.48681, scale_muon=3.567
RooProdPdf::model_s[ modelObs_s * nuisancePdf ]
     getLogVal() top-level p.d.f evaluates to zero @ !pdfs=(modelObs_s = 0/1,nuisancePdf = 1)

[#0] WARNING:Minization -- RooMinimizerFcn: Minimized function has error status.
Returning maximum FCN so far (850.603) to force MIGRAD to back out of this region. Error log follows
Parameter values: JER_ele=6.00284, JER_muon=6.76888, JES_ele=6.43822, JES_muon=2.19964, QCD_stat_ele=-2.43876, QCD_stat_muon=1.60229, VBS_stat_ele=4.42256, VBS_stat_muon=5.01695, ele_efficiency=5.7276, ele_trigger=6.95081, fakephoton_ele=6.98096, fakephoton_muon=-0.526917, interference=-6.74212, lumi=-3.57439, mu_efficiency=-6.92631, mu_trigger=-6.94141, non_prompt_stat_ele=4.90186, non_prompt_stat_muon=4.39104, others_stat_ele=-5.95312, others_stat_muon=0.467495, others_xs=-6.45355, param=0.0902986, pdf_ele=-1.85411, pdf_muon=-3.92256, photon_id=-6.97605, pileup=6.73859, scale_ele=1.52985, scale_muon=-5.77145
RooProdPdf::model_s[ modelObs_s * nuisancePdf ]
     getLogVal() top-level p.d.f evaluates to zero @ !pdfs=(modelObs_s = 0/1,nuisancePdf = 1)

[#0] WARNING:Minization -- RooMinimizerFcn: Minimized function has error status.
Returning maximum FCN so far (850.603) to force MIGRAD to back out of this region. Error log follows
Parameter values: JER_ele=-0.571694, JER_muon=5.43451, JES_ele=1.66222, JES_muon=3.26855, QCD_stat_ele=4.99076, QCD_stat_muon=6.89323, VBS_stat_ele=-0.481765, VBS_stat_muon=4.88022, ele_efficiency=-3.3366, ele_trigger=-1.56729, fakephoton_ele=6.91428, fakephoton_muon=0.127551, interference=1.67243, lumi=4.51425, mu_efficiency=-2.57321, mu_trigger=6.07088, non_prompt_stat_ele=6.48945, non_prompt_stat_muon=3.1054, others_stat_ele=2.77738, others_stat_muon=5.29904, others_xs=4.59101, param=0.0920751, pdf_ele=0.0828968, pdf_muon=3.68215, photon_id=5.22726, pileup=2.3394, scale_ele=4.67696, scale_muon=6.99955
RooProdPdf::model_s[ modelObs_s * nuisancePdf ]
     getLogVal() top-level p.d.f evaluates to zero @ !pdfs=(modelObs_s = 0/1,nuisancePdf = 1)

[#0] WARNING:Minization -- RooMinimizerFcn: Minimized function has error status.
Returning maximum FCN so far (850.603) to force MIGRAD to back out of this region. Error log follows
Parameter values: JER_ele=5.33942, JER_muon=-4.78041, JES_ele=6.54671, JES_muon=-6.98573, QCD_stat_ele=3.03326, QCD_stat_muon=-0.101614, VBS_stat_ele=4.24904, VBS_stat_muon=-6.98922, ele_efficiency=6.20091, ele_trigger=6.64682, fakephoton_ele=4.61811, fakephoton_muon=-2.59512, interference=-0.782536, lumi=-5.87249, mu_efficiency=-3.918, mu_trigger=-6.11725, non_prompt_stat_ele=6.92909, non_prompt_stat_muon=6.45487, others_stat_ele=-3.4172, others_stat_muon=6.09177, others_xs=6.94131, param=0.0901678, pdf_ele=-2.1402, pdf_muon=1.15498, photon_id=-3.92467, pileup=6.98886, scale_ele=4.05134, scale_muon=-6.93006
RooProdPdf::model_s[ modelObs_s * nuisancePdf ]
     getLogVal() top-level p.d.f evaluates to zero @ !pdfs=(modelObs_s = 0/1,nuisancePdf = 1)

[#0] WARNING:Minization -- RooMinimizerFcn: Minimized function has error status.
Returning maximum FCN so far (850.603) to force MIGRAD to back out of this region. Error log follows
Parameter values: JER_ele=0.0735926, JER_muon=6.74163, JES_ele=2.50014, JES_muon=6.43251, QCD_stat_ele=5.79485, QCD_stat_muon=-4.37055, VBS_stat_ele=0.329206, VBS_stat_muon=6.47266, ele_efficiency=-3.219, ele_trigger=-0.992415, fakephoton_ele=6.94238, fakephoton_muon=1.12269, interference=3.38732, lumi=5.83669, mu_efficiency=-2.1712, mu_trigger=6.4219, non_prompt_stat_ele=6.93834, non_prompt_stat_muon=5.10336, others_stat_ele=3.51404, others_stat_muon=6.94733, others_xs=6.2037, param=0.0920169, pdf_ele=1.26098, pdf_muon=6.95966, photon_id=6.87391, pileup=2.40433, scale_ele=6.21911, scale_muon=-2.1939
RooProdPdf::model_s[ modelObs_s * nuisancePdf ]
     getLogVal() top-level p.d.f evaluates to zero @ !pdfs=(modelObs_s = 0/1,nuisancePdf = 1)


 -- Hybrid New -- 
CLs = 0.622642 +/- 0.0353419
Done in 16.70 min (cpu), 16.74 min (real)
