 <<< Combine >>> 
>>> including systematics
>>> using the Profile Likelihood test statistics modified for upper limits (Q_LHC)
>>> method used is HybridNew
>>> Used OpenSSL to get a really random seed -463252007
Computing results starting from observation (a-posteriori)
[#0] WARNING:Minization -- RooMinimizerFcn: Minimized function has error status.
Returning maximum FCN so far (935.457) to force MIGRAD to back out of this region. Error log follows
Parameter values: JER_ele=1.15882, JER_muon=1.7042, JES_ele=4.32396, JES_muon=2.80295, QCD_stat_ele=6.43034, QCD_stat_muon=5.7161, VBS_stat_ele=4.54152, VBS_stat_muon=5.6704, ele_efficiency=6.557, ele_trigger=5.90049, fakephoton_ele=3.57672, fakephoton_muon=2.66509, interference=-4.42861, lumi=-1.06147, mu_efficiency=0.212296, mu_trigger=3.95504, non_prompt_stat_ele=2.8247, non_prompt_stat_muon=3.60504, others_stat_ele=5.5659, others_stat_muon=6.81957, others_xs=-5.51275, param=0.0303428, pdf_ele=4.7876, pdf_muon=2.17964, photon_id=6.18836, pileup=5.82825, scale_ele=6.976, scale_muon=6.07983
RooProdPdf::model_s[ modelObs_s * nuisancePdf ]
     getLogVal() top-level p.d.f evaluates to zero @ !pdfs=(modelObs_s = 0/1,nuisancePdf = 1)

[#0] WARNING:Minization -- RooMinimizerFcn: Minimized function has error status.
Returning maximum FCN so far (935.457) to force MIGRAD to back out of this region. Error log follows
Parameter values: JER_ele=-3.12678, JER_muon=-0.786081, JES_ele=1.96175, JES_muon=-2.17364, QCD_stat_ele=-4.79326, QCD_stat_muon=-3.21371, VBS_stat_ele=4.24902, VBS_stat_muon=-5.47049, ele_efficiency=2.2184, ele_trigger=-0.0135609, fakephoton_ele=5.40411, fakephoton_muon=5.36609, interference=0.0660367, lumi=-2.69346, mu_efficiency=-4.25597, mu_trigger=-6.88362, non_prompt_stat_ele=5.88009, non_prompt_stat_muon=-2.1834, others_stat_ele=-5.08335, others_stat_muon=-1.74543, others_xs=5.24771, param=0.0295404, pdf_ele=-3.51927, pdf_muon=6.46408, photon_id=-6.99855, pileup=-1.1042, scale_ele=2.427, scale_muon=5.12376
RooProdPdf::model_s[ modelObs_s * nuisancePdf ]
     getLogVal() top-level p.d.f evaluates to zero @ !pdfs=(modelObs_s = 0/1,nuisancePdf = 1)

[#0] WARNING:Minization -- RooMinimizerFcn: Minimized function has error status.
Returning maximum FCN so far (935.457) to force MIGRAD to back out of this region. Error log follows
Parameter values: JER_ele=3.16613, JER_muon=4.95305, JES_ele=6.91608, JES_muon=6.69166, QCD_stat_ele=-6.9968, QCD_stat_muon=-6.39203, VBS_stat_ele=5.49097, VBS_stat_muon=-0.602197, ele_efficiency=1.77816, ele_trigger=6.05066, fakephoton_ele=2.81731, fakephoton_muon=6.91092, interference=-6.95154, lumi=-1.5718, mu_efficiency=1.46363, mu_trigger=6.77957, non_prompt_stat_ele=3.78327, non_prompt_stat_muon=6.13605, others_stat_ele=4.11552, others_stat_muon=-5.88093, others_xs=0.211838, param=0.0306767, pdf_ele=6.96004, pdf_muon=6.62769, photon_id=-3.32911, pileup=4.67011, scale_ele=1.76501, scale_muon=4.61941
RooProdPdf::model_s[ modelObs_s * nuisancePdf ]
     getLogVal() top-level p.d.f evaluates to zero @ !pdfs=(modelObs_s = 0/1,nuisancePdf = 1)

[#0] WARNING:Minization -- RooMinimizerFcn: Minimized function has error status.
Returning maximum FCN so far (484.662) to force MIGRAD to back out of this region. Error log follows
Parameter values: JER_ele=-2.6268, JER_muon=-6.82118, JES_ele=6.5723, JES_muon=-6.29165, QCD_stat_ele=-5.546, QCD_stat_muon=-4.69827, VBS_stat_ele=0.405077, VBS_stat_muon=-4.97351, ele_efficiency=1.42006, ele_trigger=4.70838, fakephoton_ele=3.3655, fakephoton_muon=-5.59598, interference=-4.36457, lumi=-0.170964, mu_efficiency=-4.82886, mu_trigger=4.83917, non_prompt_stat_ele=6.72871, non_prompt_stat_muon=-1.40633, others_stat_ele=4.98129, others_stat_muon=-6.64194, others_xs=-5.50483, param=0.0227115, pdf_ele=6.70949, pdf_muon=-6.10296, photon_id=-0.455493, pileup=4.95475, scale_ele=-4.49052, scale_muon=-1.11848
RooProdPdf::model_s[ modelObs_s * nuisancePdf ]
     getLogVal() top-level p.d.f evaluates to zero @ !pdfs=(modelObs_s = 0/1,nuisancePdf = 1)

[#0] WARNING:Minization -- RooMinimizerFcn: Minimized function has error status.
Returning maximum FCN so far (975.706) to force MIGRAD to back out of this region. Error log follows
Parameter values: JER_ele=0.128391, JER_muon=-6.9189, JES_ele=1.074, JES_muon=-5.89841, QCD_stat_ele=6.29716, QCD_stat_muon=-5.38731, VBS_stat_ele=-5.55967, VBS_stat_muon=-6.20807, ele_efficiency=-2.84007, ele_trigger=-6.90686, fakephoton_ele=6.71391, fakephoton_muon=0.46841, interference=-3.31303, lumi=3.84413, mu_efficiency=-6.79483, mu_trigger=-4.60348, non_prompt_stat_ele=6.86578, non_prompt_stat_muon=6.95442, others_stat_ele=-5.11631, others_stat_muon=-6.35675, others_xs=-1.77353, param=0.0513522, pdf_ele=-5.10749, pdf_muon=5.95748, photon_id=-6.85993, pileup=4.23823, scale_ele=5.45259, scale_muon=6.98767
RooProdPdf::model_s[ modelObs_s * nuisancePdf ]
     getLogVal() top-level p.d.f evaluates to zero @ !pdfs=(modelObs_s = 0/1,nuisancePdf = 1)

[#0] WARNING:Minization -- RooMinimizerFcn: Minimized function has error status.
Returning maximum FCN so far (37.3593) to force MIGRAD to back out of this region. Error log follows
Parameter values: JER_ele=5.94905, JER_muon=3.28278, JES_ele=-1.44661, JES_muon=-6.99921, QCD_stat_ele=-4.46175, QCD_stat_muon=6.11513, VBS_stat_ele=4.22511, VBS_stat_muon=5.54704, ele_efficiency=-5.23386, ele_trigger=6.04844, fakephoton_ele=6.13813, fakephoton_muon=6.99997, interference=2.43788, lumi=3.11008, mu_efficiency=-5.89304, mu_trigger=-5.95164, non_prompt_stat_ele=6.02188, non_prompt_stat_muon=-1.32834, others_stat_ele=-0.198297, others_stat_muon=0.260996, others_xs=-6.0563, param=0.0403785, pdf_ele=-6.67021, pdf_muon=6.83697, photon_id=-5.72505, pileup=-4.8473, scale_ele=-4.11345, scale_muon=6.55104
RooProdPdf::model_s[ modelObs_s * nuisancePdf ]
     getLogVal() top-level p.d.f evaluates to zero @ !pdfs=(modelObs_s = 0/1,nuisancePdf = 1)

[#0] WARNING:Minization -- RooMinimizerFcn: Minimized function has error status.
Returning maximum FCN so far (708.947) to force MIGRAD to back out of this region. Error log follows
Parameter values: JER_ele=6.99258, JER_muon=-3.15378, JES_ele=-5.30463, JES_muon=4.44333, QCD_stat_ele=-6.44058, QCD_stat_muon=0.88365, VBS_stat_ele=-6.78223, VBS_stat_muon=2.93373, ele_efficiency=-3.96826, ele_trigger=5.70665, fakephoton_ele=5.88507, fakephoton_muon=6.72738, interference=1.01285, lumi=0.379106, mu_efficiency=-6.49122, mu_trigger=-2.82342, non_prompt_stat_ele=4.70826, non_prompt_stat_muon=0.749445, others_stat_ele=6.99926, others_stat_muon=4.55769, others_xs=-5.31495, param=0.0377381, pdf_ele=-6.29313, pdf_muon=-4.88832, photon_id=-6.33009, pileup=5.59972, scale_ele=5.34264, scale_muon=-4.63962
RooProdPdf::model_s[ modelObs_s * nuisancePdf ]
     getLogVal() top-level p.d.f evaluates to zero @ !pdfs=(modelObs_s = 0/1,nuisancePdf = 1)

[#0] WARNING:Minization -- RooMinimizerFcn: Minimized function has error status.
Returning maximum FCN so far (738.547) to force MIGRAD to back out of this region. Error log follows
Parameter values: JER_ele=4.63424, JER_muon=5.45933, JES_ele=2.73974, JES_muon=-6.84555, QCD_stat_ele=-5.43957, QCD_stat_muon=-4.11737, VBS_stat_ele=-6.80776, VBS_stat_muon=6.98383, ele_efficiency=-5.39993, ele_trigger=-0.560904, fakephoton_ele=6.66964, fakephoton_muon=-3.37665, interference=-4.50384, lumi=5.98662, mu_efficiency=-5.87721, mu_trigger=-6.90915, non_prompt_stat_ele=4.35226, non_prompt_stat_muon=5.68975, others_stat_ele=6.7942, others_stat_muon=0.11409, others_xs=-6.63494, param=0.0376655, pdf_ele=2.88954, pdf_muon=-2.83302, photon_id=-5.23825, pileup=0.723988, scale_ele=1.61766, scale_muon=6.92355
RooProdPdf::model_s[ modelObs_s * nuisancePdf ]
     getLogVal() top-level p.d.f evaluates to zero @ !pdfs=(modelObs_s = 0/1,nuisancePdf = 1)

[#0] WARNING:Minization -- RooMinimizerFcn: Minimized function has error status.
Returning maximum FCN so far (772.424) to force MIGRAD to back out of this region. Error log follows
Parameter values: JER_ele=-5.60844, JER_muon=4.05832, JES_ele=5.32421, JES_muon=-6.25127, QCD_stat_ele=-2.12915, QCD_stat_muon=-2.30149, VBS_stat_ele=-4.85405, VBS_stat_muon=3.99535, ele_efficiency=5.38893, ele_trigger=-2.80743, fakephoton_ele=1.98513, fakephoton_muon=5.545, interference=6.97122, lumi=6.70834, mu_efficiency=-1.3752, mu_trigger=-3.92415, non_prompt_stat_ele=6.66778, non_prompt_stat_muon=-6.81212, others_stat_ele=1.21819, others_stat_muon=2.76435, others_xs=2.00749, param=0.0523367, pdf_ele=-6.62901, pdf_muon=6.87928, photon_id=-6.1287, pileup=2.52997, scale_ele=2.81728, scale_muon=6.91317
RooProdPdf::model_s[ modelObs_s * nuisancePdf ]
     getLogVal() top-level p.d.f evaluates to zero @ !pdfs=(modelObs_s = 0/1,nuisancePdf = 1)

[#0] WARNING:Minization -- RooMinimizerFcn: Minimized function has error status.
Returning maximum FCN so far (772.424) to force MIGRAD to back out of this region. Error log follows
Parameter values: JER_ele=-2.61768, JER_muon=1.24166, JES_ele=1.42363, JES_muon=6.22336, QCD_stat_ele=5.91312, QCD_stat_muon=6.77157, VBS_stat_ele=5.07393, VBS_stat_muon=3.85024, ele_efficiency=1.06827, ele_trigger=4.64162, fakephoton_ele=-4.16404, fakephoton_muon=3.46051, interference=2.27654, lumi=-5.99899, mu_efficiency=6.68737, mu_trigger=6.47071, non_prompt_stat_ele=6.99962, non_prompt_stat_muon=-0.631622, others_stat_ele=6.7676, others_stat_muon=4.21016, others_xs=6.8515, param=0.0523062, pdf_ele=5.58962, pdf_muon=-6.22831, photon_id=4.19511, pileup=3.35428, scale_ele=6.91626, scale_muon=6.87691
RooProdPdf::model_s[ modelObs_s * nuisancePdf ]
     getLogVal() top-level p.d.f evaluates to zero @ !pdfs=(modelObs_s = 0/1,nuisancePdf = 1)

[#0] WARNING:Minization -- RooMinimizerFcn: Minimized function has error status.
Returning maximum FCN so far (772.424) to force MIGRAD to back out of this region. Error log follows
Parameter values: JER_ele=-2.29851, JER_muon=1.39145, JES_ele=1.63414, JES_muon=6.02104, QCD_stat_ele=6.61844, QCD_stat_muon=6.795, VBS_stat_ele=4.69259, VBS_stat_muon=3.91511, ele_efficiency=0.989796, ele_trigger=4.43199, fakephoton_ele=-2.76154, fakephoton_muon=3.72821, interference=2.28378, lumi=-6.28864, mu_efficiency=6.92786, mu_trigger=6.24596, non_prompt_stat_ele=6.95815, non_prompt_stat_muon=1.17039, others_stat_ele=6.51098, others_stat_muon=4.38133, others_xs=6.76763, param=0.0523018, pdf_ele=5.46038, pdf_muon=-6.96254, photon_id=2.85391, pileup=3.35368, scale_ele=6.88391, scale_muon=6.90142
RooProdPdf::model_s[ modelObs_s * nuisancePdf ]
     getLogVal() top-level p.d.f evaluates to zero @ !pdfs=(modelObs_s = 0/1,nuisancePdf = 1)

[#0] WARNING:Minization -- RooMinimizerFcn: Minimized function has error status.
Returning maximum FCN so far (570.304) to force MIGRAD to back out of this region. Error log follows
Parameter values: JER_ele=-5.42138, JER_muon=-6.84427, JES_ele=2.90712, JES_muon=-5.62802, QCD_stat_ele=-6.96407, QCD_stat_muon=6.82795, VBS_stat_ele=2.63725, VBS_stat_muon=-6.65139, ele_efficiency=4.04913, ele_trigger=-6.97875, fakephoton_ele=6.54579, fakephoton_muon=3.23543, interference=0.765396, lumi=-1.93445, mu_efficiency=-3.843, mu_trigger=3.21412, non_prompt_stat_ele=3.04982, non_prompt_stat_muon=-4.84543, others_stat_ele=6.97588, others_stat_muon=-5.70504, others_xs=-6.90129, param=0.00160223, pdf_ele=6.72156, pdf_muon=-6.96963, photon_id=2.58319, pileup=6.34711, scale_ele=3.47313, scale_muon=3.52538
RooProdPdf::model_s[ modelObs_s * nuisancePdf ]
     getLogVal() top-level p.d.f evaluates to zero @ !pdfs=(modelObs_s = 0/1,nuisancePdf = 1)

[#0] WARNING:Minization -- RooMinimizerFcn: Minimized function has error status.
Returning maximum FCN so far (570.304) to force MIGRAD to back out of this region. Error log follows
Parameter values: JER_ele=3.64051, JER_muon=3.64789, JES_ele=0.0393491, JES_muon=6.84656, QCD_stat_ele=-1.24109, QCD_stat_muon=-2.05608, VBS_stat_ele=-6.93296, VBS_stat_muon=-1.99306, ele_efficiency=-4.41924, ele_trigger=-3.13347, fakephoton_ele=6.48349, fakephoton_muon=5.91725, interference=-6.36494, lumi=-4.45555, mu_efficiency=-4.68679, mu_trigger=6.03591, non_prompt_stat_ele=6.99566, non_prompt_stat_muon=6.86995, others_stat_ele=-4.21601, others_stat_muon=-4.87655, others_xs=5.41749, param=0.0454462, pdf_ele=6.73917, pdf_muon=0.588246, photon_id=4.27575, pileup=5.12886, scale_ele=-3.70743, scale_muon=6.86619
RooProdPdf::model_s[ modelObs_s * nuisancePdf ]
     getLogVal() top-level p.d.f evaluates to zero @ !pdfs=(modelObs_s = 0/1,nuisancePdf = 1)

[#0] WARNING:Minization -- RooMinimizerFcn: Minimized function has error status.
Returning maximum FCN so far (1098.71) to force MIGRAD to back out of this region. Error log follows
Parameter values: JER_ele=-2.13852, JER_muon=6.7086, JES_ele=-2.54603, JES_muon=0.4791, QCD_stat_ele=4.13323, QCD_stat_muon=5.07655, VBS_stat_ele=3.6589, VBS_stat_muon=4.53157, ele_efficiency=6.28731, ele_trigger=-4.75745, fakephoton_ele=3.21422, fakephoton_muon=0.250794, interference=1.81234, lumi=-5.8134, mu_efficiency=-6.63639, mu_trigger=3.16119, non_prompt_stat_ele=5.43141, non_prompt_stat_muon=4.98842, others_stat_ele=0.618975, others_stat_muon=-6.27844, others_xs=-2.25342, param=0.0446085, pdf_ele=-1.86667, pdf_muon=-0.932774, photon_id=1.57948, pileup=5.40978, scale_ele=6.76736, scale_muon=-2.98243
RooProdPdf::model_s[ modelObs_s * nuisancePdf ]
     getLogVal() top-level p.d.f evaluates to zero @ !pdfs=(modelObs_s = 0/1,nuisancePdf = 1)

[#0] WARNING:Minization -- RooMinimizerFcn: Minimized function has error status.
Returning maximum FCN so far (1098.71) to force MIGRAD to back out of this region. Error log follows
Parameter values: JER_ele=-4.68046, JER_muon=3.6086, JES_ele=4.68328, JES_muon=0.364116, QCD_stat_ele=6.1232, QCD_stat_muon=-3.09578, VBS_stat_ele=0.638927, VBS_stat_muon=3.7079, ele_efficiency=-6.00036, ele_trigger=6.76996, fakephoton_ele=5.71721, fakephoton_muon=-4.27082, interference=4.63494, lumi=2.57852, mu_efficiency=-1.59341, mu_trigger=-4.09776, non_prompt_stat_ele=6.99948, non_prompt_stat_muon=-1.45486, others_stat_ele=0.694233, others_stat_muon=0.458224, others_xs=4.94437, param=0.044594, pdf_ele=2.19106, pdf_muon=-0.554, photon_id=2.34767, pileup=6.83867, scale_ele=5.90314, scale_muon=6.26634
RooProdPdf::model_s[ modelObs_s * nuisancePdf ]
     getLogVal() top-level p.d.f evaluates to zero @ !pdfs=(modelObs_s = 0/1,nuisancePdf = 1)

[#0] WARNING:Minization -- RooMinimizerFcn: Minimized function has error status.
Returning maximum FCN so far (1098.71) to force MIGRAD to back out of this region. Error log follows
Parameter values: JER_ele=6.2494, JER_muon=-2.25916, JES_ele=4.09487, JES_muon=-5.94949, QCD_stat_ele=6.30805, QCD_stat_muon=-5.6253, VBS_stat_ele=-2.69195, VBS_stat_muon=7, ele_efficiency=0.149339, ele_trigger=2.44687, fakephoton_ele=5.41386, fakephoton_muon=-6.58116, interference=-0.968374, lumi=-1.35876, mu_efficiency=6.9849, mu_trigger=-6.9746, non_prompt_stat_ele=4.45896, non_prompt_stat_muon=6.77234, others_stat_ele=3.98084, others_stat_muon=6.61392, others_xs=0.948505, param=0.0445516, pdf_ele=5.46771, pdf_muon=-2.75603, photon_id=-6.39958, pileup=6.51912, scale_ele=5.93003, scale_muon=4.28832
RooProdPdf::model_s[ modelObs_s * nuisancePdf ]
     getLogVal() top-level p.d.f evaluates to zero @ !pdfs=(modelObs_s = 0/1,nuisancePdf = 1)

[#0] WARNING:Minization -- RooMinimizerFcn: Minimized function has error status.
Returning maximum FCN so far (1098.71) to force MIGRAD to back out of this region. Error log follows
Parameter values: JER_ele=-5.28203, JER_muon=3.81313, JES_ele=5.2805, JES_muon=-0.188692, QCD_stat_ele=6.96823, QCD_stat_muon=-4.55766, VBS_stat_ele=1.80113, VBS_stat_muon=4.42997, ele_efficiency=-6.53006, ele_trigger=6.69062, fakephoton_ele=6.89349, fakephoton_muon=-4.7455, interference=5.12065, lumi=3.18703, mu_efficiency=-1.72992, mu_trigger=-4.78033, non_prompt_stat_ele=5.43755, non_prompt_stat_muon=-0.881115, others_stat_ele=1.84893, others_stat_muon=0.495142, others_xs=5.45154, param=0.0445884, pdf_ele=3.58476, pdf_muon=-1.06492, photon_id=3.20435, pileup=6.94289, scale_ele=6.95307, scale_muon=5.68466
RooProdPdf::model_s[ modelObs_s * nuisancePdf ]
     getLogVal() top-level p.d.f evaluates to zero @ !pdfs=(modelObs_s = 0/1,nuisancePdf = 1)

[#0] WARNING:Minization -- RooMinimizerFcn: Minimized function has error status.
Returning maximum FCN so far (1098.71) to force MIGRAD to back out of this region. Error log follows
Parameter values: JER_ele=-1.51667, JER_muon=-4.15835, JES_ele=-6.86252, JES_muon=2.23366, QCD_stat_ele=6.63727, QCD_stat_muon=6.85564, VBS_stat_ele=2.90808, VBS_stat_muon=-6.28579, ele_efficiency=0.129069, ele_trigger=3.92965, fakephoton_ele=4.00248, fakephoton_muon=-1.31794, interference=-6.18917, lumi=-2.57788, mu_efficiency=-3.95803, mu_trigger=-6.96035, non_prompt_stat_ele=6.97153, non_prompt_stat_muon=6.45689, others_stat_ele=4.3474, others_stat_muon=-5.36736, others_xs=3.42097, param=0.0445762, pdf_ele=-3.31752, pdf_muon=6.85445, photon_id=6.67431, pileup=5.44298, scale_ele=-4.96659, scale_muon=3.20612
RooProdPdf::model_s[ modelObs_s * nuisancePdf ]
     getLogVal() top-level p.d.f evaluates to zero @ !pdfs=(modelObs_s = 0/1,nuisancePdf = 1)

[#0] WARNING:Minization -- RooMinimizerFcn: Minimized function has error status.
Returning maximum FCN so far (529.916) to force MIGRAD to back out of this region. Error log follows
Parameter values: JER_ele=1.88099, JER_muon=-6.34932, JES_ele=-3.95418, JES_muon=0.188769, QCD_stat_ele=6.90329, QCD_stat_muon=6.24518, VBS_stat_ele=-5.42006, VBS_stat_muon=6.81997, ele_efficiency=4.61397, ele_trigger=-4.69432, fakephoton_ele=0.333799, fakephoton_muon=6.94345, interference=0.101995, lumi=6.3287, mu_efficiency=-0.0867107, mu_trigger=6.60537, non_prompt_stat_ele=3.2156, non_prompt_stat_muon=6.81109, others_stat_ele=-6.87983, others_stat_muon=2.86489, others_xs=6.38124, param=0.000494497, pdf_ele=2.3411, pdf_muon=0.298921, photon_id=3.98435, pileup=6.79009, scale_ele=-4.63246, scale_muon=-5.79562
RooProdPdf::model_s[ modelObs_s * nuisancePdf ]
     getLogVal() top-level p.d.f evaluates to zero @ !pdfs=(modelObs_s = 0/1,nuisancePdf = 1)

[#0] WARNING:Minization -- RooMinimizerFcn: Minimized function has error status.
Returning maximum FCN so far (644.189) to force MIGRAD to back out of this region. Error log follows
Parameter values: JER_ele=4.91388, JER_muon=-6.70043, JES_ele=-4.62153, JES_muon=5.02229, QCD_stat_ele=-5.94532, QCD_stat_muon=6.84581, VBS_stat_ele=-1.60111, VBS_stat_muon=-6.99998, ele_efficiency=-4.05994, ele_trigger=-5.23274, fakephoton_ele=6.25112, fakephoton_muon=-5.89935, interference=-4.58384, lumi=-6.68745, mu_efficiency=1.02353, mu_trigger=-2.31115, non_prompt_stat_ele=6.94755, non_prompt_stat_muon=-0.262746, others_stat_ele=-2.44097, others_stat_muon=-0.10773, others_xs=6.08317, param=0.0504229, pdf_ele=-6.95683, pdf_muon=-1.34321, photon_id=6.60949, pileup=6.72415, scale_ele=-3.65328, scale_muon=-6.112
RooProdPdf::model_s[ modelObs_s * nuisancePdf ]
     getLogVal() top-level p.d.f evaluates to zero @ !pdfs=(modelObs_s = 0/1,nuisancePdf = 1)

[#0] WARNING:Minization -- RooMinimizerFcn: Minimized function has error status.
Returning maximum FCN so far (644.189) to force MIGRAD to back out of this region. Error log follows
Parameter values: JER_ele=-6.95514, JER_muon=6.99996, JES_ele=-1.79909, JES_muon=5.97024, QCD_stat_ele=5.0791, QCD_stat_muon=-6.3317, VBS_stat_ele=3.39456, VBS_stat_muon=-6.62141, ele_efficiency=-4.91862, ele_trigger=3.07828, fakephoton_ele=2.73926, fakephoton_muon=-4.79768, interference=-5.43384, lumi=-4.27003, mu_efficiency=4.45669, mu_trigger=6.4176, non_prompt_stat_ele=6.9402, non_prompt_stat_muon=-6.84292, others_stat_ele=-1.41521, others_stat_muon=-5.40949, others_xs=-3.05301, param=0.050444, pdf_ele=-2.14767, pdf_muon=-2.10739, photon_id=4.73916, pileup=-6.92681, scale_ele=5.3989, scale_muon=-1.81008
RooProdPdf::model_s[ modelObs_s * nuisancePdf ]
     getLogVal() top-level p.d.f evaluates to zero @ !pdfs=(modelObs_s = 0/1,nuisancePdf = 1)

[#0] WARNING:Minization -- RooMinimizerFcn: Minimized function has error status.
Returning maximum FCN so far (893.403) to force MIGRAD to back out of this region. Error log follows
Parameter values: JER_ele=-5.33797, JER_muon=-4.36443, JES_ele=5.45806, JES_muon=-5.63099, QCD_stat_ele=-0.372976, QCD_stat_muon=-3.64656, VBS_stat_ele=-6.94999, VBS_stat_muon=-0.891963, ele_efficiency=6.47511, ele_trigger=2.22013, fakephoton_ele=5.68387, fakephoton_muon=-2.03776, interference=-0.210949, lumi=6.81824, mu_efficiency=6.19377, mu_trigger=-6.96777, non_prompt_stat_ele=4.10268, non_prompt_stat_muon=6.32566, others_stat_ele=6.43194, others_stat_muon=1.35397, others_xs=0.833002, param=0.0505825, pdf_ele=6.97531, pdf_muon=-5.80045, photon_id=-1.54826, pileup=-1.86186, scale_ele=4.93011, scale_muon=-2.18966
RooProdPdf::model_s[ modelObs_s * nuisancePdf ]
     getLogVal() top-level p.d.f evaluates to zero @ !pdfs=(modelObs_s = 0/1,nuisancePdf = 1)

[#0] WARNING:Minization -- RooMinimizerFcn: Minimized function has error status.
Returning maximum FCN so far (893.403) to force MIGRAD to back out of this region. Error log follows
Parameter values: JER_ele=-0.536273, JER_muon=6.36752, JES_ele=-0.156778, JES_muon=-5.53133, QCD_stat_ele=-0.491496, QCD_stat_muon=-4.09203, VBS_stat_ele=-6.6193, VBS_stat_muon=4.88085, ele_efficiency=-0.630482, ele_trigger=-1.06437, fakephoton_ele=3.77411, fakephoton_muon=-3.69103, interference=6.92414, lumi=6.85427, mu_efficiency=4.71051, mu_trigger=0.110917, non_prompt_stat_ele=5.81624, non_prompt_stat_muon=2.24397, others_stat_ele=-0.0505211, others_stat_muon=-3.8817, others_xs=3.4409, param=0.0505949, pdf_ele=-0.513785, pdf_muon=-5.21491, photon_id=-2.00709, pileup=1.39965, scale_ele=-6.94563, scale_muon=-5.72482
RooProdPdf::model_s[ modelObs_s * nuisancePdf ]
     getLogVal() top-level p.d.f evaluates to zero @ !pdfs=(modelObs_s = 0/1,nuisancePdf = 1)

[#0] WARNING:Minization -- RooMinimizerFcn: Minimized function has error status.
Returning maximum FCN so far (483.799) to force MIGRAD to back out of this region. Error log follows
Parameter values: JER_ele=-4.99821, JER_muon=-6.80235, JES_ele=6.49335, JES_muon=-2.68637, QCD_stat_ele=-6.32223, QCD_stat_muon=5.12106, VBS_stat_ele=6.25771, VBS_stat_muon=0.161879, ele_efficiency=-6.83273, ele_trigger=3.6084, fakephoton_ele=6.78638, fakephoton_muon=3.84353, interference=-2.99088, lumi=6.99928, mu_efficiency=-6.61389, mu_trigger=2.83523, non_prompt_stat_ele=3.30754, non_prompt_stat_muon=6.9229, others_stat_ele=-6.28395, others_stat_muon=2.21098, others_xs=-6.83496, param=0.0549193, pdf_ele=0.852335, pdf_muon=-4.54762, photon_id=-4.07649, pileup=-6.68942, scale_ele=3.67505, scale_muon=-4.83395
RooProdPdf::model_s[ modelObs_s * nuisancePdf ]
     getLogVal() top-level p.d.f evaluates to zero @ !pdfs=(modelObs_s = 0/1,nuisancePdf = 1)

[#0] WARNING:Minization -- RooMinimizerFcn: Minimized function has error status.
Returning maximum FCN so far (483.799) to force MIGRAD to back out of this region. Error log follows
Parameter values: JER_ele=6.35845, JER_muon=-0.928435, JES_ele=-6.56457, JES_muon=-6.91921, QCD_stat_ele=-6.1629, QCD_stat_muon=6.52815, VBS_stat_ele=6.98791, VBS_stat_muon=-1.98607, ele_efficiency=6.39686, ele_trigger=4.87964, fakephoton_ele=6.5204, fakephoton_muon=-4.3303, interference=-0.810279, lumi=-6.92688, mu_efficiency=6.07406, mu_trigger=6.99841, non_prompt_stat_ele=4.80531, non_prompt_stat_muon=-3.97315, others_stat_ele=6.62714, others_stat_muon=4.71735, others_xs=2.91998, param=0.0477348, pdf_ele=1.80263, pdf_muon=-5.68946, photon_id=-6.23266, pileup=-6.60574, scale_ele=-3.15683, scale_muon=-5.22119
RooProdPdf::model_s[ modelObs_s * nuisancePdf ]
     getLogVal() top-level p.d.f evaluates to zero @ !pdfs=(modelObs_s = 0/1,nuisancePdf = 1)

[#0] WARNING:Minization -- RooMinimizerFcn: Minimized function has error status.
Returning maximum FCN so far (804.039) to force MIGRAD to back out of this region. Error log follows
Parameter values: JER_ele=-1.44457, JER_muon=4.59452, JES_ele=1.0859, JES_muon=4.77169, QCD_stat_ele=5.40204, QCD_stat_muon=3.19355, VBS_stat_ele=5.54339, VBS_stat_muon=-2.2075, ele_efficiency=-0.244019, ele_trigger=6.88173, fakephoton_ele=6.51063, fakephoton_muon=-2.44509, interference=0.540611, lumi=3.17469, mu_efficiency=5.28334, mu_trigger=5.62323, non_prompt_stat_ele=6.58702, non_prompt_stat_muon=2.55871, others_stat_ele=6.81399, others_stat_muon=-2.53244, others_xs=0.584375, param=0.0455519, pdf_ele=0.376592, pdf_muon=0.774792, photon_id=6.71863, pileup=-3.77157, scale_ele=4.54773, scale_muon=-2.92626
RooProdPdf::model_s[ modelObs_s * nuisancePdf ]
     getLogVal() top-level p.d.f evaluates to zero @ !pdfs=(modelObs_s = 0/1,nuisancePdf = 1)

[#0] WARNING:Minization -- RooMinimizerFcn: Minimized function has error status.
Returning maximum FCN so far (982.409) to force MIGRAD to back out of this region. Error log follows
Parameter values: JER_ele=-3.20902, JER_muon=0.319767, JES_ele=6.12908, JES_muon=4.35154, QCD_stat_ele=-6.58145, QCD_stat_muon=1.64165, VBS_stat_ele=-2.50364, VBS_stat_muon=-6.43239, ele_efficiency=4.87252, ele_trigger=-6.39146, fakephoton_ele=6.83499, fakephoton_muon=-2.50372, interference=6.97878, lumi=-4.35255, mu_efficiency=-2.24635, mu_trigger=-6.60271, non_prompt_stat_ele=5.2538, non_prompt_stat_muon=-5.92236, others_stat_ele=-4.05958, others_stat_muon=3.4732, others_xs=6.99708, param=0.0322316, pdf_ele=2.51914, pdf_muon=-2.45252, photon_id=-0.907195, pileup=0.795593, scale_ele=-4.6727, scale_muon=-2.01254
RooProdPdf::model_s[ modelObs_s * nuisancePdf ]
     getLogVal() top-level p.d.f evaluates to zero @ !pdfs=(modelObs_s = 0/1,nuisancePdf = 1)

[#0] WARNING:Minization -- RooMinimizerFcn: Minimized function has error status.
Returning maximum FCN so far (374.249) to force MIGRAD to back out of this region. Error log follows
Parameter values: JER_ele=2.18236, JER_muon=3.52183, JES_ele=6.99872, JES_muon=5.00155, QCD_stat_ele=4.86946, QCD_stat_muon=2.77459, VBS_stat_ele=3.81368, VBS_stat_muon=6.93703, ele_efficiency=-1.8961, ele_trigger=6.99949, fakephoton_ele=5.59257, fakephoton_muon=-2.39863, interference=-0.237377, lumi=-0.108552, mu_efficiency=4.27125, mu_trigger=5.73356, non_prompt_stat_ele=6.18437, non_prompt_stat_muon=6.66291, others_stat_ele=5.547, others_stat_muon=2.89437, others_xs=6.59554, param=0.0254201, pdf_ele=6.65191, pdf_muon=6.98933, photon_id=3.89736, pileup=-1.13914, scale_ele=-0.894675, scale_muon=6.10572
RooProdPdf::model_s[ modelObs_s * nuisancePdf ]
     getLogVal() top-level p.d.f evaluates to zero @ !pdfs=(modelObs_s = 0/1,nuisancePdf = 1)

[#0] WARNING:Minization -- RooMinimizerFcn: Minimized function has error status.
Returning maximum FCN so far (740.557) to force MIGRAD to back out of this region. Error log follows
Parameter values: JER_ele=0.704895, JER_muon=-6.99175, JES_ele=-3.26919, JES_muon=0.204899, QCD_stat_ele=6.53965, QCD_stat_muon=1.07996, VBS_stat_ele=-6.23034, VBS_stat_muon=-2.27041, ele_efficiency=-0.0763609, ele_trigger=-6.92165, fakephoton_ele=5.40689, fakephoton_muon=6.10381, interference=-5.66515, lumi=6.4555, mu_efficiency=-4.99674, mu_trigger=3.67329, non_prompt_stat_ele=6.53825, non_prompt_stat_muon=-1.36675, others_stat_ele=4.93408, others_stat_muon=2.53574, others_xs=5.57885, param=0.0257343, pdf_ele=-4.05254, pdf_muon=-6.91214, photon_id=-1.42947, pileup=-0.782566, scale_ele=6.96899, scale_muon=-0.32909
RooProdPdf::model_s[ modelObs_s * nuisancePdf ]
     getLogVal() top-level p.d.f evaluates to zero @ !pdfs=(modelObs_s = 0/1,nuisancePdf = 1)

[#0] WARNING:Minization -- RooMinimizerFcn: Minimized function has error status.
Returning maximum FCN so far (961.441) to force MIGRAD to back out of this region. Error log follows
Parameter values: JER_ele=-3.16028, JER_muon=-6.76332, JES_ele=-5.12468, JES_muon=-3.95932, QCD_stat_ele=0.530213, QCD_stat_muon=5.55044, VBS_stat_ele=-4.89133, VBS_stat_muon=1.9614, ele_efficiency=-2.13229, ele_trigger=-4.28944, fakephoton_ele=4.82707, fakephoton_muon=6.155, interference=-6.25371, lumi=-3.74332, mu_efficiency=3.28937, mu_trigger=-2.48959, non_prompt_stat_ele=6.8221, non_prompt_stat_muon=2.90127, others_stat_ele=3.17582, others_stat_muon=-6.90324, others_xs=-5.82481, param=0.0382307, pdf_ele=-6.1094, pdf_muon=-4.78724, photon_id=-5.89739, pileup=2.53793, scale_ele=2.30135, scale_muon=5.17024
RooProdPdf::model_s[ modelObs_s * nuisancePdf ]
     getLogVal() top-level p.d.f evaluates to zero @ !pdfs=(modelObs_s = 0/1,nuisancePdf = 1)

[#0] WARNING:Minization -- RooMinimizerFcn: Minimized function has error status.
Returning maximum FCN so far (961.441) to force MIGRAD to back out of this region. Error log follows
Parameter values: JER_ele=-6.64509, JER_muon=6.13003, JES_ele=4.5912, JES_muon=2.62899, QCD_stat_ele=-2.38916, QCD_stat_muon=4.7843, VBS_stat_ele=2.14664, VBS_stat_muon=4.76319, ele_efficiency=1.98627, ele_trigger=0.712346, fakephoton_ele=6.97279, fakephoton_muon=0.370627, interference=-3.83072, lumi=0.215414, mu_efficiency=-6.97509, mu_trigger=5.59437, non_prompt_stat_ele=6.68184, non_prompt_stat_muon=6.17214, others_stat_ele=6.99813, others_stat_muon=6.86862, others_xs=-3.74864, param=0.0382864, pdf_ele=6.21162, pdf_muon=-3.39104, photon_id=-6.80359, pileup=-6.11146, scale_ele=2.76826, scale_muon=1.57293
RooProdPdf::model_s[ modelObs_s * nuisancePdf ]
     getLogVal() top-level p.d.f evaluates to zero @ !pdfs=(modelObs_s = 0/1,nuisancePdf = 1)

[#0] WARNING:Minization -- RooMinimizerFcn: Minimized function has error status.
Returning maximum FCN so far (961.441) to force MIGRAD to back out of this region. Error log follows
Parameter values: JER_ele=1.68867, JER_muon=-4.20327, JES_ele=2.33899, JES_muon=0.52919, QCD_stat_ele=5.53023, QCD_stat_muon=5.22931, VBS_stat_ele=2.39064, VBS_stat_muon=-6.20176, ele_efficiency=-0.189713, ele_trigger=1.94726, fakephoton_ele=6.24752, fakephoton_muon=5.51454, interference=-3.57587, lumi=0.996455, mu_efficiency=3.04801, mu_trigger=0.290544, non_prompt_stat_ele=6.9957, non_prompt_stat_muon=4.98846, others_stat_ele=4.57327, others_stat_muon=-4.24327, others_xs=-1.78267, param=0.038245, pdf_ele=3.93721, pdf_muon=0.219223, photon_id=4.68654, pileup=2.12666, scale_ele=4.99578, scale_muon=-6.88095
RooProdPdf::model_s[ modelObs_s * nuisancePdf ]
     getLogVal() top-level p.d.f evaluates to zero @ !pdfs=(modelObs_s = 0/1,nuisancePdf = 1)

[#0] WARNING:Minization -- RooMinimizerFcn: Minimized function has error status.
Returning maximum FCN so far (961.441) to force MIGRAD to back out of this region. Error log follows
Parameter values: JER_ele=2.59099, JER_muon=-6.08958, JES_ele=3.91374, JES_muon=-0.281553, QCD_stat_ele=6.9882, QCD_stat_muon=-4.99769, VBS_stat_ele=3.55074, VBS_stat_muon=5.83088, ele_efficiency=0.0535829, ele_trigger=3.16182, fakephoton_ele=6.45083, fakephoton_muon=5.91088, interference=-5.10729, lumi=0.565388, mu_efficiency=3.5123, mu_trigger=-0.264926, non_prompt_stat_ele=2.84902, non_prompt_stat_muon=3.85223, others_stat_ele=6.89603, others_stat_muon=-5.96967, others_xs=-1.93713, param=0.0382702, pdf_ele=5.81273, pdf_muon=-1.26494, photon_id=5.87832, pileup=2.45381, scale_ele=6.98886, scale_muon=-6.99349
RooProdPdf::model_s[ modelObs_s * nuisancePdf ]
     getLogVal() top-level p.d.f evaluates to zero @ !pdfs=(modelObs_s = 0/1,nuisancePdf = 1)

[#0] WARNING:Minization -- RooMinimizerFcn: Minimized function has error status.
Returning maximum FCN so far (43.6062) to force MIGRAD to back out of this region. Error log follows
Parameter values: JER_ele=-3.7866, JER_muon=1.71317, JES_ele=6.84522, JES_muon=-6.02233, QCD_stat_ele=0.119917, QCD_stat_muon=-1.60776, VBS_stat_ele=-6.40016, VBS_stat_muon=-5.94862, ele_efficiency=-5.43696, ele_trigger=-6.92641, fakephoton_ele=3.44223, fakephoton_muon=-1.85484, interference=4.42395, lumi=-1.14089, mu_efficiency=6.6528, mu_trigger=6.91968, non_prompt_stat_ele=6.69999, non_prompt_stat_muon=3.3915, others_stat_ele=2.84086, others_stat_muon=6.43464, others_xs=1.72589, param=0.00192345, pdf_ele=-3.6826, pdf_muon=-6.2065, photon_id=-6.05539, pileup=-5.62126, scale_ele=-1.37122, scale_muon=-4.47877
RooProdPdf::model_s[ modelObs_s * nuisancePdf ]
     getLogVal() top-level p.d.f evaluates to zero @ !pdfs=(modelObs_s = 0/1,nuisancePdf = 1)

[#0] WARNING:Minization -- RooMinimizerFcn: Minimized function has error status.
Returning maximum FCN so far (43.6062) to force MIGRAD to back out of this region. Error log follows
Parameter values: JER_ele=-2.95343, JER_muon=6.14121, JES_ele=0.624056, JES_muon=6.52115, QCD_stat_ele=4.07148, QCD_stat_muon=6.99811, VBS_stat_ele=5.73046, VBS_stat_muon=-6.96555, ele_efficiency=4.42433, ele_trigger=6.89631, fakephoton_ele=6.48404, fakephoton_muon=6.72095, interference=-1.90302, lumi=-6.98232, mu_efficiency=5.47772, mu_trigger=1.86618, non_prompt_stat_ele=-4.0223, non_prompt_stat_muon=6.64525, others_stat_ele=-2.85332, others_stat_muon=-2.62205, others_xs=5.56878, param=0.0436358, pdf_ele=-5.26052, pdf_muon=6.79904, photon_id=6.98339, pileup=1.70061, scale_ele=-0.392171, scale_muon=6.16515
RooProdPdf::model_s[ modelObs_s * nuisancePdf ]
     getLogVal() top-level p.d.f evaluates to zero @ !pdfs=(modelObs_s = 0/1,nuisancePdf = 1)

[#0] WARNING:Minization -- RooMinimizerFcn: Minimized function has error status.
Returning maximum FCN so far (43.6062) to force MIGRAD to back out of this region. Error log follows
Parameter values: JER_ele=-2.51536, JER_muon=1.10278, JES_ele=-3.63575, JES_muon=-2.00577, QCD_stat_ele=5.57994, QCD_stat_muon=-4.53292, VBS_stat_ele=6.31932, VBS_stat_muon=-6.37301, ele_efficiency=5.8492, ele_trigger=2.27546, fakephoton_ele=6.99084, fakephoton_muon=-1.571, interference=-4.79721, lumi=-5.78953, mu_efficiency=-4.61999, mu_trigger=2.10058, non_prompt_stat_ele=6.9993, non_prompt_stat_muon=-3.71041, others_stat_ele=-5.20639, others_stat_muon=-6.4148, others_xs=0.464519, param=0.0549851, pdf_ele=-5.88461, pdf_muon=-0.837242, photon_id=-1.11095, pileup=6.96636, scale_ele=-0.101264, scale_muon=2.08061
RooProdPdf::model_s[ modelObs_s * nuisancePdf ]
     getLogVal() top-level p.d.f evaluates to zero @ !pdfs=(modelObs_s = 0/1,nuisancePdf = 1)

[#0] WARNING:Minization -- RooMinimizerFcn: Minimized function has error status.
Returning maximum FCN so far (43.6062) to force MIGRAD to back out of this region. Error log follows
Parameter values: JER_ele=2.29179, JER_muon=-2.05396, JES_ele=-5.32231, JES_muon=-6.02022, QCD_stat_ele=-6.15179, QCD_stat_muon=6.76568, VBS_stat_ele=3.94057, VBS_stat_muon=5.81616, ele_efficiency=1.76669, ele_trigger=2.5634, fakephoton_ele=-6.95257, fakephoton_muon=6.67863, interference=-5.87082, lumi=4.17964, mu_efficiency=-5.64852, mu_trigger=-5.8085, non_prompt_stat_ele=-3.09622, non_prompt_stat_muon=6.84269, others_stat_ele=6.06527, others_stat_muon=-6.99794, others_xs=-5.93226, param=0.0525823, pdf_ele=6.14896, pdf_muon=5.2363, photon_id=6.10267, pileup=-6.09005, scale_ele=-6.99137, scale_muon=3.83288
RooProdPdf::model_s[ modelObs_s * nuisancePdf ]
     getLogVal() top-level p.d.f evaluates to zero @ !pdfs=(modelObs_s = 0/1,nuisancePdf = 1)

[#0] WARNING:Minization -- RooMinimizerFcn: Minimized function has error status.
Returning maximum FCN so far (504.946) to force MIGRAD to back out of this region. Error log follows
Parameter values: JER_ele=6.64997, JER_muon=3.48142, JES_ele=-6.27376, JES_muon=6.47385, QCD_stat_ele=1.49059, QCD_stat_muon=-2.09144, VBS_stat_ele=-6.85572, VBS_stat_muon=-6.39463, ele_efficiency=4.28013, ele_trigger=0.424037, fakephoton_ele=6.55105, fakephoton_muon=-5.05969, interference=6.80968, lumi=4.14292, mu_efficiency=3.48298, mu_trigger=4.69098, non_prompt_stat_ele=5.26893, non_prompt_stat_muon=-6.9186, others_stat_ele=-1.15164, others_stat_muon=-6.33513, others_xs=4.73592, param=0.0444126, pdf_ele=-6.4164, pdf_muon=0.729926, photon_id=-3.7499, pileup=-6.8798, scale_ele=-1.82247, scale_muon=-5.72373
RooProdPdf::model_s[ modelObs_s * nuisancePdf ]
     getLogVal() top-level p.d.f evaluates to zero @ !pdfs=(modelObs_s = 0/1,nuisancePdf = 1)

[#0] WARNING:Minization -- RooMinimizerFcn: Minimized function has error status.
Returning maximum FCN so far (504.946) to force MIGRAD to back out of this region. Error log follows
Parameter values: JER_ele=4.80479, JER_muon=-4.768, JES_ele=6.59518, JES_muon=-1.5219, QCD_stat_ele=-2.24629, QCD_stat_muon=5.97697, VBS_stat_ele=-6.66233, VBS_stat_muon=-3.13623, ele_efficiency=-4.16673, ele_trigger=2.11939, fakephoton_ele=6.22396, fakephoton_muon=4.61328, interference=0.548663, lumi=1.99595, mu_efficiency=3.70391, mu_trigger=-6.75703, non_prompt_stat_ele=6.8855, non_prompt_stat_muon=-2.90135, others_stat_ele=6.78933, others_stat_muon=5.23363, others_xs=-2.73434, param=0.048656, pdf_ele=6.50981, pdf_muon=6.81978, photon_id=4.62817, pileup=1.88654, scale_ele=-0.170995, scale_muon=5.92061
RooProdPdf::model_s[ modelObs_s * nuisancePdf ]
     getLogVal() top-level p.d.f evaluates to zero @ !pdfs=(modelObs_s = 0/1,nuisancePdf = 1)

[#0] WARNING:Minization -- RooMinimizerFcn: Minimized function has error status.
Returning maximum FCN so far (952.494) to force MIGRAD to back out of this region. Error log follows
Parameter values: JER_ele=0.235437, JER_muon=6.91347, JES_ele=6.01572, JES_muon=-6.96913, QCD_stat_ele=-4.80988, QCD_stat_muon=1.80711, VBS_stat_ele=0.591802, VBS_stat_muon=1.32309, ele_efficiency=2.57615, ele_trigger=-4.77732, fakephoton_ele=4.77433, fakephoton_muon=5.60019, interference=-4.13644, lumi=-3.5486, mu_efficiency=-1.05682, mu_trigger=2.37706, non_prompt_stat_ele=5.5498, non_prompt_stat_muon=4.3889, others_stat_ele=-6.34913, others_stat_muon=-6.88941, others_xs=-0.180889, param=0.0495348, pdf_ele=4.02193, pdf_muon=5.82194, photon_id=4.28198, pileup=6.62368, scale_ele=-5.7349, scale_muon=6.22005
RooProdPdf::model_s[ modelObs_s * nuisancePdf ]
     getLogVal() top-level p.d.f evaluates to zero @ !pdfs=(modelObs_s = 0/1,nuisancePdf = 1)

[#0] WARNING:Minization -- RooMinimizerFcn: Minimized function has error status.
Returning maximum FCN so far (952.494) to force MIGRAD to back out of this region. Error log follows
Parameter values: JER_ele=-0.828132, JER_muon=-5.80479, JES_ele=-3.00966, JES_muon=-4.58296, QCD_stat_ele=-4.04095, QCD_stat_muon=6.25519, VBS_stat_ele=-6.99823, VBS_stat_muon=-6.27556, ele_efficiency=-2.82264, ele_trigger=-6.59502, fakephoton_ele=2.72565, fakephoton_muon=-4.70864, interference=-6.3331, lumi=-6.98442, mu_efficiency=0.156876, mu_trigger=-6.54533, non_prompt_stat_ele=6.47003, non_prompt_stat_muon=-1.83029, others_stat_ele=-6.89093, others_stat_muon=0.199979, others_xs=-6.56077, param=0.0495853, pdf_ele=2.08804, pdf_muon=-5.08135, photon_id=6.93506, pileup=1.39332, scale_ele=-4.45113, scale_muon=3.92708
RooProdPdf::model_s[ modelObs_s * nuisancePdf ]
     getLogVal() top-level p.d.f evaluates to zero @ !pdfs=(modelObs_s = 0/1,nuisancePdf = 1)


 -- Hybrid New -- 
CLs = 1.06081 +/- 0.0356936
Done in 16.73 min (cpu), 16.76 min (real)
