 <<< Combine >>> 
>>> including systematics
>>> using the Profile Likelihood test statistics modified for upper limits (Q_LHC)
>>> method used is HybridNew
>>> Used OpenSSL to get a really random seed -1838531510
Computing results starting from observation (a-posteriori)
[#0] WARNING:Minization -- RooMinimizerFcn: Minimized function has error status.
Returning maximum FCN so far (398.275) to force MIGRAD to back out of this region. Error log follows
Parameter values: JER_ele=-5.73288, JER_muon=-2.21561, JES_ele=-5.70188, JES_muon=-6.65616, QCD_stat_ele=4.64086, QCD_stat_muon=-2.17587, VBS_stat_ele=-6.55362, VBS_stat_muon=6.98943, ele_efficiency=-3.55925, ele_trigger=4.59331, fakephoton_ele=6.46139, fakephoton_muon=4.58578, interference=6.91981, lumi=-5.70971, mu_efficiency=-2.94914, mu_trigger=-1.8936, non_prompt_stat_ele=6.86127, non_prompt_stat_muon=-5.22934, others_stat_ele=-5.73025, others_stat_muon=-6.45828, others_xs=-0.800562, param=0.0777925, pdf_ele=-5.23079, pdf_muon=-6.99986, photon_id=-6.02362, pileup=-5.62211, scale_ele=-6.98851, scale_muon=5.76166
RooProdPdf::model_s[ modelObs_s * nuisancePdf ]
     getLogVal() top-level p.d.f evaluates to zero @ !pdfs=(modelObs_s = 0/1,nuisancePdf = 1)

[#0] WARNING:Minization -- RooMinimizerFcn: Minimized function has error status.
Returning maximum FCN so far (663.828) to force MIGRAD to back out of this region. Error log follows
Parameter values: JER_ele=-6.97068, JER_muon=1.44622, JES_ele=-5.84276, JES_muon=-0.0185966, QCD_stat_ele=-6.89087, QCD_stat_muon=1.96191, VBS_stat_ele=-3.93495, VBS_stat_muon=1.79484, ele_efficiency=3.57825, ele_trigger=-6.25164, fakephoton_ele=6.65819, fakephoton_muon=-5.10113, interference=-1.46844, lumi=2.52459, mu_efficiency=1.31507, mu_trigger=6.83771, non_prompt_stat_ele=4.32703, non_prompt_stat_muon=-5.2139, others_stat_ele=6.23029, others_stat_muon=-6.9946, others_xs=-2.43986, param=0.0726956, pdf_ele=-6.99009, pdf_muon=-4.5735, photon_id=4.96827, pileup=-1.61524, scale_ele=-1.12579, scale_muon=6.2395
RooProdPdf::model_s[ modelObs_s * nuisancePdf ]
     getLogVal() top-level p.d.f evaluates to zero @ !pdfs=(modelObs_s = 0/1,nuisancePdf = 1)

[#0] WARNING:Minization -- RooMinimizerFcn: Minimized function has error status.
Returning maximum FCN so far (663.828) to force MIGRAD to back out of this region. Error log follows
Parameter values: JER_ele=5.41479, JER_muon=-6.78129, JES_ele=6.7968, JES_muon=2.22928, QCD_stat_ele=1.70987, QCD_stat_muon=-6.95355, VBS_stat_ele=5.91124, VBS_stat_muon=-4.3056, ele_efficiency=-6.94544, ele_trigger=6.86281, fakephoton_ele=4.82406, fakephoton_muon=6.74545, interference=-6.99978, lumi=-5.25626, mu_efficiency=-6.21953, mu_trigger=1.93366, non_prompt_stat_ele=6.52224, non_prompt_stat_muon=-3.68639, others_stat_ele=6.78808, others_stat_muon=-6.50567, others_xs=-3.49432, param=0.0727633, pdf_ele=-1.15894, pdf_muon=2.03975, photon_id=-0.652726, pileup=-6.82585, scale_ele=3.31078, scale_muon=-6.99962
RooProdPdf::model_s[ modelObs_s * nuisancePdf ]
     getLogVal() top-level p.d.f evaluates to zero @ !pdfs=(modelObs_s = 0/1,nuisancePdf = 1)

[#0] WARNING:Minization -- RooMinimizerFcn: Minimized function has error status.
Returning maximum FCN so far (43.6508) to force MIGRAD to back out of this region. Error log follows
Parameter values: JER_ele=-0.249803, JER_muon=-0.727051, JES_ele=0.318278, JES_muon=0.154294, QCD_stat_ele=0.322907, QCD_stat_muon=0.373793, VBS_stat_ele=0.653512, VBS_stat_muon=-0.898159, ele_efficiency=2.35697, ele_trigger=2.4947, fakephoton_ele=2.05068, fakephoton_muon=-1.0527, interference=0.272123, lumi=1.34035, mu_efficiency=0.481254, mu_trigger=0.343992, non_prompt_stat_ele=6.91436, non_prompt_stat_muon=-2.33835, others_stat_ele=1.55632, others_stat_muon=1.78706, others_xs=1.00176, param=0.2199, pdf_ele=0.114827, pdf_muon=0.59387, photon_id=1.82078, pileup=-0.0988137, scale_ele=1.16815, scale_muon=-1.17409
RooProdPdf::model_s[ modelObs_s * nuisancePdf ]
     getLogVal() top-level p.d.f evaluates to zero @ !pdfs=(modelObs_s = 0/1,nuisancePdf = 1)

[#0] WARNING:Minization -- RooMinimizerFcn: Minimized function has error status.
Returning maximum FCN so far (41.9925) to force MIGRAD to back out of this region. Error log follows
Parameter values: JER_ele=0.483245, JER_muon=-0.825715, JES_ele=-4.08915, JES_muon=2.74746, QCD_stat_ele=6.97701, QCD_stat_muon=5.89023, VBS_stat_ele=5.8774, VBS_stat_muon=-2.35358, ele_efficiency=-4.75494, ele_trigger=-1.12479, fakephoton_ele=-4.98762, fakephoton_muon=5.08678, interference=-2.83988, lumi=1.77887, mu_efficiency=-4.89858, mu_trigger=2.91841, non_prompt_stat_ele=-5.51745, non_prompt_stat_muon=6.90281, others_stat_ele=6.23889, others_stat_muon=4.68641, others_xs=6.28924, param=0.21809, pdf_ele=-6.98216, pdf_muon=-6.66373, photon_id=0.828564, pileup=1.94428, scale_ele=6.08421, scale_muon=6.83948
RooProdPdf::model_s[ modelObs_s * nuisancePdf ]
     getLogVal() top-level p.d.f evaluates to zero @ !pdfs=(modelObs_s = 0/1,nuisancePdf = 1)

[#0] WARNING:Minization -- RooMinimizerFcn: Minimized function has error status.
Returning maximum FCN so far (891.501) to force MIGRAD to back out of this region. Error log follows
Parameter values: JER_ele=0.223681, JER_muon=1.47726, JES_ele=0.720218, JES_muon=-3.36775, QCD_stat_ele=5.26886, QCD_stat_muon=-1.65083, VBS_stat_ele=1.10834, VBS_stat_muon=-1.28011, ele_efficiency=-3.05451, ele_trigger=0.723729, fakephoton_ele=6.80492, fakephoton_muon=0.736891, interference=2.61333, lumi=4.79956, mu_efficiency=1.21924, mu_trigger=2.02769, non_prompt_stat_ele=6.57612, non_prompt_stat_muon=-2.17876, others_stat_ele=4.62141, others_stat_muon=-1.0993, others_xs=4.59042, param=0.196066, pdf_ele=6.98966, pdf_muon=-1.7, photon_id=2.71179, pileup=0.928015, scale_ele=6.39529, scale_muon=6.84817
RooProdPdf::model_s[ modelObs_s * nuisancePdf ]
     getLogVal() top-level p.d.f evaluates to zero @ !pdfs=(modelObs_s = 0/1,nuisancePdf = 1)

[#0] WARNING:Minization -- RooMinimizerFcn: Minimized function has error status.
Returning maximum FCN so far (891.501) to force MIGRAD to back out of this region. Error log follows
Parameter values: JER_ele=-3.88108, JER_muon=6.25059, JES_ele=-6.99263, JES_muon=-2.88065, QCD_stat_ele=-1.62474, QCD_stat_muon=6.87681, VBS_stat_ele=-1.36848, VBS_stat_muon=6.36386, ele_efficiency=-3.13908, ele_trigger=-5.69219, fakephoton_ele=1.18382, fakephoton_muon=-0.549821, interference=4.88503, lumi=6.40532, mu_efficiency=0.971506, mu_trigger=1.71813, non_prompt_stat_ele=6.8454, non_prompt_stat_muon=-6.87609, others_stat_ele=-5.99168, others_stat_muon=6.63927, others_xs=6.86877, param=0.196065, pdf_ele=-5.79666, pdf_muon=-6.73609, photon_id=5.3512, pileup=0.364493, scale_ele=-1.63954, scale_muon=1.92534
RooProdPdf::model_s[ modelObs_s * nuisancePdf ]
     getLogVal() top-level p.d.f evaluates to zero @ !pdfs=(modelObs_s = 0/1,nuisancePdf = 1)

[#0] WARNING:Minization -- RooMinimizerFcn: Minimized function has error status.
Returning maximum FCN so far (702.827) to force MIGRAD to back out of this region. Error log follows
Parameter values: JER_ele=-5.54203, JER_muon=5.20698, JES_ele=6.0372, JES_muon=6.03623, QCD_stat_ele=6.46317, QCD_stat_muon=-3.39553, VBS_stat_ele=-4.33354, VBS_stat_muon=-3.18626, ele_efficiency=-3.44131, ele_trigger=3.03803, fakephoton_ele=6.977, fakephoton_muon=-3.66243, interference=-3.2229, lumi=6.93893, mu_efficiency=-5.53703, mu_trigger=-4.25618, non_prompt_stat_ele=6.97455, non_prompt_stat_muon=-6.24098, others_stat_ele=-0.728678, others_stat_muon=-6.39308, others_xs=0.199258, param=0.0554357, pdf_ele=3.5527, pdf_muon=-6.27863, photon_id=-2.56213, pileup=6.91235, scale_ele=6.99786, scale_muon=6.35389
RooProdPdf::model_s[ modelObs_s * nuisancePdf ]
     getLogVal() top-level p.d.f evaluates to zero @ !pdfs=(modelObs_s = 0/1,nuisancePdf = 1)

[#0] WARNING:Minization -- RooMinimizerFcn: Minimized function has error status.
Returning maximum FCN so far (859.208) to force MIGRAD to back out of this region. Error log follows
Parameter values: JER_ele=-6.18055, JER_muon=2.24702, JES_ele=-6.42761, JES_muon=4.67363, QCD_stat_ele=-5.40292, QCD_stat_muon=2.53027, VBS_stat_ele=5.9882, VBS_stat_muon=6.28144, ele_efficiency=-0.438718, ele_trigger=-0.64758, fakephoton_ele=6.96343, fakephoton_muon=4.55308, interference=-5.65521, lumi=-6.86042, mu_efficiency=-6.44903, mu_trigger=6.7848, non_prompt_stat_ele=3.37556, non_prompt_stat_muon=-6.77948, others_stat_ele=-4.42191, others_stat_muon=-3.17421, others_xs=0.964518, param=0.0448161, pdf_ele=-3.76715, pdf_muon=-1.00591, photon_id=2.23888, pileup=3.27916, scale_ele=-6.88989, scale_muon=1.63645
RooProdPdf::model_s[ modelObs_s * nuisancePdf ]
     getLogVal() top-level p.d.f evaluates to zero @ !pdfs=(modelObs_s = 0/1,nuisancePdf = 1)

[#0] WARNING:Minization -- RooMinimizerFcn: Minimized function has error status.
Returning maximum FCN so far (859.208) to force MIGRAD to back out of this region. Error log follows
Parameter values: JER_ele=6.9988, JER_muon=4.37382, JES_ele=4.84459, JES_muon=-4.48443, QCD_stat_ele=4.31142, QCD_stat_muon=-3.18354, VBS_stat_ele=-6.78206, VBS_stat_muon=-4.58742, ele_efficiency=-4.08769, ele_trigger=-6.8259, fakephoton_ele=4.09344, fakephoton_muon=-6.13516, interference=-6.69264, lumi=-6.3942, mu_efficiency=4.12656, mu_trigger=4.61767, non_prompt_stat_ele=6.00691, non_prompt_stat_muon=-3.92768, others_stat_ele=-6.37957, others_stat_muon=-3.09738, others_xs=6.83073, param=0.0442646, pdf_ele=-1.65125, pdf_muon=6.92496, photon_id=-6.94219, pileup=-5.09875, scale_ele=6.4696, scale_muon=6.23523
RooProdPdf::model_s[ modelObs_s * nuisancePdf ]
     getLogVal() top-level p.d.f evaluates to zero @ !pdfs=(modelObs_s = 0/1,nuisancePdf = 1)

[#0] WARNING:Minization -- RooMinimizerFcn: Minimized function has error status.
Returning maximum FCN so far (493.315) to force MIGRAD to back out of this region. Error log follows
Parameter values: JER_ele=2.91175, JER_muon=6.43734, JES_ele=3.85978, JES_muon=4.06956, QCD_stat_ele=4.26255, QCD_stat_muon=-5.97419, VBS_stat_ele=-0.708731, VBS_stat_muon=-6.99567, ele_efficiency=-6.1076, ele_trigger=-4.6024, fakephoton_ele=6.94013, fakephoton_muon=-0.467781, interference=-0.329838, lumi=5.24714, mu_efficiency=-6.84034, mu_trigger=-5.84311, non_prompt_stat_ele=3.72099, non_prompt_stat_muon=-3.26616, others_stat_ele=0.891849, others_stat_muon=6.25012, others_xs=6.61325, param=0.00892152, pdf_ele=-5.82696, pdf_muon=2.95217, photon_id=-6.91596, pileup=-1.42963, scale_ele=1.11413, scale_muon=0.23114
RooProdPdf::model_s[ modelObs_s * nuisancePdf ]
     getLogVal() top-level p.d.f evaluates to zero @ !pdfs=(modelObs_s = 0/1,nuisancePdf = 1)

[#0] WARNING:Minization -- RooMinimizerFcn: Minimized function has error status.
Returning maximum FCN so far (741.909) to force MIGRAD to back out of this region. Error log follows
Parameter values: JER_ele=0.294665, JER_muon=0.26945, JES_ele=0.36033, JES_muon=1.58137, QCD_stat_ele=5.37783, QCD_stat_muon=2.61057, VBS_stat_ele=0.627985, VBS_stat_muon=-0.189537, ele_efficiency=2.33053, ele_trigger=0.035047, fakephoton_ele=6.99517, fakephoton_muon=1.515, interference=1.43238, lumi=1.22551, mu_efficiency=-0.0381929, mu_trigger=1.45448, non_prompt_stat_ele=4.09716, non_prompt_stat_muon=2.105, others_stat_ele=0.948816, others_stat_muon=1.33394, others_xs=0.459952, param=0.0273139, pdf_ele=0.817768, pdf_muon=1.40051, photon_id=2.78686, pileup=-0.880395, scale_ele=3.33681, scale_muon=1.74926
RooProdPdf::model_s[ modelObs_s * nuisancePdf ]
     getLogVal() top-level p.d.f evaluates to zero @ !pdfs=(modelObs_s = 0/1,nuisancePdf = 1)

[#0] WARNING:Minization -- RooMinimizerFcn: Minimized function has error status.
Returning maximum FCN so far (741.909) to force MIGRAD to back out of this region. Error log follows
Parameter values: JER_ele=-0.76989, JER_muon=2.92041, JES_ele=-2.18597, JES_muon=6.26594, QCD_stat_ele=5.72953, QCD_stat_muon=6.79639, VBS_stat_ele=-1.60365, VBS_stat_muon=2.07288, ele_efficiency=1.55597, ele_trigger=-1.5547, fakephoton_ele=-4.29092, fakephoton_muon=4.34725, interference=2.07337, lumi=2.0334, mu_efficiency=1.41909, mu_trigger=5.08903, non_prompt_stat_ele=0.819438, non_prompt_stat_muon=6.43387, others_stat_ele=-2.15727, others_stat_muon=1.98405, others_xs=2.3014, param=0.0273244, pdf_ele=-4.72357, pdf_muon=6.30675, photon_id=4.41155, pileup=0.707061, scale_ele=-5.96414, scale_muon=4.80983
RooProdPdf::model_s[ modelObs_s * nuisancePdf ]
     getLogVal() top-level p.d.f evaluates to zero @ !pdfs=(modelObs_s = 0/1,nuisancePdf = 1)

[#0] WARNING:Minization -- RooMinimizerFcn: Minimized function has error status.
Returning maximum FCN so far (44.1338) to force MIGRAD to back out of this region. Error log follows
Parameter values: JER_ele=0.850186, JER_muon=1.63848, JES_ele=1.49508, JES_muon=0.695566, QCD_stat_ele=1.69255, QCD_stat_muon=0.0433759, VBS_stat_ele=0.21029, VBS_stat_muon=1.93133, ele_efficiency=-0.220481, ele_trigger=0.409922, fakephoton_ele=4.81815, fakephoton_muon=0.0880314, interference=-2.22849, lumi=-1.12018, mu_efficiency=-0.0827439, mu_trigger=1.51456, non_prompt_stat_ele=6.98282, non_prompt_stat_muon=0.488094, others_stat_ele=-0.528816, others_stat_muon=2.1115, others_xs=0.966816, param=0.208417, pdf_ele=1.23517, pdf_muon=2.35938, photon_id=-0.28374, pileup=1.45017, scale_ele=1.49701, scale_muon=1.07957
RooProdPdf::model_s[ modelObs_s * nuisancePdf ]
     getLogVal() top-level p.d.f evaluates to zero @ !pdfs=(modelObs_s = 0/1,nuisancePdf = 1)

[#0] WARNING:Minization -- RooMinimizerFcn: Minimized function has error status.
Returning maximum FCN so far (212.592) to force MIGRAD to back out of this region. Error log follows
Parameter values: JER_ele=0.424654, JER_muon=1.89814, JES_ele=0.88301, JES_muon=0.62417, QCD_stat_ele=-0.371647, QCD_stat_muon=-0.408329, VBS_stat_ele=-0.802487, VBS_stat_muon=2.26124, ele_efficiency=-0.494787, ele_trigger=-0.324043, fakephoton_ele=6.28705, fakephoton_muon=0.01337, interference=-3.00612, lumi=-1.96759, mu_efficiency=-0.161608, mu_trigger=1.70751, non_prompt_stat_ele=6.99999, non_prompt_stat_muon=0.356152, others_stat_ele=-2.17862, others_stat_muon=2.40585, others_xs=0.480964, param=0.104319, pdf_ele=0.197277, pdf_muon=2.70268, photon_id=-1.75499, pileup=1.76468, scale_ele=-0.259625, scale_muon=0.968821
RooProdPdf::model_s[ modelObs_s * nuisancePdf ]
     getLogVal() top-level p.d.f evaluates to zero @ !pdfs=(modelObs_s = 0/1,nuisancePdf = 1)


 -- Hybrid New -- 
CLs = 0.983193 +/- 0.0228497
Done in 15.00 min (cpu), 15.16 min (real)
