 <<< Combine >>> 
>>> including systematics
>>> using the Profile Likelihood test statistics modified for upper limits (Q_LHC)
>>> method used is HybridNew
>>> Used OpenSSL to get a really random seed 560133608
Computing results starting from observation (a-posteriori)
[#0] WARNING:Minization -- RooMinimizerFcn: Minimized function has error status.
Returning maximum FCN so far (910.821) to force MIGRAD to back out of this region. Error log follows
Parameter values: JER_ele=3.25343, JER_muon=-6.31015, JES_ele=6.23864, JES_muon=6.68176, QCD_stat_ele=6.97933, QCD_stat_muon=6.67744, VBS_stat_ele=6.99909, VBS_stat_muon=5.1801, ele_efficiency=-6.98508, ele_trigger=-1.74252, fakephoton_ele=6.99967, fakephoton_muon=0.453097, interference=-2.25076, lumi=0.454449, mu_efficiency=-2.39549, mu_trigger=2.8768, non_prompt_stat_ele=6.99982, non_prompt_stat_muon=-2.52547, others_stat_ele=-6.77508, others_stat_muon=6.99999, others_xs=6.26095, param=4.50715, pdf_ele=-4.19629, pdf_muon=6.86975, photon_id=-3.6452, pileup=3.56144, scale_ele=-4.42393, scale_muon=4.5856
RooProdPdf::model_s[ modelObs_s * nuisancePdf ]
     getLogVal() top-level p.d.f evaluates to zero @ !pdfs=(modelObs_s = 0/1,nuisancePdf = 1)

[#0] WARNING:Minization -- RooMinimizerFcn: Minimized function has error status.
Returning maximum FCN so far (910.821) to force MIGRAD to back out of this region. Error log follows
Parameter values: JER_ele=-6.98045, JER_muon=5.37897, JES_ele=5.66059, JES_muon=2.75617, QCD_stat_ele=6.98612, QCD_stat_muon=2.08462, VBS_stat_ele=5.17282, VBS_stat_muon=-6.43894, ele_efficiency=6.99702, ele_trigger=-4.94169, fakephoton_ele=4.97258, fakephoton_muon=6.77662, interference=-5.96386, lumi=1.86047, mu_efficiency=4.94135, mu_trigger=-6.90437, non_prompt_stat_ele=1.86079, non_prompt_stat_muon=6.56806, others_stat_ele=-0.716789, others_stat_muon=1.55734, others_xs=6.08161, param=4.87922, pdf_ele=-6.09044, pdf_muon=-6.93369, photon_id=2.29732, pileup=1.19317, scale_ele=3.47504, scale_muon=6.86266
RooProdPdf::model_s[ modelObs_s * nuisancePdf ]
     getLogVal() top-level p.d.f evaluates to zero @ !pdfs=(modelObs_s = 0/1,nuisancePdf = 1)

[#0] WARNING:Minization -- RooMinimizerFcn: Minimized function has error status.
Returning maximum FCN so far (911.356) to force MIGRAD to back out of this region. Error log follows
Parameter values: JER_ele=6.69475, JER_muon=6.73412, JES_ele=5.13757, JES_muon=5.31117, QCD_stat_ele=-4.49216, QCD_stat_muon=-6.30964, VBS_stat_ele=-0.75046, VBS_stat_muon=-5.78176, ele_efficiency=-3.51626, ele_trigger=1.66541, fakephoton_ele=6.99879, fakephoton_muon=-0.0103564, interference=-1.11721, lumi=3.71285, mu_efficiency=2.02827, mu_trigger=-6.96031, non_prompt_stat_ele=6.8425, non_prompt_stat_muon=6.99705, others_stat_ele=-5.38406, others_stat_muon=0.326025, others_xs=4.19185, param=4.8947, pdf_ele=-4.63501, pdf_muon=6.99677, photon_id=0.900473, pileup=1.19057, scale_ele=-4.85004, scale_muon=6.98886
RooProdPdf::model_s[ modelObs_s * nuisancePdf ]
     getLogVal() top-level p.d.f evaluates to zero @ !pdfs=(modelObs_s = 0/1,nuisancePdf = 1)

[#0] WARNING:Minization -- RooMinimizerFcn: Minimized function has error status.
Returning maximum FCN so far (911.356) to force MIGRAD to back out of this region. Error log follows
Parameter values: JER_ele=-0.538637, JER_muon=4.74005, JES_ele=-0.993887, JES_muon=4.76658, QCD_stat_ele=6.8547, QCD_stat_muon=6.74465, VBS_stat_ele=-3.69469, VBS_stat_muon=2.38227, ele_efficiency=0.580471, ele_trigger=-0.506135, fakephoton_ele=-3.86787, fakephoton_muon=2.85061, interference=3.06482, lumi=-0.174186, mu_efficiency=-0.967621, mu_trigger=4.0131, non_prompt_stat_ele=2.93281, non_prompt_stat_muon=6.30513, others_stat_ele=-6.88417, others_stat_muon=2.39175, others_xs=6.00484, param=4.90725, pdf_ele=-0.997993, pdf_muon=6.07204, photon_id=4.62191, pileup=0.213682, scale_ele=1.40924, scale_muon=6.92974
RooProdPdf::model_s[ modelObs_s * nuisancePdf ]
     getLogVal() top-level p.d.f evaluates to zero @ !pdfs=(modelObs_s = 0/1,nuisancePdf = 1)

[#0] WARNING:Minization -- RooMinimizerFcn: Minimized function has error status.
Returning maximum FCN so far (622.274) to force MIGRAD to back out of this region. Error log follows
Parameter values: JER_ele=6.48563, JER_muon=-0.432666, JES_ele=-0.640178, JES_muon=-6.99471, QCD_stat_ele=0.0494649, QCD_stat_muon=-6.174, VBS_stat_ele=-6.40168, VBS_stat_muon=-4.82154, ele_efficiency=6.8996, ele_trigger=6.96793, fakephoton_ele=6.728, fakephoton_muon=6.98964, interference=-4.50356, lumi=0.526864, mu_efficiency=-5.06611, mu_trigger=6.14303, non_prompt_stat_ele=5.69184, non_prompt_stat_muon=-6.85121, others_stat_ele=-6.8121, others_stat_muon=-3.36093, others_xs=-1.34211, param=4.68996, pdf_ele=-1.33397, pdf_muon=4.73806, photon_id=-2.96789, pileup=6.13806, scale_ele=5.82698, scale_muon=-4.96839
RooProdPdf::model_s[ modelObs_s * nuisancePdf ]
     getLogVal() top-level p.d.f evaluates to zero @ !pdfs=(modelObs_s = 0/1,nuisancePdf = 1)

[#0] WARNING:Minization -- RooMinimizerFcn: Minimized function has error status.
Returning maximum FCN so far (622.274) to force MIGRAD to back out of this region. Error log follows
Parameter values: JER_ele=5.26225, JER_muon=4.04061, JES_ele=3.04344, JES_muon=5.91521, QCD_stat_ele=0.889342, QCD_stat_muon=6.77961, VBS_stat_ele=5.60308, VBS_stat_muon=-2.44368, ele_efficiency=2.1388, ele_trigger=-1.03714, fakephoton_ele=3.36456, fakephoton_muon=-2.76608, interference=4.16738, lumi=-2.08508, mu_efficiency=-2.15332, mu_trigger=4.82522, non_prompt_stat_ele=5.02618, non_prompt_stat_muon=5.58637, others_stat_ele=-0.443685, others_stat_muon=1.52344, others_xs=5.08294, param=4.74801, pdf_ele=0.266183, pdf_muon=3.10653, photon_id=4.06611, pileup=-0.17271, scale_ele=4.55808, scale_muon=6.84669
RooProdPdf::model_s[ modelObs_s * nuisancePdf ]
     getLogVal() top-level p.d.f evaluates to zero @ !pdfs=(modelObs_s = 0/1,nuisancePdf = 1)

[#0] WARNING:Minization -- RooMinimizerFcn: Minimized function has error status.
Returning maximum FCN so far (622.274) to force MIGRAD to back out of this region. Error log follows
Parameter values: JER_ele=-5.23455, JER_muon=5.88913, JES_ele=4.00006, JES_muon=6.17507, QCD_stat_ele=-6.92414, QCD_stat_muon=5.10768, VBS_stat_ele=1.14885, VBS_stat_muon=6.45548, ele_efficiency=6.90645, ele_trigger=-4.6587, fakephoton_ele=3.11288, fakephoton_muon=6.42953, interference=6.99756, lumi=6.85914, mu_efficiency=-2.75034, mu_trigger=4.99542, non_prompt_stat_ele=4.35101, non_prompt_stat_muon=5.8839, others_stat_ele=0.23064, others_stat_muon=-1.2498, others_xs=6.69299, param=4.74316, pdf_ele=-4.55583, pdf_muon=2.43063, photon_id=5.61964, pileup=-2.74335, scale_ele=-6.80483, scale_muon=6.02956
RooProdPdf::model_s[ modelObs_s * nuisancePdf ]
     getLogVal() top-level p.d.f evaluates to zero @ !pdfs=(modelObs_s = 0/1,nuisancePdf = 1)

[#0] WARNING:Minization -- RooMinimizerFcn: Minimized function has error status.
Returning maximum FCN so far (857.373) to force MIGRAD to back out of this region. Error log follows
Parameter values: JER_ele=-1.4628, JER_muon=6.95736, JES_ele=5.9168, JES_muon=-4.38436, QCD_stat_ele=4.45543, QCD_stat_muon=-6.22956, VBS_stat_ele=-5.62359, VBS_stat_muon=3.01374, ele_efficiency=5.25516, ele_trigger=6.90398, fakephoton_ele=-6.31709, fakephoton_muon=6.83415, interference=-6.97055, lumi=-1.1079, mu_efficiency=5.21034, mu_trigger=1.55657, non_prompt_stat_ele=6.43503, non_prompt_stat_muon=6.64004, others_stat_ele=-2.24672, others_stat_muon=-1.45787, others_xs=6.8376, param=4.91586, pdf_ele=2.145, pdf_muon=5.94808, photon_id=5.55752, pileup=5.87868, scale_ele=6.47503, scale_muon=6.99557
RooProdPdf::model_s[ modelObs_s * nuisancePdf ]
     getLogVal() top-level p.d.f evaluates to zero @ !pdfs=(modelObs_s = 0/1,nuisancePdf = 1)

[#0] WARNING:Minization -- RooMinimizerFcn: Minimized function has error status.
Returning maximum FCN so far (857.373) to force MIGRAD to back out of this region. Error log follows
Parameter values: JER_ele=-0.857019, JER_muon=1.18989, JES_ele=1.016, JES_muon=2.1658, QCD_stat_ele=0.419523, QCD_stat_muon=6.31382, VBS_stat_ele=0.598106, VBS_stat_muon=3.89741, ele_efficiency=-0.336168, ele_trigger=1.94655, fakephoton_ele=5.14209, fakephoton_muon=2.54513, interference=0.679605, lumi=3.31669, mu_efficiency=1.62399, mu_trigger=1.73909, non_prompt_stat_ele=5.87838, non_prompt_stat_muon=1.62265, others_stat_ele=2.95402, others_stat_muon=3.61344, others_xs=1.55242, param=4.75201, pdf_ele=2.61999, pdf_muon=4.6298, photon_id=5.48141, pileup=0.324182, scale_ele=4.19195, scale_muon=5.99949
RooProdPdf::model_s[ modelObs_s * nuisancePdf ]
     getLogVal() top-level p.d.f evaluates to zero @ !pdfs=(modelObs_s = 0/1,nuisancePdf = 1)

[#0] WARNING:Minization -- RooMinimizerFcn: Minimized function has error status.
Returning maximum FCN so far (857.373) to force MIGRAD to back out of this region. Error log follows
Parameter values: JER_ele=-6.0335, JER_muon=-3.56274, JES_ele=-3.42458, JES_muon=-4.53318, QCD_stat_ele=-5.48117, QCD_stat_muon=6.87376, VBS_stat_ele=-6.97726, VBS_stat_muon=0.255373, ele_efficiency=-5.22087, ele_trigger=6.60471, fakephoton_ele=6.93285, fakephoton_muon=5.86207, interference=-5.20712, lumi=5.04502, mu_efficiency=6.98872, mu_trigger=-3.27843, non_prompt_stat_ele=6.47271, non_prompt_stat_muon=-4.59841, others_stat_ele=6.99983, others_stat_muon=6.97218, others_xs=-5.08245, param=4.79986, pdf_ele=6.34423, pdf_muon=6.52256, photon_id=6.2083, pileup=1.56483, scale_ele=3.6055, scale_muon=6.86898
RooProdPdf::model_s[ modelObs_s * nuisancePdf ]
     getLogVal() top-level p.d.f evaluates to zero @ !pdfs=(modelObs_s = 0/1,nuisancePdf = 1)


 -- Hybrid New -- 
CLs = 0.59292 +/- 0.0301219
Done in 16.43 min (cpu), 16.70 min (real)
