 <<< Combine >>> 
>>> including systematics
>>> using the Profile Likelihood test statistics modified for upper limits (Q_LHC)
>>> method used is HybridNew
>>> Used OpenSSL to get a really random seed 633627808
Computing results starting from observation (a-posteriori)
[#0] WARNING:Minization -- RooMinimizerFcn: Minimized function has error status.
Returning maximum FCN so far (552.816) to force MIGRAD to back out of this region. Error log follows
Parameter values: JER_ele=-5.31306, JER_muon=6.99877, JES_ele=-2.52967, JES_muon=6.98431, QCD_stat_ele=-6.06752, QCD_stat_muon=6.11545, VBS_stat_ele=-0.324619, VBS_stat_muon=5.66195, ele_efficiency=0.698148, ele_trigger=-2.52008, fakephoton_ele=-6.82186, fakephoton_muon=5.37119, interference=-0.329042, lumi=5.85296, mu_efficiency=1.20903, mu_trigger=5.12881, non_prompt_stat_ele=-1.59875, non_prompt_stat_muon=6.29804, others_stat_ele=-2.51086, others_stat_muon=0.783013, others_xs=6.95491, param=0.834967, pdf_ele=-6.18901, pdf_muon=-4.97269, photon_id=0.32223, pileup=0.778837, scale_ele=-6.52304, scale_muon=5.85709
RooProdPdf::model_s[ modelObs_s * nuisancePdf ]
     getLogVal() top-level p.d.f evaluates to zero @ !pdfs=(modelObs_s = 0/1,nuisancePdf = 1)

[#0] WARNING:Minization -- RooMinimizerFcn: Minimized function has error status.
Returning maximum FCN so far (552.816) to force MIGRAD to back out of this region. Error log follows
Parameter values: JER_ele=-0.873072, JER_muon=-6.85103, JES_ele=2.95943, JES_muon=-4.42341, QCD_stat_ele=6.80406, QCD_stat_muon=1.63464, VBS_stat_ele=2.12561, VBS_stat_muon=-6.99782, ele_efficiency=1.3095, ele_trigger=1.89808, fakephoton_ele=6.53301, fakephoton_muon=-4.9205, interference=-6.52892, lumi=-4.90791, mu_efficiency=-4.26882, mu_trigger=-6.77535, non_prompt_stat_ele=5.93361, non_prompt_stat_muon=-6.83345, others_stat_ele=2.64643, others_stat_muon=-4.58793, others_xs=-6.34051, param=0.0988248, pdf_ele=1.72516, pdf_muon=-0.617828, photon_id=-5.6824, pileup=-0.495847, scale_ele=6.74874, scale_muon=0.435485
RooProdPdf::model_s[ modelObs_s * nuisancePdf ]
     getLogVal() top-level p.d.f evaluates to zero @ !pdfs=(modelObs_s = 0/1,nuisancePdf = 1)

[#0] WARNING:Minization -- RooMinimizerFcn: Minimized function has error status.
Returning maximum FCN so far (865.464) to force MIGRAD to back out of this region. Error log follows
Parameter values: JER_ele=5.2729, JER_muon=2.69241, JES_ele=6.09058, JES_muon=1.97677, QCD_stat_ele=1.58317, QCD_stat_muon=6.6523, VBS_stat_ele=6.98909, VBS_stat_muon=4.36879, ele_efficiency=3.32764, ele_trigger=6.99922, fakephoton_ele=0.916098, fakephoton_muon=1.008, interference=0.884309, lumi=6.00754, mu_efficiency=-0.352439, mu_trigger=3.6543, non_prompt_stat_ele=6.99782, non_prompt_stat_muon=2.86405, others_stat_ele=5.18927, others_stat_muon=5.27383, others_xs=6.92221, param=2.56047, pdf_ele=4.64186, pdf_muon=5.6163, photon_id=-0.686436, pileup=0.794131, scale_ele=0.0600839, scale_muon=6.86023
RooProdPdf::model_s[ modelObs_s * nuisancePdf ]
     getLogVal() top-level p.d.f evaluates to zero @ !pdfs=(modelObs_s = 0/1,nuisancePdf = 1)

[#0] WARNING:Minization -- RooMinimizerFcn: Minimized function has error status.
Returning maximum FCN so far (865.464) to force MIGRAD to back out of this region. Error log follows
Parameter values: JER_ele=-0.709003, JER_muon=-0.46284, JES_ele=2.17551, JES_muon=-2.64975, QCD_stat_ele=5.64345, QCD_stat_muon=-0.673944, VBS_stat_ele=1.40462, VBS_stat_muon=0.145794, ele_efficiency=1.06724, ele_trigger=1.29577, fakephoton_ele=6.42234, fakephoton_muon=-0.641274, interference=-2.15932, lumi=0.424196, mu_efficiency=-1.39434, mu_trigger=-0.488112, non_prompt_stat_ele=6.43124, non_prompt_stat_muon=-0.966221, others_stat_ele=2.19253, others_stat_muon=0.0348863, others_xs=0.872485, param=11.1528, pdf_ele=1.13954, pdf_muon=-0.793005, photon_id=1.91846, pileup=0.0906777, scale_ele=5.54887, scale_muon=-1.89392
RooProdPdf::model_s[ modelObs_s * nuisancePdf ]
     getLogVal() top-level p.d.f evaluates to zero @ !pdfs=(modelObs_s = 0/1,nuisancePdf = 1)

[#0] WARNING:Minization -- RooMinimizerFcn: Minimized function has error status.
Returning maximum FCN so far (865.464) to force MIGRAD to back out of this region. Error log follows
Parameter values: JER_ele=2.64346, JER_muon=5.07405, JES_ele=6.52491, JES_muon=5.51416, QCD_stat_ele=-5.36282, QCD_stat_muon=-4.30268, VBS_stat_ele=5.51716, VBS_stat_muon=6.41535, ele_efficiency=2.24822, ele_trigger=5.36727, fakephoton_ele=6.12799, fakephoton_muon=2.55134, interference=1.92796, lumi=5.90503, mu_efficiency=0.592174, mu_trigger=6.32368, non_prompt_stat_ele=2.51815, non_prompt_stat_muon=5.76222, others_stat_ele=6.94461, others_stat_muon=6.95861, others_xs=6.96454, param=9.19076, pdf_ele=6.62227, pdf_muon=6.64525, photon_id=0.389324, pileup=0.760457, scale_ele=-2.30743, scale_muon=-3.66876
RooProdPdf::model_s[ modelObs_s * nuisancePdf ]
     getLogVal() top-level p.d.f evaluates to zero @ !pdfs=(modelObs_s = 0/1,nuisancePdf = 1)

[#0] WARNING:Minization -- RooMinimizerFcn: Minimized function has error status.
Returning maximum FCN so far (865.464) to force MIGRAD to back out of this region. Error log follows
Parameter values: JER_ele=-0.515849, JER_muon=2.1559, JES_ele=2.64868, JES_muon=1.13191, QCD_stat_ele=6.26794, QCD_stat_muon=6.99434, VBS_stat_ele=2.76551, VBS_stat_muon=3.71236, ele_efficiency=1.19471, ele_trigger=1.6414, fakephoton_ele=6.98096, fakephoton_muon=0.619497, interference=-0.498284, lumi=2.63932, mu_efficiency=-0.601787, mu_trigger=2.96957, non_prompt_stat_ele=-6.95261, non_prompt_stat_muon=2.08015, others_stat_ele=4.29206, others_stat_muon=4.62797, others_xs=4.05261, param=0.408818, pdf_ele=0.963921, pdf_muon=4.75789, photon_id=6.34525, pileup=0.292996, scale_ele=5.54667, scale_muon=6.94412
RooProdPdf::model_s[ modelObs_s * nuisancePdf ]
     getLogVal() top-level p.d.f evaluates to zero @ !pdfs=(modelObs_s = 0/1,nuisancePdf = 1)

[#0] WARNING:Minization -- RooMinimizerFcn: Minimized function has error status.
Returning maximum FCN so far (865.464) to force MIGRAD to back out of this region. Error log follows
Parameter values: JER_ele=5.65029, JER_muon=3.56378, JES_ele=5.58759, JES_muon=3.36605, QCD_stat_ele=5.71292, QCD_stat_muon=4.01822, VBS_stat_ele=6.99889, VBS_stat_muon=5.17593, ele_efficiency=3.48525, ele_trigger=6.97068, fakephoton_ele=-0.428201, fakephoton_muon=1.53701, interference=1.50786, lumi=6.44184, mu_efficiency=-0.0178031, mu_trigger=4.73681, non_prompt_stat_ele=6.58987, non_prompt_stat_muon=3.96777, others_stat_ele=4.47938, others_stat_muon=6.30548, others_xs=6.99126, param=2.09754, pdf_ele=3.65748, pdf_muon=6.65374, photon_id=-3.63369, pileup=0.899712, scale_ele=2.68088, scale_muon=4.57451
RooProdPdf::model_s[ modelObs_s * nuisancePdf ]
     getLogVal() top-level p.d.f evaluates to zero @ !pdfs=(modelObs_s = 0/1,nuisancePdf = 1)

[#0] WARNING:Minization -- RooMinimizerFcn: Minimized function has error status.
Returning maximum FCN so far (865.464) to force MIGRAD to back out of this region. Error log follows
Parameter values: JER_ele=-0.845227, JER_muon=0.222834, JES_ele=1.78859, JES_muon=-1.77194, QCD_stat_ele=5.42908, QCD_stat_muon=2.14875, VBS_stat_ele=1.36212, VBS_stat_muon=1.27198, ele_efficiency=1.00323, ele_trigger=1.02184, fakephoton_ele=6.05699, fakephoton_muon=-0.313021, interference=-1.76887, lumi=0.754311, mu_efficiency=-1.19282, mu_trigger=0.403823, non_prompt_stat_ele=6.07693, non_prompt_stat_muon=-0.179201, others_stat_ele=1.72369, others_stat_muon=1.19356, others_xs=1.25898, param=0.372342, pdf_ele=0.731254, pdf_muon=0.73893, photon_id=2.7853, pileup=0.122206, scale_ele=4.68139, scale_muon=0.955228
RooProdPdf::model_s[ modelObs_s * nuisancePdf ]
     getLogVal() top-level p.d.f evaluates to zero @ !pdfs=(modelObs_s = 0/1,nuisancePdf = 1)

[#0] WARNING:Minization -- RooMinimizerFcn: Minimized function has error status.
Returning maximum FCN so far (889.364) to force MIGRAD to back out of this region. Error log follows
Parameter values: JER_ele=-0.960121, JER_muon=-0.312414, JES_ele=1.64825, JES_muon=-2.5219, QCD_stat_ele=4.52324, QCD_stat_muon=-0.284213, VBS_stat_ele=1.27037, VBS_stat_muon=0.616833, ele_efficiency=0.966638, ele_trigger=0.895461, fakephoton_ele=5.78897, fakephoton_muon=-0.597519, interference=-2.05881, lumi=0.35603, mu_efficiency=-1.35706, mu_trigger=-0.331673, non_prompt_stat_ele=5.64607, non_prompt_stat_muon=-0.862867, others_stat_ele=1.58541, others_stat_muon=0.181763, others_xs=0.679249, param=0.261301, pdf_ele=0.512119, pdf_muon=-0.49265, photon_id=1.56414, pileup=0.0780472, scale_ele=4.36941, scale_muon=-1.52182
RooProdPdf::model_s[ modelObs_s * nuisancePdf ]
     getLogVal() top-level p.d.f evaluates to zero @ !pdfs=(modelObs_s = 0/1,nuisancePdf = 1)

[#0] WARNING:Minization -- RooMinimizerFcn: Minimized function has error status.
Returning maximum FCN so far (889.364) to force MIGRAD to back out of this region. Error log follows
Parameter values: JER_ele=-1.2358, JER_muon=-0.228781, JES_ele=1.15078, JES_muon=-2.41698, QCD_stat_ele=3.22095, QCD_stat_muon=0.127165, VBS_stat_ele=0.911953, VBS_stat_muon=0.718043, ele_efficiency=0.873736, ele_trigger=0.503948, fakephoton_ele=4.80974, fakephoton_muon=-0.554456, interference=-2.0679, lumi=0.225833, mu_efficiency=-1.33796, mu_trigger=-0.216113, non_prompt_stat_ele=4.30722, non_prompt_stat_muon=-0.753407, others_stat_ele=1.03254, others_stat_muon=0.344355, others_xs=0.524441, param=0.412912, pdf_ele=-0.137658, pdf_muon=-0.29951, photon_id=1.16131, pileup=0.0643194, scale_ele=3.06013, scale_muon=-1.13457
RooProdPdf::model_s[ modelObs_s * nuisancePdf ]
     getLogVal() top-level p.d.f evaluates to zero @ !pdfs=(modelObs_s = 0/1,nuisancePdf = 1)

[#0] WARNING:Minization -- RooMinimizerFcn: Minimized function has error status.
Returning maximum FCN so far (889.364) to force MIGRAD to back out of this region. Error log follows
Parameter values: JER_ele=-0.854499, JER_muon=-0.282666, JES_ele=1.84467, JES_muon=-2.45703, QCD_stat_ele=4.81178, QCD_stat_muon=-0.17485, VBS_stat_ele=1.45095, VBS_stat_muon=0.633468, ele_efficiency=0.995466, ele_trigger=1.0471, fakephoton_ele=5.06434, fakephoton_muon=-0.572281, interference=-2.00545, lumi=0.471025, mu_efficiency=-1.33121, mu_trigger=-0.28841, non_prompt_stat_ele=4.31442, non_prompt_stat_muon=-0.819145, others_stat_ele=1.88622, others_stat_muon=0.234449, others_xs=0.837414, param=0.283829, pdf_ele=0.721091, pdf_muon=-0.422108, photon_id=1.83513, pileup=0.0874685, scale_ele=4.79966, scale_muon=-1.39062
RooProdPdf::model_s[ modelObs_s * nuisancePdf ]
     getLogVal() top-level p.d.f evaluates to zero @ !pdfs=(modelObs_s = 0/1,nuisancePdf = 1)

[#0] WARNING:Minization -- RooMinimizerFcn: Minimized function has error status.
Returning maximum FCN so far (889.364) to force MIGRAD to back out of this region. Error log follows
Parameter values: JER_ele=-5.70923, JER_muon=-1.158, JES_ele=-6.73181, JES_muon=-3.69788, QCD_stat_ele=5.7616, QCD_stat_muon=-3.69923, VBS_stat_ele=-5.37478, VBS_stat_muon=-0.512237, ele_efficiency=-1.09313, ele_trigger=-6.07905, fakephoton_ele=5.76701, fakephoton_muon=-1.03059, interference=-3.39395, lumi=-3.88408, mu_efficiency=-1.63362, mu_trigger=-1.48336, non_prompt_stat_ele=3.93468, non_prompt_stat_muon=-1.87826, others_stat_ele=-6.95698, others_stat_muon=-1.47579, others_xs=-4.77492, param=0.268157, pdf_ele=-6.67622, pdf_muon=-2.38521, photon_id=-6.845, pileup=-0.398881, scale_ele=5.31535, scale_muon=-4.92485
RooProdPdf::model_s[ modelObs_s * nuisancePdf ]
     getLogVal() top-level p.d.f evaluates to zero @ !pdfs=(modelObs_s = 0/1,nuisancePdf = 1)

[#0] WARNING:Minization -- RooMinimizerFcn: Minimized function has error status.
Returning maximum FCN so far (889.364) to force MIGRAD to back out of this region. Error log follows
Parameter values: JER_ele=-5.5959, JER_muon=-1.12665, JES_ele=-6.62428, JES_muon=-3.6562, QCD_stat_ele=5.04844, QCD_stat_muon=-3.58428, VBS_stat_ele=-5.2104, VBS_stat_muon=-0.469445, ele_efficiency=-1.02454, ele_trigger=-5.93667, fakephoton_ele=5.02637, fakephoton_muon=-1.01444, interference=-3.34903, lumi=-3.75601, mu_efficiency=-1.62322, mu_trigger=-1.44107, non_prompt_stat_ele=5.08916, non_prompt_stat_muon=-1.84101, others_stat_ele=-6.90168, others_stat_muon=-1.41561, others_xs=-4.62469, param=0.25809, pdf_ele=-6.79952, pdf_muon=-2.31708, photon_id=-6.92901, pileup=-0.382666, scale_ele=4.53787, scale_muon=-4.82064
RooProdPdf::model_s[ modelObs_s * nuisancePdf ]
     getLogVal() top-level p.d.f evaluates to zero @ !pdfs=(modelObs_s = 0/1,nuisancePdf = 1)

[#0] WARNING:Minization -- RooMinimizerFcn: Minimized function has error status.
Returning maximum FCN so far (889.364) to force MIGRAD to back out of this region. Error log follows
Parameter values: JER_ele=-5.48232, JER_muon=-1.09624, JES_ele=-6.50347, JES_muon=-3.61573, QCD_stat_ele=4.23242, QCD_stat_muon=-3.47079, VBS_stat_ele=-5.04528, VBS_stat_muon=-0.4285, ele_efficiency=-0.957957, ele_trigger=-5.78993, fakephoton_ele=4.17538, fakephoton_muon=-0.998759, interference=-3.30581, lumi=-3.63034, mu_efficiency=-1.61328, mu_trigger=-1.39989, non_prompt_stat_ele=5.97996, non_prompt_stat_muon=-1.80464, others_stat_ele=-6.82687, others_stat_muon=-1.35672, others_xs=-4.47534, param=0.248267, pdf_ele=-6.89115, pdf_muon=-2.25069, photon_id=-6.97959, pileup=-0.366951, scale_ele=3.67845, scale_muon=-4.71691
RooProdPdf::model_s[ modelObs_s * nuisancePdf ]
     getLogVal() top-level p.d.f evaluates to zero @ !pdfs=(modelObs_s = 0/1,nuisancePdf = 1)

[#0] WARNING:Minization -- RooMinimizerFcn: Minimized function has error status.
Returning maximum FCN so far (889.364) to force MIGRAD to back out of this region. Error log follows
Parameter values: JER_ele=-5.35934, JER_muon=-1.06415, JES_ele=-6.35951, JES_muon=-3.57323, QCD_stat_ele=3.26671, QCD_stat_muon=-3.34948, VBS_stat_ele=-4.86585, VBS_stat_muon=-0.385114, ele_efficiency=-0.887923, ele_trigger=-5.627, fakephoton_ele=3.16661, fakephoton_muon=-0.982342, interference=-3.26056, lumi=-3.49676, mu_efficiency=-1.60307, mu_trigger=-1.35643, non_prompt_stat_ele=6.63058, non_prompt_stat_muon=-1.76628, others_stat_ele=-6.72623, others_stat_muon=-1.29434, others_xs=-4.31478, param=0.280332, pdf_ele=-6.95751, pdf_muon=-2.18046, photon_id=-6.99983, pileup=-0.350456, scale_ele=2.68688, scale_muon=-4.60527
RooProdPdf::model_s[ modelObs_s * nuisancePdf ]
     getLogVal() top-level p.d.f evaluates to zero @ !pdfs=(modelObs_s = 0/1,nuisancePdf = 1)

[#0] WARNING:Minization -- RooMinimizerFcn: Minimized function has error status.
Returning maximum FCN so far (889.364) to force MIGRAD to back out of this region. Error log follows
Parameter values: JER_ele=-5.14823, JER_muon=-1.00995, JES_ele=-6.08352, JES_muon=-3.50292, QCD_stat_ele=1.49077, QCD_stat_muon=-3.13952, VBS_stat_ele=-4.55612, VBS_stat_muon=-0.310852, ele_efficiency=-0.77104, ele_trigger=-5.3379, fakephoton_ele=1.31847, fakephoton_muon=-0.955343, interference=-3.18666, lumi=-3.27149, mu_efficiency=-1.58736, mu_trigger=-1.28297, non_prompt_stat_ele=6.99523, non_prompt_stat_muon=-1.70159, others_stat_ele=-6.51074, others_stat_muon=-1.18759, others_xs=-4.03968, param=0.797169, pdf_ele=-7, pdf_muon=-2.06145, photon_id=-6.95907, pileup=-0.323048, scale_ele=0.910628, scale_muon=-4.41095
RooProdPdf::model_s[ modelObs_s * nuisancePdf ]
     getLogVal() top-level p.d.f evaluates to zero @ !pdfs=(modelObs_s = 0/1,nuisancePdf = 1)

[#0] WARNING:Minization -- RooMinimizerFcn: Minimized function has error status.
Returning maximum FCN so far (889.364) to force MIGRAD to back out of this region. Error log follows
Parameter values: JER_ele=0.586052, JER_muon=0.0274325, JES_ele=4.27331, JES_muon=-2.01618, QCD_stat_ele=6.33565, QCD_stat_muon=1.24423, VBS_stat_ele=3.14673, VBS_stat_muon=1.00128, ele_efficiency=1.52248, ele_trigger=3.04765, fakephoton_ele=5.47727, fakephoton_muon=-0.413776, interference=-1.62839, lumi=1.63959, mu_efficiency=-1.24495, mu_trigger=0.143169, non_prompt_stat_ele=3.81837, non_prompt_stat_muon=-0.426532, others_stat_ele=4.48779, others_stat_muon=0.865928, others_xs=2.39229, param=0.42304, pdf_ele=3.96298, pdf_muon=0.292975, photon_id=5.05251, pileup=0.216348, scale_ele=6.4991, scale_muon=0.0926474
RooProdPdf::model_s[ modelObs_s * nuisancePdf ]
     getLogVal() top-level p.d.f evaluates to zero @ !pdfs=(modelObs_s = 0/1,nuisancePdf = 1)

[#0] WARNING:Minization -- RooMinimizerFcn: Minimized function has error status.
Returning maximum FCN so far (889.364) to force MIGRAD to back out of this region. Error log follows
Parameter values: JER_ele=0.42025, JER_muon=0.000470339, JES_ele=4.02132, JES_muon=-2.05663, QCD_stat_ele=6.69014, QCD_stat_muon=1.12704, VBS_stat_ele=2.9546, VBS_stat_muon=0.969122, ele_efficiency=1.46346, ele_trigger=2.82892, fakephoton_ele=6.05793, fakephoton_muon=-0.427971, interference=-1.66978, lumi=1.51125, mu_efficiency=-1.25372, mu_trigger=0.105752, non_prompt_stat_ele=4.86684, non_prompt_stat_muon=-0.460427, others_stat_ele=4.21716, others_stat_muon=0.811899, others_xs=2.22571, param=0.405297, pdf_ele=3.62908, pdf_muon=0.230987, photon_id=4.75651, pileup=0.20225, scale_ele=6.79262, scale_muon=-0.0354552
RooProdPdf::model_s[ modelObs_s * nuisancePdf ]
     getLogVal() top-level p.d.f evaluates to zero @ !pdfs=(modelObs_s = 0/1,nuisancePdf = 1)

[#0] WARNING:Minization -- RooMinimizerFcn: Minimized function has error status.
Returning maximum FCN so far (889.364) to force MIGRAD to back out of this region. Error log follows
Parameter values: JER_ele=0.503567, JER_muon=0.0145317, JES_ele=4.14888, JES_muon=-2.03595, QCD_stat_ele=6.52957, QCD_stat_muon=1.18596, VBS_stat_ele=3.05274, VBS_stat_muon=0.987764, ele_efficiency=1.49305, ele_trigger=2.93917, fakephoton_ele=5.79731, fakephoton_muon=-0.420757, interference=-1.64796, lumi=1.57659, mu_efficiency=-1.2491, mu_trigger=0.124939, non_prompt_stat_ele=4.3931, non_prompt_stat_muon=-0.443315, others_stat_ele=4.35492, others_stat_muon=0.839008, others_xs=2.30991, param=0.393005, pdf_ele=3.79793, pdf_muon=0.263059, photon_id=4.90763, pileup=0.209345, scale_ele=6.66102, scale_muon=0.0290772
RooProdPdf::model_s[ modelObs_s * nuisancePdf ]
     getLogVal() top-level p.d.f evaluates to zero @ !pdfs=(modelObs_s = 0/1,nuisancePdf = 1)

[#0] WARNING:Minization -- RooMinimizerFcn: Minimized function has error status.
Returning maximum FCN so far (889.364) to force MIGRAD to back out of this region. Error log follows
Parameter values: JER_ele=0.45999, JER_muon=0.00865703, JES_ele=4.10634, JES_muon=-2.04955, QCD_stat_ele=6.58634, QCD_stat_muon=1.20558, VBS_stat_ele=2.99078, VBS_stat_muon=0.960157, ele_efficiency=1.48801, ele_trigger=2.89819, fakephoton_ele=5.89428, fakephoton_muon=-0.424893, interference=-1.6749, lumi=1.54959, mu_efficiency=-1.25991, mu_trigger=0.121609, non_prompt_stat_ele=4.57176, non_prompt_stat_muon=-0.443236, others_stat_ele=4.30956, others_stat_muon=0.848783, others_xs=2.29076, param=0.293112, pdf_ele=3.72925, pdf_muon=0.253587, photon_id=4.85949, pileup=0.207314, scale_ele=6.70964, scale_muon=0.0408137
RooProdPdf::model_s[ modelObs_s * nuisancePdf ]
     getLogVal() top-level p.d.f evaluates to zero @ !pdfs=(modelObs_s = 0/1,nuisancePdf = 1)

[#0] WARNING:Minization -- RooMinimizerFcn: Minimized function has error status.
Returning maximum FCN so far (889.364) to force MIGRAD to back out of this region. Error log follows
Parameter values: JER_ele=0.250858, JER_muon=-0.0287363, JES_ele=3.76107, JES_muon=-2.09735, QCD_stat_ele=6.91251, QCD_stat_muon=1.01906, VBS_stat_ele=2.74385, VBS_stat_muon=0.917965, ele_efficiency=1.40454, ele_trigger=2.60556, fakephoton_ele=6.49959, fakephoton_muon=-0.441536, interference=-1.71802, lumi=1.37855, mu_efficiency=-1.26359, mu_trigger=0.0682442, non_prompt_stat_ele=5.71887, non_prompt_stat_muon=-0.491902, others_stat_ele=3.93575, others_stat_muon=0.762079, others_xs=2.05967, param=0.501513, pdf_ele=3.28037, pdf_muon=0.166588, photon_id=4.44254, pileup=0.188114, scale_ele=6.95952, scale_muon=-0.154251
RooProdPdf::model_s[ modelObs_s * nuisancePdf ]
     getLogVal() top-level p.d.f evaluates to zero @ !pdfs=(modelObs_s = 0/1,nuisancePdf = 1)

[#0] WARNING:Minization -- RooMinimizerFcn: Minimized function has error status.
Returning maximum FCN so far (889.364) to force MIGRAD to back out of this region. Error log follows
Parameter values: JER_ele=0.43064, JER_muon=0.000140265, JES_ele=4.04039, JES_muon=-2.05321, QCD_stat_ele=6.66883, QCD_stat_muon=1.14014, VBS_stat_ele=2.95619, VBS_stat_muon=0.954917, ele_efficiency=1.46765, ele_trigger=2.84448, fakephoton_ele=6.03404, fakephoton_muon=-0.426414, interference=-1.67106, lumi=1.51787, mu_efficiency=-1.25333, mu_trigger=0.107751, non_prompt_stat_ele=4.82787, non_prompt_stat_muon=-0.456682, others_stat_ele=4.23875, others_stat_muon=0.817935, others_xs=2.23982, param=0.491883, pdf_ele=3.65172, pdf_muon=0.232488, photon_id=4.7773, pileup=0.203216, scale_ele=6.77488, scale_muon=-0.0216999
RooProdPdf::model_s[ modelObs_s * nuisancePdf ]
     getLogVal() top-level p.d.f evaluates to zero @ !pdfs=(modelObs_s = 0/1,nuisancePdf = 1)

[#0] WARNING:Minization -- RooMinimizerFcn: Minimized function has error status.
Returning maximum FCN so far (889.364) to force MIGRAD to back out of this region. Error log follows
Parameter values: JER_ele=0.324834, JER_muon=-0.0172448, JES_ele=3.87574, JES_muon=-2.07898, QCD_stat_ele=6.83179, QCD_stat_muon=1.06557, VBS_stat_ele=2.83083, VBS_stat_muon=0.933301, ele_efficiency=1.42998, ele_trigger=2.7033, fakephoton_ele=6.32894, fakephoton_muon=-0.435506, interference=-1.69781, lumi=1.43518, mu_efficiency=-1.25901, mu_trigger=0.0837714, non_prompt_stat_ele=5.3839, non_prompt_stat_muon=-0.478313, others_stat_ele=4.06033, others_stat_muon=0.783564, others_xs=2.13246, param=0.472978, pdf_ele=3.43353, pdf_muon=0.192637, photon_id=4.58034, pileup=0.194217, scale_ele=6.90229, scale_muon=-0.103265
RooProdPdf::model_s[ modelObs_s * nuisancePdf ]
     getLogVal() top-level p.d.f evaluates to zero @ !pdfs=(modelObs_s = 0/1,nuisancePdf = 1)

[#0] WARNING:Minization -- RooMinimizerFcn: Minimized function has error status.
Returning maximum FCN so far (889.364) to force MIGRAD to back out of this region. Error log follows
Parameter values: JER_ele=0.380209, JER_muon=-0.00809981, JES_ele=3.96217, JES_muon=-2.06553, QCD_stat_ele=6.75338, QCD_stat_muon=1.10385, VBS_stat_ele=2.89655, VBS_stat_muon=0.945472, ele_efficiency=1.44965, ele_trigger=2.77724, fakephoton_ele=6.18232, fakephoton_muon=-0.430831, interference=-1.68347, lumi=1.47854, mu_efficiency=-1.25601, mu_trigger=0.0962471, non_prompt_stat_ele=5.1047, non_prompt_stat_muon=-0.46722, others_stat_ele=4.15402, others_stat_muon=0.801234, others_xs=2.18845, param=0.459938, pdf_ele=3.5482, pdf_muon=0.21349, photon_id=4.68404, pileup=0.198915, scale_ele=6.84219, scale_muon=-0.0612916
RooProdPdf::model_s[ modelObs_s * nuisancePdf ]
     getLogVal() top-level p.d.f evaluates to zero @ !pdfs=(modelObs_s = 0/1,nuisancePdf = 1)

[#0] WARNING:Minization -- RooMinimizerFcn: Minimized function has error status.
Returning maximum FCN so far (889.364) to force MIGRAD to back out of this region. Error log follows
Parameter values: JER_ele=0.344807, JER_muon=-0.0137689, JES_ele=3.90696, JES_muon=-2.07409, QCD_stat_ele=6.80531, QCD_stat_muon=1.07918, VBS_stat_ele=2.85463, VBS_stat_muon=0.938778, ele_efficiency=1.43706, ele_trigger=2.72996, fakephoton_ele=6.27891, fakephoton_muon=-0.433847, interference=-1.69228, lumi=1.45102, mu_efficiency=-1.2579, mu_trigger=0.0883713, non_prompt_stat_ele=5.28829, non_prompt_stat_muon=-0.474381, others_stat_ele=4.09414, others_stat_muon=0.789853, others_xs=2.15257, param=0.444152, pdf_ele=3.47503, pdf_muon=0.200454, photon_id=4.61803, pileup=0.195914, scale_ele=6.88229, scale_muon=-0.088234
RooProdPdf::model_s[ modelObs_s * nuisancePdf ]
     getLogVal() top-level p.d.f evaluates to zero @ !pdfs=(modelObs_s = 0/1,nuisancePdf = 1)

[#0] WARNING:Minization -- RooMinimizerFcn: Minimized function has error status.
Returning maximum FCN so far (889.364) to force MIGRAD to back out of this region. Error log follows
Parameter values: JER_ele=0.256258, JER_muon=-0.0267945, JES_ele=3.76712, JES_muon=-2.09574, QCD_stat_ele=6.90916, QCD_stat_muon=1.0169, VBS_stat_ele=2.7548, VBS_stat_muon=0.929206, ele_efficiency=1.40571, ele_trigger=2.61109, fakephoton_ele=6.50249, fakephoton_muon=-0.441592, interference=-1.71279, lumi=1.38364, mu_efficiency=-1.26271, mu_trigger=0.0692805, non_prompt_stat_ele=5.72878, non_prompt_stat_muon=-0.49252, others_stat_ele=3.94261, others_stat_muon=0.761207, others_xs=2.06257, param=0.675464, pdf_ele=3.28958, pdf_muon=0.169574, photon_id=4.45045, pileup=0.188449, scale_ele=6.95726, scale_muon=-0.156106
RooProdPdf::model_s[ modelObs_s * nuisancePdf ]
     getLogVal() top-level p.d.f evaluates to zero @ !pdfs=(modelObs_s = 0/1,nuisancePdf = 1)

[#0] WARNING:Minization -- RooMinimizerFcn: Minimized function has error status.
Returning maximum FCN so far (889.364) to force MIGRAD to back out of this region. Error log follows
Parameter values: JER_ele=0.231592, JER_muon=-0.0338868, JES_ele=3.73293, JES_muon=-2.10625, QCD_stat_ele=6.92867, QCD_stat_muon=0.995912, VBS_stat_ele=2.7223, VBS_stat_muon=0.913358, ele_efficiency=1.3987, ele_trigger=2.58129, fakephoton_ele=6.55742, fakephoton_muon=-0.444821, interference=-1.72467, lumi=1.36372, mu_efficiency=-1.26625, mu_trigger=0.0610311, non_prompt_stat_ele=5.84323, non_prompt_stat_muon=-0.498787, others_stat_ele=3.90602, others_stat_muon=0.752513, others_xs=2.04004, param=1.06904, pdf_ele=3.24104, pdf_muon=0.154643, photon_id=4.40439, pileup=0.186467, scale_ele=6.96988, scale_muon=-0.178161
RooProdPdf::model_s[ modelObs_s * nuisancePdf ]
     getLogVal() top-level p.d.f evaluates to zero @ !pdfs=(modelObs_s = 0/1,nuisancePdf = 1)

[#0] WARNING:Minization -- RooMinimizerFcn: Minimized function has error status.
Returning maximum FCN so far (889.364) to force MIGRAD to back out of this region. Error log follows
Parameter values: JER_ele=0.407344, JER_muon=-0.00556869, JES_ele=4.00746, JES_muon=-2.05848, QCD_stat_ele=6.70537, QCD_stat_muon=1.1289, VBS_stat_ele=2.9185, VBS_stat_muon=0.935379, ele_efficiency=1.45998, ele_trigger=2.81531, fakephoton_ele=6.1137, fakephoton_muon=-0.427871, interference=-1.68076, lumi=1.49836, mu_efficiency=-1.25495, mu_trigger=0.102178, non_prompt_stat_ele=4.98151, non_prompt_stat_muon=-0.459928, others_stat_ele=4.204, others_stat_muon=0.812947, others_xs=2.2196, param=0.556775, pdf_ele=3.60559, pdf_muon=0.221571, photon_id=4.73647, pileup=0.20133, scale_ele=6.80462, scale_muon=-0.0340684
RooProdPdf::model_s[ modelObs_s * nuisancePdf ]
     getLogVal() top-level p.d.f evaluates to zero @ !pdfs=(modelObs_s = 0/1,nuisancePdf = 1)

[#0] WARNING:Minization -- RooMinimizerFcn: Minimized function has error status.
Returning maximum FCN so far (889.364) to force MIGRAD to back out of this region. Error log follows
Parameter values: JER_ele=0.177509, JER_muon=-0.0432625, JES_ele=3.64456, JES_muon=-2.11396, QCD_stat_ele=6.96703, QCD_stat_muon=0.967499, VBS_stat_ele=2.64468, VBS_stat_muon=0.887894, ele_efficiency=1.37801, ele_trigger=2.50652, fakephoton_ele=6.6596, fakephoton_muon=-0.447487, interference=-1.73879, lumi=1.31853, mu_efficiency=-1.26709, mu_trigger=0.0502119, non_prompt_stat_ele=6.05222, non_prompt_stat_muon=-0.506735, others_stat_ele=3.80999, others_stat_muon=0.738497, others_xs=1.98584, param=0.532506, pdf_ele=3.12393, pdf_muon=0.135121, photon_id=4.29751, pileup=0.181788, scale_ele=6.99199, scale_muon=-0.210711
RooProdPdf::model_s[ modelObs_s * nuisancePdf ]
     getLogVal() top-level p.d.f evaluates to zero @ !pdfs=(modelObs_s = 0/1,nuisancePdf = 1)

[#0] WARNING:Minization -- RooMinimizerFcn: Minimized function has error status.
Returning maximum FCN so far (889.364) to force MIGRAD to back out of this region. Error log follows
Parameter values: JER_ele=0.315135, JER_muon=-0.0206557, JES_ele=3.8632, JES_muon=-2.08045, QCD_stat_ele=6.84207, QCD_stat_muon=1.0633, VBS_stat_ele=2.80903, VBS_stat_muon=0.917055, ele_efficiency=1.42692, ele_trigger=2.69179, fakephoton_ele=6.36294, fakephoton_muon=-0.435801, interference=-1.70349, lumi=1.42628, mu_efficiency=-1.25963, mu_trigger=0.0812067, non_prompt_stat_ele=5.45518, non_prompt_stat_muon=-0.479022, others_stat_ele=4.04773, others_stat_muon=0.78263, others_xs=2.12568, param=0.522551, pdf_ele=3.41445, pdf_muon=0.186804, photon_id=4.56341, pileup=0.193457, scale_ele=6.90969, scale_muon=-0.106001
RooProdPdf::model_s[ modelObs_s * nuisancePdf ]
     getLogVal() top-level p.d.f evaluates to zero @ !pdfs=(modelObs_s = 0/1,nuisancePdf = 1)

[#0] WARNING:Minization -- RooMinimizerFcn: Minimized function has error status.
Returning maximum FCN so far (889.364) to force MIGRAD to back out of this region. Error log follows
Parameter values: JER_ele=0.223539, JER_muon=-0.0355462, JES_ele=3.71815, JES_muon=-2.10266, QCD_stat_ele=6.93563, QCD_stat_muon=0.999364, VBS_stat_ele=2.69984, VBS_stat_muon=0.898589, ele_efficiency=1.39434, ele_trigger=2.56863, fakephoton_ele=6.57147, fakephoton_muon=-0.443599, interference=-1.72664, lumi=1.35475, mu_efficiency=-1.26455, mu_trigger=0.0606637, non_prompt_stat_ele=5.87001, non_prompt_stat_muon=-0.497533, others_stat_ele=3.89009, others_stat_muon=0.753178, others_xs=2.03259, param=0.504288, pdf_ele=3.22181, pdf_muon=0.152662, photon_id=4.38763, pileup=0.185689, scale_ele=6.97438, scale_muon=-0.17582
RooProdPdf::model_s[ modelObs_s * nuisancePdf ]
     getLogVal() top-level p.d.f evaluates to zero @ !pdfs=(modelObs_s = 0/1,nuisancePdf = 1)

[#0] WARNING:Minization -- RooMinimizerFcn: Minimized function has error status.
Returning maximum FCN so far (889.364) to force MIGRAD to back out of this region. Error log follows
Parameter values: JER_ele=0.277633, JER_muon=-0.0265612, JES_ele=3.80405, JES_muon=-2.08944, QCD_stat_ele=6.88538, QCD_stat_muon=1.03718, VBS_stat_ele=2.76441, VBS_stat_muon=0.910426, ele_efficiency=1.41357, ele_trigger=2.64144, fakephoton_ele=6.45415, fakephoton_muon=-0.438989, interference=-1.71265, lumi=1.3972, mu_efficiency=-1.2616, mu_trigger=0.072944, non_prompt_stat_ele=5.63446, non_prompt_stat_muon=-0.486596, others_stat_ele=3.98346, others_stat_muon=0.770594, others_xs=2.08758, param=0.491823, pdf_ele=3.33597, pdf_muon=0.173177, photon_id=4.49216, pileup=0.190282, scale_ele=6.94095, scale_muon=-0.134446
RooProdPdf::model_s[ modelObs_s * nuisancePdf ]
     getLogVal() top-level p.d.f evaluates to zero @ !pdfs=(modelObs_s = 0/1,nuisancePdf = 1)

[#0] WARNING:Minization -- RooMinimizerFcn: Minimized function has error status.
Returning maximum FCN so far (889.364) to force MIGRAD to back out of this region. Error log follows
Parameter values: JER_ele=0.101555, JER_muon=-0.0540723, JES_ele=3.52126, JES_muon=-2.13276, QCD_stat_ele=6.99632, QCD_stat_muon=0.912494, VBS_stat_ele=2.55942, VBS_stat_muon=0.883036, ele_efficiency=1.3511, ele_trigger=2.40318, fakephoton_ele=6.79259, fakephoton_muon=-0.454322, interference=-1.75535, lumi=1.26111, mu_efficiency=-1.27124, mu_trigger=0.0338583, non_prompt_stat_ele=6.34467, non_prompt_stat_muon=-0.522708, others_stat_ele=3.67587, others_stat_muon=0.713274, others_xs=1.90776, param=0.779153, pdf_ele=2.96029, pdf_muon=0.109074, photon_id=4.14705, pileup=0.175387, scale_ele=6.99922, scale_muon=-0.270298
RooProdPdf::model_s[ modelObs_s * nuisancePdf ]
     getLogVal() top-level p.d.f evaluates to zero @ !pdfs=(modelObs_s = 0/1,nuisancePdf = 1)

[#0] WARNING:Minization -- RooMinimizerFcn: Minimized function has error status.
Returning maximum FCN so far (889.364) to force MIGRAD to back out of this region. Error log follows
Parameter values: JER_ele=0.325263, JER_muon=-0.0258235, JES_ele=3.88519, JES_muon=-2.0858, QCD_stat_ele=6.82453, QCD_stat_muon=1.05667, VBS_stat_ele=2.8117, VBS_stat_muon=0.896047, ele_efficiency=1.43223, ele_trigger=2.70939, fakephoton_ele=6.33484, fakephoton_muon=-0.436905, interference=-1.71036, lumi=1.43069, mu_efficiency=-1.26197, mu_trigger=0.0769962, non_prompt_stat_ele=5.40382, non_prompt_stat_muon=-0.480575, others_stat_ele=4.07185, others_stat_muon=0.78121, others_xs=2.13706, param=0.626121, pdf_ele=3.43983, pdf_muon=0.177553, photon_id=4.58059, pileup=0.194253, scale_ele=6.89621, scale_muon=-0.110457
RooProdPdf::model_s[ modelObs_s * nuisancePdf ]
     getLogVal() top-level p.d.f evaluates to zero @ !pdfs=(modelObs_s = 0/1,nuisancePdf = 1)

[#0] WARNING:Minization -- RooMinimizerFcn: Minimized function has error status.
Returning maximum FCN so far (889.364) to force MIGRAD to back out of this region. Error log follows
Parameter values: JER_ele=0.0466607, JER_muon=-0.0680238, JES_ele=3.43512, JES_muon=-2.14724, QCD_stat_ele=6.99953, QCD_stat_muon=0.874035, VBS_stat_ele=2.477, VBS_stat_muon=0.844376, ele_efficiency=1.33194, ele_trigger=2.33022, fakephoton_ele=6.86037, fakephoton_muon=-0.458889, interference=-1.7766, lumi=1.21359, mu_efficiency=-1.27485, mu_trigger=0.0183345, non_prompt_stat_ele=6.50196, non_prompt_stat_muon=-0.533709, others_stat_ele=3.58221, others_stat_muon=0.695955, others_xs=1.85381, param=0.598853, pdf_ele=2.84291, pdf_muon=0.0803791, photon_id=4.03449, pileup=0.170669, scale_ele=6.98828, scale_muon=-0.312299
RooProdPdf::model_s[ modelObs_s * nuisancePdf ]
     getLogVal() top-level p.d.f evaluates to zero @ !pdfs=(modelObs_s = 0/1,nuisancePdf = 1)

[#0] WARNING:Minization -- RooMinimizerFcn: Minimized function has error status.
Returning maximum FCN so far (889.364) to force MIGRAD to back out of this region. Error log follows
Parameter values: JER_ele=0.22417, JER_muon=-0.0381773, JES_ele=3.7219, JES_muon=-2.10281, QCD_stat_ele=6.93384, QCD_stat_muon=1.00112, VBS_stat_ele=2.69037, VBS_stat_muon=0.88264, ele_efficiency=1.39497, ele_trigger=2.57101, fakephoton_ele=6.57338, fakephoton_muon=-0.443403, interference=-1.73052, lumi=1.35317, mu_efficiency=-1.26491, mu_trigger=0.0592856, non_prompt_stat_ele=5.87681, non_prompt_stat_muon=-0.497055, others_stat_ele=3.895, others_stat_muon=0.754212, others_xs=2.03555, param=0.591168, pdf_ele=3.22445, pdf_muon=0.148676, photon_id=4.38904, pileup=0.185751, scale_ele=6.97314, scale_muon=-0.174097
RooProdPdf::model_s[ modelObs_s * nuisancePdf ]
     getLogVal() top-level p.d.f evaluates to zero @ !pdfs=(modelObs_s = 0/1,nuisancePdf = 1)

[#0] WARNING:Minization -- RooMinimizerFcn: Minimized function has error status.
Returning maximum FCN so far (889.364) to force MIGRAD to back out of this region. Error log follows
Parameter values: JER_ele=0.100148, JER_muon=-0.0581394, JES_ele=3.52208, JES_muon=-2.1325, QCD_stat_ele=6.99614, QCD_stat_muon=0.915522, VBS_stat_ele=2.54148, VBS_stat_muon=0.857696, ele_efficiency=1.35084, ele_trigger=2.40288, fakephoton_ele=6.79112, fakephoton_muon=-0.453826, interference=-1.76174, lumi=1.25626, mu_efficiency=-1.27149, mu_trigger=0.0317692, non_prompt_stat_ele=6.34131, non_prompt_stat_muon=-0.521796, others_stat_ele=3.67726, others_stat_muon=0.714772, others_xs=1.90922, param=0.57139, pdf_ele=2.95876, pdf_muon=0.102917, photon_id=4.1441, pileup=0.175253, scale_ele=6.99929, scale_muon=-0.26752
RooProdPdf::model_s[ modelObs_s * nuisancePdf ]
     getLogVal() top-level p.d.f evaluates to zero @ !pdfs=(modelObs_s = 0/1,nuisancePdf = 1)

[#0] WARNING:Minization -- RooMinimizerFcn: Minimized function has error status.
Returning maximum FCN so far (889.364) to force MIGRAD to back out of this region. Error log follows
Parameter values: JER_ele=0.18008, JER_muon=-0.0448688, JES_ele=3.65128, JES_muon=-2.11291, QCD_stat_ele=6.96471, QCD_stat_muon=0.971837, VBS_stat_ele=2.63755, VBS_stat_muon=0.874863, ele_efficiency=1.37927, ele_trigger=2.51138, fakephoton_ele=6.66024, fakephoton_muon=-0.446974, interference=-1.74119, lumi=1.31907, mu_efficiency=-1.26713, mu_trigger=0.0499622, non_prompt_stat_ele=6.05717, non_prompt_stat_muon=-0.505541, others_stat_ele=3.81811, others_stat_muon=0.740659, others_xs=1.99092, param=0.560268, pdf_ele=3.13061, pdf_muon=0.133269, photon_id=4.30342, pileup=0.182039, scale_ele=6.99075, scale_muon=-0.206087
RooProdPdf::model_s[ modelObs_s * nuisancePdf ]
     getLogVal() top-level p.d.f evaluates to zero @ !pdfs=(modelObs_s = 0/1,nuisancePdf = 1)

[#0] WARNING:Minization -- RooMinimizerFcn: Minimized function has error status.
Returning maximum FCN so far (889.364) to force MIGRAD to back out of this region. Error log follows
Parameter values: JER_ele=0.122543, JER_muon=-0.0541621, JES_ele=3.55842, JES_muon=-2.1268, QCD_stat_ele=6.99053, QCD_stat_muon=0.931756, VBS_stat_ele=2.56844, VBS_stat_muon=0.863439, ele_efficiency=1.3588, ele_trigger=2.43332, fakephoton_ele=6.7583, fakephoton_muon=-0.451854, interference=-1.75565, lumi=1.2741, mu_efficiency=-1.27021, mu_trigger=0.0371221, non_prompt_stat_ele=6.2684, non_prompt_stat_muon=-0.517123, others_stat_ele=3.71688, others_stat_muon=0.722214, others_xs=1.93221, param=0.543776, pdf_ele=3.00714, pdf_muon=0.111941, photon_id=4.18937, pileup=0.177165, scale_ele=6.99994, scale_muon=-0.249764
RooProdPdf::model_s[ modelObs_s * nuisancePdf ]
     getLogVal() top-level p.d.f evaluates to zero @ !pdfs=(modelObs_s = 0/1,nuisancePdf = 1)

[#0] WARNING:Minization -- RooMinimizerFcn: Minimized function has error status.
Returning maximum FCN so far (889.364) to force MIGRAD to back out of this region. Error log follows
Parameter values: JER_ele=-0.0361309, JER_muon=-0.078354, JES_ele=3.29706, JES_muon=-2.16606, QCD_stat_ele=6.97614, QCD_stat_muon=0.817292, VBS_stat_ele=2.38527, VBS_stat_muon=0.843639, ele_efficiency=1.30232, ele_trigger=2.2159, fakephoton_ele=6.94674, fakephoton_muon=-0.46585, interference=-1.79276, lumi=1.15185, mu_efficiency=-1.27883, mu_trigger=0.00200277, non_prompt_stat_ele=6.72894, non_prompt_stat_muon=-0.55012, others_stat_ele=3.4317, others_stat_muon=0.669678, others_xs=1.7685, param=1.01866, pdf_ele=2.66008, pdf_muon=0.0548994, photon_id=3.86575, pileup=0.16373, scale_ele=6.94377, scale_muon=-0.373923
RooProdPdf::model_s[ modelObs_s * nuisancePdf ]
     getLogVal() top-level p.d.f evaluates to zero @ !pdfs=(modelObs_s = 0/1,nuisancePdf = 1)

[#0] WARNING:Minization -- RooMinimizerFcn: Minimized function has error status.
Returning maximum FCN so far (889.364) to force MIGRAD to back out of this region. Error log follows
Parameter values: JER_ele=0.308925, JER_muon=-0.0301885, JES_ele=3.86104, JES_muon=-2.0881, QCD_stat_ele=6.84409, QCD_stat_muon=1.0494, VBS_stat_ele=2.78171, VBS_stat_muon=0.878287, ele_efficiency=1.42628, ele_trigger=2.68818, fakephoton_ele=6.3825, fakephoton_muon=-0.437504, interference=-1.71732, lumi=1.4162, mu_efficiency=-1.26242, mu_trigger=0.073073, non_prompt_stat_ele=5.4998, non_prompt_stat_muon=-0.482509, others_stat_ele=4.04635, others_stat_muon=0.777908, others_xs=2.12267, param=0.691914, pdf_ele=3.40603, pdf_muon=0.169458, photon_id=4.55005, pileup=0.192869, scale_ele=6.91065, scale_muon=-0.118202
RooProdPdf::model_s[ modelObs_s * nuisancePdf ]
     getLogVal() top-level p.d.f evaluates to zero @ !pdfs=(modelObs_s = 0/1,nuisancePdf = 1)

[#0] WARNING:Minization -- RooMinimizerFcn: Minimized function has error status.
Returning maximum FCN so far (889.364) to force MIGRAD to back out of this region. Error log follows
Parameter values: JER_ele=-0.114316, JER_muon=-0.0962467, JES_ele=3.17056, JES_muon=-2.18558, QCD_stat_ele=6.92572, QCD_stat_muon=0.764827, VBS_stat_ele=2.27146, VBS_stat_muon=0.797273, ele_efficiency=1.2749, ele_trigger=2.11028, fakephoton_ele=6.98701, fakephoton_muon=-0.472154, interference=-1.82064, lumi=1.08555, mu_efficiency=-1.28364, mu_trigger=-0.018494, non_prompt_stat_ele=6.86207, non_prompt_stat_muon=-0.565211, others_stat_ele=3.29334, others_stat_muon=0.645882, others_xs=1.69092, param=0.657164, pdf_ele=2.48876, pdf_muon=0.0175529, photon_id=3.7008, pileup=0.157064, scale_ele=6.87583, scale_muon=-0.431319
RooProdPdf::model_s[ modelObs_s * nuisancePdf ]
     getLogVal() top-level p.d.f evaluates to zero @ !pdfs=(modelObs_s = 0/1,nuisancePdf = 1)

[#0] WARNING:Minization -- RooMinimizerFcn: Minimized function has error status.
Returning maximum FCN so far (889.364) to force MIGRAD to back out of this region. Error log follows
Parameter values: JER_ele=0.167415, JER_muon=-0.0494914, JES_ele=3.63352, JES_muon=-2.11616, QCD_stat_ele=6.97099, QCD_stat_muon=0.964597, VBS_stat_ele=2.6125, VBS_stat_muon=0.856874, ele_efficiency=1.37515, ele_trigger=2.49567, fakephoton_ele=6.68516, fakephoton_muon=-0.44787, interference=-1.74824, lumi=1.30716, mu_efficiency=-1.26816, mu_trigger=0.0457531, non_prompt_stat_ele=6.11213, non_prompt_stat_muon=-0.507664, others_stat_ele=3.79951, others_stat_muon=0.737514, others_xs=1.98025, param=0.655047, pdf_ele=3.10478, pdf_muon=0.124637, photon_id=4.27868, pileup=0.180975, scale_ele=6.99369, scale_muon=-0.214221
RooProdPdf::model_s[ modelObs_s * nuisancePdf ]
     getLogVal() top-level p.d.f evaluates to zero @ !pdfs=(modelObs_s = 0/1,nuisancePdf = 1)

[#0] WARNING:Minization -- RooMinimizerFcn: Minimized function has error status.
Returning maximum FCN so far (889.364) to force MIGRAD to back out of this region. Error log follows
Parameter values: JER_ele=-0.0404878, JER_muon=-0.0832348, JES_ele=3.2935, JES_muon=-2.16626, QCD_stat_ele=6.9754, QCD_stat_muon=0.819917, VBS_stat_ele=2.36142, VBS_stat_muon=0.814492, ele_efficiency=1.30112, ele_trigger=2.21183, fakephoton_ele=6.94697, fakephoton_muon=-0.465461, interference=-1.8008, lumi=1.14422, mu_efficiency=-1.2793, mu_trigger=-0.000727938, non_prompt_stat_ele=6.72905, non_prompt_stat_muon=-0.549399, others_stat_ele=3.42817, others_stat_muon=0.670969, others_xs=1.7675, param=0.631309, pdf_ele=2.65241, pdf_muon=0.0472901, photon_id=3.857, pileup=0.163365, scale_ele=6.94255, scale_muon=-0.371831
RooProdPdf::model_s[ modelObs_s * nuisancePdf ]
     getLogVal() top-level p.d.f evaluates to zero @ !pdfs=(modelObs_s = 0/1,nuisancePdf = 1)

[#0] WARNING:Minization -- RooMinimizerFcn: Minimized function has error status.
Returning maximum FCN so far (889.364) to force MIGRAD to back out of this region. Error log follows
Parameter values: JER_ele=0.102467, JER_muon=-0.059655, JES_ele=3.52842, JES_muon=-2.13139, QCD_stat_ele=6.99536, QCD_stat_muon=0.920562, VBS_stat_ele=2.53439, VBS_stat_muon=0.844595, ele_efficiency=1.35202, ele_trigger=2.40743, fakephoton_ele=6.79084, fakephoton_muon=-0.453232, interference=-1.76428, lumi=1.25663, mu_efficiency=-1.27153, mu_trigger=0.0316714, non_prompt_stat_ele=6.34319, non_prompt_stat_muon=-0.520395, others_stat_ele=3.68495, others_stat_muon=0.717195, others_xs=1.91419, param=0.623538, pdf_ele=2.965, pdf_muon=0.101287, photon_id=4.14985, pileup=0.175494, scale_ele=6.99959, scale_muon=-0.262262
RooProdPdf::model_s[ modelObs_s * nuisancePdf ]
     getLogVal() top-level p.d.f evaluates to zero @ !pdfs=(modelObs_s = 0/1,nuisancePdf = 1)

[#0] WARNING:Minization -- RooMinimizerFcn: Minimized function has error status.
Returning maximum FCN so far (889.364) to force MIGRAD to back out of this region. Error log follows
Parameter values: JER_ele=-0.00339288, JER_muon=-0.0768782, JES_ele=3.35492, JES_muon=-2.15701, QCD_stat_ele=6.99029, QCD_stat_muon=0.846522, VBS_stat_ele=2.40644, VBS_stat_muon=0.823106, ele_efficiency=1.31432, ele_trigger=2.26275, fakephoton_ele=6.91672, fakephoton_muon=-0.462232, interference=-1.79104, lumi=1.17363, mu_efficiency=-1.27722, mu_trigger=0.00792333, non_prompt_stat_ele=6.64596, non_prompt_stat_muon=-0.541746, others_stat_ele=3.49538, others_stat_muon=0.683166, others_xs=1.80573, param=0.604874, pdf_ele=2.73415, pdf_muon=0.0617874, photon_id=3.93428, pileup=0.166523, scale_ele=6.96657, scale_muon=-0.342848
RooProdPdf::model_s[ modelObs_s * nuisancePdf ]
     getLogVal() top-level p.d.f evaluates to zero @ !pdfs=(modelObs_s = 0/1,nuisancePdf = 1)

[#0] WARNING:Minization -- RooMinimizerFcn: Minimized function has error status.
Returning maximum FCN so far (889.364) to force MIGRAD to back out of this region. Error log follows
Parameter values: JER_ele=-0.084617, JER_muon=-0.0883452, JES_ele=3.21843, JES_muon=-2.17685, QCD_stat_ele=6.94772, QCD_stat_muon=0.786907, VBS_stat_ele=2.31558, VBS_stat_muon=0.818437, ele_efficiency=1.28516, ele_trigger=2.15019, fakephoton_ele=6.97704, fakephoton_muon=-0.469424, interference=-1.80845, lumi=1.11182, mu_efficiency=-1.28137, mu_trigger=-0.00957776, non_prompt_stat_ele=6.82546, non_prompt_stat_muon=-0.558841, others_stat_ele=3.34621, others_stat_muon=0.655804, others_xs=1.72093, param=1.05479, pdf_ele=2.55348, pdf_muon=0.0339696, photon_id=3.76483, pileup=0.159633, scale_ele=6.90446, scale_muon=-0.407101
RooProdPdf::model_s[ modelObs_s * nuisancePdf ]
     getLogVal() top-level p.d.f evaluates to zero @ !pdfs=(modelObs_s = 0/1,nuisancePdf = 1)

[#0] WARNING:Minization -- RooMinimizerFcn: Minimized function has error status.
Returning maximum FCN so far (889.364) to force MIGRAD to back out of this region. Error log follows
Parameter values: JER_ele=0.14208, JER_muon=-0.0604256, JES_ele=3.59776, JES_muon=-2.12989, QCD_stat_ele=6.98175, QCD_stat_muon=0.931038, VBS_stat_ele=2.57323, VBS_stat_muon=0.829455, ele_efficiency=1.36735, ele_trigger=2.46464, fakephoton_ele=6.72786, fakephoton_muon=-0.451908, interference=-1.76352, lumi=1.28356, mu_efficiency=-1.272, mu_trigger=0.0333932, non_prompt_stat_ele=6.20584, non_prompt_stat_muon=-0.516655, others_stat_ele=3.76075, others_stat_muon=0.723746, others_xs=1.95439, param=0.758661, pdf_ele=3.0539, pdf_muon=0.101978, photon_id=4.225, pileup=0.178693, scale_ele=6.99792, scale_muon=-0.247236
RooProdPdf::model_s[ modelObs_s * nuisancePdf ]
     getLogVal() top-level p.d.f evaluates to zero @ !pdfs=(modelObs_s = 0/1,nuisancePdf = 1)

[#0] WARNING:Minization -- RooMinimizerFcn: Minimized function has error status.
Returning maximum FCN so far (889.364) to force MIGRAD to back out of this region. Error log follows
Parameter values: JER_ele=-0.197985, JER_muon=-0.112209, JES_ele=3.03187, JES_muon=-2.20598, QCD_stat_ele=6.83872, QCD_stat_muon=0.707404, VBS_stat_ele=2.15981, VBS_stat_muon=0.766314, ele_efficiency=1.24539, ele_trigger=1.99566, fakephoton_ele=6.99948, fakephoton_muon=-0.479125, interference=-1.84518, lumi=1.0179, mu_efficiency=-1.28847, mu_trigger=-0.0385504, non_prompt_stat_ele=6.96253, non_prompt_stat_muon=-0.58174, others_stat_ele=3.14193, others_stat_muon=0.619723, others_xs=1.60659, param=0.726965, pdf_ele=2.30216, pdf_muon=-0.0172774, photon_id=3.52219, pileup=0.14998, scale_ele=6.77188, scale_muon=-0.49377
RooProdPdf::model_s[ modelObs_s * nuisancePdf ]
     getLogVal() top-level p.d.f evaluates to zero @ !pdfs=(modelObs_s = 0/1,nuisancePdf = 1)

[#0] WARNING:Minization -- RooMinimizerFcn: Minimized function has error status.
Returning maximum FCN so far (889.364) to force MIGRAD to back out of this region. Error log follows
Parameter values: JER_ele=0.0432264, JER_muon=-0.0719355, JES_ele=3.43418, JES_muon=-2.14616, QCD_stat_ele=6.99948, QCD_stat_muon=0.879913, VBS_stat_ele=2.45352, VBS_stat_muon=0.817512, ele_efficiency=1.33129, ele_trigger=2.32799, fakephoton_ele=6.86896, fakephoton_muon=-0.458187, interference=-1.78309, lumi=1.20813, mu_efficiency=-1.27511, mu_trigger=0.0168176, non_prompt_stat_ele=6.52674, non_prompt_stat_muon=-0.532143, others_stat_ele=3.58275, others_stat_muon=0.698714, others_xs=1.85552, param=0.724222, pdf_ele=2.83749, pdf_muon=0.0750041, photon_id=4.02982, pileup=0.17047, scale_ele=6.98818, scale_muon=-0.30674
RooProdPdf::model_s[ modelObs_s * nuisancePdf ]
     getLogVal() top-level p.d.f evaluates to zero @ !pdfs=(modelObs_s = 0/1,nuisancePdf = 1)

[#0] WARNING:Minization -- RooMinimizerFcn: Minimized function has error status.
Returning maximum FCN so far (889.364) to force MIGRAD to back out of this region. Error log follows
Parameter values: JER_ele=-0.141501, JER_muon=-0.101857, JES_ele=3.12705, JES_muon=-2.19057, QCD_stat_ele=6.90181, QCD_stat_muon=0.751385, VBS_stat_ele=2.22891, VBS_stat_muon=0.779978, ele_efficiency=1.26545, ele_trigger=2.07378, fakephoton_ele=6.9956, fakephoton_muon=-0.473791, interference=-1.8297, lumi=1.0631, mu_efficiency=-1.28499, mu_trigger=-0.0244155, non_prompt_stat_ele=6.90488, non_prompt_stat_muon=-0.569154, others_stat_ele=3.24651, others_stat_muon=0.639646, others_xs=1.66573, param=0.701181, pdf_ele=2.42884, pdf_muon=0.00639158, photon_id=3.64479, pileup=0.154826, scale_ele=6.84653, scale_muon=-0.44651
RooProdPdf::model_s[ modelObs_s * nuisancePdf ]
     getLogVal() top-level p.d.f evaluates to zero @ !pdfs=(modelObs_s = 0/1,nuisancePdf = 1)

[#0] WARNING:Minization -- RooMinimizerFcn: Minimized function has error status.
Returning maximum FCN so far (889.364) to force MIGRAD to back out of this region. Error log follows
Parameter values: JER_ele=-0.00766461, JER_muon=-0.0797711, JES_ele=3.35036, JES_muon=-2.1579, QCD_stat_ele=6.98938, QCD_stat_muon=0.845888, VBS_stat_ele=2.39184, VBS_stat_muon=0.808083, ele_efficiency=1.31315, ele_trigger=2.25825, fakephoton_ele=6.92159, fakephoton_muon=-0.462325, interference=-1.79556, lumi=1.16854, mu_efficiency=-1.2777, mu_trigger=0.00595167, non_prompt_stat_ele=6.66023, non_prompt_stat_muon=-0.541966, others_stat_ele=3.49113, others_stat_muon=0.683004, others_xs=1.80364, param=0.693748, pdf_ele=2.72595, pdf_muon=0.0569939, photon_id=3.92601, pileup=0.166183, scale_ele=6.96509, scale_muon=-0.343823
RooProdPdf::model_s[ modelObs_s * nuisancePdf ]
     getLogVal() top-level p.d.f evaluates to zero @ !pdfs=(modelObs_s = 0/1,nuisancePdf = 1)

[#0] WARNING:Minization -- RooMinimizerFcn: Minimized function has error status.
Returning maximum FCN so far (889.364) to force MIGRAD to back out of this region. Error log follows
Parameter values: JER_ele=-0.110469, JER_muon=-0.0965066, JES_ele=3.17919, JES_muon=-2.18277, QCD_stat_ele=6.92994, QCD_stat_muon=0.773845, VBS_stat_ele=2.26678, VBS_stat_muon=0.787199, ele_efficiency=1.27651, ele_trigger=2.11668, fakephoton_ele=6.98672, fakephoton_muon=-0.471068, interference=-1.82152, lumi=1.08777, mu_efficiency=-1.28323, mu_trigger=-0.0171273, non_prompt_stat_ele=6.86219, non_prompt_stat_muon=-0.562704, others_stat_ele=3.30368, others_stat_muon=0.649926, others_xs=1.69787, param=0.675075, pdf_ele=2.4982, pdf_muon=0.0186026, photon_id=3.71107, pileup=0.157471, scale_ele=6.88143, scale_muon=-0.422096
RooProdPdf::model_s[ modelObs_s * nuisancePdf ]
     getLogVal() top-level p.d.f evaluates to zero @ !pdfs=(modelObs_s = 0/1,nuisancePdf = 1)

[#0] WARNING:Minization -- RooMinimizerFcn: Minimized function has error status.
Returning maximum FCN so far (889.364) to force MIGRAD to back out of this region. Error log follows
Parameter values: JER_ele=-0.0352476, JER_muon=-0.0840809, JES_ele=3.30467, JES_muon=-2.16442, QCD_stat_ele=6.97855, QCD_stat_muon=0.826904, VBS_stat_ele=2.3583, VBS_stat_muon=0.803095, ele_efficiency=1.30332, ele_trigger=2.22035, fakephoton_ele=6.94467, fakephoton_muon=-0.464629, interference=-1.80229, lumi=1.14705, mu_efficiency=-1.27914, mu_trigger=-5.62337e-05, non_prompt_stat_ele=6.72406, non_prompt_stat_muon=-0.547439, others_stat_ele=3.44113, others_stat_muon=0.674274, others_xs=1.77537, param=0.66522, pdf_ele=2.66517, pdf_muon=0.0470627, photon_id=3.86907, pileup=0.163854, scale_ele=6.94749, scale_muon=-0.364415
RooProdPdf::model_s[ modelObs_s * nuisancePdf ]
     getLogVal() top-level p.d.f evaluates to zero @ !pdfs=(modelObs_s = 0/1,nuisancePdf = 1)

[#0] WARNING:Minization -- RooMinimizerFcn: Minimized function has error status.
Returning maximum FCN so far (889.364) to force MIGRAD to back out of this region. Error log follows
Parameter values: JER_ele=-0.0510068, JER_muon=-0.0864199, JES_ele=3.30477, JES_muon=-2.17114, QCD_stat_ele=6.97877, QCD_stat_muon=0.8655, VBS_stat_ele=2.32467, VBS_stat_muon=0.775547, ele_efficiency=1.30803, ele_trigger=2.21603, fakephoton_ele=6.94606, fakephoton_muon=-0.466285, interference=-1.82334, lumi=1.14066, mu_efficiency=-1.28832, mu_trigger=0.00218873, non_prompt_stat_ele=6.7295, non_prompt_stat_muon=-0.541763, others_stat_ele=3.44206, others_stat_muon=0.692839, others_xs=1.7846, param=0.54574, pdf_ele=2.65127, pdf_muon=0.0462872, photon_id=3.87017, pileup=0.164144, scale_ele=6.94716, scale_muon=-0.331903
RooProdPdf::model_s[ modelObs_s * nuisancePdf ]
     getLogVal() top-level p.d.f evaluates to zero @ !pdfs=(modelObs_s = 0/1,nuisancePdf = 1)

[#0] WARNING:Minization -- RooMinimizerFcn: Minimized function has error status.
Returning maximum FCN so far (889.364) to force MIGRAD to back out of this region. Error log follows
Parameter values: JER_ele=-0.32784, JER_muon=-0.133152, JES_ele=2.81351, JES_muon=-2.23512, QCD_stat_ele=6.63829, QCD_stat_muon=0.628978, VBS_stat_ele=1.99236, VBS_stat_muon=0.730065, ele_efficiency=1.1999, ele_trigger=1.81675, fakephoton_ele=6.94621, fakephoton_muon=-0.488919, interference=-1.88076, lumi=0.916052, mu_efficiency=-1.29557, mu_trigger=-0.0655704, non_prompt_stat_ele=6.99388, non_prompt_stat_muon=-0.604445, others_stat_ele=2.90259, others_stat_muon=0.583516, others_xs=1.47721, param=0.822195, pdf_ele=2.00941, pdf_muon=-0.0635903, photon_id=3.24464, pileup=0.139223, scale_ele=6.54941, scale_muon=-0.579444
RooProdPdf::model_s[ modelObs_s * nuisancePdf ]
     getLogVal() top-level p.d.f evaluates to zero @ !pdfs=(modelObs_s = 0/1,nuisancePdf = 1)

[#0] WARNING:Minization -- RooMinimizerFcn: Minimized function has error status.
Returning maximum FCN so far (889.364) to force MIGRAD to back out of this region. Error log follows
Parameter values: JER_ele=-0.0211875, JER_muon=-0.0836464, JES_ele=3.33037, JES_muon=-2.16055, QCD_stat_ele=6.98509, QCD_stat_muon=0.840697, VBS_stat_ele=2.36662, VBS_stat_muon=0.792283, ele_efficiency=1.30868, ele_trigger=2.24101, fakephoton_ele=6.93371, fakephoton_muon=-0.462978, interference=-1.80215, lumi=1.15652, mu_efficiency=-1.27856, mu_trigger=0.00253971, non_prompt_stat_ele=6.69408, non_prompt_stat_muon=-0.543507, others_stat_ele=3.46993, others_stat_muon=0.680632, others_xs=1.79235, param=0.80427, pdf_ele=2.69737, pdf_muon=0.04987, photon_id=3.89931, pileup=0.16509, scale_ele=6.95791, scale_muon=-0.349895
RooProdPdf::model_s[ modelObs_s * nuisancePdf ]
     getLogVal() top-level p.d.f evaluates to zero @ !pdfs=(modelObs_s = 0/1,nuisancePdf = 1)

[#0] WARNING:Minization -- RooMinimizerFcn: Minimized function has error status.
Returning maximum FCN so far (889.364) to force MIGRAD to back out of this region. Error log follows
Parameter values: JER_ele=-0.271323, JER_muon=-0.124886, JES_ele=2.90887, JES_muon=-2.22158, QCD_stat_ele=6.73526, QCD_stat_muon=0.663217, VBS_stat_ele=2.06078, VBS_stat_muon=0.740541, ele_efficiency=1.21942, ele_trigger=1.89451, fakephoton_ele=6.97931, fakephoton_muon=-0.48449, interference=-1.8656, lumi=0.959296, mu_efficiency=-1.29216, mu_trigger=-0.0542917, non_prompt_stat_ele=6.99873, non_prompt_stat_muon=-0.594521, others_stat_ele=3.0076, others_stat_muon=0.599286, others_xs=1.53372, param=0.777218, pdf_ele=2.13678, pdf_muon=-0.0447248, photon_id=3.36517, pileup=0.143852, scale_ele=6.65524, scale_muon=-0.542403
RooProdPdf::model_s[ modelObs_s * nuisancePdf ]
     getLogVal() top-level p.d.f evaluates to zero @ !pdfs=(modelObs_s = 0/1,nuisancePdf = 1)

[#0] WARNING:Minization -- RooMinimizerFcn: Minimized function has error status.
Returning maximum FCN so far (889.364) to force MIGRAD to back out of this region. Error log follows
Parameter values: JER_ele=-0.0816734, JER_muon=-0.093772, JES_ele=3.22974, JES_muon=-2.17553, QCD_stat_ele=6.95276, QCD_stat_muon=0.7967, VBS_stat_ele=2.293, VBS_stat_muon=0.779929, ele_efficiency=1.2871, ele_trigger=2.15771, fakephoton_ele=6.97443, fakephoton_muon=-0.46831, interference=-1.81741, lumi=1.10884, mu_efficiency=-1.28189, mu_trigger=-0.0114703, non_prompt_stat_ele=6.8171, non_prompt_stat_muon=-0.556167, others_stat_ele=3.35976, others_stat_muon=0.660512, others_xs=1.72978, param=0.773293, pdf_ele=2.56345, pdf_muon=0.0266002, photon_id=3.77248, pileup=0.159939, scale_ele=6.91125, scale_muon=-0.397581
RooProdPdf::model_s[ modelObs_s * nuisancePdf ]
     getLogVal() top-level p.d.f evaluates to zero @ !pdfs=(modelObs_s = 0/1,nuisancePdf = 1)

[#0] WARNING:Minization -- RooMinimizerFcn: Minimized function has error status.
Returning maximum FCN so far (889.364) to force MIGRAD to back out of this region. Error log follows
Parameter values: JER_ele=-0.232646, JER_muon=-0.118458, JES_ele=2.97495, JES_muon=-2.21216, QCD_stat_ele=6.79377, QCD_stat_muon=0.690396, VBS_stat_ele=2.10833, VBS_stat_muon=0.749037, ele_efficiency=1.23323, ele_trigger=1.94843, fakephoton_ele=6.99318, fakephoton_muon=-0.481195, interference=-1.85561, lumi=0.989933, mu_efficiency=-1.29005, mu_trigger=-0.0455029, non_prompt_stat_ele=6.98682, non_prompt_stat_muon=-0.586719, others_stat_ele=3.08024, others_stat_muon=0.611757, others_xs=1.5738, param=0.751785, pdf_ele=2.22459, pdf_muon=-0.0300316, photon_id=3.44963, pileup=0.147135, scale_ele=6.72078, scale_muon=-0.512886
RooProdPdf::model_s[ modelObs_s * nuisancePdf ]
     getLogVal() top-level p.d.f evaluates to zero @ !pdfs=(modelObs_s = 0/1,nuisancePdf = 1)

[#0] WARNING:Minization -- RooMinimizerFcn: Minimized function has error status.
Returning maximum FCN so far (889.364) to force MIGRAD to back out of this region. Error log follows
Parameter values: JER_ele=-0.116406, JER_muon=-0.0993175, JES_ele=3.17157, JES_muon=-2.18385, QCD_stat_ele=6.92605, QCD_stat_muon=0.77245, VBS_stat_ele=2.2506, VBS_stat_muon=0.773321, ele_efficiency=1.27471, ele_trigger=2.10973, fakephoton_ele=6.98928, fakephoton_muon=-0.47125, interference=-1.82601, lumi=1.08164, mu_efficiency=-1.28373, mu_trigger=-0.01917, non_prompt_stat_ele=6.87402, non_prompt_stat_muon=-0.563145, others_stat_ele=3.29603, others_stat_muon=0.649382, others_xs=1.69401, param=0.744428, pdf_ele=2.48607, pdf_muon=0.0138406, photon_id=3.6993, pileup=0.156999, scale_ele=6.87675, scale_muon=-0.423859
RooProdPdf::model_s[ modelObs_s * nuisancePdf ]
     getLogVal() top-level p.d.f evaluates to zero @ !pdfs=(modelObs_s = 0/1,nuisancePdf = 1)

[#0] WARNING:Minization -- RooMinimizerFcn: Minimized function has error status.
Returning maximum FCN so far (889.364) to force MIGRAD to back out of this region. Error log follows
Parameter values: JER_ele=-0.220811, JER_muon=-0.116237, JES_ele=2.99497, JES_muon=-2.20916, QCD_stat_ele=6.81006, QCD_stat_muon=0.698793, VBS_stat_ele=2.12337, VBS_stat_muon=0.752879, ele_efficiency=1.23742, ele_trigger=1.96482, fakephoton_ele=6.99581, fakephoton_muon=-0.48017, interference=-1.85217, lumi=0.999554, mu_efficiency=-1.28934, mu_trigger=-0.042624, non_prompt_stat_ele=6.98107, non_prompt_stat_muon=-0.584303, others_stat_ele=3.10225, others_stat_muon=0.615599, others_xs=1.58601, param=0.760608, pdf_ele=2.25128, pdf_muon=-0.0250881, photon_id=3.47547, pileup=0.148144, scale_ele=6.73933, scale_muon=-0.503697
RooProdPdf::model_s[ modelObs_s * nuisancePdf ]
     getLogVal() top-level p.d.f evaluates to zero @ !pdfs=(modelObs_s = 0/1,nuisancePdf = 1)

[#0] WARNING:Minization -- RooMinimizerFcn: Minimized function has error status.
Returning maximum FCN so far (889.364) to force MIGRAD to back out of this region. Error log follows
Parameter values: JER_ele=-0.077965, JER_muon=-0.0926472, JES_ele=3.25569, JES_muon=-2.17619, QCD_stat_ele=6.96299, QCD_stat_muon=0.837997, VBS_stat_ele=2.28602, VBS_stat_muon=0.762749, ele_efficiency=1.29612, ele_trigger=2.17581, fakephoton_ele=6.96728, fakephoton_muon=-0.468032, interference=-1.82897, lumi=1.1165, mu_efficiency=-1.28776, mu_trigger=-0.00580805, non_prompt_stat_ele=6.79465, non_prompt_stat_muon=-0.548365, others_stat_ele=3.38888, others_stat_muon=0.680069, others_xs=1.75303, param=0.678314, pdf_ele=2.58735, pdf_muon=0.0326431, photon_id=3.80644, pileup=0.161492, scale_ele=6.92455, scale_muon=-0.359744
RooProdPdf::model_s[ modelObs_s * nuisancePdf ]
     getLogVal() top-level p.d.f evaluates to zero @ !pdfs=(modelObs_s = 0/1,nuisancePdf = 1)

[#0] WARNING:Minization -- RooMinimizerFcn: Minimized function has error status.
Returning maximum FCN so far (889.364) to force MIGRAD to back out of this region. Error log follows
Parameter values: JER_ele=-0.462015, JER_muon=-0.157833, JES_ele=2.58301, JES_muon=-2.26897, QCD_stat_ele=6.3491, QCD_stat_muon=0.532987, VBS_stat_ele=1.81767, VBS_stat_muon=0.689461, ele_efficiency=1.15243, ele_trigger=1.62956, fakephoton_ele=6.79833, fakephoton_muon=-0.500645, interference=-1.9182, lumi=0.807982, mu_efficiency=-1.30356, mu_trigger=-0.0978045, non_prompt_stat_ele=6.86958, non_prompt_stat_muon=-0.631987, others_stat_ele=2.64941, others_stat_muon=0.539842, others_xs=1.33901, param=0.87063, pdf_ele=1.70151, pdf_muon=-0.118539, photon_id=2.94353, pileup=0.127825, scale_ele=6.24202, scale_muon=-0.683333
RooProdPdf::model_s[ modelObs_s * nuisancePdf ]
     getLogVal() top-level p.d.f evaluates to zero @ !pdfs=(modelObs_s = 0/1,nuisancePdf = 1)

[#0] WARNING:Minization -- RooMinimizerFcn: Minimized function has error status.
Returning maximum FCN so far (889.364) to force MIGRAD to back out of this region. Error log follows
Parameter values: JER_ele=-0.0343423, JER_muon=-0.0876276, JES_ele=3.31056, JES_muon=-2.1635, QCD_stat_ele=6.98013, QCD_stat_muon=0.833294, VBS_stat_ele=2.34221, VBS_stat_muon=0.777709, ele_efficiency=1.30421, ele_trigger=2.22397, fakephoton_ele=6.94533, fakephoton_muon=-0.463852, interference=-1.8082, lumi=1.14468, mu_efficiency=-1.2794, mu_trigger=-0.00125953, non_prompt_stat_ele=6.72798, non_prompt_stat_muon=-0.545652, others_stat_ele=3.44888, others_stat_muon=0.677351, others_xs=1.78067, param=0.880201, pdf_ele=2.66922, pdf_muon=0.0422935, photon_id=3.87233, pileup=0.163985, scale_ele=6.95014, scale_muon=-0.358088
RooProdPdf::model_s[ modelObs_s * nuisancePdf ]
     getLogVal() top-level p.d.f evaluates to zero @ !pdfs=(modelObs_s = 0/1,nuisancePdf = 1)

[#0] WARNING:Minization -- RooMinimizerFcn: Minimized function has error status.
Returning maximum FCN so far (889.364) to force MIGRAD to back out of this region. Error log follows
Parameter values: JER_ele=-0.39269, JER_muon=-0.14635, JES_ele=2.70147, JES_muon=-2.2505, QCD_stat_ele=6.50804, QCD_stat_muon=0.580551, VBS_stat_ele=1.90265, VBS_stat_muon=0.704069, ele_efficiency=1.17629, ele_trigger=1.7255, fakephoton_ele=6.88338, fakephoton_muon=-0.494493, interference=-1.899, lumi=0.862058, mu_efficiency=-1.29885, mu_trigger=-0.082194, non_prompt_stat_ele=6.95083, non_prompt_stat_muon=-0.61825, others_stat_ele=2.7801, others_stat_muon=0.561493, others_xs=1.40968, param=0.845164, pdf_ele=1.85959, pdf_muon=-0.0924208, photon_id=3.09702, pileup=0.133583, scale_ele=6.40914, scale_muon=-0.632061
RooProdPdf::model_s[ modelObs_s * nuisancePdf ]
     getLogVal() top-level p.d.f evaluates to zero @ !pdfs=(modelObs_s = 0/1,nuisancePdf = 1)

[#0] WARNING:Minization -- RooMinimizerFcn: Minimized function has error status.
Returning maximum FCN so far (889.364) to force MIGRAD to back out of this region. Error log follows
Parameter values: JER_ele=-0.104512, JER_muon=-0.0989734, JES_ele=3.19364, JES_muon=-2.18038, QCD_stat_ele=6.93687, QCD_stat_muon=0.784268, VBS_stat_ele=2.25683, VBS_stat_muon=0.763786, ele_efficiency=1.27923, ele_trigger=2.12731, fakephoton_ele=6.98545, fakephoton_muon=-0.469822, interference=-1.82581, lumi=1.08965, mu_efficiency=-1.28319, mu_trigger=-0.0169408, non_prompt_stat_ele=6.85875, non_prompt_stat_muon=-0.559777, others_stat_ele=3.32091, others_stat_muon=0.654853, others_xs=1.70855, param=0.847621, pdf_ele=2.51356, pdf_muon=0.0162376, photon_id=3.72543, pileup=0.158045, scale_ele=6.8906, scale_muon=-0.411359
RooProdPdf::model_s[ modelObs_s * nuisancePdf ]
     getLogVal() top-level p.d.f evaluates to zero @ !pdfs=(modelObs_s = 0/1,nuisancePdf = 1)

[#0] WARNING:Minization -- RooMinimizerFcn: Minimized function has error status.
Returning maximum FCN so far (889.364) to force MIGRAD to back out of this region. Error log follows
Parameter values: JER_ele=-0.345168, JER_muon=-0.138371, JES_ele=2.78387, JES_muon=-2.23879, QCD_stat_ele=6.60605, QCD_stat_muon=0.614545, VBS_stat_ele=1.96147, VBS_stat_muon=0.714445, ele_efficiency=1.19328, ele_trigger=1.79225, fakephoton_ele=6.92917, fakephoton_muon=-0.49038, interference=-1.88674, lumi=0.89983, mu_efficiency=-1.29622, mu_trigger=-0.0712564, non_prompt_stat_ele=6.98457, non_prompt_stat_muon=-0.608508, others_stat_ele=2.87086, others_stat_muon=0.577054, others_xs=1.45926, param=0.819689, pdf_ele=1.9689, pdf_muon=-0.0741585, photon_id=3.20336, pileup=0.137627, scale_ele=6.51417, scale_muon=-0.595274
RooProdPdf::model_s[ modelObs_s * nuisancePdf ]
     getLogVal() top-level p.d.f evaluates to zero @ !pdfs=(modelObs_s = 0/1,nuisancePdf = 1)

[#0] WARNING:Minization -- RooMinimizerFcn: Minimized function has error status.
Returning maximum FCN so far (889.364) to force MIGRAD to back out of this region. Error log follows
Parameter values: JER_ele=-0.148206, JER_muon=-0.105957, JES_ele=3.1202, JES_muon=-2.19082, QCD_stat_ele=6.89767, QCD_stat_muon=0.753876, VBS_stat_ele=2.20344, VBS_stat_muon=0.75533, ele_efficiency=1.26363, ele_trigger=2.06684, fakephoton_ele=6.99753, fakephoton_muon=-0.473504, interference=-1.83668, lumi=1.0554, mu_efficiency=-1.2855, mu_trigger=-0.026617, non_prompt_stat_ele=6.91917, non_prompt_stat_muon=-0.568516, others_stat_ele=3.24041, others_stat_muon=0.640901, others_xs=1.66354, param=0.817338, pdf_ele=2.41585, pdf_muon=0.000181884, photon_id=3.63283, pileup=0.154347, scale_ele=6.84192, scale_muon=-0.444312
RooProdPdf::model_s[ modelObs_s * nuisancePdf ]
     getLogVal() top-level p.d.f evaluates to zero @ !pdfs=(modelObs_s = 0/1,nuisancePdf = 1)

[#0] WARNING:Minization -- RooMinimizerFcn: Minimized function has error status.
Returning maximum FCN so far (889.364) to force MIGRAD to back out of this region. Error log follows
Parameter values: JER_ele=-0.326587, JER_muon=-0.135009, JES_ele=2.81575, JES_muon=-2.23412, QCD_stat_ele=6.64116, QCD_stat_muon=0.627702, VBS_stat_ele=1.98507, VBS_stat_muon=0.719845, ele_efficiency=1.19988, ele_trigger=1.81817, fakephoton_ele=6.94353, fakephoton_muon=-0.488767, interference=-1.88153, lumi=0.914823, mu_efficiency=-1.29512, mu_trigger=-0.0668285, non_prompt_stat_ele=6.99234, non_prompt_stat_muon=-0.604719, others_stat_ele=2.90597, others_stat_muon=0.583068, others_xs=1.4785, param=0.841116, pdf_ele=2.01133, pdf_muon=-0.066618, photon_id=3.24471, pileup=0.139208, scale_ele=6.55224, scale_muon=-0.580942
RooProdPdf::model_s[ modelObs_s * nuisancePdf ]
     getLogVal() top-level p.d.f evaluates to zero @ !pdfs=(modelObs_s = 0/1,nuisancePdf = 1)

[#0] WARNING:Minization -- RooMinimizerFcn: Minimized function has error status.
Returning maximum FCN so far (889.364) to force MIGRAD to back out of this region. Error log follows
Parameter values: JER_ele=-0.111673, JER_muon=-0.0994151, JES_ele=3.20205, JES_muon=-2.18335, QCD_stat_ele=6.94102, QCD_stat_muon=0.820083, VBS_stat_ele=2.23626, VBS_stat_muon=0.743869, ele_efficiency=1.28459, ele_trigger=2.1308, fakephoton_ele=6.98465, fakephoton_muon=-0.470344, interference=-1.84045, lumi=1.08905, mu_efficiency=-1.28973, mu_trigger=-0.0132957, non_prompt_stat_ele=6.85682, non_prompt_stat_muon=-0.553688, others_stat_ele=3.33092, others_stat_muon=0.671895, others_xs=1.72145, param=0.807754, pdf_ele=2.51369, pdf_muon=0.0187895, photon_id=3.73774, pileup=0.158726, scale_ele=6.89521, scale_muon=-0.379717
RooProdPdf::model_s[ modelObs_s * nuisancePdf ]
     getLogVal() top-level p.d.f evaluates to zero @ !pdfs=(modelObs_s = 0/1,nuisancePdf = 1)

[#0] WARNING:Minization -- RooMinimizerFcn: Minimized function has error status.
Returning maximum FCN so far (889.364) to force MIGRAD to back out of this region. Error log follows
Parameter values: JER_ele=-0.535107, JER_muon=-0.171067, JES_ele=2.45575, JES_muon=-2.28571, QCD_stat_ele=6.15767, QCD_stat_muon=0.484361, VBS_stat_ele=1.719, VBS_stat_muon=0.664077, ele_efficiency=1.12623, ele_trigger=1.52675, fakephoton_ele=6.67634, fakephoton_muon=-0.506376, interference=-1.93887, lumi=0.748791, mu_efficiency=-1.30735, mu_trigger=-0.114541, non_prompt_stat_ele=6.73199, non_prompt_stat_muon=-0.645809, others_stat_ele=2.5097, others_stat_muon=0.517616, others_xs=1.2643, param=0.942301, pdf_ele=1.53158, pdf_muon=-0.147528, photon_id=2.77713, pileup=0.121627, scale_ele=6.04289, scale_muon=-0.735771
RooProdPdf::model_s[ modelObs_s * nuisancePdf ]
     getLogVal() top-level p.d.f evaluates to zero @ !pdfs=(modelObs_s = 0/1,nuisancePdf = 1)

[#0] WARNING:Minization -- RooMinimizerFcn: Minimized function has error status.
Returning maximum FCN so far (889.364) to force MIGRAD to back out of this region. Error log follows
Parameter values: JER_ele=-0.112438, JER_muon=-0.101757, JES_ele=3.18218, JES_muon=-2.18175, QCD_stat_ele=6.93135, QCD_stat_muon=0.781706, VBS_stat_ele=2.23942, VBS_stat_muon=0.75111, ele_efficiency=1.2766, ele_trigger=2.11731, fakephoton_ele=6.98871, fakephoton_muon=-0.470111, interference=-1.83034, lumi=1.08211, mu_efficiency=-1.28366, mu_trigger=-0.0191743, non_prompt_stat_ele=6.87298, non_prompt_stat_muon=-0.560541, others_stat_ele=3.30897, others_stat_muon=0.653701, others_xs=1.70235, param=0.953683, pdf_ele=2.49667, pdf_muon=0.0113203, photon_id=3.70936, pileup=0.157398, scale_ele=6.88369, scale_muon=-0.414464
RooProdPdf::model_s[ modelObs_s * nuisancePdf ]
     getLogVal() top-level p.d.f evaluates to zero @ !pdfs=(modelObs_s = 0/1,nuisancePdf = 1)

[#0] WARNING:Minization -- RooMinimizerFcn: Minimized function has error status.
Returning maximum FCN so far (889.364) to force MIGRAD to back out of this region. Error log follows
Parameter values: JER_ele=-0.457779, JER_muon=-0.158363, JES_ele=2.5898, JES_muon=-2.26566, QCD_stat_ele=6.35962, QCD_stat_muon=0.537795, VBS_stat_ele=1.81431, VBS_stat_muon=0.680242, ele_efficiency=1.15322, ele_trigger=1.63477, fakephoton_ele=6.79883, fakephoton_muon=-0.499664, interference=-1.91787, lumi=0.809383, mu_efficiency=-1.30244, mu_trigger=-0.0972107, non_prompt_stat_ele=6.86913, non_prompt_stat_muon=-0.63052, others_stat_ele=2.65776, others_stat_muon=0.541968, others_xs=1.34386, param=0.916867, pdf_ele=1.70981, pdf_muon=-0.118564, photon_id=2.95122, pileup=0.128092, scale_ele=6.25245, scale_muon=-0.678491
RooProdPdf::model_s[ modelObs_s * nuisancePdf ]
     getLogVal() top-level p.d.f evaluates to zero @ !pdfs=(modelObs_s = 0/1,nuisancePdf = 1)

[#0] WARNING:Minization -- RooMinimizerFcn: Minimized function has error status.
Returning maximum FCN so far (889.364) to force MIGRAD to back out of this region. Error log follows
Parameter values: JER_ele=-0.163602, JER_muon=-0.109954, JES_ele=3.09619, JES_muon=-2.19402, QCD_stat_ele=6.88289, QCD_stat_muon=0.746225, VBS_stat_ele=2.17696, VBS_stat_muon=0.741117, ele_efficiency=1.2584, ele_trigger=2.04656, fakephoton_ele=6.99946, fakephoton_muon=-0.474436, interference=-1.84318, lumi=1.04202, mu_efficiency=-1.28643, mu_trigger=-0.030507, non_prompt_stat_ele=6.93788, non_prompt_stat_muon=-0.570743, others_stat_ele=3.21471, others_stat_muon=0.637432, others_xs=1.64973, param=0.92113, pdf_ele=2.38218, pdf_muon=-0.00750444, photon_id=3.6008, pileup=0.153076, scale_ele=6.8243, scale_muon=-0.452925
RooProdPdf::model_s[ modelObs_s * nuisancePdf ]
     getLogVal() top-level p.d.f evaluates to zero @ !pdfs=(modelObs_s = 0/1,nuisancePdf = 1)

[#0] WARNING:Minization -- RooMinimizerFcn: Minimized function has error status.
Returning maximum FCN so far (889.364) to force MIGRAD to back out of this region. Error log follows
Parameter values: JER_ele=-0.416159, JER_muon=-0.151333, JES_ele=2.66254, JES_muon=-2.25536, QCD_stat_ele=6.45837, QCD_stat_muon=0.567777, VBS_stat_ele=1.86598, VBS_stat_muon=0.689366, ele_efficiency=1.16812, ele_trigger=1.69346, fakephoton_ele=6.85355, fakephoton_muon=-0.496037, interference=-1.90712, lumi=0.842535, mu_efficiency=-1.30013, mu_trigger=-0.0875717, non_prompt_stat_ele=6.92352, non_prompt_stat_muon=-0.621934, others_stat_ele=2.73797, others_stat_muon=0.55568, others_xs=1.38744, param=0.890347, pdf_ele=1.8062, pdf_muon=-0.102471, photon_id=3.04559, pileup=0.131638, scale_ele=6.3565, scale_muon=-0.646085
RooProdPdf::model_s[ modelObs_s * nuisancePdf ]
     getLogVal() top-level p.d.f evaluates to zero @ !pdfs=(modelObs_s = 0/1,nuisancePdf = 1)

[#0] WARNING:Minization -- RooMinimizerFcn: Minimized function has error status.
Returning maximum FCN so far (889.364) to force MIGRAD to back out of this region. Error log follows
Parameter values: JER_ele=-0.197924, JER_muon=-0.115398, JES_ele=3.03806, JES_muon=-2.20216, QCD_stat_ele=6.84317, QCD_stat_muon=0.722462, VBS_stat_ele=2.13489, VBS_stat_muon=0.734572, ele_efficiency=1.24614, ele_trigger=1.99888, fakephoton_ele=6.99893, fakephoton_muon=-0.47731, interference=-1.85167, lumi=1.01512, mu_efficiency=-1.28823, mu_trigger=-0.0380581, non_prompt_stat_ele=6.96874, non_prompt_stat_muon=-0.577569, others_stat_ele=3.15096, others_stat_muon=0.626524, others_xs=1.61432, param=0.890224, pdf_ele=2.30487, pdf_muon=-0.0200263, photon_id=3.52723, pileup=0.150172, scale_ele=6.77762, scale_muon=-0.478663
RooProdPdf::model_s[ modelObs_s * nuisancePdf ]
     getLogVal() top-level p.d.f evaluates to zero @ !pdfs=(modelObs_s = 0/1,nuisancePdf = 1)

[#0] WARNING:Minization -- RooMinimizerFcn: Minimized function has error status.
Returning maximum FCN so far (889.364) to force MIGRAD to back out of this region. Error log follows
Parameter values: JER_ele=-0.402613, JER_muon=-0.14876, JES_ele=2.68578, JES_muon=-2.25189, QCD_stat_ele=6.4882, QCD_stat_muon=0.577193, VBS_stat_ele=1.88365, VBS_stat_muon=0.694019, ele_efficiency=1.17287, ele_trigger=1.71232, fakephoton_ele=6.86861, fakephoton_muon=-0.494851, interference=-1.90307, lumi=0.853572, mu_efficiency=-1.29926, mu_trigger=-0.0842789, non_prompt_stat_ele=6.93719, non_prompt_stat_muon=-0.619196, others_stat_ele=2.76361, others_stat_muon=0.559972, others_xs=1.40135, param=0.930703, pdf_ele=1.83721, pdf_muon=-0.0967828, photon_id=3.07604, pileup=0.132786, scale_ele=6.38821, scale_muon=-0.635774
RooProdPdf::model_s[ modelObs_s * nuisancePdf ]
     getLogVal() top-level p.d.f evaluates to zero @ !pdfs=(modelObs_s = 0/1,nuisancePdf = 1)

[#0] WARNING:Minization -- RooMinimizerFcn: Minimized function has error status.
Returning maximum FCN so far (889.364) to force MIGRAD to back out of this region. Error log follows
Parameter values: JER_ele=-0.157904, JER_muon=-0.10797, JES_ele=3.1267, JES_muon=-2.19343, QCD_stat_ele=6.90183, QCD_stat_muon=0.793176, VBS_stat_ele=2.17203, VBS_stat_muon=0.723906, ele_efficiency=1.26849, ele_trigger=2.06812, fakephoton_ele=6.99782, fakephoton_muon=-0.473718, interference=-1.85465, lumi=1.05189, mu_efficiency=-1.29229, mu_trigger=-0.023462, non_prompt_stat_ele=6.923, non_prompt_stat_muon=-0.561575, others_stat_ele=3.24911, others_stat_muon=0.659567, others_xs=1.67663, param=0.969294, pdf_ele=2.41138, pdf_muon=0.000638996, photon_id=3.64173, pileup=0.154892, scale_ele=6.84618, scale_muon=-0.409421
RooProdPdf::model_s[ modelObs_s * nuisancePdf ]
     getLogVal() top-level p.d.f evaluates to zero @ !pdfs=(modelObs_s = 0/1,nuisancePdf = 1)

[#0] WARNING:Minization -- RooMinimizerFcn: Minimized function has error status.
Returning maximum FCN so far (889.364) to force MIGRAD to back out of this region. Error log follows
Parameter values: JER_ele=-0.580463, JER_muon=-0.179553, JES_ele=2.37625, JES_muon=-2.29566, QCD_stat_ele=6.02736, QCD_stat_muon=0.454758, VBS_stat_ele=1.65561, VBS_stat_muon=0.64578, ele_efficiency=1.10981, ele_trigger=1.46267, fakephoton_ele=6.58469, fakephoton_muon=-0.509722, interference=-1.95205, lumi=0.711636, mu_efficiency=-1.3095, mu_trigger=-0.124946, non_prompt_stat_ele=6.61975, non_prompt_stat_muon=-0.654102, others_stat_ele=2.42259, others_stat_muon=0.504072, others_xs=1.21808, param=1.01434, pdf_ele=1.42534, pdf_muon=-0.165809, photon_id=2.67265, pileup=0.117765, scale_ele=5.90857, scale_muon=-0.767523
RooProdPdf::model_s[ modelObs_s * nuisancePdf ]
     getLogVal() top-level p.d.f evaluates to zero @ !pdfs=(modelObs_s = 0/1,nuisancePdf = 1)

[#0] WARNING:Minization -- RooMinimizerFcn: Minimized function has error status.
Returning maximum FCN so far (889.364) to force MIGRAD to back out of this region. Error log follows
Parameter values: JER_ele=-0.169171, JER_muon=-0.112213, JES_ele=3.08842, JES_muon=-2.19477, QCD_stat_ele=6.87793, QCD_stat_muon=0.745214, VBS_stat_ele=2.16288, VBS_stat_muon=0.729847, ele_efficiency=1.25659, ele_trigger=2.03968, fakephoton_ele=6.99984, fakephoton_muon=-0.474562, interference=-1.84682, lumi=1.0364, mu_efficiency=-1.28675, mu_trigger=-0.032158, non_prompt_stat_ele=6.94484, non_prompt_stat_muon=-0.571108, others_stat_ele=3.2068, others_stat_muon=0.636972, others_xs=1.6458, param=1.02732, pdf_ele=2.37035, pdf_muon=-0.011351, photon_id=3.58948, pileup=0.152626, scale_ele=6.81851, scale_muon=-0.454468
RooProdPdf::model_s[ modelObs_s * nuisancePdf ]
     getLogVal() top-level p.d.f evaluates to zero @ !pdfs=(modelObs_s = 0/1,nuisancePdf = 1)

[#0] WARNING:Minization -- RooMinimizerFcn: Minimized function has error status.
Returning maximum FCN so far (889.364) to force MIGRAD to back out of this region. Error log follows
Parameter values: JER_ele=-0.51688, JER_muon=-0.169227, JES_ele=2.48765, JES_muon=-2.27937, QCD_stat_ele=6.20878, QCD_stat_muon=0.49914, VBS_stat_ele=1.73382, VBS_stat_muon=0.658657, ele_efficiency=1.13225, ele_trigger=1.55208, fakephoton_ele=6.70242, fakephoton_muon=-0.504335, interference=-1.93499, lumi=0.761514, mu_efficiency=-1.3057, mu_trigger=-0.110787, non_prompt_stat_ele=6.76121, non_prompt_stat_muon=-0.641601, others_stat_ele=2.54578, others_stat_muon=0.524315, others_xs=1.284, param=0.98712, pdf_ele=1.57298, pdf_muon=-0.142203, photon_id=2.81748, pileup=0.123106, scale_ele=6.09508, scale_muon=-0.720421
RooProdPdf::model_s[ modelObs_s * nuisancePdf ]
     getLogVal() top-level p.d.f evaluates to zero @ !pdfs=(modelObs_s = 0/1,nuisancePdf = 1)

[#0] WARNING:Minization -- RooMinimizerFcn: Minimized function has error status.
Returning maximum FCN so far (889.364) to force MIGRAD to back out of this region. Error log follows
Parameter values: JER_ele=-0.206484, JER_muon=-0.118125, JES_ele=3.02533, JES_muon=-2.20373, QCD_stat_ele=6.83372, QCD_stat_muon=0.719398, VBS_stat_ele=2.11736, VBS_stat_muon=0.72278, ele_efficiency=1.24331, ele_trigger=1.98794, fakephoton_ele=6.99771, fakephoton_muon=-0.477683, interference=-1.85619, lumi=1.00724, mu_efficiency=-1.28877, mu_trigger=-0.0403463, non_prompt_stat_ele=6.97559, non_prompt_stat_muon=-0.578474, others_stat_ele=3.13756, others_stat_muon=0.625148, others_xs=1.60739, param=0.99415, pdf_ele=2.28636, pdf_muon=-0.0249349, photon_id=3.50959, pileup=0.149479, scale_ele=6.76686, scale_muon=-0.48227
RooProdPdf::model_s[ modelObs_s * nuisancePdf ]
     getLogVal() top-level p.d.f evaluates to zero @ !pdfs=(modelObs_s = 0/1,nuisancePdf = 1)

[#0] WARNING:Minization -- RooMinimizerFcn: Minimized function has error status.
Returning maximum FCN so far (889.364) to force MIGRAD to back out of this region. Error log follows
Parameter values: JER_ele=-0.476527, JER_muon=-0.162384, JES_ele=2.55865, JES_muon=-2.26933, QCD_stat_ele=6.31529, QCD_stat_muon=0.528368, VBS_stat_ele=1.78405, VBS_stat_muon=0.667504, ele_efficiency=1.14671, ele_trigger=1.60917, fakephoton_ele=6.76775, fakephoton_muon=-0.500799, interference=-1.92456, lumi=0.793703, mu_efficiency=-1.30343, mu_trigger=-0.101399, non_prompt_stat_ele=6.83486, non_prompt_stat_muon=-0.633238, others_stat_ele=2.62413, others_stat_muon=0.537673, others_xs=1.32636, param=0.959282, pdf_ele=1.66694, pdf_muon=-0.126534, photon_id=2.90995, pileup=0.126547, scale_ele=6.20598, scale_muon=-0.688873
RooProdPdf::model_s[ modelObs_s * nuisancePdf ]
     getLogVal() top-level p.d.f evaluates to zero @ !pdfs=(modelObs_s = 0/1,nuisancePdf = 1)

[#0] WARNING:Minization -- RooMinimizerFcn: Minimized function has error status.
Returning maximum FCN so far (889.364) to force MIGRAD to back out of this region. Error log follows
Parameter values: JER_ele=-0.232533, JER_muon=-0.122192, JES_ele=2.98096, JES_muon=-2.20982, QCD_stat_ele=6.7988, QCD_stat_muon=0.701557, VBS_stat_ele=2.08536, VBS_stat_muon=0.717953, ele_efficiency=1.23399, ele_trigger=1.95165, fakephoton_ele=6.99178, fakephoton_muon=-0.479836, interference=-1.86257, lumi=0.986854, mu_efficiency=-1.29011, mu_trigger=-0.0459989, non_prompt_stat_ele=6.98986, non_prompt_stat_muon=-0.583592, others_stat_ele=3.08889, others_stat_muon=0.616954, others_xs=1.58052, param=0.962125, pdf_ele=2.22737, pdf_muon=-0.0342977, photon_id=3.45339, pileup=0.147277, scale_ele=6.7269, scale_muon=-0.501576
RooProdPdf::model_s[ modelObs_s * nuisancePdf ]
     getLogVal() top-level p.d.f evaluates to zero @ !pdfs=(modelObs_s = 0/1,nuisancePdf = 1)

[#0] WARNING:Minization -- RooMinimizerFcn: Minimized function has error status.
Returning maximum FCN so far (889.364) to force MIGRAD to back out of this region. Error log follows
Parameter values: JER_ele=-0.492594, JER_muon=-0.164437, JES_ele=2.52922, JES_muon=-2.27307, QCD_stat_ele=6.2716, QCD_stat_muon=0.515305, VBS_stat_ele=1.76649, VBS_stat_muon=0.668309, ele_efficiency=1.1406, ele_trigger=1.58573, fakephoton_ele=6.73952, fakephoton_muon=-0.502196, interference=-1.92722, lumi=0.781421, mu_efficiency=-1.30399, mu_trigger=-0.104848, non_prompt_stat_ele=6.80317, non_prompt_stat_muon=-0.636815, others_stat_ele=2.59172, others_stat_muon=0.531655, others_xs=1.30859, param=1.12889, pdf_ele=1.62865, pdf_muon=-0.131782, photon_id=2.87247, pileup=0.125143, scale_ele=6.16062, scale_muon=-0.702578
RooProdPdf::model_s[ modelObs_s * nuisancePdf ]
     getLogVal() top-level p.d.f evaluates to zero @ !pdfs=(modelObs_s = 0/1,nuisancePdf = 1)

[#0] WARNING:Minization -- RooMinimizerFcn: Minimized function has error status.
Returning maximum FCN so far (889.364) to force MIGRAD to back out of this region. Error log follows
Parameter values: JER_ele=-0.0922581, JER_muon=-0.0985945, JES_ele=3.23784, JES_muon=-2.17613, QCD_stat_ele=6.95632, QCD_stat_muon=0.842522, VBS_stat_ele=2.24359, VBS_stat_muon=0.725812, ele_efficiency=1.29171, ele_trigger=2.15927, fakephoton_ele=6.97833, fakephoton_muon=-0.467425, interference=-1.84011, lumi=1.10208, mu_efficiency=-1.28833, mu_trigger=-0.00885891, non_prompt_stat_ele=6.83547, non_prompt_stat_muon=-0.547138, others_stat_ele=3.37169, others_stat_muon=0.682206, others_xs=1.74599, param=1.16327, pdf_ele=2.55793, pdf_muon=0.0237139, photon_id=3.78082, pileup=0.16045, scale_ele=6.91555, scale_muon=-0.355638
RooProdPdf::model_s[ modelObs_s * nuisancePdf ]
     getLogVal() top-level p.d.f evaluates to zero @ !pdfs=(modelObs_s = 0/1,nuisancePdf = 1)

[#0] WARNING:Minization -- RooMinimizerFcn: Minimized function has error status.
Returning maximum FCN so far (889.364) to force MIGRAD to back out of this region. Error log follows
Parameter values: JER_ele=-0.645029, JER_muon=-0.190902, JES_ele=2.26171, JES_muon=-2.31011, QCD_stat_ele=5.82582, QCD_stat_muon=0.411651, VBS_stat_ele=1.56882, VBS_stat_muon=0.624966, ele_efficiency=1.08642, ele_trigger=1.37084, fakephoton_ele=6.43632, fakephoton_muon=-0.514712, interference=-1.96972, lumi=0.65936, mu_efficiency=-1.31263, mu_trigger=-0.139498, non_prompt_stat_ele=6.42937, non_prompt_stat_muon=-0.66628, others_stat_ele=2.29671, others_stat_muon=0.484352, others_xs=1.15143, param=1.07872, pdf_ele=1.27317, pdf_muon=-0.190855, photon_id=2.52258, pileup=0.112267, scale_ele=5.70184, scale_muon=-0.813787
RooProdPdf::model_s[ modelObs_s * nuisancePdf ]
     getLogVal() top-level p.d.f evaluates to zero @ !pdfs=(modelObs_s = 0/1,nuisancePdf = 1)

[#0] WARNING:Minization -- RooMinimizerFcn: Minimized function has error status.
Returning maximum FCN so far (889.364) to force MIGRAD to back out of this region. Error log follows
Parameter values: JER_ele=-0.256218, JER_muon=-0.12761, JES_ele=2.94223, JES_muon=-2.21538, QCD_stat_ele=6.76552, QCD_stat_muon=0.686698, VBS_stat_ele=2.0496, VBS_stat_muon=0.703209, ele_efficiency=1.22576, ele_trigger=1.91952, fakephoton_ele=6.98343, fakephoton_muon=-0.481701, interference=-1.87082, lumi=0.966828, mu_efficiency=-1.29156, mu_trigger=-0.052089, non_prompt_stat_ele=6.99741, non_prompt_stat_muon=-0.588003, others_stat_ele=3.04688, others_stat_muon=0.610146, others_xs=1.55755, param=1.09242, pdf_ele=2.17443, pdf_muon=-0.0454809, photon_id=3.40204, pileup=0.145278, scale_ele=6.68982, scale_muon=-0.518349
RooProdPdf::model_s[ modelObs_s * nuisancePdf ]
     getLogVal() top-level p.d.f evaluates to zero @ !pdfs=(modelObs_s = 0/1,nuisancePdf = 1)

[#0] WARNING:Minization -- RooMinimizerFcn: Minimized function has error status.
Returning maximum FCN so far (889.364) to force MIGRAD to back out of this region. Error log follows
Parameter values: JER_ele=-0.504376, JER_muon=-0.168025, JES_ele=2.51121, JES_muon=-2.2755, QCD_stat_ele=6.24533, QCD_stat_muon=0.511598, VBS_stat_ele=1.74321, VBS_stat_muon=0.653078, ele_efficiency=1.13691, ele_trigger=1.57057, fakephoton_ele=6.72038, fakephoton_muon=-0.502812, interference=-1.93365, lumi=0.770665, mu_efficiency=-1.30498, mu_trigger=-0.107881, non_prompt_stat_ele=6.78086, non_prompt_stat_muon=-0.638026, others_stat_ele=2.57244, others_stat_muon=0.53005, others_xs=1.299, param=1.05559, pdf_ele=1.6027, pdf_muon=-0.138292, photon_id=2.84731, pileup=0.124213, scale_ele=6.13275, scale_muon=-0.707124
RooProdPdf::model_s[ modelObs_s * nuisancePdf ]
     getLogVal() top-level p.d.f evaluates to zero @ !pdfs=(modelObs_s = 0/1,nuisancePdf = 1)

[#0] WARNING:Minization -- RooMinimizerFcn: Minimized function has error status.
Returning maximum FCN so far (889.364) to force MIGRAD to back out of this region. Error log follows
Parameter values: JER_ele=-0.267058, JER_muon=-0.128877, JES_ele=2.92358, JES_muon=-2.21752, QCD_stat_ele=6.74896, QCD_stat_muon=0.680509, VBS_stat_ele=2.03661, VBS_stat_muon=0.702105, ele_efficiency=1.22185, ele_trigger=1.90435, fakephoton_ele=6.97812, fakephoton_muon=-0.482384, interference=-1.87331, lumi=0.958695, mu_efficiency=-1.29199, mu_trigger=-0.053907, non_prompt_stat_ele=6.99934, non_prompt_stat_muon=-0.589661, others_stat_ele=3.02643, others_stat_muon=0.607304, others_xs=1.5466, param=1.05875, pdf_ele=2.14967, pdf_muon=-0.0484365, photon_id=3.37909, pileup=0.144386, scale_ele=6.67104, scale_muon=-0.52468
RooProdPdf::model_s[ modelObs_s * nuisancePdf ]
     getLogVal() top-level p.d.f evaluates to zero @ !pdfs=(modelObs_s = 0/1,nuisancePdf = 1)

[#0] WARNING:Minization -- RooMinimizerFcn: Minimized function has error status.
Returning maximum FCN so far (889.364) to force MIGRAD to back out of this region. Error log follows
Parameter values: JER_ele=-0.465846, JER_muon=-0.161387, JES_ele=2.57889, JES_muon=-2.26574, QCD_stat_ele=6.34482, QCD_stat_muon=0.540021, VBS_stat_ele=1.79105, VBS_stat_muon=0.66162, ele_efficiency=1.1507, ele_trigger=1.62503, fakephoton_ele=6.7808, fakephoton_muon=-0.499377, interference=-1.9236, lumi=0.80145, mu_efficiency=-1.30278, mu_trigger=-0.0987714, non_prompt_stat_ele=6.8481, non_prompt_stat_muon=-0.629909, others_stat_ele=2.64714, others_stat_muon=0.543009, others_xs=1.33954, param=1.02538, pdf_ele=1.69229, pdf_muon=-0.123086, photon_id=2.9356, pileup=0.127505, scale_ele=6.23659, scale_muon=-0.676517
RooProdPdf::model_s[ modelObs_s * nuisancePdf ]
     getLogVal() top-level p.d.f evaluates to zero @ !pdfs=(modelObs_s = 0/1,nuisancePdf = 1)

[#0] WARNING:Minization -- RooMinimizerFcn: Minimized function has error status.
Returning maximum FCN so far (889.364) to force MIGRAD to back out of this region. Error log follows
Parameter values: JER_ele=-0.272055, JER_muon=-0.129422, JES_ele=2.91494, JES_muon=-2.21839, QCD_stat_ele=6.74108, QCD_stat_muon=0.677786, VBS_stat_ele=2.03042, VBS_stat_muon=0.701707, ele_efficiency=1.22003, ele_trigger=1.89731, fakephoton_ele=6.97528, fakephoton_muon=-0.482695, interference=-1.8743, lumi=0.954954, mu_efficiency=-1.29216, mu_trigger=-0.0547073, non_prompt_stat_ele=6.99982, non_prompt_stat_muon=-0.590425, others_stat_ele=3.017, others_stat_muon=0.606034, others_xs=1.54157, param=1.02554, pdf_ele=2.13818, pdf_muon=-0.0497185, photon_id=3.36849, pileup=0.143974, scale_ele=6.66216, scale_muon=-0.527576
RooProdPdf::model_s[ modelObs_s * nuisancePdf ]
     getLogVal() top-level p.d.f evaluates to zero @ !pdfs=(modelObs_s = 0/1,nuisancePdf = 1)

[#0] WARNING:Minization -- RooMinimizerFcn: Minimized function has error status.
Returning maximum FCN so far (889.364) to force MIGRAD to back out of this region. Error log follows
Parameter values: JER_ele=-0.405979, JER_muon=-0.150523, JES_ele=2.70648, JES_muon=-2.25218, QCD_stat_ele=6.51558, QCD_stat_muon=0.627878, VBS_stat_ele=1.85277, VBS_stat_muon=0.654259, ele_efficiency=1.18076, ele_trigger=1.72427, fakephoton_ele=6.87301, fakephoton_muon=-0.494059, interference=-1.92232, lumi=0.854572, mu_efficiency=-1.30613, mu_trigger=-0.0792141, non_prompt_stat_ele=6.93926, non_prompt_stat_muon=-0.609354, others_stat_ele=2.78871, others_stat_muon=0.583909, others_xs=1.42454, param=1.08809, pdf_ele=1.84895, pdf_muon=-0.0943645, photon_id=3.10288, pileup=0.134006, scale_ele=6.41523, scale_muon=-0.589477
RooProdPdf::model_s[ modelObs_s * nuisancePdf ]
     getLogVal() top-level p.d.f evaluates to zero @ !pdfs=(modelObs_s = 0/1,nuisancePdf = 1)

[#0] WARNING:Minization -- RooMinimizerFcn: Minimized function has error status.
Returning maximum FCN so far (889.364) to force MIGRAD to back out of this region. Error log follows
Parameter values: JER_ele=-0.574567, JER_muon=-0.178691, JES_ele=2.38587, JES_muon=-2.29004, QCD_stat_ele=6.04367, QCD_stat_muon=0.466313, VBS_stat_ele=1.65329, VBS_stat_muon=0.636742, ele_efficiency=1.11088, ele_trigger=1.47014, fakephoton_ele=6.58673, fakephoton_muon=-0.507558, interference=-1.95079, lumi=0.715086, mu_efficiency=-1.30749, mu_trigger=-0.122184, non_prompt_stat_ele=6.62015, non_prompt_stat_muon=-0.650301, others_stat_ele=2.43439, others_stat_muon=0.508862, others_xs=1.22597, param=1.28478, pdf_ele=1.4373, pdf_muon=-0.162322, photon_id=2.68639, pileup=0.118236, scale_ele=5.92585, scale_muon=-0.755087
RooProdPdf::model_s[ modelObs_s * nuisancePdf ]
     getLogVal() top-level p.d.f evaluates to zero @ !pdfs=(modelObs_s = 0/1,nuisancePdf = 1)

[#0] WARNING:Minization -- RooMinimizerFcn: Minimized function has error status.
Returning maximum FCN so far (889.364) to force MIGRAD to back out of this region. Error log follows
Parameter values: JER_ele=-0.237126, JER_muon=-0.125974, JES_ele=2.97623, JES_muon=-2.21086, QCD_stat_ele=6.7952, QCD_stat_muon=0.700436, VBS_stat_ele=2.06706, VBS_stat_muon=0.698587, ele_efficiency=1.23278, ele_trigger=1.94687, fakephoton_ele=6.98969, fakephoton_muon=-0.480031, interference=-1.86811, lumi=0.980675, mu_efficiency=-1.29075, mu_trigger=-0.0486351, non_prompt_stat_ele=6.99278, non_prompt_stat_muon=-0.584032, others_stat_ele=3.08479, others_stat_muon=0.616708, others_xs=1.57845, param=1.17416, pdf_ele=2.21826, pdf_muon=-0.0406315, photon_id=3.44355, pileup=0.146894, scale_ele=6.72272, scale_muon=-0.503267
RooProdPdf::model_s[ modelObs_s * nuisancePdf ]
     getLogVal() top-level p.d.f evaluates to zero @ !pdfs=(modelObs_s = 0/1,nuisancePdf = 1)

[#0] WARNING:Minization -- RooMinimizerFcn: Minimized function has error status.
Returning maximum FCN so far (889.364) to force MIGRAD to back out of this region. Error log follows
Parameter values: JER_ele=-0.569973, JER_muon=-0.179515, JES_ele=2.39658, JES_muon=-2.29065, QCD_stat_ele=6.06318, QCD_stat_muon=0.468466, VBS_stat_ele=1.65588, VBS_stat_muon=0.632389, ele_efficiency=1.11352, ele_trigger=1.4782, fakephoton_ele=6.59613, fakephoton_muon=-0.508009, interference=-1.95186, lumi=0.717911, mu_efficiency=-1.3085, mu_trigger=-0.122626, non_prompt_stat_ele=6.63113, non_prompt_stat_muon=-0.650371, others_stat_ele=2.44652, others_stat_muon=0.51029, others_xs=1.23196, param=1.12479, pdf_ele=1.44985, pdf_muon=-0.163649, photon_id=2.6976, pileup=0.118675, scale_ele=5.94406, scale_muon=-0.753837
RooProdPdf::model_s[ modelObs_s * nuisancePdf ]
     getLogVal() top-level p.d.f evaluates to zero @ !pdfs=(modelObs_s = 0/1,nuisancePdf = 1)

[#0] WARNING:Minization -- RooMinimizerFcn: Minimized function has error status.
Returning maximum FCN so far (889.364) to force MIGRAD to back out of this region. Error log follows
Parameter values: JER_ele=-0.239375, JER_muon=-0.125207, JES_ele=2.97232, JES_muon=-2.2101, QCD_stat_ele=6.79159, QCD_stat_muon=0.703046, VBS_stat_ele=2.06473, VBS_stat_muon=0.700151, ele_efficiency=1.2319, ele_trigger=1.9437, fakephoton_ele=6.98894, fakephoton_muon=-0.479643, interference=-1.86794, lumi=0.979787, mu_efficiency=-1.29046, mu_trigger=-0.0476983, non_prompt_stat_ele=6.99357, non_prompt_stat_muon=-0.583214, others_stat_ele=3.08046, others_stat_muon=0.617619, others_xs=1.57698, param=1.13773, pdf_ele=2.21318, pdf_muon=-0.0389462, photon_id=3.44046, pileup=0.14677, scale_ele=6.71905, scale_muon=-0.500489
RooProdPdf::model_s[ modelObs_s * nuisancePdf ]
     getLogVal() top-level p.d.f evaluates to zero @ !pdfs=(modelObs_s = 0/1,nuisancePdf = 1)

[#0] WARNING:Minization -- RooMinimizerFcn: Minimized function has error status.
Returning maximum FCN so far (889.364) to force MIGRAD to back out of this region. Error log follows
Parameter values: JER_ele=-0.512001, JER_muon=-0.16964, JES_ele=2.49897, JES_muon=-2.27607, QCD_stat_ele=6.22754, QCD_stat_muon=0.510891, VBS_stat_ele=1.72805, VBS_stat_muon=0.644944, ele_efficiency=1.13429, ele_trigger=1.56036, fakephoton_ele=6.70264, fakephoton_muon=-0.502881, interference=-1.93688, lumi=0.764154, mu_efficiency=-1.30522, mu_trigger=-0.109039, non_prompt_stat_ele=6.75907, non_prompt_stat_muon=-0.638243, others_stat_ele=2.55967, others_stat_muon=0.529698, others_xs=1.29298, param=1.09262, pdf_ele=1.58521, pdf_muon=-0.141002, photon_id=2.83145, pileup=0.123622, scale_ele=6.11342, scale_muon=-0.708106
RooProdPdf::model_s[ modelObs_s * nuisancePdf ]
     getLogVal() top-level p.d.f evaluates to zero @ !pdfs=(modelObs_s = 0/1,nuisancePdf = 1)


 -- Hybrid New -- 
CLs = 0.0330189 +/- 0.00878963
Done in 15.74 min (cpu), 15.92 min (real)
