 <<< Combine >>> 
>>> including systematics
>>> using the Profile Likelihood test statistics modified for upper limits (Q_LHC)
>>> method used is HybridNew
>>> Used OpenSSL to get a really random seed 759133510
Computing results starting from observation (a-posteriori)
[#0] WARNING:Minization -- RooMinimizerFcn: Minimized function has error status.
Returning maximum FCN so far (37.8617) to force MIGRAD to back out of this region. Error log follows
Parameter values: JER_ele=0.212507, JER_muon=-3.67435, JES_ele=3.44469, JES_muon=5.27185, QCD_stat_ele=3.16209, QCD_stat_muon=4.15494, VBS_stat_ele=-5.4218, VBS_stat_muon=1.11189, ele_efficiency=-4.03247, ele_trigger=3.85965, fakephoton_ele=6.49284, fakephoton_muon=-5.17384, interference=4.21002, lumi=1.63376, mu_efficiency=-2.57684, mu_trigger=3.25139, non_prompt_stat_ele=2.59799, non_prompt_stat_muon=1.23285, others_stat_ele=-0.664162, others_stat_muon=0.0709335, others_xs=2.15761, param=3.71976, pdf_ele=2.46946, pdf_muon=3.32346, photon_id=6.38997, pileup=5.30436, scale_ele=5.53611, scale_muon=5.71711
RooProdPdf::model_s[ modelObs_s * nuisancePdf ]
     getLogVal() top-level p.d.f evaluates to zero @ !pdfs=(modelObs_s = 0/1,nuisancePdf = 1)

[#0] WARNING:Minization -- RooMinimizerFcn: Minimized function has error status.
Returning maximum FCN so far (43.6664) to force MIGRAD to back out of this region. Error log follows
Parameter values: JER_ele=6.85569, JER_muon=-1.31285, JES_ele=-4.418, JES_muon=3.82044, QCD_stat_ele=-1.68861, QCD_stat_muon=6.02978, VBS_stat_ele=4.06869, VBS_stat_muon=-2.05746, ele_efficiency=-3.01509, ele_trigger=-5.39069, fakephoton_ele=2.8789, fakephoton_muon=-5.63191, interference=5.7431, lumi=2.37217, mu_efficiency=-3.49181, mu_trigger=2.1952, non_prompt_stat_ele=4.97172, non_prompt_stat_muon=6.89084, others_stat_ele=0.818906, others_stat_muon=3.92174, others_xs=3.08556, param=6.69881, pdf_ele=0.00898329, pdf_muon=5.82835, photon_id=2.9036, pileup=3.69433, scale_ele=3.55014, scale_muon=6.78956
RooProdPdf::model_s[ modelObs_s * nuisancePdf ]
     getLogVal() top-level p.d.f evaluates to zero @ !pdfs=(modelObs_s = 0/1,nuisancePdf = 1)

[#0] WARNING:Minization -- RooMinimizerFcn: Minimized function has error status.
Returning maximum FCN so far (42.5305) to force MIGRAD to back out of this region. Error log follows
Parameter values: JER_ele=1.87444, JER_muon=5.52641, JES_ele=-3.08266, JES_muon=2.38382, QCD_stat_ele=3.09045, QCD_stat_muon=6.25893, VBS_stat_ele=-3.17309, VBS_stat_muon=0.813523, ele_efficiency=1.29626, ele_trigger=4.14758, fakephoton_ele=5.29883, fakephoton_muon=-1.09727, interference=5.94833, lumi=1.36561, mu_efficiency=-6.56711, mu_trigger=5.51785, non_prompt_stat_ele=5.48487, non_prompt_stat_muon=2.91878, others_stat_ele=5.14814, others_stat_muon=2.54333, others_xs=5.19061, param=5.13846, pdf_ele=1.58925, pdf_muon=5.66775, photon_id=3.62677, pileup=5.79837, scale_ele=3.74461, scale_muon=1.02797
RooProdPdf::model_s[ modelObs_s * nuisancePdf ]
     getLogVal() top-level p.d.f evaluates to zero @ !pdfs=(modelObs_s = 0/1,nuisancePdf = 1)


 -- Hybrid New -- 
CLs = 0.156542 +/- 0.0187008
Done in 13.19 min (cpu), 13.31 min (real)
