 <<< Combine >>> 
>>> including systematics
>>> using the Profile Likelihood test statistics modified for upper limits (Q_LHC)
>>> method used is HybridNew
>>> Used OpenSSL to get a really random seed -810164004
Computing results starting from observation (a-posteriori)
[#0] WARNING:Minization -- RooMinimizerFcn: Minimized function has error status.
Returning maximum FCN so far (499.606) to force MIGRAD to back out of this region. Error log follows
Parameter values: JER_ele=2.61092, JER_muon=-2.15887, JES_ele=5.82121, JES_muon=6.45949, QCD_stat_ele=-1.57452, QCD_stat_muon=-5.32493, VBS_stat_ele=-4.50296, VBS_stat_muon=-1.38934, ele_efficiency=6.35952, ele_trigger=5.32069, fakephoton_ele=6.99874, fakephoton_muon=6.61633, interference=4.11841, lumi=-6.47037, mu_efficiency=-4.07728, mu_trigger=-2.63719, non_prompt_stat_ele=6.74548, non_prompt_stat_muon=6.99503, others_stat_ele=6.79967, others_stat_muon=-5.53996, others_xs=1.49638, param=6.20085, pdf_ele=-5.9846, pdf_muon=6.8667, photon_id=2.52057, pileup=-6.01801, scale_ele=-3.55505, scale_muon=6.7807
RooProdPdf::model_s[ modelObs_s * nuisancePdf ]
     getLogVal() top-level p.d.f evaluates to zero @ !pdfs=(modelObs_s = 0/1,nuisancePdf = 1)

[#0] WARNING:Minization -- RooMinimizerFcn: Minimized function has error status.
Returning maximum FCN so far (625.924) to force MIGRAD to back out of this region. Error log follows
Parameter values: JER_ele=2.49332, JER_muon=-6.37048, JES_ele=-2.93892, JES_muon=3.34943, QCD_stat_ele=-6.99824, QCD_stat_muon=-6.9026, VBS_stat_ele=-5.25223, VBS_stat_muon=6.73868, ele_efficiency=0.34339, ele_trigger=-6.41464, fakephoton_ele=5.0691, fakephoton_muon=-2.16347, interference=-0.299834, lumi=-6.98265, mu_efficiency=4.19618, mu_trigger=-4.14184, non_prompt_stat_ele=5.03188, non_prompt_stat_muon=-1.78649, others_stat_ele=2.93124, others_stat_muon=-6.99352, others_xs=-2.5343, param=7.89062, pdf_ele=-0.468381, pdf_muon=-6.50021, photon_id=-2.0375, pileup=-6.21185, scale_ele=4.71155, scale_muon=0.818169
RooProdPdf::model_s[ modelObs_s * nuisancePdf ]
     getLogVal() top-level p.d.f evaluates to zero @ !pdfs=(modelObs_s = 0/1,nuisancePdf = 1)

[#0] WARNING:Minization -- RooMinimizerFcn: Minimized function has error status.
Returning maximum FCN so far (891.701) to force MIGRAD to back out of this region. Error log follows
Parameter values: JER_ele=-5.30206, JER_muon=6.36908, JES_ele=0.59594, JES_muon=-3.55247, QCD_stat_ele=-1.06198, QCD_stat_muon=-2.45939, VBS_stat_ele=-4.69441, VBS_stat_muon=6.99995, ele_efficiency=-0.082381, ele_trigger=0.013695, fakephoton_ele=4.3718, fakephoton_muon=6.0612, interference=-6.05931, lumi=-6.77095, mu_efficiency=-6.64301, mu_trigger=4.00866, non_prompt_stat_ele=6.95714, non_prompt_stat_muon=-4.66096, others_stat_ele=-2.50456, others_stat_muon=5.5171, others_xs=3.89239, param=9.68013, pdf_ele=6.43449, pdf_muon=6.37756, photon_id=2.65917, pileup=6.317, scale_ele=-5.32081, scale_muon=4.019
RooProdPdf::model_s[ modelObs_s * nuisancePdf ]
     getLogVal() top-level p.d.f evaluates to zero @ !pdfs=(modelObs_s = 0/1,nuisancePdf = 1)

[#0] WARNING:Minization -- RooMinimizerFcn: Minimized function has error status.
Returning maximum FCN so far (972.362) to force MIGRAD to back out of this region. Error log follows
Parameter values: JER_ele=-1.88265, JER_muon=2.59933, JES_ele=5.86424, JES_muon=6.70875, QCD_stat_ele=1.86074, QCD_stat_muon=6.72846, VBS_stat_ele=6.78039, VBS_stat_muon=-2.9308, ele_efficiency=1.60394, ele_trigger=3.16901, fakephoton_ele=3.33193, fakephoton_muon=6.81024, interference=4.62953, lumi=3.23782, mu_efficiency=3.07014, mu_trigger=4.30321, non_prompt_stat_ele=4.25849, non_prompt_stat_muon=6.91416, others_stat_ele=1.51825, others_stat_muon=5.00461, others_xs=5.97428, param=8.7952, pdf_ele=3.47147, pdf_muon=5.92777, photon_id=6.99382, pileup=-5.87323, scale_ele=2.50057, scale_muon=3.48885
RooProdPdf::model_s[ modelObs_s * nuisancePdf ]
     getLogVal() top-level p.d.f evaluates to zero @ !pdfs=(modelObs_s = 0/1,nuisancePdf = 1)

[#0] WARNING:Minization -- RooMinimizerFcn: Minimized function has error status.
Returning maximum FCN so far (35.9078) to force MIGRAD to back out of this region. Error log follows
Parameter values: JER_ele=-6.62002, JER_muon=-0.535426, JES_ele=-2.51075, JES_muon=6.41747, QCD_stat_ele=0.660586, QCD_stat_muon=5.65449, VBS_stat_ele=-4.2257, VBS_stat_muon=-3.22906, ele_efficiency=6.71936, ele_trigger=4.48769, fakephoton_ele=2.37946, fakephoton_muon=6.71566, interference=3.06159, lumi=5.70451, mu_efficiency=4.79674, mu_trigger=6.99497, non_prompt_stat_ele=3.41972, non_prompt_stat_muon=6.99317, others_stat_ele=-6.64254, others_stat_muon=5.65783, others_xs=6.95427, param=4.57411, pdf_ele=3.77763, pdf_muon=0.539616, photon_id=-6.23499, pileup=-6.90167, scale_ele=-6.33959, scale_muon=2.6048
RooProdPdf::model_s[ modelObs_s * nuisancePdf ]
     getLogVal() top-level p.d.f evaluates to zero @ !pdfs=(modelObs_s = 0/1,nuisancePdf = 1)

[#0] WARNING:Minization -- RooMinimizerFcn: Minimized function has error status.
Returning maximum FCN so far (984.186) to force MIGRAD to back out of this region. Error log follows
Parameter values: JER_ele=5.92232, JER_muon=-4.19323, JES_ele=6.89909, JES_muon=-4.22822, QCD_stat_ele=-2.17455, QCD_stat_muon=5.65625, VBS_stat_ele=-3.40929, VBS_stat_muon=0.58246, ele_efficiency=1.72147, ele_trigger=-1.75347, fakephoton_ele=6.25609, fakephoton_muon=-5.29316, interference=-4.32941, lumi=-0.859327, mu_efficiency=-5.98192, mu_trigger=-1.78852, non_prompt_stat_ele=4.3844, non_prompt_stat_muon=6.26091, others_stat_ele=-1.56811, others_stat_muon=-6.98248, others_xs=-6.97536, param=8.99733, pdf_ele=-5.17232, pdf_muon=-4.29684, photon_id=2.09886, pileup=6.09673, scale_ele=6.6339, scale_muon=6.01108
RooProdPdf::model_s[ modelObs_s * nuisancePdf ]
     getLogVal() top-level p.d.f evaluates to zero @ !pdfs=(modelObs_s = 0/1,nuisancePdf = 1)

[#0] WARNING:Minization -- RooMinimizerFcn: Minimized function has error status.
Returning maximum FCN so far (984.186) to force MIGRAD to back out of this region. Error log follows
Parameter values: JER_ele=-0.5713, JER_muon=2.46106, JES_ele=-0.0878872, JES_muon=4.61872, QCD_stat_ele=0.262798, QCD_stat_muon=5.74789, VBS_stat_ele=1.38004, VBS_stat_muon=4.84387, ele_efficiency=1.69178, ele_trigger=1.18739, fakephoton_ele=-1.19886, fakephoton_muon=4.57382, interference=1.77178, lumi=2.66535, mu_efficiency=1.43831, mu_trigger=3.75344, non_prompt_stat_ele=1.69107, non_prompt_stat_muon=6.98946, others_stat_ele=1.23303, others_stat_muon=4.27301, others_xs=1.89202, param=9.42582, pdf_ele=0.316823, pdf_muon=5.83384, photon_id=5.65445, pileup=0.659005, scale_ele=1.13816, scale_muon=6.19326
RooProdPdf::model_s[ modelObs_s * nuisancePdf ]
     getLogVal() top-level p.d.f evaluates to zero @ !pdfs=(modelObs_s = 0/1,nuisancePdf = 1)

[#0] WARNING:Minization -- RooMinimizerFcn: Minimized function has error status.
Returning maximum FCN so far (984.186) to force MIGRAD to back out of this region. Error log follows
Parameter values: JER_ele=5.71292, JER_muon=-5.57311, JES_ele=6.98103, JES_muon=5.55221, QCD_stat_ele=0.60187, QCD_stat_muon=-3.44478, VBS_stat_ele=1.21572, VBS_stat_muon=-5.42207, ele_efficiency=-6.99917, ele_trigger=-5.20886, fakephoton_ele=6.03987, fakephoton_muon=6.60585, interference=-2.6847, lumi=5.81136, mu_efficiency=4.86506, mu_trigger=6.96828, non_prompt_stat_ele=4.63559, non_prompt_stat_muon=-4.60705, others_stat_ele=4.01474, others_stat_muon=6.96521, others_xs=1.05442, param=9.4435, pdf_ele=-5.61489, pdf_muon=-0.426522, photon_id=-5.78759, pileup=2.81973, scale_ele=6.83395, scale_muon=4.58543
RooProdPdf::model_s[ modelObs_s * nuisancePdf ]
     getLogVal() top-level p.d.f evaluates to zero @ !pdfs=(modelObs_s = 0/1,nuisancePdf = 1)

[#0] WARNING:Minization -- RooMinimizerFcn: Minimized function has error status.
Returning maximum FCN so far (984.186) to force MIGRAD to back out of this region. Error log follows
Parameter values: JER_ele=-0.592431, JER_muon=2.8422, JES_ele=0.434772, JES_muon=5.21297, QCD_stat_ele=0.727913, QCD_stat_muon=6.44905, VBS_stat_ele=1.43872, VBS_stat_muon=4.45479, ele_efficiency=1.84712, ele_trigger=1.9104, fakephoton_ele=1.10175, fakephoton_muon=5.49947, interference=1.93773, lumi=3.07567, mu_efficiency=1.63132, mu_trigger=4.46182, non_prompt_stat_ele=-0.363913, non_prompt_stat_muon=6.1612, others_stat_ele=3.47265, others_stat_muon=4.93556, others_xs=2.552, param=9.80715, pdf_ele=1.5537, pdf_muon=6.45367, photon_id=5.29829, pileup=0.69395, scale_ele=1.68312, scale_muon=3.42142
RooProdPdf::model_s[ modelObs_s * nuisancePdf ]
     getLogVal() top-level p.d.f evaluates to zero @ !pdfs=(modelObs_s = 0/1,nuisancePdf = 1)

[#0] WARNING:Minization -- RooMinimizerFcn: Minimized function has error status.
Returning maximum FCN so far (984.186) to force MIGRAD to back out of this region. Error log follows
Parameter values: JER_ele=-0.619533, JER_muon=2.90851, JES_ele=0.381983, JES_muon=5.26185, QCD_stat_ele=0.617949, QCD_stat_muon=6.5654, VBS_stat_ele=1.39231, VBS_stat_muon=4.66235, ele_efficiency=1.83644, ele_trigger=1.88201, fakephoton_ele=1.08422, fakephoton_muon=5.54956, interference=2.02457, lumi=3.12637, mu_efficiency=1.6504, mu_trigger=4.52518, non_prompt_stat_ele=-0.5558, non_prompt_stat_muon=6.04793, others_stat_ele=3.26208, others_stat_muon=5.07204, others_xs=2.57334, param=9.80906, pdf_ele=1.52612, pdf_muon=6.49732, photon_id=5.31927, pileup=0.694131, scale_ele=1.46515, scale_muon=3.16368
RooProdPdf::model_s[ modelObs_s * nuisancePdf ]
     getLogVal() top-level p.d.f evaluates to zero @ !pdfs=(modelObs_s = 0/1,nuisancePdf = 1)

[#0] WARNING:Minization -- RooMinimizerFcn: Minimized function has error status.
Returning maximum FCN so far (984.186) to force MIGRAD to back out of this region. Error log follows
Parameter values: JER_ele=-0.626394, JER_muon=2.94453, JES_ele=0.368717, JES_muon=5.30344, QCD_stat_ele=0.594283, QCD_stat_muon=6.54289, VBS_stat_ele=1.37917, VBS_stat_muon=4.72472, ele_efficiency=1.83413, ele_trigger=1.87307, fakephoton_ele=1.06747, fakephoton_muon=5.58239, interference=2.05693, lumi=3.14857, mu_efficiency=1.66268, mu_trigger=4.56353, non_prompt_stat_ele=-0.581658, non_prompt_stat_muon=5.98124, others_stat_ele=3.2309, others_stat_muon=5.12099, others_xs=2.59586, param=9.80826, pdf_ele=1.51107, pdf_muon=6.5288, photon_id=5.35658, pileup=0.696087, scale_ele=1.42629, scale_muon=3.00198
RooProdPdf::model_s[ modelObs_s * nuisancePdf ]
     getLogVal() top-level p.d.f evaluates to zero @ !pdfs=(modelObs_s = 0/1,nuisancePdf = 1)

[#0] WARNING:Minization -- RooMinimizerFcn: Minimized function has error status.
Returning maximum FCN so far (984.186) to force MIGRAD to back out of this region. Error log follows
Parameter values: JER_ele=-0.625272, JER_muon=2.97324, JES_ele=0.370338, JES_muon=5.34146, QCD_stat_ele=0.599072, QCD_stat_muon=6.50264, VBS_stat_ele=1.38071, VBS_stat_muon=4.7618, ele_efficiency=1.83444, ele_trigger=1.87429, fakephoton_ele=1.06937, fakephoton_muon=5.61379, interference=2.08119, lumi=3.1697, mu_efficiency=1.6735, mu_trigger=4.59711, non_prompt_stat_ele=-0.578971, non_prompt_stat_muon=5.91667, others_stat_ele=3.23246, others_stat_muon=5.15526, others_xs=2.62174, param=9.80697, pdf_ele=1.51302, pdf_muon=6.55631, photon_id=5.39815, pileup=0.698379, scale_ele=1.43076, scale_muon=2.8505
RooProdPdf::model_s[ modelObs_s * nuisancePdf ]
     getLogVal() top-level p.d.f evaluates to zero @ !pdfs=(modelObs_s = 0/1,nuisancePdf = 1)

[#0] WARNING:Minization -- RooMinimizerFcn: Minimized function has error status.
Returning maximum FCN so far (984.186) to force MIGRAD to back out of this region. Error log follows
Parameter values: JER_ele=-0.621738, JER_muon=3.00121, JES_ele=0.376186, JES_muon=5.37896, QCD_stat_ele=0.612369, QCD_stat_muon=6.45773, VBS_stat_ele=1.38664, VBS_stat_muon=4.79573, ele_efficiency=1.8355, ele_trigger=1.87854, fakephoton_ele=1.07699, fakephoton_muon=5.64494, interference=2.10483, lumi=3.19183, mu_efficiency=1.68422, mu_trigger=4.63021, non_prompt_stat_ele=-0.569485, non_prompt_stat_muon=5.85026, others_stat_ele=3.24134, others_stat_muon=5.1877, others_xs=2.64968, param=9.8056, pdf_ele=1.52012, pdf_muon=6.58287, photon_id=5.44162, pileup=0.700818, scale_ele=1.44682, scale_muon=2.69764
RooProdPdf::model_s[ modelObs_s * nuisancePdf ]
     getLogVal() top-level p.d.f evaluates to zero @ !pdfs=(modelObs_s = 0/1,nuisancePdf = 1)

[#0] WARNING:Minization -- RooMinimizerFcn: Minimized function has error status.
Returning maximum FCN so far (984.186) to force MIGRAD to back out of this region. Error log follows
Parameter values: JER_ele=1.21424, JER_muon=5.34775, JES_ele=3.3011, JES_muon=-6.50656, QCD_stat_ele=6.13284, QCD_stat_muon=2.31158, VBS_stat_ele=4.26153, VBS_stat_muon=-2.28687, ele_efficiency=2.37812, ele_trigger=3.95692, fakephoton_ele=4.70109, fakephoton_muon=-5.49632, interference=6.8522, lumi=6.41192, mu_efficiency=5.4724, mu_trigger=-1.32116, non_prompt_stat_ele=4.08668, non_prompt_stat_muon=0.0535223, others_stat_ele=6.60854, others_stat_muon=-3.54302, others_xs=5.50762, param=8.97099, pdf_ele=4.83822, pdf_muon=-3.34645, photon_id=-6.58958, pileup=1.72574, scale_ele=6.93248, scale_muon=0.424464
RooProdPdf::model_s[ modelObs_s * nuisancePdf ]
     getLogVal() top-level p.d.f evaluates to zero @ !pdfs=(modelObs_s = 0/1,nuisancePdf = 1)

[#0] WARNING:Minization -- RooMinimizerFcn: Minimized function has error status.
Returning maximum FCN so far (984.186) to force MIGRAD to back out of this region. Error log follows
Parameter values: JER_ele=3.38962, JER_muon=-6.79384, JES_ele=6.0418, JES_muon=5.64974, QCD_stat_ele=5.22489, QCD_stat_muon=-6.63834, VBS_stat_ele=6.59358, VBS_stat_muon=3.13915, ele_efficiency=3.03788, ele_trigger=5.94627, fakephoton_ele=6.96375, fakephoton_muon=6.90131, interference=-2.77626, lumi=-4.37036, mu_efficiency=6.95539, mu_trigger=1.26834, non_prompt_stat_ele=6.98597, non_prompt_stat_muon=-5.45047, others_stat_ele=5.73401, others_stat_muon=5.13143, others_xs=-6.82086, param=7.50171, pdf_ele=6.94778, pdf_muon=-6.76337, photon_id=-4.23144, pileup=2.91077, scale_ele=1.19029, scale_muon=-4.12905
RooProdPdf::model_s[ modelObs_s * nuisancePdf ]
     getLogVal() top-level p.d.f evaluates to zero @ !pdfs=(modelObs_s = 0/1,nuisancePdf = 1)

[#0] WARNING:Minization -- RooMinimizerFcn: Minimized function has error status.
Returning maximum FCN so far (984.186) to force MIGRAD to back out of this region. Error log follows
Parameter values: JER_ele=1.00311, JER_muon=5.84825, JES_ele=2.95888, JES_muon=6.99149, QCD_stat_ele=5.88039, QCD_stat_muon=-1.64575, VBS_stat_ele=3.64373, VBS_stat_muon=-6.16797, ele_efficiency=2.31727, ele_trigger=3.67561, fakephoton_ele=4.42684, fakephoton_muon=2.69922, interference=-4.79055, lumi=-6.40663, mu_efficiency=2.95649, mu_trigger=-6.24453, non_prompt_stat_ele=4.31164, non_prompt_stat_muon=-5.91925, others_stat_ele=6.52788, others_stat_muon=-2.40651, others_xs=-4.47583, param=6.97653, pdf_ele=4.31621, pdf_muon=0.293366, photon_id=-3.08902, pileup=4.01314, scale_ele=6.75952, scale_muon=6.28808
RooProdPdf::model_s[ modelObs_s * nuisancePdf ]
     getLogVal() top-level p.d.f evaluates to zero @ !pdfs=(modelObs_s = 0/1,nuisancePdf = 1)

[#0] WARNING:Minization -- RooMinimizerFcn: Minimized function has error status.
Returning maximum FCN so far (984.186) to force MIGRAD to back out of this region. Error log follows
Parameter values: JER_ele=0.809966, JER_muon=2.12192, JES_ele=2.6927, JES_muon=2.58963, QCD_stat_ele=5.1468, QCD_stat_muon=6.90086, VBS_stat_ele=3.76281, VBS_stat_muon=3.60772, ele_efficiency=2.25579, ele_trigger=3.53619, fakephoton_ele=4.06954, fakephoton_muon=-0.338547, interference=1.3633, lumi=3.45158, mu_efficiency=1.14126, mu_trigger=2.79281, non_prompt_stat_ele=2.99981, non_prompt_stat_muon=1.53045, others_stat_ele=6.15366, others_stat_muon=4.00722, others_xs=3.34686, param=9.9617, pdf_ele=4.23055, pdf_muon=4.21692, photon_id=4.86119, pileup=0.683638, scale_ele=6.39172, scale_muon=6.86582
RooProdPdf::model_s[ modelObs_s * nuisancePdf ]
     getLogVal() top-level p.d.f evaluates to zero @ !pdfs=(modelObs_s = 0/1,nuisancePdf = 1)

[#0] WARNING:Minization -- RooMinimizerFcn: Minimized function has error status.
Returning maximum FCN so far (984.186) to force MIGRAD to back out of this region. Error log follows
Parameter values: JER_ele=-0.108395, JER_muon=1.78987, JES_ele=1.24222, JES_muon=3.57098, QCD_stat_ele=2.38912, QCD_stat_muon=6.72701, VBS_stat_ele=2.29857, VBS_stat_muon=3.14437, ele_efficiency=1.98774, ele_trigger=2.49996, fakephoton_ele=2.26504, fakephoton_muon=4.09497, interference=1.22252, lumi=2.74215, mu_efficiency=1.24037, mu_trigger=3.13511, non_prompt_stat_ele=0.754545, non_prompt_stat_muon=6.92324, others_stat_ele=4.46758, others_stat_muon=3.63729, others_xs=2.22378, param=9.95057, pdf_ele=2.57199, pdf_muon=4.88295, photon_id=4.28, pileup=0.644018, scale_ele=3.67046, scale_muon=6.85129
RooProdPdf::model_s[ modelObs_s * nuisancePdf ]
     getLogVal() top-level p.d.f evaluates to zero @ !pdfs=(modelObs_s = 0/1,nuisancePdf = 1)

[#0] WARNING:Minization -- RooMinimizerFcn: Minimized function has error status.
Returning maximum FCN so far (984.186) to force MIGRAD to back out of this region. Error log follows
Parameter values: JER_ele=-0.56645, JER_muon=1.97962, JES_ele=0.474667, JES_muon=3.84077, QCD_stat_ele=0.787575, QCD_stat_muon=6.85457, VBS_stat_ele=1.49905, VBS_stat_muon=3.47935, ele_efficiency=1.85198, ele_trigger=1.95006, fakephoton_ele=1.23038, fakephoton_muon=4.35678, interference=1.2903, lumi=2.52562, mu_efficiency=1.30182, mu_trigger=3.35567, non_prompt_stat_ele=-0.443464, non_prompt_stat_muon=6.99423, others_stat_ele=3.38617, others_stat_muon=3.90365, others_xs=1.84577, param=9.94541, pdf_ele=1.64589, pdf_muon=5.18513, photon_id=3.88943, pileup=0.62618, scale_ele=1.70273, scale_muon=6.6177
RooProdPdf::model_s[ modelObs_s * nuisancePdf ]
     getLogVal() top-level p.d.f evaluates to zero @ !pdfs=(modelObs_s = 0/1,nuisancePdf = 1)

[#0] WARNING:Minization -- RooMinimizerFcn: Minimized function has error status.
Returning maximum FCN so far (984.186) to force MIGRAD to back out of this region. Error log follows
Parameter values: JER_ele=-0.70856, JER_muon=2.03099, JES_ele=0.234513, JES_muon=3.92257, QCD_stat_ele=0.276719, QCD_stat_muon=6.88686, VBS_stat_ele=1.24515, VBS_stat_muon=3.55769, ele_efficiency=1.80963, ele_trigger=1.77625, fakephoton_ele=0.90192, fakephoton_muon=4.42815, interference=1.30491, lumi=2.45329, mu_efficiency=1.32021, mu_trigger=3.42096, non_prompt_stat_ele=-0.815041, non_prompt_stat_muon=6.99964, others_stat_ele=3.02438, others_stat_muon=3.97591, others_xs=1.72421, param=9.94381, pdf_ele=1.35077, pdf_muon=5.27154, photon_id=3.75941, pileup=0.620488, scale_ele=1.04979, scale_muon=6.52178
RooProdPdf::model_s[ modelObs_s * nuisancePdf ]
     getLogVal() top-level p.d.f evaluates to zero @ !pdfs=(modelObs_s = 0/1,nuisancePdf = 1)

[#0] WARNING:Minization -- RooMinimizerFcn: Minimized function has error status.
Returning maximum FCN so far (984.186) to force MIGRAD to back out of this region. Error log follows
Parameter values: JER_ele=-0.748974, JER_muon=2.0572, JES_ele=0.166048, JES_muon=3.96529, QCD_stat_ele=0.131171, QCD_stat_muon=6.90393, VBS_stat_ele=1.17235, VBS_stat_muon=3.59439, ele_efficiency=1.79757, ele_trigger=1.72654, fakephoton_ele=0.807859, fakephoton_muon=4.46457, interference=1.31819, lumi=2.44065, mu_efficiency=1.32981, mu_trigger=3.45493, non_prompt_stat_ele=-0.920391, non_prompt_stat_muon=6.99989, others_stat_ele=2.91957, others_stat_muon=4.01167, others_xs=1.69947, param=9.9431, pdf_ele=1.26621, pdf_muon=5.31609, photon_id=3.74312, pileup=0.619758, scale_ele=0.861875, scale_muon=6.46681
RooProdPdf::model_s[ modelObs_s * nuisancePdf ]
     getLogVal() top-level p.d.f evaluates to zero @ !pdfs=(modelObs_s = 0/1,nuisancePdf = 1)

[#0] WARNING:Minization -- RooMinimizerFcn: Minimized function has error status.
Returning maximum FCN so far (984.186) to force MIGRAD to back out of this region. Error log follows
Parameter values: JER_ele=-0.759074, JER_muon=2.07748, JES_ele=0.148892, JES_muon=3.99833, QCD_stat_ele=0.0950422, QCD_stat_muon=6.91687, VBS_stat_ele=1.15396, VBS_stat_muon=3.62176, ele_efficiency=1.79455, ele_trigger=1.71409, fakephoton_ele=0.784142, fakephoton_muon=4.49251, interference=1.33244, lumi=2.44703, mu_efficiency=1.33727, mu_trigger=3.48125, non_prompt_stat_ele=-0.946623, non_prompt_stat_muon=6.99891, others_stat_ele=2.89331, others_stat_muon=4.03881, others_xs=1.70497, param=9.94264, pdf_ele=1.24497, pdf_muon=5.35038, photon_id=3.7635, pileup=0.620605, scale_ele=0.814758, scale_muon=6.42201
RooProdPdf::model_s[ modelObs_s * nuisancePdf ]
     getLogVal() top-level p.d.f evaluates to zero @ !pdfs=(modelObs_s = 0/1,nuisancePdf = 1)

[#0] WARNING:Minization -- RooMinimizerFcn: Minimized function has error status.
Returning maximum FCN so far (984.186) to force MIGRAD to back out of this region. Error log follows
Parameter values: JER_ele=-0.760178, JER_muon=2.09619, JES_ele=0.146971, JES_muon=4.02872, QCD_stat_ele=0.0914012, QCD_stat_muon=6.92816, VBS_stat_ele=1.15175, VBS_stat_muon=3.64674, ele_efficiency=1.79423, ele_trigger=1.71271, fakephoton_ele=0.781331, fakephoton_muon=4.5181, interference=1.34716, lumi=2.4592, mu_efficiency=1.34416, mu_trigger=3.5055, non_prompt_stat_ele=-0.949403, non_prompt_stat_muon=6.9971, others_stat_ele=2.89051, others_stat_muon=4.06365, others_xs=1.71963, param=9.94226, pdf_ele=1.24256, pdf_muon=5.38179, photon_id=3.795, pileup=0.621934, scale_ele=0.809563, scale_muon=6.3791
RooProdPdf::model_s[ modelObs_s * nuisancePdf ]
     getLogVal() top-level p.d.f evaluates to zero @ !pdfs=(modelObs_s = 0/1,nuisancePdf = 1)

[#0] WARNING:Minization -- RooMinimizerFcn: Minimized function has error status.
Returning maximum FCN so far (984.186) to force MIGRAD to back out of this region. Error log follows
Parameter values: JER_ele=-0.7586, JER_muon=2.11451, JES_ele=0.149593, JES_muon=4.05835, QCD_stat_ele=0.0974439, QCD_stat_muon=6.93845, VBS_stat_ele=1.15437, VBS_stat_muon=3.67109, ele_efficiency=1.79471, ele_trigger=1.71463, fakephoton_ele=0.784752, fakephoton_muon=4.54303, interference=1.36209, lumi=2.47315, mu_efficiency=1.3509, mu_trigger=3.52918, non_prompt_stat_ele=-0.945194, non_prompt_stat_muon=6.99447, others_stat_ele=2.89471, others_stat_muon=4.08788, others_xs=1.73707, param=9.94189, pdf_ele=1.24576, pdf_muon=5.41228, photon_id=3.82984, pileup=0.623411, scale_ele=0.81687, scale_muon=6.33568
RooProdPdf::model_s[ modelObs_s * nuisancePdf ]
     getLogVal() top-level p.d.f evaluates to zero @ !pdfs=(modelObs_s = 0/1,nuisancePdf = 1)

[#0] WARNING:Minization -- RooMinimizerFcn: Minimized function has error status.
Returning maximum FCN so far (984.186) to force MIGRAD to back out of this region. Error log follows
Parameter values: JER_ele=-0.756213, JER_muon=2.13276, JES_ele=0.153583, JES_muon=4.0878, QCD_stat_ele=0.106406, QCD_stat_muon=6.94794, VBS_stat_ele=1.15845, VBS_stat_muon=3.6953, ele_efficiency=1.79543, ele_trigger=1.71755, fakephoton_ele=0.790051, fakephoton_muon=4.56778, interference=1.37712, lumi=2.48767, mu_efficiency=1.35763, mu_trigger=3.55275, non_prompt_stat_ele=-0.938876, non_prompt_stat_muon=6.99103, others_stat_ele=2.90102, others_stat_muon=4.11196, others_xs=1.75539, param=9.94153, pdf_ele=1.25066, pdf_muon=5.44244, photon_id=3.8657, pileup=0.624939, scale_ele=0.827944, scale_muon=6.29099
RooProdPdf::model_s[ modelObs_s * nuisancePdf ]
     getLogVal() top-level p.d.f evaluates to zero @ !pdfs=(modelObs_s = 0/1,nuisancePdf = 1)

[#0] WARNING:Minization -- RooMinimizerFcn: Minimized function has error status.
Returning maximum FCN so far (984.186) to force MIGRAD to back out of this region. Error log follows
Parameter values: JER_ele=-0.753575, JER_muon=2.15105, JES_ele=0.157999, JES_muon=4.11721, QCD_stat_ele=0.116278, QCD_stat_muon=6.95667, VBS_stat_ele=1.16297, VBS_stat_muon=3.71952, ele_efficiency=1.79622, ele_trigger=1.72078, fakephoton_ele=0.795934, fakephoton_muon=4.5925, interference=1.39225, lumi=2.5024, mu_efficiency=1.36437, mu_trigger=3.57633, non_prompt_stat_ele=-0.931901, non_prompt_stat_muon=6.98675, others_stat_ele=2.90799, others_stat_muon=4.13604, others_xs=1.77404, param=9.94117, pdf_ele=1.25608, pdf_muon=5.47244, photon_id=3.90189, pileup=0.626487, scale_ele=0.840189, scale_muon=6.24479
RooProdPdf::model_s[ modelObs_s * nuisancePdf ]
     getLogVal() top-level p.d.f evaluates to zero @ !pdfs=(modelObs_s = 0/1,nuisancePdf = 1)

[#0] WARNING:Minization -- RooMinimizerFcn: Minimized function has error status.
Returning maximum FCN so far (984.186) to force MIGRAD to back out of this region. Error log follows
Parameter values: JER_ele=-0.75085, JER_muon=2.16941, JES_ele=0.162561, JES_muon=4.14666, QCD_stat_ele=0.126463, QCD_stat_muon=6.96463, VBS_stat_ele=1.16765, VBS_stat_muon=3.7438, ele_efficiency=1.79704, ele_trigger=1.72412, fakephoton_ele=0.802014, fakephoton_muon=4.61723, interference=1.40745, lumi=2.51725, mu_efficiency=1.37114, mu_trigger=3.59997, non_prompt_stat_ele=-0.9247, non_prompt_stat_muon=6.9816, others_stat_ele=2.91517, others_stat_muon=4.16015, others_xs=1.79286, param=9.94081, pdf_ele=1.26169, pdf_muon=5.50232, photon_id=3.93822, pileup=0.628048, scale_ele=0.852832, scale_muon=6.19699
RooProdPdf::model_s[ modelObs_s * nuisancePdf ]
     getLogVal() top-level p.d.f evaluates to zero @ !pdfs=(modelObs_s = 0/1,nuisancePdf = 1)

[#0] WARNING:Minization -- RooMinimizerFcn: Minimized function has error status.
Returning maximum FCN so far (984.186) to force MIGRAD to back out of this region. Error log follows
Parameter values: JER_ele=-0.748088, JER_muon=2.18786, JES_ele=0.167185, JES_muon=4.17616, QCD_stat_ele=0.136784, QCD_stat_muon=6.97183, VBS_stat_ele=1.1724, VBS_stat_muon=3.76814, ele_efficiency=1.79787, ele_trigger=1.7275, fakephoton_ele=0.808179, fakephoton_muon=4.642, interference=1.42274, lumi=2.53219, mu_efficiency=1.37795, mu_trigger=3.62368, non_prompt_stat_ele=-0.9174, non_prompt_stat_muon=6.97558, others_stat_ele=2.92245, others_stat_muon=4.18433, others_xs=1.81179, param=9.94045, pdf_ele=1.26736, pdf_muon=5.5321, photon_id=3.97463, pileup=0.629619, scale_ele=0.865646, scale_muon=6.14753
RooProdPdf::model_s[ modelObs_s * nuisancePdf ]
     getLogVal() top-level p.d.f evaluates to zero @ !pdfs=(modelObs_s = 0/1,nuisancePdf = 1)

[#0] WARNING:Minization -- RooMinimizerFcn: Minimized function has error status.
Returning maximum FCN so far (984.186) to force MIGRAD to back out of this region. Error log follows
Parameter values: JER_ele=-0.745303, JER_muon=2.20641, JES_ele=0.171849, JES_muon=4.20572, QCD_stat_ele=0.147192, QCD_stat_muon=6.97824, VBS_stat_ele=1.17718, VBS_stat_muon=3.79257, ele_efficiency=1.79871, ele_trigger=1.73091, fakephoton_ele=0.814396, fakephoton_muon=4.66682, interference=1.43811, lumi=2.54721, mu_efficiency=1.3848, mu_trigger=3.64748, non_prompt_stat_ele=-0.910037, non_prompt_stat_muon=6.96866, others_stat_ele=2.92978, others_stat_muon=4.20857, others_xs=1.83083, param=9.94008, pdf_ele=1.27309, pdf_muon=5.56181, photon_id=4.01111, pileup=0.6312, scale_ele=0.878565, scale_muon=6.09639
RooProdPdf::model_s[ modelObs_s * nuisancePdf ]
     getLogVal() top-level p.d.f evaluates to zero @ !pdfs=(modelObs_s = 0/1,nuisancePdf = 1)

[#0] WARNING:Minization -- RooMinimizerFcn: Minimized function has error status.
Returning maximum FCN so far (984.186) to force MIGRAD to back out of this region. Error log follows
Parameter values: JER_ele=-0.742497, JER_muon=2.22506, JES_ele=0.176546, JES_muon=4.23536, QCD_stat_ele=0.157673, QCD_stat_muon=6.98386, VBS_stat_ele=1.182, VBS_stat_muon=3.81709, ele_efficiency=1.79955, ele_trigger=1.73434, fakephoton_ele=0.820658, fakephoton_muon=4.69169, interference=1.45358, lumi=2.56232, mu_efficiency=1.39169, mu_trigger=3.67138, non_prompt_stat_ele=-0.902621, non_prompt_stat_muon=6.96083, others_stat_ele=2.93717, others_stat_muon=4.23289, others_xs=1.84998, param=9.93971, pdf_ele=1.27886, pdf_muon=5.59142, photon_id=4.04766, pileup=0.632791, scale_ele=0.891575, scale_muon=6.04351
RooProdPdf::model_s[ modelObs_s * nuisancePdf ]
     getLogVal() top-level p.d.f evaluates to zero @ !pdfs=(modelObs_s = 0/1,nuisancePdf = 1)

[#0] WARNING:Minization -- RooMinimizerFcn: Minimized function has error status.
Returning maximum FCN so far (984.186) to force MIGRAD to back out of this region. Error log follows
Parameter values: JER_ele=-0.739672, JER_muon=2.24381, JES_ele=0.181276, JES_muon=4.26507, QCD_stat_ele=0.168227, QCD_stat_muon=6.98868, VBS_stat_ele=1.18685, VBS_stat_muon=3.84171, ele_efficiency=1.8004, ele_trigger=1.7378, fakephoton_ele=0.826963, fakephoton_muon=4.71662, interference=1.46914, lumi=2.57751, mu_efficiency=1.39863, mu_trigger=3.69538, non_prompt_stat_ele=-0.895152, non_prompt_stat_muon=6.95208, others_stat_ele=2.9446, others_stat_muon=4.25729, others_xs=1.86924, param=9.93933, pdf_ele=1.28466, pdf_muon=5.62097, photon_id=4.0843, pileup=0.634392, scale_ele=0.904672, scale_muon=5.98887
RooProdPdf::model_s[ modelObs_s * nuisancePdf ]
     getLogVal() top-level p.d.f evaluates to zero @ !pdfs=(modelObs_s = 0/1,nuisancePdf = 1)

[#0] WARNING:Minization -- RooMinimizerFcn: Minimized function has error status.
Returning maximum FCN so far (984.186) to force MIGRAD to back out of this region. Error log follows
Parameter values: JER_ele=-0.736826, JER_muon=2.26268, JES_ele=0.18604, JES_muon=4.29487, QCD_stat_ele=0.178857, QCD_stat_muon=6.99267, VBS_stat_ele=1.19174, VBS_stat_muon=3.86644, ele_efficiency=1.80126, ele_trigger=1.74128, fakephoton_ele=0.833312, fakephoton_muon=4.74162, interference=1.4848, lumi=2.5928, mu_efficiency=1.40562, mu_trigger=3.71948, non_prompt_stat_ele=-0.887628, non_prompt_stat_muon=6.94237, others_stat_ele=2.95208, others_stat_muon=4.28179, others_xs=1.88863, param=9.93896, pdf_ele=1.29051, pdf_muon=5.65044, photon_id=4.12102, pileup=0.636006, scale_ele=0.917859, scale_muon=5.93243
RooProdPdf::model_s[ modelObs_s * nuisancePdf ]
     getLogVal() top-level p.d.f evaluates to zero @ !pdfs=(modelObs_s = 0/1,nuisancePdf = 1)

[#0] WARNING:Minization -- RooMinimizerFcn: Minimized function has error status.
Returning maximum FCN so far (984.186) to force MIGRAD to back out of this region. Error log follows
Parameter values: JER_ele=-0.733959, JER_muon=2.28167, JES_ele=0.190839, JES_muon=4.32477, QCD_stat_ele=0.189565, QCD_stat_muon=6.99581, VBS_stat_ele=1.19666, VBS_stat_muon=3.89128, ele_efficiency=1.80212, ele_trigger=1.74479, fakephoton_ele=0.839707, fakephoton_muon=4.76669, interference=1.50058, lumi=2.60818, mu_efficiency=1.41265, mu_trigger=3.74371, non_prompt_stat_ele=-0.880047, non_prompt_stat_muon=6.93168, others_stat_ele=2.95961, others_stat_muon=4.30638, others_xs=1.90814, param=9.93857, pdf_ele=1.2964, pdf_muon=5.67984, photon_id=4.15785, pileup=0.637631, scale_ele=0.931142, scale_muon=5.87416
RooProdPdf::model_s[ modelObs_s * nuisancePdf ]
     getLogVal() top-level p.d.f evaluates to zero @ !pdfs=(modelObs_s = 0/1,nuisancePdf = 1)

[#0] WARNING:Minization -- RooMinimizerFcn: Minimized function has error status.
Returning maximum FCN so far (984.186) to force MIGRAD to back out of this region. Error log follows
Parameter values: JER_ele=-0.731069, JER_muon=2.30079, JES_ele=0.195676, JES_muon=4.35477, QCD_stat_ele=0.200357, QCD_stat_muon=6.9981, VBS_stat_ele=1.20162, VBS_stat_muon=3.91624, ele_efficiency=1.80299, ele_trigger=1.74832, fakephoton_ele=0.846152, fakephoton_muon=4.79184, interference=1.51647, lumi=2.62367, mu_efficiency=1.41974, mu_trigger=3.76806, non_prompt_stat_ele=-0.872406, non_prompt_stat_muon=6.92, others_stat_ele=2.9672, others_stat_muon=4.33107, others_xs=1.92779, param=9.93819, pdf_ele=1.30234, pdf_muon=5.70918, photon_id=4.19478, pileup=0.639268, scale_ele=0.944524, scale_muon=5.814
RooProdPdf::model_s[ modelObs_s * nuisancePdf ]
     getLogVal() top-level p.d.f evaluates to zero @ !pdfs=(modelObs_s = 0/1,nuisancePdf = 1)

[#0] WARNING:Minization -- RooMinimizerFcn: Minimized function has error status.
Returning maximum FCN so far (984.186) to force MIGRAD to back out of this region. Error log follows
Parameter values: JER_ele=-0.728156, JER_muon=2.32005, JES_ele=0.200551, JES_muon=4.38489, QCD_stat_ele=0.211234, QCD_stat_muon=6.9995, VBS_stat_ele=1.20662, VBS_stat_muon=3.94133, ele_efficiency=1.80386, ele_trigger=1.75189, fakephoton_ele=0.852648, fakephoton_muon=4.81707, interference=1.53248, lumi=2.63928, mu_efficiency=1.42688, mu_trigger=3.79254, non_prompt_stat_ele=-0.864702, non_prompt_stat_muon=6.90731, others_stat_ele=2.97484, others_stat_muon=4.35588, others_xs=1.94759, param=9.9378, pdf_ele=1.30832, pdf_muon=5.73845, photon_id=4.23182, pileup=0.640919, scale_ele=0.958011, scale_muon=5.75193
RooProdPdf::model_s[ modelObs_s * nuisancePdf ]
     getLogVal() top-level p.d.f evaluates to zero @ !pdfs=(modelObs_s = 0/1,nuisancePdf = 1)

[#0] WARNING:Minization -- RooMinimizerFcn: Minimized function has error status.
Returning maximum FCN so far (984.186) to force MIGRAD to back out of this region. Error log follows
Parameter values: JER_ele=-0.725218, JER_muon=2.33945, JES_ele=0.205467, JES_muon=4.41512, QCD_stat_ele=0.222204, QCD_stat_muon=7, VBS_stat_ele=1.21166, VBS_stat_muon=3.96656, ele_efficiency=1.80475, ele_trigger=1.75548, fakephoton_ele=0.859199, fakephoton_muon=4.8424, interference=1.54861, lumi=2.65499, mu_efficiency=1.43409, mu_trigger=3.81716, non_prompt_stat_ele=-0.856933, non_prompt_stat_muon=6.89356, others_stat_ele=2.98254, others_stat_muon=4.3808, others_xs=1.96753, param=9.9374, pdf_ele=1.31435, pdf_muon=5.76766, photon_id=4.26899, pileup=0.642584, scale_ele=0.971608, scale_muon=5.68789
RooProdPdf::model_s[ modelObs_s * nuisancePdf ]
     getLogVal() top-level p.d.f evaluates to zero @ !pdfs=(modelObs_s = 0/1,nuisancePdf = 1)

[#0] WARNING:Minization -- RooMinimizerFcn: Minimized function has error status.
Returning maximum FCN so far (984.186) to force MIGRAD to back out of this region. Error log follows
Parameter values: JER_ele=-0.722255, JER_muon=2.35899, JES_ele=0.210427, JES_muon=4.44547, QCD_stat_ele=0.233268, QCD_stat_muon=6.99957, VBS_stat_ele=1.21674, VBS_stat_muon=3.99193, ele_efficiency=1.80564, ele_trigger=1.7591, fakephoton_ele=0.865805, fakephoton_muon=4.86782, interference=1.56488, lumi=2.67083, mu_efficiency=1.44135, mu_trigger=3.84193, non_prompt_stat_ele=-0.849094, non_prompt_stat_muon=6.87874, others_stat_ele=2.99031, others_stat_muon=4.40586, others_xs=1.98763, param=9.937, pdf_ele=1.32043, pdf_muon=5.79681, photon_id=4.30629, pileup=0.644263, scale_ele=0.98532, scale_muon=5.62184
RooProdPdf::model_s[ modelObs_s * nuisancePdf ]
     getLogVal() top-level p.d.f evaluates to zero @ !pdfs=(modelObs_s = 0/1,nuisancePdf = 1)

[#0] WARNING:Minization -- RooMinimizerFcn: Minimized function has error status.
Returning maximum FCN so far (984.186) to force MIGRAD to back out of this region. Error log follows
Parameter values: JER_ele=-0.719264, JER_muon=2.3787, JES_ele=0.215431, JES_muon=4.47597, QCD_stat_ele=0.244433, QCD_stat_muon=6.99819, VBS_stat_ele=1.22187, VBS_stat_muon=4.01745, ele_efficiency=1.80654, ele_trigger=1.76275, fakephoton_ele=0.872471, fakephoton_muon=4.89336, interference=1.58128, lumi=2.6868, mu_efficiency=1.44868, mu_trigger=3.86685, non_prompt_stat_ele=-0.841183, non_prompt_stat_muon=6.86281, others_stat_ele=2.99814, others_stat_muon=4.43104, others_xs=2.00789, param=9.9366, pdf_ele=1.32657, pdf_muon=5.82591, photon_id=4.34373, pileup=0.645958, scale_ele=0.999154, scale_muon=5.55373
RooProdPdf::model_s[ modelObs_s * nuisancePdf ]
     getLogVal() top-level p.d.f evaluates to zero @ !pdfs=(modelObs_s = 0/1,nuisancePdf = 1)

[#0] WARNING:Minization -- RooMinimizerFcn: Minimized function has error status.
Returning maximum FCN so far (984.186) to force MIGRAD to back out of this region. Error log follows
Parameter values: JER_ele=-0.716245, JER_muon=2.39856, JES_ele=0.220483, JES_muon=4.5066, QCD_stat_ele=0.255702, QCD_stat_muon=6.99583, VBS_stat_ele=1.22705, VBS_stat_muon=4.04313, ele_efficiency=1.80745, ele_trigger=1.76644, fakephoton_ele=0.8792, fakephoton_muon=4.919, interference=1.59784, lumi=2.7029, mu_efficiency=1.45608, mu_trigger=3.89194, non_prompt_stat_ele=-0.833196, non_prompt_stat_muon=6.84575, others_stat_ele=3.00605, others_stat_muon=4.45637, others_xs=2.02833, param=9.93619, pdf_ele=1.33276, pdf_muon=5.85496, photon_id=4.38132, pileup=0.647668, scale_ele=1.01311, scale_muon=5.4835
RooProdPdf::model_s[ modelObs_s * nuisancePdf ]
     getLogVal() top-level p.d.f evaluates to zero @ !pdfs=(modelObs_s = 0/1,nuisancePdf = 1)

[#0] WARNING:Minization -- RooMinimizerFcn: Minimized function has error status.
Returning maximum FCN so far (984.186) to force MIGRAD to back out of this region. Error log follows
Parameter values: JER_ele=-0.713196, JER_muon=2.4186, JES_ele=0.225584, JES_muon=4.53739, QCD_stat_ele=0.267081, QCD_stat_muon=6.99246, VBS_stat_ele=1.23228, VBS_stat_muon=4.06898, ele_efficiency=1.80836, ele_trigger=1.77017, fakephoton_ele=0.885993, fakephoton_muon=4.94476, interference=1.61454, lumi=2.71914, mu_efficiency=1.46354, mu_trigger=3.9172, non_prompt_stat_ele=-0.825129, non_prompt_stat_muon=6.82752, others_stat_ele=3.01402, others_stat_muon=4.48184, others_xs=2.04894, param=9.93577, pdf_ele=1.33902, pdf_muon=5.88395, photon_id=4.41907, pileup=0.649395, scale_ele=1.02721, scale_muon=5.41111
RooProdPdf::model_s[ modelObs_s * nuisancePdf ]
     getLogVal() top-level p.d.f evaluates to zero @ !pdfs=(modelObs_s = 0/1,nuisancePdf = 1)

[#0] WARNING:Minization -- RooMinimizerFcn: Minimized function has error status.
Returning maximum FCN so far (984.186) to force MIGRAD to back out of this region. Error log follows
Parameter values: JER_ele=-0.710117, JER_muon=2.43882, JES_ele=0.230736, JES_muon=4.56833, QCD_stat_ele=0.278575, QCD_stat_muon=6.98806, VBS_stat_ele=1.23756, VBS_stat_muon=4.09501, ele_efficiency=1.80929, ele_trigger=1.77393, fakephoton_ele=0.892854, fakephoton_muon=4.97065, interference=1.6314, lumi=2.73553, mu_efficiency=1.47108, mu_trigger=3.94264, non_prompt_stat_ele=-0.81698, non_prompt_stat_muon=6.80808, others_stat_ele=3.02207, others_stat_muon=4.50747, others_xs=2.06975, param=9.93535, pdf_ele=1.34533, pdf_muon=5.91289, photon_id=4.45698, pileup=0.65114, scale_ele=1.04144, scale_muon=5.3365
RooProdPdf::model_s[ modelObs_s * nuisancePdf ]
     getLogVal() top-level p.d.f evaluates to zero @ !pdfs=(modelObs_s = 0/1,nuisancePdf = 1)

[#0] WARNING:Minization -- RooMinimizerFcn: Minimized function has error status.
Returning maximum FCN so far (984.186) to force MIGRAD to back out of this region. Error log follows
Parameter values: JER_ele=-0.707004, JER_muon=2.45923, JES_ele=0.235942, JES_muon=4.59944, QCD_stat_ele=0.290188, QCD_stat_muon=6.98258, VBS_stat_ele=1.24289, VBS_stat_muon=4.12122, ele_efficiency=1.81022, ele_trigger=1.77773, fakephoton_ele=0.899786, fakephoton_muon=4.99667, interference=1.64843, lumi=2.75207, mu_efficiency=1.4787, mu_trigger=3.96827, non_prompt_stat_ele=-0.808744, non_prompt_stat_muon=6.7874, others_stat_ele=3.0302, others_stat_muon=4.53327, others_xs=2.09075, param=9.93493, pdf_ele=1.35171, pdf_muon=5.94178, photon_id=4.49507, pileup=0.652903, scale_ele=1.05581, scale_muon=5.2596
RooProdPdf::model_s[ modelObs_s * nuisancePdf ]
     getLogVal() top-level p.d.f evaluates to zero @ !pdfs=(modelObs_s = 0/1,nuisancePdf = 1)

[#0] WARNING:Minization -- RooMinimizerFcn: Minimized function has error status.
Returning maximum FCN so far (984.186) to force MIGRAD to back out of this region. Error log follows
Parameter values: JER_ele=-0.703858, JER_muon=2.47984, JES_ele=0.241205, JES_muon=4.63073, QCD_stat_ele=0.301927, QCD_stat_muon=6.976, VBS_stat_ele=1.24828, VBS_stat_muon=4.14763, ele_efficiency=1.81117, ele_trigger=1.78157, fakephoton_ele=0.906793, fakephoton_muon=5.02283, interference=1.66564, lumi=2.76877, mu_efficiency=1.4864, mu_trigger=3.9941, non_prompt_stat_ele=-0.800418, non_prompt_stat_muon=6.76544, others_stat_ele=3.03841, others_stat_muon=4.55924, others_xs=2.11196, param=9.9345, pdf_ele=1.35816, pdf_muon=5.97062, photon_id=4.53335, pileup=0.654685, scale_ele=1.07034, scale_muon=5.18036
RooProdPdf::model_s[ modelObs_s * nuisancePdf ]
     getLogVal() top-level p.d.f evaluates to zero @ !pdfs=(modelObs_s = 0/1,nuisancePdf = 1)

[#0] WARNING:Minization -- RooMinimizerFcn: Minimized function has error status.
Returning maximum FCN so far (984.186) to force MIGRAD to back out of this region. Error log follows
Parameter values: JER_ele=-0.700677, JER_muon=2.50065, JES_ele=0.246527, JES_muon=4.6622, QCD_stat_ele=0.313797, QCD_stat_muon=6.96827, VBS_stat_ele=1.25373, VBS_stat_muon=4.17425, ele_efficiency=1.81212, ele_trigger=1.78545, fakephoton_ele=0.913877, fakephoton_muon=5.04914, interference=1.68302, lumi=2.78565, mu_efficiency=1.49418, mu_trigger=4.02014, non_prompt_stat_ele=-0.791997, non_prompt_stat_muon=6.74216, others_stat_ele=3.04671, others_stat_muon=4.58539, others_xs=2.13339, param=9.93406, pdf_ele=1.36468, pdf_muon=5.99941, photon_id=4.57182, pileup=0.656487, scale_ele=1.08502, scale_muon=5.09871
RooProdPdf::model_s[ modelObs_s * nuisancePdf ]
     getLogVal() top-level p.d.f evaluates to zero @ !pdfs=(modelObs_s = 0/1,nuisancePdf = 1)

[#0] WARNING:Minization -- RooMinimizerFcn: Minimized function has error status.
Returning maximum FCN so far (984.186) to force MIGRAD to back out of this region. Error log follows
Parameter values: JER_ele=-0.697458, JER_muon=2.52168, JES_ele=0.25191, JES_muon=4.69387, QCD_stat_ele=0.325803, QCD_stat_muon=6.95937, VBS_stat_ele=1.25925, VBS_stat_muon=4.20107, ele_efficiency=1.81309, ele_trigger=1.78938, fakephoton_ele=0.921043, fakephoton_muon=5.0756, interference=1.7006, lumi=2.80269, mu_efficiency=1.50205, mu_trigger=4.04639, non_prompt_stat_ele=-0.783477, non_prompt_stat_muon=6.71751, others_stat_ele=3.05511, others_stat_muon=4.61172, others_xs=2.15504, param=9.93361, pdf_ele=1.37128, pdf_muon=6.02815, photon_id=4.61049, pileup=0.658309, scale_ele=1.09987, scale_muon=5.01458
RooProdPdf::model_s[ modelObs_s * nuisancePdf ]
     getLogVal() top-level p.d.f evaluates to zero @ !pdfs=(modelObs_s = 0/1,nuisancePdf = 1)

[#0] WARNING:Minization -- RooMinimizerFcn: Minimized function has error status.
Returning maximum FCN so far (984.186) to force MIGRAD to back out of this region. Error log follows
Parameter values: JER_ele=-0.694201, JER_muon=2.54293, JES_ele=0.257358, JES_muon=4.72573, QCD_stat_ele=0.337952, QCD_stat_muon=6.94924, VBS_stat_ele=1.26482, VBS_stat_muon=4.22812, ele_efficiency=1.81407, ele_trigger=1.79336, fakephoton_ele=0.928293, fakephoton_muon=5.10223, interference=1.71838, lumi=2.81993, mu_efficiency=1.51002, mu_trigger=4.07287, non_prompt_stat_ele=-0.774854, non_prompt_stat_muon=6.69144, others_stat_ele=3.06359, others_stat_muon=4.63826, others_xs=2.17693, param=9.93316, pdf_ele=1.37795, pdf_muon=6.05684, photon_id=4.64937, pileup=0.660154, scale_ele=1.1149, scale_muon=4.92791
RooProdPdf::model_s[ modelObs_s * nuisancePdf ]
     getLogVal() top-level p.d.f evaluates to zero @ !pdfs=(modelObs_s = 0/1,nuisancePdf = 1)

[#0] WARNING:Minization -- RooMinimizerFcn: Minimized function has error status.
Returning maximum FCN so far (984.186) to force MIGRAD to back out of this region. Error log follows
Parameter values: JER_ele=-0.690903, JER_muon=2.56441, JES_ele=0.262872, JES_muon=4.75781, QCD_stat_ele=0.35025, QCD_stat_muon=6.93785, VBS_stat_ele=1.27047, VBS_stat_muon=4.2554, ele_efficiency=1.81506, ele_trigger=1.79738, fakephoton_ele=0.935632, fakephoton_muon=5.12902, interference=1.73636, lumi=2.83735, mu_efficiency=1.51808, mu_trigger=4.09959, non_prompt_stat_ele=-0.766123, non_prompt_stat_muon=6.6639, others_stat_ele=3.07218, others_stat_muon=4.665, others_xs=2.19907, param=9.93271, pdf_ele=1.3847, pdf_muon=6.08547, photon_id=4.68847, pileup=0.662021, scale_ele=1.1301, scale_muon=4.83861
RooProdPdf::model_s[ modelObs_s * nuisancePdf ]
     getLogVal() top-level p.d.f evaluates to zero @ !pdfs=(modelObs_s = 0/1,nuisancePdf = 1)

[#0] WARNING:Minization -- RooMinimizerFcn: Minimized function has error status.
Returning maximum FCN so far (984.186) to force MIGRAD to back out of this region. Error log follows
Parameter values: JER_ele=-0.687563, JER_muon=2.58615, JES_ele=0.268457, JES_muon=4.79011, QCD_stat_ele=0.362704, QCD_stat_muon=6.92514, VBS_stat_ele=1.27619, VBS_stat_muon=4.28293, ele_efficiency=1.81606, ele_trigger=1.80145, fakephoton_ele=0.943064, fakephoton_muon=5.15599, interference=1.75456, lumi=2.85497, mu_efficiency=1.52624, mu_trigger=4.12656, non_prompt_stat_ele=-0.757279, non_prompt_stat_muon=6.63485, others_stat_ele=3.08087, others_stat_muon=4.69196, others_xs=2.22146, param=9.93224, pdf_ele=1.39154, pdf_muon=6.11405, photon_id=4.7278, pileup=0.663912, scale_ele=1.14549, scale_muon=4.74661
RooProdPdf::model_s[ modelObs_s * nuisancePdf ]
     getLogVal() top-level p.d.f evaluates to zero @ !pdfs=(modelObs_s = 0/1,nuisancePdf = 1)

[#0] WARNING:Minization -- RooMinimizerFcn: Minimized function has error status.
Returning maximum FCN so far (984.186) to force MIGRAD to back out of this region. Error log follows
Parameter values: JER_ele=-0.684179, JER_muon=2.60813, JES_ele=0.274115, JES_muon=4.82264, QCD_stat_ele=0.375321, QCD_stat_muon=6.91107, VBS_stat_ele=1.28198, VBS_stat_muon=4.31071, ele_efficiency=1.81708, ele_trigger=1.80558, fakephoton_ele=0.950592, fakephoton_muon=5.18314, interference=1.77298, lumi=2.87281, mu_efficiency=1.5345, mu_trigger=4.15378, non_prompt_stat_ele=-0.748319, non_prompt_stat_muon=6.60422, others_stat_ele=3.08966, others_stat_muon=4.71915, others_xs=2.24412, param=9.93177, pdf_ele=1.39847, pdf_muon=6.14258, photon_id=4.76737, pileup=0.665828, scale_ele=1.16108, scale_muon=4.65183
RooProdPdf::model_s[ modelObs_s * nuisancePdf ]
     getLogVal() top-level p.d.f evaluates to zero @ !pdfs=(modelObs_s = 0/1,nuisancePdf = 1)

[#0] WARNING:Minization -- RooMinimizerFcn: Minimized function has error status.
Returning maximum FCN so far (984.186) to force MIGRAD to back out of this region. Error log follows
Parameter values: JER_ele=-0.680749, JER_muon=2.63039, JES_ele=0.27985, JES_muon=4.85541, QCD_stat_ele=0.388107, QCD_stat_muon=6.89557, VBS_stat_ele=1.28785, VBS_stat_muon=4.33875, ele_efficiency=1.81811, ele_trigger=1.80976, fakephoton_ele=0.958221, fakephoton_muon=5.21049, interference=1.79165, lumi=2.89086, mu_efficiency=1.54288, mu_trigger=4.18128, non_prompt_stat_ele=-0.739235, non_prompt_stat_muon=6.57196, others_stat_ele=3.09857, others_stat_muon=4.74657, others_xs=2.26706, param=9.93128, pdf_ele=1.40548, pdf_muon=6.17104, photon_id=4.80719, pileup=0.667769, scale_ele=1.17687, scale_muon=4.55418
RooProdPdf::model_s[ modelObs_s * nuisancePdf ]
     getLogVal() top-level p.d.f evaluates to zero @ !pdfs=(modelObs_s = 0/1,nuisancePdf = 1)

[#0] WARNING:Minization -- RooMinimizerFcn: Minimized function has error status.
Returning maximum FCN so far (984.186) to force MIGRAD to back out of this region. Error log follows
Parameter values: JER_ele=-0.677271, JER_muon=2.65292, JES_ele=0.285664, JES_muon=4.88843, QCD_stat_ele=0.40107, QCD_stat_muon=6.87861, VBS_stat_ele=1.2938, VBS_stat_muon=4.36707, ele_efficiency=1.81915, ele_trigger=1.814, fakephoton_ele=0.965955, fakephoton_muon=5.23803, interference=1.81055, lumi=2.90914, mu_efficiency=1.55137, mu_trigger=4.20906, non_prompt_stat_ele=-0.730023, non_prompt_stat_muon=6.538, others_stat_ele=3.1076, others_stat_muon=4.77424, others_xs=2.2903, param=9.9308, pdf_ele=1.4126, pdf_muon=6.19945, photon_id=4.84727, pileup=0.669738, scale_ele=1.19288, scale_muon=4.45357
RooProdPdf::model_s[ modelObs_s * nuisancePdf ]
     getLogVal() top-level p.d.f evaluates to zero @ !pdfs=(modelObs_s = 0/1,nuisancePdf = 1)

[#0] WARNING:Minization -- RooMinimizerFcn: Minimized function has error status.
Returning maximum FCN so far (984.186) to force MIGRAD to back out of this region. Error log follows
Parameter values: JER_ele=-0.673742, JER_muon=2.67575, JES_ele=0.291562, JES_muon=4.9217, QCD_stat_ele=0.414219, QCD_stat_muon=6.8601, VBS_stat_ele=1.29984, VBS_stat_muon=4.39568, ele_efficiency=1.82021, ele_trigger=1.8183, fakephoton_ele=0.973799, fakephoton_muon=5.26579, interference=1.82972, lumi=2.92766, mu_efficiency=1.55998, mu_trigger=4.23713, non_prompt_stat_ele=-0.720678, non_prompt_stat_muon=6.50227, others_stat_ele=3.11675, others_stat_muon=4.80216, others_xs=2.31384, param=9.9303, pdf_ele=1.41982, pdf_muon=6.22778, photon_id=4.88761, pileup=0.671735, scale_ele=1.20911, scale_muon=4.34992
RooProdPdf::model_s[ modelObs_s * nuisancePdf ]
     getLogVal() top-level p.d.f evaluates to zero @ !pdfs=(modelObs_s = 0/1,nuisancePdf = 1)

[#0] WARNING:Minization -- RooMinimizerFcn: Minimized function has error status.
Returning maximum FCN so far (984.186) to force MIGRAD to back out of this region. Error log follows
Parameter values: JER_ele=-0.670161, JER_muon=2.69888, JES_ele=0.297547, JES_muon=4.95525, QCD_stat_ele=0.42756, QCD_stat_muon=6.84, VBS_stat_ele=1.30596, VBS_stat_muon=4.42459, ele_efficiency=1.82129, ele_trigger=1.82266, fakephoton_ele=0.981759, fakephoton_muon=5.29376, interference=1.84915, lumi=2.94643, mu_efficiency=1.56871, mu_trigger=4.26551, non_prompt_stat_ele=-0.711193, non_prompt_stat_muon=6.46471, others_stat_ele=3.12603, others_stat_muon=4.83035, others_xs=2.33769, param=9.92979, pdf_ele=1.42714, pdf_muon=6.25604, photon_id=4.92823, pileup=0.673761, scale_ele=1.22558, scale_muon=4.24311
RooProdPdf::model_s[ modelObs_s * nuisancePdf ]
     getLogVal() top-level p.d.f evaluates to zero @ !pdfs=(modelObs_s = 0/1,nuisancePdf = 1)

[#0] WARNING:Minization -- RooMinimizerFcn: Minimized function has error status.
Returning maximum FCN so far (984.186) to force MIGRAD to back out of this region. Error log follows
Parameter values: JER_ele=-0.666526, JER_muon=2.72233, JES_ele=0.303624, JES_muon=4.98907, QCD_stat_ele=0.441104, QCD_stat_muon=6.81823, VBS_stat_ele=1.31218, VBS_stat_muon=4.45381, ele_efficiency=1.82238, ele_trigger=1.82709, fakephoton_ele=0.989838, fakephoton_muon=5.32196, interference=1.86887, lumi=2.96545, mu_efficiency=1.57757, mu_trigger=4.2942, non_prompt_stat_ele=-0.701561, non_prompt_stat_muon=6.42523, others_stat_ele=3.13545, others_stat_muon=4.85882, others_xs=2.36188, param=9.92927, pdf_ele=1.43457, pdf_muon=6.28423, photon_id=4.96913, pileup=0.675819, scale_ele=1.24229, scale_muon=4.13306
RooProdPdf::model_s[ modelObs_s * nuisancePdf ]
     getLogVal() top-level p.d.f evaluates to zero @ !pdfs=(modelObs_s = 0/1,nuisancePdf = 1)

[#0] WARNING:Minization -- RooMinimizerFcn: Minimized function has error status.
Returning maximum FCN so far (984.186) to force MIGRAD to back out of this region. Error log follows
Parameter values: JER_ele=-0.662833, JER_muon=2.7461, JES_ele=0.309795, JES_muon=5.02319, QCD_stat_ele=0.454859, QCD_stat_muon=6.79471, VBS_stat_ele=1.31849, VBS_stat_muon=4.48336, ele_efficiency=1.82349, ele_trigger=1.83159, fakephoton_ele=0.998043, fakephoton_muon=5.35039, interference=1.88888, lumi=2.98475, mu_efficiency=1.58657, mu_trigger=4.32323, non_prompt_stat_ele=-0.691777, non_prompt_stat_muon=6.38376, others_stat_ele=3.145, others_stat_muon=4.88758, others_xs=2.38642, param=9.92874, pdf_ele=1.44212, pdf_muon=6.31233, photon_id=5.01033, pileup=0.677908, scale_ele=1.25925, scale_muon=4.01965
RooProdPdf::model_s[ modelObs_s * nuisancePdf ]
     getLogVal() top-level p.d.f evaluates to zero @ !pdfs=(modelObs_s = 0/1,nuisancePdf = 1)

[#0] WARNING:Minization -- RooMinimizerFcn: Minimized function has error status.
Returning maximum FCN so far (984.186) to force MIGRAD to back out of this region. Error log follows
Parameter values: JER_ele=-0.65908, JER_muon=2.77023, JES_ele=0.316066, JES_muon=5.05761, QCD_stat_ele=0.468834, QCD_stat_muon=6.76937, VBS_stat_ele=1.32491, VBS_stat_muon=4.51325, ele_efficiency=1.82461, ele_trigger=1.83616, fakephoton_ele=1.00638, fakephoton_muon=5.37907, interference=1.90919, lumi=3.00434, mu_efficiency=1.59572, mu_trigger=4.35261, non_prompt_stat_ele=-0.681834, non_prompt_stat_muon=6.34022, others_stat_ele=3.15471, others_stat_muon=4.91664, others_xs=2.41132, param=9.92821, pdf_ele=1.44978, pdf_muon=6.34033, photon_id=5.05183, pileup=0.680031, scale_ele=1.27648, scale_muon=3.90277
RooProdPdf::model_s[ modelObs_s * nuisancePdf ]
     getLogVal() top-level p.d.f evaluates to zero @ !pdfs=(modelObs_s = 0/1,nuisancePdf = 1)

[#0] WARNING:Minization -- RooMinimizerFcn: Minimized function has error status.
Returning maximum FCN so far (984.186) to force MIGRAD to back out of this region. Error log follows
Parameter values: JER_ele=-0.655265, JER_muon=2.79471, JES_ele=0.322441, JES_muon=5.09233, QCD_stat_ele=0.48304, QCD_stat_muon=6.74213, VBS_stat_ele=1.33143, VBS_stat_muon=4.54349, ele_efficiency=1.82576, ele_trigger=1.8408, fakephoton_ele=1.01485, fakephoton_muon=5.408, interference=1.92983, lumi=3.02421, mu_efficiency=1.60501, mu_trigger=4.38234, non_prompt_stat_ele=-0.671723, non_prompt_stat_muon=6.2945, others_stat_ele=3.16456, others_stat_muon=4.94601, others_xs=2.4366, param=9.92766, pdf_ele=1.45758, pdf_muon=6.36824, photon_id=5.09365, pileup=0.68219, scale_ele=1.29399, scale_muon=3.78231
RooProdPdf::model_s[ modelObs_s * nuisancePdf ]
     getLogVal() top-level p.d.f evaluates to zero @ !pdfs=(modelObs_s = 0/1,nuisancePdf = 1)

[#0] WARNING:Minization -- RooMinimizerFcn: Minimized function has error status.
Returning maximum FCN so far (984.186) to force MIGRAD to back out of this region. Error log follows
Parameter values: JER_ele=-0.651383, JER_muon=2.81958, JES_ele=0.328925, JES_muon=5.12739, QCD_stat_ele=0.497488, QCD_stat_muon=6.71289, VBS_stat_ele=1.33806, VBS_stat_muon=4.5741, ele_efficiency=1.82692, ele_trigger=1.84553, fakephoton_ele=1.02347, fakephoton_muon=5.43719, interference=1.9508, lumi=3.0444, mu_efficiency=1.61446, mu_trigger=4.41246, non_prompt_stat_ele=-0.661438, non_prompt_stat_muon=6.24651, others_stat_ele=3.17458, others_stat_muon=4.9757, others_xs=2.46228, param=9.9271, pdf_ele=1.4655, pdf_muon=6.39603, photon_id=5.13579, pileup=0.684385, scale_ele=1.31179, scale_muon=3.65814
RooProdPdf::model_s[ modelObs_s * nuisancePdf ]
     getLogVal() top-level p.d.f evaluates to zero @ !pdfs=(modelObs_s = 0/1,nuisancePdf = 1)

[#0] WARNING:Minization -- RooMinimizerFcn: Minimized function has error status.
Returning maximum FCN so far (984.186) to force MIGRAD to back out of this region. Error log follows
Parameter values: JER_ele=-0.647434, JER_muon=2.84483, JES_ele=0.335523, JES_muon=5.16278, QCD_stat_ele=0.512188, QCD_stat_muon=6.68156, VBS_stat_ele=1.3448, VBS_stat_muon=4.60509, ele_efficiency=1.82811, ele_trigger=1.85033, fakephoton_ele=1.03224, fakephoton_muon=5.46665, interference=1.97212, lumi=3.06492, mu_efficiency=1.62407, mu_trigger=4.44296, non_prompt_stat_ele=-0.65097, non_prompt_stat_muon=6.19615, others_stat_ele=3.18476, others_stat_muon=5.00574, others_xs=2.48837, param=9.92653, pdf_ele=1.47356, pdf_muon=6.4237, photon_id=5.17826, pileup=0.686619, scale_ele=1.3299, scale_muon=3.53013
RooProdPdf::model_s[ modelObs_s * nuisancePdf ]
     getLogVal() top-level p.d.f evaluates to zero @ !pdfs=(modelObs_s = 0/1,nuisancePdf = 1)

[#0] WARNING:Minization -- RooMinimizerFcn: Minimized function has error status.
Returning maximum FCN so far (984.186) to force MIGRAD to back out of this region. Error log follows
Parameter values: JER_ele=-0.643412, JER_muon=2.8705, JES_ele=0.342241, JES_muon=5.19851, QCD_stat_ele=0.527152, QCD_stat_muon=6.64804, VBS_stat_ele=1.35167, VBS_stat_muon=4.63649, ele_efficiency=1.82931, ele_trigger=1.85522, fakephoton_ele=1.04116, fakephoton_muon=5.49639, interference=1.9938, lumi=3.08577, mu_efficiency=1.63385, mu_trigger=4.47388, non_prompt_stat_ele=-0.64031, non_prompt_stat_muon=6.14332, others_stat_ele=3.19513, others_stat_muon=5.03613, others_xs=2.51489, param=9.92594, pdf_ele=1.48177, pdf_muon=6.45123, photon_id=5.22108, pileup=0.688894, scale_ele=1.34832, scale_muon=3.39816
RooProdPdf::model_s[ modelObs_s * nuisancePdf ]
     getLogVal() top-level p.d.f evaluates to zero @ !pdfs=(modelObs_s = 0/1,nuisancePdf = 1)

[#0] WARNING:Minization -- RooMinimizerFcn: Minimized function has error status.
Returning maximum FCN so far (984.186) to force MIGRAD to back out of this region. Error log follows
Parameter values: JER_ele=-0.639315, JER_muon=2.89661, JES_ele=0.349084, JES_muon=5.2346, QCD_stat_ele=0.542394, QCD_stat_muon=6.61221, VBS_stat_ele=1.35866, VBS_stat_muon=4.66829, ele_efficiency=1.83054, ele_trigger=1.8602, fakephoton_ele=1.05025, fakephoton_muon=5.52643, interference=2.01587, lumi=3.10697, mu_efficiency=1.64382, mu_trigger=4.50521, non_prompt_stat_ele=-0.62945, non_prompt_stat_muon=6.08788, others_stat_ele=3.20567, others_stat_muon=5.06688, others_xs=2.54186, param=9.92534, pdf_ele=1.49013, pdf_muon=6.47861, photon_id=5.26424, pileup=0.691211, scale_ele=1.36708, scale_muon=3.26208
RooProdPdf::model_s[ modelObs_s * nuisancePdf ]
     getLogVal() top-level p.d.f evaluates to zero @ !pdfs=(modelObs_s = 0/1,nuisancePdf = 1)

[#0] WARNING:Minization -- RooMinimizerFcn: Minimized function has error status.
Returning maximum FCN so far (984.186) to force MIGRAD to back out of this region. Error log follows
Parameter values: JER_ele=-0.635139, JER_muon=2.92316, JES_ele=0.356057, JES_muon=5.27107, QCD_stat_ele=0.557925, QCD_stat_muon=6.57396, VBS_stat_ele=1.36579, VBS_stat_muon=4.70053, ele_efficiency=1.8318, ele_trigger=1.86528, fakephoton_ele=1.05951, fakephoton_muon=5.55676, interference=2.03834, lumi=3.12855, mu_efficiency=1.65397, mu_trigger=4.537, non_prompt_stat_ele=-0.61838, non_prompt_stat_muon=6.02972, others_stat_ele=3.21641, others_stat_muon=5.09801, others_xs=2.56931, param=9.92473, pdf_ele=1.49864, pdf_muon=6.50582, photon_id=5.30776, pileup=0.693572, scale_ele=1.38619, scale_muon=3.12175
RooProdPdf::model_s[ modelObs_s * nuisancePdf ]
     getLogVal() top-level p.d.f evaluates to zero @ !pdfs=(modelObs_s = 0/1,nuisancePdf = 1)

[#0] WARNING:Minization -- RooMinimizerFcn: Minimized function has error status.
Returning maximum FCN so far (984.186) to force MIGRAD to back out of this region. Error log follows
Parameter values: JER_ele=-0.630881, JER_muon=2.95018, JES_ele=0.363168, JES_muon=5.30791, QCD_stat_ele=0.573761, QCD_stat_muon=6.53317, VBS_stat_ele=1.37305, VBS_stat_muon=4.73323, ele_efficiency=1.83307, ele_trigger=1.87046, fakephoton_ele=1.06896, fakephoton_muon=5.58741, interference=2.06123, lumi=3.15051, mu_efficiency=1.66431, mu_trigger=4.56924, non_prompt_stat_ele=-0.607089, non_prompt_stat_muon=5.9687, others_stat_ele=3.22735, others_stat_muon=5.12954, others_xs=2.59725, param=9.92411, pdf_ele=1.50732, pdf_muon=6.53284, photon_id=5.35166, pileup=0.695979, scale_ele=1.40566, scale_muon=2.97702
RooProdPdf::model_s[ modelObs_s * nuisancePdf ]
     getLogVal() top-level p.d.f evaluates to zero @ !pdfs=(modelObs_s = 0/1,nuisancePdf = 1)

[#0] WARNING:Minization -- RooMinimizerFcn: Minimized function has error status.
Returning maximum FCN so far (984.186) to force MIGRAD to back out of this region. Error log follows
Parameter values: JER_ele=-0.626535, JER_muon=2.9777, JES_ele=0.370424, JES_muon=5.34516, QCD_stat_ele=0.589915, QCD_stat_muon=6.48969, VBS_stat_ele=1.38047, VBS_stat_muon=4.76639, ele_efficiency=1.83438, ele_trigger=1.87574, fakephoton_ele=1.07859, fakephoton_muon=5.61838, interference=2.08456, lumi=3.17288, mu_efficiency=1.67486, mu_trigger=4.60197, non_prompt_stat_ele=-0.595567, non_prompt_stat_muon=5.90468, others_stat_ele=3.2385, others_stat_muon=5.16148, others_xs=2.62571, param=9.92347, pdf_ele=1.51618, pdf_muon=6.55966, photon_id=5.39593, pileup=0.698436, scale_ele=1.42552, scale_muon=2.82773
RooProdPdf::model_s[ modelObs_s * nuisancePdf ]
     getLogVal() top-level p.d.f evaluates to zero @ !pdfs=(modelObs_s = 0/1,nuisancePdf = 1)

[#0] WARNING:Minization -- RooMinimizerFcn: Minimized function has error status.
Returning maximum FCN so far (984.186) to force MIGRAD to back out of this region. Error log follows
Parameter values: JER_ele=-0.622099, JER_muon=3.00574, JES_ele=0.377831, JES_muon=5.38281, QCD_stat_ele=0.606405, QCD_stat_muon=6.44339, VBS_stat_ele=1.38803, VBS_stat_muon=4.80004, ele_efficiency=1.83571, ele_trigger=1.88113, fakephoton_ele=1.08842, fakephoton_muon=5.64967, interference=2.10836, lumi=3.19568, mu_efficiency=1.68563, mu_trigger=4.6352, non_prompt_stat_ele=-0.583802, non_prompt_stat_muon=5.83751, others_stat_ele=3.24988, others_stat_muon=5.19385, others_xs=2.65472, param=9.92281, pdf_ele=1.52522, pdf_muon=6.58625, photon_id=5.44058, pileup=0.700944, scale_ele=1.44579, scale_muon=2.67371
RooProdPdf::model_s[ modelObs_s * nuisancePdf ]
     getLogVal() top-level p.d.f evaluates to zero @ !pdfs=(modelObs_s = 0/1,nuisancePdf = 1)


 -- Hybrid New -- 
CLs = 0.436364 +/- 0.0286118
Done in 16.75 min (cpu), 16.77 min (real)
