 <<< Combine >>> 
>>> including systematics
>>> using the Profile Likelihood test statistics modified for upper limits (Q_LHC)
>>> method used is HybridNew
>>> Used OpenSSL to get a really random seed 1362841980
Computing results starting from observation (a-posteriori)
[#0] WARNING:Minization -- RooMinimizerFcn: Minimized function has error status.
Returning maximum FCN so far (1081.43) to force MIGRAD to back out of this region. Error log follows
Parameter values: JER_ele=-6.08154, JER_muon=6.39433, JES_ele=3.91262, JES_muon=-3.78106, QCD_stat_ele=6.87147, QCD_stat_muon=-1.33076, VBS_stat_ele=0.739214, VBS_stat_muon=5.53203, ele_efficiency=-6.72145, ele_trigger=-6.82477, fakephoton_ele=6.45106, fakephoton_muon=-6.99979, interference=-4.16931, lumi=-3.77813, mu_efficiency=1.46551, mu_trigger=6.70714, non_prompt_stat_ele=6.13451, non_prompt_stat_muon=-5.96032, others_stat_ele=-6.79147, others_stat_muon=-4.04205, others_xs=-4.19851, param=1.63641, pdf_ele=6.77244, pdf_muon=-3.02564, photon_id=6.99959, pileup=0.634712, scale_ele=-4.80464, scale_muon=5.80851
RooProdPdf::model_s[ modelObs_s * nuisancePdf ]
     getLogVal() top-level p.d.f evaluates to zero @ !pdfs=(modelObs_s = 0/1,nuisancePdf = 1)

[#0] WARNING:Minization -- RooMinimizerFcn: Minimized function has error status.
Returning maximum FCN so far (831.561) to force MIGRAD to back out of this region. Error log follows
Parameter values: JER_ele=6.65863, JER_muon=-6.47789, JES_ele=-6.4794, JES_muon=-5.55815, QCD_stat_ele=-6.7986, QCD_stat_muon=4.73033, VBS_stat_ele=-6.54349, VBS_stat_muon=-5.3617, ele_efficiency=1.93438, ele_trigger=-2.64236, fakephoton_ele=6.38564, fakephoton_muon=-6.92549, interference=-5.44094, lumi=-3.98224, mu_efficiency=-6.23401, mu_trigger=4.37758, non_prompt_stat_ele=5.35892, non_prompt_stat_muon=5.54044, others_stat_ele=2.10552, others_stat_muon=6.97842, others_xs=-6.65631, param=2.06535, pdf_ele=6.9928, pdf_muon=-6.97968, photon_id=0.543993, pileup=-2.81232, scale_ele=-6.79645, scale_muon=-6.99748
RooProdPdf::model_s[ modelObs_s * nuisancePdf ]
     getLogVal() top-level p.d.f evaluates to zero @ !pdfs=(modelObs_s = 0/1,nuisancePdf = 1)

[#0] WARNING:Minization -- RooMinimizerFcn: Minimized function has error status.
Returning maximum FCN so far (884.225) to force MIGRAD to back out of this region. Error log follows
Parameter values: JER_ele=6.88143, JER_muon=-6.1249, JES_ele=5.70049, JES_muon=-4.00231, QCD_stat_ele=6.60916, QCD_stat_muon=-4.57496, VBS_stat_ele=6.87503, VBS_stat_muon=-6.99893, ele_efficiency=-1.72819, ele_trigger=-6.45133, fakephoton_ele=3.02913, fakephoton_muon=6.26001, interference=-6.99587, lumi=4.5152, mu_efficiency=-4.58574, mu_trigger=3.8301, non_prompt_stat_ele=6.91508, non_prompt_stat_muon=5.48917, others_stat_ele=-2.81433, others_stat_muon=-4.67792, others_xs=5.35502, param=0.982839, pdf_ele=-0.756171, pdf_muon=6.92743, photon_id=2.30541, pileup=-5.86464, scale_ele=3.52184, scale_muon=4.55726
RooProdPdf::model_s[ modelObs_s * nuisancePdf ]
     getLogVal() top-level p.d.f evaluates to zero @ !pdfs=(modelObs_s = 0/1,nuisancePdf = 1)

[#0] WARNING:Minization -- RooMinimizerFcn: Minimized function has error status.
Returning maximum FCN so far (485.64) to force MIGRAD to back out of this region. Error log follows
Parameter values: JER_ele=3.84952, JER_muon=-4.67448, JES_ele=3.90057, JES_muon=-1.93422, QCD_stat_ele=-6.86414, QCD_stat_muon=-2.56535, VBS_stat_ele=-6.98693, VBS_stat_muon=-1.14224, ele_efficiency=3.58222, ele_trigger=-4.3855, fakephoton_ele=6.79128, fakephoton_muon=-6.86066, interference=0.821832, lumi=2.94704, mu_efficiency=-6.99242, mu_trigger=3.49428, non_prompt_stat_ele=6.33566, non_prompt_stat_muon=4.82459, others_stat_ele=-5.89319, others_stat_muon=-5.06179, others_xs=6.93643, param=2.41434, pdf_ele=-6.8647, pdf_muon=-3.44339, photon_id=0.576232, pileup=6.87791, scale_ele=4.25152, scale_muon=-0.424756
RooProdPdf::model_s[ modelObs_s * nuisancePdf ]
     getLogVal() top-level p.d.f evaluates to zero @ !pdfs=(modelObs_s = 0/1,nuisancePdf = 1)

[#0] WARNING:Minization -- RooMinimizerFcn: Minimized function has error status.
Returning maximum FCN so far (769.3) to force MIGRAD to back out of this region. Error log follows
Parameter values: JER_ele=2.70282, JER_muon=-6.08508, JES_ele=-2.71654, JES_muon=-2.75506, QCD_stat_ele=5.87966, QCD_stat_muon=2.28868, VBS_stat_ele=-4.81571, VBS_stat_muon=-6.07381, ele_efficiency=-1.48752, ele_trigger=0.541758, fakephoton_ele=6.23932, fakephoton_muon=-5.78293, interference=2.27328, lumi=-4.53802, mu_efficiency=-2.39717, mu_trigger=-0.718841, non_prompt_stat_ele=6.77277, non_prompt_stat_muon=-5.34107, others_stat_ele=5.12309, others_stat_muon=4.24524, others_xs=-5.08973, param=2.44693, pdf_ele=-2.36722, pdf_muon=-3.76547, photon_id=-6.99447, pileup=0.424199, scale_ele=-0.444764, scale_muon=-5.87729
RooProdPdf::model_s[ modelObs_s * nuisancePdf ]
     getLogVal() top-level p.d.f evaluates to zero @ !pdfs=(modelObs_s = 0/1,nuisancePdf = 1)

[#0] WARNING:Minization -- RooMinimizerFcn: Minimized function has error status.
Returning maximum FCN so far (769.3) to force MIGRAD to back out of this region. Error log follows
Parameter values: JER_ele=-6.94732, JER_muon=1.33666, JES_ele=2.39707, JES_muon=-3.24468, QCD_stat_ele=6.26769, QCD_stat_muon=-1.64885, VBS_stat_ele=2.72617, VBS_stat_muon=4.48162, ele_efficiency=6.93923, ele_trigger=-6.20109, fakephoton_ele=6.11046, fakephoton_muon=6.85825, interference=5.50475, lumi=-6.38333, mu_efficiency=-6.94811, mu_trigger=-4.22919, non_prompt_stat_ele=4.4885, non_prompt_stat_muon=1.58519, others_stat_ele=6.51006, others_stat_muon=6.90094, others_xs=-1.17156, param=2.44769, pdf_ele=-6.20824, pdf_muon=5.57164, photon_id=-4.54278, pileup=0.440353, scale_ele=6.24343, scale_muon=-0.677614
RooProdPdf::model_s[ modelObs_s * nuisancePdf ]
     getLogVal() top-level p.d.f evaluates to zero @ !pdfs=(modelObs_s = 0/1,nuisancePdf = 1)

[#0] WARNING:Minization -- RooMinimizerFcn: Minimized function has error status.
Returning maximum FCN so far (769.3) to force MIGRAD to back out of this region. Error log follows
Parameter values: JER_ele=3.38384, JER_muon=-6.96073, JES_ele=-0.691669, JES_muon=6.0204, QCD_stat_ele=6.99987, QCD_stat_muon=2.49673, VBS_stat_ele=-5.46809, VBS_stat_muon=2.97829, ele_efficiency=-1.08968, ele_trigger=1.83194, fakephoton_ele=6.9823, fakephoton_muon=-3.59884, interference=6.48093, lumi=-0.584433, mu_efficiency=-0.542003, mu_trigger=-0.752159, non_prompt_stat_ele=6.99526, non_prompt_stat_muon=0.416177, others_stat_ele=5.4197, others_stat_muon=6.85699, others_xs=-2.37245, param=2.44735, pdf_ele=0.133656, pdf_muon=-3.73323, photon_id=1.71517, pileup=0.787959, scale_ele=4.98914, scale_muon=6.99989
RooProdPdf::model_s[ modelObs_s * nuisancePdf ]
     getLogVal() top-level p.d.f evaluates to zero @ !pdfs=(modelObs_s = 0/1,nuisancePdf = 1)

[#0] WARNING:Minization -- RooMinimizerFcn: Minimized function has error status.
Returning maximum FCN so far (775.502) to force MIGRAD to back out of this region. Error log follows
Parameter values: JER_ele=-5.63768, JER_muon=3.73309, JES_ele=-4.578, JES_muon=5.60399, QCD_stat_ele=5.55278, QCD_stat_muon=-4.85486, VBS_stat_ele=-6.97668, VBS_stat_muon=1.17017, ele_efficiency=4.73686, ele_trigger=6.91163, fakephoton_ele=6.43628, fakephoton_muon=-6.90956, interference=-0.651102, lumi=-4.07406, mu_efficiency=6.44899, mu_trigger=4.68813, non_prompt_stat_ele=6.99, non_prompt_stat_muon=6.51104, others_stat_ele=-1.37505, others_stat_muon=3.56684, others_xs=-6.9916, param=2.45227, pdf_ele=1.38331, pdf_muon=3.30681, photon_id=6.39448, pileup=-4.66771, scale_ele=2.77853, scale_muon=6.1991
RooProdPdf::model_s[ modelObs_s * nuisancePdf ]
     getLogVal() top-level p.d.f evaluates to zero @ !pdfs=(modelObs_s = 0/1,nuisancePdf = 1)

[#0] WARNING:Minization -- RooMinimizerFcn: Minimized function has error status.
Returning maximum FCN so far (441.421) to force MIGRAD to back out of this region. Error log follows
Parameter values: JER_ele=-6.87192, JER_muon=1.24461, JES_ele=1.5373, JES_muon=-5.64244, QCD_stat_ele=-2.81036, QCD_stat_muon=3.89829, VBS_stat_ele=-6.07597, VBS_stat_muon=-3.31912, ele_efficiency=-2.37452, ele_trigger=-3.94014, fakephoton_ele=4.49098, fakephoton_muon=-6.74651, interference=-1.42042, lumi=-4.04283, mu_efficiency=1.50189, mu_trigger=-5.96542, non_prompt_stat_ele=5.18294, non_prompt_stat_muon=-3.96603, others_stat_ele=6.09976, others_stat_muon=-6.19893, others_xs=-6.98931, param=2.08708, pdf_ele=5.15549, pdf_muon=4.52087, photon_id=6.99865, pileup=6.12551, scale_ele=-6.60872, scale_muon=0.166306
RooProdPdf::model_s[ modelObs_s * nuisancePdf ]
     getLogVal() top-level p.d.f evaluates to zero @ !pdfs=(modelObs_s = 0/1,nuisancePdf = 1)

[#0] WARNING:Minization -- RooMinimizerFcn: Minimized function has error status.
Returning maximum FCN so far (441.421) to force MIGRAD to back out of this region. Error log follows
Parameter values: JER_ele=5.30212, JER_muon=-0.686249, JES_ele=6.48615, JES_muon=2.85722, QCD_stat_ele=-6.38163, QCD_stat_muon=5.01206, VBS_stat_ele=-1.74295, VBS_stat_muon=6.19506, ele_efficiency=2.27589, ele_trigger=6.00303, fakephoton_ele=6.67857, fakephoton_muon=-5.97499, interference=-5.3241, lumi=-6.89338, mu_efficiency=4.48254, mu_trigger=3.83074, non_prompt_stat_ele=4.43469, non_prompt_stat_muon=-6.50396, others_stat_ele=1.70377, others_stat_muon=-0.04179, others_xs=0.829622, param=2.10267, pdf_ele=6.85302, pdf_muon=-5.39904, photon_id=-3.27721, pileup=6.61766, scale_ele=4.3549, scale_muon=-6.82482
RooProdPdf::model_s[ modelObs_s * nuisancePdf ]
     getLogVal() top-level p.d.f evaluates to zero @ !pdfs=(modelObs_s = 0/1,nuisancePdf = 1)


 -- Hybrid New -- 
CLs = 1.01434 +/- 0.0149396
Done in 17.80 min (cpu), 18.03 min (real)
