ggWW_em
/data/pubfs/tyyang99/jupyter_files/pkutree/mc_ssww_parquet/ggWW_em/0/0.parquet 	1/9
0
0
8
/data/pubfs/tyyang99/jupyter_files/pkutree/mc_ssww_parquet/ggWW_em/1/1.parquet 	2/9
0
0
34
/data/pubfs/tyyang99/jupyter_files/pkutree/mc_ssww_parquet/ggWW_em/2/2.parquet 	3/9
0
0
75
/data/pubfs/tyyang99/jupyter_files/pkutree/mc_ssww_parquet/ggWW_em/3/3.parquet 	4/9
0
0
4
/data/pubfs/tyyang99/jupyter_files/pkutree/mc_ssww_parquet/ggWW_em/4/4.parquet 	5/9
0
0
68
/data/pubfs/tyyang99/jupyter_files/pkutree/mc_ssww_parquet/ggWW_em/5/5.parquet 	6/9
0
0
11
/data/pubfs/tyyang99/jupyter_files/pkutree/mc_ssww_parquet/ggWW_em/6/6.parquet 	7/9
0
0
32
/data/pubfs/tyyang99/jupyter_files/pkutree/mc_ssww_parquet/ggWW_em/7/7.parquet 	8/9
1
1
108
/data/pubfs/tyyang99/jupyter_files/pkutree/mc_ssww_parquet/ggWW_em/8/8.parquet 	9/9
0
0
20
job done!
