 <<< Combine >>> 
>>> including systematics
>>> using the Profile Likelihood test statistics modified for upper limits (Q_LHC)
>>> method used is HybridNew
>>> Used OpenSSL to get a really random seed 215791807
Computing results starting from observation (a-posteriori)
[#0] WARNING:Minization -- RooMinimizerFcn: Minimized function has error status.
Returning maximum FCN so far (1067.81) to force MIGRAD to back out of this region. Error log follows
Parameter values: JER_ele=0.286519, JER_muon=6.88887, JES_ele=5.59022, JES_muon=-0.447028, QCD_stat_ele=6.73001, QCD_stat_muon=-1.31042, VBS_stat_ele=6.88698, VBS_stat_muon=1.76921, ele_efficiency=6.1478, ele_trigger=-3.82137, fakephoton_ele=1.37469, fakephoton_muon=6.86072, interference=6.99102, lumi=-6.9857, mu_efficiency=-5.63599, mu_trigger=-6.89283, non_prompt_stat_ele=6.84795, non_prompt_stat_muon=4.69881, others_stat_ele=-5.11036, others_stat_muon=2.95017, others_xs=6.94552, param=1.07459, pdf_ele=-5.5683, pdf_muon=0.0304866, photon_id=6.7553, pileup=-6.8591, scale_ele=-3.37813, scale_muon=-6.98466
RooProdPdf::model_s[ modelObs_s * nuisancePdf ]
     getLogVal() top-level p.d.f evaluates to zero @ !pdfs=(modelObs_s = 0/1,nuisancePdf = 1)

[#0] WARNING:Minization -- RooMinimizerFcn: Minimized function has error status.
Returning maximum FCN so far (1067.81) to force MIGRAD to back out of this region. Error log follows
Parameter values: JER_ele=-0.509569, JER_muon=5.39106, JES_ele=6.99999, JES_muon=6.91831, QCD_stat_ele=-4.4313, QCD_stat_muon=-6.12751, VBS_stat_ele=6.02178, VBS_stat_muon=5.43793, ele_efficiency=3.36086, ele_trigger=5.90501, fakephoton_ele=6.51766, fakephoton_muon=5.21136, interference=2.14576, lumi=6.59418, mu_efficiency=-2.20924, mu_trigger=6.87949, non_prompt_stat_ele=6.42316, non_prompt_stat_muon=6.99364, others_stat_ele=4.70828, others_stat_muon=6.88491, others_xs=6.93445, param=0.715823, pdf_ele=5.96348, pdf_muon=5.63959, photon_id=-2.83361, pileup=0.599119, scale_ele=-5.08441, scale_muon=-6.95964
RooProdPdf::model_s[ modelObs_s * nuisancePdf ]
     getLogVal() top-level p.d.f evaluates to zero @ !pdfs=(modelObs_s = 0/1,nuisancePdf = 1)

[#0] WARNING:Minization -- RooMinimizerFcn: Minimized function has error status.
Returning maximum FCN so far (1067.81) to force MIGRAD to back out of this region. Error log follows
Parameter values: JER_ele=2.68061, JER_muon=-5.62729, JES_ele=-6.99677, JES_muon=3.14344, QCD_stat_ele=1.30302, QCD_stat_muon=-0.656777, VBS_stat_ele=0.314076, VBS_stat_muon=-3.09014, ele_efficiency=6.81651, ele_trigger=1.68515, fakephoton_ele=6.98395, fakephoton_muon=-6.16095, interference=-4.74073, lumi=6.42485, mu_efficiency=5.32777, mu_trigger=1.84035, non_prompt_stat_ele=6.99554, non_prompt_stat_muon=-3.78184, others_stat_ele=6.99441, others_stat_muon=3.81017, others_xs=5.57375, param=0.234999, pdf_ele=-1.60864, pdf_muon=1.36207, photon_id=-6.87822, pileup=0.314825, scale_ele=-4.89743, scale_muon=5.76509
RooProdPdf::model_s[ modelObs_s * nuisancePdf ]
     getLogVal() top-level p.d.f evaluates to zero @ !pdfs=(modelObs_s = 0/1,nuisancePdf = 1)

[#0] WARNING:Minization -- RooMinimizerFcn: Minimized function has error status.
Returning maximum FCN so far (1067.81) to force MIGRAD to back out of this region. Error log follows
Parameter values: JER_ele=-5.5704, JER_muon=-0.723514, JES_ele=4.09847, JES_muon=-1.95697, QCD_stat_ele=6.20914, QCD_stat_muon=-3.23575, VBS_stat_ele=4.45003, VBS_stat_muon=-0.691403, ele_efficiency=-4.15802, ele_trigger=-0.886082, fakephoton_ele=6.79053, fakephoton_muon=-0.322773, interference=-4.33005, lumi=-6.99703, mu_efficiency=-1.70288, mu_trigger=-0.996995, non_prompt_stat_ele=3.01128, non_prompt_stat_muon=-2.16583, others_stat_ele=1.01842, others_stat_muon=-1.93262, others_xs=-6.96135, param=0.097331, pdf_ele=6.12604, pdf_muon=-2.23784, photon_id=6.99559, pileup=-1.2525, scale_ele=6.71629, scale_muon=-5.43619
RooProdPdf::model_s[ modelObs_s * nuisancePdf ]
     getLogVal() top-level p.d.f evaluates to zero @ !pdfs=(modelObs_s = 0/1,nuisancePdf = 1)

[#0] WARNING:Minization -- RooMinimizerFcn: Minimized function has error status.
Returning maximum FCN so far (1067.81) to force MIGRAD to back out of this region. Error log follows
Parameter values: JER_ele=4.7722, JER_muon=3.90831, JES_ele=-5.75707, JES_muon=5.6114, QCD_stat_ele=6.90293, QCD_stat_muon=5.6239, VBS_stat_ele=-4.83029, VBS_stat_muon=5.4033, ele_efficiency=6.43954, ele_trigger=-5.09169, fakephoton_ele=1.87618, fakephoton_muon=4.15355, interference=4.94994, lumi=3.56143, mu_efficiency=-0.886047, mu_trigger=5.1355, non_prompt_stat_ele=6.27841, non_prompt_stat_muon=6.60041, others_stat_ele=-4.54783, others_stat_muon=6.09219, others_xs=3.65703, param=0.570415, pdf_ele=6.31975, pdf_muon=6.65794, photon_id=5.2893, pileup=1.47867, scale_ele=4.7375, scale_muon=4.69003
RooProdPdf::model_s[ modelObs_s * nuisancePdf ]
     getLogVal() top-level p.d.f evaluates to zero @ !pdfs=(modelObs_s = 0/1,nuisancePdf = 1)

[#0] WARNING:Minization -- RooMinimizerFcn: Minimized function has error status.
Returning maximum FCN so far (1067.81) to force MIGRAD to back out of this region. Error log follows
Parameter values: JER_ele=-6.37508, JER_muon=-4.81979, JES_ele=1.4979, JES_muon=-6.93842, QCD_stat_ele=-0.283068, QCD_stat_muon=3.5726, VBS_stat_ele=1.85421, VBS_stat_muon=-5.5996, ele_efficiency=-3.72231, ele_trigger=-3.03188, fakephoton_ele=6.72596, fakephoton_muon=-4.48778, interference=-6.01161, lumi=-6.68572, mu_efficiency=-3.01308, mu_trigger=-6.00324, non_prompt_stat_ele=6.07663, non_prompt_stat_muon=-6.64209, others_stat_ele=-1.31838, others_stat_muon=-6.92427, others_xs=-5.92077, param=0.109264, pdf_ele=6.98562, pdf_muon=-6.74003, photon_id=4.4818, pileup=-1.44357, scale_ele=4.30469, scale_muon=5.25688
RooProdPdf::model_s[ modelObs_s * nuisancePdf ]
     getLogVal() top-level p.d.f evaluates to zero @ !pdfs=(modelObs_s = 0/1,nuisancePdf = 1)

[#0] WARNING:Minization -- RooMinimizerFcn: Minimized function has error status.
Returning maximum FCN so far (1067.81) to force MIGRAD to back out of this region. Error log follows
Parameter values: JER_ele=3.23361, JER_muon=-1.31993, JES_ele=6.98764, JES_muon=-3.52199, QCD_stat_ele=-5.08105, QCD_stat_muon=0.188854, VBS_stat_ele=6.89613, VBS_stat_muon=-6.4876, ele_efficiency=3.07372, ele_trigger=6.26092, fakephoton_ele=6.67253, fakephoton_muon=-1.38363, interference=6.00374, lumi=1.47224, mu_efficiency=4.76123, mu_trigger=-6.87465, non_prompt_stat_ele=6.30365, non_prompt_stat_muon=6.99882, others_stat_ele=5.54582, others_stat_muon=-3.17624, others_xs=-3.83132, param=0.441067, pdf_ele=5.27356, pdf_muon=6.78561, photon_id=6.06617, pileup=1.76827, scale_ele=-6.42175, scale_muon=2.44471
RooProdPdf::model_s[ modelObs_s * nuisancePdf ]
     getLogVal() top-level p.d.f evaluates to zero @ !pdfs=(modelObs_s = 0/1,nuisancePdf = 1)

[#0] WARNING:Minization -- RooMinimizerFcn: Minimized function has error status.
Returning maximum FCN so far (1067.81) to force MIGRAD to back out of this region. Error log follows
Parameter values: JER_ele=1.57985, JER_muon=-2.96303, JES_ele=6.36003, JES_muon=-0.633536, QCD_stat_ele=3.46716, QCD_stat_muon=-6.51822, VBS_stat_ele=6.62244, VBS_stat_muon=-6.98026, ele_efficiency=2.4592, ele_trigger=4.66307, fakephoton_ele=6.65406, fakephoton_muon=-2.9996, interference=5.60319, lumi=1.71181, mu_efficiency=5.15988, mu_trigger=-6.92709, non_prompt_stat_ele=6.75313, non_prompt_stat_muon=5.8599, others_stat_ele=3.51552, others_stat_muon=-0.293346, others_xs=-4.06469, param=0.413061, pdf_ele=6.99533, pdf_muon=6.63144, photon_id=6.29435, pileup=1.75384, scale_ele=1.78, scale_muon=-5.07924
RooProdPdf::model_s[ modelObs_s * nuisancePdf ]
     getLogVal() top-level p.d.f evaluates to zero @ !pdfs=(modelObs_s = 0/1,nuisancePdf = 1)

[#0] WARNING:Minization -- RooMinimizerFcn: Minimized function has error status.
Returning maximum FCN so far (1067.81) to force MIGRAD to back out of this region. Error log follows
Parameter values: JER_ele=1.07348, JER_muon=-4.25144, JES_ele=5.89296, JES_muon=2.0006, QCD_stat_ele=5.48279, QCD_stat_muon=-5.47721, VBS_stat_ele=6.23623, VBS_stat_muon=-6.86329, ele_efficiency=2.28677, ele_trigger=4.07154, fakephoton_ele=6.167, fakephoton_muon=-4.26503, interference=5.05297, lumi=1.10743, mu_efficiency=5.46633, mu_trigger=-6.34349, non_prompt_stat_ele=6.24071, non_prompt_stat_muon=3.20565, others_stat_ele=2.81597, others_stat_muon=2.31037, others_xs=-4.87047, param=0.425768, pdf_ele=6.91438, pdf_muon=4.74709, photon_id=5.23832, pileup=1.81559, scale_ele=4.29383, scale_muon=-6.76479
RooProdPdf::model_s[ modelObs_s * nuisancePdf ]
     getLogVal() top-level p.d.f evaluates to zero @ !pdfs=(modelObs_s = 0/1,nuisancePdf = 1)

[#0] WARNING:Minization -- RooMinimizerFcn: Minimized function has error status.
Returning maximum FCN so far (1067.81) to force MIGRAD to back out of this region. Error log follows
Parameter values: JER_ele=1.02257, JER_muon=-5.41009, JES_ele=5.86208, JES_muon=4.49184, QCD_stat_ele=5.6044, QCD_stat_muon=1.45019, VBS_stat_ele=6.21415, VBS_stat_muon=-6.17175, ele_efficiency=2.2861, ele_trigger=4.02695, fakephoton_ele=6.13036, fakephoton_muon=-5.40465, interference=4.29635, lumi=0.0461522, mu_efficiency=5.76058, mu_trigger=-5.12457, non_prompt_stat_ele=6.20016, non_prompt_stat_muon=-0.521096, others_stat_ele=2.75534, others_stat_muon=4.73563, others_xs=-5.83641, param=0.457383, pdf_ele=6.902, pdf_muon=1.46834, photon_id=2.67238, pileup=1.91757, scale_ele=4.42823, scale_muon=-1.53504
RooProdPdf::model_s[ modelObs_s * nuisancePdf ]
     getLogVal() top-level p.d.f evaluates to zero @ !pdfs=(modelObs_s = 0/1,nuisancePdf = 1)

[#0] WARNING:Minization -- RooMinimizerFcn: Minimized function has error status.
Returning maximum FCN so far (1067.81) to force MIGRAD to back out of this region. Error log follows
Parameter values: JER_ele=1.14891, JER_muon=-6.38948, JES_ele=6.02238, JES_muon=6.43762, QCD_stat_ele=5.11285, QCD_stat_muon=6.97416, VBS_stat_ele=6.35605, VBS_stat_muon=-4.71803, ele_efficiency=2.35439, ele_trigger=4.20498, fakephoton_ele=6.30452, fakephoton_muon=-6.37356, interference=3.2729, lumi=-1.33059, mu_efficiency=6.06313, mu_trigger=-3.10373, non_prompt_stat_ele=6.39045, non_prompt_stat_muon=-4.56242, others_stat_ele=2.95033, others_stat_muon=6.55968, others_xs=-6.65866, param=0.501068, pdf_ele=6.96001, pdf_muon=-2.76407, photon_id=-1.34964, pileup=2.04839, scale_ele=3.72332, scale_muon=6.03341
RooProdPdf::model_s[ modelObs_s * nuisancePdf ]
     getLogVal() top-level p.d.f evaluates to zero @ !pdfs=(modelObs_s = 0/1,nuisancePdf = 1)

[#0] WARNING:Minization -- RooMinimizerFcn: Minimized function has error status.
Returning maximum FCN so far (1067.81) to force MIGRAD to back out of this region. Error log follows
Parameter values: JER_ele=1.36336, JER_muon=-6.96673, JES_ele=6.2581, JES_muon=6.90294, QCD_stat_ele=4.17139, QCD_stat_muon=0.782593, VBS_stat_ele=6.55543, VBS_stat_muon=-2.25284, ele_efficiency=2.4599, ele_trigger=4.48871, fakephoton_ele=6.54806, fakephoton_muon=-6.95894, interference=1.88942, lumi=-2.97136, mu_efficiency=6.37592, mu_trigger=-0.143836, non_prompt_stat_ele=6.64681, non_prompt_stat_muon=-6.97089, others_stat_ele=3.26956, others_stat_muon=6.83877, others_xs=-6.99823, param=0.556754, pdf_ele=6.99973, pdf_muon=-6.40056, photon_id=-5.58786, pileup=2.21041, scale_ele=2.46053, scale_muon=3.80982
RooProdPdf::model_s[ modelObs_s * nuisancePdf ]
     getLogVal() top-level p.d.f evaluates to zero @ !pdfs=(modelObs_s = 0/1,nuisancePdf = 1)

[#0] WARNING:Minization -- RooMinimizerFcn: Minimized function has error status.
Returning maximum FCN so far (1067.81) to force MIGRAD to back out of this region. Error log follows
Parameter values: JER_ele=1.65732, JER_muon=-6.64592, JES_ele=6.53068, JES_muon=4.3374, QCD_stat_ele=2.6637, QCD_stat_muon=-6.66969, VBS_stat_ele=6.76969, VBS_stat_muon=1.41694, ele_efficiency=2.60232, ele_trigger=4.85863, fakephoton_ele=6.79881, fakephoton_muon=-6.68397, interference=-0.0168654, lumi=-4.82053, mu_efficiency=6.68883, mu_trigger=3.63279, non_prompt_stat_ele=6.88688, non_prompt_stat_muon=-4.34462, others_stat_ele=3.69505, others_stat_muon=4.05462, others_xs=-6.27714, param=0.629567, pdf_ele=6.94497, pdf_muon=-5.97478, photon_id=-6.68246, pileup=2.41889, scale_ele=0.578677, scale_muon=-6.89098
RooProdPdf::model_s[ modelObs_s * nuisancePdf ]
     getLogVal() top-level p.d.f evaluates to zero @ !pdfs=(modelObs_s = 0/1,nuisancePdf = 1)

[#0] WARNING:Minization -- RooMinimizerFcn: Minimized function has error status.
Returning maximum FCN so far (1067.81) to force MIGRAD to back out of this region. Error log follows
Parameter values: JER_ele=0.302071, JER_muon=-1.53105, JES_ele=5.09593, JES_muon=-3.2188, QCD_stat_ele=6.89673, QCD_stat_muon=-2.4518, VBS_stat_ele=5.48452, VBS_stat_muon=-6.47843, ele_efficiency=2.07095, ele_trigger=3.19528, fakephoton_ele=5.19442, fakephoton_muon=-1.80609, interference=6.31413, lumi=3.61629, mu_efficiency=4.76482, mu_trigger=-6.91783, non_prompt_stat_ele=5.11514, non_prompt_stat_muon=6.93827, others_stat_ele=1.76928, others_stat_muon=-3.26293, others_xs=-1.74477, param=0.357739, pdf_ele=6.40691, pdf_muon=6.90333, photon_id=6.54857, pileup=1.55858, scale_ele=6.54883, scale_muon=0.89998
RooProdPdf::model_s[ modelObs_s * nuisancePdf ]
     getLogVal() top-level p.d.f evaluates to zero @ !pdfs=(modelObs_s = 0/1,nuisancePdf = 1)

[#0] WARNING:Minization -- RooMinimizerFcn: Minimized function has error status.
Returning maximum FCN so far (1067.81) to force MIGRAD to back out of this region. Error log follows
Parameter values: JER_ele=0.569493, JER_muon=-2.73467, JES_ele=5.26839, JES_muon=-1.02879, QCD_stat_ele=6.73445, QCD_stat_muon=-6.06679, VBS_stat_ele=5.66366, VBS_stat_muon=-6.93962, ele_efficiency=2.0792, ele_trigger=3.40676, fakephoton_ele=5.43815, fakephoton_muon=-2.77557, interference=5.82088, lumi=2.65326, mu_efficiency=5.12522, mu_trigger=-6.96646, non_prompt_stat_ele=5.41394, non_prompt_stat_muon=6.15307, others_stat_ele=2.07141, others_stat_muon=-0.710718, others_xs=-3.19954, param=0.387264, pdf_ele=6.54141, pdf_muon=6.78653, photon_id=6.99007, pileup=1.66432, scale_ele=6.20101, scale_muon=-4.28148
RooProdPdf::model_s[ modelObs_s * nuisancePdf ]
     getLogVal() top-level p.d.f evaluates to zero @ !pdfs=(modelObs_s = 0/1,nuisancePdf = 1)

[#0] WARNING:Minization -- RooMinimizerFcn: Minimized function has error status.
Returning maximum FCN so far (1067.81) to force MIGRAD to back out of this region. Error log follows
Parameter values: JER_ele=0.713168, JER_muon=-3.86978, JES_ele=5.47352, JES_muon=1.24209, QCD_stat_ele=6.46288, QCD_stat_muon=-6.5201, VBS_stat_ele=5.85368, VBS_stat_muon=-6.96453, ele_efficiency=2.14872, ele_trigger=3.61043, fakephoton_ele=5.68121, fakephoton_muon=-3.90267, interference=5.30612, lumi=1.70699, mu_efficiency=5.38341, mu_trigger=-6.57914, non_prompt_stat_ele=5.69332, non_prompt_stat_muon=4.11972, others_stat_ele=2.29271, others_stat_muon=1.5331, others_xs=-4.33088, param=0.41908, pdf_ele=6.68685, pdf_muon=5.46285, photon_id=6.21885, pileup=1.75962, scale_ele=5.72475, scale_muon=-6.99545
RooProdPdf::model_s[ modelObs_s * nuisancePdf ]
     getLogVal() top-level p.d.f evaluates to zero @ !pdfs=(modelObs_s = 0/1,nuisancePdf = 1)

[#0] WARNING:Minization -- RooMinimizerFcn: Minimized function has error status.
Returning maximum FCN so far (1067.81) to force MIGRAD to back out of this region. Error log follows
Parameter values: JER_ele=0.869431, JER_muon=-5.01252, JES_ele=5.68532, JES_muon=3.67913, QCD_stat_ele=6.06237, QCD_stat_muon=-1.27347, VBS_stat_ele=6.0473, VBS_stat_muon=-6.5237, ele_efficiency=2.22398, ele_trigger=3.82996, fakephoton_ele=5.92731, fakephoton_muon=-5.02321, interference=4.61404, lumi=0.575664, mu_efficiency=5.65979, mu_trigger=-5.62715, non_prompt_stat_ele=5.97287, non_prompt_stat_muon=0.861604, others_stat_ele=2.53296, others_stat_muon=3.93302, others_xs=-5.43737, param=0.455635, pdf_ele=6.81513, pdf_muon=2.74883, photon_id=4.00485, pileup=1.86864, scale_ele=5.08748, scale_muon=-3.96496
RooProdPdf::model_s[ modelObs_s * nuisancePdf ]
     getLogVal() top-level p.d.f evaluates to zero @ !pdfs=(modelObs_s = 0/1,nuisancePdf = 1)

[#0] WARNING:Minization -- RooMinimizerFcn: Minimized function has error status.
Returning maximum FCN so far (1067.81) to force MIGRAD to back out of this region. Error log follows
Parameter values: JER_ele=1.04967, JER_muon=-6.05968, JES_ele=5.91285, JES_muon=5.85979, QCD_stat_ele=5.47252, QCD_stat_muon=5.91068, VBS_stat_ele=6.25049, VBS_stat_muon=-5.41363, ele_efficiency=2.31098, ele_trigger=4.07758, fakephoton_ele=6.18295, fakephoton_muon=-6.05401, interference=3.69125, lumi=-0.762511, mu_efficiency=5.95326, mu_trigger=-3.93197, non_prompt_stat_ele=6.25751, non_prompt_stat_muon=-3.161, others_stat_ele=2.80687, others_stat_muon=6.02202, others_xs=-6.38743, param=0.498712, pdf_ele=6.9221, pdf_muon=-1.19452, photon_id=0.299927, pileup=1.99535, scale_ele=4.2186, scale_muon=3.79406
RooProdPdf::model_s[ modelObs_s * nuisancePdf ]
     getLogVal() top-level p.d.f evaluates to zero @ !pdfs=(modelObs_s = 0/1,nuisancePdf = 1)

[#0] WARNING:Minization -- RooMinimizerFcn: Minimized function has error status.
Returning maximum FCN so far (1067.81) to force MIGRAD to back out of this region. Error log follows
Parameter values: JER_ele=1.26526, JER_muon=-6.82307, JES_ele=6.1599, JES_muon=6.99102, QCD_stat_ele=4.60289, QCD_stat_muon=4.54192, VBS_stat_ele=6.46383, VBS_stat_muon=-3.38108, ele_efficiency=2.41506, ele_trigger=4.36523, fakephoton_ele=6.44663, fakephoton_muon=-6.81308, interference=2.45068, lumi=-2.33255, mu_efficiency=6.26184, mu_trigger=-1.32357, non_prompt_stat_ele=6.54137, non_prompt_stat_muon=-6.47485, others_stat_ele=3.12941, others_stat_muon=6.99988, others_xs=-6.95883, param=0.550941, pdf_ele=6.99055, pdf_muon=-5.32245, photon_id=-4.17369, pileup=2.14695, scale_ele=3.02149, scale_muon=6.4013
RooProdPdf::model_s[ modelObs_s * nuisancePdf ]
     getLogVal() top-level p.d.f evaluates to zero @ !pdfs=(modelObs_s = 0/1,nuisancePdf = 1)

[#0] WARNING:Minization -- RooMinimizerFcn: Minimized function has error status.
Returning maximum FCN so far (1067.81) to force MIGRAD to back out of this region. Error log follows
Parameter values: JER_ele=1.53339, JER_muon=-6.9228, JES_ele=6.42679, JES_muon=5.73752, QCD_stat_ele=3.30801, QCD_stat_muon=-6.17963, VBS_stat_ele=6.68201, VBS_stat_muon=-0.201272, ele_efficiency=2.54451, ele_trigger=4.709, fakephoton_ele=6.70676, fakephoton_muon=-6.93498, interference=0.770394, lumi=-4.11399, mu_efficiency=6.57532, mu_trigger=2.18817, non_prompt_stat_ele=6.80298, non_prompt_stat_muon=-6.13967, others_stat_ele=3.52182, others_stat_muon=5.54507, others_xs=-6.7212, param=0.616552, pdf_ele=6.98289, pdf_muon=-6.91169, photon_id=-6.97804, pileup=2.33505, scale_ele=1.35781, scale_muon=-4.03758
RooProdPdf::model_s[ modelObs_s * nuisancePdf ]
     getLogVal() top-level p.d.f evaluates to zero @ !pdfs=(modelObs_s = 0/1,nuisancePdf = 1)

[#0] WARNING:Minization -- RooMinimizerFcn: Minimized function has error status.
Returning maximum FCN so far (1067.81) to force MIGRAD to back out of this region. Error log follows
Parameter values: JER_ele=1.88414, JER_muon=-5.60694, JES_ele=6.70392, JES_muon=0.624438, QCD_stat_ele=1.35143, QCD_stat_muon=2.04546, VBS_stat_ele=6.88445, VBS_stat_muon=3.94199, ele_efficiency=2.71405, ele_trigger=5.13312, fakephoton_ele=6.92624, fakephoton_muon=-5.69079, interference=-1.50086, lumi=-5.92405, mu_efficiency=6.85942, mu_trigger=5.84526, non_prompt_stat_ele=6.98236, non_prompt_stat_muon=0.730511, others_stat_ele=4.01845, others_stat_muon=0.281576, others_xs=-4.87583, param=0.702923, pdf_ele=6.81397, pdf_muon=-1.86565, photon_id=-3.50879, pileup=2.5803, scale_ele=-0.954155, scale_muon=-1.35144
RooProdPdf::model_s[ modelObs_s * nuisancePdf ]
     getLogVal() top-level p.d.f evaluates to zero @ !pdfs=(modelObs_s = 0/1,nuisancePdf = 1)

[#0] WARNING:Minization -- RooMinimizerFcn: Minimized function has error status.
Returning maximum FCN so far (1067.81) to force MIGRAD to back out of this region. Error log follows
Parameter values: JER_ele=-0.0546902, JER_muon=3.20121, JES_ele=4.25433, JES_muon=-6.95348, QCD_stat_ele=6.80355, QCD_stat_muon=0.11778, VBS_stat_ele=4.68844, VBS_stat_muon=-2.15138, ele_efficiency=1.7783, ele_trigger=2.47407, fakephoton_ele=4.17141, fakephoton_muon=3.05881, interference=6.99956, lumi=6.11074, mu_efficiency=3.69824, mu_trigger=-3.24975, non_prompt_stat_ele=3.92389, non_prompt_stat_muon=-0.105406, others_stat_ele=1.07877, others_stat_muon=-6.9786, others_xs=2.96863, param=0.305041, pdf_ele=5.60902, pdf_muon=-1.41654, photon_id=-2.46443, pileup=1.21152, scale_ele=6.972, scale_muon=-2.19196
RooProdPdf::model_s[ modelObs_s * nuisancePdf ]
     getLogVal() top-level p.d.f evaluates to zero @ !pdfs=(modelObs_s = 0/1,nuisancePdf = 1)

[#0] WARNING:Minization -- RooMinimizerFcn: Minimized function has error status.
Returning maximum FCN so far (1067.81) to force MIGRAD to back out of this region. Error log follows
Parameter values: JER_ele=0.0345929, JER_muon=2.40999, JES_ele=4.41135, JES_muon=-6.96289, QCD_stat_ele=6.90616, QCD_stat_muon=4.00891, VBS_stat_ele=4.84157, VBS_stat_muon=-3.16192, ele_efficiency=1.82204, ele_trigger=2.61145, fakephoton_ele=4.37007, fakephoton_muon=2.27082, interference=6.96988, lumi=5.75938, mu_efficiency=3.91811, mu_trigger=-4.23988, non_prompt_stat_ele=4.1591, non_prompt_stat_muon=1.93423, others_stat_ele=1.22229, others_stat_muon=-6.93159, others_xs=2.12889, param=0.32526, pdf_ele=5.77126, pdf_muon=0.576883, photon_id=-0.547518, pileup=1.27599, scale_ele=6.9998, scale_muon=1.84979
RooProdPdf::model_s[ modelObs_s * nuisancePdf ]
     getLogVal() top-level p.d.f evaluates to zero @ !pdfs=(modelObs_s = 0/1,nuisancePdf = 1)

[#0] WARNING:Minization -- RooMinimizerFcn: Minimized function has error status.
Returning maximum FCN so far (1067.81) to force MIGRAD to back out of this region. Error log follows
Parameter values: JER_ele=0.123161, JER_muon=1.5902, JES_ele=4.56359, JES_muon=-6.6461, QCD_stat_ele=6.97107, QCD_stat_muon=6.5163, VBS_stat_ele=4.98911, VBS_stat_muon=-4.08657, ele_efficiency=1.86538, ele_trigger=2.74661, fakephoton_ele=4.56163, fakephoton_muon=1.45735, interference=6.89473, lumi=5.36004, mu_efficiency=4.13045, mu_trigger=-5.10322, non_prompt_stat_ele=4.3855, non_prompt_stat_muon=3.78963, others_stat_ele=1.36417, others_stat_muon=-6.56096, others_xs=1.26184, param=0.345769, pdf_ele=5.92318, pdf_muon=2.50541, photon_id=1.3945, pileup=1.33974, scale_ele=6.98089, scale_muon=5.24853
RooProdPdf::model_s[ modelObs_s * nuisancePdf ]
     getLogVal() top-level p.d.f evaluates to zero @ !pdfs=(modelObs_s = 0/1,nuisancePdf = 1)

[#0] WARNING:Minization -- RooMinimizerFcn: Minimized function has error status.
Returning maximum FCN so far (1067.81) to force MIGRAD to back out of this region. Error log follows
Parameter values: JER_ele=0.214196, JER_muon=0.723186, JES_ele=4.71633, JES_muon=-5.99795, QCD_stat_ele=6.99912, QCD_stat_muon=6.81672, VBS_stat_ele=5.13613, VBS_stat_muon=-4.93446, ele_efficiency=1.90986, ele_trigger=2.88434, fakephoton_ele=4.75262, fakephoton_muon=0.599474, interference=6.77059, lumi=4.90022, mu_efficiency=4.34275, mu_trigger=-5.84363, non_prompt_stat_ele=4.61068, non_prompt_stat_muon=5.36039, others_stat_ele=1.50948, others_stat_muon=-5.86209, others_xs=0.349287, param=0.367199, pdf_ele=6.06976, pdf_muon=4.27744, photon_id=3.27679, pileup=1.40515, scale_ele=6.91325, scale_muon=6.94393
RooProdPdf::model_s[ modelObs_s * nuisancePdf ]
     getLogVal() top-level p.d.f evaluates to zero @ !pdfs=(modelObs_s = 0/1,nuisancePdf = 1)

[#0] WARNING:Minization -- RooMinimizerFcn: Minimized function has error status.
Returning maximum FCN so far (1067.81) to force MIGRAD to back out of this region. Error log follows
Parameter values: JER_ele=0.313683, JER_muon=-0.237535, JES_ele=4.87881, JES_muon=-4.95253, QCD_stat_ele=6.98467, QCD_stat_muon=4.41115, VBS_stat_ele=5.29126, VBS_stat_muon=-5.71844, ele_efficiency=1.95841, ele_trigger=3.03345, fakephoton_ele=4.95423, fakephoton_muon=-0.348758, interference=6.58143, lumi=4.34508, mu_efficiency=4.5677, mu_trigger=-6.45791, non_prompt_stat_ele=4.84765, non_prompt_stat_muon=6.52553, others_stat_ele=1.66764, others_stat_muon=-4.76924, others_xs=-0.655272, param=0.390788, pdf_ele=6.21859, pdf_muon=5.79803, photon_id=5.02439, pileup=1.47654, scale_ele=6.78388, scale_muon=6.05517
RooProdPdf::model_s[ modelObs_s * nuisancePdf ]
     getLogVal() top-level p.d.f evaluates to zero @ !pdfs=(modelObs_s = 0/1,nuisancePdf = 1)

[#0] WARNING:Minization -- RooMinimizerFcn: Minimized function has error status.
Returning maximum FCN so far (1067.81) to force MIGRAD to back out of this region. Error log follows
Parameter values: JER_ele=0.422023, JER_muon=-1.27786, JES_ele=5.05025, JES_muon=-3.48517, QCD_stat_ele=6.91535, QCD_stat_muon=-0.254311, VBS_stat_ele=5.4535, VBS_stat_muon=-6.37548, ele_efficiency=2.01121, ele_trigger=3.19404, fakephoton_ele=5.16497, fakephoton_muon=-1.37321, interference=6.31379, lumi=3.68541, mu_efficiency=4.80361, mu_trigger=-6.87053, non_prompt_stat_ele=5.09429, non_prompt_stat_muon=6.99941, others_stat_ele=1.83902, others_stat_muon=-3.26248, others_xs=-1.73353, param=0.416693, pdf_ele=6.36681, pdf_muon=6.78619, photon_id=6.36609, pileup=1.5541, scale_ele=6.57821, scale_muon=2.30156
RooProdPdf::model_s[ modelObs_s * nuisancePdf ]
     getLogVal() top-level p.d.f evaluates to zero @ !pdfs=(modelObs_s = 0/1,nuisancePdf = 1)

[#0] WARNING:Minization -- RooMinimizerFcn: Minimized function has error status.
Returning maximum FCN so far (1067.81) to force MIGRAD to back out of this region. Error log follows
Parameter values: JER_ele=0.00912378, JER_muon=-2.07431, JES_ele=5.2483, JES_muon=-2.28069, QCD_stat_ele=6.85251, QCD_stat_muon=-3.79493, VBS_stat_ele=5.61504, VBS_stat_muon=-6.75398, ele_efficiency=2.26402, ele_trigger=3.1983, fakephoton_ele=5.24921, fakephoton_muon=-2.3007, interference=6.21516, lumi=3.06535, mu_efficiency=4.6477, mu_trigger=-6.99735, non_prompt_stat_ele=5.12507, non_prompt_stat_muon=6.76372, others_stat_ele=1.56839, others_stat_muon=-1.9548, others_xs=-2.48496, param=0.403419, pdf_ele=6.53379, pdf_muon=6.99981, photon_id=6.88394, pileup=1.56832, scale_ele=6.46305, scale_muon=-1.19711
RooProdPdf::model_s[ modelObs_s * nuisancePdf ]
     getLogVal() top-level p.d.f evaluates to zero @ !pdfs=(modelObs_s = 0/1,nuisancePdf = 1)

[#0] WARNING:Minization -- RooMinimizerFcn: Minimized function has error status.
Returning maximum FCN so far (1067.81) to force MIGRAD to back out of this region. Error log follows
Parameter values: JER_ele=0.622576, JER_muon=-3.04043, JES_ele=5.34332, JES_muon=-0.325692, QCD_stat_ele=6.64274, QCD_stat_muon=-6.78056, VBS_stat_ele=5.7042, VBS_stat_muon=-6.96644, ele_efficiency=2.09548, ele_trigger=3.48652, fakephoton_ele=5.5285, fakephoton_muon=-3.10698, interference=5.68562, lumi=2.40309, mu_efficiency=5.20739, mu_trigger=-6.89901, non_prompt_stat_ele=5.51853, non_prompt_stat_muon=5.67444, others_stat_ele=2.16143, others_stat_muon=-0.0727393, others_xs=-3.54935, param=0.43338, pdf_ele=6.5932, pdf_muon=6.52385, photon_id=6.88395, pileup=1.69496, scale_ele=6.02728, scale_muon=-5.64414
RooProdPdf::model_s[ modelObs_s * nuisancePdf ]
     getLogVal() top-level p.d.f evaluates to zero @ !pdfs=(modelObs_s = 0/1,nuisancePdf = 1)

[#0] WARNING:Minization -- RooMinimizerFcn: Minimized function has error status.
Returning maximum FCN so far (1067.81) to force MIGRAD to back out of this region. Error log follows
Parameter values: JER_ele=0.755727, JER_muon=-4.19497, JES_ele=5.54325, JES_muon=2.02576, QCD_stat_ele=6.34999, QCD_stat_muon=-5.47292, VBS_stat_ele=5.89434, VBS_stat_muon=-6.92302, ele_efficiency=2.17376, ele_trigger=3.6779, fakephoton_ele=5.75618, fakephoton_muon=-4.24568, interference=5.12672, lumi=1.39693, mu_efficiency=5.46479, mu_trigger=-6.35449, non_prompt_stat_ele=5.77746, non_prompt_stat_muon=3.2578, others_stat_ele=2.36557, others_stat_muon=2.27448, others_xs=-4.68336, param=0.466505, pdf_ele=6.72942, pdf_muon=4.78865, photon_id=5.69267, pileup=1.79137, scale_ele=5.5326, scale_muon=-6.72977
RooProdPdf::model_s[ modelObs_s * nuisancePdf ]
     getLogVal() top-level p.d.f evaluates to zero @ !pdfs=(modelObs_s = 0/1,nuisancePdf = 1)

[#0] WARNING:Minization -- RooMinimizerFcn: Minimized function has error status.
Returning maximum FCN so far (1067.81) to force MIGRAD to back out of this region. Error log follows
Parameter values: JER_ele=0.915359, JER_muon=-5.32379, JES_ele=5.75547, JES_muon=4.43441, QCD_stat_ele=5.90485, QCD_stat_muon=1.15082, VBS_stat_ele=6.08627, VBS_stat_muon=-6.36863, ele_efficiency=2.25024, ele_trigger=3.90147, fakephoton_ele=6.00129, fakephoton_muon=-5.35065, interference=4.37567, lumi=0.212361, mu_efficiency=5.74669, mu_trigger=-5.19623, non_prompt_stat_ele=6.05466, non_prompt_stat_muon=-0.31374, others_stat_ele=2.61128, others_stat_muon=4.634, others_xs=-5.75444, param=0.505189, pdf_ele=6.84991, pdf_muon=1.66045, photon_id=3.00725, pileup=1.90509, scale_ele=4.84017, scale_muon=-1.66419
RooProdPdf::model_s[ modelObs_s * nuisancePdf ]
     getLogVal() top-level p.d.f evaluates to zero @ !pdfs=(modelObs_s = 0/1,nuisancePdf = 1)

[#0] WARNING:Minization -- RooMinimizerFcn: Minimized function has error status.
Returning maximum FCN so far (1067.81) to force MIGRAD to back out of this region. Error log follows
Parameter values: JER_ele=1.10387, JER_muon=-6.31767, JES_ele=5.98766, JES_muon=6.38651, QCD_stat_ele=5.24393, QCD_stat_muon=6.91904, VBS_stat_ele=6.29246, VBS_stat_muon=-5.08259, ele_efficiency=2.34144, ele_trigger=4.15875, fakephoton_ele=6.25913, fakephoton_muon=-6.32452, interference=3.3704, lumi=-1.19255, mu_efficiency=6.04532, mu_trigger=-3.23734, non_prompt_stat_ele=6.33964, non_prompt_stat_muon=-4.34081, others_stat_ele=2.89721, others_stat_muon=6.49036, others_xs=-6.61828, param=0.551088, pdf_ele=6.94751, pdf_muon=-2.50997, photon_id=-1.06544, pileup=2.03839, scale_ele=3.88473, scale_muon=5.89268
RooProdPdf::model_s[ modelObs_s * nuisancePdf ]
     getLogVal() top-level p.d.f evaluates to zero @ !pdfs=(modelObs_s = 0/1,nuisancePdf = 1)

[#0] WARNING:Minization -- RooMinimizerFcn: Minimized function has error status.
Returning maximum FCN so far (1067.81) to force MIGRAD to back out of this region. Error log follows
Parameter values: JER_ele=1.33288, JER_muon=-6.94375, JES_ele=6.24081, JES_muon=6.92951, QCD_stat_ele=4.26373, QCD_stat_muon=1.37328, VBS_stat_ele=6.50965, VBS_stat_muon=-2.79428, ele_efficiency=2.45202, ele_trigger=4.46143, fakephoton_ele=6.52417, fakephoton_muon=-6.94173, interference=2.01354, lumi=-2.83336, mu_efficiency=6.3575, mu_trigger=-0.332919, non_prompt_stat_ele=6.62105, non_prompt_stat_muon=-6.92928, others_stat_ele=3.23859, others_stat_muon=6.88617, others_xs=-6.99998, param=0.607163, pdf_ele=6.99875, pdf_muon=-6.2539, photon_id=-5.39433, pileup=2.19971, scale_ele=2.56021, scale_muon=4.12621
RooProdPdf::model_s[ modelObs_s * nuisancePdf ]
     getLogVal() top-level p.d.f evaluates to zero @ !pdfs=(modelObs_s = 0/1,nuisancePdf = 1)

[#0] WARNING:Minization -- RooMinimizerFcn: Minimized function has error status.
Returning maximum FCN so far (1067.81) to force MIGRAD to back out of this region. Error log follows
Parameter values: JER_ele=1.62226, JER_muon=-6.73221, JES_ele=6.5129, JES_muon=4.57608, QCD_stat_ele=2.79476, QCD_stat_muon=-6.9009, VBS_stat_ele=6.73004, VBS_stat_muon=0.698888, ele_efficiency=2.59177, ele_trigger=4.82721, fakephoton_ele=6.77905, fakephoton_muon=-6.74758, interference=0.169578, lumi=-4.66174, mu_efficiency=6.66825, mu_trigger=3.37295, non_prompt_stat_ele=6.86878, non_prompt_stat_muon=-4.76379, others_stat_ele=3.65936, others_stat_muon=4.36152, others_xs=-6.37275, param=0.678297, pdf_ele=6.95535, pdf_muon=-6.23567, photon_id=-6.81125, pileup=2.40281, scale_ele=0.713635, scale_muon=-6.72195
RooProdPdf::model_s[ modelObs_s * nuisancePdf ]
     getLogVal() top-level p.d.f evaluates to zero @ !pdfs=(modelObs_s = 0/1,nuisancePdf = 1)

[#0] WARNING:Minization -- RooMinimizerFcn: Minimized function has error status.
Returning maximum FCN so far (1067.81) to force MIGRAD to back out of this region. Error log follows
Parameter values: JER_ele=0.556585, JER_muon=-2.61501, JES_ele=5.25841, JES_muon=-1.18449, QCD_stat_ele=6.74271, QCD_stat_muon=-6.46331, VBS_stat_ele=5.63145, VBS_stat_muon=-6.84355, ele_efficiency=2.0776, ele_trigger=3.3936, fakephoton_ele=5.41941, fakephoton_muon=-2.8561, interference=5.90318, lumi=2.85136, mu_efficiency=5.10529, mu_trigger=-6.98103, non_prompt_stat_ele=5.39228, non_prompt_stat_muon=6.0315, others_stat_ele=2.05721, others_stat_muon=-1.30819, others_xs=-2.91, param=0.461253, pdf_ele=6.53092, pdf_muon=6.82249, photon_id=6.9974, pileup=1.65564, scale_ele=6.2177, scale_muon=-4.5396
RooProdPdf::model_s[ modelObs_s * nuisancePdf ]
     getLogVal() top-level p.d.f evaluates to zero @ !pdfs=(modelObs_s = 0/1,nuisancePdf = 1)

[#0] WARNING:Minization -- RooMinimizerFcn: Minimized function has error status.
Returning maximum FCN so far (1067.81) to force MIGRAD to back out of this region. Error log follows
Parameter values: JER_ele=0.702961, JER_muon=-3.89732, JES_ele=5.4744, JES_muon=1.42857, QCD_stat_ele=6.47025, QCD_stat_muon=-6.40258, VBS_stat_ele=5.83421, VBS_stat_muon=-6.97786, ele_efficiency=2.15107, ele_trigger=3.60666, fakephoton_ele=5.67216, fakephoton_muon=-3.94432, interference=5.28202, lumi=1.6705, mu_efficiency=5.39586, mu_trigger=-6.54124, non_prompt_stat_ele=5.68082, non_prompt_stat_muon=4.02825, others_stat_ele=2.2842, others_stat_muon=1.69482, others_xs=-4.39962, param=0.495318, pdf_ele=6.68513, pdf_muon=5.35813, photon_id=6.13945, pileup=1.76425, scale_ele=5.72417, scale_muon=-6.99443
RooProdPdf::model_s[ modelObs_s * nuisancePdf ]
     getLogVal() top-level p.d.f evaluates to zero @ !pdfs=(modelObs_s = 0/1,nuisancePdf = 1)

[#0] WARNING:Minization -- RooMinimizerFcn: Minimized function has error status.
Returning maximum FCN so far (1067.81) to force MIGRAD to back out of this region. Error log follows
Parameter values: JER_ele=0.503818, JER_muon=-4.98094, JES_ele=5.70088, JES_muon=3.65101, QCD_stat_ele=6.17741, QCD_stat_muon=-1.33308, VBS_stat_ele=6.0325, VBS_stat_muon=-6.59906, ele_efficiency=2.36287, ele_trigger=3.7181, fakephoton_ele=5.84477, fakephoton_muon=-5.09193, interference=4.7928, lumi=0.56459, mu_efficiency=5.46857, mu_trigger=-5.6092, non_prompt_stat_ele=5.84017, non_prompt_stat_muon=0.914443, others_stat_ele=2.22427, others_stat_muon=3.90101, others_xs=-5.3927, param=0.511372, pdf_ele=6.82567, pdf_muon=2.82839, photon_id=4.11614, pileup=1.83456, scale_ele=5.28344, scale_muon=-3.98571
RooProdPdf::model_s[ modelObs_s * nuisancePdf ]
     getLogVal() top-level p.d.f evaluates to zero @ !pdfs=(modelObs_s = 0/1,nuisancePdf = 1)

[#0] WARNING:Minization -- RooMinimizerFcn: Minimized function has error status.
Returning maximum FCN so far (1067.81) to force MIGRAD to back out of this region. Error log follows
Parameter values: JER_ele=1.7432, JER_muon=-5.87432, JES_ele=5.91388, JES_muon=5.96569, QCD_stat_ele=5.06362, QCD_stat_muon=6.73387, VBS_stat_ele=5.91204, VBS_stat_muon=-6.38279, ele_efficiency=1.93312, ele_trigger=4.38493, fakephoton_ele=6.39749, fakephoton_muon=-5.8111, interference=3.53354, lumi=-0.32354, mu_efficiency=6.27796, mu_trigger=-4.16697, non_prompt_stat_ele=6.5041, non_prompt_stat_muon=-3.1377, others_stat_ele=3.50479, others_stat_muon=6.00094, others_xs=-6.45063, param=0.612129, pdf_ele=6.89549, pdf_muon=-1.08153, photon_id=0.0362262, pileup=2.08298, scale_ele=3.50348, scale_muon=5.03925
RooProdPdf::model_s[ modelObs_s * nuisancePdf ]
     getLogVal() top-level p.d.f evaluates to zero @ !pdfs=(modelObs_s = 0/1,nuisancePdf = 1)

[#0] WARNING:Minization -- RooMinimizerFcn: Minimized function has error status.
Returning maximum FCN so far (1067.81) to force MIGRAD to back out of this region. Error log follows
Parameter values: JER_ele=1.15404, JER_muon=-6.87323, JES_ele=6.20736, JES_muon=6.99766, QCD_stat_ele=4.51591, QCD_stat_muon=3.57068, VBS_stat_ele=6.46821, VBS_stat_muon=-3.33342, ele_efficiency=2.51076, ele_trigger=4.34827, fakephoton_ele=6.45108, fakephoton_muon=-6.89437, interference=2.4063, lumi=-2.54271, mu_efficiency=6.23822, mu_trigger=-0.91006, non_prompt_stat_ele=6.53824, non_prompt_stat_muon=-6.7301, others_stat_ele=3.0546, others_stat_muon=6.98345, others_xs=-6.98385, param=0.662324, pdf_ele=6.99622, pdf_muon=-5.69559, photon_id=-4.64439, pileup=2.14786, scale_ele=2.92932, scale_muon=5.68745
RooProdPdf::model_s[ modelObs_s * nuisancePdf ]
     getLogVal() top-level p.d.f evaluates to zero @ !pdfs=(modelObs_s = 0/1,nuisancePdf = 1)

[#0] WARNING:Minization -- RooMinimizerFcn: Minimized function has error status.
Returning maximum FCN so far (1067.81) to force MIGRAD to back out of this region. Error log follows
Parameter values: JER_ele=1.53405, JER_muon=-6.89117, JES_ele=6.43105, JES_muon=5.33565, QCD_stat_ele=3.27334, QCD_stat_muon=-6.85657, VBS_stat_ele=6.59688, VBS_stat_muon=-0.573564, ele_efficiency=2.52531, ele_trigger=4.71865, fakephoton_ele=6.7152, fakephoton_muon=-6.88579, interference=0.666148, lumi=-4.19011, mu_efficiency=6.61632, mu_trigger=2.56436, non_prompt_stat_ele=6.80783, non_prompt_stat_muon=-5.69274, others_stat_ele=3.55338, others_stat_muon=5.17789, others_xs=-6.62209, param=0.74382, pdf_ele=6.98533, pdf_muon=-6.77223, photon_id=-6.99926, pileup=2.35909, scale_ele=1.2826, scale_muon=-5.50931
RooProdPdf::model_s[ modelObs_s * nuisancePdf ]
     getLogVal() top-level p.d.f evaluates to zero @ !pdfs=(modelObs_s = 0/1,nuisancePdf = 1)

[#0] WARNING:Minization -- RooMinimizerFcn: Minimized function has error status.
Returning maximum FCN so far (1067.81) to force MIGRAD to back out of this region. Error log follows
Parameter values: JER_ele=1.85082, JER_muon=-5.37697, JES_ele=6.71637, JES_muon=-0.29966, QCD_stat_ele=1.28761, QCD_stat_muon=4.31156, VBS_stat_ele=6.8478, VBS_stat_muon=3.88041, ele_efficiency=2.73389, ele_trigger=5.13381, fakephoton_ele=6.92982, fakephoton_muon=-5.37488, interference=-1.68286, lumi=-6.05118, mu_efficiency=6.8822, mu_trigger=6.16998, non_prompt_stat_ele=6.98319, non_prompt_stat_muon=1.95185, others_stat_ele=4.01825, others_stat_muon=-0.573774, others_xs=-4.52312, param=0.847146, pdf_ele=6.80912, pdf_muon=-0.844484, photon_id=-2.62545, pileup=2.60679, scale_ele=-1.04351, scale_muon=1.32339
RooProdPdf::model_s[ modelObs_s * nuisancePdf ]
     getLogVal() top-level p.d.f evaluates to zero @ !pdfs=(modelObs_s = 0/1,nuisancePdf = 1)

[#0] WARNING:Minization -- RooMinimizerFcn: Minimized function has error status.
Returning maximum FCN so far (1067.81) to force MIGRAD to back out of this region. Error log follows
Parameter values: JER_ele=-6.99895, JER_muon=-2.08794, JES_ele=-1.66227, JES_muon=5.52718, QCD_stat_ele=-6.99807, QCD_stat_muon=1.80801, VBS_stat_ele=-1.73351, VBS_stat_muon=2.14848, ele_efficiency=-3.63532, ele_trigger=-5.41854, fakephoton_ele=4.43814, fakephoton_muon=-1.12815, interference=-4.98255, lumi=2.55046, mu_efficiency=5.96171, mu_trigger=6.83896, non_prompt_stat_ele=6.89062, non_prompt_stat_muon=2.25413, others_stat_ele=-4.53119, others_stat_muon=4.72612, others_xs=-5.46623, param=1.3834, pdf_ele=5.34344, pdf_muon=6.94266, photon_id=6.50831, pileup=-5.89968, scale_ele=-4.45573, scale_muon=6.03567
RooProdPdf::model_s[ modelObs_s * nuisancePdf ]
     getLogVal() top-level p.d.f evaluates to zero @ !pdfs=(modelObs_s = 0/1,nuisancePdf = 1)

[#0] WARNING:Minization -- RooMinimizerFcn: Minimized function has error status.
Returning maximum FCN so far (1067.81) to force MIGRAD to back out of this region. Error log follows
Parameter values: JER_ele=-0.106142, JER_muon=3.37805, JES_ele=4.20655, JES_muon=-6.92344, QCD_stat_ele=6.76113, QCD_stat_muon=-0.457918, VBS_stat_ele=4.55266, VBS_stat_muon=-1.66153, ele_efficiency=1.7677, ele_trigger=2.42167, fakephoton_ele=4.10363, fakephoton_muon=3.17848, interference=6.99954, lumi=6.19282, mu_efficiency=3.6509, mu_trigger=-3.0602, non_prompt_stat_ele=3.83638, non_prompt_stat_muon=-0.42264, others_stat_ele=1.02413, others_stat_muon=-6.95403, others_xs=3.11368, param=0.344109, pdf_ele=5.54638, pdf_muon=-1.78597, photon_id=-2.81969, pileup=1.1977, scale_ele=6.95324, scale_muon=-2.67479
RooProdPdf::model_s[ modelObs_s * nuisancePdf ]
     getLogVal() top-level p.d.f evaluates to zero @ !pdfs=(modelObs_s = 0/1,nuisancePdf = 1)

[#0] WARNING:Minization -- RooMinimizerFcn: Minimized function has error status.
Returning maximum FCN so far (1067.81) to force MIGRAD to back out of this region. Error log follows
Parameter values: JER_ele=-0.0216271, JER_muon=2.61324, JES_ele=4.3577, JES_muon=-6.98441, QCD_stat_ele=6.87161, QCD_stat_muon=3.46787, VBS_stat_ele=4.69869, VBS_stat_muon=-2.66838, ele_efficiency=1.80957, ele_trigger=2.55299, fakephoton_ele=4.29521, fakephoton_muon=2.41019, interference=6.98368, lumi=5.86423, mu_efficiency=3.86811, mu_trigger=-4.05184, non_prompt_stat_ele=4.06325, non_prompt_stat_muon=1.59456, others_stat_ele=1.16123, others_stat_muon=-6.96526, others_xs=2.29846, param=0.367543, pdf_ele=5.70429, pdf_muon=0.161607, photon_id=-0.969663, pileup=1.26084, scale_ele=6.99514, scale_muon=1.28723
RooProdPdf::model_s[ modelObs_s * nuisancePdf ]
     getLogVal() top-level p.d.f evaluates to zero @ !pdfs=(modelObs_s = 0/1,nuisancePdf = 1)

[#0] WARNING:Minization -- RooMinimizerFcn: Minimized function has error status.
Returning maximum FCN so far (1067.81) to force MIGRAD to back out of this region. Error log follows
Parameter values: JER_ele=0.0745866, JER_muon=1.70971, JES_ele=4.52556, JES_muon=-6.67084, QCD_stat_ele=6.95613, QCD_stat_muon=6.45489, VBS_stat_ele=4.86003, VBS_stat_muon=-3.7246, ele_efficiency=1.85699, ele_trigger=2.70106, fakephoton_ele=4.50691, fakephoton_muon=1.50714, interference=6.91295, lumi=5.43485, mu_efficiency=4.10567, mu_trigger=-5.03298, non_prompt_stat_ele=4.31357, non_prompt_stat_muon=3.69213, others_stat_ele=1.31667, others_stat_muon=-6.59849, others_xs=1.33901, param=0.394128, pdf_ele=5.87378, pdf_muon=2.32525, photon_id=1.19031, pileup=1.33169, scale_ele=6.99061, scale_muon=5.17821
RooProdPdf::model_s[ modelObs_s * nuisancePdf ]
     getLogVal() top-level p.d.f evaluates to zero @ !pdfs=(modelObs_s = 0/1,nuisancePdf = 1)

[#0] WARNING:Minization -- RooMinimizerFcn: Minimized function has error status.
Returning maximum FCN so far (1067.81) to force MIGRAD to back out of this region. Error log follows
Parameter values: JER_ele=0.0751738, JER_muon=0.804024, JES_ele=4.69828, JES_muon=-6.01053, QCD_stat_ele=6.99478, QCD_stat_muon=6.80991, VBS_stat_ele=5.02046, VBS_stat_muon=-4.65793, ele_efficiency=1.94281, ele_trigger=2.82009, fakephoton_ele=4.69003, fakephoton_muon=0.577915, interference=6.80577, lumi=4.95226, mu_efficiency=4.26145, mu_trigger=-5.82418, non_prompt_stat_ele=4.51485, non_prompt_stat_muon=5.35114, others_stat_ele=1.3903, others_stat_muon=-5.88333, others_xs=0.396087, param=0.414715, pdf_ele=6.04337, pdf_muon=4.18778, photon_id=3.15331, pileup=1.39148, scale_ele=6.93929, scale_muon=6.95053
RooProdPdf::model_s[ modelObs_s * nuisancePdf ]
     getLogVal() top-level p.d.f evaluates to zero @ !pdfs=(modelObs_s = 0/1,nuisancePdf = 1)

[#0] WARNING:Minization -- RooMinimizerFcn: Minimized function has error status.
Returning maximum FCN so far (1067.81) to force MIGRAD to back out of this region. Error log follows
Parameter values: JER_ele=-0.200115, JER_muon=0.59074, JES_ele=4.81867, JES_muon=-5.85581, QCD_stat_ele=6.99926, QCD_stat_muon=6.55546, VBS_stat_ele=5.13558, VBS_stat_muon=-4.92243, ele_efficiency=2.0973, ele_trigger=2.81319, fakephoton_ele=4.73022, fakephoton_muon=0.284477, interference=6.81696, lumi=4.7801, mu_efficiency=4.07339, mu_trigger=-5.99178, non_prompt_stat_ele=4.51179, non_prompt_stat_muon=5.63412, others_stat_ele=1.19861, others_stat_muon=-5.68895, others_xs=0.20136, param=0.367586, pdf_ele=6.16438, pdf_muon=4.51921, photon_id=3.55202, pileup=1.38014, scale_ele=6.91962, scale_muon=6.99984
RooProdPdf::model_s[ modelObs_s * nuisancePdf ]
     getLogVal() top-level p.d.f evaluates to zero @ !pdfs=(modelObs_s = 0/1,nuisancePdf = 1)

[#0] WARNING:Minization -- RooMinimizerFcn: Minimized function has error status.
Returning maximum FCN so far (1067.81) to force MIGRAD to back out of this region. Error log follows
Parameter values: JER_ele=0.305864, JER_muon=-0.354333, JES_ele=4.8911, JES_muon=-4.69325, QCD_stat_ele=6.98174, QCD_stat_muon=3.60794, VBS_stat_ele=5.22081, VBS_stat_muon=-5.63867, ele_efficiency=1.95659, ele_trigger=3.04265, fakephoton_ele=4.96889, fakephoton_muon=-0.525203, interference=6.55915, lumi=4.28676, mu_efficiency=4.60793, mu_trigger=-6.54194, non_prompt_stat_ele=4.85991, non_prompt_stat_muon=6.6761, others_stat_ele=1.68131, others_stat_muon=-4.52792, others_xs=-0.839658, param=0.396123, pdf_ele=6.21928, pdf_muon=6.00011, photon_id=5.27602, pileup=1.48925, scale_ele=6.76857, scale_muon=5.45258
RooProdPdf::model_s[ modelObs_s * nuisancePdf ]
     getLogVal() top-level p.d.f evaluates to zero @ !pdfs=(modelObs_s = 0/1,nuisancePdf = 1)

[#0] WARNING:Minization -- RooMinimizerFcn: Minimized function has error status.
Returning maximum FCN so far (1067.81) to force MIGRAD to back out of this region. Error log follows
Parameter values: JER_ele=0.441196, JER_muon=-1.40788, JES_ele=5.06704, JES_muon=-3.13935, QCD_stat_ele=6.90417, QCD_stat_muon=-1.32487, VBS_stat_ele=5.38986, VBS_stat_muon=-6.32129, ele_efficiency=2.00558, ele_trigger=3.21216, fakephoton_ele=5.18862, fakephoton_muon=-1.56089, interference=6.2765, lumi=3.61186, mu_efficiency=4.85892, mu_trigger=-6.91378, non_prompt_stat_ele=5.11926, non_prompt_stat_muon=6.9879, others_stat_ele=1.87487, others_stat_muon=-2.94442, others_xs=-1.93362, param=0.423482, pdf_ele=6.37098, pdf_muon=6.87642, photon_id=6.5294, pileup=1.56928, scale_ele=6.54582, scale_muon=1.17569
RooProdPdf::model_s[ modelObs_s * nuisancePdf ]
     getLogVal() top-level p.d.f evaluates to zero @ !pdfs=(modelObs_s = 0/1,nuisancePdf = 1)

[#0] WARNING:Minization -- RooMinimizerFcn: Minimized function has error status.
Returning maximum FCN so far (1067.81) to force MIGRAD to back out of this region. Error log follows
Parameter values: JER_ele=0.564989, JER_muon=-2.52528, JES_ele=5.25166, JES_muon=-1.17898, QCD_stat_ele=6.75315, QCD_stat_muon=-5.86329, VBS_stat_ele=5.56331, VBS_stat_muon=-6.80684, ele_efficiency=2.06382, ele_trigger=3.39029, fakephoton_ele=5.41274, fakephoton_muon=-2.65861, interference=5.89745, lumi=2.81513, mu_efficiency=5.10907, mu_trigger=-6.98293, non_prompt_stat_ele=5.37999, non_prompt_stat_muon=6.27882, others_stat_ele=2.06783, others_stat_muon=-0.967793, others_xs=-3.07432, param=0.453585, pdf_ele=6.51875, pdf_muon=6.86215, photon_id=6.99945, pileup=1.65576, scale_ele=6.22644, scale_muon=-4.09824
RooProdPdf::model_s[ modelObs_s * nuisancePdf ]
     getLogVal() top-level p.d.f evaluates to zero @ !pdfs=(modelObs_s = 0/1,nuisancePdf = 1)

[#0] WARNING:Minization -- RooMinimizerFcn: Minimized function has error status.
Returning maximum FCN so far (1067.81) to force MIGRAD to back out of this region. Error log follows
Parameter values: JER_ele=0.700806, JER_muon=-3.68617, JES_ele=5.44669, JES_muon=1.11718, QCD_stat_ele=6.50637, QCD_stat_muon=-6.65405, VBS_stat_ele=5.74488, VBS_stat_muon=-6.99996, ele_efficiency=2.12823, ele_trigger=3.58407, fakephoton_ele=5.64559, fakephoton_muon=-3.79515, interference=5.39152, lumi=1.87455, mu_efficiency=5.37173, mu_trigger=-6.63879, non_prompt_stat_ele=5.64856, non_prompt_stat_muon=4.3382, others_stat_ele=2.27888, others_stat_muon=1.32509, others_xs=-4.2327, param=0.487408, pdf_ele=6.65998, pdf_muon=5.65716, photon_id=6.34267, pileup=1.7517, scale_ele=5.78158, scale_muon=-6.98705
RooProdPdf::model_s[ modelObs_s * nuisancePdf ]
     getLogVal() top-level p.d.f evaluates to zero @ !pdfs=(modelObs_s = 0/1,nuisancePdf = 1)

[#0] WARNING:Minization -- RooMinimizerFcn: Minimized function has error status.
Returning maximum FCN so far (1067.81) to force MIGRAD to back out of this region. Error log follows
Parameter values: JER_ele=0.854276, JER_muon=-4.84804, JES_ele=5.65535, JES_muon=3.56383, QCD_stat_ele=6.12951, QCD_stat_muon=-1.67432, VBS_stat_ele=5.93697, VBS_stat_muon=-6.76441, ele_efficiency=2.20096, ele_trigger=3.79917, fakephoton_ele=5.88926, fakephoton_muon=-4.92835, interference=4.71983, lumi=0.762358, mu_efficiency=5.64883, mu_trigger=-5.73962, non_prompt_stat_ele=5.92627, non_prompt_stat_muon=1.14455, others_stat_ele=2.5152, others_stat_muon=3.742, others_xs=-5.35139, param=0.5261, pdf_ele=6.79099, pdf_muon=3.05786, photon_id=4.25081, pileup=1.86011, scale_ele=5.17007, scale_muon=-4.11367
RooProdPdf::model_s[ modelObs_s * nuisancePdf ]
     getLogVal() top-level p.d.f evaluates to zero @ !pdfs=(modelObs_s = 0/1,nuisancePdf = 1)

[#0] WARNING:Minization -- RooMinimizerFcn: Minimized function has error status.
Returning maximum FCN so far (1067.81) to force MIGRAD to back out of this region. Error log follows
Parameter values: JER_ele=1.03185, JER_muon=-5.92495, JES_ele=5.88051, JES_muon=5.76616, QCD_stat_ele=5.57024, QCD_stat_muon=5.62822, VBS_stat_ele=6.14123, VBS_stat_muon=-5.90925, ele_efficiency=2.28505, ele_trigger=4.04256, fakephoton_ele=6.14413, fakephoton_muon=-5.97371, interference=3.82699, lumi=-0.5513, mu_efficiency=5.94104, mu_trigger=-4.11561, non_prompt_stat_ele=6.21146, non_prompt_stat_muon=-2.85798, others_stat_ele=2.78542, others_stat_muon=5.88106, others_xs=-6.32072, param=0.571291, pdf_ele=6.90367, pdf_muon=-0.804504, photon_id=0.657748, pileup=1.98529, scale_ele=4.33271, scale_muon=3.57442
RooProdPdf::model_s[ modelObs_s * nuisancePdf ]
     getLogVal() top-level p.d.f evaluates to zero @ !pdfs=(modelObs_s = 0/1,nuisancePdf = 1)

[#0] WARNING:Minization -- RooMinimizerFcn: Minimized function has error status.
Returning maximum FCN so far (1067.81) to force MIGRAD to back out of this region. Error log follows
Parameter values: JER_ele=1.24303, JER_muon=-6.7459, JES_ele=6.12452, JES_muon=6.9746, QCD_stat_ele=4.74694, QCD_stat_muon=5.04849, VBS_stat_ele=6.35811, VBS_stat_muon=-4.18296, ele_efficiency=2.38499, ele_trigger=4.32391, fakephoton_ele=6.40744, fakephoton_muon=-6.76392, interference=2.63344, lumi=-2.08979, mu_efficiency=6.24637, mu_trigger=-1.60561, non_prompt_stat_ele=6.49728, non_prompt_stat_muon=-6.29494, others_stat_ele=3.10183, others_stat_muon=6.98912, others_xs=-6.93328, param=0.625425, pdf_ele=6.98193, pdf_muon=-4.98199, photon_id=-3.79108, pileup=2.13377, scale_ele=3.18306, scale_muon=6.56651
RooProdPdf::model_s[ modelObs_s * nuisancePdf ]
     getLogVal() top-level p.d.f evaluates to zero @ !pdfs=(modelObs_s = 0/1,nuisancePdf = 1)

[#0] WARNING:Minization -- RooMinimizerFcn: Minimized function has error status.
Returning maximum FCN so far (1067.81) to force MIGRAD to back out of this region. Error log follows
Parameter values: JER_ele=1.50307, JER_muon=-6.97161, JES_ele=6.38765, JES_muon=5.94859, QCD_stat_ele=3.52866, QCD_stat_muon=-5.60336, VBS_stat_ele=6.58464, VBS_stat_muon=-1.31813, ele_efficiency=2.50805, ele_trigger=4.65738, fakephoton_ele=6.66897, fakephoton_muon=-6.96803, interference=1.02682, lumi=-3.8409, mu_efficiency=6.55554, mu_trigger=1.79856, non_prompt_stat_ele=6.76483, non_prompt_stat_muon=-6.41986, others_stat_ele=3.48318, others_stat_muon=5.83687, others_xs=-6.79832, param=0.69236, pdf_ele=6.99295, pdf_muon=-6.9881, photon_id=-6.89447, pileup=2.31603, scale_ele=1.59572, scale_muon=-3.35987
RooProdPdf::model_s[ modelObs_s * nuisancePdf ]
     getLogVal() top-level p.d.f evaluates to zero @ !pdfs=(modelObs_s = 0/1,nuisancePdf = 1)

[#0] WARNING:Minization -- RooMinimizerFcn: Minimized function has error status.
Returning maximum FCN so far (1067.81) to force MIGRAD to back out of this region. Error log follows
Parameter values: JER_ele=1.83855, JER_muon=-5.93602, JES_ele=6.66246, JES_muon=1.27332, QCD_stat_ele=1.70304, QCD_stat_muon=0.273019, VBS_stat_ele=6.80745, VBS_stat_muon=2.70651, ele_efficiency=2.66699, ele_trigger=5.06469, fakephoton_ele=6.89777, fakephoton_muon=-5.93689, interference=-1.13525, lumi=-5.66108, mu_efficiency=6.83851, mu_trigger=5.47733, non_prompt_stat_ele=6.96372, non_prompt_stat_muon=-0.277957, others_stat_ele=3.95995, others_stat_muon=1.06521, others_xs=-5.19999, param=0.778575, pdf_ele=6.86465, pdf_muon=-2.88061, photon_id=-4.35957, pileup=2.55043, scale_ele=-0.597099, scale_muon=-2.77983
RooProdPdf::model_s[ modelObs_s * nuisancePdf ]
     getLogVal() top-level p.d.f evaluates to zero @ !pdfs=(modelObs_s = 0/1,nuisancePdf = 1)

[#0] WARNING:Minization -- RooMinimizerFcn: Minimized function has error status.
Returning maximum FCN so far (1067.81) to force MIGRAD to back out of this region. Error log follows
Parameter values: JER_ele=2.30241, JER_muon=-2.43645, JES_ele=6.91307, JES_muon=-5.83093, QCD_stat_ele=-1.05628, QCD_stat_muon=-0.366223, VBS_stat_ele=6.97816, VBS_stat_muon=6.57181, ele_efficiency=2.88765, ele_trigger=5.5806, fakephoton_ele=6.99825, fakephoton_muon=-2.49279, interference=-3.93966, lumi=-6.94787, mu_efficiency=6.99924, mu_trigger=6.82605, non_prompt_stat_ele=6.94934, non_prompt_stat_muon=6.99443, others_stat_ele=4.58624, others_stat_muon=-5.95103, others_xs=-1.01687, param=0.896005, pdf_ele=6.41778, pdf_muon=6.24292, photon_id=5.17215, pileup=2.8736, scale_ele=-3.53116, scale_muon=2.86299
RooProdPdf::model_s[ modelObs_s * nuisancePdf ]
     getLogVal() top-level p.d.f evaluates to zero @ !pdfs=(modelObs_s = 0/1,nuisancePdf = 1)

[#0] WARNING:Minization -- RooMinimizerFcn: Minimized function has error status.
Returning maximum FCN so far (1067.81) to force MIGRAD to back out of this region. Error log follows
Parameter values: JER_ele=2.23592, JER_muon=-1.1948, JES_ele=6.95378, JES_muon=-6.7502, QCD_stat_ele=-1.71289, QCD_stat_muon=-6.3535, VBS_stat_ele=6.99309, VBS_stat_muon=6.91065, ele_efficiency=3.00676, ele_trigger=5.67166, fakephoton_ele=6.98473, fakephoton_muon=-1.02238, interference=-4.45894, lumi=-7, mu_efficiency=6.99879, mu_trigger=6.24018, non_prompt_stat_ele=6.90381, non_prompt_stat_muon=6.22514, others_stat_ele=4.62512, others_stat_muon=-6.70415, others_xs=0.0729076, param=0.904618, pdf_ele=6.24066, pdf_muon=6.99554, photon_id=6.62859, pileup=2.94718, scale_ele=-4.12736, scale_muon=-3.60396
RooProdPdf::model_s[ modelObs_s * nuisancePdf ]
     getLogVal() top-level p.d.f evaluates to zero @ !pdfs=(modelObs_s = 0/1,nuisancePdf = 1)

[#0] WARNING:Minization -- RooMinimizerFcn: Minimized function has error status.
Returning maximum FCN so far (1067.81) to force MIGRAD to back out of this region. Error log follows
Parameter values: JER_ele=-6.98879, JER_muon=4.09089, JES_ele=-2.89794, JES_muon=-4.45462, QCD_stat_ele=-6.15865, QCD_stat_muon=-6.98517, VBS_stat_ele=-3.06247, VBS_stat_muon=-5.55633, ele_efficiency=-3.3429, ele_trigger=-5.95468, fakephoton_ele=3.07248, fakephoton_muon=4.74071, interference=-6.88606, lumi=-2.26576, mu_efficiency=4.77143, mu_trigger=3.60166, non_prompt_stat_ele=6.32737, non_prompt_stat_muon=4.13203, others_stat_ele=-5.16456, others_stat_muon=-5.41953, others_xs=0.378745, param=1.30617, pdf_ele=3.98242, pdf_muon=-2.83706, photon_id=-5.25871, pileup=-5.63427, scale_ele=-6.54949, scale_muon=-5.87784
RooProdPdf::model_s[ modelObs_s * nuisancePdf ]
     getLogVal() top-level p.d.f evaluates to zero @ !pdfs=(modelObs_s = 0/1,nuisancePdf = 1)

[#0] WARNING:Minization -- RooMinimizerFcn: Minimized function has error status.
Returning maximum FCN so far (1067.81) to force MIGRAD to back out of this region. Error log follows
Parameter values: JER_ele=1.61294, JER_muon=-6.72815, JES_ele=6.45972, JES_muon=4.39811, QCD_stat_ele=3.07646, QCD_stat_muon=-5.88315, VBS_stat_ele=6.63102, VBS_stat_muon=-0.118959, ele_efficiency=2.53801, ele_trigger=4.76107, fakephoton_ele=6.73854, fakephoton_muon=-6.64024, interference=0.263718, lumi=-4.46809, mu_efficiency=6.69879, mu_trigger=3.42691, non_prompt_stat_ele=6.83305, non_prompt_stat_muon=-3.95957, others_stat_ele=3.62501, others_stat_muon=4.69083, others_xs=-6.47234, param=0.726187, pdf_ele=6.97791, pdf_muon=-6.08864, photon_id=-6.78879, pileup=2.40784, scale_ele=1.04349, scale_muon=-6.99663
RooProdPdf::model_s[ modelObs_s * nuisancePdf ]
     getLogVal() top-level p.d.f evaluates to zero @ !pdfs=(modelObs_s = 0/1,nuisancePdf = 1)

[#0] WARNING:Minization -- RooMinimizerFcn: Minimized function has error status.
Returning maximum FCN so far (1067.81) to force MIGRAD to back out of this region. Error log follows
Parameter values: JER_ele=2.02466, JER_muon=-4.48372, JES_ele=6.7953, JES_muon=-2.68148, QCD_stat_ele=0.506884, QCD_stat_muon=6.92244, VBS_stat_ele=6.89957, VBS_stat_muon=5.04802, ele_efficiency=2.77171, ele_trigger=5.29978, fakephoton_ele=6.97421, fakephoton_muon=-4.60083, interference=-2.59275, lumi=-6.52096, mu_efficiency=6.94976, mu_trigger=6.81418, non_prompt_stat_ele=6.99992, non_prompt_stat_muon=4.34752, others_stat_ele=4.23314, others_stat_muon=-3.15559, others_xs=-3.21879, param=0.830566, pdf_ele=6.70274, pdf_muon=2.14141, photon_id=0.371148, pileup=2.70731, scale_ele=-1.95549, scale_muon=6.14013
RooProdPdf::model_s[ modelObs_s * nuisancePdf ]
     getLogVal() top-level p.d.f evaluates to zero @ !pdfs=(modelObs_s = 0/1,nuisancePdf = 1)

[#0] WARNING:Minization -- RooMinimizerFcn: Minimized function has error status.
Returning maximum FCN so far (1067.81) to force MIGRAD to back out of this region. Error log follows
Parameter values: JER_ele=-6.98371, JER_muon=-3.57358, JES_ele=-1.17387, JES_muon=6.88429, QCD_stat_ele=-6.89284, QCD_stat_muon=-5.87333, VBS_stat_ele=-1.39069, VBS_stat_muon=3.33685, ele_efficiency=-3.67613, ele_trigger=-5.14032, fakephoton_ele=4.92689, fakephoton_muon=-2.7245, interference=-4.0663, lumi=3.71519, mu_efficiency=6.28377, mu_trigger=5.93548, non_prompt_stat_ele=6.98477, non_prompt_stat_muon=-1.83062, others_stat_ele=-4.13822, others_stat_muon=6.51227, others_xs=-6.45887, param=1.37537, pdf_ele=5.74108, pdf_muon=5.2902, photon_id=6.81276, pileup=-5.9809, scale_ele=-3.11285, scale_muon=-1.80571
RooProdPdf::model_s[ modelObs_s * nuisancePdf ]
     getLogVal() top-level p.d.f evaluates to zero @ !pdfs=(modelObs_s = 0/1,nuisancePdf = 1)

[#0] WARNING:Minization -- RooMinimizerFcn: Minimized function has error status.
Returning maximum FCN so far (1067.81) to force MIGRAD to back out of this region. Error log follows
Parameter values: JER_ele=-6.99251, JER_muon=3.04971, JES_ele=-2.86132, JES_muon=-2.43648, QCD_stat_ele=-6.20693, QCD_stat_muon=-4.44323, VBS_stat_ele=-3.08348, VBS_stat_muon=-4.66171, ele_efficiency=-3.33765, ele_trigger=-5.93498, fakephoton_ele=3.12305, fakephoton_muon=3.88184, interference=-6.68141, lumi=-1.38409, mu_efficiency=5.09361, mu_trigger=4.97958, non_prompt_stat_ele=6.35662, non_prompt_stat_muon=5.92893, others_stat_ele=-5.1136, others_stat_muon=-3.49471, others_xs=-1.04419, param=1.3095, pdf_ele=4.01653, pdf_muon=-0.056261, photon_id=-3.21353, pileup=-5.68852, scale_ele=-6.49774, scale_muon=-6.8116
RooProdPdf::model_s[ modelObs_s * nuisancePdf ]
     getLogVal() top-level p.d.f evaluates to zero @ !pdfs=(modelObs_s = 0/1,nuisancePdf = 1)

[#0] WARNING:Minization -- RooMinimizerFcn: Minimized function has error status.
Returning maximum FCN so far (1067.81) to force MIGRAD to back out of this region. Error log follows
Parameter values: JER_ele=1.79536, JER_muon=-5.76333, JES_ele=6.63783, JES_muon=0.749108, QCD_stat_ele=1.87578, QCD_stat_muon=3.94369, VBS_stat_ele=6.77558, VBS_stat_muon=2.60389, ele_efficiency=2.65267, ele_trigger=5.02137, fakephoton_ele=6.88111, fakephoton_muon=-5.56862, interference=-1.18448, lumi=-5.62929, mu_efficiency=6.86014, mu_trigger=5.69406, non_prompt_stat_ele=6.95269, non_prompt_stat_muon=1.36079, others_stat_ele=3.91338, others_stat_muon=1.24064, others_xs=-5.27873, param=0.801848, pdf_ele=6.88707, pdf_muon=-2.06632, photon_id=-3.88304, pileup=2.56574, scale_ele=-0.399267, scale_muon=-0.116896
RooProdPdf::model_s[ modelObs_s * nuisancePdf ]
     getLogVal() top-level p.d.f evaluates to zero @ !pdfs=(modelObs_s = 0/1,nuisancePdf = 1)

[#0] WARNING:Minization -- RooMinimizerFcn: Minimized function has error status.
Returning maximum FCN so far (1067.81) to force MIGRAD to back out of this region. Error log follows
Parameter values: JER_ele=3.44848, JER_muon=-4.31142, JES_ele=6.23453, JES_muon=3.28839, QCD_stat_ele=2.33787, QCD_stat_muon=0.205547, VBS_stat_ele=6.12704, VBS_stat_muon=-6.89212, ele_efficiency=1.52402, ele_trigger=5.15584, fakephoton_ele=6.84992, fakephoton_muon=-4.54325, interference=4.18106, lumi=1.43323, mu_efficiency=6.49876, mu_trigger=-6.27578, non_prompt_stat_ele=6.97892, non_prompt_stat_muon=0.484787, others_stat_ele=5.0417, others_stat_muon=2.01675, others_xs=-5.25071, param=0.0209752, pdf_ele=6.98631, pdf_muon=3.64125, photon_id=3.10971, pileup=2.08582, scale_ele=0.0497227, scale_muon=-2.8815
RooProdPdf::model_s[ modelObs_s * nuisancePdf ]
     getLogVal() top-level p.d.f evaluates to zero @ !pdfs=(modelObs_s = 0/1,nuisancePdf = 1)

[#0] WARNING:Minization -- RooMinimizerFcn: Minimized function has error status.
Returning maximum FCN so far (1067.81) to force MIGRAD to back out of this region. Error log follows
Parameter values: JER_ele=6.03286, JER_muon=6.72257, JES_ele=6.14098, JES_muon=4.24883, QCD_stat_ele=-3.10798, QCD_stat_muon=0.48737, VBS_stat_ele=6.64401, VBS_stat_muon=5.30769, ele_efficiency=3.82797, ele_trigger=-6.93686, fakephoton_ele=-6.99596, fakephoton_muon=6.97699, interference=4.60236, lumi=6.84396, mu_efficiency=-4.72687, mu_trigger=-4.1731, non_prompt_stat_ele=-0.274466, non_prompt_stat_muon=6.56541, others_stat_ele=6.99352, others_stat_muon=-3.33573, others_xs=1.6771, param=0.0583905, pdf_ele=6.75101, pdf_muon=-6.13351, photon_id=6.68482, pileup=-0.00867504, scale_ele=2.01179, scale_muon=-1.727
RooProdPdf::model_s[ modelObs_s * nuisancePdf ]
     getLogVal() top-level p.d.f evaluates to zero @ !pdfs=(modelObs_s = 0/1,nuisancePdf = 1)

[#0] WARNING:Minization -- RooMinimizerFcn: Minimized function has error status.
Returning maximum FCN so far (1067.81) to force MIGRAD to back out of this region. Error log follows
Parameter values: JER_ele=-4.96469, JER_muon=5.19375, JES_ele=1.11602, JES_muon=6.76372, QCD_stat_ele=-2.97413, QCD_stat_muon=3.99368, VBS_stat_ele=0.872296, VBS_stat_muon=6.75827, ele_efficiency=2.51533, ele_trigger=-1.72116, fakephoton_ele=-1.76222, fakephoton_muon=5.39127, interference=0.482355, lumi=5.05092, mu_efficiency=-3.11226, mu_trigger=6.64747, non_prompt_stat_ele=-3.62022, non_prompt_stat_muon=6.89578, others_stat_ele=-4.65377, others_stat_muon=6.64853, others_xs=5.56882, param=0.799493, pdf_ele=1.78854, pdf_muon=6.97211, photon_id=6.89873, pileup=-0.159896, scale_ele=-3.62169, scale_muon=2.75184
RooProdPdf::model_s[ modelObs_s * nuisancePdf ]
     getLogVal() top-level p.d.f evaluates to zero @ !pdfs=(modelObs_s = 0/1,nuisancePdf = 1)

[#0] WARNING:Minization -- RooMinimizerFcn: Minimized function has error status.
Returning maximum FCN so far (1067.81) to force MIGRAD to back out of this region. Error log follows
Parameter values: JER_ele=2.26616, JER_muon=4.285, JES_ele=6.78056, JES_muon=-6.44424, QCD_stat_ele=0.0236929, QCD_stat_muon=-5.13634, VBS_stat_ele=6.8673, VBS_stat_muon=-0.183714, ele_efficiency=2.63281, ele_trigger=5.36761, fakephoton_ele=6.97183, fakephoton_muon=4.06894, interference=6.99723, lumi=5.53857, mu_efficiency=3.34663, mu_trigger=-1.75195, non_prompt_stat_ele=6.99974, non_prompt_stat_muon=-2.88562, others_stat_ele=4.39241, others_stat_muon=-6.51462, others_xs=2.30052, param=0.519289, pdf_ele=6.73399, pdf_muon=-3.96227, photon_id=0.504047, pileup=1.31098, scale_ele=-1.91146, scale_muon=-6.12915
RooProdPdf::model_s[ modelObs_s * nuisancePdf ]
     getLogVal() top-level p.d.f evaluates to zero @ !pdfs=(modelObs_s = 0/1,nuisancePdf = 1)

[#0] WARNING:Minization -- RooMinimizerFcn: Minimized function has error status.
Returning maximum FCN so far (1067.81) to force MIGRAD to back out of this region. Error log follows
Parameter values: JER_ele=0.951164, JER_muon=3.15788, JES_ele=5.59225, JES_muon=-6.98439, QCD_stat_ele=6.14349, QCD_stat_muon=0.790667, VBS_stat_ele=5.85481, VBS_stat_muon=-1.83729, ele_efficiency=2.11465, ele_trigger=3.79293, fakephoton_ele=5.82575, fakephoton_muon=2.96086, interference=6.99008, lumi=5.67596, mu_efficiency=3.75903, mu_trigger=-3.40408, non_prompt_stat_ele=5.85755, non_prompt_stat_muon=0.202937, others_stat_ele=2.55991, others_stat_muon=-6.99413, others_xs=2.13323, param=0.49798, pdf_ele=6.74987, pdf_muon=-1.12415, photon_id=0.00328469, pileup=1.29785, scale_ele=5.31699, scale_muon=-1.14695
RooProdPdf::model_s[ modelObs_s * nuisancePdf ]
     getLogVal() top-level p.d.f evaluates to zero @ !pdfs=(modelObs_s = 0/1,nuisancePdf = 1)

[#0] WARNING:Minization -- RooMinimizerFcn: Minimized function has error status.
Returning maximum FCN so far (1067.81) to force MIGRAD to back out of this region. Error log follows
Parameter values: JER_ele=0.482565, JER_muon=2.17898, JES_ele=4.99724, JES_muon=-6.8559, QCD_stat_ele=6.92784, QCD_stat_muon=5.29532, VBS_stat_ele=5.31517, VBS_stat_muon=-3.05652, ele_efficiency=1.9477, ele_trigger=3.18181, fakephoton_ele=5.10741, fakephoton_muon=1.97729, interference=6.93605, lumi=5.46937, mu_efficiency=4.04024, mu_trigger=-4.58452, non_prompt_stat_ele=5.0281, non_prompt_stat_muon=2.69653, others_stat_ele=1.87358, others_stat_muon=-6.82266, others_xs=1.50283, param=0.504443, pdf_ele=6.3083, pdf_muon=1.33456, photon_id=1.09193, pileup=1.33408, scale_ele=6.62272, scale_muon=3.72404
RooProdPdf::model_s[ modelObs_s * nuisancePdf ]
     getLogVal() top-level p.d.f evaluates to zero @ !pdfs=(modelObs_s = 0/1,nuisancePdf = 1)

[#0] WARNING:Minization -- RooMinimizerFcn: Minimized function has error status.
Returning maximum FCN so far (1067.81) to force MIGRAD to back out of this region. Error log follows
Parameter values: JER_ele=0.375757, JER_muon=1.2384, JES_ele=4.85202, JES_muon=-6.29923, QCD_stat_ele=6.98638, QCD_stat_muon=6.99507, VBS_stat_ele=5.18228, VBS_stat_muon=-4.08126, ele_efficiency=1.91037, ele_trigger=3.04012, fakephoton_ele=4.92915, fakephoton_muon=1.04091, interference=6.82956, lumi=5.09565, mu_efficiency=4.28909, mu_trigger=-5.4978, non_prompt_stat_ele=4.82047, non_prompt_stat_muon=4.66623, others_stat_ele=1.71707, others_stat_muon=-6.23556, others_xs=0.660043, param=0.520708, pdf_ele=6.1807, pdf_muon=3.45041, photon_id=2.75632, pileup=1.39188, scale_ele=6.78853, scale_muon=6.5907
RooProdPdf::model_s[ modelObs_s * nuisancePdf ]
     getLogVal() top-level p.d.f evaluates to zero @ !pdfs=(modelObs_s = 0/1,nuisancePdf = 1)

[#0] WARNING:Minization -- RooMinimizerFcn: Minimized function has error status.
Returning maximum FCN so far (1067.81) to force MIGRAD to back out of this region. Error log follows
Parameter values: JER_ele=-0.163358, JER_muon=0.542653, JES_ele=4.92441, JES_muon=-5.72759, QCD_stat_ele=6.99538, QCD_stat_muon=6.28082, VBS_stat_ele=5.20129, VBS_stat_muon=-4.76497, ele_efficiency=2.13553, ele_trigger=2.90194, fakephoton_ele=4.84072, fakephoton_muon=0.150392, interference=6.80955, lumi=4.72043, mu_efficiency=4.07653, mu_trigger=-6.05856, non_prompt_stat_ele=4.63597, non_prompt_stat_muon=5.81223, others_stat_ele=1.27684, others_stat_muon=-5.62344, others_xs=0.0870153, param=0.507714, pdf_ele=6.25428, pdf_muon=4.69133, photon_id=3.87477, pileup=1.38926, scale_ele=6.84753, scale_muon=6.958
RooProdPdf::model_s[ modelObs_s * nuisancePdf ]
     getLogVal() top-level p.d.f evaluates to zero @ !pdfs=(modelObs_s = 0/1,nuisancePdf = 1)

[#0] WARNING:Minization -- RooMinimizerFcn: Minimized function has error status.
Returning maximum FCN so far (1067.81) to force MIGRAD to back out of this region. Error log follows
Parameter values: JER_ele=0.281774, JER_muon=-0.533077, JES_ele=4.94441, JES_muon=-4.33235, QCD_stat_ele=6.97038, QCD_stat_muon=2.48815, VBS_stat_ele=5.23363, VBS_stat_muon=-5.60424, ele_efficiency=1.99003, ele_trigger=3.07111, fakephoton_ele=5.00293, fakephoton_muon=-0.778697, interference=6.52357, lumi=4.164, mu_efficiency=4.62884, mu_trigger=-6.64943, non_prompt_stat_ele=4.88955, non_prompt_stat_muon=6.82778, others_stat_ele=1.68262, others_stat_muon=-4.2204, others_xs=-1.074, param=0.539094, pdf_ele=6.26224, pdf_muon=6.25507, photon_id=5.62621, pileup=1.50259, scale_ele=6.7237, scale_muon=4.47508
RooProdPdf::model_s[ modelObs_s * nuisancePdf ]
     getLogVal() top-level p.d.f evaluates to zero @ !pdfs=(modelObs_s = 0/1,nuisancePdf = 1)

[#0] WARNING:Minization -- RooMinimizerFcn: Minimized function has error status.
Returning maximum FCN so far (1067.81) to force MIGRAD to back out of this region. Error log follows
Parameter values: JER_ele=0.502669, JER_muon=-1.58793, JES_ele=5.10989, JES_muon=-2.66441, QCD_stat_ele=6.87137, QCD_stat_muon=-2.56622, VBS_stat_ele=5.38985, VBS_stat_muon=-6.28269, ele_efficiency=2.00052, ele_trigger=3.26683, fakephoton_ele=5.24012, fakephoton_muon=-1.78519, interference=6.20274, lumi=3.4838, mu_efficiency=4.93819, mu_trigger=-6.9577, non_prompt_stat_ele=5.18183, non_prompt_stat_muon=6.92712, others_stat_ele=1.9514, others_stat_muon=-2.54573, others_xs=-2.19232, param=0.569836, pdf_ele=6.40003, pdf_muon=6.96024, photon_id=6.72581, pileup=1.59239, scale_ele=6.4592, scale_muon=-0.328582
RooProdPdf::model_s[ modelObs_s * nuisancePdf ]
     getLogVal() top-level p.d.f evaluates to zero @ !pdfs=(modelObs_s = 0/1,nuisancePdf = 1)

[#0] WARNING:Minization -- RooMinimizerFcn: Minimized function has error status.
Returning maximum FCN so far (1067.81) to force MIGRAD to back out of this region. Error log follows
Parameter values: JER_ele=0.636618, JER_muon=-2.71228, JES_ele=5.29989, JES_muon=-0.61942, QCD_stat_ele=6.6931, QCD_stat_muon=-6.50777, VBS_stat_ele=5.56665, VBS_stat_muon=-6.78584, ele_efficiency=2.05936, ele_trigger=3.45234, fakephoton_ele=5.47043, fakephoton_muon=-2.88959, interference=5.79991, lumi=2.6641, mu_efficiency=5.19154, mu_trigger=-6.94883, non_prompt_stat_ele=5.44954, non_prompt_stat_muon=5.96354, others_stat_ele=2.15581, others_stat_muon=-0.4991, others_xs=-3.33774, param=0.602544, pdf_ele=6.54917, pdf_muon=6.71321, photon_id=6.95869, pileup=1.68092, scale_ele=6.0984, scale_muon=-5.29691
RooProdPdf::model_s[ modelObs_s * nuisancePdf ]
     getLogVal() top-level p.d.f evaluates to zero @ !pdfs=(modelObs_s = 0/1,nuisancePdf = 1)

[#0] WARNING:Minization -- RooMinimizerFcn: Minimized function has error status.
Returning maximum FCN so far (1067.81) to force MIGRAD to back out of this region. Error log follows
Parameter values: JER_ele=0.779447, JER_muon=-3.87709, JES_ele=5.49847, JES_muon=1.72639, QCD_stat_ele=6.41256, QCD_stat_muon=-6.01168, VBS_stat_ele=5.74963, VBS_stat_muon=-6.99925, ele_efficiency=2.12432, ele_trigger=3.65206, fakephoton_ele=5.70668, fakephoton_muon=-4.02757, interference=5.26403, lumi=1.69619, mu_efficiency=5.45647, mu_trigger=-6.50207, non_prompt_stat_ele=5.72135, non_prompt_stat_muon=3.74699, others_stat_ele=2.37561, others_stat_muon=1.83599, others_xs=-4.49058, param=0.638979, pdf_ele=6.68911, pdf_muon=5.22595, photon_id=5.99124, pileup=1.77939, scale_ele=5.60576, scale_muon=-6.86706
RooProdPdf::model_s[ modelObs_s * nuisancePdf ]
     getLogVal() top-level p.d.f evaluates to zero @ !pdfs=(modelObs_s = 0/1,nuisancePdf = 1)

[#0] WARNING:Minization -- RooMinimizerFcn: Minimized function has error status.
Returning maximum FCN so far (1067.81) to force MIGRAD to back out of this region. Error log follows
Parameter values: JER_ele=0.940816, JER_muon=-5.03448, JES_ele=5.71038, JES_muon=4.14912, QCD_stat_ele=5.99169, QCD_stat_muon=0.0724516, VBS_stat_ele=5.94323, VBS_stat_muon=-6.77981, ele_efficiency=2.19776, ele_trigger=3.8736, fakephoton_ele=5.95278, fakephoton_muon=-5.15072, interference=4.55268, lumi=0.550439, mu_efficiency=5.73589, mu_trigger=-5.46836, non_prompt_stat_ele=6.00069, non_prompt_stat_muon=0.323741, others_stat_ele=2.62157, others_stat_muon=4.23367, others_xs=-5.58547, param=0.680353, pdf_ele=6.81695, pdf_muon=2.33682, photon_id=3.54923, pileup=1.89114, scale_ele=4.93505, scale_muon=-2.33786
RooProdPdf::model_s[ modelObs_s * nuisancePdf ]
     getLogVal() top-level p.d.f evaluates to zero @ !pdfs=(modelObs_s = 0/1,nuisancePdf = 1)

[#0] WARNING:Minization -- RooMinimizerFcn: Minimized function has error status.
Returning maximum FCN so far (1067.81) to force MIGRAD to back out of this region. Error log follows
Parameter values: JER_ele=1.12834, JER_muon=-6.08736, JES_ele=5.93908, JES_muon=6.18766, QCD_stat_ele=5.37209, QCD_stat_muon=6.59266, VBS_stat_ele=6.14983, VBS_stat_muon=-5.92285, ele_efficiency=2.28309, ele_trigger=4.12506, fakephoton_ele=6.20936, fakephoton_muon=-6.16196, interference=3.60572, lumi=-0.804157, mu_efficiency=6.02992, mu_trigger=-3.67325, non_prompt_stat_ele=6.28591, non_prompt_stat_muon=-3.71253, others_stat_ele=2.90374, others_stat_muon=6.23262, others_xs=-6.49694, param=0.728325, pdf_ele=6.92388, pdf_muon=-1.70666, photon_id=-0.326939, pileup=2.02095, scale_ele=4.02076, scale_muon=5.34018
RooProdPdf::model_s[ modelObs_s * nuisancePdf ]
     getLogVal() top-level p.d.f evaluates to zero @ !pdfs=(modelObs_s = 0/1,nuisancePdf = 1)

[#0] WARNING:Minization -- RooMinimizerFcn: Minimized function has error status.
Returning maximum FCN so far (1067.81) to force MIGRAD to back out of this region. Error log follows
Parameter values: JER_ele=1.3529, JER_muon=-6.84093, JES_ele=6.18689, JES_muon=6.98963, QCD_stat_ele=4.46236, QCD_stat_muon=3.04415, VBS_stat_ele=6.37023, VBS_stat_muon=-4.15272, ele_efficiency=2.38528, ele_trigger=4.41719, fakephoton_ele=6.47279, fakephoton_muon=-6.86831, interference=2.33649, lumi=-2.38929, mu_efficiency=6.33523, mu_trigger=-0.966489, non_prompt_stat_ele=6.56844, non_prompt_stat_muon=-6.71951, others_stat_ele=3.23592, others_stat_muon=6.98423, others_xs=-6.98657, param=0.785337, pdf_ele=6.99146, pdf_muon=-5.70111, photon_id=-4.73267, pileup=2.17607, scale_ele=2.76818, scale_muon=5.12262
RooProdPdf::model_s[ modelObs_s * nuisancePdf ]
     getLogVal() top-level p.d.f evaluates to zero @ !pdfs=(modelObs_s = 0/1,nuisancePdf = 1)

[#0] WARNING:Minization -- RooMinimizerFcn: Minimized function has error status.
Returning maximum FCN so far (1067.81) to force MIGRAD to back out of this region. Error log follows
Parameter values: JER_ele=1.63208, JER_muon=-6.90497, JES_ele=6.45317, JES_muon=5.21194, QCD_stat_ele=3.11554, QCD_stat_muon=-6.87215, VBS_stat_ele=6.60127, VBS_stat_muon=-1.17006, ele_efficiency=2.51243, ele_trigger=4.76565, fakephoton_ele=6.72976, fakephoton_muon=-6.88589, interference=0.623406, lumi=-4.18062, mu_efficiency=6.63901, mu_trigger=2.59044, non_prompt_stat_ele=6.82446, non_prompt_stat_muon=-5.67438, others_stat_ele=3.63915, others_stat_muon=5.15791, others_xs=-6.60455, param=0.855183, pdf_ele=6.98108, pdf_muon=-6.75921, photon_id=-6.9939, pileup=2.36841, scale_ele=1.04223, scale_muon=-5.87256
RooProdPdf::model_s[ modelObs_s * nuisancePdf ]
     getLogVal() top-level p.d.f evaluates to zero @ !pdfs=(modelObs_s = 0/1,nuisancePdf = 1)

[#0] WARNING:Minization -- RooMinimizerFcn: Minimized function has error status.
Returning maximum FCN so far (1067.81) to force MIGRAD to back out of this region. Error log follows
Parameter values: JER_ele=1.99712, JER_muon=-5.51014, JES_ele=6.72682, JES_muon=-0.371547, QCD_stat_ele=1.09489, QCD_stat_muon=4.23985, VBS_stat_ele=6.82751, VBS_stat_muon=3.0367, ele_efficiency=2.67912, ele_trigger=5.1945, fakephoton_ele=6.94015, fakephoton_muon=-5.46198, interference=-1.68016, lumi=-5.98416, mu_efficiency=6.90098, mu_trigger=6.11436, non_prompt_stat_ele=6.98965, non_prompt_stat_muon=1.76457, others_stat_ele=4.14785, others_stat_muon=-0.444002, others_xs=-4.53675, param=0.944057, pdf_ele=6.80565, pdf_muon=-1.00165, photon_id=-2.5985, pileup=2.61928, scale_ele=-1.32659, scale_muon=1.7346
RooProdPdf::model_s[ modelObs_s * nuisancePdf ]
     getLogVal() top-level p.d.f evaluates to zero @ !pdfs=(modelObs_s = 0/1,nuisancePdf = 1)

[#0] WARNING:Minization -- RooMinimizerFcn: Minimized function has error status.
Returning maximum FCN so far (1067.81) to force MIGRAD to back out of this region. Error log follows
Parameter values: JER_ele=3.09716, JER_muon=-4.20629, JES_ele=6.12216, JES_muon=3.43039, QCD_stat_ele=3.29475, QCD_stat_muon=-6.24449, VBS_stat_ele=5.99208, VBS_stat_muon=-6.98776, ele_efficiency=1.58297, ele_trigger=4.94198, fakephoton_ele=6.73136, fakephoton_muon=-3.63767, interference=4.02712, lumi=0.831591, mu_efficiency=6.40109, mu_trigger=-6.1725, non_prompt_stat_ele=6.89907, non_prompt_stat_muon=3.49032, others_stat_ele=4.70202, others_stat_muon=4.28364, others_xs=-5.95844, param=0.00955483, pdf_ele=6.95886, pdf_muon=4.14421, photon_id=3.58656, pileup=2.05532, scale_ele=1.09888, scale_muon=-5.70374
RooProdPdf::model_s[ modelObs_s * nuisancePdf ]
     getLogVal() top-level p.d.f evaluates to zero @ !pdfs=(modelObs_s = 0/1,nuisancePdf = 1)

[#0] WARNING:Minization -- RooMinimizerFcn: Minimized function has error status.
Returning maximum FCN so far (1067.81) to force MIGRAD to back out of this region. Error log follows
Parameter values: JER_ele=4.55537, JER_muon=0.668696, JES_ele=4.68029, JES_muon=5.7383, QCD_stat_ele=3.50304, QCD_stat_muon=-5.05786, VBS_stat_ele=3.36008, VBS_stat_muon=3.40059, ele_efficiency=-1.28263, ele_trigger=5.61147, fakephoton_ele=6.76451, fakephoton_muon=4.69495, interference=-6.91011, lumi=-6.95889, mu_efficiency=-4.15974, mu_trigger=6.48061, non_prompt_stat_ele=6.99494, non_prompt_stat_muon=-3.76807, others_stat_ele=6.10029, others_stat_muon=6.89991, others_xs=-6.0565, param=0.0283421, pdf_ele=5.64799, pdf_muon=-6.07613, photon_id=6.34896, pileup=-0.637057, scale_ele=0.799351, scale_muon=-2.13481
RooProdPdf::model_s[ modelObs_s * nuisancePdf ]
     getLogVal() top-level p.d.f evaluates to zero @ !pdfs=(modelObs_s = 0/1,nuisancePdf = 1)

[#0] WARNING:Minization -- RooMinimizerFcn: Minimized function has error status.
Returning maximum FCN so far (1067.81) to force MIGRAD to back out of this region. Error log follows
Parameter values: JER_ele=-0.031309, JER_muon=3.23456, JES_ele=4.24013, JES_muon=-6.98314, QCD_stat_ele=6.79639, QCD_stat_muon=0.742789, VBS_stat_ele=4.53372, VBS_stat_muon=-1.47689, ele_efficiency=1.75046, ele_trigger=2.47246, fakephoton_ele=4.15027, fakephoton_muon=3.00646, interference=6.99931, lumi=6.12669, mu_efficiency=3.76364, mu_trigger=-3.35264, non_prompt_stat_ele=3.89875, non_prompt_stat_muon=0.0932375, others_stat_ele=1.10917, others_stat_muon=-6.99121, others_xs=2.86166, param=0.27803, pdf_ele=5.57058, pdf_muon=-1.23501, photon_id=-2.25381, pileup=1.22243, scale_ele=6.97342, scale_muon=-1.16024
RooProdPdf::model_s[ modelObs_s * nuisancePdf ]
     getLogVal() top-level p.d.f evaluates to zero @ !pdfs=(modelObs_s = 0/1,nuisancePdf = 1)

[#0] WARNING:Minization -- RooMinimizerFcn: Minimized function has error status.
Returning maximum FCN so far (1067.81) to force MIGRAD to back out of this region. Error log follows
Parameter values: JER_ele=0.0832817, JER_muon=2.49008, JES_ele=4.43124, JES_muon=-6.93212, QCD_stat_ele=6.92033, QCD_stat_muon=4.3556, VBS_stat_ele=4.71516, VBS_stat_muon=-2.43847, ele_efficiency=1.80066, ele_trigger=2.64194, fakephoton_ele=4.39287, fakephoton_muon=2.2563, interference=6.97017, lumi=5.78651, mu_efficiency=3.97372, mu_trigger=-4.28676, non_prompt_stat_ele=4.18617, non_prompt_stat_muon=2.02853, others_stat_ele=1.2899, others_stat_muon=-6.91315, others_xs=2.03661, param=0.293014, pdf_ele=5.76791, pdf_muon=0.662691, photon_id=-0.355487, pileup=1.2861, scale_ele=6.99936, scale_muon=2.69522
RooProdPdf::model_s[ modelObs_s * nuisancePdf ]
     getLogVal() top-level p.d.f evaluates to zero @ !pdfs=(modelObs_s = 0/1,nuisancePdf = 1)

[#0] WARNING:Minization -- RooMinimizerFcn: Minimized function has error status.
Returning maximum FCN so far (1067.81) to force MIGRAD to back out of this region. Error log follows
Parameter values: JER_ele=0.337444, JER_muon=1.82933, JES_ele=4.59813, JES_muon=-6.63518, QCD_stat_ele=6.99092, QCD_stat_muon=6.38293, VBS_stat_ele=4.87194, VBS_stat_muon=-3.19535, ele_efficiency=1.78643, ele_trigger=2.85212, fakephoton_ele=4.65883, fakephoton_muon=1.64936, interference=6.89478, lumi=5.45676, mu_efficiency=4.25282, mu_trigger=-4.99347, non_prompt_stat_ele=4.52319, non_prompt_stat_muon=3.5401, others_stat_ele=1.59165, others_stat_muon=-6.59556, others_xs=1.25116, param=0.308631, pdf_ele=5.92883, pdf_muon=2.27923, photon_id=1.38446, pileup=1.35654, scale_ele=6.94323, scale_muon=5.41972
RooProdPdf::model_s[ modelObs_s * nuisancePdf ]
     getLogVal() top-level p.d.f evaluates to zero @ !pdfs=(modelObs_s = 0/1,nuisancePdf = 1)

[#0] WARNING:Minization -- RooMinimizerFcn: Minimized function has error status.
Returning maximum FCN so far (1067.81) to force MIGRAD to back out of this region. Error log follows
Parameter values: JER_ele=-0.331134, JER_muon=1.4412, JES_ele=4.79177, JES_muon=-6.45375, QCD_stat_ele=6.99439, QCD_stat_muon=6.94131, VBS_stat_ele=5.01362, VBS_stat_muon=-3.68221, ele_efficiency=2.1222, ele_trigger=2.74531, fakephoton_ele=4.64133, fakephoton_muon=0.987203, interference=6.93004, lumi=5.20386, mu_efficiency=3.8068, mu_trigger=-5.38866, non_prompt_stat_ele=4.38658, non_prompt_stat_muon=4.40429, others_stat_ele=1.07726, others_stat_muon=-6.39753, others_xs=0.995196, param=0.277863, pdf_ele=6.12953, pdf_muon=3.00165, photon_id=2.08729, pileup=1.31793, scale_ele=6.94637, scale_muon=6.29198
RooProdPdf::model_s[ modelObs_s * nuisancePdf ]
     getLogVal() top-level p.d.f evaluates to zero @ !pdfs=(modelObs_s = 0/1,nuisancePdf = 1)

[#0] WARNING:Minization -- RooMinimizerFcn: Minimized function has error status.
Returning maximum FCN so far (1067.81) to force MIGRAD to back out of this region. Error log follows
Parameter values: JER_ele=0.0711205, JER_muon=0.358829, JES_ele=4.8054, JES_muon=-5.39346, QCD_stat_ele=6.99986, QCD_stat_muon=5.66118, VBS_stat_ele=5.0453, VBS_stat_muon=-4.70676, ele_efficiency=1.99179, ele_trigger=2.89242, fakephoton_ele=4.78465, fakephoton_muon=0.0338734, interference=6.73391, lumi=4.68532, mu_efficiency=4.35672, mu_trigger=-6.2033, non_prompt_stat_ele=4.61526, non_prompt_stat_muon=6.08264, others_stat_ele=1.43999, others_stat_muon=-5.31749, others_xs=-0.17118, param=0.297436, pdf_ele=6.13343, pdf_muon=5.10655, photon_id=4.2335, pileup=1.4276, scale_ele=6.87971, scale_muon=6.64641
RooProdPdf::model_s[ modelObs_s * nuisancePdf ]
     getLogVal() top-level p.d.f evaluates to zero @ !pdfs=(modelObs_s = 0/1,nuisancePdf = 1)

[#0] WARNING:Minization -- RooMinimizerFcn: Minimized function has error status.
Returning maximum FCN so far (1067.81) to force MIGRAD to back out of this region. Error log follows
Parameter values: JER_ele=0.415068, JER_muon=-0.610118, JES_ele=4.97383, JES_muon=-4.07368, QCD_stat_ele=6.94884, QCD_stat_muon=1.91489, VBS_stat_ele=5.20505, VBS_stat_muon=-5.4931, ele_efficiency=1.95298, ele_trigger=3.13775, fakephoton_ele=5.07271, fakephoton_muon=-0.842177, interference=6.47277, lumi=4.10628, mu_efficiency=4.73724, mu_trigger=-6.70109, non_prompt_stat_ele=4.9874, non_prompt_stat_muon=6.87697, others_stat_ele=1.82397, others_stat_muon=-3.98633, others_xs=-1.26909, param=0.317751, pdf_ele=6.27782, pdf_muon=6.38497, photon_id=5.84363, pileup=1.52426, scale_ele=6.64907, scale_muon=3.75982
RooProdPdf::model_s[ modelObs_s * nuisancePdf ]
     getLogVal() top-level p.d.f evaluates to zero @ !pdfs=(modelObs_s = 0/1,nuisancePdf = 1)

[#0] WARNING:Minization -- RooMinimizerFcn: Minimized function has error status.
Returning maximum FCN so far (1067.81) to force MIGRAD to back out of this region. Error log follows
Parameter values: JER_ele=0.552966, JER_muon=-1.68209, JES_ele=5.17161, JES_muon=-2.35429, QCD_stat_ele=6.81989, QCD_stat_muon=-3.21059, VBS_stat_ele=5.3924, VBS_stat_muon=-6.21626, ele_efficiency=2.01244, ele_trigger=3.32707, fakephoton_ele=5.31408, fakephoton_muon=-1.90064, interference=6.16177, lumi=3.3887, mu_efficiency=4.98106, mu_trigger=-6.97726, non_prompt_stat_ele=5.26924, non_prompt_stat_muon=6.87857, others_stat_ele=2.03264, others_stat_muon=-2.26218, others_xs=-2.38673, param=0.3375, pdf_ele=6.4433, pdf_muon=6.98749, photon_id=6.8309, pileup=1.60674, scale_ele=6.34391, scale_muon=-1.2596
RooProdPdf::model_s[ modelObs_s * nuisancePdf ]
     getLogVal() top-level p.d.f evaluates to zero @ !pdfs=(modelObs_s = 0/1,nuisancePdf = 1)

[#0] WARNING:Minization -- RooMinimizerFcn: Minimized function has error status.
Returning maximum FCN so far (1067.81) to force MIGRAD to back out of this region. Error log follows
Parameter values: JER_ele=0.690947, JER_muon=-2.83667, JES_ele=5.3682, JES_muon=-0.212332, QCD_stat_ele=6.60408, QCD_stat_muon=-6.78505, VBS_stat_ele=5.57666, VBS_stat_muon=-6.75823, ele_efficiency=2.07426, ele_trigger=3.52099, fakephoton_ele=5.5508, fakephoton_muon=-3.03284, interference=5.73521, lumi=2.53235, mu_efficiency=5.23938, mu_trigger=-6.91243, non_prompt_stat_ele=5.54334, non_prompt_stat_muon=5.75155, others_stat_ele=2.24531, others_stat_muon=-0.124179, others_xs=-3.55644, param=0.35956, pdf_ele=6.59344, pdf_muon=6.58138, photon_id=6.88233, pileup=1.69849, scale_ele=5.93076, scale_muon=-5.97052
RooProdPdf::model_s[ modelObs_s * nuisancePdf ]
     getLogVal() top-level p.d.f evaluates to zero @ !pdfs=(modelObs_s = 0/1,nuisancePdf = 1)

[#0] WARNING:Minization -- RooMinimizerFcn: Minimized function has error status.
Returning maximum FCN so far (1067.81) to force MIGRAD to back out of this region. Error log follows
Parameter values: JER_ele=0.844249, JER_muon=-4.04887, JES_ele=5.57598, JES_muon=2.24901, QCD_stat_ele=6.26859, QCD_stat_muon=-5.27048, VBS_stat_ele=5.77049, VBS_stat_muon=-6.99876, ele_efficiency=2.14318, ele_trigger=3.73298, fakephoton_ele=5.79599, fakephoton_muon=-4.21401, interference=5.15387, lumi=1.50095, mu_efficiency=5.51596, mu_trigger=-6.35836, non_prompt_stat_ele=5.8242, non_prompt_stat_muon=3.25901, others_stat_ele=2.47963, others_stat_muon=2.32259, others_xs=-4.74056, param=0.384952, pdf_ele=6.73384, pdf_muon=4.80998, photon_id=5.59825, pileup=1.80268, scale_ele=5.36338, scale_muon=-6.4154
RooProdPdf::model_s[ modelObs_s * nuisancePdf ]
     getLogVal() top-level p.d.f evaluates to zero @ !pdfs=(modelObs_s = 0/1,nuisancePdf = 1)


 -- Hybrid New -- 
CLs = 0.00471698 +/- 0.00333352
Done in 20.84 min (cpu), 21.30 min (real)
