 <<< Combine >>> 
>>> including systematics
>>> using the Profile Likelihood test statistics modified for upper limits (Q_LHC)
>>> method used is HybridNew
>>> Used OpenSSL to get a really random seed -532457136
Computing results starting from observation (a-posteriori)
[#0] WARNING:Minization -- RooMinimizerFcn: Minimized function has error status.
Returning maximum FCN so far (404.836) to force MIGRAD to back out of this region. Error log follows
Parameter values: JER_ele=-4.90458, JER_muon=-6.89512, JES_ele=-4.99696, JES_muon=0.828618, QCD_stat_ele=1.91224, QCD_stat_muon=6.0393, VBS_stat_ele=-6.81373, VBS_stat_muon=-3.85111, ele_efficiency=-4.49663, ele_trigger=2.04678, fakephoton_ele=6.86388, fakephoton_muon=-2.8295, interference=5.2497, lumi=1.86013, mu_efficiency=-0.681494, mu_trigger=-0.603684, non_prompt_stat_ele=4.63355, non_prompt_stat_muon=5.66313, others_stat_ele=3.0017, others_stat_muon=-5.14458, others_xs=-1.97416, param=0.0770673, pdf_ele=-6.94199, pdf_muon=-0.979136, photon_id=-2.15771, pileup=3.29703, scale_ele=-6.89921, scale_muon=-2.79297
RooProdPdf::model_s[ modelObs_s * nuisancePdf ]
     getLogVal() top-level p.d.f evaluates to zero @ !pdfs=(modelObs_s = 0/1,nuisancePdf = 1)

[#0] WARNING:Minization -- RooMinimizerFcn: Minimized function has error status.
Returning maximum FCN so far (404.836) to force MIGRAD to back out of this region. Error log follows
Parameter values: JER_ele=6.55921, JER_muon=-5.73181, JES_ele=-6.01246, JES_muon=4.62088, QCD_stat_ele=-6.91002, QCD_stat_muon=-5.44023, VBS_stat_ele=1.23327, VBS_stat_muon=3.42596, ele_efficiency=-2.96802, ele_trigger=-5.42606, fakephoton_ele=4.88622, fakephoton_muon=-6.99937, interference=2.62555, lumi=-2.36157, mu_efficiency=-6.29388, mu_trigger=-5.99323, non_prompt_stat_ele=4.79752, non_prompt_stat_muon=-2.72975, others_stat_ele=2.97231, others_stat_muon=-6.97695, others_xs=6.84842, param=0.141082, pdf_ele=6.48872, pdf_muon=-5.01409, photon_id=5.94772, pileup=-6.99283, scale_ele=-6.9164, scale_muon=4.6489
RooProdPdf::model_s[ modelObs_s * nuisancePdf ]
     getLogVal() top-level p.d.f evaluates to zero @ !pdfs=(modelObs_s = 0/1,nuisancePdf = 1)

[#0] WARNING:Minization -- RooMinimizerFcn: Minimized function has error status.
Returning maximum FCN so far (960.13) to force MIGRAD to back out of this region. Error log follows
Parameter values: JER_ele=1.70692, JER_muon=4.12362, JES_ele=3.23384, JES_muon=6.38336, QCD_stat_ele=6.34173, QCD_stat_muon=1.71347, VBS_stat_ele=0.706633, VBS_stat_muon=6.12355, ele_efficiency=-1.19142, ele_trigger=2.03003, fakephoton_ele=-0.979809, fakephoton_muon=3.13089, interference=5.32433, lumi=4.60641, mu_efficiency=1.00065, mu_trigger=1.99966, non_prompt_stat_ele=1.24397, non_prompt_stat_muon=6.99028, others_stat_ele=2.51327, others_stat_muon=6.98836, others_xs=5.28728, param=0.441488, pdf_ele=1.579, pdf_muon=6.97603, photon_id=6.58046, pileup=0.0153199, scale_ele=6.51246, scale_muon=-2.55149
RooProdPdf::model_s[ modelObs_s * nuisancePdf ]
     getLogVal() top-level p.d.f evaluates to zero @ !pdfs=(modelObs_s = 0/1,nuisancePdf = 1)

[#0] WARNING:Minization -- RooMinimizerFcn: Minimized function has error status.
Returning maximum FCN so far (960.13) to force MIGRAD to back out of this region. Error log follows
Parameter values: JER_ele=1.81698, JER_muon=4.4234, JES_ele=3.39918, JES_muon=6.62649, QCD_stat_ele=6.57619, QCD_stat_muon=0.236895, VBS_stat_ele=0.854449, VBS_stat_muon=6.3735, ele_efficiency=-1.15562, ele_trigger=2.17194, fakephoton_ele=-0.868519, fakephoton_muon=3.405, interference=5.49466, lumi=4.86346, mu_efficiency=1.12778, mu_trigger=2.38335, non_prompt_stat_ele=1.41092, non_prompt_stat_muon=6.98983, others_stat_ele=2.70834, others_stat_muon=6.99467, others_xs=5.58056, param=0.441514, pdf_ele=1.81722, pdf_muon=6.85068, photon_id=6.17974, pileup=0.0489588, scale_ele=6.7055, scale_muon=-4.16064
RooProdPdf::model_s[ modelObs_s * nuisancePdf ]
     getLogVal() top-level p.d.f evaluates to zero @ !pdfs=(modelObs_s = 0/1,nuisancePdf = 1)

[#0] WARNING:Minization -- RooMinimizerFcn: Minimized function has error status.
Returning maximum FCN so far (960.13) to force MIGRAD to back out of this region. Error log follows
Parameter values: JER_ele=1.95788, JER_muon=4.76637, JES_ele=3.61846, JES_muon=6.84692, QCD_stat_ele=6.78965, QCD_stat_muon=-1.50128, VBS_stat_ele=1.0361, VBS_stat_muon=6.62231, ele_efficiency=-1.11515, ele_trigger=2.35623, fakephoton_ele=-0.679531, fakephoton_muon=3.73006, interference=5.69875, lumi=5.17674, mu_efficiency=1.2835, mu_trigger=2.85291, non_prompt_stat_ele=1.63037, non_prompt_stat_muon=6.87793, others_stat_ele=2.96162, others_stat_muon=6.9093, others_xs=5.92375, param=0.441537, pdf_ele=2.12135, pdf_muon=6.54616, photon_id=5.49323, pileup=0.0896828, scale_ele=6.87777, scale_muon=-5.79166
RooProdPdf::model_s[ modelObs_s * nuisancePdf ]
     getLogVal() top-level p.d.f evaluates to zero @ !pdfs=(modelObs_s = 0/1,nuisancePdf = 1)


 -- Hybrid New -- 
CLs = 0.40625 +/- 0.0302173
Done in 14.82 min (cpu), 14.90 min (real)
