 <<< Combine >>> 
>>> including systematics
>>> using the Profile Likelihood test statistics modified for upper limits (Q_LHC)
>>> method used is HybridNew
>>> Used OpenSSL to get a really random seed -460886308
Computing results starting from observation (a-posteriori)
[#0] WARNING:Minization -- RooMinimizerFcn: Minimized function has error status.
Returning maximum FCN so far (40.258) to force MIGRAD to back out of this region. Error log follows
Parameter values: JER_ele=3.4135, JER_muon=3.08076, JES_ele=2.0707, JES_muon=0.858369, QCD_stat_ele=0.581774, QCD_stat_muon=4.50702, VBS_stat_ele=-2.16447, VBS_stat_muon=3.64702, ele_efficiency=6.57313, ele_trigger=2.09775, fakephoton_ele=5.29092, fakephoton_muon=2.41901, interference=-1.11892, lumi=4.82251, mu_efficiency=0.576689, mu_trigger=3.87967, non_prompt_stat_ele=3.72452, non_prompt_stat_muon=-1.49344, others_stat_ele=-1.46875, others_stat_muon=3.90927, others_xs=3.72904, param=0.500409, pdf_ele=-5.30302, pdf_muon=6.9604, photon_id=6.61376, pileup=0.706456, scale_ele=6.75235, scale_muon=6.34023
RooProdPdf::model_s[ modelObs_s * nuisancePdf ]
     getLogVal() top-level p.d.f evaluates to zero @ !pdfs=(modelObs_s = 0/1,nuisancePdf = 1)

[#0] WARNING:Minization -- RooMinimizerFcn: Minimized function has error status.
Returning maximum FCN so far (47.3878) to force MIGRAD to back out of this region. Error log follows
Parameter values: JER_ele=-1.16976, JER_muon=6.6957, JES_ele=6.64493, JES_muon=6.8742, QCD_stat_ele=5.47299, QCD_stat_muon=5.92606, VBS_stat_ele=-3.41414, VBS_stat_muon=-2.23393, ele_efficiency=-0.716751, ele_trigger=2.24264, fakephoton_ele=5.70216, fakephoton_muon=5.6584, interference=3.7291, lumi=1.15633, mu_efficiency=6.98303, mu_trigger=1.93819, non_prompt_stat_ele=-4.00808, non_prompt_stat_muon=5.51032, others_stat_ele=3.10177, others_stat_muon=6.62305, others_xs=-2.19052, param=0.33868, pdf_ele=2.95905, pdf_muon=6.61135, photon_id=6.68027, pileup=2.73994, scale_ele=2.0621, scale_muon=3.28151
RooProdPdf::model_s[ modelObs_s * nuisancePdf ]
     getLogVal() top-level p.d.f evaluates to zero @ !pdfs=(modelObs_s = 0/1,nuisancePdf = 1)

[#0] WARNING:Minization -- RooMinimizerFcn: Minimized function has error status.
Returning maximum FCN so far (39.8797) to force MIGRAD to back out of this region. Error log follows
Parameter values: JER_ele=6.99233, JER_muon=6.60639, JES_ele=0.108236, JES_muon=-2.73859, QCD_stat_ele=4.33577, QCD_stat_muon=6.69865, VBS_stat_ele=1.55533, VBS_stat_muon=2.06397, ele_efficiency=-0.412039, ele_trigger=3.84662, fakephoton_ele=4.48594, fakephoton_muon=2.5394, interference=5.9284, lumi=4.40007, mu_efficiency=-0.371229, mu_trigger=-1.41148, non_prompt_stat_ele=2.09806, non_prompt_stat_muon=5.36977, others_stat_ele=4.02211, others_stat_muon=2.6275, others_xs=2.43607, param=0.414786, pdf_ele=4.23946, pdf_muon=1.12541, photon_id=6.97129, pileup=6.18176, scale_ele=5.79895, scale_muon=2.97239
RooProdPdf::model_s[ modelObs_s * nuisancePdf ]
     getLogVal() top-level p.d.f evaluates to zero @ !pdfs=(modelObs_s = 0/1,nuisancePdf = 1)

[#0] WARNING:Minization -- RooMinimizerFcn: Minimized function has error status.
Returning maximum FCN so far (437.046) to force MIGRAD to back out of this region. Error log follows
Parameter values: JER_ele=-0.80142, JER_muon=0.913543, JES_ele=-0.00572489, JES_muon=1.42468, QCD_stat_ele=-0.805261, QCD_stat_muon=-0.449374, VBS_stat_ele=2.47816, VBS_stat_muon=-2.48445, ele_efficiency=0.414917, ele_trigger=-0.106197, fakephoton_ele=4.66328, fakephoton_muon=-0.443947, interference=-1.63005, lumi=-0.234053, mu_efficiency=1.63024, mu_trigger=-0.289376, non_prompt_stat_ele=5.08081, non_prompt_stat_muon=-0.390542, others_stat_ele=-1.42374, others_stat_muon=1.15084, others_xs=1.19138, param=0.325286, pdf_ele=-2.91168, pdf_muon=1.14135, photon_id=-1.62904, pileup=0.843383, scale_ele=-0.931671, scale_muon=0.490886
RooProdPdf::model_s[ modelObs_s * nuisancePdf ]
     getLogVal() top-level p.d.f evaluates to zero @ !pdfs=(modelObs_s = 0/1,nuisancePdf = 1)


 -- Hybrid New -- 
CLs = 0.0769231 +/- 0.0135143
Done in 15.41 min (cpu), 15.51 min (real)
