 <<< Combine >>> 
>>> including systematics
>>> using the Profile Likelihood test statistics modified for upper limits (Q_LHC)
>>> method used is HybridNew
>>> Used OpenSSL to get a really random seed 1311948992
Computing results starting from observation (a-posteriori)
[#0] WARNING:Minization -- RooMinimizerFcn: Minimized function has error status.
Returning maximum FCN so far (807.339) to force MIGRAD to back out of this region. Error log follows
Parameter values: JER_ele=-0.99843, JER_muon=3.20994, JES_ele=2.70818, JES_muon=0.363184, QCD_stat_ele=6.99999, QCD_stat_muon=5.16915, VBS_stat_ele=-0.443497, VBS_stat_muon=1.54528, ele_efficiency=0.664587, ele_trigger=2.70003, fakephoton_ele=3.04517, fakephoton_muon=-0.142696, interference=2.17553, lumi=2.14061, mu_efficiency=1.56087, mu_trigger=4.56902, non_prompt_stat_ele=5.5489, non_prompt_stat_muon=-0.931792, others_stat_ele=-4.61904, others_stat_muon=3.64098, others_xs=-0.120688, param=0.951299, pdf_ele=-1.70971, pdf_muon=6.50599, photon_id=3.65146, pileup=0.0916644, scale_ele=5.28391, scale_muon=2.59717
RooProdPdf::model_s[ modelObs_s * nuisancePdf ]
     getLogVal() top-level p.d.f evaluates to zero @ !pdfs=(modelObs_s = 0/1,nuisancePdf = 1)

[#0] WARNING:Minization -- RooMinimizerFcn: Minimized function has error status.
Returning maximum FCN so far (807.339) to force MIGRAD to back out of this region. Error log follows
Parameter values: JER_ele=2.41003, JER_muon=6.67881, JES_ele=6.84571, JES_muon=6.844, QCD_stat_ele=-2.97735, QCD_stat_muon=6.95866, VBS_stat_ele=6.99187, VBS_stat_muon=3.74575, ele_efficiency=2.10683, ele_trigger=6.70004, fakephoton_ele=6.97386, fakephoton_muon=0.830054, interference=6.99992, lumi=6.59453, mu_efficiency=4.73133, mu_trigger=3.15625, non_prompt_stat_ele=3.75399, non_prompt_stat_muon=4.9054, others_stat_ele=4.95377, others_stat_muon=0.622217, others_xs=6.63809, param=0.136594, pdf_ele=2.7568, pdf_muon=-6.95676, photon_id=-5.36894, pileup=0.895037, scale_ele=-0.680787, scale_muon=-6.996
RooProdPdf::model_s[ modelObs_s * nuisancePdf ]
     getLogVal() top-level p.d.f evaluates to zero @ !pdfs=(modelObs_s = 0/1,nuisancePdf = 1)

[#0] WARNING:Minization -- RooMinimizerFcn: Minimized function has error status.
Returning maximum FCN so far (807.339) to force MIGRAD to back out of this region. Error log follows
Parameter values: JER_ele=3.10893, JER_muon=6.59661, JES_ele=4.16452, JES_muon=5.7517, QCD_stat_ele=6.8989, QCD_stat_muon=-6.54482, VBS_stat_ele=5.57538, VBS_stat_muon=5.7501, ele_efficiency=0.862253, ele_trigger=3.25659, fakephoton_ele=5.57274, fakephoton_muon=6.71956, interference=6.16359, lumi=6.76583, mu_efficiency=2.74934, mu_trigger=6.98665, non_prompt_stat_ele=6.30595, non_prompt_stat_muon=-6.74363, others_stat_ele=6.72856, others_stat_muon=4.0997, others_xs=6.74869, param=0.126543, pdf_ele=5.74896, pdf_muon=2.8031, photon_id=-1.57059, pileup=0.806969, scale_ele=6.68841, scale_muon=-4.67158
RooProdPdf::model_s[ modelObs_s * nuisancePdf ]
     getLogVal() top-level p.d.f evaluates to zero @ !pdfs=(modelObs_s = 0/1,nuisancePdf = 1)

[#0] WARNING:Minization -- RooMinimizerFcn: Minimized function has error status.
Returning maximum FCN so far (807.339) to force MIGRAD to back out of this region. Error log follows
Parameter values: JER_ele=4.81615, JER_muon=6.2887, JES_ele=6.08382, JES_muon=-4.23199, QCD_stat_ele=4.84026, QCD_stat_muon=5.67039, VBS_stat_ele=6.77244, VBS_stat_muon=-1.72061, ele_efficiency=1.41403, ele_trigger=4.96105, fakephoton_ele=6.99998, fakephoton_muon=0.922728, interference=6.8874, lumi=5.90167, mu_efficiency=4.40152, mu_trigger=2.69808, non_prompt_stat_ele=6.60417, non_prompt_stat_muon=5.67192, others_stat_ele=6.29811, others_stat_muon=-6.10852, others_xs=0.390488, param=0.39057, pdf_ele=6.98796, pdf_muon=-6.91115, photon_id=-3.98103, pileup=1.3527, scale_ele=0.212791, scale_muon=1.98425
RooProdPdf::model_s[ modelObs_s * nuisancePdf ]
     getLogVal() top-level p.d.f evaluates to zero @ !pdfs=(modelObs_s = 0/1,nuisancePdf = 1)

[#0] WARNING:Minization -- RooMinimizerFcn: Minimized function has error status.
Returning maximum FCN so far (807.339) to force MIGRAD to back out of this region. Error log follows
Parameter values: JER_ele=3.40676, JER_muon=6.79451, JES_ele=4.2464, JES_muon=4.08344, QCD_stat_ele=6.94768, QCD_stat_muon=-6.99999, VBS_stat_ele=5.54118, VBS_stat_muon=5.18495, ele_efficiency=0.866484, ele_trigger=3.22424, fakephoton_ele=5.8201, fakephoton_muon=6.32871, interference=6.40869, lumi=6.90209, mu_efficiency=2.95685, mu_trigger=6.84645, non_prompt_stat_ele=6.45129, non_prompt_stat_muon=-6.95158, others_stat_ele=6.80168, others_stat_muon=2.67661, others_xs=6.26734, param=0.331452, pdf_ele=6.20621, pdf_muon=1.20749, photon_id=-3.88025, pileup=0.895757, scale_ele=6.4748, scale_muon=-2.30607
RooProdPdf::model_s[ modelObs_s * nuisancePdf ]
     getLogVal() top-level p.d.f evaluates to zero @ !pdfs=(modelObs_s = 0/1,nuisancePdf = 1)

[#0] WARNING:Minization -- RooMinimizerFcn: Minimized function has error status.
Returning maximum FCN so far (807.339) to force MIGRAD to back out of this region. Error log follows
Parameter values: JER_ele=4.47308, JER_muon=6.6573, JES_ele=5.71974, JES_muon=-2.48591, QCD_stat_ele=5.87004, QCD_stat_muon=2.85136, VBS_stat_ele=6.61412, VBS_stat_muon=-0.3254, ele_efficiency=1.28659, ele_trigger=4.5981, fakephoton_ele=6.92104, fakephoton_muon=2.34165, interference=6.98642, lumi=6.41044, mu_efficiency=4.1298, mu_trigger=3.91164, non_prompt_stat_ele=6.92049, non_prompt_stat_muon=2.99153, others_stat_ele=6.72465, others_stat_muon=-4.78697, others_xs=2.04542, param=0.136585, pdf_ele=6.97372, pdf_muon=-6.21194, photon_id=-6.03981, pileup=1.25027, scale_ele=2.19002, scale_muon=5.61378
RooProdPdf::model_s[ modelObs_s * nuisancePdf ]
     getLogVal() top-level p.d.f evaluates to zero @ !pdfs=(modelObs_s = 0/1,nuisancePdf = 1)

[#0] WARNING:Minization -- RooMinimizerFcn: Minimized function has error status.
Returning maximum FCN so far (807.339) to force MIGRAD to back out of this region. Error log follows
Parameter values: JER_ele=4.06278, JER_muon=6.9701, JES_ele=5.19376, JES_muon=0.186165, QCD_stat_ele=6.68783, QCD_stat_muon=-2.47407, VBS_stat_ele=6.24759, VBS_stat_muon=2.17214, ele_efficiency=1.12036, ele_trigger=4.08022, fakephoton_ele=6.63537, fakephoton_muon=4.24938, interference=6.94244, lumi=6.88436, mu_efficiency=3.68214, mu_trigger=5.46874, non_prompt_stat_ele=6.98425, non_prompt_stat_muon=-2.11495, others_stat_ele=6.97976, others_stat_muon=-2.07618, others_xs=4.05397, param=0.392981, pdf_ele=6.79224, pdf_muon=-3.90034, photon_id=-6.98269, pileup=1.11009, scale_ele=4.28418, scale_muon=6.55853
RooProdPdf::model_s[ modelObs_s * nuisancePdf ]
     getLogVal() top-level p.d.f evaluates to zero @ !pdfs=(modelObs_s = 0/1,nuisancePdf = 1)

[#0] WARNING:Minization -- RooMinimizerFcn: Minimized function has error status.
Returning maximum FCN so far (807.339) to force MIGRAD to back out of this region. Error log follows
Parameter values: JER_ele=3.91628, JER_muon=6.99858, JES_ele=4.97989, JES_muon=1.11051, QCD_stat_ele=6.86729, QCD_stat_muon=-4.19641, VBS_stat_ele=6.14695, VBS_stat_muon=2.79885, ele_efficiency=1.06071, ele_trigger=3.88593, fakephoton_ele=6.47266, fakephoton_muon=4.83396, interference=6.87883, lumi=6.96005, mu_efficiency=3.52703, mu_trigger=5.88517, non_prompt_stat_ele=6.9209, non_prompt_stat_muon=-3.77885, others_stat_ele=6.99999, others_stat_muon=-0.995798, others_xs=4.67719, param=0.157914, pdf_ele=6.68891, pdf_muon=-2.89105, photon_id=-6.73749, pileup=1.06213, scale_ele=4.95564, scale_muon=5.31647
RooProdPdf::model_s[ modelObs_s * nuisancePdf ]
     getLogVal() top-level p.d.f evaluates to zero @ !pdfs=(modelObs_s = 0/1,nuisancePdf = 1)

[#0] WARNING:Minization -- RooMinimizerFcn: Minimized function has error status.
Returning maximum FCN so far (807.339) to force MIGRAD to back out of this region. Error log follows
Parameter values: JER_ele=4.25467, JER_muon=6.86678, JES_ele=5.44151, JES_muon=-1.07729, QCD_stat_ele=6.38721, QCD_stat_muon=-0.0683472, VBS_stat_ele=6.45078, VBS_stat_muon=0.996433, ele_efficiency=1.19654, ele_trigger=4.3222, fakephoton_ele=6.78539, fakephoton_muon=3.44049, interference=6.99526, lumi=6.70607, mu_efficiency=3.89331, mu_trigger=4.79882, non_prompt_stat_ele=6.99736, non_prompt_stat_muon=0.19189, others_stat_ele=6.90167, others_stat_muon=-3.3956, others_xs=3.18314, param=0.149594, pdf_ele=6.89687, pdf_muon=-5.14629, photon_id=-6.85061, pileup=1.17492, scale_ele=3.39173, scale_muon=6.96331
RooProdPdf::model_s[ modelObs_s * nuisancePdf ]
     getLogVal() top-level p.d.f evaluates to zero @ !pdfs=(modelObs_s = 0/1,nuisancePdf = 1)

[#0] WARNING:Minization -- RooMinimizerFcn: Minimized function has error status.
Returning maximum FCN so far (807.339) to force MIGRAD to back out of this region. Error log follows
Parameter values: JER_ele=4.23846, JER_muon=6.88168, JES_ele=5.43374, JES_muon=-1.00417, QCD_stat_ele=6.39104, QCD_stat_muon=-0.147229, VBS_stat_ele=6.39474, VBS_stat_muon=1.29729, ele_efficiency=1.19212, ele_trigger=4.30853, fakephoton_ele=6.78381, fakephoton_muon=3.45595, interference=6.99135, lumi=6.72898, mu_efficiency=3.87706, mu_trigger=4.85273, non_prompt_stat_ele=6.9975, non_prompt_stat_muon=0.140833, others_stat_ele=6.90367, others_stat_muon=-3.32143, others_xs=3.22709, param=0.434464, pdf_ele=6.89042, pdf_muon=-5.05255, photon_id=-6.87853, pileup=1.17038, scale_ele=3.40837, scale_muon=6.97319
RooProdPdf::model_s[ modelObs_s * nuisancePdf ]
     getLogVal() top-level p.d.f evaluates to zero @ !pdfs=(modelObs_s = 0/1,nuisancePdf = 1)

[#0] WARNING:Minization -- RooMinimizerFcn: Minimized function has error status.
Returning maximum FCN so far (807.339) to force MIGRAD to back out of this region. Error log follows
Parameter values: JER_ele=3.79425, JER_muon=6.99343, JES_ele=4.80819, JES_muon=1.8568, QCD_stat_ele=6.95402, QCD_stat_muon=-5.35054, VBS_stat_ele=6.02626, VBS_stat_muon=3.45275, ele_efficiency=1.01344, ele_trigger=3.72911, fakephoton_ele=6.3274, fakephoton_muon=5.26833, interference=6.80133, lumi=6.99378, mu_efficiency=3.39459, mu_trigger=6.18766, non_prompt_stat_ele=6.83891, non_prompt_stat_muon=-4.9508, others_stat_ele=6.98717, others_stat_muon=-0.0808906, others_xs=5.13883, param=0.174921, pdf_ele=6.59053, pdf_muon=-1.97485, photon_id=-6.31866, pileup=1.02237, scale_ele=5.41304, scale_muon=3.8499
RooProdPdf::model_s[ modelObs_s * nuisancePdf ]
     getLogVal() top-level p.d.f evaluates to zero @ !pdfs=(modelObs_s = 0/1,nuisancePdf = 1)

[#0] WARNING:Minization -- RooMinimizerFcn: Minimized function has error status.
Returning maximum FCN so far (807.339) to force MIGRAD to back out of this region. Error log follows
Parameter values: JER_ele=4.37482, JER_muon=6.76729, JES_ele=5.60249, JES_muon=-1.89846, QCD_stat_ele=6.12226, QCD_stat_muon=1.57066, VBS_stat_ele=6.53712, VBS_stat_muon=0.411303, ele_efficiency=1.24731, ele_trigger=4.47941, fakephoton_ele=6.86627, fakephoton_muon=2.8549, interference=6.9989, lumi=6.55468, mu_efficiency=4.02702, mu_trigger=4.3132, non_prompt_stat_ele=6.96988, non_prompt_stat_muon=1.75443, others_stat_ele=6.81317, others_stat_muon=-4.18685, others_xs=2.56412, param=0.150741, pdf_ele=6.94563, pdf_muon=-5.80054, photon_id=-6.48284, pileup=1.21708, scale_ele=2.72152, scale_muon=6.40534
RooProdPdf::model_s[ modelObs_s * nuisancePdf ]
     getLogVal() top-level p.d.f evaluates to zero @ !pdfs=(modelObs_s = 0/1,nuisancePdf = 1)

[#0] WARNING:Minization -- RooMinimizerFcn: Minimized function has error status.
Returning maximum FCN so far (807.339) to force MIGRAD to back out of this region. Error log follows
Parameter values: JER_ele=4.15723, JER_muon=6.93317, JES_ele=5.3309, JES_muon=-0.480497, QCD_stat_ele=6.53636, QCD_stat_muon=-1.25415, VBS_stat_ele=6.31448, VBS_stat_muon=1.86174, ele_efficiency=1.16016, ele_trigger=4.20798, fakephoton_ele=6.71927, fakephoton_muon=3.83513, interference=6.97314, lumi=6.81024, mu_efficiency=3.78768, mu_trigger=5.14632, non_prompt_stat_ele=6.99894, non_prompt_stat_muon=-0.920591, others_stat_ele=6.94416, others_stat_muon=-2.74383, others_xs=3.6171, param=0.457537, pdf_ele=6.8495, pdf_muon=-4.55278, photon_id=-6.98387, pileup=1.14276, scale_ele=3.79806, scale_muon=6.96148
RooProdPdf::model_s[ modelObs_s * nuisancePdf ]
     getLogVal() top-level p.d.f evaluates to zero @ !pdfs=(modelObs_s = 0/1,nuisancePdf = 1)

[#0] WARNING:Minization -- RooMinimizerFcn: Minimized function has error status.
Returning maximum FCN so far (807.339) to force MIGRAD to back out of this region. Error log follows
Parameter values: JER_ele=3.89195, JER_muon=6.99991, JES_ele=4.96383, JES_muon=1.18204, QCD_stat_ele=6.87843, QCD_stat_muon=-4.35819, VBS_stat_ele=6.07799, VBS_stat_muon=3.16024, ele_efficiency=1.05445, ele_trigger=3.86572, fakephoton_ele=6.45477, fakephoton_muon=4.88436, interference=6.86132, lumi=6.96917, mu_efficiency=3.50785, mu_trigger=5.93045, non_prompt_stat_ele=6.91157, non_prompt_stat_muon=-3.9161, others_stat_ele=6.99986, others_stat_muon=-0.859366, others_xs=4.73792, param=0.298913, pdf_ele=6.67339, pdf_muon=-2.76054, photon_id=-6.68643, pileup=1.05641, scale_ele=4.99424, scale_muon=5.23109
RooProdPdf::model_s[ modelObs_s * nuisancePdf ]
     getLogVal() top-level p.d.f evaluates to zero @ !pdfs=(modelObs_s = 0/1,nuisancePdf = 1)

[#0] WARNING:Minization -- RooMinimizerFcn: Minimized function has error status.
Returning maximum FCN so far (807.339) to force MIGRAD to back out of this region. Error log follows
Parameter values: JER_ele=4.12832, JER_muon=6.94474, JES_ele=5.28402, JES_muon=-0.311196, QCD_stat_ele=6.60248, QCD_stat_muon=-1.71388, VBS_stat_ele=6.3219, VBS_stat_muon=1.90821, ele_efficiency=1.14747, ele_trigger=4.16771, fakephoton_ele=6.68256, fakephoton_muon=3.99708, interference=6.96889, lumi=6.82898, mu_efficiency=3.76053, mu_trigger=5.23242, non_prompt_stat_ele=6.99419, non_prompt_stat_muon=-1.37165, others_stat_ele=6.95973, others_stat_muon=-2.53015, others_xs=3.76265, param=0.15852, pdf_ele=6.83276, pdf_muon=-4.40219, photon_id=-6.99703, pileup=1.1336, scale_ele=3.9787, scale_muon=6.88831
RooProdPdf::model_s[ modelObs_s * nuisancePdf ]
     getLogVal() top-level p.d.f evaluates to zero @ !pdfs=(modelObs_s = 0/1,nuisancePdf = 1)

[#0] WARNING:Minization -- RooMinimizerFcn: Minimized function has error status.
Returning maximum FCN so far (807.339) to force MIGRAD to back out of this region. Error log follows
Parameter values: JER_ele=4.367, JER_muon=6.7863, JES_ele=5.6145, JES_muon=-1.9032, QCD_stat_ele=6.09319, QCD_stat_muon=1.59936, VBS_stat_ele=6.46905, VBS_stat_muon=0.85918, ele_efficiency=1.24806, ele_trigger=4.482, fakephoton_ele=6.87168, fakephoton_muon=2.84409, interference=6.9999, lumi=6.5758, mu_efficiency=4.01931, mu_trigger=4.33915, non_prompt_stat_ele=6.96646, non_prompt_stat_muon=1.77806, others_stat_ele=6.80312, others_stat_muon=-4.17288, others_xs=2.55336, param=0.473916, pdf_ele=6.94448, pdf_muon=-5.75774, photon_id=-6.50376, pileup=1.21561, scale_ele=2.64758, scale_muon=6.35916
RooProdPdf::model_s[ modelObs_s * nuisancePdf ]
     getLogVal() top-level p.d.f evaluates to zero @ !pdfs=(modelObs_s = 0/1,nuisancePdf = 1)

[#0] WARNING:Minization -- RooMinimizerFcn: Minimized function has error status.
Returning maximum FCN so far (807.339) to force MIGRAD to back out of this region. Error log follows
Parameter values: JER_ele=3.79302, JER_muon=6.99214, JES_ele=4.84214, JES_muon=1.73489, QCD_stat_ele=6.93974, QCD_stat_muon=-5.1985, VBS_stat_ele=5.92122, VBS_stat_muon=3.82989, ele_efficiency=1.01902, ele_trigger=3.74813, fakephoton_ele=6.35448, fakephoton_muon=5.2009, interference=6.7891, lumi=6.99429, mu_efficiency=3.40558, mu_trigger=6.16288, non_prompt_stat_ele=6.85523, non_prompt_stat_muon=-4.77303, others_stat_ele=6.99226, others_stat_muon=-0.190871, others_xs=5.07015, param=0.465681, pdf_ele=6.59594, pdf_muon=-2.03228, photon_id=-6.35979, pileup=1.02596, scale_ele=5.31364, scale_muon=4.18638
RooProdPdf::model_s[ modelObs_s * nuisancePdf ]
     getLogVal() top-level p.d.f evaluates to zero @ !pdfs=(modelObs_s = 0/1,nuisancePdf = 1)

[#0] WARNING:Minization -- RooMinimizerFcn: Minimized function has error status.
Returning maximum FCN so far (807.339) to force MIGRAD to back out of this region. Error log follows
Parameter values: JER_ele=4.01918, JER_muon=6.98383, JES_ele=5.14513, JES_muon=0.343347, QCD_stat_ele=6.74689, QCD_stat_muon=-3.00752, VBS_stat_ele=6.19637, VBS_stat_muon=2.62243, ele_efficiency=1.1056, ele_trigger=4.03324, fakephoton_ele=6.58344, fakephoton_muon=4.43247, interference=6.92798, lumi=6.90762, mu_efficiency=3.64706, mu_trigger=5.56672, non_prompt_stat_ele=6.96738, non_prompt_stat_muon=-2.62236, others_stat_ele=6.98884, others_stat_muon=-1.7838, others_xs=4.21674, param=0.158279, pdf_ele=6.76622, pdf_muon=-3.69237, photon_id=-6.94928, pileup=1.0987, scale_ele=4.44583, scale_muon=6.39254
RooProdPdf::model_s[ modelObs_s * nuisancePdf ]
     getLogVal() top-level p.d.f evaluates to zero @ !pdfs=(modelObs_s = 0/1,nuisancePdf = 1)

[#0] WARNING:Minization -- RooMinimizerFcn: Minimized function has error status.
Returning maximum FCN so far (807.339) to force MIGRAD to back out of this region. Error log follows
Parameter values: JER_ele=4.16787, JER_muon=6.93298, JES_ele=5.3532, JES_muon=-0.565598, QCD_stat_ele=6.52245, QCD_stat_muon=-1.28858, VBS_stat_ele=6.32016, VBS_stat_muon=1.97157, ele_efficiency=1.1668, ele_trigger=4.22919, fakephoton_ele=6.72166, fakephoton_muon=3.88238, interference=6.97567, lumi=6.80115, mu_efficiency=3.79737, mu_trigger=5.11613, non_prompt_stat_ele=6.99894, non_prompt_stat_muon=-1.03115, others_stat_ele=6.93802, others_stat_muon=-2.7822, others_xs=3.57646, param=0.142834, pdf_ele=6.85674, pdf_muon=-4.60881, photon_id=-6.97688, pileup=1.1459, scale_ele=3.72155, scale_muon=6.97449
RooProdPdf::model_s[ modelObs_s * nuisancePdf ]
     getLogVal() top-level p.d.f evaluates to zero @ !pdfs=(modelObs_s = 0/1,nuisancePdf = 1)

[#0] WARNING:Minization -- RooMinimizerFcn: Minimized function has error status.
Returning maximum FCN so far (807.339) to force MIGRAD to back out of this region. Error log follows
Parameter values: JER_ele=4.22319, JER_muon=6.91011, JES_ele=5.4375, JES_muon=-0.9007, QCD_stat_ele=6.40106, QCD_stat_muon=-0.596088, VBS_stat_ele=6.33218, VBS_stat_muon=1.8911, ele_efficiency=1.19108, ele_trigger=4.30568, fakephoton_ele=6.77346, fakephoton_muon=3.65156, interference=6.98451, lumi=6.75771, mu_efficiency=3.84883, mu_trigger=4.94666, non_prompt_stat_ele=6.9989, non_prompt_stat_muon=-0.379266, others_stat_ele=6.90352, others_stat_muon=-3.13654, others_xs=3.31521, param=0.275115, pdf_ele=6.886, pdf_muon=-4.89259, photon_id=-6.91692, pileup=1.16311, scale_ele=3.38736, scale_muon=6.99307
RooProdPdf::model_s[ modelObs_s * nuisancePdf ]
     getLogVal() top-level p.d.f evaluates to zero @ !pdfs=(modelObs_s = 0/1,nuisancePdf = 1)

[#0] WARNING:Minization -- RooMinimizerFcn: Minimized function has error status.
Returning maximum FCN so far (807.339) to force MIGRAD to back out of this region. Error log follows
Parameter values: JER_ele=4.15866, JER_muon=6.94459, JES_ele=5.36851, JES_muon=-0.543724, QCD_stat_ele=6.49285, QCD_stat_muon=-1.28773, VBS_stat_ele=6.22541, VBS_stat_muon=2.41738, ele_efficiency=1.16798, ele_trigger=4.23304, fakephoton_ele=6.7346, fakephoton_muon=3.86921, interference=6.96562, lumi=6.81933, mu_efficiency=3.78551, mu_trigger=5.15226, non_prompt_stat_ele=6.99974, non_prompt_stat_muon=-0.9978, others_stat_ele=6.93032, others_stat_muon=-2.75737, others_xs=3.56798, param=0.448216, pdf_ele=6.85491, pdf_muon=-4.51838, photon_id=-6.98287, pileup=1.1435, scale_ele=3.64393, scale_muon=6.977
RooProdPdf::model_s[ modelObs_s * nuisancePdf ]
     getLogVal() top-level p.d.f evaluates to zero @ !pdfs=(modelObs_s = 0/1,nuisancePdf = 1)

[#0] WARNING:Minization -- RooMinimizerFcn: Minimized function has error status.
Returning maximum FCN so far (807.339) to force MIGRAD to back out of this region. Error log follows
Parameter values: JER_ele=3.97792, JER_muon=6.99568, JES_ele=5.12848, JES_muon=0.572849, QCD_stat_ele=6.75865, QCD_stat_muon=-3.43615, VBS_stat_ele=6.0397, VBS_stat_muon=3.33294, ele_efficiency=1.09666, ele_trigger=4.00426, fakephoton_ele=6.57149, fakephoton_muon=4.58969, interference=6.89119, lumi=6.93876, mu_efficiency=3.59781, mu_trigger=5.7009, non_prompt_stat_ele=6.96268, non_prompt_stat_muon=-3.06642, others_stat_ele=6.99025, others_stat_muon=-1.51853, others_xs=4.33803, param=0.388105, pdf_ele=6.74392, pdf_muon=-3.33394, photon_id=-6.88885, pileup=1.08528, scale_ele=4.4821, scale_muon=6.15394
RooProdPdf::model_s[ modelObs_s * nuisancePdf ]
     getLogVal() top-level p.d.f evaluates to zero @ !pdfs=(modelObs_s = 0/1,nuisancePdf = 1)

[#0] WARNING:Minization -- RooMinimizerFcn: Minimized function has error status.
Returning maximum FCN so far (807.339) to force MIGRAD to back out of this region. Error log follows
Parameter values: JER_ele=4.01174, JER_muon=6.9917, JES_ele=5.16096, JES_muon=0.438282, QCD_stat_ele=6.73474, QCD_stat_muon=-3.28118, VBS_stat_ele=6.11688, VBS_stat_muon=3.09682, ele_efficiency=1.10747, ele_trigger=4.03936, fakephoton_ele=6.5875, fakephoton_muon=4.56525, interference=6.90994, lumi=6.92238, mu_efficiency=3.62201, mu_trigger=5.63565, non_prompt_stat_ele=6.96823, non_prompt_stat_muon=-2.99031, others_stat_ele=6.98641, others_stat_muon=-1.6567, others_xs=4.25527, param=0.132377, pdf_ele=6.76506, pdf_muon=-3.50596, photon_id=-6.9268, pileup=1.09315, scale_ele=4.38381, scale_muon=6.27884
RooProdPdf::model_s[ modelObs_s * nuisancePdf ]
     getLogVal() top-level p.d.f evaluates to zero @ !pdfs=(modelObs_s = 0/1,nuisancePdf = 1)

[#0] WARNING:Minization -- RooMinimizerFcn: Minimized function has error status.
Returning maximum FCN so far (807.339) to force MIGRAD to back out of this region. Error log follows
Parameter values: JER_ele=4.47223, JER_muon=6.72454, JES_ele=5.77785, JES_muon=-2.50469, QCD_stat_ele=5.78028, QCD_stat_muon=2.53529, VBS_stat_ele=6.49208, VBS_stat_muon=0.911236, ele_efficiency=1.30035, ele_trigger=4.63992, fakephoton_ele=6.92967, fakephoton_muon=2.57284, interference=6.99531, lumi=6.45508, mu_efficiency=4.10983, mu_trigger=3.98988, non_prompt_stat_ele=6.91335, non_prompt_stat_muon=2.49341, others_stat_ele=6.67699, others_stat_muon=-4.69669, others_xs=2.03134, param=0.104901, pdf_ele=6.97693, pdf_muon=-6.11703, photon_id=-6.09609, pileup=1.24704, scale_ele=1.89229, scale_muon=5.58199
RooProdPdf::model_s[ modelObs_s * nuisancePdf ]
     getLogVal() top-level p.d.f evaluates to zero @ !pdfs=(modelObs_s = 0/1,nuisancePdf = 1)

[#0] WARNING:Minization -- RooMinimizerFcn: Minimized function has error status.
Returning maximum FCN so far (807.339) to force MIGRAD to back out of this region. Error log follows
Parameter values: JER_ele=4.16866, JER_muon=6.95962, JES_ele=5.39215, JES_muon=-0.385039, QCD_stat_ele=6.47515, QCD_stat_muon=-1.80575, VBS_stat_ele=6.21861, VBS_stat_muon=2.71147, ele_efficiency=1.17474, ele_trigger=4.25421, fakephoton_ele=6.7378, fakephoton_muon=4.11956, interference=6.95725, lumi=6.83407, mu_efficiency=3.75503, mu_trigger=5.24968, non_prompt_stat_ele=6.99976, non_prompt_stat_muon=-1.68918, others_stat_ele=6.92326, others_stat_muon=-2.5707, others_xs=3.64047, param=0.105954, pdf_ele=6.86173, pdf_muon=-4.32199, photon_id=-6.99331, pileup=1.1372, scale_ele=3.55903, scale_muon=6.91179
RooProdPdf::model_s[ modelObs_s * nuisancePdf ]
     getLogVal() top-level p.d.f evaluates to zero @ !pdfs=(modelObs_s = 0/1,nuisancePdf = 1)

[#0] WARNING:Minization -- RooMinimizerFcn: Minimized function has error status.
Returning maximum FCN so far (807.339) to force MIGRAD to back out of this region. Error log follows
Parameter values: JER_ele=4.99286, JER_muon=5.98978, JES_ele=6.37209, JES_muon=-5.36727, QCD_stat_ele=3.72446, QCD_stat_muon=6.89024, VBS_stat_ele=6.76391, VBS_stat_muon=-1.36438, ele_efficiency=1.52877, ele_trigger=5.28274, fakephoton_ele=6.95882, fakephoton_muon=-0.157219, interference=6.77172, lumi=5.42923, mu_efficiency=4.63343, mu_trigger=1.56895, non_prompt_stat_ele=6.22456, non_prompt_stat_muon=6.77561, others_stat_ele=5.75848, others_stat_muon=-6.7858, others_xs=-0.968752, param=0.207823, pdf_ele=6.93442, pdf_muon=-6.95705, photon_id=-1.95475, pileup=1.4285, scale_ele=-1.58377, scale_muon=-2.72284
RooProdPdf::model_s[ modelObs_s * nuisancePdf ]
     getLogVal() top-level p.d.f evaluates to zero @ !pdfs=(modelObs_s = 0/1,nuisancePdf = 1)

[#0] WARNING:Minization -- RooMinimizerFcn: Minimized function has error status.
Returning maximum FCN so far (807.339) to force MIGRAD to back out of this region. Error log follows
Parameter values: JER_ele=2.51901, JER_muon=5.48943, JES_ele=2.91049, JES_muon=6.8207, QCD_stat_ele=5.61239, QCD_stat_muon=-0.508693, VBS_stat_ele=4.21313, VBS_stat_muon=6.99995, ele_efficiency=0.553399, ele_trigger=2.08745, fakephoton_ele=4.23237, fakephoton_muon=6.90854, interference=5.00022, lumi=5.76461, mu_efficiency=2.01107, mu_trigger=6.55108, non_prompt_stat_ele=4.79504, non_prompt_stat_muon=-1.67585, others_stat_ele=5.68969, others_stat_muon=6.62311, others_xs=6.93351, param=0.371685, pdf_ele=4.98921, pdf_muon=6.28698, photon_id=3.5988, pileup=0.630559, scale_ele=6.79973, scale_muon=-5.67983
RooProdPdf::model_s[ modelObs_s * nuisancePdf ]
     getLogVal() top-level p.d.f evaluates to zero @ !pdfs=(modelObs_s = 0/1,nuisancePdf = 1)

[#0] WARNING:Minization -- RooMinimizerFcn: Minimized function has error status.
Returning maximum FCN so far (807.339) to force MIGRAD to back out of this region. Error log follows
Parameter values: JER_ele=2.96047, JER_muon=6.28963, JES_ele=3.6294, JES_muon=5.68608, QCD_stat_ele=6.51138, QCD_stat_muon=-5.27932, VBS_stat_ele=4.78989, VBS_stat_muon=6.67027, ele_efficiency=0.71367, ele_trigger=2.67974, fakephoton_ele=5.09139, fakephoton_muon=6.92468, interference=5.8058, lumi=6.50209, mu_efficiency=2.52165, mu_trigger=6.9889, non_prompt_stat_ele=5.73527, non_prompt_stat_muon=-5.83774, others_stat_ele=6.38352, others_stat_muon=4.95167, others_xs=6.88293, param=0.181301, pdf_ele=5.65851, pdf_muon=4.05471, photon_id=-0.365786, pileup=0.77017, scale_ele=6.97169, scale_muon=-6.47844
RooProdPdf::model_s[ modelObs_s * nuisancePdf ]
     getLogVal() top-level p.d.f evaluates to zero @ !pdfs=(modelObs_s = 0/1,nuisancePdf = 1)

[#0] WARNING:Minization -- RooMinimizerFcn: Minimized function has error status.
Returning maximum FCN so far (807.339) to force MIGRAD to back out of this region. Error log follows
Parameter values: JER_ele=4.07809, JER_muon=6.97399, JES_ele=5.30295, JES_muon=-0.297917, QCD_stat_ele=6.59388, QCD_stat_muon=-2.05684, VBS_stat_ele=6.03924, VBS_stat_muon=3.27811, ele_efficiency=1.14447, ele_trigger=4.15818, fakephoton_ele=6.67549, fakephoton_muon=4.20736, interference=6.9371, lumi=6.87257, mu_efficiency=3.73018, mu_trigger=5.32611, non_prompt_stat_ele=6.9917, non_prompt_stat_muon=-1.92664, others_stat_ele=6.95362, others_stat_muon=-2.45165, others_xs=3.76826, param=0.0378832, pdf_ele=6.81424, pdf_muon=-4.13736, photon_id=-6.99973, pileup=1.12493, scale_ele=3.87809, scale_muon=6.87301
RooProdPdf::model_s[ modelObs_s * nuisancePdf ]
     getLogVal() top-level p.d.f evaluates to zero @ !pdfs=(modelObs_s = 0/1,nuisancePdf = 1)

[#0] WARNING:Minization -- RooMinimizerFcn: Minimized function has error status.
Returning maximum FCN so far (807.339) to force MIGRAD to back out of this region. Error log follows
Parameter values: JER_ele=3.42365, JER_muon=6.69165, JES_ele=4.47461, JES_muon=3.82242, QCD_stat_ele=6.99606, QCD_stat_muon=-6.98634, VBS_stat_ele=4.8059, VBS_stat_muon=6.55228, ele_efficiency=0.903436, ele_trigger=3.35104, fakephoton_ele=5.94592, fakephoton_muon=6.60762, interference=6.22508, lumi=6.87164, mu_efficiency=2.93999, mu_trigger=6.8634, non_prompt_stat_ele=6.54357, non_prompt_stat_muon=-6.95009, others_stat_ele=6.9049, others_stat_muon=2.22058, others_xs=6.02296, param=0.3375, pdf_ele=6.27107, pdf_muon=1.66307, photon_id=-3.99849, pileup=0.900217, scale_ele=6.06505, scale_muon=-2.29839
RooProdPdf::model_s[ modelObs_s * nuisancePdf ]
     getLogVal() top-level p.d.f evaluates to zero @ !pdfs=(modelObs_s = 0/1,nuisancePdf = 1)

[#0] WARNING:Minization -- RooMinimizerFcn: Minimized function has error status.
Returning maximum FCN so far (807.339) to force MIGRAD to back out of this region. Error log follows
Parameter values: JER_ele=2.09534, JER_muon=4.76261, JES_ele=2.27908, JES_muon=6.99982, QCD_stat_ele=4.64506, QCD_stat_muon=2.37916, VBS_stat_ele=3.18426, VBS_stat_muon=6.59061, ele_efficiency=0.408637, ele_trigger=1.5393, fakephoton_ele=3.47116, fakephoton_muon=6.63086, interference=4.2123, lumi=4.99171, mu_efficiency=1.67376, mu_trigger=5.95188, non_prompt_stat_ele=3.92881, non_prompt_stat_muon=1.11533, others_stat_ele=4.97313, others_stat_muon=6.98385, others_xs=6.60468, param=0.190215, pdf_ele=4.28258, pdf_muon=6.94629, photon_id=5.69366, pileup=0.534776, scale_ele=6.14214, scale_muon=-2.72955
RooProdPdf::model_s[ modelObs_s * nuisancePdf ]
     getLogVal() top-level p.d.f evaluates to zero @ !pdfs=(modelObs_s = 0/1,nuisancePdf = 1)

[#0] WARNING:Minization -- RooMinimizerFcn: Minimized function has error status.
Returning maximum FCN so far (807.339) to force MIGRAD to back out of this region. Error log follows
Parameter values: JER_ele=2.62972, JER_muon=5.85079, JES_ele=3.14476, JES_muon=6.36171, QCD_stat_ele=5.96081, QCD_stat_muon=-3.1086, VBS_stat_ele=4.09823, VBS_stat_muon=6.99496, ele_efficiency=0.597986, ele_trigger=2.25391, fakephoton_ele=4.49939, fakephoton_muon=6.99899, interference=5.30903, lumi=6.08305, mu_efficiency=2.25147, mu_trigger=6.83565, non_prompt_stat_ele=5.09604, non_prompt_stat_muon=-3.89751, others_stat_ele=5.94993, others_stat_muon=5.91049, others_xs=6.99898, param=0.156208, pdf_ele=5.18084, pdf_muon=5.44957, photon_id=1.96172, pileup=0.691477, scale_ele=6.94337, scale_muon=-6.95963
RooProdPdf::model_s[ modelObs_s * nuisancePdf ]
     getLogVal() top-level p.d.f evaluates to zero @ !pdfs=(modelObs_s = 0/1,nuisancePdf = 1)

[#0] WARNING:Minization -- RooMinimizerFcn: Minimized function has error status.
Returning maximum FCN so far (807.339) to force MIGRAD to back out of this region. Error log follows
Parameter values: JER_ele=3.29423, JER_muon=6.7139, JES_ele=4.22921, JES_muon=3.97082, QCD_stat_ele=6.92973, QCD_stat_muon=-6.99634, VBS_stat_ele=4.96311, VBS_stat_muon=6.2942, ele_efficiency=0.850734, ele_trigger=3.17002, fakephoton_ele=5.7373, fakephoton_muon=6.43349, interference=6.27235, lumi=6.85502, mu_efficiency=2.94101, mu_trigger=6.86122, non_prompt_stat_ele=6.35956, non_prompt_stat_muon=-6.99371, others_stat_ele=6.79302, others_stat_muon=2.64146, others_xs=6.25517, param=0.000391978, pdf_ele=6.10856, pdf_muon=1.45422, photon_id=-3.65033, pileup=0.88687, scale_ele=6.48111, scale_muon=-1.98003
RooProdPdf::model_s[ modelObs_s * nuisancePdf ]
     getLogVal() top-level p.d.f evaluates to zero @ !pdfs=(modelObs_s = 0/1,nuisancePdf = 1)

[#0] WARNING:Minization -- RooMinimizerFcn: Minimized function has error status.
Returning maximum FCN so far (807.339) to force MIGRAD to back out of this region. Error log follows
Parameter values: JER_ele=3.4131, JER_muon=6.43322, JES_ele=4.8016, JES_muon=3.75481, QCD_stat_ele=6.93478, QCD_stat_muon=-6.98765, VBS_stat_ele=3.00893, VBS_stat_muon=6.70392, ele_efficiency=0.950342, ele_trigger=3.50871, fakephoton_ele=6.25223, fakephoton_muon=6.71508, interference=5.69254, lumi=6.73789, mu_efficiency=2.85088, mu_trigger=6.9284, non_prompt_stat_ele=6.778, non_prompt_stat_muon=-6.80372, others_stat_ele=6.99506, others_stat_muon=1.79084, others_xs=5.68193, param=0.20423, pdf_ele=6.33416, pdf_muon=2.74952, photon_id=-3.81537, pileup=0.893233, scale_ele=5.19444, scale_muon=-2.22611
RooProdPdf::model_s[ modelObs_s * nuisancePdf ]
     getLogVal() top-level p.d.f evaluates to zero @ !pdfs=(modelObs_s = 0/1,nuisancePdf = 1)

[#0] WARNING:Minization -- RooMinimizerFcn: Minimized function has error status.
Returning maximum FCN so far (807.339) to force MIGRAD to back out of this region. Error log follows
Parameter values: JER_ele=2.03293, JER_muon=4.1415, JES_ele=3.11527, JES_muon=6.78676, QCD_stat_ele=6.24088, QCD_stat_muon=-1.57931, VBS_stat_ele=-1.82115, VBS_stat_muon=-0.698814, ele_efficiency=0.495843, ele_trigger=1.86069, fakephoton_ele=4.64454, fakephoton_muon=6.80192, interference=2.64535, lumi=4.45513, mu_efficiency=1.75973, mu_trigger=6.12995, non_prompt_stat_ele=5.2749, non_prompt_stat_muon=-0.37339, others_stat_ele=6.1045, others_stat_muon=6.03147, others_xs=6.998, param=0.0186797, pdf_ele=4.44004, pdf_muon=6.99917, photon_id=4.87128, pileup=0.578482, scale_ele=6.99459, scale_muon=-6.11955
RooProdPdf::model_s[ modelObs_s * nuisancePdf ]
     getLogVal() top-level p.d.f evaluates to zero @ !pdfs=(modelObs_s = 0/1,nuisancePdf = 1)

[#0] WARNING:Minization -- RooMinimizerFcn: Minimized function has error status.
Returning maximum FCN so far (807.339) to force MIGRAD to back out of this region. Error log follows
Parameter values: JER_ele=1.06335, JER_muon=1.9453, JES_ele=0.599073, JES_muon=4.68948, QCD_stat_ele=1.0001, QCD_stat_muon=6.00013, VBS_stat_ele=1.49961, VBS_stat_muon=3.42881, ele_efficiency=0.0685663, ele_trigger=0.216443, fakephoton_ele=1.03867, fakephoton_muon=3.42349, interference=1.74244, lumi=2.17108, mu_efficiency=0.548275, mu_trigger=2.52741, non_prompt_stat_ele=0.876085, non_prompt_stat_muon=6.60257, others_stat_ele=2.49753, others_stat_muon=4.47448, others_xs=3.73969, param=0.0265884, pdf_ele=2.32018, pdf_muon=4.0491, photon_id=5.62951, pileup=0.234889, scale_ele=2.48569, scale_muon=6.7203
RooProdPdf::model_s[ modelObs_s * nuisancePdf ]
     getLogVal() top-level p.d.f evaluates to zero @ !pdfs=(modelObs_s = 0/1,nuisancePdf = 1)

[#0] WARNING:Minization -- RooMinimizerFcn: Minimized function has error status.
Returning maximum FCN so far (807.339) to force MIGRAD to back out of this region. Error log follows
Parameter values: JER_ele=1.74119, JER_muon=3.73817, JES_ele=1.71821, JES_muon=6.67769, QCD_stat_ele=3.57417, QCD_stat_muon=5.96734, VBS_stat_ele=2.43087, VBS_stat_muon=5.45975, ele_efficiency=0.288455, ele_trigger=1.07595, fakephoton_ele=2.63918, fakephoton_muon=5.69306, interference=3.29297, lumi=4.0298, mu_efficiency=1.24935, mu_trigger=4.88199, non_prompt_stat_ele=2.91718, non_prompt_stat_muon=5.33377, others_stat_ele=4.2094, others_stat_muon=6.74082, others_xs=5.88822, param=0.0493801, pdf_ele=3.64969, pdf_muon=6.70598, photon_id=6.91114, pileup=0.425605, scale_ele=5.19143, scale_muon=3.00487
RooProdPdf::model_s[ modelObs_s * nuisancePdf ]
     getLogVal() top-level p.d.f evaluates to zero @ !pdfs=(modelObs_s = 0/1,nuisancePdf = 1)

[#0] WARNING:Minization -- RooMinimizerFcn: Minimized function has error status.
Returning maximum FCN so far (807.339) to force MIGRAD to back out of this region. Error log follows
Parameter values: JER_ele=1.09807, JER_muon=2.01476, JES_ele=0.782565, JES_muon=4.74801, QCD_stat_ele=1.15234, QCD_stat_muon=5.95312, VBS_stat_ele=1.55143, VBS_stat_muon=3.39927, ele_efficiency=0.110167, ele_trigger=0.375944, fakephoton_ele=1.2435, fakephoton_muon=3.26586, interference=1.78983, lumi=2.26903, mu_efficiency=0.593418, mu_trigger=2.64288, non_prompt_stat_ele=1.02353, non_prompt_stat_muon=6.51727, others_stat_ele=2.75928, others_stat_muon=4.61237, others_xs=3.86241, param=0.033012, pdf_ele=2.43386, pdf_muon=4.16263, photon_id=5.80666, pileup=0.241547, scale_ele=2.84642, scale_muon=6.6949
RooProdPdf::model_s[ modelObs_s * nuisancePdf ]
     getLogVal() top-level p.d.f evaluates to zero @ !pdfs=(modelObs_s = 0/1,nuisancePdf = 1)

[#0] WARNING:Minization -- RooMinimizerFcn: Minimized function has error status.
Returning maximum FCN so far (878.787) to force MIGRAD to back out of this region. Error log follows
Parameter values: JER_ele=-6.25781, JER_muon=-4.1963, JES_ele=-2.77661, JES_muon=-0.392726, QCD_stat_ele=1.32631, QCD_stat_muon=-3.94647, VBS_stat_ele=5.64759, VBS_stat_muon=-6.97294, ele_efficiency=-6.86658, ele_trigger=0.585076, fakephoton_ele=5.35764, fakephoton_muon=6.99005, interference=0.833439, lumi=4.54441, mu_efficiency=6.75173, mu_trigger=1.86705, non_prompt_stat_ele=-0.577145, non_prompt_stat_muon=6.59795, others_stat_ele=4.63146, others_stat_muon=4.77764, others_xs=-6.99423, param=1.31219, pdf_ele=-2.48186, pdf_muon=6.57993, photon_id=3.30366, pileup=-0.368427, scale_ele=-2.82238, scale_muon=5.06935
RooProdPdf::model_s[ modelObs_s * nuisancePdf ]
     getLogVal() top-level p.d.f evaluates to zero @ !pdfs=(modelObs_s = 0/1,nuisancePdf = 1)

[#0] WARNING:Minization -- RooMinimizerFcn: Minimized function has error status.
Returning maximum FCN so far (968.553) to force MIGRAD to back out of this region. Error log follows
Parameter values: JER_ele=0.568341, JER_muon=3.18641, JES_ele=0.730478, JES_muon=5.03232, QCD_stat_ele=0.0947363, QCD_stat_muon=6.61116, VBS_stat_ele=-0.893339, VBS_stat_muon=4.28201, ele_efficiency=1.15771, ele_trigger=-0.316348, fakephoton_ele=1.51324, fakephoton_muon=2.06614, interference=3.00935, lumi=2.64426, mu_efficiency=0.82677, mu_trigger=3.3932, non_prompt_stat_ele=1.27841, non_prompt_stat_muon=4.31005, others_stat_ele=-0.743477, others_stat_muon=3.92337, others_xs=3.14389, param=0.95782, pdf_ele=0.303225, pdf_muon=6.15774, photon_id=5.31886, pileup=0.0723301, scale_ele=1.6552, scale_muon=6.83109
RooProdPdf::model_s[ modelObs_s * nuisancePdf ]
     getLogVal() top-level p.d.f evaluates to zero @ !pdfs=(modelObs_s = 0/1,nuisancePdf = 1)

[#0] WARNING:Minization -- RooMinimizerFcn: Minimized function has error status.
Returning maximum FCN so far (968.553) to force MIGRAD to back out of this region. Error log follows
Parameter values: JER_ele=1.9172, JER_muon=6.5929, JES_ele=2.62035, JES_muon=5.82589, QCD_stat_ele=3.60085, QCD_stat_muon=-5.51694, VBS_stat_ele=0.0201893, VBS_stat_muon=6.98024, ele_efficiency=2.1569, ele_trigger=0.605619, fakephoton_ele=4.61174, fakephoton_muon=5.20385, interference=6.14915, lumi=5.9909, mu_efficiency=2.41972, mu_trigger=6.95565, non_prompt_stat_ele=4.55545, non_prompt_stat_muon=6.61828, others_stat_ele=0.245205, others_stat_muon=6.98623, others_xs=6.62459, param=0.88895, pdf_ele=2.45568, pdf_muon=1.79805, photon_id=3.68928, pileup=0.393422, scale_ele=5.85602, scale_muon=-6.38066
RooProdPdf::model_s[ modelObs_s * nuisancePdf ]
     getLogVal() top-level p.d.f evaluates to zero @ !pdfs=(modelObs_s = 0/1,nuisancePdf = 1)

[#0] WARNING:Minization -- RooMinimizerFcn: Minimized function has error status.
Returning maximum FCN so far (968.553) to force MIGRAD to back out of this region. Error log follows
Parameter values: JER_ele=5.33559, JER_muon=6.83078, JES_ele=5.13707, JES_muon=2.96034, QCD_stat_ele=3.19272, QCD_stat_muon=-3.7482, VBS_stat_ele=-3.73262, VBS_stat_muon=5.33721, ele_efficiency=6.51532, ele_trigger=-1.75032, fakephoton_ele=4.16665, fakephoton_muon=6.04531, interference=6.99959, lumi=6.87723, mu_efficiency=1.35108, mu_trigger=6.12193, non_prompt_stat_ele=-1.96931, non_prompt_stat_muon=6.60174, others_stat_ele=-4.11017, others_stat_muon=5.59835, others_xs=6.87518, param=0.0738296, pdf_ele=3.14204, pdf_muon=-1.90714, photon_id=3.94642, pileup=-0.443627, scale_ele=6.99927, scale_muon=-5.92408
RooProdPdf::model_s[ modelObs_s * nuisancePdf ]
     getLogVal() top-level p.d.f evaluates to zero @ !pdfs=(modelObs_s = 0/1,nuisancePdf = 1)

[#0] WARNING:Minization -- RooMinimizerFcn: Minimized function has error status.
Returning maximum FCN so far (968.553) to force MIGRAD to back out of this region. Error log follows
Parameter values: JER_ele=-0.229483, JER_muon=6.60126, JES_ele=0.745904, JES_muon=6.61278, QCD_stat_ele=2.951, QCD_stat_muon=-5.58473, VBS_stat_ele=2.46099, VBS_stat_muon=4.98469, ele_efficiency=-0.905631, ele_trigger=1.5265, fakephoton_ele=4.31208, fakephoton_muon=4.691, interference=5.45886, lumi=5.40071, mu_efficiency=3.00341, mu_trigger=6.94051, non_prompt_stat_ele=6.22125, non_prompt_stat_muon=6.62811, others_stat_ele=2.08983, others_stat_muon=6.50314, others_xs=5.63439, param=0.162178, pdf_ele=1.74934, pdf_muon=2.84633, photon_id=3.38624, pileup=0.813499, scale_ele=3.53157, scale_muon=-3.60373
RooProdPdf::model_s[ modelObs_s * nuisancePdf ]
     getLogVal() top-level p.d.f evaluates to zero @ !pdfs=(modelObs_s = 0/1,nuisancePdf = 1)

[#0] WARNING:Minization -- RooMinimizerFcn: Minimized function has error status.
Returning maximum FCN so far (968.553) to force MIGRAD to back out of this region. Error log follows
Parameter values: JER_ele=2.30895, JER_muon=6.87834, JES_ele=2.93524, JES_muon=4.7176, QCD_stat_ele=3.62411, QCD_stat_muon=-1.66871, VBS_stat_ele=0.274418, VBS_stat_muon=6.59747, ele_efficiency=2.60199, ele_trigger=0.501974, fakephoton_ele=4.6043, fakephoton_muon=5.63286, interference=6.60861, lumi=6.4166, mu_efficiency=2.61337, mu_trigger=6.99744, non_prompt_stat_ele=4.11269, non_prompt_stat_muon=6.05514, others_stat_ele=-0.0313031, others_stat_muon=6.94054, others_xs=6.8382, param=0.130383, pdf_ele=2.66563, pdf_muon=-0.714418, photon_id=1.95077, pileup=0.385944, scale_ele=6.13617, scale_muon=-4.09794
RooProdPdf::model_s[ modelObs_s * nuisancePdf ]
     getLogVal() top-level p.d.f evaluates to zero @ !pdfs=(modelObs_s = 0/1,nuisancePdf = 1)

[#0] WARNING:Minization -- RooMinimizerFcn: Minimized function has error status.
Returning maximum FCN so far (968.553) to force MIGRAD to back out of this region. Error log follows
Parameter values: JER_ele=1.23713, JER_muon=6.69775, JES_ele=1.86577, JES_muon=6.00545, QCD_stat_ele=2.8482, QCD_stat_muon=-5.01599, VBS_stat_ele=0.833093, VBS_stat_muon=6.22464, ele_efficiency=1.37635, ele_trigger=0.635651, fakephoton_ele=4.27874, fakephoton_muon=5.07767, interference=6.17971, lumi=5.93552, mu_efficiency=2.6252, mu_trigger=6.99917, non_prompt_stat_ele=4.89217, non_prompt_stat_muon=6.60197, others_stat_ele=0.431419, others_stat_muon=6.93024, others_xs=6.35002, param=0.126861, pdf_ele=1.97543, pdf_muon=1.57076, photon_id=3.50378, pileup=0.502109, scale_ele=4.80051, scale_muon=-5.40504
RooProdPdf::model_s[ modelObs_s * nuisancePdf ]
     getLogVal() top-level p.d.f evaluates to zero @ !pdfs=(modelObs_s = 0/1,nuisancePdf = 1)

[#0] WARNING:Minization -- RooMinimizerFcn: Minimized function has error status.
Returning maximum FCN so far (968.553) to force MIGRAD to back out of this region. Error log follows
Parameter values: JER_ele=1.65929, JER_muon=6.8533, JES_ele=2.41464, JES_muon=5.13767, QCD_stat_ele=3.57796, QCD_stat_muon=-1.93816, VBS_stat_ele=0.956824, VBS_stat_muon=6.24776, ele_efficiency=1.64185, ele_trigger=0.857348, fakephoton_ele=4.54414, fakephoton_muon=5.49267, interference=6.39443, lumi=6.23843, mu_efficiency=2.78978, mu_trigger=6.96787, non_prompt_stat_ele=4.79411, non_prompt_stat_muon=6.06038, others_stat_ele=0.652568, others_stat_muon=6.79403, others_xs=6.6797, param=0.133781, pdf_ele=2.50669, pdf_muon=-0.152272, photon_id=1.90372, pileup=0.524647, scale_ele=5.67142, scale_muon=-3.09862
RooProdPdf::model_s[ modelObs_s * nuisancePdf ]
     getLogVal() top-level p.d.f evaluates to zero @ !pdfs=(modelObs_s = 0/1,nuisancePdf = 1)

[#0] WARNING:Minization -- RooMinimizerFcn: Minimized function has error status.
Returning maximum FCN so far (968.553) to force MIGRAD to back out of this region. Error log follows
Parameter values: JER_ele=1.42839, JER_muon=6.67229, JES_ele=2.09046, JES_muon=5.98923, QCD_stat_ele=3.07918, QCD_stat_muon=-5.03621, VBS_stat_ele=0.840105, VBS_stat_muon=6.48686, ele_efficiency=1.51003, ele_trigger=0.695351, fakephoton_ele=4.30341, fakephoton_muon=5.10438, interference=6.15558, lumi=5.94147, mu_efficiency=2.57771, mu_trigger=6.99487, non_prompt_stat_ele=4.69428, non_prompt_stat_muon=6.61321, others_stat_ele=0.466865, others_stat_muon=6.96437, others_xs=6.39051, param=0.148648, pdf_ele=2.16764, pdf_muon=1.63701, photon_id=3.50357, pileup=0.48123, scale_ele=5.13329, scale_muon=-5.66735
RooProdPdf::model_s[ modelObs_s * nuisancePdf ]
     getLogVal() top-level p.d.f evaluates to zero @ !pdfs=(modelObs_s = 0/1,nuisancePdf = 1)

[#0] WARNING:Minization -- RooMinimizerFcn: Minimized function has error status.
Returning maximum FCN so far (968.553) to force MIGRAD to back out of this region. Error log follows
Parameter values: JER_ele=1.61256, JER_muon=6.86687, JES_ele=2.3757, JES_muon=5.11216, QCD_stat_ele=3.59811, QCD_stat_muon=-1.82377, VBS_stat_ele=1.01633, VBS_stat_muon=6.08782, ele_efficiency=1.59911, ele_trigger=0.874377, fakephoton_ele=4.65161, fakephoton_muon=5.49106, interference=6.41899, lumi=6.25897, mu_efficiency=2.81865, mu_trigger=6.95676, non_prompt_stat_ele=5.01838, non_prompt_stat_muon=6.03676, others_stat_ele=0.686778, others_stat_muon=6.75471, others_xs=6.68127, param=0.14934, pdf_ele=2.50071, pdf_muon=-0.252703, photon_id=1.78093, pileup=0.537536, scale_ele=5.65574, scale_muon=-2.82254
RooProdPdf::model_s[ modelObs_s * nuisancePdf ]
     getLogVal() top-level p.d.f evaluates to zero @ !pdfs=(modelObs_s = 0/1,nuisancePdf = 1)

[#0] WARNING:Minization -- RooMinimizerFcn: Minimized function has error status.
Returning maximum FCN so far (968.553) to force MIGRAD to back out of this region. Error log follows
Parameter values: JER_ele=1.40807, JER_muon=6.42299, JES_ele=1.9595, JES_muon=6.51309, QCD_stat_ele=2.61895, QCD_stat_muon=-6.72505, VBS_stat_ele=0.502654, VBS_stat_muon=6.83829, ele_efficiency=1.65214, ele_trigger=0.453916, fakephoton_ele=3.95532, fakephoton_muon=4.76586, interference=5.93092, lumi=5.65497, mu_efficiency=2.31166, mu_trigger=6.87201, non_prompt_stat_ele=4.18692, non_prompt_stat_muon=6.91214, others_stat_ele=0.120522, others_stat_muon=6.98247, others_xs=6.12766, param=0.145331, pdf_ele=1.90024, pdf_muon=3.17389, photon_id=4.87589, pileup=0.397881, scale_ele=4.77012, scale_muon=-6.9578
RooProdPdf::model_s[ modelObs_s * nuisancePdf ]
     getLogVal() top-level p.d.f evaluates to zero @ !pdfs=(modelObs_s = 0/1,nuisancePdf = 1)

[#0] WARNING:Minization -- RooMinimizerFcn: Minimized function has error status.
Returning maximum FCN so far (968.553) to force MIGRAD to back out of this region. Error log follows
Parameter values: JER_ele=1.64024, JER_muon=6.93672, JES_ele=2.46616, JES_muon=4.56471, QCD_stat_ele=3.8543, QCD_stat_muon=0.22691, VBS_stat_ele=1.15626, VBS_stat_muon=5.76989, ele_efficiency=1.55114, ele_trigger=0.999538, fakephoton_ele=4.8486, fakephoton_muon=5.67325, interference=6.52538, lumi=6.39522, mu_efficiency=2.97032, mu_trigger=6.85726, non_prompt_stat_ele=5.27878, non_prompt_stat_muon=5.61851, others_stat_ele=0.86506, others_stat_muon=6.5238, others_xs=6.78898, param=0.138455, pdf_ele=2.65189, pdf_muon=-1.25317, photon_id=0.757363, pileup=0.583041, scale_ele=5.84684, scale_muon=-0.705733
RooProdPdf::model_s[ modelObs_s * nuisancePdf ]
     getLogVal() top-level p.d.f evaluates to zero @ !pdfs=(modelObs_s = 0/1,nuisancePdf = 1)

[#0] WARNING:Minization -- RooMinimizerFcn: Minimized function has error status.
Returning maximum FCN so far (968.553) to force MIGRAD to back out of this region. Error log follows
Parameter values: JER_ele=1.31295, JER_muon=6.25533, JES_ele=1.84968, JES_muon=6.73559, QCD_stat_ele=2.45629, QCD_stat_muon=-6.9919, VBS_stat_ele=0.550361, VBS_stat_muon=6.93693, ele_efficiency=1.51045, ele_trigger=0.460275, fakephoton_ele=3.73736, fakephoton_muon=4.56692, interference=5.71863, lumi=5.44368, mu_efficiency=2.2128, mu_trigger=6.77399, non_prompt_stat_ele=3.94755, non_prompt_stat_muon=6.98159, others_stat_ele=0.147923, others_stat_muon=6.92565, others_xs=5.9154, param=0.166264, pdf_ele=1.81184, pdf_muon=3.97098, photon_id=5.41411, pileup=0.385979, scale_ele=4.54138, scale_muon=-6.95246
RooProdPdf::model_s[ modelObs_s * nuisancePdf ]
     getLogVal() top-level p.d.f evaluates to zero @ !pdfs=(modelObs_s = 0/1,nuisancePdf = 1)

[#0] WARNING:Minization -- RooMinimizerFcn: Minimized function has error status.
Returning maximum FCN so far (968.553) to force MIGRAD to back out of this region. Error log follows
Parameter values: JER_ele=1.3363, JER_muon=6.26665, JES_ele=1.85488, JES_muon=6.72261, QCD_stat_ele=2.41024, QCD_stat_muon=-6.99916, VBS_stat_ele=0.521875, VBS_stat_muon=6.91237, ele_efficiency=1.56713, ele_trigger=0.422817, fakephoton_ele=3.69155, fakephoton_muon=4.57015, interference=5.77529, lumi=5.49111, mu_efficiency=2.20618, mu_trigger=6.76936, non_prompt_stat_ele=3.86408, non_prompt_stat_muon=6.98286, others_stat_ele=0.0862861, others_stat_muon=6.93633, others_xs=5.96232, param=0.0228904, pdf_ele=1.79566, pdf_muon=3.92339, photon_id=5.43413, pileup=0.378497, scale_ele=4.53, scale_muon=-6.91141
RooProdPdf::model_s[ modelObs_s * nuisancePdf ]
     getLogVal() top-level p.d.f evaluates to zero @ !pdfs=(modelObs_s = 0/1,nuisancePdf = 1)

[#0] WARNING:Minization -- RooMinimizerFcn: Minimized function has error status.
Returning maximum FCN so far (968.553) to force MIGRAD to back out of this region. Error log follows
Parameter values: JER_ele=1.3603, JER_muon=6.34974, JES_ele=1.97563, JES_muon=6.5962, QCD_stat_ele=2.80458, QCD_stat_muon=-6.85448, VBS_stat_ele=0.68908, VBS_stat_muon=6.90841, ele_efficiency=1.46418, ele_trigger=0.610902, fakephoton_ele=3.96261, fakephoton_muon=4.7087, interference=5.78705, lumi=5.56447, mu_efficiency=2.31052, mu_trigger=6.86063, non_prompt_stat_ele=4.23841, non_prompt_stat_muon=6.93076, others_stat_ele=0.35664, others_stat_muon=6.98121, others_xs=6.06752, param=0.0195622, pdf_ele=2.00611, pdf_muon=3.50062, photon_id=4.94951, pileup=0.420272, scale_ele=4.85467, scale_muon=-6.98505
RooProdPdf::model_s[ modelObs_s * nuisancePdf ]
     getLogVal() top-level p.d.f evaluates to zero @ !pdfs=(modelObs_s = 0/1,nuisancePdf = 1)

[#0] WARNING:Minization -- RooMinimizerFcn: Minimized function has error status.
Returning maximum FCN so far (968.553) to force MIGRAD to back out of this region. Error log follows
Parameter values: JER_ele=1.52736, JER_muon=6.73799, JES_ele=2.2455, JES_muon=5.7057, QCD_stat_ele=3.33929, QCD_stat_muon=-4.12098, VBS_stat_ele=0.88318, VBS_stat_muon=6.45773, ele_efficiency=1.56822, ele_trigger=0.777827, fakephoton_ele=4.48169, fakephoton_muon=5.24592, interference=6.23863, lumi=6.05539, mu_efficiency=2.6508, mu_trigger=6.99978, non_prompt_stat_ele=4.84401, non_prompt_stat_muon=6.44488, others_stat_ele=0.566691, others_stat_muon=6.91581, others_xs=6.51687, param=0.153338, pdf_ele=2.33251, pdf_muon=1.04034, photon_id=2.92839, pileup=0.497023, scale_ele=5.4184, scale_muon=-4.88712
RooProdPdf::model_s[ modelObs_s * nuisancePdf ]
     getLogVal() top-level p.d.f evaluates to zero @ !pdfs=(modelObs_s = 0/1,nuisancePdf = 1)

[#0] WARNING:Minization -- RooMinimizerFcn: Minimized function has error status.
Returning maximum FCN so far (968.553) to force MIGRAD to back out of this region. Error log follows
Parameter values: JER_ele=1.52178, JER_muon=6.74487, JES_ele=2.2301, JES_muon=5.6889, QCD_stat_ele=3.31645, QCD_stat_muon=-3.96495, VBS_stat_ele=0.898106, VBS_stat_muon=6.43658, ele_efficiency=1.56117, ele_trigger=0.77292, fakephoton_ele=4.44447, fakephoton_muon=5.25187, interference=6.2448, lumi=6.05826, mu_efficiency=2.65934, mu_trigger=6.99941, non_prompt_stat_ele=4.80175, non_prompt_stat_muon=6.4346, others_stat_ele=0.557859, others_stat_muon=6.91635, others_xs=6.51161, param=0.158556, pdf_ele=2.32134, pdf_muon=0.986807, photon_id=2.89023, pileup=0.499317, scale_ele=5.38758, scale_muon=-4.77228
RooProdPdf::model_s[ modelObs_s * nuisancePdf ]
     getLogVal() top-level p.d.f evaluates to zero @ !pdfs=(modelObs_s = 0/1,nuisancePdf = 1)

[#0] WARNING:Minization -- RooMinimizerFcn: Minimized function has error status.
Returning maximum FCN so far (968.553) to force MIGRAD to back out of this region. Error log follows
Parameter values: JER_ele=1.52583, JER_muon=6.68382, JES_ele=2.11748, JES_muon=5.88613, QCD_stat_ele=2.85824, QCD_stat_muon=-4.9524, VBS_stat_ele=0.464349, VBS_stat_muon=6.58612, ele_efficiency=1.79828, ele_trigger=0.477804, fakephoton_ele=4.22272, fakephoton_muon=5.14535, interference=6.23902, lumi=5.98464, mu_efficiency=2.52779, mu_trigger=6.98884, non_prompt_stat_ele=4.46341, non_prompt_stat_muon=6.60753, others_stat_ele=0.139751, others_stat_muon=6.97735, others_xs=6.45094, param=0.23228, pdf_ele=2.03758, pdf_muon=1.48735, photon_id=3.61706, pileup=0.435329, scale_ele=5.08736, scale_muon=-5.76259
RooProdPdf::model_s[ modelObs_s * nuisancePdf ]
     getLogVal() top-level p.d.f evaluates to zero @ !pdfs=(modelObs_s = 0/1,nuisancePdf = 1)

[#0] WARNING:Minization -- RooMinimizerFcn: Minimized function has error status.
Returning maximum FCN so far (968.553) to force MIGRAD to back out of this region. Error log follows
Parameter values: JER_ele=1.20078, JER_muon=6.09928, JES_ele=1.72023, JES_muon=6.85574, QCD_stat_ele=2.27106, QCD_stat_muon=-6.92276, VBS_stat_ele=0.565484, VBS_stat_muon=6.99071, ele_efficiency=1.35507, ele_trigger=0.462071, fakephoton_ele=3.44815, fakephoton_muon=4.4188, interference=5.5114, lumi=5.25273, mu_efficiency=2.14747, mu_trigger=6.68897, non_prompt_stat_ele=3.62425, non_prompt_stat_muon=6.99947, others_stat_ele=0.17494, others_stat_muon=6.87881, others_xs=5.75192, param=0.166437, pdf_ele=1.7025, pdf_muon=4.55431, photon_id=5.79485, pileup=0.382646, scale_ele=4.26488, scale_muon=-6.71001
RooProdPdf::model_s[ modelObs_s * nuisancePdf ]
     getLogVal() top-level p.d.f evaluates to zero @ !pdfs=(modelObs_s = 0/1,nuisancePdf = 1)

[#0] WARNING:Minization -- RooMinimizerFcn: Minimized function has error status.
Returning maximum FCN so far (968.553) to force MIGRAD to back out of this region. Error log follows
Parameter values: JER_ele=1.5151, JER_muon=6.71907, JES_ele=2.19698, JES_muon=5.76067, QCD_stat_ele=3.19316, QCD_stat_muon=-4.4397, VBS_stat_ele=0.764679, VBS_stat_muon=6.50848, ele_efficiency=1.61304, ele_trigger=0.697279, fakephoton_ele=4.36683, fakephoton_muon=5.21317, interference=6.2308, lumi=6.03052, mu_efficiency=2.61816, mu_trigger=6.99966, non_prompt_stat_ele=4.68972, non_prompt_stat_muon=6.49786, others_stat_ele=0.456163, others_stat_muon=6.93464, others_xs=6.49652, param=0.158989, pdf_ele=2.24127, pdf_muon=1.1918, photon_id=3.14073, pileup=0.481657, scale_ele=5.30615, scale_muon=-5.16682
RooProdPdf::model_s[ modelObs_s * nuisancePdf ]
     getLogVal() top-level p.d.f evaluates to zero @ !pdfs=(modelObs_s = 0/1,nuisancePdf = 1)

[#0] WARNING:Minization -- RooMinimizerFcn: Minimized function has error status.
Returning maximum FCN so far (968.553) to force MIGRAD to back out of this region. Error log follows
Parameter values: JER_ele=1.50657, JER_muon=6.74202, JES_ele=2.21664, JES_muon=5.6829, QCD_stat_ele=3.303, QCD_stat_muon=-3.90163, VBS_stat_ele=0.906124, VBS_stat_muon=6.46783, ele_efficiency=1.53694, ele_trigger=0.778864, fakephoton_ele=4.42136, fakephoton_muon=5.25485, interference=6.23073, lumi=6.04804, mu_efficiency=2.66497, mu_trigger=6.99914, non_prompt_stat_ele=4.78013, non_prompt_stat_muon=6.42721, others_stat_ele=0.569715, others_stat_muon=6.91358, others_xs=6.50795, param=0.163324, pdf_ele=2.31296, pdf_muon=0.995279, photon_id=2.88054, pileup=0.502536, scale_ele=5.36614, scale_muon=-4.70306
RooProdPdf::model_s[ modelObs_s * nuisancePdf ]
     getLogVal() top-level p.d.f evaluates to zero @ !pdfs=(modelObs_s = 0/1,nuisancePdf = 1)

[#0] WARNING:Minization -- RooMinimizerFcn: Minimized function has error status.
Returning maximum FCN so far (968.553) to force MIGRAD to back out of this region. Error log follows
Parameter values: JER_ele=1.47128, JER_muon=6.52983, JES_ele=2.06281, JES_muon=6.27837, QCD_stat_ele=2.81441, QCD_stat_muon=-6.19711, VBS_stat_ele=0.517785, VBS_stat_muon=6.78528, ele_efficiency=1.69945, ele_trigger=0.506607, fakephoton_ele=4.11529, fakephoton_muon=4.92655, interference=6.0469, lumi=5.79451, mu_efficiency=2.40402, mu_trigger=6.93645, non_prompt_stat_ele=4.35889, non_prompt_stat_muon=6.81128, others_stat_ele=0.186851, others_stat_muon=6.99993, others_xs=6.28007, param=0.149261, pdf_ele=2.01215, pdf_muon=2.52817, photon_id=4.34555, pileup=0.41762, scale_ele=4.99067, scale_muon=-6.64615
RooProdPdf::model_s[ modelObs_s * nuisancePdf ]
     getLogVal() top-level p.d.f evaluates to zero @ !pdfs=(modelObs_s = 0/1,nuisancePdf = 1)

[#0] WARNING:Minization -- RooMinimizerFcn: Minimized function has error status.
Returning maximum FCN so far (968.553) to force MIGRAD to back out of this region. Error log follows
Parameter values: JER_ele=1.48559, JER_muon=6.73233, JES_ele=2.20924, JES_muon=5.69659, QCD_stat_ele=3.32238, QCD_stat_muon=-3.99058, VBS_stat_ele=0.917596, VBS_stat_muon=6.51025, ele_efficiency=1.48944, ele_trigger=0.806221, fakephoton_ele=4.40495, fakephoton_muon=5.24994, interference=6.20296, lumi=6.03145, mu_efficiency=2.6691, mu_trigger=6.99907, non_prompt_stat_ele=4.77131, non_prompt_stat_muon=6.4286, others_stat_ele=0.617178, others_stat_muon=6.90683, others_xs=6.5049, param=0.152206, pdf_ele=2.31937, pdf_muon=1.05888, photon_id=2.895, pileup=0.508314, scale_ele=5.36366, scale_muon=-4.71687
RooProdPdf::model_s[ modelObs_s * nuisancePdf ]
     getLogVal() top-level p.d.f evaluates to zero @ !pdfs=(modelObs_s = 0/1,nuisancePdf = 1)

[#0] WARNING:Minization -- RooMinimizerFcn: Minimized function has error status.
Returning maximum FCN so far (968.553) to force MIGRAD to back out of this region. Error log follows
Parameter values: JER_ele=1.46154, JER_muon=6.61328, JES_ele=2.11397, JES_muon=6.07965, QCD_stat_ele=3.02914, QCD_stat_muon=-5.44007, VBS_stat_ele=0.722271, VBS_stat_muon=6.69163, ele_efficiency=1.57522, ele_trigger=0.649995, fakephoton_ele=4.22758, fakephoton_muon=5.05185, interference=6.09321, lumi=5.87906, mu_efficiency=2.51489, mu_trigger=6.98134, non_prompt_stat_ele=4.53209, non_prompt_stat_muon=6.68534, others_stat_ele=0.396, others_stat_muon=6.98707, others_xs=6.35949, param=0.161422, pdf_ele=2.14397, pdf_muon=1.98253, photon_id=3.78831, pileup=0.458741, scale_ele=5.13736, scale_muon=-6.03953
RooProdPdf::model_s[ modelObs_s * nuisancePdf ]
     getLogVal() top-level p.d.f evaluates to zero @ !pdfs=(modelObs_s = 0/1,nuisancePdf = 1)

[#0] WARNING:Minization -- RooMinimizerFcn: Minimized function has error status.
Returning maximum FCN so far (968.553) to force MIGRAD to back out of this region. Error log follows
Parameter values: JER_ele=1.50826, JER_muon=6.63457, JES_ele=2.0748, JES_muon=6.02196, QCD_stat_ele=2.74784, QCD_stat_muon=-5.50183, VBS_stat_ele=0.409332, VBS_stat_muon=6.66247, ele_efficiency=1.80826, ele_trigger=0.431433, fakephoton_ele=4.12693, fakephoton_muon=5.06646, interference=6.19357, lumi=5.92646, mu_efficiency=2.47497, mu_trigger=6.97305, non_prompt_stat_ele=4.34059, non_prompt_stat_muon=6.69612, others_stat_ele=0.075076, others_stat_muon=6.99252, others_xs=6.39643, param=0.169728, pdf_ele=1.97429, pdf_muon=1.84532, photon_id=3.92954, pileup=0.420392, scale_ele=4.98849, scale_muon=-6.16708
RooProdPdf::model_s[ modelObs_s * nuisancePdf ]
     getLogVal() top-level p.d.f evaluates to zero @ !pdfs=(modelObs_s = 0/1,nuisancePdf = 1)

[#0] WARNING:Minization -- RooMinimizerFcn: Minimized function has error status.
Returning maximum FCN so far (968.553) to force MIGRAD to back out of this region. Error log follows
Parameter values: JER_ele=1.41365, JER_muon=6.64915, JES_ele=2.11157, JES_muon=5.94983, QCD_stat_ele=3.15723, QCD_stat_muon=-4.84956, VBS_stat_ele=0.870024, VBS_stat_muon=6.67851, ele_efficiency=1.41838, ele_trigger=0.770445, fakephoton_ele=4.21168, fakephoton_muon=5.13144, interference=6.07449, lumi=5.89983, mu_efficiency=2.59751, mu_trigger=6.99697, non_prompt_stat_ele=4.55404, non_prompt_stat_muon=6.57809, others_stat_ele=0.582034, others_stat_muon=6.95534, others_xs=6.39912, param=0.148706, pdf_ele=2.2146, pdf_muon=1.69092, photon_id=3.4245, pileup=0.495235, scale_ele=5.17413, scale_muon=-5.45951
RooProdPdf::model_s[ modelObs_s * nuisancePdf ]
     getLogVal() top-level p.d.f evaluates to zero @ !pdfs=(modelObs_s = 0/1,nuisancePdf = 1)

[#0] WARNING:Minization -- RooMinimizerFcn: Minimized function has error status.
Returning maximum FCN so far (968.553) to force MIGRAD to back out of this region. Error log follows
Parameter values: JER_ele=1.48279, JER_muon=6.64964, JES_ele=2.14242, JES_muon=5.96689, QCD_stat_ele=3.06697, QCD_stat_muon=-5.0995, VBS_stat_ele=0.698411, VBS_stat_muon=6.65623, ele_efficiency=1.60731, ele_trigger=0.649122, fakephoton_ele=4.28025, fakephoton_muon=5.10894, interference=6.14265, lumi=5.93077, mu_efficiency=2.54637, mu_trigger=6.99023, non_prompt_stat_ele=4.58696, non_prompt_stat_muon=6.627, others_stat_ele=0.393195, others_stat_muon=6.97484, others_xs=6.41085, param=0.153209, pdf_ele=2.16412, pdf_muon=1.71628, photon_id=3.58114, pileup=0.463192, scale_ele=5.19225, scale_muon=-5.75782
RooProdPdf::model_s[ modelObs_s * nuisancePdf ]
     getLogVal() top-level p.d.f evaluates to zero @ !pdfs=(modelObs_s = 0/1,nuisancePdf = 1)

[#0] WARNING:Minization -- RooMinimizerFcn: Minimized function has error status.
Returning maximum FCN so far (968.553) to force MIGRAD to back out of this region. Error log follows
Parameter values: JER_ele=1.45507, JER_muon=6.64002, JES_ele=2.13336, JES_muon=5.98274, QCD_stat_ele=3.12223, QCD_stat_muon=-5.0805, VBS_stat_ele=0.789286, VBS_stat_muon=6.68161, ele_efficiency=1.52194, ele_trigger=0.710292, fakephoton_ele=4.25818, fakephoton_muon=5.10602, interference=6.10166, lumi=5.90794, mu_efficiency=2.56179, mu_trigger=6.99224, non_prompt_stat_ele=4.58409, non_prompt_stat_muon=6.62005, others_stat_ele=0.484503, others_stat_muon=6.97024, others_xs=6.3978, param=0.160069, pdf_ele=2.1965, pdf_muon=1.76826, photon_id=3.54791, pileup=0.476689, scale_ele=5.19464, scale_muon=-5.69829
RooProdPdf::model_s[ modelObs_s * nuisancePdf ]
     getLogVal() top-level p.d.f evaluates to zero @ !pdfs=(modelObs_s = 0/1,nuisancePdf = 1)

[#0] WARNING:Minization -- RooMinimizerFcn: Minimized function has error status.
Returning maximum FCN so far (968.553) to force MIGRAD to back out of this region. Error log follows
Parameter values: JER_ele=1.35209, JER_muon=6.19341, JES_ele=1.84334, JES_muon=6.76853, QCD_stat_ele=2.29825, QCD_stat_muon=-6.9852, VBS_stat_ele=0.292393, VBS_stat_muon=6.979, ele_efficiency=1.67868, ele_trigger=0.318792, fakephoton_ele=3.6878, fakephoton_muon=4.50902, interference=5.72152, lumi=5.41462, mu_efficiency=2.1382, mu_trigger=6.70251, non_prompt_stat_ele=3.82887, non_prompt_stat_muon=6.9952, others_stat_ele=-0.0600392, others_stat_muon=6.88783, others_xs=5.91032, param=0.108934, pdf_ele=1.7098, pdf_muon=4.19147, photon_id=5.6494, pileup=0.349953, scale_ele=4.47838, scale_muon=-6.81281
RooProdPdf::model_s[ modelObs_s * nuisancePdf ]
     getLogVal() top-level p.d.f evaluates to zero @ !pdfs=(modelObs_s = 0/1,nuisancePdf = 1)

[#0] WARNING:Minization -- RooMinimizerFcn: Minimized function has error status.
Returning maximum FCN so far (968.553) to force MIGRAD to back out of this region. Error log follows
Parameter values: JER_ele=1.38019, JER_muon=6.50904, JES_ele=2.03449, JES_muon=6.28479, QCD_stat_ele=2.94519, QCD_stat_muon=-6.09999, VBS_stat_ele=0.724436, VBS_stat_muon=6.83895, ele_efficiency=1.45182, ele_trigger=0.670249, fakephoton_ele=4.07137, fakephoton_muon=4.93454, interference=5.93354, lumi=5.73632, mu_efficiency=2.45677, mu_trigger=6.95556, non_prompt_stat_ele=4.37299, non_prompt_stat_muon=6.78461, others_stat_ele=0.445274, others_stat_muon=6.99776, others_xs=6.25492, param=0.151653, pdf_ele=2.08488, pdf_muon=2.60346, photon_id=4.22046, pileup=0.455961, scale_ele=4.99549, scale_muon=-6.48928
RooProdPdf::model_s[ modelObs_s * nuisancePdf ]
     getLogVal() top-level p.d.f evaluates to zero @ !pdfs=(modelObs_s = 0/1,nuisancePdf = 1)

[#0] WARNING:Minization -- RooMinimizerFcn: Minimized function has error status.
Returning maximum FCN so far (968.553) to force MIGRAD to back out of this region. Error log follows
Parameter values: JER_ele=1.44982, JER_muon=6.57709, JES_ele=2.09554, JES_muon=6.14667, QCD_stat_ele=2.98119, QCD_stat_muon=-5.69339, VBS_stat_ele=0.664217, VBS_stat_muon=6.76389, ele_efficiency=1.57989, ele_trigger=0.626704, fakephoton_ele=4.19123, fakephoton_muon=5.0097, interference=6.05145, lumi=5.83544, mu_efficiency=2.48407, mu_trigger=6.97087, non_prompt_stat_ele=4.4854, non_prompt_stat_muon=6.72827, others_stat_ele=0.367221, others_stat_muon=6.99372, others_xs=6.3295, param=0.153872, pdf_ele=2.11018, pdf_muon=2.20229, photon_id=3.96383, pileup=0.450234, scale_ele=5.09744, scale_muon=-6.22955
RooProdPdf::model_s[ modelObs_s * nuisancePdf ]
     getLogVal() top-level p.d.f evaluates to zero @ !pdfs=(modelObs_s = 0/1,nuisancePdf = 1)

[#0] WARNING:Minization -- RooMinimizerFcn: Minimized function has error status.
Returning maximum FCN so far (968.553) to force MIGRAD to back out of this region. Error log follows
Parameter values: JER_ele=1.2861, JER_muon=6.15546, JES_ele=1.80472, JES_muon=6.79911, QCD_stat_ele=2.33721, QCD_stat_muon=-6.97184, VBS_stat_ele=0.439129, VBS_stat_muon=6.98746, ele_efficiency=1.51724, ele_trigger=0.409999, fakephoton_ele=3.61639, fakephoton_muon=4.47944, interference=5.62598, lumi=5.35074, mu_efficiency=2.15377, mu_trigger=6.70866, non_prompt_stat_ele=3.78726, non_prompt_stat_muon=6.99651, others_stat_ele=0.0841795, others_stat_muon=6.89367, others_xs=5.85508, param=0.0934529, pdf_ele=1.73557, pdf_muon=4.32974, photon_id=5.66967, pileup=0.36988, scale_ele=4.43037, scale_muon=-6.80749
RooProdPdf::model_s[ modelObs_s * nuisancePdf ]
     getLogVal() top-level p.d.f evaluates to zero @ !pdfs=(modelObs_s = 0/1,nuisancePdf = 1)

[#0] WARNING:Minization -- RooMinimizerFcn: Minimized function has error status.
Returning maximum FCN so far (968.553) to force MIGRAD to back out of this region. Error log follows
Parameter values: JER_ele=1.5154, JER_muon=6.64658, JES_ele=2.18503, JES_muon=5.92812, QCD_stat_ele=3.13893, QCD_stat_muon=-5.07136, VBS_stat_ele=0.625677, VBS_stat_muon=6.71619, ele_efficiency=1.66034, ele_trigger=0.64657, fakephoton_ele=4.34015, fakephoton_muon=5.12499, interference=6.14669, lumi=5.94193, mu_efficiency=2.54361, mu_trigger=6.99013, non_prompt_stat_ele=4.64525, non_prompt_stat_muon=6.6138, others_stat_ele=0.385222, others_stat_muon=6.97076, others_xs=6.44178, param=0.136932, pdf_ele=2.19272, pdf_muon=1.69528, photon_id=3.53994, pileup=0.459627, scale_ele=5.2741, scale_muon=-5.71331
RooProdPdf::model_s[ modelObs_s * nuisancePdf ]
     getLogVal() top-level p.d.f evaluates to zero @ !pdfs=(modelObs_s = 0/1,nuisancePdf = 1)

[#0] WARNING:Minization -- RooMinimizerFcn: Minimized function has error status.
Returning maximum FCN so far (968.553) to force MIGRAD to back out of this region. Error log follows
Parameter values: JER_ele=1.35357, JER_muon=6.41418, JES_ele=1.97164, JES_muon=6.46647, QCD_stat_ele=2.7768, QCD_stat_muon=-6.5578, VBS_stat_ele=0.636656, VBS_stat_muon=6.90819, ele_efficiency=1.47195, ele_trigger=0.595722, fakephoton_ele=3.96708, fakephoton_muon=4.80444, interference=5.84074, lumi=5.6213, mu_efficiency=2.3683, mu_trigger=6.90577, non_prompt_stat_ele=4.24053, non_prompt_stat_muon=6.88055, others_stat_ele=0.342201, others_stat_muon=6.99486, others_xs=6.13728, param=0.148117, pdf_ele=1.9864, pdf_muon=3.14031, photon_id=4.67925, pileup=0.43056, scale_ele=4.84688, scale_muon=-6.83692
RooProdPdf::model_s[ modelObs_s * nuisancePdf ]
     getLogVal() top-level p.d.f evaluates to zero @ !pdfs=(modelObs_s = 0/1,nuisancePdf = 1)

[#0] WARNING:Minization -- RooMinimizerFcn: Minimized function has error status.
Returning maximum FCN so far (968.553) to force MIGRAD to back out of this region. Error log follows
Parameter values: JER_ele=1.42511, JER_muon=6.52809, JES_ele=2.06332, JES_muon=6.23805, QCD_stat_ele=2.92188, QCD_stat_muon=-6.02567, VBS_stat_ele=0.621201, VBS_stat_muon=6.83136, ele_efficiency=1.56145, ele_trigger=0.609752, fakephoton_ele=4.11982, fakephoton_muon=4.95439, interference=5.99065, lumi=5.77579, mu_efficiency=2.4482, mu_trigger=6.95492, non_prompt_stat_ele=4.40088, non_prompt_stat_muon=6.77731, others_stat_ele=0.350158, others_stat_muon=6.99815, others_xs=6.28827, param=0.150646, pdf_ele=2.06944, pdf_muon=2.48883, photon_id=4.18756, pileup=0.442751, scale_ele=5.03175, scale_muon=-6.46047
RooProdPdf::model_s[ modelObs_s * nuisancePdf ]
     getLogVal() top-level p.d.f evaluates to zero @ !pdfs=(modelObs_s = 0/1,nuisancePdf = 1)

[#0] WARNING:Minization -- RooMinimizerFcn: Minimized function has error status.
Returning maximum FCN so far (968.553) to force MIGRAD to back out of this region. Error log follows
Parameter values: JER_ele=1.42549, JER_muon=6.45771, JES_ele=1.96034, JES_muon=6.3886, QCD_stat_ele=2.52455, QCD_stat_muon=-6.51229, VBS_stat_ele=0.302253, VBS_stat_muon=6.88508, ele_efficiency=1.7458, ele_trigger=0.370345, fakephoton_ele=3.91771, fakephoton_muon=4.84213, interference=5.98171, lumi=5.69927, mu_efficiency=2.33375, mu_trigger=6.89428, non_prompt_stat_ele=4.09715, non_prompt_stat_muon=6.87585, others_stat_ele=0.00688681, others_stat_muon=6.9916, others_xs=6.2037, param=0.188008, pdf_ele=1.83381, pdf_muon=2.91573, photon_id=4.73713, pileup=0.390206, scale_ele=4.74473, scale_muon=-6.85389
RooProdPdf::model_s[ modelObs_s * nuisancePdf ]
     getLogVal() top-level p.d.f evaluates to zero @ !pdfs=(modelObs_s = 0/1,nuisancePdf = 1)

[#0] WARNING:Minization -- RooMinimizerFcn: Minimized function has error status.
Returning maximum FCN so far (968.553) to force MIGRAD to back out of this region. Error log follows
Parameter values: JER_ele=1.22291, JER_muon=6.08465, JES_ele=1.75375, JES_muon=6.83783, QCD_stat_ele=2.31188, QCD_stat_muon=-6.93874, VBS_stat_ele=0.441932, VBS_stat_muon=7, ele_efficiency=1.40942, ele_trigger=0.443936, fakephoton_ele=3.50829, fakephoton_muon=4.43573, interference=5.50057, lumi=5.25071, mu_efficiency=2.1417, mu_trigger=6.68612, non_prompt_stat_ele=3.68152, non_prompt_stat_muon=6.99897, others_stat_ele=0.152185, others_stat_muon=6.88394, others_xs=5.79045, param=0.145667, pdf_ele=1.70703, pdf_muon=4.55867, photon_id=5.7796, pileup=0.376798, scale_ele=4.33989, scale_muon=-6.75226
RooProdPdf::model_s[ modelObs_s * nuisancePdf ]
     getLogVal() top-level p.d.f evaluates to zero @ !pdfs=(modelObs_s = 0/1,nuisancePdf = 1)

[#0] WARNING:Minization -- RooMinimizerFcn: Minimized function has error status.
Returning maximum FCN so far (968.553) to force MIGRAD to back out of this region. Error log follows
Parameter values: JER_ele=1.38504, JER_muon=6.42858, JES_ele=1.99011, JES_muon=6.42798, QCD_stat_ele=2.74576, QCD_stat_muon=-6.55695, VBS_stat_ele=0.524064, VBS_stat_muon=6.9083, ele_efficiency=1.56027, ele_trigger=0.54062, fakephoton_ele=3.98438, fakephoton_muon=4.82471, interference=5.88837, lumi=5.65648, mu_efficiency=2.3615, mu_trigger=6.90487, non_prompt_stat_ele=4.23323, non_prompt_stat_muon=6.8743, others_stat_ele=0.260752, others_stat_muon=6.99603, others_xs=6.17856, param=0.143092, pdf_ele=1.96269, pdf_muon=3.05344, photon_id=4.66614, pileup=0.419493, scale_ele=4.86629, scale_muon=-6.83512
RooProdPdf::model_s[ modelObs_s * nuisancePdf ]
     getLogVal() top-level p.d.f evaluates to zero @ !pdfs=(modelObs_s = 0/1,nuisancePdf = 1)

[#0] WARNING:Minization -- RooMinimizerFcn: Minimized function has error status.
Returning maximum FCN so far (968.553) to force MIGRAD to back out of this region. Error log follows
Parameter values: JER_ele=1.36416, JER_muon=6.40756, JES_ele=1.97688, JES_muon=6.45996, QCD_stat_ele=2.76492, QCD_stat_muon=-6.58002, VBS_stat_ele=0.578585, VBS_stat_muon=6.92566, ele_efficiency=1.5067, ele_trigger=0.572747, fakephoton_ele=3.96151, fakephoton_muon=4.80558, interference=5.84297, lumi=5.62151, mu_efficiency=2.36009, mu_trigger=6.90147, non_prompt_stat_ele=4.22201, non_prompt_stat_muon=6.88219, others_stat_ele=0.308586, others_stat_muon=6.99466, others_xs=6.14883, param=0.148059, pdf_ele=1.97383, pdf_muon=3.15546, photon_id=4.70183, pileup=0.42521, scale_ele=4.85075, scale_muon=-6.84717
RooProdPdf::model_s[ modelObs_s * nuisancePdf ]
     getLogVal() top-level p.d.f evaluates to zero @ !pdfs=(modelObs_s = 0/1,nuisancePdf = 1)

[#0] WARNING:Minization -- RooMinimizerFcn: Minimized function has error status.
Returning maximum FCN so far (968.553) to force MIGRAD to back out of this region. Error log follows
Parameter values: JER_ele=1.39938, JER_muon=6.31601, JES_ele=1.90346, JES_muon=6.60484, QCD_stat_ele=2.37694, QCD_stat_muon=-6.94016, VBS_stat_ele=0.203193, VBS_stat_muon=6.96, ele_efficiency=1.7598, ele_trigger=0.305776, fakephoton_ele=3.79623, fakephoton_muon=4.66703, interference=5.85385, lumi=5.5527, mu_efficiency=2.21788, mu_trigger=6.79546, non_prompt_stat_ele=3.93901, non_prompt_stat_muon=6.96135, others_stat_ele=-0.0806602, others_stat_muon=6.94892, others_xs=6.067, param=0.125048, pdf_ele=1.7438, pdf_muon=3.62999, photon_id=5.27699, pileup=0.360504, scale_ele=4.60546, scale_muon=-6.99552
RooProdPdf::model_s[ modelObs_s * nuisancePdf ]
     getLogVal() top-level p.d.f evaluates to zero @ !pdfs=(modelObs_s = 0/1,nuisancePdf = 1)

[#0] WARNING:Minization -- RooMinimizerFcn: Minimized function has error status.
Returning maximum FCN so far (968.553) to force MIGRAD to back out of this region. Error log follows
Parameter values: JER_ele=1.32689, JER_muon=6.4174, JES_ele=1.96775, JES_muon=6.42334, QCD_stat_ele=2.82913, QCD_stat_muon=-6.44809, VBS_stat_ele=0.649267, VBS_stat_muon=6.93576, ele_efficiency=1.40528, ele_trigger=0.641502, fakephoton_ele=3.94159, fakephoton_muon=4.83991, interference=5.80798, lumi=5.61436, mu_efficiency=2.39926, mu_trigger=6.92294, non_prompt_stat_ele=4.22502, non_prompt_stat_muon=6.85337, others_stat_ele=0.419051, others_stat_muon=6.99936, others_xs=6.16276, param=0.132151, pdf_ele=2.00516, pdf_muon=3.07642, photon_id=4.57201, pileup=0.44487, scale_ele=4.85942, scale_muon=-6.73683
RooProdPdf::model_s[ modelObs_s * nuisancePdf ]
     getLogVal() top-level p.d.f evaluates to zero @ !pdfs=(modelObs_s = 0/1,nuisancePdf = 1)

[#0] WARNING:Minization -- RooMinimizerFcn: Minimized function has error status.
Returning maximum FCN so far (968.553) to force MIGRAD to back out of this region. Error log follows
Parameter values: JER_ele=1.34293, JER_muon=6.28868, JES_ele=1.9073, JES_muon=6.63325, QCD_stat_ele=2.54197, QCD_stat_muon=-6.92986, VBS_stat_ele=0.41115, VBS_stat_muon=6.97375, ele_efficiency=1.56671, ele_trigger=0.457705, fakephoton_ele=3.82794, fakephoton_muon=4.65457, interference=5.75117, lumi=5.49734, mu_efficiency=2.24919, mu_trigger=6.81386, non_prompt_stat_ele=4.0365, non_prompt_stat_muon=6.95827, others_stat_ele=0.150578, others_stat_muon=6.95879, others_xs=6.02639, param=0.137942, pdf_ele=1.83986, pdf_muon=3.73929, photon_id=5.21432, pileup=0.389602, scale_ele=4.67103, scale_muon=-6.99991
RooProdPdf::model_s[ modelObs_s * nuisancePdf ]
     getLogVal() top-level p.d.f evaluates to zero @ !pdfs=(modelObs_s = 0/1,nuisancePdf = 1)

[#0] WARNING:Minization -- RooMinimizerFcn: Minimized function has error status.
Returning maximum FCN so far (968.553) to force MIGRAD to back out of this region. Error log follows
Parameter values: JER_ele=1.36122, JER_muon=6.40628, JES_ele=1.98029, JES_muon=6.44726, QCD_stat_ele=2.77983, QCD_stat_muon=-6.56718, VBS_stat_ele=0.566695, VBS_stat_muon=6.93645, ele_efficiency=1.49937, ele_trigger=0.580151, fakephoton_ele=3.9639, fakephoton_muon=4.81407, interference=5.83605, lumi=5.62118, mu_efficiency=2.3655, mu_trigger=6.90478, non_prompt_stat_ele=4.2262, non_prompt_stat_muon=6.87666, others_stat_ele=0.32197, others_stat_muon=6.99628, others_xs=6.15987, param=0.139712, pdf_ele=1.97836, pdf_muon=3.14508, photon_id=4.68024, pileup=0.427396, scale_ele=4.86203, scale_muon=-6.83023
RooProdPdf::model_s[ modelObs_s * nuisancePdf ]
     getLogVal() top-level p.d.f evaluates to zero @ !pdfs=(modelObs_s = 0/1,nuisancePdf = 1)

[#0] WARNING:Minization -- RooMinimizerFcn: Minimized function has error status.
Returning maximum FCN so far (968.553) to force MIGRAD to back out of this region. Error log follows
Parameter values: JER_ele=1.29613, JER_muon=6.30742, JES_ele=1.90991, JES_muon=6.58156, QCD_stat_ele=2.68255, QCD_stat_muon=-6.83866, VBS_stat_ele=0.55604, VBS_stat_muon=6.9805, ele_efficiency=1.41226, ele_trigger=0.580439, fakephoton_ele=3.82642, fakephoton_muon=4.71302, interference=5.70125, lumi=5.49664, mu_efficiency=2.31312, mu_trigger=6.86111, non_prompt_stat_ele=4.07879, non_prompt_stat_muon=6.92744, others_stat_ele=0.338882, others_stat_muon=6.98526, others_xs=6.06098, param=0.129219, pdf_ele=1.91545, pdf_muon=3.60893, photon_id=5.00831, pileup=0.421914, scale_ele=4.723, scale_muon=-6.96888
RooProdPdf::model_s[ modelObs_s * nuisancePdf ]
     getLogVal() top-level p.d.f evaluates to zero @ !pdfs=(modelObs_s = 0/1,nuisancePdf = 1)

[#0] WARNING:Minization -- RooMinimizerFcn: Minimized function has error status.
Returning maximum FCN so far (968.553) to force MIGRAD to back out of this region. Error log follows
Parameter values: JER_ele=1.33439, JER_muon=6.26412, JES_ele=1.89911, JES_muon=6.65563, QCD_stat_ele=2.53272, QCD_stat_muon=-6.94991, VBS_stat_ele=0.393703, VBS_stat_muon=6.98485, ele_efficiency=1.55731, ele_trigger=0.456601, fakephoton_ele=3.81304, fakephoton_muon=4.63254, interference=5.7197, lumi=5.46821, mu_efficiency=2.23648, mu_trigger=6.8011, non_prompt_stat_ele=4.02085, non_prompt_stat_muon=6.96532, others_stat_ele=0.151791, others_stat_muon=6.95157, others_xs=6.00417, param=0.132373, pdf_ele=1.83043, pdf_muon=3.83819, photon_id=5.27449, pileup=0.387519, scale_ele=4.65571, scale_muon=-6.99755
RooProdPdf::model_s[ modelObs_s * nuisancePdf ]
     getLogVal() top-level p.d.f evaluates to zero @ !pdfs=(modelObs_s = 0/1,nuisancePdf = 1)

[#0] WARNING:Minization -- RooMinimizerFcn: Minimized function has error status.
Returning maximum FCN so far (968.553) to force MIGRAD to back out of this region. Error log follows
Parameter values: JER_ele=1.22733, JER_muon=5.9707, JES_ele=1.72495, JES_muon=6.90565, QCD_stat_ele=2.17187, QCD_stat_muon=-6.69251, VBS_stat_ele=0.298734, VBS_stat_muon=6.99004, ele_efficiency=1.48721, ele_trigger=0.354167, fakephoton_ele=3.45513, fakephoton_muon=4.31308, interference=5.43133, lumi=5.15606, mu_efficiency=2.0506, mu_trigger=6.57295, non_prompt_stat_ele=3.59094, non_prompt_stat_muon=6.994, others_stat_ele=0.0229461, others_stat_muon=6.80492, others_xs=5.69705, param=0.0934117, pdf_ele=1.62287, pdf_muon=4.93888, photon_id=6.06996, pileup=0.346449, scale_ele=4.2459, scale_muon=-6.34748
RooProdPdf::model_s[ modelObs_s * nuisancePdf ]
     getLogVal() top-level p.d.f evaluates to zero @ !pdfs=(modelObs_s = 0/1,nuisancePdf = 1)

[#0] WARNING:Minization -- RooMinimizerFcn: Minimized function has error status.
Returning maximum FCN so far (968.553) to force MIGRAD to back out of this region. Error log follows
Parameter values: JER_ele=1.39304, JER_muon=6.33201, JES_ele=1.98126, JES_muon=6.54443, QCD_stat_ele=2.68554, QCD_stat_muon=-6.81909, VBS_stat_ele=0.359009, VBS_stat_muon=6.97855, ele_efficiency=1.62749, ele_trigger=0.47734, fakephoton_ele=3.95737, fakephoton_muon=4.72945, interference=5.80111, lumi=5.56099, mu_efficiency=2.28122, mu_trigger=6.84554, non_prompt_stat_ele=4.18064, non_prompt_stat_muon=6.92988, others_stat_ele=0.171679, others_stat_muon=6.97762, others_xs=6.11455, param=0.156222, pdf_ele=1.90797, pdf_muon=3.50016, photon_id=5.00806, pileup=0.394385, scale_ele=4.83297, scale_muon=-6.97584
RooProdPdf::model_s[ modelObs_s * nuisancePdf ]
     getLogVal() top-level p.d.f evaluates to zero @ !pdfs=(modelObs_s = 0/1,nuisancePdf = 1)

[#0] WARNING:Minization -- RooMinimizerFcn: Minimized function has error status.
Returning maximum FCN so far (968.553) to force MIGRAD to back out of this region. Error log follows
Parameter values: JER_ele=1.17216, JER_muon=5.81996, JES_ele=1.64825, JES_muon=6.96763, QCD_stat_ele=2.02113, QCD_stat_muon=-6.26755, VBS_stat_ele=0.24062, VBS_stat_muon=6.95068, ele_efficiency=1.44224, ele_trigger=0.316225, fakephoton_ele=3.31941, fakephoton_muon=4.16505, interference=5.27314, lumi=4.99152, mu_efficiency=1.96789, mu_trigger=6.44522, non_prompt_stat_ele=3.43415, non_prompt_stat_muon=6.96236, others_stat_ele=-0.0179208, others_stat_muon=6.70096, others_xs=5.53422, param=0.125617, pdf_ele=1.53118, pdf_muon=5.37928, photon_id=6.34886, pileup=0.329304, scale_ele=4.06584, scale_muon=-5.76484
RooProdPdf::model_s[ modelObs_s * nuisancePdf ]
     getLogVal() top-level p.d.f evaluates to zero @ !pdfs=(modelObs_s = 0/1,nuisancePdf = 1)

[#0] WARNING:Minization -- RooMinimizerFcn: Minimized function has error status.
Returning maximum FCN so far (968.553) to force MIGRAD to back out of this region. Error log follows
Parameter values: JER_ele=1.20215, JER_muon=5.86061, JES_ele=1.68594, JES_muon=6.95166, QCD_stat_ele=2.08062, QCD_stat_muon=-6.369, VBS_stat_ele=0.217128, VBS_stat_muon=6.96029, ele_efficiency=1.48315, ele_trigger=0.317725, fakephoton_ele=3.37373, fakephoton_muon=4.20945, interference=5.32798, lumi=5.04782, mu_efficiency=1.98544, mu_trigger=6.47623, non_prompt_stat_ele=3.48706, non_prompt_stat_muon=6.97373, others_stat_ele=-0.0199557, others_stat_muon=6.73513, others_xs=5.59981, param=0.129149, pdf_ele=1.56165, pdf_muon=5.26128, photon_id=6.27899, pileup=0.330457, scale_ele=4.15015, scale_muon=-5.91629
RooProdPdf::model_s[ modelObs_s * nuisancePdf ]
     getLogVal() top-level p.d.f evaluates to zero @ !pdfs=(modelObs_s = 0/1,nuisancePdf = 1)

[#0] WARNING:Minization -- RooMinimizerFcn: Minimized function has error status.
Returning maximum FCN so far (968.553) to force MIGRAD to back out of this region. Error log follows
Parameter values: JER_ele=1.19799, JER_muon=5.87147, JES_ele=1.68921, JES_muon=6.94771, QCD_stat_ele=2.10498, QCD_stat_muon=-6.44833, VBS_stat_ele=0.251762, VBS_stat_muon=6.96189, ele_efficiency=1.46285, ele_trigger=0.337067, fakephoton_ele=3.39587, fakephoton_muon=4.22202, interference=5.32533, lumi=5.05077, mu_efficiency=1.99748, mu_trigger=6.49302, non_prompt_stat_ele=3.52386, non_prompt_stat_muon=6.9776, others_stat_ele=0.00724682, others_stat_muon=6.74306, others_xs=5.60157, param=0.156367, pdf_ele=1.5775, pdf_muon=5.22917, photon_id=6.24749, pileup=0.335601, scale_ele=4.16513, scale_muon=-6.00781
RooProdPdf::model_s[ modelObs_s * nuisancePdf ]
     getLogVal() top-level p.d.f evaluates to zero @ !pdfs=(modelObs_s = 0/1,nuisancePdf = 1)

[#0] WARNING:Minization -- RooMinimizerFcn: Minimized function has error status.
Returning maximum FCN so far (968.553) to force MIGRAD to back out of this region. Error log follows
Parameter values: JER_ele=1.21763, JER_muon=5.68784, JES_ele=1.59198, JES_muon=6.99479, QCD_stat_ele=1.66843, QCD_stat_muon=-5.42759, VBS_stat_ele=-0.134059, VBS_stat_muon=6.90328, ele_efficiency=1.69951, ele_trigger=0.063263, fakephoton_ele=3.16565, fakephoton_muon=4.0131, interference=5.27873, lumi=4.9107, mu_efficiency=1.8223, mu_trigger=6.22259, non_prompt_stat_ele=3.15315, non_prompt_stat_muon=6.88446, others_stat_ele=-0.388488, others_stat_muon=6.51727, others_xs=5.43928, param=0.130697, pdf_ele=1.32136, pdf_muon=5.71973, photon_id=6.64644, pileup=0.265459, scale_ele=3.83817, scale_muon=-4.6253
RooProdPdf::model_s[ modelObs_s * nuisancePdf ]
     getLogVal() top-level p.d.f evaluates to zero @ !pdfs=(modelObs_s = 0/1,nuisancePdf = 1)

[#0] WARNING:Minization -- RooMinimizerFcn: Minimized function has error status.
Returning maximum FCN so far (968.553) to force MIGRAD to back out of this region. Error log follows
Parameter values: JER_ele=1.13137, JER_muon=5.77896, JES_ele=1.62879, JES_muon=6.97376, QCD_stat_ele=2.06156, QCD_stat_muon=-6.20348, VBS_stat_ele=0.2882, VBS_stat_muon=6.92128, ele_efficiency=1.34623, ele_trigger=0.371786, fakephoton_ele=3.26691, fakephoton_muon=4.15036, interference=5.18791, lumi=4.93753, mu_efficiency=1.97525, mu_trigger=6.44647, non_prompt_stat_ele=3.39529, non_prompt_stat_muon=6.96114, others_stat_ele=0.0738677, others_stat_muon=6.71399, others_xs=5.50784, param=0.116264, pdf_ele=1.54592, pdf_muon=5.46598, photon_id=6.364, pileup=0.341041, scale_ele=4.04746, scale_muon=-5.7546
RooProdPdf::model_s[ modelObs_s * nuisancePdf ]
     getLogVal() top-level p.d.f evaluates to zero @ !pdfs=(modelObs_s = 0/1,nuisancePdf = 1)

[#0] WARNING:Minization -- RooMinimizerFcn: Minimized function has error status.
Returning maximum FCN so far (968.553) to force MIGRAD to back out of this region. Error log follows
Parameter values: JER_ele=1.16857, JER_muon=5.68232, JES_ele=1.60639, JES_muon=6.99472, QCD_stat_ele=1.85568, QCD_stat_muon=-5.60308, VBS_stat_ele=0.0819716, VBS_stat_muon=6.89475, ele_efficiency=1.51356, ele_trigger=0.21891, fakephoton_ele=3.22106, fakephoton_muon=4.02793, interference=5.18805, lumi=4.87779, mu_efficiency=1.86954, mu_trigger=6.28677, non_prompt_stat_ele=3.28359, non_prompt_stat_muon=6.90351, others_stat_ele=-0.153984, others_stat_muon=6.57417, others_xs=5.41982, param=0.119625, pdf_ele=1.43009, pdf_muon=5.72282, photon_id=6.58026, pileup=0.297429, scale_ele=3.93573, scale_muon=-4.93712
RooProdPdf::model_s[ modelObs_s * nuisancePdf ]
     getLogVal() top-level p.d.f evaluates to zero @ !pdfs=(modelObs_s = 0/1,nuisancePdf = 1)

[#0] WARNING:Minization -- RooMinimizerFcn: Minimized function has error status.
Returning maximum FCN so far (968.553) to force MIGRAD to back out of this region. Error log follows
Parameter values: JER_ele=1.20567, JER_muon=5.92969, JES_ele=1.72206, JES_muon=6.91421, QCD_stat_ele=2.20443, QCD_stat_muon=-6.67972, VBS_stat_ele=0.276887, VBS_stat_muon=6.96558, ele_efficiency=1.44418, ele_trigger=0.380043, fakephoton_ele=3.45975, fakephoton_muon=4.30089, interference=5.35828, lumi=5.10392, mu_efficiency=2.04566, mu_trigger=6.56216, non_prompt_stat_ele=3.60974, non_prompt_stat_muon=6.99303, others_stat_ele=0.0703599, others_stat_muon=6.80233, others_xs=5.67798, param=0.1808, pdf_ele=1.6282, pdf_muon=5.03683, photon_id=6.09897, pileup=0.34992, scale_ele=4.25664, scale_muon=-6.34004
RooProdPdf::model_s[ modelObs_s * nuisancePdf ]
     getLogVal() top-level p.d.f evaluates to zero @ !pdfs=(modelObs_s = 0/1,nuisancePdf = 1)

[#0] WARNING:Minization -- RooMinimizerFcn: Minimized function has error status.
Returning maximum FCN so far (968.553) to force MIGRAD to back out of this region. Error log follows
Parameter values: JER_ele=1.19362, JER_muon=5.65153, JES_ele=1.52621, JES_muon=6.99729, QCD_stat_ele=1.45332, QCD_stat_muon=-5.3059, VBS_stat_ele=-0.311964, VBS_stat_muon=6.86539, ele_efficiency=1.75342, ele_trigger=-0.0444963, fakephoton_ele=3.03941, fakephoton_muon=3.98568, interference=5.2593, lumi=4.86125, mu_efficiency=1.78733, mu_trigger=6.16579, non_prompt_stat_ele=2.97174, non_prompt_stat_muon=6.86467, others_stat_ele=-0.530089, others_stat_muon=6.46501, others_xs=5.40156, param=0.20718, pdf_ele=1.18974, pdf_muon=5.79581, photon_id=6.72012, pileup=0.247002, scale_ele=3.64854, scale_muon=-4.4005
RooProdPdf::model_s[ modelObs_s * nuisancePdf ]
     getLogVal() top-level p.d.f evaluates to zero @ !pdfs=(modelObs_s = 0/1,nuisancePdf = 1)

[#0] WARNING:Minization -- RooMinimizerFcn: Minimized function has error status.
Returning maximum FCN so far (968.553) to force MIGRAD to back out of this region. Error log follows
Parameter values: JER_ele=1.07188, JER_muon=5.64064, JES_ele=1.49027, JES_muon=6.9961, QCD_stat_ele=1.67903, QCD_stat_muon=-5.64096, VBS_stat_ele=0.0229537, VBS_stat_muon=6.83309, ele_efficiency=1.40172, ele_trigger=0.199008, fakephoton_ele=2.96357, fakephoton_muon=4.02628, interference=5.08039, lumi=4.78491, mu_efficiency=1.88081, mu_trigger=6.29543, non_prompt_stat_ele=2.9874, non_prompt_stat_muon=6.90817, others_stat_ele=-0.152941, others_stat_muon=6.59373, others_xs=5.36979, param=0.216589, pdf_ele=1.31302, pdf_muon=5.78975, photon_id=6.62073, pileup=0.306095, scale_ele=3.668, scale_muon=-5.02116
RooProdPdf::model_s[ modelObs_s * nuisancePdf ]
     getLogVal() top-level p.d.f evaluates to zero @ !pdfs=(modelObs_s = 0/1,nuisancePdf = 1)

[#0] WARNING:Minization -- RooMinimizerFcn: Minimized function has error status.
Returning maximum FCN so far (968.553) to force MIGRAD to back out of this region. Error log follows
Parameter values: JER_ele=1.11321, JER_muon=5.59699, JES_ele=1.50082, JES_muon=6.99965, QCD_stat_ele=1.58583, QCD_stat_muon=-5.27584, VBS_stat_ele=-0.10018, VBS_stat_muon=6.82455, ele_efficiency=1.52713, ele_trigger=0.108117, fakephoton_ele=2.9953, fakephoton_muon=3.96211, interference=5.10737, lumi=4.77162, mu_efficiency=1.8189, mu_trigger=6.19754, non_prompt_stat_ele=2.98738, non_prompt_stat_muon=6.86661, others_stat_ele=-0.292908, others_stat_muon=6.50052, others_xs=5.33267, param=0.218322, pdf_ele=1.26358, pdf_muon=5.89911, photon_id=6.70928, pileup=0.278446, scale_ele=3.65477, scale_muon=-4.50684
RooProdPdf::model_s[ modelObs_s * nuisancePdf ]
     getLogVal() top-level p.d.f evaluates to zero @ !pdfs=(modelObs_s = 0/1,nuisancePdf = 1)

[#0] WARNING:Minization -- RooMinimizerFcn: Minimized function has error status.
Returning maximum FCN so far (968.553) to force MIGRAD to back out of this region. Error log follows
Parameter values: JER_ele=1.08895, JER_muon=5.522, JES_ele=1.51317, JES_muon=6.99878, QCD_stat_ele=1.72864, QCD_stat_muon=-4.97585, VBS_stat_ele=0.0571153, VBS_stat_muon=6.7827, ele_efficiency=1.411, ele_trigger=0.214584, fakephoton_ele=3.01756, fakephoton_muon=3.90426, interference=4.99315, lumi=4.69912, mu_efficiency=1.81277, mu_trigger=6.16895, non_prompt_stat_ele=3.05617, non_prompt_stat_muon=6.84145, others_stat_ele=-0.140843, others_stat_muon=6.48187, others_xs=5.2658, param=0.190197, pdf_ele=1.34586, pdf_muon=6.0423, photon_id=6.73488, pileup=0.292581, scale_ele=3.72493, scale_muon=-4.26513
RooProdPdf::model_s[ modelObs_s * nuisancePdf ]
     getLogVal() top-level p.d.f evaluates to zero @ !pdfs=(modelObs_s = 0/1,nuisancePdf = 1)

[#0] WARNING:Minization -- RooMinimizerFcn: Minimized function has error status.
Returning maximum FCN so far (968.553) to force MIGRAD to back out of this region. Error log follows
Parameter values: JER_ele=1.19436, JER_muon=5.65809, JES_ele=1.52763, JES_muon=6.99599, QCD_stat_ele=1.44963, QCD_stat_muon=-5.34341, VBS_stat_ele=-0.333693, VBS_stat_muon=6.86032, ele_efficiency=1.75995, ele_trigger=-0.0498125, fakephoton_ele=3.03923, fakephoton_muon=3.99775, interference=5.26615, lumi=4.86949, mu_efficiency=1.79174, mu_trigger=6.17507, non_prompt_stat_ele=2.96833, non_prompt_stat_muon=6.87084, others_stat_ele=-0.535934, others_stat_muon=6.47894, others_xs=5.41849, param=0.190983, pdf_ele=1.18526, pdf_muon=5.77527, photon_id=6.71194, pileup=0.247074, scale_ele=3.65114, scale_muon=-4.45963
RooProdPdf::model_s[ modelObs_s * nuisancePdf ]
     getLogVal() top-level p.d.f evaluates to zero @ !pdfs=(modelObs_s = 0/1,nuisancePdf = 1)

[#0] WARNING:Minization -- RooMinimizerFcn: Minimized function has error status.
Returning maximum FCN so far (968.553) to force MIGRAD to back out of this region. Error log follows
Parameter values: JER_ele=1.00807, JER_muon=5.38581, JES_ele=1.40205, JES_muon=6.98446, QCD_stat_ele=1.51738, QCD_stat_muon=-4.39855, VBS_stat_ele=-0.027723, VBS_stat_muon=6.66183, ele_efficiency=1.34186, ele_trigger=0.16454, fakephoton_ele=2.784, fakephoton_muon=3.79975, interference=4.83305, lumi=4.53762, mu_efficiency=1.75871, mu_trigger=6.05502, non_prompt_stat_ele=2.77745, non_prompt_stat_muon=6.77579, others_stat_ele=-0.189465, others_stat_muon=6.38557, others_xs=5.12174, param=0.197312, pdf_ele=1.21501, pdf_muon=6.27352, photon_id=6.85032, pileup=0.282444, scale_ele=3.44995, scale_muon=-3.62834
RooProdPdf::model_s[ modelObs_s * nuisancePdf ]
     getLogVal() top-level p.d.f evaluates to zero @ !pdfs=(modelObs_s = 0/1,nuisancePdf = 1)

[#0] WARNING:Minization -- RooMinimizerFcn: Minimized function has error status.
Returning maximum FCN so far (968.553) to force MIGRAD to back out of this region. Error log follows
Parameter values: JER_ele=1.10788, JER_muon=5.52283, JES_ele=1.47635, JES_muon=6.99883, QCD_stat_ele=1.49583, QCD_stat_muon=-4.84043, VBS_stat_ele=-0.183758, VBS_stat_muon=6.77616, ele_efficiency=1.55921, ele_trigger=0.0587545, fakephoton_ele=2.9441, fakephoton_muon=3.89262, interference=5.06048, lumi=4.71066, mu_efficiency=1.77038, mu_trigger=6.10786, non_prompt_stat_ele=2.91059, non_prompt_stat_muon=6.82129, others_stat_ele=-0.360605, others_stat_muon=6.42631, others_xs=5.27315, param=0.198205, pdf_ele=1.2087, pdf_muon=6.04684, photon_id=6.7897, pileup=0.262884, scale_ele=3.57938, scale_muon=-4.00016
RooProdPdf::model_s[ modelObs_s * nuisancePdf ]
     getLogVal() top-level p.d.f evaluates to zero @ !pdfs=(modelObs_s = 0/1,nuisancePdf = 1)

[#0] WARNING:Minization -- RooMinimizerFcn: Minimized function has error status.
Returning maximum FCN so far (968.553) to force MIGRAD to back out of this region. Error log follows
Parameter values: JER_ele=1.06097, JER_muon=5.46033, JES_ele=1.44271, JES_muon=6.99456, QCD_stat_ele=1.51705, QCD_stat_muon=-4.67166, VBS_stat_ele=-0.100271, VBS_stat_muon=6.72134, ele_efficiency=1.45269, ele_trigger=0.114604, fakephoton_ele=2.86992, fakephoton_muon=3.8532, interference=4.95205, lumi=4.63002, mu_efficiency=1.76845, mu_trigger=6.08939, non_prompt_stat_ele=2.85165, non_prompt_stat_muon=6.80396, others_stat_ele=-0.272574, others_stat_muon=6.41218, others_xs=5.2051, param=0.202524, pdf_ele=1.21764, pdf_muon=6.152, photon_id=6.81478, pileup=0.273744, scale_ele=3.52385, scale_muon=-3.86916
RooProdPdf::model_s[ modelObs_s * nuisancePdf ]
     getLogVal() top-level p.d.f evaluates to zero @ !pdfs=(modelObs_s = 0/1,nuisancePdf = 1)

[#0] WARNING:Minization -- RooMinimizerFcn: Minimized function has error status.
Returning maximum FCN so far (968.553) to force MIGRAD to back out of this region. Error log follows
Parameter values: JER_ele=1.06515, JER_muon=5.38252, JES_ele=1.45922, JES_muon=6.98167, QCD_stat_ele=1.56939, QCD_stat_muon=-4.17583, VBS_stat_ele=-0.0547379, VBS_stat_muon=6.68571, ele_efficiency=1.43491, ele_trigger=0.143093, fakephoton_ele=2.91001, fakephoton_muon=3.77593, interference=4.88694, lumi=4.57302, mu_efficiency=1.73081, mu_trigger=6.00933, non_prompt_stat_ele=2.90935, non_prompt_stat_muon=6.75018, others_stat_ele=-0.235579, others_stat_muon=6.34026, others_xs=5.13603, param=0.182038, pdf_ele=1.25086, pdf_muon=6.2887, photon_id=6.86162, pileup=0.268892, scale_ele=3.57334, scale_muon=-3.35
RooProdPdf::model_s[ modelObs_s * nuisancePdf ]
     getLogVal() top-level p.d.f evaluates to zero @ !pdfs=(modelObs_s = 0/1,nuisancePdf = 1)

[#0] WARNING:Minization -- RooMinimizerFcn: Minimized function has error status.
Returning maximum FCN so far (968.553) to force MIGRAD to back out of this region. Error log follows
Parameter values: JER_ele=1.1424, JER_muon=5.4077, JES_ele=1.46772, JES_muon=6.98588, QCD_stat_ele=1.37489, QCD_stat_muon=-4.02154, VBS_stat_ele=-0.341998, VBS_stat_muon=6.70229, ele_efficiency=1.68834, ele_trigger=-0.0471109, fakephoton_ele=2.91183, fakephoton_muon=3.77662, interference=5.02728, lumi=4.63824, mu_efficiency=1.67744, mu_trigger=5.93199, non_prompt_stat_ele=2.82904, non_prompt_stat_muon=6.72634, others_stat_ele=-0.52316, others_stat_muon=6.26768, others_xs=5.19074, param=0.150387, pdf_ele=1.13554, pdf_muon=6.25419, photon_id=6.89424, pileup=0.228782, scale_ele=3.51425, scale_muon=-3.00941
RooProdPdf::model_s[ modelObs_s * nuisancePdf ]
     getLogVal() top-level p.d.f evaluates to zero @ !pdfs=(modelObs_s = 0/1,nuisancePdf = 1)

[#0] WARNING:Minization -- RooMinimizerFcn: Minimized function has error status.
Returning maximum FCN so far (968.553) to force MIGRAD to back out of this region. Error log follows
Parameter values: JER_ele=1.07108, JER_muon=5.36377, JES_ele=1.43295, JES_muon=6.97833, QCD_stat_ele=1.4348, QCD_stat_muon=-3.98671, VBS_stat_ele=-0.185522, VBS_stat_muon=6.66551, ele_efficiency=1.50988, ele_trigger=0.0580475, fakephoton_ele=2.85407, fakephoton_muon=3.75417, interference=4.90586, lumi=4.5621, mu_efficiency=1.70024, mu_trigger=5.95669, non_prompt_stat_ele=2.81158, non_prompt_stat_muon=6.72524, others_stat_ele=-0.355365, others_stat_muon=6.2927, others_xs=5.12407, param=0.158074, pdf_ele=1.17131, pdf_muon=6.31963, photon_id=6.8934, pileup=0.251722, scale_ele=3.47832, scale_muon=-3.08799
RooProdPdf::model_s[ modelObs_s * nuisancePdf ]
     getLogVal() top-level p.d.f evaluates to zero @ !pdfs=(modelObs_s = 0/1,nuisancePdf = 1)

[#0] WARNING:Minization -- RooMinimizerFcn: Minimized function has error status.
Returning maximum FCN so far (968.553) to force MIGRAD to back out of this region. Error log follows
Parameter values: JER_ele=1.09753, JER_muon=5.29305, JES_ele=1.46043, JES_muon=6.96067, QCD_stat_ele=1.45951, QCD_stat_muon=-3.41865, VBS_stat_ele=-0.218783, VBS_stat_muon=6.62406, ele_efficiency=1.5557, ele_trigger=0.0452831, fakephoton_ele=2.90884, fakephoton_muon=3.68254, interference=4.87779, lumi=4.52734, mu_efficiency=1.65247, mu_trigger=5.85855, non_prompt_stat_ele=2.86608, non_prompt_stat_muon=6.66089, others_stat_ele=-0.38002, others_stat_muon=6.20759, others_xs=5.08089, param=0.0783692, pdf_ele=1.18499, pdf_muon=6.428, photon_id=6.93058, pileup=0.237852, scale_ele=3.53787, scale_muon=-2.48965
RooProdPdf::model_s[ modelObs_s * nuisancePdf ]
     getLogVal() top-level p.d.f evaluates to zero @ !pdfs=(modelObs_s = 0/1,nuisancePdf = 1)

[#0] WARNING:Minization -- RooMinimizerFcn: Minimized function has error status.
Returning maximum FCN so far (631.272) to force MIGRAD to back out of this region. Error log follows
Parameter values: JER_ele=-2.19009, JER_muon=-1.90121, JES_ele=0.148418, JES_muon=0.726477, QCD_stat_ele=-1.68719, QCD_stat_muon=0.215579, VBS_stat_ele=2.53927, VBS_stat_muon=-0.473587, ele_efficiency=-0.23568, ele_trigger=-1.74066, fakephoton_ele=2.94739, fakephoton_muon=-0.621331, interference=-1.24219, lumi=0.41442, mu_efficiency=0.897903, mu_trigger=2.23385, non_prompt_stat_ele=6.54009, non_prompt_stat_muon=1.10405, others_stat_ele=-3.83678, others_stat_muon=0.553652, others_xs=1.96669, param=1.08304, pdf_ele=-1.01047, pdf_muon=2.20449, photon_id=-0.807549, pileup=0.707655, scale_ele=-2.4835, scale_muon=0.447875
RooProdPdf::model_s[ modelObs_s * nuisancePdf ]
     getLogVal() top-level p.d.f evaluates to zero @ !pdfs=(modelObs_s = 0/1,nuisancePdf = 1)


 -- Hybrid New -- 
CLs = 0.0049505 +/- 0.00350018
Done in 14.23 min (cpu), 14.30 min (real)
