 <<< Combine >>> 
>>> including systematics
>>> using the Profile Likelihood test statistics modified for upper limits (Q_LHC)
>>> method used is HybridNew
>>> Used OpenSSL to get a really random seed -1357702922
Computing results starting from observation (a-posteriori)
[#0] WARNING:Minization -- RooMinimizerFcn: Minimized function has error status.
Returning maximum FCN so far (40.4318) to force MIGRAD to back out of this region. Error log follows
Parameter values: JER_ele=5.98979, JER_muon=-6.38932, JES_ele=-6.74266, JES_muon=-2.75258, QCD_stat_ele=6.81861, QCD_stat_muon=-0.00695002, VBS_stat_ele=-0.951016, VBS_stat_muon=-5.69876, ele_efficiency=-6.99924, ele_trigger=-0.352373, fakephoton_ele=6.94533, fakephoton_muon=-3.57681, interference=-4.62348, lumi=-6.99652, mu_efficiency=5.11158, mu_trigger=5.01536, non_prompt_stat_ele=6.64432, non_prompt_stat_muon=-6.67051, others_stat_ele=-6.21067, others_stat_muon=-6.91533, others_xs=-1.53554, param=0.0363291, pdf_ele=1.85723, pdf_muon=-6.93022, photon_id=-6.99981, pileup=-6.09506, scale_ele=-5.12738, scale_muon=-6.96191
RooProdPdf::model_s[ modelObs_s * nuisancePdf ]
     getLogVal() top-level p.d.f evaluates to zero @ !pdfs=(modelObs_s = 0/1,nuisancePdf = 1)

[#0] WARNING:Minization -- RooMinimizerFcn: Minimized function has error status.
Returning maximum FCN so far (40.4318) to force MIGRAD to back out of this region. Error log follows
Parameter values: JER_ele=6.66716, JER_muon=-6.34293, JES_ele=5.91521, JES_muon=-6.70712, QCD_stat_ele=6.775, QCD_stat_muon=2.78748, VBS_stat_ele=6.7929, VBS_stat_muon=-6.24194, ele_efficiency=4.60268, ele_trigger=5.08213, fakephoton_ele=5.90188, fakephoton_muon=6.97571, interference=-5.60818, lumi=4.36214, mu_efficiency=-5.4563, mu_trigger=-5.69175, non_prompt_stat_ele=5.8685, non_prompt_stat_muon=-1.03715, others_stat_ele=5.367, others_stat_muon=-0.927943, others_xs=3.81242, param=0.0425868, pdf_ele=6.65013, pdf_muon=-2.79478, photon_id=-2.40164, pileup=4.49851, scale_ele=3.21353, scale_muon=0.0754492
RooProdPdf::model_s[ modelObs_s * nuisancePdf ]
     getLogVal() top-level p.d.f evaluates to zero @ !pdfs=(modelObs_s = 0/1,nuisancePdf = 1)

[#0] WARNING:Minization -- RooMinimizerFcn: Minimized function has error status.
Returning maximum FCN so far (446.908) to force MIGRAD to back out of this region. Error log follows
Parameter values: JER_ele=6.2831, JER_muon=-5.95424, JES_ele=1.06931, JES_muon=-5.95877, QCD_stat_ele=6.98915, QCD_stat_muon=-0.0285081, VBS_stat_ele=5.97133, VBS_stat_muon=-4.99562, ele_efficiency=4.35546, ele_trigger=4.75709, fakephoton_ele=5.97462, fakephoton_muon=6.7064, interference=-6.47538, lumi=4.50987, mu_efficiency=-5.2639, mu_trigger=-5.19749, non_prompt_stat_ele=6.14784, non_prompt_stat_muon=-3.68757, others_stat_ele=4.75815, others_stat_muon=-0.553211, others_xs=4.04227, param=0.0494914, pdf_ele=6.36025, pdf_muon=-0.84886, photon_id=-1.33199, pileup=4.43586, scale_ele=3.60456, scale_muon=-0.737857
RooProdPdf::model_s[ modelObs_s * nuisancePdf ]
     getLogVal() top-level p.d.f evaluates to zero @ !pdfs=(modelObs_s = 0/1,nuisancePdf = 1)

[#0] WARNING:Minization -- RooMinimizerFcn: Minimized function has error status.
Returning maximum FCN so far (37.3058) to force MIGRAD to back out of this region. Error log follows
Parameter values: JER_ele=-0.0823999, JER_muon=-0.532973, JES_ele=0.558678, JES_muon=-0.0872356, QCD_stat_ele=2.07866, QCD_stat_muon=0.160459, VBS_stat_ele=0.919519, VBS_stat_muon=-0.839201, ele_efficiency=-0.398708, ele_trigger=-1.0065, fakephoton_ele=2.27773, fakephoton_muon=0.0535508, interference=-0.82, lumi=0.318505, mu_efficiency=-0.144659, mu_trigger=-0.617675, non_prompt_stat_ele=6.93131, non_prompt_stat_muon=-0.765185, others_stat_ele=-1.22991, others_stat_muon=-0.257186, others_xs=1.17737, param=0.133523, pdf_ele=-1.02811, pdf_muon=0.0611092, photon_id=-0.439367, pileup=-0.911948, scale_ele=1.22449, scale_muon=0.0518767
RooProdPdf::model_s[ modelObs_s * nuisancePdf ]
     getLogVal() top-level p.d.f evaluates to zero @ !pdfs=(modelObs_s = 0/1,nuisancePdf = 1)

[#0] WARNING:Minization -- RooMinimizerFcn: Minimized function has error status.
Returning maximum FCN so far (155.175) to force MIGRAD to back out of this region. Error log follows
Parameter values: JER_ele=-0.700601, JER_muon=-0.600882, JES_ele=-0.322925, JES_muon=-0.0385097, QCD_stat_ele=0.209002, QCD_stat_muon=0.292815, VBS_stat_ele=0.118129, VBS_stat_muon=-0.905936, ele_efficiency=-0.67914, ele_trigger=-1.9785, fakephoton_ele=3.59943, fakephoton_muon=0.109509, interference=-1.05506, lumi=-0.0380288, mu_efficiency=-0.15749, mu_trigger=-0.688848, non_prompt_stat_ele=6.9996, non_prompt_stat_muon=-0.858063, others_stat_ele=-3.05775, others_stat_muon=-0.289358, others_xs=0.848571, param=0.133483, pdf_ele=-2.48753, pdf_muon=0.171326, photon_id=-1.50934, pileup=-1.11875, scale_ele=-0.643951, scale_muon=0.153217
RooProdPdf::model_s[ modelObs_s * nuisancePdf ]
     getLogVal() top-level p.d.f evaluates to zero @ !pdfs=(modelObs_s = 0/1,nuisancePdf = 1)

[#0] WARNING:Minization -- RooMinimizerFcn: Minimized function has error status.
Returning maximum FCN so far (79.3098) to force MIGRAD to back out of this region. Error log follows
Parameter values: JER_ele=-5.14398, JER_muon=6.99258, JES_ele=1.00725, JES_muon=1.23754, QCD_stat_ele=-4.69835, QCD_stat_muon=5.83665, VBS_stat_ele=-1.98678, VBS_stat_muon=4.0735, ele_efficiency=4.76099, ele_trigger=0.791995, fakephoton_ele=4.23356, fakephoton_muon=6.3556, interference=6.8517, lumi=5.3559, mu_efficiency=-6.9181, mu_trigger=6.44109, non_prompt_stat_ele=5.84012, non_prompt_stat_muon=-4.60684, others_stat_ele=6.67437, others_stat_muon=1.36751, others_xs=-6.82221, param=0.652536, pdf_ele=-1.41529, pdf_muon=0.349415, photon_id=-2.32968, pileup=3.51469, scale_ele=-2.639, scale_muon=5.97386
RooProdPdf::model_s[ modelObs_s * nuisancePdf ]
     getLogVal() top-level p.d.f evaluates to zero @ !pdfs=(modelObs_s = 0/1,nuisancePdf = 1)

[#0] WARNING:Minization -- RooMinimizerFcn: Minimized function has error status.
Returning maximum FCN so far (79.3098) to force MIGRAD to back out of this region. Error log follows
Parameter values: JER_ele=-3.10332, JER_muon=5.43932, JES_ele=0.497651, JES_muon=0.723949, QCD_stat_ele=-2.89639, QCD_stat_muon=3.71861, VBS_stat_ele=-1.12709, VBS_stat_muon=2.28799, ele_efficiency=2.76945, ele_trigger=0.378087, fakephoton_ele=6.80465, fakephoton_muon=6.22147, interference=5.77684, lumi=3.19881, mu_efficiency=-4.88898, mu_trigger=4.20434, non_prompt_stat_ele=3.34751, non_prompt_stat_muon=-2.67402, others_stat_ele=5.92504, others_stat_muon=0.860705, others_xs=-4.68399, param=0.428465, pdf_ele=-0.865392, pdf_muon=0.237708, photon_id=-1.31545, pileup=1.98402, scale_ele=-1.66841, scale_muon=6.45072
RooProdPdf::model_s[ modelObs_s * nuisancePdf ]
     getLogVal() top-level p.d.f evaluates to zero @ !pdfs=(modelObs_s = 0/1,nuisancePdf = 1)


 -- Hybrid New -- 
CLs = 0.223301 +/- 0.0229667
Done in 15.71 min (cpu), 15.84 min (real)
