 <<< Combine >>> 
>>> including systematics
>>> using the Profile Likelihood test statistics modified for upper limits (Q_LHC)
>>> method used is HybridNew
>>> Used OpenSSL to get a really random seed 917114082
Computing results starting from observation (a-posteriori)
[#0] WARNING:Minization -- RooMinimizerFcn: Minimized function has error status.
Returning maximum FCN so far (626.628) to force MIGRAD to back out of this region. Error log follows
Parameter values: JER_ele=1.0769, JER_muon=-3.23347, JES_ele=0.54116, JES_muon=-4.67202, QCD_stat_ele=0.976106, QCD_stat_muon=-5.632, VBS_stat_ele=-0.738575, VBS_stat_muon=-4.14349, ele_efficiency=0.678864, ele_trigger=1.95368, fakephoton_ele=4.12771, fakephoton_muon=-1.93173, interference=-3.71556, lumi=-1.63619, mu_efficiency=-1.43959, mu_trigger=-3.48208, non_prompt_stat_ele=4.91631, non_prompt_stat_muon=-5.29283, others_stat_ele=0.58292, others_stat_muon=-2.18021, others_xs=-2.04252, param=0.982345, pdf_ele=2.01471, pdf_muon=-6.13839, photon_id=-4.49354, pileup=-1.95757, scale_ele=2.22695, scale_muon=-6.83202
RooProdPdf::model_s[ modelObs_s * nuisancePdf ]
     getLogVal() top-level p.d.f evaluates to zero @ !pdfs=(modelObs_s = 0/1,nuisancePdf = 1)

[#0] WARNING:Minization -- RooMinimizerFcn: Minimized function has error status.
Returning maximum FCN so far (626.628) to force MIGRAD to back out of this region. Error log follows
Parameter values: JER_ele=-6.26707, JER_muon=-5.05358, JES_ele=4.89113, JES_muon=3.66765, QCD_stat_ele=-4.80854, QCD_stat_muon=3.59984, VBS_stat_ele=-6.45697, VBS_stat_muon=-1.36151, ele_efficiency=-6.41606, ele_trigger=-3.99091, fakephoton_ele=4.90898, fakephoton_muon=-2.70501, interference=6.19605, lumi=-6.99599, mu_efficiency=-0.684998, mu_trigger=6.63971, non_prompt_stat_ele=6.9973, non_prompt_stat_muon=3.26674, others_stat_ele=4.38912, others_stat_muon=-0.559702, others_xs=-6.89375, param=0.0284683, pdf_ele=-6.93305, pdf_muon=-4.61118, photon_id=2.89081, pileup=-2.14681, scale_ele=6.83096, scale_muon=6.94425
RooProdPdf::model_s[ modelObs_s * nuisancePdf ]
     getLogVal() top-level p.d.f evaluates to zero @ !pdfs=(modelObs_s = 0/1,nuisancePdf = 1)

[#0] WARNING:Minization -- RooMinimizerFcn: Minimized function has error status.
Returning maximum FCN so far (626.628) to force MIGRAD to back out of this region. Error log follows
Parameter values: JER_ele=2.0663, JER_muon=6.13346, JES_ele=-0.862902, JES_muon=-2.7284, QCD_stat_ele=-4.68315, QCD_stat_muon=1.61896, VBS_stat_ele=-5.81588, VBS_stat_muon=5.91654, ele_efficiency=2.05118, ele_trigger=4.05524, fakephoton_ele=5.58119, fakephoton_muon=-3.82432, interference=3.02284, lumi=-4.12648, mu_efficiency=-7, mu_trigger=6.68528, non_prompt_stat_ele=6.07503, non_prompt_stat_muon=-4.43371, others_stat_ele=-1.36226, others_stat_muon=5.98718, others_xs=-1.27431, param=0.104885, pdf_ele=2.96359, pdf_muon=0.797867, photon_id=-6.88588, pileup=-6.18084, scale_ele=-0.329654, scale_muon=3.85121
RooProdPdf::model_s[ modelObs_s * nuisancePdf ]
     getLogVal() top-level p.d.f evaluates to zero @ !pdfs=(modelObs_s = 0/1,nuisancePdf = 1)

[#0] WARNING:Minization -- RooMinimizerFcn: Minimized function has error status.
Returning maximum FCN so far (934.008) to force MIGRAD to back out of this region. Error log follows
Parameter values: JER_ele=0.308299, JER_muon=6.65545, JES_ele=2.27252, JES_muon=6.74843, QCD_stat_ele=5.95084, QCD_stat_muon=1.14395, VBS_stat_ele=5.22379, VBS_stat_muon=6.93936, ele_efficiency=-0.493071, ele_trigger=-0.428415, fakephoton_ele=5.94083, fakephoton_muon=4.25619, interference=6.6015, lumi=5.34876, mu_efficiency=3.1976, mu_trigger=6.87831, non_prompt_stat_ele=6.84465, non_prompt_stat_muon=6.59389, others_stat_ele=2.46166, others_stat_muon=6.37675, others_xs=5.79748, param=0.319519, pdf_ele=1.50153, pdf_muon=2.80598, photon_id=4.07368, pileup=3.07728, scale_ele=5.51656, scale_muon=-6.2836
RooProdPdf::model_s[ modelObs_s * nuisancePdf ]
     getLogVal() top-level p.d.f evaluates to zero @ !pdfs=(modelObs_s = 0/1,nuisancePdf = 1)

[#0] WARNING:Minization -- RooMinimizerFcn: Minimized function has error status.
Returning maximum FCN so far (934.008) to force MIGRAD to back out of this region. Error log follows
Parameter values: JER_ele=-5.18484, JER_muon=2.36207, JES_ele=-6.76516, JES_muon=2.21964, QCD_stat_ele=4.34885, QCD_stat_muon=-4.28962, VBS_stat_ele=-6.26394, VBS_stat_muon=6.61195, ele_efficiency=-2.0123, ele_trigger=-6.16032, fakephoton_ele=5.81597, fakephoton_muon=-4.76397, interference=-5.03278, lumi=-3.09669, mu_efficiency=-6.386, mu_trigger=6.96586, non_prompt_stat_ele=5.71908, non_prompt_stat_muon=3.63341, others_stat_ele=-6.99843, others_stat_muon=6.41638, others_xs=-0.531704, param=0.0634911, pdf_ele=-6.83221, pdf_muon=-6.44055, photon_id=-6.35577, pileup=-1.12852, scale_ele=4.92763, scale_muon=5.67381
RooProdPdf::model_s[ modelObs_s * nuisancePdf ]
     getLogVal() top-level p.d.f evaluates to zero @ !pdfs=(modelObs_s = 0/1,nuisancePdf = 1)

[#0] WARNING:Minization -- RooMinimizerFcn: Minimized function has error status.
Returning maximum FCN so far (934.008) to force MIGRAD to back out of this region. Error log follows
Parameter values: JER_ele=1.41952, JER_muon=5.72435, JES_ele=3.15001, JES_muon=6.93338, QCD_stat_ele=6.82283, QCD_stat_muon=-6.56095, VBS_stat_ele=4.88142, VBS_stat_muon=6.78445, ele_efficiency=0.172627, ele_trigger=1.29498, fakephoton_ele=6.98875, fakephoton_muon=3.45164, interference=5.38802, lumi=4.83849, mu_efficiency=2.33064, mu_trigger=6.2385, non_prompt_stat_ele=5.96292, non_prompt_stat_muon=6.9196, others_stat_ele=3.40732, others_stat_muon=5.77804, others_xs=5.19207, param=0.344406, pdf_ele=3.45437, pdf_muon=6.0023, photon_id=5.55028, pileup=1.8928, scale_ele=6.86999, scale_muon=-5.77723
RooProdPdf::model_s[ modelObs_s * nuisancePdf ]
     getLogVal() top-level p.d.f evaluates to zero @ !pdfs=(modelObs_s = 0/1,nuisancePdf = 1)

[#0] WARNING:Minization -- RooMinimizerFcn: Minimized function has error status.
Returning maximum FCN so far (934.008) to force MIGRAD to back out of this region. Error log follows
Parameter values: JER_ele=2.35075, JER_muon=6.10861, JES_ele=4.73065, JES_muon=6.99981, QCD_stat_ele=5.69801, QCD_stat_muon=-4.93748, VBS_stat_ele=6.3056, VBS_stat_muon=6.96758, ele_efficiency=0.364732, ele_trigger=2.31768, fakephoton_ele=3.50735, fakephoton_muon=3.70078, interference=6.07265, lumi=5.63876, mu_efficiency=2.64489, mu_trigger=6.49892, non_prompt_stat_ele=-1.92334, non_prompt_stat_muon=6.9993, others_stat_ele=5.12143, others_stat_muon=5.98868, others_xs=6.02007, param=0.360983, pdf_ele=5.21585, pdf_muon=5.13575, photon_id=3.01884, pileup=2.44644, scale_ele=5.70325, scale_muon=-6.78177
RooProdPdf::model_s[ modelObs_s * nuisancePdf ]
     getLogVal() top-level p.d.f evaluates to zero @ !pdfs=(modelObs_s = 0/1,nuisancePdf = 1)

[#0] WARNING:Minization -- RooMinimizerFcn: Minimized function has error status.
Returning maximum FCN so far (934.008) to force MIGRAD to back out of this region. Error log follows
Parameter values: JER_ele=2.6215, JER_muon=4.97074, JES_ele=4.92479, JES_muon=6.35173, QCD_stat_ele=5.25483, QCD_stat_muon=-5.37479, VBS_stat_ele=6.24084, VBS_stat_muon=6.32535, ele_efficiency=0.53836, ele_trigger=2.73532, fakephoton_ele=2.20245, fakephoton_muon=2.69548, interference=5.18526, lumi=4.98268, mu_efficiency=1.99869, mu_trigger=5.33623, non_prompt_stat_ele=-3.60613, non_prompt_stat_muon=6.38694, others_stat_ele=5.3013, others_stat_muon=4.73414, others_xs=5.34674, param=0.20108, pdf_ele=5.56138, pdf_muon=6.93665, photon_id=5.44406, pileup=2.06162, scale_ele=5.14048, scale_muon=-0.789311
RooProdPdf::model_s[ modelObs_s * nuisancePdf ]
     getLogVal() top-level p.d.f evaluates to zero @ !pdfs=(modelObs_s = 0/1,nuisancePdf = 1)

[#0] WARNING:Minization -- RooMinimizerFcn: Minimized function has error status.
Returning maximum FCN so far (1030.47) to force MIGRAD to back out of this region. Error log follows
Parameter values: JER_ele=-0.759365, JER_muon=-5.95628, JES_ele=6.93481, JES_muon=4.14557, QCD_stat_ele=-6.97143, QCD_stat_muon=5.31186, VBS_stat_ele=6.18714, VBS_stat_muon=-2.89431, ele_efficiency=-6.06485, ele_trigger=4.52995, fakephoton_ele=6.10748, fakephoton_muon=-6.99716, interference=-6.90001, lumi=1.4603, mu_efficiency=-4.36974, mu_trigger=-1.38606, non_prompt_stat_ele=6.17622, non_prompt_stat_muon=2.71122, others_stat_ele=4.91211, others_stat_muon=-1.97214, others_xs=4.41191, param=0.868312, pdf_ele=-2.1309, pdf_muon=6.36217, photon_id=3.12113, pileup=-0.567642, scale_ele=-6.0633, scale_muon=6.16441
RooProdPdf::model_s[ modelObs_s * nuisancePdf ]
     getLogVal() top-level p.d.f evaluates to zero @ !pdfs=(modelObs_s = 0/1,nuisancePdf = 1)

[#0] WARNING:Minization -- RooMinimizerFcn: Minimized function has error status.
Returning maximum FCN so far (1030.47) to force MIGRAD to back out of this region. Error log follows
Parameter values: JER_ele=-1.17439, JER_muon=-6.75406, JES_ele=6.98851, JES_muon=0.873917, QCD_stat_ele=-6.94775, QCD_stat_muon=4.37045, VBS_stat_ele=6.05063, VBS_stat_muon=-4.92652, ele_efficiency=-5.96594, ele_trigger=4.06408, fakephoton_ele=6.82362, fakephoton_muon=-6.80457, interference=-6.99999, lumi=-0.0145732, mu_efficiency=-3.85698, mu_trigger=-3.93061, non_prompt_stat_ele=4.58421, non_prompt_stat_muon=-0.553905, others_stat_ele=5.36072, others_stat_muon=-4.33953, others_xs=2.95892, param=0.82077, pdf_ele=-1.30932, pdf_muon=6.76094, photon_id=-1.41164, pileup=-0.629821, scale_ele=-6.71751, scale_muon=-2.2507
RooProdPdf::model_s[ modelObs_s * nuisancePdf ]
     getLogVal() top-level p.d.f evaluates to zero @ !pdfs=(modelObs_s = 0/1,nuisancePdf = 1)

[#0] WARNING:Minization -- RooMinimizerFcn: Minimized function has error status.
Returning maximum FCN so far (1030.47) to force MIGRAD to back out of this region. Error log follows
Parameter values: JER_ele=3.91092, JER_muon=3.38464, JES_ele=6.29527, JES_muon=4.33672, QCD_stat_ele=-1.11011, QCD_stat_muon=4.74734, VBS_stat_ele=6.89031, VBS_stat_muon=4.86941, ele_efficiency=1.03051, ele_trigger=4.32149, fakephoton_ele=-6.21502, fakephoton_muon=1.47022, interference=4.3869, lumi=4.82546, mu_efficiency=1.35104, mu_trigger=3.38359, non_prompt_stat_ele=-4.8186, non_prompt_stat_muon=4.47942, others_stat_ele=6.60614, others_stat_muon=2.80833, others_xs=5.19035, param=0.249194, pdf_ele=6.86788, pdf_muon=6.04994, photon_id=6.02631, pileup=1.95174, scale_ele=-1.3917, scale_muon=6.56596
RooProdPdf::model_s[ modelObs_s * nuisancePdf ]
     getLogVal() top-level p.d.f evaluates to zero @ !pdfs=(modelObs_s = 0/1,nuisancePdf = 1)

[#0] WARNING:Minization -- RooMinimizerFcn: Minimized function has error status.
Returning maximum FCN so far (1030.47) to force MIGRAD to back out of this region. Error log follows
Parameter values: JER_ele=5.70222, JER_muon=4.54949, JES_ele=6.90179, JES_muon=5.83832, QCD_stat_ele=-6.39896, QCD_stat_muon=-2.15154, VBS_stat_ele=6.31713, VBS_stat_muon=6.06146, ele_efficiency=1.77969, ele_trigger=6.23768, fakephoton_ele=1.31034, fakephoton_muon=2.26503, interference=5.57587, lumi=6.36161, mu_efficiency=1.85147, mu_trigger=4.75094, non_prompt_stat_ele=5.87277, non_prompt_stat_muon=5.94328, others_stat_ele=6.54184, others_stat_muon=4.13637, others_xs=6.67781, param=0.225892, pdf_ele=5.74112, pdf_muon=6.98401, photon_id=-0.349981, pileup=2.44521, scale_ele=-6.14707, scale_muon=2.06945
RooProdPdf::model_s[ modelObs_s * nuisancePdf ]
     getLogVal() top-level p.d.f evaluates to zero @ !pdfs=(modelObs_s = 0/1,nuisancePdf = 1)

[#0] WARNING:Minization -- RooMinimizerFcn: Minimized function has error status.
Returning maximum FCN so far (1030.47) to force MIGRAD to back out of this region. Error log follows
Parameter values: JER_ele=6.03695, JER_muon=4.87321, JES_ele=6.68452, JES_muon=6.255, QCD_stat_ele=-4.8729, QCD_stat_muon=-4.23928, VBS_stat_ele=5.95333, VBS_stat_muon=6.3189, ele_efficiency=2.0038, ele_trigger=6.55938, fakephoton_ele=3.00459, fakephoton_muon=2.59628, interference=5.73733, lumi=6.61639, mu_efficiency=1.97283, mu_trigger=5.21315, non_prompt_stat_ele=4.39605, non_prompt_stat_muon=6.3007, others_stat_ele=6.0948, others_stat_muon=4.66212, others_xs=6.86933, param=0.250985, pdf_ele=4.9067, pdf_muon=6.97265, photon_id=-2.29073, pileup=2.37682, scale_ele=-4.39329, scale_muon=-0.121014
RooProdPdf::model_s[ modelObs_s * nuisancePdf ]
     getLogVal() top-level p.d.f evaluates to zero @ !pdfs=(modelObs_s = 0/1,nuisancePdf = 1)

[#0] WARNING:Minization -- RooMinimizerFcn: Minimized function has error status.
Returning maximum FCN so far (1060.19) to force MIGRAD to back out of this region. Error log follows
Parameter values: JER_ele=-2.06818, JER_muon=3.2061, JES_ele=-2.9386, JES_muon=-6.49186, QCD_stat_ele=-6.91302, QCD_stat_muon=6.92542, VBS_stat_ele=-2.99406, VBS_stat_muon=-3.07204, ele_efficiency=6.18158, ele_trigger=-6.10506, fakephoton_ele=6.65997, fakephoton_muon=6.97747, interference=3.14474, lumi=-5.6257, mu_efficiency=5.55769, mu_trigger=-1.32554, non_prompt_stat_ele=5.52451, non_prompt_stat_muon=-6.09537, others_stat_ele=2.0688, others_stat_muon=0.259477, others_xs=-6.9595, param=0.128226, pdf_ele=6.84353, pdf_muon=-1.06785, photon_id=-5.18423, pileup=3.98804, scale_ele=-6.74332, scale_muon=-2.75208
RooProdPdf::model_s[ modelObs_s * nuisancePdf ]
     getLogVal() top-level p.d.f evaluates to zero @ !pdfs=(modelObs_s = 0/1,nuisancePdf = 1)

[#0] WARNING:Minization -- RooMinimizerFcn: Minimized function has error status.
Returning maximum FCN so far (1060.19) to force MIGRAD to back out of this region. Error log follows
Parameter values: JER_ele=1.02916, JER_muon=1.57435, JES_ele=2.86901, JES_muon=1.72941, QCD_stat_ele=6.68069, QCD_stat_muon=6.33373, VBS_stat_ele=4.00582, VBS_stat_muon=1.56087, ele_efficiency=0.0053071, ele_trigger=0.821022, fakephoton_ele=6.9841, fakephoton_muon=0.341976, interference=2.68383, lumi=1.90381, mu_efficiency=0.783157, mu_trigger=1.1089, non_prompt_stat_ele=6.44936, non_prompt_stat_muon=2.16978, others_stat_ele=3.09096, others_stat_muon=0.771048, others_xs=2.37303, param=0.773035, pdf_ele=2.79466, pdf_muon=2.80895, photon_id=4.91538, pileup=1.77956, scale_ele=6.63912, scale_muon=4.97948
RooProdPdf::model_s[ modelObs_s * nuisancePdf ]
     getLogVal() top-level p.d.f evaluates to zero @ !pdfs=(modelObs_s = 0/1,nuisancePdf = 1)

[#0] WARNING:Minization -- RooMinimizerFcn: Minimized function has error status.
Returning maximum FCN so far (1060.19) to force MIGRAD to back out of this region. Error log follows
Parameter values: JER_ele=0.946883, JER_muon=4.88203, JES_ele=-6.91899, JES_muon=-5.52841, QCD_stat_ele=5.32497, QCD_stat_muon=-4.91466, VBS_stat_ele=-6.57928, VBS_stat_muon=0.782464, ele_efficiency=6.42131, ele_trigger=6.93976, fakephoton_ele=6.98532, fakephoton_muon=-6.83642, interference=2.50236, lumi=2.38313, mu_efficiency=4.38463, mu_trigger=3.47008, non_prompt_stat_ele=3.33602, non_prompt_stat_muon=-6.27994, others_stat_ele=0.188607, others_stat_muon=5.55657, others_xs=-5.61606, param=1.00939, pdf_ele=6.99158, pdf_muon=-4.03786, photon_id=4.73163, pileup=6.95551, scale_ele=6.82678, scale_muon=6.25882
RooProdPdf::model_s[ modelObs_s * nuisancePdf ]
     getLogVal() top-level p.d.f evaluates to zero @ !pdfs=(modelObs_s = 0/1,nuisancePdf = 1)

[#0] WARNING:Minization -- RooMinimizerFcn: Minimized function has error status.
Returning maximum FCN so far (1060.19) to force MIGRAD to back out of this region. Error log follows
Parameter values: JER_ele=2.45182, JER_muon=3.64551, JES_ele=5.00136, JES_muon=4.92995, QCD_stat_ele=5.05703, QCD_stat_muon=2.39855, VBS_stat_ele=5.92353, VBS_stat_muon=4.26149, ele_efficiency=0.445838, ele_trigger=2.49857, fakephoton_ele=6.54974, fakephoton_muon=1.76558, interference=4.4287, lumi=4.16412, mu_efficiency=1.56061, mu_trigger=3.74636, non_prompt_stat_ele=4.30324, non_prompt_stat_muon=5.21804, others_stat_ele=5.39799, others_stat_muon=3.36777, others_xs=4.81105, param=0.787148, pdf_ele=5.35993, pdf_muon=6.40676, photon_id=6.82588, pileup=2.19461, scale_ele=5.13847, scale_muon=5.37333
RooProdPdf::model_s[ modelObs_s * nuisancePdf ]
     getLogVal() top-level p.d.f evaluates to zero @ !pdfs=(modelObs_s = 0/1,nuisancePdf = 1)

[#0] WARNING:Minization -- RooMinimizerFcn: Minimized function has error status.
Returning maximum FCN so far (1060.19) to force MIGRAD to back out of this region. Error log follows
Parameter values: JER_ele=1.87554, JER_muon=4.15298, JES_ele=2.9291, JES_muon=6.16842, QCD_stat_ele=6.64349, QCD_stat_muon=-1.41599, VBS_stat_ele=2.4604, VBS_stat_muon=5.01727, ele_efficiency=0.665979, ele_trigger=2.45128, fakephoton_ele=-5.83977, fakephoton_muon=2.78921, interference=3.14897, lumi=3.80782, mu_efficiency=1.44737, mu_trigger=5.20525, non_prompt_stat_ele=5.03278, non_prompt_stat_muon=5.80131, others_stat_ele=3.09372, others_stat_muon=5.03343, others_xs=4.27407, param=0.220505, pdf_ele=4.12538, pdf_muon=6.97366, photon_id=6.87561, pileup=0.379971, scale_ele=6.90379, scale_muon=1.72437
RooProdPdf::model_s[ modelObs_s * nuisancePdf ]
     getLogVal() top-level p.d.f evaluates to zero @ !pdfs=(modelObs_s = 0/1,nuisancePdf = 1)

[#0] WARNING:Minization -- RooMinimizerFcn: Minimized function has error status.
Returning maximum FCN so far (1060.19) to force MIGRAD to back out of this region. Error log follows
Parameter values: JER_ele=-5.96242, JER_muon=-5.77284, JES_ele=0.824071, JES_muon=5.62478, QCD_stat_ele=-2.7763, QCD_stat_muon=1.18216, VBS_stat_ele=-5.4524, VBS_stat_muon=-4.05341, ele_efficiency=-5.03178, ele_trigger=-2.1027, fakephoton_ele=5.91986, fakephoton_muon=-6.95049, interference=-6.91497, lumi=-2.66637, mu_efficiency=-4.37018, mu_trigger=0.194005, non_prompt_stat_ele=6.92741, non_prompt_stat_muon=3.93758, others_stat_ele=4.38711, others_stat_muon=-0.0955296, others_xs=0.613526, param=0.581272, pdf_ele=6.96351, pdf_muon=5.34647, photon_id=-6.06988, pileup=0.870217, scale_ele=4.14882, scale_muon=6.82737
RooProdPdf::model_s[ modelObs_s * nuisancePdf ]
     getLogVal() top-level p.d.f evaluates to zero @ !pdfs=(modelObs_s = 0/1,nuisancePdf = 1)

[#0] WARNING:Minization -- RooMinimizerFcn: Minimized function has error status.
Returning maximum FCN so far (1060.19) to force MIGRAD to back out of this region. Error log follows
Parameter values: JER_ele=2.75649, JER_muon=3.23086, JES_ele=5.00497, JES_muon=4.32552, QCD_stat_ele=4.96629, QCD_stat_muon=5.12943, VBS_stat_ele=5.84136, VBS_stat_muon=4.44187, ele_efficiency=0.651883, ele_trigger=3.02556, fakephoton_ele=-4.75903, fakephoton_muon=1.49001, interference=3.9574, lumi=4.0154, mu_efficiency=1.28786, mu_trigger=3.35334, non_prompt_stat_ele=-6.4334, non_prompt_stat_muon=4.39948, others_stat_ele=5.33273, others_stat_muon=2.86751, others_xs=4.40992, param=0.161295, pdf_ele=5.77088, pdf_muon=5.94044, photon_id=6.91666, pileup=1.75058, scale_ele=4.66724, scale_muon=6.62726
RooProdPdf::model_s[ modelObs_s * nuisancePdf ]
     getLogVal() top-level p.d.f evaluates to zero @ !pdfs=(modelObs_s = 0/1,nuisancePdf = 1)

[#0] WARNING:Minization -- RooMinimizerFcn: Minimized function has error status.
Returning maximum FCN so far (1060.19) to force MIGRAD to back out of this region. Error log follows
Parameter values: JER_ele=2.94279, JER_muon=2.85021, JES_ele=5.32249, JES_muon=3.61154, QCD_stat_ele=3.85562, QCD_stat_muon=6.39257, VBS_stat_ele=6.22319, VBS_stat_muon=4.04252, ele_efficiency=0.675836, ele_trigger=3.19012, fakephoton_ele=-2.53617, fakephoton_muon=1.12361, interference=3.87226, lumi=3.93739, mu_efficiency=1.17127, mu_trigger=2.73799, non_prompt_stat_ele=-6.95299, non_prompt_stat_muon=3.79109, others_stat_ele=5.66258, others_stat_muon=2.19858, others_xs=4.3036, param=0.233362, pdf_ele=6.02038, pdf_muon=5.2822, photon_id=6.972, pileup=1.86733, scale_ele=3.66084, scale_muon=6.99988
RooProdPdf::model_s[ modelObs_s * nuisancePdf ]
     getLogVal() top-level p.d.f evaluates to zero @ !pdfs=(modelObs_s = 0/1,nuisancePdf = 1)

[#0] WARNING:Minization -- RooMinimizerFcn: Minimized function has error status.
Returning maximum FCN so far (1060.19) to force MIGRAD to back out of this region. Error log follows
Parameter values: JER_ele=3.58096, JER_muon=3.12124, JES_ele=6.08579, JES_muon=3.91344, QCD_stat_ele=0.287117, QCD_stat_muon=5.64174, VBS_stat_ele=6.7776, VBS_stat_muon=4.41828, ele_efficiency=0.868816, ele_trigger=3.90296, fakephoton_ele=-4.14662, fakephoton_muon=1.22577, interference=4.28906, lumi=4.52122, mu_efficiency=1.29387, mu_trigger=2.97685, non_prompt_stat_ele=-6.85042, non_prompt_stat_muon=4.13162, others_stat_ele=6.41888, others_stat_muon=2.3774, others_xs=4.90742, param=0.233856, pdf_ele=6.67682, pdf_muon=5.65269, photon_id=6.53453, pileup=2.08093, scale_ele=0.00411723, scale_muon=6.9017
RooProdPdf::model_s[ modelObs_s * nuisancePdf ]
     getLogVal() top-level p.d.f evaluates to zero @ !pdfs=(modelObs_s = 0/1,nuisancePdf = 1)

[#0] WARNING:Minization -- RooMinimizerFcn: Minimized function has error status.
Returning maximum FCN so far (1060.19) to force MIGRAD to back out of this region. Error log follows
Parameter values: JER_ele=3.35096, JER_muon=3.13172, JES_ele=5.94159, JES_muon=3.81463, QCD_stat_ele=0.912837, QCD_stat_muon=5.63013, VBS_stat_ele=6.75374, VBS_stat_muon=4.43338, ele_efficiency=0.72869, ele_trigger=3.56502, fakephoton_ele=-4.69099, fakephoton_muon=1.13653, interference=4.45349, lumi=4.40149, mu_efficiency=1.33588, mu_trigger=2.86142, non_prompt_stat_ele=-6.56726, non_prompt_stat_muon=4.1244, others_stat_ele=6.27637, others_stat_muon=2.19487, others_xs=4.79087, param=0.293645, pdf_ele=6.5184, pdf_muon=5.61192, photon_id=6.66695, pileup=2.31608, scale_ele=0.7483, scale_muon=6.92607
RooProdPdf::model_s[ modelObs_s * nuisancePdf ]
     getLogVal() top-level p.d.f evaluates to zero @ !pdfs=(modelObs_s = 0/1,nuisancePdf = 1)

[#0] WARNING:Minization -- RooMinimizerFcn: Minimized function has error status.
Returning maximum FCN so far (1060.19) to force MIGRAD to back out of this region. Error log follows
Parameter values: JER_ele=3.94754, JER_muon=3.26192, JES_ele=6.37046, JES_muon=4.2641, QCD_stat_ele=-1.50963, QCD_stat_muon=4.98343, VBS_stat_ele=6.83494, VBS_stat_muon=4.46853, ele_efficiency=1.05304, ele_trigger=4.38957, fakephoton_ele=-6.16738, fakephoton_muon=1.42534, interference=4.29144, lumi=4.79352, mu_efficiency=1.32551, mu_trigger=3.28233, non_prompt_stat_ele=-4.94609, non_prompt_stat_muon=4.40155, others_stat_ele=6.66536, others_stat_muon=2.75005, others_xs=5.22471, param=0.207262, pdf_ele=6.89502, pdf_muon=5.92487, photon_id=6.02443, pileup=1.963, scale_ele=-1.916, scale_muon=6.63191
RooProdPdf::model_s[ modelObs_s * nuisancePdf ]
     getLogVal() top-level p.d.f evaluates to zero @ !pdfs=(modelObs_s = 0/1,nuisancePdf = 1)

[#0] WARNING:Minization -- RooMinimizerFcn: Minimized function has error status.
Returning maximum FCN so far (1060.19) to force MIGRAD to back out of this region. Error log follows
Parameter values: JER_ele=3.24431, JER_muon=2.88582, JES_ele=5.73888, JES_muon=3.55401, QCD_stat_ele=2.04343, QCD_stat_muon=6.33296, VBS_stat_ele=6.57299, VBS_stat_muon=4.12296, ele_efficiency=0.743512, ele_trigger=3.50537, fakephoton_ele=-3.48101, fakephoton_muon=1.062, interference=4.08469, lumi=4.1726, mu_efficiency=1.20951, mu_trigger=2.67309, non_prompt_stat_ele=-6.98218, non_prompt_stat_muon=3.79689, others_stat_ele=6.08138, others_stat_muon=2.07725, others_xs=4.54315, param=0.217536, pdf_ele=6.38152, pdf_muon=5.27831, photon_id=6.8699, pileup=2.04414, scale_ele=1.85036, scale_muon=6.99999
RooProdPdf::model_s[ modelObs_s * nuisancePdf ]
     getLogVal() top-level p.d.f evaluates to zero @ !pdfs=(modelObs_s = 0/1,nuisancePdf = 1)

[#0] WARNING:Minization -- RooMinimizerFcn: Minimized function has error status.
Returning maximum FCN so far (1060.19) to force MIGRAD to back out of this region. Error log follows
Parameter values: JER_ele=3.53575, JER_muon=3.01179, JES_ele=6.02452, JES_muon=3.80873, QCD_stat_ele=0.624824, QCD_stat_muon=5.97336, VBS_stat_ele=6.69665, VBS_stat_muon=4.23533, ele_efficiency=0.870412, ele_trigger=3.87251, fakephoton_ele=-4.41966, fakephoton_muon=1.19168, interference=4.15954, lumi=4.42344, mu_efficiency=1.24712, mu_trigger=2.88867, non_prompt_stat_ele=-6.73691, non_prompt_stat_muon=4.01148, others_stat_ele=6.35791, others_stat_muon=2.32694, others_xs=4.82453, param=0.209074, pdf_ele=6.63964, pdf_muon=5.51368, photon_id=6.63652, pileup=2.01505, scale_ele=0.318115, scale_muon=6.95686
RooProdPdf::model_s[ modelObs_s * nuisancePdf ]
     getLogVal() top-level p.d.f evaluates to zero @ !pdfs=(modelObs_s = 0/1,nuisancePdf = 1)

[#0] WARNING:Minization -- RooMinimizerFcn: Minimized function has error status.
Returning maximum FCN so far (1060.19) to force MIGRAD to back out of this region. Error log follows
Parameter values: JER_ele=3.04355, JER_muon=2.83265, JES_ele=5.59176, JES_muon=3.37121, QCD_stat_ele=2.71633, QCD_stat_muon=6.5066, VBS_stat_ele=6.55955, VBS_stat_muon=4.0987, ele_efficiency=0.632137, ele_trigger=3.20603, fakephoton_ele=-2.36072, fakephoton_muon=0.949041, interference=4.17194, lumi=4.04598, mu_efficiency=1.21609, mu_trigger=2.50192, non_prompt_stat_ele=-6.91304, non_prompt_stat_muon=3.68953, others_stat_ele=5.93828, others_stat_muon=1.86538, others_xs=4.4045, param=0.122035, pdf_ele=6.1882, pdf_muon=5.13341, photon_id=6.94928, pileup=2.20398, scale_ele=2.58032, scale_muon=6.98328
RooProdPdf::model_s[ modelObs_s * nuisancePdf ]
     getLogVal() top-level p.d.f evaluates to zero @ !pdfs=(modelObs_s = 0/1,nuisancePdf = 1)

[#0] WARNING:Minization -- RooMinimizerFcn: Minimized function has error status.
Returning maximum FCN so far (1060.19) to force MIGRAD to back out of this region. Error log follows
Parameter values: JER_ele=3.15193, JER_muon=2.76181, JES_ele=5.59821, JES_muon=3.47857, QCD_stat_ele=2.7893, QCD_stat_muon=6.54792, VBS_stat_ele=6.3965, VBS_stat_muon=3.86117, ele_efficiency=0.746935, ele_trigger=3.43468, fakephoton_ele=-2.05489, fakephoton_muon=1.05971, interference=3.86194, lumi=4.03104, mu_efficiency=1.14809, mu_trigger=2.61579, non_prompt_stat_ele=-6.82273, non_prompt_stat_muon=3.68195, others_stat_ele=5.94804, others_stat_muon=2.0917, others_xs=4.42632, param=0.204002, pdf_ele=6.26357, pdf_muon=5.1277, photon_id=6.94118, pileup=1.89503, scale_ele=2.5614, scale_muon=6.99129
RooProdPdf::model_s[ modelObs_s * nuisancePdf ]
     getLogVal() top-level p.d.f evaluates to zero @ !pdfs=(modelObs_s = 0/1,nuisancePdf = 1)

[#0] WARNING:Minization -- RooMinimizerFcn: Minimized function has error status.
Returning maximum FCN so far (1060.19) to force MIGRAD to back out of this region. Error log follows
Parameter values: JER_ele=3.13185, JER_muon=2.82919, JES_ele=5.62124, JES_muon=3.48213, QCD_stat_ele=2.64395, QCD_stat_muon=6.45425, VBS_stat_ele=6.49072, VBS_stat_muon=4.02306, ele_efficiency=0.70534, ele_trigger=3.37109, fakephoton_ele=-2.35129, fakephoton_muon=1.03169, interference=4.02167, lumi=4.07486, mu_efficiency=1.19008, mu_trigger=2.6095, non_prompt_stat_ele=-6.90624, non_prompt_stat_muon=3.72867, others_stat_ele=5.96949, others_stat_muon=2.02761, others_xs=4.44862, param=0.206701, pdf_ele=6.26015, pdf_muon=5.18887, photon_id=6.9284, pileup=2.02735, scale_ele=2.44854, scale_muon=6.99569
RooProdPdf::model_s[ modelObs_s * nuisancePdf ]
     getLogVal() top-level p.d.f evaluates to zero @ !pdfs=(modelObs_s = 0/1,nuisancePdf = 1)

[#0] WARNING:Minization -- RooMinimizerFcn: Minimized function has error status.
Returning maximum FCN so far (1060.19) to force MIGRAD to back out of this region. Error log follows
Parameter values: JER_ele=3.1283, JER_muon=2.79138, JES_ele=5.5977, JES_muon=3.47736, QCD_stat_ele=2.76944, QCD_stat_muon=6.50438, VBS_stat_ele=6.43289, VBS_stat_muon=3.92717, ele_efficiency=0.721359, ele_trigger=3.38623, fakephoton_ele=-2.18919, fakephoton_muon=1.04442, interference=3.93955, lumi=4.04194, mu_efficiency=1.16846, mu_trigger=2.60884, non_prompt_stat_ele=-6.86445, non_prompt_stat_muon=3.70383, others_stat_ele=5.9463, others_stat_muon=2.05705, others_xs=4.42929, param=0.238155, pdf_ele=6.24855, pdf_muon=5.15353, photon_id=6.93879, pileup=1.96451, scale_ele=2.55815, scale_muon=6.99338
RooProdPdf::model_s[ modelObs_s * nuisancePdf ]
     getLogVal() top-level p.d.f evaluates to zero @ !pdfs=(modelObs_s = 0/1,nuisancePdf = 1)

[#0] WARNING:Minization -- RooMinimizerFcn: Minimized function has error status.
Returning maximum FCN so far (1060.19) to force MIGRAD to back out of this region. Error log follows
Parameter values: JER_ele=2.832, JER_muon=2.73774, JES_ele=5.39141, JES_muon=3.19412, QCD_stat_ele=3.55252, QCD_stat_muon=6.67322, VBS_stat_ele=6.45684, VBS_stat_muon=3.94091, ele_efficiency=0.540175, ele_trigger=2.92703, fakephoton_ele=-1.04069, fakephoton_muon=0.858117, interference=4.13226, lumi=3.86863, mu_efficiency=1.19615, mu_trigger=2.34053, non_prompt_stat_ele=-6.41807, non_prompt_stat_muon=3.55532, others_stat_ele=5.73999, others_stat_muon=1.69717, others_xs=4.22924, param=0.203329, pdf_ele=5.94601, pdf_muon=4.94759, photon_id=6.99614, pileup=2.25688, scale_ele=3.46228, scale_muon=6.93124
RooProdPdf::model_s[ modelObs_s * nuisancePdf ]
     getLogVal() top-level p.d.f evaluates to zero @ !pdfs=(modelObs_s = 0/1,nuisancePdf = 1)

[#0] WARNING:Minization -- RooMinimizerFcn: Minimized function has error status.
Returning maximum FCN so far (1060.19) to force MIGRAD to back out of this region. Error log follows
Parameter values: JER_ele=2.97205, JER_muon=2.64346, JES_ele=5.38158, JES_muon=3.32297, QCD_stat_ele=3.7101, QCD_stat_muon=6.74259, VBS_stat_ele=6.2206, VBS_stat_muon=3.67976, ele_efficiency=0.69099, ele_trigger=3.22864, fakephoton_ele=-0.848907, fakephoton_muon=0.997793, interference=3.72048, lumi=3.84568, mu_efficiency=1.10192, mu_trigger=2.48771, non_prompt_stat_ele=-6.28805, non_prompt_stat_muon=3.52336, others_stat_ele=5.73169, others_stat_muon=1.98357, others_xs=4.23683, param=0.190235, pdf_ele=6.04978, pdf_muon=4.93517, photon_id=6.99418, pileup=1.84041, scale_ele=3.50361, scale_muon=6.94633
RooProdPdf::model_s[ modelObs_s * nuisancePdf ]
     getLogVal() top-level p.d.f evaluates to zero @ !pdfs=(modelObs_s = 0/1,nuisancePdf = 1)

[#0] WARNING:Minization -- RooMinimizerFcn: Minimized function has error status.
Returning maximum FCN so far (1060.19) to force MIGRAD to back out of this region. Error log follows
Parameter values: JER_ele=2.88454, JER_muon=2.68685, JES_ele=5.35295, JES_muon=3.25024, QCD_stat_ele=3.75999, QCD_stat_muon=6.71607, VBS_stat_ele=6.32653, VBS_stat_muon=3.82532, ele_efficiency=0.611128, ele_trigger=3.06466, fakephoton_ele=-0.732796, fakephoton_muon=0.925684, interference=3.90628, lumi=3.84108, mu_efficiency=1.14419, mu_trigger=2.41228, non_prompt_stat_ele=-6.233, non_prompt_stat_muon=3.52364, others_stat_ele=5.70105, others_stat_muon=1.83269, others_xs=4.20473, param=0.188541, pdf_ele=5.97216, pdf_muon=4.93421, photon_id=6.99732, pileup=2.02265, scale_ele=3.62235, scale_muon=6.93359
RooProdPdf::model_s[ modelObs_s * nuisancePdf ]
     getLogVal() top-level p.d.f evaluates to zero @ !pdfs=(modelObs_s = 0/1,nuisancePdf = 1)

[#0] WARNING:Minization -- RooMinimizerFcn: Minimized function has error status.
Returning maximum FCN so far (1060.19) to force MIGRAD to back out of this region. Error log follows
Parameter values: JER_ele=3.08246, JER_muon=2.7667, JES_ele=5.54742, JES_muon=3.46435, QCD_stat_ele=2.99665, QCD_stat_muon=6.52702, VBS_stat_ele=6.37351, VBS_stat_muon=3.84707, ele_efficiency=0.709102, ele_trigger=3.33785, fakephoton_ele=-1.84964, fakephoton_muon=1.04209, interference=3.89771, lumi=3.99601, mu_efficiency=1.16011, mu_trigger=2.59388, non_prompt_stat_ele=-6.75808, non_prompt_stat_muon=3.68864, others_stat_ele=5.89661, others_stat_muon=2.05428, others_xs=4.39438, param=0.240346, pdf_ele=6.19713, pdf_muon=5.12322, photon_id=6.95465, pileup=1.9477, scale_ele=2.78639, scale_muon=6.99136
RooProdPdf::model_s[ modelObs_s * nuisancePdf ]
     getLogVal() top-level p.d.f evaluates to zero @ !pdfs=(modelObs_s = 0/1,nuisancePdf = 1)

[#0] WARNING:Minization -- RooMinimizerFcn: Minimized function has error status.
Returning maximum FCN so far (1060.19) to force MIGRAD to back out of this region. Error log follows
Parameter values: JER_ele=2.6228, JER_muon=2.62576, JES_ele=5.16178, JES_muon=3.00551, QCD_stat_ele=4.38212, QCD_stat_muon=6.82746, VBS_stat_ele=6.32031, VBS_stat_muon=3.77187, ele_efficiency=0.459387, ele_trigger=2.66243, fakephoton_ele=0.176148, fakephoton_muon=0.770963, interference=4.04865, lumi=3.67414, mu_efficiency=1.16271, mu_trigger=2.17838, non_prompt_stat_ele=-5.63174, non_prompt_stat_muon=3.39385, others_stat_ele=5.50594, others_stat_muon=1.53486, others_xs=4.02877, param=0.203463, pdf_ele=5.67479, pdf_muon=4.73636, photon_id=6.98762, pileup=2.26503, scale_ele=4.33116, scale_muon=6.83117
RooProdPdf::model_s[ modelObs_s * nuisancePdf ]
     getLogVal() top-level p.d.f evaluates to zero @ !pdfs=(modelObs_s = 0/1,nuisancePdf = 1)

[#0] WARNING:Minization -- RooMinimizerFcn: Minimized function has error status.
Returning maximum FCN so far (1060.19) to force MIGRAD to back out of this region. Error log follows
Parameter values: JER_ele=2.82021, JER_muon=2.54188, JES_ele=5.19826, JES_muon=3.18377, QCD_stat_ele=4.39177, QCD_stat_muon=6.86733, VBS_stat_ele=6.06771, VBS_stat_muon=3.51942, ele_efficiency=0.641682, ele_trigger=3.05016, fakephoton_ele=0.29748, fakephoton_muon=0.940778, interference=3.6102, lumi=3.6896, mu_efficiency=1.06497, mu_trigger=2.37133, non_prompt_stat_ele=-5.48988, non_prompt_stat_muon=3.38756, others_stat_ele=5.54581, others_stat_muon=1.88385, others_xs=4.07885, param=0.152734, pdf_ele=5.85419, pdf_muon=4.76147, photon_id=6.9961, pileup=1.80712, scale_ele=4.20891, scale_muon=6.87679
RooProdPdf::model_s[ modelObs_s * nuisancePdf ]
     getLogVal() top-level p.d.f evaluates to zero @ !pdfs=(modelObs_s = 0/1,nuisancePdf = 1)

[#0] WARNING:Minization -- RooMinimizerFcn: Minimized function has error status.
Returning maximum FCN so far (1060.19) to force MIGRAD to back out of this region. Error log follows
Parameter values: JER_ele=3.22807, JER_muon=2.89744, JES_ele=5.7324, JES_muon=3.63284, QCD_stat_ele=2.11431, QCD_stat_muon=6.20751, VBS_stat_ele=6.51212, VBS_stat_muon=4.00693, ele_efficiency=0.745596, ele_trigger=3.50062, fakephoton_ele=-2.9004, fakephoton_muon=1.10338, interference=4.05228, lumi=4.16578, mu_efficiency=1.21773, mu_trigger=2.72559, non_prompt_stat_ele=-6.9894, non_prompt_stat_muon=3.86765, others_stat_ele=6.07758, others_stat_muon=2.1554, others_xs=4.57192, param=0.217217, pdf_ele=6.36598, pdf_muon=5.32496, photon_id=6.86126, pileup=2.02426, scale_ele=1.89861, scale_muon=6.99548
RooProdPdf::model_s[ modelObs_s * nuisancePdf ]
     getLogVal() top-level p.d.f evaluates to zero @ !pdfs=(modelObs_s = 0/1,nuisancePdf = 1)

[#0] WARNING:Minization -- RooMinimizerFcn: Minimized function has error status.
Returning maximum FCN so far (1060.19) to force MIGRAD to back out of this region. Error log follows
Parameter values: JER_ele=2.77658, JER_muon=2.55797, JES_ele=5.19626, JES_muon=3.14076, QCD_stat_ele=4.34586, QCD_stat_muon=6.84896, VBS_stat_ele=6.12359, VBS_stat_muon=3.54774, ele_efficiency=0.598704, ele_trigger=2.96687, fakephoton_ele=-0.17847, fakephoton_muon=0.899825, interference=3.7116, lumi=3.68034, mu_efficiency=1.0886, mu_trigger=2.32233, non_prompt_stat_ele=-5.87426, non_prompt_stat_muon=3.39115, others_stat_ele=5.54147, others_stat_muon=1.79458, others_xs=4.0677, param=0.255841, pdf_ele=5.82198, pdf_muon=4.75194, photon_id=6.99504, pileup=1.91858, scale_ele=4.19831, scale_muon=6.86835
RooProdPdf::model_s[ modelObs_s * nuisancePdf ]
     getLogVal() top-level p.d.f evaluates to zero @ !pdfs=(modelObs_s = 0/1,nuisancePdf = 1)

[#0] WARNING:Minization -- RooMinimizerFcn: Minimized function has error status.
Returning maximum FCN so far (1060.19) to force MIGRAD to back out of this region. Error log follows
Parameter values: JER_ele=2.85383, JER_muon=2.74286, JES_ele=5.46506, JES_muon=3.2107, QCD_stat_ele=3.21216, QCD_stat_muon=6.58378, VBS_stat_ele=6.46806, VBS_stat_muon=3.80455, ele_efficiency=0.533847, ele_trigger=2.94596, fakephoton_ele=-1.45637, fakephoton_muon=0.854232, interference=4.17214, lumi=3.88324, mu_efficiency=1.21636, mu_trigger=2.32873, non_prompt_stat_ele=-6.62, non_prompt_stat_muon=3.60429, others_stat_ele=5.81542, others_stat_muon=1.68426, others_xs=4.28902, param=0.272469, pdf_ele=5.99406, pdf_muon=4.95375, photon_id=6.9905, pileup=2.32799, scale_ele=3.13957, scale_muon=6.94858
RooProdPdf::model_s[ modelObs_s * nuisancePdf ]
     getLogVal() top-level p.d.f evaluates to zero @ !pdfs=(modelObs_s = 0/1,nuisancePdf = 1)

[#0] WARNING:Minization -- RooMinimizerFcn: Minimized function has error status.
Returning maximum FCN so far (1060.19) to force MIGRAD to back out of this region. Error log follows
Parameter values: JER_ele=2.37998, JER_muon=2.25626, JES_ele=4.70327, JES_muon=2.69423, QCD_stat_ele=5.73971, QCD_stat_muon=6.99935, VBS_stat_ele=5.7137, VBS_stat_muon=3.05761, ele_efficiency=0.464778, ele_trigger=2.48824, fakephoton_ele=2.27279, fakephoton_muon=0.715329, interference=3.42376, lumi=3.24145, mu_efficiency=0.985274, mu_trigger=1.94952, non_prompt_stat_ele=-3.56069, non_prompt_stat_muon=2.97718, others_stat_ele=5.03187, others_stat_muon=1.46207, others_xs=3.62851, param=0.258429, pdf_ele=5.24922, pdf_muon=4.19089, photon_id=6.80279, pileup=1.86217, scale_ele=5.66302, scale_muon=6.47575
RooProdPdf::model_s[ modelObs_s * nuisancePdf ]
     getLogVal() top-level p.d.f evaluates to zero @ !pdfs=(modelObs_s = 0/1,nuisancePdf = 1)

[#0] WARNING:Minization -- RooMinimizerFcn: Minimized function has error status.
Returning maximum FCN so far (1060.19) to force MIGRAD to back out of this region. Error log follows
Parameter values: JER_ele=2.88704, JER_muon=2.63313, JES_ele=5.41026, JES_muon=3.17895, QCD_stat_ele=3.50797, QCD_stat_muon=6.73438, VBS_stat_ele=6.31809, VBS_stat_muon=3.59892, ele_efficiency=0.598274, ele_trigger=3.05874, fakephoton_ele=-0.994111, fakephoton_muon=0.883643, interference=3.90953, lumi=3.81231, mu_efficiency=1.14495, mu_trigger=2.32513, non_prompt_stat_ele=-6.38288, non_prompt_stat_muon=3.49353, others_stat_ele=5.76229, others_stat_muon=1.75543, others_xs=4.2262, param=0.281123, pdf_ele=5.99608, pdf_muon=4.83529, photon_id=6.99787, pileup=2.09538, scale_ele=3.37637, scale_muon=6.91316
RooProdPdf::model_s[ modelObs_s * nuisancePdf ]
     getLogVal() top-level p.d.f evaluates to zero @ !pdfs=(modelObs_s = 0/1,nuisancePdf = 1)

[#0] WARNING:Minization -- RooMinimizerFcn: Minimized function has error status.
Returning maximum FCN so far (1060.19) to force MIGRAD to back out of this region. Error log follows
Parameter values: JER_ele=2.36477, JER_muon=2.27749, JES_ele=4.72052, JES_muon=2.66622, QCD_stat_ele=5.68113, QCD_stat_muon=6.99984, VBS_stat_ele=5.79262, VBS_stat_muon=3.12886, ele_efficiency=0.439205, ele_trigger=2.44364, fakephoton_ele=2.1466, fakephoton_muon=0.686376, interference=3.51355, lumi=3.25627, mu_efficiency=1.00408, mu_trigger=1.92039, non_prompt_stat_ele=-3.7193, non_prompt_stat_muon=2.98102, others_stat_ele=5.04774, others_stat_muon=1.40075, others_xs=3.63221, param=0.266292, pdf_ele=5.24389, pdf_muon=4.19625, photon_id=6.80661, pileup=1.94317, scale_ele=5.62096, scale_muon=6.46441
RooProdPdf::model_s[ modelObs_s * nuisancePdf ]
     getLogVal() top-level p.d.f evaluates to zero @ !pdfs=(modelObs_s = 0/1,nuisancePdf = 1)

[#0] WARNING:Minization -- RooMinimizerFcn: Minimized function has error status.
Returning maximum FCN so far (1060.19) to force MIGRAD to back out of this region. Error log follows
Parameter values: JER_ele=2.65325, JER_muon=2.58768, JES_ele=5.24972, JES_muon=2.95618, QCD_stat_ele=4.05925, QCD_stat_muon=6.83333, VBS_stat_ele=6.33602, VBS_stat_muon=3.58943, ele_efficiency=0.457887, ele_trigger=2.6907, fakephoton_ele=-0.0799831, fakephoton_muon=0.739996, interference=4.06503, lumi=3.67417, mu_efficiency=1.16691, mu_trigger=2.11264, non_prompt_stat_ele=-5.81958, non_prompt_stat_muon=3.3811, others_stat_ele=5.5994, others_stat_muon=1.47903, others_xs=4.07506, param=0.242473, pdf_ele=5.73664, pdf_muon=4.66341, photon_id=6.99085, pileup=2.33257, scale_ele=4.00882, scale_muon=6.81348
RooProdPdf::model_s[ modelObs_s * nuisancePdf ]
     getLogVal() top-level p.d.f evaluates to zero @ !pdfs=(modelObs_s = 0/1,nuisancePdf = 1)

[#0] WARNING:Minization -- RooMinimizerFcn: Minimized function has error status.
Returning maximum FCN so far (1060.19) to force MIGRAD to back out of this region. Error log follows
Parameter values: JER_ele=2.41293, JER_muon=2.26471, JES_ele=4.74687, JES_muon=2.72694, QCD_stat_ele=5.63571, QCD_stat_muon=6.99998, VBS_stat_ele=5.7166, VBS_stat_muon=3.02847, ele_efficiency=0.479057, ele_trigger=2.53477, fakephoton_ele=2.09142, fakephoton_muon=0.731301, interference=3.42056, lumi=3.2641, mu_efficiency=0.988677, mu_trigger=1.97289, non_prompt_stat_ele=-3.76944, non_prompt_stat_muon=3.00552, others_stat_ele=5.07685, others_stat_muon=1.49193, others_xs=3.66413, param=0.237626, pdf_ele=5.30073, pdf_muon=4.21773, photon_id=6.82541, pileup=1.85607, scale_ele=5.55416, scale_muon=6.51268
RooProdPdf::model_s[ modelObs_s * nuisancePdf ]
     getLogVal() top-level p.d.f evaluates to zero @ !pdfs=(modelObs_s = 0/1,nuisancePdf = 1)

[#0] WARNING:Minization -- RooMinimizerFcn: Minimized function has error status.
Returning maximum FCN so far (1060.19) to force MIGRAD to back out of this region. Error log follows
Parameter values: JER_ele=2.68555, JER_muon=2.50588, JES_ele=5.17698, JES_muon=2.98123, QCD_stat_ele=4.36901, QCD_stat_muon=6.88995, VBS_stat_ele=6.15363, VBS_stat_muon=3.41242, ele_efficiency=0.526505, ele_trigger=2.81217, fakephoton_ele=0.279064, fakephoton_muon=0.798288, interference=3.79446, lumi=3.61075, mu_efficiency=1.10177, mu_trigger=2.15975, non_prompt_stat_ele=-5.5324, non_prompt_stat_muon=3.31271, others_stat_ele=5.52532, others_stat_muon=1.59962, others_xs=4.01766, param=0.250528, pdf_ele=5.73384, pdf_muon=4.60134, photon_id=6.98216, pileup=2.07646, scale_ele=4.27219, scale_muon=6.79164
RooProdPdf::model_s[ modelObs_s * nuisancePdf ]
     getLogVal() top-level p.d.f evaluates to zero @ !pdfs=(modelObs_s = 0/1,nuisancePdf = 1)

[#0] WARNING:Minization -- RooMinimizerFcn: Minimized function has error status.
Returning maximum FCN so far (1060.19) to force MIGRAD to back out of this region. Error log follows
Parameter values: JER_ele=2.50106, JER_muon=2.3694, JES_ele=4.91248, JES_muon=2.82181, QCD_stat_ele=5.19208, QCD_stat_muon=6.97986, VBS_stat_ele=5.91265, VBS_stat_muon=3.2025, ele_efficiency=0.483068, ele_trigger=2.60923, fakephoton_ele=1.33917, fakephoton_muon=0.748387, interference=3.60503, lumi=3.39945, mu_efficiency=1.04161, mu_trigger=2.03813, non_prompt_stat_ele=-4.58453, non_prompt_stat_muon=3.1341, others_stat_ele=5.24952, others_stat_muon=1.51506, others_xs=3.8007, param=0.248226, pdf_ele=5.45718, pdf_muon=4.37749, photon_id=6.90424, pileup=1.97873, scale_ele=5.11001, scale_muon=6.6382
RooProdPdf::model_s[ modelObs_s * nuisancePdf ]
     getLogVal() top-level p.d.f evaluates to zero @ !pdfs=(modelObs_s = 0/1,nuisancePdf = 1)

[#0] WARNING:Minization -- RooMinimizerFcn: Minimized function has error status.
Returning maximum FCN so far (1060.19) to force MIGRAD to back out of this region. Error log follows
Parameter values: JER_ele=2.51505, JER_muon=2.35089, JES_ele=4.90962, JES_muon=2.8041, QCD_stat_ele=5.23111, QCD_stat_muon=6.99167, VBS_stat_ele=5.90692, VBS_stat_muon=3.21664, ele_efficiency=0.496071, ele_trigger=2.63472, fakephoton_ele=1.71201, fakephoton_muon=0.747165, interference=3.56949, lumi=3.40087, mu_efficiency=1.02819, mu_trigger=2.03143, non_prompt_stat_ele=-4.17867, non_prompt_stat_muon=3.10158, others_stat_ele=5.24821, others_stat_muon=1.51844, others_xs=3.7904, param=0.213225, pdf_ele=5.46546, pdf_muon=4.35005, photon_id=6.89885, pileup=1.93933, scale_ele=5.13231, scale_muon=6.60907
RooProdPdf::model_s[ modelObs_s * nuisancePdf ]
     getLogVal() top-level p.d.f evaluates to zero @ !pdfs=(modelObs_s = 0/1,nuisancePdf = 1)

[#0] WARNING:Minization -- RooMinimizerFcn: Minimized function has error status.
Returning maximum FCN so far (1060.19) to force MIGRAD to back out of this region. Error log follows
Parameter values: JER_ele=2.57696, JER_muon=2.52312, JES_ele=5.10995, JES_muon=2.92855, QCD_stat_ele=4.56019, QCD_stat_muon=6.89414, VBS_stat_ele=6.1844, VBS_stat_muon=3.47732, ele_efficiency=0.458141, ele_trigger=2.6306, fakephoton_ele=0.557677, fakephoton_muon=0.750604, interference=3.9191, lumi=3.57367, mu_efficiency=1.12802, mu_trigger=2.10162, non_prompt_stat_ele=-5.31429, non_prompt_stat_muon=3.31444, others_stat_ele=5.4527, others_stat_muon=1.50492, others_xs=3.97261, param=0.180238, pdf_ele=5.61125, pdf_muon=4.58876, photon_id=6.9694, pileup=2.21703, scale_ele=4.49875, scale_muon=6.77401
RooProdPdf::model_s[ modelObs_s * nuisancePdf ]
     getLogVal() top-level p.d.f evaluates to zero @ !pdfs=(modelObs_s = 0/1,nuisancePdf = 1)

[#0] WARNING:Minization -- RooMinimizerFcn: Minimized function has error status.
Returning maximum FCN so far (1060.19) to force MIGRAD to back out of this region. Error log follows
Parameter values: JER_ele=2.21673, JER_muon=2.14348, JES_ele=4.44601, JES_muon=2.54913, QCD_stat_ele=6.27361, QCD_stat_muon=6.95857, VBS_stat_ele=5.48314, VBS_stat_muon=2.9313, ele_efficiency=0.42562, ele_trigger=2.30789, fakephoton_ele=3.73189, fakephoton_muon=0.667009, interference=3.25777, lumi=3.06553, mu_efficiency=0.933449, mu_trigger=1.84426, non_prompt_stat_ele=-1.58792, non_prompt_stat_muon=2.80721, others_stat_ele=4.75741, others_stat_muon=1.38132, others_xs=3.42567, param=0.124479, pdf_ele=4.96737, pdf_muon=3.99032, photon_id=6.64082, pileup=1.76468, scale_ele=6.21133, scale_muon=6.26959
RooProdPdf::model_s[ modelObs_s * nuisancePdf ]
     getLogVal() top-level p.d.f evaluates to zero @ !pdfs=(modelObs_s = 0/1,nuisancePdf = 1)

[#0] WARNING:Minization -- RooMinimizerFcn: Minimized function has error status.
Returning maximum FCN so far (1060.19) to force MIGRAD to back out of this region. Error log follows
Parameter values: JER_ele=2.65167, JER_muon=2.51868, JES_ele=5.09892, JES_muon=3.04263, QCD_stat_ele=4.65453, QCD_stat_muon=6.88236, VBS_stat_ele=6.07423, VBS_stat_muon=3.4485, ele_efficiency=0.532362, ele_trigger=2.7904, fakephoton_ele=0.930809, fakephoton_muon=0.838965, interference=3.73804, lumi=3.59179, mu_efficiency=1.09363, mu_trigger=2.22185, non_prompt_stat_ele=-4.95587, non_prompt_stat_muon=3.3391, others_stat_ele=5.44205, others_stat_muon=1.67778, others_xs=3.98715, param=0.121158, pdf_ele=5.67097, pdf_muon=4.6531, photon_id=6.97728, pileup=2.00029, scale_ele=4.5498, scale_muon=6.8209
RooProdPdf::model_s[ modelObs_s * nuisancePdf ]
     getLogVal() top-level p.d.f evaluates to zero @ !pdfs=(modelObs_s = 0/1,nuisancePdf = 1)

[#0] WARNING:Minization -- RooMinimizerFcn: Minimized function has error status.
Returning maximum FCN so far (1060.19) to force MIGRAD to back out of this region. Error log follows
Parameter values: JER_ele=2.13671, JER_muon=2.20126, JES_ele=4.40241, JES_muon=2.55387, QCD_stat_ele=6.32382, QCD_stat_muon=6.98135, VBS_stat_ele=5.55641, VBS_stat_muon=3.05084, ele_efficiency=0.367113, ele_trigger=2.16704, fakephoton_ele=3.83244, fakephoton_muon=0.643434, interference=3.40511, lumi=3.06582, mu_efficiency=0.9723, mu_trigger=1.83532, non_prompt_stat_ele=-1.45598, non_prompt_stat_muon=2.86133, others_stat_ele=4.7085, others_stat_muon=1.32442, others_xs=3.41431, param=0.103684, pdf_ele=4.8673, pdf_muon=4.0531, photon_id=6.63214, pileup=1.89432, scale_ele=6.28644, scale_muon=6.31486
RooProdPdf::model_s[ modelObs_s * nuisancePdf ]
     getLogVal() top-level p.d.f evaluates to zero @ !pdfs=(modelObs_s = 0/1,nuisancePdf = 1)

[#0] WARNING:Minization -- RooMinimizerFcn: Minimized function has error status.
Returning maximum FCN so far (1060.19) to force MIGRAD to back out of this region. Error log follows
Parameter values: JER_ele=2.41293, JER_muon=2.4046, JES_ele=4.826, JES_muon=2.8527, QCD_stat_ele=5.43988, QCD_stat_muon=6.97223, VBS_stat_ele=5.89199, VBS_stat_muon=3.28138, ele_efficiency=0.442188, ele_trigger=2.48098, fakephoton_ele=2.37588, fakephoton_muon=0.753725, interference=3.66357, lumi=3.38049, mu_efficiency=1.06112, mu_trigger=2.05796, non_prompt_stat_ele=-3.41692, non_prompt_stat_muon=3.18188, others_stat_ele=5.15973, others_stat_muon=1.52282, others_xs=3.77231, param=0.0836571, pdf_ele=5.33146, pdf_muon=4.43124, photon_id=6.88678, pileup=2.02497, scale_ele=5.37, scale_muon=6.67431
RooProdPdf::model_s[ modelObs_s * nuisancePdf ]
     getLogVal() top-level p.d.f evaluates to zero @ !pdfs=(modelObs_s = 0/1,nuisancePdf = 1)

[#0] WARNING:Minization -- RooMinimizerFcn: Minimized function has error status.
Returning maximum FCN so far (1060.19) to force MIGRAD to back out of this region. Error log follows
Parameter values: JER_ele=2.67786, JER_muon=2.55783, JES_ele=5.11272, JES_muon=3.17059, QCD_stat_ele=4.61945, QCD_stat_muon=6.80682, VBS_stat_ele=6.00995, VBS_stat_muon=3.41117, ele_efficiency=0.557825, ele_trigger=2.84323, fakephoton_ele=0.640141, fakephoton_muon=0.906421, interference=3.70315, lumi=3.61824, mu_efficiency=1.10146, mu_trigger=2.32492, non_prompt_stat_ele=-5.21975, non_prompt_stat_muon=3.43519, others_stat_ele=5.45625, others_stat_muon=1.8082, others_xs=4.03919, param=0.1009, pdf_ele=5.69984, pdf_muon=4.76056, photon_id=6.98832, pileup=1.95104, scale_ele=4.48913, scale_muon=6.89504
RooProdPdf::model_s[ modelObs_s * nuisancePdf ]
     getLogVal() top-level p.d.f evaluates to zero @ !pdfs=(modelObs_s = 0/1,nuisancePdf = 1)

[#0] WARNING:Minization -- RooMinimizerFcn: Minimized function has error status.
Returning maximum FCN so far (1060.19) to force MIGRAD to back out of this region. Error log follows
Parameter values: JER_ele=2.12328, JER_muon=2.19672, JES_ele=4.39242, JES_muon=2.558, QCD_stat_ele=6.33686, QCD_stat_muon=6.98489, VBS_stat_ele=5.52788, VBS_stat_muon=2.99839, ele_efficiency=0.361399, ele_trigger=2.15335, fakephoton_ele=3.93513, fakephoton_muon=0.645245, interference=3.39411, lumi=3.05194, mu_efficiency=0.973921, mu_trigger=1.83272, non_prompt_stat_ele=-1.29674, non_prompt_stat_muon=2.87123, others_stat_ele=4.6994, others_stat_muon=1.32501, others_xs=3.41217, param=0.106887, pdf_ele=4.84795, pdf_muon=4.04828, photon_id=6.62553, pileup=1.89541, scale_ele=6.30371, scale_muon=6.32603
RooProdPdf::model_s[ modelObs_s * nuisancePdf ]
     getLogVal() top-level p.d.f evaluates to zero @ !pdfs=(modelObs_s = 0/1,nuisancePdf = 1)

[#0] WARNING:Minization -- RooMinimizerFcn: Minimized function has error status.
Returning maximum FCN so far (1060.19) to force MIGRAD to back out of this region. Error log follows
Parameter values: JER_ele=2.43423, JER_muon=2.39287, JES_ele=4.80544, JES_muon=2.89259, QCD_stat_ele=5.5048, QCD_stat_muon=6.96871, VBS_stat_ele=5.81007, VBS_stat_muon=3.23, ele_efficiency=0.471298, ele_trigger=2.54082, fakephoton_ele=2.40048, fakephoton_muon=0.787038, interference=3.56494, lumi=3.37025, mu_efficiency=1.04266, mu_trigger=2.10092, non_prompt_stat_ele=-3.38254, non_prompt_stat_muon=3.17915, others_stat_ele=5.13759, others_stat_muon=1.58961, others_xs=3.76446, param=0.106857, pdf_ele=5.34362, pdf_muon=4.44308, photon_id=6.88701, pileup=1.92436, scale_ele=5.42157, scale_muon=6.6919
RooProdPdf::model_s[ modelObs_s * nuisancePdf ]
     getLogVal() top-level p.d.f evaluates to zero @ !pdfs=(modelObs_s = 0/1,nuisancePdf = 1)

[#0] WARNING:Minization -- RooMinimizerFcn: Minimized function has error status.
Returning maximum FCN so far (1060.19) to force MIGRAD to back out of this region. Error log follows
Parameter values: JER_ele=2.36854, JER_muon=2.35691, JES_ele=4.7169, JES_muon=2.84289, QCD_stat_ele=5.70583, QCD_stat_muon=6.98129, VBS_stat_ele=5.73316, VBS_stat_muon=3.16272, ele_efficiency=0.450024, ele_trigger=2.4645, fakephoton_ele=2.54621, fakephoton_muon=0.767816, interference=3.51997, lumi=3.30117, mu_efficiency=1.02962, mu_trigger=2.06007, non_prompt_stat_ele=-3.21821, non_prompt_stat_muon=3.13165, others_stat_ele=5.04344, others_stat_muon=1.55082, others_xs=3.69437, param=0.140855, pdf_ele=5.24385, pdf_muon=4.37875, photon_id=6.84811, pileup=1.90973, scale_ele=5.63636, scale_muon=6.64605
RooProdPdf::model_s[ modelObs_s * nuisancePdf ]
     getLogVal() top-level p.d.f evaluates to zero @ !pdfs=(modelObs_s = 0/1,nuisancePdf = 1)

[#0] WARNING:Minization -- RooMinimizerFcn: Minimized function has error status.
Returning maximum FCN so far (1060.19) to force MIGRAD to back out of this region. Error log follows
Parameter values: JER_ele=1.58746, JER_muon=1.96216, JES_ele=3.77928, JES_muon=2.00449, QCD_stat_ele=6.93966, QCD_stat_muon=6.72967, VBS_stat_ele=5.27035, VBS_stat_muon=2.77318, ele_efficiency=0.122691, ele_trigger=1.40089, fakephoton_ele=5.92263, fakephoton_muon=0.371456, interference=3.39211, lumi=2.60129, mu_efficiency=0.929028, mu_trigger=1.36357, non_prompt_stat_ele=2.36759, non_prompt_stat_muon=2.45501, others_stat_ele=4.03754, others_stat_muon=0.803859, others_xs=2.90726, param=0.0732861, pdf_ele=3.95953, pdf_muon=3.45775, photon_id=5.99212, pileup=2.0979, scale_ele=6.94706, scale_muon=5.56046
RooProdPdf::model_s[ modelObs_s * nuisancePdf ]
     getLogVal() top-level p.d.f evaluates to zero @ !pdfs=(modelObs_s = 0/1,nuisancePdf = 1)

[#0] WARNING:Minization -- RooMinimizerFcn: Minimized function has error status.
Returning maximum FCN so far (1060.19) to force MIGRAD to back out of this region. Error log follows
Parameter values: JER_ele=2.56061, JER_muon=2.4362, JES_ele=4.92497, JES_muon=3.05066, QCD_stat_ele=5.21204, QCD_stat_muon=6.92035, VBS_stat_ele=5.79616, VBS_stat_muon=3.20034, ele_efficiency=0.541682, ele_trigger=2.73209, fakephoton_ele=1.90035, fakephoton_muon=0.876138, interference=3.51016, lumi=3.45937, mu_efficiency=1.04487, mu_trigger=2.23492, non_prompt_stat_ele=-3.94799, non_prompt_stat_muon=3.28903, others_stat_ele=5.26334, others_stat_muon=1.76126, others_xs=3.8829, param=0.088795, pdf_ele=5.5129, pdf_muon=4.5762, photon_id=6.94193, pileup=1.83289, scale_ele=5.08885, scale_muon=6.80371
RooProdPdf::model_s[ modelObs_s * nuisancePdf ]
     getLogVal() top-level p.d.f evaluates to zero @ !pdfs=(modelObs_s = 0/1,nuisancePdf = 1)

[#0] WARNING:Minization -- RooMinimizerFcn: Minimized function has error status.
Returning maximum FCN so far (1060.19) to force MIGRAD to back out of this region. Error log follows
Parameter values: JER_ele=2.14354, JER_muon=2.25249, JES_ele=4.44948, JES_muon=2.63437, QCD_stat_ele=6.23207, QCD_stat_muon=6.99928, VBS_stat_ele=5.57533, VBS_stat_muon=3.03586, ele_efficiency=0.357397, ele_trigger=2.16783, fakephoton_ele=3.65648, fakephoton_muon=0.667686, interference=3.46724, lumi=3.10197, mu_efficiency=1.00278, mu_trigger=1.88325, non_prompt_stat_ele=-1.72678, non_prompt_stat_muon=2.96127, others_stat_ele=4.76013, others_stat_muon=1.36159, others_xs=3.47617, param=0.0913487, pdf_ele=4.89618, pdf_muon=4.14814, photon_id=6.68125, pileup=1.94709, scale_ele=6.20016, scale_muon=6.43901
RooProdPdf::model_s[ modelObs_s * nuisancePdf ]
     getLogVal() top-level p.d.f evaluates to zero @ !pdfs=(modelObs_s = 0/1,nuisancePdf = 1)

[#0] WARNING:Minization -- RooMinimizerFcn: Minimized function has error status.
Returning maximum FCN so far (1060.19) to force MIGRAD to back out of this region. Error log follows
Parameter values: JER_ele=2.17223, JER_muon=2.22483, JES_ele=4.45598, JES_muon=2.64055, QCD_stat_ele=6.24109, QCD_stat_muon=6.99615, VBS_stat_ele=5.52632, VBS_stat_muon=2.98029, ele_efficiency=0.385849, ele_trigger=2.22327, fakephoton_ele=3.90512, fakephoton_muon=0.685508, interference=3.39341, lumi=3.09783, mu_efficiency=0.982429, mu_trigger=1.89606, non_prompt_stat_ele=-1.32376, non_prompt_stat_muon=2.93991, others_stat_ele=4.76813, others_stat_muon=1.40519, others_xs=3.47933, param=0.0938391, pdf_ele=4.92547, pdf_muon=4.12473, photon_id=6.6798, pileup=1.87969, scale_ele=6.19513, scale_muon=6.42319
RooProdPdf::model_s[ modelObs_s * nuisancePdf ]
     getLogVal() top-level p.d.f evaluates to zero @ !pdfs=(modelObs_s = 0/1,nuisancePdf = 1)

[#0] WARNING:Minization -- RooMinimizerFcn: Minimized function has error status.
Returning maximum FCN so far (1060.19) to force MIGRAD to back out of this region. Error log follows
Parameter values: JER_ele=2.18319, JER_muon=2.24228, JES_ele=4.47458, JES_muon=2.66753, QCD_stat_ele=6.19688, QCD_stat_muon=6.99958, VBS_stat_ele=5.53654, VBS_stat_muon=2.98149, ele_efficiency=0.386904, ele_trigger=2.23863, fakephoton_ele=3.65143, fakephoton_muon=0.695336, interference=3.4072, lumi=3.11121, mu_efficiency=0.990784, mu_trigger=1.9151, non_prompt_stat_ele=-1.71907, non_prompt_stat_muon=2.9704, others_stat_ele=4.78728, others_stat_muon=1.41674, others_xs=3.49782, param=0.14129, pdf_ele=4.94835, pdf_muon=4.1583, photon_id=6.69888, pileup=1.88659, scale_ele=6.15547, scale_muon=6.4604
RooProdPdf::model_s[ modelObs_s * nuisancePdf ]
     getLogVal() top-level p.d.f evaluates to zero @ !pdfs=(modelObs_s = 0/1,nuisancePdf = 1)

[#0] WARNING:Minization -- RooMinimizerFcn: Minimized function has error status.
Returning maximum FCN so far (1060.19) to force MIGRAD to back out of this region. Error log follows
Parameter values: JER_ele=1.26407, JER_muon=1.76094, JES_ele=3.31531, JES_muon=1.67825, QCD_stat_ele=6.96977, QCD_stat_muon=6.36564, VBS_stat_ele=4.90329, VBS_stat_muon=2.46908, ele_efficiency=0.0142734, ele_trigger=0.997656, fakephoton_ele=6.71382, fakephoton_muon=0.240725, interference=3.20785, lumi=2.26278, mu_efficiency=0.862515, mu_trigger=1.10031, non_prompt_stat_ele=4.51976, non_prompt_stat_muon=2.15752, others_stat_ele=3.5308, others_stat_muon=0.560256, others_xs=2.54806, param=0.0767791, pdf_ele=3.3414, pdf_muon=3.02786, photon_id=5.40254, pileup=2.0697, scale_ele=6.959, scale_muon=4.94381
RooProdPdf::model_s[ modelObs_s * nuisancePdf ]
     getLogVal() top-level p.d.f evaluates to zero @ !pdfs=(modelObs_s = 0/1,nuisancePdf = 1)

[#0] WARNING:Minization -- RooMinimizerFcn: Minimized function has error status.
Returning maximum FCN so far (1060.19) to force MIGRAD to back out of this region. Error log follows
Parameter values: JER_ele=2.04947, JER_muon=2.07655, JES_ele=4.21924, JES_muon=2.49716, QCD_stat_ele=6.60283, QCD_stat_muon=6.93987, VBS_stat_ele=5.22139, VBS_stat_muon=2.71597, ele_efficiency=0.376671, ele_trigger=2.11818, fakephoton_ele=4.74938, fakephoton_muon=0.653239, interference=3.1397, lumi=2.90579, mu_efficiency=0.911579, mu_trigger=1.79313, non_prompt_stat_ele=0.0815102, non_prompt_stat_muon=2.75447, others_stat_ele=4.51594, others_stat_muon=1.3555, others_xs=3.28673, param=0.0780762, pdf_ele=4.68655, pdf_muon=3.88477, photon_id=6.49129, pileup=1.7215, scale_ele=6.56373, scale_muon=6.19736
RooProdPdf::model_s[ modelObs_s * nuisancePdf ]
     getLogVal() top-level p.d.f evaluates to zero @ !pdfs=(modelObs_s = 0/1,nuisancePdf = 1)

[#0] WARNING:Minization -- RooMinimizerFcn: Minimized function has error status.
Returning maximum FCN so far (1060.19) to force MIGRAD to back out of this region. Error log follows
Parameter values: JER_ele=1.99634, JER_muon=2.16246, JES_ele=4.26336, JES_muon=2.4844, QCD_stat_ele=6.51839, QCD_stat_muon=6.97541, VBS_stat_ele=5.43683, VBS_stat_muon=2.89978, ele_efficiency=0.303433, ele_trigger=1.98086, fakephoton_ele=4.54343, fakephoton_muon=0.602902, interference=3.39791, lumi=2.95586, mu_efficiency=0.975511, mu_trigger=1.7576, non_prompt_stat_ele=-0.309394, non_prompt_stat_muon=2.83145, others_stat_ele=4.56187, others_stat_muon=1.2418, others_xs=3.3243, param=0.0774578, pdf_ele=4.65196, pdf_muon=3.96363, photon_id=6.52703, pileup=1.9487, scale_ele=6.50321, scale_muon=6.25487
RooProdPdf::model_s[ modelObs_s * nuisancePdf ]
     getLogVal() top-level p.d.f evaluates to zero @ !pdfs=(modelObs_s = 0/1,nuisancePdf = 1)

[#0] WARNING:Minization -- RooMinimizerFcn: Minimized function has error status.
Returning maximum FCN so far (1060.19) to force MIGRAD to back out of this region. Error log follows
Parameter values: JER_ele=1.98995, JER_muon=2.12106, JES_ele=4.20923, JES_muon=2.485, QCD_stat_ele=6.60134, QCD_stat_muon=6.95945, VBS_stat_ele=5.3166, VBS_stat_muon=2.80863, ele_efficiency=0.325062, ele_trigger=2.00076, fakephoton_ele=4.7459, fakephoton_muon=0.622286, interference=3.28607, lumi=2.91394, mu_efficiency=0.947277, mu_trigger=1.76762, non_prompt_stat_ele=0.0565741, non_prompt_stat_muon=2.79513, others_stat_ele=4.50408, others_stat_muon=1.28858, others_xs=3.28968, param=0.0799342, pdf_ele=4.61858, pdf_muon=3.9223, photon_id=6.4898, pileup=1.85761, scale_ele=6.57594, scale_muon=6.22475
RooProdPdf::model_s[ modelObs_s * nuisancePdf ]
     getLogVal() top-level p.d.f evaluates to zero @ !pdfs=(modelObs_s = 0/1,nuisancePdf = 1)

[#0] WARNING:Minization -- RooMinimizerFcn: Minimized function has error status.
Returning maximum FCN so far (1060.19) to force MIGRAD to back out of this region. Error log follows
Parameter values: JER_ele=1.71828, JER_muon=2.00857, JES_ele=3.89008, JES_muon=2.20532, QCD_stat_ele=6.88526, QCD_stat_muon=6.84204, VBS_stat_ele=5.19147, VBS_stat_muon=2.72313, ele_efficiency=0.202429, ele_trigger=1.62108, fakephoton_ele=5.68718, fakephoton_muon=0.48261, interference=3.28694, lumi=2.68785, mu_efficiency=0.925835, mu_trigger=1.5328, non_prompt_stat_ele=1.86481, non_prompt_stat_muon=2.58384, others_stat_ele=4.15866, others_stat_muon=1.01871, others_xs=3.02679, param=0.0590397, pdf_ele=4.16441, pdf_muon=3.63105, photon_id=6.16594, pileup=1.9547, scale_ele=6.88598, scale_muon=5.84838
RooProdPdf::model_s[ modelObs_s * nuisancePdf ]
     getLogVal() top-level p.d.f evaluates to zero @ !pdfs=(modelObs_s = 0/1,nuisancePdf = 1)

[#0] WARNING:Minization -- RooMinimizerFcn: Minimized function has error status.
Returning maximum FCN so far (1060.19) to force MIGRAD to back out of this region. Error log follows
Parameter values: JER_ele=2.1816, JER_muon=2.29891, JES_ele=4.54073, JES_muon=2.73769, QCD_stat_ele=6.07099, QCD_stat_muon=6.99502, VBS_stat_ele=5.59778, VBS_stat_muon=2.99122, ele_efficiency=0.36675, ele_trigger=2.20596, fakephoton_ele=3.60242, fakephoton_muon=0.708508, interference=3.5269, lumi=3.15966, mu_efficiency=1.02997, mu_trigger=1.94846, non_prompt_stat_ele=-1.78595, non_prompt_stat_muon=3.07711, others_stat_ele=4.85999, others_stat_muon=1.44239, others_xs=3.57768, param=0.0586401, pdf_ele=4.97266, pdf_muon=4.25112, photon_id=6.74714, pileup=1.99942, scale_ele=6.02763, scale_muon=6.56822
RooProdPdf::model_s[ modelObs_s * nuisancePdf ]
     getLogVal() top-level p.d.f evaluates to zero @ !pdfs=(modelObs_s = 0/1,nuisancePdf = 1)

[#0] WARNING:Minization -- RooMinimizerFcn: Minimized function has error status.
Returning maximum FCN so far (1060.19) to force MIGRAD to back out of this region. Error log follows
Parameter values: JER_ele=1.68855, JER_muon=1.9345, JES_ele=3.77806, JES_muon=2.17865, QCD_stat_ele=6.94843, QCD_stat_muon=6.78263, VBS_stat_ele=4.9773, VBS_stat_muon=2.5521, ele_efficiency=0.223249, ele_trigger=1.63001, fakephoton_ele=5.86926, fakephoton_muon=0.497155, interference=3.10244, lumi=2.59859, mu_efficiency=0.88212, mu_trigger=1.52304, non_prompt_stat_ele=2.27003, non_prompt_stat_muon=2.50849, others_stat_ele=4.03732, others_stat_muon=1.05407, others_xs=2.94558, param=0.0634535, pdf_ele=4.07726, pdf_muon=3.53496, photon_id=6.06033, pileup=1.81622, scale_ele=6.94579, scale_muon=5.7583
RooProdPdf::model_s[ modelObs_s * nuisancePdf ]
     getLogVal() top-level p.d.f evaluates to zero @ !pdfs=(modelObs_s = 0/1,nuisancePdf = 1)

[#0] WARNING:Minization -- RooMinimizerFcn: Minimized function has error status.
Returning maximum FCN so far (1060.19) to force MIGRAD to back out of this region. Error log follows
Parameter values: JER_ele=2.01929, JER_muon=2.16085, JES_ele=4.27742, JES_muon=2.53833, QCD_stat_ele=6.51021, QCD_stat_muon=6.98214, VBS_stat_ele=5.37493, VBS_stat_muon=2.83029, ele_efficiency=0.325663, ele_trigger=2.02797, fakephoton_ele=4.63441, fakephoton_muon=0.637247, interference=3.3466, lumi=2.96212, mu_efficiency=0.969592, mu_trigger=1.80061, non_prompt_stat_ele=-0.134757, non_prompt_stat_muon=2.8638, others_stat_ele=4.579, others_stat_muon=1.31248, others_xs=3.35196, param=0.0626215, pdf_ele=4.68072, pdf_muon=3.9929, photon_id=6.54804, pileup=1.90127, scale_ele=6.48444, scale_muon=6.312
RooProdPdf::model_s[ modelObs_s * nuisancePdf ]
     getLogVal() top-level p.d.f evaluates to zero @ !pdfs=(modelObs_s = 0/1,nuisancePdf = 1)

[#0] WARNING:Minization -- RooMinimizerFcn: Minimized function has error status.
Returning maximum FCN so far (1060.19) to force MIGRAD to back out of this region. Error log follows
Parameter values: JER_ele=1.74167, JER_muon=1.98725, JES_ele=3.87405, JES_muon=2.25331, QCD_stat_ele=6.89885, QCD_stat_muon=6.84702, VBS_stat_ele=5.0665, VBS_stat_muon=2.6168, ele_efficiency=0.234748, ele_trigger=1.68683, fakephoton_ele=5.6636, fakephoton_muon=0.522358, interference=3.1737, lumi=2.67078, mu_efficiency=0.905572, mu_trigger=1.57726, non_prompt_stat_ele=1.81994, non_prompt_stat_muon=2.59047, others_stat_ele=4.14157, others_stat_muon=1.09944, others_xs=3.02786, param=0.0653205, pdf_ele=4.18416, pdf_muon=3.63719, photon_id=6.16931, pileup=1.85482, scale_ele=6.89447, scale_muon=5.89268
RooProdPdf::model_s[ modelObs_s * nuisancePdf ]
     getLogVal() top-level p.d.f evaluates to zero @ !pdfs=(modelObs_s = 0/1,nuisancePdf = 1)

[#0] WARNING:Minization -- RooMinimizerFcn: Minimized function has error status.
Returning maximum FCN so far (1060.19) to force MIGRAD to back out of this region. Error log follows
Parameter values: JER_ele=1.94658, JER_muon=2.11472, JES_ele=4.16836, JES_muon=2.46843, QCD_stat_ele=6.64707, QCD_stat_muon=6.95988, VBS_stat_ele=5.28539, VBS_stat_muon=2.77176, ele_efficiency=0.30395, ele_trigger=1.94182, fakephoton_ele=4.95775, fakephoton_muon=0.610562, interference=3.29221, lumi=2.88446, mu_efficiency=0.951082, mu_trigger=1.74703, non_prompt_stat_ele=0.43968, non_prompt_stat_muon=2.79257, others_stat_ele=4.4611, others_stat_muon=1.26357, others_xs=3.2655, param=0.0704171, pdf_ele=4.55145, pdf_muon=3.90323, photon_id=6.45788, pileup=1.87928, scale_ele=6.62788, scale_muon=6.21384
RooProdPdf::model_s[ modelObs_s * nuisancePdf ]
     getLogVal() top-level p.d.f evaluates to zero @ !pdfs=(modelObs_s = 0/1,nuisancePdf = 1)

[#0] WARNING:Minization -- RooMinimizerFcn: Minimized function has error status.
Returning maximum FCN so far (1060.19) to force MIGRAD to back out of this region. Error log follows
Parameter values: JER_ele=1.15444, JER_muon=1.71204, JES_ele=3.14977, JES_muon=1.63314, QCD_stat_ele=6.89822, QCD_stat_muon=6.29856, VBS_stat_ele=4.71679, VBS_stat_muon=2.33133, ele_efficiency=-0.0166841, ele_trigger=0.871231, fakephoton_ele=6.87361, fakephoton_muon=0.227702, interference=3.12932, lumi=2.15288, mu_efficiency=0.846077, mu_trigger=1.05931, non_prompt_stat_ele=5.15415, non_prompt_stat_muon=2.1114, others_stat_ele=3.34887, others_stat_muon=0.536442, others_xs=2.44765, param=0.0319317, pdf_ele=3.12227, pdf_muon=2.94132, photon_id=5.2146, pileup=2.04197, scale_ele=6.87703, scale_muon=4.85013
RooProdPdf::model_s[ modelObs_s * nuisancePdf ]
     getLogVal() top-level p.d.f evaluates to zero @ !pdfs=(modelObs_s = 0/1,nuisancePdf = 1)

[#0] WARNING:Minization -- RooMinimizerFcn: Minimized function has error status.
Returning maximum FCN so far (1060.19) to force MIGRAD to back out of this region. Error log follows
Parameter values: JER_ele=1.91432, JER_muon=2.04288, JES_ele=4.0675, JES_muon=2.43659, QCD_stat_ele=6.76164, QCD_stat_muon=6.92434, VBS_stat_ele=5.0973, VBS_stat_muon=2.61254, ele_efficiency=0.320844, ele_trigger=1.93943, fakephoton_ele=5.29126, fakephoton_muon=0.620566, interference=3.12915, lumi=2.80133, mu_efficiency=0.910472, mu_trigger=1.73109, non_prompt_stat_ele=1.08798, non_prompt_stat_muon=2.72036, others_stat_ele=4.3535, others_stat_muon=1.29181, others_xs=3.19187, param=0.0501563, pdf_ele=4.4674, pdf_muon=3.80863, photon_id=6.37223, pileup=1.76034, scale_ele=6.73887, scale_muon=6.13282
RooProdPdf::model_s[ modelObs_s * nuisancePdf ]
     getLogVal() top-level p.d.f evaluates to zero @ !pdfs=(modelObs_s = 0/1,nuisancePdf = 1)

[#0] WARNING:Minization -- RooMinimizerFcn: Minimized function has error status.
Returning maximum FCN so far (1060.19) to force MIGRAD to back out of this region. Error log follows
Parameter values: JER_ele=1.61184, JER_muon=1.92952, JES_ele=3.71956, JES_muon=2.1323, QCD_stat_ele=6.96774, QCD_stat_muon=6.77647, VBS_stat_ele=4.97175, VBS_stat_muon=2.52564, ele_efficiency=0.178629, ele_trigger=1.51157, fakephoton_ele=6.05414, fakephoton_muon=0.463517, interference=3.15574, lumi=2.55634, mu_efficiency=0.895036, mu_trigger=1.47136, non_prompt_stat_ele=2.69439, non_prompt_stat_muon=2.50112, others_stat_ele=3.97467, others_stat_muon=0.984973, others_xs=2.90789, param=0.0511265, pdf_ele=3.95884, pdf_muon=3.49703, photon_id=5.99274, pileup=1.89171, scale_ele=6.96873, scale_muon=5.7175
RooProdPdf::model_s[ modelObs_s * nuisancePdf ]
     getLogVal() top-level p.d.f evaluates to zero @ !pdfs=(modelObs_s = 0/1,nuisancePdf = 1)

[#0] WARNING:Minization -- RooMinimizerFcn: Minimized function has error status.
Returning maximum FCN so far (1060.19) to force MIGRAD to back out of this region. Error log follows
Parameter values: JER_ele=1.81697, JER_muon=2.0305, JES_ele=3.98392, JES_muon=2.35223, QCD_stat_ele=6.82626, QCD_stat_muon=6.90316, VBS_stat_ele=5.11073, VBS_stat_muon=2.62382, ele_efficiency=0.264609, ele_trigger=1.78647, fakephoton_ele=5.50803, fakephoton_muon=0.566651, interference=3.19782, lumi=2.74521, mu_efficiency=0.921039, mu_trigger=1.652, non_prompt_stat_ele=1.50907, non_prompt_stat_muon=2.68022, others_stat_ele=4.26268, others_stat_muon=1.18528, others_xs=3.12566, param=0.0517532, pdf_ele=4.31944, pdf_muon=3.7421, photon_id=6.28572, pileup=1.85259, scale_ele=6.81536, scale_muon=6.04366
RooProdPdf::model_s[ modelObs_s * nuisancePdf ]
     getLogVal() top-level p.d.f evaluates to zero @ !pdfs=(modelObs_s = 0/1,nuisancePdf = 1)

[#0] WARNING:Minization -- RooMinimizerFcn: Minimized function has error status.
Returning maximum FCN so far (1060.19) to force MIGRAD to back out of this region. Error log follows
Parameter values: JER_ele=1.65506, JER_muon=1.94349, JES_ele=3.76203, JES_muon=2.18389, QCD_stat_ele=6.95399, QCD_stat_muon=6.80201, VBS_stat_ele=4.96898, VBS_stat_muon=2.52911, ele_efficiency=0.202836, ele_trigger=1.57744, fakephoton_ele=5.98094, fakephoton_muon=0.492141, interference=3.13666, lumi=2.58806, mu_efficiency=0.894165, mu_trigger=1.51647, non_prompt_stat_ele=2.5289, non_prompt_stat_muon=2.53326, others_stat_ele=4.02077, others_stat_muon=1.04213, others_xs=2.94635, param=0.053227, pdf_ele=4.0294, pdf_muon=3.54503, photon_id=6.0494, pileup=1.8585, scale_ele=6.9529, scale_muon=5.78786
RooProdPdf::model_s[ modelObs_s * nuisancePdf ]
     getLogVal() top-level p.d.f evaluates to zero @ !pdfs=(modelObs_s = 0/1,nuisancePdf = 1)

[#0] WARNING:Minization -- RooMinimizerFcn: Minimized function has error status.
Returning maximum FCN so far (1060.19) to force MIGRAD to back out of this region. Error log follows
Parameter values: JER_ele=1.58719, JER_muon=2.03129, JES_ele=3.83516, JES_muon=2.15059, QCD_stat_ele=6.9076, QCD_stat_muon=6.8749, VBS_stat_ele=5.23728, VBS_stat_muon=2.69108, ele_efficiency=0.113305, ele_trigger=1.39543, fakephoton_ele=5.86801, fakephoton_muon=0.42293, interference=3.4531, lumi=2.64154, mu_efficiency=0.969233, mu_trigger=1.45257, non_prompt_stat_ele=2.24444, non_prompt_stat_muon=2.61728, others_stat_ele=4.10108, others_stat_muon=0.897881, others_xs=3.00384, param=0.0346047, pdf_ele=3.98387, pdf_muon=3.61223, photon_id=6.10122, pileup=2.15667, scale_ele=6.91784, scale_muon=5.84913
RooProdPdf::model_s[ modelObs_s * nuisancePdf ]
     getLogVal() top-level p.d.f evaluates to zero @ !pdfs=(modelObs_s = 0/1,nuisancePdf = 1)

[#0] WARNING:Minization -- RooMinimizerFcn: Minimized function has error status.
Returning maximum FCN so far (1060.19) to force MIGRAD to back out of this region. Error log follows
Parameter values: JER_ele=1.55901, JER_muon=1.82648, JES_ele=3.56398, JES_muon=2.08843, QCD_stat_ele=6.99951, QCD_stat_muon=6.6592, VBS_stat_ele=4.68079, VBS_stat_muon=2.2958, ele_efficiency=0.200502, ele_trigger=1.49687, fakephoton_ele=6.38572, fakephoton_muon=0.478924, interference=2.92802, lumi=2.43398, mu_efficiency=0.838103, mu_trigger=1.44902, non_prompt_stat_ele=3.55945, non_prompt_stat_muon=2.40123, others_stat_ele=3.80651, others_stat_muon=1.02927, others_xs=2.80128, param=0.0386149, pdf_ele=3.81886, pdf_muon=3.35839, photon_id=5.82695, pileup=1.7308, scale_ele=6.99906, scale_muon=5.57788
RooProdPdf::model_s[ modelObs_s * nuisancePdf ]
     getLogVal() top-level p.d.f evaluates to zero @ !pdfs=(modelObs_s = 0/1,nuisancePdf = 1)

[#0] WARNING:Minization -- RooMinimizerFcn: Minimized function has error status.
Returning maximum FCN so far (1060.19) to force MIGRAD to back out of this region. Error log follows
Parameter values: JER_ele=1.6529, JER_muon=1.95861, JES_ele=3.78269, JES_muon=2.19598, QCD_stat_ele=6.94432, QCD_stat_muon=6.82723, VBS_stat_ele=4.99401, VBS_stat_muon=2.52638, ele_efficiency=0.194094, ele_trigger=1.56635, fakephoton_ele=5.99683, fakephoton_muon=0.490723, interference=3.17146, lumi=2.59985, mu_efficiency=0.906139, mu_trigger=1.51844, non_prompt_stat_ele=2.56767, non_prompt_stat_muon=2.56005, others_stat_ele=4.04495, others_stat_muon=1.03697, others_xs=2.96661, param=0.0379277, pdf_ele=4.03541, pdf_muon=3.56593, photon_id=6.06956, pileup=1.89206, scale_ele=6.94438, scale_muon=5.8245
RooProdPdf::model_s[ modelObs_s * nuisancePdf ]
     getLogVal() top-level p.d.f evaluates to zero @ !pdfs=(modelObs_s = 0/1,nuisancePdf = 1)

[#0] WARNING:Minization -- RooMinimizerFcn: Minimized function has error status.
Returning maximum FCN so far (1060.19) to force MIGRAD to back out of this region. Error log follows
Parameter values: JER_ele=1.53965, JER_muon=1.86173, JES_ele=3.58985, JES_muon=2.07799, QCD_stat_ele=6.99711, QCD_stat_muon=6.69817, VBS_stat_ele=4.79072, VBS_stat_muon=2.37671, ele_efficiency=0.17047, ele_trigger=1.44137, fakephoton_ele=6.34271, fakephoton_muon=0.454869, interference=3.04069, lumi=2.45784, mu_efficiency=0.864577, mu_trigger=1.43026, non_prompt_stat_ele=3.43291, non_prompt_stat_muon=2.42915, others_stat_ele=3.83412, others_stat_muon=0.976776, others_xs=2.81893, param=0.0395519, pdf_ele=3.80901, pdf_muon=3.38883, photon_id=5.85087, pileup=1.82812, scale_ele=6.99702, scale_muon=5.60087
RooProdPdf::model_s[ modelObs_s * nuisancePdf ]
     getLogVal() top-level p.d.f evaluates to zero @ !pdfs=(modelObs_s = 0/1,nuisancePdf = 1)

[#0] WARNING:Minization -- RooMinimizerFcn: Minimized function has error status.
Returning maximum FCN so far (1060.19) to force MIGRAD to back out of this region. Error log follows
Parameter values: JER_ele=1.63575, JER_muon=1.9329, JES_ele=3.73987, JES_muon=2.18059, QCD_stat_ele=6.96288, QCD_stat_muon=6.79993, VBS_stat_ele=4.92652, VBS_stat_muon=2.4777, ele_efficiency=0.197388, ele_trigger=1.5558, fakephoton_ele=6.0868, fakephoton_muon=0.491813, interference=3.11974, lumi=2.56793, mu_efficiency=0.892111, mu_trigger=1.50969, non_prompt_stat_ele=2.78577, non_prompt_stat_muon=2.53168, others_stat_ele=3.99808, others_stat_muon=1.04289, others_xs=2.93607, param=0.0398132, pdf_ele=3.99456, pdf_muon=3.52942, photon_id=6.0262, pileup=1.85603, scale_ele=6.96185, scale_muon=5.78481
RooProdPdf::model_s[ modelObs_s * nuisancePdf ]
     getLogVal() top-level p.d.f evaluates to zero @ !pdfs=(modelObs_s = 0/1,nuisancePdf = 1)

[#0] WARNING:Minization -- RooMinimizerFcn: Minimized function has error status.
Returning maximum FCN so far (1060.19) to force MIGRAD to back out of this region. Error log follows
Parameter values: JER_ele=1.54633, JER_muon=1.87412, JES_ele=3.60634, JES_muon=2.08763, QCD_stat_ele=6.99509, QCD_stat_muon=6.7155, VBS_stat_ele=4.81689, VBS_stat_muon=2.39961, ele_efficiency=0.169145, ele_trigger=1.44594, fakephoton_ele=6.31924, fakephoton_muon=0.455624, interference=3.06174, lumi=2.47188, mu_efficiency=0.87078, mu_trigger=1.4367, non_prompt_stat_ele=3.36933, non_prompt_stat_muon=2.44285, others_stat_ele=3.85187, others_stat_muon=0.976395, others_xs=2.83151, param=0.0409845, pdf_ele=3.82517, pdf_muon=3.40817, photon_id=5.87141, pileup=1.84123, scale_ele=6.99513, scale_muon=5.62357
RooProdPdf::model_s[ modelObs_s * nuisancePdf ]
     getLogVal() top-level p.d.f evaluates to zero @ !pdfs=(modelObs_s = 0/1,nuisancePdf = 1)

[#0] WARNING:Minization -- RooMinimizerFcn: Minimized function has error status.
Returning maximum FCN so far (1060.19) to force MIGRAD to back out of this region. Error log follows
Parameter values: JER_ele=1.42017, JER_muon=1.92062, JES_ele=3.59112, JES_muon=1.98644, QCD_stat_ele=6.99375, QCD_stat_muon=6.7484, VBS_stat_ele=5.02343, VBS_stat_muon=2.50837, ele_efficiency=0.0610076, ele_trigger=1.19343, fakephoton_ele=6.3667, fakephoton_muon=0.359985, interference=3.33693, lumi=2.46002, mu_efficiency=0.930625, mu_trigger=1.3198, non_prompt_stat_ele=3.46962, non_prompt_stat_muon=2.4628, others_stat_ele=3.83592, others_stat_muon=0.78137, others_xs=2.81605, param=0.0250324, pdf_ele=3.66555, pdf_muon=3.38868, photon_id=5.81791, pileup=2.12539, scale_ele=6.9969, scale_muon=5.56916
RooProdPdf::model_s[ modelObs_s * nuisancePdf ]
     getLogVal() top-level p.d.f evaluates to zero @ !pdfs=(modelObs_s = 0/1,nuisancePdf = 1)

[#0] WARNING:Minization -- RooMinimizerFcn: Minimized function has error status.
Returning maximum FCN so far (1060.19) to force MIGRAD to back out of this region. Error log follows
Parameter values: JER_ele=1.44654, JER_muon=1.76165, JES_ele=3.40855, JES_muon=1.98237, QCD_stat_ele=6.98624, QCD_stat_muon=6.55162, VBS_stat_ele=4.54698, VBS_stat_muon=2.18584, ele_efficiency=0.160682, ele_trigger=1.3548, fakephoton_ele=6.63616, fakephoton_muon=0.434337, interference=2.87233, lumi=2.32019, mu_efficiency=0.818716, mu_trigger=1.36065, non_prompt_stat_ele=4.29732, non_prompt_stat_muon=2.30804, others_stat_ele=3.63692, others_stat_muon=0.94631, others_xs=2.68402, param=0.0280676, pdf_ele=3.6076, pdf_muon=3.21845, photon_id=5.63191, pileup=1.73054, scale_ele=6.98707, scale_muon=5.39258
RooProdPdf::model_s[ modelObs_s * nuisancePdf ]
     getLogVal() top-level p.d.f evaluates to zero @ !pdfs=(modelObs_s = 0/1,nuisancePdf = 1)

[#0] WARNING:Minization -- RooMinimizerFcn: Minimized function has error status.
Returning maximum FCN so far (1060.19) to force MIGRAD to back out of this region. Error log follows
Parameter values: JER_ele=1.49694, JER_muon=1.85974, JES_ele=3.5586, JES_muon=2.04449, QCD_stat_ele=6.99906, QCD_stat_muon=6.69901, VBS_stat_ele=4.79647, VBS_stat_muon=2.3646, ele_efficiency=0.143112, ele_trigger=1.37479, fakephoton_ele=6.43011, fakephoton_muon=0.430714, interference=3.07295, lumi=2.43432, mu_efficiency=0.872935, mu_trigger=1.39503, non_prompt_stat_ele=3.66862, non_prompt_stat_muon=2.41993, others_stat_ele=3.80109, others_stat_muon=0.925949, others_xs=2.79491, param=0.0276381, pdf_ele=3.74219, pdf_muon=3.36255, photon_id=5.80789, pileup=1.8726, scale_ele=6.9994, scale_muon=5.5676
RooProdPdf::model_s[ modelObs_s * nuisancePdf ]
     getLogVal() top-level p.d.f evaluates to zero @ !pdfs=(modelObs_s = 0/1,nuisancePdf = 1)

[#0] WARNING:Minization -- RooMinimizerFcn: Minimized function has error status.
Returning maximum FCN so far (1060.19) to force MIGRAD to back out of this region. Error log follows
Parameter values: JER_ele=1.41979, JER_muon=1.78825, JES_ele=3.41972, JES_muon=1.96324, QCD_stat_ele=6.99011, QCD_stat_muon=6.58268, VBS_stat_ele=4.63936, VBS_stat_muon=2.25122, ele_efficiency=0.130001, ele_trigger=1.29264, fakephoton_ele=6.62092, fakephoton_muon=0.408435, interference=2.97074, lumi=2.33257, mu_efficiency=0.841181, mu_trigger=1.33561, non_prompt_stat_ele=4.23941, non_prompt_stat_muon=2.32546, others_stat_ele=3.64865, others_stat_muon=0.890611, others_xs=2.69017, param=0.0287985, pdf_ele=3.58127, pdf_muon=3.23419, photon_id=5.6385, pileup=1.8191, scale_ele=6.98927, scale_muon=5.39777
RooProdPdf::model_s[ modelObs_s * nuisancePdf ]
     getLogVal() top-level p.d.f evaluates to zero @ !pdfs=(modelObs_s = 0/1,nuisancePdf = 1)

[#0] WARNING:Minization -- RooMinimizerFcn: Minimized function has error status.
Returning maximum FCN so far (1060.19) to force MIGRAD to back out of this region. Error log follows
Parameter values: JER_ele=1.48753, JER_muon=1.84044, JES_ele=3.52832, JES_muon=2.03685, QCD_stat_ele=7, QCD_stat_muon=6.67331, VBS_stat_ele=4.74116, VBS_stat_muon=2.32607, ele_efficiency=0.148092, ele_trigger=1.37268, fakephoton_ele=6.47932, fakephoton_muon=0.434183, interference=3.03008, lumi=2.41192, mu_efficiency=0.861663, mu_trigger=1.39215, non_prompt_stat_ele=3.81209, non_prompt_stat_muon=2.40007, others_stat_ele=3.76776, others_stat_muon=0.936085, others_xs=2.77428, param=0.0290696, pdf_ele=3.7159, pdf_muon=3.33734, photon_id=5.7755, pileup=1.84117, scale_ele=6.99999, scale_muon=5.53991
RooProdPdf::model_s[ modelObs_s * nuisancePdf ]
     getLogVal() top-level p.d.f evaluates to zero @ !pdfs=(modelObs_s = 0/1,nuisancePdf = 1)

[#0] WARNING:Minization -- RooMinimizerFcn: Minimized function has error status.
Returning maximum FCN so far (1060.19) to force MIGRAD to back out of this region. Error log follows
Parameter values: JER_ele=1.42077, JER_muon=1.79592, JES_ele=3.427, JES_muon=1.96661, QCD_stat_ele=6.99158, QCD_stat_muon=6.59492, VBS_stat_ele=4.65666, VBS_stat_muon=2.26679, ele_efficiency=0.127247, ele_trigger=1.29067, fakephoton_ele=6.61379, fakephoton_muon=0.407096, interference=2.98602, lumi=2.33961, mu_efficiency=0.845496, mu_trigger=1.3372, non_prompt_stat_ele=4.21565, non_prompt_stat_muon=2.33274, others_stat_ele=3.65639, others_stat_muon=0.886467, others_xs=2.69551, param=0.0299204, pdf_ele=3.58624, pdf_muon=3.24459, photon_id=5.64851, pileup=1.82979, scale_ele=6.99058, scale_muon=5.40939
RooProdPdf::model_s[ modelObs_s * nuisancePdf ]
     getLogVal() top-level p.d.f evaluates to zero @ !pdfs=(modelObs_s = 0/1,nuisancePdf = 1)

[#0] WARNING:Minization -- RooMinimizerFcn: Minimized function has error status.
Returning maximum FCN so far (1060.19) to force MIGRAD to back out of this region. Error log follows
Parameter values: JER_ele=1.37507, JER_muon=1.83803, JES_ele=3.45445, JES_muon=1.93782, QCD_stat_ele=6.997, QCD_stat_muon=6.64469, VBS_stat_ele=4.80313, VBS_stat_muon=2.34964, ele_efficiency=0.0755225, ele_trigger=1.18079, fakephoton_ele=6.58763, fakephoton_muon=0.365112, interference=3.1548, lumi=2.35945, mu_efficiency=0.884251, mu_trigger=1.29405, non_prompt_stat_ele=4.1205, non_prompt_stat_muon=2.36906, others_stat_ele=3.68678, others_stat_muon=0.799058, others_xs=2.71565, param=0.0220006, pdf_ele=3.54332, pdf_muon=3.26892, photon_id=5.6642, pileup=1.99035, scale_ele=6.99487, scale_muon=5.42829
RooProdPdf::model_s[ modelObs_s * nuisancePdf ]
     getLogVal() top-level p.d.f evaluates to zero @ !pdfs=(modelObs_s = 0/1,nuisancePdf = 1)

[#0] WARNING:Minization -- RooMinimizerFcn: Minimized function has error status.
Returning maximum FCN so far (1060.19) to force MIGRAD to back out of this region. Error log follows
Parameter values: JER_ele=1.29317, JER_muon=1.72058, JES_ele=3.26366, JES_muon=1.8384, QCD_stat_ele=6.94487, QCD_stat_muon=6.45401, VBS_stat_ele=4.52383, VBS_stat_muon=2.13238, ele_efficiency=0.079058, ele_trigger=1.12123, fakephoton_ele=6.80411, fakephoton_muon=0.35166, interference=2.94247, lumi=2.21219, mu_efficiency=0.826283, mu_trigger=1.22699, non_prompt_stat_ele=4.87962, non_prompt_stat_muon=2.22958, others_stat_ele=3.47848, others_stat_muon=0.783921, others_xs=2.57086, param=0.0183215, pdf_ele=3.34823, pdf_muon=3.07708, photon_id=5.41903, pileup=1.85336, scale_ele=6.93962, scale_muon=5.18363
RooProdPdf::model_s[ modelObs_s * nuisancePdf ]
     getLogVal() top-level p.d.f evaluates to zero @ !pdfs=(modelObs_s = 0/1,nuisancePdf = 1)

[#0] WARNING:Minization -- RooMinimizerFcn: Minimized function has error status.
Returning maximum FCN so far (1060.19) to force MIGRAD to back out of this region. Error log follows
Parameter values: JER_ele=1.35041, JER_muon=1.74325, JES_ele=3.32047, JES_muon=1.89029, QCD_stat_ele=6.96511, QCD_stat_muon=6.50798, VBS_stat_ele=4.5496, VBS_stat_muon=2.17128, ele_efficiency=0.105678, ele_trigger=1.20735, fakephoton_ele=6.7565, fakephoton_muon=0.378162, interference=2.92645, lumi=2.25755, mu_efficiency=0.827226, mu_trigger=1.27528, non_prompt_stat_ele=4.7017, non_prompt_stat_muon=2.25988, others_stat_ele=3.54063, others_stat_muon=0.833227, others_xs=2.61235, param=0.0188101, pdf_ele=3.44712, pdf_muon=3.13623, photon_id=5.50399, pileup=1.81251, scale_ele=6.96193, scale_muon=5.26473
RooProdPdf::model_s[ modelObs_s * nuisancePdf ]
     getLogVal() top-level p.d.f evaluates to zero @ !pdfs=(modelObs_s = 0/1,nuisancePdf = 1)

[#0] WARNING:Minization -- RooMinimizerFcn: Minimized function has error status.
Returning maximum FCN so far (1060.19) to force MIGRAD to back out of this region. Error log follows
Parameter values: JER_ele=1.30559, JER_muon=1.72215, JES_ele=3.26324, JES_muon=1.84958, QCD_stat_ele=6.94415, QCD_stat_muon=6.46178, VBS_stat_ele=4.51185, VBS_stat_muon=2.1412, ele_efficiency=0.0878828, ele_trigger=1.14682, fakephoton_ele=6.80786, fakephoton_muon=0.359801, interference=2.91907, lumi=2.21702, mu_efficiency=0.822458, mu_trigger=1.2406, non_prompt_stat_ele=4.89617, non_prompt_stat_muon=2.22867, others_stat_ele=3.47766, others_stat_muon=0.798194, others_xs=2.57003, param=0.0193, pdf_ele=3.36408, pdf_muon=3.08674, photon_id=5.42733, pileup=1.82371, scale_ele=6.93909, scale_muon=5.19298
RooProdPdf::model_s[ modelObs_s * nuisancePdf ]
     getLogVal() top-level p.d.f evaluates to zero @ !pdfs=(modelObs_s = 0/1,nuisancePdf = 1)

[#0] WARNING:Minization -- RooMinimizerFcn: Minimized function has error status.
Returning maximum FCN so far (1060.19) to force MIGRAD to back out of this region. Error log follows
Parameter values: JER_ele=1.33351, JER_muon=1.73932, JES_ele=3.30196, JES_muon=1.88091, QCD_stat_ele=6.95884, QCD_stat_muon=6.49894, VBS_stat_ele=4.53859, VBS_stat_muon=2.16334, ele_efficiency=0.0983075, ele_trigger=1.18322, fakephoton_ele=6.77498, fakephoton_muon=0.373012, interference=2.93005, lumi=2.24555, mu_efficiency=0.827505, mu_trigger=1.26611, non_prompt_stat_ele=4.76995, non_prompt_stat_muon=2.2551, others_stat_ele=3.52017, others_stat_muon=0.82345, others_xs=2.60092, param=0.019698, pdf_ele=3.4173, pdf_muon=3.12578, photon_id=5.48197, pileup=1.8214, scale_ele=6.95514, scale_muon=5.25112
RooProdPdf::model_s[ modelObs_s * nuisancePdf ]
     getLogVal() top-level p.d.f evaluates to zero @ !pdfs=(modelObs_s = 0/1,nuisancePdf = 1)

[#0] WARNING:Minization -- RooMinimizerFcn: Minimized function has error status.
Returning maximum FCN so far (1060.19) to force MIGRAD to back out of this region. Error log follows
Parameter values: JER_ele=1.3045, JER_muon=1.72257, JES_ele=3.25958, JES_muon=1.85155, QCD_stat_ele=6.94243, QCD_stat_muon=6.46347, VBS_stat_ele=4.50679, VBS_stat_muon=2.14217, ele_efficiency=0.0881496, ele_trigger=1.14645, fakephoton_ele=6.81298, fakephoton_muon=0.360892, interference=2.91621, lumi=2.21618, mu_efficiency=0.822072, mu_trigger=1.2427, non_prompt_stat_ele=4.91711, non_prompt_stat_muon=2.22873, others_stat_ele=3.47341, others_stat_muon=0.800426, others_xs=2.56833, param=0.0202075, pdf_ele=3.36094, pdf_muon=3.08858, photon_id=5.42572, pileup=1.82039, scale_ele=6.93739, scale_muon=5.19526
RooProdPdf::model_s[ modelObs_s * nuisancePdf ]
     getLogVal() top-level p.d.f evaluates to zero @ !pdfs=(modelObs_s = 0/1,nuisancePdf = 1)

[#0] WARNING:Minization -- RooMinimizerFcn: Minimized function has error status.
Returning maximum FCN so far (1060.19) to force MIGRAD to back out of this region. Error log follows
Parameter values: JER_ele=1.32253, JER_muon=1.73475, JES_ele=3.28648, JES_muon=1.87297, QCD_stat_ele=6.95309, QCD_stat_muon=6.48955, VBS_stat_ele=4.52644, VBS_stat_muon=2.15693, ele_efficiency=0.0943985, ele_trigger=1.16926, fakephoton_ele=6.79055, fakephoton_muon=0.369559, interference=2.92637, lumi=2.23573, mu_efficiency=0.82618, mu_trigger=1.25958, non_prompt_stat_ele=4.82936, non_prompt_stat_muon=2.2481, others_stat_ele=3.50295, others_stat_muon=0.816847, others_xs=2.59011, param=0.0206083, pdf_ele=3.3963, pdf_muon=3.11572, photon_id=5.46346, pileup=1.82161, scale_ele=6.94898, scale_muon=5.2364
RooProdPdf::model_s[ modelObs_s * nuisancePdf ]
     getLogVal() top-level p.d.f evaluates to zero @ !pdfs=(modelObs_s = 0/1,nuisancePdf = 1)

[#0] WARNING:Minization -- RooMinimizerFcn: Minimized function has error status.
Returning maximum FCN so far (1060.19) to force MIGRAD to back out of this region. Error log follows
Parameter values: JER_ele=1.10601, JER_muon=1.71215, JES_ele=3.12333, JES_muon=1.66986, QCD_stat_ele=6.88592, QCD_stat_muon=6.39158, VBS_stat_ele=4.61056, VBS_stat_muon=2.16887, ele_efficiency=-0.0381533, ele_trigger=0.810208, fakephoton_ele=6.91785, fakephoton_muon=0.238324, interference=3.12503, lumi=2.11745, mu_efficiency=0.859044, mu_trigger=1.06493, non_prompt_stat_ele=5.37761, non_prompt_stat_muon=2.16683, others_stat_ele=3.32392, others_stat_muon=0.556344, others_xs=2.45946, param=0.0100774, pdf_ele=3.04451, pdf_muon=2.95436, photon_id=5.19642, pileup=2.07475, scale_ele=6.86139, scale_muon=4.96429
RooProdPdf::model_s[ modelObs_s * nuisancePdf ]
     getLogVal() top-level p.d.f evaluates to zero @ !pdfs=(modelObs_s = 0/1,nuisancePdf = 1)

[#0] WARNING:Minization -- RooMinimizerFcn: Minimized function has error status.
Returning maximum FCN so far (1060.19) to force MIGRAD to back out of this region. Error log follows
Parameter values: JER_ele=1.21288, JER_muon=1.62179, JES_ele=3.0761, JES_muon=1.75353, QCD_stat_ele=6.83361, QCD_stat_muon=6.26987, VBS_stat_ele=4.25826, VBS_stat_muon=1.95397, ele_efficiency=0.0792541, ele_trigger=1.06061, fakephoton_ele=6.94764, fakephoton_muon=0.339873, interference=2.74911, lumi=2.0786, mu_efficiency=0.775846, mu_trigger=1.17211, non_prompt_stat_ele=5.5795, non_prompt_stat_muon=2.10484, others_stat_ele=3.27259, others_stat_muon=0.769978, others_xs=2.43282, param=0.0116651, pdf_ele=3.15491, pdf_muon=2.91319, photon_id=5.17788, pileup=1.72471, scale_ele=6.82785, scale_muon=4.9598
RooProdPdf::model_s[ modelObs_s * nuisancePdf ]
     getLogVal() top-level p.d.f evaluates to zero @ !pdfs=(modelObs_s = 0/1,nuisancePdf = 1)

[#0] WARNING:Minization -- RooMinimizerFcn: Minimized function has error status.
Returning maximum FCN so far (1060.19) to force MIGRAD to back out of this region. Error log follows
Parameter values: JER_ele=1.19576, JER_muon=1.66581, JES_ele=3.11501, JES_muon=1.74279, QCD_stat_ele=6.86837, QCD_stat_muon=6.34623, VBS_stat_ele=4.4027, VBS_stat_muon=2.05195, ele_efficiency=0.0449403, ele_trigger=1.0037, fakephoton_ele=6.92631, fakephoton_muon=0.311991, interference=2.88196, lumi=2.1111, mu_efficiency=0.808036, mu_trigger=1.15103, non_prompt_stat_ele=5.44166, non_prompt_stat_muon=2.14098, others_stat_ele=3.31528, others_stat_muon=0.705955, others_xs=2.45712, param=0.0115367, pdf_ele=3.15375, pdf_muon=2.95333, photon_id=5.22026, pileup=1.83628, scale_ele=6.85519, scale_muon=4.99674
RooProdPdf::model_s[ modelObs_s * nuisancePdf ]
     getLogVal() top-level p.d.f evaluates to zero @ !pdfs=(modelObs_s = 0/1,nuisancePdf = 1)

[#0] WARNING:Minization -- RooMinimizerFcn: Minimized function has error status.
Returning maximum FCN so far (1060.19) to force MIGRAD to back out of this region. Error log follows
Parameter values: JER_ele=1.17811, JER_muon=1.63723, JES_ele=3.06867, JES_muon=1.72493, QCD_stat_ele=6.83404, QCD_stat_muon=6.28682, VBS_stat_ele=4.32617, VBS_stat_muon=1.99863, ele_efficiency=0.0489466, ele_trigger=0.992484, fakephoton_ele=6.95029, fakephoton_muon=0.312909, interference=2.82721, lumi=2.07675, mu_efficiency=0.792759, mu_trigger=1.14071, non_prompt_stat_ele=5.59041, non_prompt_stat_muon=2.10934, others_stat_ele=3.26406, others_stat_muon=0.712922, others_xs=2.425, param=0.012047, pdf_ele=3.10819, pdf_muon=2.91074, photon_id=5.15941, pileup=1.79966, scale_ele=6.82227, scale_muon=4.94073
RooProdPdf::model_s[ modelObs_s * nuisancePdf ]
     getLogVal() top-level p.d.f evaluates to zero @ !pdfs=(modelObs_s = 0/1,nuisancePdf = 1)

[#0] WARNING:Minization -- RooMinimizerFcn: Minimized function has error status.
Returning maximum FCN so far (1060.19) to force MIGRAD to back out of this region. Error log follows
Parameter values: JER_ele=1.196, JER_muon=1.6555, JES_ele=3.10175, JES_muon=1.74532, QCD_stat_ele=6.8577, QCD_stat_muon=6.3286, VBS_stat_ele=4.36552, VBS_stat_muon=2.02796, ele_efficiency=0.0515523, ele_trigger=1.01162, fakephoton_ele=6.93468, fakephoton_muon=0.318236, interference=2.8522, lumi=2.10146, mu_efficiency=0.800778, mu_trigger=1.15562, non_prompt_stat_ele=5.4925, non_prompt_stat_muon=2.13289, others_stat_ele=3.30051, others_stat_muon=0.720767, others_xs=2.4497, param=0.0122735, pdf_ele=3.14719, pdf_muon=2.94398, photon_id=5.20659, pileup=1.81214, scale_ele=6.84611, scale_muon=4.98879
RooProdPdf::model_s[ modelObs_s * nuisancePdf ]
     getLogVal() top-level p.d.f evaluates to zero @ !pdfs=(modelObs_s = 0/1,nuisancePdf = 1)

[#0] WARNING:Minization -- RooMinimizerFcn: Minimized function has error status.
Returning maximum FCN so far (1060.19) to force MIGRAD to back out of this region. Error log follows
Parameter values: JER_ele=1.17176, JER_muon=1.63853, JES_ele=3.06335, JES_muon=1.72012, QCD_stat_ele=6.83108, QCD_stat_muon=6.28828, VBS_stat_ele=4.33068, VBS_stat_muon=2.00419, ele_efficiency=0.0445621, ele_trigger=0.982257, fakephoton_ele=6.95297, fakephoton_muon=0.309036, interference=2.83431, lumi=2.07446, mu_efficiency=0.794439, mu_trigger=1.13612, non_prompt_stat_ele=5.6074, non_prompt_stat_muon=2.10801, others_stat_ele=3.258, others_stat_muon=0.70435, others_xs=2.4207, param=0.0126554, pdf_ele=3.09778, pdf_muon=2.90896, photon_id=5.15258, pileup=1.80666, scale_ele=6.81818, scale_muon=4.93534
RooProdPdf::model_s[ modelObs_s * nuisancePdf ]
     getLogVal() top-level p.d.f evaluates to zero @ !pdfs=(modelObs_s = 0/1,nuisancePdf = 1)

[#0] WARNING:Minization -- RooMinimizerFcn: Minimized function has error status.
Returning maximum FCN so far (1060.19) to force MIGRAD to back out of this region. Error log follows
Parameter values: JER_ele=1.18786, JER_muon=1.65018, JES_ele=3.08841, JES_muon=1.73902, QCD_stat_ele=6.84844, QCD_stat_muon=6.31666, VBS_stat_ele=4.35116, VBS_stat_muon=2.01918, ele_efficiency=0.0496121, ele_trigger=1.0022, fakephoton_ele=6.94202, fakephoton_muon=0.316253, interference=2.84526, lumi=2.09258, mu_efficiency=0.798619, mu_trigger=1.15081, non_prompt_stat_ele=5.53717, non_prompt_stat_muon=2.12584, others_stat_ele=3.28562, others_stat_muon=0.717607, others_xs=2.44049, param=0.0129335, pdf_ele=3.13039, pdf_muon=2.93409, photon_id=5.18944, pileup=1.80918, scale_ele=6.83665, scale_muon=4.97458
RooProdPdf::model_s[ modelObs_s * nuisancePdf ]
     getLogVal() top-level p.d.f evaluates to zero @ !pdfs=(modelObs_s = 0/1,nuisancePdf = 1)

[#0] WARNING:Minization -- RooMinimizerFcn: Minimized function has error status.
Returning maximum FCN so far (1060.19) to force MIGRAD to back out of this region. Error log follows
Parameter values: JER_ele=0.980194, JER_muon=1.63972, JES_ele=2.94327, JES_muon=1.54758, QCD_stat_ele=6.75855, QCD_stat_muon=6.23417, VBS_stat_ele=4.46365, VBS_stat_muon=2.05015, ele_efficiency=-0.0823457, ele_trigger=0.650586, fakephoton_ele=6.99187, fakephoton_muon=0.187709, interference=3.06392, lumi=1.98881, mu_efficiency=0.83716, mu_trigger=0.96453, non_prompt_stat_ele=5.93658, non_prompt_stat_muon=2.05958, others_stat_ele=3.12593, others_stat_muon=0.461209, others_xs=2.32474, param=0.00495452, pdf_ele=2.79366, pdf_muon=2.79221, photon_id=4.93483, pileup=2.07381, scale_ele=6.71714, scale_muon=4.7196
RooProdPdf::model_s[ modelObs_s * nuisancePdf ]
     getLogVal() top-level p.d.f evaluates to zero @ !pdfs=(modelObs_s = 0/1,nuisancePdf = 1)


 -- Hybrid New -- 
CLs = 0.00280899 +/- 0.00281072
Done in 13.43 min (cpu), 13.49 min (real)
