 <<< Combine >>> 
>>> including systematics
>>> using the Profile Likelihood test statistics modified for upper limits (Q_LHC)
>>> method used is HybridNew
>>> Used OpenSSL to get a really random seed -1658950082
Computing results starting from observation (a-posteriori)
[#0] WARNING:Minization -- RooMinimizerFcn: Minimized function has error status.
Returning maximum FCN so far (590.792) to force MIGRAD to back out of this region. Error log follows
Parameter values: JER_ele=6.53087, JER_muon=6.28429, JES_ele=3.98918, JES_muon=-6.55912, QCD_stat_ele=-6.09163, QCD_stat_muon=1.51781, VBS_stat_ele=4.54043, VBS_stat_muon=-6.06909, ele_efficiency=2.44973, ele_trigger=6.76283, fakephoton_ele=0.1581, fakephoton_muon=-0.417297, interference=-6.65378, lumi=5.22739, mu_efficiency=-6.71873, mu_trigger=-2.87214, non_prompt_stat_ele=6.95109, non_prompt_stat_muon=6.96335, others_stat_ele=0.682783, others_stat_muon=6.9913, others_xs=-3.36124, param=0.481779, pdf_ele=4.4027, pdf_muon=6.00053, photon_id=0.500102, pileup=4.42957, scale_ele=6.66071, scale_muon=-4.62898
RooProdPdf::model_s[ modelObs_s * nuisancePdf ]
     getLogVal() top-level p.d.f evaluates to zero @ !pdfs=(modelObs_s = 0/1,nuisancePdf = 1)

[#0] WARNING:Minization -- RooMinimizerFcn: Minimized function has error status.
Returning maximum FCN so far (798.018) to force MIGRAD to back out of this region. Error log follows
Parameter values: JER_ele=0.749345, JER_muon=6.86669, JES_ele=2.05006, JES_muon=4.69946, QCD_stat_ele=6.24067, QCD_stat_muon=6.99529, VBS_stat_ele=2.61203, VBS_stat_muon=6.99995, ele_efficiency=0.343346, ele_trigger=1.36011, fakephoton_ele=6.11848, fakephoton_muon=6.68403, interference=5.45139, lumi=5.32202, mu_efficiency=3.29025, mu_trigger=6.70334, non_prompt_stat_ele=7, non_prompt_stat_muon=1.66797, others_stat_ele=2.7215, others_stat_muon=5.77999, others_xs=6.84628, param=0.176313, pdf_ele=2.85793, pdf_muon=0.636328, photon_id=0.258896, pileup=0.623774, scale_ele=6.31105, scale_muon=4.01472
RooProdPdf::model_s[ modelObs_s * nuisancePdf ]
     getLogVal() top-level p.d.f evaluates to zero @ !pdfs=(modelObs_s = 0/1,nuisancePdf = 1)

[#0] WARNING:Minization -- RooMinimizerFcn: Minimized function has error status.
Returning maximum FCN so far (798.018) to force MIGRAD to back out of this region. Error log follows
Parameter values: JER_ele=-1.49572, JER_muon=6.3915, JES_ele=0.562086, JES_muon=4.91131, QCD_stat_ele=5.64104, QCD_stat_muon=5.09777, VBS_stat_ele=1.11076, VBS_stat_muon=6.89749, ele_efficiency=-0.16956, ele_trigger=-0.573712, fakephoton_ele=2.3978, fakephoton_muon=6.50592, interference=5.99894, lumi=3.14612, mu_efficiency=3.99747, mu_trigger=6.8565, non_prompt_stat_ele=5.96955, non_prompt_stat_muon=4.18316, others_stat_ele=1.71465, others_stat_muon=6.79407, others_xs=6.69164, param=0.165546, pdf_ele=1.05945, pdf_muon=3.97798, photon_id=2.71302, pileup=-0.0608707, scale_ele=3.82244, scale_muon=1.05329
RooProdPdf::model_s[ modelObs_s * nuisancePdf ]
     getLogVal() top-level p.d.f evaluates to zero @ !pdfs=(modelObs_s = 0/1,nuisancePdf = 1)

[#0] WARNING:Minization -- RooMinimizerFcn: Minimized function has error status.
Returning maximum FCN so far (934.58) to force MIGRAD to back out of this region. Error log follows
Parameter values: JER_ele=2.13162, JER_muon=6.9669, JES_ele=0.849165, JES_muon=6.29153, QCD_stat_ele=0.776027, QCD_stat_muon=6.8869, VBS_stat_ele=1.60348, VBS_stat_muon=6.01496, ele_efficiency=0.426748, ele_trigger=1.54308, fakephoton_ele=4.12795, fakephoton_muon=6.56949, interference=3.14158, lumi=6.27766, mu_efficiency=1.531, mu_trigger=6.9756, non_prompt_stat_ele=3.57008, non_prompt_stat_muon=0.198033, others_stat_ele=0.557046, others_stat_muon=5.06189, others_xs=6.07494, param=0.153749, pdf_ele=1.05781, pdf_muon=-0.726058, photon_id=3.6871, pileup=1.41319, scale_ele=3.04753, scale_muon=0.172774
RooProdPdf::model_s[ modelObs_s * nuisancePdf ]
     getLogVal() top-level p.d.f evaluates to zero @ !pdfs=(modelObs_s = 0/1,nuisancePdf = 1)

[#0] WARNING:Minization -- RooMinimizerFcn: Minimized function has error status.
Returning maximum FCN so far (934.58) to force MIGRAD to back out of this region. Error log follows
Parameter values: JER_ele=0.648639, JER_muon=6.90632, JES_ele=0.625357, JES_muon=5.16868, QCD_stat_ele=3.38664, QCD_stat_muon=6.40829, VBS_stat_ele=1.08416, VBS_stat_muon=6.96995, ele_efficiency=0.141818, ele_trigger=0.531621, fakephoton_ele=2.30066, fakephoton_muon=6.24757, interference=4.56708, lumi=5.56712, mu_efficiency=2.67362, mu_trigger=6.77331, non_prompt_stat_ele=3.73945, non_prompt_stat_muon=3.64878, others_stat_ele=1.04939, others_stat_muon=6.01454, others_xs=6.41066, param=0.155459, pdf_ele=1.03822, pdf_muon=-0.23517, photon_id=2.29849, pileup=0.819121, scale_ele=3.16839, scale_muon=3.95774
RooProdPdf::model_s[ modelObs_s * nuisancePdf ]
     getLogVal() top-level p.d.f evaluates to zero @ !pdfs=(modelObs_s = 0/1,nuisancePdf = 1)

[#0] WARNING:Minization -- RooMinimizerFcn: Minimized function has error status.
Returning maximum FCN so far (934.58) to force MIGRAD to back out of this region. Error log follows
Parameter values: JER_ele=2.56733, JER_muon=6.96678, JES_ele=0.870349, JES_muon=6.67024, QCD_stat_ele=-0.334908, QCD_stat_muon=6.92566, VBS_stat_ele=1.77023, VBS_stat_muon=5.27487, ele_efficiency=0.512629, ele_trigger=1.83856, fakephoton_ele=4.74063, fakephoton_muon=6.70452, interference=2.529, lumi=6.39977, mu_efficiency=1.08883, mu_trigger=6.99944, non_prompt_stat_ele=3.59545, non_prompt_stat_muon=-1.37448, others_stat_ele=0.328002, others_stat_muon=4.79138, others_xs=5.87895, param=0.202483, pdf_ele=0.98309, pdf_muon=-0.398431, photon_id=4.46088, pileup=1.59535, scale_ele=2.86215, scale_muon=-2.2826
RooProdPdf::model_s[ modelObs_s * nuisancePdf ]
     getLogVal() top-level p.d.f evaluates to zero @ !pdfs=(modelObs_s = 0/1,nuisancePdf = 1)

[#0] WARNING:Minization -- RooMinimizerFcn: Minimized function has error status.
Returning maximum FCN so far (934.58) to force MIGRAD to back out of this region. Error log follows
Parameter values: JER_ele=0.139251, JER_muon=6.73405, JES_ele=0.489654, JES_muon=5.36471, QCD_stat_ele=4.12262, QCD_stat_muon=2.89, VBS_stat_ele=0.805172, VBS_stat_muon=6.99868, ele_efficiency=0.034118, ele_trigger=0.141277, fakephoton_ele=1.09917, fakephoton_muon=5.53112, interference=4.72749, lumi=5.07682, mu_efficiency=2.83808, mu_trigger=6.85506, non_prompt_stat_ele=3.25087, non_prompt_stat_muon=6.19655, others_stat_ele=1.145, others_stat_muon=6.70237, others_xs=6.25425, param=0.21454, pdf_ele=0.972179, pdf_muon=1.1916, photon_id=2.92303, pileup=0.581046, scale_ele=3.05403, scale_muon=2.91848
RooProdPdf::model_s[ modelObs_s * nuisancePdf ]
     getLogVal() top-level p.d.f evaluates to zero @ !pdfs=(modelObs_s = 0/1,nuisancePdf = 1)

[#0] WARNING:Minization -- RooMinimizerFcn: Minimized function has error status.
Returning maximum FCN so far (934.58) to force MIGRAD to back out of this region. Error log follows
Parameter values: JER_ele=3.00092, JER_muon=6.90339, JES_ele=0.794159, JES_muon=6.99993, QCD_stat_ele=-1.99289, QCD_stat_muon=6.5361, VBS_stat_ele=1.84944, VBS_stat_muon=3.61326, ele_efficiency=0.595209, ele_trigger=2.11154, fakephoton_ele=5.40198, fakephoton_muon=6.82779, interference=1.45333, lumi=6.37998, mu_efficiency=0.399989, mu_trigger=6.81748, non_prompt_stat_ele=3.58436, non_prompt_stat_muon=-3.10347, others_stat_ele=-0.0674516, others_stat_muon=4.92057, others_xs=5.36671, param=0.154102, pdf_ele=0.735269, pdf_muon=1.23613, photon_id=5.95268, pileup=1.77165, scale_ele=2.32698, scale_muon=-6.40994
RooProdPdf::model_s[ modelObs_s * nuisancePdf ]
     getLogVal() top-level p.d.f evaluates to zero @ !pdfs=(modelObs_s = 0/1,nuisancePdf = 1)

[#0] WARNING:Minization -- RooMinimizerFcn: Minimized function has error status.
Returning maximum FCN so far (934.58) to force MIGRAD to back out of this region. Error log follows
Parameter values: JER_ele=1.51503, JER_muon=6.91956, JES_ele=0.605682, JES_muon=6.37196, QCD_stat_ele=0.945479, QCD_stat_muon=6.99972, VBS_stat_ele=1.24807, VBS_stat_muon=6.18941, ele_efficiency=0.300366, ele_trigger=1.08648, fakephoton_ele=4.26907, fakephoton_muon=6.8891, interference=3.3532, lumi=5.85514, mu_efficiency=1.80844, mu_trigger=6.99039, non_prompt_stat_ele=4.30924, non_prompt_stat_muon=-2.08572, others_stat_ele=0.537867, others_stat_muon=5.50101, others_xs=6.06952, param=0.149422, pdf_ele=0.780239, pdf_muon=0.503701, photon_id=4.13874, pileup=1.17719, scale_ele=2.53738, scale_muon=-1.52412
RooProdPdf::model_s[ modelObs_s * nuisancePdf ]
     getLogVal() top-level p.d.f evaluates to zero @ !pdfs=(modelObs_s = 0/1,nuisancePdf = 1)

[#0] WARNING:Minization -- RooMinimizerFcn: Minimized function has error status.
Returning maximum FCN so far (934.58) to force MIGRAD to back out of this region. Error log follows
Parameter values: JER_ele=1.50582, JER_muon=6.94408, JES_ele=0.970118, JES_muon=5.13428, QCD_stat_ele=3.29316, QCD_stat_muon=3.74044, VBS_stat_ele=1.57311, VBS_stat_muon=6.88005, ele_efficiency=0.314188, ele_trigger=1.16072, fakephoton_ele=1.64521, fakephoton_muon=4.77498, interference=4.27856, lumi=6.14322, mu_efficiency=2.2683, mu_trigger=6.74787, non_prompt_stat_ele=2.21928, non_prompt_stat_muon=6.69018, others_stat_ele=1.08256, others_stat_muon=5.73443, others_xs=6.34917, param=0.152543, pdf_ele=1.43787, pdf_muon=-1.50717, photon_id=1.85823, pileup=1.12841, scale_ele=3.88022, scale_muon=5.36087
RooProdPdf::model_s[ modelObs_s * nuisancePdf ]
     getLogVal() top-level p.d.f evaluates to zero @ !pdfs=(modelObs_s = 0/1,nuisancePdf = 1)

[#0] WARNING:Minization -- RooMinimizerFcn: Minimized function has error status.
Returning maximum FCN so far (934.58) to force MIGRAD to back out of this region. Error log follows
Parameter values: JER_ele=1.33463, JER_muon=6.59886, JES_ele=0.158076, JES_muon=6.99549, QCD_stat_ele=-0.760715, QCD_stat_muon=6.43668, VBS_stat_ele=0.818392, VBS_stat_muon=4.85173, ele_efficiency=0.234442, ele_trigger=0.819287, fakephoton_ele=5.02062, fakephoton_muon=6.99763, interference=2.19104, lumi=5.14119, mu_efficiency=1.19064, mu_trigger=6.70163, non_prompt_stat_ele=4.8694, non_prompt_stat_muon=-5.00164, others_stat_ele=0.0108694, others_stat_muon=6.44749, others_xs=5.21798, param=0.142203, pdf_ele=0.110955, pdf_muon=4.16362, photon_id=6.51478, pileup=1.09269, scale_ele=1.12122, scale_muon=-6.97864
RooProdPdf::model_s[ modelObs_s * nuisancePdf ]
     getLogVal() top-level p.d.f evaluates to zero @ !pdfs=(modelObs_s = 0/1,nuisancePdf = 1)

[#0] WARNING:Minization -- RooMinimizerFcn: Minimized function has error status.
Returning maximum FCN so far (934.58) to force MIGRAD to back out of this region. Error log follows
Parameter values: JER_ele=1.43768, JER_muon=6.86627, JES_ele=0.643591, JES_muon=6.37779, QCD_stat_ele=1.39566, QCD_stat_muon=6.29729, VBS_stat_ele=1.21328, VBS_stat_muon=6.28221, ele_efficiency=0.285673, ele_trigger=1.03908, fakephoton_ele=3.65566, fakephoton_muon=6.60464, interference=3.43523, lumi=5.78069, mu_efficiency=1.84385, mu_trigger=6.99367, non_prompt_stat_ele=3.79919, non_prompt_stat_muon=0.651988, others_stat_ele=0.619018, others_stat_muon=5.91693, others_xs=5.98781, param=0.35446, pdf_ele=0.869446, pdf_muon=0.811174, photon_id=4.21237, pileup=1.11823, scale_ele=2.70058, scale_muon=-1.40605
RooProdPdf::model_s[ modelObs_s * nuisancePdf ]
     getLogVal() top-level p.d.f evaluates to zero @ !pdfs=(modelObs_s = 0/1,nuisancePdf = 1)

[#0] WARNING:Minization -- RooMinimizerFcn: Minimized function has error status.
Returning maximum FCN so far (934.58) to force MIGRAD to back out of this region. Error log follows
Parameter values: JER_ele=1.69625, JER_muon=6.99982, JES_ele=1.00784, JES_muon=4.62528, QCD_stat_ele=2.90184, QCD_stat_muon=6.95363, VBS_stat_ele=1.81247, VBS_stat_muon=6.91328, ele_efficiency=0.357715, ele_trigger=1.3142, fakephoton_ele=2.73773, fakephoton_muon=5.84812, interference=4.38605, lumi=6.37292, mu_efficiency=2.33564, mu_trigger=6.54994, non_prompt_stat_ele=3.14445, non_prompt_stat_muon=4.39108, others_stat_ele=1.06052, others_stat_muon=4.58633, others_xs=6.58206, param=0.249535, pdf_ele=1.44681, pdf_muon=-2.82673, photon_id=0.851589, pileup=1.25247, scale_ele=3.90054, scale_muon=6.36605
RooProdPdf::model_s[ modelObs_s * nuisancePdf ]
     getLogVal() top-level p.d.f evaluates to zero @ !pdfs=(modelObs_s = 0/1,nuisancePdf = 1)

[#0] WARNING:Minization -- RooMinimizerFcn: Minimized function has error status.
Returning maximum FCN so far (934.58) to force MIGRAD to back out of this region. Error log follows
Parameter values: JER_ele=1.22219, JER_muon=6.85807, JES_ele=0.383734, JES_muon=6.73022, QCD_stat_ele=0.04618, QCD_stat_muon=6.245, VBS_stat_ele=0.665095, VBS_stat_muon=5.80168, ele_efficiency=0.234269, ele_trigger=0.843672, fakephoton_ele=5.24575, fakephoton_muon=6.84082, interference=2.9668, lumi=5.47702, mu_efficiency=1.71827, mu_trigger=6.98991, non_prompt_stat_ele=5.31424, non_prompt_stat_muon=-6.57279, others_stat_ele=0.327072, others_stat_muon=5.94838, others_xs=5.82788, param=0.335265, pdf_ele=0.413111, pdf_muon=1.82467, photon_id=5.14652, pileup=1.06603, scale_ele=1.73104, scale_muon=-4.9143
RooProdPdf::model_s[ modelObs_s * nuisancePdf ]
     getLogVal() top-level p.d.f evaluates to zero @ !pdfs=(modelObs_s = 0/1,nuisancePdf = 1)

[#0] WARNING:Minization -- RooMinimizerFcn: Minimized function has error status.
Returning maximum FCN so far (934.58) to force MIGRAD to back out of this region. Error log follows
Parameter values: JER_ele=1.40393, JER_muon=6.88217, JES_ele=0.552819, JES_muon=6.25929, QCD_stat_ele=1.79318, QCD_stat_muon=5.99942, VBS_stat_ele=1.24121, VBS_stat_muon=6.42352, ele_efficiency=0.267, ele_trigger=0.958211, fakephoton_ele=3.31654, fakephoton_muon=6.42799, interference=3.52512, lumi=5.81351, mu_efficiency=1.85717, mu_trigger=6.98388, non_prompt_stat_ele=3.75181, non_prompt_stat_muon=1.94105, others_stat_ele=0.617495, others_stat_muon=5.92972, others_xs=6.00684, param=0.249889, pdf_ele=0.80785, pdf_muon=0.62453, photon_id=3.99575, pileup=1.13557, scale_ele=2.75985, scale_muon=-0.310699
RooProdPdf::model_s[ modelObs_s * nuisancePdf ]
     getLogVal() top-level p.d.f evaluates to zero @ !pdfs=(modelObs_s = 0/1,nuisancePdf = 1)

[#0] WARNING:Minization -- RooMinimizerFcn: Minimized function has error status.
Returning maximum FCN so far (934.58) to force MIGRAD to back out of this region. Error log follows
Parameter values: JER_ele=1.73605, JER_muon=6.96444, JES_ele=1.16906, JES_muon=5.54942, QCD_stat_ele=1.82805, QCD_stat_muon=6.76476, VBS_stat_ele=1.63139, VBS_stat_muon=6.57052, ele_efficiency=0.390614, ele_trigger=1.46054, fakephoton_ele=3.33357, fakephoton_muon=6.1879, interference=3.97684, lumi=6.1829, mu_efficiency=2.17364, mu_trigger=6.83189, non_prompt_stat_ele=2.94326, non_prompt_stat_muon=2.70065, others_stat_ele=0.99203, others_stat_muon=5.03185, others_xs=6.40805, param=0.254895, pdf_ele=1.50579, pdf_muon=-1.45752, photon_id=2.33193, pileup=1.17967, scale_ele=3.62116, scale_muon=3.25807
RooProdPdf::model_s[ modelObs_s * nuisancePdf ]
     getLogVal() top-level p.d.f evaluates to zero @ !pdfs=(modelObs_s = 0/1,nuisancePdf = 1)

[#0] WARNING:Minization -- RooMinimizerFcn: Minimized function has error status.
Returning maximum FCN so far (934.58) to force MIGRAD to back out of this region. Error log follows
Parameter values: JER_ele=0.959835, JER_muon=6.99086, JES_ele=-0.296796, JES_muon=5.79755, QCD_stat_ele=2.3998, QCD_stat_muon=5.82329, VBS_stat_ele=0.795346, VBS_stat_muon=6.82383, ele_efficiency=0.0970414, ele_trigger=0.251691, fakephoton_ele=4.18627, fakephoton_muon=6.99706, interference=3.67309, lumi=5.78681, mu_efficiency=1.90673, mu_trigger=6.90187, non_prompt_stat_ele=5.86611, non_prompt_stat_muon=-4.10053, others_stat_ele=0.268676, others_stat_muon=5.67154, others_xs=6.09654, param=0.263794, pdf_ele=-0.0918649, pdf_muon=-0.129281, photon_id=3.3742, pileup=1.19778, scale_ele=1.88626, scale_muon=2.51637
RooProdPdf::model_s[ modelObs_s * nuisancePdf ]
     getLogVal() top-level p.d.f evaluates to zero @ !pdfs=(modelObs_s = 0/1,nuisancePdf = 1)

[#0] WARNING:Minization -- RooMinimizerFcn: Minimized function has error status.
Returning maximum FCN so far (934.58) to force MIGRAD to back out of this region. Error log follows
Parameter values: JER_ele=-0.208503, JER_muon=4.70774, JES_ele=-2.38354, JES_muon=4.52353, QCD_stat_ele=-0.122259, QCD_stat_muon=-6.99882, VBS_stat_ele=-0.994009, VBS_stat_muon=3.7499, ele_efficiency=-0.327865, ele_trigger=-1.45553, fakephoton_ele=3.49019, fakephoton_muon=6.8693, interference=0.188338, lumi=2.33709, mu_efficiency=-0.145359, mu_trigger=3.9105, non_prompt_stat_ele=6.13098, non_prompt_stat_muon=0.384265, others_stat_ele=-1.48965, others_stat_muon=4.83276, others_xs=1.44265, param=0.139377, pdf_ele=-2.59888, pdf_muon=6.3308, photon_id=4.70513, pileup=0.767749, scale_ele=-2.84174, scale_muon=4.54269
RooProdPdf::model_s[ modelObs_s * nuisancePdf ]
     getLogVal() top-level p.d.f evaluates to zero @ !pdfs=(modelObs_s = 0/1,nuisancePdf = 1)

[#0] WARNING:Minization -- RooMinimizerFcn: Minimized function has error status.
Returning maximum FCN so far (934.58) to force MIGRAD to back out of this region. Error log follows
Parameter values: JER_ele=0.680208, JER_muon=5.47729, JES_ele=-0.733527, JES_muon=6.29013, QCD_stat_ele=-1.14316, QCD_stat_muon=-6.22108, VBS_stat_ele=-0.0514636, VBS_stat_muon=4.0629, ele_efficiency=0.0114618, ele_trigger=-0.0532271, fakephoton_ele=4.10624, fakephoton_muon=6.4388, interference=1.37333, lumi=3.86713, mu_efficiency=0.663556, mu_trigger=5.59803, non_prompt_stat_ele=4.61657, non_prompt_stat_muon=2.12533, others_stat_ele=-0.607627, others_stat_muon=6.66824, others_xs=3.35327, param=0.296853, pdf_ele=-0.844476, pdf_muon=6.75462, photon_id=6.78354, pileup=0.836901, scale_ele=-0.826529, scale_muon=-2.56626
RooProdPdf::model_s[ modelObs_s * nuisancePdf ]
     getLogVal() top-level p.d.f evaluates to zero @ !pdfs=(modelObs_s = 0/1,nuisancePdf = 1)


 -- Hybrid New -- 
CLs = 0.136574 +/- 0.0173876
Done in 16.04 min (cpu), 16.08 min (real)
