 <<< Combine >>> 
>>> including systematics
>>> using the Profile Likelihood test statistics modified for upper limits (Q_LHC)
>>> method used is HybridNew
>>> Used OpenSSL to get a really random seed 1776660427
Computing results starting from observation (a-posteriori)
[#0] WARNING:Minization -- RooMinimizerFcn: Minimized function has error status.
Returning maximum FCN so far (43.412) to force MIGRAD to back out of this region. Error log follows
Parameter values: JER_ele=-2.00039, JER_muon=4.66535, JES_ele=5.51474, JES_muon=-6.73537, QCD_stat_ele=5.82752, QCD_stat_muon=-2.19069, VBS_stat_ele=-6.91591, VBS_stat_muon=-6.38459, ele_efficiency=4.03362, ele_trigger=-5.04488, fakephoton_ele=4.64328, fakephoton_muon=-5.66566, interference=4.45105, lumi=-5.74584, mu_efficiency=-6.90679, mu_trigger=-5.45843, non_prompt_stat_ele=6.30561, non_prompt_stat_muon=-1.09739, others_stat_ele=6.22134, others_stat_muon=-3.51408, others_xs=-3.69354, param=0.317222, pdf_ele=-6.45507, pdf_muon=-5.62974, photon_id=-6.31282, pileup=5.02967, scale_ele=3.82213, scale_muon=-1.30363
RooProdPdf::model_s[ modelObs_s * nuisancePdf ]
     getLogVal() top-level p.d.f evaluates to zero @ !pdfs=(modelObs_s = 0/1,nuisancePdf = 1)

[#0] WARNING:Minization -- RooMinimizerFcn: Minimized function has error status.
Returning maximum FCN so far (507.907) to force MIGRAD to back out of this region. Error log follows
Parameter values: JER_ele=1.31568, JER_muon=5.45457, JES_ele=3.6853, JES_muon=6.8637, QCD_stat_ele=6.99461, QCD_stat_muon=2.39721, VBS_stat_ele=1.99, VBS_stat_muon=2.6273, ele_efficiency=0.85136, ele_trigger=2.40886, fakephoton_ele=6.9997, fakephoton_muon=-0.463516, interference=6.32362, lumi=4.97919, mu_efficiency=0.533456, mu_trigger=5.60557, non_prompt_stat_ele=5.91407, non_prompt_stat_muon=1.53947, others_stat_ele=4.96606, others_stat_muon=6.22569, others_xs=4.96142, param=1.21589, pdf_ele=3.67754, pdf_muon=6.06276, photon_id=4.47175, pileup=1.08787, scale_ele=6.86618, scale_muon=-5.98206
RooProdPdf::model_s[ modelObs_s * nuisancePdf ]
     getLogVal() top-level p.d.f evaluates to zero @ !pdfs=(modelObs_s = 0/1,nuisancePdf = 1)

[#0] WARNING:Minization -- RooMinimizerFcn: Minimized function has error status.
Returning maximum FCN so far (825.198) to force MIGRAD to back out of this region. Error log follows
Parameter values: JER_ele=1.91469, JER_muon=4.6107, JES_ele=4.43005, JES_muon=6.53274, QCD_stat_ele=6.76271, QCD_stat_muon=1.09646, VBS_stat_ele=3.84535, VBS_stat_muon=6.43365, ele_efficiency=1.04678, ele_trigger=3.11272, fakephoton_ele=6.34363, fakephoton_muon=-0.278529, interference=5.49232, lumi=4.45536, mu_efficiency=0.18934, mu_trigger=4.87064, non_prompt_stat_ele=3.04883, non_prompt_stat_muon=2.32624, others_stat_ele=4.98846, others_stat_muon=5.93044, others_xs=4.78106, param=1.18035, pdf_ele=4.84484, pdf_muon=6.87988, photon_id=4.95147, pileup=1.07818, scale_ele=6.83324, scale_muon=-3.98788
RooProdPdf::model_s[ modelObs_s * nuisancePdf ]
     getLogVal() top-level p.d.f evaluates to zero @ !pdfs=(modelObs_s = 0/1,nuisancePdf = 1)

[#0] WARNING:Minization -- RooMinimizerFcn: Minimized function has error status.
Returning maximum FCN so far (921.65) to force MIGRAD to back out of this region. Error log follows
Parameter values: JER_ele=0.159194, JER_muon=1.10686, JES_ele=2.01992, JES_muon=2.473, QCD_stat_ele=4.19776, QCD_stat_muon=5.8414, VBS_stat_ele=0.467156, VBS_stat_muon=4.46157, ele_efficiency=0.486916, ele_trigger=0.986267, fakephoton_ele=4.30547, fakephoton_muon=-1.13537, interference=2.34828, lumi=0.863141, mu_efficiency=-0.984737, mu_trigger=0.733811, non_prompt_stat_ele=5.60309, non_prompt_stat_muon=0.229992, others_stat_ele=2.20962, others_stat_muon=2.7855, others_xs=1.61012, param=0.821696, pdf_ele=1.41673, pdf_muon=3.22334, photon_id=5.18379, pileup=0.72545, scale_ele=4.10944, scale_muon=6.92922
RooProdPdf::model_s[ modelObs_s * nuisancePdf ]
     getLogVal() top-level p.d.f evaluates to zero @ !pdfs=(modelObs_s = 0/1,nuisancePdf = 1)

[#0] WARNING:Minization -- RooMinimizerFcn: Minimized function has error status.
Returning maximum FCN so far (921.65) to force MIGRAD to back out of this region. Error log follows
Parameter values: JER_ele=0.565735, JER_muon=1.6838, JES_ele=2.67056, JES_muon=3.40106, QCD_stat_ele=5.64206, QCD_stat_muon=6.7373, VBS_stat_ele=1.06601, VBS_stat_muon=5.2413, ele_efficiency=0.623204, ele_trigger=1.51671, fakephoton_ele=5.22236, fakephoton_muon=-0.963731, interference=2.9071, lumi=1.54904, mu_efficiency=-0.79559, mu_trigger=1.47529, non_prompt_stat_ele=6.41105, non_prompt_stat_muon=0.666347, others_stat_ele=2.99202, others_stat_muon=3.54148, others_xs=2.37212, param=0.725837, pdf_ele=2.30103, pdf_muon=4.38242, photon_id=6.30802, pileup=0.793568, scale_ele=5.55419, scale_muon=6.71949
RooProdPdf::model_s[ modelObs_s * nuisancePdf ]
     getLogVal() top-level p.d.f evaluates to zero @ !pdfs=(modelObs_s = 0/1,nuisancePdf = 1)

[#0] WARNING:Minization -- RooMinimizerFcn: Minimized function has error status.
Returning maximum FCN so far (921.65) to force MIGRAD to back out of this region. Error log follows
Parameter values: JER_ele=1.55202, JER_muon=3.45572, JES_ele=4.13416, JES_muon=5.83524, QCD_stat_ele=6.97299, QCD_stat_muon=4.60303, VBS_stat_ele=2.4592, VBS_stat_muon=6.74838, ele_efficiency=0.954286, ele_trigger=2.77267, fakephoton_ele=6.98449, fakephoton_muon=-0.437272, interference=4.43312, lumi=3.4096, mu_efficiency=-0.167923, mu_trigger=3.74714, non_prompt_stat_ele=5.66635, non_prompt_stat_muon=1.94883, others_stat_ele=4.69628, others_stat_muon=5.47637, others_xs=4.32132, param=0.563273, pdf_ele=4.28037, pdf_muon=6.79708, photon_id=6.46237, pileup=0.988621, scale_ele=6.98627, scale_muon=-0.609707
RooProdPdf::model_s[ modelObs_s * nuisancePdf ]
     getLogVal() top-level p.d.f evaluates to zero @ !pdfs=(modelObs_s = 0/1,nuisancePdf = 1)

[#0] WARNING:Minization -- RooMinimizerFcn: Minimized function has error status.
Returning maximum FCN so far (921.65) to force MIGRAD to back out of this region. Error log follows
Parameter values: JER_ele=0.402085, JER_muon=1.73389, JES_ele=2.34672, JES_muon=3.07584, QCD_stat_ele=4.871, QCD_stat_muon=6.56641, VBS_stat_ele=1.34506, VBS_stat_muon=6.07621, ele_efficiency=0.568763, ele_trigger=1.27992, fakephoton_ele=6.12503, fakephoton_muon=-1.11112, interference=3.09275, lumi=1.52498, mu_efficiency=-0.887682, mu_trigger=1.31696, non_prompt_stat_ele=6.95867, non_prompt_stat_muon=0.434718, others_stat_ele=2.54549, others_stat_muon=3.10902, others_xs=1.9493, param=0.753486, pdf_ele=1.96123, pdf_muon=4.3548, photon_id=6.04951, pileup=0.792323, scale_ele=4.92167, scale_muon=6.95559
RooProdPdf::model_s[ modelObs_s * nuisancePdf ]
     getLogVal() top-level p.d.f evaluates to zero @ !pdfs=(modelObs_s = 0/1,nuisancePdf = 1)

[#0] WARNING:Minization -- RooMinimizerFcn: Minimized function has error status.
Returning maximum FCN so far (921.65) to force MIGRAD to back out of this region. Error log follows
Parameter values: JER_ele=-0.0606098, JER_muon=0.544832, JES_ele=1.65825, JES_muon=1.51408, QCD_stat_ele=3.20774, QCD_stat_muon=4.19137, VBS_stat_ele=0.209241, VBS_stat_muon=3.68594, ele_efficiency=0.413489, ele_trigger=0.696027, fakephoton_ele=3.57305, fakephoton_muon=-1.30358, interference=1.87564, lumi=0.345231, mu_efficiency=-1.17065, mu_trigger=0.00847145, non_prompt_stat_ele=4.84142, non_prompt_stat_muon=-0.189169, others_stat_ele=1.75288, others_stat_muon=2.01039, others_xs=0.981507, param=0.465034, pdf_ele=0.931364, pdf_muon=2.00345, photon_id=3.97709, pileup=0.672508, scale_ele=3.15636, scale_muon=5.96927
RooProdPdf::model_s[ modelObs_s * nuisancePdf ]
     getLogVal() top-level p.d.f evaluates to zero @ !pdfs=(modelObs_s = 0/1,nuisancePdf = 1)

[#0] WARNING:Minization -- RooMinimizerFcn: Minimized function has error status.
Returning maximum FCN so far (921.65) to force MIGRAD to back out of this region. Error log follows
Parameter values: JER_ele=0.523736, JER_muon=1.3323, JES_ele=2.51448, JES_muon=2.48661, QCD_stat_ele=5.53024, QCD_stat_muon=6.04537, VBS_stat_ele=1.3713, VBS_stat_muon=5.41265, ele_efficiency=0.601035, ele_trigger=1.41987, fakephoton_ele=6.58794, fakephoton_muon=-1.23368, interference=2.70745, lumi=1.2504, mu_efficiency=-0.982418, mu_trigger=0.876107, non_prompt_stat_ele=6.95883, non_prompt_stat_muon=0.0574234, others_stat_ele=2.69388, others_stat_muon=2.50562, others_xs=1.65505, param=0.672599, pdf_ele=2.21586, pdf_muon=3.65626, photon_id=5.70502, pileup=0.763308, scale_ele=5.32024, scale_muon=6.88548
RooProdPdf::model_s[ modelObs_s * nuisancePdf ]
     getLogVal() top-level p.d.f evaluates to zero @ !pdfs=(modelObs_s = 0/1,nuisancePdf = 1)

[#0] WARNING:Minization -- RooMinimizerFcn: Minimized function has error status.
Returning maximum FCN so far (921.65) to force MIGRAD to back out of this region. Error log follows
Parameter values: JER_ele=6.78652, JER_muon=6.95789, JES_ele=3.89982, JES_muon=-0.31711, QCD_stat_ele=6.50527, QCD_stat_muon=6.60836, VBS_stat_ele=6.87728, VBS_stat_muon=1.85428, ele_efficiency=3.44371, ele_trigger=6.6418, fakephoton_ele=5.21334, fakephoton_muon=1.83246, interference=6.70546, lumi=6.23561, mu_efficiency=2.46157, mu_trigger=5.90968, non_prompt_stat_ele=0.537961, non_prompt_stat_muon=6.35154, others_stat_ele=0.695316, others_stat_muon=3.57897, others_xs=4.08685, param=0.264536, pdf_ele=-0.319538, pdf_muon=-6.21746, photon_id=2.90469, pileup=2.11359, scale_ele=6.17926, scale_muon=-1.67957
RooProdPdf::model_s[ modelObs_s * nuisancePdf ]
     getLogVal() top-level p.d.f evaluates to zero @ !pdfs=(modelObs_s = 0/1,nuisancePdf = 1)

[#0] WARNING:Minization -- RooMinimizerFcn: Minimized function has error status.
Returning maximum FCN so far (974.387) to force MIGRAD to back out of this region. Error log follows
Parameter values: JER_ele=1.2899, JER_muon=2.34579, JES_ele=3.75753, JES_muon=4.36652, QCD_stat_ele=6.9755, QCD_stat_muon=6.93498, VBS_stat_ele=2.16278, VBS_stat_muon=5.97846, ele_efficiency=0.868132, ele_trigger=2.4425, fakephoton_ele=6.99743, fakephoton_muon=-0.852927, interference=3.58672, lumi=2.47832, mu_efficiency=-0.597733, mu_trigger=2.32896, non_prompt_stat_ele=5.84228, non_prompt_stat_muon=0.999553, others_stat_ele=4.20106, others_stat_muon=4.12232, others_xs=3.24318, param=0.332185, pdf_ele=3.81358, pdf_muon=5.60429, photon_id=6.99313, pileup=0.894807, scale_ele=6.95013, scale_muon=5.09961
RooProdPdf::model_s[ modelObs_s * nuisancePdf ]
     getLogVal() top-level p.d.f evaluates to zero @ !pdfs=(modelObs_s = 0/1,nuisancePdf = 1)

[#0] WARNING:Minization -- RooMinimizerFcn: Minimized function has error status.
Returning maximum FCN so far (974.387) to force MIGRAD to back out of this region. Error log follows
Parameter values: JER_ele=1.97781, JER_muon=3.1994, JES_ele=4.75329, JES_muon=5.58836, QCD_stat_ele=6.33538, QCD_stat_muon=5.26091, VBS_stat_ele=3.01249, VBS_stat_muon=6.54264, ele_efficiency=1.11397, ele_trigger=3.32376, fakephoton_ele=5.78876, fakephoton_muon=-0.590605, interference=4.34781, lumi=3.49752, mu_efficiency=-0.302273, mu_trigger=3.45634, non_prompt_stat_ele=1.68319, non_prompt_stat_muon=1.69668, others_stat_ele=5.31403, others_stat_muon=5.16366, others_xs=4.38981, param=0.294794, pdf_ele=5.07093, pdf_muon=6.65801, photon_id=6.29401, pileup=1.01867, scale_ele=6.41139, scale_muon=0.514372
RooProdPdf::model_s[ modelObs_s * nuisancePdf ]
     getLogVal() top-level p.d.f evaluates to zero @ !pdfs=(modelObs_s = 0/1,nuisancePdf = 1)

[#0] WARNING:Minization -- RooMinimizerFcn: Minimized function has error status.
Returning maximum FCN so far (974.387) to force MIGRAD to back out of this region. Error log follows
Parameter values: JER_ele=0.465112, JER_muon=1.38408, JES_ele=2.57075, JES_muon=3.05414, QCD_stat_ele=5.40333, QCD_stat_muon=6.46188, VBS_stat_ele=0.890704, VBS_stat_muon=4.59931, ele_efficiency=0.603054, ele_trigger=1.41395, fakephoton_ele=5.01506, fakephoton_muon=-1.07712, interference=2.67819, lumi=1.29594, mu_efficiency=-0.918522, mu_trigger=1.13893, non_prompt_stat_ele=6.24206, non_prompt_stat_muon=0.477981, others_stat_ele=2.83444, others_stat_muon=3.2235, others_xs=2.10703, param=0.360871, pdf_ele=2.12967, pdf_muon=3.92036, photon_id=6.00226, pileup=0.786522, scale_ele=5.34486, scale_muon=6.92303
RooProdPdf::model_s[ modelObs_s * nuisancePdf ]
     getLogVal() top-level p.d.f evaluates to zero @ !pdfs=(modelObs_s = 0/1,nuisancePdf = 1)

[#0] WARNING:Minization -- RooMinimizerFcn: Minimized function has error status.
Returning maximum FCN so far (974.387) to force MIGRAD to back out of this region. Error log follows
Parameter values: JER_ele=1.59612, JER_muon=2.47215, JES_ele=-1.01569, JES_muon=3.70305, QCD_stat_ele=-0.513723, QCD_stat_muon=-6.45637, VBS_stat_ele=-1.05781, VBS_stat_muon=-2.63344, ele_efficiency=-0.540579, ele_trigger=0.469747, fakephoton_ele=5.00974, fakephoton_muon=4.06009, interference=-1.73992, lumi=2.93527, mu_efficiency=4.63268, mu_trigger=5.08689, non_prompt_stat_ele=6.41894, non_prompt_stat_muon=0.10785, others_stat_ele=0.610864, others_stat_muon=2.43883, others_xs=2.93436, param=0.0107947, pdf_ele=0.811593, pdf_muon=3.66294, photon_id=1.84112, pileup=-1.45643, scale_ele=-1.3251, scale_muon=5.54332
RooProdPdf::model_s[ modelObs_s * nuisancePdf ]
     getLogVal() top-level p.d.f evaluates to zero @ !pdfs=(modelObs_s = 0/1,nuisancePdf = 1)

[#0] WARNING:Minization -- RooMinimizerFcn: Minimized function has error status.
Returning maximum FCN so far (974.387) to force MIGRAD to back out of this region. Error log follows
Parameter values: JER_ele=-0.0593717, JER_muon=0.27989, JES_ele=1.66187, JES_muon=1.03678, QCD_stat_ele=3.26307, QCD_stat_muon=3.21816, VBS_stat_ele=0.208707, VBS_stat_muon=3.36354, ele_efficiency=0.414537, ele_trigger=0.697826, fakephoton_ele=3.46261, fakephoton_muon=-1.38628, interference=1.66938, lumi=0.157196, mu_efficiency=-1.26248, mu_trigger=-0.342818, non_prompt_stat_ele=4.7168, non_prompt_stat_muon=-0.388127, others_stat_ele=1.73188, others_stat_muon=1.63653, others_xs=0.761673, param=0.0239803, pdf_ele=0.940053, pdf_muon=1.38804, photon_id=3.50913, pileup=0.655431, scale_ele=3.17356, scale_muon=5.12423
RooProdPdf::model_s[ modelObs_s * nuisancePdf ]
     getLogVal() top-level p.d.f evaluates to zero @ !pdfs=(modelObs_s = 0/1,nuisancePdf = 1)

[#0] WARNING:Minization -- RooMinimizerFcn: Minimized function has error status.
Returning maximum FCN so far (974.387) to force MIGRAD to back out of this region. Error log follows
Parameter values: JER_ele=0.0230195, JER_muon=0.414121, JES_ele=1.80013, JES_muon=1.2879, QCD_stat_ele=3.63741, QCD_stat_muon=3.73277, VBS_stat_ele=0.311204, VBS_stat_muon=3.5123, ele_efficiency=0.442422, ele_trigger=0.808035, fakephoton_ele=3.8423, fakephoton_muon=-1.34713, interference=1.79045, lumi=0.305786, mu_efficiency=-1.21671, mu_trigger=-0.160246, non_prompt_stat_ele=5.12985, non_prompt_stat_muon=-0.289695, others_stat_ele=1.89984, others_stat_muon=1.82584, others_xs=0.937218, param=0.0243141, pdf_ele=1.12656, pdf_muon=1.71392, photon_id=3.89542, pileup=0.670515, scale_ele=3.54891, scale_muon=5.60092
RooProdPdf::model_s[ modelObs_s * nuisancePdf ]
     getLogVal() top-level p.d.f evaluates to zero @ !pdfs=(modelObs_s = 0/1,nuisancePdf = 1)

[#0] WARNING:Minization -- RooMinimizerFcn: Minimized function has error status.
Returning maximum FCN so far (974.387) to force MIGRAD to back out of this region. Error log follows
Parameter values: JER_ele=0.132267, JER_muon=0.607829, JES_ele=2.0085, JES_muon=1.66608, QCD_stat_ele=4.1581, QCD_stat_muon=4.49644, VBS_stat_ele=0.46236, VBS_stat_muon=3.76586, ele_efficiency=0.486734, ele_trigger=0.966183, fakephoton_ele=4.39507, fakephoton_muon=-1.3132, interference=1.99004, lumi=0.516156, mu_efficiency=-1.17906, mu_trigger=0.091764, non_prompt_stat_ele=5.69528, non_prompt_stat_muon=-0.129291, others_stat_ele=2.14937, others_stat_muon=2.12219, others_xs=1.1971, param=0.0330524, pdf_ele=1.39082, pdf_muon=2.20027, photon_id=4.4548, pileup=0.703462, scale_ele=4.07818, scale_muon=6.22135
RooProdPdf::model_s[ modelObs_s * nuisancePdf ]
     getLogVal() top-level p.d.f evaluates to zero @ !pdfs=(modelObs_s = 0/1,nuisancePdf = 1)

[#0] WARNING:Minization -- RooMinimizerFcn: Minimized function has error status.
Returning maximum FCN so far (974.387) to force MIGRAD to back out of this region. Error log follows
Parameter values: JER_ele=0.687092, JER_muon=1.36359, JES_ele=2.80314, JES_muon=2.96794, QCD_stat_ele=5.95413, QCD_stat_muon=6.32793, VBS_stat_ele=1.06833, VBS_stat_muon=4.34433, ele_efficiency=0.642941, ele_trigger=1.64905, fakephoton_ele=6.09275, fakephoton_muon=-0.987398, interference=2.55316, lumi=1.39745, mu_efficiency=-0.791837, mu_trigger=1.18259, non_prompt_stat_ele=6.94279, non_prompt_stat_muon=0.361488, others_stat_ele=3.11727, others_stat_muon=3.06326, others_xs=2.18939, param=0.0447649, pdf_ele=2.53421, pdf_muon=3.82124, photon_id=6.07175, pileup=0.743788, scale_ele=5.87687, scale_muon=6.97957
RooProdPdf::model_s[ modelObs_s * nuisancePdf ]
     getLogVal() top-level p.d.f evaluates to zero @ !pdfs=(modelObs_s = 0/1,nuisancePdf = 1)

[#0] WARNING:Minization -- RooMinimizerFcn: Minimized function has error status.
Returning maximum FCN so far (556.649) to force MIGRAD to back out of this region. Error log follows
Parameter values: JER_ele=6.98023, JER_muon=6.98885, JES_ele=-0.0562038, JES_muon=-6.20762, QCD_stat_ele=6.96653, QCD_stat_muon=-2.46916, VBS_stat_ele=2.70605, VBS_stat_muon=-5.41819, ele_efficiency=6.9551, ele_trigger=4.63559, fakephoton_ele=5.71121, fakephoton_muon=-6.99856, interference=-6.46952, lumi=5.60011, mu_efficiency=5.28055, mu_trigger=5.98849, non_prompt_stat_ele=3.93427, non_prompt_stat_muon=-5.86222, others_stat_ele=6.57286, others_stat_muon=3.81302, others_xs=-4.25311, param=0.918896, pdf_ele=-6.69689, pdf_muon=-1.9497, photon_id=-6.41192, pileup=-6.76383, scale_ele=1.88764, scale_muon=-6.05334
RooProdPdf::model_s[ modelObs_s * nuisancePdf ]
     getLogVal() top-level p.d.f evaluates to zero @ !pdfs=(modelObs_s = 0/1,nuisancePdf = 1)

[#0] WARNING:Minization -- RooMinimizerFcn: Minimized function has error status.
Returning maximum FCN so far (556.649) to force MIGRAD to back out of this region. Error log follows
Parameter values: JER_ele=-6.86983, JER_muon=5.4071, JES_ele=6.26548, JES_muon=6.98506, QCD_stat_ele=2.45236, QCD_stat_muon=5.91724, VBS_stat_ele=6.74226, VBS_stat_muon=-3.58986, ele_efficiency=-6.96052, ele_trigger=5.24436, fakephoton_ele=4.38885, fakephoton_muon=6.93865, interference=5.85621, lumi=3.68519, mu_efficiency=5.13537, mu_trigger=-6.99553, non_prompt_stat_ele=1.55502, non_prompt_stat_muon=6.96993, others_stat_ele=6.73548, others_stat_muon=-6.1492, others_xs=-0.358925, param=1.52106, pdf_ele=6.56778, pdf_muon=-3.56195, photon_id=-4.96082, pileup=0.560913, scale_ele=-6.7656, scale_muon=-6.78174
RooProdPdf::model_s[ modelObs_s * nuisancePdf ]
     getLogVal() top-level p.d.f evaluates to zero @ !pdfs=(modelObs_s = 0/1,nuisancePdf = 1)

[#0] WARNING:Minization -- RooMinimizerFcn: Minimized function has error status.
Returning maximum FCN so far (652.772) to force MIGRAD to back out of this region. Error log follows
Parameter values: JER_ele=0.263388, JER_muon=-3.11461, JES_ele=-3.26509, JES_muon=2.9484, QCD_stat_ele=4.7941, QCD_stat_muon=6.997, VBS_stat_ele=-3.50039, VBS_stat_muon=0.0375562, ele_efficiency=1.10421, ele_trigger=-2.50149, fakephoton_ele=6.75412, fakephoton_muon=-4.66818, interference=0.771984, lumi=-6.96811, mu_efficiency=-4.34764, mu_trigger=-6.27741, non_prompt_stat_ele=6.89286, non_prompt_stat_muon=-6.91942, others_stat_ele=6.02859, others_stat_muon=-2.7269, others_xs=-0.631432, param=0.845015, pdf_ele=3.60091, pdf_muon=6.53734, photon_id=3.10674, pileup=-6.27244, scale_ele=-3.51286, scale_muon=-5.95994
RooProdPdf::model_s[ modelObs_s * nuisancePdf ]
     getLogVal() top-level p.d.f evaluates to zero @ !pdfs=(modelObs_s = 0/1,nuisancePdf = 1)

[#0] WARNING:Minization -- RooMinimizerFcn: Minimized function has error status.
Returning maximum FCN so far (994.185) to force MIGRAD to back out of this region. Error log follows
Parameter values: JER_ele=1.4977, JER_muon=-0.0559477, JES_ele=5.92862, JES_muon=0.855399, QCD_stat_ele=6.3819, QCD_stat_muon=1.64791, VBS_stat_ele=6.23793, VBS_stat_muon=-0.146984, ele_efficiency=-0.676243, ele_trigger=4.88695, fakephoton_ele=0.709181, fakephoton_muon=-1.1111, interference=-1.00091, lumi=6.99999, mu_efficiency=3.76071, mu_trigger=6.99131, non_prompt_stat_ele=6.59724, non_prompt_stat_muon=-4.81706, others_stat_ele=-4.93154, others_stat_muon=4.60227, others_xs=0.725098, param=0.497215, pdf_ele=1.69006, pdf_muon=-2.57768, photon_id=-2.31635, pileup=6.23654, scale_ele=5.60129, scale_muon=-3.66724
RooProdPdf::model_s[ modelObs_s * nuisancePdf ]
     getLogVal() top-level p.d.f evaluates to zero @ !pdfs=(modelObs_s = 0/1,nuisancePdf = 1)

[#0] WARNING:Minization -- RooMinimizerFcn: Minimized function has error status.
Returning maximum FCN so far (994.185) to force MIGRAD to back out of this region. Error log follows
Parameter values: JER_ele=6.81766, JER_muon=2.91221, JES_ele=5.73617, JES_muon=-2.05267, QCD_stat_ele=6.94144, QCD_stat_muon=-6.38587, VBS_stat_ele=6.99529, VBS_stat_muon=-6.18758, ele_efficiency=3.08251, ele_trigger=6.91245, fakephoton_ele=6.10299, fakephoton_muon=-0.266872, interference=6.62182, lumi=6.23914, mu_efficiency=4.69783, mu_trigger=1.20309, non_prompt_stat_ele=-6.98881, non_prompt_stat_muon=6.93538, others_stat_ele=6.77153, others_stat_muon=6.42447, others_xs=6.96796, param=0.0159739, pdf_ele=-0.0093263, pdf_muon=-4.82198, photon_id=4.42107, pileup=1.46207, scale_ele=4.96014, scale_muon=-0.137572
RooProdPdf::model_s[ modelObs_s * nuisancePdf ]
     getLogVal() top-level p.d.f evaluates to zero @ !pdfs=(modelObs_s = 0/1,nuisancePdf = 1)

[#0] WARNING:Minization -- RooMinimizerFcn: Minimized function has error status.
Returning maximum FCN so far (994.185) to force MIGRAD to back out of this region. Error log follows
Parameter values: JER_ele=2.09596, JER_muon=2.69547, JES_ele=4.32417, JES_muon=6.30412, QCD_stat_ele=6.45646, QCD_stat_muon=4.47417, VBS_stat_ele=3.41589, VBS_stat_muon=4.76692, ele_efficiency=0.456127, ele_trigger=3.45412, fakephoton_ele=6.98071, fakephoton_muon=2.56195, interference=1.98554, lumi=4.41823, mu_efficiency=1.5796, mu_trigger=4.72568, non_prompt_stat_ele=4.48388, non_prompt_stat_muon=5.17506, others_stat_ele=0.448807, others_stat_muon=4.89942, others_xs=1.89891, param=0.632782, pdf_ele=4.50194, pdf_muon=6.99907, photon_id=6.66849, pileup=1.86662, scale_ele=6.51666, scale_muon=4.24474
RooProdPdf::model_s[ modelObs_s * nuisancePdf ]
     getLogVal() top-level p.d.f evaluates to zero @ !pdfs=(modelObs_s = 0/1,nuisancePdf = 1)

[#0] WARNING:Minization -- RooMinimizerFcn: Minimized function has error status.
Returning maximum FCN so far (994.185) to force MIGRAD to back out of this region. Error log follows
Parameter values: JER_ele=5.34816, JER_muon=3.67623, JES_ele=4.34163, JES_muon=-0.533082, QCD_stat_ele=6.5378, QCD_stat_muon=-5.09739, VBS_stat_ele=-6.66419, VBS_stat_muon=6.98305, ele_efficiency=3.11547, ele_trigger=3.95355, fakephoton_ele=6.35209, fakephoton_muon=-6.99511, interference=-3.47657, lumi=-5.96826, mu_efficiency=-5.83401, mu_trigger=-0.28602, non_prompt_stat_ele=4.53219, non_prompt_stat_muon=-4.30878, others_stat_ele=6.91156, others_stat_muon=0.146195, others_xs=-6.98586, param=0.210578, pdf_ele=5.83159, pdf_muon=5.75944, photon_id=3.83902, pileup=-5.27853, scale_ele=-3.70255, scale_muon=-5.64447
RooProdPdf::model_s[ modelObs_s * nuisancePdf ]
     getLogVal() top-level p.d.f evaluates to zero @ !pdfs=(modelObs_s = 0/1,nuisancePdf = 1)

[#0] WARNING:Minization -- RooMinimizerFcn: Minimized function has error status.
Returning maximum FCN so far (994.185) to force MIGRAD to back out of this region. Error log follows
Parameter values: JER_ele=0.325732, JER_muon=-0.202616, JES_ele=0.554234, JES_muon=-5.24999, QCD_stat_ele=5.69749, QCD_stat_muon=4.34345, VBS_stat_ele=-1.87803, VBS_stat_muon=1.92961, ele_efficiency=0.08834, ele_trigger=0.478856, fakephoton_ele=5.72731, fakephoton_muon=4.31928, interference=-1.45032, lumi=-1.70219, mu_efficiency=-0.823349, mu_trigger=-3.18353, non_prompt_stat_ele=6.75826, non_prompt_stat_muon=6.99284, others_stat_ele=-0.605436, others_stat_muon=-5.40508, others_xs=-3.13165, param=0.662069, pdf_ele=0.870364, pdf_muon=-4.07426, photon_id=-3.83642, pileup=0.274353, scale_ele=2.66983, scale_muon=-6.15057
RooProdPdf::model_s[ modelObs_s * nuisancePdf ]
     getLogVal() top-level p.d.f evaluates to zero @ !pdfs=(modelObs_s = 0/1,nuisancePdf = 1)

[#0] WARNING:Minization -- RooMinimizerFcn: Minimized function has error status.
Returning maximum FCN so far (994.185) to force MIGRAD to back out of this region. Error log follows
Parameter values: JER_ele=-6.42124, JER_muon=-1.54554, JES_ele=0.0683564, JES_muon=6.41491, QCD_stat_ele=6.86362, QCD_stat_muon=-6.9706, VBS_stat_ele=-5.50448, VBS_stat_muon=5.21206, ele_efficiency=-4.5137, ele_trigger=-4.21269, fakephoton_ele=6.78495, fakephoton_muon=-5.5219, interference=0.387332, lumi=-2.75493, mu_efficiency=1.26876, mu_trigger=3.54232, non_prompt_stat_ele=5.57795, non_prompt_stat_muon=5.21229, others_stat_ele=-5.15118, others_stat_muon=6.81331, others_xs=-4.46425, param=0.404106, pdf_ele=6.9751, pdf_muon=5.56986, photon_id=-1.65645, pileup=0.735604, scale_ele=5.21911, scale_muon=6.28086
RooProdPdf::model_s[ modelObs_s * nuisancePdf ]
     getLogVal() top-level p.d.f evaluates to zero @ !pdfs=(modelObs_s = 0/1,nuisancePdf = 1)

[#0] WARNING:Minization -- RooMinimizerFcn: Minimized function has error status.
Returning maximum FCN so far (994.185) to force MIGRAD to back out of this region. Error log follows
Parameter values: JER_ele=-5.23567, JER_muon=-6.92789, JES_ele=4.70206, JES_muon=2.30841, QCD_stat_ele=3.61303, QCD_stat_muon=-1.50276, VBS_stat_ele=0.807528, VBS_stat_muon=-4.42982, ele_efficiency=-5.00572, ele_trigger=-0.833116, fakephoton_ele=2.42376, fakephoton_muon=5.56116, interference=-6.35638, lumi=-2.95713, mu_efficiency=-3.99333, mu_trigger=-4.28203, non_prompt_stat_ele=6.79698, non_prompt_stat_muon=5.8264, others_stat_ele=-3.11272, others_stat_muon=-0.858829, others_xs=-3.3043, param=1.08335, pdf_ele=5.28563, pdf_muon=5.14577, photon_id=-6.78041, pileup=-0.761002, scale_ele=2.02932, scale_muon=-4.33059
RooProdPdf::model_s[ modelObs_s * nuisancePdf ]
     getLogVal() top-level p.d.f evaluates to zero @ !pdfs=(modelObs_s = 0/1,nuisancePdf = 1)

[#0] WARNING:Minization -- RooMinimizerFcn: Minimized function has error status.
Returning maximum FCN so far (994.185) to force MIGRAD to back out of this region. Error log follows
Parameter values: JER_ele=4.2589, JER_muon=2.19286, JES_ele=6.59123, JES_muon=4.85851, QCD_stat_ele=-5.10048, QCD_stat_muon=6.61176, VBS_stat_ele=5.81308, VBS_stat_muon=5.5299, ele_efficiency=1.28085, ele_trigger=5.74613, fakephoton_ele=-2.55053, fakephoton_muon=2.13111, interference=2.24543, lumi=5.02793, mu_efficiency=1.1764, mu_trigger=3.52064, non_prompt_stat_ele=-5.38695, non_prompt_stat_muon=4.44543, others_stat_ele=2.87218, others_stat_muon=3.29619, others_xs=2.10277, param=0.486671, pdf_ele=6.99058, pdf_muon=6.50115, photon_id=5.53648, pileup=1.85031, scale_ele=-4.09674, scale_muon=6.98986
RooProdPdf::model_s[ modelObs_s * nuisancePdf ]
     getLogVal() top-level p.d.f evaluates to zero @ !pdfs=(modelObs_s = 0/1,nuisancePdf = 1)

[#0] WARNING:Minization -- RooMinimizerFcn: Minimized function has error status.
Returning maximum FCN so far (994.185) to force MIGRAD to back out of this region. Error log follows
Parameter values: JER_ele=3.29884, JER_muon=2.10965, JES_ele=5.65801, JES_muon=4.37631, QCD_stat_ele=0.634902, QCD_stat_muon=5.77033, VBS_stat_ele=4.74898, VBS_stat_muon=5.14891, ele_efficiency=0.917108, ele_trigger=4.71536, fakephoton_ele=3.15913, fakephoton_muon=2.56384, interference=1.80727, lumi=4.26177, mu_efficiency=1.06534, mu_trigger=3.186, non_prompt_stat_ele=-6.04478, non_prompt_stat_muon=5.25371, others_stat_ele=1.81112, others_stat_muon=2.71936, others_xs=1.41349, param=0.382233, pdf_ele=6.35065, pdf_muon=6.21455, photon_id=6.78713, pileup=1.68458, scale_ele=1.869, scale_muon=6.93776
RooProdPdf::model_s[ modelObs_s * nuisancePdf ]
     getLogVal() top-level p.d.f evaluates to zero @ !pdfs=(modelObs_s = 0/1,nuisancePdf = 1)

[#0] WARNING:Minization -- RooMinimizerFcn: Minimized function has error status.
Returning maximum FCN so far (994.185) to force MIGRAD to back out of this region. Error log follows
Parameter values: JER_ele=0.845872, JER_muon=0.188912, JES_ele=2.26465, JES_muon=1.76524, QCD_stat_ele=6.07024, QCD_stat_muon=5.17233, VBS_stat_ele=1.14676, VBS_stat_muon=1.91209, ele_efficiency=0.0744911, ele_trigger=1.75972, fakephoton_ele=5.02671, fakephoton_muon=1.08228, interference=-0.148162, lumi=1.76489, mu_efficiency=0.457358, mu_trigger=0.90087, non_prompt_stat_ele=6.96979, non_prompt_stat_muon=2.19923, others_stat_ele=-0.74612, others_stat_muon=0.865905, others_xs=-0.696614, param=0.539904, pdf_ele=1.93743, pdf_muon=3.06162, photon_id=3.89392, pileup=1.38612, scale_ele=5.69628, scale_muon=2.44855
RooProdPdf::model_s[ modelObs_s * nuisancePdf ]
     getLogVal() top-level p.d.f evaluates to zero @ !pdfs=(modelObs_s = 0/1,nuisancePdf = 1)

[#0] WARNING:Minization -- RooMinimizerFcn: Minimized function has error status.
Returning maximum FCN so far (1101.39) to force MIGRAD to back out of this region. Error log follows
Parameter values: JER_ele=6.81109, JER_muon=6.92821, JES_ele=5.00388, JES_muon=3.15562, QCD_stat_ele=6.98156, QCD_stat_muon=4.0478, VBS_stat_ele=6.84301, VBS_stat_muon=6.19191, ele_efficiency=2.81481, ele_trigger=6.7236, fakephoton_ele=5.78204, fakephoton_muon=6.95944, interference=6.32467, lumi=6.83765, mu_efficiency=3.58432, mu_trigger=6.3632, non_prompt_stat_ele=2.41986, non_prompt_stat_muon=-2.29631, others_stat_ele=6.5197, others_stat_muon=6.89818, others_xs=6.70187, param=0.0507848, pdf_ele=0.0240619, pdf_muon=-4.24397, photon_id=-3.57465, pileup=2.56826, scale_ele=6.43749, scale_muon=3.00532
RooProdPdf::model_s[ modelObs_s * nuisancePdf ]
     getLogVal() top-level p.d.f evaluates to zero @ !pdfs=(modelObs_s = 0/1,nuisancePdf = 1)

[#0] WARNING:Minization -- RooMinimizerFcn: Minimized function has error status.
Returning maximum FCN so far (1101.39) to force MIGRAD to back out of this region. Error log follows
Parameter values: JER_ele=4.09871, JER_muon=6.42462, JES_ele=6.13938, JES_muon=5.60271, QCD_stat_ele=-2.63139, QCD_stat_muon=6.34964, VBS_stat_ele=4.92125, VBS_stat_muon=6.8061, ele_efficiency=1.17659, ele_trigger=5.45685, fakephoton_ele=4.93988, fakephoton_muon=6.60897, interference=5.11007, lumi=6.53581, mu_efficiency=3.05186, mu_trigger=6.97994, non_prompt_stat_ele=6.96846, non_prompt_stat_muon=1.52182, others_stat_ele=3.7744, others_stat_muon=6.84076, others_xs=4.73041, param=0.0324077, pdf_ele=6.99494, pdf_muon=-0.412164, photon_id=-4.49464, pileup=2.36463, scale_ele=-4.0157, scale_muon=-5.02438
RooProdPdf::model_s[ modelObs_s * nuisancePdf ]
     getLogVal() top-level p.d.f evaluates to zero @ !pdfs=(modelObs_s = 0/1,nuisancePdf = 1)

[#0] WARNING:Minization -- RooMinimizerFcn: Minimized function has error status.
Returning maximum FCN so far (1101.39) to force MIGRAD to back out of this region. Error log follows
Parameter values: JER_ele=2.45399, JER_muon=4.48557, JES_ele=4.25104, JES_muon=6.55635, QCD_stat_ele=6.00739, QCD_stat_muon=-6.44249, VBS_stat_ele=3.89748, VBS_stat_muon=5.4735, ele_efficiency=0.871552, ele_trigger=3.57538, fakephoton_ele=-6.73056, fakephoton_muon=4.61411, interference=3.36561, lumi=4.47726, mu_efficiency=1.68061, mu_trigger=5.61392, non_prompt_stat_ele=4.43737, non_prompt_stat_muon=6.92948, others_stat_ele=3.36677, others_stat_muon=4.83805, others_xs=3.73232, param=0.022398, pdf_ele=5.62563, pdf_muon=6.91409, photon_id=5.71681, pileup=0.872469, scale_ele=5.4536, scale_muon=0.915228
RooProdPdf::model_s[ modelObs_s * nuisancePdf ]
     getLogVal() top-level p.d.f evaluates to zero @ !pdfs=(modelObs_s = 0/1,nuisancePdf = 1)

[#0] WARNING:Minization -- RooMinimizerFcn: Minimized function has error status.
Returning maximum FCN so far (1101.39) to force MIGRAD to back out of this region. Error log follows
Parameter values: JER_ele=2.0822, JER_muon=0.34121, JES_ele=5.29946, JES_muon=5.5101, QCD_stat_ele=-6.96213, QCD_stat_muon=5.4622, VBS_stat_ele=1.38682, VBS_stat_muon=6.93638, ele_efficiency=-0.412015, ele_trigger=4.39795, fakephoton_ele=4.63281, fakephoton_muon=2.57311, interference=0.197548, lumi=5.24079, mu_efficiency=1.71628, mu_trigger=2.89693, non_prompt_stat_ele=6.58434, non_prompt_stat_muon=4.6033, others_stat_ele=-3.28869, others_stat_muon=0.339416, others_xs=-3.44834, param=2.23509e-05, pdf_ele=4.28601, pdf_muon=6.90326, photon_id=6.86221, pileup=4.59428, scale_ele=4.6682, scale_muon=6.99552
RooProdPdf::model_s[ modelObs_s * nuisancePdf ]
     getLogVal() top-level p.d.f evaluates to zero @ !pdfs=(modelObs_s = 0/1,nuisancePdf = 1)

[#0] WARNING:Minization -- RooMinimizerFcn: Minimized function has error status.
Returning maximum FCN so far (1101.39) to force MIGRAD to back out of this region. Error log follows
Parameter values: JER_ele=0.0873917, JER_muon=-0.00859948, JES_ele=1.1621, JES_muon=1.44375, QCD_stat_ele=1.70824, QCD_stat_muon=4.68085, VBS_stat_ele=0.486533, VBS_stat_muon=1.59355, ele_efficiency=-0.159026, ele_trigger=0.871628, fakephoton_ele=3.43128, fakephoton_muon=1.03251, interference=-0.461723, lumi=1.32091, mu_efficiency=0.396701, mu_trigger=0.650846, non_prompt_stat_ele=6.40324, non_prompt_stat_muon=2.07993, others_stat_ele=-1.53196, others_stat_muon=0.846995, others_xs=-1.21059, param=0.00257137, pdf_ele=0.307518, pdf_muon=2.66087, photon_id=2.3885, pileup=1.40311, scale_ele=3.10662, scale_muon=1.4793
RooProdPdf::model_s[ modelObs_s * nuisancePdf ]
     getLogVal() top-level p.d.f evaluates to zero @ !pdfs=(modelObs_s = 0/1,nuisancePdf = 1)

[#0] WARNING:Minization -- RooMinimizerFcn: Minimized function has error status.
Returning maximum FCN so far (1101.39) to force MIGRAD to back out of this region. Error log follows
Parameter values: JER_ele=-4.08305, JER_muon=-4.20504, JES_ele=-5.8179, JES_muon=-5.6203, QCD_stat_ele=-3.04805, QCD_stat_muon=0.496272, VBS_stat_ele=-5.41531, VBS_stat_muon=-2.59495, ele_efficiency=-1.7283, ele_trigger=-4.8447, fakephoton_ele=1.86205, fakephoton_muon=-3.51893, interference=-3.80895, lumi=-3.8787, mu_efficiency=-1.12907, mu_trigger=-4.93164, non_prompt_stat_ele=6.97783, non_prompt_stat_muon=-6.79607, others_stat_ele=-5.64188, others_stat_muon=-4.72106, others_xs=-5.47141, param=0.00365357, pdf_ele=-6.98388, pdf_muon=-6.3425, photon_id=-5.36984, pileup=0.774548, scale_ele=0.560884, scale_muon=-2.351
RooProdPdf::model_s[ modelObs_s * nuisancePdf ]
     getLogVal() top-level p.d.f evaluates to zero @ !pdfs=(modelObs_s = 0/1,nuisancePdf = 1)

[#0] WARNING:Minization -- RooMinimizerFcn: Minimized function has error status.
Returning maximum FCN so far (1101.39) to force MIGRAD to back out of this region. Error log follows
Parameter values: JER_ele=0.267418, JER_muon=0.0214229, JES_ele=1.34543, JES_muon=1.38872, QCD_stat_ele=3.26209, QCD_stat_muon=4.42749, VBS_stat_ele=0.561421, VBS_stat_muon=1.68716, ele_efficiency=-0.102616, ele_trigger=1.02505, fakephoton_ele=3.33303, fakephoton_muon=0.934259, interference=-0.35478, lumi=1.33808, mu_efficiency=0.382745, mu_trigger=0.635358, non_prompt_stat_ele=6.13644, non_prompt_stat_muon=1.86206, others_stat_ele=-1.29694, others_stat_muon=0.685109, others_xs=-1.05973, param=9.22886e-05, pdf_ele=0.667392, pdf_muon=2.58749, photon_id=2.56644, pileup=1.31836, scale_ele=3.55933, scale_muon=1.45315
RooProdPdf::model_s[ modelObs_s * nuisancePdf ]
     getLogVal() top-level p.d.f evaluates to zero @ !pdfs=(modelObs_s = 0/1,nuisancePdf = 1)

[#0] WARNING:Minization -- RooMinimizerFcn: Minimized function has error status.
Returning maximum FCN so far (1101.39) to force MIGRAD to back out of this region. Error log follows
Parameter values: JER_ele=0.3841, JER_muon=0.0159886, JES_ele=1.4763, JES_muon=1.4483, QCD_stat_ele=4.67878, QCD_stat_muon=4.31557, VBS_stat_ele=0.538321, VBS_stat_muon=1.98129, ele_efficiency=-0.0956212, ele_trigger=1.14173, fakephoton_ele=3.07528, fakephoton_muon=0.879193, interference=-0.307271, lumi=1.42146, mu_efficiency=0.402232, mu_trigger=0.656932, non_prompt_stat_ele=5.72048, non_prompt_stat_muon=1.71609, others_stat_ele=-1.31308, others_stat_muon=0.548656, others_xs=-1.11848, param=0.000120668, pdf_ele=0.848007, pdf_muon=2.72913, photon_id=2.76761, pileup=1.37275, scale_ele=3.82964, scale_muon=1.57745
RooProdPdf::model_s[ modelObs_s * nuisancePdf ]
     getLogVal() top-level p.d.f evaluates to zero @ !pdfs=(modelObs_s = 0/1,nuisancePdf = 1)

[#0] WARNING:Minization -- RooMinimizerFcn: Minimized function has error status.
Returning maximum FCN so far (1101.39) to force MIGRAD to back out of this region. Error log follows
Parameter values: JER_ele=2.7756, JER_muon=1.52621, JES_ele=5.43752, JES_muon=3.33945, QCD_stat_ele=6.10269, QCD_stat_muon=6.90315, VBS_stat_ele=4.83123, VBS_stat_muon=4.2031, ele_efficiency=0.862503, ele_trigger=4.32892, fakephoton_ele=2.47647, fakephoton_muon=2.52958, interference=1.51376, lumi=3.95974, mu_efficiency=0.794865, mu_trigger=2.35461, non_prompt_stat_ele=3.65266, non_prompt_stat_muon=5.2223, others_stat_ele=1.48934, others_stat_muon=2.79964, others_xs=1.47186, param=0.0093009, pdf_ele=5.71757, pdf_muon=4.99754, photon_id=6.97441, pileup=1.36122, scale_ele=3.9904, scale_muon=5.64378
RooProdPdf::model_s[ modelObs_s * nuisancePdf ]
     getLogVal() top-level p.d.f evaluates to zero @ !pdfs=(modelObs_s = 0/1,nuisancePdf = 1)

[#0] WARNING:Minization -- RooMinimizerFcn: Minimized function has error status.
Returning maximum FCN so far (1101.39) to force MIGRAD to back out of this region. Error log follows
Parameter values: JER_ele=3.02752, JER_muon=2.79169, JES_ele=5.41177, JES_muon=5.63904, QCD_stat_ele=1.6447, QCD_stat_muon=0.695253, VBS_stat_ele=3.92978, VBS_stat_muon=4.69297, ele_efficiency=0.83053, ele_trigger=4.44422, fakephoton_ele=4.78293, fakephoton_muon=3.58377, interference=2.01327, lumi=4.37651, mu_efficiency=1.3736, mu_trigger=4.23931, non_prompt_stat_ele=-4.05318, non_prompt_stat_muon=6.62265, others_stat_ele=1.57783, others_stat_muon=3.82984, others_xs=1.92973, param=0.00549301, pdf_ele=6.04137, pdf_muon=6.87335, photon_id=6.34417, pileup=1.71576, scale_ele=3.03403, scale_muon=5.8298
RooProdPdf::model_s[ modelObs_s * nuisancePdf ]
     getLogVal() top-level p.d.f evaluates to zero @ !pdfs=(modelObs_s = 0/1,nuisancePdf = 1)

[#0] WARNING:Minization -- RooMinimizerFcn: Minimized function has error status.
Returning maximum FCN so far (1101.39) to force MIGRAD to back out of this region. Error log follows
Parameter values: JER_ele=3.47869, JER_muon=2.83524, JES_ele=5.94453, JES_muon=5.83393, QCD_stat_ele=-1.83148, QCD_stat_muon=0.184877, VBS_stat_ele=4.39943, VBS_stat_muon=4.88073, ele_efficiency=0.969431, ele_trigger=4.97555, fakephoton_ele=2.98464, fakephoton_muon=3.8361, interference=2.11686, lumi=4.72265, mu_efficiency=1.44421, mu_trigger=4.38805, non_prompt_stat_ele=-6.15089, non_prompt_stat_muon=6.81201, others_stat_ele=1.92546, others_stat_muon=3.99326, others_xs=2.09158, param=0.0101859, pdf_ele=6.54025, pdf_muon=6.94831, photon_id=5.6475, pileup=1.88661, scale_ele=0.304153, scale_muon=5.37936
RooProdPdf::model_s[ modelObs_s * nuisancePdf ]
     getLogVal() top-level p.d.f evaluates to zero @ !pdfs=(modelObs_s = 0/1,nuisancePdf = 1)

[#0] WARNING:Minization -- RooMinimizerFcn: Minimized function has error status.
Returning maximum FCN so far (1101.39) to force MIGRAD to back out of this region. Error log follows
Parameter values: JER_ele=3.85069, JER_muon=2.47205, JES_ele=6.28858, JES_muon=6.2174, QCD_stat_ele=-6.85242, QCD_stat_muon=2.44809, VBS_stat_ele=4.23254, VBS_stat_muon=5.42971, ele_efficiency=0.923774, ele_trigger=5.38453, fakephoton_ele=4.22923, fakephoton_muon=5.08277, interference=1.96841, lumi=5.12465, mu_efficiency=1.60746, mu_trigger=4.53245, non_prompt_stat_ele=-4.3596, non_prompt_stat_muon=6.68347, others_stat_ele=1.39248, others_stat_muon=4.15662, others_xs=1.57085, param=0.0275215, pdf_ele=6.74638, pdf_muon=6.99697, photon_id=4.77304, pileup=2.51149, scale_ele=-1.60178, scale_muon=4.47822
RooProdPdf::model_s[ modelObs_s * nuisancePdf ]
     getLogVal() top-level p.d.f evaluates to zero @ !pdfs=(modelObs_s = 0/1,nuisancePdf = 1)

[#0] WARNING:Minization -- RooMinimizerFcn: Minimized function has error status.
Returning maximum FCN so far (1101.39) to force MIGRAD to back out of this region. Error log follows
Parameter values: JER_ele=2.93064, JER_muon=1.89912, JES_ele=5.26146, JES_muon=4.89626, QCD_stat_ele=1.51481, QCD_stat_muon=6.34349, VBS_stat_ele=3.70739, VBS_stat_muon=4.03757, ele_efficiency=0.774361, ele_trigger=4.30695, fakephoton_ele=6.16333, fakephoton_muon=4.58854, interference=1.54444, lumi=4.02009, mu_efficiency=1.1343, mu_trigger=3.41141, non_prompt_stat_ele=-0.781307, non_prompt_stat_muon=6.96963, others_stat_ele=1.27304, others_stat_muon=3.19974, others_xs=1.38943, param=0.0281004, pdf_ele=5.84888, pdf_muon=6.3248, photon_id=6.87468, pileup=1.72112, scale_ele=3.76946, scale_muon=6.92779
RooProdPdf::model_s[ modelObs_s * nuisancePdf ]
     getLogVal() top-level p.d.f evaluates to zero @ !pdfs=(modelObs_s = 0/1,nuisancePdf = 1)

[#0] WARNING:Minization -- RooMinimizerFcn: Minimized function has error status.
Returning maximum FCN so far (1101.39) to force MIGRAD to back out of this region. Error log follows
Parameter values: JER_ele=2.93839, JER_muon=2.22732, JES_ele=5.36725, JES_muon=5.18992, QCD_stat_ele=2.06154, QCD_stat_muon=4.17046, VBS_stat_ele=3.82842, VBS_stat_muon=4.31943, ele_efficiency=0.780526, ele_trigger=4.39663, fakephoton_ele=5.63681, fakephoton_muon=3.90612, interference=1.65908, lumi=4.21009, mu_efficiency=1.23602, mu_trigger=3.71496, non_prompt_stat_ele=-2.63243, non_prompt_stat_muon=6.8554, others_stat_ele=1.36355, others_stat_muon=3.41453, others_xs=1.51701, param=0.0546842, pdf_ele=5.91566, pdf_muon=6.60853, photon_id=6.7092, pileup=1.79899, scale_ele=3.31041, scale_muon=6.7024
RooProdPdf::model_s[ modelObs_s * nuisancePdf ]
     getLogVal() top-level p.d.f evaluates to zero @ !pdfs=(modelObs_s = 0/1,nuisancePdf = 1)

[#0] WARNING:Minization -- RooMinimizerFcn: Minimized function has error status.
Returning maximum FCN so far (1101.39) to force MIGRAD to back out of this region. Error log follows
Parameter values: JER_ele=-5.2662, JER_muon=-4.64668, JES_ele=-6.79556, JES_muon=-6.14872, QCD_stat_ele=6.58352, QCD_stat_muon=2.65605, VBS_stat_ele=-6.29407, VBS_stat_muon=-3.7565, ele_efficiency=-2.18328, ele_trigger=-6.04235, fakephoton_ele=5.48239, fakephoton_muon=-3.68956, interference=-4.44463, lumi=-4.80323, mu_efficiency=-1.32503, mu_trigger=-5.43666, non_prompt_stat_ele=4.82618, non_prompt_stat_muon=-6.89349, others_stat_ele=-6.34745, others_stat_muon=-4.93868, others_xs=-5.99674, param=0.117307, pdf_ele=-6.37576, pdf_muon=-6.81451, photon_id=-2.1022, pileup=0.664264, scale_ele=6.32991, scale_muon=0.2308
RooProdPdf::model_s[ modelObs_s * nuisancePdf ]
     getLogVal() top-level p.d.f evaluates to zero @ !pdfs=(modelObs_s = 0/1,nuisancePdf = 1)

[#0] WARNING:Minization -- RooMinimizerFcn: Minimized function has error status.
Returning maximum FCN so far (1101.39) to force MIGRAD to back out of this region. Error log follows
Parameter values: JER_ele=-5.07668, JER_muon=-4.48873, JES_ele=-6.67181, JES_muon=-5.99117, QCD_stat_ele=5.93842, QCD_stat_muon=1.63197, VBS_stat_ele=-6.12278, VBS_stat_muon=-3.60929, ele_efficiency=-2.08655, ele_trigger=-5.85458, fakephoton_ele=4.52546, fakephoton_muon=-3.54813, interference=-4.29331, lumi=-4.6181, mu_efficiency=-1.268, mu_trigger=-5.27018, non_prompt_stat_ele=6.03389, non_prompt_stat_muon=-6.81088, others_stat_ele=-6.2004, others_stat_muon=-4.77161, others_xs=-5.84037, param=0.014691, pdf_ele=-6.61861, pdf_muon=-6.70943, photon_id=-2.94461, pileup=0.65597, scale_ele=5.58332, scale_muon=-0.65114
RooProdPdf::model_s[ modelObs_s * nuisancePdf ]
     getLogVal() top-level p.d.f evaluates to zero @ !pdfs=(modelObs_s = 0/1,nuisancePdf = 1)

[#0] WARNING:Minization -- RooMinimizerFcn: Minimized function has error status.
Returning maximum FCN so far (1101.39) to force MIGRAD to back out of this region. Error log follows
Parameter values: JER_ele=-4.9251, JER_muon=-4.36319, JES_ele=-6.54847, JES_muon=-5.83074, QCD_stat_ele=5.19471, QCD_stat_muon=0.673613, VBS_stat_ele=-5.97961, VBS_stat_muon=-3.43461, ele_efficiency=-2.0187, ele_trigger=-5.68839, fakephoton_ele=3.64259, fakephoton_muon=-3.40697, interference=-4.17857, lumi=-4.44092, mu_efficiency=-1.21024, mu_trigger=-5.11903, non_prompt_stat_ele=6.67764, non_prompt_stat_muon=-6.71029, others_stat_ele=-6.09488, others_stat_muon=-4.62532, others_xs=-5.73034, param=0.0455823, pdf_ele=-6.76658, pdf_muon=-6.5808, photon_id=-3.6251, pileup=0.689002, scale_ele=4.79416, scale_muon=-1.42836
RooProdPdf::model_s[ modelObs_s * nuisancePdf ]
     getLogVal() top-level p.d.f evaluates to zero @ !pdfs=(modelObs_s = 0/1,nuisancePdf = 1)

[#0] WARNING:Minization -- RooMinimizerFcn: Minimized function has error status.
Returning maximum FCN so far (1101.39) to force MIGRAD to back out of this region. Error log follows
Parameter values: JER_ele=-4.76893, JER_muon=-4.2308, JES_ele=-6.41136, JES_muon=-5.6699, QCD_stat_ele=4.33077, QCD_stat_muon=-0.259917, VBS_stat_ele=-5.82533, VBS_stat_muon=-3.27831, ele_efficiency=-1.94724, ele_trigger=-5.51825, fakephoton_ele=2.68982, fakephoton_muon=-3.27536, interference=-4.05636, lumi=-4.27119, mu_efficiency=-1.15722, mu_trigger=-4.96605, non_prompt_stat_ele=6.97468, non_prompt_stat_muon=-6.59768, others_stat_ele=-5.97498, others_stat_muon=-4.47656, others_xs=-5.60537, param=0.0366774, pdf_ele=-6.87847, pdf_muon=-6.44245, photon_id=-4.24129, pileup=0.703136, scale_ele=3.89889, scale_muon=-2.16213
RooProdPdf::model_s[ modelObs_s * nuisancePdf ]
     getLogVal() top-level p.d.f evaluates to zero @ !pdfs=(modelObs_s = 0/1,nuisancePdf = 1)

[#0] WARNING:Minization -- RooMinimizerFcn: Minimized function has error status.
Returning maximum FCN so far (1101.39) to force MIGRAD to back out of this region. Error log follows
Parameter values: JER_ele=-4.62434, JER_muon=-4.10938, JES_ele=-6.27078, JES_muon=-5.5099, QCD_stat_ele=3.4282, QCD_stat_muon=-1.12889, VBS_stat_ele=-5.67871, VBS_stat_muon=-3.12631, ele_efficiency=-1.88404, ele_trigger=-5.35468, fakephoton_ele=1.76816, fakephoton_muon=-3.14888, interference=-3.94606, lumi=-4.10872, mu_efficiency=-1.1066, mu_trigger=-4.82005, non_prompt_stat_ele=6.95303, non_prompt_stat_muon=-6.4749, others_stat_ele=-5.86498, others_stat_muon=-4.33618, others_xs=-5.492, param=0.0365556, pdf_ele=-6.94852, pdf_muon=-6.2934, photon_id=-4.76667, pileup=0.723771, scale_ele=2.98902, scale_muon=-2.82287
RooProdPdf::model_s[ modelObs_s * nuisancePdf ]
     getLogVal() top-level p.d.f evaluates to zero @ !pdfs=(modelObs_s = 0/1,nuisancePdf = 1)

[#0] WARNING:Minization -- RooMinimizerFcn: Minimized function has error status.
Returning maximum FCN so far (1101.39) to force MIGRAD to back out of this region. Error log follows
Parameter values: JER_ele=3.02651, JER_muon=2.21183, JES_ele=5.43374, JES_muon=4.92018, QCD_stat_ele=1.81167, QCD_stat_muon=3.85407, VBS_stat_ele=3.92735, VBS_stat_muon=4.05847, ele_efficiency=0.834708, ele_trigger=4.46105, fakephoton_ele=4.38444, fakephoton_muon=2.95719, interference=1.60019, lumi=4.08634, mu_efficiency=1.16412, mu_trigger=3.5375, non_prompt_stat_ele=-4.72179, non_prompt_stat_muon=5.87774, others_stat_ele=1.58436, others_stat_muon=3.20198, others_xs=1.57458, param=0.0407802, pdf_ele=6.05505, pdf_muon=6.43161, photon_id=6.76039, pileup=1.68193, scale_ele=2.90191, scale_muon=6.8925
RooProdPdf::model_s[ modelObs_s * nuisancePdf ]
     getLogVal() top-level p.d.f evaluates to zero @ !pdfs=(modelObs_s = 0/1,nuisancePdf = 1)

[#0] WARNING:Minization -- RooMinimizerFcn: Minimized function has error status.
Returning maximum FCN so far (1101.39) to force MIGRAD to back out of this region. Error log follows
Parameter values: JER_ele=2.89191, JER_muon=2.09777, JES_ele=5.27006, JES_muon=4.76648, QCD_stat_ele=2.59917, QCD_stat_muon=4.41779, VBS_stat_ele=3.76363, VBS_stat_muon=3.94629, ele_efficiency=0.785226, ele_trigger=4.30633, fakephoton_ele=4.93934, fakephoton_muon=2.85346, interference=1.49784, lumi=3.95661, mu_efficiency=1.12351, mu_trigger=3.39601, non_prompt_stat_ele=-3.87366, non_prompt_stat_muon=5.72387, others_stat_ele=1.43281, others_stat_muon=3.07287, others_xs=1.43491, param=0.0404382, pdf_ele=5.87312, pdf_muon=6.31237, photon_id=6.8794, pileup=1.66482, scale_ele=3.60955, scale_muon=6.96859
RooProdPdf::model_s[ modelObs_s * nuisancePdf ]
     getLogVal() top-level p.d.f evaluates to zero @ !pdfs=(modelObs_s = 0/1,nuisancePdf = 1)

[#0] WARNING:Minization -- RooMinimizerFcn: Minimized function has error status.
Returning maximum FCN so far (1101.39) to force MIGRAD to back out of this region. Error log follows
Parameter values: JER_ele=2.75978, JER_muon=1.9859, JES_ele=5.10424, JES_muon=4.61227, QCD_stat_ele=3.33001, QCD_stat_muon=4.92538, VBS_stat_ele=3.60159, VBS_stat_muon=3.83541, ele_efficiency=0.737069, ele_trigger=4.15254, fakephoton_ele=5.42541, fakephoton_muon=2.75151, interference=1.39774, lumi=3.82832, mu_efficiency=1.08386, mu_trigger=3.25619, non_prompt_stat_ele=-2.96081, non_prompt_stat_muon=5.56521, others_stat_ele=1.28475, others_stat_muon=2.94565, others_xs=1.29828, param=0.0401016, pdf_ele=5.68228, pdf_muon=6.1857, photon_id=6.95662, pileup=1.64814, scale_ele=4.25259, scale_muon=6.9991
RooProdPdf::model_s[ modelObs_s * nuisancePdf ]
     getLogVal() top-level p.d.f evaluates to zero @ !pdfs=(modelObs_s = 0/1,nuisancePdf = 1)

[#0] WARNING:Minization -- RooMinimizerFcn: Minimized function has error status.
Returning maximum FCN so far (1101.39) to force MIGRAD to back out of this region. Error log follows
Parameter values: JER_ele=2.63006, JER_muon=1.87623, JES_ele=4.93676, JES_muon=4.45793, QCD_stat_ele=3.99878, QCD_stat_muon=5.37554, VBS_stat_ele=3.44134, VBS_stat_muon=3.72592, ele_efficiency=0.690172, ele_trigger=3.99986, fakephoton_ele=5.84273, fakephoton_muon=2.65139, interference=1.29988, lumi=3.70155, mu_efficiency=1.04514, mu_trigger=3.11818, non_prompt_stat_ele=-2.00866, non_prompt_stat_muon=5.40255, others_stat_ele=1.1401, others_stat_muon=2.82041, others_xs=1.16468, param=0.03977, pdf_ele=5.48383, pdf_muon=6.05251, photon_id=6.99473, pileup=1.63188, scale_ele=4.82802, scale_muon=6.98706
RooProdPdf::model_s[ modelObs_s * nuisancePdf ]
     getLogVal() top-level p.d.f evaluates to zero @ !pdfs=(modelObs_s = 0/1,nuisancePdf = 1)

[#0] WARNING:Minization -- RooMinimizerFcn: Minimized function has error status.
Returning maximum FCN so far (1101.39) to force MIGRAD to back out of this region. Error log follows
Parameter values: JER_ele=2.50273, JER_muon=1.76876, JES_ele=4.76808, JES_muon=4.30376, QCD_stat_ele=4.60172, QCD_stat_muon=5.7679, VBS_stat_ele=3.28297, VBS_stat_muon=3.61787, ele_efficiency=0.644473, ele_trigger=3.84841, fakephoton_ele=6.19223, fakephoton_muon=2.55309, interference=1.2042, lumi=3.57636, mu_efficiency=1.00734, mu_trigger=2.98208, non_prompt_stat_ele=-1.04034, non_prompt_stat_muon=5.23657, others_stat_ele=0.99875, others_stat_muon=2.6972, others_xs=1.03404, param=0.0394434, pdf_ele=5.27893, pdf_muon=5.9136, photon_id=6.99643, pileup=1.61603, scale_ele=5.3342, scale_muon=6.9356
RooProdPdf::model_s[ modelObs_s * nuisancePdf ]
     getLogVal() top-level p.d.f evaluates to zero @ !pdfs=(modelObs_s = 0/1,nuisancePdf = 1)

[#0] WARNING:Minization -- RooMinimizerFcn: Minimized function has error status.
Returning maximum FCN so far (1101.39) to force MIGRAD to back out of this region. Error log follows
Parameter values: JER_ele=2.37772, JER_muon=1.66348, JES_ele=4.59858, JES_muon=4.15003, QCD_stat_ele=5.13645, QCD_stat_muon=6.10292, VBS_stat_ele=3.12654, VBS_stat_muon=3.51132, ele_efficiency=0.599916, ele_trigger=3.69829, fakephoton_ele=6.47556, fakephoton_muon=2.45662, interference=1.11065, lumi=3.4528, mu_efficiency=0.970425, mu_trigger=2.84794, non_prompt_stat_ele=-0.0764373, non_prompt_stat_muon=5.06789, others_stat_ele=0.860609, others_stat_muon=2.57603, others_xs=0.906299, param=0.0391215, pdf_ele=5.0686, pdf_muon=5.76974, photon_id=6.96439, pileup=1.60056, scale_ele=5.7706, scale_muon=6.84785
RooProdPdf::model_s[ modelObs_s * nuisancePdf ]
     getLogVal() top-level p.d.f evaluates to zero @ !pdfs=(modelObs_s = 0/1,nuisancePdf = 1)

[#0] WARNING:Minization -- RooMinimizerFcn: Minimized function has error status.
Returning maximum FCN so far (1101.39) to force MIGRAD to back out of this region. Error log follows
Parameter values: JER_ele=2.25501, JER_muon=1.56035, JES_ele=4.4286, JES_muon=3.99696, QCD_stat_ele=5.60182, QCD_stat_muon=6.38168, VBS_stat_ele=2.97211, VBS_stat_muon=3.40629, ele_efficiency=0.556446, ele_trigger=3.54961, fakephoton_ele=6.6949, fakephoton_muon=2.36195, interference=1.01918, lumi=3.33088, mu_efficiency=0.934375, mu_trigger=2.71582, non_prompt_stat_ele=0.865031, non_prompt_stat_muon=4.89709, others_stat_ele=0.725583, others_stat_muon=2.45692, others_xs=0.781396, param=0.0388041, pdf_ele=4.85381, pdf_muon=5.6216, photon_id=6.90122, pileup=1.58547, scale_ele=6.13765, scale_muon=6.72693
RooProdPdf::model_s[ modelObs_s * nuisancePdf ]
     getLogVal() top-level p.d.f evaluates to zero @ !pdfs=(modelObs_s = 0/1,nuisancePdf = 1)

[#0] WARNING:Minization -- RooMinimizerFcn: Minimized function has error status.
Returning maximum FCN so far (1101.39) to force MIGRAD to back out of this region. Error log follows
Parameter values: JER_ele=2.13453, JER_muon=1.45933, JES_ele=4.25844, JES_muon=3.84474, QCD_stat_ele=5.99771, QCD_stat_muon=6.6058, VBS_stat_ele=2.81971, VBS_stat_muon=3.30278, ele_efficiency=0.514012, ele_trigger=3.40244, fakephoton_ele=6.8529, fakephoton_muon=2.26906, interference=0.92973, lumi=3.21063, mu_efficiency=0.899158, mu_trigger=2.58572, non_prompt_stat_ele=1.76865, non_prompt_stat_muon=4.72463, others_stat_ele=0.593575, others_stat_muon=2.33985, others_xs=0.659253, param=0.0384912, pdf_ele=4.63537, pdf_muon=5.46979, photon_id=6.80946, pileup=1.57073, scale_ele=6.43659, scale_muon=6.57585
RooProdPdf::model_s[ modelObs_s * nuisancePdf ]
     getLogVal() top-level p.d.f evaluates to zero @ !pdfs=(modelObs_s = 0/1,nuisancePdf = 1)

[#0] WARNING:Minization -- RooMinimizerFcn: Minimized function has error status.
Returning maximum FCN so far (1101.39) to force MIGRAD to back out of this region. Error log follows
Parameter values: JER_ele=2.01622, JER_muon=1.36036, JES_ele=4.08837, JES_muon=3.69352, QCD_stat_ele=6.32488, QCD_stat_muon=6.77726, VBS_stat_ele=2.66938, VBS_stat_muon=3.20079, ele_efficiency=0.472565, ele_trigger=3.25683, fakephoton_ele=6.9525, fakephoton_muon=2.17791, interference=0.842227, lumi=3.09204, mu_efficiency=0.864741, mu_trigger=2.45766, non_prompt_stat_ele=2.62153, non_prompt_stat_muon=4.55095, others_stat_ele=0.464491, others_stat_muon=2.22481, others_xs=0.539789, param=0.0381824, pdf_ele=4.41405, pdf_muon=5.31484, photon_id=6.69153, pileup=1.55633, scale_ele=6.66929, scale_muon=6.3975
RooProdPdf::model_s[ modelObs_s * nuisancePdf ]
     getLogVal() top-level p.d.f evaluates to zero @ !pdfs=(modelObs_s = 0/1,nuisancePdf = 1)

[#0] WARNING:Minization -- RooMinimizerFcn: Minimized function has error status.
Returning maximum FCN so far (1101.39) to force MIGRAD to back out of this region. Error log follows
Parameter values: JER_ele=1.90004, JER_muon=1.26339, JES_ele=3.9186, JES_muon=3.54342, QCD_stat_ele=6.58479, QCD_stat_muon=6.89836, VBS_stat_ele=2.52111, VBS_stat_muon=3.10031, ele_efficiency=0.43206, ele_trigger=3.11282, fakephoton_ele=6.99689, fakephoton_muon=2.08844, interference=0.756606, lumi=2.9751, mu_efficiency=0.831092, mu_trigger=2.33162, non_prompt_stat_ele=3.41316, non_prompt_stat_muon=4.37642, others_stat_ele=0.338232, others_stat_muon=2.11175, others_xs=0.42292, param=0.0378778, pdf_ele=4.19052, pdf_muon=5.15726, photon_id=6.54976, pileup=1.54225, scale_ele=6.83813, scale_muon=6.19464
RooProdPdf::model_s[ modelObs_s * nuisancePdf ]
     getLogVal() top-level p.d.f evaluates to zero @ !pdfs=(modelObs_s = 0/1,nuisancePdf = 1)

[#0] WARNING:Minization -- RooMinimizerFcn: Minimized function has error status.
Returning maximum FCN so far (1101.39) to force MIGRAD to back out of this region. Error log follows
Parameter values: JER_ele=1.78592, JER_muon=1.16834, JES_ele=3.74934, JES_muon=3.39453, QCD_stat_ele=6.77947, QCD_stat_muon=6.97159, VBS_stat_ele=2.3749, VBS_stat_muon=3.00131, ele_efficiency=0.39245, ele_trigger=2.97044, fakephoton_ele=6.98941, fakephoton_muon=2.00061, interference=0.672793, lumi=2.85979, mu_efficiency=0.798178, mu_trigger=2.20757, non_prompt_stat_ele=4.13526, non_prompt_stat_muon=4.20136, others_stat_ele=0.214702, others_stat_muon=2.00063, others_xs=0.308559, param=0.037577, pdf_ele=3.96537, pdf_muon=4.99747, photon_id=6.38633, pileup=1.52849, scale_ele=6.94589, scale_muon=5.96986
RooProdPdf::model_s[ modelObs_s * nuisancePdf ]
     getLogVal() top-level p.d.f evaluates to zero @ !pdfs=(modelObs_s = 0/1,nuisancePdf = 1)

[#0] WARNING:Minization -- RooMinimizerFcn: Minimized function has error status.
Returning maximum FCN so far (1101.39) to force MIGRAD to back out of this region. Error log follows
Parameter values: JER_ele=1.67379, JER_muon=1.07516, JES_ele=3.58073, JES_muon=3.24692, QCD_stat_ele=6.91141, QCD_stat_muon=6.99954, VBS_stat_ele=2.23074, VBS_stat_muon=2.90376, ele_efficiency=0.353691, ele_trigger=2.82969, fakephoton_ele=6.93347, fakephoton_muon=1.91437, interference=0.590718, lumi=2.7461, mu_efficiency=0.765966, mu_trigger=2.08549, non_prompt_stat_ele=4.78159, non_prompt_stat_muon=4.02606, others_stat_ele=0.0938001, others_stat_muon=1.89141, others_xs=0.196614, param=0.0372801, pdf_ele=3.73911, pdf_muon=4.83586, photon_id=6.2033, pileup=1.51501, scale_ele=6.99563, scale_muon=5.72559
RooProdPdf::model_s[ modelObs_s * nuisancePdf ]
     getLogVal() top-level p.d.f evaluates to zero @ !pdfs=(modelObs_s = 0/1,nuisancePdf = 1)

[#0] WARNING:Minization -- RooMinimizerFcn: Minimized function has error status.
Returning maximum FCN so far (1101.39) to force MIGRAD to back out of this region. Error log follows
Parameter values: JER_ele=1.56359, JER_muon=0.983772, JES_ele=3.41291, JES_muon=3.10064, QCD_stat_ele=6.98344, QCD_stat_muon=6.98492, VBS_stat_ele=2.0886, VBS_stat_muon=2.80763, ele_efficiency=0.315742, ele_trigger=2.69058, fakephoton_ele=6.83251, fakephoton_muon=1.82966, interference=0.510306, lumi=2.63397, mu_efficiency=0.734422, mu_trigger=1.96532, non_prompt_stat_ele=5.34774, non_prompt_stat_muon=3.85075, others_stat_ele=-0.024572, others_stat_muon=1.78403, others_xs=0.0869943, param=0.0369868, pdf_ele=3.5122, pdf_muon=4.67274, photon_id=6.00259, pileup=1.50182, scale_ele=6.9906, scale_muon=5.46412
RooProdPdf::model_s[ modelObs_s * nuisancePdf ]
     getLogVal() top-level p.d.f evaluates to zero @ !pdfs=(modelObs_s = 0/1,nuisancePdf = 1)

[#0] WARNING:Minization -- RooMinimizerFcn: Minimized function has error status.
Returning maximum FCN so far (1101.39) to force MIGRAD to back out of this region. Error log follows
Parameter values: JER_ele=1.45525, JER_muon=0.894101, JES_ele=3.24599, JES_muon=2.95573, QCD_stat_ele=6.99863, QCD_stat_muon=6.93042, VBS_stat_ele=1.94845, VBS_stat_muon=2.71287, ele_efficiency=0.278559, ele_trigger=2.5531, fakephoton_ele=6.68994, fakephoton_muon=1.74641, interference=0.431483, lumi=2.52338, mu_efficiency=0.703513, mu_trigger=1.84702, non_prompt_stat_ele=5.83093, non_prompt_stat_muon=3.67562, others_stat_ele=-0.140516, others_stat_muon=1.67842, others_xs=-0.020395, param=0.0366971, pdf_ele=3.28505, pdf_muon=4.50843, photon_id=5.786, pileup=1.48889, scale_ele=6.93419, scale_muon=5.18752
RooProdPdf::model_s[ modelObs_s * nuisancePdf ]
     getLogVal() top-level p.d.f evaluates to zero @ !pdfs=(modelObs_s = 0/1,nuisancePdf = 1)

[#0] WARNING:Minization -- RooMinimizerFcn: Minimized function has error status.
Returning maximum FCN so far (1101.39) to force MIGRAD to back out of this region. Error log follows
Parameter values: JER_ele=1.34869, JER_muon=0.806072, JES_ele=3.08005, JES_muon=2.81218, QCD_stat_ele=6.96021, QCD_stat_muon=6.83873, VBS_stat_ele=1.81024, VBS_stat_muon=2.61944, ele_efficiency=0.242103, ele_trigger=2.41722, fakephoton_ele=6.50908, fakephoton_muon=1.66457, interference=0.354175, lumi=2.41427, mu_efficiency=0.673207, mu_trigger=1.73052, non_prompt_stat_ele=6.22979, non_prompt_stat_muon=3.50084, others_stat_ele=-0.254133, others_stat_muon=1.57452, others_xs=-0.12565, param=0.0364107, pdf_ele=3.05798, pdf_muon=4.34315, photon_id=5.55519, pileup=1.47621, scale_ele=6.82982, scale_muon=4.89773
RooProdPdf::model_s[ modelObs_s * nuisancePdf ]
     getLogVal() top-level p.d.f evaluates to zero @ !pdfs=(modelObs_s = 0/1,nuisancePdf = 1)

[#0] WARNING:Minization -- RooMinimizerFcn: Minimized function has error status.
Returning maximum FCN so far (1101.39) to force MIGRAD to back out of this region. Error log follows
Parameter values: JER_ele=1.22843, JER_muon=0.706553, JES_ele=2.89242, JES_muon=2.65214, QCD_stat_ele=6.85559, QCD_stat_muon=6.69334, VBS_stat_ele=1.6537, VBS_stat_muon=2.51701, ele_efficiency=0.200583, ele_trigger=2.26441, fakephoton_ele=6.25965, fakephoton_muon=1.57407, interference=0.266312, lumi=2.29315, mu_efficiency=0.639959, mu_trigger=1.60021, non_prompt_stat_ele=6.58131, non_prompt_stat_muon=3.30418, others_stat_ele=-0.384756, others_stat_muon=1.45861, others_xs=-0.246595, param=0.0417424, pdf_ele=2.79773, pdf_muon=4.15707, photon_id=5.27758, pileup=1.46479, scale_ele=6.65689, scale_muon=4.55548
RooProdPdf::model_s[ modelObs_s * nuisancePdf ]
     getLogVal() top-level p.d.f evaluates to zero @ !pdfs=(modelObs_s = 0/1,nuisancePdf = 1)

[#0] WARNING:Minization -- RooMinimizerFcn: Minimized function has error status.
Returning maximum FCN so far (1101.39) to force MIGRAD to back out of this region. Error log follows
Parameter values: JER_ele=1.05163, JER_muon=0.561163, JES_ele=2.61678, JES_muon=2.42391, QCD_stat_ele=6.59166, QCD_stat_muon=6.40948, VBS_stat_ele=1.42309, VBS_stat_muon=2.37639, ele_efficiency=0.138617, ele_trigger=2.0414, fakephoton_ele=5.81119, fakephoton_muon=1.44631, interference=0.136826, lumi=2.12083, mu_efficiency=0.593604, mu_trigger=1.41304, non_prompt_stat_ele=6.90489, non_prompt_stat_muon=3.0204, others_stat_ele=-0.582399, others_stat_muon=1.29254, others_xs=-0.428809, param=0.0779492, pdf_ele=2.40824, pdf_muon=3.88971, photon_id=4.84324, pileup=1.4546, scale_ele=6.3042, scale_muon=4.0337
RooProdPdf::model_s[ modelObs_s * nuisancePdf ]
     getLogVal() top-level p.d.f evaluates to zero @ !pdfs=(modelObs_s = 0/1,nuisancePdf = 1)

[#0] WARNING:Minization -- RooMinimizerFcn: Minimized function has error status.
Returning maximum FCN so far (1101.39) to force MIGRAD to back out of this region. Error log follows
Parameter values: JER_ele=0.854747, JER_muon=0.394315, JES_ele=2.32742, JES_muon=2.20791, QCD_stat_ele=6.18725, QCD_stat_muon=6.04647, VBS_stat_ele=1.1618, VBS_stat_muon=2.25556, ele_efficiency=0.0636451, ele_trigger=1.80842, fakephoton_ele=5.22804, fakephoton_muon=1.32737, interference=-0.0190831, lumi=1.95821, mu_efficiency=0.55286, mu_trigger=1.22105, non_prompt_stat_ele=6.99782, non_prompt_stat_muon=2.74358, others_stat_ele=-0.837554, others_stat_muon=1.12625, others_xs=-0.663008, param=0.0609328, pdf_ele=1.96652, pdf_muon=3.64439, photon_id=4.36135, pileup=1.4794, scale_ele=5.8161, scale_muon=3.47932
RooProdPdf::model_s[ modelObs_s * nuisancePdf ]
     getLogVal() top-level p.d.f evaluates to zero @ !pdfs=(modelObs_s = 0/1,nuisancePdf = 1)

[#0] WARNING:Minization -- RooMinimizerFcn: Minimized function has error status.
Returning maximum FCN so far (1101.39) to force MIGRAD to back out of this region. Error log follows
Parameter values: JER_ele=0.764081, JER_muon=0.339391, JES_ele=2.14456, JES_muon=2.0374, QCD_stat_ele=5.86152, QCD_stat_muon=5.7645, VBS_stat_ele=1.04597, VBS_stat_muon=2.11784, ele_efficiency=0.0432527, ele_trigger=1.66295, fakephoton_ele=4.87115, fakephoton_muon=1.23199, interference=-0.0592384, lumi=1.8206, mu_efficiency=0.514128, mu_trigger=1.11015, non_prompt_stat_ele=6.93163, non_prompt_stat_muon=2.53946, others_stat_ele=-0.874592, others_stat_muon=1.02382, others_xs=-0.691977, param=0.0714547, pdf_ele=1.75958, pdf_muon=3.41389, photon_id=4.04173, pileup=1.41161, scale_ele=5.46316, scale_muon=3.11445
RooProdPdf::model_s[ modelObs_s * nuisancePdf ]
     getLogVal() top-level p.d.f evaluates to zero @ !pdfs=(modelObs_s = 0/1,nuisancePdf = 1)

[#0] WARNING:Minization -- RooMinimizerFcn: Minimized function has error status.
Returning maximum FCN so far (1101.39) to force MIGRAD to back out of this region. Error log follows
Parameter values: JER_ele=0.624428, JER_muon=0.221427, JES_ele=1.91399, JES_muon=1.83406, QCD_stat_ele=5.39595, QCD_stat_muon=5.34344, VBS_stat_ele=0.861624, VBS_stat_muon=1.98612, ele_efficiency=-0.00354816, ele_trigger=1.47948, fakephoton_ele=4.34243, fakephoton_muon=1.12003, interference=-0.161179, lumi=1.67109, mu_efficiency=0.473186, mu_trigger=0.950556, non_prompt_stat_ele=6.71678, non_prompt_stat_muon=2.28257, others_stat_ele=-1.01715, others_stat_muon=0.881537, others_xs=-0.82675, param=0.0617931, pdf_ele=1.44005, pdf_muon=3.16, photon_id=3.60773, pileup=1.39302, scale_ele=4.95782, scale_muon=2.60447
RooProdPdf::model_s[ modelObs_s * nuisancePdf ]
     getLogVal() top-level p.d.f evaluates to zero @ !pdfs=(modelObs_s = 0/1,nuisancePdf = 1)

[#0] WARNING:Minization -- RooMinimizerFcn: Minimized function has error status.
Returning maximum FCN so far (1101.39) to force MIGRAD to back out of this region. Error log follows
Parameter values: JER_ele=0.468611, JER_muon=0.0895015, JES_ele=1.65578, JES_muon=1.60778, QCD_stat_ele=4.79968, QCD_stat_muon=4.81685, VBS_stat_ele=0.655844, VBS_stat_muon=1.83984, ele_efficiency=-0.055993, ele_trigger=1.27485, fakephoton_ele=3.70391, fakephoton_muon=0.99632, interference=-0.275746, lumi=1.50533, mu_efficiency=0.428117, mu_trigger=0.773071, non_prompt_stat_ele=6.31275, non_prompt_stat_muon=1.9951, others_stat_ele=-1.17859, others_stat_muon=0.72452, others_xs=-0.979215, param=0.047949, pdf_ele=1.08011, pdf_muon=2.8743, photon_id=3.10394, pileup=1.37468, scale_ele=4.32975, scale_muon=2.0202
RooProdPdf::model_s[ modelObs_s * nuisancePdf ]
     getLogVal() top-level p.d.f evaluates to zero @ !pdfs=(modelObs_s = 0/1,nuisancePdf = 1)

[#0] WARNING:Minization -- RooMinimizerFcn: Minimized function has error status.
Returning maximum FCN so far (1101.39) to force MIGRAD to back out of this region. Error log follows
Parameter values: JER_ele=0.35103, JER_muon=-0.00761369, JES_ele=1.4584, JES_muon=1.43724, QCD_stat_ele=4.29759, QCD_stat_muon=4.38533, VBS_stat_ele=0.501069, VBS_stat_muon=1.73139, ele_efficiency=-0.0952479, ele_trigger=1.11903, fakephoton_ele=3.18804, fakephoton_muon=0.903751, interference=-0.359744, lumi=1.37974, mu_efficiency=0.394303, mu_trigger=0.640756, non_prompt_stat_ele=5.89507, non_prompt_stat_muon=1.77839, others_stat_ele=-1.29795, others_stat_muon=0.606763, others_xs=-1.09118, param=0.0476315, pdf_ele=0.806847, pdf_muon=2.6565, photon_id=2.71126, pileup=1.35923, scale_ele=3.81156, scale_muon=1.57375
RooProdPdf::model_s[ modelObs_s * nuisancePdf ]
     getLogVal() top-level p.d.f evaluates to zero @ !pdfs=(modelObs_s = 0/1,nuisancePdf = 1)


 -- Hybrid New -- 
CLs = 0 +/- 0
Done in 8.01 min (cpu), 8.03 min (real)
