WW_DS
/data/pubfs/tyyang99/jupyter_files/pkutree/coffea_newid_mc_ssww_parquet/WW_DS/0/0.parquet 	1/5
31
25
28
/data/pubfs/tyyang99/jupyter_files/pkutree/coffea_newid_mc_ssww_parquet/WW_DS/1/1.parquet 	2/5
6
5
2
/data/pubfs/tyyang99/jupyter_files/pkutree/coffea_newid_mc_ssww_parquet/WW_DS/2/2.parquet 	3/5
4
4
6
/data/pubfs/tyyang99/jupyter_files/pkutree/coffea_newid_mc_ssww_parquet/WW_DS/3/3.parquet 	4/5
0
0
0
/data/pubfs/tyyang99/jupyter_files/pkutree/coffea_newid_mc_ssww_parquet/WW_DS/4/4.parquet 	5/5
13
10
11
job done!
