 <<< Combine >>> 
>>> including systematics
>>> using the Profile Likelihood test statistics modified for upper limits (Q_LHC)
>>> method used is HybridNew
>>> Used OpenSSL to get a really random seed 842639524
Computing results starting from observation (a-posteriori)
[#0] WARNING:Minization -- RooMinimizerFcn: Minimized function has error status.
Returning maximum FCN so far (992.669) to force MIGRAD to back out of this region. Error log follows
Parameter values: JER_ele=-1.41908, JER_muon=4.2409, JES_ele=-5.12384, JES_muon=4.88168, QCD_stat_ele=-1.40448, QCD_stat_muon=4.82974, VBS_stat_ele=1.22477, VBS_stat_muon=2.94244, ele_efficiency=-2.0265, ele_trigger=-3.97026, fakephoton_ele=5.03946, fakephoton_muon=2.8048, interference=2.9396, lumi=-0.872961, mu_efficiency=-0.750409, mu_trigger=-1.55341, non_prompt_stat_ele=5.85968, non_prompt_stat_muon=4.25558, others_stat_ele=0.081895, others_stat_muon=4.81188, others_xs=3.93548, param=6.42386, pdf_ele=1.65191, pdf_muon=6.09218, photon_id=6.83888, pileup=0.599931, scale_ele=3.4789, scale_muon=5.23723
RooProdPdf::model_s[ modelObs_s * nuisancePdf ]
     getLogVal() top-level p.d.f evaluates to zero @ !pdfs=(modelObs_s = 0/1,nuisancePdf = 1)

[#0] WARNING:Minization -- RooMinimizerFcn: Minimized function has error status.
Returning maximum FCN so far (1033.36) to force MIGRAD to back out of this region. Error log follows
Parameter values: JER_ele=-5.83284, JER_muon=-2.1539, JES_ele=2.4044, JES_muon=-5.23318, QCD_stat_ele=5.62419, QCD_stat_muon=-6.27127, VBS_stat_ele=-3.23064, VBS_stat_muon=-2.58916, ele_efficiency=-5.03239, ele_trigger=-2.19606, fakephoton_ele=1.84378, fakephoton_muon=-1.64572, interference=-3.82823, lumi=-6.98368, mu_efficiency=-1.7778, mu_trigger=-5.18132, non_prompt_stat_ele=6.26794, non_prompt_stat_muon=-4.41053, others_stat_ele=-1.42071, others_stat_muon=-4.67121, others_xs=-6.9908, param=5.92104, pdf_ele=6.92543, pdf_muon=-5.98385, photon_id=6.974, pileup=-1.0278, scale_ele=6.99962, scale_muon=-5.18704
RooProdPdf::model_s[ modelObs_s * nuisancePdf ]
     getLogVal() top-level p.d.f evaluates to zero @ !pdfs=(modelObs_s = 0/1,nuisancePdf = 1)

[#0] WARNING:Minization -- RooMinimizerFcn: Minimized function has error status.
Returning maximum FCN so far (1033.36) to force MIGRAD to back out of this region. Error log follows
Parameter values: JER_ele=0.718324, JER_muon=0.987105, JES_ele=-0.235263, JES_muon=0.212887, QCD_stat_ele=6.15031, QCD_stat_muon=0.691841, VBS_stat_ele=2.56842, VBS_stat_muon=0.673547, ele_efficiency=-0.452069, ele_trigger=-0.0926396, fakephoton_ele=5.8533, fakephoton_muon=0.241523, interference=0.903785, lumi=-0.170274, mu_efficiency=-0.660038, mu_trigger=-1.61865, non_prompt_stat_ele=6.68732, non_prompt_stat_muon=-0.217045, others_stat_ele=0.814159, others_stat_muon=1.33023, others_xs=1.4663, param=6.46754, pdf_ele=3.39793, pdf_muon=0.449115, photon_id=3.68721, pileup=0.25229, scale_ele=5.88122, scale_muon=0.940844
RooProdPdf::model_s[ modelObs_s * nuisancePdf ]
     getLogVal() top-level p.d.f evaluates to zero @ !pdfs=(modelObs_s = 0/1,nuisancePdf = 1)

[#0] WARNING:Minization -- RooMinimizerFcn: Minimized function has error status.
Returning maximum FCN so far (1033.36) to force MIGRAD to back out of this region. Error log follows
Parameter values: JER_ele=-4.48956, JER_muon=6.30901, JES_ele=-4.36979, JES_muon=6.9029, QCD_stat_ele=2.74122, QCD_stat_muon=-5.92009, VBS_stat_ele=-3.16888, VBS_stat_muon=6.96862, ele_efficiency=6.40456, ele_trigger=-6.95654, fakephoton_ele=6.77325, fakephoton_muon=3.70049, interference=6.99916, lumi=1.79385, mu_efficiency=1.69437, mu_trigger=5.92515, non_prompt_stat_ele=6.08323, non_prompt_stat_muon=6.56357, others_stat_ele=-6.28298, others_stat_muon=6.56924, others_xs=-1.51593, param=0.102318, pdf_ele=0.686304, pdf_muon=4.98771, photon_id=-2.09337, pileup=2.38806, scale_ele=6.94918, scale_muon=-6.97276
RooProdPdf::model_s[ modelObs_s * nuisancePdf ]
     getLogVal() top-level p.d.f evaluates to zero @ !pdfs=(modelObs_s = 0/1,nuisancePdf = 1)

[#0] WARNING:Minization -- RooMinimizerFcn: Minimized function has error status.
Returning maximum FCN so far (1033.36) to force MIGRAD to back out of this region. Error log follows
Parameter values: JER_ele=6.20807, JER_muon=2.88501, JES_ele=6.95047, JES_muon=3.2182, QCD_stat_ele=0.802814, QCD_stat_muon=6.3499, VBS_stat_ele=6.59846, VBS_stat_muon=4.40133, ele_efficiency=1.78648, ele_trigger=6.53924, fakephoton_ele=1.81488, fakephoton_muon=1.17364, interference=3.63015, lumi=4.87661, mu_efficiency=-0.000186889, mu_trigger=0.771103, non_prompt_stat_ele=3.78248, non_prompt_stat_muon=1.98885, others_stat_ele=6.92343, others_stat_muon=4.1184, others_xs=5.95764, param=3.62614, pdf_ele=2.159, pdf_muon=4.53733, photon_id=1.13126, pileup=0.825457, scale_ele=-1.2981, scale_muon=6.80181
RooProdPdf::model_s[ modelObs_s * nuisancePdf ]
     getLogVal() top-level p.d.f evaluates to zero @ !pdfs=(modelObs_s = 0/1,nuisancePdf = 1)

[#0] WARNING:Minization -- RooMinimizerFcn: Minimized function has error status.
Returning maximum FCN so far (1033.36) to force MIGRAD to back out of this region. Error log follows
Parameter values: JER_ele=6.87184, JER_muon=2.87961, JES_ele=6.65181, JES_muon=3.18153, QCD_stat_ele=6.88005, QCD_stat_muon=6.31658, VBS_stat_ele=5.22194, VBS_stat_muon=4.33245, ele_efficiency=2.38882, ele_trigger=6.99961, fakephoton_ele=6.57567, fakephoton_muon=1.15508, interference=3.92231, lumi=5.61508, mu_efficiency=-0.037584, mu_trigger=0.69507, non_prompt_stat_ele=-6.96355, non_prompt_stat_muon=1.95295, others_stat_ele=6.80709, others_stat_muon=4.14967, others_xs=6.49991, param=4.07737, pdf_ele=-2.58763, pdf_muon=4.48264, photon_id=-2.69506, pileup=0.963984, scale_ele=6.82759, scale_muon=6.78993
RooProdPdf::model_s[ modelObs_s * nuisancePdf ]
     getLogVal() top-level p.d.f evaluates to zero @ !pdfs=(modelObs_s = 0/1,nuisancePdf = 1)

[#0] WARNING:Minization -- RooMinimizerFcn: Minimized function has error status.
Returning maximum FCN so far (1033.36) to force MIGRAD to back out of this region. Error log follows
Parameter values: JER_ele=6.83063, JER_muon=2.78697, JES_ele=6.74435, JES_muon=2.96255, QCD_stat_ele=6.99997, QCD_stat_muon=6.01182, VBS_stat_ele=5.32649, VBS_stat_muon=4.3575, ele_efficiency=2.32676, ele_trigger=6.99232, fakephoton_ele=6.91304, fakephoton_muon=1.07344, interference=3.85675, lumi=5.51415, mu_efficiency=-0.0780398, mu_trigger=0.548731, non_prompt_stat_ele=-6.91223, non_prompt_stat_muon=1.76248, others_stat_ele=6.86867, others_stat_muon=3.93867, others_xs=6.39637, param=0.946848, pdf_ele=-2.12871, pdf_muon=4.27439, photon_id=-2.08073, pileup=0.941579, scale_ele=6.49139, scale_muon=6.58437
RooProdPdf::model_s[ modelObs_s * nuisancePdf ]
     getLogVal() top-level p.d.f evaluates to zero @ !pdfs=(modelObs_s = 0/1,nuisancePdf = 1)

[#0] WARNING:Minization -- RooMinimizerFcn: Minimized function has error status.
Returning maximum FCN so far (1033.36) to force MIGRAD to back out of this region. Error log follows
Parameter values: JER_ele=6.75981, JER_muon=2.73693, JES_ele=6.84818, JES_muon=2.89986, QCD_stat_ele=6.82995, QCD_stat_muon=5.93367, VBS_stat_ele=5.63782, VBS_stat_muon=4.23759, ele_efficiency=2.23674, ele_trigger=6.96613, fakephoton_ele=6.98738, fakephoton_muon=1.05376, interference=3.7686, lumi=5.37816, mu_efficiency=-0.0936574, mu_trigger=0.490009, non_prompt_stat_ele=-6.2875, non_prompt_stat_muon=1.71641, others_stat_ele=6.93355, others_stat_muon=3.88217, others_xs=6.30871, param=2.1892, pdf_ele=-1.45661, pdf_muon=4.18393, photon_id=-1.44427, pileup=0.919439, scale_ele=5.78377, scale_muon=6.52239
RooProdPdf::model_s[ modelObs_s * nuisancePdf ]
     getLogVal() top-level p.d.f evaluates to zero @ !pdfs=(modelObs_s = 0/1,nuisancePdf = 1)

[#0] WARNING:Minization -- RooMinimizerFcn: Minimized function has error status.
Returning maximum FCN so far (1033.36) to force MIGRAD to back out of this region. Error log follows
Parameter values: JER_ele=6.91253, JER_muon=2.81242, JES_ele=6.50112, JES_muon=3.12591, QCD_stat_ele=6.47488, QCD_stat_muon=6.2407, VBS_stat_ele=5.20516, VBS_stat_muon=4.12607, ele_efficiency=2.472, ele_trigger=6.99502, fakephoton_ele=5.77939, fakephoton_muon=1.13119, interference=3.89828, lumi=5.67723, mu_efficiency=-0.0521571, mu_trigger=0.641404, non_prompt_stat_ele=-6.31386, non_prompt_stat_muon=1.89734, others_stat_ele=6.71258, others_stat_muon=4.10844, others_xs=6.54872, param=3.33546, pdf_ele=-3.13266, pdf_muon=4.37757, photon_id=-3.05496, pileup=0.97763, scale_ele=7, scale_muon=6.75219
RooProdPdf::model_s[ modelObs_s * nuisancePdf ]
     getLogVal() top-level p.d.f evaluates to zero @ !pdfs=(modelObs_s = 0/1,nuisancePdf = 1)

[#0] WARNING:Minization -- RooMinimizerFcn: Minimized function has error status.
Returning maximum FCN so far (1033.36) to force MIGRAD to back out of this region. Error log follows
Parameter values: JER_ele=-4.47523, JER_muon=0.158902, JES_ele=-6.70101, JES_muon=-1.70705, QCD_stat_ele=2.42614, QCD_stat_muon=-3.85144, VBS_stat_ele=-3.81271, VBS_stat_muon=0.669367, ele_efficiency=-2.25356, ele_trigger=-5.94876, fakephoton_ele=3.68543, fakephoton_muon=-0.367633, interference=-0.513595, lumi=-3.72941, mu_efficiency=-0.993675, mu_trigger=-2.79338, non_prompt_stat_ele=6.47869, non_prompt_stat_muon=-1.6604, others_stat_ele=-5.83303, others_stat_muon=-0.778474, others_xs=-2.94787, param=3.47803, pdf_ele=-6.897, pdf_muon=-1.68347, photon_id=-6.73715, pileup=-0.192232, scale_ele=1.31877, scale_muon=-4.27315
RooProdPdf::model_s[ modelObs_s * nuisancePdf ]
     getLogVal() top-level p.d.f evaluates to zero @ !pdfs=(modelObs_s = 0/1,nuisancePdf = 1)

[#0] WARNING:Minization -- RooMinimizerFcn: Minimized function has error status.
Returning maximum FCN so far (1033.36) to force MIGRAD to back out of this region. Error log follows
Parameter values: JER_ele=1.47946, JER_muon=1.28316, JES_ele=0.809091, JES_muon=0.405145, QCD_stat_ele=6.99427, QCD_stat_muon=1.06161, VBS_stat_ele=4.07873, VBS_stat_muon=1.91502, ele_efficiency=-0.230679, ele_trigger=0.798232, fakephoton_ele=6.83028, fakephoton_muon=0.282093, interference=1.39665, lumi=0.516814, mu_efficiency=-0.613409, mu_trigger=-1.41748, non_prompt_stat_ele=4.83776, non_prompt_stat_muon=-0.117141, others_stat_ele=1.63481, others_stat_muon=1.46372, others_xs=1.89649, param=2.41382, pdf_ele=4.82529, pdf_muon=0.973894, photon_id=5.0478, pileup=0.315351, scale_ele=6.98579, scale_muon=1.36477
RooProdPdf::model_s[ modelObs_s * nuisancePdf ]
     getLogVal() top-level p.d.f evaluates to zero @ !pdfs=(modelObs_s = 0/1,nuisancePdf = 1)

[#0] WARNING:Minization -- RooMinimizerFcn: Minimized function has error status.
Returning maximum FCN so far (1033.36) to force MIGRAD to back out of this region. Error log follows
Parameter values: JER_ele=1.68515, JER_muon=1.32141, JES_ele=1.12161, JES_muon=0.468539, QCD_stat_ele=6.84182, QCD_stat_muon=1.23339, VBS_stat_ele=4.29886, VBS_stat_muon=1.93963, ele_efficiency=-0.169817, ele_trigger=1.05013, fakephoton_ele=6.46858, fakephoton_muon=0.300672, interference=1.46103, lumi=0.654263, mu_efficiency=-0.610775, mu_trigger=-1.39384, non_prompt_stat_ele=3.54285, non_prompt_stat_muon=-0.0700449, others_stat_ele=1.91753, others_stat_muon=1.5401, others_xs=2.06383, param=2.23966, pdf_ele=5.18761, pdf_muon=1.0493, photon_id=5.37841, pileup=0.334057, scale_ele=6.96447, scale_muon=1.56264
RooProdPdf::model_s[ modelObs_s * nuisancePdf ]
     getLogVal() top-level p.d.f evaluates to zero @ !pdfs=(modelObs_s = 0/1,nuisancePdf = 1)

[#0] WARNING:Minization -- RooMinimizerFcn: Minimized function has error status.
Returning maximum FCN so far (1033.36) to force MIGRAD to back out of this region. Error log follows
Parameter values: JER_ele=-4.96827, JER_muon=-0.0485465, JES_ele=-6.91873, JES_muon=-1.97773, QCD_stat_ele=5.31697, QCD_stat_muon=-4.35288, VBS_stat_ele=-4.67516, VBS_stat_muon=0.114864, ele_efficiency=-2.45701, ele_trigger=-6.33785, fakephoton_ele=6.00136, fakephoton_muon=-0.446224, interference=-0.830176, lumi=-4.19428, mu_efficiency=-1.05667, mu_trigger=-3.00893, non_prompt_stat_ele=3.60745, non_prompt_stat_muon=-1.84149, others_stat_ele=-6.25821, others_stat_muon=-1.03663, others_xs=-3.40398, param=2.575, pdf_ele=-6.99106, pdf_muon=-2.1159, photon_id=-6.99311, pileup=-0.247144, scale_ele=4.36821, scale_muon=-4.82459
RooProdPdf::model_s[ modelObs_s * nuisancePdf ]
     getLogVal() top-level p.d.f evaluates to zero @ !pdfs=(modelObs_s = 0/1,nuisancePdf = 1)

[#0] WARNING:Minization -- RooMinimizerFcn: Minimized function has error status.
Returning maximum FCN so far (1033.36) to force MIGRAD to back out of this region. Error log follows
Parameter values: JER_ele=-4.61466, JER_muon=0.0277796, JES_ele=-6.77023, JES_muon=-1.86445, QCD_stat_ele=3.21442, QCD_stat_muon=-4.13262, VBS_stat_ele=-4.1369, VBS_stat_muon=0.253168, ele_efficiency=-2.31248, ele_trigger=-6.06215, fakephoton_ele=4.12887, fakephoton_muon=-0.412085, interference=-0.681602, lumi=-3.92315, mu_efficiency=-1.03742, mu_trigger=-2.93641, non_prompt_stat_ele=6.185, non_prompt_stat_muon=-1.76131, others_stat_ele=-5.94416, others_stat_muon=-0.910471, others_xs=-3.09233, param=1.49973, pdf_ele=-6.95423, pdf_muon=-1.95905, photon_id=-6.8623, pileup=-0.209339, scale_ele=2.13002, scale_muon=-4.58091
RooProdPdf::model_s[ modelObs_s * nuisancePdf ]
     getLogVal() top-level p.d.f evaluates to zero @ !pdfs=(modelObs_s = 0/1,nuisancePdf = 1)

[#0] WARNING:Minization -- RooMinimizerFcn: Minimized function has error status.
Returning maximum FCN so far (1033.36) to force MIGRAD to back out of this region. Error log follows
Parameter values: JER_ele=-4.94023, JER_muon=-0.0693053, JES_ele=-6.91041, JES_muon=-2.00903, QCD_stat_ele=5.1452, QCD_stat_muon=-4.41091, VBS_stat_ele=-4.64923, VBS_stat_muon=0.0483283, ele_efficiency=-2.44958, ele_trigger=-6.31979, fakephoton_ele=5.91309, fakephoton_muon=-0.45575, interference=-0.842511, lumi=-4.1964, mu_efficiency=-1.06922, mu_trigger=-3.04596, non_prompt_stat_ele=3.78599, non_prompt_stat_muon=-1.86194, others_stat_ele=-6.23123, others_stat_muon=-1.05782, others_xs=-3.38929, param=2.19933, pdf_ele=-6.99558, pdf_muon=-2.16758, photon_id=-6.99091, pileup=-0.244552, scale_ele=4.18369, scale_muon=-4.87621
RooProdPdf::model_s[ modelObs_s * nuisancePdf ]
     getLogVal() top-level p.d.f evaluates to zero @ !pdfs=(modelObs_s = 0/1,nuisancePdf = 1)

[#0] WARNING:Minization -- RooMinimizerFcn: Minimized function has error status.
Returning maximum FCN so far (1033.36) to force MIGRAD to back out of this region. Error log follows
Parameter values: JER_ele=-4.64326, JER_muon=-0.00182615, JES_ele=-6.78116, JES_muon=-1.8816, QCD_stat_ele=3.35255, QCD_stat_muon=-4.16494, VBS_stat_ele=-4.23287, VBS_stat_muon=0.133902, ele_efficiency=-2.32022, ele_trigger=-6.08168, fakephoton_ele=4.26828, fakephoton_muon=-0.415763, interference=-0.724209, lumi=-3.96045, mu_efficiency=-1.04014, mu_trigger=-2.95143, non_prompt_stat_ele=6.07036, non_prompt_stat_muon=-1.7705, others_stat_ele=-5.96409, others_stat_muon=-0.924233, others_xs=-3.11537, param=2.22532, pdf_ele=-6.96383, pdf_muon=-2.00651, photon_id=-6.88183, pileup=-0.213429, scale_ele=2.28121, scale_muon=-4.61398
RooProdPdf::model_s[ modelObs_s * nuisancePdf ]
     getLogVal() top-level p.d.f evaluates to zero @ !pdfs=(modelObs_s = 0/1,nuisancePdf = 1)

[#0] WARNING:Minization -- RooMinimizerFcn: Minimized function has error status.
Returning maximum FCN so far (1033.36) to force MIGRAD to back out of this region. Error log follows
Parameter values: JER_ele=-4.39421, JER_muon=0.062611, JES_ele=-6.64229, JES_muon=-1.78368, QCD_stat_ele=1.67794, QCD_stat_muon=-3.96659, VBS_stat_ele=-3.84754, VBS_stat_muon=0.248267, ele_efficiency=-2.22228, ele_trigger=-5.87296, fakephoton_ele=2.65178, fakephoton_muon=-0.385818, interference=-0.613769, lumi=-3.76498, mu_efficiency=-1.02287, mu_trigger=-2.88759, non_prompt_stat_ele=6.91316, non_prompt_stat_muon=-1.70028, others_stat_ele=-5.72475, others_stat_muon=-0.818365, others_xs=-2.88989, param=1.33602, pdf_ele=-6.84218, pdf_muon=-1.87128, photon_id=-6.70442, pileup=-0.187092, scale_ele=0.603983, scale_muon=-4.39773
RooProdPdf::model_s[ modelObs_s * nuisancePdf ]
     getLogVal() top-level p.d.f evaluates to zero @ !pdfs=(modelObs_s = 0/1,nuisancePdf = 1)

[#0] WARNING:Minization -- RooMinimizerFcn: Minimized function has error status.
Returning maximum FCN so far (1033.36) to force MIGRAD to back out of this region. Error log follows
Parameter values: JER_ele=-4.71234, JER_muon=-0.0228681, JES_ele=-6.81581, JES_muon=-1.91121, QCD_stat_ele=3.77439, QCD_stat_muon=-4.21308, VBS_stat_ele=-4.34834, VBS_stat_muon=0.0620089, ele_efficiency=-2.35267, ele_trigger=-6.14029, fakephoton_ele=4.71806, fakephoton_muon=-0.423862, interference=-0.761026, lumi=-4.02495, mu_efficiency=-1.05195, mu_trigger=-2.98693, non_prompt_stat_ele=5.62837, non_prompt_stat_muon=-1.78792, others_stat_ele=-6.02243, others_stat_muon=-0.947347, others_xs=-3.16863, param=1.86597, pdf_ele=-6.98187, pdf_muon=-2.05664, photon_id=-6.91668, pileup=-0.219628, scale_ele=2.71224, scale_muon=-4.66341
RooProdPdf::model_s[ modelObs_s * nuisancePdf ]
     getLogVal() top-level p.d.f evaluates to zero @ !pdfs=(modelObs_s = 0/1,nuisancePdf = 1)

[#0] WARNING:Minization -- RooMinimizerFcn: Minimized function has error status.
Returning maximum FCN so far (1033.36) to force MIGRAD to back out of this region. Error log follows
Parameter values: JER_ele=-4.38172, JER_muon=0.0537311, JES_ele=-6.6301, JES_muon=-1.76623, QCD_stat_ele=1.53603, QCD_stat_muon=-3.92653, VBS_stat_ele=-3.88428, VBS_stat_muon=0.159701, ele_efficiency=-2.21376, ele_trigger=-5.858, fakephoton_ele=2.52451, fakephoton_muon=-0.378536, interference=-0.631048, lumi=-3.76445, mu_efficiency=-1.01918, mu_trigger=-2.88009, non_prompt_stat_ele=6.93986, non_prompt_stat_muon=-1.68395, others_stat_ele=-5.70508, others_stat_muon=-0.796177, others_xs=-2.86654, param=1.88476, pdf_ele=-6.83368, pdf_muon=-1.87304, photon_id=-6.69189, pileup=-0.186096, scale_ele=0.478193, scale_muon=-4.35391
RooProdPdf::model_s[ modelObs_s * nuisancePdf ]
     getLogVal() top-level p.d.f evaluates to zero @ !pdfs=(modelObs_s = 0/1,nuisancePdf = 1)

[#0] WARNING:Minization -- RooMinimizerFcn: Minimized function has error status.
Returning maximum FCN so far (1033.36) to force MIGRAD to back out of this region. Error log follows
Parameter values: JER_ele=-4.29913, JER_muon=0.0721934, JES_ele=-6.57696, JES_muon=-1.73862, QCD_stat_ele=0.969625, QCD_stat_muon=-3.87062, VBS_stat_ele=-3.75422, VBS_stat_muon=0.195341, ele_efficiency=-2.18155, ele_trigger=-5.78552, fakephoton_ele=1.95179, fakephoton_muon=-0.370218, interference=-0.596914, lumi=-3.70097, mu_efficiency=-1.01391, mu_trigger=-2.86062, non_prompt_stat_ele=6.99938, non_prompt_stat_muon=-1.66448, others_stat_ele=-5.62207, others_stat_muon=-0.766532, others_xs=-2.795, param=1.61201, pdf_ele=-6.77502, pdf_muon=-1.83411, photon_id=-6.61802, pileup=-0.177844, scale_ele=-0.0758822, scale_muon=-4.29254
RooProdPdf::model_s[ modelObs_s * nuisancePdf ]
     getLogVal() top-level p.d.f evaluates to zero @ !pdfs=(modelObs_s = 0/1,nuisancePdf = 1)

[#0] WARNING:Minization -- RooMinimizerFcn: Minimized function has error status.
Returning maximum FCN so far (1033.36) to force MIGRAD to back out of this region. Error log follows
Parameter values: JER_ele=-4.43301, JER_muon=0.0366391, JES_ele=-6.66336, JES_muon=-1.79335, QCD_stat_ele=1.86135, QCD_stat_muon=-3.96348, VBS_stat_ele=-3.97369, VBS_stat_muon=0.0919993, ele_efficiency=-2.24001, ele_trigger=-5.90591, fakephoton_ele=2.86355, fakephoton_muon=-0.385616, interference=-0.660001, lumi=-3.81779, mu_efficiency=-1.03266, mu_trigger=-2.91781, non_prompt_stat_ele=6.85567, non_prompt_stat_muon=-1.6985, others_stat_ele=-5.7493, others_stat_muon=-0.814135, others_xs=-2.90288, param=1.5471, pdf_ele=-6.86249, pdf_muon=-1.91916, photon_id=-6.73356, pileup=-0.189796, scale_ele=0.789009, scale_muon=-4.39532
RooProdPdf::model_s[ modelObs_s * nuisancePdf ]
     getLogVal() top-level p.d.f evaluates to zero @ !pdfs=(modelObs_s = 0/1,nuisancePdf = 1)

[#0] WARNING:Minization -- RooMinimizerFcn: Minimized function has error status.
Returning maximum FCN so far (1033.36) to force MIGRAD to back out of this region. Error log follows
Parameter values: JER_ele=1.82839, JER_muon=1.27165, JES_ele=1.44254, JES_muon=0.58948, QCD_stat_ele=6.52233, QCD_stat_muon=1.52916, VBS_stat_ele=4.1074, VBS_stat_muon=1.42131, ele_efficiency=-0.093728, ele_trigger=1.28802, fakephoton_ele=6.48196, fakephoton_muon=0.346191, interference=1.37675, lumi=0.716793, mu_efficiency=-0.584708, mu_trigger=-1.33046, non_prompt_stat_ele=3.65535, non_prompt_stat_muon=0.0345342, others_stat_ele=2.22523, others_stat_muon=1.68237, others_xs=2.26885, param=0.000770718, pdf_ele=5.43271, pdf_muon=1.05176, photon_id=5.62078, pileup=0.344364, scale_ele=6.7574, scale_muon=1.92119
RooProdPdf::model_s[ modelObs_s * nuisancePdf ]
     getLogVal() top-level p.d.f evaluates to zero @ !pdfs=(modelObs_s = 0/1,nuisancePdf = 1)

[#0] WARNING:Minization -- RooMinimizerFcn: Minimized function has error status.
Returning maximum FCN so far (1033.36) to force MIGRAD to back out of this region. Error log follows
Parameter values: JER_ele=1.75778, JER_muon=1.25027, JES_ele=1.34502, JES_muon=0.568194, QCD_stat_ele=6.65403, QCD_stat_muon=1.47522, VBS_stat_ele=3.99998, VBS_stat_muon=1.36595, ele_efficiency=-0.112877, ele_trigger=1.20639, fakephoton_ele=6.60616, fakephoton_muon=0.339891, interference=1.34241, lumi=0.662808, mu_efficiency=-0.585399, mu_trigger=-1.33888, non_prompt_stat_ele=4.0469, non_prompt_stat_muon=0.01839, others_stat_ele=2.13475, others_stat_muon=1.65906, others_xs=2.21499, param=0.0879303, pdf_ele=5.31861, pdf_muon=1.01451, photon_id=5.51519, pileup=0.337619, scale_ele=6.84534, scale_muon=1.85885
RooProdPdf::model_s[ modelObs_s * nuisancePdf ]
     getLogVal() top-level p.d.f evaluates to zero @ !pdfs=(modelObs_s = 0/1,nuisancePdf = 1)

[#0] WARNING:Minization -- RooMinimizerFcn: Minimized function has error status.
Returning maximum FCN so far (1033.36) to force MIGRAD to back out of this region. Error log follows
Parameter values: JER_ele=1.89408, JER_muon=1.27468, JES_ele=1.55802, JES_muon=0.614533, QCD_stat_ele=6.36662, QCD_stat_muon=1.58146, VBS_stat_ele=4.15156, VBS_stat_muon=1.39797, ele_efficiency=-0.0662091, ele_trigger=1.3802, fakephoton_ele=6.31181, fakephoton_muon=0.35386, interference=1.38495, lumi=0.763648, mu_efficiency=-0.576223, mu_trigger=-1.30527, non_prompt_stat_ele=3.15288, non_prompt_stat_muon=0.0517206, others_stat_ele=2.31605, others_stat_muon=1.70585, others_xs=2.31882, param=0.0890369, pdf_ele=5.53032, pdf_muon=1.07352, photon_id=5.70983, pileup=0.34872, scale_ele=6.64837, scale_muon=1.98166
RooProdPdf::model_s[ modelObs_s * nuisancePdf ]
     getLogVal() top-level p.d.f evaluates to zero @ !pdfs=(modelObs_s = 0/1,nuisancePdf = 1)

[#0] WARNING:Minization -- RooMinimizerFcn: Minimized function has error status.
Returning maximum FCN so far (1033.36) to force MIGRAD to back out of this region. Error log follows
Parameter values: JER_ele=1.54693, JER_muon=1.19874, JES_ele=1.01676, JES_muon=0.478876, QCD_stat_ele=6.92572, QCD_stat_muon=1.27398, VBS_stat_ele=3.74031, VBS_stat_muon=1.26855, ele_efficiency=-0.185832, ele_trigger=0.937649, fakephoton_ele=6.91037, fakephoton_muon=0.313512, interference=1.26288, lumi=0.493978, mu_efficiency=-0.605787, mu_trigger=-1.41075, non_prompt_stat_ele=5.29331, non_prompt_stat_muon=-0.0440153, others_stat_ele=1.86108, others_stat_muon=1.57423, others_xs=2.05227, param=0.0300879, pdf_ele=4.97495, pdf_muon=0.891567, photon_id=5.18185, pileup=0.32039, scale_ele=6.99153, scale_muon=1.62929
RooProdPdf::model_s[ modelObs_s * nuisancePdf ]
     getLogVal() top-level p.d.f evaluates to zero @ !pdfs=(modelObs_s = 0/1,nuisancePdf = 1)

[#0] WARNING:Minization -- RooMinimizerFcn: Minimized function has error status.
Returning maximum FCN so far (1033.36) to force MIGRAD to back out of this region. Error log follows
Parameter values: JER_ele=1.67607, JER_muon=1.22515, JES_ele=1.22345, JES_muon=0.533715, QCD_stat_ele=6.77974, QCD_stat_muon=1.39715, VBS_stat_ele=3.88355, VBS_stat_muon=1.30311, ele_efficiency=-0.13942, ele_trigger=1.1056, fakephoton_ele=6.75817, fakephoton_muon=0.32991, interference=1.30451, lumi=0.595007, mu_efficiency=-0.592444, mu_trigger=-1.36501, non_prompt_stat_ele=4.59952, non_prompt_stat_muon=-0.00556474, others_stat_ele=2.03286, others_stat_muon=1.6268, others_xs=2.1535, param=0.0309409, pdf_ele=5.1881, pdf_muon=0.96081, photon_id=5.38765, pileup=0.330598, scale_ele=6.92165, scale_muon=1.77004
RooProdPdf::model_s[ modelObs_s * nuisancePdf ]
     getLogVal() top-level p.d.f evaluates to zero @ !pdfs=(modelObs_s = 0/1,nuisancePdf = 1)

[#0] WARNING:Minization -- RooMinimizerFcn: Minimized function has error status.
Returning maximum FCN so far (1033.36) to force MIGRAD to back out of this region. Error log follows
Parameter values: JER_ele=1.95097, JER_muon=1.27985, JES_ele=1.65231, JES_muon=0.636946, QCD_stat_ele=6.21159, QCD_stat_muon=1.63664, VBS_stat_ele=4.19062, VBS_stat_muon=1.37331, ele_efficiency=-0.045799, ele_trigger=1.45548, fakephoton_ele=6.17174, fakephoton_muon=0.361156, interference=1.39425, lumi=0.801143, mu_efficiency=-0.572628, mu_trigger=-1.29275, non_prompt_stat_ele=2.77549, non_prompt_stat_muon=0.0691475, others_stat_ele=2.39856, others_stat_muon=1.73085, others_xs=2.36819, param=0.0282461, pdf_ele=5.61741, pdf_muon=1.09205, photon_id=5.78936, pileup=0.353468, scale_ele=6.53363, scale_muon=2.04571
RooProdPdf::model_s[ modelObs_s * nuisancePdf ]
     getLogVal() top-level p.d.f evaluates to zero @ !pdfs=(modelObs_s = 0/1,nuisancePdf = 1)

[#0] WARNING:Minization -- RooMinimizerFcn: Minimized function has error status.
Returning maximum FCN so far (1033.36) to force MIGRAD to back out of this region. Error log follows
Parameter values: JER_ele=1.72952, JER_muon=1.23662, JES_ele=1.30701, JES_muon=0.555508, QCD_stat_ele=6.69634, QCD_stat_muon=1.44779, VBS_stat_ele=3.94321, VBS_stat_muon=1.31779, ele_efficiency=-0.121232, ele_trigger=1.17367, fakephoton_ele=6.67471, fakephoton_muon=0.336505, interference=1.32256, lumi=0.635807, mu_efficiency=-0.588214, mu_trigger=-1.34963, non_prompt_stat_ele=4.28898, non_prompt_stat_muon=0.0101821, others_stat_ele=2.10435, others_stat_muon=1.64862, others_xs=2.1962, param=0.0270817, pdf_ele=5.27505, pdf_muon=0.988523, photon_id=5.47056, pileup=0.335083, scale_ele=6.87151, scale_muon=1.82838
RooProdPdf::model_s[ modelObs_s * nuisancePdf ]
     getLogVal() top-level p.d.f evaluates to zero @ !pdfs=(modelObs_s = 0/1,nuisancePdf = 1)

[#0] WARNING:Minization -- RooMinimizerFcn: Minimized function has error status.
Returning maximum FCN so far (1033.36) to force MIGRAD to back out of this region. Error log follows
Parameter values: JER_ele=1.76588, JER_muon=1.24423, JES_ele=1.3532, JES_muon=0.563478, QCD_stat_ele=6.61834, QCD_stat_muon=1.49921, VBS_stat_ele=3.97053, VBS_stat_muon=1.28625, ele_efficiency=-0.119086, ele_trigger=1.20899, fakephoton_ele=6.59582, fakephoton_muon=0.339761, interference=1.3319, lumi=0.644939, mu_efficiency=-0.598873, mu_trigger=-1.37276, non_prompt_stat_ele=4.0272, non_prompt_stat_muon=0.0210862, others_stat_ele=2.16221, others_stat_muon=1.67115, others_xs=2.2385, param=0.000816172, pdf_ele=5.34897, pdf_muon=0.989599, photon_id=5.5329, pileup=0.340712, scale_ele=6.82059, scale_muon=1.88286
RooProdPdf::model_s[ modelObs_s * nuisancePdf ]
     getLogVal() top-level p.d.f evaluates to zero @ !pdfs=(modelObs_s = 0/1,nuisancePdf = 1)

[#0] WARNING:Minization -- RooMinimizerFcn: Minimized function has error status.
Returning maximum FCN so far (1033.36) to force MIGRAD to back out of this region. Error log follows
Parameter values: JER_ele=1.55607, JER_muon=1.19774, JES_ele=1.03877, JES_muon=0.49177, QCD_stat_ele=6.91509, QCD_stat_muon=1.3039, VBS_stat_ele=3.7257, VBS_stat_muon=1.23942, ele_efficiency=-0.180141, ele_trigger=0.953962, fakephoton_ele=6.90752, fakephoton_muon=0.317834, interference=1.25886, lumi=0.500547, mu_efficiency=-0.602151, mu_trigger=-1.4005, non_prompt_stat_ele=5.27973, non_prompt_stat_muon=-0.0341994, others_stat_ele=1.87922, others_stat_muon=1.58728, others_xs=2.06626, param=0.00274654, pdf_ele=4.99011, pdf_muon=0.898621, photon_id=5.20095, pileup=0.320995, scale_ele=6.9878, scale_muon=1.6638
RooProdPdf::model_s[ modelObs_s * nuisancePdf ]
     getLogVal() top-level p.d.f evaluates to zero @ !pdfs=(modelObs_s = 0/1,nuisancePdf = 1)

[#0] WARNING:Minization -- RooMinimizerFcn: Minimized function has error status.
Returning maximum FCN so far (1033.36) to force MIGRAD to back out of this region. Error log follows
Parameter values: JER_ele=1.7123, JER_muon=1.22785, JES_ele=1.28499, JES_muon=0.55002, QCD_stat_ele=6.71913, QCD_stat_muon=1.43854, VBS_stat_ele=3.90267, VBS_stat_muon=1.27857, ele_efficiency=-0.126329, ele_trigger=1.15417, fakephoton_ele=6.70484, fakephoton_muon=0.335328, interference=1.3087, lumi=0.617984, mu_efficiency=-0.589993, mu_trigger=-1.35669, non_prompt_stat_ele=4.39946, non_prompt_stat_muon=0.00737722, others_stat_ele=2.08757, others_stat_muon=1.64533, others_xs=2.1872, param=0.00246281, pdf_ele=5.2493, pdf_muon=0.972712, photon_id=5.44487, pileup=0.333675, scale_ele=6.88501, scale_muon=1.81789
RooProdPdf::model_s[ modelObs_s * nuisancePdf ]
     getLogVal() top-level p.d.f evaluates to zero @ !pdfs=(modelObs_s = 0/1,nuisancePdf = 1)

[#0] WARNING:Minization -- RooMinimizerFcn: Minimized function has error status.
Returning maximum FCN so far (1033.36) to force MIGRAD to back out of this region. Error log follows
Parameter values: JER_ele=1.59144, JER_muon=1.20421, JES_ele=1.09654, JES_muon=0.505744, QCD_stat_ele=6.88078, QCD_stat_muon=1.33538, VBS_stat_ele=3.76443, VBS_stat_muon=1.24769, ele_efficiency=-0.167159, ele_trigger=1.00064, fakephoton_ele=6.8732, fakephoton_muon=0.321942, interference=1.26956, lumi=0.528115, mu_efficiency=-0.598439, mu_trigger=-1.38737, non_prompt_stat_ele=5.10174, non_prompt_stat_muon=-0.024645, others_stat_ele=1.92634, others_stat_muon=1.60059, others_xs=2.09332, param=0.00332007, pdf_ele=5.04901, pdf_muon=0.916191, photon_id=5.25709, pileup=0.3237, scale_ele=6.97377, scale_muon=1.69897
RooProdPdf::model_s[ modelObs_s * nuisancePdf ]
     getLogVal() top-level p.d.f evaluates to zero @ !pdfs=(modelObs_s = 0/1,nuisancePdf = 1)

[#0] WARNING:Minization -- RooMinimizerFcn: Minimized function has error status.
Returning maximum FCN so far (1033.36) to force MIGRAD to back out of this region. Error log follows
Parameter values: JER_ele=1.68758, JER_muon=1.2233, JES_ele=1.24681, JES_muon=0.54195, QCD_stat_ele=6.75748, QCD_stat_muon=1.41968, VBS_stat_ele=3.87331, VBS_stat_muon=1.27189, ele_efficiency=-0.134602, ele_trigger=1.12296, fakephoton_ele=6.7469, fakephoton_muon=0.332895, interference=1.3008, lumi=0.599954, mu_efficiency=-0.591487, mu_trigger=-1.36208, non_prompt_stat_ele=4.55869, non_prompt_stat_muon=0.00153431, others_stat_ele=2.05484, others_stat_muon=1.63711, others_xs=2.16858, param=0.00321741, pdf_ele=5.20898, pdf_muon=0.962166, photon_id=5.40776, pileup=0.331655, scale_ele=6.90814, scale_muon=1.79623
RooProdPdf::model_s[ modelObs_s * nuisancePdf ]
     getLogVal() top-level p.d.f evaluates to zero @ !pdfs=(modelObs_s = 0/1,nuisancePdf = 1)

[#0] WARNING:Minization -- RooMinimizerFcn: Minimized function has error status.
Returning maximum FCN so far (1033.36) to force MIGRAD to back out of this region. Error log follows
Parameter values: JER_ele=1.61534, JER_muon=1.20935, JES_ele=1.13409, JES_muon=0.515896, QCD_stat_ele=6.85397, QCD_stat_muon=1.35906, VBS_stat_ele=3.79042, VBS_stat_muon=1.25347, ele_efficiency=-0.159014, ele_trigger=1.03116, fakephoton_ele=6.84737, fakephoton_muon=0.325021, interference=1.27751, lumi=0.546353, mu_efficiency=-0.596475, mu_trigger=-1.38028, non_prompt_stat_ele=4.97984, non_prompt_stat_muon=-0.0172991, others_stat_ele=1.95853, others_stat_muon=1.61078, others_xs=2.11272, param=0.00392875, pdf_ele=5.08926, pdf_muon=0.928849, photon_id=5.29581, pileup=0.32571, scale_ele=6.96109, scale_muon=1.72632
RooProdPdf::model_s[ modelObs_s * nuisancePdf ]
     getLogVal() top-level p.d.f evaluates to zero @ !pdfs=(modelObs_s = 0/1,nuisancePdf = 1)

[#0] WARNING:Minization -- RooMinimizerFcn: Minimized function has error status.
Returning maximum FCN so far (1033.36) to force MIGRAD to back out of this region. Error log follows
Parameter values: JER_ele=1.55761, JER_muon=1.19837, JES_ele=1.03236, JES_muon=0.486868, QCD_stat_ele=6.90693, QCD_stat_muon=1.32628, VBS_stat_ele=3.71224, VBS_stat_muon=1.19908, ele_efficiency=-0.189384, ele_trigger=0.945994, fakephoton_ele=6.90221, fakephoton_muon=0.316966, interference=1.25669, lumi=0.484356, mu_efficiency=-0.614843, mu_trigger=-1.43013, non_prompt_stat_ele=5.25892, non_prompt_stat_muon=-0.033242, others_stat_ele=1.89068, others_stat_muon=1.59674, others_xs=2.08128, param=0.0048886, pdf_ele=5.00924, pdf_muon=0.883416, photon_id=5.21162, pileup=0.323666, scale_ele=6.98449, scale_muon=1.683
RooProdPdf::model_s[ modelObs_s * nuisancePdf ]
     getLogVal() top-level p.d.f evaluates to zero @ !pdfs=(modelObs_s = 0/1,nuisancePdf = 1)

[#0] WARNING:Minization -- RooMinimizerFcn: Minimized function has error status.
Returning maximum FCN so far (1033.36) to force MIGRAD to back out of this region. Error log follows
Parameter values: JER_ele=1.39163, JER_muon=1.16079, JES_ele=0.787137, JES_muon=0.432787, QCD_stat_ele=6.99802, QCD_stat_muon=1.16766, VBS_stat_ele=3.51495, VBS_stat_muon=1.16746, ele_efficiency=-0.234285, ele_trigger=0.747974, fakephoton_ele=6.99783, fakephoton_muon=0.30041, interference=1.19845, lumi=0.375079, mu_efficiency=-0.613604, mu_trigger=-1.44327, non_prompt_stat_ele=6.04425, non_prompt_stat_muon=-0.0759871, others_stat_ele=1.6646, others_stat_muon=1.52906, others_xs=1.94208, param=0.00347241, pdf_ele=4.70313, pdf_muon=0.815566, photon_id=4.92918, pileup=0.307422, scale_ele=6.98448, scale_muon=1.50709
RooProdPdf::model_s[ modelObs_s * nuisancePdf ]
     getLogVal() top-level p.d.f evaluates to zero @ !pdfs=(modelObs_s = 0/1,nuisancePdf = 1)

[#0] WARNING:Minization -- RooMinimizerFcn: Minimized function has error status.
Returning maximum FCN so far (1033.36) to force MIGRAD to back out of this region. Error log follows
Parameter values: JER_ele=1.53616, JER_muon=1.18887, JES_ele=1.01475, JES_muon=0.486714, QCD_stat_ele=6.92959, QCD_stat_muon=1.29394, VBS_stat_ele=3.68137, VBS_stat_muon=1.20343, ele_efficiency=-0.185048, ele_trigger=0.932705, fakephoton_ele=6.92786, fakephoton_muon=0.316592, interference=1.2446, lumi=0.483058, mu_efficiency=-0.602635, mu_trigger=-1.40319, non_prompt_stat_ele=5.39813, non_prompt_stat_muon=-0.0374558, others_stat_ele=1.858, others_stat_muon=1.58321, others_xs=2.05444, param=0.00376562, pdf_ele=4.95658, pdf_muon=0.884189, photon_id=5.16904, pileup=0.319168, scale_ele=6.99255, scale_muon=1.65123
RooProdPdf::model_s[ modelObs_s * nuisancePdf ]
     getLogVal() top-level p.d.f evaluates to zero @ !pdfs=(modelObs_s = 0/1,nuisancePdf = 1)

[#0] WARNING:Minization -- RooMinimizerFcn: Minimized function has error status.
Returning maximum FCN so far (1033.36) to force MIGRAD to back out of this region. Error log follows
Parameter values: JER_ele=1.42422, JER_muon=1.16722, JES_ele=0.840026, JES_muon=0.446069, QCD_stat_ele=6.99111, QCD_stat_muon=1.19888, VBS_stat_ele=3.55144, VBS_stat_muon=1.17524, ele_efficiency=-0.222681, ele_trigger=0.790605, fakephoton_ele=6.99105, fakephoton_muon=0.304325, interference=1.20863, lumi=0.400238, mu_efficiency=-0.610415, mu_trigger=-1.43143, non_prompt_stat_ele=5.9175, non_prompt_stat_muon=-0.06679, others_stat_ele=1.70817, others_stat_muon=1.54209, others_xs=1.96759, param=0.00287875, pdf_ele=4.7606, pdf_muon=0.832293, photon_id=4.98453, pileup=0.309995, scale_ele=6.99404, scale_muon=1.54155
RooProdPdf::model_s[ modelObs_s * nuisancePdf ]
     getLogVal() top-level p.d.f evaluates to zero @ !pdfs=(modelObs_s = 0/1,nuisancePdf = 1)

[#0] WARNING:Minization -- RooMinimizerFcn: Minimized function has error status.
Returning maximum FCN so far (1033.36) to force MIGRAD to back out of this region. Error log follows
Parameter values: JER_ele=1.52474, JER_muon=1.18716, JES_ele=0.997137, JES_muon=0.483873, QCD_stat_ele=6.93844, QCD_stat_muon=1.28721, VBS_stat_ele=3.66712, VBS_stat_muon=1.20057, ele_efficiency=-0.188835, ele_trigger=0.918313, fakephoton_ele=6.93809, fakephoton_muon=0.315755, interference=1.24121, lumi=0.475068, mu_efficiency=-0.603159, mu_trigger=-1.40508, non_prompt_stat_ele=5.46227, non_prompt_stat_muon=-0.0394727, others_stat_ele=1.84292, others_stat_muon=1.58025, others_xs=2.04632, param=0.00300598, pdf_ele=4.93686, pdf_muon=0.880353, photon_id=5.15143, pileup=0.318271, scale_ele=6.99513, scale_muon=1.64361
RooProdPdf::model_s[ modelObs_s * nuisancePdf ]
     getLogVal() top-level p.d.f evaluates to zero @ !pdfs=(modelObs_s = 0/1,nuisancePdf = 1)

[#0] WARNING:Minization -- RooMinimizerFcn: Minimized function has error status.
Returning maximum FCN so far (1033.36) to force MIGRAD to back out of this region. Error log follows
Parameter values: JER_ele=1.45237, JER_muon=1.1733, JES_ele=0.884125, JES_muon=0.457931, QCD_stat_ele=6.98108, QCD_stat_muon=1.22665, VBS_stat_ele=3.58297, VBS_stat_muon=1.18238, ele_efficiency=-0.213162, ele_trigger=0.826423, fakephoton_ele=6.98155, fakephoton_muon=0.307921, interference=1.21803, lumi=0.421622, mu_efficiency=-0.608118, mu_trigger=-1.42315, non_prompt_stat_ele=5.8034, non_prompt_stat_muon=-0.0582088, others_stat_ele=1.74608, others_stat_muon=1.55399, others_xs=1.99035, param=0.00237616, pdf_ele=4.81045, pdf_muon=0.847191, photon_id=5.03271, pileup=0.312347, scale_ele=6.99871, scale_muon=1.57363
RooProdPdf::model_s[ modelObs_s * nuisancePdf ]
     getLogVal() top-level p.d.f evaluates to zero @ !pdfs=(modelObs_s = 0/1,nuisancePdf = 1)

[#0] WARNING:Minization -- RooMinimizerFcn: Minimized function has error status.
Returning maximum FCN so far (1033.36) to force MIGRAD to back out of this region. Error log follows
Parameter values: JER_ele=1.55989, JER_muon=1.19379, JES_ele=1.03361, JES_muon=0.477972, QCD_stat_ele=6.89962, QCD_stat_muon=1.32733, VBS_stat_ele=3.69865, VBS_stat_muon=1.16074, ele_efficiency=-0.193806, ele_trigger=0.94462, fakephoton_ele=6.89811, fakephoton_muon=0.314342, interference=1.25054, lumi=0.472241, mu_efficiency=-0.623318, mu_trigger=-1.45067, non_prompt_stat_ele=5.24215, non_prompt_stat_muon=-0.0377664, others_stat_ele=1.90081, others_stat_muon=1.59741, others_xs=2.08881, param=0.0174373, pdf_ele=5.02312, pdf_muon=0.86423, photon_id=5.21493, pileup=0.325042, scale_ele=6.98135, scale_muon=1.67846
RooProdPdf::model_s[ modelObs_s * nuisancePdf ]
     getLogVal() top-level p.d.f evaluates to zero @ !pdfs=(modelObs_s = 0/1,nuisancePdf = 1)

[#0] WARNING:Minization -- RooMinimizerFcn: Minimized function has error status.
Returning maximum FCN so far (1033.36) to force MIGRAD to back out of this region. Error log follows
Parameter values: JER_ele=1.08935, JER_muon=1.0972, JES_ele=0.318683, JES_muon=0.320927, QCD_stat_ele=6.83168, QCD_stat_muon=0.907445, VBS_stat_ele=3.14105, VBS_stat_muon=1.0641, ele_efficiency=-0.335006, ele_trigger=0.366405, fakephoton_ele=6.82377, fakephoton_muon=0.267038, interference=1.09481, lumi=0.147466, mu_efficiency=-0.635935, mu_trigger=-1.5245, non_prompt_stat_ele=6.87528, non_prompt_stat_muon=-0.155649, others_stat_ele=1.26341, others_stat_muon=1.4178, others_xs=1.70944, param=0.0256653, pdf_ele=4.14023, pdf_muon=0.666079, photon_id=4.39169, pileup=0.2828, scale_ele=6.69038, scale_muon=1.20726
RooProdPdf::model_s[ modelObs_s * nuisancePdf ]
     getLogVal() top-level p.d.f evaluates to zero @ !pdfs=(modelObs_s = 0/1,nuisancePdf = 1)

[#0] WARNING:Minization -- RooMinimizerFcn: Minimized function has error status.
Returning maximum FCN so far (1033.36) to force MIGRAD to back out of this region. Error log follows
Parameter values: JER_ele=1.54388, JER_muon=1.1862, JES_ele=1.03136, JES_muon=0.490625, QCD_stat_ele=6.9209, QCD_stat_muon=1.30538, VBS_stat_ele=3.67243, VBS_stat_muon=1.17862, ele_efficiency=-0.18157, ele_trigger=0.944918, fakephoton_ele=6.92254, fakephoton_muon=0.318086, interference=1.24064, lumi=0.485486, mu_efficiency=-0.60216, mu_trigger=-1.402, non_prompt_stat_ele=5.36759, non_prompt_stat_muon=-0.0339539, others_stat_ele=1.87318, others_stat_muon=1.58861, others_xs=2.06383, param=0.0307285, pdf_ele=4.97127, pdf_muon=0.882374, photon_id=5.18189, pileup=0.31977, scale_ele=6.98953, scale_muon=1.66433
RooProdPdf::model_s[ modelObs_s * nuisancePdf ]
     getLogVal() top-level p.d.f evaluates to zero @ !pdfs=(modelObs_s = 0/1,nuisancePdf = 1)

[#0] WARNING:Minization -- RooMinimizerFcn: Minimized function has error status.
Returning maximum FCN so far (1033.36) to force MIGRAD to back out of this region. Error log follows
Parameter values: JER_ele=1.16382, JER_muon=1.1129, JES_ele=0.437505, JES_muon=0.352253, QCD_stat_ele=6.91123, QCD_stat_muon=0.9814, VBS_stat_ele=3.22808, VBS_stat_muon=1.08415, ele_efficiency=-0.309127, ele_trigger=0.462474, fakephoton_ele=6.90436, fakephoton_muon=0.276352, interference=1.11902, lumi=0.204696, mu_efficiency=-0.62883, mu_trigger=-1.49873, non_prompt_stat_ele=6.747, non_prompt_stat_muon=-0.133673, others_stat_ele=1.36315, others_stat_muon=1.44867, others_xs=1.7685, param=0.0242735, pdf_ele=4.28181, pdf_muon=0.705939, photon_id=4.53007, pileup=0.288753, scale_ele=6.79729, scale_muon=1.29001
RooProdPdf::model_s[ modelObs_s * nuisancePdf ]
     getLogVal() top-level p.d.f evaluates to zero @ !pdfs=(modelObs_s = 0/1,nuisancePdf = 1)

[#0] WARNING:Minization -- RooMinimizerFcn: Minimized function has error status.
Returning maximum FCN so far (1033.36) to force MIGRAD to back out of this region. Error log follows
Parameter values: JER_ele=1.50125, JER_muon=1.17915, JES_ele=0.964596, JES_muon=0.477437, QCD_stat_ele=6.95323, QCD_stat_muon=1.27465, VBS_stat_ele=3.62249, VBS_stat_muon=1.16898, ele_efficiency=-0.19603, ele_trigger=0.890598, fakephoton_ele=6.95578, fakephoton_muon=0.314177, interference=1.22783, lumi=0.454651, mu_efficiency=-0.604826, mu_trigger=-1.41164, non_prompt_stat_ele=5.58404, non_prompt_stat_muon=-0.0432787, others_stat_ele=1.81642, others_stat_muon=1.57521, others_xs=2.03215, param=0.0279913, pdf_ele=4.89778, pdf_muon=0.865418, photon_id=5.11447, pileup=0.316387, scale_ele=6.99839, scale_muon=1.62922
RooProdPdf::model_s[ modelObs_s * nuisancePdf ]
     getLogVal() top-level p.d.f evaluates to zero @ !pdfs=(modelObs_s = 0/1,nuisancePdf = 1)

[#0] WARNING:Minization -- RooMinimizerFcn: Minimized function has error status.
Returning maximum FCN so far (1033.36) to force MIGRAD to back out of this region. Error log follows
Parameter values: JER_ele=1.23204, JER_muon=1.12703, JES_ele=0.543919, JES_muon=0.379225, QCD_stat_ele=6.96228, QCD_stat_muon=1.04481, VBS_stat_ele=3.30784, VBS_stat_muon=1.10178, ele_efficiency=-0.286321, ele_trigger=0.548877, fakephoton_ele=6.9571, fakephoton_muon=0.284512, interference=1.14145, lumi=0.25567, mu_efficiency=-0.623639, mu_trigger=-1.48, non_prompt_stat_ele=6.5902, non_prompt_stat_muon=-0.114188, others_stat_ele=1.45503, others_stat_muon=1.47587, others_xs=1.82272, param=0.0230823, pdf_ele=4.41072, pdf_muon=0.740179, photon_id=4.65417, pileup=0.294372, scale_ele=6.87623, scale_muon=1.36337
RooProdPdf::model_s[ modelObs_s * nuisancePdf ]
     getLogVal() top-level p.d.f evaluates to zero @ !pdfs=(modelObs_s = 0/1,nuisancePdf = 1)

[#0] WARNING:Minization -- RooMinimizerFcn: Minimized function has error status.
Returning maximum FCN so far (1033.36) to force MIGRAD to back out of this region. Error log follows
Parameter values: JER_ele=1.3869, JER_muon=1.15839, JES_ele=0.78606, JES_muon=0.43758, QCD_stat_ele=6.99843, QCD_stat_muon=1.17796, VBS_stat_ele=3.49366, VBS_stat_muon=1.14931, ele_efficiency=-0.233642, ele_trigger=0.745984, fakephoton_ele=6.99928, fakephoton_muon=0.30204, interference=1.19301, lumi=0.373061, mu_efficiency=-0.611311, mu_trigger=-1.43667, non_prompt_stat_ele=6.09558, non_prompt_stat_muon=-0.0725831, others_stat_ele=1.6622, others_stat_muon=1.53324, others_xs=1.94257, param=0.0855542, pdf_ele=4.69363, pdf_muon=0.816502, photon_id=4.92413, pileup=0.306848, scale_ele=6.9835, scale_muon=1.51811
RooProdPdf::model_s[ modelObs_s * nuisancePdf ]
     getLogVal() top-level p.d.f evaluates to zero @ !pdfs=(modelObs_s = 0/1,nuisancePdf = 1)

[#0] WARNING:Minization -- RooMinimizerFcn: Minimized function has error status.
Returning maximum FCN so far (1033.36) to force MIGRAD to back out of this region. Error log follows
Parameter values: JER_ele=1.74435, JER_muon=1.22819, JES_ele=1.33434, JES_muon=0.56907, QCD_stat_ele=6.63346, QCD_stat_muon=1.52868, VBS_stat_ele=3.87207, VBS_stat_muon=1.16989, ele_efficiency=-0.124937, ele_trigger=1.18821, fakephoton_ele=6.65096, fakephoton_muon=0.343101, interference=1.30149, lumi=0.614744, mu_efficiency=-0.601149, mu_trigger=-1.38047, non_prompt_stat_ele=4.22547, non_prompt_stat_muon=0.0293507, others_stat_ele=2.15261, others_stat_muon=1.68484, others_xs=2.24206, param=0.0173523, pdf_ele=5.32176, pdf_muon=0.967161, photon_id=5.5093, pileup=0.339584, scale_ele=6.83086, scale_muon=1.91443
RooProdPdf::model_s[ modelObs_s * nuisancePdf ]
     getLogVal() top-level p.d.f evaluates to zero @ !pdfs=(modelObs_s = 0/1,nuisancePdf = 1)

[#0] WARNING:Minization -- RooMinimizerFcn: Minimized function has error status.
Returning maximum FCN so far (1033.36) to force MIGRAD to back out of this region. Error log follows
Parameter values: JER_ele=0.862513, JER_muon=1.05165, JES_ele=-0.0292795, JES_muon=0.243436, QCD_stat_ele=6.44315, QCD_stat_muon=0.726177, VBS_stat_ele=2.85251, VBS_stat_muon=0.988659, ele_efficiency=-0.408831, ele_trigger=0.0828339, fakephoton_ele=6.40886, fakephoton_muon=0.243778, interference=1.01817, lumi=-0.0192208, mu_efficiency=-0.650193, mu_trigger=-1.57726, non_prompt_stat_ele=6.98375, non_prompt_stat_muon=-0.211474, others_stat_ele=0.961228, others_stat_muon=1.33951, others_xs=1.5366, param=0.0638165, pdf_ele=3.68895, pdf_muon=0.561608, photon_id=3.96376, pileup=0.264349, scale_ele=6.23518, scale_muon=0.995638
RooProdPdf::model_s[ modelObs_s * nuisancePdf ]
     getLogVal() top-level p.d.f evaluates to zero @ !pdfs=(modelObs_s = 0/1,nuisancePdf = 1)

[#0] WARNING:Minization -- RooMinimizerFcn: Minimized function has error status.
Returning maximum FCN so far (1033.36) to force MIGRAD to back out of this region. Error log follows
Parameter values: JER_ele=1.44205, JER_muon=1.16412, JES_ele=0.876345, JES_muon=0.456562, QCD_stat_ele=6.9834, QCD_stat_muon=1.22827, VBS_stat_ele=3.53923, VBS_stat_muon=1.13179, ele_efficiency=-0.215142, ele_trigger=0.817703, fakephoton_ele=6.98617, fakephoton_muon=0.308186, interference=1.20336, lumi=0.408156, mu_efficiency=-0.609031, mu_trigger=-1.42725, non_prompt_stat_ele=5.85591, non_prompt_stat_muon=-0.0576731, others_stat_ele=1.74163, others_stat_muon=1.55529, others_xs=1.9891, param=0.0754318, pdf_ele=4.79533, pdf_muon=0.833204, photon_id=5.01701, pileup=0.311509, scale_ele=6.99821, scale_muon=1.57494
RooProdPdf::model_s[ modelObs_s * nuisancePdf ]
     getLogVal() top-level p.d.f evaluates to zero @ !pdfs=(modelObs_s = 0/1,nuisancePdf = 1)

[#0] WARNING:Minization -- RooMinimizerFcn: Minimized function has error status.
Returning maximum FCN so far (1033.36) to force MIGRAD to back out of this region. Error log follows
Parameter values: JER_ele=1.23882, JER_muon=1.12717, JES_ele=0.556683, JES_muon=0.386657, QCD_stat_ele=6.96764, QCD_stat_muon=1.06392, VBS_stat_ele=3.30095, VBS_stat_muon=1.0846, ele_efficiency=-0.283623, ele_trigger=0.558445, fakephoton_ele=6.95785, fakephoton_muon=0.287084, interference=1.14001, lumi=0.259061, mu_efficiency=-0.622566, mu_trigger=-1.47662, non_prompt_stat_ele=6.58881, non_prompt_stat_muon=-0.108069, others_stat_ele=1.46738, others_stat_muon=1.48448, others_xs=1.83262, param=0.0679521, pdf_ele=4.4241, pdf_muon=0.744124, photon_id=4.66936, pileup=0.295046, scale_ele=6.88497, scale_muon=1.386
RooProdPdf::model_s[ modelObs_s * nuisancePdf ]
     getLogVal() top-level p.d.f evaluates to zero @ !pdfs=(modelObs_s = 0/1,nuisancePdf = 1)

[#0] WARNING:Minization -- RooMinimizerFcn: Minimized function has error status.
Returning maximum FCN so far (1033.36) to force MIGRAD to back out of this region. Error log follows
Parameter values: JER_ele=1.47159, JER_muon=1.17377, JES_ele=0.921804, JES_muon=0.475044, QCD_stat_ele=6.96959, QCD_stat_muon=1.27161, VBS_stat_ele=3.57268, VBS_stat_muon=1.14398, ele_efficiency=-0.205219, ele_trigger=0.854827, fakephoton_ele=6.97523, fakephoton_muon=0.31385, interference=1.21571, lumi=0.432859, mu_efficiency=-0.605461, mu_trigger=-1.41471, non_prompt_stat_ele=5.74415, non_prompt_stat_muon=-0.0441554, others_stat_ele=1.7811, others_stat_muon=1.57344, others_xs=2.01584, param=0.0728865, pdf_ele=4.84697, pdf_muon=0.856701, photon_id=5.0716, pileup=0.314189, scale_ele=7, scale_muon=1.62491
RooProdPdf::model_s[ modelObs_s * nuisancePdf ]
     getLogVal() top-level p.d.f evaluates to zero @ !pdfs=(modelObs_s = 0/1,nuisancePdf = 1)

[#0] WARNING:Minization -- RooMinimizerFcn: Minimized function has error status.
Returning maximum FCN so far (1033.36) to force MIGRAD to back out of this region. Error log follows
Parameter values: JER_ele=1.40238, JER_muon=1.15975, JES_ele=0.796286, JES_muon=0.43409, QCD_stat_ele=6.99291, QCD_stat_muon=1.22399, VBS_stat_ele=3.48002, VBS_stat_muon=1.07795, ele_efficiency=-0.243622, ele_trigger=0.749817, fakephoton_ele=6.99662, fakephoton_muon=0.301884, interference=1.19051, lumi=0.354578, mu_efficiency=-0.630432, mu_trigger=-1.48082, non_prompt_stat_ele=6.02749, non_prompt_stat_muon=-0.068213, others_stat_ele=1.69751, others_stat_muon=1.5532, others_xs=1.97613, param=0.10587, pdf_ele=4.74799, pdf_muon=0.79523, photon_id=4.96208, pileup=0.311979, scale_ele=6.99238, scale_muon=1.56049
RooProdPdf::model_s[ modelObs_s * nuisancePdf ]
     getLogVal() top-level p.d.f evaluates to zero @ !pdfs=(modelObs_s = 0/1,nuisancePdf = 1)

[#0] WARNING:Minization -- RooMinimizerFcn: Minimized function has error status.
Returning maximum FCN so far (1033.36) to force MIGRAD to back out of this region. Error log follows
Parameter values: JER_ele=0.988598, JER_muon=1.07401, JES_ele=0.172999, JES_muon=0.296098, QCD_stat_ele=6.68766, QCD_stat_muon=0.839051, VBS_stat_ele=2.9931, VBS_stat_muon=1.01244, ele_efficiency=-0.362955, ele_trigger=0.2471, fakephoton_ele=6.6575, fakephoton_muon=0.260038, interference=1.05504, lumi=0.0775407, mu_efficiency=-0.636397, mu_trigger=-1.53435, non_prompt_stat_ele=6.98395, non_prompt_stat_muon=-0.173763, others_stat_ele=1.13294, others_stat_muon=1.38875, others_xs=1.63537, param=0.149514, pdf_ele=3.93724, pdf_muon=0.625729, photon_id=4.20648, pileup=0.273796, scale_ele=6.51466, scale_muon=1.13089
RooProdPdf::model_s[ modelObs_s * nuisancePdf ]
     getLogVal() top-level p.d.f evaluates to zero @ !pdfs=(modelObs_s = 0/1,nuisancePdf = 1)

[#0] WARNING:Minization -- RooMinimizerFcn: Minimized function has error status.
Returning maximum FCN so far (1033.36) to force MIGRAD to back out of this region. Error log follows
Parameter values: JER_ele=1.6274, JER_muon=1.20334, JES_ele=1.16583, JES_muon=0.53304, QCD_stat_ele=6.82449, QCD_stat_muon=1.42164, VBS_stat_ele=3.73921, VBS_stat_muon=1.15873, ele_efficiency=-0.155114, ele_trigger=1.05151, fakephoton_ele=6.84313, fakephoton_muon=0.331485, interference=1.26232, lumi=0.542282, mu_efficiency=-0.597823, mu_trigger=-1.38029, non_prompt_stat_ele=4.97019, non_prompt_stat_muon=-0.00113255, others_stat_ele=1.99336, others_stat_muon=1.63747, others_xs=2.14331, param=0.150256, pdf_ele=5.1187, pdf_muon=0.92478, photon_id=5.32582, pileup=0.327797, scale_ele=6.94539, scale_muon=1.79139
RooProdPdf::model_s[ modelObs_s * nuisancePdf ]
     getLogVal() top-level p.d.f evaluates to zero @ !pdfs=(modelObs_s = 0/1,nuisancePdf = 1)

[#0] WARNING:Minization -- RooMinimizerFcn: Minimized function has error status.
Returning maximum FCN so far (1033.36) to force MIGRAD to back out of this region. Error log follows
Parameter values: JER_ele=1.20555, JER_muon=1.12261, JES_ele=0.50682, JES_muon=0.386345, QCD_stat_ele=6.94774, QCD_stat_muon=1.05575, VBS_stat_ele=3.24982, VBS_stat_muon=1.07027, ele_efficiency=-0.292675, ele_trigger=0.51815, fakephoton_ele=6.92765, fakephoton_muon=0.287524, interference=1.12902, lumi=0.23839, mu_efficiency=-0.620954, mu_trigger=-1.47581, non_prompt_stat_ele=6.6925, non_prompt_stat_muon=-0.107609, others_stat_ele=1.42437, others_stat_muon=1.48174, others_xs=1.81168, param=0.127235, pdf_ele=4.35876, pdf_muon=0.739996, photon_id=4.61635, pileup=0.292209, scale_ele=6.85051, scale_muon=1.38194
RooProdPdf::model_s[ modelObs_s * nuisancePdf ]
     getLogVal() top-level p.d.f evaluates to zero @ !pdfs=(modelObs_s = 0/1,nuisancePdf = 1)


 -- Hybrid New -- 
CLs = 0.00900901 +/- 0.00449557
Done in 16.94 min (cpu), 17.24 min (real)
