 <<< Combine >>> 
>>> including systematics
>>> using the Profile Likelihood test statistics modified for upper limits (Q_LHC)
>>> method used is HybridNew
>>> Used OpenSSL to get a really random seed -929123550
Computing results starting from observation (a-posteriori)
[#0] WARNING:Minization -- RooMinimizerFcn: Minimized function has error status.
Returning maximum FCN so far (523.081) to force MIGRAD to back out of this region. Error log follows
Parameter values: JER_ele=2.10102, JER_muon=-5.29792, JES_ele=2.29233, JES_muon=0.204861, QCD_stat_ele=6.30342, QCD_stat_muon=-6.83908, VBS_stat_ele=2.15043, VBS_stat_muon=-5.27184, ele_efficiency=-6.53733, ele_trigger=2.10278, fakephoton_ele=-4.18637, fakephoton_muon=6.71191, interference=6.96528, lumi=-5.92812, mu_efficiency=4.45268, mu_trigger=1.40265, non_prompt_stat_ele=-1.95194, non_prompt_stat_muon=6.86299, others_stat_ele=1.37345, others_stat_muon=6.17064, others_xs=-5.69642, param=1.26264, pdf_ele=5.9364, pdf_muon=-2.83766, photon_id=-1.66548, pileup=3.51254, scale_ele=4.97771, scale_muon=4.97272
RooProdPdf::model_s[ modelObs_s * nuisancePdf ]
     getLogVal() top-level p.d.f evaluates to zero @ !pdfs=(modelObs_s = 0/1,nuisancePdf = 1)

[#0] WARNING:Minization -- RooMinimizerFcn: Minimized function has error status.
Returning maximum FCN so far (695.834) to force MIGRAD to back out of this region. Error log follows
Parameter values: JER_ele=1.09403, JER_muon=5.54188, JES_ele=-1.65664, JES_muon=6.76789, QCD_stat_ele=6.62918, QCD_stat_muon=-6.99682, VBS_stat_ele=-3.52445, VBS_stat_muon=6.86634, ele_efficiency=0.12185, ele_trigger=-0.502787, fakephoton_ele=-6.99789, fakephoton_muon=4.99265, interference=4.55555, lumi=4.38167, mu_efficiency=2.37889, mu_trigger=6.65795, non_prompt_stat_ele=1.12037, non_prompt_stat_muon=6.81826, others_stat_ele=3.11864, others_stat_muon=6.99727, others_xs=5.53943, param=1.26481, pdf_ele=0.162111, pdf_muon=5.63914, photon_id=6.56115, pileup=-0.885315, scale_ele=6.92204, scale_muon=-6.71642
RooProdPdf::model_s[ modelObs_s * nuisancePdf ]
     getLogVal() top-level p.d.f evaluates to zero @ !pdfs=(modelObs_s = 0/1,nuisancePdf = 1)

[#0] WARNING:Minization -- RooMinimizerFcn: Minimized function has error status.
Returning maximum FCN so far (695.834) to force MIGRAD to back out of this region. Error log follows
Parameter values: JER_ele=-5.52231, JER_muon=-6.99999, JES_ele=2.77059, JES_muon=-4.69302, QCD_stat_ele=4.6049, QCD_stat_muon=-6.15035, VBS_stat_ele=-2.63685, VBS_stat_muon=-3.2882, ele_efficiency=-6.93159, ele_trigger=-5.29181, fakephoton_ele=4.45294, fakephoton_muon=3.5536, interference=6.99987, lumi=1.8827, mu_efficiency=6.99089, mu_trigger=3.52781, non_prompt_stat_ele=6.82475, non_prompt_stat_muon=1.63635, others_stat_ele=-1.24968, others_stat_muon=-6.76082, others_xs=2.85941, param=1.25586, pdf_ele=0.234031, pdf_muon=-6.87894, photon_id=2.15208, pileup=-6.81949, scale_ele=-5.15013, scale_muon=-7
RooProdPdf::model_s[ modelObs_s * nuisancePdf ]
     getLogVal() top-level p.d.f evaluates to zero @ !pdfs=(modelObs_s = 0/1,nuisancePdf = 1)

[#0] WARNING:Minization -- RooMinimizerFcn: Minimized function has error status.
Returning maximum FCN so far (705.913) to force MIGRAD to back out of this region. Error log follows
Parameter values: JER_ele=1.50107, JER_muon=5.2939, JES_ele=4.5521, JES_muon=-3.5321, QCD_stat_ele=6.19289, QCD_stat_muon=-6.64077, VBS_stat_ele=5.54048, VBS_stat_muon=3.02991, ele_efficiency=1.23754, ele_trigger=3.95786, fakephoton_ele=5.6511, fakephoton_muon=6.95231, interference=6.85237, lumi=6.86899, mu_efficiency=4.98476, mu_trigger=3.16399, non_prompt_stat_ele=5.38097, non_prompt_stat_muon=-5.67493, others_stat_ele=6.50561, others_stat_muon=-2.32929, others_xs=4.78645, param=1.26687, pdf_ele=4.70296, pdf_muon=-5.81478, photon_id=-5.73793, pileup=-0.19193, scale_ele=6.9471, scale_muon=-5.96614
RooProdPdf::model_s[ modelObs_s * nuisancePdf ]
     getLogVal() top-level p.d.f evaluates to zero @ !pdfs=(modelObs_s = 0/1,nuisancePdf = 1)

[#0] WARNING:Minization -- RooMinimizerFcn: Minimized function has error status.
Returning maximum FCN so far (705.913) to force MIGRAD to back out of this region. Error log follows
Parameter values: JER_ele=-0.131582, JER_muon=6.45148, JES_ele=2.36811, JES_muon=6.97011, QCD_stat_ele=5.83414, QCD_stat_muon=-6.34472, VBS_stat_ele=4.31392, VBS_stat_muon=6.72253, ele_efficiency=0.732208, ele_trigger=2.14959, fakephoton_ele=3.51454, fakephoton_muon=5.06446, interference=5.7086, lumi=5.1652, mu_efficiency=2.68238, mu_trigger=6.44468, non_prompt_stat_ele=1.16168, non_prompt_stat_muon=6.44984, others_stat_ele=4.00006, others_stat_muon=6.9568, others_xs=6.49303, param=1.2662, pdf_ele=1.84591, pdf_muon=3.89293, photon_id=3.96734, pileup=-0.824142, scale_ele=4.3418, scale_muon=-4.56142
RooProdPdf::model_s[ modelObs_s * nuisancePdf ]
     getLogVal() top-level p.d.f evaluates to zero @ !pdfs=(modelObs_s = 0/1,nuisancePdf = 1)

[#0] WARNING:Minization -- RooMinimizerFcn: Minimized function has error status.
Returning maximum FCN so far (819.787) to force MIGRAD to back out of this region. Error log follows
Parameter values: JER_ele=-1.97646, JER_muon=-5.04102, JES_ele=2.7771, JES_muon=-6.99114, QCD_stat_ele=6.94459, QCD_stat_muon=5.26036, VBS_stat_ele=-0.373517, VBS_stat_muon=-6.9436, ele_efficiency=-2.5389, ele_trigger=0.494338, fakephoton_ele=2.94958, fakephoton_muon=0.801505, interference=-3.88814, lumi=-1.14741, mu_efficiency=-3.89924, mu_trigger=-6.99913, non_prompt_stat_ele=5.92482, non_prompt_stat_muon=-5.60311, others_stat_ele=2.9277, others_stat_muon=-6.91509, others_xs=-3.78617, param=1.14516, pdf_ele=2.11193, pdf_muon=-6.72909, photon_id=-6.93388, pileup=-0.00787856, scale_ele=1.15066, scale_muon=-6.89843
RooProdPdf::model_s[ modelObs_s * nuisancePdf ]
     getLogVal() top-level p.d.f evaluates to zero @ !pdfs=(modelObs_s = 0/1,nuisancePdf = 1)

[#0] WARNING:Minization -- RooMinimizerFcn: Minimized function has error status.
Returning maximum FCN so far (819.787) to force MIGRAD to back out of this region. Error log follows
Parameter values: JER_ele=-3.36766, JER_muon=-4.6576, JES_ele=-4.91761, JES_muon=-5.23205, QCD_stat_ele=-6.9427, QCD_stat_muon=6.91454, VBS_stat_ele=-3.1227, VBS_stat_muon=2.69801, ele_efficiency=-6.93484, ele_trigger=-5.59881, fakephoton_ele=3.17797, fakephoton_muon=-6.3005, interference=-5.60007, lumi=-5.37588, mu_efficiency=-6.56354, mu_trigger=6.68015, non_prompt_stat_ele=6.86777, non_prompt_stat_muon=-4.95052, others_stat_ele=6.11623, others_stat_muon=-0.315295, others_xs=-5.45666, param=1.30934, pdf_ele=5.86379, pdf_muon=-6.77406, photon_id=-4.11896, pileup=-1.51645, scale_ele=3.95993, scale_muon=0.107346
RooProdPdf::model_s[ modelObs_s * nuisancePdf ]
     getLogVal() top-level p.d.f evaluates to zero @ !pdfs=(modelObs_s = 0/1,nuisancePdf = 1)

[#0] WARNING:Minization -- RooMinimizerFcn: Minimized function has error status.
Returning maximum FCN so far (401.966) to force MIGRAD to back out of this region. Error log follows
Parameter values: JER_ele=-6.53632, JER_muon=2.15426, JES_ele=6.97302, JES_muon=1.86915, QCD_stat_ele=-6.72491, QCD_stat_muon=5.92927, VBS_stat_ele=-2.20005, VBS_stat_muon=1.16272, ele_efficiency=-5.20394, ele_trigger=-4.95634, fakephoton_ele=6.11585, fakephoton_muon=0.175353, interference=-5.3052, lumi=-6.73458, mu_efficiency=4.56898, mu_trigger=-5.08064, non_prompt_stat_ele=6.79876, non_prompt_stat_muon=6.8471, others_stat_ele=-5.82033, others_stat_muon=-3.93951, others_xs=6.6101, param=1.07807, pdf_ele=6.92893, pdf_muon=4.73498, photon_id=-6.97203, pileup=0.168712, scale_ele=3.27848, scale_muon=6.74615
RooProdPdf::model_s[ modelObs_s * nuisancePdf ]
     getLogVal() top-level p.d.f evaluates to zero @ !pdfs=(modelObs_s = 0/1,nuisancePdf = 1)

[#0] WARNING:Minization -- RooMinimizerFcn: Minimized function has error status.
Returning maximum FCN so far (731.563) to force MIGRAD to back out of this region. Error log follows
Parameter values: JER_ele=3.33877, JER_muon=-6.64344, JES_ele=6.19133, JES_muon=-5.3904, QCD_stat_ele=-2.9109, QCD_stat_muon=-5.85307, VBS_stat_ele=-6.66061, VBS_stat_muon=-5.37708, ele_efficiency=6.95254, ele_trigger=6.37512, fakephoton_ele=3.38661, fakephoton_muon=0.621854, interference=-1.75916, lumi=6.25534, mu_efficiency=2.17836, mu_trigger=-6.79943, non_prompt_stat_ele=6.82664, non_prompt_stat_muon=-6.90404, others_stat_ele=-3.15004, others_stat_muon=6.21703, others_xs=-6.42413, param=1.11339, pdf_ele=-4.5104, pdf_muon=-2.49933, photon_id=6.77036, pileup=-6.99409, scale_ele=-0.885774, scale_muon=1.73403
RooProdPdf::model_s[ modelObs_s * nuisancePdf ]
     getLogVal() top-level p.d.f evaluates to zero @ !pdfs=(modelObs_s = 0/1,nuisancePdf = 1)

[#0] WARNING:Minization -- RooMinimizerFcn: Minimized function has error status.
Returning maximum FCN so far (942.878) to force MIGRAD to back out of this region. Error log follows
Parameter values: JER_ele=-6.89764, JER_muon=6.69688, JES_ele=-6.81064, JES_muon=-4.74368, QCD_stat_ele=6.91463, QCD_stat_muon=-6.40513, VBS_stat_ele=-6.50204, VBS_stat_muon=6.11326, ele_efficiency=-1.03681, ele_trigger=-6.92848, fakephoton_ele=6.04269, fakephoton_muon=6.96106, interference=-0.91824, lumi=-5.9119, mu_efficiency=-0.367801, mu_trigger=0.619888, non_prompt_stat_ele=6.83857, non_prompt_stat_muon=6.96908, others_stat_ele=-3.5448, others_stat_muon=6.90297, others_xs=-5.56395, param=1.19502, pdf_ele=-5.32309, pdf_muon=3.35064, photon_id=-0.336381, pileup=-5.87351, scale_ele=-2.82489, scale_muon=5.56916
RooProdPdf::model_s[ modelObs_s * nuisancePdf ]
     getLogVal() top-level p.d.f evaluates to zero @ !pdfs=(modelObs_s = 0/1,nuisancePdf = 1)

[#0] WARNING:Minization -- RooMinimizerFcn: Minimized function has error status.
Returning maximum FCN so far (604.6) to force MIGRAD to back out of this region. Error log follows
Parameter values: JER_ele=1.63654, JER_muon=-1.81258, JES_ele=-1.28056, JES_muon=-3.77336, QCD_stat_ele=-5.76626, QCD_stat_muon=-6.43112, VBS_stat_ele=5.62811, VBS_stat_muon=1.08654, ele_efficiency=0.531293, ele_trigger=2.08639, fakephoton_ele=5.7909, fakephoton_muon=-2.83401, interference=-0.133472, lumi=1.15361, mu_efficiency=-4.0526, mu_trigger=-3.44108, non_prompt_stat_ele=6.43718, non_prompt_stat_muon=5.68217, others_stat_ele=3.92498, others_stat_muon=-5.44288, others_xs=0.71728, param=0.762117, pdf_ele=6.56512, pdf_muon=2.88201, photon_id=0.736451, pileup=-2.05957, scale_ele=6.89007, scale_muon=4.08665
RooProdPdf::model_s[ modelObs_s * nuisancePdf ]
     getLogVal() top-level p.d.f evaluates to zero @ !pdfs=(modelObs_s = 0/1,nuisancePdf = 1)

[#0] WARNING:Minization -- RooMinimizerFcn: Minimized function has error status.
Returning maximum FCN so far (788.232) to force MIGRAD to back out of this region. Error log follows
Parameter values: JER_ele=0.648469, JER_muon=5.714, JES_ele=-1.51503, JES_muon=0.696085, QCD_stat_ele=-6.70944, QCD_stat_muon=-4.43553, VBS_stat_ele=4.59372, VBS_stat_muon=4.30552, ele_efficiency=0.138942, ele_trigger=0.710271, fakephoton_ele=3.93421, fakephoton_muon=4.76454, interference=5.60073, lumi=6.26753, mu_efficiency=1.30567, mu_trigger=6.31396, non_prompt_stat_ele=6.81851, non_prompt_stat_muon=-5.85113, others_stat_ele=1.56459, others_stat_muon=6.198, others_xs=6.97211, param=0.795897, pdf_ele=6.91298, pdf_muon=-4.80834, photon_id=-1.17139, pileup=-0.475647, scale_ele=3.13413, scale_muon=4.68246
RooProdPdf::model_s[ modelObs_s * nuisancePdf ]
     getLogVal() top-level p.d.f evaluates to zero @ !pdfs=(modelObs_s = 0/1,nuisancePdf = 1)


 -- Hybrid New -- 
CLs = 1.0082 +/- 0.0152648
Done in 16.64 min (cpu), 16.82 min (real)
