 <<< Combine >>> 
>>> including systematics
>>> using the Profile Likelihood test statistics modified for upper limits (Q_LHC)
>>> method used is HybridNew
>>> Used OpenSSL to get a really random seed -621457895
Computing results starting from observation (a-posteriori)
[#0] WARNING:Minization -- RooMinimizerFcn: Minimized function has error status.
Returning maximum FCN so far (428.167) to force MIGRAD to back out of this region. Error log follows
Parameter values: JER_ele=6.83085, JER_muon=0.922633, JES_ele=5.42561, JES_muon=-4.41806, QCD_stat_ele=-4.83842, QCD_stat_muon=2.83512, VBS_stat_ele=-6.29562, VBS_stat_muon=6.87935, ele_efficiency=-5.56021, ele_trigger=-5.09596, fakephoton_ele=5.83761, fakephoton_muon=-6.24337, interference=-6.56126, lumi=-2.59697, mu_efficiency=-1.1878, mu_trigger=6.84066, non_prompt_stat_ele=6.09087, non_prompt_stat_muon=-1.65199, others_stat_ele=-4.65084, others_stat_muon=0.483361, others_xs=-5.91319, param=0.583671, pdf_ele=-6.81063, pdf_muon=-1.51216, photon_id=6.93032, pileup=6.01079, scale_ele=-5.44849, scale_muon=-3.42644
RooProdPdf::model_s[ modelObs_s * nuisancePdf ]
     getLogVal() top-level p.d.f evaluates to zero @ !pdfs=(modelObs_s = 0/1,nuisancePdf = 1)

[#0] WARNING:Minization -- RooMinimizerFcn: Minimized function has error status.
Returning maximum FCN so far (840.855) to force MIGRAD to back out of this region. Error log follows
Parameter values: JER_ele=1.954, JER_muon=-6.80375, JES_ele=-6.99992, JES_muon=-4.68948, QCD_stat_ele=-3.24129, QCD_stat_muon=5.79562, VBS_stat_ele=5.85334, VBS_stat_muon=-4.67471, ele_efficiency=-1.28864, ele_trigger=-6.58364, fakephoton_ele=2.49563, fakephoton_muon=5.26997, interference=-5.05395, lumi=-6.37346, mu_efficiency=-5.75625, mu_trigger=5.81437, non_prompt_stat_ele=6.12302, non_prompt_stat_muon=1.8118, others_stat_ele=4.38125, others_stat_muon=6.6452, others_xs=-6.74419, param=0.585909, pdf_ele=0.630584, pdf_muon=6.85051, photon_id=-1.99967, pileup=0.224015, scale_ele=4.90608, scale_muon=-5.82025
RooProdPdf::model_s[ modelObs_s * nuisancePdf ]
     getLogVal() top-level p.d.f evaluates to zero @ !pdfs=(modelObs_s = 0/1,nuisancePdf = 1)

[#0] WARNING:Minization -- RooMinimizerFcn: Minimized function has error status.
Returning maximum FCN so far (763.512) to force MIGRAD to back out of this region. Error log follows
Parameter values: JER_ele=6.61968, JER_muon=4.5459, JES_ele=2.38459, JES_muon=2.98715, QCD_stat_ele=6.77873, QCD_stat_muon=1.34782, VBS_stat_ele=4.50181, VBS_stat_muon=6.99386, ele_efficiency=-4.32081, ele_trigger=0.664916, fakephoton_ele=5.15656, fakephoton_muon=0.930535, interference=0.0571443, lumi=-3.07719, mu_efficiency=0.326383, mu_trigger=-0.772716, non_prompt_stat_ele=6.84833, non_prompt_stat_muon=0.888301, others_stat_ele=3.73839, others_stat_muon=6.83671, others_xs=-0.428113, param=0.738407, pdf_ele=-3.18729, pdf_muon=-2.18384, photon_id=4.23091, pileup=0.698907, scale_ele=2.46634, scale_muon=-6.95312
RooProdPdf::model_s[ modelObs_s * nuisancePdf ]
     getLogVal() top-level p.d.f evaluates to zero @ !pdfs=(modelObs_s = 0/1,nuisancePdf = 1)

[#0] WARNING:Minization -- RooMinimizerFcn: Minimized function has error status.
Returning maximum FCN so far (763.512) to force MIGRAD to back out of this region. Error log follows
Parameter values: JER_ele=4.76261, JER_muon=5.75324, JES_ele=-6.6387, JES_muon=-4.17418, QCD_stat_ele=-6.07799, QCD_stat_muon=5.58302, VBS_stat_ele=-5.40941, VBS_stat_muon=5.66979, ele_efficiency=6.48154, ele_trigger=4.66469, fakephoton_ele=6.99519, fakephoton_muon=5.98789, interference=2.06839, lumi=6.5091, mu_efficiency=-6.55587, mu_trigger=-1.90523, non_prompt_stat_ele=4.02092, non_prompt_stat_muon=0.554442, others_stat_ele=-1.28134, others_stat_muon=-6.2868, others_xs=-0.113452, param=0.760854, pdf_ele=6.47693, pdf_muon=5.73384, photon_id=-5.30047, pileup=-5.3736, scale_ele=-5.1345, scale_muon=-6.8354
RooProdPdf::model_s[ modelObs_s * nuisancePdf ]
     getLogVal() top-level p.d.f evaluates to zero @ !pdfs=(modelObs_s = 0/1,nuisancePdf = 1)

[#0] WARNING:Minization -- RooMinimizerFcn: Minimized function has error status.
Returning maximum FCN so far (763.512) to force MIGRAD to back out of this region. Error log follows
Parameter values: JER_ele=5.24269, JER_muon=-0.832835, JES_ele=-5.41305, JES_muon=0.401354, QCD_stat_ele=5.18596, QCD_stat_muon=-3.43516, VBS_stat_ele=-6.99694, VBS_stat_muon=-5.72863, ele_efficiency=5.41833, ele_trigger=5.91762, fakephoton_ele=4.38306, fakephoton_muon=-3.78049, interference=3.48429, lumi=-3.44603, mu_efficiency=-6.99823, mu_trigger=3.33271, non_prompt_stat_ele=6.30058, non_prompt_stat_muon=6.66739, others_stat_ele=4.87409, others_stat_muon=-6.78234, others_xs=4.30678, param=0.757448, pdf_ele=6.3245, pdf_muon=0.648537, photon_id=-1.14079, pileup=6.92988, scale_ele=-6.40069, scale_muon=-6.69247
RooProdPdf::model_s[ modelObs_s * nuisancePdf ]
     getLogVal() top-level p.d.f evaluates to zero @ !pdfs=(modelObs_s = 0/1,nuisancePdf = 1)

[#0] WARNING:Minization -- RooMinimizerFcn: Minimized function has error status.
Returning maximum FCN so far (763.512) to force MIGRAD to back out of this region. Error log follows
Parameter values: JER_ele=-3.65552, JER_muon=-6.98205, JES_ele=-6.24469, JES_muon=-5.03437, QCD_stat_ele=-3.69646, QCD_stat_muon=4.19976, VBS_stat_ele=-4.6639, VBS_stat_muon=-2.03949, ele_efficiency=2.9575, ele_trigger=-6.97866, fakephoton_ele=6.36935, fakephoton_muon=-6.84379, interference=-4.98214, lumi=-4.46311, mu_efficiency=-2.62102, mu_trigger=-6.42024, non_prompt_stat_ele=6.19019, non_prompt_stat_muon=-1.10082, others_stat_ele=-1.92447, others_stat_muon=-2.71547, others_xs=-6.9242, param=0.738077, pdf_ele=-6.87042, pdf_muon=-6.96098, photon_id=6.9999, pileup=-1.75575, scale_ele=4.17349, scale_muon=6.95668
RooProdPdf::model_s[ modelObs_s * nuisancePdf ]
     getLogVal() top-level p.d.f evaluates to zero @ !pdfs=(modelObs_s = 0/1,nuisancePdf = 1)

[#0] WARNING:Minization -- RooMinimizerFcn: Minimized function has error status.
Returning maximum FCN so far (912.435) to force MIGRAD to back out of this region. Error log follows
Parameter values: JER_ele=2.87251, JER_muon=3.72384, JES_ele=4.00532, JES_muon=6.82596, QCD_stat_ele=3.74668, QCD_stat_muon=5.99228, VBS_stat_ele=6.90945, VBS_stat_muon=-2.3073, ele_efficiency=4.28724, ele_trigger=-0.622182, fakephoton_ele=4.16703, fakephoton_muon=-0.665315, interference=6.94847, lumi=3.80302, mu_efficiency=0.478838, mu_trigger=6.1531, non_prompt_stat_ele=6.67605, non_prompt_stat_muon=6.9595, others_stat_ele=4.7149, others_stat_muon=1.07588, others_xs=-5.23887, param=0.95164, pdf_ele=2.39252, pdf_muon=6.98204, photon_id=5.30575, pileup=-4.57331, scale_ele=2.41034, scale_muon=-6.99849
RooProdPdf::model_s[ modelObs_s * nuisancePdf ]
     getLogVal() top-level p.d.f evaluates to zero @ !pdfs=(modelObs_s = 0/1,nuisancePdf = 1)

[#0] WARNING:Minization -- RooMinimizerFcn: Minimized function has error status.
Returning maximum FCN so far (912.435) to force MIGRAD to back out of this region. Error log follows
Parameter values: JER_ele=2.56749, JER_muon=3.10533, JES_ele=3.82703, JES_muon=6.65115, QCD_stat_ele=4.72308, QCD_stat_muon=4.53517, VBS_stat_ele=6.46702, VBS_stat_muon=-2.55941, ele_efficiency=3.68954, ele_trigger=-0.195706, fakephoton_ele=5.57355, fakephoton_muon=-1.27317, interference=6.88578, lumi=3.30901, mu_efficiency=0.506168, mu_trigger=5.79698, non_prompt_stat_ele=6.51512, non_prompt_stat_muon=5.95846, others_stat_ele=4.80494, others_stat_muon=1.69316, others_xs=-6.13999, param=0.95241, pdf_ele=2.36814, pdf_muon=6.75516, photon_id=6.04095, pileup=-3.97592, scale_ele=3.94009, scale_muon=-6.69082
RooProdPdf::model_s[ modelObs_s * nuisancePdf ]
     getLogVal() top-level p.d.f evaluates to zero @ !pdfs=(modelObs_s = 0/1,nuisancePdf = 1)

[#0] WARNING:Minization -- RooMinimizerFcn: Minimized function has error status.
Returning maximum FCN so far (602.473) to force MIGRAD to back out of this region. Error log follows
Parameter values: JER_ele=6.72073, JER_muon=3.54446, JES_ele=5.5799, JES_muon=3.24568, QCD_stat_ele=5.52933, QCD_stat_muon=-6.82721, VBS_stat_ele=-6.68504, VBS_stat_muon=4.60883, ele_efficiency=-4.40139, ele_trigger=-6.63648, fakephoton_ele=6.90553, fakephoton_muon=-5.72473, interference=6.60496, lumi=4.67578, mu_efficiency=-5.95311, mu_trigger=1.96398, non_prompt_stat_ele=3.21073, non_prompt_stat_muon=4.44065, others_stat_ele=-5.68028, others_stat_muon=1.58394, others_xs=-6.80197, param=0.147073, pdf_ele=1.9783, pdf_muon=-0.106449, photon_id=5.14168, pileup=-6.16076, scale_ele=-5.14385, scale_muon=5.97862
RooProdPdf::model_s[ modelObs_s * nuisancePdf ]
     getLogVal() top-level p.d.f evaluates to zero @ !pdfs=(modelObs_s = 0/1,nuisancePdf = 1)

[#0] WARNING:Minization -- RooMinimizerFcn: Minimized function has error status.
Returning maximum FCN so far (602.473) to force MIGRAD to back out of this region. Error log follows
Parameter values: JER_ele=-3.48971, JER_muon=6.99368, JES_ele=-5.83174, JES_muon=-6.0792, QCD_stat_ele=-4.90847, QCD_stat_muon=0.615687, VBS_stat_ele=4.62306, VBS_stat_muon=6.599, ele_efficiency=-3.88229, ele_trigger=-3.35627, fakephoton_ele=6.71975, fakephoton_muon=2.93855, interference=2.60185, lumi=-6.88706, mu_efficiency=2.58169, mu_trigger=6.23104, non_prompt_stat_ele=3.48818, non_prompt_stat_muon=2.63987, others_stat_ele=3.60911, others_stat_muon=-4.57444, others_xs=-2.41392, param=0.376175, pdf_ele=-4.10629, pdf_muon=5.34514, photon_id=6.2766, pileup=-5.81828, scale_ele=1.35562, scale_muon=-2.54055
RooProdPdf::model_s[ modelObs_s * nuisancePdf ]
     getLogVal() top-level p.d.f evaluates to zero @ !pdfs=(modelObs_s = 0/1,nuisancePdf = 1)

[#0] WARNING:Minization -- RooMinimizerFcn: Minimized function has error status.
Returning maximum FCN so far (855.735) to force MIGRAD to back out of this region. Error log follows
Parameter values: JER_ele=-6.35026, JER_muon=1.50697, JES_ele=-6.38244, JES_muon=6.57306, QCD_stat_ele=4.40946, QCD_stat_muon=2.72067, VBS_stat_ele=0.123311, VBS_stat_muon=5.32643, ele_efficiency=6.29003, ele_trigger=-3.92233, fakephoton_ele=6.17187, fakephoton_muon=4.59991, interference=5.67653, lumi=6.29744, mu_efficiency=0.0270973, mu_trigger=6.9776, non_prompt_stat_ele=-3.6498, non_prompt_stat_muon=6.72386, others_stat_ele=-3.8427, others_stat_muon=6.89671, others_xs=-6.46992, param=0.504372, pdf_ele=-6.88649, pdf_muon=2.89204, photon_id=6.62827, pileup=-2.76775, scale_ele=-0.0161754, scale_muon=6.5959
RooProdPdf::model_s[ modelObs_s * nuisancePdf ]
     getLogVal() top-level p.d.f evaluates to zero @ !pdfs=(modelObs_s = 0/1,nuisancePdf = 1)

[#0] WARNING:Minization -- RooMinimizerFcn: Minimized function has error status.
Returning maximum FCN so far (972.45) to force MIGRAD to back out of this region. Error log follows
Parameter values: JER_ele=6.95911, JER_muon=6.86371, JES_ele=1.14198, JES_muon=-4.10675, QCD_stat_ele=5.79724, QCD_stat_muon=-3.6034, VBS_stat_ele=6.22646, VBS_stat_muon=6.80387, ele_efficiency=5.52421, ele_trigger=6.82959, fakephoton_ele=6.10504, fakephoton_muon=3.04525, interference=-6.26696, lumi=-2.52633, mu_efficiency=-0.742781, mu_trigger=1.22178, non_prompt_stat_ele=5.57701, non_prompt_stat_muon=5.54434, others_stat_ele=-6.98234, others_stat_muon=0.663718, others_xs=-5.27939, param=0.482301, pdf_ele=-6.15801, pdf_muon=1.67485, photon_id=5.5241, pileup=-5.08109, scale_ele=0.0979392, scale_muon=1.79376
RooProdPdf::model_s[ modelObs_s * nuisancePdf ]
     getLogVal() top-level p.d.f evaluates to zero @ !pdfs=(modelObs_s = 0/1,nuisancePdf = 1)

[#0] WARNING:Minization -- RooMinimizerFcn: Minimized function has error status.
Returning maximum FCN so far (972.45) to force MIGRAD to back out of this region. Error log follows
Parameter values: JER_ele=3.16626, JER_muon=-3.03464, JES_ele=6.15985, JES_muon=2.14897, QCD_stat_ele=0.0359715, QCD_stat_muon=-5.23984, VBS_stat_ele=6.99277, VBS_stat_muon=-2.45006, ele_efficiency=6.90356, ele_trigger=5.8501, fakephoton_ele=5.84857, fakephoton_muon=3.3551, interference=1.62822, lumi=-1.14817, mu_efficiency=-1.10211, mu_trigger=0.865362, non_prompt_stat_ele=3.74676, non_prompt_stat_muon=6.93773, others_stat_ele=6.61435, others_stat_muon=-1.83979, others_xs=-5.75061, param=0.506015, pdf_ele=6.57868, pdf_muon=1.42376, photon_id=6.76262, pileup=-1.14843, scale_ele=-0.370163, scale_muon=-5.48928
RooProdPdf::model_s[ modelObs_s * nuisancePdf ]
     getLogVal() top-level p.d.f evaluates to zero @ !pdfs=(modelObs_s = 0/1,nuisancePdf = 1)

[#0] WARNING:Minization -- RooMinimizerFcn: Minimized function has error status.
Returning maximum FCN so far (972.45) to force MIGRAD to back out of this region. Error log follows
Parameter values: JER_ele=3.66614, JER_muon=1.29034, JES_ele=5.71249, JES_muon=4.77789, QCD_stat_ele=2.59303, QCD_stat_muon=3.97007, VBS_stat_ele=6.37709, VBS_stat_muon=1.98934, ele_efficiency=4.77873, ele_trigger=4.82582, fakephoton_ele=5.07241, fakephoton_muon=3.3347, interference=1.9745, lumi=1.72051, mu_efficiency=0.5763, mu_trigger=2.6989, non_prompt_stat_ele=4.53894, non_prompt_stat_muon=6.78682, others_stat_ele=6.79634, others_stat_muon=3.62798, others_xs=-0.58335, param=0.509164, pdf_ele=6.50276, pdf_muon=4.29788, photon_id=6.05629, pileup=0.225254, scale_ele=1.44198, scale_muon=1.29756
RooProdPdf::model_s[ modelObs_s * nuisancePdf ]
     getLogVal() top-level p.d.f evaluates to zero @ !pdfs=(modelObs_s = 0/1,nuisancePdf = 1)

[#0] WARNING:Minization -- RooMinimizerFcn: Minimized function has error status.
Returning maximum FCN so far (655.401) to force MIGRAD to back out of this region. Error log follows
Parameter values: JER_ele=0.114608, JER_muon=-6.94974, JES_ele=6.61307, JES_muon=3.46605, QCD_stat_ele=-6.35725, QCD_stat_muon=0.371693, VBS_stat_ele=-4.19722, VBS_stat_muon=4.72329, ele_efficiency=1.17895, ele_trigger=5.19039, fakephoton_ele=4.00131, fakephoton_muon=-6.76348, interference=-4.21687, lumi=1.06805, mu_efficiency=-3.43976, mu_trigger=-6.51442, non_prompt_stat_ele=6.57547, non_prompt_stat_muon=4.99365, others_stat_ele=6.97587, others_stat_muon=-2.9352, others_xs=-0.825385, param=0.598594, pdf_ele=3.01592, pdf_muon=-4.23817, photon_id=-6.14968, pileup=0.289241, scale_ele=2.72116, scale_muon=6.97257
RooProdPdf::model_s[ modelObs_s * nuisancePdf ]
     getLogVal() top-level p.d.f evaluates to zero @ !pdfs=(modelObs_s = 0/1,nuisancePdf = 1)

[#0] WARNING:Minization -- RooMinimizerFcn: Minimized function has error status.
Returning maximum FCN so far (655.401) to force MIGRAD to back out of this region. Error log follows
Parameter values: JER_ele=0.249334, JER_muon=-3.51844, JES_ele=1.49451, JES_muon=-5.95943, QCD_stat_ele=6.03038, QCD_stat_muon=-6.74164, VBS_stat_ele=-2.1459, VBS_stat_muon=-5.69181, ele_efficiency=0.691039, ele_trigger=0.959357, fakephoton_ele=5.86242, fakephoton_muon=-3.41171, interference=-2.40342, lumi=-1.68815, mu_efficiency=-0.995443, mu_trigger=-4.08879, non_prompt_stat_ele=3.6156, non_prompt_stat_muon=-6.79084, others_stat_ele=1.77084, others_stat_muon=-2.40563, others_xs=-1.85204, param=0.58998, pdf_ele=-0.0326436, pdf_muon=-3.15191, photon_id=-5.32679, pileup=-0.621271, scale_ele=-2.00341, scale_muon=-6.94663
RooProdPdf::model_s[ modelObs_s * nuisancePdf ]
     getLogVal() top-level p.d.f evaluates to zero @ !pdfs=(modelObs_s = 0/1,nuisancePdf = 1)

[#0] WARNING:Minization -- RooMinimizerFcn: Minimized function has error status.
Returning maximum FCN so far (681.83) to force MIGRAD to back out of this region. Error log follows
Parameter values: JER_ele=-0.944977, JER_muon=-3.03008, JES_ele=-1.77582, JES_muon=-5.04579, QCD_stat_ele=-1.39171, QCD_stat_muon=-6.9401, VBS_stat_ele=-4.02104, VBS_stat_muon=-4.10027, ele_efficiency=0.184354, ele_trigger=-1.51834, fakephoton_ele=6.99474, fakephoton_muon=-3.20945, interference=-3.03716, lumi=-3.65895, mu_efficiency=-0.865279, mu_trigger=-3.81121, non_prompt_stat_ele=5.94399, non_prompt_stat_muon=-6.79345, others_stat_ele=-2.44315, others_stat_muon=-3.31254, others_xs=-3.55918, param=0.583282, pdf_ele=-3.3915, pdf_muon=-4.49154, photon_id=-6.69776, pileup=-0.920302, scale_ele=-6.84247, scale_muon=-6.69889
RooProdPdf::model_s[ modelObs_s * nuisancePdf ]
     getLogVal() top-level p.d.f evaluates to zero @ !pdfs=(modelObs_s = 0/1,nuisancePdf = 1)

[#0] WARNING:Minization -- RooMinimizerFcn: Minimized function has error status.
Returning maximum FCN so far (681.83) to force MIGRAD to back out of this region. Error log follows
Parameter values: JER_ele=0.594848, JER_muon=0.596639, JES_ele=0.0185804, JES_muon=2.21453, QCD_stat_ele=-0.593199, QCD_stat_muon=2.6896, VBS_stat_ele=-0.859534, VBS_stat_muon=1.9149, ele_efficiency=0.638808, ele_trigger=-0.0151816, fakephoton_ele=6.50699, fakephoton_muon=1.857, interference=0.0246935, lumi=-0.830064, mu_efficiency=0.516233, mu_trigger=1.36552, non_prompt_stat_ele=5.08081, non_prompt_stat_muon=2.83983, others_stat_ele=-0.87836, others_stat_muon=0.46739, others_xs=-0.559178, param=0.582931, pdf_ele=-0.253339, pdf_muon=2.39637, photon_id=1.54619, pileup=-0.688071, scale_ele=-1.9369, scale_muon=5.94445
RooProdPdf::model_s[ modelObs_s * nuisancePdf ]
     getLogVal() top-level p.d.f evaluates to zero @ !pdfs=(modelObs_s = 0/1,nuisancePdf = 1)

[#0] WARNING:Minization -- RooMinimizerFcn: Minimized function has error status.
Returning maximum FCN so far (536.867) to force MIGRAD to back out of this region. Error log follows
Parameter values: JER_ele=2.11002, JER_muon=5.71257, JES_ele=3.90476, JES_muon=-3.42962, QCD_stat_ele=6.69914, QCD_stat_muon=-0.62275, VBS_stat_ele=2.60509, VBS_stat_muon=6.30328, ele_efficiency=-6.91893, ele_trigger=2.201, fakephoton_ele=1.02035, fakephoton_muon=3.32998, interference=-2.12853, lumi=2.98544, mu_efficiency=4.05502, mu_trigger=-3.11394, non_prompt_stat_ele=6.92561, non_prompt_stat_muon=-0.254916, others_stat_ele=-5.60719, others_stat_muon=4.3241, others_xs=4.25694, param=0.663429, pdf_ele=6.36208, pdf_muon=-6.92589, photon_id=-6.97494, pileup=-6.32254, scale_ele=-3.39821, scale_muon=-6.95301
RooProdPdf::model_s[ modelObs_s * nuisancePdf ]
     getLogVal() top-level p.d.f evaluates to zero @ !pdfs=(modelObs_s = 0/1,nuisancePdf = 1)

[#0] WARNING:Minization -- RooMinimizerFcn: Minimized function has error status.
Returning maximum FCN so far (536.867) to force MIGRAD to back out of this region. Error log follows
Parameter values: JER_ele=-0.30254, JER_muon=5.9597, JES_ele=-1.62434, JES_muon=2.70588, QCD_stat_ele=-1.1584, QCD_stat_muon=4.06458, VBS_stat_ele=3.5124, VBS_stat_muon=-5.86484, ele_efficiency=6.97899, ele_trigger=6.92964, fakephoton_ele=2.43955, fakephoton_muon=0.0863187, interference=-6.50034, lumi=-6.96713, mu_efficiency=5.09588, mu_trigger=-2.88894, non_prompt_stat_ele=6.84488, non_prompt_stat_muon=5.50194, others_stat_ele=6.66174, others_stat_muon=-4.21322, others_xs=6.12389, param=0.578592, pdf_ele=2.38981, pdf_muon=6.98385, photon_id=-4.11983, pileup=6.14461, scale_ele=-5.38163, scale_muon=6.98557
RooProdPdf::model_s[ modelObs_s * nuisancePdf ]
     getLogVal() top-level p.d.f evaluates to zero @ !pdfs=(modelObs_s = 0/1,nuisancePdf = 1)

[#0] WARNING:Minization -- RooMinimizerFcn: Minimized function has error status.
Returning maximum FCN so far (713.641) to force MIGRAD to back out of this region. Error log follows
Parameter values: JER_ele=6.93065, JER_muon=6.6366, JES_ele=5.88859, JES_muon=-6.2226, QCD_stat_ele=5.9962, QCD_stat_muon=-6.67814, VBS_stat_ele=4.17432, VBS_stat_muon=6.92496, ele_efficiency=-6.9707, ele_trigger=-6.26089, fakephoton_ele=6.17843, fakephoton_muon=-6.93056, interference=-4.22006, lumi=5.3888, mu_efficiency=6.76459, mu_trigger=6.94617, non_prompt_stat_ele=3.78933, non_prompt_stat_muon=-5.35855, others_stat_ele=-6.87025, others_stat_muon=6.17343, others_xs=1.67871, param=0.532706, pdf_ele=-3.05105, pdf_muon=5.74304, photon_id=-4.69576, pileup=5.30743, scale_ele=6.93768, scale_muon=-6.9324
RooProdPdf::model_s[ modelObs_s * nuisancePdf ]
     getLogVal() top-level p.d.f evaluates to zero @ !pdfs=(modelObs_s = 0/1,nuisancePdf = 1)

[#0] WARNING:Minization -- RooMinimizerFcn: Minimized function has error status.
Returning maximum FCN so far (974.179) to force MIGRAD to back out of this region. Error log follows
Parameter values: JER_ele=-0.0341602, JER_muon=-4.62911, JES_ele=1.01334, JES_muon=5.70567, QCD_stat_ele=-3.87959, QCD_stat_muon=6.99552, VBS_stat_ele=5.41354, VBS_stat_muon=6.06009, ele_efficiency=-2.27814, ele_trigger=-1.36018, fakephoton_ele=6.36509, fakephoton_muon=-4.94327, interference=-6.32339, lumi=5.99062, mu_efficiency=6.88085, mu_trigger=-0.0279743, non_prompt_stat_ele=4.21825, non_prompt_stat_muon=-3.13121, others_stat_ele=-3.25558, others_stat_muon=-4.71252, others_xs=-1.65769, param=0.399774, pdf_ele=-0.220958, pdf_muon=-1.31717, photon_id=4.79916, pileup=-6.32446, scale_ele=-3.06319, scale_muon=-0.490446
RooProdPdf::model_s[ modelObs_s * nuisancePdf ]
     getLogVal() top-level p.d.f evaluates to zero @ !pdfs=(modelObs_s = 0/1,nuisancePdf = 1)

[#0] WARNING:Minization -- RooMinimizerFcn: Minimized function has error status.
Returning maximum FCN so far (974.179) to force MIGRAD to back out of this region. Error log follows
Parameter values: JER_ele=0.607534, JER_muon=5.18172, JES_ele=-1.52612, JES_muon=1.79022, QCD_stat_ele=1.76218, QCD_stat_muon=6.33697, VBS_stat_ele=0.892471, VBS_stat_muon=6.64191, ele_efficiency=0.382405, ele_trigger=0.800047, fakephoton_ele=2.02198, fakephoton_muon=2.81994, interference=2.82685, lumi=2.81805, mu_efficiency=1.58183, mu_trigger=3.7412, non_prompt_stat_ele=-1.18083, non_prompt_stat_muon=5.69893, others_stat_ele=-1.21656, others_stat_muon=6.77741, others_xs=6.85205, param=0.540063, pdf_ele=-6.64994, pdf_muon=6.04772, photon_id=6.31456, pileup=-0.205825, scale_ele=2.44155, scale_muon=6.82707
RooProdPdf::model_s[ modelObs_s * nuisancePdf ]
     getLogVal() top-level p.d.f evaluates to zero @ !pdfs=(modelObs_s = 0/1,nuisancePdf = 1)

[#0] WARNING:Minization -- RooMinimizerFcn: Minimized function has error status.
Returning maximum FCN so far (974.179) to force MIGRAD to back out of this region. Error log follows
Parameter values: JER_ele=4.35061, JER_muon=6.4309, JES_ele=6.05376, JES_muon=4.92392, QCD_stat_ele=-1.5365, QCD_stat_muon=-5.50289, VBS_stat_ele=1.88658, VBS_stat_muon=6.00872, ele_efficiency=-4.37762, ele_trigger=6.87104, fakephoton_ele=3.22806, fakephoton_muon=5.55026, interference=4.40483, lumi=-1.09067, mu_efficiency=-6.81013, mu_trigger=5.57437, non_prompt_stat_ele=6.60868, non_prompt_stat_muon=6.92495, others_stat_ele=2.58258, others_stat_muon=4.36614, others_xs=-6.79623, param=0.532864, pdf_ele=1.67519, pdf_muon=-6.56094, photon_id=-0.356628, pileup=-1.20416, scale_ele=-2.49526, scale_muon=-6.77914
RooProdPdf::model_s[ modelObs_s * nuisancePdf ]
     getLogVal() top-level p.d.f evaluates to zero @ !pdfs=(modelObs_s = 0/1,nuisancePdf = 1)

[#0] WARNING:Minization -- RooMinimizerFcn: Minimized function has error status.
Returning maximum FCN so far (39.7613) to force MIGRAD to back out of this region. Error log follows
Parameter values: JER_ele=2.46333, JER_muon=-3.96126, JES_ele=5.33321, JES_muon=5.05077, QCD_stat_ele=-4.93219, QCD_stat_muon=-5.41337, VBS_stat_ele=-0.0375672, VBS_stat_muon=0.86252, ele_efficiency=4.84085, ele_trigger=6.55174, fakephoton_ele=5.2089, fakephoton_muon=1.18811, interference=-5.00949, lumi=-6.98696, mu_efficiency=2.25023, mu_trigger=0.39846, non_prompt_stat_ele=6.99868, non_prompt_stat_muon=6.9602, others_stat_ele=6.09929, others_stat_muon=4.90867, others_xs=-6.5615, param=0.0405006, pdf_ele=-3.05174, pdf_muon=-6.95694, photon_id=2.79943, pileup=-5.65734, scale_ele=2.86038, scale_muon=-6.6166
RooProdPdf::model_s[ modelObs_s * nuisancePdf ]
     getLogVal() top-level p.d.f evaluates to zero @ !pdfs=(modelObs_s = 0/1,nuisancePdf = 1)

[#0] WARNING:Minization -- RooMinimizerFcn: Minimized function has error status.
Returning maximum FCN so far (39.7613) to force MIGRAD to back out of this region. Error log follows
Parameter values: JER_ele=0.444375, JER_muon=4.12595, JES_ele=5.91985, JES_muon=-6.88015, QCD_stat_ele=4.49023, QCD_stat_muon=4.65396, VBS_stat_ele=-6.3253, VBS_stat_muon=4.25846, ele_efficiency=6.89838, ele_trigger=-6.62615, fakephoton_ele=2.25111, fakephoton_muon=-0.817453, interference=-6.93771, lumi=-0.754492, mu_efficiency=0.532292, mu_trigger=3.46674, non_prompt_stat_ele=6.56685, non_prompt_stat_muon=5.24782, others_stat_ele=-5.6808, others_stat_muon=-6.96592, others_xs=5.64555, param=0.383063, pdf_ele=-5.76111, pdf_muon=2.40821, photon_id=-5.43025, pileup=5.96626, scale_ele=6.97236, scale_muon=-2.64629
RooProdPdf::model_s[ modelObs_s * nuisancePdf ]
     getLogVal() top-level p.d.f evaluates to zero @ !pdfs=(modelObs_s = 0/1,nuisancePdf = 1)

[#0] WARNING:Minization -- RooMinimizerFcn: Minimized function has error status.
Returning maximum FCN so far (536.871) to force MIGRAD to back out of this region. Error log follows
Parameter values: JER_ele=5.40745, JER_muon=6.84946, JES_ele=0.311313, JES_muon=4.83602, QCD_stat_ele=6.9999, QCD_stat_muon=5.38695, VBS_stat_ele=-6.26126, VBS_stat_muon=-2.76806, ele_efficiency=-5.35286, ele_trigger=-2.4504, fakephoton_ele=-5.89278, fakephoton_muon=5.25695, interference=6.95796, lumi=-3.19025, mu_efficiency=2.69959, mu_trigger=-0.575871, non_prompt_stat_ele=-5.46392, non_prompt_stat_muon=6.82104, others_stat_ele=2.19147, others_stat_muon=2.51078, others_xs=6.24999, param=0.822109, pdf_ele=-4.47768, pdf_muon=4.93551, photon_id=6.99482, pileup=-0.433658, scale_ele=6.96849, scale_muon=5.87923
RooProdPdf::model_s[ modelObs_s * nuisancePdf ]
     getLogVal() top-level p.d.f evaluates to zero @ !pdfs=(modelObs_s = 0/1,nuisancePdf = 1)

[#0] WARNING:Minization -- RooMinimizerFcn: Minimized function has error status.
Returning maximum FCN so far (853.592) to force MIGRAD to back out of this region. Error log follows
Parameter values: JER_ele=-3.77956, JER_muon=-6.57708, JES_ele=6.55205, JES_muon=-5.81637, QCD_stat_ele=-6.48199, QCD_stat_muon=3.69503, VBS_stat_ele=-6.75703, VBS_stat_muon=-3.73744, ele_efficiency=-6.75825, ele_trigger=-6.12297, fakephoton_ele=5.44069, fakephoton_muon=0.428743, interference=2.94708, lumi=3.25503, mu_efficiency=6.89569, mu_trigger=-2.61082, non_prompt_stat_ele=5.76606, non_prompt_stat_muon=6.625, others_stat_ele=2.25473, others_stat_muon=0.786811, others_xs=3.92127, param=0.830165, pdf_ele=-6.66454, pdf_muon=-6.99833, photon_id=-6.0159, pileup=-6.35662, scale_ele=2.37256, scale_muon=0.534554
RooProdPdf::model_s[ modelObs_s * nuisancePdf ]
     getLogVal() top-level p.d.f evaluates to zero @ !pdfs=(modelObs_s = 0/1,nuisancePdf = 1)

[#0] WARNING:Minization -- RooMinimizerFcn: Minimized function has error status.
Returning maximum FCN so far (996.664) to force MIGRAD to back out of this region. Error log follows
Parameter values: JER_ele=-1.80854, JER_muon=3.40451, JES_ele=-1.03619, JES_muon=5.81489, QCD_stat_ele=-1.53725, QCD_stat_muon=1.2982, VBS_stat_ele=-0.565347, VBS_stat_muon=5.77272, ele_efficiency=0.932542, ele_trigger=-0.538399, fakephoton_ele=0.81446, fakephoton_muon=4.5961, interference=0.739114, lumi=3.26797, mu_efficiency=1.10027, mu_trigger=5.41552, non_prompt_stat_ele=5.5215, non_prompt_stat_muon=6.96389, others_stat_ele=-0.931606, others_stat_muon=6.72374, others_xs=3.09626, param=0.817215, pdf_ele=-0.636602, pdf_muon=6.78755, photon_id=5.84086, pileup=0.34197, scale_ele=-2.4379, scale_muon=5.9537
RooProdPdf::model_s[ modelObs_s * nuisancePdf ]
     getLogVal() top-level p.d.f evaluates to zero @ !pdfs=(modelObs_s = 0/1,nuisancePdf = 1)

[#0] WARNING:Minization -- RooMinimizerFcn: Minimized function has error status.
Returning maximum FCN so far (996.664) to force MIGRAD to back out of this region. Error log follows
Parameter values: JER_ele=1.72852, JER_muon=2.62116, JES_ele=5.19624, JES_muon=6.27526, QCD_stat_ele=5.46533, QCD_stat_muon=5.30121, VBS_stat_ele=6.45676, VBS_stat_muon=4.90684, ele_efficiency=2.2971, ele_trigger=4.59498, fakephoton_ele=-6.24356, fakephoton_muon=6.40825, interference=1.28389, lumi=5.40131, mu_efficiency=1.05012, mu_trigger=5.62686, non_prompt_stat_ele=-6.61848, non_prompt_stat_muon=4.17273, others_stat_ele=3.50206, others_stat_muon=6.76399, others_xs=4.89719, param=0.814577, pdf_ele=6.84551, pdf_muon=6.8803, photon_id=5.82835, pileup=0.686942, scale_ele=5.06247, scale_muon=3.79745
RooProdPdf::model_s[ modelObs_s * nuisancePdf ]
     getLogVal() top-level p.d.f evaluates to zero @ !pdfs=(modelObs_s = 0/1,nuisancePdf = 1)

[#0] WARNING:Minization -- RooMinimizerFcn: Minimized function has error status.
Returning maximum FCN so far (996.664) to force MIGRAD to back out of this region. Error log follows
Parameter values: JER_ele=-1.62495, JER_muon=2.45881, JES_ele=-0.671047, JES_muon=5.10577, QCD_stat_ele=-1.69704, QCD_stat_muon=4.78899, VBS_stat_ele=0.736867, VBS_stat_muon=5.12234, ele_efficiency=1.11068, ele_trigger=-0.109087, fakephoton_ele=0.93605, fakephoton_muon=3.69891, interference=0.309693, lumi=3.11145, mu_efficiency=0.782976, mu_trigger=4.82496, non_prompt_stat_ele=5.545, non_prompt_stat_muon=6.24456, others_stat_ele=-0.722964, others_stat_muon=6.18373, others_xs=2.35239, param=0.812961, pdf_ele=0.15579, pdf_muon=6.26998, photon_id=5.13329, pileup=0.338868, scale_ele=-1.62047, scale_muon=6.93463
RooProdPdf::model_s[ modelObs_s * nuisancePdf ]
     getLogVal() top-level p.d.f evaluates to zero @ !pdfs=(modelObs_s = 0/1,nuisancePdf = 1)


 -- Hybrid New -- 
CLs = 1.00202 +/- 0.00876913
Done in 15.87 min (cpu), 15.94 min (real)
