 <<< Combine >>> 
>>> including systematics
>>> using the Profile Likelihood test statistics modified for upper limits (Q_LHC)
>>> method used is HybridNew
>>> Used OpenSSL to get a really random seed -1824635242
Computing results starting from observation (a-posteriori)
[#0] WARNING:Minization -- RooMinimizerFcn: Minimized function has error status.
Returning maximum FCN so far (1135.1) to force MIGRAD to back out of this region. Error log follows
Parameter values: JER_ele=0.415776, JER_muon=1.34198, JES_ele=-3.03465, JES_muon=4.26246, QCD_stat_ele=-5.04721, QCD_stat_muon=2.23041, VBS_stat_ele=6.9315, VBS_stat_muon=4.00204, ele_efficiency=-2.71961, ele_trigger=-0.101148, fakephoton_ele=6.65014, fakephoton_muon=3.0319, interference=0.293951, lumi=-2.54416, mu_efficiency=-6.81305, mu_trigger=-6.74737, non_prompt_stat_ele=4.78021, non_prompt_stat_muon=6.93584, others_stat_ele=6.46786, others_stat_muon=5.8804, others_xs=6.07972, param=7.75119, pdf_ele=-6.67698, pdf_muon=-2.61228, photon_id=4.91125, pileup=2.31953, scale_ele=-2.20413, scale_muon=-2.14885
RooProdPdf::model_s[ modelObs_s * nuisancePdf ]
     getLogVal() top-level p.d.f evaluates to zero @ !pdfs=(modelObs_s = 0/1,nuisancePdf = 1)

[#0] WARNING:Minization -- RooMinimizerFcn: Minimized function has error status.
Returning maximum FCN so far (1135.1) to force MIGRAD to back out of this region. Error log follows
Parameter values: JER_ele=0.68475, JER_muon=5.62669, JES_ele=1.98271, JES_muon=6.99928, QCD_stat_ele=6.82986, QCD_stat_muon=-4.40423, VBS_stat_ele=4.09001, VBS_stat_muon=5.5574, ele_efficiency=1.15628, ele_trigger=1.34917, fakephoton_ele=6.85352, fakephoton_muon=4.59292, interference=5.21049, lumi=5.63026, mu_efficiency=3.08421, mu_trigger=5.52613, non_prompt_stat_ele=6.90371, non_prompt_stat_muon=5.69813, others_stat_ele=3.51166, others_stat_muon=6.58321, others_xs=5.41003, param=3.28236, pdf_ele=3.11261, pdf_muon=6.23512, photon_id=6.24194, pileup=0.409877, scale_ele=6.69149, scale_muon=-6.85736
RooProdPdf::model_s[ modelObs_s * nuisancePdf ]
     getLogVal() top-level p.d.f evaluates to zero @ !pdfs=(modelObs_s = 0/1,nuisancePdf = 1)

[#0] WARNING:Minization -- RooMinimizerFcn: Minimized function has error status.
Returning maximum FCN so far (1135.1) to force MIGRAD to back out of this region. Error log follows
Parameter values: JER_ele=0.382189, JER_muon=5.95987, JES_ele=1.28635, JES_muon=6.97768, QCD_stat_ele=5.47417, QCD_stat_muon=-5.98968, VBS_stat_ele=3.55687, VBS_stat_muon=6.03309, ele_efficiency=0.804044, ele_trigger=0.871147, fakephoton_ele=5.7391, fakephoton_muon=4.92379, interference=5.86043, lumi=5.55492, mu_efficiency=2.97128, mu_trigger=5.96681, non_prompt_stat_ele=5.53675, non_prompt_stat_muon=5.6521, others_stat_ele=2.54678, others_stat_muon=6.82533, others_xs=5.3921, param=2.70281, pdf_ele=2.08814, pdf_muon=5.44683, photon_id=6.21615, pileup=0.455744, scale_ele=5.47853, scale_muon=-6.99984
RooProdPdf::model_s[ modelObs_s * nuisancePdf ]
     getLogVal() top-level p.d.f evaluates to zero @ !pdfs=(modelObs_s = 0/1,nuisancePdf = 1)

[#0] WARNING:Minization -- RooMinimizerFcn: Minimized function has error status.
Returning maximum FCN so far (1135.1) to force MIGRAD to back out of this region. Error log follows
Parameter values: JER_ele=0.412214, JER_muon=6.63519, JES_ele=1.37186, JES_muon=6.10586, QCD_stat_ele=5.75404, QCD_stat_muon=-6.03223, VBS_stat_ele=3.68294, VBS_stat_muon=6.73687, ele_efficiency=0.869218, ele_trigger=0.925712, fakephoton_ele=5.95679, fakephoton_muon=5.91331, interference=6.36382, lumi=6.18275, mu_efficiency=3.52564, mu_trigger=6.78294, non_prompt_stat_ele=5.78728, non_prompt_stat_muon=2.47395, others_stat_ele=2.69657, others_stat_muon=6.95132, others_xs=6.15699, param=2.9219, pdf_ele=2.23475, pdf_muon=2.27203, photon_id=4.04546, pileup=0.56488, scale_ele=5.70983, scale_muon=-2.33044
RooProdPdf::model_s[ modelObs_s * nuisancePdf ]
     getLogVal() top-level p.d.f evaluates to zero @ !pdfs=(modelObs_s = 0/1,nuisancePdf = 1)

[#0] WARNING:Minization -- RooMinimizerFcn: Minimized function has error status.
Returning maximum FCN so far (1135.1) to force MIGRAD to back out of this region. Error log follows
Parameter values: JER_ele=0.199818, JER_muon=6.54058, JES_ele=1.01502, JES_muon=6.36234, QCD_stat_ele=5.11779, QCD_stat_muon=-6.62894, VBS_stat_ele=3.43055, VBS_stat_muon=6.66637, ele_efficiency=0.80226, ele_trigger=0.646296, fakephoton_ele=5.44255, fakephoton_muon=5.73899, interference=6.29235, lumi=6.02617, mu_efficiency=3.44466, mu_trigger=6.66603, non_prompt_stat_ele=5.07418, non_prompt_stat_muon=3.15378, others_stat_ele=2.28755, others_stat_muon=6.99085, others_xs=5.93479, param=2.89762, pdf_ele=1.78961, pdf_muon=2.94577, photon_id=4.82057, pileup=0.529016, scale_ele=5.041, scale_muon=-3.78536
RooProdPdf::model_s[ modelObs_s * nuisancePdf ]
     getLogVal() top-level p.d.f evaluates to zero @ !pdfs=(modelObs_s = 0/1,nuisancePdf = 1)

[#0] WARNING:Minization -- RooMinimizerFcn: Minimized function has error status.
Returning maximum FCN so far (1135.1) to force MIGRAD to back out of this region. Error log follows
Parameter values: JER_ele=0.390083, JER_muon=6.88776, JES_ele=1.32191, JES_muon=4.9886, QCD_stat_ele=5.63997, QCD_stat_muon=-2.48675, VBS_stat_ele=3.67103, VBS_stat_muon=6.96644, ele_efficiency=0.853457, ele_trigger=0.890245, fakephoton_ele=5.86319, fakephoton_muon=6.38166, interference=6.62451, lumi=6.46214, mu_efficiency=3.81824, mu_trigger=6.98916, non_prompt_stat_ele=5.65266, non_prompt_stat_muon=0.161252, others_stat_ele=2.63404, others_stat_muon=6.60258, others_xs=6.49795, param=3.0692, pdf_ele=2.17383, pdf_muon=-0.1885, photon_id=2.30758, pileup=0.635562, scale_ele=5.61354, scale_muon=2.8212
RooProdPdf::model_s[ modelObs_s * nuisancePdf ]
     getLogVal() top-level p.d.f evaluates to zero @ !pdfs=(modelObs_s = 0/1,nuisancePdf = 1)

[#0] WARNING:Minization -- RooMinimizerFcn: Minimized function has error status.
Returning maximum FCN so far (1135.1) to force MIGRAD to back out of this region. Error log follows
Parameter values: JER_ele=0.206683, JER_muon=6.65953, JES_ele=1.00003, JES_muon=6.04428, QCD_stat_ele=5.02173, QCD_stat_muon=-5.83165, VBS_stat_ele=3.40914, VBS_stat_muon=6.78611, ele_efficiency=0.784015, ele_trigger=0.640505, fakephoton_ele=5.35145, fakephoton_muon=5.95221, interference=6.37208, lumi=6.12582, mu_efficiency=3.53517, mu_trigger=6.81065, non_prompt_stat_ele=4.96995, non_prompt_stat_muon=2.35211, others_stat_ele=2.24042, others_stat_muon=6.94062, others_xs=6.07783, param=3.3192, pdf_ele=1.76313, pdf_muon=2.08207, photon_id=4.26432, pileup=0.556436, scale_ele=4.95698, scale_muon=-2.02334
RooProdPdf::model_s[ modelObs_s * nuisancePdf ]
     getLogVal() top-level p.d.f evaluates to zero @ !pdfs=(modelObs_s = 0/1,nuisancePdf = 1)

[#0] WARNING:Minization -- RooMinimizerFcn: Minimized function has error status.
Returning maximum FCN so far (1135.1) to force MIGRAD to back out of this region. Error log follows
Parameter values: JER_ele=0.101744, JER_muon=6.55241, JES_ele=0.840011, JES_muon=6.33678, QCD_stat_ele=4.75303, QCD_stat_muon=-6.58409, VBS_stat_ele=3.3152, VBS_stat_muon=6.69452, ele_efficiency=0.767647, ele_trigger=0.511589, fakephoton_ele=5.1376, fakephoton_muon=5.75322, interference=6.29882, lumi=6.00274, mu_efficiency=3.4554, mu_trigger=6.67973, non_prompt_stat_ele=4.65154, non_prompt_stat_muon=3.09745, others_stat_ele=2.07604, others_stat_muon=6.989, others_xs=5.8942, param=3.25026, pdf_ele=1.57164, pdf_muon=2.86673, photon_id=4.91068, pileup=0.524223, scale_ele=4.65776, scale_muon=-3.63684
RooProdPdf::model_s[ modelObs_s * nuisancePdf ]
     getLogVal() top-level p.d.f evaluates to zero @ !pdfs=(modelObs_s = 0/1,nuisancePdf = 1)

[#0] WARNING:Minization -- RooMinimizerFcn: Minimized function has error status.
Returning maximum FCN so far (1135.1) to force MIGRAD to back out of this region. Error log follows
Parameter values: JER_ele=-0.516611, JER_muon=4.77558, JES_ele=0.0207352, JES_muon=6.6059, QCD_stat_ele=2.91992, QCD_stat_muon=0.409438, VBS_stat_ele=1.317, VBS_stat_muon=3.45314, ele_efficiency=0.576912, ele_trigger=-0.19945, fakephoton_ele=3.57628, fakephoton_muon=3.67727, interference=4.7846, lumi=4.23683, mu_efficiency=2.49034, mu_trigger=4.42619, non_prompt_stat_ele=2.532, non_prompt_stat_muon=6.95387, others_stat_ele=1.13743, others_stat_muon=5.94675, others_xs=4.0194, param=7.20146, pdf_ele=0.27083, pdf_muon=6.99057, photon_id=6.81186, pileup=0.272967, scale_ele=2.64523, scale_muon=-2.93109
RooProdPdf::model_s[ modelObs_s * nuisancePdf ]
     getLogVal() top-level p.d.f evaluates to zero @ !pdfs=(modelObs_s = 0/1,nuisancePdf = 1)

[#0] WARNING:Minization -- RooMinimizerFcn: Minimized function has error status.
Returning maximum FCN so far (1135.1) to force MIGRAD to back out of this region. Error log follows
Parameter values: JER_ele=0.115748, JER_muon=6.6785, JES_ele=1.10641, JES_muon=5.67915, QCD_stat_ele=5.4308, QCD_stat_muon=-5.70627, VBS_stat_ele=2.51315, VBS_stat_muon=6.37372, ele_efficiency=0.820775, ele_trigger=0.649328, fakephoton_ele=5.62955, fakephoton_muon=6.02814, interference=6.37414, lumi=6.18618, mu_efficiency=3.6515, mu_trigger=6.85143, non_prompt_stat_ele=5.26425, non_prompt_stat_muon=1.79518, others_stat_ele=2.48922, others_stat_muon=6.75355, others_xs=6.36607, param=7.5591, pdf_ele=1.72858, pdf_muon=1.75633, photon_id=3.9853, pileup=0.572022, scale_ele=5.34539, scale_muon=0.279264
RooProdPdf::model_s[ modelObs_s * nuisancePdf ]
     getLogVal() top-level p.d.f evaluates to zero @ !pdfs=(modelObs_s = 0/1,nuisancePdf = 1)

[#0] WARNING:Minization -- RooMinimizerFcn: Minimized function has error status.
Returning maximum FCN so far (1135.1) to force MIGRAD to back out of this region. Error log follows
Parameter values: JER_ele=-4.64807, JER_muon=6.82487, JES_ele=-6.69743, JES_muon=-4.99726, QCD_stat_ele=4.2412, QCD_stat_muon=-5.86081, VBS_stat_ele=-6.2219, VBS_stat_muon=5.73446, ele_efficiency=-1.89056, ele_trigger=-5.83247, fakephoton_ele=0.819912, fakephoton_muon=6.77791, interference=1.08032, lumi=3.61773, mu_efficiency=-6.98931, mu_trigger=1.20581, non_prompt_stat_ele=5.60232, non_prompt_stat_muon=6.97187, others_stat_ele=-6.97528, others_stat_muon=-5.88455, others_xs=6.98627, param=0.446456, pdf_ele=-6.95249, pdf_muon=6.77671, photon_id=6.39613, pileup=-2.57246, scale_ele=5.03127, scale_muon=3.82523
RooProdPdf::model_s[ modelObs_s * nuisancePdf ]
     getLogVal() top-level p.d.f evaluates to zero @ !pdfs=(modelObs_s = 0/1,nuisancePdf = 1)

[#0] WARNING:Minization -- RooMinimizerFcn: Minimized function has error status.
Returning maximum FCN so far (1135.1) to force MIGRAD to back out of this region. Error log follows
Parameter values: JER_ele=2.29802, JER_muon=6.99011, JES_ele=2.99807, JES_muon=2.83765, QCD_stat_ele=5.29896, QCD_stat_muon=-4.70947, VBS_stat_ele=4.89777, VBS_stat_muon=5.4977, ele_efficiency=0.280679, ele_trigger=2.59443, fakephoton_ele=5.86582, fakephoton_muon=6.69121, interference=5.34501, lumi=5.72245, mu_efficiency=3.02092, mu_trigger=5.20438, non_prompt_stat_ele=6.79576, non_prompt_stat_muon=-5.84612, others_stat_ele=2.74668, others_stat_muon=6.9999, others_xs=5.97073, param=3.97872, pdf_ele=4.00711, pdf_muon=-5.55705, photon_id=-4.94133, pileup=0.935179, scale_ele=6.02569, scale_muon=5.73637
RooProdPdf::model_s[ modelObs_s * nuisancePdf ]
     getLogVal() top-level p.d.f evaluates to zero @ !pdfs=(modelObs_s = 0/1,nuisancePdf = 1)

[#0] WARNING:Minization -- RooMinimizerFcn: Minimized function has error status.
Returning maximum FCN so far (1135.1) to force MIGRAD to back out of this region. Error log follows
Parameter values: JER_ele=-0.132007, JER_muon=5.95999, JES_ele=0.422082, JES_muon=6.92768, QCD_stat_ele=3.83893, QCD_stat_muon=-5.30751, VBS_stat_ele=2.83048, VBS_stat_muon=6.09808, ele_efficiency=0.679527, ele_trigger=0.185877, fakephoton_ele=4.25735, fakephoton_muon=5.04308, interference=5.78817, lumi=5.43435, mu_efficiency=3.0829, mu_trigger=6.06055, non_prompt_stat_ele=3.44738, non_prompt_stat_muon=5.25938, others_stat_ele=1.56083, others_stat_muon=6.86986, others_xs=5.19122, param=4.59312, pdf_ele=1.02458, pdf_muon=5.23614, photon_id=6.47266, pileup=0.422376, scale_ele=3.59577, scale_muon=-6.84698
RooProdPdf::model_s[ modelObs_s * nuisancePdf ]
     getLogVal() top-level p.d.f evaluates to zero @ !pdfs=(modelObs_s = 0/1,nuisancePdf = 1)

[#0] WARNING:Minization -- RooMinimizerFcn: Minimized function has error status.
Returning maximum FCN so far (1135.1) to force MIGRAD to back out of this region. Error log follows
Parameter values: JER_ele=0.182267, JER_muon=6.54202, JES_ele=1.10203, JES_muon=6.08513, QCD_stat_ele=5.22386, QCD_stat_muon=-6.59087, VBS_stat_ele=2.69585, VBS_stat_muon=6.36468, ele_efficiency=0.778525, ele_trigger=0.676473, fakephoton_ele=5.40586, fakephoton_muon=5.79886, interference=6.21333, lumi=6.03196, mu_efficiency=3.47066, mu_trigger=6.75595, non_prompt_stat_ele=5.02324, non_prompt_stat_muon=2.93749, others_stat_ele=2.37586, others_stat_muon=6.89157, others_xs=6.19338, param=6.99772, pdf_ele=1.74501, pdf_muon=2.64386, photon_id=4.56956, pileup=0.549595, scale_ele=5.17644, scale_muon=-1.82769
RooProdPdf::model_s[ modelObs_s * nuisancePdf ]
     getLogVal() top-level p.d.f evaluates to zero @ !pdfs=(modelObs_s = 0/1,nuisancePdf = 1)

[#0] WARNING:Minization -- RooMinimizerFcn: Minimized function has error status.
Returning maximum FCN so far (1135.1) to force MIGRAD to back out of this region. Error log follows
Parameter values: JER_ele=-6.59309, JER_muon=4.77685, JES_ele=-6.80439, JES_muon=5.43418, QCD_stat_ele=6.87766, QCD_stat_muon=1.24554, VBS_stat_ele=-5.3112, VBS_stat_muon=-6.89099, ele_efficiency=-1.91576, ele_trigger=-6.9738, fakephoton_ele=4.30207, fakephoton_muon=5.64927, interference=4.42582, lumi=6.78402, mu_efficiency=-6.83873, mu_trigger=-6.95654, non_prompt_stat_ele=6.70255, non_prompt_stat_muon=0.022727, others_stat_ele=-6.24642, others_stat_muon=-4.77646, others_xs=4.6878, param=0.577159, pdf_ele=-4.41583, pdf_muon=-6.66899, photon_id=-4.63409, pileup=-3.25368, scale_ele=6.84761, scale_muon=5.23636
RooProdPdf::model_s[ modelObs_s * nuisancePdf ]
     getLogVal() top-level p.d.f evaluates to zero @ !pdfs=(modelObs_s = 0/1,nuisancePdf = 1)

[#0] WARNING:Minization -- RooMinimizerFcn: Minimized function has error status.
Returning maximum FCN so far (1135.1) to force MIGRAD to back out of this region. Error log follows
Parameter values: JER_ele=0.207019, JER_muon=6.9908, JES_ele=1.50738, JES_muon=2.72108, QCD_stat_ele=6.18068, QCD_stat_muon=6.1533, VBS_stat_ele=1.77556, VBS_stat_muon=6.67389, ele_efficiency=0.893598, ele_trigger=0.894646, fakephoton_ele=6.40421, fakephoton_muon=6.92082, interference=6.65098, lumi=6.5245, mu_efficiency=4.22513, mu_trigger=6.85757, non_prompt_stat_ele=6.35537, non_prompt_stat_muon=-4.08984, others_stat_ele=3.01741, others_stat_muon=6.08997, others_xs=6.77262, param=4.1861, pdf_ele=2.0843, pdf_muon=-3.16885, photon_id=-0.765901, pileup=0.722767, scale_ele=6.14816, scale_muon=6.98629
RooProdPdf::model_s[ modelObs_s * nuisancePdf ]
     getLogVal() top-level p.d.f evaluates to zero @ !pdfs=(modelObs_s = 0/1,nuisancePdf = 1)

[#0] WARNING:Minization -- RooMinimizerFcn: Minimized function has error status.
Returning maximum FCN so far (1135.1) to force MIGRAD to back out of this region. Error log follows
Parameter values: JER_ele=1.83726, JER_muon=0.279166, JES_ele=3.87086, JES_muon=-4.43267, QCD_stat_ele=5.90445, QCD_stat_muon=6.9899, VBS_stat_ele=5.46644, VBS_stat_muon=-1.72565, ele_efficiency=1.49984, ele_trigger=2.89767, fakephoton_ele=6.14319, fakephoton_muon=2.22861, interference=4.29671, lumi=4.11851, mu_efficiency=6.53347, mu_trigger=-4.33399, non_prompt_stat_ele=5.52938, non_prompt_stat_muon=5.6896, others_stat_ele=5.5293, others_stat_muon=-6.91718, others_xs=2.03707, param=5.56694, pdf_ele=5.20489, pdf_muon=6.36696, photon_id=3.13068, pileup=1.58484, scale_ele=5.64297, scale_muon=-2.06192
RooProdPdf::model_s[ modelObs_s * nuisancePdf ]
     getLogVal() top-level p.d.f evaluates to zero @ !pdfs=(modelObs_s = 0/1,nuisancePdf = 1)

[#0] WARNING:Minization -- RooMinimizerFcn: Minimized function has error status.
Returning maximum FCN so far (1135.1) to force MIGRAD to back out of this region. Error log follows
Parameter values: JER_ele=1.59665, JER_muon=4.23178, JES_ele=3.29095, JES_muon=-6.83877, QCD_stat_ele=6.87154, QCD_stat_muon=-6.96051, VBS_stat_ele=5.0707, VBS_stat_muon=2.45877, ele_efficiency=1.24534, ele_trigger=2.46846, fakephoton_ele=6.94041, fakephoton_muon=5.44771, interference=6.30927, lumi=6.21361, mu_efficiency=5.7672, mu_trigger=0.602362, non_prompt_stat_ele=6.79381, non_prompt_stat_muon=-3.335, others_stat_ele=4.77711, others_stat_muon=-3.53696, others_xs=5.2111, param=0.422936, pdf_ele=4.54884, pdf_muon=-2.17032, photon_id=-5.23271, pileup=1.28407, scale_ele=6.7856, scale_muon=2.1006
RooProdPdf::model_s[ modelObs_s * nuisancePdf ]
     getLogVal() top-level p.d.f evaluates to zero @ !pdfs=(modelObs_s = 0/1,nuisancePdf = 1)

[#0] WARNING:Minization -- RooMinimizerFcn: Minimized function has error status.
Returning maximum FCN so far (1135.1) to force MIGRAD to back out of this region. Error log follows
Parameter values: JER_ele=2.07617, JER_muon=-0.0249555, JES_ele=4.13581, JES_muon=-3.72847, QCD_stat_ele=5.61873, QCD_stat_muon=6.85332, VBS_stat_ele=5.55365, VBS_stat_muon=-2.27413, ele_efficiency=1.48885, ele_trigger=3.14599, fakephoton_ele=5.98116, fakephoton_muon=1.71875, interference=4.2773, lumi=3.93875, mu_efficiency=6.54421, mu_trigger=-4.91901, non_prompt_stat_ele=5.16785, non_prompt_stat_muon=6.20086, others_stat_ele=5.67942, others_stat_muon=-6.98724, others_xs=1.57766, param=1.32543, pdf_ele=5.45105, pdf_muon=6.74116, photon_id=4.20475, pileup=1.63609, scale_ele=5.25922, scale_muon=-4.25666
RooProdPdf::model_s[ modelObs_s * nuisancePdf ]
     getLogVal() top-level p.d.f evaluates to zero @ !pdfs=(modelObs_s = 0/1,nuisancePdf = 1)

[#0] WARNING:Minization -- RooMinimizerFcn: Minimized function has error status.
Returning maximum FCN so far (1135.1) to force MIGRAD to back out of this region. Error log follows
Parameter values: JER_ele=2.36108, JER_muon=-0.704312, JES_ele=4.54905, JES_muon=-2.43026, QCD_stat_ele=4.52005, QCD_stat_muon=6.59109, VBS_stat_ele=5.90449, VBS_stat_muon=-3.1296, ele_efficiency=1.61541, ele_trigger=3.5047, fakephoton_ele=5.23835, fakephoton_muon=1.29591, interference=3.68627, lumi=3.12894, mu_efficiency=6.6424, mu_trigger=-5.49763, non_prompt_stat_ele=4.08233, non_prompt_stat_muon=6.68772, others_stat_ele=6.05572, others_stat_muon=-6.89406, others_xs=0.398992, param=1.09213, pdf_ele=5.87196, pdf_muon=6.99642, photon_id=5.54139, pileup=1.70614, scale_ele=4.02679, scale_muon=-6.72539
RooProdPdf::model_s[ modelObs_s * nuisancePdf ]
     getLogVal() top-level p.d.f evaluates to zero @ !pdfs=(modelObs_s = 0/1,nuisancePdf = 1)

[#0] WARNING:Minization -- RooMinimizerFcn: Minimized function has error status.
Returning maximum FCN so far (1135.1) to force MIGRAD to back out of this region. Error log follows
Parameter values: JER_ele=2.43129, JER_muon=-1.35982, JES_ele=4.66856, JES_muon=-1.3709, QCD_stat_ele=4.34106, QCD_stat_muon=1.03271, VBS_stat_ele=5.73789, VBS_stat_muon=-3.47133, ele_efficiency=1.59628, ele_trigger=3.60366, fakephoton_ele=4.93314, fakephoton_muon=0.200954, interference=3.63355, lumi=3.10702, mu_efficiency=6.68689, mu_trigger=-6.09774, non_prompt_stat_ele=3.46591, non_prompt_stat_muon=6.99783, others_stat_ele=6.11489, others_stat_muon=-6.87048, others_xs=0.284713, param=0.931564, pdf_ele=5.94013, pdf_muon=6.83379, photon_id=6.43749, pileup=1.75913, scale_ele=3.74681, scale_muon=-6.95946
RooProdPdf::model_s[ modelObs_s * nuisancePdf ]
     getLogVal() top-level p.d.f evaluates to zero @ !pdfs=(modelObs_s = 0/1,nuisancePdf = 1)

[#0] WARNING:Minization -- RooMinimizerFcn: Minimized function has error status.
Returning maximum FCN so far (1135.1) to force MIGRAD to back out of this region. Error log follows
Parameter values: JER_ele=6.84188, JER_muon=6.984, JES_ele=4.13134, JES_muon=6.89948, QCD_stat_ele=0.836521, QCD_stat_muon=-0.525392, VBS_stat_ele=5.8962, VBS_stat_muon=6.89516, ele_efficiency=2.45459, ele_trigger=6.59963, fakephoton_ele=1.0602, fakephoton_muon=4.56493, interference=-6.78033, lumi=-6.93893, mu_efficiency=4.42794, mu_trigger=-6.95081, non_prompt_stat_ele=6.04756, non_prompt_stat_muon=6.67086, others_stat_ele=1.87324, others_stat_muon=0.139685, others_xs=0.182425, param=6.64742, pdf_ele=0.68356, pdf_muon=3.41292, photon_id=1.20867, pileup=4.26075, scale_ele=5.42127, scale_muon=6.03214
RooProdPdf::model_s[ modelObs_s * nuisancePdf ]
     getLogVal() top-level p.d.f evaluates to zero @ !pdfs=(modelObs_s = 0/1,nuisancePdf = 1)

[#0] WARNING:Minization -- RooMinimizerFcn: Minimized function has error status.
Returning maximum FCN so far (1135.1) to force MIGRAD to back out of this region. Error log follows
Parameter values: JER_ele=1.08564, JER_muon=6.83956, JES_ele=2.78597, JES_muon=0.417074, QCD_stat_ele=6.80861, QCD_stat_muon=-6.99783, VBS_stat_ele=1.55793, VBS_stat_muon=6.99975, ele_efficiency=0.799767, ele_trigger=1.966, fakephoton_ele=6.96355, fakephoton_muon=6.7481, interference=6.54081, lumi=6.44712, mu_efficiency=4.21714, mu_trigger=5.51018, non_prompt_stat_ele=6.95931, non_prompt_stat_muon=-6.85842, others_stat_ele=3.82796, others_stat_muon=6.1212, others_xs=6.85177, param=1.27233, pdf_ele=3.40585, pdf_muon=-6.28235, photon_id=-5.45377, pileup=0.920463, scale_ele=6.94529, scale_muon=5.11083
RooProdPdf::model_s[ modelObs_s * nuisancePdf ]
     getLogVal() top-level p.d.f evaluates to zero @ !pdfs=(modelObs_s = 0/1,nuisancePdf = 1)

[#0] WARNING:Minization -- RooMinimizerFcn: Minimized function has error status.
Returning maximum FCN so far (1135.1) to force MIGRAD to back out of this region. Error log follows
Parameter values: JER_ele=1.69327, JER_muon=6.96284, JES_ele=3.50229, JES_muon=5.57701, QCD_stat_ele=6.16795, QCD_stat_muon=-6.19263, VBS_stat_ele=-2.25063, VBS_stat_muon=4.92293, ele_efficiency=0.111534, ele_trigger=2.60925, fakephoton_ele=6.99912, fakephoton_muon=5.15547, interference=1.76099, lumi=1.08624, mu_efficiency=2.27018, mu_trigger=5.77666, non_prompt_stat_ele=5.52559, non_prompt_stat_muon=-6.90239, others_stat_ele=3.32731, others_stat_muon=0.746909, others_xs=1.85074, param=1.10141, pdf_ele=3.5156, pdf_muon=-3.46159, photon_id=-4.54677, pileup=0.833731, scale_ele=6.81252, scale_muon=-4.47078
RooProdPdf::model_s[ modelObs_s * nuisancePdf ]
     getLogVal() top-level p.d.f evaluates to zero @ !pdfs=(modelObs_s = 0/1,nuisancePdf = 1)

[#0] WARNING:Minization -- RooMinimizerFcn: Minimized function has error status.
Returning maximum FCN so far (1135.1) to force MIGRAD to back out of this region. Error log follows
Parameter values: JER_ele=0.749033, JER_muon=6.36525, JES_ele=2.2082, JES_muon=-3.08317, QCD_stat_ele=6.81273, QCD_stat_muon=3.29452, VBS_stat_ele=3.58892, VBS_stat_muon=6.18017, ele_efficiency=1.06374, ele_trigger=1.51626, fakephoton_ele=6.81356, fakephoton_muon=6.88606, interference=6.95607, lumi=6.97615, mu_efficiency=5.08506, mu_trigger=4.90095, non_prompt_stat_ele=6.82316, non_prompt_stat_muon=-6.97998, others_stat_ele=3.72715, others_stat_muon=1.37971, others_xs=6.7626, param=0.279428, pdf_ele=3.16692, pdf_muon=-6.99877, photon_id=-6.23946, pileup=0.985358, scale_ele=6.86126, scale_muon=-5.65351
RooProdPdf::model_s[ modelObs_s * nuisancePdf ]
     getLogVal() top-level p.d.f evaluates to zero @ !pdfs=(modelObs_s = 0/1,nuisancePdf = 1)

[#0] WARNING:Minization -- RooMinimizerFcn: Minimized function has error status.
Returning maximum FCN so far (1135.1) to force MIGRAD to back out of this region. Error log follows
Parameter values: JER_ele=1.11059, JER_muon=5.06548, JES_ele=2.76146, JES_muon=-6.27424, QCD_stat_ele=6.99999, QCD_stat_muon=-6.54171, VBS_stat_ele=3.88838, VBS_stat_muon=4.74924, ele_efficiency=1.15591, ele_trigger=1.9643, fakephoton_ele=6.99663, fakephoton_muon=6.02412, interference=6.68706, lumi=6.64468, mu_efficiency=5.60053, mu_trigger=2.01301, non_prompt_stat_ele=6.99742, non_prompt_stat_muon=-5.13914, others_stat_ele=4.32373, others_stat_muon=-2.27115, others_xs=5.84269, param=0.0748908, pdf_ele=3.80877, pdf_muon=-4.46651, photon_id=-6.58937, pileup=1.18218, scale_ele=6.9943, scale_muon=-2.35781
RooProdPdf::model_s[ modelObs_s * nuisancePdf ]
     getLogVal() top-level p.d.f evaluates to zero @ !pdfs=(modelObs_s = 0/1,nuisancePdf = 1)

[#0] WARNING:Minization -- RooMinimizerFcn: Minimized function has error status.
Returning maximum FCN so far (1135.1) to force MIGRAD to back out of this region. Error log follows
Parameter values: JER_ele=0.898858, JER_muon=6.98074, JES_ele=2.04136, JES_muon=0.784, QCD_stat_ele=6.02826, QCD_stat_muon=6.50948, VBS_stat_ele=2.82165, VBS_stat_muon=6.8726, ele_efficiency=0.729527, ele_trigger=1.47978, fakephoton_ele=5.9418, fakephoton_muon=6.9829, interference=6.72931, lumi=6.78406, mu_efficiency=4.15472, mu_trigger=6.18497, non_prompt_stat_ele=6.0461, non_prompt_stat_muon=-4.54054, others_stat_ele=3.00283, others_stat_muon=4.18594, others_xs=6.99698, param=0.0128666, pdf_ele=2.79336, pdf_muon=-5.17958, photon_id=-3.00136, pileup=0.856546, scale_ele=6.18794, scale_muon=4.498
RooProdPdf::model_s[ modelObs_s * nuisancePdf ]
     getLogVal() top-level p.d.f evaluates to zero @ !pdfs=(modelObs_s = 0/1,nuisancePdf = 1)

[#0] WARNING:Minization -- RooMinimizerFcn: Minimized function has error status.
Returning maximum FCN so far (1135.1) to force MIGRAD to back out of this region. Error log follows
Parameter values: JER_ele=0.369791, JER_muon=6.98574, JES_ele=1.55839, JES_muon=1.39505, QCD_stat_ele=6.11446, QCD_stat_muon=6.13545, VBS_stat_ele=2.7622, VBS_stat_muon=6.99996, ele_efficiency=0.903232, ele_trigger=0.998177, fakephoton_ele=6.21837, fakephoton_muon=6.93451, interference=6.87303, lumi=6.81839, mu_efficiency=4.41687, mu_trigger=6.61349, non_prompt_stat_ele=6.07684, non_prompt_stat_muon=-4.45085, others_stat_ele=2.9843, others_stat_muon=4.84868, others_xs=6.96309, param=0.00696452, pdf_ele=2.30033, pdf_muon=-4.60665, photon_id=-2.03296, pileup=0.783972, scale_ele=6.128, scale_muon=5.71068
RooProdPdf::model_s[ modelObs_s * nuisancePdf ]
     getLogVal() top-level p.d.f evaluates to zero @ !pdfs=(modelObs_s = 0/1,nuisancePdf = 1)

[#0] WARNING:Minization -- RooMinimizerFcn: Minimized function has error status.
Returning maximum FCN so far (1135.1) to force MIGRAD to back out of this region. Error log follows
Parameter values: JER_ele=0.432124, JER_muon=6.97268, JES_ele=1.64511, JES_muon=1.07391, QCD_stat_ele=6.21721, QCD_stat_muon=6.4974, VBS_stat_ele=2.87064, VBS_stat_muon=6.99627, ele_efficiency=0.91438, ele_trigger=1.07169, fakephoton_ele=6.30363, fakephoton_muon=6.95794, interference=6.89594, lumi=6.84902, mu_efficiency=4.45592, mu_trigger=6.52494, non_prompt_stat_ele=6.19431, non_prompt_stat_muon=-4.76548, others_stat_ele=3.07445, others_stat_muon=4.67077, others_xs=6.97869, param=0.00550693, pdf_ele=2.41368, pdf_muon=-4.93642, photon_id=-2.48589, pileup=0.801403, scale_ele=6.24028, scale_muon=5.14287
RooProdPdf::model_s[ modelObs_s * nuisancePdf ]
     getLogVal() top-level p.d.f evaluates to zero @ !pdfs=(modelObs_s = 0/1,nuisancePdf = 1)

[#0] WARNING:Minization -- RooMinimizerFcn: Minimized function has error status.
Returning maximum FCN so far (1135.1) to force MIGRAD to back out of this region. Error log follows
Parameter values: JER_ele=0.465902, JER_muon=6.95799, JES_ele=1.702, JES_muon=0.790463, QCD_stat_ele=6.29134, QCD_stat_muon=6.72982, VBS_stat_ele=2.91794, VBS_stat_muon=6.98838, ele_efficiency=0.925684, ele_trigger=1.11665, fakephoton_ele=6.36562, fakephoton_muon=6.9728, interference=6.91343, lumi=6.87341, mu_efficiency=4.49623, mu_trigger=6.4473, non_prompt_stat_ele=6.27644, non_prompt_stat_muon=-5.02424, others_stat_ele=3.13921, others_stat_muon=4.49699, others_xs=6.98908, param=0.00575494, pdf_ele=2.48566, pdf_muon=-5.19581, photon_id=-2.83389, pileup=0.814582, scale_ele=6.31789, scale_muon=4.55563
RooProdPdf::model_s[ modelObs_s * nuisancePdf ]
     getLogVal() top-level p.d.f evaluates to zero @ !pdfs=(modelObs_s = 0/1,nuisancePdf = 1)

[#0] WARNING:Minization -- RooMinimizerFcn: Minimized function has error status.
Returning maximum FCN so far (1135.1) to force MIGRAD to back out of this region. Error log follows
Parameter values: JER_ele=0.490746, JER_muon=6.94289, JES_ele=1.74446, JES_muon=0.545942, QCD_stat_ele=6.34495, QCD_stat_muon=6.87313, VBS_stat_ele=2.95222, VBS_stat_muon=6.97835, ele_efficiency=0.934395, ele_trigger=1.15003, fakephoton_ele=6.41059, fakephoton_muon=6.98293, interference=6.92704, lumi=6.89228, mu_efficiency=4.531, mu_trigger=6.37661, non_prompt_stat_ele=6.33543, non_prompt_stat_muon=-5.23552, others_stat_ele=3.18788, others_stat_muon=4.34334, others_xs=6.99516, param=0.00604083, pdf_ele=2.53917, pdf_muon=-5.40606, photon_id=-3.11851, pileup=0.825574, scale_ele=6.37385, scale_muon=4.00026
RooProdPdf::model_s[ modelObs_s * nuisancePdf ]
     getLogVal() top-level p.d.f evaluates to zero @ !pdfs=(modelObs_s = 0/1,nuisancePdf = 1)

[#0] WARNING:Minization -- RooMinimizerFcn: Minimized function has error status.
Returning maximum FCN so far (1135.1) to force MIGRAD to back out of this region. Error log follows
Parameter values: JER_ele=0.509532, JER_muon=6.92869, JES_ele=1.77664, JES_muon=0.343414, QCD_stat_ele=6.38429, QCD_stat_muon=6.95138, VBS_stat_ele=2.97785, VBS_stat_muon=6.96781, ele_efficiency=0.941024, ele_trigger=1.17531, fakephoton_ele=6.44368, fakephoton_muon=6.98951, interference=6.93735, lumi=6.90651, mu_efficiency=4.5596, mu_trigger=6.31523, non_prompt_stat_ele=6.37853, non_prompt_stat_muon=-5.40219, others_stat_ele=3.22476, others_stat_muon=4.21387, others_xs=6.99831, param=0.0063888, pdf_ele=2.57962, pdf_muon=-5.57099, photon_id=-3.34585, pileup=0.834525, scale_ele=6.41487, scale_muon=3.51058
RooProdPdf::model_s[ modelObs_s * nuisancePdf ]
     getLogVal() top-level p.d.f evaluates to zero @ !pdfs=(modelObs_s = 0/1,nuisancePdf = 1)

[#0] WARNING:Minization -- RooMinimizerFcn: Minimized function has error status.
Returning maximum FCN so far (1135.1) to force MIGRAD to back out of this region. Error log follows
Parameter values: JER_ele=0.523407, JER_muon=6.91653, JES_ele=1.80047, JES_muon=0.18478, QCD_stat_ele=6.41272, QCD_stat_muon=6.98696, VBS_stat_ele=2.99646, VBS_stat_muon=6.9582, ele_efficiency=0.94594, ele_trigger=1.19402, fakephoton_ele=6.4676, fakephoton_muon=6.99355, interference=6.94482, lumi=6.91683, mu_efficiency=4.58186, mu_trigger=6.26536, non_prompt_stat_ele=6.40955, non_prompt_stat_muon=-5.52739, others_stat_ele=3.25206, others_stat_muon=4.11113, others_xs=6.99963, param=0.00680201, pdf_ele=2.60951, pdf_muon=-5.69426, photon_id=-3.51916, pileup=0.841464, scale_ele=6.44446, scale_muon=3.1103
RooProdPdf::model_s[ modelObs_s * nuisancePdf ]
     getLogVal() top-level p.d.f evaluates to zero @ !pdfs=(modelObs_s = 0/1,nuisancePdf = 1)

[#0] WARNING:Minization -- RooMinimizerFcn: Minimized function has error status.
Returning maximum FCN so far (1135.1) to force MIGRAD to back out of this region. Error log follows
Parameter values: JER_ele=0.377861, JER_muon=6.97569, JES_ele=1.606, JES_muon=1.17028, QCD_stat_ele=6.24574, QCD_stat_muon=6.38793, VBS_stat_ele=2.83913, VBS_stat_muon=6.99997, ele_efficiency=0.935313, ele_trigger=1.02787, fakephoton_ele=6.34237, fakephoton_muon=6.94735, interference=6.90571, lumi=6.8512, mu_efficiency=4.47799, mu_trigger=6.5784, non_prompt_stat_ele=6.21279, non_prompt_stat_muon=-4.69206, others_stat_ele=3.08901, others_stat_muon=4.72667, others_xs=6.97566, param=0.182976, pdf_ele=2.37098, pdf_muon=-4.82613, photon_id=-2.33769, pileup=0.792604, scale_ele=6.25497, scale_muon=5.30916
RooProdPdf::model_s[ modelObs_s * nuisancePdf ]
     getLogVal() top-level p.d.f evaluates to zero @ !pdfs=(modelObs_s = 0/1,nuisancePdf = 1)

[#0] WARNING:Minization -- RooMinimizerFcn: Minimized function has error status.
Returning maximum FCN so far (1135.1) to force MIGRAD to back out of this region. Error log follows
Parameter values: JER_ele=0.362096, JER_muon=6.99864, JES_ele=1.5418, JES_muon=1.95813, QCD_stat_ele=6.09278, QCD_stat_muon=5.32548, VBS_stat_ele=2.75563, VBS_stat_muon=6.98857, ele_efficiency=0.898022, ele_trigger=0.986389, fakephoton_ele=6.20265, fakephoton_muon=6.88885, interference=6.83335, lumi=6.76532, mu_efficiency=4.33063, mu_trigger=6.73762, non_prompt_stat_ele=6.05322, non_prompt_stat_muon=-3.86573, others_stat_ele=2.9684, others_stat_muon=5.1921, others_xs=6.92929, param=0.000232556, pdf_ele=2.27859, pdf_muon=-4.01088, photon_id=-1.42774, pileup=0.762125, scale_ele=6.1048, scale_muon=6.50764
RooProdPdf::model_s[ modelObs_s * nuisancePdf ]
     getLogVal() top-level p.d.f evaluates to zero @ !pdfs=(modelObs_s = 0/1,nuisancePdf = 1)

[#0] WARNING:Minization -- RooMinimizerFcn: Minimized function has error status.
Returning maximum FCN so far (1135.1) to force MIGRAD to back out of this region. Error log follows
Parameter values: JER_ele=0.327151, JER_muon=6.99824, JES_ele=1.47341, JES_muon=2.48266, QCD_stat_ele=5.97657, QCD_stat_muon=4.32194, VBS_stat_ele=2.6926, VBS_stat_muon=6.9635, ele_efficiency=0.87891, ele_trigger=0.934768, fakephoton_ele=6.10222, fakephoton_muon=6.833, interference=6.78076, lumi=6.70081, mu_efficiency=4.24256, mu_trigger=6.83139, non_prompt_stat_ele=5.92628, non_prompt_stat_muon=-3.25787, others_stat_ele=2.87765, others_stat_muon=5.48298, others_xs=6.88309, param=2.31961e-05, pdf_ele=2.18977, pdf_muon=-3.39524, photon_id=-0.760401, pileup=0.738917, scale_ele=5.98366, scale_muon=6.92021
RooProdPdf::model_s[ modelObs_s * nuisancePdf ]
     getLogVal() top-level p.d.f evaluates to zero @ !pdfs=(modelObs_s = 0/1,nuisancePdf = 1)

[#0] WARNING:Minization -- RooMinimizerFcn: Minimized function has error status.
Returning maximum FCN so far (1135.1) to force MIGRAD to back out of this region. Error log follows
Parameter values: JER_ele=0.279972, JER_muon=6.98469, JES_ele=1.39236, JES_muon=3.0182, QCD_stat_ele=5.84997, QCD_stat_muon=3.08237, VBS_stat_ele=2.6218, VBS_stat_muon=6.91827, ele_efficiency=0.86199, ele_trigger=0.871272, fakephoton_ele=5.99626, fakephoton_muon=6.7603, interference=6.72344, lumi=6.62735, mu_efficiency=4.1554, mu_trigger=6.91032, non_prompt_stat_ele=5.78469, non_prompt_stat_muon=-2.58544, others_stat_ele=2.7823, others_stat_muon=5.76368, others_xs=6.82221, param=1.36412e-05, pdf_ele=2.08587, pdf_muon=-2.70528, photon_id=-0.0394047, pileup=0.713603, scale_ele=5.84869, scale_muon=6.97383
RooProdPdf::model_s[ modelObs_s * nuisancePdf ]
     getLogVal() top-level p.d.f evaluates to zero @ !pdfs=(modelObs_s = 0/1,nuisancePdf = 1)

[#0] WARNING:Minization -- RooMinimizerFcn: Minimized function has error status.
Returning maximum FCN so far (1135.1) to force MIGRAD to back out of this region. Error log follows
Parameter values: JER_ele=0.229556, JER_muon=6.95608, JES_ele=1.30619, JES_muon=3.5591, QCD_stat_ele=5.70981, QCD_stat_muon=1.63378, VBS_stat_ele=2.54701, VBS_stat_muon=6.85106, ele_efficiency=0.844424, ele_trigger=0.803712, fakephoton_ele=5.87948, fakephoton_muon=6.6698, interference=6.6568, lumi=6.54191, mu_efficiency=4.06314, mu_trigger=6.96691, non_prompt_stat_ele=5.62724, non_prompt_stat_muon=-1.8471, others_stat_ele=2.68146, others_stat_muon=6.03063, others_xs=6.74466, param=0.000148669, pdf_ele=1.97526, pdf_muon=-1.94437, photon_id=0.720298, pileup=0.686902, scale_ele=5.69856, scale_muon=6.60738
RooProdPdf::model_s[ modelObs_s * nuisancePdf ]
     getLogVal() top-level p.d.f evaluates to zero @ !pdfs=(modelObs_s = 0/1,nuisancePdf = 1)

[#0] WARNING:Minization -- RooMinimizerFcn: Minimized function has error status.
Returning maximum FCN so far (1135.1) to force MIGRAD to back out of this region. Error log follows
Parameter values: JER_ele=0.176645, JER_muon=6.91031, JES_ele=1.21558, JES_muon=4.09703, QCD_stat_ele=5.55517, QCD_stat_muon=0.0308266, VBS_stat_ele=2.46836, VBS_stat_muon=6.75938, ele_efficiency=0.826021, ele_trigger=0.73276, fakephoton_ele=5.75083, fakephoton_muon=6.55976, interference=6.57951, lumi=6.44322, mu_efficiency=3.96526, mu_trigger=6.99659, non_prompt_stat_ele=5.45307, non_prompt_stat_muon=-1.04838, others_stat_ele=2.57504, others_stat_muon=6.27801, others_xs=6.64862, param=0.000433356, pdf_ele=1.85867, pdf_muon=-1.11879, photon_id=1.50782, pileup=0.658887, scale_ele=5.53237, scale_muon=5.78222
RooProdPdf::model_s[ modelObs_s * nuisancePdf ]
     getLogVal() top-level p.d.f evaluates to zero @ !pdfs=(modelObs_s = 0/1,nuisancePdf = 1)

[#0] WARNING:Minization -- RooMinimizerFcn: Minimized function has error status.
Returning maximum FCN so far (1135.1) to force MIGRAD to back out of this region. Error log follows
Parameter values: JER_ele=0.105226, JER_muon=6.8336, JES_ele=1.09793, JES_muon=4.70596, QCD_stat_ele=5.35607, QCD_stat_muon=-1.92429, VBS_stat_ele=2.37226, VBS_stat_muon=6.61577, ele_efficiency=0.805644, ele_trigger=0.639589, fakephoton_ele=5.58777, fakephoton_muon=6.40301, interference=6.47981, lumi=6.31321, mu_efficiency=3.84905, mu_trigger=6.99104, non_prompt_stat_ele=5.22608, non_prompt_stat_muon=-0.058555, others_stat_ele=2.44313, others_stat_muon=6.53225, others_xs=6.51128, param=0.00895567, pdf_ele=1.70869, pdf_muon=-0.0901023, photon_id=2.44811, pileup=0.624068, scale_ele=5.31536, scale_muon=4.25003
RooProdPdf::model_s[ modelObs_s * nuisancePdf ]
     getLogVal() top-level p.d.f evaluates to zero @ !pdfs=(modelObs_s = 0/1,nuisancePdf = 1)

[#0] WARNING:Minization -- RooMinimizerFcn: Minimized function has error status.
Returning maximum FCN so far (1135.1) to force MIGRAD to back out of this region. Error log follows
Parameter values: JER_ele=-0.122218, JER_muon=6.51122, JES_ele=0.749946, JES_muon=6.04446, QCD_stat_ele=4.77038, QCD_stat_muon=-6.06138, VBS_stat_ele=2.06725, VBS_stat_muon=6.01502, ele_efficiency=0.758913, ele_trigger=0.357389, fakephoton_ele=5.12285, fakephoton_muon=5.85528, interference=6.17744, lumi=5.9031, mu_efficiency=3.54504, mu_trigger=6.72888, non_prompt_stat_ele=4.54716, non_prompt_stat_muon=2.56301, others_stat_ele=2.08086, others_stat_muon=6.94811, others_xs=6.02983, param=0.0619634, pdf_ele=1.26243, pdf_muon=2.66778, photon_id=4.74107, pileup=0.526389, scale_ele=4.661, scale_muon=-1.49486
RooProdPdf::model_s[ modelObs_s * nuisancePdf ]
     getLogVal() top-level p.d.f evaluates to zero @ !pdfs=(modelObs_s = 0/1,nuisancePdf = 1)

[#0] WARNING:Minization -- RooMinimizerFcn: Minimized function has error status.
Returning maximum FCN so far (1135.1) to force MIGRAD to back out of this region. Error log follows
Parameter values: JER_ele=-0.191235, JER_muon=6.18836, JES_ele=0.590445, JES_muon=6.63803, QCD_stat_ele=4.32203, QCD_stat_muon=-6.99964, VBS_stat_ele=1.90874, VBS_stat_muon=5.57303, ele_efficiency=0.703311, ele_trigger=0.242927, fakephoton_ele=4.73134, fakephoton_muon=5.42886, interference=5.86783, lumi=5.54261, mu_efficiency=3.2782, mu_trigger=6.39693, non_prompt_stat_ele=4.05584, non_prompt_stat_muon=4.17498, others_stat_ele=1.83942, others_stat_muon=6.99285, others_xs=5.6225, param=0.00303622, pdf_ele=1.04561, pdf_muon=4.29068, photon_id=5.85782, pileup=0.468096, scale_ele=4.19265, scale_muon=-5.04682
RooProdPdf::model_s[ modelObs_s * nuisancePdf ]
     getLogVal() top-level p.d.f evaluates to zero @ !pdfs=(modelObs_s = 0/1,nuisancePdf = 1)

[#0] WARNING:Minization -- RooMinimizerFcn: Minimized function has error status.
Returning maximum FCN so far (1135.1) to force MIGRAD to back out of this region. Error log follows
Parameter values: JER_ele=-0.284278, JER_muon=5.86112, JES_ele=0.422459, JES_muon=6.92361, QCD_stat_ele=3.92006, QCD_stat_muon=-6.36096, VBS_stat_ele=1.75855, VBS_stat_muon=5.10035, ele_efficiency=0.666143, ele_trigger=0.113964, fakephoton_ele=4.39311, fakephoton_muon=5.00431, interference=5.60061, lumi=5.21771, mu_efficiency=3.07018, mu_trigger=5.99462, non_prompt_stat_ele=3.6038, non_prompt_stat_muon=5.31298, others_stat_ele=1.62778, others_stat_muon=6.878, others_xs=5.22499, param=0.00172048, pdf_ele=0.825073, pdf_muon=5.43949, photon_id=6.54344, pileup=0.415199, scale_ele=3.75773, scale_muon=-6.75551
RooProdPdf::model_s[ modelObs_s * nuisancePdf ]
     getLogVal() top-level p.d.f evaluates to zero @ !pdfs=(modelObs_s = 0/1,nuisancePdf = 1)

[#0] WARNING:Minization -- RooMinimizerFcn: Minimized function has error status.
Returning maximum FCN so far (1135.1) to force MIGRAD to back out of this region. Error log follows
Parameter values: JER_ele=-0.379933, JER_muon=5.50114, JES_ele=0.255068, JES_muon=6.99851, QCD_stat_ele=3.51675, QCD_stat_muon=-4.59558, VBS_stat_ele=1.61115, VBS_stat_muon=4.58284, ele_efficiency=0.632254, ele_trigger=-0.0156713, fakephoton_ele=4.056, fakephoton_muon=4.5535, interference=5.32826, lumi=4.88283, mu_efficiency=2.8714, mu_trigger=5.51474, non_prompt_stat_ele=3.14814, non_prompt_stat_muon=6.15958, others_stat_ele=1.42302, others_stat_muon=6.63755, others_xs=4.80278, param=0.000872017, pdf_ele=0.605829, pdf_muon=6.27501, photon_id=6.91684, pileup=0.363774, scale_ele=3.31886, scale_muon=-6.83712
RooProdPdf::model_s[ modelObs_s * nuisancePdf ]
     getLogVal() top-level p.d.f evaluates to zero @ !pdfs=(modelObs_s = 0/1,nuisancePdf = 1)

[#0] WARNING:Minization -- RooMinimizerFcn: Minimized function has error status.
Returning maximum FCN so far (805.546) to force MIGRAD to back out of this region. Error log follows
Parameter values: JER_ele=-2.28722, JER_muon=4.071, JES_ele=-0.613654, JES_muon=-1.68752, QCD_stat_ele=6.99278, QCD_stat_muon=-5.72736, VBS_stat_ele=6.32423, VBS_stat_muon=-6.60764, ele_efficiency=-2.38214, ele_trigger=1.24506, fakephoton_ele=6.42131, fakephoton_muon=-6.95632, interference=-3.78538, lumi=-6.06783, mu_efficiency=-2.00569, mu_trigger=4.21452, non_prompt_stat_ele=6.94073, non_prompt_stat_muon=-6.60143, others_stat_ele=4.94594, others_stat_muon=-5.69574, others_xs=-2.41053, param=5.28245, pdf_ele=-5.1278, pdf_muon=5.53496, photon_id=-0.651134, pileup=-6.99061, scale_ele=5.96795, scale_muon=-1.93563
RooProdPdf::model_s[ modelObs_s * nuisancePdf ]
     getLogVal() top-level p.d.f evaluates to zero @ !pdfs=(modelObs_s = 0/1,nuisancePdf = 1)

[#0] WARNING:Minization -- RooMinimizerFcn: Minimized function has error status.
Returning maximum FCN so far (805.546) to force MIGRAD to back out of this region. Error log follows
Parameter values: JER_ele=-1.18187, JER_muon=1.66214, JES_ele=2.2138, JES_muon=4.62786, QCD_stat_ele=4.27951, QCD_stat_muon=6.14706, VBS_stat_ele=0.250572, VBS_stat_muon=3.53959, ele_efficiency=3.32072, ele_trigger=-0.778175, fakephoton_ele=4.48546, fakephoton_muon=4.10155, interference=-1.40845, lumi=4.16951, mu_efficiency=3.23802, mu_trigger=1.5016, non_prompt_stat_ele=4.12537, non_prompt_stat_muon=3.9458, others_stat_ele=2.31008, others_stat_muon=4.17233, others_xs=-1.19585, param=8.97827, pdf_ele=3.67416, pdf_muon=0.494009, photon_id=5.843, pileup=-1.71704, scale_ele=4.92279, scale_muon=6.82477
RooProdPdf::model_s[ modelObs_s * nuisancePdf ]
     getLogVal() top-level p.d.f evaluates to zero @ !pdfs=(modelObs_s = 0/1,nuisancePdf = 1)

[#0] WARNING:Minization -- RooMinimizerFcn: Minimized function has error status.
Returning maximum FCN so far (805.546) to force MIGRAD to back out of this region. Error log follows
Parameter values: JER_ele=4.80465, JER_muon=6.54111, JES_ele=5.84883, JES_muon=-2.36178, QCD_stat_ele=3.64483, QCD_stat_muon=1.23118, VBS_stat_ele=5.70069, VBS_stat_muon=-1.47585, ele_efficiency=-0.223664, ele_trigger=5.62702, fakephoton_ele=6.17621, fakephoton_muon=3.69398, interference=6.46505, lumi=6.85551, mu_efficiency=3.24504, mu_trigger=2.05085, non_prompt_stat_ele=6.94292, non_prompt_stat_muon=4.12587, others_stat_ele=5.44766, others_stat_muon=0.659164, others_xs=2.56511, param=2.28822, pdf_ele=6.37137, pdf_muon=-6.83847, photon_id=-6.06054, pileup=2.23201, scale_ele=2.16334, scale_muon=-5.18594
RooProdPdf::model_s[ modelObs_s * nuisancePdf ]
     getLogVal() top-level p.d.f evaluates to zero @ !pdfs=(modelObs_s = 0/1,nuisancePdf = 1)

[#0] WARNING:Minization -- RooMinimizerFcn: Minimized function has error status.
Returning maximum FCN so far (805.546) to force MIGRAD to back out of this region. Error log follows
Parameter values: JER_ele=1.96746, JER_muon=6.87901, JES_ele=4.36696, JES_muon=-0.964928, QCD_stat_ele=6.98166, QCD_stat_muon=0.482565, VBS_stat_ele=4.07352, VBS_stat_muon=0.215976, ele_efficiency=1.83557, ele_trigger=2.75388, fakephoton_ele=6.05876, fakephoton_muon=4.68929, interference=6.89236, lumi=6.91044, mu_efficiency=4.68547, mu_trigger=4.62615, non_prompt_stat_ele=6.5896, non_prompt_stat_muon=-4.03388, others_stat_ele=6.35776, others_stat_muon=1.72947, others_xs=6.85656, param=5.2938, pdf_ele=5.56327, pdf_muon=-5.31327, photon_id=-6.84669, pileup=0.423206, scale_ele=6.69707, scale_muon=2.52312
RooProdPdf::model_s[ modelObs_s * nuisancePdf ]
     getLogVal() top-level p.d.f evaluates to zero @ !pdfs=(modelObs_s = 0/1,nuisancePdf = 1)

[#0] WARNING:Minization -- RooMinimizerFcn: Minimized function has error status.
Returning maximum FCN so far (805.546) to force MIGRAD to back out of this region. Error log follows
Parameter values: JER_ele=2.01072, JER_muon=6.14376, JES_ele=4.55282, JES_muon=-4.7684, QCD_stat_ele=6.93079, QCD_stat_muon=6.66385, VBS_stat_ele=4.21839, VBS_stat_muon=-3.11065, ele_efficiency=2.01126, ele_trigger=2.82715, fakephoton_ele=6.16067, fakephoton_muon=2.1005, interference=6.9872, lumi=6.36652, mu_efficiency=5.3176, mu_trigger=1.89906, non_prompt_stat_ele=6.63792, non_prompt_stat_muon=2.78041, others_stat_ele=6.57687, others_stat_muon=-2.00703, others_xs=6.17292, param=6.20842, pdf_ele=5.76092, pdf_muon=-6.99895, photon_id=-6.09845, pileup=0.509884, scale_ele=6.49914, scale_muon=-6.80945
RooProdPdf::model_s[ modelObs_s * nuisancePdf ]
     getLogVal() top-level p.d.f evaluates to zero @ !pdfs=(modelObs_s = 0/1,nuisancePdf = 1)

[#0] WARNING:Minization -- RooMinimizerFcn: Minimized function has error status.
Returning maximum FCN so far (805.546) to force MIGRAD to back out of this region. Error log follows
Parameter values: JER_ele=3.88253, JER_muon=-3.38515, JES_ele=6.54237, JES_muon=3.48859, QCD_stat_ele=0.93334, QCD_stat_muon=5.34382, VBS_stat_ele=6.33705, VBS_stat_muon=-0.93615, ele_efficiency=2.63482, ele_trigger=5.02152, fakephoton_ele=6.69713, fakephoton_muon=-6.92466, interference=1.30671, lumi=-1.75224, mu_efficiency=6.9118, mu_trigger=-6.50209, non_prompt_stat_ele=5.55798, non_prompt_stat_muon=-5.32199, others_stat_ele=6.36212, others_stat_muon=-1.75931, others_xs=-4.02092, param=1.80207, pdf_ele=6.98899, pdf_muon=5.81218, photon_id=1.95897, pileup=1.42606, scale_ele=-1.6446, scale_muon=1.1288
RooProdPdf::model_s[ modelObs_s * nuisancePdf ]
     getLogVal() top-level p.d.f evaluates to zero @ !pdfs=(modelObs_s = 0/1,nuisancePdf = 1)

[#0] WARNING:Minization -- RooMinimizerFcn: Minimized function has error status.
Returning maximum FCN so far (805.546) to force MIGRAD to back out of this region. Error log follows
Parameter values: JER_ele=-0.459202, JER_muon=2.78174, JES_ele=0.871981, JES_muon=5.46085, QCD_stat_ele=1.33629, QCD_stat_muon=6.94715, VBS_stat_ele=-0.247731, VBS_stat_muon=4.70994, ele_efficiency=1.21986, ele_trigger=-0.25712, fakephoton_ele=0.942519, fakephoton_muon=4.6049, interference=1.44489, lumi=3.31315, mu_efficiency=1.99693, mu_trigger=3.70402, non_prompt_stat_ele=0.572178, non_prompt_stat_muon=6.9488, others_stat_ele=2.2136, others_stat_muon=4.98384, others_xs=2.10705, param=8.52633, pdf_ele=1.20477, pdf_muon=5.19749, photon_id=6.14806, pileup=-0.453746, scale_ele=2.03085, scale_muon=5.18926
RooProdPdf::model_s[ modelObs_s * nuisancePdf ]
     getLogVal() top-level p.d.f evaluates to zero @ !pdfs=(modelObs_s = 0/1,nuisancePdf = 1)

[#0] WARNING:Minization -- RooMinimizerFcn: Minimized function has error status.
Returning maximum FCN so far (805.546) to force MIGRAD to back out of this region. Error log follows
Parameter values: JER_ele=1.39124, JER_muon=6.99977, JES_ele=3.89352, JES_muon=0.147476, QCD_stat_ele=6.93385, QCD_stat_muon=-1.87222, VBS_stat_ele=2.51132, VBS_stat_muon=4.45044, ele_efficiency=1.86178, ele_trigger=2.15799, fakephoton_ele=5.60362, fakephoton_muon=4.92608, interference=6.48698, lumi=6.99841, mu_efficiency=4.55818, mu_trigger=5.5138, non_prompt_stat_ele=6.13941, non_prompt_stat_muon=-4.88034, others_stat_ele=6.03213, others_stat_muon=3.14179, others_xs=6.99724, param=9.39413, pdf_ele=4.9455, pdf_muon=-3.52802, photon_id=-5.82528, pileup=0.236789, scale_ele=6.98803, scale_muon=5.13979
RooProdPdf::model_s[ modelObs_s * nuisancePdf ]
     getLogVal() top-level p.d.f evaluates to zero @ !pdfs=(modelObs_s = 0/1,nuisancePdf = 1)

[#0] WARNING:Minization -- RooMinimizerFcn: Minimized function has error status.
Returning maximum FCN so far (805.546) to force MIGRAD to back out of this region. Error log follows
Parameter values: JER_ele=-0.402515, JER_muon=2.94771, JES_ele=1.02595, JES_muon=5.70585, QCD_stat_ele=1.88959, QCD_stat_muon=6.70342, VBS_stat_ele=-0.037051, VBS_stat_muon=4.77065, ele_efficiency=1.31522, ele_trigger=-0.1794, fakephoton_ele=1.5066, fakephoton_muon=5.95064, interference=1.5496, lumi=3.39003, mu_efficiency=2.1275, mu_trigger=3.97656, non_prompt_stat_ele=1.32066, non_prompt_stat_muon=5.72403, others_stat_ele=2.45216, others_stat_muon=4.58462, others_xs=1.94647, param=4.9614, pdf_ele=1.44563, pdf_muon=5.83651, photon_id=6.45757, pileup=-0.47473, scale_ele=2.45816, scale_muon=4.19074
RooProdPdf::model_s[ modelObs_s * nuisancePdf ]
     getLogVal() top-level p.d.f evaluates to zero @ !pdfs=(modelObs_s = 0/1,nuisancePdf = 1)

[#0] WARNING:Minization -- RooMinimizerFcn: Minimized function has error status.
Returning maximum FCN so far (805.546) to force MIGRAD to back out of this region. Error log follows
Parameter values: JER_ele=4.50052, JER_muon=-5.87792, JES_ele=6.71121, JES_muon=6.95153, QCD_stat_ele=2.93399, QCD_stat_muon=-1.62836, VBS_stat_ele=6.55462, VBS_stat_muon=4.69757, ele_efficiency=1.92158, ele_trigger=5.62943, fakephoton_ele=6.1289, fakephoton_muon=1.39148, interference=-3.09103, lumi=-5.99924, mu_efficiency=6.95636, mu_trigger=-3.83799, non_prompt_stat_ele=6.21609, non_prompt_stat_muon=0.122858, others_stat_ele=5.97095, others_stat_muon=1.84366, others_xs=-5.91133, param=4.54526, pdf_ele=6.97741, pdf_muon=6.28669, photon_id=-4.1916, pileup=2.19957, scale_ele=-2.75858, scale_muon=4.18035
RooProdPdf::model_s[ modelObs_s * nuisancePdf ]
     getLogVal() top-level p.d.f evaluates to zero @ !pdfs=(modelObs_s = 0/1,nuisancePdf = 1)

[#0] WARNING:Minization -- RooMinimizerFcn: Minimized function has error status.
Returning maximum FCN so far (805.546) to force MIGRAD to back out of this region. Error log follows
Parameter values: JER_ele=1.66643, JER_muon=6.96315, JES_ele=4.35343, JES_muon=-2.66709, QCD_stat_ele=6.70223, QCD_stat_muon=4.17187, VBS_stat_ele=3.38569, VBS_stat_muon=4.49583, ele_efficiency=2.19553, ele_trigger=2.46673, fakephoton_ele=6.96, fakephoton_muon=-6.68713, interference=6.63535, lumi=6.99731, mu_efficiency=5.07501, mu_trigger=4.02627, non_prompt_stat_ele=6.8182, non_prompt_stat_muon=-1.9134, others_stat_ele=6.27493, others_stat_muon=6.53838, others_xs=6.85002, param=3.62415, pdf_ele=5.62797, pdf_muon=-6.97232, photon_id=-6.99813, pileup=0.207576, scale_ele=6.65418, scale_muon=-3.80156
RooProdPdf::model_s[ modelObs_s * nuisancePdf ]
     getLogVal() top-level p.d.f evaluates to zero @ !pdfs=(modelObs_s = 0/1,nuisancePdf = 1)

[#0] WARNING:Minization -- RooMinimizerFcn: Minimized function has error status.
Returning maximum FCN so far (872.858) to force MIGRAD to back out of this region. Error log follows
Parameter values: JER_ele=1.84092, JER_muon=5.7363, JES_ele=4.42704, JES_muon=-6.29455, QCD_stat_ele=6.98303, QCD_stat_muon=6.52644, VBS_stat_ele=3.67642, VBS_stat_muon=-2.18997, ele_efficiency=1.99196, ele_trigger=2.66969, fakephoton_ele=5.94117, fakephoton_muon=0.622623, interference=6.92094, lumi=6.12987, mu_efficiency=5.58439, mu_trigger=0.254085, non_prompt_stat_ele=6.43349, non_prompt_stat_muon=5.6656, others_stat_ele=6.52282, others_stat_muon=-3.76756, others_xs=5.65757, param=4.16185, pdf_ele=5.57302, pdf_muon=-6.39046, photon_id=-4.69577, pileup=0.571265, scale_ele=6.6471, scale_muon=-4.32152
RooProdPdf::model_s[ modelObs_s * nuisancePdf ]
     getLogVal() top-level p.d.f evaluates to zero @ !pdfs=(modelObs_s = 0/1,nuisancePdf = 1)

[#0] WARNING:Minization -- RooMinimizerFcn: Minimized function has error status.
Returning maximum FCN so far (872.858) to force MIGRAD to back out of this region. Error log follows
Parameter values: JER_ele=0.771097, JER_muon=6.74569, JES_ele=2.71736, JES_muon=3.96734, QCD_stat_ele=5.43924, QCD_stat_muon=-6.99704, VBS_stat_ele=2.38658, VBS_stat_muon=5.63001, ele_efficiency=1.57883, ele_trigger=1.2622, fakephoton_ele=3.69822, fakephoton_muon=6.75693, interference=5.87257, lumi=6.73161, mu_efficiency=3.94509, mu_trigger=6.78606, non_prompt_stat_ele=3.9693, non_prompt_stat_muon=-6.16927, others_stat_ele=4.73863, others_stat_muon=5.62179, others_xs=6.59351, param=1.83367, pdf_ele=3.67522, pdf_muon=1.08126, photon_id=-1.02207, pileup=0.0744323, scale_ele=6.13078, scale_muon=4.56216
RooProdPdf::model_s[ modelObs_s * nuisancePdf ]
     getLogVal() top-level p.d.f evaluates to zero @ !pdfs=(modelObs_s = 0/1,nuisancePdf = 1)

[#0] WARNING:Minization -- RooMinimizerFcn: Minimized function has error status.
Returning maximum FCN so far (872.858) to force MIGRAD to back out of this region. Error log follows
Parameter values: JER_ele=1.97733, JER_muon=5.85004, JES_ele=4.4774, JES_muon=-6.0586, QCD_stat_ele=6.96959, QCD_stat_muon=6.89131, VBS_stat_ele=3.79657, VBS_stat_muon=-1.763, ele_efficiency=1.8748, ele_trigger=2.81173, fakephoton_ele=5.96181, fakephoton_muon=1.54976, interference=6.92481, lumi=6.22467, mu_efficiency=5.45877, mu_trigger=0.546512, non_prompt_stat_ele=6.46097, non_prompt_stat_muon=4.20029, others_stat_ele=6.52293, others_stat_muon=-3.62739, others_xs=5.62369, param=0.637465, pdf_ele=5.60809, pdf_muon=-6.58867, photon_id=-5.01622, pileup=0.644489, scale_ele=6.57337, scale_muon=-5.21445
RooProdPdf::model_s[ modelObs_s * nuisancePdf ]
     getLogVal() top-level p.d.f evaluates to zero @ !pdfs=(modelObs_s = 0/1,nuisancePdf = 1)

[#0] WARNING:Minization -- RooMinimizerFcn: Minimized function has error status.
Returning maximum FCN so far (872.858) to force MIGRAD to back out of this region. Error log follows
Parameter values: JER_ele=0.607629, JER_muon=6.60877, JES_ele=2.65497, JES_muon=4.41128, QCD_stat_ele=5.3273, QCD_stat_muon=-6.92829, VBS_stat_ele=1.92604, VBS_stat_muon=6.2378, ele_efficiency=1.66406, ele_trigger=1.10793, fakephoton_ele=3.6295, fakephoton_muon=6.81916, interference=5.56774, lumi=6.6363, mu_efficiency=3.91576, mu_trigger=6.90173, non_prompt_stat_ele=3.86542, non_prompt_stat_muon=-5.71874, others_stat_ele=4.71266, others_stat_muon=5.90926, others_xs=6.43363, param=3.79992, pdf_ele=3.56637, pdf_muon=2.09305, photon_id=-0.146085, pileup=-0.0245587, scale_ele=6.03777, scale_muon=3.21293
RooProdPdf::model_s[ modelObs_s * nuisancePdf ]
     getLogVal() top-level p.d.f evaluates to zero @ !pdfs=(modelObs_s = 0/1,nuisancePdf = 1)

[#0] WARNING:Minization -- RooMinimizerFcn: Minimized function has error status.
Returning maximum FCN so far (872.858) to force MIGRAD to back out of this region. Error log follows
Parameter values: JER_ele=1.25593, JER_muon=6.9932, JES_ele=3.44345, JES_muon=-0.204286, QCD_stat_ele=6.51845, QCD_stat_muon=-1.95731, VBS_stat_ele=2.78922, VBS_stat_muon=3.73194, ele_efficiency=1.65306, ele_trigger=1.90077, fakephoton_ele=4.7156, fakephoton_muon=5.49329, interference=6.67107, lumi=6.99993, mu_efficiency=4.53867, mu_trigger=5.25338, non_prompt_stat_ele=5.1669, non_prompt_stat_muon=-6.03719, others_stat_ele=5.57377, others_stat_muon=2.48624, others_xs=6.99328, param=0.428847, pdf_ele=4.47703, pdf_muon=-4.12476, photon_id=-5.81416, pileup=0.318018, scale_ele=6.90514, scale_muon=3.92793
RooProdPdf::model_s[ modelObs_s * nuisancePdf ]
     getLogVal() top-level p.d.f evaluates to zero @ !pdfs=(modelObs_s = 0/1,nuisancePdf = 1)

[#0] WARNING:Minization -- RooMinimizerFcn: Minimized function has error status.
Returning maximum FCN so far (872.858) to force MIGRAD to back out of this region. Error log follows
Parameter values: JER_ele=0.924899, JER_muon=6.96714, JES_ele=3.46693, JES_muon=0.636999, QCD_stat_ele=6.54688, QCD_stat_muon=-4.39208, VBS_stat_ele=1.37102, VBS_stat_muon=5.92677, ele_efficiency=1.87355, ele_trigger=1.65524, fakephoton_ele=4.74726, fakephoton_muon=5.96887, interference=6.18922, lumi=6.97134, mu_efficiency=4.51887, mu_trigger=5.90123, non_prompt_stat_ele=5.14896, non_prompt_stat_muon=-6.91353, others_stat_ele=5.68564, others_stat_muon=2.85394, others_xs=6.99639, param=1.99646, pdf_ele=4.36787, pdf_muon=-2.03073, photon_id=-4.83137, pileup=0.108036, scale_ele=6.92589, scale_muon=5.77899
RooProdPdf::model_s[ modelObs_s * nuisancePdf ]
     getLogVal() top-level p.d.f evaluates to zero @ !pdfs=(modelObs_s = 0/1,nuisancePdf = 1)

[#0] WARNING:Minization -- RooMinimizerFcn: Minimized function has error status.
Returning maximum FCN so far (872.858) to force MIGRAD to back out of this region. Error log follows
Parameter values: JER_ele=2.08472, JER_muon=4.33389, JES_ele=5.32086, JES_muon=-6.45916, QCD_stat_ele=5.89521, QCD_stat_muon=-3.48162, VBS_stat_ele=1.7276, VBS_stat_muon=-0.463889, ele_efficiency=2.29392, ele_trigger=3.2717, fakephoton_ele=6.73127, fakephoton_muon=-3.05032, interference=6.6977, lumi=5.06018, mu_efficiency=6.16191, mu_trigger=-3.45349, non_prompt_stat_ele=6.98254, non_prompt_stat_muon=5.52277, others_stat_ele=6.97131, others_stat_muon=-6.89334, others_xs=2.86636, param=4.91879, pdf_ele=6.18816, pdf_muon=-2.2919, photon_id=1.89531, pileup=0.72544, scale_ele=4.4872, scale_muon=6.68359
RooProdPdf::model_s[ modelObs_s * nuisancePdf ]
     getLogVal() top-level p.d.f evaluates to zero @ !pdfs=(modelObs_s = 0/1,nuisancePdf = 1)

[#0] WARNING:Minization -- RooMinimizerFcn: Minimized function has error status.
Returning maximum FCN so far (872.858) to force MIGRAD to back out of this region. Error log follows
Parameter values: JER_ele=1.09062, JER_muon=6.78048, JES_ele=2.94817, JES_muon=-3.3627, QCD_stat_ele=5.88349, QCD_stat_muon=4.08331, VBS_stat_ele=2.33252, VBS_stat_muon=2.89304, ele_efficiency=1.32359, ele_trigger=1.65948, fakephoton_ele=3.97399, fakephoton_muon=3.83124, interference=6.94874, lumi=6.96765, mu_efficiency=4.82889, mu_trigger=3.33251, non_prompt_stat_ele=4.3347, non_prompt_stat_muon=-1.05546, others_stat_ele=5.00121, others_stat_muon=-0.163571, others_xs=6.77344, param=2.6968, pdf_ele=3.82538, pdf_muon=-6.58182, photon_id=-6.88946, pileup=0.560823, scale_ele=6.48378, scale_muon=-5.1135
RooProdPdf::model_s[ modelObs_s * nuisancePdf ]
     getLogVal() top-level p.d.f evaluates to zero @ !pdfs=(modelObs_s = 0/1,nuisancePdf = 1)

[#0] WARNING:Minization -- RooMinimizerFcn: Minimized function has error status.
Returning maximum FCN so far (872.858) to force MIGRAD to back out of this region. Error log follows
Parameter values: JER_ele=2.03204, JER_muon=-6.64392, JES_ele=6.99916, JES_muon=2.20074, QCD_stat_ele=-4.00694, QCD_stat_muon=-5.75114, VBS_stat_ele=-3.39505, VBS_stat_muon=2.95155, ele_efficiency=5.15961, ele_trigger=4.18302, fakephoton_ele=5.65285, fakephoton_muon=3.22127, interference=-5.64146, lumi=-3.47029, mu_efficiency=-1.45095, mu_trigger=-1.2336, non_prompt_stat_ele=4.1151, non_prompt_stat_muon=6.31315, others_stat_ele=3.05161, others_stat_muon=-6.73736, others_xs=-5.81515, param=2.50787, pdf_ele=6.67751, pdf_muon=4.02857, photon_id=-4.69537, pileup=-2.9553, scale_ele=-6.83338, scale_muon=5.69219
RooProdPdf::model_s[ modelObs_s * nuisancePdf ]
     getLogVal() top-level p.d.f evaluates to zero @ !pdfs=(modelObs_s = 0/1,nuisancePdf = 1)

[#0] WARNING:Minization -- RooMinimizerFcn: Minimized function has error status.
Returning maximum FCN so far (872.858) to force MIGRAD to back out of this region. Error log follows
Parameter values: JER_ele=-0.511855, JER_muon=2.74337, JES_ele=0.843602, JES_muon=5.55844, QCD_stat_ele=1.23016, QCD_stat_muon=6.96082, VBS_stat_ele=-0.231295, VBS_stat_muon=4.41172, ele_efficiency=1.26592, ele_trigger=-0.317152, fakephoton_ele=0.871993, fakephoton_muon=4.6931, interference=1.43389, lumi=3.33205, mu_efficiency=2.05218, mu_trigger=3.7363, non_prompt_stat_ele=0.469657, non_prompt_stat_muon=6.96956, others_stat_ele=2.19956, others_stat_muon=4.97436, others_xs=2.01976, param=0.26544, pdf_ele=1.18488, pdf_muon=5.27137, photon_id=6.17509, pileup=-0.486141, scale_ele=1.93288, scale_muon=4.81217
RooProdPdf::model_s[ modelObs_s * nuisancePdf ]
     getLogVal() top-level p.d.f evaluates to zero @ !pdfs=(modelObs_s = 0/1,nuisancePdf = 1)


 -- Hybrid New -- 
CLs = 0 +/- 0
Done in 18.84 min (cpu), 18.92 min (real)
