 <<< Combine >>> 
>>> including systematics
>>> using the Profile Likelihood test statistics modified for upper limits (Q_LHC)
>>> method used is HybridNew
>>> Used OpenSSL to get a really random seed -1476973447
Computing results starting from observation (a-posteriori)
[#0] WARNING:Minization -- RooMinimizerFcn: Minimized function has error status.
Returning maximum FCN so far (758.988) to force MIGRAD to back out of this region. Error log follows
Parameter values: JER_ele=-4.9565, JER_muon=0.306364, JES_ele=1.30194, JES_muon=-3.47342, QCD_stat_ele=1.70602, QCD_stat_muon=6.99995, VBS_stat_ele=6.90822, VBS_stat_muon=-0.611619, ele_efficiency=1.34298, ele_trigger=1.86148, fakephoton_ele=5.71844, fakephoton_muon=6.79687, interference=-6.4428, lumi=3.82573, mu_efficiency=-1.64703, mu_trigger=6.24449, non_prompt_stat_ele=6.22017, non_prompt_stat_muon=-0.303498, others_stat_ele=6.82151, others_stat_muon=3.26071, others_xs=1.19057, param=0.0215443, pdf_ele=6.76389, pdf_muon=4.55137, photon_id=5.05688, pileup=6.9272, scale_ele=0.872548, scale_muon=-6.98041
RooProdPdf::model_s[ modelObs_s * nuisancePdf ]
     getLogVal() top-level p.d.f evaluates to zero @ !pdfs=(modelObs_s = 0/1,nuisancePdf = 1)

[#0] WARNING:Minization -- RooMinimizerFcn: Minimized function has error status.
Returning maximum FCN so far (758.988) to force MIGRAD to back out of this region. Error log follows
Parameter values: JER_ele=1.98482, JER_muon=-6.96449, JES_ele=2.57789, JES_muon=2.7038, QCD_stat_ele=-4.55908, QCD_stat_muon=5.86466, VBS_stat_ele=6.99989, VBS_stat_muon=-6.07899, ele_efficiency=1.4085, ele_trigger=-6.41312, fakephoton_ele=6.2863, fakephoton_muon=6.89468, interference=6.78896, lumi=3.80568, mu_efficiency=-4.19886, mu_trigger=-5.81372, non_prompt_stat_ele=5.68744, non_prompt_stat_muon=-1.40151, others_stat_ele=6.94118, others_stat_muon=5.78148, others_xs=-6.97607, param=0.0286383, pdf_ele=-0.0736963, pdf_muon=5.54731, photon_id=-4.62695, pileup=5.74562, scale_ele=3.61599, scale_muon=-3.47576
RooProdPdf::model_s[ modelObs_s * nuisancePdf ]
     getLogVal() top-level p.d.f evaluates to zero @ !pdfs=(modelObs_s = 0/1,nuisancePdf = 1)

[#0] WARNING:Minization -- RooMinimizerFcn: Minimized function has error status.
Returning maximum FCN so far (758.988) to force MIGRAD to back out of this region. Error log follows
Parameter values: JER_ele=3.24259, JER_muon=6.97309, JES_ele=-1.23666, JES_muon=0.743506, QCD_stat_ele=-1.04953, QCD_stat_muon=-2.14626, VBS_stat_ele=-0.271216, VBS_stat_muon=-0.100493, ele_efficiency=-1.74503, ele_trigger=6.98501, fakephoton_ele=5.64465, fakephoton_muon=-5.57225, interference=2.31783, lumi=-5.42004, mu_efficiency=-3.57271, mu_trigger=5.78859, non_prompt_stat_ele=6.62816, non_prompt_stat_muon=1.16386, others_stat_ele=-1.79127, others_stat_muon=-5.70225, others_xs=0.495395, param=0.0298912, pdf_ele=3.68981, pdf_muon=6.61431, photon_id=-6.95841, pileup=1.45471, scale_ele=-2.29829, scale_muon=4.08741
RooProdPdf::model_s[ modelObs_s * nuisancePdf ]
     getLogVal() top-level p.d.f evaluates to zero @ !pdfs=(modelObs_s = 0/1,nuisancePdf = 1)

[#0] WARNING:Minization -- RooMinimizerFcn: Minimized function has error status.
Returning maximum FCN so far (758.988) to force MIGRAD to back out of this region. Error log follows
Parameter values: JER_ele=-0.109934, JER_muon=4.66667, JES_ele=2.22573, JES_muon=-6.95079, QCD_stat_ele=3.98974, QCD_stat_muon=-6.97137, VBS_stat_ele=-6.26018, VBS_stat_muon=1.1448, ele_efficiency=-0.725046, ele_trigger=0.0652743, fakephoton_ele=5.96722, fakephoton_muon=6.95494, interference=5.67789, lumi=3.88586, mu_efficiency=5.03746, mu_trigger=3.71267, non_prompt_stat_ele=4.98632, non_prompt_stat_muon=-6.99195, others_stat_ele=-6.93321, others_stat_muon=-6.83667, others_xs=-2.89715, param=0.0298965, pdf_ele=4.04785, pdf_muon=-2.76508, photon_id=-3.17415, pileup=0.869004, scale_ele=-4.09218, scale_muon=-1.6548
RooProdPdf::model_s[ modelObs_s * nuisancePdf ]
     getLogVal() top-level p.d.f evaluates to zero @ !pdfs=(modelObs_s = 0/1,nuisancePdf = 1)

[#0] WARNING:Minization -- RooMinimizerFcn: Minimized function has error status.
Returning maximum FCN so far (42.5025) to force MIGRAD to back out of this region. Error log follows
Parameter values: JER_ele=4.93363, JER_muon=-5.29414, JES_ele=6.99903, JES_muon=6.89307, QCD_stat_ele=6.99333, QCD_stat_muon=-4.34455, VBS_stat_ele=6.58641, VBS_stat_muon=-5.51987, ele_efficiency=-5.65155, ele_trigger=-0.176897, fakephoton_ele=6.78833, fakephoton_muon=1.6, interference=0.89024, lumi=5.44715, mu_efficiency=-2.78896, mu_trigger=6.40292, non_prompt_stat_ele=6.46835, non_prompt_stat_muon=6.9808, others_stat_ele=-2.84449, others_stat_muon=6.33809, others_xs=5.39783, param=0.054894, pdf_ele=-6.94181, pdf_muon=3.84656, photon_id=5.3754, pileup=-2.42465, scale_ele=5.9995, scale_muon=-5.61776
RooProdPdf::model_s[ modelObs_s * nuisancePdf ]
     getLogVal() top-level p.d.f evaluates to zero @ !pdfs=(modelObs_s = 0/1,nuisancePdf = 1)


 -- Hybrid New -- 
CLs = 1.16193 +/- 0.0717075
Done in 16.38 min (cpu), 16.45 min (real)
