 <<< Combine >>> 
>>> including systematics
>>> using the Profile Likelihood test statistics modified for upper limits (Q_LHC)
>>> method used is HybridNew
>>> Used OpenSSL to get a really random seed 1977447611
Computing results starting from observation (a-posteriori)
[#0] WARNING:Minization -- RooMinimizerFcn: Minimized function has error status.
Returning maximum FCN so far (335.287) to force MIGRAD to back out of this region. Error log follows
Parameter values: JER_ele=-4.72816, JER_muon=5.30619, JES_ele=5.11591, JES_muon=-3.36253, QCD_stat_ele=0.336481, QCD_stat_muon=-3.06583, VBS_stat_ele=-0.0762883, VBS_stat_muon=5.74805, ele_efficiency=5.12752, ele_trigger=-0.481644, fakephoton_ele=6.68929, fakephoton_muon=-5.99863, interference=-4.76474, lumi=-1.66587, mu_efficiency=-5.33195, mu_trigger=-2.80181, non_prompt_stat_ele=5.10133, non_prompt_stat_muon=6.90626, others_stat_ele=6.72877, others_stat_muon=0.788385, others_xs=-3.93426, param=12.2957, pdf_ele=1.10917, pdf_muon=-3.32194, photon_id=-2.58447, pileup=-3.99656, scale_ele=0.910904, scale_muon=6.99435
RooProdPdf::model_s[ modelObs_s * nuisancePdf ]
     getLogVal() top-level p.d.f evaluates to zero @ !pdfs=(modelObs_s = 0/1,nuisancePdf = 1)

[#0] WARNING:Minization -- RooMinimizerFcn: Minimized function has error status.
Returning maximum FCN so far (698.616) to force MIGRAD to back out of this region. Error log follows
Parameter values: JER_ele=3.48736, JER_muon=6.62081, JES_ele=4.73301, JES_muon=-6.72435, QCD_stat_ele=6.99089, QCD_stat_muon=-6.39897, VBS_stat_ele=6.49942, VBS_stat_muon=5.65047, ele_efficiency=1.05256, ele_trigger=4.19371, fakephoton_ele=4.37382, fakephoton_muon=2.29688, interference=6.96697, lumi=6.3532, mu_efficiency=5.50758, mu_trigger=-3.04186, non_prompt_stat_ele=4.01374, non_prompt_stat_muon=3.76777, others_stat_ele=5.9562, others_stat_muon=-6.73303, others_xs=2.7956, param=2.25396, pdf_ele=6.96555, pdf_muon=-1.24316, photon_id=-0.258856, pileup=1.55941, scale_ele=5.24675, scale_muon=6.38528
RooProdPdf::model_s[ modelObs_s * nuisancePdf ]
     getLogVal() top-level p.d.f evaluates to zero @ !pdfs=(modelObs_s = 0/1,nuisancePdf = 1)

[#0] WARNING:Minization -- RooMinimizerFcn: Minimized function has error status.
Returning maximum FCN so far (698.616) to force MIGRAD to back out of this region. Error log follows
Parameter values: JER_ele=2.85306, JER_muon=0.616012, JES_ele=5.82057, JES_muon=-6.93695, QCD_stat_ele=6.75016, QCD_stat_muon=-2.52615, VBS_stat_ele=6.34431, VBS_stat_muon=-3.56343, ele_efficiency=0.603133, ele_trigger=4.2182, fakephoton_ele=2.71897, fakephoton_muon=5.033, interference=6.38884, lumi=4.70116, mu_efficiency=5.10799, mu_trigger=-4.59919, non_prompt_stat_ele=5.20659, non_prompt_stat_muon=-3.09081, others_stat_ele=2.33222, others_stat_muon=-6.94198, others_xs=3.14885, param=2.15655, pdf_ele=4.04289, pdf_muon=0.571736, photon_id=-0.79276, pileup=2.13199, scale_ele=4.2202, scale_muon=5.29971
RooProdPdf::model_s[ modelObs_s * nuisancePdf ]
     getLogVal() top-level p.d.f evaluates to zero @ !pdfs=(modelObs_s = 0/1,nuisancePdf = 1)

[#0] WARNING:Minization -- RooMinimizerFcn: Minimized function has error status.
Returning maximum FCN so far (971.842) to force MIGRAD to back out of this region. Error log follows
Parameter values: JER_ele=3.63702, JER_muon=-2.57927, JES_ele=6.21272, JES_muon=-1.4411, QCD_stat_ele=5.70009, QCD_stat_muon=3.00615, VBS_stat_ele=6.99716, VBS_stat_muon=-6.37819, ele_efficiency=0.944621, ele_trigger=4.91649, fakephoton_ele=4.04881, fakephoton_muon=-0.300521, interference=4.31658, lumi=1.64511, mu_efficiency=6.26364, mu_trigger=-6.92492, non_prompt_stat_ele=5.88109, non_prompt_stat_muon=6.99917, others_stat_ele=4.06164, others_stat_muon=-2.9393, others_xs=-2.14393, param=1.32286, pdf_ele=5.97186, pdf_muon=6.69688, photon_id=6.96799, pileup=2.39924, scale_ele=1.18981, scale_muon=-6.39289
RooProdPdf::model_s[ modelObs_s * nuisancePdf ]
     getLogVal() top-level p.d.f evaluates to zero @ !pdfs=(modelObs_s = 0/1,nuisancePdf = 1)

[#0] WARNING:Minization -- RooMinimizerFcn: Minimized function has error status.
Returning maximum FCN so far (971.842) to force MIGRAD to back out of this region. Error log follows
Parameter values: JER_ele=4.10102, JER_muon=-4.36319, JES_ele=6.59895, JES_muon=2.1348, QCD_stat_ele=4.15889, QCD_stat_muon=-4.3281, VBS_stat_ele=6.89211, VBS_stat_muon=-6.99518, ele_efficiency=1.09608, ele_trigger=5.41435, fakephoton_ele=4.62329, fakephoton_muon=-2.02524, interference=2.93118, lumi=-0.335606, mu_efficiency=6.53342, mu_trigger=-5.9107, non_prompt_stat_ele=6.3855, non_prompt_stat_muon=5.75483, others_stat_ele=4.60623, others_stat_muon=0.751217, others_xs=-4.22455, param=3.75091, pdf_ele=6.45945, pdf_muon=3.91137, photon_id=4.77521, pileup=2.60428, scale_ele=-1.59052, scale_muon=2.51395
RooProdPdf::model_s[ modelObs_s * nuisancePdf ]
     getLogVal() top-level p.d.f evaluates to zero @ !pdfs=(modelObs_s = 0/1,nuisancePdf = 1)

[#0] WARNING:Minization -- RooMinimizerFcn: Minimized function has error status.
Returning maximum FCN so far (971.842) to force MIGRAD to back out of this region. Error log follows
Parameter values: JER_ele=3.77815, JER_muon=-2.5191, JES_ele=6.31717, JES_muon=-1.56664, QCD_stat_ele=5.37764, QCD_stat_muon=3.55877, VBS_stat_ele=6.9935, VBS_stat_muon=-6.43527, ele_efficiency=0.996289, ele_trigger=5.058, fakephoton_ele=4.2151, fakephoton_muon=-0.179495, interference=4.27495, lumi=1.53538, mu_efficiency=6.25466, mu_trigger=-6.93723, non_prompt_stat_ele=6.01799, non_prompt_stat_muon=6.98895, others_stat_ele=4.22184, others_stat_muon=-3.02922, others_xs=-2.18097, param=0.236716, pdf_ele=6.15091, pdf_muon=6.74029, photon_id=6.95136, pileup=2.40275, scale_ele=0.452324, scale_muon=-6.52789
RooProdPdf::model_s[ modelObs_s * nuisancePdf ]
     getLogVal() top-level p.d.f evaluates to zero @ !pdfs=(modelObs_s = 0/1,nuisancePdf = 1)

[#0] WARNING:Minization -- RooMinimizerFcn: Minimized function has error status.
Returning maximum FCN so far (971.842) to force MIGRAD to back out of this region. Error log follows
Parameter values: JER_ele=4.39226, JER_muon=-5.32204, JES_ele=6.7139, JES_muon=4.7012, QCD_stat_ele=3.10344, QCD_stat_muon=-6.9709, VBS_stat_ele=6.69652, VBS_stat_muon=-6.68634, ele_efficiency=1.23863, ele_trigger=5.65413, fakephoton_ele=5.03903, fakephoton_muon=-3.39592, interference=1.66294, lumi=-1.60099, mu_efficiency=6.73359, mu_trigger=-4.5102, non_prompt_stat_ele=6.61514, non_prompt_stat_muon=3.14675, others_stat_ele=4.99938, others_stat_muon=3.32697, others_xs=-5.43068, param=0.166492, pdf_ele=6.74574, pdf_muon=0.221086, photon_id=1.28482, pileup=2.67777, scale_ele=-2.98776, scale_muon=6.99852
RooProdPdf::model_s[ modelObs_s * nuisancePdf ]
     getLogVal() top-level p.d.f evaluates to zero @ !pdfs=(modelObs_s = 0/1,nuisancePdf = 1)

[#0] WARNING:Minization -- RooMinimizerFcn: Minimized function has error status.
Returning maximum FCN so far (971.842) to force MIGRAD to back out of this region. Error log follows
Parameter values: JER_ele=5.24081, JER_muon=-6.85801, JES_ele=6.99827, JES_muon=4.36754, QCD_stat_ele=-1.85012, QCD_stat_muon=1.64378, VBS_stat_ele=5.77039, VBS_stat_muon=-1.01965, ele_efficiency=1.61751, ele_trigger=6.46233, fakephoton_ele=6.1572, fakephoton_muon=-6.91224, interference=-3.0034, lumi=-5.89044, mu_efficiency=6.99098, mu_trigger=4.09733, non_prompt_stat_ele=6.99698, non_prompt_stat_muon=-6.91227, others_stat_ele=6.04666, others_stat_muon=5.93781, others_xs=-6.66443, param=0.553176, pdf_ele=6.9639, pdf_muon=-5.48071, photon_id=-6.06983, pileup=3.20749, scale_ele=-6.90273, scale_muon=1.73892
RooProdPdf::model_s[ modelObs_s * nuisancePdf ]
     getLogVal() top-level p.d.f evaluates to zero @ !pdfs=(modelObs_s = 0/1,nuisancePdf = 1)

[#0] WARNING:Minization -- RooMinimizerFcn: Minimized function has error status.
Returning maximum FCN so far (971.842) to force MIGRAD to back out of this region. Error log follows
Parameter values: JER_ele=6.78258, JER_muon=5.4003, JES_ele=5.29732, JES_muon=3.47664, QCD_stat_ele=-6.16892, QCD_stat_muon=-0.966202, VBS_stat_ele=-1.40771, VBS_stat_muon=0.338515, ele_efficiency=2.61094, ele_trigger=6.88387, fakephoton_ele=6.90196, fakephoton_muon=2.75024, interference=-4.98384, lumi=-0.507773, mu_efficiency=4.35551, mu_trigger=-5.14978, non_prompt_stat_ele=4.36538, non_prompt_stat_muon=-4.01075, others_stat_ele=6.96657, others_stat_muon=1.14589, others_xs=6.80544, param=0.00578598, pdf_ele=3.3155, pdf_muon=-6.97404, photon_id=-6.97066, pileup=4.34586, scale_ele=2.8863, scale_muon=0.778515
RooProdPdf::model_s[ modelObs_s * nuisancePdf ]
     getLogVal() top-level p.d.f evaluates to zero @ !pdfs=(modelObs_s = 0/1,nuisancePdf = 1)

[#0] WARNING:Minization -- RooMinimizerFcn: Minimized function has error status.
Returning maximum FCN so far (971.842) to force MIGRAD to back out of this region. Error log follows
Parameter values: JER_ele=0.49378, JER_muon=4.93602, JES_ele=1.84482, JES_muon=5.1528, QCD_stat_ele=1.11438, QCD_stat_muon=6.73349, VBS_stat_ele=4.2506, VBS_stat_muon=5.07596, ele_efficiency=-0.171257, ele_trigger=0.917698, fakephoton_ele=-1.10314, fakephoton_muon=2.77301, interference=2.69697, lumi=4.09355, mu_efficiency=0.709789, mu_trigger=5.31949, non_prompt_stat_ele=-0.115952, non_prompt_stat_muon=6.351, others_stat_ele=-0.604056, others_stat_muon=5.7098, others_xs=3.35379, param=3.54489, pdf_ele=-0.244661, pdf_muon=6.58182, photon_id=6.30526, pileup=0.776853, scale_ele=2.43112, scale_muon=3.13161
RooProdPdf::model_s[ modelObs_s * nuisancePdf ]
     getLogVal() top-level p.d.f evaluates to zero @ !pdfs=(modelObs_s = 0/1,nuisancePdf = 1)

[#0] WARNING:Minization -- RooMinimizerFcn: Minimized function has error status.
Returning maximum FCN so far (971.842) to force MIGRAD to back out of this region. Error log follows
Parameter values: JER_ele=4.58044, JER_muon=-6.68058, JES_ele=6.84167, JES_muon=6.99992, QCD_stat_ele=2.01002, QCD_stat_muon=4.55249, VBS_stat_ele=6.63005, VBS_stat_muon=-4.94622, ele_efficiency=1.32694, ele_trigger=5.86871, fakephoton_ele=5.32649, fakephoton_muon=-5.6372, interference=-0.440481, lumi=-3.59791, mu_efficiency=6.94826, mu_trigger=-0.610271, non_prompt_stat_ele=6.77724, non_prompt_stat_muon=-3.77441, others_stat_ele=5.2721, others_stat_muon=6.57576, others_xs=-6.75639, param=1.73862, pdf_ele=6.88567, pdf_muon=-6.0731, photon_id=-5.15382, pileup=2.90195, scale_ele=-4.39261, scale_muon=-5.04247
RooProdPdf::model_s[ modelObs_s * nuisancePdf ]
     getLogVal() top-level p.d.f evaluates to zero @ !pdfs=(modelObs_s = 0/1,nuisancePdf = 1)

[#0] WARNING:Minization -- RooMinimizerFcn: Minimized function has error status.
Returning maximum FCN so far (971.842) to force MIGRAD to back out of this region. Error log follows
Parameter values: JER_ele=5.47509, JER_muon=-6.56834, JES_ele=6.95069, JES_muon=2.20005, QCD_stat_ele=-3.25589, QCD_stat_muon=-0.544023, VBS_stat_ele=5.38092, VBS_stat_muon=0.375128, ele_efficiency=1.72776, ele_trigger=6.63951, fakephoton_ele=6.38022, fakephoton_muon=-6.99519, interference=-3.96614, lumi=-6.51308, mu_efficiency=6.95428, mu_trigger=5.47904, non_prompt_stat_ele=6.94109, non_prompt_stat_muon=-6.24325, others_stat_ele=6.28012, others_stat_muon=3.89761, others_xs=-5.8809, param=0.0386183, pdf_ele=6.84307, pdf_muon=-3.28802, photon_id=-3.85526, pileup=3.32711, scale_ele=-6.9452, scale_muon=6.82424
RooProdPdf::model_s[ modelObs_s * nuisancePdf ]
     getLogVal() top-level p.d.f evaluates to zero @ !pdfs=(modelObs_s = 0/1,nuisancePdf = 1)

[#0] WARNING:Minization -- RooMinimizerFcn: Minimized function has error status.
Returning maximum FCN so far (971.842) to force MIGRAD to back out of this region. Error log follows
Parameter values: JER_ele=6.71665, JER_muon=4.74644, JES_ele=6.29431, JES_muon=6.75993, QCD_stat_ele=-5.96352, QCD_stat_muon=-6.72987, VBS_stat_ele=4.46398, VBS_stat_muon=2.1991, ele_efficiency=3.04303, ele_trigger=6.97332, fakephoton_ele=6.45906, fakephoton_muon=5.86709, interference=-4.78596, lumi=-2.97257, mu_efficiency=2.97165, mu_trigger=-5.70175, non_prompt_stat_ele=4.10452, non_prompt_stat_muon=-6.90227, others_stat_ele=6.58685, others_stat_muon=0.463679, others_xs=6.82974, param=3.57568, pdf_ele=2.00637, pdf_muon=-3.495, photon_id=-4.84285, pileup=3.81947, scale_ele=2.50057, scale_muon=6.99509
RooProdPdf::model_s[ modelObs_s * nuisancePdf ]
     getLogVal() top-level p.d.f evaluates to zero @ !pdfs=(modelObs_s = 0/1,nuisancePdf = 1)

[#0] WARNING:Minization -- RooMinimizerFcn: Minimized function has error status.
Returning maximum FCN so far (971.842) to force MIGRAD to back out of this region. Error log follows
Parameter values: JER_ele=2.80173, JER_muon=2.59726, JES_ele=5.55633, JES_muon=-6.99325, QCD_stat_ele=6.93981, QCD_stat_muon=-5.57092, VBS_stat_ele=6.46451, VBS_stat_muon=-0.00974458, ele_efficiency=0.631561, ele_trigger=4.07602, fakephoton_ele=2.77587, fakephoton_muon=4.34805, interference=6.65103, lumi=5.28676, mu_efficiency=5.1972, mu_trigger=-4.42401, non_prompt_stat_ele=4.7282, non_prompt_stat_muon=-1.04128, others_stat_ele=2.95233, others_stat_muon=-6.90601, others_xs=3.08809, param=1.21653, pdf_ele=4.68169, pdf_muon=0.34922, photon_id=-0.57944, pileup=2.03883, scale_ele=4.76658, scale_muon=6.97456
RooProdPdf::model_s[ modelObs_s * nuisancePdf ]
     getLogVal() top-level p.d.f evaluates to zero @ !pdfs=(modelObs_s = 0/1,nuisancePdf = 1)

[#0] WARNING:Minization -- RooMinimizerFcn: Minimized function has error status.
Returning maximum FCN so far (971.842) to force MIGRAD to back out of this region. Error log follows
Parameter values: JER_ele=3.23403, JER_muon=0.530989, JES_ele=5.79918, JES_muon=-5.21073, QCD_stat_ele=6.4421, QCD_stat_muon=6.59846, VBS_stat_ele=6.58313, VBS_stat_muon=-3.34712, ele_efficiency=0.883516, ele_trigger=4.48379, fakephoton_ele=3.70551, fakephoton_muon=2.38807, interference=5.74351, lumi=3.95466, mu_efficiency=5.86528, mu_trigger=-6.42649, non_prompt_stat_ele=5.42009, non_prompt_stat_muon=3.87842, others_stat_ele=3.8091, others_stat_muon=-6.03109, others_xs=0.310001, param=0.977751, pdf_ele=5.61947, pdf_muon=5.70315, photon_id=5.15254, pileup=2.10046, scale_ele=2.87923, scale_muon=-1.29212
RooProdPdf::model_s[ modelObs_s * nuisancePdf ]
     getLogVal() top-level p.d.f evaluates to zero @ !pdfs=(modelObs_s = 0/1,nuisancePdf = 1)

[#0] WARNING:Minization -- RooMinimizerFcn: Minimized function has error status.
Returning maximum FCN so far (971.842) to force MIGRAD to back out of this region. Error log follows
Parameter values: JER_ele=3.34945, JER_muon=-1.39093, JES_ele=6.31674, JES_muon=-3.3626, QCD_stat_ele=6.04912, QCD_stat_muon=6.85285, VBS_stat_ele=6.89572, VBS_stat_muon=-4.12412, ele_efficiency=0.747144, ele_trigger=4.81464, fakephoton_ele=3.41027, fakephoton_muon=0.915595, interference=5.29183, lumi=2.47476, mu_efficiency=5.92858, mu_trigger=-6.9869, non_prompt_stat_ele=5.58261, non_prompt_stat_muon=6.51305, others_stat_ele=3.55188, others_stat_muon=-4.85993, others_xs=-0.853696, param=0.714984, pdf_ele=5.40316, pdf_muon=6.8935, photon_id=6.61922, pileup=2.48767, scale_ele=1.5029, scale_muon=-6.91203
RooProdPdf::model_s[ modelObs_s * nuisancePdf ]
     getLogVal() top-level p.d.f evaluates to zero @ !pdfs=(modelObs_s = 0/1,nuisancePdf = 1)

[#0] WARNING:Minization -- RooMinimizerFcn: Minimized function has error status.
Returning maximum FCN so far (971.842) to force MIGRAD to back out of this region. Error log follows
Parameter values: JER_ele=3.6834, JER_muon=-1.40262, JES_ele=5.99641, JES_muon=-1.21877, QCD_stat_ele=5.37779, QCD_stat_muon=-1.75755, VBS_stat_ele=6.63471, VBS_stat_muon=-5.79991, ele_efficiency=1.18336, ele_trigger=4.87785, fakephoton_ele=4.657, fakephoton_muon=0.369294, interference=4.38411, lumi=2.52291, mu_efficiency=6.40001, mu_trigger=-6.99532, non_prompt_stat_ele=6.0548, non_prompt_stat_muon=6.63007, others_stat_ele=4.66147, others_stat_muon=-2.43449, others_xs=-2.50036, param=0.603531, pdf_ele=6.39803, pdf_muon=6.7882, photon_id=6.92116, pileup=2.10439, scale_ele=0.531515, scale_muon=-6.55249
RooProdPdf::model_s[ modelObs_s * nuisancePdf ]
     getLogVal() top-level p.d.f evaluates to zero @ !pdfs=(modelObs_s = 0/1,nuisancePdf = 1)

[#0] WARNING:Minization -- RooMinimizerFcn: Minimized function has error status.
Returning maximum FCN so far (971.842) to force MIGRAD to back out of this region. Error log follows
Parameter values: JER_ele=3.68799, JER_muon=-5.15761, JES_ele=6.95267, JES_muon=3.28112, QCD_stat_ele=4.57974, QCD_stat_muon=6.73741, VBS_stat_ele=6.84143, VBS_stat_muon=-5.95421, ele_efficiency=0.500399, ele_trigger=5.52922, fakephoton_ele=3.02607, fakephoton_muon=-3.39484, interference=3.59431, lumi=-1.61051, mu_efficiency=6.22233, mu_trigger=-4.63604, non_prompt_stat_ele=6.00444, non_prompt_stat_muon=1.60534, others_stat_ele=3.32237, others_stat_muon=-0.112962, others_xs=-3.93578, param=0.283546, pdf_ele=5.20969, pdf_muon=3.2834, photon_id=4.66909, pileup=3.32752, scale_ele=-2.03523, scale_muon=6.96835
RooProdPdf::model_s[ modelObs_s * nuisancePdf ]
     getLogVal() top-level p.d.f evaluates to zero @ !pdfs=(modelObs_s = 0/1,nuisancePdf = 1)

[#0] WARNING:Minization -- RooMinimizerFcn: Minimized function has error status.
Returning maximum FCN so far (971.842) to force MIGRAD to back out of this region. Error log follows
Parameter values: JER_ele=4.33984, JER_muon=1.9755, JES_ele=2.98697, JES_muon=-2.01575, QCD_stat_ele=4.28507, QCD_stat_muon=-3.56159, VBS_stat_ele=2.625, VBS_stat_muon=-6.95046, ele_efficiency=2.724, ele_trigger=4.3486, fakephoton_ele=6.94136, fakephoton_muon=4.15904, interference=3.17132, lumi=5.81945, mu_efficiency=6.97911, mu_trigger=-5.77142, non_prompt_stat_ele=6.8099, non_prompt_stat_muon=-4.83999, others_stat_ele=6.7828, others_stat_muon=1.73475, others_xs=-4.24169, param=0.655024, pdf_ele=6.41883, pdf_muon=6.87486, photon_id=6.43847, pileup=-0.0226986, scale_ele=0.57708, scale_muon=1.97221
RooProdPdf::model_s[ modelObs_s * nuisancePdf ]
     getLogVal() top-level p.d.f evaluates to zero @ !pdfs=(modelObs_s = 0/1,nuisancePdf = 1)

[#0] WARNING:Minization -- RooMinimizerFcn: Minimized function has error status.
Returning maximum FCN so far (971.842) to force MIGRAD to back out of this region. Error log follows
Parameter values: JER_ele=0.22541, JER_muon=4.45098, JES_ele=1.9176, JES_muon=5.01807, QCD_stat_ele=1.03149, QCD_stat_muon=6.84015, VBS_stat_ele=2.68369, VBS_stat_muon=2.81641, ele_efficiency=-0.236899, ele_trigger=0.816315, fakephoton_ele=-1.14554, fakephoton_muon=3.03423, interference=1.82235, lumi=3.43062, mu_efficiency=0.538498, mu_trigger=5.03076, non_prompt_stat_ele=-0.132017, non_prompt_stat_muon=6.63094, others_stat_ele=-0.652051, others_stat_muon=4.8356, others_xs=2.83948, param=0.891528, pdf_ele=-0.613753, pdf_muon=6.27366, photon_id=5.94827, pileup=0.793444, scale_ele=2.64879, scale_muon=3.04483
RooProdPdf::model_s[ modelObs_s * nuisancePdf ]
     getLogVal() top-level p.d.f evaluates to zero @ !pdfs=(modelObs_s = 0/1,nuisancePdf = 1)

[#0] WARNING:Minization -- RooMinimizerFcn: Minimized function has error status.
Returning maximum FCN so far (973.038) to force MIGRAD to back out of this region. Error log follows
Parameter values: JER_ele=2.84504, JER_muon=0.27561, JES_ele=6.12564, JES_muon=-6.77002, QCD_stat_ele=6.75908, QCD_stat_muon=1.46482, VBS_stat_ele=6.57605, VBS_stat_muon=-1.21543, ele_efficiency=0.502028, ele_trigger=4.40146, fakephoton_ele=2.50796, fakephoton_muon=4.27193, interference=6.43158, lumi=4.05882, mu_efficiency=5.2485, mu_trigger=-5.87723, non_prompt_stat_ele=4.93832, non_prompt_stat_muon=-0.181839, others_stat_ele=2.73104, others_stat_muon=-6.46805, others_xs=1.37614, param=0.128487, pdf_ele=4.36171, pdf_muon=2.6141, photon_id=1.83077, pileup=2.39685, scale_ele=3.43991, scale_muon=5.39877
RooProdPdf::model_s[ modelObs_s * nuisancePdf ]
     getLogVal() top-level p.d.f evaluates to zero @ !pdfs=(modelObs_s = 0/1,nuisancePdf = 1)

[#0] WARNING:Minization -- RooMinimizerFcn: Minimized function has error status.
Returning maximum FCN so far (973.038) to force MIGRAD to back out of this region. Error log follows
Parameter values: JER_ele=3.2131, JER_muon=5.10961, JES_ele=4.21934, JES_muon=-4.58872, QCD_stat_ele=6.65788, QCD_stat_muon=-0.989409, VBS_stat_ele=4.82979, VBS_stat_muon=0.429527, ele_efficiency=1.38517, ele_trigger=3.86708, fakephoton_ele=4.91866, fakephoton_muon=0.166606, interference=6.08396, lumi=6.26185, mu_efficiency=6.2179, mu_trigger=-4.74213, non_prompt_stat_ele=5.47443, non_prompt_stat_muon=6.24982, others_stat_ele=4.91357, others_stat_muon=-6.36253, others_xs=2.66028, param=0.137335, pdf_ele=6.4801, pdf_muon=5.11899, photon_id=4.39895, pileup=1.2007, scale_ele=4.55087, scale_muon=-1.15418
RooProdPdf::model_s[ modelObs_s * nuisancePdf ]
     getLogVal() top-level p.d.f evaluates to zero @ !pdfs=(modelObs_s = 0/1,nuisancePdf = 1)

[#0] WARNING:Minization -- RooMinimizerFcn: Minimized function has error status.
Returning maximum FCN so far (973.038) to force MIGRAD to back out of this region. Error log follows
Parameter values: JER_ele=5.74535, JER_muon=4.79376, JES_ele=0.505396, JES_muon=6.97197, QCD_stat_ele=-0.573777, QCD_stat_muon=-2.15163, VBS_stat_ele=2.17605, VBS_stat_muon=-0.711312, ele_efficiency=4.31842, ele_trigger=4.76226, fakephoton_ele=5.43293, fakephoton_muon=1.04645, interference=-4.34877, lumi=3.4274, mu_efficiency=5.92319, mu_trigger=-6.93621, non_prompt_stat_ele=6.76415, non_prompt_stat_muon=-0.392092, others_stat_ele=6.24102, others_stat_muon=2.95779, others_xs=-5.3474, param=0.0143757, pdf_ele=0.459813, pdf_muon=-2.05008, photon_id=-4.96509, pileup=-1.56426, scale_ele=-2.833, scale_muon=6.95081
RooProdPdf::model_s[ modelObs_s * nuisancePdf ]
     getLogVal() top-level p.d.f evaluates to zero @ !pdfs=(modelObs_s = 0/1,nuisancePdf = 1)

[#0] WARNING:Minization -- RooMinimizerFcn: Minimized function has error status.
Returning maximum FCN so far (482.707) to force MIGRAD to back out of this region. Error log follows
Parameter values: JER_ele=-3.17504, JER_muon=-2.46237, JES_ele=2.22382, JES_muon=3.38497, QCD_stat_ele=6.84549, QCD_stat_muon=-6.6579, VBS_stat_ele=-0.636403, VBS_stat_muon=5.07533, ele_efficiency=5.41056, ele_trigger=-1.2233, fakephoton_ele=5.95163, fakephoton_muon=6.58757, interference=1.1672, lumi=6.73913, mu_efficiency=6.68976, mu_trigger=-6.6913, non_prompt_stat_ele=6.25096, non_prompt_stat_muon=0.922076, others_stat_ele=-1.06406, others_stat_muon=-2.15581, others_xs=1.31588, param=4.67471, pdf_ele=1.86297, pdf_muon=-5.28889, photon_id=5.43353, pileup=1.01282, scale_ele=5.4637, scale_muon=6.97583
RooProdPdf::model_s[ modelObs_s * nuisancePdf ]
     getLogVal() top-level p.d.f evaluates to zero @ !pdfs=(modelObs_s = 0/1,nuisancePdf = 1)

[#0] WARNING:Minization -- RooMinimizerFcn: Minimized function has error status.
Returning maximum FCN so far (858.232) to force MIGRAD to back out of this region. Error log follows
Parameter values: JER_ele=3.32772, JER_muon=0.238551, JES_ele=6.25634, JES_muon=-4.69212, QCD_stat_ele=-4.80972, QCD_stat_muon=4.3268, VBS_stat_ele=-4.53346, VBS_stat_muon=-6.78872, ele_efficiency=0.935971, ele_trigger=4.60122, fakephoton_ele=6.21105, fakephoton_muon=5.87581, interference=4.29392, lumi=6.38826, mu_efficiency=6.09856, mu_trigger=-5.12359, non_prompt_stat_ele=2.88063, non_prompt_stat_muon=5.2742, others_stat_ele=5.29611, others_stat_muon=6.75163, others_xs=6.98679, param=2.32328, pdf_ele=6.59384, pdf_muon=6.91032, photon_id=5.71453, pileup=1.10086, scale_ele=-0.786633, scale_muon=-4.47414
RooProdPdf::model_s[ modelObs_s * nuisancePdf ]
     getLogVal() top-level p.d.f evaluates to zero @ !pdfs=(modelObs_s = 0/1,nuisancePdf = 1)

[#0] WARNING:Minization -- RooMinimizerFcn: Minimized function has error status.
Returning maximum FCN so far (879.992) to force MIGRAD to back out of this region. Error log follows
Parameter values: JER_ele=3.23578, JER_muon=2.26342, JES_ele=6.12497, JES_muon=-5.72594, QCD_stat_ele=4.9997, QCD_stat_muon=4.10653, VBS_stat_ele=-6.87262, VBS_stat_muon=-6.95787, ele_efficiency=1.99082, ele_trigger=4.5825, fakephoton_ele=6.32961, fakephoton_muon=6.07201, interference=4.76851, lumi=6.72808, mu_efficiency=5.93812, mu_trigger=-4.67335, non_prompt_stat_ele=3.64652, non_prompt_stat_muon=4.73383, others_stat_ele=5.62985, others_stat_muon=6.77592, others_xs=6.99713, param=7.0047, pdf_ele=6.79526, pdf_muon=6.82201, photon_id=4.2174, pileup=1.47222, scale_ele=-0.618609, scale_muon=-0.658051
RooProdPdf::model_s[ modelObs_s * nuisancePdf ]
     getLogVal() top-level p.d.f evaluates to zero @ !pdfs=(modelObs_s = 0/1,nuisancePdf = 1)

[#0] WARNING:Minization -- RooMinimizerFcn: Minimized function has error status.
Returning maximum FCN so far (879.992) to force MIGRAD to back out of this region. Error log follows
Parameter values: JER_ele=6.86488, JER_muon=-6.89238, JES_ele=-4.60829, JES_muon=0.948134, QCD_stat_ele=4.07944, QCD_stat_muon=5.75902, VBS_stat_ele=-2.68924, VBS_stat_muon=6.06224, ele_efficiency=-4.89664, ele_trigger=4.35539, fakephoton_ele=-4.7046, fakephoton_muon=6.99955, interference=6.97829, lumi=5.93664, mu_efficiency=6.94828, mu_trigger=3.48423, non_prompt_stat_ele=6.48387, non_prompt_stat_muon=6.72022, others_stat_ele=-4.10192, others_stat_muon=-6.64048, others_xs=5.16466, param=11.682, pdf_ele=-2.05123, pdf_muon=-0.760514, photon_id=6.40907, pileup=-6.49888, scale_ele=-4.18405, scale_muon=6.78976
RooProdPdf::model_s[ modelObs_s * nuisancePdf ]
     getLogVal() top-level p.d.f evaluates to zero @ !pdfs=(modelObs_s = 0/1,nuisancePdf = 1)

[#0] WARNING:Minization -- RooMinimizerFcn: Minimized function has error status.
Returning maximum FCN so far (941.784) to force MIGRAD to back out of this region. Error log follows
Parameter values: JER_ele=2.25385, JER_muon=3.54434, JES_ele=5.62182, JES_muon=-6.99727, QCD_stat_ele=-6.52658, QCD_stat_muon=4.99251, VBS_stat_ele=-6.37405, VBS_stat_muon=-5.96712, ele_efficiency=2.47706, ele_trigger=3.95304, fakephoton_ele=6.04785, fakephoton_muon=4.96938, interference=6.22774, lumi=6.98786, mu_efficiency=5.53761, mu_trigger=-3.26629, non_prompt_stat_ele=1.72454, non_prompt_stat_muon=6.68133, others_stat_ele=4.52261, others_stat_muon=6.21256, others_xs=5.92979, param=1.12921, pdf_ele=6.44278, pdf_muon=4.14159, photon_id=0.368344, pileup=1.3927, scale_ele=1.60886, scale_muon=6.89494
RooProdPdf::model_s[ modelObs_s * nuisancePdf ]
     getLogVal() top-level p.d.f evaluates to zero @ !pdfs=(modelObs_s = 0/1,nuisancePdf = 1)

[#0] WARNING:Minization -- RooMinimizerFcn: Minimized function has error status.
Returning maximum FCN so far (941.784) to force MIGRAD to back out of this region. Error log follows
Parameter values: JER_ele=2.0783, JER_muon=6.85226, JES_ele=4.02775, JES_muon=4.93922, QCD_stat_ele=6.16178, QCD_stat_muon=2.66731, VBS_stat_ele=1.14914, VBS_stat_muon=6.85909, ele_efficiency=-0.737395, ele_trigger=2.73011, fakephoton_ele=5.99169, fakephoton_muon=2.60469, interference=5.88721, lumi=5.49991, mu_efficiency=2.99277, mu_trigger=6.99998, non_prompt_stat_ele=6.92083, non_prompt_stat_muon=5.20758, others_stat_ele=3.01547, others_stat_muon=5.43133, others_xs=5.22504, param=6.01185, pdf_ele=3.77392, pdf_muon=-1.26719, photon_id=-0.256015, pileup=0.210638, scale_ele=6.8773, scale_muon=3.92633
RooProdPdf::model_s[ modelObs_s * nuisancePdf ]
     getLogVal() top-level p.d.f evaluates to zero @ !pdfs=(modelObs_s = 0/1,nuisancePdf = 1)

[#0] WARNING:Minization -- RooMinimizerFcn: Minimized function has error status.
Returning maximum FCN so far (941.784) to force MIGRAD to back out of this region. Error log follows
Parameter values: JER_ele=4.59407, JER_muon=4.57442, JES_ele=6.35098, JES_muon=-5.52838, QCD_stat_ele=6.45429, QCD_stat_muon=-5.98205, VBS_stat_ele=6.75107, VBS_stat_muon=0.853647, ele_efficiency=-2.44241, ele_trigger=5.03966, fakephoton_ele=6.99421, fakephoton_muon=4.23099, interference=6.8159, lumi=6.65348, mu_efficiency=4.78804, mu_trigger=3.97463, non_prompt_stat_ele=6.00235, non_prompt_stat_muon=6.89617, others_stat_ele=5.35557, others_stat_muon=6.10946, others_xs=6.59224, param=2.69208, pdf_ele=6.05842, pdf_muon=-4.56568, photon_id=-4.64101, pileup=0.0460512, scale_ele=0.0640586, scale_muon=-6.22926
RooProdPdf::model_s[ modelObs_s * nuisancePdf ]
     getLogVal() top-level p.d.f evaluates to zero @ !pdfs=(modelObs_s = 0/1,nuisancePdf = 1)

[#0] WARNING:Minization -- RooMinimizerFcn: Minimized function has error status.
Returning maximum FCN so far (941.784) to force MIGRAD to back out of this region. Error log follows
Parameter values: JER_ele=4.04081, JER_muon=3.32997, JES_ele=6.31829, JES_muon=-6.96291, QCD_stat_ele=-3.61131, QCD_stat_muon=3.92174, VBS_stat_ele=4.42818, VBS_stat_muon=-3.48196, ele_efficiency=-0.372019, ele_trigger=5.00757, fakephoton_ele=6.41919, fakephoton_muon=5.00067, interference=6.2809, lumi=6.6696, mu_efficiency=5.38805, mu_trigger=-0.579491, non_prompt_stat_ele=2.98194, non_prompt_stat_muon=6.83621, others_stat_ele=5.54931, others_stat_muon=6.38927, others_xs=6.91165, param=1.07751, pdf_ele=6.59415, pdf_muon=1.57641, photon_id=0.281632, pileup=0.863671, scale_ele=-1.12976, scale_muon=5.77335
RooProdPdf::model_s[ modelObs_s * nuisancePdf ]
     getLogVal() top-level p.d.f evaluates to zero @ !pdfs=(modelObs_s = 0/1,nuisancePdf = 1)

[#0] WARNING:Minization -- RooMinimizerFcn: Minimized function has error status.
Returning maximum FCN so far (961.121) to force MIGRAD to back out of this region. Error log follows
Parameter values: JER_ele=1.13519, JER_muon=5.13115, JES_ele=2.51831, JES_muon=6.8378, QCD_stat_ele=6.17235, QCD_stat_muon=-3.48417, VBS_stat_ele=0.575261, VBS_stat_muon=5.81795, ele_efficiency=-1.34267, ele_trigger=1.4353, fakephoton_ele=3.47256, fakephoton_muon=1.24138, interference=3.69657, lumi=3.28912, mu_efficiency=1.69941, mu_trigger=4.96045, non_prompt_stat_ele=4.69893, non_prompt_stat_muon=2.51266, others_stat_ele=1.37707, others_stat_muon=2.68521, others_xs=3.0826, param=6.30946, pdf_ele=1.50789, pdf_muon=6.60964, photon_id=6.89579, pileup=-0.226035, scale_ele=5.81252, scale_muon=-4.60437
RooProdPdf::model_s[ modelObs_s * nuisancePdf ]
     getLogVal() top-level p.d.f evaluates to zero @ !pdfs=(modelObs_s = 0/1,nuisancePdf = 1)

[#0] WARNING:Minization -- RooMinimizerFcn: Minimized function has error status.
Returning maximum FCN so far (961.121) to force MIGRAD to back out of this region. Error log follows
Parameter values: JER_ele=-0.260053, JER_muon=-5.34729, JES_ele=2.46938, JES_muon=-3.68763, QCD_stat_ele=-6.50581, QCD_stat_muon=3.64593, VBS_stat_ele=4.30634, VBS_stat_muon=1.10076, ele_efficiency=-0.0760025, ele_trigger=5.4323, fakephoton_ele=5.95032, fakephoton_muon=5.12052, interference=-5.20633, lumi=1.07806, mu_efficiency=3.55284, mu_trigger=-4.10912, non_prompt_stat_ele=6.82537, non_prompt_stat_muon=-6.24557, others_stat_ele=2.8092, others_stat_muon=6.14257, others_xs=-6.62649, param=0.00237539, pdf_ele=6.01084, pdf_muon=-3.40432, photon_id=-3.59575, pileup=6.95917, scale_ele=-4.74516, scale_muon=6.82027
RooProdPdf::model_s[ modelObs_s * nuisancePdf ]
     getLogVal() top-level p.d.f evaluates to zero @ !pdfs=(modelObs_s = 0/1,nuisancePdf = 1)

[#0] WARNING:Minization -- RooMinimizerFcn: Minimized function has error status.
Returning maximum FCN so far (537.086) to force MIGRAD to back out of this region. Error log follows
Parameter values: JER_ele=1.89282, JER_muon=4.1176, JES_ele=1.59624, JES_muon=5.01373, QCD_stat_ele=-0.300995, QCD_stat_muon=6.10421, VBS_stat_ele=5.72043, VBS_stat_muon=6.02069, ele_efficiency=0.0704107, ele_trigger=-0.0282799, fakephoton_ele=2.66995, fakephoton_muon=4.60614, interference=1.14097, lumi=2.65278, mu_efficiency=-3.00844, mu_trigger=5.55386, non_prompt_stat_ele=4.4381, non_prompt_stat_muon=4.8226, others_stat_ele=3.2872, others_stat_muon=5.72532, others_xs=2.11241, param=7.74832, pdf_ele=-1.61872, pdf_muon=4.7944, photon_id=6.56159, pileup=4.10431, scale_ele=5.61231, scale_muon=-5.08629
RooProdPdf::model_s[ modelObs_s * nuisancePdf ]
     getLogVal() top-level p.d.f evaluates to zero @ !pdfs=(modelObs_s = 0/1,nuisancePdf = 1)

[#0] WARNING:Minization -- RooMinimizerFcn: Minimized function has error status.
Returning maximum FCN so far (1047.78) to force MIGRAD to back out of this region. Error log follows
Parameter values: JER_ele=1.82605, JER_muon=4.05567, JES_ele=3.2646, JES_muon=6.48055, QCD_stat_ele=6.74621, QCD_stat_muon=2.66724, VBS_stat_ele=3.91142, VBS_stat_muon=5.6104, ele_efficiency=0.745119, ele_trigger=2.94109, fakephoton_ele=6.54513, fakephoton_muon=2.22493, interference=4.17028, lumi=4.46017, mu_efficiency=3.09817, mu_trigger=5.19632, non_prompt_stat_ele=6.98939, non_prompt_stat_muon=6.11955, others_stat_ele=2.86597, others_stat_muon=5.38168, others_xs=4.86148, param=2.91944, pdf_ele=5.17182, pdf_muon=6.96194, photon_id=6.99886, pileup=-1.14168, scale_ele=6.87796, scale_muon=2.02535
RooProdPdf::model_s[ modelObs_s * nuisancePdf ]
     getLogVal() top-level p.d.f evaluates to zero @ !pdfs=(modelObs_s = 0/1,nuisancePdf = 1)

[#0] WARNING:Minization -- RooMinimizerFcn: Minimized function has error status.
Returning maximum FCN so far (1047.78) to force MIGRAD to back out of this region. Error log follows
Parameter values: JER_ele=-6.34296, JER_muon=-5.75646, JES_ele=-6.74041, JES_muon=4.10472, QCD_stat_ele=5.18064, QCD_stat_muon=5.54374, VBS_stat_ele=-6.9419, VBS_stat_muon=-2.26581, ele_efficiency=-2.42261, ele_trigger=-6.88565, fakephoton_ele=6.90957, fakephoton_muon=-6.98659, interference=-6.9992, lumi=-6.12332, mu_efficiency=-3.27513, mu_trigger=-1.13755, non_prompt_stat_ele=2.60122, non_prompt_stat_muon=3.79793, others_stat_ele=-6.42956, others_stat_muon=1.61335, others_xs=-3.87925, param=1.02909, pdf_ele=-4.98067, pdf_muon=6.91906, photon_id=0.306013, pileup=-2.68596, scale_ele=4.54729, scale_muon=6.18926
RooProdPdf::model_s[ modelObs_s * nuisancePdf ]
     getLogVal() top-level p.d.f evaluates to zero @ !pdfs=(modelObs_s = 0/1,nuisancePdf = 1)

[#0] WARNING:Minization -- RooMinimizerFcn: Minimized function has error status.
Returning maximum FCN so far (1047.78) to force MIGRAD to back out of this region. Error log follows
Parameter values: JER_ele=6.89268, JER_muon=-0.793305, JES_ele=1.27593, JES_muon=-4.31869, QCD_stat_ele=1.66998, QCD_stat_muon=1.0827, VBS_stat_ele=3.09649, VBS_stat_muon=-6.74108, ele_efficiency=3.93751, ele_trigger=4.81685, fakephoton_ele=2.96797, fakephoton_muon=6.12486, interference=3.11537, lumi=-1.30467, mu_efficiency=6.68048, mu_trigger=-6.35243, non_prompt_stat_ele=5.43437, non_prompt_stat_muon=-5.34821, others_stat_ele=1.46814, others_stat_muon=-6.52187, others_xs=-5.69498, param=4.09145, pdf_ele=-6.22482, pdf_muon=6.75521, photon_id=3.10002, pileup=0.655943, scale_ele=4.48247, scale_muon=6.70266
RooProdPdf::model_s[ modelObs_s * nuisancePdf ]
     getLogVal() top-level p.d.f evaluates to zero @ !pdfs=(modelObs_s = 0/1,nuisancePdf = 1)

[#0] WARNING:Minization -- RooMinimizerFcn: Minimized function has error status.
Returning maximum FCN so far (1047.78) to force MIGRAD to back out of this region. Error log follows
Parameter values: JER_ele=0.586471, JER_muon=1.65111, JES_ele=1.53161, JES_muon=3.49121, QCD_stat_ele=4.61715, QCD_stat_muon=6.79164, VBS_stat_ele=0.662842, VBS_stat_muon=1.6269, ele_efficiency=0.376367, ele_trigger=1.56886, fakephoton_ele=3.36396, fakephoton_muon=0.42881, interference=2.04392, lumi=2.04558, mu_efficiency=2.29575, mu_trigger=2.12593, non_prompt_stat_ele=3.90222, non_prompt_stat_muon=3.13862, others_stat_ele=0.98238, others_stat_muon=2.73254, others_xs=2.69179, param=8.06801, pdf_ele=3.14054, pdf_muon=4.86763, photon_id=3.46466, pileup=-1.39765, scale_ele=3.96014, scale_muon=5.89568
RooProdPdf::model_s[ modelObs_s * nuisancePdf ]
     getLogVal() top-level p.d.f evaluates to zero @ !pdfs=(modelObs_s = 0/1,nuisancePdf = 1)

[#0] WARNING:Minization -- RooMinimizerFcn: Minimized function has error status.
Returning maximum FCN so far (1047.78) to force MIGRAD to back out of this region. Error log follows
Parameter values: JER_ele=2.73421, JER_muon=5.09447, JES_ele=4.76736, JES_muon=6.98686, QCD_stat_ele=4.97353, QCD_stat_muon=-5.61273, VBS_stat_ele=3.83288, VBS_stat_muon=5.98742, ele_efficiency=1.10689, ele_trigger=4.19684, fakephoton_ele=6.90805, fakephoton_muon=3.0519, interference=4.78852, lumi=5.3867, mu_efficiency=3.46008, mu_trigger=6.14974, non_prompt_stat_ele=5.79176, non_prompt_stat_muon=6.93018, others_stat_ele=4.38796, others_stat_muon=6.74392, others_xs=6.2662, param=5.87212, pdf_ele=6.51096, pdf_muon=6.09589, photon_id=5.87661, pileup=-1.02725, scale_ele=5.77289, scale_muon=-3.07713
RooProdPdf::model_s[ modelObs_s * nuisancePdf ]
     getLogVal() top-level p.d.f evaluates to zero @ !pdfs=(modelObs_s = 0/1,nuisancePdf = 1)

[#0] WARNING:Minization -- RooMinimizerFcn: Minimized function has error status.
Returning maximum FCN so far (1047.78) to force MIGRAD to back out of this region. Error log follows
Parameter values: JER_ele=2.11271, JER_muon=3.46731, JES_ele=4.1776, JES_muon=6.40712, QCD_stat_ele=6.38519, QCD_stat_muon=2.62559, VBS_stat_ele=1.22424, VBS_stat_muon=1.77935, ele_efficiency=0.924435, ele_trigger=3.58749, fakephoton_ele=4.55215, fakephoton_muon=1.92826, interference=3.35956, lumi=4.21908, mu_efficiency=3.16712, mu_trigger=4.76779, non_prompt_stat_ele=4.83081, non_prompt_stat_muon=5.93547, others_stat_ele=3.92596, others_stat_muon=6.34415, others_xs=5.83398, param=2.19036, pdf_ele=5.85394, pdf_muon=6.965, photon_id=6.94596, pileup=-1.33052, scale_ele=6.82015, scale_muon=4.3397
RooProdPdf::model_s[ modelObs_s * nuisancePdf ]
     getLogVal() top-level p.d.f evaluates to zero @ !pdfs=(modelObs_s = 0/1,nuisancePdf = 1)

[#0] WARNING:Minization -- RooMinimizerFcn: Minimized function has error status.
Returning maximum FCN so far (1047.78) to force MIGRAD to back out of this region. Error log follows
Parameter values: JER_ele=2.90731, JER_muon=5.49434, JES_ele=5.14965, JES_muon=6.94561, QCD_stat_ele=3.20415, QCD_stat_muon=-6.55074, VBS_stat_ele=3.0699, VBS_stat_muon=5.30207, ele_efficiency=1.19394, ele_trigger=4.46644, fakephoton_ele=4.98206, fakephoton_muon=3.41676, interference=4.80614, lumi=5.49208, mu_efficiency=3.78431, mu_trigger=6.54696, non_prompt_stat_ele=0.866805, non_prompt_stat_muon=6.99999, others_stat_ele=4.77429, others_stat_muon=6.90786, others_xs=6.46945, param=1.4904, pdf_ele=6.67324, pdf_muon=5.41707, photon_id=4.2246, pileup=-1.09214, scale_ele=4.02709, scale_muon=-6.67865
RooProdPdf::model_s[ modelObs_s * nuisancePdf ]
     getLogVal() top-level p.d.f evaluates to zero @ !pdfs=(modelObs_s = 0/1,nuisancePdf = 1)

[#0] WARNING:Minization -- RooMinimizerFcn: Minimized function has error status.
Returning maximum FCN so far (1047.78) to force MIGRAD to back out of this region. Error log follows
Parameter values: JER_ele=0.397685, JER_muon=2.39531, JES_ele=1.47976, JES_muon=4.37048, QCD_stat_ele=5.97136, QCD_stat_muon=-1.17463, VBS_stat_ele=-1.93823, VBS_stat_muon=-1.46246, ele_efficiency=0.34499, ele_trigger=1.43422, fakephoton_ele=6.73584, fakephoton_muon=0.766429, interference=1.51304, lumi=1.36182, mu_efficiency=3.01588, mu_trigger=2.99005, non_prompt_stat_ele=4.12076, non_prompt_stat_muon=3.92058, others_stat_ele=0.838899, others_stat_muon=2.53377, others_xs=2.1178, param=0.175803, pdf_ele=2.776, pdf_muon=5.50328, photon_id=5.52127, pileup=-1.80571, scale_ele=5.66135, scale_muon=4.63251
RooProdPdf::model_s[ modelObs_s * nuisancePdf ]
     getLogVal() top-level p.d.f evaluates to zero @ !pdfs=(modelObs_s = 0/1,nuisancePdf = 1)

[#0] WARNING:Minization -- RooMinimizerFcn: Minimized function has error status.
Returning maximum FCN so far (1047.78) to force MIGRAD to back out of this region. Error log follows
Parameter values: JER_ele=1.38079, JER_muon=3.34195, JES_ele=2.95061, JES_muon=5.75257, QCD_stat_ele=6.66544, QCD_stat_muon=3.14537, VBS_stat_ele=1.84686, VBS_stat_muon=3.71332, ele_efficiency=0.66661, ele_trigger=2.66843, fakephoton_ele=6.87077, fakephoton_muon=1.48878, interference=3.29548, lumi=3.61515, mu_efficiency=2.85276, mu_trigger=4.24015, non_prompt_stat_ele=6.88064, non_prompt_stat_muon=5.23316, others_stat_ele=2.48721, others_stat_muon=4.99484, others_xs=4.52126, param=0.205998, pdf_ele=4.75957, pdf_muon=6.81594, photon_id=6.6214, pileup=-1.2664, scale_ele=6.66426, scale_muon=5.63743
RooProdPdf::model_s[ modelObs_s * nuisancePdf ]
     getLogVal() top-level p.d.f evaluates to zero @ !pdfs=(modelObs_s = 0/1,nuisancePdf = 1)

[#0] WARNING:Minization -- RooMinimizerFcn: Minimized function has error status.
Returning maximum FCN so far (1047.78) to force MIGRAD to back out of this region. Error log follows
Parameter values: JER_ele=1.89507, JER_muon=3.07953, JES_ele=3.46355, JES_muon=5.64239, QCD_stat_ele=6.80372, QCD_stat_muon=5.03191, VBS_stat_ele=2.4386, VBS_stat_muon=3.46262, ele_efficiency=0.790668, ele_trigger=3.11791, fakephoton_ele=4.6805, fakephoton_muon=1.65995, interference=3.25746, lumi=3.6873, mu_efficiency=2.76508, mu_trigger=4.06764, non_prompt_stat_ele=5.18934, non_prompt_stat_muon=5.51304, others_stat_ele=2.87515, others_stat_muon=4.78322, others_xs=4.54989, param=0.260726, pdf_ele=5.39231, pdf_muon=6.73448, photon_id=6.71001, pileup=-1.21203, scale_ele=6.96564, scale_muon=6.07742
RooProdPdf::model_s[ modelObs_s * nuisancePdf ]
     getLogVal() top-level p.d.f evaluates to zero @ !pdfs=(modelObs_s = 0/1,nuisancePdf = 1)

[#0] WARNING:Minization -- RooMinimizerFcn: Minimized function has error status.
Returning maximum FCN so far (1047.78) to force MIGRAD to back out of this region. Error log follows
Parameter values: JER_ele=2.38135, JER_muon=4.12407, JES_ele=4.27182, JES_muon=6.58407, QCD_stat_ele=5.83988, QCD_stat_muon=-0.948316, VBS_stat_ele=3.0824, VBS_stat_muon=4.62677, ele_efficiency=0.976966, ele_trigger=3.7667, fakephoton_ele=6.82938, fakephoton_muon=2.29097, interference=3.99955, lumi=4.58316, mu_efficiency=3.13085, mu_trigger=5.23082, non_prompt_stat_ele=6.9731, non_prompt_stat_muon=6.3602, others_stat_ele=3.78073, others_stat_muon=5.96079, others_xs=5.53544, param=0.204174, pdf_ele=6.11017, pdf_muon=6.96566, photon_id=6.88864, pileup=-1.13544, scale_ele=6.61812, scale_muon=1.8024
RooProdPdf::model_s[ modelObs_s * nuisancePdf ]
     getLogVal() top-level p.d.f evaluates to zero @ !pdfs=(modelObs_s = 0/1,nuisancePdf = 1)

[#0] WARNING:Minization -- RooMinimizerFcn: Minimized function has error status.
Returning maximum FCN so far (1047.78) to force MIGRAD to back out of this region. Error log follows
Parameter values: JER_ele=1.57153, JER_muon=3.8827, JES_ele=3.33772, JES_muon=6.34418, QCD_stat_ele=6.82487, QCD_stat_muon=0.434156, VBS_stat_ele=2.16068, VBS_stat_muon=4.36751, ele_efficiency=0.744742, ele_trigger=2.95266, fakephoton_ele=6.95487, fakephoton_muon=1.98177, interference=3.70996, lumi=4.1217, mu_efficiency=2.99814, mu_trigger=4.92133, non_prompt_stat_ele=5.81383, non_prompt_stat_muon=5.95349, others_stat_ele=2.94927, others_stat_muon=5.694, others_xs=5.11, param=0.295815, pdf_ele=5.12285, pdf_muon=6.99925, photon_id=6.97075, pileup=-1.16356, scale_ele=6.94238, scale_muon=3.42271
RooProdPdf::model_s[ modelObs_s * nuisancePdf ]
     getLogVal() top-level p.d.f evaluates to zero @ !pdfs=(modelObs_s = 0/1,nuisancePdf = 1)

[#0] WARNING:Minization -- RooMinimizerFcn: Minimized function has error status.
Returning maximum FCN so far (1047.78) to force MIGRAD to back out of this region. Error log follows
Parameter values: JER_ele=2.17967, JER_muon=3.95164, JES_ele=4.00459, JES_muon=6.42284, QCD_stat_ele=6.47943, QCD_stat_muon=0.0641012, VBS_stat_ele=2.82583, VBS_stat_muon=4.40945, ele_efficiency=0.905899, ele_trigger=3.52, fakephoton_ele=6.83356, fakephoton_muon=2.14627, interference=3.80235, lumi=4.35878, mu_efficiency=2.96168, mu_trigger=5.02853, non_prompt_stat_ele=6.96186, non_prompt_stat_muon=6.13677, others_stat_ele=3.53197, others_stat_muon=5.77465, others_xs=5.31565, param=0.269957, pdf_ele=5.82951, pdf_muon=6.99936, photon_id=6.98082, pileup=-1.06366, scale_ele=6.86713, scale_muon=2.81214
RooProdPdf::model_s[ modelObs_s * nuisancePdf ]
     getLogVal() top-level p.d.f evaluates to zero @ !pdfs=(modelObs_s = 0/1,nuisancePdf = 1)

[#0] WARNING:Minization -- RooMinimizerFcn: Minimized function has error status.
Returning maximum FCN so far (1047.78) to force MIGRAD to back out of this region. Error log follows
Parameter values: JER_ele=2.30286, JER_muon=4.24712, JES_ele=4.22779, JES_muon=6.66308, QCD_stat_ele=6.20757, QCD_stat_muon=-1.78764, VBS_stat_ele=3.00269, VBS_stat_muon=4.7527, ele_efficiency=0.962237, ele_trigger=3.71661, fakephoton_ele=6.99327, fakephoton_muon=2.36038, interference=4.06545, lumi=4.63919, mu_efficiency=3.16139, mu_trigger=5.35857, non_prompt_stat_ele=6.60944, non_prompt_stat_muon=6.42777, others_stat_ele=3.76916, others_stat_muon=6.07829, others_xs=5.60785, param=0.27604, pdf_ele=6.04975, pdf_muon=6.92724, photon_id=6.84784, pileup=-1.1195, scale_ele=6.65738, scale_muon=1.14566
RooProdPdf::model_s[ modelObs_s * nuisancePdf ]
     getLogVal() top-level p.d.f evaluates to zero @ !pdfs=(modelObs_s = 0/1,nuisancePdf = 1)

[#0] WARNING:Minization -- RooMinimizerFcn: Minimized function has error status.
Returning maximum FCN so far (1047.78) to force MIGRAD to back out of this region. Error log follows
Parameter values: JER_ele=2.51005, JER_muon=4.55275, JES_ele=4.52305, JES_muon=6.84399, QCD_stat_ele=5.58478, QCD_stat_muon=-3.59474, VBS_stat_ele=3.26813, VBS_stat_muon=5.08931, ele_efficiency=1.03574, ele_trigger=3.96297, fakephoton_ele=6.97411, fakephoton_muon=2.61405, interference=4.30745, lumi=4.9278, mu_efficiency=3.27805, mu_trigger=5.68649, non_prompt_stat_ele=6.13582, non_prompt_stat_muon=6.66378, others_stat_ele=4.08617, others_stat_muon=6.36566, others_xs=5.89446, param=0.27732, pdf_ele=6.29049, pdf_muon=6.74025, photon_id=6.51677, pileup=-1.08528, scale_ele=6.22151, scale_muon=-0.715401
RooProdPdf::model_s[ modelObs_s * nuisancePdf ]
     getLogVal() top-level p.d.f evaluates to zero @ !pdfs=(modelObs_s = 0/1,nuisancePdf = 1)

[#0] WARNING:Minization -- RooMinimizerFcn: Minimized function has error status.
Returning maximum FCN so far (1047.78) to force MIGRAD to back out of this region. Error log follows
Parameter values: JER_ele=2.73302, JER_muon=4.86421, JES_ele=4.8282, JES_muon=6.96176, QCD_stat_ele=4.72877, QCD_stat_muon=-5.21285, VBS_stat_ele=3.55002, VBS_stat_muon=5.42392, ele_efficiency=1.11519, ele_trigger=4.22167, fakephoton_ele=6.82545, fakephoton_muon=2.88257, interference=4.55686, lumi=5.22004, mu_efficiency=3.39643, mu_trigger=6.00102, non_prompt_stat_ele=5.44965, non_prompt_stat_muon=6.84828, others_stat_ele=4.41587, others_stat_muon=6.61639, others_xs=6.1679, param=0.278658, pdf_ele=6.5129, pdf_muon=6.41727, photon_id=5.96204, pileup=-1.04361, scale_ele=5.56548, scale_muon=-2.64927
RooProdPdf::model_s[ modelObs_s * nuisancePdf ]
     getLogVal() top-level p.d.f evaluates to zero @ !pdfs=(modelObs_s = 0/1,nuisancePdf = 1)

[#0] WARNING:Minization -- RooMinimizerFcn: Minimized function has error status.
Returning maximum FCN so far (1047.78) to force MIGRAD to back out of this region. Error log follows
Parameter values: JER_ele=2.96952, JER_muon=5.1785, JES_ele=5.1382, JES_muon=6.99965, QCD_stat_ele=3.63314, QCD_stat_muon=-6.42445, VBS_stat_ele=3.84508, VBS_stat_muon=5.75093, ele_efficiency=1.20057, ele_trigger=4.49039, fakephoton_ele=6.52125, fakephoton_muon=3.16488, interference=4.81357, lumi=5.51239, mu_efficiency=3.52164, mu_trigger=6.29356, non_prompt_stat_ele=4.5234, non_prompt_stat_muon=6.966, others_stat_ele=4.75343, others_stat_muon=6.81687, others_xs=6.42056, param=0.280228, pdf_ele=6.70703, pdf_muon=5.93655, photon_id=5.15775, pileup=-0.998571, scale_ele=4.66855, scale_muon=-4.47972
RooProdPdf::model_s[ modelObs_s * nuisancePdf ]
     getLogVal() top-level p.d.f evaluates to zero @ !pdfs=(modelObs_s = 0/1,nuisancePdf = 1)

[#0] WARNING:Minization -- RooMinimizerFcn: Minimized function has error status.
Returning maximum FCN so far (1047.78) to force MIGRAD to back out of this region. Error log follows
Parameter values: JER_ele=3.2195, JER_muon=5.49166, JES_ele=5.44894, JES_muon=6.93816, QCD_stat_ele=2.29983, QCD_stat_muon=-6.9863, VBS_stat_ele=4.15201, VBS_stat_muon=6.0631, ele_efficiency=1.29226, ele_trigger=4.7675, fakephoton_ele=6.03438, fakephoton_muon=3.46064, interference=5.07599, lumi=5.80033, mu_efficiency=3.65428, mu_trigger=6.55356, non_prompt_stat_ele=3.34628, non_prompt_stat_muon=6.99869, others_stat_ele=5.09502, others_stat_muon=6.95102, others_xs=6.64284, param=0.282058, pdf_ele=6.86192, pdf_muon=5.27786, photon_id=4.08623, pileup=-0.95014, scale_ele=3.51845, scale_muon=-5.97573
RooProdPdf::model_s[ modelObs_s * nuisancePdf ]
     getLogVal() top-level p.d.f evaluates to zero @ !pdfs=(modelObs_s = 0/1,nuisancePdf = 1)

[#0] WARNING:Minization -- RooMinimizerFcn: Minimized function has error status.
Returning maximum FCN so far (1047.78) to force MIGRAD to back out of this region. Error log follows
Parameter values: JER_ele=2.65607, JER_muon=4.72116, JES_ele=4.74452, JES_muon=6.91908, QCD_stat_ele=5.11569, QCD_stat_muon=-4.43496, VBS_stat_ele=3.46305, VBS_stat_muon=5.28536, ele_efficiency=1.09267, ele_trigger=4.14997, fakephoton_ele=6.83863, fakephoton_muon=2.73636, interference=4.46159, lumi=5.11972, mu_efficiency=3.34837, mu_trigger=5.86004, non_prompt_stat_ele=5.48479, non_prompt_stat_muon=6.75923, others_stat_ele=4.33428, others_stat_muon=6.51839, others_xs=6.07892, param=0.247137, pdf_ele=6.45573, pdf_muon=6.57162, photon_id=6.23689, pileup=-1.06515, scale_ele=5.78267, scale_muon=-1.60983
RooProdPdf::model_s[ modelObs_s * nuisancePdf ]
     getLogVal() top-level p.d.f evaluates to zero @ !pdfs=(modelObs_s = 0/1,nuisancePdf = 1)

[#0] WARNING:Minization -- RooMinimizerFcn: Minimized function has error status.
Returning maximum FCN so far (1047.78) to force MIGRAD to back out of this region. Error log follows
Parameter values: JER_ele=2.24593, JER_muon=4.13568, JES_ele=4.14768, JES_muon=6.5844, QCD_stat_ele=6.3473, QCD_stat_muon=-1.11775, VBS_stat_ele=2.92765, VBS_stat_muon=4.62556, ele_efficiency=0.942922, ele_trigger=3.65101, fakephoton_ele=6.98196, fakephoton_muon=2.26775, interference=3.98249, lumi=4.54346, mu_efficiency=3.12825, mu_trigger=5.23556, non_prompt_stat_ele=6.68654, non_prompt_stat_muon=6.33047, others_stat_ele=3.68231, others_stat_muon=5.96372, others_xs=5.5092, param=0.243744, pdf_ele=5.98218, pdf_muon=6.96517, photon_id=6.91568, pileup=-1.13732, scale_ele=6.74359, scale_muon=1.78671
RooProdPdf::model_s[ modelObs_s * nuisancePdf ]
     getLogVal() top-level p.d.f evaluates to zero @ !pdfs=(modelObs_s = 0/1,nuisancePdf = 1)

[#0] WARNING:Minization -- RooMinimizerFcn: Minimized function has error status.
Returning maximum FCN so far (1047.78) to force MIGRAD to back out of this region. Error log follows
Parameter values: JER_ele=1.85806, JER_muon=3.58423, JES_ele=3.57108, JES_muon=6.09412, QCD_stat_ele=6.9424, QCD_stat_muon=2.14453, VBS_stat_ele=2.42372, VBS_stat_muon=3.99702, ele_efficiency=0.808377, ele_trigger=3.18176, fakephoton_ele=6.67616, fakephoton_muon=1.82982, interference=3.55124, lumi=4.00159, mu_efficiency=2.93839, mu_trigger=4.59672, non_prompt_stat_ele=6.99999, non_prompt_stat_muon=5.77022, others_stat_ele=3.07052, others_stat_muon=5.34295, others_xs=4.93259, param=0.18912, pdf_ele=5.4469, pdf_muon=6.95234, photon_id=6.93998, pileup=-1.20539, scale_ele=6.99791, scale_muon=4.54225
RooProdPdf::model_s[ modelObs_s * nuisancePdf ]
     getLogVal() top-level p.d.f evaluates to zero @ !pdfs=(modelObs_s = 0/1,nuisancePdf = 1)

[#0] WARNING:Minization -- RooMinimizerFcn: Minimized function has error status.
Returning maximum FCN so far (1047.78) to force MIGRAD to back out of this region. Error log follows
Parameter values: JER_ele=1.41802, JER_muon=2.92508, JES_ele=2.894, JES_muon=5.34561, QCD_stat_ele=6.84648, QCD_stat_muon=5.2132, VBS_stat_ele=1.84193, VBS_stat_muon=3.22937, ele_efficiency=0.660867, ele_trigger=2.64848, fakephoton_ele=5.92605, fakephoton_muon=1.31591, interference=3.05881, lumi=3.3581, mu_efficiency=2.75039, mu_trigger=3.78611, non_prompt_stat_ele=6.62986, non_prompt_stat_muon=4.96724, others_stat_ele=2.35252, others_stat_muon=4.49774, others_xs=4.20611, param=0.347828, pdf_ele=4.75964, pdf_muon=6.56004, photon_id=6.29143, pileup=-1.30802, scale_ele=6.57126, scale_muon=6.554
RooProdPdf::model_s[ modelObs_s * nuisancePdf ]
     getLogVal() top-level p.d.f evaluates to zero @ !pdfs=(modelObs_s = 0/1,nuisancePdf = 1)

[#0] WARNING:Minization -- RooMinimizerFcn: Minimized function has error status.
Returning maximum FCN so far (1047.78) to force MIGRAD to back out of this region. Error log follows
Parameter values: JER_ele=1.17167, JER_muon=2.53555, JES_ele=2.49199, JES_muon=4.82226, QCD_stat_ele=6.43387, QCD_stat_muon=6.37782, VBS_stat_ele=1.51736, VBS_stat_muon=2.76477, ele_efficiency=0.574133, ele_trigger=2.32413, fakephoton_ele=5.30678, fakephoton_muon=1.04021, interference=2.74617, lumi=2.96216, mu_efficiency=2.59588, mu_trigger=3.29262, non_prompt_stat_ele=6.08354, non_prompt_stat_muon=4.42772, others_stat_ele=1.94202, others_stat_muon=3.96002, others_xs=3.74387, param=0.169496, pdf_ele=4.29505, pdf_muon=6.14775, photon_id=5.64005, pileup=-1.32237, scale_ele=6.01102, scale_muon=6.98162
RooProdPdf::model_s[ modelObs_s * nuisancePdf ]
     getLogVal() top-level p.d.f evaluates to zero @ !pdfs=(modelObs_s = 0/1,nuisancePdf = 1)

[#0] WARNING:Minization -- RooMinimizerFcn: Minimized function has error status.
Returning maximum FCN so far (1047.78) to force MIGRAD to back out of this region. Error log follows
Parameter values: JER_ele=0.887839, JER_muon=2.08337, JES_ele=2.03284, JES_muon=4.17478, QCD_stat_ele=5.69885, QCD_stat_muon=6.97483, VBS_stat_ele=1.13662, VBS_stat_muon=2.22577, ele_efficiency=0.479999, ele_trigger=1.96849, fakephoton_ele=4.50183, fakephoton_muon=0.704758, interference=2.41015, lumi=2.51473, mu_efficiency=2.46459, mu_trigger=2.70303, non_prompt_stat_ele=5.24082, non_prompt_stat_muon=3.76899, others_stat_ele=1.46208, others_stat_muon=3.30392, others_xs=3.20792, param=0.316054, pdf_ele=3.76965, pdf_muon=5.5574, photon_id=4.67212, pileup=-1.38135, scale_ele=5.14163, scale_muon=6.77703
RooProdPdf::model_s[ modelObs_s * nuisancePdf ]
     getLogVal() top-level p.d.f evaluates to zero @ !pdfs=(modelObs_s = 0/1,nuisancePdf = 1)

[#0] WARNING:Minization -- RooMinimizerFcn: Minimized function has error status.
Returning maximum FCN so far (1047.78) to force MIGRAD to back out of this region. Error log follows
Parameter values: JER_ele=0.673104, JER_muon=1.72944, JES_ele=1.67462, JES_muon=3.62859, QCD_stat_ele=4.95134, QCD_stat_muon=6.8876, VBS_stat_ele=0.85146, VBS_stat_muon=1.80194, ele_efficiency=0.406786, ele_trigger=1.68711, fakephoton_ele=3.79388, fakephoton_muon=0.454706, interference=2.13749, lumi=2.15818, mu_efficiency=2.34331, mu_trigger=2.23562, non_prompt_stat_ele=4.42923, non_prompt_stat_muon=3.22276, others_stat_ele=1.09554, others_stat_muon=2.77324, others_xs=2.77325, param=0.312469, pdf_ele=3.33235, pdf_muon=4.99994, photon_id=3.80171, pileup=-1.40805, scale_ele=4.3249, scale_muon=6.13338
RooProdPdf::model_s[ modelObs_s * nuisancePdf ]
     getLogVal() top-level p.d.f evaluates to zero @ !pdfs=(modelObs_s = 0/1,nuisancePdf = 1)

[#0] WARNING:Minization -- RooMinimizerFcn: Minimized function has error status.
Returning maximum FCN so far (721.646) to force MIGRAD to back out of this region. Error log follows
Parameter values: JER_ele=-1.6301, JER_muon=6.54395, JES_ele=5.62511, JES_muon=2.25272, QCD_stat_ele=4.24286, QCD_stat_muon=0.316738, VBS_stat_ele=-0.923053, VBS_stat_muon=5.00195, ele_efficiency=3.03399, ele_trigger=4.72243, fakephoton_ele=5.86222, fakephoton_muon=1.31209, interference=6.98499, lumi=6.47981, mu_efficiency=1.87785, mu_trigger=2.30009, non_prompt_stat_ele=5.97108, non_prompt_stat_muon=6.57527, others_stat_ele=5.38581, others_stat_muon=6.97581, others_xs=1.13847, param=3.43055, pdf_ele=5.07898, pdf_muon=-4.42029, photon_id=0.567724, pileup=1.33628, scale_ele=3.63919, scale_muon=6.02455
RooProdPdf::model_s[ modelObs_s * nuisancePdf ]
     getLogVal() top-level p.d.f evaluates to zero @ !pdfs=(modelObs_s = 0/1,nuisancePdf = 1)

[#0] WARNING:Minization -- RooMinimizerFcn: Minimized function has error status.
Returning maximum FCN so far (721.646) to force MIGRAD to back out of this region. Error log follows
Parameter values: JER_ele=0.761229, JER_muon=6.70061, JES_ele=0.872394, JES_muon=5.52727, QCD_stat_ele=1.59124, QCD_stat_muon=-6.97591, VBS_stat_ele=1.62788, VBS_stat_muon=4.55859, ele_efficiency=0.00888404, ele_trigger=0.581679, fakephoton_ele=1.44133, fakephoton_muon=4.42128, interference=6.41226, lumi=5.58603, mu_efficiency=3.0802, mu_trigger=6.7498, non_prompt_stat_ele=1.95112, non_prompt_stat_muon=6.99657, others_stat_ele=2.23918, others_stat_muon=6.79577, others_xs=5.87049, param=3.82675, pdf_ele=0.896521, pdf_muon=-0.193739, photon_id=2.57119, pileup=0.620154, scale_ele=3.30349, scale_muon=2.28237
RooProdPdf::model_s[ modelObs_s * nuisancePdf ]
     getLogVal() top-level p.d.f evaluates to zero @ !pdfs=(modelObs_s = 0/1,nuisancePdf = 1)

[#0] WARNING:Minization -- RooMinimizerFcn: Minimized function has error status.
Returning maximum FCN so far (932.032) to force MIGRAD to back out of this region. Error log follows
Parameter values: JER_ele=0.292625, JER_muon=6.81784, JES_ele=2.07471, JES_muon=4.13693, QCD_stat_ele=2.12511, QCD_stat_muon=-3.66811, VBS_stat_ele=1.18095, VBS_stat_muon=4.21439, ele_efficiency=0.689995, ele_trigger=1.59154, fakephoton_ele=2.48853, fakephoton_muon=4.10386, interference=6.70858, lumi=6.50995, mu_efficiency=2.99275, mu_trigger=6.99334, non_prompt_stat_ele=2.75033, non_prompt_stat_muon=6.85413, others_stat_ele=2.77355, others_stat_muon=6.99709, others_xs=5.29458, param=3.3708, pdf_ele=2.01455, pdf_muon=-2.62372, photon_id=0.952112, pileup=0.812569, scale_ele=3.13778, scale_muon=6.27847
RooProdPdf::model_s[ modelObs_s * nuisancePdf ]
     getLogVal() top-level p.d.f evaluates to zero @ !pdfs=(modelObs_s = 0/1,nuisancePdf = 1)

[#0] WARNING:Minization -- RooMinimizerFcn: Minimized function has error status.
Returning maximum FCN so far (932.032) to force MIGRAD to back out of this region. Error log follows
Parameter values: JER_ele=-0.122363, JER_muon=6.74446, JES_ele=2.143, JES_muon=4.31839, QCD_stat_ele=1.71728, QCD_stat_muon=-5.68558, VBS_stat_ele=0.677955, VBS_stat_muon=4.29078, ele_efficiency=0.848488, ele_trigger=1.63344, fakephoton_ele=2.3409, fakephoton_muon=3.72863, interference=6.74054, lumi=6.60364, mu_efficiency=2.84134, mu_trigger=6.98203, non_prompt_stat_ele=2.65322, non_prompt_stat_muon=6.95635, others_stat_ele=2.9086, others_stat_muon=6.94755, others_xs=4.84904, param=3.47216, pdf_ele=1.78401, pdf_muon=-2.18528, photon_id=1.81304, pileup=0.839191, scale_ele=2.7461, scale_muon=4.3716
RooProdPdf::model_s[ modelObs_s * nuisancePdf ]
     getLogVal() top-level p.d.f evaluates to zero @ !pdfs=(modelObs_s = 0/1,nuisancePdf = 1)

[#0] WARNING:Minization -- RooMinimizerFcn: Minimized function has error status.
Returning maximum FCN so far (932.032) to force MIGRAD to back out of this region. Error log follows
Parameter values: JER_ele=0.152516, JER_muon=6.90661, JES_ele=2.22413, JES_muon=3.27897, QCD_stat_ele=2.17497, QCD_stat_muon=-2.61503, VBS_stat_ele=1.06284, VBS_stat_muon=3.449, ele_efficiency=0.794494, ele_trigger=1.70634, fakephoton_ele=2.60996, fakephoton_muon=4.19031, interference=6.85346, lumi=6.713, mu_efficiency=3.11098, mu_trigger=6.96529, non_prompt_stat_ele=2.93881, non_prompt_stat_muon=6.7346, others_stat_ele=3.00245, others_stat_muon=6.9967, others_xs=5.38224, param=3.72173, pdf_ele=2.05514, pdf_muon=-3.78166, photon_id=-0.000304742, pileup=0.873821, scale_ele=3.22918, scale_muon=6.85578
RooProdPdf::model_s[ modelObs_s * nuisancePdf ]
     getLogVal() top-level p.d.f evaluates to zero @ !pdfs=(modelObs_s = 0/1,nuisancePdf = 1)

[#0] WARNING:Minization -- RooMinimizerFcn: Minimized function has error status.
Returning maximum FCN so far (932.032) to force MIGRAD to back out of this region. Error log follows
Parameter values: JER_ele=0.0971772, JER_muon=6.96221, JES_ele=2.32347, JES_muon=2.5332, QCD_stat_ele=2.25068, QCD_stat_muon=-1.27165, VBS_stat_ele=1.02362, VBS_stat_muon=2.709, ele_efficiency=0.852033, ele_trigger=1.782, fakephoton_ele=2.73128, fakephoton_muon=4.30114, interference=6.93269, lumi=6.82509, mu_efficiency=3.22509, mu_trigger=6.90698, non_prompt_stat_ele=3.10668, non_prompt_stat_muon=6.59528, others_stat_ele=3.15628, others_stat_muon=6.97525, others_xs=5.49841, param=3.90496, pdf_ele=2.09999, pdf_muon=-4.66531, photon_id=-0.874436, pileup=0.918186, scale_ele=3.33945, scale_muon=6.99087
RooProdPdf::model_s[ modelObs_s * nuisancePdf ]
     getLogVal() top-level p.d.f evaluates to zero @ !pdfs=(modelObs_s = 0/1,nuisancePdf = 1)

[#0] WARNING:Minization -- RooMinimizerFcn: Minimized function has error status.
Returning maximum FCN so far (932.032) to force MIGRAD to back out of this region. Error log follows
Parameter values: JER_ele=0.0235781, JER_muon=6.92605, JES_ele=2.34235, JES_muon=2.92212, QCD_stat_ele=2.15249, QCD_stat_muon=-2.13879, VBS_stat_ele=0.919639, VBS_stat_muon=3.07771, ele_efficiency=0.882229, ele_trigger=1.79535, fakephoton_ele=2.67675, fakephoton_muon=4.14476, interference=6.90364, lumi=6.79923, mu_efficiency=3.12299, mu_trigger=6.96716, non_prompt_stat_ele=3.04013, non_prompt_stat_muon=6.69059, others_stat_ele=3.16468, others_stat_muon=6.99479, others_xs=5.33113, param=3.52644, pdf_ele=2.06906, pdf_muon=-4.2163, photon_id=-0.318802, pileup=0.906317, scale_ele=3.23257, scale_muon=6.96609
RooProdPdf::model_s[ modelObs_s * nuisancePdf ]
     getLogVal() top-level p.d.f evaluates to zero @ !pdfs=(modelObs_s = 0/1,nuisancePdf = 1)

[#0] WARNING:Minization -- RooMinimizerFcn: Minimized function has error status.
Returning maximum FCN so far (932.032) to force MIGRAD to back out of this region. Error log follows
Parameter values: JER_ele=0.185111, JER_muon=6.97021, JES_ele=2.29721, JES_muon=2.44488, QCD_stat_ele=2.34431, QCD_stat_muon=-0.852614, VBS_stat_ele=1.12496, VBS_stat_muon=2.75925, ele_efficiency=0.813174, ele_trigger=1.76363, fakephoton_ele=2.75696, fakephoton_muon=4.39286, interference=6.93039, lumi=6.81293, mu_efficiency=3.26883, mu_trigger=6.86872, non_prompt_stat_ele=3.12697, non_prompt_stat_muon=6.5494, others_stat_ele=3.12212, others_stat_muon=6.95937, others_xs=5.59858, param=3.73578, pdf_ele=2.13985, pdf_muon=-4.74711, photon_id=-1.07938, pileup=0.913736, scale_ele=3.42867, scale_muon=6.94527
RooProdPdf::model_s[ modelObs_s * nuisancePdf ]
     getLogVal() top-level p.d.f evaluates to zero @ !pdfs=(modelObs_s = 0/1,nuisancePdf = 1)

[#0] WARNING:Minization -- RooMinimizerFcn: Minimized function has error status.
Returning maximum FCN so far (932.032) to force MIGRAD to back out of this region. Error log follows
Parameter values: JER_ele=0.105742, JER_muon=6.95068, JES_ele=2.3188, JES_muon=2.68997, QCD_stat_ele=2.24196, QCD_stat_muon=-1.49945, VBS_stat_ele=1.04326, VBS_stat_muon=2.90136, ele_efficiency=0.848061, ele_trigger=1.77959, fakephoton_ele=2.71659, fakephoton_muon=4.26519, interference=6.91845, lumi=6.80635, mu_efficiency=3.19543, mu_trigger=6.92475, non_prompt_stat_ele=3.08364, non_prompt_stat_muon=6.62823, others_stat_ele=3.14109, others_stat_muon=6.98284, others_xs=5.46191, param=3.90195, pdf_ele=2.10456, pdf_muon=-4.48684, photon_id=-0.701986, pileup=0.910038, scale_ele=3.3259, scale_muon=6.99956
RooProdPdf::model_s[ modelObs_s * nuisancePdf ]
     getLogVal() top-level p.d.f evaluates to zero @ !pdfs=(modelObs_s = 0/1,nuisancePdf = 1)

[#0] WARNING:Minization -- RooMinimizerFcn: Minimized function has error status.
Returning maximum FCN so far (932.032) to force MIGRAD to back out of this region. Error log follows
Parameter values: JER_ele=-0.0805903, JER_muon=6.96546, JES_ele=2.37686, JES_muon=2.28748, QCD_stat_ele=2.03057, QCD_stat_muon=-0.940103, VBS_stat_ele=0.82188, VBS_stat_muon=2.37038, ele_efficiency=0.930614, ele_trigger=1.82028, fakephoton_ele=2.6328, fakephoton_muon=4.21338, interference=6.95846, lumi=6.87862, mu_efficiency=3.20399, mu_trigger=6.93093, non_prompt_stat_ele=2.99766, non_prompt_stat_muon=6.56064, others_stat_ele=3.21183, others_stat_muon=6.97608, others_xs=5.38049, param=3.63975, pdf_ele=2.02341, pdf_muon=-4.93521, photon_id=-0.957437, pileup=0.942131, scale_ele=3.12297, scale_muon=6.91468
RooProdPdf::model_s[ modelObs_s * nuisancePdf ]
     getLogVal() top-level p.d.f evaluates to zero @ !pdfs=(modelObs_s = 0/1,nuisancePdf = 1)

[#0] WARNING:Minization -- RooMinimizerFcn: Minimized function has error status.
Returning maximum FCN so far (932.032) to force MIGRAD to back out of this region. Error log follows
Parameter values: JER_ele=0.20451, JER_muon=6.93998, JES_ele=2.22716, JES_muon=2.91173, QCD_stat_ele=2.28524, QCD_stat_muon=-1.80889, VBS_stat_ele=1.12429, VBS_stat_muon=3.34855, ele_efficiency=0.778291, ele_trigger=1.70908, fakephoton_ele=2.66428, fakephoton_muon=4.31634, interference=6.88096, lumi=6.74043, mu_efficiency=3.19828, mu_trigger=6.91734, non_prompt_stat_ele=3.00795, non_prompt_stat_muon=6.6598, others_stat_ele=3.0233, others_stat_muon=6.98375, others_xs=5.51306, param=3.88003, pdf_ele=2.09445, pdf_muon=-4.18292, photon_id=-0.508368, pileup=0.886867, scale_ele=3.34912, scale_muon=6.98441
RooProdPdf::model_s[ modelObs_s * nuisancePdf ]
     getLogVal() top-level p.d.f evaluates to zero @ !pdfs=(modelObs_s = 0/1,nuisancePdf = 1)

[#0] WARNING:Minization -- RooMinimizerFcn: Minimized function has error status.
Returning maximum FCN so far (932.032) to force MIGRAD to back out of this region. Error log follows
Parameter values: JER_ele=0.0967829, JER_muon=6.96591, JES_ele=2.3608, JES_muon=2.41077, QCD_stat_ele=2.28098, QCD_stat_muon=-0.985154, VBS_stat_ele=1.04464, VBS_stat_muon=2.64099, ele_efficiency=0.867867, ele_trigger=1.81202, fakephoton_ele=2.77307, fakephoton_muon=4.3093, interference=6.94146, lumi=6.84165, mu_efficiency=3.23558, mu_trigger=6.89908, non_prompt_stat_ele=3.15545, non_prompt_stat_muon=6.56515, others_stat_ele=3.19997, others_stat_muon=6.96969, others_xs=5.51481, param=4.02854, pdf_ele=2.13321, pdf_muon=-4.78781, photon_id=-1.03152, pileup=0.925236, scale_ele=3.37903, scale_muon=6.94079
RooProdPdf::model_s[ modelObs_s * nuisancePdf ]
     getLogVal() top-level p.d.f evaluates to zero @ !pdfs=(modelObs_s = 0/1,nuisancePdf = 1)

[#0] WARNING:Minization -- RooMinimizerFcn: Minimized function has error status.
Returning maximum FCN so far (932.032) to force MIGRAD to back out of this region. Error log follows
Parameter values: JER_ele=0.154071, JER_muon=6.95709, JES_ele=2.29719, JES_muon=2.61254, QCD_stat_ele=2.28844, QCD_stat_muon=-1.25194, VBS_stat_ele=1.10877, VBS_stat_muon=2.97055, ele_efficiency=0.824153, ele_trigger=1.76438, fakephoton_ele=2.71687, fakephoton_muon=4.32329, interference=6.91771, lumi=6.79964, mu_efficiency=3.22623, mu_trigger=6.90274, non_prompt_stat_ele=3.07916, non_prompt_stat_muon=6.60223, others_stat_ele=3.11408, others_stat_muon=6.97488, others_xs=5.52147, param=4.22043, pdf_ele=2.12248, pdf_muon=-4.5476, photon_id=-0.840577, pileup=0.908308, scale_ele=3.36942, scale_muon=6.98939
RooProdPdf::model_s[ modelObs_s * nuisancePdf ]
     getLogVal() top-level p.d.f evaluates to zero @ !pdfs=(modelObs_s = 0/1,nuisancePdf = 1)

[#0] WARNING:Minization -- RooMinimizerFcn: Minimized function has error status.
Returning maximum FCN so far (932.032) to force MIGRAD to back out of this region. Error log follows
Parameter values: JER_ele=-0.0146104, JER_muon=6.93554, JES_ele=2.36984, JES_muon=2.73021, QCD_stat_ele=2.13097, QCD_stat_muon=-1.88135, VBS_stat_ele=0.88306, VBS_stat_muon=2.97499, ele_efficiency=0.905216, ele_trigger=1.81506, fakephoton_ele=2.69308, fakephoton_muon=4.15036, interference=6.92111, lumi=6.82575, mu_efficiency=3.14113, mu_trigger=6.96013, non_prompt_stat_ele=3.06598, non_prompt_stat_muon=6.66289, others_stat_ele=3.20303, others_stat_muon=6.99224, others_xs=5.33595, param=4.16002, pdf_ele=2.0633, pdf_muon=-4.41336, photon_id=-0.499722, pileup=0.918427, scale_ele=3.22301, scale_muon=6.99767
RooProdPdf::model_s[ modelObs_s * nuisancePdf ]
     getLogVal() top-level p.d.f evaluates to zero @ !pdfs=(modelObs_s = 0/1,nuisancePdf = 1)

[#0] WARNING:Minization -- RooMinimizerFcn: Minimized function has error status.
Returning maximum FCN so far (932.032) to force MIGRAD to back out of this region. Error log follows
Parameter values: JER_ele=0.17962, JER_muon=6.96186, JES_ele=2.27505, JES_muon=2.53715, QCD_stat_ele=2.30519, QCD_stat_muon=-1.04699, VBS_stat_ele=1.11098, VBS_stat_muon=3.01959, ele_efficiency=0.80566, ele_trigger=1.74596, fakephoton_ele=2.71072, fakephoton_muon=4.36956, interference=6.91755, lumi=6.79444, mu_efficiency=3.25032, mu_trigger=6.88258, non_prompt_stat_ele=3.06856, non_prompt_stat_muon=6.57719, others_stat_ele=3.08856, others_stat_muon=6.96659, others_xs=5.56933, param=4.37533, pdf_ele=2.11786, pdf_muon=-4.60824, photon_id=-0.94207, pileup=0.907436, scale_ele=3.38365, scale_muon=6.96661
RooProdPdf::model_s[ modelObs_s * nuisancePdf ]
     getLogVal() top-level p.d.f evaluates to zero @ !pdfs=(modelObs_s = 0/1,nuisancePdf = 1)

[#0] WARNING:Minization -- RooMinimizerFcn: Minimized function has error status.
Returning maximum FCN so far (932.032) to force MIGRAD to back out of this region. Error log follows
Parameter values: JER_ele=0.0809159, JER_muon=6.94647, JES_ele=2.31628, JES_muon=2.68389, QCD_stat_ele=2.19992, QCD_stat_muon=-1.59467, VBS_stat_ele=1.01093, VBS_stat_muon=3.01022, ele_efficiency=0.854596, ele_trigger=1.77626, fakephoton_ele=2.69441, fakephoton_muon=4.24498, interference=6.91701, lumi=6.80598, mu_efficiency=3.18685, mu_trigger=6.93005, non_prompt_stat_ele=3.05872, non_prompt_stat_muon=6.63756, others_stat_ele=3.13673, others_stat_muon=6.98519, others_xs=5.43802, param=4.52316, pdf_ele=2.08315, pdf_muon=-4.46006, photon_id=-0.660817, pileup=0.910845, scale_ele=3.28597, scale_muon=6.99938
RooProdPdf::model_s[ modelObs_s * nuisancePdf ]
     getLogVal() top-level p.d.f evaluates to zero @ !pdfs=(modelObs_s = 0/1,nuisancePdf = 1)

[#0] WARNING:Minization -- RooMinimizerFcn: Minimized function has error status.
Returning maximum FCN so far (932.032) to force MIGRAD to back out of this region. Error log follows
Parameter values: JER_ele=0.106048, JER_muon=6.96795, JES_ele=2.32867, JES_muon=2.35163, QCD_stat_ele=2.25408, QCD_stat_muon=-0.787411, VBS_stat_ele=1.05394, VBS_stat_muon=2.76011, ele_efficiency=0.851832, ele_trigger=1.78734, fakephoton_ele=2.71846, fakephoton_muon=4.33975, interference=6.93934, lumi=6.83543, mu_efficiency=3.25219, mu_trigger=6.8868, non_prompt_stat_ele=3.0856, non_prompt_stat_muon=6.54735, others_stat_ele=3.15521, others_stat_muon=6.96402, others_xs=5.5343, param=4.64048, pdf_ele=2.11468, pdf_muon=-4.81819, photon_id=-1.09025, pileup=0.923819, scale_ele=3.34396, scale_muon=6.90411
RooProdPdf::model_s[ modelObs_s * nuisancePdf ]
     getLogVal() top-level p.d.f evaluates to zero @ !pdfs=(modelObs_s = 0/1,nuisancePdf = 1)

[#0] WARNING:Minization -- RooMinimizerFcn: Minimized function has error status.
Returning maximum FCN so far (932.032) to force MIGRAD to back out of this region. Error log follows
Parameter values: JER_ele=0.0230174, JER_muon=6.9195, JES_ele=2.33551, JES_muon=2.94488, QCD_stat_ele=2.14063, QCD_stat_muon=-2.32106, VBS_stat_ele=0.934016, VBS_stat_muon=3.2542, ele_efficiency=0.880284, ele_trigger=1.79009, fakephoton_ele=2.66637, fakephoton_muon=4.12872, interference=6.89821, lumi=6.79149, mu_efficiency=3.11652, mu_trigger=6.96886, non_prompt_stat_ele=3.02921, non_prompt_stat_muon=6.70949, others_stat_ele=3.15708, others_stat_muon=6.99662, others_xs=5.31608, param=4.09328, pdf_ele=2.06236, pdf_muon=-4.13952, photon_id=-0.269383, pileup=0.904402, scale_ele=3.22477, scale_muon=6.95492
RooProdPdf::model_s[ modelObs_s * nuisancePdf ]
     getLogVal() top-level p.d.f evaluates to zero @ !pdfs=(modelObs_s = 0/1,nuisancePdf = 1)

[#0] WARNING:Minization -- RooMinimizerFcn: Minimized function has error status.
Returning maximum FCN so far (932.032) to force MIGRAD to back out of this region. Error log follows
Parameter values: JER_ele=0.178995, JER_muon=6.96023, JES_ele=2.29438, JES_muon=2.53644, QCD_stat_ele=2.322, QCD_stat_muon=-1.15, VBS_stat_ele=1.13387, VBS_stat_muon=3.0298, ele_efficiency=0.814543, ele_trigger=1.76192, fakephoton_ele=2.73768, fakephoton_muon=4.35655, interference=6.91927, lumi=6.79931, mu_efficiency=3.24502, mu_trigger=6.88668, non_prompt_stat_ele=3.10258, non_prompt_stat_muon=6.58317, others_stat_ele=3.11292, others_stat_muon=6.96837, others_xs=5.56281, param=4.28277, pdf_ele=2.13534, pdf_muon=-4.5994, photon_id=-0.94355, pileup=0.908946, scale_ele=3.40714, scale_muon=6.96609
RooProdPdf::model_s[ modelObs_s * nuisancePdf ]
     getLogVal() top-level p.d.f evaluates to zero @ !pdfs=(modelObs_s = 0/1,nuisancePdf = 1)

[#0] WARNING:Minization -- RooMinimizerFcn: Minimized function has error status.
Returning maximum FCN so far (932.032) to force MIGRAD to back out of this region. Error log follows
Parameter values: JER_ele=0.10147, JER_muon=6.94144, JES_ele=2.31359, JES_muon=2.74946, QCD_stat_ele=2.22391, QCD_stat_muon=-1.74822, VBS_stat_ele=1.05031, VBS_stat_muon=3.13036, ele_efficiency=0.847715, ele_trigger=1.77559, fakephoton_ele=2.70103, fakephoton_muon=4.23792, interference=6.90964, lumi=6.7952, mu_efficiency=3.17959, mu_trigger=6.93351, non_prompt_stat_ele=3.06507, non_prompt_stat_muon=6.65461, others_stat_ele=3.13241, others_stat_muon=6.98746, others_xs=5.43537, param=4.43077, pdf_ele=2.09773, pdf_muon=-4.36875, photon_id=-0.603444, pileup=0.906543, scale_ele=3.31014, scale_muon=6.99957
RooProdPdf::model_s[ modelObs_s * nuisancePdf ]
     getLogVal() top-level p.d.f evaluates to zero @ !pdfs=(modelObs_s = 0/1,nuisancePdf = 1)

[#0] WARNING:Minization -- RooMinimizerFcn: Minimized function has error status.
Returning maximum FCN so far (932.032) to force MIGRAD to back out of this region. Error log follows
Parameter values: JER_ele=-0.0225657, JER_muon=6.92263, JES_ele=2.34551, JES_muon=2.82984, QCD_stat_ele=2.08887, QCD_stat_muon=-2.15184, VBS_stat_ele=0.862103, VBS_stat_muon=3.24192, ele_efficiency=0.897183, ele_trigger=1.79514, fakephoton_ele=2.64684, fakephoton_muon=4.12483, interference=6.90687, lumi=6.80704, mu_efficiency=3.12109, mu_trigger=6.96859, non_prompt_stat_ele=3.00854, non_prompt_stat_muon=6.6898, others_stat_ele=3.16804, others_stat_muon=6.99532, others_xs=5.30332, param=4.50547, pdf_ele=2.03694, pdf_muon=-4.25211, photon_id=-0.340719, pileup=0.911744, scale_ele=3.17511, scale_muon=6.98595
RooProdPdf::model_s[ modelObs_s * nuisancePdf ]
     getLogVal() top-level p.d.f evaluates to zero @ !pdfs=(modelObs_s = 0/1,nuisancePdf = 1)

[#0] WARNING:Minization -- RooMinimizerFcn: Minimized function has error status.
Returning maximum FCN so far (932.032) to force MIGRAD to back out of this region. Error log follows
Parameter values: JER_ele=0.152147, JER_muon=6.9421, JES_ele=2.2527, JES_muon=2.76518, QCD_stat_ele=2.23399, QCD_stat_muon=-1.67396, VBS_stat_ele=1.0636, VBS_stat_muon=3.34373, ele_efficiency=0.804916, ele_trigger=1.72688, fakephoton_ele=2.65883, fakephoton_muon=4.29687, interference=6.89524, lumi=6.76553, mu_efficiency=3.20103, mu_trigger=6.91698, non_prompt_stat_ele=3.00654, non_prompt_stat_muon=6.64506, others_stat_ele=3.05597, others_stat_muon=6.98252, others_xs=5.49251, param=4.70102, pdf_ele=2.07712, pdf_muon=-4.31202, photon_id=-0.608235, pileup=0.897023, scale_ele=3.30792, scale_muon=6.99999
RooProdPdf::model_s[ modelObs_s * nuisancePdf ]
     getLogVal() top-level p.d.f evaluates to zero @ !pdfs=(modelObs_s = 0/1,nuisancePdf = 1)

[#0] WARNING:Minization -- RooMinimizerFcn: Minimized function has error status.
Returning maximum FCN so far (932.032) to force MIGRAD to back out of this region. Error log follows
Parameter values: JER_ele=0.0718699, JER_muon=6.93807, JES_ele=2.30866, JES_muon=2.73316, QCD_stat_ele=2.17831, QCD_stat_muon=-1.77299, VBS_stat_ele=0.988105, VBS_stat_muon=3.21868, ele_efficiency=0.853519, ele_trigger=1.76915, fakephoton_ele=2.67387, fakephoton_muon=4.22508, interference=6.90804, lumi=6.79514, mu_efficiency=3.17299, mu_trigger=6.938, non_prompt_stat_ele=3.03351, non_prompt_stat_muon=6.65522, others_stat_ele=3.12524, others_stat_muon=6.98815, others_xs=5.4166, param=4.83981, pdf_ele=2.06953, pdf_muon=-4.36075, photon_id=-0.568202, pileup=0.907647, scale_ele=3.26357, scale_muon=6.99997
RooProdPdf::model_s[ modelObs_s * nuisancePdf ]
     getLogVal() top-level p.d.f evaluates to zero @ !pdfs=(modelObs_s = 0/1,nuisancePdf = 1)

[#0] WARNING:Minization -- RooMinimizerFcn: Minimized function has error status.
Returning maximum FCN so far (932.032) to force MIGRAD to back out of this region. Error log follows
Parameter values: JER_ele=0.0687943, JER_muon=6.94767, JES_ele=2.30317, JES_muon=2.60106, QCD_stat_ele=2.1652, QCD_stat_muon=-1.4647, VBS_stat_ele=0.989627, VBS_stat_muon=3.11761, ele_efficiency=0.852624, ele_trigger=1.76533, fakephoton_ele=2.65369, fakephoton_muon=4.25706, interference=6.91831, lumi=6.80774, mu_efficiency=3.19714, mu_trigger=6.92481, non_prompt_stat_ele=3.0084, non_prompt_stat_muon=6.62325, others_stat_ele=3.11773, others_stat_muon=6.98206, others_xs=5.44374, param=4.91337, pdf_ele=2.06437, pdf_muon=-4.50866, photon_id=-0.720253, pileup=0.912841, scale_ele=3.24876, scale_muon=6.98841
RooProdPdf::model_s[ modelObs_s * nuisancePdf ]
     getLogVal() top-level p.d.f evaluates to zero @ !pdfs=(modelObs_s = 0/1,nuisancePdf = 1)

[#0] WARNING:Minization -- RooMinimizerFcn: Minimized function has error status.
Returning maximum FCN so far (932.032) to force MIGRAD to back out of this region. Error log follows
Parameter values: JER_ele=-0.00531255, JER_muon=6.88033, JES_ele=2.29361, JES_muon=3.26918, QCD_stat_ele=2.04612, QCD_stat_muon=-3.13838, VBS_stat_ele=0.870854, VBS_stat_muon=3.70167, ele_efficiency=0.871191, ele_trigger=1.75505, fakephoton_ele=2.5862, fakephoton_muon=4.03622, interference=6.85972, lumi=6.74471, mu_efficiency=3.04989, mu_trigger=6.98945, non_prompt_stat_ele=2.93154, non_prompt_stat_muon=6.78355, others_stat_ele=3.09747, others_stat_muon=6.99994, others_xs=5.21163, param=4.4285, pdf_ele=2.00371, pdf_muon=-3.68064, photon_id=0.209674, pileup=0.887761, scale_ele=3.11904, scale_muon=6.7677
RooProdPdf::model_s[ modelObs_s * nuisancePdf ]
     getLogVal() top-level p.d.f evaluates to zero @ !pdfs=(modelObs_s = 0/1,nuisancePdf = 1)

[#0] WARNING:Minization -- RooMinimizerFcn: Minimized function has error status.
Returning maximum FCN so far (932.032) to force MIGRAD to back out of this region. Error log follows
Parameter values: JER_ele=0.10431, JER_muon=6.86999, JES_ele=2.18905, JES_muon=3.47993, QCD_stat_ele=2.07218, QCD_stat_muon=-3.46693, VBS_stat_ele=1.0017, VBS_stat_muon=3.96884, ele_efficiency=0.79542, ele_trigger=1.67643, fakephoton_ele=2.53689, fakephoton_muon=4.09672, interference=6.82043, lumi=6.67409, mu_efficiency=3.05912, mu_trigger=6.98342, non_prompt_stat_ele=2.85965, non_prompt_stat_muon=6.80778, others_stat_ele=2.96153, others_stat_muon=6.9999, others_xs=5.27756, param=4.59669, pdf_ele=1.98866, pdf_muon=-3.38427, photon_id=0.383101, pileup=0.864158, scale_ele=3.12694, scale_muon=6.61179
RooProdPdf::model_s[ modelObs_s * nuisancePdf ]
     getLogVal() top-level p.d.f evaluates to zero @ !pdfs=(modelObs_s = 0/1,nuisancePdf = 1)

[#0] WARNING:Minization -- RooMinimizerFcn: Minimized function has error status.
Returning maximum FCN so far (932.032) to force MIGRAD to back out of this region. Error log follows
Parameter values: JER_ele=0.0182761, JER_muon=6.80957, JES_ele=2.18443, JES_muon=3.87349, QCD_stat_ele=1.92882, QCD_stat_muon=-4.43854, VBS_stat_ele=0.899795, VBS_stat_muon=4.22956, ele_efficiency=0.82164, ele_trigger=1.67111, fakephoton_ele=2.4597, fakephoton_muon=3.92318, interference=6.77884, lumi=6.6372, mu_efficiency=2.95384, mu_trigger=6.99996, non_prompt_stat_ele=2.77201, non_prompt_stat_muon=6.88615, others_stat_ele=2.94697, others_stat_muon=6.98749, others_xs=5.08366, param=4.72449, pdf_ele=1.92386, pdf_muon=-2.8263, photon_id=1.00893, pileup=0.851402, scale_ele=2.97583, scale_muon=6.00296
RooProdPdf::model_s[ modelObs_s * nuisancePdf ]
     getLogVal() top-level p.d.f evaluates to zero @ !pdfs=(modelObs_s = 0/1,nuisancePdf = 1)

[#0] WARNING:Minization -- RooMinimizerFcn: Minimized function has error status.
Returning maximum FCN so far (932.032) to force MIGRAD to back out of this region. Error log follows
Parameter values: JER_ele=-0.133406, JER_muon=6.74386, JES_ele=2.18957, JES_muon=4.12127, QCD_stat_ele=1.71805, QCD_stat_muon=-5.08595, VBS_stat_ele=0.653653, VBS_stat_muon=4.50939, ele_efficiency=0.868029, ele_trigger=1.66758, fakephoton_ele=2.35288, fakephoton_muon=3.74629, interference=6.74514, lumi=6.62123, mu_efficiency=2.85341, mu_trigger=6.98579, non_prompt_stat_ele=2.65185, non_prompt_stat_muon=6.93025, others_stat_ele=2.94434, others_stat_muon=6.96149, others_xs=4.86476, param=5.06975, pdf_ele=1.81668, pdf_muon=-2.4089, photon_id=1.55123, pileup=0.847585, scale_ele=2.75381, scale_muon=5.43035
RooProdPdf::model_s[ modelObs_s * nuisancePdf ]
     getLogVal() top-level p.d.f evaluates to zero @ !pdfs=(modelObs_s = 0/1,nuisancePdf = 1)

[#0] WARNING:Minization -- RooMinimizerFcn: Minimized function has error status.
Returning maximum FCN so far (932.032) to force MIGRAD to back out of this region. Error log follows
Parameter values: JER_ele=0.00610015, JER_muon=6.71522, JES_ele=2.04927, JES_muon=4.42097, QCD_stat_ele=1.74949, QCD_stat_muon=-5.46234, VBS_stat_ele=0.795808, VBS_stat_muon=4.87068, ele_efficiency=0.768582, ele_trigger=1.56177, fakephoton_ele=2.26762, fakephoton_muon=3.81001, interference=6.66605, lumi=6.49831, mu_efficiency=2.85434, mu_trigger=6.99034, non_prompt_stat_ele=2.53111, non_prompt_stat_muon=6.95359, others_stat_ele=2.76362, others_stat_muon=6.95581, others_xs=4.93903, param=5.22377, pdf_ele=1.79114, pdf_muon=-1.89683, photon_id=1.84412, pileup=0.814198, scale_ele=2.75739, scale_muon=4.82727
RooProdPdf::model_s[ modelObs_s * nuisancePdf ]
     getLogVal() top-level p.d.f evaluates to zero @ !pdfs=(modelObs_s = 0/1,nuisancePdf = 1)

[#0] WARNING:Minization -- RooMinimizerFcn: Minimized function has error status.
Returning maximum FCN so far (932.032) to force MIGRAD to back out of this region. Error log follows
Parameter values: JER_ele=-0.0223455, JER_muon=6.82578, JES_ele=2.19076, JES_muon=3.68007, QCD_stat_ele=1.88766, QCD_stat_muon=-4.08654, VBS_stat_ele=0.801252, VBS_stat_muon=4.2039, ele_efficiency=0.833893, ele_trigger=1.67152, fakephoton_ele=2.44157, fakephoton_muon=3.95318, interference=6.79813, lumi=6.66318, mu_efficiency=2.97839, mu_trigger=6.99906, non_prompt_stat_ele=2.752, non_prompt_stat_muon=6.85771, others_stat_ele=2.9569, others_stat_muon=6.99354, others_xs=5.10758, param=5.40096, pdf_ele=1.89462, pdf_muon=-3.06768, photon_id=0.826029, pileup=0.861574, scale_ele=2.93647, scale_muon=6.32098
RooProdPdf::model_s[ modelObs_s * nuisancePdf ]
     getLogVal() top-level p.d.f evaluates to zero @ !pdfs=(modelObs_s = 0/1,nuisancePdf = 1)

[#0] WARNING:Minization -- RooMinimizerFcn: Minimized function has error status.
Returning maximum FCN so far (932.032) to force MIGRAD to back out of this region. Error log follows
Parameter values: JER_ele=-0.0269451, JER_muon=6.80647, JES_ele=2.22029, JES_muon=3.77778, QCD_stat_ele=1.92591, QCD_stat_muon=-4.39968, VBS_stat_ele=0.786568, VBS_stat_muon=4.3186, ele_efficiency=0.846461, ele_trigger=1.6946, fakephoton_ele=2.46475, fakephoton_muon=3.91173, interference=6.78586, lumi=6.65822, mu_efficiency=2.95043, mu_trigger=6.99995, non_prompt_stat_ele=2.78079, non_prompt_stat_muon=6.87401, others_stat_ele=2.9965, others_stat_muon=6.99067, others_xs=5.07692, param=4.64143, pdf_ele=1.92051, pdf_muon=-2.90395, photon_id=0.963888, pileup=0.85912, scale_ele=2.97813, scale_muon=6.16616
RooProdPdf::model_s[ modelObs_s * nuisancePdf ]
     getLogVal() top-level p.d.f evaluates to zero @ !pdfs=(modelObs_s = 0/1,nuisancePdf = 1)

[#0] WARNING:Minization -- RooMinimizerFcn: Minimized function has error status.
Returning maximum FCN so far (932.032) to force MIGRAD to back out of this region. Error log follows
Parameter values: JER_ele=-0.00518761, JER_muon=6.76256, JES_ele=2.15372, JES_muon=4.09431, QCD_stat_ele=1.86118, QCD_stat_muon=-5.02695, VBS_stat_ele=0.826273, VBS_stat_muon=4.57825, ele_efficiency=0.814527, ele_trigger=1.64406, fakephoton_ele=2.39608, fakephoton_muon=3.85679, interference=6.73529, lumi=6.5912, mu_efficiency=2.90151, mu_trigger=6.99717, non_prompt_stat_ele=2.69335, non_prompt_stat_muon=6.91849, others_stat_ele=2.90429, others_stat_muon=6.97671, others_xs=5.01315, param=4.8985, pdf_ele=1.87696, pdf_muon=-2.42063, photon_id=1.38456, pileup=0.838456, scale_ele=2.89922, scale_muon=5.59361
RooProdPdf::model_s[ modelObs_s * nuisancePdf ]
     getLogVal() top-level p.d.f evaluates to zero @ !pdfs=(modelObs_s = 0/1,nuisancePdf = 1)

[#0] WARNING:Minization -- RooMinimizerFcn: Minimized function has error status.
Returning maximum FCN so far (932.032) to force MIGRAD to back out of this region. Error log follows
Parameter values: JER_ele=-0.163598, JER_muon=6.72265, JES_ele=2.1828, JES_muon=4.16475, QCD_stat_ele=1.674, QCD_stat_muon=-5.16459, VBS_stat_ele=0.570463, VBS_stat_muon=4.71569, ele_efficiency=0.872197, ele_trigger=1.65852, fakephoton_ele=2.32719, fakephoton_muon=3.7113, interference=6.72711, lumi=6.60508, mu_efficiency=2.83337, mu_trigger=6.98008, non_prompt_stat_ele=2.62193, non_prompt_stat_muon=6.93961, others_stat_ele=2.93536, others_stat_muon=6.95308, others_xs=4.82047, param=5.22698, pdf_ele=1.78454, pdf_muon=-2.28318, photon_id=1.66572, pileup=0.845268, scale_ele=2.70759, scale_muon=5.3469
RooProdPdf::model_s[ modelObs_s * nuisancePdf ]
     getLogVal() top-level p.d.f evaluates to zero @ !pdfs=(modelObs_s = 0/1,nuisancePdf = 1)

[#0] WARNING:Minization -- RooMinimizerFcn: Minimized function has error status.
Returning maximum FCN so far (932.032) to force MIGRAD to back out of this region. Error log follows
Parameter values: JER_ele=-0.0337802, JER_muon=6.64025, JES_ele=2.00351, JES_muon=4.7076, QCD_stat_ele=1.63811, QCD_stat_muon=-5.99733, VBS_stat_ele=0.692949, VBS_stat_muon=5.25378, ele_efficiency=0.760621, ele_trigger=1.52231, fakephoton_ele=2.17417, fakephoton_muon=3.70696, interference=6.5946, lumi=6.42397, mu_efficiency=2.78088, mu_trigger=6.96793, non_prompt_stat_ele=2.41656, non_prompt_stat_muon=6.98078, others_stat_ele=2.69942, others_stat_muon=6.92244, others_xs=4.81588, param=5.33208, pdf_ele=1.71838, pdf_muon=-1.33041, photon_id=2.33867, pileup=0.796981, scale_ele=2.63027, scale_muon=4.00187
RooProdPdf::model_s[ modelObs_s * nuisancePdf ]
     getLogVal() top-level p.d.f evaluates to zero @ !pdfs=(modelObs_s = 0/1,nuisancePdf = 1)

[#0] WARNING:Minization -- RooMinimizerFcn: Minimized function has error status.
Returning maximum FCN so far (932.032) to force MIGRAD to back out of this region. Error log follows
Parameter values: JER_ele=-0.0780398, JER_muon=6.73478, JES_ele=2.12696, JES_muon=4.17214, QCD_stat_ele=1.72801, QCD_stat_muon=-5.13884, VBS_stat_ele=0.672847, VBS_stat_muon=4.77316, ele_efficiency=0.823653, ele_trigger=1.61734, fakephoton_ele=2.31531, fakephoton_muon=3.79321, interference=6.7135, lumi=6.57113, mu_efficiency=2.86647, mu_trigger=6.99137, non_prompt_stat_ele=2.59859, non_prompt_stat_muon=6.93399, others_stat_ele=2.86643, others_stat_muon=6.96422, others_xs=4.92106, param=5.48727, pdf_ele=1.79433, pdf_muon=-2.25743, photon_id=1.59978, pileup=0.835646, scale_ele=2.75551, scale_muon=5.40819
RooProdPdf::model_s[ modelObs_s * nuisancePdf ]
     getLogVal() top-level p.d.f evaluates to zero @ !pdfs=(modelObs_s = 0/1,nuisancePdf = 1)

[#0] WARNING:Minization -- RooMinimizerFcn: Minimized function has error status.
Returning maximum FCN so far (932.032) to force MIGRAD to back out of this region. Error log follows
Parameter values: JER_ele=-0.074754, JER_muon=6.63508, JES_ele=2.04067, JES_muon=4.69017, QCD_stat_ele=1.6192, QCD_stat_muon=-5.99924, VBS_stat_ele=0.66358, VBS_stat_muon=5.21595, ele_efficiency=0.788911, ele_trigger=1.55092, fakephoton_ele=2.19276, fakephoton_muon=3.66314, interference=6.60818, lumi=6.45042, mu_efficiency=2.76552, mu_trigger=6.95974, non_prompt_stat_ele=2.44438, non_prompt_stat_muon=6.98221, others_stat_ele=2.74532, others_stat_muon=6.91415, others_xs=4.76487, param=5.53099, pdf_ele=1.7236, pdf_muon=-1.36647, photon_id=2.34486, pileup=0.803259, scale_ele=2.61846, scale_muon=4.0093
RooProdPdf::model_s[ modelObs_s * nuisancePdf ]
     getLogVal() top-level p.d.f evaluates to zero @ !pdfs=(modelObs_s = 0/1,nuisancePdf = 1)

[#0] WARNING:Minization -- RooMinimizerFcn: Minimized function has error status.
Returning maximum FCN so far (932.032) to force MIGRAD to back out of this region. Error log follows
Parameter values: JER_ele=-0.199006, JER_muon=6.64592, JES_ele=2.14617, JES_muon=4.49989, QCD_stat_ele=1.57642, QCD_stat_muon=-5.85468, VBS_stat_ele=0.484303, VBS_stat_muon=5.04634, ele_efficiency=0.867494, ele_trigger=1.62734, fakephoton_ele=2.24336, fakephoton_muon=3.59585, interference=6.66466, lumi=6.54246, mu_efficiency=2.75211, mu_trigger=6.94637, non_prompt_stat_ele=2.51965, non_prompt_stat_muon=6.97384, others_stat_ele=2.88477, others_stat_muon=6.91716, others_xs=4.6918, param=5.19748, pdf_ele=1.72377, pdf_muon=-1.68828, photon_id=2.20564, pileup=0.827295, scale_ele=2.59596, scale_muon=4.47208
RooProdPdf::model_s[ modelObs_s * nuisancePdf ]
     getLogVal() top-level p.d.f evaluates to zero @ !pdfs=(modelObs_s = 0/1,nuisancePdf = 1)

[#0] WARNING:Minization -- RooMinimizerFcn: Minimized function has error status.
Returning maximum FCN so far (932.032) to force MIGRAD to back out of this region. Error log follows
Parameter values: JER_ele=-0.0196958, JER_muon=6.68381, JES_ele=2.03175, JES_muon=4.48087, QCD_stat_ele=1.70175, QCD_stat_muon=-5.6015, VBS_stat_ele=0.705119, VBS_stat_muon=5.16301, ele_efficiency=0.766196, ele_trigger=1.54361, fakephoton_ele=2.22897, fakephoton_muon=3.77843, interference=6.63336, lumi=6.46632, mu_efficiency=2.83133, mu_trigger=6.98476, non_prompt_stat_ele=2.48371, non_prompt_stat_muon=6.96229, others_stat_ele=2.74008, others_stat_muon=6.94709, others_xs=4.89887, param=5.35647, pdf_ele=1.75218, pdf_muon=-1.70188, photon_id=1.99734, pileup=0.809094, scale_ele=2.70524, scale_muon=4.70933
RooProdPdf::model_s[ modelObs_s * nuisancePdf ]
     getLogVal() top-level p.d.f evaluates to zero @ !pdfs=(modelObs_s = 0/1,nuisancePdf = 1)

[#0] WARNING:Minization -- RooMinimizerFcn: Minimized function has error status.
Returning maximum FCN so far (932.032) to force MIGRAD to back out of this region. Error log follows
Parameter values: JER_ele=-0.10135, JER_muon=6.68385, JES_ele=2.09835, JES_muon=4.40197, QCD_stat_ele=1.65912, QCD_stat_muon=-5.58371, VBS_stat_ele=0.614793, VBS_stat_muon=5.03076, ele_efficiency=0.818515, ele_trigger=1.59305, fakephoton_ele=2.25806, fakephoton_muon=3.71514, interference=6.66714, lumi=6.52237, mu_efficiency=2.8121, mu_trigger=6.97682, non_prompt_stat_ele=2.52866, non_prompt_stat_muon=6.96081, others_stat_ele=2.82644, others_stat_muon=6.94147, others_xs=4.83029, param=5.45288, pdf_ele=1.75027, pdf_muon=-1.84728, photon_id=1.96509, pileup=0.822955, scale_ele=2.67662, scale_muon=4.84294
RooProdPdf::model_s[ modelObs_s * nuisancePdf ]
     getLogVal() top-level p.d.f evaluates to zero @ !pdfs=(modelObs_s = 0/1,nuisancePdf = 1)

[#0] WARNING:Minization -- RooMinimizerFcn: Minimized function has error status.
Returning maximum FCN so far (35.654) to force MIGRAD to back out of this region. Error log follows
Parameter values: JER_ele=4.39454, JER_muon=1.96749, JES_ele=-2.26164, JES_muon=-3.67304, QCD_stat_ele=-4.22592, QCD_stat_muon=4.25635, VBS_stat_ele=1.9664, VBS_stat_muon=5.37787, ele_efficiency=-5.91078, ele_trigger=3.01031, fakephoton_ele=6.80685, fakephoton_muon=6.28703, interference=5.21901, lumi=-0.85122, mu_efficiency=-0.486853, mu_trigger=-3.18514, non_prompt_stat_ele=6.61229, non_prompt_stat_muon=-3.76502, others_stat_ele=-6.99793, others_stat_muon=-1.71001, others_xs=-6.75129, param=0.108617, pdf_ele=4.87365, pdf_muon=4.21222, photon_id=-0.375443, pileup=-1.51008, scale_ele=-6.85008, scale_muon=0.170453
RooProdPdf::model_s[ modelObs_s * nuisancePdf ]
     getLogVal() top-level p.d.f evaluates to zero @ !pdfs=(modelObs_s = 0/1,nuisancePdf = 1)

[#0] WARNING:Minization -- RooMinimizerFcn: Minimized function has error status.
Returning maximum FCN so far (35.654) to force MIGRAD to back out of this region. Error log follows
Parameter values: JER_ele=6.5268, JER_muon=6.88372, JES_ele=-6.92161, JES_muon=-2.18007, QCD_stat_ele=2.75406, QCD_stat_muon=-6.61631, VBS_stat_ele=6.96115, VBS_stat_muon=2.47469, ele_efficiency=-3.4011, ele_trigger=-1.53954, fakephoton_ele=5.3683, fakephoton_muon=5.94761, interference=6.35909, lumi=-0.516836, mu_efficiency=0.319674, mu_trigger=6.88914, non_prompt_stat_ele=3.66427, non_prompt_stat_muon=6.7881, others_stat_ele=5.1644, others_stat_muon=6.9761, others_xs=5.61661, param=6.77204, pdf_ele=-6.46898, pdf_muon=2.02128, photon_id=-0.46915, pileup=6.95482, scale_ele=5.79901, scale_muon=-0.0956095
RooProdPdf::model_s[ modelObs_s * nuisancePdf ]
     getLogVal() top-level p.d.f evaluates to zero @ !pdfs=(modelObs_s = 0/1,nuisancePdf = 1)


 -- Hybrid New -- 
CLs = 0.00438596 +/- 0.00309753
Done in 16.13 min (cpu), 16.36 min (real)
