000 (745038.000.000) 10/28 00:23:24 Job submitted from host: <202.38.140.107:9618?addrs=202.38.140.107-9618&noUDP&sock=4318_b44d>
...
001 (745038.000.000) 10/28 00:23:35 Job executing on host: <192.168.1.4:9618?addrs=192.168.1.4-9618&noUDP&sock=4448_d9c0_3>
...
006 (745038.000.000) 10/28 00:23:43 Image size of job updated: 590848
	522  -  MemoryUsage of job (MB)
	534168  -  ResidentSetSize of job (KB)
...
006 (745038.000.000) 10/28 00:28:43 Image size of job updated: 1450240
	1349  -  MemoryUsage of job (MB)
	1380652  -  ResidentSetSize of job (KB)
...
006 (745038.000.000) 10/28 00:33:44 Image size of job updated: 1451356
	1350  -  MemoryUsage of job (MB)
	1381768  -  ResidentSetSize of job (KB)
...
006 (745038.000.000) 10/28 00:38:45 Image size of job updated: 1452380
	1351  -  MemoryUsage of job (MB)
	1382792  -  ResidentSetSize of job (KB)
...
006 (745038.000.000) 10/28 00:43:45 Image size of job updated: 1452544
	1351  -  MemoryUsage of job (MB)
	1382956  -  ResidentSetSize of job (KB)
...
006 (745038.000.000) 10/28 00:48:46 Image size of job updated: 1452916
	1351  -  MemoryUsage of job (MB)
	1383328  -  ResidentSetSize of job (KB)
...
006 (745038.000.000) 10/28 00:53:47 Image size of job updated: 1454252
	1353  -  MemoryUsage of job (MB)
	1384664  -  ResidentSetSize of job (KB)
...
006 (745038.000.000) 10/28 00:58:47 Image size of job updated: 1455716
	1354  -  MemoryUsage of job (MB)
	1386128  -  ResidentSetSize of job (KB)
...
006 (745038.000.000) 10/28 01:03:48 Image size of job updated: 1457048
	1355  -  MemoryUsage of job (MB)
	1387460  -  ResidentSetSize of job (KB)
...
006 (745038.000.000) 10/28 01:08:49 Image size of job updated: 1458644
	1357  -  MemoryUsage of job (MB)
	1388792  -  ResidentSetSize of job (KB)
...
006 (745038.000.000) 10/28 01:12:14 Image size of job updated: 1559900
	1357  -  MemoryUsage of job (MB)
	1388792  -  ResidentSetSize of job (KB)
...
012 (745038.000.000) 10/28 01:12:14 Job was held.
	The job attribute OnExitHold expression '(ExitBySignal == true) || (ExitCode != 0)' evaluated to TRUE
	Code 3 Subcode 0
...
013 (745038.000.000) 10/28 01:22:48 Job was released.
	The job attribute PeriodicRelease expression '(NumJobStarts < 3) && ((CurrentTime - EnteredCurrentStatus) > 600)' evaluated to TRUE
...
001 (745038.000.000) 10/28 01:22:58 Job executing on host: <192.168.1.4:9618?addrs=192.168.1.4-9618&noUDP&sock=4448_d9c0_3>
...
006 (745038.000.000) 10/28 02:03:12 Image size of job updated: 1750000
	1551  -  MemoryUsage of job (MB)
	1587772  -  ResidentSetSize of job (KB)
...
006 (745038.000.000) 10/28 02:08:12 Image size of job updated: 1886968
	1842  -  MemoryUsage of job (MB)
	1885872  -  ResidentSetSize of job (KB)
...
006 (745038.000.000) 10/28 02:11:44 Image size of job updated: 1935596
	1842  -  MemoryUsage of job (MB)
	1885872  -  ResidentSetSize of job (KB)
...
012 (745038.000.000) 10/28 02:11:44 Job was held.
	The job attribute OnExitHold expression '(ExitBySignal == true) || (ExitCode != 0)' evaluated to TRUE
	Code 3 Subcode 0
...
013 (745038.000.000) 10/28 02:22:17 Job was released.
	The job attribute PeriodicRelease expression '(NumJobStarts < 3) && ((CurrentTime - EnteredCurrentStatus) > 600)' evaluated to TRUE
...
001 (745038.000.000) 10/28 02:22:18 Job executing on host: <192.168.1.4:9618?addrs=192.168.1.4-9618&noUDP&sock=4448_d9c0_3>
...
012 (745038.000.000) 10/28 03:10:26 Job was held.
	The job attribute OnExitHold expression '(ExitBySignal == true) || (ExitCode != 0)' evaluated to TRUE
	Code 3 Subcode 0
...
009 (745038.000.000) 11/29 19:14:35 Job was aborted by the user.
	via condor_rm (by user anying)
...
