 <<< Combine >>> 
>>> including systematics
>>> using the Profile Likelihood test statistics modified for upper limits (Q_LHC)
>>> method used is HybridNew
>>> Used OpenSSL to get a really random seed -1691773934
Computing results starting from observation (a-posteriori)
[#0] WARNING:Minization -- RooMinimizerFcn: Minimized function has error status.
Returning maximum FCN so far (412.314) to force MIGRAD to back out of this region. Error log follows
Parameter values: JER_ele=-1.5957, JER_muon=-5.15321, JES_ele=-4.68751, JES_muon=-5.26595, QCD_stat_ele=-0.122643, QCD_stat_muon=-6.73892, VBS_stat_ele=6.16476, VBS_stat_muon=-1.78127, ele_efficiency=2.47375, ele_trigger=-4.30682, fakephoton_ele=2.11, fakephoton_muon=-6.78161, interference=4.62866, lumi=-5.50072, mu_efficiency=-1.90409, mu_trigger=3.12802, non_prompt_stat_ele=6.4999, non_prompt_stat_muon=-6.99987, others_stat_ele=-2.62319, others_stat_muon=4.65026, others_xs=-3.24633, param=0.100492, pdf_ele=-0.438863, pdf_muon=6.49796, photon_id=-3.70848, pileup=1.12279, scale_ele=5.14311, scale_muon=-0.927128
RooProdPdf::model_s[ modelObs_s * nuisancePdf ]
     getLogVal() top-level p.d.f evaluates to zero @ !pdfs=(modelObs_s = 0/1,nuisancePdf = 1)

[#0] WARNING:Minization -- RooMinimizerFcn: Minimized function has error status.
Returning maximum FCN so far (904.84) to force MIGRAD to back out of this region. Error log follows
Parameter values: JER_ele=6.88101, JER_muon=-6.83166, JES_ele=3.09989, JES_muon=-6.78086, QCD_stat_ele=-1.89849, QCD_stat_muon=-4.27956, VBS_stat_ele=6.93985, VBS_stat_muon=6.07803, ele_efficiency=6.78191, ele_trigger=-6.71962, fakephoton_ele=3.63745, fakephoton_muon=0.20847, interference=-5.64661, lumi=-5.60554, mu_efficiency=-2.66466, mu_trigger=-1.04188, non_prompt_stat_ele=6.27974, non_prompt_stat_muon=6.99607, others_stat_ele=6.86175, others_stat_muon=-5.48749, others_xs=6.57219, param=0.0346504, pdf_ele=5.0317, pdf_muon=1.65433, photon_id=-6.82524, pileup=-3.99537, scale_ele=-4.83368, scale_muon=6.81452
RooProdPdf::model_s[ modelObs_s * nuisancePdf ]
     getLogVal() top-level p.d.f evaluates to zero @ !pdfs=(modelObs_s = 0/1,nuisancePdf = 1)

[#0] WARNING:Minization -- RooMinimizerFcn: Minimized function has error status.
Returning maximum FCN so far (904.84) to force MIGRAD to back out of this region. Error log follows
Parameter values: JER_ele=-6.23329, JER_muon=-5.10139, JES_ele=6.96552, JES_muon=-4.97651, QCD_stat_ele=-2.22045, QCD_stat_muon=-4.74059, VBS_stat_ele=3.11919, VBS_stat_muon=2.82395, ele_efficiency=4.33784, ele_trigger=5.79614, fakephoton_ele=6.2265, fakephoton_muon=-1.05344, interference=5.99113, lumi=0.810918, mu_efficiency=6.10029, mu_trigger=6.73461, non_prompt_stat_ele=6.96397, non_prompt_stat_muon=6.60084, others_stat_ele=-6.61659, others_stat_muon=-5.90298, others_xs=3.84625, param=0.0339703, pdf_ele=4.66819, pdf_muon=6.06826, photon_id=-5.34677, pileup=-4.53867, scale_ele=6.9969, scale_muon=-6.81548
RooProdPdf::model_s[ modelObs_s * nuisancePdf ]
     getLogVal() top-level p.d.f evaluates to zero @ !pdfs=(modelObs_s = 0/1,nuisancePdf = 1)

[#0] WARNING:Minization -- RooMinimizerFcn: Minimized function has error status.
Returning maximum FCN so far (904.84) to force MIGRAD to back out of this region. Error log follows
Parameter values: JER_ele=3.17513, JER_muon=3.60007, JES_ele=2.98369, JES_muon=6.57182, QCD_stat_ele=-6.44781, QCD_stat_muon=2.37125, VBS_stat_ele=-0.691631, VBS_stat_muon=6.2153, ele_efficiency=3.93156, ele_trigger=1.57065, fakephoton_ele=6.12528, fakephoton_muon=-0.131772, interference=6.66144, lumi=6.52857, mu_efficiency=6.07754, mu_trigger=5.98354, non_prompt_stat_ele=5.93021, non_prompt_stat_muon=1.31558, others_stat_ele=6.76677, others_stat_muon=6.32925, others_xs=5.1862, param=0.0354327, pdf_ele=-0.746803, pdf_muon=6.76426, photon_id=6.72598, pileup=-4.9789, scale_ele=4.66147, scale_muon=-2.18225
RooProdPdf::model_s[ modelObs_s * nuisancePdf ]
     getLogVal() top-level p.d.f evaluates to zero @ !pdfs=(modelObs_s = 0/1,nuisancePdf = 1)

[#0] WARNING:Minization -- RooMinimizerFcn: Minimized function has error status.
Returning maximum FCN so far (904.84) to force MIGRAD to back out of this region. Error log follows
Parameter values: JER_ele=2.46474, JER_muon=2.53443, JES_ele=3.10604, JES_muon=5.12838, QCD_stat_ele=5.73276, QCD_stat_muon=5.06831, VBS_stat_ele=0.710739, VBS_stat_muon=3.57291, ele_efficiency=2.033, ele_trigger=2.01865, fakephoton_ele=6.02809, fakephoton_muon=0.549792, interference=4.27817, lumi=4.65729, mu_efficiency=3.66112, mu_trigger=4.35814, non_prompt_stat_ele=6.92022, non_prompt_stat_muon=0.114122, others_stat_ele=6.86969, others_stat_muon=6.37611, others_xs=4.81897, param=0.0355011, pdf_ele=1.53684, pdf_muon=6.63271, photon_id=6.82599, pileup=-2.57536, scale_ele=5.08042, scale_muon=4.49806
RooProdPdf::model_s[ modelObs_s * nuisancePdf ]
     getLogVal() top-level p.d.f evaluates to zero @ !pdfs=(modelObs_s = 0/1,nuisancePdf = 1)

[#0] WARNING:Minization -- RooMinimizerFcn: Minimized function has error status.
Returning maximum FCN so far (904.84) to force MIGRAD to back out of this region. Error log follows
Parameter values: JER_ele=2.15203, JER_muon=1.59526, JES_ele=2.66538, JES_muon=3.78562, QCD_stat_ele=2.76825, QCD_stat_muon=6.87772, VBS_stat_ele=0.551907, VBS_stat_muon=2.03246, ele_efficiency=1.63278, ele_trigger=1.71271, fakephoton_ele=4.77549, fakephoton_muon=0.46158, interference=3.22988, lumi=3.60323, mu_efficiency=2.89358, mu_trigger=3.17183, non_prompt_stat_ele=6.2613, non_prompt_stat_muon=-0.480918, others_stat_ele=6.22895, others_stat_muon=5.02686, others_xs=3.70915, param=0.0355224, pdf_ele=1.3768, pdf_muon=5.50874, photon_id=5.771, pileup=-2.11376, scale_ele=4.129, scale_muon=6.87365
RooProdPdf::model_s[ modelObs_s * nuisancePdf ]
     getLogVal() top-level p.d.f evaluates to zero @ !pdfs=(modelObs_s = 0/1,nuisancePdf = 1)

[#0] WARNING:Minization -- RooMinimizerFcn: Minimized function has error status.
Returning maximum FCN so far (904.84) to force MIGRAD to back out of this region. Error log follows
Parameter values: JER_ele=1.86357, JER_muon=0.910243, JES_ele=2.20004, JES_muon=2.70811, QCD_stat_ele=1.4325, QCD_stat_muon=6.76955, VBS_stat_ele=0.199957, VBS_stat_muon=1.10143, ele_efficiency=1.49194, ele_trigger=1.33859, fakephoton_ele=3.51871, fakephoton_muon=0.317579, interference=2.6915, lumi=2.92185, mu_efficiency=2.60033, mu_trigger=2.29907, non_prompt_stat_ele=5.12608, non_prompt_stat_muon=-0.860504, others_stat_ele=5.44408, others_stat_muon=4.01346, others_xs=2.69353, param=0.0355361, pdf_ele=0.875807, pdf_muon=4.38135, photon_id=4.42692, pileup=-2.069, scale_ele=3.00033, scale_muon=6.69961
RooProdPdf::model_s[ modelObs_s * nuisancePdf ]
     getLogVal() top-level p.d.f evaluates to zero @ !pdfs=(modelObs_s = 0/1,nuisancePdf = 1)

[#0] WARNING:Minization -- RooMinimizerFcn: Minimized function has error status.
Returning maximum FCN so far (904.84) to force MIGRAD to back out of this region. Error log follows
Parameter values: JER_ele=-4.58432, JER_muon=-6.94048, JES_ele=-6.66883, JES_muon=-2.20145, QCD_stat_ele=0.374516, QCD_stat_muon=-5.52544, VBS_stat_ele=-6.53632, VBS_stat_muon=-5.9029, ele_efficiency=-0.661009, ele_trigger=-6.13156, fakephoton_ele=5.84802, fakephoton_muon=-2.66266, interference=-5.74655, lumi=-6.99962, mu_efficiency=-1.34889, mu_trigger=-5.87345, non_prompt_stat_ele=5.70774, non_prompt_stat_muon=-6.24902, others_stat_ele=1.78361, others_stat_muon=-3.76702, others_xs=-1.89967, param=0.0358756, pdf_ele=-6.93863, pdf_muon=2.67584, photon_id=6.90551, pileup=-3.1535, scale_ele=3.93357, scale_muon=-6.95659
RooProdPdf::model_s[ modelObs_s * nuisancePdf ]
     getLogVal() top-level p.d.f evaluates to zero @ !pdfs=(modelObs_s = 0/1,nuisancePdf = 1)

[#0] WARNING:Minization -- RooMinimizerFcn: Minimized function has error status.
Returning maximum FCN so far (904.84) to force MIGRAD to back out of this region. Error log follows
Parameter values: JER_ele=3.49228, JER_muon=3.84541, JES_ele=4.64395, JES_muon=6.50033, QCD_stat_ele=6.14145, QCD_stat_muon=-1.88879, VBS_stat_ele=2.37408, VBS_stat_muon=4.61674, ele_efficiency=2.01929, ele_trigger=3.45366, fakephoton_ele=6.92382, fakephoton_muon=1.06929, interference=4.65568, lumi=5.59827, mu_efficiency=3.46699, mu_trigger=5.67659, non_prompt_stat_ele=4.73649, non_prompt_stat_muon=0.823955, others_stat_ele=6.39775, others_stat_muon=6.88587, others_xs=6.55926, param=0.0355621, pdf_ele=3.93386, pdf_muon=6.92871, photon_id=6.1319, pileup=-1.75776, scale_ele=6.98917, scale_muon=-2.46212
RooProdPdf::model_s[ modelObs_s * nuisancePdf ]
     getLogVal() top-level p.d.f evaluates to zero @ !pdfs=(modelObs_s = 0/1,nuisancePdf = 1)

[#0] WARNING:Minization -- RooMinimizerFcn: Minimized function has error status.
Returning maximum FCN so far (904.84) to force MIGRAD to back out of this region. Error log follows
Parameter values: JER_ele=2.83418, JER_muon=2.64254, JES_ele=3.69359, JES_muon=5.25372, QCD_stat_ele=4.54375, QCD_stat_muon=4.1265, VBS_stat_ele=1.48467, VBS_stat_muon=3.21181, ele_efficiency=1.79681, ele_trigger=2.60225, fakephoton_ele=6.57236, fakephoton_muon=0.747937, interference=3.85702, lumi=4.58862, mu_efficiency=3.09185, mu_trigger=4.41445, non_prompt_stat_ele=6.90115, non_prompt_stat_muon=0.0975744, others_stat_ele=6.99388, others_stat_muon=6.08005, others_xs=5.33294, param=0.0355888, pdf_ele=2.72953, pdf_muon=6.67864, photon_id=6.97222, pileup=-1.88062, scale_ele=6.1302, scale_muon=3.94327
RooProdPdf::model_s[ modelObs_s * nuisancePdf ]
     getLogVal() top-level p.d.f evaluates to zero @ !pdfs=(modelObs_s = 0/1,nuisancePdf = 1)

[#0] WARNING:Minization -- RooMinimizerFcn: Minimized function has error status.
Returning maximum FCN so far (904.84) to force MIGRAD to back out of this region. Error log follows
Parameter values: JER_ele=2.3374, JER_muon=1.70906, JES_ele=2.93741, JES_muon=3.96405, QCD_stat_ele=2.99949, QCD_stat_muon=6.71229, VBS_stat_ele=0.823347, VBS_stat_muon=2.07401, ele_efficiency=1.63443, ele_trigger=1.95504, fakephoton_ele=5.29568, fakephoton_muon=0.514805, interference=3.22926, lumi=3.72759, mu_efficiency=2.81375, mu_trigger=3.30763, non_prompt_stat_ele=6.66775, non_prompt_stat_muon=-0.428158, others_stat_ele=6.51426, others_stat_muon=5.06262, others_xs=4.03618, param=0.0356081, pdf_ele=1.78897, pdf_muon=5.66835, photon_id=6.0837, pileup=-1.96907, scale_ele=4.73216, scale_muon=6.72619
RooProdPdf::model_s[ modelObs_s * nuisancePdf ]
     getLogVal() top-level p.d.f evaluates to zero @ !pdfs=(modelObs_s = 0/1,nuisancePdf = 1)

[#0] WARNING:Minization -- RooMinimizerFcn: Minimized function has error status.
Returning maximum FCN so far (904.84) to force MIGRAD to back out of this region. Error log follows
Parameter values: JER_ele=1.96911, JER_muon=1.01259, JES_ele=2.36174, JES_muon=2.87759, QCD_stat_ele=1.74557, QCD_stat_muon=6.88206, VBS_stat_ele=0.339562, VBS_stat_muon=1.21005, ele_efficiency=1.5163, ele_trigger=1.4745, fakephoton_ele=3.93121, fakephoton_muon=0.345998, interference=2.75346, lumi=3.04931, mu_efficiency=2.60944, mu_trigger=2.43122, non_prompt_stat_ele=5.55102, non_prompt_stat_muon=-0.806661, others_stat_ele=5.71451, others_stat_muon=4.13695, others_xs=2.93466, param=0.035622, pdf_ele=1.08448, pdf_muon=4.56544, photon_id=4.73931, pileup=-2.0328, scale_ele=3.40112, scale_muon=6.83253
RooProdPdf::model_s[ modelObs_s * nuisancePdf ]
     getLogVal() top-level p.d.f evaluates to zero @ !pdfs=(modelObs_s = 0/1,nuisancePdf = 1)

[#0] WARNING:Minization -- RooMinimizerFcn: Minimized function has error status.
Returning maximum FCN so far (1074.65) to force MIGRAD to back out of this region. Error log follows
Parameter values: JER_ele=-4.71902, JER_muon=6.99592, JES_ele=-6.58896, JES_muon=-6.50512, QCD_stat_ele=-4.83532, QCD_stat_muon=6.80857, VBS_stat_ele=-2.5518, VBS_stat_muon=6.8626, ele_efficiency=6.70379, ele_trigger=-5.77491, fakephoton_ele=5.35913, fakephoton_muon=-6.78886, interference=6.87915, lumi=3.49665, mu_efficiency=-6.19454, mu_trigger=-2.55136, non_prompt_stat_ele=6.72409, non_prompt_stat_muon=6.17214, others_stat_ele=6.3063, others_stat_muon=1.27618, others_xs=-1.45559, param=0.00666507, pdf_ele=-5.78176, pdf_muon=0.718819, photon_id=-0.515634, pileup=1.97597, scale_ele=3.75556, scale_muon=-1.70634
RooProdPdf::model_s[ modelObs_s * nuisancePdf ]
     getLogVal() top-level p.d.f evaluates to zero @ !pdfs=(modelObs_s = 0/1,nuisancePdf = 1)

[#0] WARNING:Minization -- RooMinimizerFcn: Minimized function has error status.
Returning maximum FCN so far (1074.65) to force MIGRAD to back out of this region. Error log follows
Parameter values: JER_ele=0.758309, JER_muon=6.99429, JES_ele=0.0143976, JES_muon=-6.33249, QCD_stat_ele=6.6562, QCD_stat_muon=6.82939, VBS_stat_ele=3.48045, VBS_stat_muon=3.82263, ele_efficiency=4.20541, ele_trigger=1.00958, fakephoton_ele=6.42785, fakephoton_muon=-0.551081, interference=6.698, lumi=6.05026, mu_efficiency=-6.55666, mu_trigger=0.192502, non_prompt_stat_ele=6.40976, non_prompt_stat_muon=6.9547, others_stat_ele=3.39324, others_stat_muon=5.8689, others_xs=4.39928, param=0.00646614, pdf_ele=3.79995, pdf_muon=-4.32353, photon_id=-6.96015, pileup=1.52935, scale_ele=5.93552, scale_muon=-1.73866
RooProdPdf::model_s[ modelObs_s * nuisancePdf ]
     getLogVal() top-level p.d.f evaluates to zero @ !pdfs=(modelObs_s = 0/1,nuisancePdf = 1)

[#0] WARNING:Minization -- RooMinimizerFcn: Minimized function has error status.
Returning maximum FCN so far (1074.65) to force MIGRAD to back out of this region. Error log follows
Parameter values: JER_ele=0.656694, JER_muon=1.89, JES_ele=-0.161111, JES_muon=5.04875, QCD_stat_ele=4.80514, QCD_stat_muon=-1.48323, VBS_stat_ele=2.04961, VBS_stat_muon=0.833289, ele_efficiency=1.82746, ele_trigger=0.8204, fakephoton_ele=4.80232, fakephoton_muon=-0.664408, interference=1.82513, lumi=1.55336, mu_efficiency=-1.24008, mu_trigger=4.33152, non_prompt_stat_ele=6.11017, non_prompt_stat_muon=1.5443, others_stat_ele=6.82813, others_stat_muon=2.96658, others_xs=0.551955, param=0.00698186, pdf_ele=2.08298, pdf_muon=6.54345, photon_id=6.76184, pileup=0.442731, scale_ele=4.88656, scale_muon=2.51382
RooProdPdf::model_s[ modelObs_s * nuisancePdf ]
     getLogVal() top-level p.d.f evaluates to zero @ !pdfs=(modelObs_s = 0/1,nuisancePdf = 1)

[#0] WARNING:Minization -- RooMinimizerFcn: Minimized function has error status.
Returning maximum FCN so far (595.081) to force MIGRAD to back out of this region. Error log follows
Parameter values: JER_ele=-2.146, JER_muon=-1.52983, JES_ele=-4.45652, JES_muon=4.43383, QCD_stat_ele=-1.64868, QCD_stat_muon=2.66229, VBS_stat_ele=-6.90671, VBS_stat_muon=-6.97763, ele_efficiency=6.56521, ele_trigger=3.27256, fakephoton_ele=5.26497, fakephoton_muon=6.98415, interference=3.62087, lumi=-4.07189, mu_efficiency=6.69787, mu_trigger=-6.04557, non_prompt_stat_ele=5.24078, non_prompt_stat_muon=-0.121663, others_stat_ele=2.83822, others_stat_muon=1.02089, others_xs=1.1458, param=0.0786717, pdf_ele=-0.832475, pdf_muon=3.52017, photon_id=-3.74442, pileup=6.72672, scale_ele=-4.80004, scale_muon=6.12818
RooProdPdf::model_s[ modelObs_s * nuisancePdf ]
     getLogVal() top-level p.d.f evaluates to zero @ !pdfs=(modelObs_s = 0/1,nuisancePdf = 1)

[#0] WARNING:Minization -- RooMinimizerFcn: Minimized function has error status.
Returning maximum FCN so far (595.081) to force MIGRAD to back out of this region. Error log follows
Parameter values: JER_ele=3.96224, JER_muon=2.50566, JES_ele=4.62844, JES_muon=6.30701, QCD_stat_ele=-5.75873, QCD_stat_muon=6.92337, VBS_stat_ele=0.644512, VBS_stat_muon=5.47171, ele_efficiency=3.18294, ele_trigger=3.76346, fakephoton_ele=3.61926, fakephoton_muon=6.64574, interference=6.73711, lumi=4.92086, mu_efficiency=-2.70795, mu_trigger=6.51291, non_prompt_stat_ele=5.31772, non_prompt_stat_muon=6.48706, others_stat_ele=5.04683, others_stat_muon=6.20744, others_xs=5.35828, param=0.0235249, pdf_ele=5.61736, pdf_muon=4.16522, photon_id=1.30781, pileup=-5.61398, scale_ele=0.4091, scale_muon=1.62844
RooProdPdf::model_s[ modelObs_s * nuisancePdf ]
     getLogVal() top-level p.d.f evaluates to zero @ !pdfs=(modelObs_s = 0/1,nuisancePdf = 1)

[#0] WARNING:Minization -- RooMinimizerFcn: Minimized function has error status.
Returning maximum FCN so far (800.648) to force MIGRAD to back out of this region. Error log follows
Parameter values: JER_ele=-5.2462, JER_muon=-5.46426, JES_ele=3.07297, JES_muon=-6.95337, QCD_stat_ele=-5.86615, QCD_stat_muon=-1.88084, VBS_stat_ele=-3.02077, VBS_stat_muon=6.75412, ele_efficiency=-3.15439, ele_trigger=0.683547, fakephoton_ele=6.78631, fakephoton_muon=6.98573, interference=-6.3504, lumi=-5.63488, mu_efficiency=-5.51307, mu_trigger=-0.441416, non_prompt_stat_ele=5.45403, non_prompt_stat_muon=0.924642, others_stat_ele=-3.48426, others_stat_muon=1.71169, others_xs=-6.97612, param=0.0259746, pdf_ele=-6.75317, pdf_muon=0.715481, photon_id=-3.12266, pileup=0.266079, scale_ele=-2.58438, scale_muon=6.80979
RooProdPdf::model_s[ modelObs_s * nuisancePdf ]
     getLogVal() top-level p.d.f evaluates to zero @ !pdfs=(modelObs_s = 0/1,nuisancePdf = 1)

[#0] WARNING:Minization -- RooMinimizerFcn: Minimized function has error status.
Returning maximum FCN so far (800.648) to force MIGRAD to back out of this region. Error log follows
Parameter values: JER_ele=1.26033, JER_muon=-3.33642, JES_ele=-1.55268, JES_muon=-6.86951, QCD_stat_ele=-6.47633, QCD_stat_muon=-6.10527, VBS_stat_ele=3.91388, VBS_stat_muon=1.39138, ele_efficiency=6.87087, ele_trigger=-5.59244, fakephoton_ele=6.95281, fakephoton_muon=0.386695, interference=3.24034, lumi=4.90047, mu_efficiency=2.68021, mu_trigger=6.50437, non_prompt_stat_ele=4.78947, non_prompt_stat_muon=3.56061, others_stat_ele=6.99466, others_stat_muon=-4.4833, others_xs=-5.52355, param=0.0175969, pdf_ele=5.33091, pdf_muon=-6.95109, photon_id=5.81508, pileup=2.15773, scale_ele=5.62956, scale_muon=-1.78988
RooProdPdf::model_s[ modelObs_s * nuisancePdf ]
     getLogVal() top-level p.d.f evaluates to zero @ !pdfs=(modelObs_s = 0/1,nuisancePdf = 1)

[#0] WARNING:Minization -- RooMinimizerFcn: Minimized function has error status.
Returning maximum FCN so far (800.648) to force MIGRAD to back out of this region. Error log follows
Parameter values: JER_ele=1.23511, JER_muon=3.98151, JES_ele=2.14422, JES_muon=4.79767, QCD_stat_ele=-0.810646, QCD_stat_muon=5.22138, VBS_stat_ele=1.79622, VBS_stat_muon=5.88338, ele_efficiency=0.838919, ele_trigger=3.22008, fakephoton_ele=2.22785, fakephoton_muon=3.49565, interference=3.81745, lumi=3.23734, mu_efficiency=0.281209, mu_trigger=4.68742, non_prompt_stat_ele=5.66391, non_prompt_stat_muon=6.19976, others_stat_ele=1.1707, others_stat_muon=5.12062, others_xs=3.63979, param=0.0233541, pdf_ele=2.15361, pdf_muon=6.99745, photon_id=3.53657, pileup=-1.32459, scale_ele=0.12352, scale_muon=-1.08216
RooProdPdf::model_s[ modelObs_s * nuisancePdf ]
     getLogVal() top-level p.d.f evaluates to zero @ !pdfs=(modelObs_s = 0/1,nuisancePdf = 1)

[#0] WARNING:Minization -- RooMinimizerFcn: Minimized function has error status.
Returning maximum FCN so far (855.353) to force MIGRAD to back out of this region. Error log follows
Parameter values: JER_ele=2.99359, JER_muon=6.3391, JES_ele=3.14213, JES_muon=6.70247, QCD_stat_ele=0.807232, QCD_stat_muon=-1.31485, VBS_stat_ele=3.20528, VBS_stat_muon=4.86345, ele_efficiency=1.68021, ele_trigger=3.31621, fakephoton_ele=6.73703, fakephoton_muon=6.73328, interference=6.89995, lumi=6.05339, mu_efficiency=0.300792, mu_trigger=6.89117, non_prompt_stat_ele=3.41247, non_prompt_stat_muon=3.34786, others_stat_ele=0.381161, others_stat_muon=6.29635, others_xs=6.33673, param=0.0232163, pdf_ele=3.82679, pdf_muon=-1.7907, photon_id=6.91248, pileup=-4.0616, scale_ele=-1.20548, scale_muon=5.07866
RooProdPdf::model_s[ modelObs_s * nuisancePdf ]
     getLogVal() top-level p.d.f evaluates to zero @ !pdfs=(modelObs_s = 0/1,nuisancePdf = 1)

[#0] WARNING:Minization -- RooMinimizerFcn: Minimized function has error status.
Returning maximum FCN so far (855.353) to force MIGRAD to back out of this region. Error log follows
Parameter values: JER_ele=0.736626, JER_muon=-0.286492, JES_ele=0.511399, JES_muon=-3.0149, QCD_stat_ele=-4.05839, QCD_stat_muon=-1.23988, VBS_stat_ele=0.969743, VBS_stat_muon=2.36725, ele_efficiency=0.600142, ele_trigger=1.94874, fakephoton_ele=4.89278, fakephoton_muon=0.0974701, interference=1.13953, lumi=-0.192221, mu_efficiency=-1.64836, mu_trigger=-0.917549, non_prompt_stat_ele=6.40448, non_prompt_stat_muon=-1.24687, others_stat_ele=-1.94155, others_stat_muon=0.365265, others_xs=-0.298125, param=0.0233735, pdf_ele=0.0510663, pdf_muon=0.451611, photon_id=-6.62266, pileup=-2.78022, scale_ele=-5.48603, scale_muon=-0.564752
RooProdPdf::model_s[ modelObs_s * nuisancePdf ]
     getLogVal() top-level p.d.f evaluates to zero @ !pdfs=(modelObs_s = 0/1,nuisancePdf = 1)

[#0] WARNING:Minization -- RooMinimizerFcn: Minimized function has error status.
Returning maximum FCN so far (355.789) to force MIGRAD to back out of this region. Error log follows
Parameter values: JER_ele=4.32018, JER_muon=2.02181, JES_ele=6.9458, JES_muon=6.72556, QCD_stat_ele=-6.55424, QCD_stat_muon=-4.25567, VBS_stat_ele=-4.11126, VBS_stat_muon=-1.14095, ele_efficiency=-6.66795, ele_trigger=-6.01464, fakephoton_ele=6.74739, fakephoton_muon=3.51612, interference=-6.28545, lumi=6.49704, mu_efficiency=4.80871, mu_trigger=5.3785, non_prompt_stat_ele=3.35147, non_prompt_stat_muon=0.0195604, others_stat_ele=5.38903, others_stat_muon=-1.33485, others_xs=6.11814, param=0.0885527, pdf_ele=-2.10588, pdf_muon=-1.02497, photon_id=2.9218, pileup=-6.69997, scale_ele=-4.68953, scale_muon=3.09739
RooProdPdf::model_s[ modelObs_s * nuisancePdf ]
     getLogVal() top-level p.d.f evaluates to zero @ !pdfs=(modelObs_s = 0/1,nuisancePdf = 1)

[#0] WARNING:Minization -- RooMinimizerFcn: Minimized function has error status.
Returning maximum FCN so far (355.789) to force MIGRAD to back out of this region. Error log follows
Parameter values: JER_ele=6.915, JER_muon=-4.11438, JES_ele=6.47928, JES_muon=2.15366, QCD_stat_ele=5.33097, QCD_stat_muon=1.59894, VBS_stat_ele=2.63663, VBS_stat_muon=2.96613, ele_efficiency=-2.41272, ele_trigger=3.81307, fakephoton_ele=1.96966, fakephoton_muon=3.95202, interference=-4.16053, lumi=-5.20472, mu_efficiency=0.0116115, mu_trigger=-6.98178, non_prompt_stat_ele=6.84602, non_prompt_stat_muon=-1.14083, others_stat_ele=6.40568, others_stat_muon=1.64861, others_xs=-6.99661, param=0.0711855, pdf_ele=-6.91814, pdf_muon=-5.45766, photon_id=0.994787, pileup=2.15042, scale_ele=-5.16157, scale_muon=-2.54351
RooProdPdf::model_s[ modelObs_s * nuisancePdf ]
     getLogVal() top-level p.d.f evaluates to zero @ !pdfs=(modelObs_s = 0/1,nuisancePdf = 1)

[#0] WARNING:Minization -- RooMinimizerFcn: Minimized function has error status.
Returning maximum FCN so far (455.227) to force MIGRAD to back out of this region. Error log follows
Parameter values: JER_ele=-1.17432, JER_muon=-1.01719, JES_ele=0.391966, JES_muon=6.81646, QCD_stat_ele=-3.67317, QCD_stat_muon=1.81939, VBS_stat_ele=4.72685, VBS_stat_muon=1.11748, ele_efficiency=-1.91207, ele_trigger=3.54401, fakephoton_ele=0.471623, fakephoton_muon=6.88106, interference=1.1246, lumi=-2.9336, mu_efficiency=-6.87102, mu_trigger=-3.54923, non_prompt_stat_ele=6.98303, non_prompt_stat_muon=6.77769, others_stat_ele=-1.85236, others_stat_muon=6.90075, others_xs=-6.99773, param=4.69753e-05, pdf_ele=5.18392, pdf_muon=-6.99195, photon_id=6.39569, pileup=-1.64011, scale_ele=-6.09543, scale_muon=1.5775
RooProdPdf::model_s[ modelObs_s * nuisancePdf ]
     getLogVal() top-level p.d.f evaluates to zero @ !pdfs=(modelObs_s = 0/1,nuisancePdf = 1)

[#0] WARNING:Minization -- RooMinimizerFcn: Minimized function has error status.
Returning maximum FCN so far (818.874) to force MIGRAD to back out of this region. Error log follows
Parameter values: JER_ele=3.04381, JER_muon=-3.25942, JES_ele=2.8722, JES_muon=-5.04066, QCD_stat_ele=6.36879, QCD_stat_muon=-3.33056, VBS_stat_ele=2.64495, VBS_stat_muon=-3.42935, ele_efficiency=0.799255, ele_trigger=4.35026, fakephoton_ele=6.35981, fakephoton_muon=1.86846, interference=-0.492289, lumi=-0.0482801, mu_efficiency=-1.33904, mu_trigger=-4.34184, non_prompt_stat_ele=5.94273, non_prompt_stat_muon=-1.04187, others_stat_ele=4.83392, others_stat_muon=-4.76817, others_xs=-1.95262, param=0.00626734, pdf_ele=6.03738, pdf_muon=-2.85164, photon_id=1.47544, pileup=0.526392, scale_ele=6.94005, scale_muon=-6.90711
RooProdPdf::model_s[ modelObs_s * nuisancePdf ]
     getLogVal() top-level p.d.f evaluates to zero @ !pdfs=(modelObs_s = 0/1,nuisancePdf = 1)

[#0] WARNING:Minization -- RooMinimizerFcn: Minimized function has error status.
Returning maximum FCN so far (818.874) to force MIGRAD to back out of this region. Error log follows
Parameter values: JER_ele=-4.51255, JER_muon=5.24117, JES_ele=-2.9579, JES_muon=0.582889, QCD_stat_ele=1.90292, QCD_stat_muon=-6.92175, VBS_stat_ele=-2.24616, VBS_stat_muon=-4.76059, ele_efficiency=5.87834, ele_trigger=6.71975, fakephoton_ele=-5.31624, fakephoton_muon=6.9896, interference=-4.91399, lumi=6.99156, mu_efficiency=4.10493, mu_trigger=6.82949, non_prompt_stat_ele=-0.142927, non_prompt_stat_muon=6.92602, others_stat_ele=6.62326, others_stat_muon=2.83709, others_xs=4.449, param=0.115014, pdf_ele=-6.7806, pdf_muon=6.36662, photon_id=6.56392, pileup=5.93248, scale_ele=1.18916, scale_muon=3.31393
RooProdPdf::model_s[ modelObs_s * nuisancePdf ]
     getLogVal() top-level p.d.f evaluates to zero @ !pdfs=(modelObs_s = 0/1,nuisancePdf = 1)

[#0] WARNING:Minization -- RooMinimizerFcn: Minimized function has error status.
Returning maximum FCN so far (818.874) to force MIGRAD to back out of this region. Error log follows
Parameter values: JER_ele=-5.39578, JER_muon=-6.89831, JES_ele=-4.02452, JES_muon=4.54681, QCD_stat_ele=5.38924, QCD_stat_muon=-6.7128, VBS_stat_ele=-6.98702, VBS_stat_muon=0.570617, ele_efficiency=5.93193, ele_trigger=1.15848, fakephoton_ele=6.97256, fakephoton_muon=6.79771, interference=-4.54211, lumi=4.84228, mu_efficiency=-6.87989, mu_trigger=3.95012, non_prompt_stat_ele=4.87856, non_prompt_stat_muon=5.99631, others_stat_ele=4.46626, others_stat_muon=6.93996, others_xs=-6.73474, param=0.0148865, pdf_ele=3.98839, pdf_muon=3.82426, photon_id=1.2384, pileup=5.13367, scale_ele=-3.66835, scale_muon=-0.417296
RooProdPdf::model_s[ modelObs_s * nuisancePdf ]
     getLogVal() top-level p.d.f evaluates to zero @ !pdfs=(modelObs_s = 0/1,nuisancePdf = 1)

[#0] WARNING:Minization -- RooMinimizerFcn: Minimized function has error status.
Returning maximum FCN so far (818.874) to force MIGRAD to back out of this region. Error log follows
Parameter values: JER_ele=-4.32065, JER_muon=-6.90676, JES_ele=4.02507, JES_muon=-1.65553, QCD_stat_ele=-5.97638, QCD_stat_muon=6.99964, VBS_stat_ele=-6.33907, VBS_stat_muon=-3.29473, ele_efficiency=-6.30753, ele_trigger=-6.02742, fakephoton_ele=6.99454, fakephoton_muon=-6.1497, interference=4.59496, lumi=5.71613, mu_efficiency=-5.71088, mu_trigger=-6.95736, non_prompt_stat_ele=6.80666, non_prompt_stat_muon=-5.7563, others_stat_ele=3.40919, others_stat_muon=6.99349, others_xs=-6.93546, param=0.00865628, pdf_ele=3.00294, pdf_muon=5.59162, photon_id=-6.82732, pileup=-4.57453, scale_ele=-6.87445, scale_muon=-4.47689
RooProdPdf::model_s[ modelObs_s * nuisancePdf ]
     getLogVal() top-level p.d.f evaluates to zero @ !pdfs=(modelObs_s = 0/1,nuisancePdf = 1)

[#0] WARNING:Minization -- RooMinimizerFcn: Minimized function has error status.
Returning maximum FCN so far (818.874) to force MIGRAD to back out of this region. Error log follows
Parameter values: JER_ele=6.6975, JER_muon=6.91887, JES_ele=-0.69885, JES_muon=-2.75716, QCD_stat_ele=-6.46148, QCD_stat_muon=-6.40379, VBS_stat_ele=6.37852, VBS_stat_muon=0.648918, ele_efficiency=1.5668, ele_trigger=5.76889, fakephoton_ele=3.71951, fakephoton_muon=4.93586, interference=3.41433, lumi=6.44431, mu_efficiency=6.74765, mu_trigger=4.08902, non_prompt_stat_ele=5.3405, non_prompt_stat_muon=-2.40132, others_stat_ele=5.98177, others_stat_muon=-2.3299, others_xs=-6.99955, param=0.00632858, pdf_ele=3.47941, pdf_muon=6.9654, photon_id=6.90561, pileup=-1.50723, scale_ele=-0.199507, scale_muon=1.84934
RooProdPdf::model_s[ modelObs_s * nuisancePdf ]
     getLogVal() top-level p.d.f evaluates to zero @ !pdfs=(modelObs_s = 0/1,nuisancePdf = 1)

[#0] WARNING:Minization -- RooMinimizerFcn: Minimized function has error status.
Returning maximum FCN so far (818.874) to force MIGRAD to back out of this region. Error log follows
Parameter values: JER_ele=2.66676, JER_muon=4.02394, JES_ele=6.45348, JES_muon=5.01893, QCD_stat_ele=5.43446, QCD_stat_muon=4.72063, VBS_stat_ele=6.70954, VBS_stat_muon=3.20155, ele_efficiency=1.63345, ele_trigger=1.51272, fakephoton_ele=7, fakephoton_muon=-3.48852, interference=0.172424, lumi=4.15053, mu_efficiency=2.04143, mu_trigger=4.68557, non_prompt_stat_ele=6.28856, non_prompt_stat_muon=0.946387, others_stat_ele=2.65042, others_stat_muon=5.11234, others_xs=5.92859, param=0.00626622, pdf_ele=4.80772, pdf_muon=1.12237, photon_id=6.65105, pileup=-1.43942, scale_ele=2.50965, scale_muon=6.35108
RooProdPdf::model_s[ modelObs_s * nuisancePdf ]
     getLogVal() top-level p.d.f evaluates to zero @ !pdfs=(modelObs_s = 0/1,nuisancePdf = 1)

[#0] WARNING:Minization -- RooMinimizerFcn: Minimized function has error status.
Returning maximum FCN so far (818.874) to force MIGRAD to back out of this region. Error log follows
Parameter values: JER_ele=-6.77392, JER_muon=-3.62035, JES_ele=6.10472, JES_muon=1.51538, QCD_stat_ele=-2.72872, QCD_stat_muon=-4.82156, VBS_stat_ele=-0.31063, VBS_stat_muon=6.52343, ele_efficiency=-5.83325, ele_trigger=6.99664, fakephoton_ele=4.29211, fakephoton_muon=6.19931, interference=6.28766, lumi=-6.85812, mu_efficiency=-4.24519, mu_trigger=5.37008, non_prompt_stat_ele=5.79021, non_prompt_stat_muon=5.23293, others_stat_ele=1.51956, others_stat_muon=-6.9231, others_xs=-6.99941, param=0.00665938, pdf_ele=4.35817, pdf_muon=6.91206, photon_id=6.99345, pileup=-6.94001, scale_ele=3.97151, scale_muon=-6.45852
RooProdPdf::model_s[ modelObs_s * nuisancePdf ]
     getLogVal() top-level p.d.f evaluates to zero @ !pdfs=(modelObs_s = 0/1,nuisancePdf = 1)

[#0] WARNING:Minization -- RooMinimizerFcn: Minimized function has error status.
Returning maximum FCN so far (818.874) to force MIGRAD to back out of this region. Error log follows
Parameter values: JER_ele=1.55883, JER_muon=2.17305, JES_ele=3.81654, JES_muon=2.95317, QCD_stat_ele=5.98489, QCD_stat_muon=4.44549, VBS_stat_ele=4.33546, VBS_stat_muon=1.59622, ele_efficiency=0.894663, ele_trigger=0.94527, fakephoton_ele=4.96931, fakephoton_muon=-2.15594, interference=0.161333, lumi=2.36522, mu_efficiency=1.11606, mu_trigger=2.60817, non_prompt_stat_ele=5.45951, non_prompt_stat_muon=1.03126, others_stat_ele=1.37938, others_stat_muon=3.15111, others_xs=3.50568, param=0.00627261, pdf_ele=2.85568, pdf_muon=1.41193, photon_id=4.66735, pileup=-0.772147, scale_ele=6.83298, scale_muon=4.35289
RooProdPdf::model_s[ modelObs_s * nuisancePdf ]
     getLogVal() top-level p.d.f evaluates to zero @ !pdfs=(modelObs_s = 0/1,nuisancePdf = 1)

[#0] WARNING:Minization -- RooMinimizerFcn: Minimized function has error status.
Returning maximum FCN so far (1178.6) to force MIGRAD to back out of this region. Error log follows
Parameter values: JER_ele=-2.99665, JER_muon=-0.126087, JES_ele=-4.53302, JES_muon=-6.95095, QCD_stat_ele=6.19983, QCD_stat_muon=3.84217, VBS_stat_ele=-1.90906, VBS_stat_muon=0.424644, ele_efficiency=-0.810575, ele_trigger=5.43737, fakephoton_ele=5.96655, fakephoton_muon=2.62048, interference=-3.61065, lumi=-1.84526, mu_efficiency=-6.97197, mu_trigger=5.16886, non_prompt_stat_ele=4.70143, non_prompt_stat_muon=3.66979, others_stat_ele=-4.89369, others_stat_muon=5.32449, others_xs=-1.40185, param=0.0239434, pdf_ele=-6.62329, pdf_muon=1.53379, photon_id=5.13459, pileup=1.01024, scale_ele=-6.86176, scale_muon=-6.54817
RooProdPdf::model_s[ modelObs_s * nuisancePdf ]
     getLogVal() top-level p.d.f evaluates to zero @ !pdfs=(modelObs_s = 0/1,nuisancePdf = 1)

[#0] WARNING:Minization -- RooMinimizerFcn: Minimized function has error status.
Returning maximum FCN so far (1178.6) to force MIGRAD to back out of this region. Error log follows
Parameter values: JER_ele=-5.49039, JER_muon=5.87155, JES_ele=0.733061, JES_muon=-6.98798, QCD_stat_ele=-1.81099, QCD_stat_muon=-6.89609, VBS_stat_ele=-5.90554, VBS_stat_muon=-5.93524, ele_efficiency=6.49462, ele_trigger=3.96335, fakephoton_ele=6.26371, fakephoton_muon=3.19104, interference=-6.32837, lumi=6.08782, mu_efficiency=1.12122, mu_trigger=-1.32713, non_prompt_stat_ele=6.12204, non_prompt_stat_muon=-5.661, others_stat_ele=5.20228, others_stat_muon=5.51478, others_xs=-6.60348, param=0.0296329, pdf_ele=-6.83228, pdf_muon=-5.44036, photon_id=-4.5819, pileup=-5.60347, scale_ele=2.23729, scale_muon=6.99612
RooProdPdf::model_s[ modelObs_s * nuisancePdf ]
     getLogVal() top-level p.d.f evaluates to zero @ !pdfs=(modelObs_s = 0/1,nuisancePdf = 1)

[#0] WARNING:Minization -- RooMinimizerFcn: Minimized function has error status.
Returning maximum FCN so far (1178.6) to force MIGRAD to back out of this region. Error log follows
Parameter values: JER_ele=4.8609, JER_muon=6.95082, JES_ele=-5.11681, JES_muon=6.89526, QCD_stat_ele=-2.42068, QCD_stat_muon=4.93764, VBS_stat_ele=-5.63427, VBS_stat_muon=-4.96457, ele_efficiency=0.92832, ele_trigger=4.72837, fakephoton_ele=5.40452, fakephoton_muon=4.76388, interference=6.23254, lumi=6.25364, mu_efficiency=5.216, mu_trigger=-6.97752, non_prompt_stat_ele=5.89619, non_prompt_stat_muon=-6.67292, others_stat_ele=-4.21422, others_stat_muon=6.77475, others_xs=3.62978, param=0.0238264, pdf_ele=-5.84232, pdf_muon=-4.62855, photon_id=-5.95957, pileup=-6.22407, scale_ele=-3.85508, scale_muon=-6.93291
RooProdPdf::model_s[ modelObs_s * nuisancePdf ]
     getLogVal() top-level p.d.f evaluates to zero @ !pdfs=(modelObs_s = 0/1,nuisancePdf = 1)

[#0] WARNING:Minization -- RooMinimizerFcn: Minimized function has error status.
Returning maximum FCN so far (1178.6) to force MIGRAD to back out of this region. Error log follows
Parameter values: JER_ele=2.12816, JER_muon=-1.5209, JES_ele=5.63411, JES_muon=2.30191, QCD_stat_ele=-2.94628, QCD_stat_muon=6.9895, VBS_stat_ele=3.77938, VBS_stat_muon=5.74529, ele_efficiency=1.02984, ele_trigger=4.65054, fakephoton_ele=4.25172, fakephoton_muon=4.29015, interference=2.90177, lumi=2.41396, mu_efficiency=1.02775, mu_trigger=0.795995, non_prompt_stat_ele=5.00509, non_prompt_stat_muon=5.26423, others_stat_ele=3.23672, others_stat_muon=4.92312, others_xs=2.24076, param=0.0243494, pdf_ele=6.19664, pdf_muon=3.29001, photon_id=6.94488, pileup=-1.01709, scale_ele=4.34255, scale_muon=6.71219
RooProdPdf::model_s[ modelObs_s * nuisancePdf ]
     getLogVal() top-level p.d.f evaluates to zero @ !pdfs=(modelObs_s = 0/1,nuisancePdf = 1)

[#0] WARNING:Minization -- RooMinimizerFcn: Minimized function has error status.
Returning maximum FCN so far (1178.6) to force MIGRAD to back out of this region. Error log follows
Parameter values: JER_ele=0.75533, JER_muon=-1.04534, JES_ele=3.20443, JES_muon=3.65512, QCD_stat_ele=6.92015, QCD_stat_muon=5.77704, VBS_stat_ele=1.87975, VBS_stat_muon=2.82983, ele_efficiency=0.492998, ele_trigger=2.4326, fakephoton_ele=1.44714, fakephoton_muon=3.44483, interference=1.61295, lumi=1.2658, mu_efficiency=0.678642, mu_trigger=0.834405, non_prompt_stat_ele=5.62536, non_prompt_stat_muon=3.25552, others_stat_ele=1.16821, others_stat_muon=2.83746, others_xs=1.14882, param=0.0243535, pdf_ele=3.15395, pdf_muon=2.15502, photon_id=4.96065, pileup=-0.490327, scale_ele=6.28595, scale_muon=3.90422
RooProdPdf::model_s[ modelObs_s * nuisancePdf ]
     getLogVal() top-level p.d.f evaluates to zero @ !pdfs=(modelObs_s = 0/1,nuisancePdf = 1)


 -- Hybrid New -- 
CLs = 0.97479 +/- 0.0230375
Done in 13.00 min (cpu), 13.14 min (real)
