 <<< Combine >>> 
>>> including systematics
>>> using the Profile Likelihood test statistics modified for upper limits (Q_LHC)
>>> method used is HybridNew
>>> Used OpenSSL to get a really random seed 1121994856
Computing results starting from observation (a-posteriori)
[#0] WARNING:Minization -- RooMinimizerFcn: Minimized function has error status.
Returning maximum FCN so far (519.671) to force MIGRAD to back out of this region. Error log follows
Parameter values: JER_ele=-6.60927, JER_muon=6.42098, JES_ele=-3.79781, JES_muon=-6.56667, QCD_stat_ele=-3.38803, QCD_stat_muon=4.61373, VBS_stat_ele=-0.415289, VBS_stat_muon=-6.21728, ele_efficiency=2.63272, ele_trigger=-0.00224847, fakephoton_ele=4.62441, fakephoton_muon=5.22229, interference=3.29529, lumi=3.68106, mu_efficiency=-2.07599, mu_trigger=-6.64546, non_prompt_stat_ele=4.95056, non_prompt_stat_muon=2.01574, others_stat_ele=-2.42564, others_stat_muon=3.36374, others_xs=-0.150615, param=0.430275, pdf_ele=0.511054, pdf_muon=-5.95497, photon_id=0.167794, pileup=0.384115, scale_ele=6.38443, scale_muon=6.99955
RooProdPdf::model_s[ modelObs_s * nuisancePdf ]
     getLogVal() top-level p.d.f evaluates to zero @ !pdfs=(modelObs_s = 0/1,nuisancePdf = 1)

[#0] WARNING:Minization -- RooMinimizerFcn: Minimized function has error status.
Returning maximum FCN so far (519.671) to force MIGRAD to back out of this region. Error log follows
Parameter values: JER_ele=-0.458757, JER_muon=6.59558, JES_ele=-1.57175, JES_muon=6.5522, QCD_stat_ele=6.91185, QCD_stat_muon=6.87108, VBS_stat_ele=-0.723176, VBS_stat_muon=6.9928, ele_efficiency=1.7228, ele_trigger=-1.54274, fakephoton_ele=6.37989, fakephoton_muon=6.18464, interference=5.58073, lumi=6.03289, mu_efficiency=3.65045, mu_trigger=4.03059, non_prompt_stat_ele=0.0476916, non_prompt_stat_muon=4.64907, others_stat_ele=6.91086, others_stat_muon=5.01848, others_xs=5.11678, param=0.4722, pdf_ele=-0.134333, pdf_muon=6.17645, photon_id=-6.2511, pileup=-0.576345, scale_ele=1.93806, scale_muon=4.9119
RooProdPdf::model_s[ modelObs_s * nuisancePdf ]
     getLogVal() top-level p.d.f evaluates to zero @ !pdfs=(modelObs_s = 0/1,nuisancePdf = 1)

[#0] WARNING:Minization -- RooMinimizerFcn: Minimized function has error status.
Returning maximum FCN so far (582.634) to force MIGRAD to back out of this region. Error log follows
Parameter values: JER_ele=2.17318, JER_muon=-1.51751, JES_ele=-0.535811, JES_muon=3.70405, QCD_stat_ele=5.75651, QCD_stat_muon=-0.409151, VBS_stat_ele=-2.85924, VBS_stat_muon=6.61577, ele_efficiency=-1.50881, ele_trigger=-1.07204, fakephoton_ele=4.44662, fakephoton_muon=6.49513, interference=6.91287, lumi=1.82644, mu_efficiency=4.55277, mu_trigger=4.38481, non_prompt_stat_ele=4.5852, non_prompt_stat_muon=5.5119, others_stat_ele=1.99276, others_stat_muon=6.90181, others_xs=0.651221, param=0.470339, pdf_ele=6.29937, pdf_muon=-5.724, photon_id=-6.54685, pileup=-4.52475, scale_ele=-6.43224, scale_muon=-3.65587
RooProdPdf::model_s[ modelObs_s * nuisancePdf ]
     getLogVal() top-level p.d.f evaluates to zero @ !pdfs=(modelObs_s = 0/1,nuisancePdf = 1)

[#0] WARNING:Minization -- RooMinimizerFcn: Minimized function has error status.
Returning maximum FCN so far (475.601) to force MIGRAD to back out of this region. Error log follows
Parameter values: JER_ele=-0.567982, JER_muon=5.04165, JES_ele=-0.319471, JES_muon=6.99598, QCD_stat_ele=4.36273, QCD_stat_muon=-5.6255, VBS_stat_ele=-4.45576, VBS_stat_muon=6.99718, ele_efficiency=-0.0493402, ele_trigger=-0.651973, fakephoton_ele=5.60834, fakephoton_muon=3.46163, interference=4.14441, lumi=4.24341, mu_efficiency=1.72756, mu_trigger=6.27479, non_prompt_stat_ele=2.22754, non_prompt_stat_muon=5.85667, others_stat_ele=2.61555, others_stat_muon=6.96657, others_xs=5.67643, param=0.467228, pdf_ele=-1.68375, pdf_muon=6.93364, photon_id=6.88615, pileup=-0.306294, scale_ele=5.66057, scale_muon=-1.75401
RooProdPdf::model_s[ modelObs_s * nuisancePdf ]
     getLogVal() top-level p.d.f evaluates to zero @ !pdfs=(modelObs_s = 0/1,nuisancePdf = 1)

[#0] WARNING:Minization -- RooMinimizerFcn: Minimized function has error status.
Returning maximum FCN so far (475.601) to force MIGRAD to back out of this region. Error log follows
Parameter values: JER_ele=-0.104471, JER_muon=0.402942, JES_ele=-0.204641, JES_muon=1.60276, QCD_stat_ele=0.944534, QCD_stat_muon=-2.53916, VBS_stat_ele=-2.01167, VBS_stat_muon=3.3237, ele_efficiency=-1.65327, ele_trigger=-0.494461, fakephoton_ele=3.96432, fakephoton_muon=1.18358, interference=0.611318, lumi=-0.188657, mu_efficiency=2.02361, mu_trigger=1.45641, non_prompt_stat_ele=5.11542, non_prompt_stat_muon=0.854799, others_stat_ele=0.721477, others_stat_muon=2.33907, others_xs=2.78362, param=0.467378, pdf_ele=-0.852563, pdf_muon=2.95592, photon_id=2.12823, pileup=-0.787121, scale_ele=0.803465, scale_muon=4.71125
RooProdPdf::model_s[ modelObs_s * nuisancePdf ]
     getLogVal() top-level p.d.f evaluates to zero @ !pdfs=(modelObs_s = 0/1,nuisancePdf = 1)

[#0] WARNING:Minization -- RooMinimizerFcn: Minimized function has error status.
Returning maximum FCN so far (475.601) to force MIGRAD to back out of this region. Error log follows
Parameter values: JER_ele=0.539203, JER_muon=-1.00817, JES_ele=0.744777, JES_muon=-0.173012, QCD_stat_ele=2.27587, QCD_stat_muon=1.32378, VBS_stat_ele=-0.566979, VBS_stat_muon=0.609907, ele_efficiency=-2.06259, ele_trigger=0.267493, fakephoton_ele=6.62041, fakephoton_muon=0.909469, interference=-0.353421, lumi=-1.30864, mu_efficiency=2.32837, mu_trigger=0.281102, non_prompt_stat_ele=6.44138, non_prompt_stat_muon=0.121418, others_stat_ele=1.62339, others_stat_muon=0.246127, others_xs=2.49804, param=0.467553, pdf_ele=0.567923, pdf_muon=2.04239, photon_id=1.18604, pileup=-0.860592, scale_ele=1.5298, scale_muon=2.64181
RooProdPdf::model_s[ modelObs_s * nuisancePdf ]
     getLogVal() top-level p.d.f evaluates to zero @ !pdfs=(modelObs_s = 0/1,nuisancePdf = 1)

[#0] WARNING:Minization -- RooMinimizerFcn: Minimized function has error status.
Returning maximum FCN so far (475.601) to force MIGRAD to back out of this region. Error log follows
Parameter values: JER_ele=0.723386, JER_muon=-0.938311, JES_ele=1.05789, JES_muon=-0.0374325, QCD_stat_ele=3.05527, QCD_stat_muon=1.62396, VBS_stat_ele=-0.343854, VBS_stat_muon=0.709479, ele_efficiency=-2.00882, ele_trigger=0.513269, fakephoton_ele=6.97644, fakephoton_muon=0.958244, interference=-0.269019, lumi=-1.14414, mu_efficiency=2.35059, mu_trigger=0.384325, non_prompt_stat_ele=6.97467, non_prompt_stat_muon=0.240612, others_stat_ele=2.10327, others_stat_muon=0.355127, others_xs=2.73583, param=0.467426, pdf_ele=0.964336, pdf_muon=2.20864, photon_id=1.69177, pileup=-0.843291, scale_ele=2.35178, scale_muon=2.99328
RooProdPdf::model_s[ modelObs_s * nuisancePdf ]
     getLogVal() top-level p.d.f evaluates to zero @ !pdfs=(modelObs_s = 0/1,nuisancePdf = 1)

[#0] WARNING:Minization -- RooMinimizerFcn: Minimized function has error status.
Returning maximum FCN so far (421.651) to force MIGRAD to back out of this region. Error log follows
Parameter values: JER_ele=-6.99785, JER_muon=-6.61641, JES_ele=6.99221, JES_muon=0.226618, QCD_stat_ele=5.87195, QCD_stat_muon=-1.17584, VBS_stat_ele=6.96041, VBS_stat_muon=3.51811, ele_efficiency=-6.9368, ele_trigger=-0.520115, fakephoton_ele=6.9998, fakephoton_muon=-5.04602, interference=4.89083, lumi=4.19127, mu_efficiency=-2.50754, mu_trigger=5.99523, non_prompt_stat_ele=6.79672, non_prompt_stat_muon=4.344, others_stat_ele=-5.65464, others_stat_muon=-1.48812, others_xs=-6.7252, param=0.418703, pdf_ele=-1.55564, pdf_muon=-5.49201, photon_id=6.89071, pileup=-6.87985, scale_ele=6.54533, scale_muon=6.99307
RooProdPdf::model_s[ modelObs_s * nuisancePdf ]
     getLogVal() top-level p.d.f evaluates to zero @ !pdfs=(modelObs_s = 0/1,nuisancePdf = 1)

[#0] WARNING:Minization -- RooMinimizerFcn: Minimized function has error status.
Returning maximum FCN so far (565.319) to force MIGRAD to back out of this region. Error log follows
Parameter values: JER_ele=6.87856, JER_muon=6.98836, JES_ele=-5.91236, JES_muon=-5.26207, QCD_stat_ele=-6.93053, QCD_stat_muon=2.72933, VBS_stat_ele=6.31067, VBS_stat_muon=-3.77235, ele_efficiency=2.12034, ele_trigger=6.84068, fakephoton_ele=2.18189, fakephoton_muon=-3.17505, interference=-5.92854, lumi=6.76701, mu_efficiency=-6.80754, mu_trigger=-6.71432, non_prompt_stat_ele=6.99995, non_prompt_stat_muon=4.37378, others_stat_ele=4.86854, others_stat_muon=0.701987, others_xs=6.87196, param=0.452822, pdf_ele=5.74872, pdf_muon=-6.98349, photon_id=-1.78314, pileup=6.13176, scale_ele=2.72969, scale_muon=3.29934
RooProdPdf::model_s[ modelObs_s * nuisancePdf ]
     getLogVal() top-level p.d.f evaluates to zero @ !pdfs=(modelObs_s = 0/1,nuisancePdf = 1)

[#0] WARNING:Minization -- RooMinimizerFcn: Minimized function has error status.
Returning maximum FCN so far (565.319) to force MIGRAD to back out of this region. Error log follows
Parameter values: JER_ele=6.82507, JER_muon=-3.69356, JES_ele=4.77409, JES_muon=-4.42366, QCD_stat_ele=5.64229, QCD_stat_muon=6.09187, VBS_stat_ele=3.18545, VBS_stat_muon=1.58354, ele_efficiency=6.36605, ele_trigger=2.4404, fakephoton_ele=4.50494, fakephoton_muon=6.6123, interference=6.28828, lumi=3.34632, mu_efficiency=5.65509, mu_trigger=-6.6105, non_prompt_stat_ele=6.87848, non_prompt_stat_muon=-6.91782, others_stat_ele=1.41588, others_stat_muon=-0.749995, others_xs=3.83285, param=0.470277, pdf_ele=6.92199, pdf_muon=6.67712, photon_id=6.12089, pileup=6.71713, scale_ele=-0.358413, scale_muon=4.55986
RooProdPdf::model_s[ modelObs_s * nuisancePdf ]
     getLogVal() top-level p.d.f evaluates to zero @ !pdfs=(modelObs_s = 0/1,nuisancePdf = 1)

[#0] WARNING:Minization -- RooMinimizerFcn: Minimized function has error status.
Returning maximum FCN so far (1068.86) to force MIGRAD to back out of this region. Error log follows
Parameter values: JER_ele=1.59947, JER_muon=3.42733, JES_ele=3.85695, JES_muon=6.98629, QCD_stat_ele=6.46496, QCD_stat_muon=0.608489, VBS_stat_ele=3.19382, VBS_stat_muon=4.52814, ele_efficiency=-0.0439088, ele_trigger=3.40552, fakephoton_ele=6.99891, fakephoton_muon=4.19312, interference=4.66629, lumi=4.6563, mu_efficiency=1.90585, mu_trigger=5.38941, non_prompt_stat_ele=6.82644, non_prompt_stat_muon=6.92951, others_stat_ele=6.01821, others_stat_muon=6.84606, others_xs=6.35018, param=0.466431, pdf_ele=5.34879, pdf_muon=6.66179, photon_id=4.71746, pileup=-0.344331, scale_ele=6.9875, scale_muon=-3.59731
RooProdPdf::model_s[ modelObs_s * nuisancePdf ]
     getLogVal() top-level p.d.f evaluates to zero @ !pdfs=(modelObs_s = 0/1,nuisancePdf = 1)

[#0] WARNING:Minization -- RooMinimizerFcn: Minimized function has error status.
Returning maximum FCN so far (1068.86) to force MIGRAD to back out of this region. Error log follows
Parameter values: JER_ele=0.679242, JER_muon=1.62402, JES_ele=2.3946, JES_muon=5.79112, QCD_stat_ele=4.19807, QCD_stat_muon=6.68628, VBS_stat_ele=1.77728, VBS_stat_muon=2.4409, ele_efficiency=-0.359203, ele_trigger=2.24173, fakephoton_ele=5.87527, fakephoton_muon=2.80332, interference=3.39367, lumi=2.81743, mu_efficiency=1.20131, mu_trigger=3.23413, non_prompt_stat_ele=6.154, non_prompt_stat_muon=5.36999, others_stat_ele=4.36243, others_stat_muon=6.52776, others_xs=4.33713, param=0.466235, pdf_ele=3.7623, pdf_muon=6.58029, photon_id=6.99495, pileup=-0.549361, scale_ele=5.7294, scale_muon=5.57963
RooProdPdf::model_s[ modelObs_s * nuisancePdf ]
     getLogVal() top-level p.d.f evaluates to zero @ !pdfs=(modelObs_s = 0/1,nuisancePdf = 1)

[#0] WARNING:Minization -- RooMinimizerFcn: Minimized function has error status.
Returning maximum FCN so far (1068.86) to force MIGRAD to back out of this region. Error log follows
Parameter values: JER_ele=0.0943311, JER_muon=0.444105, JES_ele=1.40401, JES_muon=4.21365, QCD_stat_ele=2.11853, QCD_stat_muon=6.37114, VBS_stat_ele=0.841721, VBS_stat_muon=0.994869, ele_efficiency=-0.556861, ele_trigger=1.47055, fakephoton_ele=4.09008, fakephoton_muon=1.87036, interference=2.52055, lumi=1.52828, mu_efficiency=0.761199, mu_trigger=1.63154, non_prompt_stat_ele=4.07956, non_prompt_stat_muon=3.56, others_stat_ele=3.01685, others_stat_muon=5.23567, others_xs=2.58589, param=0.466113, pdf_ele=2.58128, pdf_muon=5.10257, photon_id=5.87041, pileup=-0.676066, scale_ele=3.58086, scale_muon=6.78101
RooProdPdf::model_s[ modelObs_s * nuisancePdf ]
     getLogVal() top-level p.d.f evaluates to zero @ !pdfs=(modelObs_s = 0/1,nuisancePdf = 1)


 -- Hybrid New -- 
CLs = 0.50463 +/- 0.0312969
Done in 12.38 min (cpu), 12.39 min (real)
