 <<< Combine >>> 
>>> including systematics
>>> using the Profile Likelihood test statistics modified for upper limits (Q_LHC)
>>> method used is HybridNew
>>> Used OpenSSL to get a really random seed -626973841
Computing results starting from observation (a-posteriori)
[#0] WARNING:Minization -- RooMinimizerFcn: Minimized function has error status.
Returning maximum FCN so far (40.5078) to force MIGRAD to back out of this region. Error log follows
Parameter values: JER_ele=2.6906, JER_muon=5.66676, JES_ele=4.57427, JES_muon=2.20228, QCD_stat_ele=5.37022, QCD_stat_muon=0.00342135, VBS_stat_ele=5.22647, VBS_stat_muon=-0.2999, ele_efficiency=-2.81317, ele_trigger=5.63388, fakephoton_ele=3.14681, fakephoton_muon=3.46806, interference=-1.45958, lumi=-0.111895, mu_efficiency=-3.78451, mu_trigger=-1.47549, non_prompt_stat_ele=5.61316, non_prompt_stat_muon=-1.35051, others_stat_ele=2.99205, others_stat_muon=4.8597, others_xs=0.70335, param=0.691258, pdf_ele=5.48832, pdf_muon=6.96073, photon_id=6.04863, pileup=-6.96964, scale_ele=0.397804, scale_muon=4.27396
RooProdPdf::model_s[ modelObs_s * nuisancePdf ]
     getLogVal() top-level p.d.f evaluates to zero @ !pdfs=(modelObs_s = 0/1,nuisancePdf = 1)

[#0] WARNING:Minization -- RooMinimizerFcn: Minimized function has error status.
Returning maximum FCN so far (36.5794) to force MIGRAD to back out of this region. Error log follows
Parameter values: JER_ele=4.38308, JER_muon=-2.897, JES_ele=6.99895, JES_muon=6.11676, QCD_stat_ele=6.47459, QCD_stat_muon=-6.91046, VBS_stat_ele=2.976, VBS_stat_muon=5.9361, ele_efficiency=-2.65347, ele_trigger=-0.206799, fakephoton_ele=2.92308, fakephoton_muon=4.90733, interference=-3.83515, lumi=-3.11305, mu_efficiency=3.53319, mu_trigger=-5.58083, non_prompt_stat_ele=5.80245, non_prompt_stat_muon=5.09407, others_stat_ele=-1.97548, others_stat_muon=6.4827, others_xs=6.98116, param=1.27335, pdf_ele=0.155374, pdf_muon=-3.43743, photon_id=-5.32644, pileup=-3.66131, scale_ele=-4.94679, scale_muon=-4.53555
RooProdPdf::model_s[ modelObs_s * nuisancePdf ]
     getLogVal() top-level p.d.f evaluates to zero @ !pdfs=(modelObs_s = 0/1,nuisancePdf = 1)

[#0] WARNING:Minization -- RooMinimizerFcn: Minimized function has error status.
Returning maximum FCN so far (965.321) to force MIGRAD to back out of this region. Error log follows
Parameter values: JER_ele=4.10106, JER_muon=1.1698, JES_ele=6.78206, JES_muon=6.54427, QCD_stat_ele=0.0242223, QCD_stat_muon=0.574882, VBS_stat_ele=6.9665, VBS_stat_muon=6.90457, ele_efficiency=4.38859, ele_trigger=4.58791, fakephoton_ele=6.2834, fakephoton_muon=5.97239, interference=4.56431, lumi=5.27092, mu_efficiency=4.24745, mu_trigger=-2.31831, non_prompt_stat_ele=6.08037, non_prompt_stat_muon=4.98541, others_stat_ele=3.09096, others_stat_muon=2.59236, others_xs=6.86207, param=0.0832645, pdf_ele=-1.11857, pdf_muon=1.26813, photon_id=0.912751, pileup=-1.09013, scale_ele=5.73278, scale_muon=4.16664
RooProdPdf::model_s[ modelObs_s * nuisancePdf ]
     getLogVal() top-level p.d.f evaluates to zero @ !pdfs=(modelObs_s = 0/1,nuisancePdf = 1)

[#0] WARNING:Minization -- RooMinimizerFcn: Minimized function has error status.
Returning maximum FCN so far (965.321) to force MIGRAD to back out of this region. Error log follows
Parameter values: JER_ele=6.93315, JER_muon=6.19284, JES_ele=6.39755, JES_muon=6.99821, QCD_stat_ele=-1.29887, QCD_stat_muon=-0.377494, VBS_stat_ele=6.89535, VBS_stat_muon=3.21753, ele_efficiency=0.255981, ele_trigger=2.85004, fakephoton_ele=6.05527, fakephoton_muon=-2.0416, interference=6.11155, lumi=6.90474, mu_efficiency=-1.00425, mu_trigger=6.06103, non_prompt_stat_ele=5.1732, non_prompt_stat_muon=-2.77459, others_stat_ele=6.9715, others_stat_muon=-5.82522, others_xs=4.90414, param=0.177055, pdf_ele=6.96365, pdf_muon=5.62239, photon_id=5.64872, pileup=2.85839, scale_ele=-6.93671, scale_muon=-6.09452
RooProdPdf::model_s[ modelObs_s * nuisancePdf ]
     getLogVal() top-level p.d.f evaluates to zero @ !pdfs=(modelObs_s = 0/1,nuisancePdf = 1)

[#0] WARNING:Minization -- RooMinimizerFcn: Minimized function has error status.
Returning maximum FCN so far (965.321) to force MIGRAD to back out of this region. Error log follows
Parameter values: JER_ele=4.63854, JER_muon=1.67948, JES_ele=6.6619, JES_muon=5.19193, QCD_stat_ele=1.84628, QCD_stat_muon=2.49819, VBS_stat_ele=6.96936, VBS_stat_muon=6.99813, ele_efficiency=4.16038, ele_trigger=5.70173, fakephoton_ele=6.41881, fakephoton_muon=5.04594, interference=3.87267, lumi=5.26883, mu_efficiency=3.56025, mu_trigger=-0.877476, non_prompt_stat_ele=6.9162, non_prompt_stat_muon=6.60301, others_stat_ele=2.81388, others_stat_muon=4.71982, others_xs=6.87476, param=0.484942, pdf_ele=-0.735621, pdf_muon=4.78666, photon_id=-6.90274, pileup=-0.834174, scale_ele=5.80124, scale_muon=6.9074
RooProdPdf::model_s[ modelObs_s * nuisancePdf ]
     getLogVal() top-level p.d.f evaluates to zero @ !pdfs=(modelObs_s = 0/1,nuisancePdf = 1)

[#0] WARNING:Minization -- RooMinimizerFcn: Minimized function has error status.
Returning maximum FCN so far (965.321) to force MIGRAD to back out of this region. Error log follows
Parameter values: JER_ele=6.91394, JER_muon=5.86328, JES_ele=6.58327, JES_muon=6.96032, QCD_stat_ele=3.08047, QCD_stat_muon=-6.99955, VBS_stat_ele=6.91724, VBS_stat_muon=2.18844, ele_efficiency=-0.0152698, ele_trigger=2.46424, fakephoton_ele=6.6545, fakephoton_muon=-2.18486, interference=6.17725, lumi=6.91825, mu_efficiency=-1.23219, mu_trigger=6.30711, non_prompt_stat_ele=6.99891, non_prompt_stat_muon=-3.29777, others_stat_ele=6.69632, others_stat_muon=-6.57951, others_xs=3.9293, param=0.305045, pdf_ele=6.97909, pdf_muon=5.17867, photon_id=6.37112, pileup=2.96609, scale_ele=-5.94643, scale_muon=-4.0185
RooProdPdf::model_s[ modelObs_s * nuisancePdf ]
     getLogVal() top-level p.d.f evaluates to zero @ !pdfs=(modelObs_s = 0/1,nuisancePdf = 1)

[#0] WARNING:Minization -- RooMinimizerFcn: Minimized function has error status.
Returning maximum FCN so far (965.321) to force MIGRAD to back out of this region. Error log follows
Parameter values: JER_ele=6.30076, JER_muon=4.42983, JES_ele=6.95718, JES_muon=6.91486, QCD_stat_ele=1.88438, QCD_stat_muon=-3.94467, VBS_stat_ele=6.99873, VBS_stat_muon=3.24234, ele_efficiency=0.720396, ele_trigger=4.23677, fakephoton_ele=6.09316, fakephoton_muon=-0.397739, interference=5.52374, lumi=6.88575, mu_efficiency=-0.226863, mu_trigger=6.86509, non_prompt_stat_ele=6.62496, non_prompt_stat_muon=0.355396, others_stat_ele=6.81618, others_stat_muon=-3.18353, others_xs=4.42445, param=0.348422, pdf_ele=6.99485, pdf_muon=6.05334, photon_id=6.81388, pileup=2.02675, scale_ele=-6.08159, scale_muon=-6.8639
RooProdPdf::model_s[ modelObs_s * nuisancePdf ]
     getLogVal() top-level p.d.f evaluates to zero @ !pdfs=(modelObs_s = 0/1,nuisancePdf = 1)

[#0] WARNING:Minization -- RooMinimizerFcn: Minimized function has error status.
Returning maximum FCN so far (965.321) to force MIGRAD to back out of this region. Error log follows
Parameter values: JER_ele=6.18359, JER_muon=3.71259, JES_ele=6.97625, JES_muon=6.82793, QCD_stat_ele=5.38706, QCD_stat_muon=-4.44382, VBS_stat_ele=6.96338, VBS_stat_muon=3.94616, ele_efficiency=0.595869, ele_trigger=4.27281, fakephoton_ele=6.98869, fakephoton_muon=0.574453, interference=6.25427, lumi=6.98901, mu_efficiency=-0.0318515, mu_trigger=6.92293, non_prompt_stat_ele=4.15664, non_prompt_stat_muon=2.58294, others_stat_ele=6.60692, others_stat_muon=-3.24047, others_xs=4.11918, param=0.261533, pdf_ele=6.99894, pdf_muon=6.79122, photon_id=6.13916, pileup=2.13158, scale_ele=-5.82104, scale_muon=-4.41621
RooProdPdf::model_s[ modelObs_s * nuisancePdf ]
     getLogVal() top-level p.d.f evaluates to zero @ !pdfs=(modelObs_s = 0/1,nuisancePdf = 1)

[#0] WARNING:Minization -- RooMinimizerFcn: Minimized function has error status.
Returning maximum FCN so far (1049.03) to force MIGRAD to back out of this region. Error log follows
Parameter values: JER_ele=5.92559, JER_muon=4.15621, JES_ele=6.94555, JES_muon=3.46297, QCD_stat_ele=-6.96409, QCD_stat_muon=-6.19041, VBS_stat_ele=6.79257, VBS_stat_muon=2.99848, ele_efficiency=1.93637, ele_trigger=6.15094, fakephoton_ele=-0.274205, fakephoton_muon=-0.23832, interference=2.8639, lumi=5.54594, mu_efficiency=0.528013, mu_trigger=4.41777, non_prompt_stat_ele=6.65207, non_prompt_stat_muon=0.355674, others_stat_ele=6.80672, others_stat_muon=2.59583, others_xs=5.78694, param=0.226907, pdf_ele=6.03949, pdf_muon=5.29036, photon_id=5.86269, pileup=0.913987, scale_ele=-6.71029, scale_muon=6.96564
RooProdPdf::model_s[ modelObs_s * nuisancePdf ]
     getLogVal() top-level p.d.f evaluates to zero @ !pdfs=(modelObs_s = 0/1,nuisancePdf = 1)

[#0] WARNING:Minization -- RooMinimizerFcn: Minimized function has error status.
Returning maximum FCN so far (1049.03) to force MIGRAD to back out of this region. Error log follows
Parameter values: JER_ele=5.96186, JER_muon=4.07284, JES_ele=6.93379, JES_muon=4.08927, QCD_stat_ele=-6.99568, QCD_stat_muon=-3.83528, VBS_stat_ele=6.86467, VBS_stat_muon=3.18722, ele_efficiency=1.87797, ele_trigger=6.11482, fakephoton_ele=1.07495, fakephoton_muon=-0.0824632, interference=3.24667, lumi=5.77064, mu_efficiency=0.521855, mu_trigger=4.6863, non_prompt_stat_ele=6.08562, non_prompt_stat_muon=0.767596, others_stat_ele=6.83432, others_stat_muon=2.33998, others_xs=5.74642, param=0.227032, pdf_ele=6.07343, pdf_muon=5.54703, photon_id=5.73678, pileup=0.99614, scale_ele=-6.69489, scale_muon=6.83766
RooProdPdf::model_s[ modelObs_s * nuisancePdf ]
     getLogVal() top-level p.d.f evaluates to zero @ !pdfs=(modelObs_s = 0/1,nuisancePdf = 1)

[#0] WARNING:Minization -- RooMinimizerFcn: Minimized function has error status.
Returning maximum FCN so far (1049.03) to force MIGRAD to back out of this region. Error log follows
Parameter values: JER_ele=4.4425, JER_muon=2.64453, JES_ele=6.53199, JES_muon=6.66272, QCD_stat_ele=5.95906, QCD_stat_muon=-2.79006, VBS_stat_ele=6.52905, VBS_stat_muon=4.86182, ele_efficiency=0.887938, ele_trigger=4.18147, fakephoton_ele=1.91131, fakephoton_muon=1.46583, interference=5.09751, lumi=6.18089, mu_efficiency=0.583313, mu_trigger=5.66039, non_prompt_stat_ele=4.44938, non_prompt_stat_muon=4.31316, others_stat_ele=6.42608, others_stat_muon=1.02323, others_xs=4.50102, param=0.0579779, pdf_ele=6.82436, pdf_muon=6.60062, photon_id=6.81135, pileup=1.18825, scale_ele=-2.6373, scale_muon=-2.95455
RooProdPdf::model_s[ modelObs_s * nuisancePdf ]
     getLogVal() top-level p.d.f evaluates to zero @ !pdfs=(modelObs_s = 0/1,nuisancePdf = 1)

[#0] WARNING:Minization -- RooMinimizerFcn: Minimized function has error status.
Returning maximum FCN so far (1049.03) to force MIGRAD to back out of this region. Error log follows
Parameter values: JER_ele=6.54631, JER_muon=4.29476, JES_ele=6.3794, JES_muon=4.76674, QCD_stat_ele=-5.41431, QCD_stat_muon=-3.75897, VBS_stat_ele=6.98461, VBS_stat_muon=3.12235, ele_efficiency=2.12573, ele_trigger=6.58665, fakephoton_ele=4.99801, fakephoton_muon=-0.0865954, interference=3.76512, lumi=6.33138, mu_efficiency=0.50346, mu_trigger=5.16331, non_prompt_stat_ele=3.04056, non_prompt_stat_muon=0.894988, others_stat_ele=6.28056, others_stat_muon=2.1695, others_xs=6.11336, param=0.0536514, pdf_ele=4.6481, pdf_muon=5.93292, photon_id=4.21522, pileup=1.20857, scale_ele=-3.4581, scale_muon=5.8359
RooProdPdf::model_s[ modelObs_s * nuisancePdf ]
     getLogVal() top-level p.d.f evaluates to zero @ !pdfs=(modelObs_s = 0/1,nuisancePdf = 1)

[#0] WARNING:Minization -- RooMinimizerFcn: Minimized function has error status.
Returning maximum FCN so far (1049.03) to force MIGRAD to back out of this region. Error log follows
Parameter values: JER_ele=6.28148, JER_muon=3.87615, JES_ele=6.80722, JES_muon=4.13072, QCD_stat_ele=-6.78208, QCD_stat_muon=-1.21795, VBS_stat_ele=6.97989, VBS_stat_muon=2.47472, ele_efficiency=1.86323, ele_trigger=6.1851, fakephoton_ele=-1.3104, fakephoton_muon=-0.303171, interference=3.34057, lumi=5.93385, mu_efficiency=0.312381, mu_trigger=4.71858, non_prompt_stat_ele=6.76289, non_prompt_stat_muon=0.393043, others_stat_ele=6.80132, others_stat_muon=1.58771, others_xs=5.56563, param=0.0602495, pdf_ele=5.78021, pdf_muon=5.19312, photon_id=5.77529, pileup=1.14412, scale_ele=-6.22622, scale_muon=6.8022
RooProdPdf::model_s[ modelObs_s * nuisancePdf ]
     getLogVal() top-level p.d.f evaluates to zero @ !pdfs=(modelObs_s = 0/1,nuisancePdf = 1)

[#0] WARNING:Minization -- RooMinimizerFcn: Minimized function has error status.
Returning maximum FCN so far (1049.03) to force MIGRAD to back out of this region. Error log follows
Parameter values: JER_ele=3.76489, JER_muon=2.63779, JES_ele=6.02912, JES_muon=6.30079, QCD_stat_ele=6.89382, QCD_stat_muon=0.056671, VBS_stat_ele=5.88183, VBS_stat_muon=4.68152, ele_efficiency=0.78036, ele_trigger=3.6971, fakephoton_ele=0.541206, fakephoton_muon=1.32306, interference=4.61965, lumi=5.71395, mu_efficiency=0.596467, mu_trigger=5.31766, non_prompt_stat_ele=4.69708, non_prompt_stat_muon=3.93592, others_stat_ele=6.07787, others_stat_muon=1.26869, others_xs=4.27558, param=0.0586852, pdf_ele=6.44147, pdf_muon=6.35631, photon_id=6.99166, pileup=1.01985, scale_ele=0.175066, scale_muon=-0.323638
RooProdPdf::model_s[ modelObs_s * nuisancePdf ]
     getLogVal() top-level p.d.f evaluates to zero @ !pdfs=(modelObs_s = 0/1,nuisancePdf = 1)

[#0] WARNING:Minization -- RooMinimizerFcn: Minimized function has error status.
Returning maximum FCN so far (1049.03) to force MIGRAD to back out of this region. Error log follows
Parameter values: JER_ele=3.71117, JER_muon=2.65211, JES_ele=5.88056, JES_muon=5.79437, QCD_stat_ele=6.7918, QCD_stat_muon=2.89391, VBS_stat_ele=5.62309, VBS_stat_muon=4.13272, ele_efficiency=0.716883, ele_trigger=3.48937, fakephoton_ele=-2.57394, fakephoton_muon=0.931343, interference=4.19361, lumi=5.3964, mu_efficiency=0.443848, mu_trigger=5.02942, non_prompt_stat_ele=6.87262, non_prompt_stat_muon=3.18162, others_stat_ele=5.92965, others_stat_muon=1.03864, others_xs=3.97962, param=0.0657828, pdf_ele=6.30287, pdf_muon=5.88907, photon_id=6.97691, pileup=0.995088, scale_ele=1.04803, scale_muon=2.65432
RooProdPdf::model_s[ modelObs_s * nuisancePdf ]
     getLogVal() top-level p.d.f evaluates to zero @ !pdfs=(modelObs_s = 0/1,nuisancePdf = 1)

[#0] WARNING:Minization -- RooMinimizerFcn: Minimized function has error status.
Returning maximum FCN so far (1049.03) to force MIGRAD to back out of this region. Error log follows
Parameter values: JER_ele=4.13908, JER_muon=2.84568, JES_ele=6.25107, JES_muon=5.54187, QCD_stat_ele=5.47281, QCD_stat_muon=5.4462, VBS_stat_ele=5.89153, VBS_stat_muon=3.84546, ele_efficiency=0.865677, ele_trigger=3.92124, fakephoton_ele=-2.45908, fakephoton_muon=0.712568, interference=4.03311, lumi=5.4425, mu_efficiency=0.408545, mu_trigger=4.96747, non_prompt_stat_ele=6.94696, non_prompt_stat_muon=2.72163, others_stat_ele=6.28812, others_stat_muon=1.08812, others_xs=4.1935, param=0.133118, pdf_ele=6.66189, pdf_muon=5.75167, photon_id=7, pileup=1.01587, scale_ele=-0.978264, scale_muon=3.72722
RooProdPdf::model_s[ modelObs_s * nuisancePdf ]
     getLogVal() top-level p.d.f evaluates to zero @ !pdfs=(modelObs_s = 0/1,nuisancePdf = 1)

[#0] WARNING:Minization -- RooMinimizerFcn: Minimized function has error status.
Returning maximum FCN so far (1049.03) to force MIGRAD to back out of this region. Error log follows
Parameter values: JER_ele=6.12224, JER_muon=3.45353, JES_ele=6.88373, JES_muon=4.94734, QCD_stat_ele=-6.92421, QCD_stat_muon=5.50653, VBS_stat_ele=6.98671, VBS_stat_muon=3.04734, ele_efficiency=1.83427, ele_trigger=6.10626, fakephoton_ele=-0.799137, fakephoton_muon=0.273368, interference=3.78858, lumi=6.06925, mu_efficiency=0.465175, mu_trigger=4.82567, non_prompt_stat_ele=6.9112, non_prompt_stat_muon=1.56393, others_stat_ele=6.89865, others_stat_muon=1.60854, others_xs=5.56849, param=0.0781922, pdf_ele=6.04906, pdf_muon=5.64172, photon_id=5.78537, pileup=1.10649, scale_ele=-6.66785, scale_muon=5.21954
RooProdPdf::model_s[ modelObs_s * nuisancePdf ]
     getLogVal() top-level p.d.f evaluates to zero @ !pdfs=(modelObs_s = 0/1,nuisancePdf = 1)

[#0] WARNING:Minization -- RooMinimizerFcn: Minimized function has error status.
Returning maximum FCN so far (1049.03) to force MIGRAD to back out of this region. Error log follows
Parameter values: JER_ele=5.29818, JER_muon=2.74739, JES_ele=6.86443, JES_muon=4.00553, QCD_stat_ele=-3.26624, QCD_stat_muon=6.99084, VBS_stat_ele=6.5411, VBS_stat_muon=2.2298, ele_efficiency=1.30078, ele_trigger=4.89928, fakephoton_ele=-6.96094, fakephoton_muon=-0.0208555, interference=3.13289, lumi=5.22438, mu_efficiency=0.174416, mu_trigger=4.14596, non_prompt_stat_ele=-4.31667, non_prompt_stat_muon=0.946517, others_stat_ele=6.81077, others_stat_muon=0.756867, others_xs=4.37686, param=0.0687521, pdf_ele=6.99478, pdf_muon=4.3742, photon_id=6.99853, pileup=0.986936, scale_ele=-4.84795, scale_muon=6.88409
RooProdPdf::model_s[ modelObs_s * nuisancePdf ]
     getLogVal() top-level p.d.f evaluates to zero @ !pdfs=(modelObs_s = 0/1,nuisancePdf = 1)

[#0] WARNING:Minization -- RooMinimizerFcn: Minimized function has error status.
Returning maximum FCN so far (1049.03) to force MIGRAD to back out of this region. Error log follows
Parameter values: JER_ele=3.78829, JER_muon=2.78416, JES_ele=5.93073, JES_muon=5.4134, QCD_stat_ele=6.48392, QCD_stat_muon=5.41351, VBS_stat_ele=5.53139, VBS_stat_muon=3.7254, ele_efficiency=0.74037, ele_trigger=3.55809, fakephoton_ele=-3.00459, fakephoton_muon=0.656528, interference=3.89374, lumi=5.22715, mu_efficiency=0.375053, mu_trigger=4.86532, non_prompt_stat_ele=6.97291, non_prompt_stat_muon=2.59659, others_stat_ele=5.98354, others_stat_muon=0.989086, others_xs=3.92824, param=0.0695802, pdf_ele=6.36868, pdf_muon=5.61003, photon_id=6.96357, pileup=0.982575, scale_ele=0.776925, scale_muon=4.22
RooProdPdf::model_s[ modelObs_s * nuisancePdf ]
     getLogVal() top-level p.d.f evaluates to zero @ !pdfs=(modelObs_s = 0/1,nuisancePdf = 1)

[#0] WARNING:Minization -- RooMinimizerFcn: Minimized function has error status.
Returning maximum FCN so far (1049.03) to force MIGRAD to back out of this region. Error log follows
Parameter values: JER_ele=6.06912, JER_muon=3.24532, JES_ele=6.9413, JES_muon=4.76476, QCD_stat_ele=-6.83311, QCD_stat_muon=6.36511, VBS_stat_ele=6.97343, VBS_stat_muon=2.85639, ele_efficiency=1.72375, ele_trigger=5.90499, fakephoton_ele=-4.03613, fakephoton_muon=0.184865, interference=3.71942, lumi=5.9755, mu_efficiency=0.352902, mu_trigger=4.71766, non_prompt_stat_ele=4.38312, non_prompt_stat_muon=1.4505, others_stat_ele=6.96228, others_stat_muon=1.31202, others_xs=5.32648, param=0.0666592, pdf_ele=6.30068, pdf_muon=5.32718, photon_id=6.23652, pileup=1.11915, scale_ele=-6.93638, scale_muon=5.82038
RooProdPdf::model_s[ modelObs_s * nuisancePdf ]
     getLogVal() top-level p.d.f evaluates to zero @ !pdfs=(modelObs_s = 0/1,nuisancePdf = 1)

[#0] WARNING:Minization -- RooMinimizerFcn: Minimized function has error status.
Returning maximum FCN so far (1049.03) to force MIGRAD to back out of this region. Error log follows
Parameter values: JER_ele=3.3533, JER_muon=3.08331, JES_ele=5.70301, JES_muon=6.19928, QCD_stat_ele=6.93852, QCD_stat_muon=4.84227, VBS_stat_ele=5.31778, VBS_stat_muon=4.62624, ele_efficiency=0.606067, ele_trigger=3.32408, fakephoton_ele=4.20054, fakephoton_muon=1.06064, interference=4.48323, lumi=5.56008, mu_efficiency=0.548512, mu_trigger=5.45026, non_prompt_stat_ele=-2.06701, non_prompt_stat_muon=3.54745, others_stat_ele=5.88039, others_stat_muon=1.35623, others_xs=4.12801, param=0.0717307, pdf_ele=6.11506, pdf_muon=6.38607, photon_id=6.99819, pileup=1.04665, scale_ele=1.31732, scale_muon=0.638512
RooProdPdf::model_s[ modelObs_s * nuisancePdf ]
     getLogVal() top-level p.d.f evaluates to zero @ !pdfs=(modelObs_s = 0/1,nuisancePdf = 1)

[#0] WARNING:Minization -- RooMinimizerFcn: Minimized function has error status.
Returning maximum FCN so far (1049.03) to force MIGRAD to back out of this region. Error log follows
Parameter values: JER_ele=2.78676, JER_muon=2.57966, JES_ele=4.78905, JES_muon=5.2927, QCD_stat_ele=6.39726, QCD_stat_muon=4.2372, VBS_stat_ele=4.45623, VBS_stat_muon=3.63471, ele_efficiency=0.366969, ele_trigger=2.40488, fakephoton_ele=-5.09798, fakephoton_muon=0.623441, interference=3.70796, lumi=4.72261, mu_efficiency=0.299603, mu_trigger=4.74004, non_prompt_stat_ele=6.81446, non_prompt_stat_muon=2.56684, others_stat_ele=4.87519, others_stat_muon=0.721206, others_xs=3.1686, param=0.0780681, pdf_ele=5.09034, pdf_muon=5.37233, photon_id=6.50086, pileup=0.922101, scale_ele=5.10772, scale_muon=4.75167
RooProdPdf::model_s[ modelObs_s * nuisancePdf ]
     getLogVal() top-level p.d.f evaluates to zero @ !pdfs=(modelObs_s = 0/1,nuisancePdf = 1)

[#0] WARNING:Minization -- RooMinimizerFcn: Minimized function has error status.
Returning maximum FCN so far (1049.03) to force MIGRAD to back out of this region. Error log follows
Parameter values: JER_ele=5.40892, JER_muon=2.65447, JES_ele=6.89669, JES_muon=3.87851, QCD_stat_ele=-4.11623, QCD_stat_muon=6.99795, VBS_stat_ele=6.60895, VBS_stat_muon=2.09977, ele_efficiency=1.3434, ele_trigger=4.97428, fakephoton_ele=-6.54653, fakephoton_muon=-0.0452775, interference=3.07884, lumi=5.21774, mu_efficiency=0.151812, mu_trigger=4.04443, non_prompt_stat_ele=-6.23431, non_prompt_stat_muon=0.871814, others_stat_ele=6.83826, others_stat_muon=0.699257, others_xs=4.38139, param=0.0792063, pdf_ele=6.98293, pdf_muon=4.20409, photon_id=6.9996, pileup=0.98219, scale_ele=-5.07946, scale_muon=6.94707
RooProdPdf::model_s[ modelObs_s * nuisancePdf ]
     getLogVal() top-level p.d.f evaluates to zero @ !pdfs=(modelObs_s = 0/1,nuisancePdf = 1)

[#0] WARNING:Minization -- RooMinimizerFcn: Minimized function has error status.
Returning maximum FCN so far (1049.03) to force MIGRAD to back out of this region. Error log follows
Parameter values: JER_ele=3.16225, JER_muon=2.58976, JES_ele=5.20825, JES_muon=5.10186, QCD_stat_ele=6.97257, QCD_stat_muon=4.95065, VBS_stat_ele=4.81302, VBS_stat_muon=3.41928, ele_efficiency=0.503914, ele_trigger=2.80411, fakephoton_ele=-5.4242, fakephoton_muon=0.530758, interference=3.60334, lumi=4.77594, mu_efficiency=0.28408, mu_trigger=4.63075, non_prompt_stat_ele=6.3582, non_prompt_stat_muon=2.3249, others_stat_ele=5.26046, others_stat_muon=0.724695, others_xs=3.35068, param=0.0778374, pdf_ele=5.59206, pdf_muon=5.2201, photon_id=6.63283, pileup=0.922812, scale_ele=3.92692, scale_muon=5.24921
RooProdPdf::model_s[ modelObs_s * nuisancePdf ]
     getLogVal() top-level p.d.f evaluates to zero @ !pdfs=(modelObs_s = 0/1,nuisancePdf = 1)

[#0] WARNING:Minization -- RooMinimizerFcn: Minimized function has error status.
Returning maximum FCN so far (1049.03) to force MIGRAD to back out of this region. Error log follows
Parameter values: JER_ele=5.57773, JER_muon=2.79697, JES_ele=6.96712, JES_muon=4.23063, QCD_stat_ele=-4.90395, QCD_stat_muon=6.99925, VBS_stat_ele=6.74686, VBS_stat_muon=2.41117, ele_efficiency=1.43186, ele_trigger=5.22615, fakephoton_ele=-6.98876, fakephoton_muon=0.0656876, interference=3.32533, lumi=5.47306, mu_efficiency=0.214638, mu_trigger=4.27597, non_prompt_stat_ele=-3.44469, non_prompt_stat_muon=1.15328, others_stat_ele=6.93754, others_stat_muon=0.868398, others_xs=4.65513, param=0.0794754, pdf_ele=6.90672, pdf_muon=4.60175, photon_id=6.93369, pileup=1.025, scale_ele=-6.03682, scale_muon=6.69584
RooProdPdf::model_s[ modelObs_s * nuisancePdf ]
     getLogVal() top-level p.d.f evaluates to zero @ !pdfs=(modelObs_s = 0/1,nuisancePdf = 1)

[#0] WARNING:Minization -- RooMinimizerFcn: Minimized function has error status.
Returning maximum FCN so far (1049.03) to force MIGRAD to back out of this region. Error log follows
Parameter values: JER_ele=3.15862, JER_muon=2.7454, JES_ele=5.31204, JES_muon=5.4043, QCD_stat_ele=6.93325, QCD_stat_muon=5.20427, VBS_stat_ele=4.88477, VBS_stat_muon=3.72143, ele_efficiency=0.530797, ele_trigger=2.93697, fakephoton_ele=-2.81806, fakephoton_muon=0.660197, interference=3.80348, lumi=4.95884, mu_efficiency=0.363487, mu_trigger=4.84272, non_prompt_stat_ele=6.70416, non_prompt_stat_muon=2.61328, others_stat_ele=5.41401, others_stat_muon=0.91735, others_xs=3.5632, param=0.077913, pdf_ele=5.71177, pdf_muon=5.58006, photon_id=6.80928, pileup=0.943569, scale_ele=3.37268, scale_muon=4.27644
RooProdPdf::model_s[ modelObs_s * nuisancePdf ]
     getLogVal() top-level p.d.f evaluates to zero @ !pdfs=(modelObs_s = 0/1,nuisancePdf = 1)

[#0] WARNING:Minization -- RooMinimizerFcn: Minimized function has error status.
Returning maximum FCN so far (1049.03) to force MIGRAD to back out of this region. Error log follows
Parameter values: JER_ele=5.90285, JER_muon=2.80868, JES_ele=6.99961, JES_muon=4.0596, QCD_stat_ele=-6.56038, QCD_stat_muon=6.95241, VBS_stat_ele=6.89552, VBS_stat_muon=2.22917, ele_efficiency=1.58172, ele_trigger=5.5393, fakephoton_ele=-6.90971, fakephoton_muon=-0.0191842, interference=3.28358, lumi=5.58121, mu_efficiency=0.19078, mu_trigger=4.20703, non_prompt_stat_ele=-5.77687, non_prompt_stat_muon=0.949529, others_stat_ele=6.99509, others_stat_muon=0.864116, others_xs=4.83128, param=0.0788709, pdf_ele=6.68886, pdf_muon=4.45568, photon_id=6.85129, pileup=1.04718, scale_ele=-6.76204, scale_muon=6.84216
RooProdPdf::model_s[ modelObs_s * nuisancePdf ]
     getLogVal() top-level p.d.f evaluates to zero @ !pdfs=(modelObs_s = 0/1,nuisancePdf = 1)

[#0] WARNING:Minization -- RooMinimizerFcn: Minimized function has error status.
Returning maximum FCN so far (1049.03) to force MIGRAD to back out of this region. Error log follows
Parameter values: JER_ele=2.56273, JER_muon=2.51408, JES_ele=4.51858, JES_muon=5.06381, QCD_stat_ele=5.94104, QCD_stat_muon=4.50665, VBS_stat_ele=4.14581, VBS_stat_muon=3.39907, ele_efficiency=0.319827, ele_trigger=2.20746, fakephoton_ele=-5.66308, fakephoton_muon=0.540583, interference=3.49773, lumi=4.48719, mu_efficiency=0.274137, mu_trigger=4.57127, non_prompt_stat_ele=6.50708, non_prompt_stat_muon=2.33571, others_stat_ele=4.61078, others_stat_muon=0.648124, others_xs=2.98768, param=0.0744961, pdf_ele=4.78506, pdf_muon=5.15173, photon_id=6.28597, pileup=0.877482, scale_ele=5.74749, scale_muon=5.34744
RooProdPdf::model_s[ modelObs_s * nuisancePdf ]
     getLogVal() top-level p.d.f evaluates to zero @ !pdfs=(modelObs_s = 0/1,nuisancePdf = 1)

[#0] WARNING:Minization -- RooMinimizerFcn: Minimized function has error status.
Returning maximum FCN so far (1049.03) to force MIGRAD to back out of this region. Error log follows
Parameter values: JER_ele=5.26173, JER_muon=2.5312, JES_ele=6.81326, JES_muon=3.85784, QCD_stat_ele=-3.08848, QCD_stat_muon=6.84628, VBS_stat_ele=6.511, VBS_stat_muon=2.11896, ele_efficiency=1.24453, ele_trigger=4.73719, fakephoton_ele=-6.01101, fakephoton_muon=-0.0400282, interference=3.0808, lumi=5.13246, mu_efficiency=0.110841, mu_trigger=4.00305, non_prompt_stat_ele=-6.77212, non_prompt_stat_muon=0.924456, others_stat_ele=6.73251, others_stat_muon=0.563528, others_xs=4.18095, param=0.0751664, pdf_ele=6.99973, pdf_muon=4.07524, photon_id=6.9834, pileup=0.980061, scale_ele=-4.18908, scale_muon=6.9688
RooProdPdf::model_s[ modelObs_s * nuisancePdf ]
     getLogVal() top-level p.d.f evaluates to zero @ !pdfs=(modelObs_s = 0/1,nuisancePdf = 1)

[#0] WARNING:Minization -- RooMinimizerFcn: Minimized function has error status.
Returning maximum FCN so far (1049.03) to force MIGRAD to back out of this region. Error log follows
Parameter values: JER_ele=3.11601, JER_muon=2.47911, JES_ele=5.08895, JES_muon=4.72829, QCD_stat_ele=6.9834, QCD_stat_muon=5.19591, VBS_stat_ele=4.67392, VBS_stat_muon=3.05396, ele_efficiency=0.491205, ele_trigger=2.69767, fakephoton_ele=-6.6687, fakephoton_muon=0.38383, interference=3.33364, lumi=4.53824, mu_efficiency=0.223345, mu_trigger=4.38516, non_prompt_stat_ele=3.78934, non_prompt_stat_muon=1.95483, others_stat_ele=5.10502, others_stat_muon=0.58177, others_xs=3.16332, param=0.114342, pdf_ele=5.46738, pdf_muon=4.83349, photon_id=6.4225, pileup=0.883954, scale_ele=4.44405, scale_muon=6.07472
RooProdPdf::model_s[ modelObs_s * nuisancePdf ]
     getLogVal() top-level p.d.f evaluates to zero @ !pdfs=(modelObs_s = 0/1,nuisancePdf = 1)

[#0] WARNING:Minization -- RooMinimizerFcn: Minimized function has error status.
Returning maximum FCN so far (1049.03) to force MIGRAD to back out of this region. Error log follows
Parameter values: JER_ele=5.27677, JER_muon=2.71627, JES_ele=6.85637, JES_muon=4.3599, QCD_stat_ele=-2.75174, QCD_stat_muon=6.87752, VBS_stat_ele=6.57261, VBS_stat_muon=2.58039, ele_efficiency=1.25879, ele_trigger=4.84129, fakephoton_ele=-6.99864, fakephoton_muon=0.119756, interference=3.39438, lumi=5.37683, mu_efficiency=0.191213, mu_trigger=4.33113, non_prompt_stat_ele=-3.10575, non_prompt_stat_muon=1.34203, others_stat_ele=6.80544, others_stat_muon=0.761122, others_xs=4.3973, param=0.116343, pdf_ele=6.99781, pdf_muon=4.63003, photon_id=6.99428, pileup=1.02458, scale_ele=-4.81036, scale_muon=6.606
RooProdPdf::model_s[ modelObs_s * nuisancePdf ]
     getLogVal() top-level p.d.f evaluates to zero @ !pdfs=(modelObs_s = 0/1,nuisancePdf = 1)

[#0] WARNING:Minization -- RooMinimizerFcn: Minimized function has error status.
Returning maximum FCN so far (1049.03) to force MIGRAD to back out of this region. Error log follows
Parameter values: JER_ele=3.3595, JER_muon=2.76203, JES_ele=5.5292, JES_muon=5.23344, QCD_stat_ele=6.98438, QCD_stat_muon=5.84321, VBS_stat_ele=5.03637, VBS_stat_muon=3.49723, ele_efficiency=0.63261, ele_trigger=3.18884, fakephoton_ele=-3.46162, fakephoton_muon=0.592012, interference=3.65974, lumi=4.92752, mu_efficiency=0.370526, mu_trigger=4.73043, non_prompt_stat_ele=6.97983, non_prompt_stat_muon=2.39455, others_stat_ele=5.61101, others_stat_muon=0.963527, others_xs=3.68202, param=0.133433, pdf_ele=5.96811, pdf_muon=5.46994, photon_id=6.8539, pileup=0.921312, scale_ele=2.59806, scale_muon=4.70856
RooProdPdf::model_s[ modelObs_s * nuisancePdf ]
     getLogVal() top-level p.d.f evaluates to zero @ !pdfs=(modelObs_s = 0/1,nuisancePdf = 1)

[#0] WARNING:Minization -- RooMinimizerFcn: Minimized function has error status.
Returning maximum FCN so far (1049.03) to force MIGRAD to back out of this region. Error log follows
Parameter values: JER_ele=6.69733, JER_muon=3.09699, JES_ele=6.43096, JES_muon=4.32166, QCD_stat_ele=-3.87735, QCD_stat_muon=6.44274, VBS_stat_ele=6.87561, VBS_stat_muon=2.43597, ele_efficiency=2.07326, ele_trigger=6.44895, fakephoton_ele=-6.99759, fakephoton_muon=-0.0319952, interference=3.68581, lumi=6.22286, mu_efficiency=0.22469, mu_trigger=4.49644, non_prompt_stat_ele=-6.18253, non_prompt_stat_muon=1.00081, others_stat_ele=6.60013, others_stat_muon=1.11447, others_xs=5.6155, param=0.0956045, pdf_ele=4.90895, pdf_muon=4.81515, photon_id=5.78064, pileup=1.20173, scale_ele=-4.88513, scale_muon=6.62397
RooProdPdf::model_s[ modelObs_s * nuisancePdf ]
     getLogVal() top-level p.d.f evaluates to zero @ !pdfs=(modelObs_s = 0/1,nuisancePdf = 1)

[#0] WARNING:Minization -- RooMinimizerFcn: Minimized function has error status.
Returning maximum FCN so far (1049.03) to force MIGRAD to back out of this region. Error log follows
Parameter values: JER_ele=3.12532, JER_muon=2.52514, JES_ele=5.1485, JES_muon=4.76016, QCD_stat_ele=6.9859, QCD_stat_muon=5.51026, VBS_stat_ele=4.67772, VBS_stat_muon=3.02514, ele_efficiency=0.517085, ele_trigger=2.77378, fakephoton_ele=-6.29374, fakephoton_muon=0.397301, interference=3.32673, lumi=4.55793, mu_efficiency=0.246903, mu_trigger=4.4113, non_prompt_stat_ele=4.95714, non_prompt_stat_muon=1.96466, others_stat_ele=5.18523, others_stat_muon=0.648047, others_xs=3.24681, param=0.0838944, pdf_ele=5.53842, pdf_muon=4.90053, photon_id=6.49523, pileup=0.879777, scale_ele=4.20564, scale_muon=5.97527
RooProdPdf::model_s[ modelObs_s * nuisancePdf ]
     getLogVal() top-level p.d.f evaluates to zero @ !pdfs=(modelObs_s = 0/1,nuisancePdf = 1)

[#0] WARNING:Minization -- RooMinimizerFcn: Minimized function has error status.
Returning maximum FCN so far (1049.03) to force MIGRAD to back out of this region. Error log follows
Parameter values: JER_ele=5.50547, JER_muon=2.66157, JES_ele=6.93151, JES_muon=4.23233, QCD_stat_ele=-4.40847, QCD_stat_muon=6.8441, VBS_stat_ele=6.70875, VBS_stat_muon=2.47273, ele_efficiency=1.34797, ele_trigger=5.04624, fakephoton_ele=-6.8764, fakephoton_muon=0.0753727, interference=3.37005, lumi=5.43703, mu_efficiency=0.165271, mu_trigger=4.24372, non_prompt_stat_ele=-5.28745, non_prompt_stat_muon=1.2335, others_stat_ele=6.88302, others_stat_muon=0.718039, others_xs=4.48001, param=0.0867102, pdf_ele=6.96145, pdf_muon=4.47879, photon_id=6.98354, pileup=1.03582, scale_ele=-5.5185, scale_muon=6.74383
RooProdPdf::model_s[ modelObs_s * nuisancePdf ]
     getLogVal() top-level p.d.f evaluates to zero @ !pdfs=(modelObs_s = 0/1,nuisancePdf = 1)

[#0] WARNING:Minization -- RooMinimizerFcn: Minimized function has error status.
Returning maximum FCN so far (1049.03) to force MIGRAD to back out of this region. Error log follows
Parameter values: JER_ele=2.55127, JER_muon=2.5539, JES_ele=4.55443, JES_muon=4.93657, QCD_stat_ele=5.99809, QCD_stat_muon=5.30501, VBS_stat_ele=4.07896, VBS_stat_muon=3.19373, ele_efficiency=0.352443, ele_trigger=2.27204, fakephoton_ele=-5.4588, fakephoton_muon=0.484883, interference=3.35803, lumi=4.4009, mu_efficiency=0.283486, mu_trigger=4.50585, non_prompt_stat_ele=6.66945, non_prompt_stat_muon=2.16249, others_stat_ele=4.66217, others_stat_muon=0.689601, others_xs=3.02836, param=0.0826803, pdf_ele=4.84078, pdf_muon=5.08348, photon_id=6.29852, pileup=0.853342, scale_ele=5.65726, scale_muon=5.58014
RooProdPdf::model_s[ modelObs_s * nuisancePdf ]
     getLogVal() top-level p.d.f evaluates to zero @ !pdfs=(modelObs_s = 0/1,nuisancePdf = 1)

[#0] WARNING:Minization -- RooMinimizerFcn: Minimized function has error status.
Returning maximum FCN so far (1049.03) to force MIGRAD to back out of this region. Error log follows
Parameter values: JER_ele=3.22509, JER_muon=2.48976, JES_ele=5.20942, JES_muon=4.593, QCD_stat_ele=6.99491, QCD_stat_muon=5.67614, VBS_stat_ele=4.73886, VBS_stat_muon=2.84578, ele_efficiency=0.530185, ele_trigger=2.80181, fakephoton_ele=-6.7495, fakephoton_muon=0.312076, interference=3.23476, lumi=4.51178, mu_efficiency=0.204846, mu_trigger=4.32774, non_prompt_stat_ele=3.24531, non_prompt_stat_muon=1.78429, others_stat_ele=5.21648, others_stat_muon=0.565471, others_xs=3.2004, param=0.0759971, pdf_ele=5.60235, pdf_muon=4.7145, photon_id=6.44184, pileup=0.882308, scale_ele=4.08252, scale_muon=6.29858
RooProdPdf::model_s[ modelObs_s * nuisancePdf ]
     getLogVal() top-level p.d.f evaluates to zero @ !pdfs=(modelObs_s = 0/1,nuisancePdf = 1)

[#0] WARNING:Minization -- RooMinimizerFcn: Minimized function has error status.
Returning maximum FCN so far (1049.03) to force MIGRAD to back out of this region. Error log follows
Parameter values: JER_ele=5.35957, JER_muon=2.66993, JES_ele=6.88008, JES_muon=4.38957, QCD_stat_ele=-3.28518, QCD_stat_muon=6.724, VBS_stat_ele=6.62787, VBS_stat_muon=2.62087, ele_efficiency=1.26516, ele_trigger=4.87472, fakephoton_ele=-6.98099, fakephoton_muon=0.125949, interference=3.45753, lumi=5.43453, mu_efficiency=0.168459, mu_trigger=4.34219, non_prompt_stat_ele=-4.09219, non_prompt_stat_muon=1.39493, others_stat_ele=6.82538, others_stat_muon=0.708209, others_xs=4.39815, param=0.0832672, pdf_ele=6.99305, pdf_muon=4.60032, photon_id=6.99317, pileup=1.04602, scale_ele=-5.01102, scale_muon=6.6044
RooProdPdf::model_s[ modelObs_s * nuisancePdf ]
     getLogVal() top-level p.d.f evaluates to zero @ !pdfs=(modelObs_s = 0/1,nuisancePdf = 1)

[#0] WARNING:Minization -- RooMinimizerFcn: Minimized function has error status.
Returning maximum FCN so far (1049.03) to force MIGRAD to back out of this region. Error log follows
Parameter values: JER_ele=2.48559, JER_muon=2.47865, JES_ele=4.48646, JES_muon=4.73355, QCD_stat_ele=5.96568, QCD_stat_muon=5.39517, VBS_stat_ele=3.9625, VBS_stat_muon=2.97368, ele_efficiency=0.384489, ele_trigger=2.28924, fakephoton_ele=-6.0436, fakephoton_muon=0.457298, interference=3.16371, lumi=4.22714, mu_efficiency=0.296046, mu_trigger=4.31879, non_prompt_stat_ele=6.01842, non_prompt_stat_muon=1.99705, others_stat_ele=4.59385, others_stat_muon=0.702749, others_xs=2.99758, param=0.0833254, pdf_ele=4.79219, pdf_muon=4.91372, photon_id=6.19775, pileup=0.798958, scale_ele=5.84683, scale_muon=5.90066
RooProdPdf::model_s[ modelObs_s * nuisancePdf ]
     getLogVal() top-level p.d.f evaluates to zero @ !pdfs=(modelObs_s = 0/1,nuisancePdf = 1)

[#0] WARNING:Minization -- RooMinimizerFcn: Minimized function has error status.
Returning maximum FCN so far (1049.03) to force MIGRAD to back out of this region. Error log follows
Parameter values: JER_ele=3.07677, JER_muon=2.25024, JES_ele=4.91657, JES_muon=4.10615, QCD_stat_ele=6.99909, QCD_stat_muon=5.23205, VBS_stat_ele=4.47685, VBS_stat_muon=2.40482, ele_efficiency=0.468145, ele_trigger=2.51966, fakephoton_ele=-6.61782, fakephoton_muon=0.1637, interference=2.9116, lumi=4.1646, mu_efficiency=0.11429, mu_trigger=3.98135, non_prompt_stat_ele=-2.76653, non_prompt_stat_muon=1.40527, others_stat_ele=4.86657, others_stat_muon=0.322644, others_xs=2.85485, param=0.0899371, pdf_ele=5.27129, pdf_muon=4.12679, photon_id=5.97519, pileup=0.830831, scale_ele=5.14947, scale_muon=6.85499
RooProdPdf::model_s[ modelObs_s * nuisancePdf ]
     getLogVal() top-level p.d.f evaluates to zero @ !pdfs=(modelObs_s = 0/1,nuisancePdf = 1)

[#0] WARNING:Minization -- RooMinimizerFcn: Minimized function has error status.
Returning maximum FCN so far (1049.03) to force MIGRAD to back out of this region. Error log follows
Parameter values: JER_ele=3.14501, JER_muon=2.63431, JES_ele=5.24973, JES_muon=4.84306, QCD_stat_ele=6.99003, QCD_stat_muon=6.06237, VBS_stat_ele=4.70586, VBS_stat_muon=3.0324, ele_efficiency=0.560458, ele_trigger=2.90151, fakephoton_ele=-5.3264, fakephoton_muon=0.42507, interference=3.33805, lumi=4.60841, mu_efficiency=0.294454, mu_trigger=4.48557, non_prompt_stat_ele=6.42279, non_prompt_stat_muon=1.99577, others_stat_ele=5.31838, others_stat_muon=0.778677, others_xs=3.39583, param=0.0919014, pdf_ele=5.65895, pdf_muon=5.05936, photon_id=6.62532, pileup=0.875705, scale_ele=3.77465, scale_muon=5.73461
RooProdPdf::model_s[ modelObs_s * nuisancePdf ]
     getLogVal() top-level p.d.f evaluates to zero @ !pdfs=(modelObs_s = 0/1,nuisancePdf = 1)

[#0] WARNING:Minization -- RooMinimizerFcn: Minimized function has error status.
Returning maximum FCN so far (1049.03) to force MIGRAD to back out of this region. Error log follows
Parameter values: JER_ele=5.86521, JER_muon=2.55544, JES_ele=6.99344, JES_muon=4.07098, QCD_stat_ele=-6.38306, QCD_stat_muon=6.63635, VBS_stat_ele=6.88322, VBS_stat_muon=2.39764, ele_efficiency=1.45833, ele_trigger=5.30614, fakephoton_ele=-5.43575, fakephoton_muon=-0.000681548, interference=3.407, lumi=5.56791, mu_efficiency=0.0946148, mu_trigger=4.14554, non_prompt_stat_ele=-6.90858, non_prompt_stat_muon=1.10896, others_stat_ele=6.95977, others_stat_muon=0.584461, others_xs=4.55521, param=0.0941808, pdf_ele=6.82471, pdf_muon=4.22013, photon_id=6.96611, pileup=1.07933, scale_ele=-6.32883, scale_muon=6.90205
RooProdPdf::model_s[ modelObs_s * nuisancePdf ]
     getLogVal() top-level p.d.f evaluates to zero @ !pdfs=(modelObs_s = 0/1,nuisancePdf = 1)

[#0] WARNING:Minization -- RooMinimizerFcn: Minimized function has error status.
Returning maximum FCN so far (1049.03) to force MIGRAD to back out of this region. Error log follows
Parameter values: JER_ele=3.4958, JER_muon=2.53324, JES_ele=5.48831, JES_muon=4.55518, QCD_stat_ele=6.75835, QCD_stat_muon=6.03323, VBS_stat_ele=5.00057, VBS_stat_muon=2.75075, ele_efficiency=0.602384, ele_trigger=3.03734, fakephoton_ele=-6.76994, fakephoton_muon=0.260885, interference=3.24393, lumi=4.61973, mu_efficiency=0.187395, mu_trigger=4.34925, non_prompt_stat_ele=2.74046, non_prompt_stat_muon=1.69575, others_stat_ele=5.47644, others_stat_muon=0.564175, others_xs=3.33056, param=0.0880447, pdf_ele=5.90299, pdf_muon=4.6847, photon_id=6.56748, pileup=0.909648, scale_ele=3.09649, scale_muon=6.37847
RooProdPdf::model_s[ modelObs_s * nuisancePdf ]
     getLogVal() top-level p.d.f evaluates to zero @ !pdfs=(modelObs_s = 0/1,nuisancePdf = 1)


 -- Hybrid New -- 
CLs = 0.0580357 +/- 0.0112221
Done in 15.04 min (cpu), 15.23 min (real)
