 <<< Combine >>> 
>>> including systematics
>>> using the Profile Likelihood test statistics modified for upper limits (Q_LHC)
>>> method used is HybridNew
>>> Used OpenSSL to get a really random seed -981448565
Computing results starting from observation (a-posteriori)
[#0] WARNING:Minization -- RooMinimizerFcn: Minimized function has error status.
Returning maximum FCN so far (642.932) to force MIGRAD to back out of this region. Error log follows
Parameter values: JER_ele=4.71873, JER_muon=4.93817, JES_ele=6.24008, JES_muon=6.70851, QCD_stat_ele=0.89899, QCD_stat_muon=-6.20129, VBS_stat_ele=6.80871, VBS_stat_muon=6.89925, ele_efficiency=0.825078, ele_trigger=5.4143, fakephoton_ele=6.8015, fakephoton_muon=1.54529, interference=5.21481, lumi=5.89088, mu_efficiency=0.880768, mu_trigger=6.47841, non_prompt_stat_ele=4.31234, non_prompt_stat_muon=6.36219, others_stat_ele=6.79603, others_stat_muon=6.34074, others_xs=6.70678, param=0.383651, pdf_ele=6.99833, pdf_muon=6.85001, photon_id=1.35481, pileup=0.0274705, scale_ele=-1.90872, scale_muon=-5.49627
RooProdPdf::model_s[ modelObs_s * nuisancePdf ]
     getLogVal() top-level p.d.f evaluates to zero @ !pdfs=(modelObs_s = 0/1,nuisancePdf = 1)

[#0] WARNING:Minization -- RooMinimizerFcn: Minimized function has error status.
Returning maximum FCN so far (649.453) to force MIGRAD to back out of this region. Error log follows
Parameter values: JER_ele=-2.69732, JER_muon=3.14101, JES_ele=-4.66942, JES_muon=-6.7133, QCD_stat_ele=-6.85689, QCD_stat_muon=2.33583, VBS_stat_ele=-1.7162, VBS_stat_muon=-5.40495, ele_efficiency=-1.11035, ele_trigger=-3.51166, fakephoton_ele=3.76638, fakephoton_muon=6.80436, interference=6.65089, lumi=6.97339, mu_efficiency=5.34379, mu_trigger=-2.46636, non_prompt_stat_ele=6.60804, non_prompt_stat_muon=-0.137664, others_stat_ele=-5.30083, others_stat_muon=-4.3165, others_xs=6.95142, param=1.99889, pdf_ele=-5.20576, pdf_muon=-0.869587, photon_id=-6.76575, pileup=-1.24243, scale_ele=-6.46156, scale_muon=0.00905229
RooProdPdf::model_s[ modelObs_s * nuisancePdf ]
     getLogVal() top-level p.d.f evaluates to zero @ !pdfs=(modelObs_s = 0/1,nuisancePdf = 1)

[#0] WARNING:Minization -- RooMinimizerFcn: Minimized function has error status.
Returning maximum FCN so far (1012.52) to force MIGRAD to back out of this region. Error log follows
Parameter values: JER_ele=0.693132, JER_muon=4.73527, JES_ele=1.80893, JES_muon=-6.08968, QCD_stat_ele=5.81796, QCD_stat_muon=-6.47776, VBS_stat_ele=4.76865, VBS_stat_muon=1.1912, ele_efficiency=1.53918, ele_trigger=2.80072, fakephoton_ele=6.88873, fakephoton_muon=6.97478, interference=6.98916, lumi=6.66165, mu_efficiency=5.81668, mu_trigger=0.954594, non_prompt_stat_ele=6.465, non_prompt_stat_muon=2.67014, others_stat_ele=4.30784, others_stat_muon=-3.8424, others_xs=6.11054, param=0.728225, pdf_ele=3.57495, pdf_muon=-4.14641, photon_id=-5.87945, pileup=-1.39201, scale_ele=6.99833, scale_muon=-6.53006
RooProdPdf::model_s[ modelObs_s * nuisancePdf ]
     getLogVal() top-level p.d.f evaluates to zero @ !pdfs=(modelObs_s = 0/1,nuisancePdf = 1)

[#0] WARNING:Minization -- RooMinimizerFcn: Minimized function has error status.
Returning maximum FCN so far (1012.52) to force MIGRAD to back out of this region. Error log follows
Parameter values: JER_ele=-2.87481, JER_muon=-5.25671, JES_ele=-4.15125, JES_muon=5.88721, QCD_stat_ele=-6.91737, QCD_stat_muon=-2.20289, VBS_stat_ele=-3.3747, VBS_stat_muon=-2.64031, ele_efficiency=-0.0324543, ele_trigger=-3.09264, fakephoton_ele=6.57187, fakephoton_muon=-6.03427, interference=-6.92935, lumi=-6.96322, mu_efficiency=-4.17164, mu_trigger=1.17433, non_prompt_stat_ele=5.67321, non_prompt_stat_muon=-0.58022, others_stat_ele=-3.92963, others_stat_muon=3.05809, others_xs=-5.27063, param=1.28601, pdf_ele=-4.95422, pdf_muon=5.18443, photon_id=5.14356, pileup=-2.43895, scale_ele=-6.97989, scale_muon=3.5966
RooProdPdf::model_s[ modelObs_s * nuisancePdf ]
     getLogVal() top-level p.d.f evaluates to zero @ !pdfs=(modelObs_s = 0/1,nuisancePdf = 1)

[#0] WARNING:Minization -- RooMinimizerFcn: Minimized function has error status.
Returning maximum FCN so far (1012.52) to force MIGRAD to back out of this region. Error log follows
Parameter values: JER_ele=0.054648, JER_muon=4.22068, JES_ele=0.617598, JES_muon=-6.74265, QCD_stat_ele=3.57981, QCD_stat_muon=-4.9516, VBS_stat_ele=3.43897, VBS_stat_muon=0.778374, ele_efficiency=1.04951, ele_trigger=1.6589, fakephoton_ele=5.06929, fakephoton_muon=6.97077, interference=6.94538, lumi=6.77748, mu_efficiency=5.8405, mu_trigger=-0.622572, non_prompt_stat_ele=5.38518, non_prompt_stat_muon=1.71395, others_stat_ele=2.63645, others_stat_muon=-4.27486, others_xs=6.20805, param=0.125674, pdf_ele=1.95216, pdf_muon=-2.49022, photon_id=-5.63926, pileup=-1.20653, scale_ele=5.52673, scale_muon=-1.6842
RooProdPdf::model_s[ modelObs_s * nuisancePdf ]
     getLogVal() top-level p.d.f evaluates to zero @ !pdfs=(modelObs_s = 0/1,nuisancePdf = 1)

[#0] WARNING:Minization -- RooMinimizerFcn: Minimized function has error status.
Returning maximum FCN so far (1012.52) to force MIGRAD to back out of this region. Error log follows
Parameter values: JER_ele=-0.0883013, JER_muon=6.96289, JES_ele=0.388096, JES_muon=1.38547, QCD_stat_ele=3.18203, QCD_stat_muon=6.97315, VBS_stat_ele=3.0972, VBS_stat_muon=6.34054, ele_efficiency=1.00752, ele_trigger=1.49027, fakephoton_ele=5.00065, fakephoton_muon=6.04156, interference=6.28296, lumi=6.66002, mu_efficiency=4.55195, mu_trigger=6.04087, non_prompt_stat_ele=5.30046, non_prompt_stat_muon=6.75428, others_stat_ele=2.36675, others_stat_muon=4.17093, others_xs=6.81762, param=0.423274, pdf_ele=1.66041, pdf_muon=-5.03887, photon_id=-3.21107, pileup=-1.60409, scale_ele=5.13854, scale_muon=6.78894
RooProdPdf::model_s[ modelObs_s * nuisancePdf ]
     getLogVal() top-level p.d.f evaluates to zero @ !pdfs=(modelObs_s = 0/1,nuisancePdf = 1)

[#0] WARNING:Minization -- RooMinimizerFcn: Minimized function has error status.
Returning maximum FCN so far (1012.52) to force MIGRAD to back out of this region. Error log follows
Parameter values: JER_ele=-0.519723, JER_muon=6.32261, JES_ele=-0.331268, JES_muon=6.51729, QCD_stat_ele=1.54458, QCD_stat_muon=-6.54763, VBS_stat_ele=2.31512, VBS_stat_muon=6.80519, ele_efficiency=0.853377, ele_trigger=0.890864, fakephoton_ele=3.49442, fakephoton_muon=4.76499, interference=4.60268, lumi=5.22664, mu_efficiency=3.48381, mu_trigger=6.82726, non_prompt_stat_ele=3.50863, non_prompt_stat_muon=6.34737, others_stat_ele=1.45316, others_stat_muon=6.98151, others_xs=5.15147, param=0.578377, pdf_ele=0.678992, pdf_muon=3.42276, photon_id=4.92129, pileup=-1.84751, scale_ele=3.34767, scale_muon=-5.89135
RooProdPdf::model_s[ modelObs_s * nuisancePdf ]
     getLogVal() top-level p.d.f evaluates to zero @ !pdfs=(modelObs_s = 0/1,nuisancePdf = 1)

[#0] WARNING:Minization -- RooMinimizerFcn: Minimized function has error status.
Returning maximum FCN so far (1012.52) to force MIGRAD to back out of this region. Error log follows
Parameter values: JER_ele=-0.250731, JER_muon=6.99999, JES_ele=0.178481, JES_muon=2.60386, QCD_stat_ele=2.91198, QCD_stat_muon=5.71109, VBS_stat_ele=2.88244, VBS_stat_muon=6.73159, ele_efficiency=1.02222, ele_trigger=1.38065, fakephoton_ele=4.86547, fakephoton_muon=5.89433, interference=5.99967, lumi=6.47363, mu_efficiency=4.41922, mu_trigger=6.5012, non_prompt_stat_ele=5.12691, non_prompt_stat_muon=6.94345, others_stat_ele=2.23709, others_stat_muon=4.97873, others_xs=6.62613, param=0.604406, pdf_ele=1.42398, pdf_muon=-3.696, photon_id=-1.65746, pileup=-1.78682, scale_ele=4.90029, scale_muon=6.72905
RooProdPdf::model_s[ modelObs_s * nuisancePdf ]
     getLogVal() top-level p.d.f evaluates to zero @ !pdfs=(modelObs_s = 0/1,nuisancePdf = 1)

[#0] WARNING:Minization -- RooMinimizerFcn: Minimized function has error status.
Returning maximum FCN so far (1012.52) to force MIGRAD to back out of this region. Error log follows
Parameter values: JER_ele=-0.629197, JER_muon=6.36779, JES_ele=-0.459779, JES_muon=6.43909, QCD_stat_ele=1.46318, QCD_stat_muon=-6.37188, VBS_stat_ele=2.25142, VBS_stat_muon=6.79741, ele_efficiency=0.892059, ele_trigger=0.859341, fakephoton_ele=3.51702, fakephoton_muon=4.87662, interference=4.60658, lumi=5.26529, mu_efficiency=3.58246, mu_trigger=6.84356, non_prompt_stat_ele=3.51303, non_prompt_stat_muon=6.36804, others_stat_ele=1.43845, others_stat_muon=6.96689, others_xs=5.16112, param=0.492091, pdf_ele=0.566393, pdf_muon=3.20059, photon_id=4.81432, pileup=-2.00038, scale_ele=3.29956, scale_muon=-5.59727
RooProdPdf::model_s[ modelObs_s * nuisancePdf ]
     getLogVal() top-level p.d.f evaluates to zero @ !pdfs=(modelObs_s = 0/1,nuisancePdf = 1)

[#0] WARNING:Minization -- RooMinimizerFcn: Minimized function has error status.
Returning maximum FCN so far (1012.52) to force MIGRAD to back out of this region. Error log follows
Parameter values: JER_ele=-0.385734, JER_muon=6.65168, JES_ele=-0.106405, JES_muon=5.70989, QCD_stat_ele=2.00335, QCD_stat_muon=-3.78567, VBS_stat_ele=2.43549, VBS_stat_muon=6.96863, ele_efficiency=0.87729, ele_trigger=1.04601, fakephoton_ele=3.89627, fakephoton_muon=5.09872, interference=5.07606, lumi=5.65613, mu_efficiency=3.72939, mu_trigger=6.99465, non_prompt_stat_ele=4.00388, non_prompt_stat_muon=6.76607, others_stat_ele=1.69693, others_stat_muon=6.71332, others_xs=5.73178, param=0.28889, pdf_ele=0.946217, pdf_muon=1.38903, photon_id=3.20437, pileup=-1.731, scale_ele=3.85979, scale_muon=-2.14616
RooProdPdf::model_s[ modelObs_s * nuisancePdf ]
     getLogVal() top-level p.d.f evaluates to zero @ !pdfs=(modelObs_s = 0/1,nuisancePdf = 1)

[#0] WARNING:Minization -- RooMinimizerFcn: Minimized function has error status.
Returning maximum FCN so far (1012.52) to force MIGRAD to back out of this region. Error log follows
Parameter values: JER_ele=-0.40301, JER_muon=6.57276, JES_ele=-0.115266, JES_muon=5.93019, QCD_stat_ele=2.03162, QCD_stat_muon=-4.6283, VBS_stat_ele=2.36134, VBS_stat_muon=6.91481, ele_efficiency=0.882955, ele_trigger=1.04711, fakephoton_ele=3.92451, fakephoton_muon=5.02817, interference=4.93917, lumi=5.55406, mu_efficiency=3.67233, mu_trigger=6.97484, non_prompt_stat_ele=4.03614, non_prompt_stat_muon=6.68629, others_stat_ele=1.71344, others_stat_muon=6.80156, others_xs=5.62416, param=0.385492, pdf_ele=0.9322, pdf_muon=1.93274, photon_id=3.61235, pileup=-1.7728, scale_ele=3.8905, scale_muon=-3.16493
RooProdPdf::model_s[ modelObs_s * nuisancePdf ]
     getLogVal() top-level p.d.f evaluates to zero @ !pdfs=(modelObs_s = 0/1,nuisancePdf = 1)

[#0] WARNING:Minization -- RooMinimizerFcn: Minimized function has error status.
Returning maximum FCN so far (1012.52) to force MIGRAD to back out of this region. Error log follows
Parameter values: JER_ele=-0.557799, JER_muon=6.54472, JES_ele=-0.320146, JES_muon=6.01857, QCD_stat_ele=1.78778, QCD_stat_muon=-5.00041, VBS_stat_ele=2.27109, VBS_stat_muon=6.87814, ele_efficiency=0.915372, ele_trigger=0.962698, fakephoton_ele=3.83193, fakephoton_muon=5.06568, interference=4.84135, lumi=5.49508, mu_efficiency=3.72078, mu_trigger=6.95402, non_prompt_stat_ele=3.89765, non_prompt_stat_muon=6.61478, others_stat_ele=1.61351, others_stat_muon=6.83895, others_xs=5.49576, param=0.42009, pdf_ele=0.731018, pdf_muon=2.13813, photon_id=3.90301, pileup=-1.95223, scale_ele=3.67001, scale_muon=-3.65159
RooProdPdf::model_s[ modelObs_s * nuisancePdf ]
     getLogVal() top-level p.d.f evaluates to zero @ !pdfs=(modelObs_s = 0/1,nuisancePdf = 1)

[#0] WARNING:Minization -- RooMinimizerFcn: Minimized function has error status.
Returning maximum FCN so far (1012.52) to force MIGRAD to back out of this region. Error log follows
Parameter values: JER_ele=-0.360988, JER_muon=6.64396, JES_ele=-0.0338268, JES_muon=5.6665, QCD_stat_ele=2.19824, QCD_stat_muon=-3.63068, VBS_stat_ele=2.33309, VBS_stat_muon=6.93259, ele_efficiency=0.888321, ele_trigger=1.09738, fakephoton_ele=4.0603, fakephoton_muon=5.11406, interference=5.04336, lumi=5.65358, mu_efficiency=3.73221, mu_trigger=6.99562, non_prompt_stat_ele=4.20307, non_prompt_stat_muon=6.78059, others_stat_ele=1.80163, others_stat_muon=6.68994, others_xs=5.78179, param=0.276894, pdf_ele=1.01531, pdf_muon=1.38975, photon_id=3.10255, pileup=-1.73302, scale_ele=4.06716, scale_muon=-1.89959
RooProdPdf::model_s[ modelObs_s * nuisancePdf ]
     getLogVal() top-level p.d.f evaluates to zero @ !pdfs=(modelObs_s = 0/1,nuisancePdf = 1)

[#0] WARNING:Minization -- RooMinimizerFcn: Minimized function has error status.
Returning maximum FCN so far (1012.52) to force MIGRAD to back out of this region. Error log follows
Parameter values: JER_ele=-0.677572, JER_muon=6.22637, JES_ele=-0.487454, JES_muon=6.57774, QCD_stat_ele=1.40942, QCD_stat_muon=-6.75105, VBS_stat_ele=1.90853, VBS_stat_muon=6.53617, ele_efficiency=0.876488, ele_trigger=0.811316, fakephoton_ele=3.44535, fakephoton_muon=4.79447, interference=4.38171, lumi=5.08687, mu_efficiency=3.5026, mu_trigger=6.76401, non_prompt_stat_ele=3.42655, non_prompt_stat_muon=6.25915, others_stat_ele=1.41023, others_stat_muon=6.98869, others_xs=5.05084, param=0.17531, pdf_ele=0.46802, pdf_muon=3.78435, photon_id=5.22244, pileup=-1.99895, scale_ele=3.22026, scale_muon=-6.14462
RooProdPdf::model_s[ modelObs_s * nuisancePdf ]
     getLogVal() top-level p.d.f evaluates to zero @ !pdfs=(modelObs_s = 0/1,nuisancePdf = 1)

[#0] WARNING:Minization -- RooMinimizerFcn: Minimized function has error status.
Returning maximum FCN so far (810.368) to force MIGRAD to back out of this region. Error log follows
Parameter values: JER_ele=3.90695, JER_muon=6.84612, JES_ele=0.895083, JES_muon=-1.08934, QCD_stat_ele=3.14357, QCD_stat_muon=-3.47823, VBS_stat_ele=6.75452, VBS_stat_muon=3.68355, ele_efficiency=-5.77937, ele_trigger=5.41754, fakephoton_ele=5.96692, fakephoton_muon=1.89202, interference=-1.21205, lumi=6.99605, mu_efficiency=-2.21383, mu_trigger=0.560975, non_prompt_stat_ele=6.3077, non_prompt_stat_muon=4.38378, others_stat_ele=6.99078, others_stat_muon=4.72403, others_xs=5.44279, param=0.539849, pdf_ele=6.99438, pdf_muon=1.00436, photon_id=2.24488, pileup=3.19674, scale_ele=1.24535, scale_muon=2.42152
RooProdPdf::model_s[ modelObs_s * nuisancePdf ]
     getLogVal() top-level p.d.f evaluates to zero @ !pdfs=(modelObs_s = 0/1,nuisancePdf = 1)

[#0] WARNING:Minization -- RooMinimizerFcn: Minimized function has error status.
Returning maximum FCN so far (810.368) to force MIGRAD to back out of this region. Error log follows
Parameter values: JER_ele=-6.46078, JER_muon=-6.02954, JES_ele=-6.87479, JES_muon=2.02646, QCD_stat_ele=-2.25177, QCD_stat_muon=-4.90268, VBS_stat_ele=-6.7834, VBS_stat_muon=-0.926376, ele_efficiency=-0.581308, ele_trigger=-6.99694, fakephoton_ele=5.39775, fakephoton_muon=-6.2881, interference=-6.9939, lumi=-5.37994, mu_efficiency=-3.89663, mu_trigger=-3.46463, non_prompt_stat_ele=5.87778, non_prompt_stat_muon=6.93153, others_stat_ele=-6.13824, others_stat_muon=2.2235, others_xs=-3.62855, param=1.52455, pdf_ele=-3.20951, pdf_muon=6.75606, photon_id=-1.44147, pileup=-2.12318, scale_ele=3.8267, scale_muon=6.99907
RooProdPdf::model_s[ modelObs_s * nuisancePdf ]
     getLogVal() top-level p.d.f evaluates to zero @ !pdfs=(modelObs_s = 0/1,nuisancePdf = 1)

[#0] WARNING:Minization -- RooMinimizerFcn: Minimized function has error status.
Returning maximum FCN so far (810.368) to force MIGRAD to back out of this region. Error log follows
Parameter values: JER_ele=2.69515, JER_muon=4.51653, JES_ele=4.70067, JES_muon=6.99977, QCD_stat_ele=5.71984, QCD_stat_muon=5.73881, VBS_stat_ele=5.14897, VBS_stat_muon=6.63286, ele_efficiency=2.25117, ele_trigger=3.15336, fakephoton_ele=6.98329, fakephoton_muon=4.75939, interference=6.12478, lumi=5.33282, mu_efficiency=2.59334, mu_trigger=6.66924, non_prompt_stat_ele=6.75293, non_prompt_stat_muon=6.80738, others_stat_ele=3.48808, others_stat_muon=6.00595, others_xs=5.6409, param=2.06925, pdf_ele=5.25392, pdf_muon=6.95524, photon_id=4.81905, pileup=0.125018, scale_ele=6.87774, scale_muon=-5.67274
RooProdPdf::model_s[ modelObs_s * nuisancePdf ]
     getLogVal() top-level p.d.f evaluates to zero @ !pdfs=(modelObs_s = 0/1,nuisancePdf = 1)

[#0] WARNING:Minization -- RooMinimizerFcn: Minimized function has error status.
Returning maximum FCN so far (810.368) to force MIGRAD to back out of this region. Error log follows
Parameter values: JER_ele=-6.32237, JER_muon=-6.32405, JES_ele=-6.83613, JES_muon=2.38808, QCD_stat_ele=1.05637, QCD_stat_muon=-4.06456, VBS_stat_ele=-6.81648, VBS_stat_muon=-0.661011, ele_efficiency=-1.35561, ele_trigger=-6.9747, fakephoton_ele=5.95517, fakephoton_muon=-6.41082, interference=-6.98218, lumi=-5.56554, mu_efficiency=-4.16069, mu_trigger=-3.15721, non_prompt_stat_ele=5.35393, non_prompt_stat_muon=6.99171, others_stat_ele=-6.35843, others_stat_muon=1.30449, others_xs=-3.74627, param=1.79139, pdf_ele=-3.83487, pdf_muon=6.98585, photon_id=-0.605918, pileup=-1.85587, scale_ele=4.72485, scale_muon=6.89373
RooProdPdf::model_s[ modelObs_s * nuisancePdf ]
     getLogVal() top-level p.d.f evaluates to zero @ !pdfs=(modelObs_s = 0/1,nuisancePdf = 1)

[#0] WARNING:Minization -- RooMinimizerFcn: Minimized function has error status.
Returning maximum FCN so far (810.368) to force MIGRAD to back out of this region. Error log follows
Parameter values: JER_ele=2.92017, JER_muon=4.85467, JES_ele=4.99077, JES_muon=6.94024, QCD_stat_ele=4.8593, QCD_stat_muon=4.84216, VBS_stat_ele=5.44312, VBS_stat_muon=6.22601, ele_efficiency=2.35286, ele_trigger=3.42046, fakephoton_ele=6.98753, fakephoton_muon=5.07335, interference=6.36411, lumi=5.66347, mu_efficiency=2.76269, mu_trigger=6.84318, non_prompt_stat_ele=6.35863, non_prompt_stat_muon=6.48202, others_stat_ele=3.79724, others_stat_muon=6.29705, others_xs=5.9339, param=2.10449, pdf_ele=5.59782, pdf_muon=6.73444, photon_id=3.66341, pileup=0.163262, scale_ele=6.57925, scale_muon=-6.74564
RooProdPdf::model_s[ modelObs_s * nuisancePdf ]
     getLogVal() top-level p.d.f evaluates to zero @ !pdfs=(modelObs_s = 0/1,nuisancePdf = 1)

[#0] WARNING:Minization -- RooMinimizerFcn: Minimized function has error status.
Returning maximum FCN so far (810.368) to force MIGRAD to back out of this region. Error log follows
Parameter values: JER_ele=-6.08024, JER_muon=-6.67696, JES_ele=-6.96464, JES_muon=0.865386, QCD_stat_ele=3.56895, QCD_stat_muon=-1.44364, VBS_stat_ele=-6.52298, VBS_stat_muon=-2.83317, ele_efficiency=-1.17238, ele_trigger=-6.89085, fakephoton_ele=4.70957, fakephoton_muon=-6.71288, interference=-6.98029, lumi=-6.14766, mu_efficiency=-3.88429, mu_trigger=-4.25683, non_prompt_stat_ele=6.6007, non_prompt_stat_muon=6.77581, others_stat_ele=-6.65328, others_stat_muon=-0.0571934, others_xs=-4.62911, param=1.90703, pdf_ele=-4.73321, pdf_muon=6.79991, photon_id=2.20893, pileup=-1.7688, scale_ele=6.15033, scale_muon=4.84349
RooProdPdf::model_s[ modelObs_s * nuisancePdf ]
     getLogVal() top-level p.d.f evaluates to zero @ !pdfs=(modelObs_s = 0/1,nuisancePdf = 1)

[#0] WARNING:Minization -- RooMinimizerFcn: Minimized function has error status.
Returning maximum FCN so far (810.368) to force MIGRAD to back out of this region. Error log follows
Parameter values: JER_ele=2.68002, JER_muon=4.51479, JES_ele=4.6848, JES_muon=6.99899, QCD_stat_ele=5.81131, QCD_stat_muon=5.91285, VBS_stat_ele=5.22118, VBS_stat_muon=6.54006, ele_efficiency=2.27815, ele_trigger=3.12365, fakephoton_ele=6.95567, fakephoton_muon=4.71834, interference=6.18225, lumi=5.36036, mu_efficiency=2.61383, mu_trigger=6.68293, non_prompt_stat_ele=6.85342, non_prompt_stat_muon=6.83608, others_stat_ele=3.43087, others_stat_muon=5.94121, others_xs=5.61181, param=2.10644, pdf_ele=5.22414, pdf_muon=6.94843, photon_id=4.83111, pileup=0.112945, scale_ele=6.90672, scale_muon=-5.75459
RooProdPdf::model_s[ modelObs_s * nuisancePdf ]
     getLogVal() top-level p.d.f evaluates to zero @ !pdfs=(modelObs_s = 0/1,nuisancePdf = 1)

[#0] WARNING:Minization -- RooMinimizerFcn: Minimized function has error status.
Returning maximum FCN so far (810.368) to force MIGRAD to back out of this region. Error log follows
Parameter values: JER_ele=-6.35378, JER_muon=-6.25135, JES_ele=-6.78777, JES_muon=3.08325, QCD_stat_ele=0.329596, QCD_stat_muon=-5.02849, VBS_stat_ele=-6.73697, VBS_stat_muon=-1.27721, ele_efficiency=-1.36969, ele_trigger=-6.98527, fakephoton_ele=6.08465, fakephoton_muon=-6.26725, interference=-6.97846, lumi=-5.43504, mu_efficiency=-4.24741, mu_trigger=-2.76859, non_prompt_stat_ele=5.17099, non_prompt_stat_muon=6.90461, others_stat_ele=-6.26694, others_stat_muon=1.82467, others_xs=-3.39956, param=1.92368, pdf_ele=-3.64712, pdf_muon=6.89088, photon_id=-1.53993, pileup=-1.89, scale_ele=4.20978, scale_muon=6.85985
RooProdPdf::model_s[ modelObs_s * nuisancePdf ]
     getLogVal() top-level p.d.f evaluates to zero @ !pdfs=(modelObs_s = 0/1,nuisancePdf = 1)

[#0] WARNING:Minization -- RooMinimizerFcn: Minimized function has error status.
Returning maximum FCN so far (810.368) to force MIGRAD to back out of this region. Error log follows
Parameter values: JER_ele=2.50383, JER_muon=4.26419, JES_ele=4.46146, JES_muon=6.98599, QCD_stat_ele=6.23624, QCD_stat_muon=6.28437, VBS_stat_ele=4.9655, VBS_stat_muon=6.75425, ele_efficiency=2.23324, ele_trigger=2.91022, fakephoton_ele=6.93023, fakephoton_muon=4.55665, interference=6.02149, lumi=5.0995, mu_efficiency=2.51456, mu_trigger=6.53703, non_prompt_stat_ele=6.88953, non_prompt_stat_muon=6.92901, others_stat_ele=3.13881, others_stat_muon=5.6057, others_xs=5.31369, param=2.10634, pdf_ele=4.95002, pdf_muon=6.99575, photon_id=5.45009, pileup=0.075448, scale_ele=6.98876, scale_muon=-4.70555
RooProdPdf::model_s[ modelObs_s * nuisancePdf ]
     getLogVal() top-level p.d.f evaluates to zero @ !pdfs=(modelObs_s = 0/1,nuisancePdf = 1)

[#0] WARNING:Minization -- RooMinimizerFcn: Minimized function has error status.
Returning maximum FCN so far (810.368) to force MIGRAD to back out of this region. Error log follows
Parameter values: JER_ele=-6.36926, JER_muon=-6.26846, JES_ele=-6.76311, JES_muon=3.13567, QCD_stat_ele=-0.014457, QCD_stat_muon=-5.12007, VBS_stat_ele=-6.70901, VBS_stat_muon=-1.65338, ele_efficiency=-1.37929, ele_trigger=-6.98963, fakephoton_ele=6.3717, fakephoton_muon=-6.22793, interference=-6.98343, lumi=-5.43308, mu_efficiency=-4.24682, mu_trigger=-2.77877, non_prompt_stat_ele=4.52873, non_prompt_stat_muon=6.86781, others_stat_ele=-6.23732, others_stat_muon=1.76845, others_xs=-3.40612, param=1.91144, pdf_ele=-3.5313, pdf_muon=6.86548, photon_id=-1.74507, pileup=-1.89617, scale_ele=3.87356, scale_muon=6.77839
RooProdPdf::model_s[ modelObs_s * nuisancePdf ]
     getLogVal() top-level p.d.f evaluates to zero @ !pdfs=(modelObs_s = 0/1,nuisancePdf = 1)

[#0] WARNING:Minization -- RooMinimizerFcn: Minimized function has error status.
Returning maximum FCN so far (810.368) to force MIGRAD to back out of this region. Error log follows
Parameter values: JER_ele=2.57126, JER_muon=4.33026, JES_ele=4.57992, JES_muon=6.99838, QCD_stat_ele=6.00412, QCD_stat_muon=6.11154, VBS_stat_ele=4.93306, VBS_stat_muon=6.77954, ele_efficiency=2.25458, ele_trigger=3.01078, fakephoton_ele=6.94819, fakephoton_muon=4.63657, interference=6.05529, lumi=5.1858, mu_efficiency=2.55618, mu_trigger=6.60042, non_prompt_stat_ele=6.8636, non_prompt_stat_muon=6.88795, others_stat_ele=3.29077, others_stat_muon=5.75288, others_xs=5.45722, param=2.10506, pdf_ele=5.07309, pdf_muon=6.98253, photon_id=5.17873, pileup=0.0921605, scale_ele=6.95131, scale_muon=-5.35935
RooProdPdf::model_s[ modelObs_s * nuisancePdf ]
     getLogVal() top-level p.d.f evaluates to zero @ !pdfs=(modelObs_s = 0/1,nuisancePdf = 1)

[#0] WARNING:Minization -- RooMinimizerFcn: Minimized function has error status.
Returning maximum FCN so far (810.368) to force MIGRAD to back out of this region. Error log follows
Parameter values: JER_ele=-6.27301, JER_muon=-6.4263, JES_ele=-6.86892, JES_muon=2.27624, QCD_stat_ele=1.50076, QCD_stat_muon=-3.74869, VBS_stat_ele=-6.66146, VBS_stat_muon=-2.30318, ele_efficiency=-1.18524, ele_trigger=-6.96782, fakephoton_ele=5.69584, fakephoton_muon=-6.46158, interference=-6.99998, lumi=-5.68606, mu_efficiency=-4.06872, mu_trigger=-3.43535, non_prompt_stat_ele=5.72407, non_prompt_stat_muon=6.99998, others_stat_ele=-6.40476, others_stat_muon=1.00812, others_xs=-3.9498, param=2.09131, pdf_ele=-3.95797, pdf_muon=6.98458, photon_id=-0.338145, pileup=-1.88614, scale_ele=4.86508, scale_muon=6.96677
RooProdPdf::model_s[ modelObs_s * nuisancePdf ]
     getLogVal() top-level p.d.f evaluates to zero @ !pdfs=(modelObs_s = 0/1,nuisancePdf = 1)

[#0] WARNING:Minization -- RooMinimizerFcn: Minimized function has error status.
Returning maximum FCN so far (810.368) to force MIGRAD to back out of this region. Error log follows
Parameter values: JER_ele=3.1323, JER_muon=5.22074, JES_ele=5.59449, JES_muon=5.89046, QCD_stat_ele=2.67654, QCD_stat_muon=1.20683, VBS_stat_ele=4.27019, VBS_stat_muon=6.96307, ele_efficiency=2.53564, ele_trigger=3.85478, fakephoton_ele=6.98367, fakephoton_muon=5.79816, interference=6.48827, lumi=6.06286, mu_efficiency=3.19882, mu_trigger=6.99182, non_prompt_stat_ele=6.47118, non_prompt_stat_muon=4.94254, others_stat_ele=4.58573, others_stat_muon=6.98061, others_xs=6.75617, param=0.199873, pdf_ele=5.98233, pdf_muon=5.88068, photon_id=0.689628, pileup=0.254625, scale_ele=5.44097, scale_muon=-3.11356
RooProdPdf::model_s[ modelObs_s * nuisancePdf ]
     getLogVal() top-level p.d.f evaluates to zero @ !pdfs=(modelObs_s = 0/1,nuisancePdf = 1)

[#0] WARNING:Minization -- RooMinimizerFcn: Minimized function has error status.
Returning maximum FCN so far (810.368) to force MIGRAD to back out of this region. Error log follows
Parameter values: JER_ele=0.744295, JER_muon=1.03743, JES_ele=2.25287, JES_muon=5.00871, QCD_stat_ele=5.21469, QCD_stat_muon=4.47332, VBS_stat_ele=1.65615, VBS_stat_muon=4.38782, ele_efficiency=1.96797, ele_trigger=0.751505, fakephoton_ele=3.36236, fakephoton_muon=2.08488, interference=3.78788, lumi=1.82193, mu_efficiency=1.58748, mu_trigger=4.05131, non_prompt_stat_ele=3.56077, non_prompt_stat_muon=4.73944, others_stat_ele=0.50346, others_stat_muon=1.912, others_xs=2.47922, param=0.515082, pdf_ele=1.4749, pdf_muon=3.26756, photon_id=5.24517, pileup=-0.346398, scale_ele=3.42122, scale_muon=6.86606
RooProdPdf::model_s[ modelObs_s * nuisancePdf ]
     getLogVal() top-level p.d.f evaluates to zero @ !pdfs=(modelObs_s = 0/1,nuisancePdf = 1)

[#0] WARNING:Minization -- RooMinimizerFcn: Minimized function has error status.
Returning maximum FCN so far (810.368) to force MIGRAD to back out of this region. Error log follows
Parameter values: JER_ele=1.06175, JER_muon=1.8133, JES_ele=2.55911, JES_muon=5.41617, QCD_stat_ele=5.80556, QCD_stat_muon=5.68902, VBS_stat_ele=1.92808, VBS_stat_muon=4.74523, ele_efficiency=1.64607, ele_trigger=1.25137, fakephoton_ele=4.12885, fakephoton_muon=2.48771, interference=3.77839, lumi=2.51293, mu_efficiency=1.56005, mu_trigger=4.39287, non_prompt_stat_ele=4.572, non_prompt_stat_muon=5.40068, others_stat_ele=1.28006, others_stat_muon=3.20271, others_xs=3.21542, param=0.288498, pdf_ele=2.24531, pdf_muon=4.48663, photon_id=6.20699, pileup=-0.137507, scale_ele=4.69256, scale_muon=5.91093
RooProdPdf::model_s[ modelObs_s * nuisancePdf ]
     getLogVal() top-level p.d.f evaluates to zero @ !pdfs=(modelObs_s = 0/1,nuisancePdf = 1)

[#0] WARNING:Minization -- RooMinimizerFcn: Minimized function has error status.
Returning maximum FCN so far (810.368) to force MIGRAD to back out of this region. Error log follows
Parameter values: JER_ele=1.39896, JER_muon=2.33784, JES_ele=3.1583, JES_muon=6.19653, QCD_stat_ele=6.7238, QCD_stat_muon=6.67877, VBS_stat_ele=2.32181, VBS_stat_muon=5.4328, ele_efficiency=1.87943, ele_trigger=1.66856, fakephoton_ele=5.09436, fakephoton_muon=3.12632, interference=4.38913, lumi=3.14503, mu_efficiency=1.86499, mu_trigger=5.16914, non_prompt_stat_ele=5.65858, non_prompt_stat_muon=6.31113, others_stat_ele=1.79362, others_stat_muon=4.01437, others_xs=3.9458, param=0.382735, pdf_ele=2.94944, pdf_muon=5.54155, photon_id=6.89243, pileup=-0.110693, scale_ele=5.81184, scale_muon=2.9064
RooProdPdf::model_s[ modelObs_s * nuisancePdf ]
     getLogVal() top-level p.d.f evaluates to zero @ !pdfs=(modelObs_s = 0/1,nuisancePdf = 1)

[#0] WARNING:Minization -- RooMinimizerFcn: Minimized function has error status.
Returning maximum FCN so far (810.368) to force MIGRAD to back out of this region. Error log follows
Parameter values: JER_ele=1.58134, JER_muon=2.65521, JES_ele=3.43988, JES_muon=6.48503, QCD_stat_ele=6.93686, QCD_stat_muon=6.93585, VBS_stat_ele=2.53107, VBS_stat_muon=5.7416, ele_efficiency=1.93923, ele_trigger=1.90558, fakephoton_ele=5.51255, fakephoton_muon=3.43448, interference=4.64014, lumi=3.49105, mu_efficiency=1.99114, mu_trigger=5.50083, non_prompt_stat_ele=6.09625, non_prompt_stat_muon=6.62788, others_stat_ele=2.10505, others_stat_muon=4.475, others_xs=4.32133, param=0.278302, pdf_ele=3.3275, pdf_muon=6.01305, photon_id=6.99929, pileup=-0.0723193, scale_ele=6.27302, scale_muon=0.937107
RooProdPdf::model_s[ modelObs_s * nuisancePdf ]
     getLogVal() top-level p.d.f evaluates to zero @ !pdfs=(modelObs_s = 0/1,nuisancePdf = 1)

[#0] WARNING:Minization -- RooMinimizerFcn: Minimized function has error status.
Returning maximum FCN so far (810.368) to force MIGRAD to back out of this region. Error log follows
Parameter values: JER_ele=1.81443, JER_muon=3.06118, JES_ele=3.79048, JES_muon=6.76711, QCD_stat_ele=6.98896, QCD_stat_muon=6.97538, VBS_stat_ele=2.7917, VBS_stat_muon=6.09451, ele_efficiency=2.01127, ele_trigger=2.20794, fakephoton_ele=5.98547, fakephoton_muon=3.82617, interference=4.94757, lumi=3.92362, mu_efficiency=2.15317, mu_trigger=5.88765, non_prompt_stat_ele=6.5427, non_prompt_stat_muon=6.89881, others_stat_ele=2.49939, others_stat_muon=5.0299, others_xs=4.77944, param=0.222319, pdf_ele=3.79735, pdf_muon=6.50104, photon_id=6.86631, pileup=-0.0213243, scale_ele=6.70718, scale_muon=-1.73184
RooProdPdf::model_s[ modelObs_s * nuisancePdf ]
     getLogVal() top-level p.d.f evaluates to zero @ !pdfs=(modelObs_s = 0/1,nuisancePdf = 1)

[#0] WARNING:Minization -- RooMinimizerFcn: Minimized function has error status.
Returning maximum FCN so far (810.368) to force MIGRAD to back out of this region. Error log follows
Parameter values: JER_ele=2.10286, JER_muon=3.55645, JES_ele=4.20818, JES_muon=6.96553, QCD_stat_ele=6.70096, QCD_stat_muon=6.55352, VBS_stat_ele=3.11548, VBS_stat_muon=6.46402, ele_efficiency=2.09769, ele_trigger=2.57955, fakephoton_ele=6.45519, fakephoton_muon=4.29419, interference=5.30741, lumi=4.4383, mu_efficiency=2.35362, mu_trigger=6.29673, non_prompt_stat_ele=6.89143, non_prompt_stat_muon=6.99744, others_stat_ele=2.97929, others_stat_muon=5.64295, others_xs=5.30221, param=0.172379, pdf_ele=4.35205, pdf_muon=6.88554, photon_id=6.27523, pileup=0.0436505, scale_ele=6.9782, scale_muon=-4.67858
RooProdPdf::model_s[ modelObs_s * nuisancePdf ]
     getLogVal() top-level p.d.f evaluates to zero @ !pdfs=(modelObs_s = 0/1,nuisancePdf = 1)

[#0] WARNING:Minization -- RooMinimizerFcn: Minimized function has error status.
Returning maximum FCN so far (810.368) to force MIGRAD to back out of this region. Error log follows
Parameter values: JER_ele=2.53737, JER_muon=4.27429, JES_ele=4.80247, JES_muon=6.92648, QCD_stat_ele=5.54929, QCD_stat_muon=4.97562, VBS_stat_ele=3.60405, VBS_stat_muon=6.85223, ele_efficiency=2.22743, ele_trigger=3.13235, fakephoton_ele=6.89744, fakephoton_muon=4.95417, interference=5.80203, lumi=5.15651, mu_efficiency=2.65649, mu_trigger=6.74857, non_prompt_stat_ele=6.95838, non_prompt_stat_muon=6.62402, others_stat_ele=3.68053, others_stat_muon=6.37739, others_xs=5.98131, param=0.127628, pdf_ele=5.12008, pdf_muon=6.94551, photon_id=4.55046, pileup=0.143957, scale_ele=6.79275, scale_muon=-6.96517
RooProdPdf::model_s[ modelObs_s * nuisancePdf ]
     getLogVal() top-level p.d.f evaluates to zero @ !pdfs=(modelObs_s = 0/1,nuisancePdf = 1)

[#0] WARNING:Minization -- RooMinimizerFcn: Minimized function has error status.
Returning maximum FCN so far (810.368) to force MIGRAD to back out of this region. Error log follows
Parameter values: JER_ele=3.38686, JER_muon=5.51912, JES_ele=5.83529, JES_muon=5.55971, QCD_stat_ele=1.20349, QCD_stat_muon=-0.46702, VBS_stat_ele=4.54229, VBS_stat_muon=6.87613, ele_efficiency=2.52839, ele_trigger=4.17708, fakephoton_ele=6.70924, fakephoton_muon=6.05277, interference=6.58409, lumi=6.29324, mu_efficiency=3.27812, mu_trigger=6.95572, non_prompt_stat_ele=5.39846, non_prompt_stat_muon=4.07119, others_stat_ele=4.9436, others_stat_muon=7, others_xs=6.85069, param=0.0579763, pdf_ele=6.3133, pdf_muon=5.13008, photon_id=-0.840224, pileup=0.336386, scale_ele=4.34279, scale_muon=-1.03774
RooProdPdf::model_s[ modelObs_s * nuisancePdf ]
     getLogVal() top-level p.d.f evaluates to zero @ !pdfs=(modelObs_s = 0/1,nuisancePdf = 1)

[#0] WARNING:Minization -- RooMinimizerFcn: Minimized function has error status.
Returning maximum FCN so far (940.704) to force MIGRAD to back out of this region. Error log follows
Parameter values: JER_ele=2.33469, JER_muon=4.75927, JES_ele=3.76179, JES_muon=5.04694, QCD_stat_ele=6.35154, QCD_stat_muon=3.13275, VBS_stat_ele=2.93373, VBS_stat_muon=2.60354, ele_efficiency=-6.04715, ele_trigger=-0.6494, fakephoton_ele=5.30432, fakephoton_muon=1.21278, interference=0.450013, lumi=5.6479, mu_efficiency=-3.38061, mu_trigger=5.86106, non_prompt_stat_ele=0.825041, non_prompt_stat_muon=5.8364, others_stat_ele=1.35163, others_stat_muon=6.3698, others_xs=-0.109548, param=0.852861, pdf_ele=3.64288, pdf_muon=6.56142, photon_id=6.67267, pileup=4.18068, scale_ele=0.77861, scale_muon=6.13623
RooProdPdf::model_s[ modelObs_s * nuisancePdf ]
     getLogVal() top-level p.d.f evaluates to zero @ !pdfs=(modelObs_s = 0/1,nuisancePdf = 1)

[#0] WARNING:Minization -- RooMinimizerFcn: Minimized function has error status.
Returning maximum FCN so far (940.704) to force MIGRAD to back out of this region. Error log follows
Parameter values: JER_ele=0.555779, JER_muon=2.02265, JES_ele=0.727477, JES_muon=3.68025, QCD_stat_ele=2.49915, QCD_stat_muon=6.45012, VBS_stat_ele=1.77997, VBS_stat_muon=2.82927, ele_efficiency=0.162017, ele_trigger=0.647947, fakephoton_ele=6.20308, fakephoton_muon=4.85979, interference=1.67355, lumi=1.95685, mu_efficiency=0.712045, mu_trigger=2.83226, non_prompt_stat_ele=6.9517, non_prompt_stat_muon=6.80833, others_stat_ele=0.753592, others_stat_muon=4.12355, others_xs=2.59263, param=0.938816, pdf_ele=1.21858, pdf_muon=4.47012, photon_id=4.8307, pileup=0.171308, scale_ele=2.76177, scale_muon=6.99876
RooProdPdf::model_s[ modelObs_s * nuisancePdf ]
     getLogVal() top-level p.d.f evaluates to zero @ !pdfs=(modelObs_s = 0/1,nuisancePdf = 1)

[#0] WARNING:Minization -- RooMinimizerFcn: Minimized function has error status.
Returning maximum FCN so far (940.704) to force MIGRAD to back out of this region. Error log follows
Parameter values: JER_ele=3.44701, JER_muon=4.43484, JES_ele=5.20836, JES_muon=5.41624, QCD_stat_ele=5.89342, QCD_stat_muon=3.53114, VBS_stat_ele=5.19528, VBS_stat_muon=3.74916, ele_efficiency=-3.39655, ele_trigger=2.22371, fakephoton_ele=1.11838, fakephoton_muon=3.01623, interference=1.7877, lumi=5.67679, mu_efficiency=-1.6058, mu_trigger=5.55891, non_prompt_stat_ele=-0.0292906, non_prompt_stat_muon=6.92017, others_stat_ele=4.05108, others_stat_muon=6.29873, others_xs=2.8401, param=0.428484, pdf_ele=5.99517, pdf_muon=6.93095, photon_id=5.68554, pileup=2.90671, scale_ele=6.95492, scale_muon=4.93554
RooProdPdf::model_s[ modelObs_s * nuisancePdf ]
     getLogVal() top-level p.d.f evaluates to zero @ !pdfs=(modelObs_s = 0/1,nuisancePdf = 1)

[#0] WARNING:Minization -- RooMinimizerFcn: Minimized function has error status.
Returning maximum FCN so far (940.704) to force MIGRAD to back out of this region. Error log follows
Parameter values: JER_ele=0.568058, JER_muon=-5.24205, JES_ele=-1.26225, JES_muon=6.64455, QCD_stat_ele=-4.86105, QCD_stat_muon=-3.565, VBS_stat_ele=-0.362393, VBS_stat_muon=-4.53693, ele_efficiency=3.00158, ele_trigger=-6.95623, fakephoton_ele=6.98604, fakephoton_muon=-6.99967, interference=-4.46043, lumi=-3.40897, mu_efficiency=-2.62898, mu_trigger=-3.56948, non_prompt_stat_ele=6.43046, non_prompt_stat_muon=6.91029, others_stat_ele=-1.96893, others_stat_muon=-5.46429, others_xs=5.46218, param=0.472311, pdf_ele=5.21337, pdf_muon=-3.01592, photon_id=-6.99281, pileup=6.21346, scale_ele=1.38726, scale_muon=-6.33435
RooProdPdf::model_s[ modelObs_s * nuisancePdf ]
     getLogVal() top-level p.d.f evaluates to zero @ !pdfs=(modelObs_s = 0/1,nuisancePdf = 1)

[#0] WARNING:Minization -- RooMinimizerFcn: Minimized function has error status.
Returning maximum FCN so far (940.704) to force MIGRAD to back out of this region. Error log follows
Parameter values: JER_ele=0.0568851, JER_muon=-0.521718, JES_ele=-0.0823965, JES_muon=-0.34955, QCD_stat_ele=0.394911, QCD_stat_muon=-3.15313, VBS_stat_ele=1.11272, VBS_stat_muon=0.0305139, ele_efficiency=0.353024, ele_trigger=0.328512, fakephoton_ele=3.92564, fakephoton_muon=2.70918, interference=0.180911, lumi=-0.156288, mu_efficiency=0.234149, mu_trigger=-0.604986, non_prompt_stat_ele=5.3236, non_prompt_stat_muon=5.34122, others_stat_ele=0.109616, others_stat_muon=0.351019, others_xs=0.598775, param=1.01665, pdf_ele=0.254299, pdf_muon=-1.37377, photon_id=-0.687079, pileup=-0.336279, scale_ele=1.22584, scale_muon=-0.0911153
RooProdPdf::model_s[ modelObs_s * nuisancePdf ]
     getLogVal() top-level p.d.f evaluates to zero @ !pdfs=(modelObs_s = 0/1,nuisancePdf = 1)

[#0] WARNING:Minization -- RooMinimizerFcn: Minimized function has error status.
Returning maximum FCN so far (940.704) to force MIGRAD to back out of this region. Error log follows
Parameter values: JER_ele=-2.88017, JER_muon=-6.98105, JES_ele=-5.80431, JES_muon=4.15639, QCD_stat_ele=1.95867, QCD_stat_muon=5.73692, VBS_stat_ele=6.86049, VBS_stat_muon=4.57945, ele_efficiency=-2.37368, ele_trigger=4.13383, fakephoton_ele=3.19345, fakephoton_muon=2.7954, interference=5.04436, lumi=-5.98574, mu_efficiency=-4.69196, mu_trigger=-6.8318, non_prompt_stat_ele=5.33419, non_prompt_stat_muon=-2.09424, others_stat_ele=6.81716, others_stat_muon=-4.44028, others_xs=-6.40692, param=0.077347, pdf_ele=2.37125, pdf_muon=6.90405, photon_id=-5.72442, pileup=2.1003, scale_ele=0.338406, scale_muon=1.44112
RooProdPdf::model_s[ modelObs_s * nuisancePdf ]
     getLogVal() top-level p.d.f evaluates to zero @ !pdfs=(modelObs_s = 0/1,nuisancePdf = 1)

[#0] WARNING:Minization -- RooMinimizerFcn: Minimized function has error status.
Returning maximum FCN so far (940.704) to force MIGRAD to back out of this region. Error log follows
Parameter values: JER_ele=-0.416082, JER_muon=-1.42342, JES_ele=-1.04859, JES_muon=0.0290089, QCD_stat_ele=-0.378011, QCD_stat_muon=-5.3946, VBS_stat_ele=1.5793, VBS_stat_muon=1.55481, ele_efficiency=3.94556, ele_trigger=1.64566, fakephoton_ele=5.92623, fakephoton_muon=5.67375, interference=1.5948, lumi=-1.65411, mu_efficiency=2.66196, mu_trigger=-1.71621, non_prompt_stat_ele=6.34315, non_prompt_stat_muon=6.75089, others_stat_ele=0.606014, others_stat_muon=-0.174952, others_xs=3.05516, param=0.934746, pdf_ele=-0.0156944, pdf_muon=-3.98231, photon_id=-2.42907, pileup=-2.49919, scale_ele=4.10944, scale_muon=1.63325
RooProdPdf::model_s[ modelObs_s * nuisancePdf ]
     getLogVal() top-level p.d.f evaluates to zero @ !pdfs=(modelObs_s = 0/1,nuisancePdf = 1)

[#0] WARNING:Minization -- RooMinimizerFcn: Minimized function has error status.
Returning maximum FCN so far (940.704) to force MIGRAD to back out of this region. Error log follows
Parameter values: JER_ele=2.51886, JER_muon=-1.11584, JES_ele=1.55634, JES_muon=3.20855, QCD_stat_ele=0.401023, QCD_stat_muon=5.18527, VBS_stat_ele=6.96273, VBS_stat_muon=6.91799, ele_efficiency=-2.54194, ele_trigger=6.99074, fakephoton_ele=-6.16215, fakephoton_muon=6.34191, interference=6.65819, lumi=-3.21738, mu_efficiency=6.57138, mu_trigger=-2.87958, non_prompt_stat_ele=-2.89097, non_prompt_stat_muon=6.15165, others_stat_ele=6.04194, others_stat_muon=1.37234, others_xs=4.83753, param=1.95342, pdf_ele=6.48415, pdf_muon=-6.78851, photon_id=2.59156, pileup=-6.98738, scale_ele=-6.84001, scale_muon=6.35685
RooProdPdf::model_s[ modelObs_s * nuisancePdf ]
     getLogVal() top-level p.d.f evaluates to zero @ !pdfs=(modelObs_s = 0/1,nuisancePdf = 1)

[#0] WARNING:Minization -- RooMinimizerFcn: Minimized function has error status.
Returning maximum FCN so far (940.704) to force MIGRAD to back out of this region. Error log follows
Parameter values: JER_ele=-4.28783, JER_muon=-1.83112, JES_ele=-6.83671, JES_muon=-2.39837, QCD_stat_ele=-2.1382, QCD_stat_muon=-5.13273, VBS_stat_ele=-2.68194, VBS_stat_muon=3.69335, ele_efficiency=6.36034, ele_trigger=-3.44213, fakephoton_ele=6.93861, fakephoton_muon=-0.00149276, interference=1.08981, lumi=-5.24559, mu_efficiency=3.99849, mu_trigger=-3.36677, non_prompt_stat_ele=6.9237, non_prompt_stat_muon=-3.79251, others_stat_ele=-6.36924, others_stat_muon=-2.44338, others_xs=-0.0787188, param=1.78841, pdf_ele=-6.97486, pdf_muon=-6.04904, photon_id=-6.26632, pileup=-3.96456, scale_ele=-6.13868, scale_muon=-4.06016
RooProdPdf::model_s[ modelObs_s * nuisancePdf ]
     getLogVal() top-level p.d.f evaluates to zero @ !pdfs=(modelObs_s = 0/1,nuisancePdf = 1)

[#0] WARNING:Minization -- RooMinimizerFcn: Minimized function has error status.
Returning maximum FCN so far (1006.28) to force MIGRAD to back out of this region. Error log follows
Parameter values: JER_ele=0.966822, JER_muon=0.469768, JES_ele=1.53879, JES_muon=-0.166457, QCD_stat_ele=3.43106, QCD_stat_muon=0.321361, VBS_stat_ele=1.77559, VBS_stat_muon=-0.50145, ele_efficiency=-2.08544, ele_trigger=0.0990562, fakephoton_ele=6.13721, fakephoton_muon=0.254041, interference=-0.507337, lumi=1.52282, mu_efficiency=-1.43563, mu_trigger=0.602593, non_prompt_stat_ele=6.18845, non_prompt_stat_muon=1.71049, others_stat_ele=0.704921, others_stat_muon=1.16504, others_xs=-0.586875, param=0.74717, pdf_ele=1.73285, pdf_muon=1.36904, photon_id=2.24228, pileup=1.30316, scale_ele=1.68238, scale_muon=-0.134602
RooProdPdf::model_s[ modelObs_s * nuisancePdf ]
     getLogVal() top-level p.d.f evaluates to zero @ !pdfs=(modelObs_s = 0/1,nuisancePdf = 1)

[#0] WARNING:Minization -- RooMinimizerFcn: Minimized function has error status.
Returning maximum FCN so far (1006.28) to force MIGRAD to back out of this region. Error log follows
Parameter values: JER_ele=1.95053, JER_muon=0.946543, JES_ele=3.00329, JES_muon=1.06283, QCD_stat_ele=6.71168, QCD_stat_muon=3.00813, VBS_stat_ele=3.59682, VBS_stat_muon=0.904349, ele_efficiency=-0.472026, ele_trigger=1.87284, fakephoton_ele=6.14808, fakephoton_muon=1.46102, interference=0.578311, lumi=2.24604, mu_efficiency=-0.454812, mu_trigger=1.19933, non_prompt_stat_ele=4.11852, non_prompt_stat_muon=3.74186, others_stat_ele=2.57189, others_stat_muon=2.15935, others_xs=1.51791, param=0.487301, pdf_ele=3.981, pdf_muon=2.12099, photon_id=4.79848, pileup=0.766012, scale_ele=6.18078, scale_muon=3.30238
RooProdPdf::model_s[ modelObs_s * nuisancePdf ]
     getLogVal() top-level p.d.f evaluates to zero @ !pdfs=(modelObs_s = 0/1,nuisancePdf = 1)

[#0] WARNING:Minization -- RooMinimizerFcn: Minimized function has error status.
Returning maximum FCN so far (1006.28) to force MIGRAD to back out of this region. Error log follows
Parameter values: JER_ele=1.03877, JER_muon=1.17325, JES_ele=1.79402, JES_muon=0.791632, QCD_stat_ele=3.14171, QCD_stat_muon=2.63772, VBS_stat_ele=1.45879, VBS_stat_muon=-0.516469, ele_efficiency=-3.35238, ele_trigger=-0.366625, fakephoton_ele=5.43474, fakephoton_muon=0.818316, interference=-0.594795, lumi=2.33021, mu_efficiency=-2.05576, mu_trigger=1.69167, non_prompt_stat_ele=4.07329, non_prompt_stat_muon=3.6563, others_stat_ele=0.61004, others_stat_muon=2.21923, others_xs=-0.879326, param=0.600132, pdf_ele=1.70111, pdf_muon=3.39327, photon_id=3.67392, pileup=2.03383, scale_ele=0.483212, scale_muon=2.15603
RooProdPdf::model_s[ modelObs_s * nuisancePdf ]
     getLogVal() top-level p.d.f evaluates to zero @ !pdfs=(modelObs_s = 0/1,nuisancePdf = 1)

[#0] WARNING:Minization -- RooMinimizerFcn: Minimized function has error status.
Returning maximum FCN so far (1006.28) to force MIGRAD to back out of this region. Error log follows
Parameter values: JER_ele=3.62909, JER_muon=3.62809, JES_ele=6.25086, JES_muon=2.63088, QCD_stat_ele=6.94026, QCD_stat_muon=6.53941, VBS_stat_ele=2.33686, VBS_stat_muon=-3.73535, ele_efficiency=-6.32042, ele_trigger=-1.09646, fakephoton_ele=-1.38275, fakephoton_muon=0.840666, interference=-2.84556, lumi=6.50808, mu_efficiency=-6.4723, mu_trigger=5.35081, non_prompt_stat_ele=6.56191, non_prompt_stat_muon=6.89617, others_stat_ele=3.55755, others_stat_muon=4.95518, others_xs=-4.21315, param=0.461335, pdf_ele=5.77241, pdf_muon=6.66117, photon_id=6.0377, pileup=6.3371, scale_ele=1.38281, scale_muon=4.87413
RooProdPdf::model_s[ modelObs_s * nuisancePdf ]
     getLogVal() top-level p.d.f evaluates to zero @ !pdfs=(modelObs_s = 0/1,nuisancePdf = 1)

[#0] WARNING:Minization -- RooMinimizerFcn: Minimized function has error status.
Returning maximum FCN so far (1006.28) to force MIGRAD to back out of this region. Error log follows
Parameter values: JER_ele=2.62079, JER_muon=2.86925, JES_ele=6.58115, JES_muon=-5.21821, QCD_stat_ele=-4.35874, QCD_stat_muon=-6.92563, VBS_stat_ele=-5.33974, VBS_stat_muon=-3.20141, ele_efficiency=2.80752, ele_trigger=-6.9089, fakephoton_ele=5.42339, fakephoton_muon=-6.85888, interference=-6.38124, lumi=6.89844, mu_efficiency=2.50345, mu_trigger=5.32265, non_prompt_stat_ele=6.59269, non_prompt_stat_muon=-2.31491, others_stat_ele=-1.77245, others_stat_muon=0.829323, others_xs=2.34376, param=0.0921099, pdf_ele=1.32496, pdf_muon=3.92878, photon_id=6.95624, pileup=1.95341, scale_ele=6.82392, scale_muon=0.674265
RooProdPdf::model_s[ modelObs_s * nuisancePdf ]
     getLogVal() top-level p.d.f evaluates to zero @ !pdfs=(modelObs_s = 0/1,nuisancePdf = 1)

[#0] WARNING:Minization -- RooMinimizerFcn: Minimized function has error status.
Returning maximum FCN so far (1006.28) to force MIGRAD to back out of this region. Error log follows
Parameter values: JER_ele=3.10125, JER_muon=2.70828, JES_ele=4.55347, JES_muon=4.91319, QCD_stat_ele=5.35487, QCD_stat_muon=6.87234, VBS_stat_ele=6.19704, VBS_stat_muon=5.85987, ele_efficiency=2.15463, ele_trigger=4.80787, fakephoton_ele=-4.36975, fakephoton_muon=5.11057, interference=4.02421, lumi=3.63761, mu_efficiency=2.36841, mu_trigger=3.27306, non_prompt_stat_ele=-4.91795, non_prompt_stat_muon=6.96385, others_stat_ele=5.04465, others_stat_muon=5.10222, others_xs=5.7992, param=0.341263, pdf_ele=6.36127, pdf_muon=4.68897, photon_id=6.95523, pileup=-0.953858, scale_ele=4.25331, scale_muon=5.53391
RooProdPdf::model_s[ modelObs_s * nuisancePdf ]
     getLogVal() top-level p.d.f evaluates to zero @ !pdfs=(modelObs_s = 0/1,nuisancePdf = 1)

[#0] WARNING:Minization -- RooMinimizerFcn: Minimized function has error status.
Returning maximum FCN so far (1006.28) to force MIGRAD to back out of this region. Error log follows
Parameter values: JER_ele=3.36606, JER_muon=2.58982, JES_ele=5.13579, JES_muon=3.74072, QCD_stat_ele=5.30258, QCD_stat_muon=6.92809, VBS_stat_ele=5.39272, VBS_stat_muon=2.95938, ele_efficiency=-0.621661, ele_trigger=3.49547, fakephoton_ele=-5.38396, fakephoton_muon=3.56909, interference=1.87125, lumi=4.3218, mu_efficiency=-0.264047, mu_trigger=3.44803, non_prompt_stat_ele=-6.87565, non_prompt_stat_muon=6.88532, others_stat_ele=4.69012, others_stat_muon=4.47638, others_xs=3.47661, param=0.244011, pdf_ele=6.26133, pdf_muon=5.57153, photon_id=6.95082, pileup=1.27767, scale_ele=6.31026, scale_muon=6.99991
RooProdPdf::model_s[ modelObs_s * nuisancePdf ]
     getLogVal() top-level p.d.f evaluates to zero @ !pdfs=(modelObs_s = 0/1,nuisancePdf = 1)

[#0] WARNING:Minization -- RooMinimizerFcn: Minimized function has error status.
Returning maximum FCN so far (1006.28) to force MIGRAD to back out of this region. Error log follows
Parameter values: JER_ele=3.72968, JER_muon=2.55199, JES_ele=5.60772, JES_muon=3.59393, QCD_stat_ele=3.86867, QCD_stat_muon=6.86455, VBS_stat_ele=5.73266, VBS_stat_muon=2.76332, ele_efficiency=-0.832164, ele_trigger=3.84039, fakephoton_ele=-6.84126, fakephoton_muon=3.46094, interference=1.79432, lumi=4.5871, mu_efficiency=-0.5025, mu_trigger=3.40923, non_prompt_stat_ele=-5.11991, non_prompt_stat_muon=6.85721, others_stat_ele=5.1625, others_stat_muon=4.46059, others_xs=3.5236, param=0.353057, pdf_ele=6.6211, pdf_muon=5.55453, photon_id=6.82722, pileup=1.4716, scale_ele=5.43751, scale_muon=6.98908
RooProdPdf::model_s[ modelObs_s * nuisancePdf ]
     getLogVal() top-level p.d.f evaluates to zero @ !pdfs=(modelObs_s = 0/1,nuisancePdf = 1)

[#0] WARNING:Minization -- RooMinimizerFcn: Minimized function has error status.
Returning maximum FCN so far (1006.28) to force MIGRAD to back out of this region. Error log follows
Parameter values: JER_ele=3.22105, JER_muon=2.04371, JES_ele=4.96295, JES_muon=2.73592, QCD_stat_ele=5.82463, QCD_stat_muon=6.02132, VBS_stat_ele=5.17568, VBS_stat_muon=2.19978, ele_efficiency=-0.856589, ele_trigger=3.24907, fakephoton_ele=-4.62284, fakephoton_muon=2.68605, interference=1.37096, lumi=3.94431, mu_efficiency=-0.586617, mu_trigger=2.71328, non_prompt_stat_ele=-6.99612, non_prompt_stat_muon=6.12355, others_stat_ele=4.46065, others_stat_muon=3.66573, others_xs=2.78515, param=0.201011, pdf_ele=6.07417, pdf_muon=4.63785, photon_id=6.96303, pileup=1.31891, scale_ele=6.65939, scale_muon=6.33685
RooProdPdf::model_s[ modelObs_s * nuisancePdf ]
     getLogVal() top-level p.d.f evaluates to zero @ !pdfs=(modelObs_s = 0/1,nuisancePdf = 1)

[#0] WARNING:Minization -- RooMinimizerFcn: Minimized function has error status.
Returning maximum FCN so far (1006.28) to force MIGRAD to back out of this region. Error log follows
Parameter values: JER_ele=3.24608, JER_muon=1.95576, JES_ele=4.99925, JES_muon=2.57517, QCD_stat_ele=5.74593, QCD_stat_muon=5.80169, VBS_stat_ele=5.19741, VBS_stat_muon=2.08721, ele_efficiency=-0.853551, ele_trigger=3.28172, fakephoton_ele=-4.68181, fakephoton_muon=2.52941, interference=1.31071, lumi=3.90792, mu_efficiency=-0.62054, mu_trigger=2.59143, non_prompt_stat_ele=-6.99806, non_prompt_stat_muon=5.91844, others_stat_ele=4.49947, others_stat_muon=3.5358, others_xs=2.72849, param=0.0727093, pdf_ele=6.10741, pdf_muon=4.46537, photon_id=6.94752, pileup=1.31566, scale_ele=6.62048, scale_muon=6.12256
RooProdPdf::model_s[ modelObs_s * nuisancePdf ]
     getLogVal() top-level p.d.f evaluates to zero @ !pdfs=(modelObs_s = 0/1,nuisancePdf = 1)

[#0] WARNING:Minization -- RooMinimizerFcn: Minimized function has error status.
Returning maximum FCN so far (1006.28) to force MIGRAD to back out of this region. Error log follows
Parameter values: JER_ele=3.49848, JER_muon=2.02307, JES_ele=5.33653, JES_muon=2.71538, QCD_stat_ele=4.82155, QCD_stat_muon=5.98158, VBS_stat_ele=5.45827, VBS_stat_muon=2.13861, ele_efficiency=-0.745718, ele_trigger=3.61695, fakephoton_ele=-6.10808, fakephoton_muon=2.64113, interference=1.41467, lumi=4.10568, mu_efficiency=-0.584396, mu_trigger=2.69095, non_prompt_stat_ele=-6.48301, non_prompt_stat_muon=6.06488, others_stat_ele=4.87666, others_stat_muon=3.66249, others_xs=3.00194, param=0.152327, pdf_ele=6.40975, pdf_muon=4.59831, photon_id=6.99898, pileup=1.33248, scale_ele=6.04888, scale_muon=6.30883
RooProdPdf::model_s[ modelObs_s * nuisancePdf ]
     getLogVal() top-level p.d.f evaluates to zero @ !pdfs=(modelObs_s = 0/1,nuisancePdf = 1)

[#0] WARNING:Minization -- RooMinimizerFcn: Minimized function has error status.
Returning maximum FCN so far (1006.28) to force MIGRAD to back out of this region. Error log follows
Parameter values: JER_ele=2.97606, JER_muon=1.6975, JES_ele=4.62969, JES_muon=2.11698, QCD_stat_ele=6.43581, QCD_stat_muon=5.08663, VBS_stat_ele=4.85142, VBS_stat_muon=1.72037, ele_efficiency=-0.954891, ele_trigger=2.92801, fakephoton_ele=-2.74279, fakephoton_muon=2.15468, interference=1.0557, lumi=3.57673, mu_efficiency=-0.716631, mu_trigger=2.24092, non_prompt_stat_ele=-6.3442, non_prompt_stat_muon=5.35828, others_stat_ele=4.08807, others_stat_muon=3.14586, others_xs=2.3005, param=0.0813647, pdf_ele=5.73402, pdf_muon=3.95082, photon_id=6.71406, pileup=1.28244, scale_ele=6.9386, scale_muon=5.3907
RooProdPdf::model_s[ modelObs_s * nuisancePdf ]
     getLogVal() top-level p.d.f evaluates to zero @ !pdfs=(modelObs_s = 0/1,nuisancePdf = 1)

[#0] WARNING:Minization -- RooMinimizerFcn: Minimized function has error status.
Returning maximum FCN so far (1006.28) to force MIGRAD to back out of this region. Error log follows
Parameter values: JER_ele=3.39109, JER_muon=1.87607, JES_ele=5.20279, JES_muon=2.46311, QCD_stat_ele=5.22136, QCD_stat_muon=5.62159, VBS_stat_ele=5.31789, VBS_stat_muon=1.92108, ele_efficiency=-0.78122, ele_trigger=3.48173, fakephoton_ele=-5.6067, fakephoton_muon=2.43362, interference=1.2797, lumi=3.94897, mu_efficiency=-0.634671, mu_trigger=2.4946, non_prompt_stat_ele=-6.82942, non_prompt_stat_muon=5.78105, others_stat_ele=4.72596, others_stat_muon=3.44894, others_xs=2.80436, param=0.118037, pdf_ele=6.29058, pdf_muon=4.31498, photon_id=6.96771, pileup=1.31383, scale_ele=6.30706, scale_muon=5.96001
RooProdPdf::model_s[ modelObs_s * nuisancePdf ]
     getLogVal() top-level p.d.f evaluates to zero @ !pdfs=(modelObs_s = 0/1,nuisancePdf = 1)

[#0] WARNING:Minization -- RooMinimizerFcn: Minimized function has error status.
Returning maximum FCN so far (1006.28) to force MIGRAD to back out of this region. Error log follows
Parameter values: JER_ele=2.77678, JER_muon=1.54199, JES_ele=4.34666, JES_muon=1.84227, QCD_stat_ele=6.77231, QCD_stat_muon=4.59883, VBS_stat_ele=4.58826, VBS_stat_muon=1.49675, ele_efficiency=-1.01949, ele_trigger=2.66907, fakephoton_ele=-1.08296, fakephoton_muon=1.93179, interference=0.897275, lumi=3.3493, mu_efficiency=-0.769189, mu_trigger=2.02934, non_prompt_stat_ele=-5.13708, non_prompt_stat_muon=4.98205, others_stat_ele=3.77831, others_stat_muon=2.90574, others_xs=2.01819, param=0.0501416, pdf_ele=5.42789, pdf_muon=3.62766, photon_id=6.45983, pileup=1.25677, scale_ele=6.99959, scale_muon=4.86893
RooProdPdf::model_s[ modelObs_s * nuisancePdf ]
     getLogVal() top-level p.d.f evaluates to zero @ !pdfs=(modelObs_s = 0/1,nuisancePdf = 1)

[#0] WARNING:Minization -- RooMinimizerFcn: Minimized function has error status.
Returning maximum FCN so far (1006.28) to force MIGRAD to back out of this region. Error log follows
Parameter values: JER_ele=3.35796, JER_muon=1.81865, JES_ele=5.16457, JES_muon=2.37454, QCD_stat_ele=5.32708, QCD_stat_muon=5.4851, VBS_stat_ele=5.25882, VBS_stat_muon=1.81223, ele_efficiency=-0.787309, ele_trigger=3.44359, fakephoton_ele=-5.41451, fakephoton_muon=2.35766, interference=1.22688, lumi=3.89132, mu_efficiency=-0.650269, mu_trigger=2.42201, non_prompt_stat_ele=-6.90592, non_prompt_stat_muon=5.66879, others_stat_ele=4.684, others_stat_muon=3.37406, others_xs=2.74344, param=0.0859674, pdf_ele=6.25341, pdf_muon=4.20462, photon_id=6.94763, pileup=1.30538, scale_ele=6.37213, scale_muon=5.82424
RooProdPdf::model_s[ modelObs_s * nuisancePdf ]
     getLogVal() top-level p.d.f evaluates to zero @ !pdfs=(modelObs_s = 0/1,nuisancePdf = 1)

[#0] WARNING:Minization -- RooMinimizerFcn: Minimized function has error status.
Returning maximum FCN so far (1006.28) to force MIGRAD to back out of this region. Error log follows
Parameter values: JER_ele=3.45923, JER_muon=1.85742, JES_ele=5.30291, JES_muon=2.46538, QCD_stat_ele=4.92978, QCD_stat_muon=5.62125, VBS_stat_ele=5.34964, VBS_stat_muon=1.82001, ele_efficiency=-0.738218, ele_trigger=3.58296, fakephoton_ele=-5.92149, fakephoton_muon=2.42378, interference=1.27524, lumi=3.97641, mu_efficiency=-0.626219, mu_trigger=2.48354, non_prompt_stat_ele=-6.65035, non_prompt_stat_muon=5.76377, others_stat_ele=4.84158, others_stat_muon=3.45287, others_xs=2.87637, param=0.0560854, pdf_ele=6.37324, pdf_muon=4.2872, photon_id=6.98065, pileup=1.31007, scale_ele=6.11487, scale_muon=5.96448
RooProdPdf::model_s[ modelObs_s * nuisancePdf ]
     getLogVal() top-level p.d.f evaluates to zero @ !pdfs=(modelObs_s = 0/1,nuisancePdf = 1)

[#0] WARNING:Minization -- RooMinimizerFcn: Minimized function has error status.
Returning maximum FCN so far (1006.28) to force MIGRAD to back out of this region. Error log follows
Parameter values: JER_ele=3.36163, JER_muon=1.80671, JES_ele=5.1798, JES_muon=2.38607, QCD_stat_ele=5.29136, QCD_stat_muon=5.49792, VBS_stat_ele=5.22769, VBS_stat_muon=1.73787, ele_efficiency=-0.758606, ele_trigger=3.46397, fakephoton_ele=-5.38365, fakephoton_muon=2.3579, interference=1.21866, lumi=3.88023, mu_efficiency=-0.634731, mu_trigger=2.4176, non_prompt_stat_ele=-6.91882, non_prompt_stat_muon=5.66431, others_stat_ele=4.70641, others_stat_muon=3.37743, others_xs=2.77097, param=0.0123229, pdf_ele=6.26317, pdf_muon=4.18786, photon_id=6.94951, pileup=1.29315, scale_ele=6.34265, scale_muon=5.83992
RooProdPdf::model_s[ modelObs_s * nuisancePdf ]
     getLogVal() top-level p.d.f evaluates to zero @ !pdfs=(modelObs_s = 0/1,nuisancePdf = 1)

[#0] WARNING:Minization -- RooMinimizerFcn: Minimized function has error status.
Returning maximum FCN so far (1006.28) to force MIGRAD to back out of this region. Error log follows
Parameter values: JER_ele=2.87498, JER_muon=1.56047, JES_ele=4.50802, JES_muon=1.93576, QCD_stat_ele=6.60125, QCD_stat_muon=4.75938, VBS_stat_ele=4.63415, VBS_stat_muon=1.39337, ele_efficiency=-0.956311, ele_trigger=2.81633, fakephoton_ele=-1.92148, fakephoton_muon=2.02123, interference=0.920068, lumi=3.41806, mu_efficiency=-0.741384, mu_trigger=2.08066, non_prompt_stat_ele=-5.78975, non_prompt_stat_muon=5.13203, others_stat_ele=3.95893, others_stat_muon=2.99068, others_xs=2.165, param=0.0243131, pdf_ele=5.59153, pdf_muon=3.68743, photon_id=6.57366, pileup=1.25622, scale_ele=6.98157, scale_muon=5.05973
RooProdPdf::model_s[ modelObs_s * nuisancePdf ]
     getLogVal() top-level p.d.f evaluates to zero @ !pdfs=(modelObs_s = 0/1,nuisancePdf = 1)

[#0] WARNING:Minization -- RooMinimizerFcn: Minimized function has error status.
Returning maximum FCN so far (1006.28) to force MIGRAD to back out of this region. Error log follows
Parameter values: JER_ele=2.7152, JER_muon=1.453, JES_ele=4.26974, JES_muon=1.71328, QCD_stat_ele=6.83374, QCD_stat_muon=4.40483, VBS_stat_ele=4.40856, VBS_stat_muon=1.17868, ele_efficiency=-1.13944, ele_trigger=2.55104, fakephoton_ele=-0.547607, fakephoton_muon=1.8844, interference=0.756341, lumi=3.26962, mu_efficiency=-0.859103, mu_trigger=1.93907, non_prompt_stat_ele=-4.60396, non_prompt_stat_muon=4.9238, others_stat_ele=3.6741, others_stat_muon=2.85597, others_xs=1.881, param=0.0748066, pdf_ele=5.31848, pdf_muon=3.48008, photon_id=6.34801, pileup=1.29894, scale_ele=6.98822, scale_muon=4.66599
RooProdPdf::model_s[ modelObs_s * nuisancePdf ]
     getLogVal() top-level p.d.f evaluates to zero @ !pdfs=(modelObs_s = 0/1,nuisancePdf = 1)

[#0] WARNING:Minization -- RooMinimizerFcn: Minimized function has error status.
Returning maximum FCN so far (1006.28) to force MIGRAD to back out of this region. Error log follows
Parameter values: JER_ele=2.90589, JER_muon=1.50749, JES_ele=4.54598, JES_muon=1.80495, QCD_stat_ele=6.55189, QCD_stat_muon=4.57039, VBS_stat_ele=4.65105, VBS_stat_muon=1.25144, ele_efficiency=-1.0933, ele_trigger=2.79353, fakephoton_ele=-2.18189, fakephoton_muon=1.96867, interference=0.831483, lumi=3.43554, mu_efficiency=-0.853171, mu_trigger=2.01433, non_prompt_stat_ele=-5.94056, non_prompt_stat_muon=5.0759, others_stat_ele=3.96973, others_stat_muon=2.95175, others_xs=2.06489, param=0.0127976, pdf_ele=5.61931, pdf_muon=3.59801, photon_id=6.55173, pileup=1.32638, scale_ele=6.97848, scale_muon=4.85983
RooProdPdf::model_s[ modelObs_s * nuisancePdf ]
     getLogVal() top-level p.d.f evaluates to zero @ !pdfs=(modelObs_s = 0/1,nuisancePdf = 1)

[#0] WARNING:Minization -- RooMinimizerFcn: Minimized function has error status.
Returning maximum FCN so far (1006.28) to force MIGRAD to back out of this region. Error log follows
Parameter values: JER_ele=1.94546, JER_muon=1.05151, JES_ele=3.09167, JES_muon=0.99906, QCD_stat_ele=6.59289, QCD_stat_muon=2.90361, VBS_stat_ele=3.3937, VBS_stat_muon=0.719359, ele_efficiency=-1.27051, ele_trigger=1.58781, fakephoton_ele=5.23815, fakephoton_muon=1.26745, interference=0.353366, lumi=2.47723, mu_efficiency=-0.922985, mu_trigger=1.37038, non_prompt_stat_ele=2.92917, non_prompt_stat_muon=3.70399, others_stat_ele=2.43721, others_stat_muon=2.14919, others_xs=0.994955, param=0.00782845, pdf_ele=3.91959, pdf_muon=2.56732, photon_id=4.93872, pileup=1.15919, scale_ele=5.82584, scale_muon=2.98238
RooProdPdf::model_s[ modelObs_s * nuisancePdf ]
     getLogVal() top-level p.d.f evaluates to zero @ !pdfs=(modelObs_s = 0/1,nuisancePdf = 1)

[#0] WARNING:Minization -- RooMinimizerFcn: Minimized function has error status.
Returning maximum FCN so far (1006.28) to force MIGRAD to back out of this region. Error log follows
Parameter values: JER_ele=2.8293, JER_muon=1.45615, JES_ele=4.43829, JES_muon=1.7174, QCD_stat_ele=6.6815, QCD_stat_muon=4.40655, VBS_stat_ele=4.54507, VBS_stat_muon=1.16961, ele_efficiency=-1.11569, ele_trigger=2.69488, fakephoton_ele=-1.57967, fakephoton_muon=1.90118, interference=0.776364, lumi=3.35286, mu_efficiency=-0.868996, mu_trigger=1.9458, non_prompt_stat_ele=-5.48991, non_prompt_stat_muon=4.95815, others_stat_ele=3.85207, others_stat_muon=2.87442, others_xs=1.96624, param=0.00473481, pdf_ele=5.50137, pdf_muon=3.49045, photon_id=6.45172, pileup=1.31658, scale_ele=6.99792, scale_muon=4.68295
RooProdPdf::model_s[ modelObs_s * nuisancePdf ]
     getLogVal() top-level p.d.f evaluates to zero @ !pdfs=(modelObs_s = 0/1,nuisancePdf = 1)

[#0] WARNING:Minization -- RooMinimizerFcn: Minimized function has error status.
Returning maximum FCN so far (1006.28) to force MIGRAD to back out of this region. Error log follows
Parameter values: JER_ele=1.74839, JER_muon=0.94924, JES_ele=2.77581, JES_muon=0.8138, QCD_stat_ele=6.20001, QCD_stat_muon=2.50359, VBS_stat_ele=3.10885, VBS_stat_muon=0.570626, ele_efficiency=-1.33541, ele_trigger=1.32633, fakephoton_ele=6.167, fakephoton_muon=1.12139, interference=0.236083, lumi=2.2782, mu_efficiency=-0.959484, mu_trigger=1.22911, non_prompt_stat_ele=4.63337, non_prompt_stat_muon=3.39884, others_stat_ele=2.10381, others_stat_muon=1.98219, others_xs=0.755071, param=0.00220598, pdf_ele=3.51527, pdf_muon=2.33561, photon_id=4.48162, pileup=1.14033, scale_ele=5.24777, scale_muon=2.52398
RooProdPdf::model_s[ modelObs_s * nuisancePdf ]
     getLogVal() top-level p.d.f evaluates to zero @ !pdfs=(modelObs_s = 0/1,nuisancePdf = 1)

[#0] WARNING:Minization -- RooMinimizerFcn: Minimized function has error status.
Returning maximum FCN so far (1006.28) to force MIGRAD to back out of this region. Error log follows
Parameter values: JER_ele=1.86851, JER_muon=1.03391, JES_ele=2.97529, JES_muon=0.985876, QCD_stat_ele=6.46181, QCD_stat_muon=2.88084, VBS_stat_ele=3.26197, VBS_stat_muon=0.662956, ele_efficiency=-1.27628, ele_trigger=1.49766, fakephoton_ele=5.71545, fakephoton_muon=1.23489, interference=0.326013, lumi=2.40746, mu_efficiency=-0.914822, mu_trigger=1.35148, non_prompt_stat_ele=3.78213, non_prompt_stat_muon=3.63066, others_stat_ele=2.321, others_stat_muon=2.12799, others_xs=0.94333, param=0.0111887, pdf_ele=3.76906, pdf_muon=2.52955, photon_id=4.80982, pileup=1.14313, scale_ele=5.62568, scale_muon=2.94464
RooProdPdf::model_s[ modelObs_s * nuisancePdf ]
     getLogVal() top-level p.d.f evaluates to zero @ !pdfs=(modelObs_s = 0/1,nuisancePdf = 1)

[#0] WARNING:Minization -- RooMinimizerFcn: Minimized function has error status.
Returning maximum FCN so far (1006.28) to force MIGRAD to back out of this region. Error log follows
Parameter values: JER_ele=3.08318, JER_muon=1.63801, JES_ele=4.81217, JES_muon=2.10133, QCD_stat_ele=6.13366, QCD_stat_muon=5.07518, VBS_stat_ele=4.82168, VBS_stat_muon=1.35005, ele_efficiency=-0.956245, ele_trigger=3.06403, fakephoton_ele=-3.59034, fakephoton_muon=2.18949, interference=0.977534, lumi=3.61498, mu_efficiency=-0.75593, mu_trigger=2.21182, non_prompt_stat_ele=-6.72922, non_prompt_stat_muon=5.42602, others_stat_ele=4.2785, others_stat_muon=3.18326, others_xs=2.387, param=2.26833e-05, pdf_ele=5.89318, pdf_muon=3.87916, photon_id=6.77088, pileup=1.31414, scale_ele=6.8245, scale_muon=5.40678
RooProdPdf::model_s[ modelObs_s * nuisancePdf ]
     getLogVal() top-level p.d.f evaluates to zero @ !pdfs=(modelObs_s = 0/1,nuisancePdf = 1)

[#0] WARNING:Minization -- RooMinimizerFcn: Minimized function has error status.
Returning maximum FCN so far (1006.28) to force MIGRAD to back out of this region. Error log follows
Parameter values: JER_ele=1.38481, JER_muon=0.803269, JES_ele=2.1807, JES_muon=0.553089, QCD_stat_ele=5.17665, QCD_stat_muon=1.93276, VBS_stat_ele=2.57477, VBS_stat_muon=0.351482, ele_efficiency=-1.44814, ele_trigger=0.845657, fakephoton_ele=6.98953, fakephoton_muon=0.914339, interference=0.0529713, lumi=1.93521, mu_efficiency=-1.0082, mu_trigger=1.0283, non_prompt_stat_ele=6.69324, non_prompt_stat_muon=2.95204, others_stat_ele=1.48253, others_stat_muon=1.74099, others_xs=0.354777, param=0.00117126, pdf_ele=2.7358, pdf_muon=2.0019, photon_id=3.63419, pileup=1.1059, scale_ele=3.94854, scale_muon=1.85926
RooProdPdf::model_s[ modelObs_s * nuisancePdf ]
     getLogVal() top-level p.d.f evaluates to zero @ !pdfs=(modelObs_s = 0/1,nuisancePdf = 1)

[#0] WARNING:Minization -- RooMinimizerFcn: Minimized function has error status.
Returning maximum FCN so far (1006.28) to force MIGRAD to back out of this region. Error log follows
Parameter values: JER_ele=1.71414, JER_muon=0.945638, JES_ele=2.73504, JES_muon=0.847679, QCD_stat_ele=6.13709, QCD_stat_muon=2.56581, VBS_stat_ele=3.01811, VBS_stat_muon=0.513389, ele_efficiency=-1.29861, ele_trigger=1.30839, fakephoton_ele=6.29399, fakephoton_muon=1.13558, interference=0.233701, lumi=2.24071, mu_efficiency=-0.927834, mu_trigger=1.23588, non_prompt_stat_ele=4.88786, non_prompt_stat_muon=3.41546, others_stat_ele=2.07456, others_stat_muon=1.99199, others_xs=0.77543, param=0.00707507, pdf_ele=3.45793, pdf_muon=2.3329, photon_id=4.44927, pileup=1.11587, scale_ele=5.18683, scale_muon=2.59573
RooProdPdf::model_s[ modelObs_s * nuisancePdf ]
     getLogVal() top-level p.d.f evaluates to zero @ !pdfs=(modelObs_s = 0/1,nuisancePdf = 1)

[#0] WARNING:Minization -- RooMinimizerFcn: Minimized function has error status.
Returning maximum FCN so far (1006.28) to force MIGRAD to back out of this region. Error log follows
Parameter values: JER_ele=1.4116, JER_muon=0.797793, JES_ele=2.23772, JES_muon=0.5728, QCD_stat_ele=5.28269, QCD_stat_muon=1.95484, VBS_stat_ele=2.58581, VBS_stat_muon=0.322642, ele_efficiency=-1.39588, ele_trigger=0.908055, fakephoton_ele=6.97352, fakephoton_muon=0.910022, interference=0.0667573, lumi=1.93816, mu_efficiency=-0.978626, mu_trigger=1.02694, non_prompt_stat_ele=6.6018, non_prompt_stat_muon=2.92813, others_stat_ele=1.55565, others_stat_muon=1.73744, others_xs=0.412203, param=0.0134316, pdf_ele=2.80922, pdf_muon=1.98856, photon_id=3.69278, pileup=1.08473, scale_ele=4.10482, scale_muon=1.89114
RooProdPdf::model_s[ modelObs_s * nuisancePdf ]
     getLogVal() top-level p.d.f evaluates to zero @ !pdfs=(modelObs_s = 0/1,nuisancePdf = 1)

[#0] WARNING:Minization -- RooMinimizerFcn: Minimized function has error status.
Returning maximum FCN so far (1006.28) to force MIGRAD to back out of this region. Error log follows
Parameter values: JER_ele=4.81661, JER_muon=2.52765, JES_ele=6.69991, JES_muon=3.65529, QCD_stat_ele=-2.68263, QCD_stat_muon=6.90251, VBS_stat_ele=6.52383, VBS_stat_muon=2.24646, ele_efficiency=-0.548502, ele_trigger=5.16974, fakephoton_ele=-1.40692, fakephoton_muon=3.55632, interference=1.91009, lumi=5.26625, mu_efficiency=-0.601345, mu_trigger=3.45442, non_prompt_stat_ele=6.31935, non_prompt_stat_muon=6.91539, others_stat_ele=6.45119, others_stat_muon=4.66741, others_xs=4.38241, param=0.0163868, pdf_ele=6.94135, pdf_muon=5.57527, photon_id=5.66424, pileup=1.65022, scale_ele=-0.290471, scale_muon=6.99987
RooProdPdf::model_s[ modelObs_s * nuisancePdf ]
     getLogVal() top-level p.d.f evaluates to zero @ !pdfs=(modelObs_s = 0/1,nuisancePdf = 1)

[#0] WARNING:Minization -- RooMinimizerFcn: Minimized function has error status.
Returning maximum FCN so far (1006.28) to force MIGRAD to back out of this region. Error log follows
Parameter values: JER_ele=0.658036, JER_muon=0.466828, JES_ele=0.945811, JES_muon=-0.0912637, QCD_stat_ele=2.23115, QCD_stat_muon=0.48665, VBS_stat_ele=1.50267, VBS_stat_muon=-0.114442, ele_efficiency=-1.73411, ele_trigger=-0.146652, fakephoton_ele=4.90291, fakephoton_muon=0.418156, interference=-0.358268, lumi=1.22929, mu_efficiency=-1.16443, mu_trigger=0.553918, non_prompt_stat_ele=5.02928, non_prompt_stat_muon=1.85183, others_stat_ele=0.193445, others_stat_muon=1.17445, others_xs=-0.534704, param=0.0214427, pdf_ele=1.06875, pdf_muon=1.21515, photon_id=1.6191, pileup=1.06601, scale_ele=0.697045, scale_muon=0.184681
RooProdPdf::model_s[ modelObs_s * nuisancePdf ]
     getLogVal() top-level p.d.f evaluates to zero @ !pdfs=(modelObs_s = 0/1,nuisancePdf = 1)

[#0] WARNING:Minization -- RooMinimizerFcn: Minimized function has error status.
Returning maximum FCN so far (1006.28) to force MIGRAD to back out of this region. Error log follows
Parameter values: JER_ele=0.732239, JER_muon=0.485057, JES_ele=1.08022, JES_muon=-0.0493302, QCD_stat_ele=2.55691, QCD_stat_muon=0.572153, VBS_stat_ele=1.61139, VBS_stat_muon=-0.0932639, ele_efficiency=-1.69987, ele_trigger=-0.0391429, fakephoton_ele=5.37781, fakephoton_muon=0.460772, interference=-0.326228, lumi=1.29303, mu_efficiency=-1.15037, mu_trigger=0.581928, non_prompt_stat_ele=5.58787, non_prompt_stat_muon=1.94698, others_stat_ele=0.337165, others_stat_muon=1.20792, others_xs=-0.448612, param=0.0344299, pdf_ele=1.24874, pdf_muon=1.26025, photon_id=1.81147, pileup=1.06695, scale_ele=1.07273, scale_muon=0.291016
RooProdPdf::model_s[ modelObs_s * nuisancePdf ]
     getLogVal() top-level p.d.f evaluates to zero @ !pdfs=(modelObs_s = 0/1,nuisancePdf = 1)

[#0] WARNING:Minization -- RooMinimizerFcn: Minimized function has error status.
Returning maximum FCN so far (1006.28) to force MIGRAD to back out of this region. Error log follows
Parameter values: JER_ele=0.923089, JER_muon=0.559965, JES_ele=1.41276, JES_muon=0.114581, QCD_stat_ele=3.41894, QCD_stat_muon=0.925448, VBS_stat_ele=1.87948, VBS_stat_muon=0.00339568, ele_efficiency=-1.58471, ele_trigger=0.240582, fakephoton_ele=6.24898, fakephoton_muon=0.5734, interference=-0.217528, lumi=1.45947, mu_efficiency=-1.08811, mu_trigger=0.690692, non_prompt_stat_ele=6.55567, non_prompt_stat_muon=2.18796, others_stat_ele=0.69097, others_stat_muon=1.33572, others_xs=-0.198272, param=0.0316131, pdf_ele=1.70279, pdf_muon=1.43367, photon_id=2.34451, pileup=1.05773, scale_ele=2.00818, scale_muon=0.703988
RooProdPdf::model_s[ modelObs_s * nuisancePdf ]
     getLogVal() top-level p.d.f evaluates to zero @ !pdfs=(modelObs_s = 0/1,nuisancePdf = 1)

[#0] WARNING:Minization -- RooMinimizerFcn: Minimized function has error status.
Returning maximum FCN so far (1006.28) to force MIGRAD to back out of this region. Error log follows
Parameter values: JER_ele=1.28776, JER_muon=0.715737, JES_ele=2.02789, JES_muon=0.407892, QCD_stat_ele=4.855, QCD_stat_muon=1.60251, VBS_stat_ele=2.39958, VBS_stat_muon=0.188313, ele_efficiency=-1.4773, ele_trigger=0.719822, fakephoton_ele=6.99338, fakephoton_muon=0.807937, interference=-0.037708, lumi=1.81181, mu_efficiency=-1.03798, mu_trigger=0.913857, non_prompt_stat_ele=6.89594, non_prompt_stat_muon=2.71875, others_stat_ele=1.32348, others_stat_muon=1.61557, others_xs=0.216918, param=0.0341433, pdf_ele=2.52492, pdf_muon=1.80549, photon_id=3.31974, pileup=1.09589, scale_ele=3.58442, scale_muon=1.48866
RooProdPdf::model_s[ modelObs_s * nuisancePdf ]
     getLogVal() top-level p.d.f evaluates to zero @ !pdfs=(modelObs_s = 0/1,nuisancePdf = 1)

[#0] WARNING:Minization -- RooMinimizerFcn: Minimized function has error status.
Returning maximum FCN so far (1006.28) to force MIGRAD to back out of this region. Error log follows
Parameter values: JER_ele=3.04393, JER_muon=1.52953, JES_ele=4.76998, JES_muon=1.93279, QCD_stat_ele=6.20722, QCD_stat_muon=4.79874, VBS_stat_ele=4.70616, VBS_stat_muon=1.09548, ele_efficiency=-1.00857, ele_trigger=3.00586, fakephoton_ele=-3.17038, fakephoton_muon=2.05412, interference=0.862999, lumi=3.52478, mu_efficiency=-0.811128, mu_trigger=2.08044, non_prompt_stat_ele=-6.52471, non_prompt_stat_muon=5.21177, others_stat_ele=4.22584, others_stat_muon=3.0614, others_xs=2.27344, param=0.0373503, pdf_ele=5.83829, pdf_muon=3.67053, photon_id=6.69299, pileup=1.32042, scale_ele=6.86524, scale_muon=5.11392
RooProdPdf::model_s[ modelObs_s * nuisancePdf ]
     getLogVal() top-level p.d.f evaluates to zero @ !pdfs=(modelObs_s = 0/1,nuisancePdf = 1)

[#0] WARNING:Minization -- RooMinimizerFcn: Minimized function has error status.
Returning maximum FCN so far (1006.28) to force MIGRAD to back out of this region. Error log follows
Parameter values: JER_ele=0.853125, JER_muon=0.550779, JES_ele=1.29162, JES_muon=0.100906, QCD_stat_ele=3.12273, QCD_stat_muon=0.887008, VBS_stat_ele=1.77791, VBS_stat_muon=-0.00198639, ele_efficiency=-1.59337, ele_trigger=0.152511, fakephoton_ele=5.86147, fakephoton_muon=0.551788, interference=-0.232364, lumi=1.40116, mu_efficiency=-1.08215, mu_trigger=0.676742, non_prompt_stat_ele=6.14933, non_prompt_stat_muon=2.13354, others_stat_ele=0.568409, others_stat_muon=1.31451, others_xs=-0.253267, param=0.0418803, pdf_ele=1.54195, pdf_muon=1.40844, photon_id=2.19118, pileup=1.04508, scale_ele=1.68122, scale_muon=0.659046
RooProdPdf::model_s[ modelObs_s * nuisancePdf ]
     getLogVal() top-level p.d.f evaluates to zero @ !pdfs=(modelObs_s = 0/1,nuisancePdf = 1)

[#0] WARNING:Minization -- RooMinimizerFcn: Minimized function has error status.
Returning maximum FCN so far (1006.28) to force MIGRAD to back out of this region. Error log follows
Parameter values: JER_ele=1.16045, JER_muon=0.667995, JES_ele=1.8067, JES_muon=0.290238, QCD_stat_ele=4.36293, QCD_stat_muon=1.38593, VBS_stat_ele=2.2106, VBS_stat_muon=0.0809957, ele_efficiency=-1.62163, ele_trigger=0.500184, fakephoton_ele=6.89296, fakephoton_muon=0.770597, interference=-0.138223, lumi=1.71996, mu_efficiency=-1.12301, mu_trigger=0.850862, non_prompt_stat_ele=6.99998, non_prompt_stat_muon=2.66945, others_stat_ele=1.06947, others_stat_muon=1.56028, others_xs=0.0149009, param=0.0540467, pdf_ele=2.21703, pdf_muon=1.71358, photon_id=2.98717, pileup=1.13748, scale_ele=2.9777, scale_muon=1.23697
RooProdPdf::model_s[ modelObs_s * nuisancePdf ]
     getLogVal() top-level p.d.f evaluates to zero @ !pdfs=(modelObs_s = 0/1,nuisancePdf = 1)

[#0] WARNING:Minization -- RooMinimizerFcn: Minimized function has error status.
Returning maximum FCN so far (1006.28) to force MIGRAD to back out of this region. Error log follows
Parameter values: JER_ele=0.717563, JER_muon=0.428183, JES_ele=1.06433, JES_muon=-0.129568, QCD_stat_ele=2.51867, QCD_stat_muon=0.358163, VBS_stat_ele=1.56484, VBS_stat_muon=-0.180356, ele_efficiency=-1.65435, ele_trigger=-0.0335577, fakephoton_ele=5.31663, fakephoton_muon=0.378595, interference=-0.357429, lumi=1.23166, mu_efficiency=-1.13779, mu_trigger=0.505678, non_prompt_stat_ele=5.52421, non_prompt_stat_muon=1.74172, others_stat_ele=0.331182, others_stat_muon=1.11614, others_xs=-0.471997, param=0.0793467, pdf_ele=1.22776, pdf_muon=1.12056, photon_id=1.68545, pileup=1.03916, scale_ele=1.06144, scale_muon=0.0539447
RooProdPdf::model_s[ modelObs_s * nuisancePdf ]
     getLogVal() top-level p.d.f evaluates to zero @ !pdfs=(modelObs_s = 0/1,nuisancePdf = 1)

[#0] WARNING:Minization -- RooMinimizerFcn: Minimized function has error status.
Returning maximum FCN so far (1006.28) to force MIGRAD to back out of this region. Error log follows
Parameter values: JER_ele=1.56191, JER_muon=0.804289, JES_ele=2.48124, JES_muon=0.563542, QCD_stat_ele=5.73379, QCD_stat_muon=1.99243, VBS_stat_ele=2.75786, VBS_stat_muon=0.228767, ele_efficiency=-1.47998, ele_trigger=1.04275, fakephoton_ele=6.73652, fakephoton_muon=0.971134, interference=0.0422558, lumi=2.07454, mu_efficiency=-1.06223, mu_trigger=1.04936, non_prompt_stat_ele=5.90981, non_prompt_stat_muon=3.10451, others_stat_ele=1.77346, others_stat_muon=1.81229, others_xs=0.464003, param=0.0880234, pdf_ele=3.10698, pdf_muon=2.0345, photon_id=3.95621, pileup=1.16412, scale_ele=4.59265, scale_muon=1.94758
RooProdPdf::model_s[ modelObs_s * nuisancePdf ]
     getLogVal() top-level p.d.f evaluates to zero @ !pdfs=(modelObs_s = 0/1,nuisancePdf = 1)

[#0] WARNING:Minization -- RooMinimizerFcn: Minimized function has error status.
Returning maximum FCN so far (1006.28) to force MIGRAD to back out of this region. Error log follows
Parameter values: JER_ele=1.20346, JER_muon=0.652082, JES_ele=1.86396, JES_muon=0.223979, QCD_stat_ele=4.50944, QCD_stat_muon=1.31618, VBS_stat_ele=2.24416, VBS_stat_muon=-0.0414965, ele_efficiency=-1.75628, ele_trigger=0.473678, fakephoton_ele=6.96144, fakephoton_muon=0.814788, interference=-0.212063, lumi=1.77565, mu_efficiency=-1.23206, mu_trigger=0.839963, non_prompt_stat_ele=6.97726, non_prompt_stat_muon=2.82297, others_stat_ele=1.081, others_stat_muon=1.59972, others_xs=-0.0591389, param=0.0946167, pdf_ele=2.27258, pdf_muon=1.711, photon_id=3.01691, pileup=1.22258, scale_ele=3.04314, scale_muon=1.16028
RooProdPdf::model_s[ modelObs_s * nuisancePdf ]
     getLogVal() top-level p.d.f evaluates to zero @ !pdfs=(modelObs_s = 0/1,nuisancePdf = 1)

[#0] WARNING:Minization -- RooMinimizerFcn: Minimized function has error status.
Returning maximum FCN so far (1006.28) to force MIGRAD to back out of this region. Error log follows
Parameter values: JER_ele=1.14101, JER_muon=0.685205, JES_ele=2.00414, JES_muon=0.927409, QCD_stat_ele=4.66838, QCD_stat_muon=1.73504, VBS_stat_ele=2.28736, VBS_stat_muon=1.10952, ele_efficiency=0.403769, ele_trigger=1.57249, fakephoton_ele=5.9029, fakephoton_muon=-0.0176654, interference=0.754154, lumi=1.1961, mu_efficiency=0.289274, mu_trigger=0.779744, non_prompt_stat_ele=6.50253, non_prompt_stat_muon=0.0614617, others_stat_ele=1.86893, others_stat_muon=0.904619, others_xs=1.32033, param=0.0773587, pdf_ele=2.7103, pdf_muon=1.32981, photon_id=3.31014, pileup=0.0247016, scale_ele=4.41497, scale_muon=1.67401
RooProdPdf::model_s[ modelObs_s * nuisancePdf ]
     getLogVal() top-level p.d.f evaluates to zero @ !pdfs=(modelObs_s = 0/1,nuisancePdf = 1)

[#0] WARNING:Minization -- RooMinimizerFcn: Minimized function has error status.
Returning maximum FCN so far (1006.28) to force MIGRAD to back out of this region. Error log follows
Parameter values: JER_ele=0.717548, JER_muon=0.423203, JES_ele=1.06395, JES_muon=-0.140778, QCD_stat_ele=2.51514, QCD_stat_muon=0.332195, VBS_stat_ele=1.56423, VBS_stat_muon=-0.188849, ele_efficiency=-1.66358, ele_trigger=-0.0373175, fakephoton_ele=5.31386, fakephoton_muon=0.374868, interference=-0.363401, lumi=1.23055, mu_efficiency=-1.14473, mu_trigger=0.498963, non_prompt_stat_ele=5.51819, non_prompt_stat_muon=1.73558, others_stat_ele=0.328848, others_stat_muon=1.10968, others_xs=-0.481199, param=0.0945621, pdf_ele=1.22601, pdf_muon=1.11003, photon_id=1.67433, pileup=1.04274, scale_ele=1.05378, scale_muon=0.0279905
RooProdPdf::model_s[ modelObs_s * nuisancePdf ]
     getLogVal() top-level p.d.f evaluates to zero @ !pdfs=(modelObs_s = 0/1,nuisancePdf = 1)

[#0] WARNING:Minization -- RooMinimizerFcn: Minimized function has error status.
Returning maximum FCN so far (37.4416) to force MIGRAD to back out of this region. Error log follows
Parameter values: JER_ele=2.21587, JER_muon=0.308789, JES_ele=-5.90241, JES_muon=-6.94639, QCD_stat_ele=6.41578, QCD_stat_muon=-6.94125, VBS_stat_ele=-6.01529, VBS_stat_muon=0.434466, ele_efficiency=-2.8457, ele_trigger=-5.5971, fakephoton_ele=4.90811, fakephoton_muon=-0.0076505, interference=3.54862, lumi=6.17731, mu_efficiency=-5.55007, mu_trigger=5.59794, non_prompt_stat_ele=5.49715, non_prompt_stat_muon=-2.13276, others_stat_ele=3.65897, others_stat_muon=6.93821, others_xs=-6.99815, param=0.332124, pdf_ele=0.0876651, pdf_muon=1.07006, photon_id=6.15995, pileup=3.89919, scale_ele=6.97681, scale_muon=-1.48734
RooProdPdf::model_s[ modelObs_s * nuisancePdf ]
     getLogVal() top-level p.d.f evaluates to zero @ !pdfs=(modelObs_s = 0/1,nuisancePdf = 1)

[#0] WARNING:Minization -- RooMinimizerFcn: Minimized function has error status.
Returning maximum FCN so far (652.556) to force MIGRAD to back out of this region. Error log follows
Parameter values: JER_ele=-6.77117, JER_muon=-4.58732, JES_ele=-4.37822, JES_muon=6.60223, QCD_stat_ele=2.32524, QCD_stat_muon=3.58758, VBS_stat_ele=-4.05866, VBS_stat_muon=-0.748993, ele_efficiency=-3.03642, ele_trigger=-6.4413, fakephoton_ele=3.22644, fakephoton_muon=-4.98123, interference=-6.53752, lumi=-4.22662, mu_efficiency=-5.06178, mu_trigger=1.3588, non_prompt_stat_ele=6.99924, non_prompt_stat_muon=-6.80833, others_stat_ele=-5.75039, others_stat_muon=3.03107, others_xs=-1.32105, param=2.00917, pdf_ele=2.39895, pdf_muon=3.28655, photon_id=-6.99991, pileup=-2.12963, scale_ele=-6.9942, scale_muon=2.4722
RooProdPdf::model_s[ modelObs_s * nuisancePdf ]
     getLogVal() top-level p.d.f evaluates to zero @ !pdfs=(modelObs_s = 0/1,nuisancePdf = 1)

[#0] WARNING:Minization -- RooMinimizerFcn: Minimized function has error status.
Returning maximum FCN so far (652.556) to force MIGRAD to back out of this region. Error log follows
Parameter values: JER_ele=3.39057, JER_muon=-2.4075, JES_ele=0.959124, JES_muon=-4.68942, QCD_stat_ele=5.36056, QCD_stat_muon=-6.20289, VBS_stat_ele=6.18424, VBS_stat_muon=-6.63721, ele_efficiency=1.2799, ele_trigger=2.5423, fakephoton_ele=3.11781, fakephoton_muon=5.84582, interference=4.86828, lumi=6.31467, mu_efficiency=6.44407, mu_trigger=-6.04325, non_prompt_stat_ele=4.42647, non_prompt_stat_muon=6.24406, others_stat_ele=1.62639, others_stat_muon=-6.93815, others_xs=2.72887, param=1.9858, pdf_ele=4.59184, pdf_muon=6.97891, photon_id=5.99788, pileup=1.12596, scale_ele=6.99831, scale_muon=3.9849
RooProdPdf::model_s[ modelObs_s * nuisancePdf ]
     getLogVal() top-level p.d.f evaluates to zero @ !pdfs=(modelObs_s = 0/1,nuisancePdf = 1)

[#0] WARNING:Minization -- RooMinimizerFcn: Minimized function has error status.
Returning maximum FCN so far (652.556) to force MIGRAD to back out of this region. Error log follows
Parameter values: JER_ele=4.75275, JER_muon=-6.90155, JES_ele=3.4417, JES_muon=6.94473, QCD_stat_ele=6.7874, QCD_stat_muon=-5.80102, VBS_stat_ele=6.99987, VBS_stat_muon=4.38433, ele_efficiency=1.84505, ele_trigger=4.51594, fakephoton_ele=5.9191, fakephoton_muon=6.97254, interference=-1.89777, lumi=0.575486, mu_efficiency=6.98232, mu_trigger=-1.97656, non_prompt_stat_ele=6.8857, non_prompt_stat_muon=0.0638096, others_stat_ele=3.90832, others_stat_muon=5.34715, others_xs=-5.89355, param=0.870915, pdf_ele=6.75068, pdf_muon=-6.86874, photon_id=-6.5108, pileup=1.88357, scale_ele=1.57332, scale_muon=3.44951
RooProdPdf::model_s[ modelObs_s * nuisancePdf ]
     getLogVal() top-level p.d.f evaluates to zero @ !pdfs=(modelObs_s = 0/1,nuisancePdf = 1)

[#0] WARNING:Minization -- RooMinimizerFcn: Minimized function has error status.
Returning maximum FCN so far (898.23) to force MIGRAD to back out of this region. Error log follows
Parameter values: JER_ele=2.74106, JER_muon=1.49625, JES_ele=2.16085, JES_muon=-6.51621, QCD_stat_ele=6.22405, QCD_stat_muon=3.23276, VBS_stat_ele=4.10852, VBS_stat_muon=-2.42436, ele_efficiency=1.05563, ele_trigger=2.78031, fakephoton_ele=3.9199, fakephoton_muon=5.61495, interference=6.39484, lumi=6.7755, mu_efficiency=5.95349, mu_trigger=-3.99965, non_prompt_stat_ele=5.08416, non_prompt_stat_muon=6.4649, others_stat_ele=2.52151, others_stat_muon=-6.85325, others_xs=3.52095, param=2.07536, pdf_ele=4.71157, pdf_muon=3.7649, photon_id=1.85994, pileup=1.21693, scale_ele=6.80806, scale_muon=6.51167
RooProdPdf::model_s[ modelObs_s * nuisancePdf ]
     getLogVal() top-level p.d.f evaluates to zero @ !pdfs=(modelObs_s = 0/1,nuisancePdf = 1)

[#0] WARNING:Minization -- RooMinimizerFcn: Minimized function has error status.
Returning maximum FCN so far (516.079) to force MIGRAD to back out of this region. Error log follows
Parameter values: JER_ele=1.96266, JER_muon=3.01458, JES_ele=1.5131, JES_muon=5.87192, QCD_stat_ele=5.27446, QCD_stat_muon=3.0763, VBS_stat_ele=0.217238, VBS_stat_muon=6.00712, ele_efficiency=0.044064, ele_trigger=2.43094, fakephoton_ele=5.60983, fakephoton_muon=1.75189, interference=3.64626, lumi=3.72084, mu_efficiency=2.89345, mu_trigger=5.0488, non_prompt_stat_ele=6.49851, non_prompt_stat_muon=5.38747, others_stat_ele=2.42348, others_stat_muon=5.48821, others_xs=4.13222, param=0.694959, pdf_ele=3.43292, pdf_muon=6.9259, photon_id=6.9827, pileup=1.47072, scale_ele=5.91102, scale_muon=2.82383
RooProdPdf::model_s[ modelObs_s * nuisancePdf ]
     getLogVal() top-level p.d.f evaluates to zero @ !pdfs=(modelObs_s = 0/1,nuisancePdf = 1)

[#0] WARNING:Minization -- RooMinimizerFcn: Minimized function has error status.
Returning maximum FCN so far (516.079) to force MIGRAD to back out of this region. Error log follows
Parameter values: JER_ele=4.9676, JER_muon=4.87044, JES_ele=6.65174, JES_muon=-2.29559, QCD_stat_ele=1.5341, QCD_stat_muon=0.652646, VBS_stat_ele=-2.79293, VBS_stat_muon=-4.67742, ele_efficiency=1.55972, ele_trigger=3.98752, fakephoton_ele=4.63103, fakephoton_muon=3.02891, interference=1.29814, lumi=-2.96604, mu_efficiency=6.98372, mu_trigger=-6.79092, non_prompt_stat_ele=3.61972, non_prompt_stat_muon=6.98756, others_stat_ele=6.98824, others_stat_muon=-6.93651, others_xs=-0.943987, param=1.87307, pdf_ele=-6.6929, pdf_muon=6.91446, photon_id=1.3851, pileup=5.04245, scale_ele=2.62912, scale_muon=0.424987
RooProdPdf::model_s[ modelObs_s * nuisancePdf ]
     getLogVal() top-level p.d.f evaluates to zero @ !pdfs=(modelObs_s = 0/1,nuisancePdf = 1)

[#0] WARNING:Minization -- RooMinimizerFcn: Minimized function has error status.
Returning maximum FCN so far (516.079) to force MIGRAD to back out of this region. Error log follows
Parameter values: JER_ele=4.1087, JER_muon=2.15271, JES_ele=1.70114, JES_muon=6.57408, QCD_stat_ele=6.57641, QCD_stat_muon=3.80752, VBS_stat_ele=6.60165, VBS_stat_muon=4.27355, ele_efficiency=-0.20444, ele_trigger=4.19901, fakephoton_ele=2.90277, fakephoton_muon=2.95084, interference=4.13085, lumi=4.75027, mu_efficiency=3.40981, mu_trigger=5.53566, non_prompt_stat_ele=2.73538, non_prompt_stat_muon=6.96776, others_stat_ele=1.7296, others_stat_muon=5.56105, others_xs=4.10214, param=0.697627, pdf_ele=5.99473, pdf_muon=6.99904, photon_id=6.80988, pileup=2.23433, scale_ele=6.66093, scale_muon=0.0292671
RooProdPdf::model_s[ modelObs_s * nuisancePdf ]
     getLogVal() top-level p.d.f evaluates to zero @ !pdfs=(modelObs_s = 0/1,nuisancePdf = 1)

[#0] WARNING:Minization -- RooMinimizerFcn: Minimized function has error status.
Returning maximum FCN so far (669.487) to force MIGRAD to back out of this region. Error log follows
Parameter values: JER_ele=2.52169, JER_muon=4.72175, JES_ele=2.89946, JES_muon=6.94882, QCD_stat_ele=6.91172, QCD_stat_muon=-5.16332, VBS_stat_ele=1.69956, VBS_stat_muon=6.99531, ele_efficiency=0.415946, ele_trigger=3.22437, fakephoton_ele=6.89941, fakephoton_muon=2.79061, interference=4.92437, lumi=5.15618, mu_efficiency=3.22278, mu_trigger=6.4335, non_prompt_stat_ele=6.80475, non_prompt_stat_muon=6.60999, others_stat_ele=3.7685, others_stat_muon=6.76534, others_xs=5.65557, param=0.531456, pdf_ele=4.80694, pdf_muon=6.11889, photon_id=5.32821, pileup=1.44566, scale_ele=6.99414, scale_muon=-5.55525
RooProdPdf::model_s[ modelObs_s * nuisancePdf ]
     getLogVal() top-level p.d.f evaluates to zero @ !pdfs=(modelObs_s = 0/1,nuisancePdf = 1)

[#0] WARNING:Minization -- RooMinimizerFcn: Minimized function has error status.
Returning maximum FCN so far (839.505) to force MIGRAD to back out of this region. Error log follows
Parameter values: JER_ele=1.8457, JER_muon=-6.51441, JES_ele=-2.10502, JES_muon=6.37025, QCD_stat_ele=6.90822, QCD_stat_muon=6.88979, VBS_stat_ele=5.51404, VBS_stat_muon=4.41205, ele_efficiency=-3.64309, ele_trigger=4.46443, fakephoton_ele=6.5301, fakephoton_muon=6.02944, interference=3.41669, lumi=6.48024, mu_efficiency=6.0892, mu_trigger=2.44468, non_prompt_stat_ele=-3.19157, non_prompt_stat_muon=5.90427, others_stat_ele=-6.91757, others_stat_muon=-3.04838, others_xs=-3.60663, param=2.10123, pdf_ele=-5.32023, pdf_muon=0.111239, photon_id=6.31498, pileup=6.74812, scale_ele=6.75061, scale_muon=3.80971
RooProdPdf::model_s[ modelObs_s * nuisancePdf ]
     getLogVal() top-level p.d.f evaluates to zero @ !pdfs=(modelObs_s = 0/1,nuisancePdf = 1)

[#0] WARNING:Minization -- RooMinimizerFcn: Minimized function has error status.
Returning maximum FCN so far (839.505) to force MIGRAD to back out of this region. Error log follows
Parameter values: JER_ele=5.42651, JER_muon=-2.32387, JES_ele=2.48485, JES_muon=1.3455, QCD_stat_ele=5.82612, QCD_stat_muon=-6.98522, VBS_stat_ele=2.16569, VBS_stat_muon=-1.223, ele_efficiency=0.201074, ele_trigger=4.93211, fakephoton_ele=-0.511121, fakephoton_muon=3.01543, interference=1.86898, lumi=3.406, mu_efficiency=1.92116, mu_trigger=0.379896, non_prompt_stat_ele=6.82249, non_prompt_stat_muon=6.86342, others_stat_ele=1.08798, others_stat_muon=-1.42706, others_xs=-0.0456558, param=2.09962, pdf_ele=6.90586, pdf_muon=0.541712, photon_id=5.24166, pileup=1.79687, scale_ele=6.96014, scale_muon=2.40504
RooProdPdf::model_s[ modelObs_s * nuisancePdf ]
     getLogVal() top-level p.d.f evaluates to zero @ !pdfs=(modelObs_s = 0/1,nuisancePdf = 1)

[#0] WARNING:Minization -- RooMinimizerFcn: Minimized function has error status.
Returning maximum FCN so far (839.505) to force MIGRAD to back out of this region. Error log follows
Parameter values: JER_ele=-0.536636, JER_muon=-0.98265, JES_ele=-3.04142, JES_muon=-0.583471, QCD_stat_ele=-6.78647, QCD_stat_muon=2.80714, VBS_stat_ele=-4.42312, VBS_stat_muon=0.903144, ele_efficiency=-1.07387, ele_trigger=-0.711202, fakephoton_ele=6.18201, fakephoton_muon=-2.45753, interference=0.141699, lumi=-0.837797, mu_efficiency=1.72984, mu_trigger=-0.0901382, non_prompt_stat_ele=6.98959, non_prompt_stat_muon=-3.56247, others_stat_ele=-2.05697, others_stat_muon=-0.0494448, others_xs=-0.957493, param=0.468727, pdf_ele=-2.29571, pdf_muon=-0.110195, photon_id=-3.35715, pileup=1.28142, scale_ele=-5.78794, scale_muon=-2.38236
RooProdPdf::model_s[ modelObs_s * nuisancePdf ]
     getLogVal() top-level p.d.f evaluates to zero @ !pdfs=(modelObs_s = 0/1,nuisancePdf = 1)

[#0] WARNING:Minization -- RooMinimizerFcn: Minimized function has error status.
Returning maximum FCN so far (839.505) to force MIGRAD to back out of this region. Error log follows
Parameter values: JER_ele=5.06771, JER_muon=6.98012, JES_ele=-0.171639, JES_muon=-1.80338, QCD_stat_ele=-6.71746, QCD_stat_muon=6.42041, VBS_stat_ele=-5.22537, VBS_stat_muon=1.60275, ele_efficiency=3.99629, ele_trigger=1.99981, fakephoton_ele=5.78759, fakephoton_muon=6.59826, interference=6.42646, lumi=2.29523, mu_efficiency=5.34346, mu_trigger=3.4113, non_prompt_stat_ele=6.72509, non_prompt_stat_muon=-1.97194, others_stat_ele=0.239127, others_stat_muon=2.02615, others_xs=1.91362, param=1.02361, pdf_ele=-6.64033, pdf_muon=-6.97385, photon_id=6.99622, pileup=3.08303, scale_ele=-4.83017, scale_muon=0.0570506
RooProdPdf::model_s[ modelObs_s * nuisancePdf ]
     getLogVal() top-level p.d.f evaluates to zero @ !pdfs=(modelObs_s = 0/1,nuisancePdf = 1)

[#0] WARNING:Minization -- RooMinimizerFcn: Minimized function has error status.
Returning maximum FCN so far (839.505) to force MIGRAD to back out of this region. Error log follows
Parameter values: JER_ele=2.61111, JER_muon=1.62927, JES_ele=0.864189, JES_muon=4.7166, QCD_stat_ele=4.42457, QCD_stat_muon=6.77354, VBS_stat_ele=4.16965, VBS_stat_muon=4.92794, ele_efficiency=-0.218316, ele_trigger=2.73715, fakephoton_ele=5.33004, fakephoton_muon=1.18945, interference=3.16858, lumi=3.28005, mu_efficiency=2.68472, mu_trigger=3.90191, non_prompt_stat_ele=6.20048, non_prompt_stat_muon=5.20014, others_stat_ele=1.06479, others_stat_muon=3.54975, others_xs=2.47916, param=1.61591, pdf_ele=4.01887, pdf_muon=6.11004, photon_id=6.43053, pileup=1.68438, scale_ele=5.07441, scale_muon=6.42603
RooProdPdf::model_s[ modelObs_s * nuisancePdf ]
     getLogVal() top-level p.d.f evaluates to zero @ !pdfs=(modelObs_s = 0/1,nuisancePdf = 1)

[#0] WARNING:Minization -- RooMinimizerFcn: Minimized function has error status.
Returning maximum FCN so far (839.505) to force MIGRAD to back out of this region. Error log follows
Parameter values: JER_ele=-4.30506, JER_muon=-6.35842, JES_ele=-6.92423, JES_muon=3.09648, QCD_stat_ele=6.94629, QCD_stat_muon=-1.02167, VBS_stat_ele=-6.19816, VBS_stat_muon=-5.27267, ele_efficiency=-2.7028, ele_trigger=-5.95919, fakephoton_ele=5.64525, fakephoton_muon=-6.88831, interference=-6.96216, lumi=-6.76016, mu_efficiency=-2.57866, mu_trigger=-2.99601, non_prompt_stat_ele=5.64902, non_prompt_stat_muon=4.84534, others_stat_ele=-6.99905, others_stat_muon=-1.32722, others_xs=-5.22829, param=2.0376, pdf_ele=-6.61706, pdf_muon=6.9999, photon_id=2.59085, pileup=0.0904015, scale_ele=6.57537, scale_muon=5.69132
RooProdPdf::model_s[ modelObs_s * nuisancePdf ]
     getLogVal() top-level p.d.f evaluates to zero @ !pdfs=(modelObs_s = 0/1,nuisancePdf = 1)

[#0] WARNING:Minization -- RooMinimizerFcn: Minimized function has error status.
Returning maximum FCN so far (839.505) to force MIGRAD to back out of this region. Error log follows
Parameter values: JER_ele=5.25493, JER_muon=6.20751, JES_ele=5.41901, JES_muon=4.53516, QCD_stat_ele=1.80247, QCD_stat_muon=-2.19984, VBS_stat_ele=6.95485, VBS_stat_muon=6.52621, ele_efficiency=0.87041, ele_trigger=5.94048, fakephoton_ele=6.27766, fakephoton_muon=5.54744, interference=6.61828, lumi=6.9454, mu_efficiency=4.47041, mu_trigger=6.68404, non_prompt_stat_ele=4.04218, non_prompt_stat_muon=3.09931, others_stat_ele=5.55283, others_stat_muon=6.4917, others_xs=6.96282, param=1.1749, pdf_ele=6.93972, pdf_muon=-1.02579, photon_id=-5.10807, pileup=2.30061, scale_ele=-0.0819628, scale_muon=2.98505
RooProdPdf::model_s[ modelObs_s * nuisancePdf ]
     getLogVal() top-level p.d.f evaluates to zero @ !pdfs=(modelObs_s = 0/1,nuisancePdf = 1)

[#0] WARNING:Minization -- RooMinimizerFcn: Minimized function has error status.
Returning maximum FCN so far (977.507) to force MIGRAD to back out of this region. Error log follows
Parameter values: JER_ele=5.27095, JER_muon=6.90929, JES_ele=5.58439, JES_muon=0.16101, QCD_stat_ele=0.793168, QCD_stat_muon=6.95924, VBS_stat_ele=6.79798, VBS_stat_muon=5.58524, ele_efficiency=0.905479, ele_trigger=6.00291, fakephoton_ele=6.17887, fakephoton_muon=6.56496, interference=6.95706, lumi=6.97044, mu_efficiency=5.06426, mu_trigger=4.87509, non_prompt_stat_ele=3.87074, non_prompt_stat_muon=-1.95735, others_stat_ele=5.72755, others_stat_muon=4.20799, others_xs=6.84552, param=0.56058, pdf_ele=6.92214, pdf_muon=-5.91361, photon_id=-6.99771, pileup=2.46365, scale_ele=-1.08779, scale_muon=4.59359
RooProdPdf::model_s[ modelObs_s * nuisancePdf ]
     getLogVal() top-level p.d.f evaluates to zero @ !pdfs=(modelObs_s = 0/1,nuisancePdf = 1)

[#0] WARNING:Minization -- RooMinimizerFcn: Minimized function has error status.
Returning maximum FCN so far (977.507) to force MIGRAD to back out of this region. Error log follows
Parameter values: JER_ele=-0.548248, JER_muon=-1.70388, JES_ele=-3.98935, JES_muon=-4.2606, QCD_stat_ele=-6.51358, QCD_stat_muon=0.579497, VBS_stat_ele=-0.363397, VBS_stat_muon=3.3894, ele_efficiency=-1.26691, ele_trigger=-1.33771, fakephoton_ele=6.57334, fakephoton_muon=-5.0027, interference=-0.0192868, lumi=-1.35857, mu_efficiency=1.2123, mu_trigger=-2.43481, non_prompt_stat_ele=6.54052, non_prompt_stat_muon=-6.84267, others_stat_ele=-3.19394, others_stat_muon=-3.51813, others_xs=-3.44451, param=0.0753821, pdf_ele=-3.17359, pdf_muon=-3.62714, photon_id=-6.30534, pileup=1.17913, scale_ele=-6.99173, scale_muon=-6.71774
RooProdPdf::model_s[ modelObs_s * nuisancePdf ]
     getLogVal() top-level p.d.f evaluates to zero @ !pdfs=(modelObs_s = 0/1,nuisancePdf = 1)


 -- Hybrid New -- 
CLs = 0 +/- 0
Done in 23.25 min (cpu), 23.44 min (real)
