 <<< Combine >>> 
>>> including systematics
>>> using the Profile Likelihood test statistics modified for upper limits (Q_LHC)
>>> method used is HybridNew
>>> Used OpenSSL to get a really random seed 587789726
Computing results starting from observation (a-posteriori)
[#0] WARNING:Minization -- RooMinimizerFcn: Minimized function has error status.
Returning maximum FCN so far (42.0286) to force MIGRAD to back out of this region. Error log follows
Parameter values: JER_ele=2.93081, JER_muon=-1.7488, JES_ele=4.53798, JES_muon=6.11614, QCD_stat_ele=1.62612, QCD_stat_muon=5.4577, VBS_stat_ele=1.27368, VBS_stat_muon=-0.257215, ele_efficiency=-1.5987, ele_trigger=4.54063, fakephoton_ele=3.8696, fakephoton_muon=4.72939, interference=-5.12305, lumi=0.852344, mu_efficiency=6.40087, mu_trigger=-4.6445, non_prompt_stat_ele=4.88372, non_prompt_stat_muon=1.67815, others_stat_ele=6.02626, others_stat_muon=6.43965, others_xs=4.00436, param=0.0613636, pdf_ele=3.47309, pdf_muon=4.6804, photon_id=6.99925, pileup=5.5778, scale_ele=5.55341, scale_muon=6.97841
RooProdPdf::model_s[ modelObs_s * nuisancePdf ]
     getLogVal() top-level p.d.f evaluates to zero @ !pdfs=(modelObs_s = 0/1,nuisancePdf = 1)

[#0] WARNING:Minization -- RooMinimizerFcn: Minimized function has error status.
Returning maximum FCN so far (618.7) to force MIGRAD to back out of this region. Error log follows
Parameter values: JER_ele=3.66064, JER_muon=0.971167, JES_ele=5.96027, JES_muon=6.94506, QCD_stat_ele=5.40701, QCD_stat_muon=6.84752, VBS_stat_ele=4.16668, VBS_stat_muon=3.44658, ele_efficiency=0.767414, ele_trigger=4.26673, fakephoton_ele=6.56143, fakephoton_muon=1.1524, interference=3.47647, lumi=3.04097, mu_efficiency=3.87634, mu_trigger=-2.39065, non_prompt_stat_ele=6.18318, non_prompt_stat_muon=1.73617, others_stat_ele=1.12483, others_stat_muon=4.0449, others_xs=-3.46658, param=0.0281562, pdf_ele=6.40222, pdf_muon=3.91021, photon_id=6.96765, pileup=1.94192, scale_ele=2.00826, scale_muon=6.99934
RooProdPdf::model_s[ modelObs_s * nuisancePdf ]
     getLogVal() top-level p.d.f evaluates to zero @ !pdfs=(modelObs_s = 0/1,nuisancePdf = 1)

[#0] WARNING:Minization -- RooMinimizerFcn: Minimized function has error status.
Returning maximum FCN so far (618.7) to force MIGRAD to back out of this region. Error log follows
Parameter values: JER_ele=3.16947, JER_muon=2.78235, JES_ele=4.3918, JES_muon=6.4111, QCD_stat_ele=5.19679, QCD_stat_muon=5.90904, VBS_stat_ele=4.26292, VBS_stat_muon=5.04597, ele_efficiency=0.679179, ele_trigger=3.34527, fakephoton_ele=6.4265, fakephoton_muon=1.5393, interference=3.87021, lumi=3.74161, mu_efficiency=2.57365, mu_trigger=2.7005, non_prompt_stat_ele=6.89285, non_prompt_stat_muon=3.62528, others_stat_ele=2.0461, others_stat_muon=4.80497, others_xs=1.49161, param=0.019672, pdf_ele=5.5288, pdf_muon=6.50507, photon_id=6.79322, pileup=1.19298, scale_ele=6.71665, scale_muon=2.5078
RooProdPdf::model_s[ modelObs_s * nuisancePdf ]
     getLogVal() top-level p.d.f evaluates to zero @ !pdfs=(modelObs_s = 0/1,nuisancePdf = 1)

[#0] WARNING:Minization -- RooMinimizerFcn: Minimized function has error status.
Returning maximum FCN so far (618.7) to force MIGRAD to back out of this region. Error log follows
Parameter values: JER_ele=2.87426, JER_muon=3.65837, JES_ele=3.97792, JES_muon=6.91533, QCD_stat_ele=6.26998, QCD_stat_muon=2.44653, VBS_stat_ele=3.88946, VBS_stat_muon=5.90533, ele_efficiency=0.570427, ele_trigger=2.97175, fakephoton_ele=5.90367, fakephoton_muon=2.07806, interference=4.46883, lumi=4.15497, mu_efficiency=2.91312, mu_trigger=3.86617, non_prompt_stat_ele=6.99595, non_prompt_stat_muon=4.67069, others_stat_ele=1.62033, others_stat_muon=5.72073, others_xs=2.00164, param=0.0195261, pdf_ele=5.02911, pdf_muon=6.99905, photon_id=6.2616, pileup=1.25759, scale_ele=6.23047, scale_muon=-2.95579
RooProdPdf::model_s[ modelObs_s * nuisancePdf ]
     getLogVal() top-level p.d.f evaluates to zero @ !pdfs=(modelObs_s = 0/1,nuisancePdf = 1)

[#0] WARNING:Minization -- RooMinimizerFcn: Minimized function has error status.
Returning maximum FCN so far (618.7) to force MIGRAD to back out of this region. Error log follows
Parameter values: JER_ele=2.21408, JER_muon=3.4987, JES_ele=3.00516, JES_muon=6.85445, QCD_stat_ele=6.96077, QCD_stat_muon=3.14927, VBS_stat_ele=3.00491, VBS_stat_muon=5.75077, ele_efficiency=0.346684, ele_trigger=2.1427, fakephoton_ele=4.41289, fakephoton_muon=1.98362, interference=4.25261, lumi=3.70053, mu_efficiency=2.85233, mu_trigger=3.66331, non_prompt_stat_ele=6.20046, non_prompt_stat_muon=4.50085, others_stat_ele=0.775466, others_stat_muon=5.55481, others_xs=1.54408, param=0.0197256, pdf_ele=3.78194, pdf_muon=6.97639, photon_id=6.83483, pileup=1.20018, scale_ele=4.48764, scale_muon=-2.02399
RooProdPdf::model_s[ modelObs_s * nuisancePdf ]
     getLogVal() top-level p.d.f evaluates to zero @ !pdfs=(modelObs_s = 0/1,nuisancePdf = 1)

[#0] WARNING:Minization -- RooMinimizerFcn: Minimized function has error status.
Returning maximum FCN so far (618.7) to force MIGRAD to back out of this region. Error log follows
Parameter values: JER_ele=1.95523, JER_muon=3.61635, JES_ele=2.6237, JES_muon=6.90205, QCD_stat_ele=6.63687, QCD_stat_muon=2.5681, VBS_stat_ele=2.64548, VBS_stat_muon=5.84589, ele_efficiency=0.262838, ele_trigger=1.82241, fakephoton_ele=3.71017, fakephoton_muon=2.06123, interference=4.2978, lumi=3.64794, mu_efficiency=2.89689, mu_trigger=3.81245, non_prompt_stat_ele=5.56101, non_prompt_stat_muon=4.64076, others_stat_ele=0.451399, others_stat_muon=5.67088, others_xs=1.49973, param=0.0234822, pdf_ele=3.2569, pdf_muon=6.99633, photon_id=6.87473, pileup=1.19329, scale_ele=3.58788, scale_muon=-2.75836
RooProdPdf::model_s[ modelObs_s * nuisancePdf ]
     getLogVal() top-level p.d.f evaluates to zero @ !pdfs=(modelObs_s = 0/1,nuisancePdf = 1)

[#0] WARNING:Minization -- RooMinimizerFcn: Minimized function has error status.
Returning maximum FCN so far (618.7) to force MIGRAD to back out of this region. Error log follows
Parameter values: JER_ele=1.82404, JER_muon=3.74762, JES_ele=2.42375, JES_muon=6.94271, QCD_stat_ele=6.35097, QCD_stat_muon=1.90222, VBS_stat_ele=2.46825, VBS_stat_muon=5.96127, ele_efficiency=0.219959, ele_trigger=1.65731, fakephoton_ele=3.33063, fakephoton_muon=2.14272, interference=4.37577, lumi=3.67321, mu_efficiency=2.94577, mu_trigger=3.98229, non_prompt_stat_ele=5.16685, non_prompt_stat_muon=4.79116, others_stat_ele=0.287461, others_stat_muon=5.79337, others_xs=1.53575, param=0.0218695, pdf_ele=2.98015, pdf_muon=6.998, photon_id=6.85908, pileup=1.19596, scale_ele=3.11215, scale_muon=-3.53776
RooProdPdf::model_s[ modelObs_s * nuisancePdf ]
     getLogVal() top-level p.d.f evaluates to zero @ !pdfs=(modelObs_s = 0/1,nuisancePdf = 1)

[#0] WARNING:Minization -- RooMinimizerFcn: Minimized function has error status.
Returning maximum FCN so far (618.7) to force MIGRAD to back out of this region. Error log follows
Parameter values: JER_ele=1.64946, JER_muon=3.54802, JES_ele=2.15278, JES_muon=6.876, QCD_stat_ele=5.85983, QCD_stat_muon=2.89682, VBS_stat_ele=2.23358, VBS_stat_muon=5.78953, ele_efficiency=0.162846, ele_trigger=1.43591, fakephoton_ele=2.80908, fakephoton_muon=2.01987, interference=4.20484, lumi=3.44076, mu_efficiency=2.87102, mu_trigger=3.72117, non_prompt_stat_ele=4.59455, non_prompt_stat_muon=4.56328, others_stat_ele=0.065055, others_stat_muon=5.59688, others_xs=1.28835, param=0.0382943, pdf_ele=2.60347, pdf_muon=6.98688, photon_id=6.9775, pileup=1.16803, scale_ele=2.43553, scale_muon=-2.33413
RooProdPdf::model_s[ modelObs_s * nuisancePdf ]
     getLogVal() top-level p.d.f evaluates to zero @ !pdfs=(modelObs_s = 0/1,nuisancePdf = 1)

[#0] WARNING:Minization -- RooMinimizerFcn: Minimized function has error status.
Returning maximum FCN so far (618.7) to force MIGRAD to back out of this region. Error log follows
Parameter values: JER_ele=1.67897, JER_muon=3.83678, JES_ele=2.20155, JES_muon=6.96441, QCD_stat_ele=5.94474, QCD_stat_muon=1.45705, VBS_stat_ele=2.27888, VBS_stat_muon=6.04263, ele_efficiency=0.172931, ele_trigger=1.475, fakephoton_ele=2.8938, fakephoton_muon=2.19935, interference=4.42319, lumi=3.66473, mu_efficiency=2.97922, mu_trigger=4.09466, non_prompt_stat_ele=4.68692, non_prompt_stat_muon=4.89196, others_stat_ele=0.104921, others_stat_muon=5.87427, others_xs=1.53054, param=0.0727297, pdf_ele=2.67016, pdf_muon=6.98643, photon_id=6.869, pileup=1.19423, scale_ele=2.5552, scale_muon=-4.02988
RooProdPdf::model_s[ modelObs_s * nuisancePdf ]
     getLogVal() top-level p.d.f evaluates to zero @ !pdfs=(modelObs_s = 0/1,nuisancePdf = 1)

[#0] WARNING:Minization -- RooMinimizerFcn: Minimized function has error status.
Returning maximum FCN so far (618.7) to force MIGRAD to back out of this region. Error log follows
Parameter values: JER_ele=1.78966, JER_muon=4.29932, JES_ele=2.37723, JES_muon=6.99241, QCD_stat_ele=6.25692, QCD_stat_muon=-1.1145, VBS_stat_ele=2.41759, VBS_stat_muon=6.39115, ele_efficiency=0.209594, ele_trigger=1.61717, fakephoton_ele=3.22617, fakephoton_muon=2.49671, interference=4.77753, lumi=4.05549, mu_efficiency=3.15899, mu_trigger=4.68635, non_prompt_stat_ele=5.04439, non_prompt_stat_muon=5.40038, others_stat_ele=0.252452, others_stat_muon=6.27811, others_xs=1.97005, param=0.0256649, pdf_ele=2.91073, pdf_muon=6.74643, photon_id=6.44273, pileup=1.2423, scale_ele=3.00807, scale_muon=-6.1659
RooProdPdf::model_s[ modelObs_s * nuisancePdf ]
     getLogVal() top-level p.d.f evaluates to zero @ !pdfs=(modelObs_s = 0/1,nuisancePdf = 1)

[#0] WARNING:Minization -- RooMinimizerFcn: Minimized function has error status.
Returning maximum FCN so far (888.163) to force MIGRAD to back out of this region. Error log follows
Parameter values: JER_ele=1.74886, JER_muon=4.30965, JES_ele=2.31829, JES_muon=6.9906, QCD_stat_ele=6.15211, QCD_stat_muon=-1.19289, VBS_stat_ele=2.34691, VBS_stat_muon=6.38653, ele_efficiency=0.196779, ele_trigger=1.56749, fakephoton_ele=3.11084, fakephoton_muon=2.5075, interference=4.77803, lumi=4.04346, mu_efficiency=3.16439, mu_trigger=4.70255, non_prompt_stat_ele=4.9197, non_prompt_stat_muon=5.41697, others_stat_ele=0.204412, others_stat_muon=6.29154, others_xs=1.96491, param=0.0290871, pdf_ele=2.82508, pdf_muon=6.73561, photon_id=6.45746, pileup=1.24098, scale_ele=2.86308, scale_muon=-6.22001
RooProdPdf::model_s[ modelObs_s * nuisancePdf ]
     getLogVal() top-level p.d.f evaluates to zero @ !pdfs=(modelObs_s = 0/1,nuisancePdf = 1)

[#0] WARNING:Minization -- RooMinimizerFcn: Minimized function has error status.
Returning maximum FCN so far (888.163) to force MIGRAD to back out of this region. Error log follows
Parameter values: JER_ele=1.66593, JER_muon=4.05567, JES_ele=2.18409, JES_muon=6.99711, QCD_stat_ele=5.92759, QCD_stat_muon=0.142852, VBS_stat_ele=2.20648, VBS_stat_muon=6.17281, ele_efficiency=0.168616, ele_trigger=1.45896, fakephoton_ele=2.87642, fakephoton_muon=2.34607, interference=4.57445, lumi=3.81155, mu_efficiency=3.06634, mu_trigger=4.39596, non_prompt_stat_ele=4.65103, non_prompt_stat_muon=5.15582, others_stat_ele=0.101769, others_stat_muon=6.08319, others_xs=1.72832, param=0.0100499, pdf_ele=2.6398, pdf_muon=6.90687, photon_id=6.73325, pileup=1.2139, scale_ele=2.58096, scale_muon=-5.26223
RooProdPdf::model_s[ modelObs_s * nuisancePdf ]
     getLogVal() top-level p.d.f evaluates to zero @ !pdfs=(modelObs_s = 0/1,nuisancePdf = 1)

[#0] WARNING:Minization -- RooMinimizerFcn: Minimized function has error status.
Returning maximum FCN so far (888.163) to force MIGRAD to back out of this region. Error log follows
Parameter values: JER_ele=2.38419, JER_muon=5.99119, JES_ele=3.30557, JES_muon=5.24294, QCD_stat_ele=6.99567, QCD_stat_muon=-6.78919, VBS_stat_ele=3.14408, VBS_stat_muon=6.99083, ele_efficiency=0.409922, ele_trigger=2.38026, fakephoton_ele=4.83249, fakephoton_muon=3.78789, interference=6.10133, lumi=5.6203, mu_efficiency=3.94308, mu_trigger=6.59315, non_prompt_stat_ele=6.49234, non_prompt_stat_muon=6.86404, others_stat_ele=1.04641, others_stat_muon=6.97808, others_xs=3.89189, param=0.242234, pdf_ele=4.145, pdf_muon=2.45054, photon_id=1.3466, pileup=1.4668, scale_ele=5.14528, scale_muon=0.440688
RooProdPdf::model_s[ modelObs_s * nuisancePdf ]
     getLogVal() top-level p.d.f evaluates to zero @ !pdfs=(modelObs_s = 0/1,nuisancePdf = 1)

[#0] WARNING:Minization -- RooMinimizerFcn: Minimized function has error status.
Returning maximum FCN so far (888.163) to force MIGRAD to back out of this region. Error log follows
Parameter values: JER_ele=2.58862, JER_muon=6.19945, JES_ele=3.86457, JES_muon=4.33887, QCD_stat_ele=6.82049, QCD_stat_muon=-6.30725, VBS_stat_ele=3.2059, VBS_stat_muon=6.97903, ele_efficiency=0.523646, ele_trigger=2.78899, fakephoton_ele=5.43126, fakephoton_muon=4.11473, interference=6.25527, lumi=5.91183, mu_efficiency=4.10472, mu_trigger=6.73365, non_prompt_stat_ele=6.90729, non_prompt_stat_muon=6.96928, others_stat_ele=1.41089, others_stat_muon=6.79189, others_xs=4.25113, param=0.10634, pdf_ele=4.7205, pdf_muon=1.49647, photon_id=-0.320383, pileup=1.51531, scale_ele=5.39834, scale_muon=2.78905
RooProdPdf::model_s[ modelObs_s * nuisancePdf ]
     getLogVal() top-level p.d.f evaluates to zero @ !pdfs=(modelObs_s = 0/1,nuisancePdf = 1)

[#0] WARNING:Minization -- RooMinimizerFcn: Minimized function has error status.
Returning maximum FCN so far (39.2554) to force MIGRAD to back out of this region. Error log follows
Parameter values: JER_ele=2.36953, JER_muon=-3.58934, JES_ele=-1.11516, JES_muon=-1.33808, QCD_stat_ele=5.38769, QCD_stat_muon=6.62115, VBS_stat_ele=2.50858, VBS_stat_muon=0.799346, ele_efficiency=1.14301, ele_trigger=4.89623, fakephoton_ele=3.46871, fakephoton_muon=-1.45706, interference=5.52325, lumi=-1.37535, mu_efficiency=-1.85354, mu_trigger=5.35878, non_prompt_stat_ele=5.22608, non_prompt_stat_muon=-1.28186, others_stat_ele=2.19337, others_stat_muon=-1.21632, others_xs=5.27053, param=0.0380061, pdf_ele=3.60835, pdf_muon=6.99412, photon_id=-1.99323, pileup=-3.19647, scale_ele=6.49106, scale_muon=5.2583
RooProdPdf::model_s[ modelObs_s * nuisancePdf ]
     getLogVal() top-level p.d.f evaluates to zero @ !pdfs=(modelObs_s = 0/1,nuisancePdf = 1)

[#0] WARNING:Minization -- RooMinimizerFcn: Minimized function has error status.
Returning maximum FCN so far (37.3446) to force MIGRAD to back out of this region. Error log follows
Parameter values: JER_ele=4.42726, JER_muon=4.21216, JES_ele=4.29979, JES_muon=3.97913, QCD_stat_ele=1.99683, QCD_stat_muon=6.82024, VBS_stat_ele=-2.65813, VBS_stat_muon=6.48959, ele_efficiency=-4.00595, ele_trigger=6.15672, fakephoton_ele=3.59975, fakephoton_muon=1.32699, interference=-1.852, lumi=3.43928, mu_efficiency=-3.89825, mu_trigger=-0.693498, non_prompt_stat_ele=5.05403, non_prompt_stat_muon=3.19467, others_stat_ele=4.09778, others_stat_muon=2.78636, others_xs=1.42786, param=0.0311019, pdf_ele=3.73978, pdf_muon=-2.44146, photon_id=6.36495, pileup=1.71338, scale_ele=5.04704, scale_muon=5.90079
RooProdPdf::model_s[ modelObs_s * nuisancePdf ]
     getLogVal() top-level p.d.f evaluates to zero @ !pdfs=(modelObs_s = 0/1,nuisancePdf = 1)

[#0] WARNING:Minization -- RooMinimizerFcn: Minimized function has error status.
Returning maximum FCN so far (35.4152) to force MIGRAD to back out of this region. Error log follows
Parameter values: JER_ele=2.62351, JER_muon=6.07437, JES_ele=3.46519, JES_muon=-1.54453, QCD_stat_ele=4.29974, QCD_stat_muon=4.37606, VBS_stat_ele=2.32797, VBS_stat_muon=4.16763, ele_efficiency=4.6731, ele_trigger=-3.65649, fakephoton_ele=5.99041, fakephoton_muon=3.62803, interference=2.4729, lumi=-1.30361, mu_efficiency=0.477341, mu_trigger=4.26231, non_prompt_stat_ele=4.10175, non_prompt_stat_muon=-0.0131706, others_stat_ele=2.01817, others_stat_muon=4.72079, others_xs=2.21762, param=0.0279033, pdf_ele=2.3891, pdf_muon=5.71936, photon_id=-2.24259, pileup=-2.39758, scale_ele=-1.52609, scale_muon=6.32467
RooProdPdf::model_s[ modelObs_s * nuisancePdf ]
     getLogVal() top-level p.d.f evaluates to zero @ !pdfs=(modelObs_s = 0/1,nuisancePdf = 1)

[#0] WARNING:Minization -- RooMinimizerFcn: Minimized function has error status.
Returning maximum FCN so far (37.9086) to force MIGRAD to back out of this region. Error log follows
Parameter values: JER_ele=1.0496, JER_muon=0.0618715, JES_ele=-1.86969, JES_muon=6.24812, QCD_stat_ele=4.76402, QCD_stat_muon=3.95927, VBS_stat_ele=-0.0350865, VBS_stat_muon=2.46874, ele_efficiency=-4.89412, ele_trigger=4.27749, fakephoton_ele=2.59245, fakephoton_muon=2.51611, interference=6.99778, lumi=3.25502, mu_efficiency=4.32337, mu_trigger=5.88935, non_prompt_stat_ele=6.13711, non_prompt_stat_muon=1.38193, others_stat_ele=6.28716, others_stat_muon=6.22979, others_xs=1.56249, param=0.0243824, pdf_ele=3.57021, pdf_muon=3.94055, photon_id=6.87591, pileup=-0.695745, scale_ele=5.80718, scale_muon=0.893693
RooProdPdf::model_s[ modelObs_s * nuisancePdf ]
     getLogVal() top-level p.d.f evaluates to zero @ !pdfs=(modelObs_s = 0/1,nuisancePdf = 1)

[#0] WARNING:Minization -- RooMinimizerFcn: Minimized function has error status.
Returning maximum FCN so far (38.1918) to force MIGRAD to back out of this region. Error log follows
Parameter values: JER_ele=-2.83925, JER_muon=5.38154, JES_ele=-4.21958, JES_muon=3.42545, QCD_stat_ele=-0.701471, QCD_stat_muon=6.72996, VBS_stat_ele=-4.23627, VBS_stat_muon=3.98111, ele_efficiency=-2.85574, ele_trigger=-3.04057, fakephoton_ele=5.54468, fakephoton_muon=-4.09151, interference=2.32614, lumi=5.27899, mu_efficiency=2.8062, mu_trigger=2.29546, non_prompt_stat_ele=3.08704, non_prompt_stat_muon=0.933086, others_stat_ele=2.88987, others_stat_muon=5.29522, others_xs=6.30766, param=0.0209466, pdf_ele=0.337215, pdf_muon=2.08158, photon_id=6.29374, pileup=-4.08099, scale_ele=6.23356, scale_muon=3.41755
RooProdPdf::model_s[ modelObs_s * nuisancePdf ]
     getLogVal() top-level p.d.f evaluates to zero @ !pdfs=(modelObs_s = 0/1,nuisancePdf = 1)


 -- Hybrid New -- 
CLs = 0.103211 +/- 0.0150972
Done in 20.29 min (cpu), 20.58 min (real)
