 <<< Combine >>> 
>>> including systematics
>>> using the Profile Likelihood test statistics modified for upper limits (Q_LHC)
>>> method used is HybridNew
>>> Used OpenSSL to get a really random seed -1711729437
Computing results starting from observation (a-posteriori)
[#0] WARNING:Minization -- RooMinimizerFcn: Minimized function has error status.
Returning maximum FCN so far (447.353) to force MIGRAD to back out of this region. Error log follows
Parameter values: JER_ele=6.12721, JER_muon=5.99103, JES_ele=-3.29704, JES_muon=5.77506, QCD_stat_ele=3.97424, QCD_stat_muon=6.99996, VBS_stat_ele=4.0637, VBS_stat_muon=6.27463, ele_efficiency=5.06486, ele_trigger=-3.29601, fakephoton_ele=4.9238, fakephoton_muon=0.152673, interference=3.29011, lumi=-6.28447, mu_efficiency=5.0896, mu_trigger=-6.99952, non_prompt_stat_ele=6.8846, non_prompt_stat_muon=-6.1283, others_stat_ele=-1.12608, others_stat_muon=1.55001, others_xs=3.02153, param=5.68358e-06, pdf_ele=3.87694, pdf_muon=-1.66816, photon_id=-2.70571, pileup=-1.90296, scale_ele=5.05005, scale_muon=-6.88944
RooProdPdf::model_s[ modelObs_s * nuisancePdf ]
     getLogVal() top-level p.d.f evaluates to zero @ !pdfs=(modelObs_s = 0/1,nuisancePdf = 1)

[#0] WARNING:Minization -- RooMinimizerFcn: Minimized function has error status.
Returning maximum FCN so far (950.75) to force MIGRAD to back out of this region. Error log follows
Parameter values: JER_ele=-6.69244, JER_muon=-6.57541, JES_ele=6.93965, JES_muon=5.86119, QCD_stat_ele=6.99937, QCD_stat_muon=-0.454066, VBS_stat_ele=5.50455, VBS_stat_muon=-2.29343, ele_efficiency=-4.44344, ele_trigger=6.38675, fakephoton_ele=5.75706, fakephoton_muon=6.92848, interference=-1.66396, lumi=-6.41032, mu_efficiency=0.597003, mu_trigger=2.51135, non_prompt_stat_ele=5.26487, non_prompt_stat_muon=6.58209, others_stat_ele=6.99958, others_stat_muon=-1.44888, others_xs=3.82187, param=0.0095531, pdf_ele=-4.27695, pdf_muon=5.33933, photon_id=6.99682, pileup=3.70458, scale_ele=-2.94881, scale_muon=-5.79387
RooProdPdf::model_s[ modelObs_s * nuisancePdf ]
     getLogVal() top-level p.d.f evaluates to zero @ !pdfs=(modelObs_s = 0/1,nuisancePdf = 1)

[#0] WARNING:Minization -- RooMinimizerFcn: Minimized function has error status.
Returning maximum FCN so far (950.75) to force MIGRAD to back out of this region. Error log follows
Parameter values: JER_ele=5.44978, JER_muon=0.598846, JES_ele=4.49261, JES_muon=6.99468, QCD_stat_ele=6.37727, QCD_stat_muon=4.8963, VBS_stat_ele=5.04768, VBS_stat_muon=3.53194, ele_efficiency=2.61267, ele_trigger=2.77032, fakephoton_ele=6.3014, fakephoton_muon=2.18249, interference=2.7692, lumi=6.88296, mu_efficiency=3.16029, mu_trigger=5.03952, non_prompt_stat_ele=5.12043, non_prompt_stat_muon=6.74887, others_stat_ele=3.26948, others_stat_muon=6.68524, others_xs=6.27974, param=0.00959465, pdf_ele=5.18969, pdf_muon=6.26471, photon_id=5.37204, pileup=1.08193, scale_ele=1.81491, scale_muon=-5.12805
RooProdPdf::model_s[ modelObs_s * nuisancePdf ]
     getLogVal() top-level p.d.f evaluates to zero @ !pdfs=(modelObs_s = 0/1,nuisancePdf = 1)

[#0] WARNING:Minization -- RooMinimizerFcn: Minimized function has error status.
Returning maximum FCN so far (950.75) to force MIGRAD to back out of this region. Error log follows
Parameter values: JER_ele=6.41668, JER_muon=6.06365, JES_ele=6.05073, JES_muon=-5.57279, QCD_stat_ele=5.86099, QCD_stat_muon=0.728693, VBS_stat_ele=6.87046, VBS_stat_muon=5.79273, ele_efficiency=3.3523, ele_trigger=3.77585, fakephoton_ele=6.9695, fakephoton_muon=6.17072, interference=6.95421, lumi=-6.20543, mu_efficiency=5.7883, mu_trigger=4.15789, non_prompt_stat_ele=6.55386, non_prompt_stat_muon=-0.945065, others_stat_ele=3.99849, others_stat_muon=-3.2475, others_xs=4.88424, param=0.00957339, pdf_ele=6.53622, pdf_muon=-5.30646, photon_id=-0.524598, pileup=1.88886, scale_ele=3.44451, scale_muon=-5.56873
RooProdPdf::model_s[ modelObs_s * nuisancePdf ]
     getLogVal() top-level p.d.f evaluates to zero @ !pdfs=(modelObs_s = 0/1,nuisancePdf = 1)

[#0] WARNING:Minization -- RooMinimizerFcn: Minimized function has error status.
Returning maximum FCN so far (950.75) to force MIGRAD to back out of this region. Error log follows
Parameter values: JER_ele=3.31091, JER_muon=3.1654, JES_ele=4.90474, JES_muon=-6.79359, QCD_stat_ele=4.76652, QCD_stat_muon=6.96842, VBS_stat_ele=2.48414, VBS_stat_muon=-0.0451987, ele_efficiency=1.93931, ele_trigger=4.02818, fakephoton_ele=6.92045, fakephoton_muon=6.68017, interference=6.97096, lumi=4.51889, mu_efficiency=6.0382, mu_trigger=-2.4897, non_prompt_stat_ele=6.99534, non_prompt_stat_muon=-0.678082, others_stat_ele=6.51796, others_stat_muon=-2.07363, others_xs=4.66562, param=0.0095665, pdf_ele=5.55404, pdf_muon=-0.750483, photon_id=-2.68226, pileup=1.67217, scale_ele=6.9928, scale_muon=-3.25099
RooProdPdf::model_s[ modelObs_s * nuisancePdf ]
     getLogVal() top-level p.d.f evaluates to zero @ !pdfs=(modelObs_s = 0/1,nuisancePdf = 1)

[#0] WARNING:Minization -- RooMinimizerFcn: Minimized function has error status.
Returning maximum FCN so far (950.75) to force MIGRAD to back out of this region. Error log follows
Parameter values: JER_ele=-0.33221, JER_muon=6.81702, JES_ele=2.27544, JES_muon=6.49981, QCD_stat_ele=6.22059, QCD_stat_muon=1.89205, VBS_stat_ele=-0.188211, VBS_stat_muon=6.85258, ele_efficiency=1.23313, ele_trigger=2.02144, fakephoton_ele=5.19474, fakephoton_muon=3.49837, interference=3.49015, lumi=4.15445, mu_efficiency=3.65089, mu_trigger=6.99602, non_prompt_stat_ele=3.69683, non_prompt_stat_muon=6.89254, others_stat_ele=3.99148, others_stat_muon=6.89991, others_xs=6.20195, param=0.0095878, pdf_ele=2.41236, pdf_muon=2.12006, photon_id=2.41882, pileup=0.845355, scale_ele=4.05597, scale_muon=-4.63266
RooProdPdf::model_s[ modelObs_s * nuisancePdf ]
     getLogVal() top-level p.d.f evaluates to zero @ !pdfs=(modelObs_s = 0/1,nuisancePdf = 1)

[#0] WARNING:Minization -- RooMinimizerFcn: Minimized function has error status.
Returning maximum FCN so far (1080.34) to force MIGRAD to back out of this region. Error log follows
Parameter values: JER_ele=-5.85805, JER_muon=3.07947, JES_ele=0.933454, JES_muon=-0.738497, QCD_stat_ele=6.88221, QCD_stat_muon=4.42582, VBS_stat_ele=0.940858, VBS_stat_muon=-6.37355, ele_efficiency=1.57676, ele_trigger=1.12784, fakephoton_ele=6.08803, fakephoton_muon=3.95566, interference=-6.67549, lumi=5.63066, mu_efficiency=0.978032, mu_trigger=-2.42116, non_prompt_stat_ele=4.4001, non_prompt_stat_muon=-2.18245, others_stat_ele=-6.22348, others_stat_muon=6.94877, others_xs=3.84267, param=0.0326491, pdf_ele=-1.75356, pdf_muon=2.36511, photon_id=4.73745, pileup=-6.44612, scale_ele=6.98993, scale_muon=-5.14644
RooProdPdf::model_s[ modelObs_s * nuisancePdf ]
     getLogVal() top-level p.d.f evaluates to zero @ !pdfs=(modelObs_s = 0/1,nuisancePdf = 1)

[#0] WARNING:Minization -- RooMinimizerFcn: Minimized function has error status.
Returning maximum FCN so far (1080.34) to force MIGRAD to back out of this region. Error log follows
Parameter values: JER_ele=6.96213, JER_muon=1.96076, JES_ele=6.63767, JES_muon=-6.11263, QCD_stat_ele=5.82305, QCD_stat_muon=-4.87838, VBS_stat_ele=0.48739, VBS_stat_muon=5.09197, ele_efficiency=6.42012, ele_trigger=0.764462, fakephoton_ele=6.77119, fakephoton_muon=2.24235, interference=-3.50679, lumi=6.98128, mu_efficiency=-3.56352, mu_trigger=-6.26949, non_prompt_stat_ele=6.13212, non_prompt_stat_muon=-0.275976, others_stat_ele=3.40552, others_stat_muon=4.76494, others_xs=2.30153, param=0.0314079, pdf_ele=1.80654, pdf_muon=-6.9625, photon_id=-0.796889, pileup=-2.62753, scale_ele=-5.55225, scale_muon=6.95846
RooProdPdf::model_s[ modelObs_s * nuisancePdf ]
     getLogVal() top-level p.d.f evaluates to zero @ !pdfs=(modelObs_s = 0/1,nuisancePdf = 1)

[#0] WARNING:Minization -- RooMinimizerFcn: Minimized function has error status.
Returning maximum FCN so far (1080.34) to force MIGRAD to back out of this region. Error log follows
Parameter values: JER_ele=0.868492, JER_muon=4.0219, JES_ele=1.10758, JES_muon=5.76873, QCD_stat_ele=6.38644, QCD_stat_muon=1.70674, VBS_stat_ele=0.306894, VBS_stat_muon=4.88146, ele_efficiency=-0.0890872, ele_trigger=1.52136, fakephoton_ele=0.95423, fakephoton_muon=3.80279, interference=2.11188, lumi=2.83589, mu_efficiency=4.6977, mu_trigger=4.71588, non_prompt_stat_ele=0.201541, non_prompt_stat_muon=6.99446, others_stat_ele=2.43237, others_stat_muon=5.07724, others_xs=3.32572, param=0.0306763, pdf_ele=1.77631, pdf_muon=6.66289, photon_id=6.96169, pileup=-6.52881, scale_ele=5.19764, scale_muon=3.46843
RooProdPdf::model_s[ modelObs_s * nuisancePdf ]
     getLogVal() top-level p.d.f evaluates to zero @ !pdfs=(modelObs_s = 0/1,nuisancePdf = 1)

[#0] WARNING:Minization -- RooMinimizerFcn: Minimized function has error status.
Returning maximum FCN so far (1080.34) to force MIGRAD to back out of this region. Error log follows
Parameter values: JER_ele=3.01783, JER_muon=6.84778, JES_ele=4.95104, JES_muon=1.76177, QCD_stat_ele=2.46953, QCD_stat_muon=4.86446, VBS_stat_ele=2.67003, VBS_stat_muon=5.19854, ele_efficiency=1.86312, ele_trigger=4.28278, fakephoton_ele=6.14946, fakephoton_muon=6.79501, interference=6.48448, lumi=6.99912, mu_efficiency=2.47338, mu_trigger=4.69257, non_prompt_stat_ele=6.26911, non_prompt_stat_muon=-6.9827, others_stat_ele=5.89817, others_stat_muon=4.13309, others_xs=6.959, param=0.0306916, pdf_ele=6.13475, pdf_muon=-0.797569, photon_id=-6.50687, pileup=6.87315, scale_ele=3.82275, scale_muon=6.94857
RooProdPdf::model_s[ modelObs_s * nuisancePdf ]
     getLogVal() top-level p.d.f evaluates to zero @ !pdfs=(modelObs_s = 0/1,nuisancePdf = 1)

[#0] WARNING:Minization -- RooMinimizerFcn: Minimized function has error status.
Returning maximum FCN so far (1004.56) to force MIGRAD to back out of this region. Error log follows
Parameter values: JER_ele=-6.07717, JER_muon=0.818584, JES_ele=0.928435, JES_muon=-0.319359, QCD_stat_ele=-6.84627, QCD_stat_muon=0.269865, VBS_stat_ele=5.55501, VBS_stat_muon=-0.330782, ele_efficiency=-4.61056, ele_trigger=6.83671, fakephoton_ele=6.54327, fakephoton_muon=-6.03498, interference=4.37701, lumi=6.71667, mu_efficiency=-3.69843, mu_trigger=0.251148, non_prompt_stat_ele=6.9956, non_prompt_stat_muon=0.214081, others_stat_ele=1.45494, others_stat_muon=6.92106, others_xs=4.26818, param=0.00981046, pdf_ele=6.8879, pdf_muon=-2.46409, photon_id=-6.07942, pileup=-6.99795, scale_ele=4.94199, scale_muon=0.954645
RooProdPdf::model_s[ modelObs_s * nuisancePdf ]
     getLogVal() top-level p.d.f evaluates to zero @ !pdfs=(modelObs_s = 0/1,nuisancePdf = 1)


 -- Hybrid New -- 
CLs = 0.984 +/- 0.00561142
Done in 14.04 min (cpu), 14.11 min (real)
