 <<< Combine >>> 
>>> including systematics
>>> using the Profile Likelihood test statistics modified for upper limits (Q_LHC)
>>> method used is HybridNew
>>> Used OpenSSL to get a really random seed -144924290
Computing results starting from observation (a-posteriori)
[#0] WARNING:Minization -- RooMinimizerFcn: Minimized function has error status.
Returning maximum FCN so far (429.728) to force MIGRAD to back out of this region. Error log follows
Parameter values: JER_ele=2.14588, JER_muon=5.80365, JES_ele=-1.38936, JES_muon=6.94095, QCD_stat_ele=-4.06552, QCD_stat_muon=-5.35569, VBS_stat_ele=4.91865, VBS_stat_muon=1.34466, ele_efficiency=0.694157, ele_trigger=-2.61291, fakephoton_ele=5.24472, fakephoton_muon=-4.91161, interference=1.67441, lumi=6.51791, mu_efficiency=6.99966, mu_trigger=-1.86612, non_prompt_stat_ele=6.56882, non_prompt_stat_muon=-5.59939, others_stat_ele=6.36351, others_stat_muon=3.8668, others_xs=-3.98682, param=0.0707548, pdf_ele=6.11189, pdf_muon=-6.77938, photon_id=-6.99996, pileup=6.80547, scale_ele=-6.95418, scale_muon=6.38114
RooProdPdf::model_s[ modelObs_s * nuisancePdf ]
     getLogVal() top-level p.d.f evaluates to zero @ !pdfs=(modelObs_s = 0/1,nuisancePdf = 1)

[#0] WARNING:Minization -- RooMinimizerFcn: Minimized function has error status.
Returning maximum FCN so far (429.728) to force MIGRAD to back out of this region. Error log follows
Parameter values: JER_ele=0.200262, JER_muon=1.24359, JES_ele=-0.347763, JES_muon=2.55779, QCD_stat_ele=5.11845, QCD_stat_muon=6.98974, VBS_stat_ele=-0.437689, VBS_stat_muon=1.90412, ele_efficiency=0.197387, ele_trigger=0.22633, fakephoton_ele=3.50515, fakephoton_muon=3.05336, interference=0.598131, lumi=1.13483, mu_efficiency=0.0934951, mu_trigger=2.06483, non_prompt_stat_ele=5.22301, non_prompt_stat_muon=4.15389, others_stat_ele=3.15408, others_stat_muon=2.76892, others_xs=2.40768, param=0.0710486, pdf_ele=2.39406, pdf_muon=2.41266, photon_id=5.5057, pileup=-0.728655, scale_ele=4.12456, scale_muon=6.87659
RooProdPdf::model_s[ modelObs_s * nuisancePdf ]
     getLogVal() top-level p.d.f evaluates to zero @ !pdfs=(modelObs_s = 0/1,nuisancePdf = 1)

[#0] WARNING:Minization -- RooMinimizerFcn: Minimized function has error status.
Returning maximum FCN so far (482.113) to force MIGRAD to back out of this region. Error log follows
Parameter values: JER_ele=-1.91512, JER_muon=-1.63272, JES_ele=-6.99996, JES_muon=-6.27797, QCD_stat_ele=1.33649, QCD_stat_muon=-6.9876, VBS_stat_ele=-6.76782, VBS_stat_muon=-3.92138, ele_efficiency=4.68399, ele_trigger=-5.548, fakephoton_ele=5.96477, fakephoton_muon=3.12923, interference=-3.68668, lumi=-0.229531, mu_efficiency=-1.75502, mu_trigger=-5.1899, non_prompt_stat_ele=6.93935, non_prompt_stat_muon=-6.92452, others_stat_ele=-3.64081, others_stat_muon=-4.4591, others_xs=-5.55448, param=0.070759, pdf_ele=5.72319, pdf_muon=-5.09126, photon_id=1.23567, pileup=-0.333334, scale_ele=-1.42804, scale_muon=-3.65838
RooProdPdf::model_s[ modelObs_s * nuisancePdf ]
     getLogVal() top-level p.d.f evaluates to zero @ !pdfs=(modelObs_s = 0/1,nuisancePdf = 1)

[#0] WARNING:Minization -- RooMinimizerFcn: Minimized function has error status.
Returning maximum FCN so far (523.219) to force MIGRAD to back out of this region. Error log follows
Parameter values: JER_ele=-4.03964, JER_muon=-2.0262, JES_ele=6.63768, JES_muon=0.869523, QCD_stat_ele=-1.11117, QCD_stat_muon=6.98844, VBS_stat_ele=0.648234, VBS_stat_muon=-6.98661, ele_efficiency=-1.49389, ele_trigger=-1.73857, fakephoton_ele=6.65263, fakephoton_muon=6.96366, interference=-6.97549, lumi=3.14057, mu_efficiency=-4.05739, mu_trigger=-4.53357, non_prompt_stat_ele=3.60686, non_prompt_stat_muon=6.96426, others_stat_ele=-6.65838, others_stat_muon=-6.74129, others_xs=-2.55357, param=0.0712509, pdf_ele=-5.77654, pdf_muon=-5.09297, photon_id=5.73364, pileup=1.31603, scale_ele=-6.38526, scale_muon=-5.58824
RooProdPdf::model_s[ modelObs_s * nuisancePdf ]
     getLogVal() top-level p.d.f evaluates to zero @ !pdfs=(modelObs_s = 0/1,nuisancePdf = 1)

[#0] WARNING:Minization -- RooMinimizerFcn: Minimized function has error status.
Returning maximum FCN so far (523.219) to force MIGRAD to back out of this region. Error log follows
Parameter values: JER_ele=-0.333175, JER_muon=4.78973, JES_ele=-5.78189, JES_muon=5.20219, QCD_stat_ele=4.27852, QCD_stat_muon=-4.87527, VBS_stat_ele=-6.74915, VBS_stat_muon=4.99768, ele_efficiency=5.57972, ele_trigger=-3.23369, fakephoton_ele=1.82005, fakephoton_muon=6.93, interference=1.56291, lumi=4.43087, mu_efficiency=0.809886, mu_trigger=4.39983, non_prompt_stat_ele=4.3647, non_prompt_stat_muon=6.96025, others_stat_ele=2.71467, others_stat_muon=6.11695, others_xs=2.67981, param=0.0719184, pdf_ele=6.98066, pdf_muon=2.95075, photon_id=5.33374, pileup=-0.0159972, scale_ele=-0.591657, scale_muon=-5.13977
RooProdPdf::model_s[ modelObs_s * nuisancePdf ]
     getLogVal() top-level p.d.f evaluates to zero @ !pdfs=(modelObs_s = 0/1,nuisancePdf = 1)

[#0] WARNING:Minization -- RooMinimizerFcn: Minimized function has error status.
Returning maximum FCN so far (440.779) to force MIGRAD to back out of this region. Error log follows
Parameter values: JER_ele=4.32004, JER_muon=1.76106, JES_ele=4.46643, JES_muon=3.05506, QCD_stat_ele=1.41889, QCD_stat_muon=-6.62389, VBS_stat_ele=-3.86278, VBS_stat_muon=2.90054, ele_efficiency=-2.10818, ele_trigger=1.96618, fakephoton_ele=6.93875, fakephoton_muon=-6.49351, interference=2.46659, lumi=1.10631, mu_efficiency=3.99612, mu_trigger=2.20007, non_prompt_stat_ele=6.51549, non_prompt_stat_muon=5.62858, others_stat_ele=-0.592227, others_stat_muon=5.5795, others_xs=6.74818, param=0.101554, pdf_ele=4.85877, pdf_muon=6.10415, photon_id=0.875341, pileup=5.499, scale_ele=3.52279, scale_muon=5.80287
RooProdPdf::model_s[ modelObs_s * nuisancePdf ]
     getLogVal() top-level p.d.f evaluates to zero @ !pdfs=(modelObs_s = 0/1,nuisancePdf = 1)

[#0] WARNING:Minization -- RooMinimizerFcn: Minimized function has error status.
Returning maximum FCN so far (440.779) to force MIGRAD to back out of this region. Error log follows
Parameter values: JER_ele=-5.80462, JER_muon=-5.88005, JES_ele=5.6181, JES_muon=1.06754, QCD_stat_ele=-6.6572, QCD_stat_muon=-6.75178, VBS_stat_ele=-5.48234, VBS_stat_muon=-4.00859, ele_efficiency=-2.50761, ele_trigger=-6.94228, fakephoton_ele=5.78659, fakephoton_muon=-6.43826, interference=-6.42553, lumi=1.76556, mu_efficiency=6.16234, mu_trigger=-3.61036, non_prompt_stat_ele=6.69723, non_prompt_stat_muon=-6.04036, others_stat_ele=-5.89116, others_stat_muon=-6.77873, others_xs=4.06, param=0.100961, pdf_ele=6.99666, pdf_muon=5.03053, photon_id=-4.92455, pileup=-4.89523, scale_ele=-6.53433, scale_muon=5.71903
RooProdPdf::model_s[ modelObs_s * nuisancePdf ]
     getLogVal() top-level p.d.f evaluates to zero @ !pdfs=(modelObs_s = 0/1,nuisancePdf = 1)

[#0] WARNING:Minization -- RooMinimizerFcn: Minimized function has error status.
Returning maximum FCN so far (625.18) to force MIGRAD to back out of this region. Error log follows
Parameter values: JER_ele=2.94385, JER_muon=1.33969, JES_ele=2.21928, JES_muon=1.43459, QCD_stat_ele=1.82442, QCD_stat_muon=-4.25051, VBS_stat_ele=-1.70617, VBS_stat_muon=3.827, ele_efficiency=-1.39157, ele_trigger=0.269729, fakephoton_ele=5.34219, fakephoton_muon=-3.85543, interference=1.8298, lumi=0.0145976, mu_efficiency=3.94071, mu_trigger=1.35464, non_prompt_stat_ele=6.13098, non_prompt_stat_muon=2.38826, others_stat_ele=-0.9601, others_stat_muon=4.81098, others_xs=5.89151, param=0.101675, pdf_ele=1.62251, pdf_muon=4.54371, photon_id=0.84346, pileup=4.19982, scale_ele=-0.21046, scale_muon=4.4684
RooProdPdf::model_s[ modelObs_s * nuisancePdf ]
     getLogVal() top-level p.d.f evaluates to zero @ !pdfs=(modelObs_s = 0/1,nuisancePdf = 1)

[#0] WARNING:Minization -- RooMinimizerFcn: Minimized function has error status.
Returning maximum FCN so far (621.66) to force MIGRAD to back out of this region. Error log follows
Parameter values: JER_ele=0.460856, JER_muon=0.7942, JES_ele=5.7687, JES_muon=1.98692, QCD_stat_ele=2.72977, QCD_stat_muon=5.54517, VBS_stat_ele=-0.777404, VBS_stat_muon=5.94122, ele_efficiency=0.831051, ele_trigger=3.24655, fakephoton_ele=5.70258, fakephoton_muon=0.156531, interference=-4.15778, lumi=4.50208, mu_efficiency=-0.0108456, mu_trigger=-0.282225, non_prompt_stat_ele=4.43879, non_prompt_stat_muon=4.94408, others_stat_ele=3.14812, others_stat_muon=4.34518, others_xs=5.73744, param=0.0849263, pdf_ele=-2.78981, pdf_muon=5.64191, photon_id=6.99276, pileup=0.875233, scale_ele=-3.01315, scale_muon=6.95496
RooProdPdf::model_s[ modelObs_s * nuisancePdf ]
     getLogVal() top-level p.d.f evaluates to zero @ !pdfs=(modelObs_s = 0/1,nuisancePdf = 1)

[#0] WARNING:Minization -- RooMinimizerFcn: Minimized function has error status.
Returning maximum FCN so far (621.66) to force MIGRAD to back out of this region. Error log follows
Parameter values: JER_ele=4.28555, JER_muon=-6.78416, JES_ele=1.30596, JES_muon=-6.18089, QCD_stat_ele=-6.81216, QCD_stat_muon=1.07217, VBS_stat_ele=-6.79051, VBS_stat_muon=1.91636, ele_efficiency=-6.33182, ele_trigger=5.54747, fakephoton_ele=6.24606, fakephoton_muon=-6.09421, interference=-6.71402, lumi=-6.9159, mu_efficiency=-0.0307924, mu_trigger=-5.14935, non_prompt_stat_ele=6.48142, non_prompt_stat_muon=4.48344, others_stat_ele=4.71623, others_stat_muon=-2.22856, others_xs=-3.53076, param=0.0949999, pdf_ele=-5.81644, pdf_muon=1.56408, photon_id=-5.6169, pileup=-6.98627, scale_ele=6.99272, scale_muon=5.78442
RooProdPdf::model_s[ modelObs_s * nuisancePdf ]
     getLogVal() top-level p.d.f evaluates to zero @ !pdfs=(modelObs_s = 0/1,nuisancePdf = 1)

[#0] WARNING:Minization -- RooMinimizerFcn: Minimized function has error status.
Returning maximum FCN so far (1145.75) to force MIGRAD to back out of this region. Error log follows
Parameter values: JER_ele=6.99031, JER_muon=-5.89269, JES_ele=6.83139, JES_muon=5.18058, QCD_stat_ele=5.28154, QCD_stat_muon=-3.70879, VBS_stat_ele=-6.89513, VBS_stat_muon=-2.53975, ele_efficiency=0.291804, ele_trigger=5.84429, fakephoton_ele=1.5152, fakephoton_muon=4.82379, interference=-4.42229, lumi=-5.0291, mu_efficiency=-6.88045, mu_trigger=4.2414, non_prompt_stat_ele=6.6758, non_prompt_stat_muon=-4.87443, others_stat_ele=2.65874, others_stat_muon=2.19674, others_xs=6.85509, param=0.0857661, pdf_ele=-0.983925, pdf_muon=2.81603, photon_id=2.85113, pileup=6.14336, scale_ele=4.24056, scale_muon=1.76971
RooProdPdf::model_s[ modelObs_s * nuisancePdf ]
     getLogVal() top-level p.d.f evaluates to zero @ !pdfs=(modelObs_s = 0/1,nuisancePdf = 1)

[#0] WARNING:Minization -- RooMinimizerFcn: Minimized function has error status.
Returning maximum FCN so far (1145.75) to force MIGRAD to back out of this region. Error log follows
Parameter values: JER_ele=1.36641, JER_muon=-0.0792557, JES_ele=-6.95603, JES_muon=-0.903833, QCD_stat_ele=0.00701772, QCD_stat_muon=-2.31921, VBS_stat_ele=6.92208, VBS_stat_muon=-3.52328, ele_efficiency=6.80119, ele_trigger=2.5784, fakephoton_ele=4.7639, fakephoton_muon=6.60466, interference=5.12295, lumi=6.71164, mu_efficiency=-6.98451, mu_trigger=6.55635, non_prompt_stat_ele=6.82559, non_prompt_stat_muon=-2.72619, others_stat_ele=-1.114, others_stat_muon=-0.667787, others_xs=-4.83314, param=0.0940903, pdf_ele=1.23188, pdf_muon=2.44673, photon_id=1.01099, pileup=-2.13305, scale_ele=6.99448, scale_muon=0.0256598
RooProdPdf::model_s[ modelObs_s * nuisancePdf ]
     getLogVal() top-level p.d.f evaluates to zero @ !pdfs=(modelObs_s = 0/1,nuisancePdf = 1)

[#0] WARNING:Minization -- RooMinimizerFcn: Minimized function has error status.
Returning maximum FCN so far (46.4267) to force MIGRAD to back out of this region. Error log follows
Parameter values: JER_ele=5.40194, JER_muon=-6.79562, JES_ele=6.27749, JES_muon=-6.93763, QCD_stat_ele=-3.28326, QCD_stat_muon=6.50261, VBS_stat_ele=-2.12275, VBS_stat_muon=6.386, ele_efficiency=-0.343079, ele_trigger=-6.76862, fakephoton_ele=1.82471, fakephoton_muon=-6.23341, interference=6.98491, lumi=-1.70535, mu_efficiency=-4.6769, mu_trigger=2.87949, non_prompt_stat_ele=6.46625, non_prompt_stat_muon=-1.54781, others_stat_ele=-0.509232, others_stat_muon=1.0849, others_xs=4.49173, param=0.043526, pdf_ele=2.23624, pdf_muon=6.82872, photon_id=4.21737, pileup=6.93069, scale_ele=5.94124, scale_muon=6.17615
RooProdPdf::model_s[ modelObs_s * nuisancePdf ]
     getLogVal() top-level p.d.f evaluates to zero @ !pdfs=(modelObs_s = 0/1,nuisancePdf = 1)

[#0] WARNING:Minization -- RooMinimizerFcn: Minimized function has error status.
Returning maximum FCN so far (46.4267) to force MIGRAD to back out of this region. Error log follows
Parameter values: JER_ele=-5.65294, JER_muon=6.73159, JES_ele=-4.88833, JES_muon=6.99307, QCD_stat_ele=-4.06987, QCD_stat_muon=5.36963, VBS_stat_ele=-1.86488, VBS_stat_muon=2.33245, ele_efficiency=-0.113398, ele_trigger=-6.96515, fakephoton_ele=5.79235, fakephoton_muon=-3.56274, interference=-1.94881, lumi=5.63197, mu_efficiency=-2.12086, mu_trigger=-1.09005, non_prompt_stat_ele=4.35642, non_prompt_stat_muon=-6.42302, others_stat_ele=-5.39877, others_stat_muon=3.68007, others_xs=5.19112, param=0.00210498, pdf_ele=-1.97113, pdf_muon=-1.4372, photon_id=-5.974, pileup=3.25719, scale_ele=1.99586, scale_muon=6.41516
RooProdPdf::model_s[ modelObs_s * nuisancePdf ]
     getLogVal() top-level p.d.f evaluates to zero @ !pdfs=(modelObs_s = 0/1,nuisancePdf = 1)

[#0] WARNING:Minization -- RooMinimizerFcn: Minimized function has error status.
Returning maximum FCN so far (486.455) to force MIGRAD to back out of this region. Error log follows
Parameter values: JER_ele=5.20688, JER_muon=4.95676, JES_ele=6.84548, JES_muon=-4.61266, QCD_stat_ele=3.45326, QCD_stat_muon=-2.75467, VBS_stat_ele=3.73071, VBS_stat_muon=4.00037, ele_efficiency=-6.8633, ele_trigger=3.75295, fakephoton_ele=6.65883, fakephoton_muon=-4.49451, interference=5.14324, lumi=0.381353, mu_efficiency=3.22964, mu_trigger=-5.13504, non_prompt_stat_ele=4.73635, non_prompt_stat_muon=6.2019, others_stat_ele=-6.71598, others_stat_muon=-1.42504, others_xs=6.60196, param=0.0242563, pdf_ele=-5.58557, pdf_muon=1.79485, photon_id=-6.21078, pileup=1.04437, scale_ele=-2.42914, scale_muon=-5.1744
RooProdPdf::model_s[ modelObs_s * nuisancePdf ]
     getLogVal() top-level p.d.f evaluates to zero @ !pdfs=(modelObs_s = 0/1,nuisancePdf = 1)

[#0] WARNING:Minization -- RooMinimizerFcn: Minimized function has error status.
Returning maximum FCN so far (498.589) to force MIGRAD to back out of this region. Error log follows
Parameter values: JER_ele=6.99812, JER_muon=1.93194, JES_ele=4.49482, JES_muon=-6.00771, QCD_stat_ele=6.48089, QCD_stat_muon=-0.595447, VBS_stat_ele=6.9848, VBS_stat_muon=-4.9521, ele_efficiency=1.21039, ele_trigger=-0.988635, fakephoton_ele=5.19017, fakephoton_muon=1.77843, interference=3.00447, lumi=-6.93754, mu_efficiency=1.68549, mu_trigger=0.24157, non_prompt_stat_ele=5.68671, non_prompt_stat_muon=5.47019, others_stat_ele=-6.9961, others_stat_muon=1.61639, others_xs=-6.47962, param=0.0726667, pdf_ele=-3.3773, pdf_muon=-3.69903, photon_id=0.610429, pileup=5.85886, scale_ele=-5.93436, scale_muon=-4.41843
RooProdPdf::model_s[ modelObs_s * nuisancePdf ]
     getLogVal() top-level p.d.f evaluates to zero @ !pdfs=(modelObs_s = 0/1,nuisancePdf = 1)

[#0] WARNING:Minization -- RooMinimizerFcn: Minimized function has error status.
Returning maximum FCN so far (312.17) to force MIGRAD to back out of this region. Error log follows
Parameter values: JER_ele=-3.07872, JER_muon=6.77007, JES_ele=2.41553, JES_muon=-2.18767, QCD_stat_ele=6.98793, QCD_stat_muon=-5.08266, VBS_stat_ele=4.92542, VBS_stat_muon=6.9945, ele_efficiency=3.29501, ele_trigger=-3.93249, fakephoton_ele=4.94123, fakephoton_muon=-6.9655, interference=-6.18285, lumi=-5.97916, mu_efficiency=-6.58342, mu_trigger=1.31006, non_prompt_stat_ele=4.54685, non_prompt_stat_muon=-5.24164, others_stat_ele=-2.97738, others_stat_muon=6.74553, others_xs=3.57101, param=0.00646786, pdf_ele=-1.01253, pdf_muon=-6.946, photon_id=-3.0754, pileup=-6.83892, scale_ele=-6.02824, scale_muon=-6.99712
RooProdPdf::model_s[ modelObs_s * nuisancePdf ]
     getLogVal() top-level p.d.f evaluates to zero @ !pdfs=(modelObs_s = 0/1,nuisancePdf = 1)

[#0] WARNING:Minization -- RooMinimizerFcn: Minimized function has error status.
Returning maximum FCN so far (498.037) to force MIGRAD to back out of this region. Error log follows
Parameter values: JER_ele=-0.351461, JER_muon=5.60712, JES_ele=-3.33082, JES_muon=2.17329, QCD_stat_ele=6.99873, QCD_stat_muon=-5.3187, VBS_stat_ele=-2.40878, VBS_stat_muon=6.87516, ele_efficiency=-6.25621, ele_trigger=-3.1451, fakephoton_ele=3.57712, fakephoton_muon=5.33173, interference=-6.9804, lumi=4.06676, mu_efficiency=-6.98261, mu_trigger=-3.17129, non_prompt_stat_ele=6.65887, non_prompt_stat_muon=-2.0727, others_stat_ele=-5.20327, others_stat_muon=6.72533, others_xs=-2.5537, param=0.0959649, pdf_ele=-6.38778, pdf_muon=-1.6694, photon_id=-6.97017, pileup=-3.32035, scale_ele=5.90156, scale_muon=-2.19453
RooProdPdf::model_s[ modelObs_s * nuisancePdf ]
     getLogVal() top-level p.d.f evaluates to zero @ !pdfs=(modelObs_s = 0/1,nuisancePdf = 1)

[#0] WARNING:Minization -- RooMinimizerFcn: Minimized function has error status.
Returning maximum FCN so far (498.037) to force MIGRAD to back out of this region. Error log follows
Parameter values: JER_ele=1.18363, JER_muon=6.3279, JES_ele=5.01928, JES_muon=6.37347, QCD_stat_ele=5.02144, QCD_stat_muon=-4.3759, VBS_stat_ele=1.41662, VBS_stat_muon=6.96699, ele_efficiency=2.07876, ele_trigger=5.16728, fakephoton_ele=5.65789, fakephoton_muon=0.827154, interference=6.61598, lumi=6.73691, mu_efficiency=3.12332, mu_trigger=6.20363, non_prompt_stat_ele=6.46734, non_prompt_stat_muon=6.67552, others_stat_ele=3.08949, others_stat_muon=6.96734, others_xs=5.31625, param=0.103342, pdf_ele=3.56101, pdf_muon=4.06437, photon_id=5.65051, pileup=-4.22908, scale_ele=6.44247, scale_muon=1.65528
RooProdPdf::model_s[ modelObs_s * nuisancePdf ]
     getLogVal() top-level p.d.f evaluates to zero @ !pdfs=(modelObs_s = 0/1,nuisancePdf = 1)

[#0] WARNING:Minization -- RooMinimizerFcn: Minimized function has error status.
Returning maximum FCN so far (970.878) to force MIGRAD to back out of this region. Error log follows
Parameter values: JER_ele=-0.491183, JER_muon=-3.45661, JES_ele=-6.8377, JES_muon=-0.955481, QCD_stat_ele=6.95978, QCD_stat_muon=-2.08909, VBS_stat_ele=-6.28414, VBS_stat_muon=4.48195, ele_efficiency=6.94352, ele_trigger=5.74799, fakephoton_ele=6.97275, fakephoton_muon=-2.48547, interference=-5.63096, lumi=5.03991, mu_efficiency=-6.59015, mu_trigger=1.61963, non_prompt_stat_ele=3.83177, non_prompt_stat_muon=2.2059, others_stat_ele=-5.27909, others_stat_muon=6.45129, others_xs=-6.95852, param=0.0989319, pdf_ele=-6.7425, pdf_muon=6.65229, photon_id=3.55939, pileup=-1.72655, scale_ele=6.17085, scale_muon=5.78606
RooProdPdf::model_s[ modelObs_s * nuisancePdf ]
     getLogVal() top-level p.d.f evaluates to zero @ !pdfs=(modelObs_s = 0/1,nuisancePdf = 1)

[#0] WARNING:Minization -- RooMinimizerFcn: Minimized function has error status.
Returning maximum FCN so far (41.6537) to force MIGRAD to back out of this region. Error log follows
Parameter values: JER_ele=-6.86496, JER_muon=4.80215, JES_ele=-4.57275, JES_muon=5.45469, QCD_stat_ele=-6.88138, QCD_stat_muon=-3.75545, VBS_stat_ele=-6.94008, VBS_stat_muon=-3.51567, ele_efficiency=-5.60375, ele_trigger=-6.99292, fakephoton_ele=1.28433, fakephoton_muon=-4.97771, interference=-1.39355, lumi=0.573134, mu_efficiency=5.26647, mu_trigger=4.42245, non_prompt_stat_ele=6.98203, non_prompt_stat_muon=-6.82454, others_stat_ele=5.9447, others_stat_muon=-4.36303, others_xs=0.992131, param=0.0379168, pdf_ele=6.29264, pdf_muon=-6.9985, photon_id=2.15483, pileup=0.200371, scale_ele=-6.94868, scale_muon=-6.97151
RooProdPdf::model_s[ modelObs_s * nuisancePdf ]
     getLogVal() top-level p.d.f evaluates to zero @ !pdfs=(modelObs_s = 0/1,nuisancePdf = 1)

[#0] WARNING:Minization -- RooMinimizerFcn: Minimized function has error status.
Returning maximum FCN so far (868.275) to force MIGRAD to back out of this region. Error log follows
Parameter values: JER_ele=0.567317, JER_muon=2.93259, JES_ele=2.1082, JES_muon=5.44424, QCD_stat_ele=6.65181, QCD_stat_muon=6.11951, VBS_stat_ele=0.529083, VBS_stat_muon=0.841737, ele_efficiency=-4.90576, ele_trigger=1.73212, fakephoton_ele=-0.0279676, fakephoton_muon=3.96629, interference=1.98011, lumi=3.79043, mu_efficiency=1.98206, mu_trigger=5.16133, non_prompt_stat_ele=6.99962, non_prompt_stat_muon=1.50055, others_stat_ele=2.72517, others_stat_muon=6.84042, others_xs=6.72928, param=0.0987657, pdf_ele=2.27778, pdf_muon=-3.31177, photon_id=4.37037, pileup=1.28575, scale_ele=3.39973, scale_muon=3.79859
RooProdPdf::model_s[ modelObs_s * nuisancePdf ]
     getLogVal() top-level p.d.f evaluates to zero @ !pdfs=(modelObs_s = 0/1,nuisancePdf = 1)

[#0] WARNING:Minization -- RooMinimizerFcn: Minimized function has error status.
Returning maximum FCN so far (868.275) to force MIGRAD to back out of this region. Error log follows
Parameter values: JER_ele=-3.35873, JER_muon=-2.6229, JES_ele=-6.3082, JES_muon=-6.9716, QCD_stat_ele=2.45272, QCD_stat_muon=-1.68993, VBS_stat_ele=-6.50677, VBS_stat_muon=5.6313, ele_efficiency=2.84621, ele_trigger=-5.25819, fakephoton_ele=4.49445, fakephoton_muon=5.11735, interference=-6.78437, lumi=-4.02068, mu_efficiency=0.209853, mu_trigger=-1.90306, non_prompt_stat_ele=6.14127, non_prompt_stat_muon=6.9539, others_stat_ele=-6.17205, others_stat_muon=-1.85803, others_xs=1.1174, param=0.0987393, pdf_ele=-6.77875, pdf_muon=5.60865, photon_id=-0.988185, pileup=1.56518, scale_ele=6.6185, scale_muon=0.566825
RooProdPdf::model_s[ modelObs_s * nuisancePdf ]
     getLogVal() top-level p.d.f evaluates to zero @ !pdfs=(modelObs_s = 0/1,nuisancePdf = 1)


 -- Hybrid New -- 
CLs = 0.642857 +/- 0.0365215
Done in 17.95 min (cpu), 18.17 min (real)
