 <<< Combine >>> 
>>> including systematics
>>> using the Profile Likelihood test statistics modified for upper limits (Q_LHC)
>>> method used is HybridNew
>>> Used OpenSSL to get a really random seed 241085927
Computing results starting from observation (a-posteriori)
[#0] WARNING:Minization -- RooMinimizerFcn: Minimized function has error status.
Returning maximum FCN so far (40.0229) to force MIGRAD to back out of this region. Error log follows
Parameter values: JER_ele=3.10376, JER_muon=-4.10581, JES_ele=0.837004, JES_muon=5.19967, QCD_stat_ele=-2.09701, QCD_stat_muon=0.829081, VBS_stat_ele=6.01743, VBS_stat_muon=-0.540954, ele_efficiency=5.03698, ele_trigger=-2.70621, fakephoton_ele=4.91104, fakephoton_muon=1.45398, interference=0.734098, lumi=5.8482, mu_efficiency=-2.16344, mu_trigger=4.05286, non_prompt_stat_ele=3.75372, non_prompt_stat_muon=4.10318, others_stat_ele=2.1728, others_stat_muon=3.62271, others_xs=-3.203, param=5.58063, pdf_ele=5.74486, pdf_muon=1.47918, photon_id=6.5536, pileup=6.37751, scale_ele=6.60529, scale_muon=2.01071
RooProdPdf::model_s[ modelObs_s * nuisancePdf ]
     getLogVal() top-level p.d.f evaluates to zero @ !pdfs=(modelObs_s = 0/1,nuisancePdf = 1)

[#0] WARNING:Minization -- RooMinimizerFcn: Minimized function has error status.
Returning maximum FCN so far (43.5248) to force MIGRAD to back out of this region. Error log follows
Parameter values: JER_ele=-6.8885, JER_muon=4.8696, JES_ele=-6.0566, JES_muon=5.50137, QCD_stat_ele=1.86961, QCD_stat_muon=6.9182, VBS_stat_ele=-5.09258, VBS_stat_muon=6.84804, ele_efficiency=-6.9915, ele_trigger=4.60408, fakephoton_ele=1.8953, fakephoton_muon=-6.85544, interference=-3.18901, lumi=4.39567, mu_efficiency=6.98688, mu_trigger=-1.07979, non_prompt_stat_ele=5.8507, non_prompt_stat_muon=4.59857, others_stat_ele=-5.89241, others_stat_muon=-0.61401, others_xs=-6.7803, param=0.0969706, pdf_ele=-0.066653, pdf_muon=6.93969, photon_id=1.82631, pileup=1.64146, scale_ele=3.34757, scale_muon=-4.99904
RooProdPdf::model_s[ modelObs_s * nuisancePdf ]
     getLogVal() top-level p.d.f evaluates to zero @ !pdfs=(modelObs_s = 0/1,nuisancePdf = 1)

[#0] WARNING:Minization -- RooMinimizerFcn: Minimized function has error status.
Returning maximum FCN so far (43.5248) to force MIGRAD to back out of this region. Error log follows
Parameter values: JER_ele=-4.26939, JER_muon=-6.69386, JES_ele=-5.84999, JES_muon=-3.93504, QCD_stat_ele=-6.95432, QCD_stat_muon=6.38684, VBS_stat_ele=-6.58901, VBS_stat_muon=-6.99933, ele_efficiency=-4.52925, ele_trigger=-6.94086, fakephoton_ele=6.80412, fakephoton_muon=-4.28175, interference=-0.464037, lumi=-6.76955, mu_efficiency=3.49029, mu_trigger=-1.42018, non_prompt_stat_ele=6.8561, non_prompt_stat_muon=-6.79398, others_stat_ele=-3.16597, others_stat_muon=-6.89859, others_xs=-4.84044, param=1.81507, pdf_ele=-6.94918, pdf_muon=6.55105, photon_id=6.96889, pileup=0.567862, scale_ele=1.59063, scale_muon=4.92551
RooProdPdf::model_s[ modelObs_s * nuisancePdf ]
     getLogVal() top-level p.d.f evaluates to zero @ !pdfs=(modelObs_s = 0/1,nuisancePdf = 1)

[#0] WARNING:Minization -- RooMinimizerFcn: Minimized function has error status.
Returning maximum FCN so far (833.922) to force MIGRAD to back out of this region. Error log follows
Parameter values: JER_ele=0.821513, JER_muon=6.22341, JES_ele=1.48663, JES_muon=5.94988, QCD_stat_ele=3.08838, QCD_stat_muon=-5.68223, VBS_stat_ele=-0.49335, VBS_stat_muon=5.75517, ele_efficiency=0.792393, ele_trigger=2.14184, fakephoton_ele=3.80659, fakephoton_muon=4.23673, interference=6.29176, lumi=5.13101, mu_efficiency=0.811394, mu_trigger=6.81949, non_prompt_stat_ele=1.51065, non_prompt_stat_muon=6.99731, others_stat_ele=2.14626, others_stat_muon=6.98747, others_xs=3.86931, param=0.882981, pdf_ele=-1.39264, pdf_muon=-0.827644, photon_id=5.77125, pileup=0.383635, scale_ele=5.32734, scale_muon=4.80031
RooProdPdf::model_s[ modelObs_s * nuisancePdf ]
     getLogVal() top-level p.d.f evaluates to zero @ !pdfs=(modelObs_s = 0/1,nuisancePdf = 1)

[#0] WARNING:Minization -- RooMinimizerFcn: Minimized function has error status.
Returning maximum FCN so far (833.922) to force MIGRAD to back out of this region. Error log follows
Parameter values: JER_ele=3.30878, JER_muon=-5.36318, JES_ele=5.45752, JES_muon=6.6778, QCD_stat_ele=5.49602, QCD_stat_muon=-6.01741, VBS_stat_ele=2.5417, VBS_stat_muon=0.0463549, ele_efficiency=1.50576, ele_trigger=4.87135, fakephoton_ele=6.66057, fakephoton_muon=4.89473, interference=-3.67827, lumi=-0.0938037, mu_efficiency=6.43196, mu_trigger=-1.75079, non_prompt_stat_ele=6.97825, non_prompt_stat_muon=-4.01216, others_stat_ele=6.42052, others_stat_muon=-5.84449, others_xs=2.27332, param=1.00158, pdf_ele=3.34425, pdf_muon=-6.9209, photon_id=6.84732, pileup=2.13095, scale_ele=0.989949, scale_muon=-6.89027
RooProdPdf::model_s[ modelObs_s * nuisancePdf ]
     getLogVal() top-level p.d.f evaluates to zero @ !pdfs=(modelObs_s = 0/1,nuisancePdf = 1)

[#0] WARNING:Minization -- RooMinimizerFcn: Minimized function has error status.
Returning maximum FCN so far (833.922) to force MIGRAD to back out of this region. Error log follows
Parameter values: JER_ele=0.865541, JER_muon=6.53647, JES_ele=1.62389, JES_muon=4.95684, QCD_stat_ele=3.60994, QCD_stat_muon=-3.06605, VBS_stat_ele=-0.264507, VBS_stat_muon=6.01964, ele_efficiency=0.706224, ele_trigger=2.01448, fakephoton_ele=4.07788, fakephoton_muon=4.61265, interference=6.4678, lumi=5.5302, mu_efficiency=1.43199, mu_trigger=6.52672, non_prompt_stat_ele=1.81693, non_prompt_stat_muon=6.87497, others_stat_ele=2.31953, others_stat_muon=6.97579, others_xs=4.55146, param=1.48678, pdf_ele=-0.926205, pdf_muon=-2.51289, photon_id=4.63683, pileup=0.500823, scale_ele=5.65884, scale_muon=6.95894
RooProdPdf::model_s[ modelObs_s * nuisancePdf ]
     getLogVal() top-level p.d.f evaluates to zero @ !pdfs=(modelObs_s = 0/1,nuisancePdf = 1)


 -- Hybrid New -- 
CLs = 0.0580357 +/- 0.0112221
Done in 14.94 min (cpu), 15.01 min (real)
