 <<< Combine >>> 
>>> including systematics
>>> using the Profile Likelihood test statistics modified for upper limits (Q_LHC)
>>> method used is HybridNew
>>> Used OpenSSL to get a really random seed -532776702
Computing results starting from observation (a-posteriori)
[#0] WARNING:Minization -- RooMinimizerFcn: Minimized function has error status.
Returning maximum FCN so far (1040.84) to force MIGRAD to back out of this region. Error log follows
Parameter values: JER_ele=-4.40536, JER_muon=0.723792, JES_ele=1.84302, JES_muon=5.28665, QCD_stat_ele=2.39955, QCD_stat_muon=1.15943, VBS_stat_ele=-2.68094, VBS_stat_muon=-2.3983, ele_efficiency=-0.674955, ele_trigger=-1.77156, fakephoton_ele=6.71114, fakephoton_muon=-6.38664, interference=6.85852, lumi=-2.87614, mu_efficiency=-5.82516, mu_trigger=-6.97626, non_prompt_stat_ele=3.50159, non_prompt_stat_muon=-5.24364, others_stat_ele=0.0610065, others_stat_muon=-6.42474, others_xs=1.69835, param=3.30714, pdf_ele=5.13194, pdf_muon=2.17384, photon_id=1.60807, pileup=5.48615, scale_ele=-6.95974, scale_muon=-6.64824
RooProdPdf::model_s[ modelObs_s * nuisancePdf ]
     getLogVal() top-level p.d.f evaluates to zero @ !pdfs=(modelObs_s = 0/1,nuisancePdf = 1)

[#0] WARNING:Minization -- RooMinimizerFcn: Minimized function has error status.
Returning maximum FCN so far (207.875) to force MIGRAD to back out of this region. Error log follows
Parameter values: JER_ele=-3.43658, JER_muon=-1.71437, JES_ele=-0.527094, JES_muon=1.05345, QCD_stat_ele=-0.65856, QCD_stat_muon=-0.301981, VBS_stat_ele=0.119799, VBS_stat_muon=1.57488, ele_efficiency=-0.442744, ele_trigger=-1.9947, fakephoton_ele=4.45389, fakephoton_muon=0.154997, interference=-0.439768, lumi=-0.728282, mu_efficiency=-0.797761, mu_trigger=-0.703777, non_prompt_stat_ele=5.66175, non_prompt_stat_muon=-2.15757, others_stat_ele=-4.4978, others_stat_muon=0.98453, others_xs=-0.247724, param=0.908427, pdf_ele=1.97753, pdf_muon=-1.45293, photon_id=-1.12726, pileup=-1.57317, scale_ele=-2.66166, scale_muon=-2.16665
RooProdPdf::model_s[ modelObs_s * nuisancePdf ]
     getLogVal() top-level p.d.f evaluates to zero @ !pdfs=(modelObs_s = 0/1,nuisancePdf = 1)

[#0] WARNING:Minization -- RooMinimizerFcn: Minimized function has error status.
Returning maximum FCN so far (39.7903) to force MIGRAD to back out of this region. Error log follows
Parameter values: JER_ele=-5.63612, JER_muon=1.0774, JES_ele=6.93667, JES_muon=2.12034, QCD_stat_ele=-1.53784, QCD_stat_muon=-0.147779, VBS_stat_ele=1.24156, VBS_stat_muon=4.5785, ele_efficiency=1.80806, ele_trigger=4.24694, fakephoton_ele=4.12102, fakephoton_muon=-4.77459, interference=1.33798, lumi=6.97908, mu_efficiency=2.55335, mu_trigger=2.32474, non_prompt_stat_ele=6.28318, non_prompt_stat_muon=-6.19821, others_stat_ele=6.62024, others_stat_muon=6.93477, others_xs=6.47401, param=1.65846, pdf_ele=-6.1347, pdf_muon=-5.61152, photon_id=-6.92074, pileup=-6.64156, scale_ele=-6.94442, scale_muon=2.30057
RooProdPdf::model_s[ modelObs_s * nuisancePdf ]
     getLogVal() top-level p.d.f evaluates to zero @ !pdfs=(modelObs_s = 0/1,nuisancePdf = 1)

[#0] WARNING:Minization -- RooMinimizerFcn: Minimized function has error status.
Returning maximum FCN so far (592.327) to force MIGRAD to back out of this region. Error log follows
Parameter values: JER_ele=-6.97712, JER_muon=-5.3563, JES_ele=-6.98188, JES_muon=6.48144, QCD_stat_ele=6.12276, QCD_stat_muon=-6.43661, VBS_stat_ele=-6.66668, VBS_stat_muon=1.66659, ele_efficiency=-5.97133, ele_trigger=-4.37838, fakephoton_ele=5.58281, fakephoton_muon=-6.30567, interference=-2.02881, lumi=4.51185, mu_efficiency=-6.89378, mu_trigger=5.48426, non_prompt_stat_ele=6.93069, non_prompt_stat_muon=3.11521, others_stat_ele=5.12066, others_stat_muon=-6.26735, others_xs=4.17248, param=0.771409, pdf_ele=-2.18452, pdf_muon=-6.98787, photon_id=-4.71207, pileup=-1.16645, scale_ele=2.32454, scale_muon=-1.8209
RooProdPdf::model_s[ modelObs_s * nuisancePdf ]
     getLogVal() top-level p.d.f evaluates to zero @ !pdfs=(modelObs_s = 0/1,nuisancePdf = 1)

[#0] WARNING:Minization -- RooMinimizerFcn: Minimized function has error status.
Returning maximum FCN so far (592.327) to force MIGRAD to back out of this region. Error log follows
Parameter values: JER_ele=-6.02124, JER_muon=-0.396544, JES_ele=-2.06364, JES_muon=-3.16713, QCD_stat_ele=5.53678, QCD_stat_muon=6.38741, VBS_stat_ele=-3.56289, VBS_stat_muon=3.04282, ele_efficiency=-0.201887, ele_trigger=1.0568, fakephoton_ele=3.33773, fakephoton_muon=6.93719, interference=-4.7134, lumi=-6.16717, mu_efficiency=-5.41957, mu_trigger=-0.138505, non_prompt_stat_ele=-3.06559, non_prompt_stat_muon=6.81196, others_stat_ele=-4.63714, others_stat_muon=4.52884, others_xs=3.5984, param=3.35463, pdf_ele=-7, pdf_muon=6.75, photon_id=1.74216, pileup=6.88885, scale_ele=-6.62584, scale_muon=0.137342
RooProdPdf::model_s[ modelObs_s * nuisancePdf ]
     getLogVal() top-level p.d.f evaluates to zero @ !pdfs=(modelObs_s = 0/1,nuisancePdf = 1)

[#0] WARNING:Minization -- RooMinimizerFcn: Minimized function has error status.
Returning maximum FCN so far (592.327) to force MIGRAD to back out of this region. Error log follows
Parameter values: JER_ele=1.24467, JER_muon=-5.6772, JES_ele=2.96049, JES_muon=5.70269, QCD_stat_ele=3.89437, QCD_stat_muon=-6.65277, VBS_stat_ele=-6.91614, VBS_stat_muon=3.86272, ele_efficiency=-3.52568, ele_trigger=-5.26926, fakephoton_ele=2.15984, fakephoton_muon=2.06834, interference=0.623437, lumi=-3.68614, mu_efficiency=-3.097, mu_trigger=-6.20458, non_prompt_stat_ele=6.77443, non_prompt_stat_muon=2.67615, others_stat_ele=-6.88749, others_stat_muon=4.82328, others_xs=6.11535, param=3.11699, pdf_ele=6.20651, pdf_muon=-5.92345, photon_id=5.76419, pileup=-1.04687, scale_ele=-6.4968, scale_muon=0.435774
RooProdPdf::model_s[ modelObs_s * nuisancePdf ]
     getLogVal() top-level p.d.f evaluates to zero @ !pdfs=(modelObs_s = 0/1,nuisancePdf = 1)

[#0] WARNING:Minization -- RooMinimizerFcn: Minimized function has error status.
Returning maximum FCN so far (592.327) to force MIGRAD to back out of this region. Error log follows
Parameter values: JER_ele=1.75156, JER_muon=6.93843, JES_ele=5.83484, JES_muon=6.90499, QCD_stat_ele=2.36428, QCD_stat_muon=-2.56326, VBS_stat_ele=-1.43258, VBS_stat_muon=6.99704, ele_efficiency=1.42811, ele_trigger=5.68478, fakephoton_ele=6.85744, fakephoton_muon=5.88555, interference=3.57676, lumi=4.2565, mu_efficiency=-0.0839944, mu_trigger=6.88311, non_prompt_stat_ele=1.72475, non_prompt_stat_muon=6.80847, others_stat_ele=5.13817, others_stat_muon=5.12957, others_xs=6.94027, param=3.34256, pdf_ele=4.85544, pdf_muon=-0.189419, photon_id=5.16526, pileup=5.58983, scale_ele=4.3624, scale_muon=-6.67297
RooProdPdf::model_s[ modelObs_s * nuisancePdf ]
     getLogVal() top-level p.d.f evaluates to zero @ !pdfs=(modelObs_s = 0/1,nuisancePdf = 1)

[#0] WARNING:Minization -- RooMinimizerFcn: Minimized function has error status.
Returning maximum FCN so far (673.936) to force MIGRAD to back out of this region. Error log follows
Parameter values: JER_ele=0.979381, JER_muon=6.66856, JES_ele=4.30674, JES_muon=5.46968, QCD_stat_ele=6.98599, QCD_stat_muon=0.185081, VBS_stat_ele=-2.38521, VBS_stat_muon=6.69475, ele_efficiency=0.947185, ele_trigger=4.45366, fakephoton_ele=6.35839, fakephoton_muon=4.83111, interference=1.75578, lumi=1.91706, mu_efficiency=-0.76074, mu_trigger=4.72256, non_prompt_stat_ele=6.82645, non_prompt_stat_muon=5.27151, others_stat_ele=3.02894, others_stat_muon=6.77767, others_xs=5.64567, param=3.34132, pdf_ele=2.76549, pdf_muon=6.67558, photon_id=6.62246, pileup=5.43877, scale_ele=6.99333, scale_muon=4.14911
RooProdPdf::model_s[ modelObs_s * nuisancePdf ]
     getLogVal() top-level p.d.f evaluates to zero @ !pdfs=(modelObs_s = 0/1,nuisancePdf = 1)

[#0] WARNING:Minization -- RooMinimizerFcn: Minimized function has error status.
Returning maximum FCN so far (720.912) to force MIGRAD to back out of this region. Error log follows
Parameter values: JER_ele=0.140688, JER_muon=6.22295, JES_ele=2.81116, JES_muon=2.4869, QCD_stat_ele=4.95382, QCD_stat_muon=6.47673, VBS_stat_ele=-3.53342, VBS_stat_muon=5.36951, ele_efficiency=0.599128, ele_trigger=3.44968, fakephoton_ele=2.90949, fakephoton_muon=4.54793, interference=-0.00627055, lumi=-0.247992, mu_efficiency=-1.49878, mu_trigger=2.07637, non_prompt_stat_ele=5.14499, non_prompt_stat_muon=4.67607, others_stat_ele=1.19278, others_stat_muon=4.22063, others_xs=3.30938, param=3.34341, pdf_ele=0.587687, pdf_muon=6.1496, photon_id=2.23533, pileup=5.77628, scale_ele=4.73185, scale_muon=6.17999
RooProdPdf::model_s[ modelObs_s * nuisancePdf ]
     getLogVal() top-level p.d.f evaluates to zero @ !pdfs=(modelObs_s = 0/1,nuisancePdf = 1)


 -- Hybrid New -- 
CLs = 0.492925 +/- 0.032016
Done in 20.96 min (cpu), 21.13 min (real)
