 <<< Combine >>> 
>>> including systematics
>>> using the Profile Likelihood test statistics modified for upper limits (Q_LHC)
>>> method used is HybridNew
>>> Used OpenSSL to get a really random seed -1510906280
Computing results starting from observation (a-posteriori)
[#0] WARNING:Minization -- RooMinimizerFcn: Minimized function has error status.
Returning maximum FCN so far (753.458) to force MIGRAD to back out of this region. Error log follows
Parameter values: JER_ele=-5.83533, JER_muon=-6.84262, JES_ele=-0.312119, JES_muon=-0.254581, QCD_stat_ele=-4.36312, QCD_stat_muon=5.66027, VBS_stat_ele=-6.98777, VBS_stat_muon=5.04464, ele_efficiency=0.674348, ele_trigger=-3.90908, fakephoton_ele=6.97221, fakephoton_muon=-5.94988, interference=-3.60474, lumi=-0.659623, mu_efficiency=1.4693, mu_trigger=6.96807, non_prompt_stat_ele=6.37623, non_prompt_stat_muon=-5.28906, others_stat_ele=3.44112, others_stat_muon=1.23412, others_xs=5.29842, param=1.41051, pdf_ele=-6.08199, pdf_muon=-0.00547816, photon_id=-6.57344, pileup=-6.13371, scale_ele=-6.11046, scale_muon=-6.74873
RooProdPdf::model_s[ modelObs_s * nuisancePdf ]
     getLogVal() top-level p.d.f evaluates to zero @ !pdfs=(modelObs_s = 0/1,nuisancePdf = 1)

[#0] WARNING:Minization -- RooMinimizerFcn: Minimized function has error status.
Returning maximum FCN so far (753.458) to force MIGRAD to back out of this region. Error log follows
Parameter values: JER_ele=2.83944, JER_muon=4.14791, JES_ele=6.87002, JES_muon=-6.99961, QCD_stat_ele=-5.97349, QCD_stat_muon=-6.99322, VBS_stat_ele=5.41157, VBS_stat_muon=2.47554, ele_efficiency=-0.619094, ele_trigger=5.2092, fakephoton_ele=5.90745, fakephoton_muon=1.79481, interference=6.87262, lumi=6.63811, mu_efficiency=4.38147, mu_trigger=-2.81804, non_prompt_stat_ele=6.25676, non_prompt_stat_muon=6.93951, others_stat_ele=5.79288, others_stat_muon=-6.72111, others_xs=-3.3081, param=1.40556, pdf_ele=6.64575, pdf_muon=-3.1931, photon_id=5.00994, pileup=4.97481, scale_ele=-3.23531, scale_muon=1.68419
RooProdPdf::model_s[ modelObs_s * nuisancePdf ]
     getLogVal() top-level p.d.f evaluates to zero @ !pdfs=(modelObs_s = 0/1,nuisancePdf = 1)

[#0] WARNING:Minization -- RooMinimizerFcn: Minimized function has error status.
Returning maximum FCN so far (32.7862) to force MIGRAD to back out of this region. Error log follows
Parameter values: JER_ele=-5.70637, JER_muon=-4.83882, JES_ele=0.371331, JES_muon=0.64171, QCD_stat_ele=3.01296, QCD_stat_muon=-0.822672, VBS_stat_ele=4.11659, VBS_stat_muon=-1.74808, ele_efficiency=4.61948, ele_trigger=-6.10255, fakephoton_ele=6.99799, fakephoton_muon=5.64417, interference=6.93319, lumi=-6.92013, mu_efficiency=-6.59688, mu_trigger=4.96392, non_prompt_stat_ele=6.9508, non_prompt_stat_muon=5.7327, others_stat_ele=-0.0715238, others_stat_muon=-5.59327, others_xs=2.17652, param=1.15777, pdf_ele=-6.54966, pdf_muon=-6.99934, photon_id=-4.36464, pileup=6.99283, scale_ele=-5.65034, scale_muon=-3.12028
RooProdPdf::model_s[ modelObs_s * nuisancePdf ]
     getLogVal() top-level p.d.f evaluates to zero @ !pdfs=(modelObs_s = 0/1,nuisancePdf = 1)

[#0] WARNING:Minization -- RooMinimizerFcn: Minimized function has error status.
Returning maximum FCN so far (986.423) to force MIGRAD to back out of this region. Error log follows
Parameter values: JER_ele=1.28864, JER_muon=2.43992, JES_ele=3.05431, JES_muon=6.63462, QCD_stat_ele=0.846959, QCD_stat_muon=6.94001, VBS_stat_ele=2.42279, VBS_stat_muon=-0.00819935, ele_efficiency=-5.19385, ele_trigger=-4.96851, fakephoton_ele=2.03894, fakephoton_muon=6.72992, interference=2.34406, lumi=6.82604, mu_efficiency=-2.65466, mu_trigger=6.92324, non_prompt_stat_ele=-6.73862, non_prompt_stat_muon=6.98895, others_stat_ele=1.48611, others_stat_muon=5.5736, others_xs=2.90799, param=0.526807, pdf_ele=6.20568, pdf_muon=5.72219, photon_id=-2.46705, pileup=-5.39577, scale_ele=1.56026, scale_muon=-2.05794
RooProdPdf::model_s[ modelObs_s * nuisancePdf ]
     getLogVal() top-level p.d.f evaluates to zero @ !pdfs=(modelObs_s = 0/1,nuisancePdf = 1)

[#0] WARNING:Minization -- RooMinimizerFcn: Minimized function has error status.
Returning maximum FCN so far (986.423) to force MIGRAD to back out of this region. Error log follows
Parameter values: JER_ele=6.83924, JER_muon=2.77254, JES_ele=-0.104577, JES_muon=-4.57074, QCD_stat_ele=4.06785, QCD_stat_muon=-2.8161, VBS_stat_ele=-4.23752, VBS_stat_muon=1.14257, ele_efficiency=6.78687, ele_trigger=2.49176, fakephoton_ele=5.2243, fakephoton_muon=6.24044, interference=-0.106055, lumi=-6.9589, mu_efficiency=-6.4989, mu_trigger=6.70331, non_prompt_stat_ele=5.62875, non_prompt_stat_muon=-3.0004, others_stat_ele=-6.54987, others_stat_muon=-6.71189, others_xs=6.28326, param=0.123312, pdf_ele=3.90107, pdf_muon=6.63572, photon_id=-1.30029, pileup=4.26066, scale_ele=0.138688, scale_muon=-1.55818
RooProdPdf::model_s[ modelObs_s * nuisancePdf ]
     getLogVal() top-level p.d.f evaluates to zero @ !pdfs=(modelObs_s = 0/1,nuisancePdf = 1)

[#0] WARNING:Minization -- RooMinimizerFcn: Minimized function has error status.
Returning maximum FCN so far (38.7) to force MIGRAD to back out of this region. Error log follows
Parameter values: JER_ele=-6.93279, JER_muon=5.9459, JES_ele=5.48675, JES_muon=-6.94657, QCD_stat_ele=5.34679, QCD_stat_muon=-5.98716, VBS_stat_ele=-3.05762, VBS_stat_muon=-3.45499, ele_efficiency=6.71665, ele_trigger=-5.88725, fakephoton_ele=6.11657, fakephoton_muon=6.99954, interference=-5.10929, lumi=-6.99979, mu_efficiency=-3.68622, mu_trigger=3.73519, non_prompt_stat_ele=5.34489, non_prompt_stat_muon=-5.37567, others_stat_ele=5.87488, others_stat_muon=-5.97135, others_xs=3.25616, param=1.24432, pdf_ele=-3.74217, pdf_muon=-3.0524, photon_id=0.0301106, pileup=-3.86054, scale_ele=-4.43018, scale_muon=1.65692
RooProdPdf::model_s[ modelObs_s * nuisancePdf ]
     getLogVal() top-level p.d.f evaluates to zero @ !pdfs=(modelObs_s = 0/1,nuisancePdf = 1)

[#0] WARNING:Minization -- RooMinimizerFcn: Minimized function has error status.
Returning maximum FCN so far (523.225) to force MIGRAD to back out of this region. Error log follows
Parameter values: JER_ele=-1.19866, JER_muon=-6.51594, JES_ele=2.97875, JES_muon=-6.5906, QCD_stat_ele=-6.81727, QCD_stat_muon=-2.65573, VBS_stat_ele=-6.98991, VBS_stat_muon=4.39377, ele_efficiency=6.9759, ele_trigger=-1.90665, fakephoton_ele=6.14972, fakephoton_muon=6.92079, interference=0.742555, lumi=4.43171, mu_efficiency=6.99941, mu_trigger=-0.16482, non_prompt_stat_ele=5.16077, non_prompt_stat_muon=0.315513, others_stat_ele=4.21661, others_stat_muon=-6.23722, others_xs=-6.48791, param=1.40817, pdf_ele=2.06011, pdf_muon=-6.96318, photon_id=5.22433, pileup=-2.04526, scale_ele=-2.59614, scale_muon=1.76223
RooProdPdf::model_s[ modelObs_s * nuisancePdf ]
     getLogVal() top-level p.d.f evaluates to zero @ !pdfs=(modelObs_s = 0/1,nuisancePdf = 1)

[#0] WARNING:Minization -- RooMinimizerFcn: Minimized function has error status.
Returning maximum FCN so far (814.266) to force MIGRAD to back out of this region. Error log follows
Parameter values: JER_ele=-6.69766, JER_muon=-2.31115, JES_ele=2.61028, JES_muon=3.16988, QCD_stat_ele=6.67205, QCD_stat_muon=5.59624, VBS_stat_ele=-5.63354, VBS_stat_muon=-2.82494, ele_efficiency=-6.47358, ele_trigger=-6.971, fakephoton_ele=2.13226, fakephoton_muon=6.85908, interference=5.6173, lumi=5.80443, mu_efficiency=-6.99258, mu_trigger=3.27211, non_prompt_stat_ele=6.74336, non_prompt_stat_muon=-6.99986, others_stat_ele=6.08405, others_stat_muon=-6.75226, others_xs=4.42632, param=0.955325, pdf_ele=-4.81562, pdf_muon=1.79, photon_id=5.09005, pileup=5.90319, scale_ele=-5.83544, scale_muon=1.38653
RooProdPdf::model_s[ modelObs_s * nuisancePdf ]
     getLogVal() top-level p.d.f evaluates to zero @ !pdfs=(modelObs_s = 0/1,nuisancePdf = 1)

[#0] WARNING:Minization -- RooMinimizerFcn: Minimized function has error status.
Returning maximum FCN so far (814.266) to force MIGRAD to back out of this region. Error log follows
Parameter values: JER_ele=2.27754, JER_muon=-1.97062, JES_ele=2.52511, JES_muon=-6.28825, QCD_stat_ele=2.59502, QCD_stat_muon=1.32665, VBS_stat_ele=1.00603, VBS_stat_muon=-0.606357, ele_efficiency=0.224094, ele_trigger=2.7639, fakephoton_ele=5.62051, fakephoton_muon=6.93205, interference=6.77744, lumi=6.34698, mu_efficiency=5.99277, mu_trigger=-5.4694, non_prompt_stat_ele=5.8126, non_prompt_stat_muon=-1.35262, others_stat_ele=3.23793, others_stat_muon=-2.62303, others_xs=1.64573, param=0.980637, pdf_ele=6.58833, pdf_muon=0.724597, photon_id=1.86054, pileup=1.7128, scale_ele=-0.314997, scale_muon=1.15469
RooProdPdf::model_s[ modelObs_s * nuisancePdf ]
     getLogVal() top-level p.d.f evaluates to zero @ !pdfs=(modelObs_s = 0/1,nuisancePdf = 1)

[#0] WARNING:Minization -- RooMinimizerFcn: Minimized function has error status.
Returning maximum FCN so far (814.266) to force MIGRAD to back out of this region. Error log follows
Parameter values: JER_ele=0.374957, JER_muon=6.5371, JES_ele=3.03394, JES_muon=2.38053, QCD_stat_ele=3.14397, QCD_stat_muon=-2.47323, VBS_stat_ele=2.90702, VBS_stat_muon=6.73823, ele_efficiency=0.954929, ele_trigger=0.86988, fakephoton_ele=5.99216, fakephoton_muon=5.43206, interference=6.04168, lumi=6.70778, mu_efficiency=3.72548, mu_trigger=5.05856, non_prompt_stat_ele=6.69802, non_prompt_stat_muon=6.83431, others_stat_ele=3.09571, others_stat_muon=-1.10005, others_xs=6.52038, param=0.978803, pdf_ele=2.15019, pdf_muon=-0.978989, photon_id=-3.61134, pileup=0.380788, scale_ele=2.74523, scale_muon=5.109
RooProdPdf::model_s[ modelObs_s * nuisancePdf ]
     getLogVal() top-level p.d.f evaluates to zero @ !pdfs=(modelObs_s = 0/1,nuisancePdf = 1)

[#0] WARNING:Minization -- RooMinimizerFcn: Minimized function has error status.
Returning maximum FCN so far (814.266) to force MIGRAD to back out of this region. Error log follows
Parameter values: JER_ele=-0.367523, JER_muon=6.25834, JES_ele=2.56429, JES_muon=6.99782, QCD_stat_ele=1.95131, QCD_stat_muon=4.28823, VBS_stat_ele=2.77326, VBS_stat_muon=6.11437, ele_efficiency=0.970465, ele_trigger=0.000234461, fakephoton_ele=4.67453, fakephoton_muon=3.71332, interference=3.96183, lumi=5.03839, mu_efficiency=0.530587, mu_trigger=6.88095, non_prompt_stat_ele=5.53675, non_prompt_stat_muon=5.69014, others_stat_ele=2.10143, others_stat_muon=6.66773, others_xs=6.64054, param=0.977407, pdf_ele=-0.0345218, pdf_muon=6.96296, photon_id=6.13339, pileup=-0.124595, scale_ele=1.77516, scale_muon=-5.00199
RooProdPdf::model_s[ modelObs_s * nuisancePdf ]
     getLogVal() top-level p.d.f evaluates to zero @ !pdfs=(modelObs_s = 0/1,nuisancePdf = 1)


 -- Hybrid New -- 
CLs = 0.627315 +/- 0.0340679
Done in 12.02 min (cpu), 12.11 min (real)
