 <<< Combine >>> 
>>> including systematics
>>> using the Profile Likelihood test statistics modified for upper limits (Q_LHC)
>>> method used is HybridNew
>>> Used OpenSSL to get a really random seed -1996079480
Computing results starting from observation (a-posteriori)
[#0] WARNING:Minization -- RooMinimizerFcn: Minimized function has error status.
Returning maximum FCN so far (597.781) to force MIGRAD to back out of this region. Error log follows
Parameter values: JER_ele=5.29111, JER_muon=-2.19712, JES_ele=6.83923, JES_muon=4.11862, QCD_stat_ele=6.20568, QCD_stat_muon=3.31597, VBS_stat_ele=-2.7878, VBS_stat_muon=6.87786, ele_efficiency=1.67209, ele_trigger=4.24216, fakephoton_ele=6.94632, fakephoton_muon=-3.86351, interference=-1.0327, lumi=-2.05414, mu_efficiency=-6.70966, mu_trigger=-1.78751, non_prompt_stat_ele=5.44258, non_prompt_stat_muon=6.94193, others_stat_ele=-5.95204, others_stat_muon=-4.47508, others_xs=-3.42134, param=0.980111, pdf_ele=-1.08041, pdf_muon=6.71373, photon_id=2.16218, pileup=-3.02231, scale_ele=-6.99801, scale_muon=3.92485
RooProdPdf::model_s[ modelObs_s * nuisancePdf ]
     getLogVal() top-level p.d.f evaluates to zero @ !pdfs=(modelObs_s = 0/1,nuisancePdf = 1)

[#0] WARNING:Minization -- RooMinimizerFcn: Minimized function has error status.
Returning maximum FCN so far (597.781) to force MIGRAD to back out of this region. Error log follows
Parameter values: JER_ele=6.16357, JER_muon=-5.17807, JES_ele=6.8879, JES_muon=-1.16606, QCD_stat_ele=5.25329, QCD_stat_muon=-1.14867, VBS_stat_ele=6.53129, VBS_stat_muon=0.806041, ele_efficiency=-2.95821, ele_trigger=6.54192, fakephoton_ele=4.46139, fakephoton_muon=6.46979, interference=-0.777469, lumi=3.66397, mu_efficiency=0.424295, mu_trigger=-4.69079, non_prompt_stat_ele=1.8427, non_prompt_stat_muon=5.79549, others_stat_ele=4.45167, others_stat_muon=2.45019, others_xs=6.91099, param=0.98773, pdf_ele=2.80278, pdf_muon=1.40985, photon_id=6.19079, pileup=2.87537, scale_ele=4.38848, scale_muon=0.389791
RooProdPdf::model_s[ modelObs_s * nuisancePdf ]
     getLogVal() top-level p.d.f evaluates to zero @ !pdfs=(modelObs_s = 0/1,nuisancePdf = 1)

[#0] WARNING:Minization -- RooMinimizerFcn: Minimized function has error status.
Returning maximum FCN so far (597.781) to force MIGRAD to back out of this region. Error log follows
Parameter values: JER_ele=3.31755, JER_muon=0.639202, JES_ele=4.82437, JES_muon=3.90664, QCD_stat_ele=6.36971, QCD_stat_muon=6.30655, VBS_stat_ele=4.56076, VBS_stat_muon=3.64338, ele_efficiency=0.414265, ele_trigger=4.0085, fakephoton_ele=3.37258, fakephoton_muon=3.11321, interference=2.31848, lumi=3.53678, mu_efficiency=0.787165, mu_trigger=1.79309, non_prompt_stat_ele=1.60341, non_prompt_stat_muon=3.40719, others_stat_ele=5.08073, others_stat_muon=3.66633, others_xs=5.00154, param=0.98975, pdf_ele=5.1428, pdf_muon=5.20446, photon_id=6.99629, pileup=0.539041, scale_ele=5.654, scale_muon=6.94468
RooProdPdf::model_s[ modelObs_s * nuisancePdf ]
     getLogVal() top-level p.d.f evaluates to zero @ !pdfs=(modelObs_s = 0/1,nuisancePdf = 1)

[#0] WARNING:Minization -- RooMinimizerFcn: Minimized function has error status.
Returning maximum FCN so far (652.073) to force MIGRAD to back out of this region. Error log follows
Parameter values: JER_ele=0.68128, JER_muon=2.06181, JES_ele=2.01947, JES_muon=-4.24363, QCD_stat_ele=6.301, QCD_stat_muon=-6.36809, VBS_stat_ele=5.07813, VBS_stat_muon=-2.10113, ele_efficiency=1.45825, ele_trigger=2.2482, fakephoton_ele=5.53851, fakephoton_muon=-1.91237, interference=1.55591, lumi=0.255802, mu_efficiency=0.812174, mu_trigger=-0.994223, non_prompt_stat_ele=5.20768, non_prompt_stat_muon=1.10451, others_stat_ele=3.36668, others_stat_muon=-3.01765, others_xs=-1.44241, param=1.1481, pdf_ele=4.1228, pdf_muon=-4.86584, photon_id=-1.19024, pileup=1.95951, scale_ele=6.46792, scale_muon=-1.95245
RooProdPdf::model_s[ modelObs_s * nuisancePdf ]
     getLogVal() top-level p.d.f evaluates to zero @ !pdfs=(modelObs_s = 0/1,nuisancePdf = 1)

[#0] WARNING:Minization -- RooMinimizerFcn: Minimized function has error status.
Returning maximum FCN so far (805.215) to force MIGRAD to back out of this region. Error log follows
Parameter values: JER_ele=1.42874, JER_muon=6.69274, JES_ele=3.27404, JES_muon=-6.83146, QCD_stat_ele=-3.18084, QCD_stat_muon=-6.7688, VBS_stat_ele=5.93906, VBS_stat_muon=-2.99768, ele_efficiency=3.57472, ele_trigger=4.51826, fakephoton_ele=4.97581, fakephoton_muon=-4.10625, interference=5.31857, lumi=1.04488, mu_efficiency=2.95081, mu_trigger=-0.151562, non_prompt_stat_ele=6.98623, non_prompt_stat_muon=6.0121, others_stat_ele=6.297, others_stat_muon=-5.19847, others_xs=-3.64056, param=1.14406, pdf_ele=6.9397, pdf_muon=-6.99998, photon_id=-1.79594, pileup=5.22307, scale_ele=4.40254, scale_muon=-2.59527
RooProdPdf::model_s[ modelObs_s * nuisancePdf ]
     getLogVal() top-level p.d.f evaluates to zero @ !pdfs=(modelObs_s = 0/1,nuisancePdf = 1)

[#0] WARNING:Minization -- RooMinimizerFcn: Minimized function has error status.
Returning maximum FCN so far (668.791) to force MIGRAD to back out of this region. Error log follows
Parameter values: JER_ele=-2.95574, JER_muon=6.94027, JES_ele=6.19531, JES_muon=6.98456, QCD_stat_ele=-6.92484, QCD_stat_muon=-0.875341, VBS_stat_ele=2.00009, VBS_stat_muon=-5.87518, ele_efficiency=4.27294, ele_trigger=6.8858, fakephoton_ele=5.10281, fakephoton_muon=1.77179, interference=6.57186, lumi=-5.92556, mu_efficiency=-4.36791, mu_trigger=2.18275, non_prompt_stat_ele=4.47171, non_prompt_stat_muon=3.36647, others_stat_ele=4.10579, others_stat_muon=6.9782, others_xs=1.07695, param=1.25034, pdf_ele=6.71208, pdf_muon=6.96203, photon_id=6.97377, pileup=5.2105, scale_ele=6.47147, scale_muon=6.61788
RooProdPdf::model_s[ modelObs_s * nuisancePdf ]
     getLogVal() top-level p.d.f evaluates to zero @ !pdfs=(modelObs_s = 0/1,nuisancePdf = 1)

[#0] WARNING:Minization -- RooMinimizerFcn: Minimized function has error status.
Returning maximum FCN so far (1061.34) to force MIGRAD to back out of this region. Error log follows
Parameter values: JER_ele=-0.33162, JER_muon=6.49126, JES_ele=6.83758, JES_muon=5.96092, QCD_stat_ele=-6.29935, QCD_stat_muon=6.95528, VBS_stat_ele=-5.13216, VBS_stat_muon=-1.12445, ele_efficiency=6.82888, ele_trigger=6.99296, fakephoton_ele=5.72048, fakephoton_muon=4.23401, interference=5.698, lumi=-1.21667, mu_efficiency=-2.75424, mu_trigger=2.02349, non_prompt_stat_ele=6.30627, non_prompt_stat_muon=6.96581, others_stat_ele=-6.99165, others_stat_muon=6.62706, others_xs=1.67691, param=1.25169, pdf_ele=5.68393, pdf_muon=6.06861, photon_id=6.9998, pileup=-1.35159, scale_ele=-2.21789, scale_muon=-4.82788
RooProdPdf::model_s[ modelObs_s * nuisancePdf ]
     getLogVal() top-level p.d.f evaluates to zero @ !pdfs=(modelObs_s = 0/1,nuisancePdf = 1)

[#0] WARNING:Minization -- RooMinimizerFcn: Minimized function has error status.
Returning maximum FCN so far (1061.34) to force MIGRAD to back out of this region. Error log follows
Parameter values: JER_ele=0.372647, JER_muon=1.75087, JES_ele=2.11326, JES_muon=1.4285, QCD_stat_ele=6.97514, QCD_stat_muon=2.33859, VBS_stat_ele=5.21156, VBS_stat_muon=4.15335, ele_efficiency=1.87539, ele_trigger=2.08914, fakephoton_ele=4.71417, fakephoton_muon=0.919546, interference=1.42067, lumi=3.81745, mu_efficiency=-0.189042, mu_trigger=0.991208, non_prompt_stat_ele=4.09766, non_prompt_stat_muon=3.3249, others_stat_ele=-4.60668, others_stat_muon=2.30234, others_xs=0.879266, param=1.2516, pdf_ele=2.87067, pdf_muon=1.9054, photon_id=2.42603, pileup=-3.03852, scale_ele=5.76225, scale_muon=6.79662
RooProdPdf::model_s[ modelObs_s * nuisancePdf ]
     getLogVal() top-level p.d.f evaluates to zero @ !pdfs=(modelObs_s = 0/1,nuisancePdf = 1)


 -- Hybrid New -- 
CLs = 0.567568 +/- 0.0309689
Done in 7.02 min (cpu), 7.04 min (real)
