 <<< Combine >>> 
>>> including systematics
>>> using the Profile Likelihood test statistics modified for upper limits (Q_LHC)
>>> method used is HybridNew
>>> Used OpenSSL to get a really random seed 292100531
Computing results starting from observation (a-posteriori)
[#0] WARNING:Minization -- RooMinimizerFcn: Minimized function has error status.
Returning maximum FCN so far (504.957) to force MIGRAD to back out of this region. Error log follows
Parameter values: JER_ele=-3.53989, JER_muon=3.30882, JES_ele=4.51823, JES_muon=6.98711, QCD_stat_ele=4.42987, QCD_stat_muon=5.7443, VBS_stat_ele=-0.407577, VBS_stat_muon=-5.41742, ele_efficiency=-0.485983, ele_trigger=0.434567, fakephoton_ele=6.60345, fakephoton_muon=-0.609954, interference=3.75713, lumi=5.00937, mu_efficiency=-5.99258, mu_trigger=3.13562, non_prompt_stat_ele=6.9922, non_prompt_stat_muon=-4.26142, others_stat_ele=4.41432, others_stat_muon=5.65666, others_xs=-0.25066, param=2.42553, pdf_ele=-0.457017, pdf_muon=6.10071, photon_id=4.46484, pileup=-0.695489, scale_ele=5.87331, scale_muon=0.481246
RooProdPdf::model_s[ modelObs_s * nuisancePdf ]
     getLogVal() top-level p.d.f evaluates to zero @ !pdfs=(modelObs_s = 0/1,nuisancePdf = 1)

[#0] WARNING:Minization -- RooMinimizerFcn: Minimized function has error status.
Returning maximum FCN so far (504.957) to force MIGRAD to back out of this region. Error log follows
Parameter values: JER_ele=-2.05991, JER_muon=1.42175, JES_ele=-6.23534, JES_muon=-0.821631, QCD_stat_ele=-6.92743, QCD_stat_muon=6.84538, VBS_stat_ele=-6.98544, VBS_stat_muon=-4.61028, ele_efficiency=-6.99377, ele_trigger=6.97437, fakephoton_ele=5.62948, fakephoton_muon=6.98244, interference=5.7727, lumi=1.13109, mu_efficiency=0.488581, mu_trigger=-6.09584, non_prompt_stat_ele=6.96052, non_prompt_stat_muon=-2.63594, others_stat_ele=-0.555227, others_stat_muon=6.80706, others_xs=2.82136, param=2.95475, pdf_ele=-1.5541, pdf_muon=6.66323, photon_id=5.9273, pileup=-5.90622, scale_ele=2.85991, scale_muon=-6.99543
RooProdPdf::model_s[ modelObs_s * nuisancePdf ]
     getLogVal() top-level p.d.f evaluates to zero @ !pdfs=(modelObs_s = 0/1,nuisancePdf = 1)

[#0] WARNING:Minization -- RooMinimizerFcn: Minimized function has error status.
Returning maximum FCN so far (683.495) to force MIGRAD to back out of this region. Error log follows
Parameter values: JER_ele=-3.79195, JER_muon=3.12862, JES_ele=3.72622, JES_muon=6.78795, QCD_stat_ele=3.93092, QCD_stat_muon=5.34243, VBS_stat_ele=-0.153031, VBS_stat_muon=-6.20489, ele_efficiency=-0.500267, ele_trigger=0.205026, fakephoton_ele=4.80804, fakephoton_muon=2.94042, interference=3.88003, lumi=4.57702, mu_efficiency=-6.69024, mu_trigger=4.26757, non_prompt_stat_ele=5.53819, non_prompt_stat_muon=4.16526, others_stat_ele=5.56136, others_stat_muon=5.27195, others_xs=-1.25523, param=2.59465, pdf_ele=-0.111317, pdf_muon=5.50476, photon_id=5.56883, pileup=-0.548728, scale_ele=5.92933, scale_muon=6.7732
RooProdPdf::model_s[ modelObs_s * nuisancePdf ]
     getLogVal() top-level p.d.f evaluates to zero @ !pdfs=(modelObs_s = 0/1,nuisancePdf = 1)


 -- Hybrid New -- 
CLs = 0.506637 +/- 0.0287329
Done in 18.14 min (cpu), 18.34 min (real)
