 <<< Combine >>> 
>>> including systematics
>>> using the Profile Likelihood test statistics modified for upper limits (Q_LHC)
>>> method used is HybridNew
>>> Used OpenSSL to get a really random seed -1404526785
Computing results starting from observation (a-posteriori)
[#0] WARNING:Minization -- RooMinimizerFcn: Minimized function has error status.
Returning maximum FCN so far (477.464) to force MIGRAD to back out of this region. Error log follows
Parameter values: JER_ele=6.94541, JER_muon=0.17184, JES_ele=-6.22505, JES_muon=2.13615, QCD_stat_ele=-1.51642, QCD_stat_muon=0.248852, VBS_stat_ele=-0.155559, VBS_stat_muon=6.9997, ele_efficiency=6.80316, ele_trigger=-5.25204, fakephoton_ele=6.68273, fakephoton_muon=-4.6418, interference=6.72079, lumi=3.74213, mu_efficiency=-6.67309, mu_trigger=-2.4403, non_prompt_stat_ele=6.87574, non_prompt_stat_muon=6.95841, others_stat_ele=2.88207, others_stat_muon=-6.94516, others_xs=-6.67406, param=0.774838, pdf_ele=1.15462, pdf_muon=-1.16397, photon_id=6.46415, pileup=1.03932, scale_ele=-6.49966, scale_muon=6.22452
RooProdPdf::model_s[ modelObs_s * nuisancePdf ]
     getLogVal() top-level p.d.f evaluates to zero @ !pdfs=(modelObs_s = 0/1,nuisancePdf = 1)

[#0] WARNING:Minization -- RooMinimizerFcn: Minimized function has error status.
Returning maximum FCN so far (477.464) to force MIGRAD to back out of this region. Error log follows
Parameter values: JER_ele=6.85482, JER_muon=1.98411, JES_ele=-2.1545, JES_muon=-4.3104, QCD_stat_ele=-6.81763, QCD_stat_muon=5.15712, VBS_stat_ele=-6.99847, VBS_stat_muon=-2.12897, ele_efficiency=0.273631, ele_trigger=0.557911, fakephoton_ele=-6.20601, fakephoton_muon=6.96667, interference=-0.431336, lumi=4.79086, mu_efficiency=3.28088, mu_trigger=-6.90763, non_prompt_stat_ele=-2.84659, non_prompt_stat_muon=6.80692, others_stat_ele=-0.205548, others_stat_muon=1.85622, others_xs=-6.96737, param=0.251572, pdf_ele=-3.40641, pdf_muon=-6.36088, photon_id=-6.36828, pileup=2.53946, scale_ele=0.916243, scale_muon=5.29591
RooProdPdf::model_s[ modelObs_s * nuisancePdf ]
     getLogVal() top-level p.d.f evaluates to zero @ !pdfs=(modelObs_s = 0/1,nuisancePdf = 1)

[#0] WARNING:Minization -- RooMinimizerFcn: Minimized function has error status.
Returning maximum FCN so far (477.464) to force MIGRAD to back out of this region. Error log follows
Parameter values: JER_ele=3.06357, JER_muon=6.8909, JES_ele=4.68154, JES_muon=6.78093, QCD_stat_ele=-2.1187, QCD_stat_muon=-0.398494, VBS_stat_ele=5.36599, VBS_stat_muon=-2.23028, ele_efficiency=0.581698, ele_trigger=4.24518, fakephoton_ele=4.85054, fakephoton_muon=1.93376, interference=6.98233, lumi=6.95925, mu_efficiency=2.15078, mu_trigger=4.811, non_prompt_stat_ele=5.03967, non_prompt_stat_muon=2.46928, others_stat_ele=0.390174, others_stat_muon=6.98363, others_xs=6.02446, param=0.0657169, pdf_ele=6.42979, pdf_muon=4.01982, photon_id=4.64421, pileup=0.640671, scale_ele=6.20584, scale_muon=-0.742541
RooProdPdf::model_s[ modelObs_s * nuisancePdf ]
     getLogVal() top-level p.d.f evaluates to zero @ !pdfs=(modelObs_s = 0/1,nuisancePdf = 1)

[#0] WARNING:Minization -- RooMinimizerFcn: Minimized function has error status.
Returning maximum FCN so far (551.804) to force MIGRAD to back out of this region. Error log follows
Parameter values: JER_ele=3.82703, JER_muon=6.77455, JES_ele=2.80378, JES_muon=-5.252, QCD_stat_ele=-6.93653, QCD_stat_muon=-0.728241, VBS_stat_ele=-6.85073, VBS_stat_muon=1.71452, ele_efficiency=2.75203, ele_trigger=1.93582, fakephoton_ele=2.98952, fakephoton_muon=6.87625, interference=6.27707, lumi=2.46217, mu_efficiency=6.61258, mu_trigger=6.77207, non_prompt_stat_ele=6.92061, non_prompt_stat_muon=-4.62109, others_stat_ele=6.05967, others_stat_muon=6.6257, others_xs=6.82143, param=0.258926, pdf_ele=0.751719, pdf_muon=-6.65361, photon_id=-3.42674, pileup=1.33315, scale_ele=6.92117, scale_muon=-2.64063
RooProdPdf::model_s[ modelObs_s * nuisancePdf ]
     getLogVal() top-level p.d.f evaluates to zero @ !pdfs=(modelObs_s = 0/1,nuisancePdf = 1)

[#0] WARNING:Minization -- RooMinimizerFcn: Minimized function has error status.
Returning maximum FCN so far (551.804) to force MIGRAD to back out of this region. Error log follows
Parameter values: JER_ele=-6.92622, JER_muon=-4.07565, JES_ele=-4.36657, JES_muon=1.76234, QCD_stat_ele=-4.50953, QCD_stat_muon=-1.59728, VBS_stat_ele=-6.38991, VBS_stat_muon=-6.96957, ele_efficiency=-2.37195, ele_trigger=-6.46847, fakephoton_ele=4.2076, fakephoton_muon=0.698751, interference=6.71502, lumi=6.99703, mu_efficiency=-6.48815, mu_trigger=-6.6831, non_prompt_stat_ele=6.97379, non_prompt_stat_muon=-5.73855, others_stat_ele=1.18353, others_stat_muon=-6.73784, others_xs=3.19464, param=0.524466, pdf_ele=1.15432, pdf_muon=5.69366, photon_id=-2.90248, pileup=-3.73875, scale_ele=-4.94572, scale_muon=5.46782
RooProdPdf::model_s[ modelObs_s * nuisancePdf ]
     getLogVal() top-level p.d.f evaluates to zero @ !pdfs=(modelObs_s = 0/1,nuisancePdf = 1)

[#0] WARNING:Minization -- RooMinimizerFcn: Minimized function has error status.
Returning maximum FCN so far (551.804) to force MIGRAD to back out of this region. Error log follows
Parameter values: JER_ele=2.62949, JER_muon=6.80596, JES_ele=1.31559, JES_muon=4.40673, QCD_stat_ele=6.23532, QCD_stat_muon=6.53285, VBS_stat_ele=0.565137, VBS_stat_muon=5.00007, ele_efficiency=1.6809, ele_trigger=1.26111, fakephoton_ele=0.0471441, fakephoton_muon=5.51265, interference=6.90557, lumi=4.42552, mu_efficiency=5.39372, mu_trigger=6.62586, non_prompt_stat_ele=4.30229, non_prompt_stat_muon=1.75159, others_stat_ele=4.36906, others_stat_muon=6.43719, others_xs=4.31555, param=0.253016, pdf_ele=0.987299, pdf_muon=-2.49786, photon_id=3.37408, pileup=0.908959, scale_ele=4.1938, scale_muon=4.15361
RooProdPdf::model_s[ modelObs_s * nuisancePdf ]
     getLogVal() top-level p.d.f evaluates to zero @ !pdfs=(modelObs_s = 0/1,nuisancePdf = 1)

[#0] WARNING:Minization -- RooMinimizerFcn: Minimized function has error status.
Returning maximum FCN so far (551.804) to force MIGRAD to back out of this region. Error log follows
Parameter values: JER_ele=3.44999, JER_muon=3.65242, JES_ele=3.11582, JES_muon=-6.9999, QCD_stat_ele=6.36627, QCD_stat_muon=6.82063, VBS_stat_ele=4.45175, VBS_stat_muon=-5.67547, ele_efficiency=1.70848, ele_trigger=2.74121, fakephoton_ele=2.95995, fakephoton_muon=6.34112, interference=5.59471, lumi=6.99535, mu_efficiency=6.52522, mu_trigger=3.20097, non_prompt_stat_ele=6.12946, non_prompt_stat_muon=-5.03218, others_stat_ele=5.62483, others_stat_muon=1.79036, others_xs=6.89612, param=0.0304533, pdf_ele=3.82421, pdf_muon=1.06731, photon_id=-6.2305, pileup=1.54783, scale_ele=6.92132, scale_muon=5.96526
RooProdPdf::model_s[ modelObs_s * nuisancePdf ]
     getLogVal() top-level p.d.f evaluates to zero @ !pdfs=(modelObs_s = 0/1,nuisancePdf = 1)

[#0] WARNING:Minization -- RooMinimizerFcn: Minimized function has error status.
Returning maximum FCN so far (729.188) to force MIGRAD to back out of this region. Error log follows
Parameter values: JER_ele=2.61539, JER_muon=6.80546, JES_ele=2.30841, JES_muon=-2.98139, QCD_stat_ele=6.99581, QCD_stat_muon=-6.63222, VBS_stat_ele=0.690048, VBS_stat_muon=4.49274, ele_efficiency=1.48536, ele_trigger=1.90847, fakephoton_ele=1.99976, fakephoton_muon=6.97582, interference=6.99928, lumi=6.13238, mu_efficiency=5.78217, mu_trigger=6.73687, non_prompt_stat_ele=5.28039, non_prompt_stat_muon=-6.10143, others_stat_ele=4.89509, others_stat_muon=5.43286, others_xs=6.82722, param=0.179136, pdf_ele=2.30638, pdf_muon=-6.9885, photon_id=-3.80832, pileup=1.17448, scale_ele=6.23386, scale_muon=-6.06432
RooProdPdf::model_s[ modelObs_s * nuisancePdf ]
     getLogVal() top-level p.d.f evaluates to zero @ !pdfs=(modelObs_s = 0/1,nuisancePdf = 1)

[#0] WARNING:Minization -- RooMinimizerFcn: Minimized function has error status.
Returning maximum FCN so far (729.188) to force MIGRAD to back out of this region. Error log follows
Parameter values: JER_ele=4.48283, JER_muon=1.41032, JES_ele=4.85894, JES_muon=-3.09762, QCD_stat_ele=-0.383529, QCD_stat_muon=-2.2239, VBS_stat_ele=2.95924, VBS_stat_muon=-5.69648, ele_efficiency=2.23978, ele_trigger=4.09818, fakephoton_ele=5.25643, fakephoton_muon=4.43466, interference=3.72457, lumi=6.49274, mu_efficiency=6.92724, mu_trigger=-0.0128688, non_prompt_stat_ele=6.92653, non_prompt_stat_muon=2.9478, others_stat_ele=6.95992, others_stat_muon=-4.65153, others_xs=4.4499, param=0.790821, pdf_ele=5.40974, pdf_muon=6.48004, photon_id=-0.279047, pileup=1.90421, scale_ele=4.98773, scale_muon=-6.8714
RooProdPdf::model_s[ modelObs_s * nuisancePdf ]
     getLogVal() top-level p.d.f evaluates to zero @ !pdfs=(modelObs_s = 0/1,nuisancePdf = 1)

[#0] WARNING:Minization -- RooMinimizerFcn: Minimized function has error status.
Returning maximum FCN so far (729.188) to force MIGRAD to back out of this region. Error log follows
Parameter values: JER_ele=2.78809, JER_muon=6.88158, JES_ele=3.51374, JES_muon=0.821894, QCD_stat_ele=4.88716, QCD_stat_muon=-6.75689, VBS_stat_ele=-3.14522, VBS_stat_muon=3.70664, ele_efficiency=1.57831, ele_trigger=2.64612, fakephoton_ele=3.52715, fakephoton_muon=6.61647, interference=5.40336, lumi=4.15547, mu_efficiency=5.10823, mu_trigger=6.98735, non_prompt_stat_ele=6.49355, non_prompt_stat_muon=-2.42945, others_stat_ele=6.12792, others_stat_muon=6.99895, others_xs=6.32061, param=0.0152631, pdf_ele=3.15352, pdf_muon=-4.77698, photon_id=-1.55264, pileup=1.01494, scale_ele=6.97184, scale_muon=3.01463
RooProdPdf::model_s[ modelObs_s * nuisancePdf ]
     getLogVal() top-level p.d.f evaluates to zero @ !pdfs=(modelObs_s = 0/1,nuisancePdf = 1)

[#0] WARNING:Minization -- RooMinimizerFcn: Minimized function has error status.
Returning maximum FCN so far (729.188) to force MIGRAD to back out of this region. Error log follows
Parameter values: JER_ele=2.78195, JER_muon=6.35974, JES_ele=2.71901, JES_muon=2.80627, QCD_stat_ele=6.83496, QCD_stat_muon=3.0281, VBS_stat_ele=-1.2332, VBS_stat_muon=6.96503, ele_efficiency=1.5842, ele_trigger=2.16853, fakephoton_ele=2.59179, fakephoton_muon=6.61815, interference=6.54829, lumi=4.72465, mu_efficiency=4.98642, mu_trigger=6.57856, non_prompt_stat_ele=5.8134, non_prompt_stat_muon=-2.84754, others_stat_ele=5.43098, others_stat_muon=6.97398, others_xs=5.83401, param=1.02369, pdf_ele=2.52252, pdf_muon=-2.35057, photon_id=1.34165, pileup=0.924691, scale_ele=6.75776, scale_muon=6.93362
RooProdPdf::model_s[ modelObs_s * nuisancePdf ]
     getLogVal() top-level p.d.f evaluates to zero @ !pdfs=(modelObs_s = 0/1,nuisancePdf = 1)

[#0] WARNING:Minization -- RooMinimizerFcn: Minimized function has error status.
Returning maximum FCN so far (729.188) to force MIGRAD to back out of this region. Error log follows
Parameter values: JER_ele=3.12445, JER_muon=6.87761, JES_ele=3.07154, JES_muon=-2.79896, QCD_stat_ele=6.13813, QCD_stat_muon=-6.99716, VBS_stat_ele=1.7321, VBS_stat_muon=5.2274, ele_efficiency=1.6641, ele_trigger=2.54519, fakephoton_ele=2.71293, fakephoton_muon=6.86219, interference=6.98419, lumi=6.16242, mu_efficiency=5.76142, mu_trigger=6.77972, non_prompt_stat_ele=6.00546, non_prompt_stat_muon=-4.9921, others_stat_ele=5.66042, others_stat_muon=5.83711, others_xs=6.84543, param=1.05012, pdf_ele=3.33657, pdf_muon=-6.96977, photon_id=-4.63543, pileup=1.19022, scale_ele=6.93308, scale_muon=-6.3953
RooProdPdf::model_s[ modelObs_s * nuisancePdf ]
     getLogVal() top-level p.d.f evaluates to zero @ !pdfs=(modelObs_s = 0/1,nuisancePdf = 1)

[#0] WARNING:Minization -- RooMinimizerFcn: Minimized function has error status.
Returning maximum FCN so far (729.188) to force MIGRAD to back out of this region. Error log follows
Parameter values: JER_ele=1.83439, JER_muon=5.60818, JES_ele=1.29175, JES_muon=6.31384, QCD_stat_ele=5.98404, QCD_stat_muon=-1.76738, VBS_stat_ele=0.0819115, VBS_stat_muon=6.73117, ele_efficiency=1.17149, ele_trigger=1.07275, fakephoton_ele=0.434954, fakephoton_muon=4.77335, interference=5.52553, lumi=3.50728, mu_efficiency=4.23941, mu_trigger=5.39823, non_prompt_stat_ele=3.36995, non_prompt_stat_muon=5.12012, others_stat_ele=3.44132, others_stat_muon=6.43124, others_xs=4.42717, param=0.791847, pdf_ele=1.05007, pdf_muon=3.67078, photon_id=6.19097, pileup=0.686899, scale_ele=4.23795, scale_muon=-1.93135
RooProdPdf::model_s[ modelObs_s * nuisancePdf ]
     getLogVal() top-level p.d.f evaluates to zero @ !pdfs=(modelObs_s = 0/1,nuisancePdf = 1)

[#0] WARNING:Minization -- RooMinimizerFcn: Minimized function has error status.
Returning maximum FCN so far (729.188) to force MIGRAD to back out of this region. Error log follows
Parameter values: JER_ele=2.09674, JER_muon=6.47702, JES_ele=1.6884, JES_muon=4.134, QCD_stat_ele=6.60113, QCD_stat_muon=6.3804, VBS_stat_ele=0.265437, VBS_stat_muon=6.99912, ele_efficiency=1.26565, ele_trigger=1.38967, fakephoton_ele=0.979267, fakephoton_muon=5.76049, interference=6.22279, lumi=4.4607, mu_efficiency=4.72422, mu_trigger=6.48669, non_prompt_stat_ele=4.04739, non_prompt_stat_muon=1.91375, others_stat_ele=3.9803, others_stat_muon=6.96734, others_xs=5.40887, param=0.561351, pdf_ele=1.54393, pdf_muon=-0.667361, photon_id=3.57841, pileup=0.835436, scale_ele=5.11411, scale_muon=6.45627
RooProdPdf::model_s[ modelObs_s * nuisancePdf ]
     getLogVal() top-level p.d.f evaluates to zero @ !pdfs=(modelObs_s = 0/1,nuisancePdf = 1)

[#0] WARNING:Minization -- RooMinimizerFcn: Minimized function has error status.
Returning maximum FCN so far (729.188) to force MIGRAD to back out of this region. Error log follows
Parameter values: JER_ele=2.16093, JER_muon=6.67304, JES_ele=1.83077, JES_muon=3.14428, QCD_stat_ele=6.74348, QCD_stat_muon=6.99181, VBS_stat_ele=0.271028, VBS_stat_muon=6.97554, ele_efficiency=1.28214, ele_trigger=1.49704, fakephoton_ele=1.18207, fakephoton_muon=6.04849, interference=6.37847, lumi=4.74186, mu_efficiency=4.85331, mu_trigger=6.7265, non_prompt_stat_ele=4.2629, non_prompt_stat_muon=0.633564, others_stat_ele=4.1462, others_stat_muon=6.99963, others_xs=5.70762, param=0.483678, pdf_ele=1.71363, pdf_muon=-2.11472, photon_id=2.4265, pileup=0.882931, scale_ele=5.3876, scale_muon=6.96741
RooProdPdf::model_s[ modelObs_s * nuisancePdf ]
     getLogVal() top-level p.d.f evaluates to zero @ !pdfs=(modelObs_s = 0/1,nuisancePdf = 1)

[#0] WARNING:Minization -- RooMinimizerFcn: Minimized function has error status.
Returning maximum FCN so far (729.188) to force MIGRAD to back out of this region. Error log follows
Parameter values: JER_ele=1.93164, JER_muon=6.1259, JES_ele=1.4637, JES_muon=5.2024, QCD_stat_ele=6.28013, QCD_stat_muon=3.56907, VBS_stat_ele=-0.0343297, VBS_stat_muon=6.91258, ele_efficiency=1.21052, ele_trigger=1.20056, fakephoton_ele=0.682799, fakephoton_muon=5.37303, interference=5.9117, lumi=4.01182, mu_efficiency=4.51494, mu_trigger=6.07857, non_prompt_stat_ele=3.67695, non_prompt_stat_muon=3.40014, others_stat_ele=3.68748, others_stat_muon=6.82769, others_xs=5.01008, param=0.433111, pdf_ele=1.23336, pdf_muon=1.32156, photon_id=4.95138, pileup=0.768459, scale_ele=4.64466, scale_muon=3.80958
RooProdPdf::model_s[ modelObs_s * nuisancePdf ]
     getLogVal() top-level p.d.f evaluates to zero @ !pdfs=(modelObs_s = 0/1,nuisancePdf = 1)

[#0] WARNING:Minization -- RooMinimizerFcn: Minimized function has error status.
Returning maximum FCN so far (729.188) to force MIGRAD to back out of this region. Error log follows
Parameter values: JER_ele=1.94497, JER_muon=6.20067, JES_ele=1.50527, JES_muon=4.9624, QCD_stat_ele=6.34199, QCD_stat_muon=4.40273, VBS_stat_ele=-0.0789764, VBS_stat_muon=6.91924, ele_efficiency=1.21375, ele_trigger=1.22932, fakephoton_ele=0.745374, fakephoton_muon=5.47426, interference=5.95527, lumi=4.08927, mu_efficiency=4.55155, mu_trigger=6.18279, non_prompt_stat_ele=3.74403, non_prompt_stat_muon=3.05753, others_stat_ele=3.73909, others_stat_muon=6.87392, others_xs=5.11299, param=0.379496, pdf_ele=1.2763, pdf_muon=0.904215, photon_id=4.68489, pileup=0.782071, scale_ele=4.73535, scale_muon=4.64866
RooProdPdf::model_s[ modelObs_s * nuisancePdf ]
     getLogVal() top-level p.d.f evaluates to zero @ !pdfs=(modelObs_s = 0/1,nuisancePdf = 1)

[#0] WARNING:Minization -- RooMinimizerFcn: Minimized function has error status.
Returning maximum FCN so far (896.851) to force MIGRAD to back out of this region. Error log follows
Parameter values: JER_ele=1.80283, JER_muon=5.93687, JES_ele=1.51547, JES_muon=5.65711, QCD_stat_ele=6.21877, QCD_stat_muon=1.46992, VBS_stat_ele=-0.241881, VBS_stat_muon=6.64576, ele_efficiency=1.10668, ele_trigger=1.21546, fakephoton_ele=0.827941, fakephoton_muon=5.23997, interference=5.59268, lumi=3.85208, mu_efficiency=4.2159, mu_trigger=5.97236, non_prompt_stat_ele=3.6352, non_prompt_stat_muon=4.11905, others_stat_ele=3.5986, others_stat_muon=6.74788, others_xs=4.9394, param=0.190454, pdf_ele=1.29709, pdf_muon=2.34478, photon_id=5.41362, pileup=0.728213, scale_ele=4.65984, scale_muon=1.88822
RooProdPdf::model_s[ modelObs_s * nuisancePdf ]
     getLogVal() top-level p.d.f evaluates to zero @ !pdfs=(modelObs_s = 0/1,nuisancePdf = 1)

[#0] WARNING:Minization -- RooMinimizerFcn: Minimized function has error status.
Returning maximum FCN so far (896.851) to force MIGRAD to back out of this region. Error log follows
Parameter values: JER_ele=2.28831, JER_muon=6.52174, JES_ele=1.75121, JES_muon=2.96174, QCD_stat_ele=6.85783, QCD_stat_muon=6.93119, VBS_stat_ele=-0.666758, VBS_stat_muon=6.93988, ele_efficiency=1.47119, ele_trigger=1.41225, fakephoton_ele=0.975436, fakephoton_muon=5.95802, interference=6.36302, lumi=4.37301, mu_efficiency=5.16638, mu_trigger=6.52031, non_prompt_stat_ele=4.41924, non_prompt_stat_muon=0.363683, others_stat_ele=4.39366, others_stat_muon=6.99967, others_xs=5.64606, param=0.000992048, pdf_ele=1.39379, pdf_muon=-1.82443, photon_id=2.79254, pileup=0.898915, scale_ele=5.46925, scale_muon=6.76814
RooProdPdf::model_s[ modelObs_s * nuisancePdf ]
     getLogVal() top-level p.d.f evaluates to zero @ !pdfs=(modelObs_s = 0/1,nuisancePdf = 1)

[#0] WARNING:Minization -- RooMinimizerFcn: Minimized function has error status.
Returning maximum FCN so far (561.96) to force MIGRAD to back out of this region. Error log follows
Parameter values: JER_ele=0.332187, JER_muon=6.99354, JES_ele=5.98772, JES_muon=6.99638, QCD_stat_ele=6.32848, QCD_stat_muon=-6.10265, VBS_stat_ele=6.17903, VBS_stat_muon=-2.65286, ele_efficiency=-2.43845, ele_trigger=3.66661, fakephoton_ele=6.5477, fakephoton_muon=1.02779, interference=6.95074, lumi=6.99206, mu_efficiency=-0.899038, mu_trigger=6.8492, non_prompt_stat_ele=6.18619, non_prompt_stat_muon=5.17987, others_stat_ele=-6.30369, others_stat_muon=6.57342, others_xs=0.211271, param=0.144326, pdf_ele=5.81948, pdf_muon=6.44884, photon_id=5.95283, pileup=-1.62477, scale_ele=4.96523, scale_muon=6.6368
RooProdPdf::model_s[ modelObs_s * nuisancePdf ]
     getLogVal() top-level p.d.f evaluates to zero @ !pdfs=(modelObs_s = 0/1,nuisancePdf = 1)

[#0] WARNING:Minization -- RooMinimizerFcn: Minimized function has error status.
Returning maximum FCN so far (561.96) to force MIGRAD to back out of this region. Error log follows
Parameter values: JER_ele=6.58998, JER_muon=4.39515, JES_ele=-2.09563, JES_muon=-5.1267, QCD_stat_ele=-2.73836, QCD_stat_muon=-0.742667, VBS_stat_ele=6.95398, VBS_stat_muon=-1.44799, ele_efficiency=6.89952, ele_trigger=6.18635, fakephoton_ele=2.3856, fakephoton_muon=5.44064, interference=5.29676, lumi=5.90869, mu_efficiency=5.82052, mu_trigger=-6.76164, non_prompt_stat_ele=6.40374, non_prompt_stat_muon=-6.40225, others_stat_ele=6.98355, others_stat_muon=-1.72017, others_xs=2.43274, param=0.0222472, pdf_ele=6.95953, pdf_muon=2.18454, photon_id=-3.37358, pileup=5.97345, scale_ele=1.32277, scale_muon=3.16162
RooProdPdf::model_s[ modelObs_s * nuisancePdf ]
     getLogVal() top-level p.d.f evaluates to zero @ !pdfs=(modelObs_s = 0/1,nuisancePdf = 1)

[#0] WARNING:Minization -- RooMinimizerFcn: Minimized function has error status.
Returning maximum FCN so far (561.96) to force MIGRAD to back out of this region. Error log follows
Parameter values: JER_ele=4.15473, JER_muon=4.31104, JES_ele=-2.35865, JES_muon=6.99475, QCD_stat_ele=5.77891, QCD_stat_muon=2.60465, VBS_stat_ele=2.52024, VBS_stat_muon=5.3493, ele_efficiency=3.73076, ele_trigger=2.04263, fakephoton_ele=5.09643, fakephoton_muon=4.4812, interference=-0.084974, lumi=3.3787, mu_efficiency=4.87322, mu_trigger=6.72211, non_prompt_stat_ele=3.02961, non_prompt_stat_muon=6.58222, others_stat_ele=3.85802, others_stat_muon=6.74706, others_xs=5.94351, param=0.159846, pdf_ele=3.38347, pdf_muon=2.39776, photon_id=0.720394, pileup=2.68401, scale_ele=-1.26898, scale_muon=-2.02769
RooProdPdf::model_s[ modelObs_s * nuisancePdf ]
     getLogVal() top-level p.d.f evaluates to zero @ !pdfs=(modelObs_s = 0/1,nuisancePdf = 1)

[#0] WARNING:Minization -- RooMinimizerFcn: Minimized function has error status.
Returning maximum FCN so far (561.96) to force MIGRAD to back out of this region. Error log follows
Parameter values: JER_ele=2.2963, JER_muon=6.94275, JES_ele=2.72578, JES_muon=3.91043, QCD_stat_ele=6.80884, QCD_stat_muon=-2.1866, VBS_stat_ele=6.63619, VBS_stat_muon=-0.631831, ele_efficiency=0.823561, ele_trigger=3.35989, fakephoton_ele=6.41267, fakephoton_muon=4.55202, interference=6.06434, lumi=6.94288, mu_efficiency=3.41702, mu_trigger=5.94121, non_prompt_stat_ele=6.97727, non_prompt_stat_muon=6.91967, others_stat_ele=2.64241, others_stat_muon=4.11525, others_xs=6.98443, param=0.201498, pdf_ele=5.61161, pdf_muon=-3.91504, photon_id=-4.65989, pileup=0.780396, scale_ele=6.99881, scale_muon=5.05108
RooProdPdf::model_s[ modelObs_s * nuisancePdf ]
     getLogVal() top-level p.d.f evaluates to zero @ !pdfs=(modelObs_s = 0/1,nuisancePdf = 1)

[#0] WARNING:Minization -- RooMinimizerFcn: Minimized function has error status.
Returning maximum FCN so far (800.139) to force MIGRAD to back out of this region. Error log follows
Parameter values: JER_ele=2.22665, JER_muon=4.79747, JES_ele=-0.645765, JES_muon=6.97281, QCD_stat_ele=4.50952, QCD_stat_muon=-1.04236, VBS_stat_ele=1.82283, VBS_stat_muon=5.81479, ele_efficiency=1.94408, ele_trigger=1.60934, fakephoton_ele=4.18306, fakephoton_muon=3.38183, interference=1.39509, lumi=3.79243, mu_efficiency=3.3295, mu_trigger=6.52467, non_prompt_stat_ele=3.83739, non_prompt_stat_muon=5.97717, others_stat_ele=6.40649, others_stat_muon=6.99941, others_xs=6.81852, param=0.115993, pdf_ele=2.79563, pdf_muon=5.32964, photon_id=4.76848, pileup=1.45076, scale_ele=2.45237, scale_muon=-6.89873
RooProdPdf::model_s[ modelObs_s * nuisancePdf ]
     getLogVal() top-level p.d.f evaluates to zero @ !pdfs=(modelObs_s = 0/1,nuisancePdf = 1)

[#0] WARNING:Minization -- RooMinimizerFcn: Minimized function has error status.
Returning maximum FCN so far (41.2734) to force MIGRAD to back out of this region. Error log follows
Parameter values: JER_ele=-6.3915, JER_muon=-5.08521, JES_ele=6.19676, JES_muon=6.78859, QCD_stat_ele=-4.62315, QCD_stat_muon=6.93979, VBS_stat_ele=-1.67065, VBS_stat_muon=-4.85392, ele_efficiency=-4.92317, ele_trigger=3.10646, fakephoton_ele=6.99785, fakephoton_muon=6.7953, interference=-5.21059, lumi=6.22364, mu_efficiency=6.26232, mu_trigger=6.45072, non_prompt_stat_ele=-6.9423, non_prompt_stat_muon=6.70027, others_stat_ele=-6.90179, others_stat_muon=-1.87235, others_xs=3.6968, param=0.978433, pdf_ele=1.72905, pdf_muon=-4.04531, photon_id=4.69177, pileup=-5.50785, scale_ele=5.55961, scale_muon=-6.91683
RooProdPdf::model_s[ modelObs_s * nuisancePdf ]
     getLogVal() top-level p.d.f evaluates to zero @ !pdfs=(modelObs_s = 0/1,nuisancePdf = 1)

[#0] WARNING:Minization -- RooMinimizerFcn: Minimized function has error status.
Returning maximum FCN so far (298.209) to force MIGRAD to back out of this region. Error log follows
Parameter values: JER_ele=-2.90993, JER_muon=5.33884, JES_ele=-5.37249, JES_muon=1.50391, QCD_stat_ele=-3.01711, QCD_stat_muon=2.32937, VBS_stat_ele=-6.83163, VBS_stat_muon=4.67719, ele_efficiency=4.82213, ele_trigger=-4.63517, fakephoton_ele=1.55266, fakephoton_muon=-5.57261, interference=-6.94594, lumi=3.39499, mu_efficiency=-5.99348, mu_trigger=-6.04605, non_prompt_stat_ele=6.40432, non_prompt_stat_muon=-5.39191, others_stat_ele=-2.67197, others_stat_muon=4.36302, others_xs=6.76704, param=0.424428, pdf_ele=-4.70189, pdf_muon=5.45778, photon_id=-5.40336, pileup=-6.91785, scale_ele=-6.35525, scale_muon=6.12384
RooProdPdf::model_s[ modelObs_s * nuisancePdf ]
     getLogVal() top-level p.d.f evaluates to zero @ !pdfs=(modelObs_s = 0/1,nuisancePdf = 1)

[#0] WARNING:Minization -- RooMinimizerFcn: Minimized function has error status.
Returning maximum FCN so far (438.787) to force MIGRAD to back out of this region. Error log follows
Parameter values: JER_ele=3.06704, JER_muon=6.71722, JES_ele=3.71804, JES_muon=6.65553, QCD_stat_ele=6.92614, QCD_stat_muon=-2.52786, VBS_stat_ele=6.99899, VBS_stat_muon=6.99715, ele_efficiency=0.938164, ele_trigger=2.61718, fakephoton_ele=4.80377, fakephoton_muon=4.26746, interference=6.70634, lumi=6.77393, mu_efficiency=2.56643, mu_trigger=6.99577, non_prompt_stat_ele=6.2546, non_prompt_stat_muon=6.84769, others_stat_ele=3.25805, others_stat_muon=6.46532, others_xs=5.58154, param=6.75716e-05, pdf_ele=5.68567, pdf_muon=1.21834, photon_id=3.07533, pileup=0.536768, scale_ele=6.95432, scale_muon=-6.77604
RooProdPdf::model_s[ modelObs_s * nuisancePdf ]
     getLogVal() top-level p.d.f evaluates to zero @ !pdfs=(modelObs_s = 0/1,nuisancePdf = 1)

[#0] WARNING:Minization -- RooMinimizerFcn: Minimized function has error status.
Returning maximum FCN so far (786.087) to force MIGRAD to back out of this region. Error log follows
Parameter values: JER_ele=-1.04804, JER_muon=1.24486, JES_ele=-1.70406, JES_muon=-1.06264, QCD_stat_ele=-4.85129, QCD_stat_muon=6.54965, VBS_stat_ele=-2.14073, VBS_stat_muon=-4.76966, ele_efficiency=0.409069, ele_trigger=-2.41216, fakephoton_ele=4.96722, fakephoton_muon=-2.56548, interference=-3.07594, lumi=0.729739, mu_efficiency=-1.06715, mu_trigger=-1.80219, non_prompt_stat_ele=6.15602, non_prompt_stat_muon=-2.75869, others_stat_ele=-0.300787, others_stat_muon=2.51139, others_xs=1.68308, param=0.106621, pdf_ele=-2.15558, pdf_muon=-0.755742, photon_id=-1.90585, pileup=-1.202, scale_ele=-3.7458, scale_muon=-6.33849
RooProdPdf::model_s[ modelObs_s * nuisancePdf ]
     getLogVal() top-level p.d.f evaluates to zero @ !pdfs=(modelObs_s = 0/1,nuisancePdf = 1)

[#0] WARNING:Minization -- RooMinimizerFcn: Minimized function has error status.
Returning maximum FCN so far (860.995) to force MIGRAD to back out of this region. Error log follows
Parameter values: JER_ele=0.854477, JER_muon=1.59662, JES_ele=1.4795, JES_muon=-0.0311633, QCD_stat_ele=3.12841, QCD_stat_muon=6.83812, VBS_stat_ele=1.22076, VBS_stat_muon=-2.95643, ele_efficiency=0.786505, ele_trigger=0.284877, fakephoton_ele=6.90015, fakephoton_muon=-1.74588, interference=-1.11831, lumi=2.08106, mu_efficiency=-0.535848, mu_trigger=-0.490108, non_prompt_stat_ele=6.8503, non_prompt_stat_muon=-1.85649, others_stat_ele=3.26142, others_stat_muon=1.81896, others_xs=2.57413, param=0.378775, pdf_ele=2.05359, pdf_muon=0.902311, photon_id=-2.15694, pileup=-0.668508, scale_ele=4.85444, scale_muon=-2.02193
RooProdPdf::model_s[ modelObs_s * nuisancePdf ]
     getLogVal() top-level p.d.f evaluates to zero @ !pdfs=(modelObs_s = 0/1,nuisancePdf = 1)

[#0] WARNING:Minization -- RooMinimizerFcn: Minimized function has error status.
Returning maximum FCN so far (860.995) to force MIGRAD to back out of this region. Error log follows
Parameter values: JER_ele=3.15258, JER_muon=6.75533, JES_ele=2.9859, JES_muon=6.58843, QCD_stat_ele=4.93757, QCD_stat_muon=6.22268, VBS_stat_ele=5.14681, VBS_stat_muon=4.66896, ele_efficiency=1.28144, ele_trigger=1.38574, fakephoton_ele=-4.95636, fakephoton_muon=4.35314, interference=6.77359, lumi=6.99746, mu_efficiency=2.04827, mu_trigger=6.93843, non_prompt_stat_ele=-3.23435, non_prompt_stat_muon=5.91444, others_stat_ele=0.353488, others_stat_muon=6.82027, others_xs=5.64913, param=0.100788, pdf_ele=5.72536, pdf_muon=1.06304, photon_id=5.11374, pileup=-0.147572, scale_ele=6.76076, scale_muon=-6.88885
RooProdPdf::model_s[ modelObs_s * nuisancePdf ]
     getLogVal() top-level p.d.f evaluates to zero @ !pdfs=(modelObs_s = 0/1,nuisancePdf = 1)

[#0] WARNING:Minization -- RooMinimizerFcn: Minimized function has error status.
Returning maximum FCN so far (860.995) to force MIGRAD to back out of this region. Error log follows
Parameter values: JER_ele=-1.36735, JER_muon=-5.2389, JES_ele=-2.02465, JES_muon=-6.141, QCD_stat_ele=-4.22826, QCD_stat_muon=3.69779, VBS_stat_ele=-3.3595, VBS_stat_muon=-6.75101, ele_efficiency=0.00776989, ele_trigger=-2.06181, fakephoton_ele=6.89905, fakephoton_muon=-5.91477, interference=-5.55456, lumi=-4.15626, mu_efficiency=-3.06863, mu_trigger=-6.99674, non_prompt_stat_ele=6.96192, non_prompt_stat_muon=-5.63319, others_stat_ele=-0.334713, others_stat_muon=-6.89991, others_xs=-5.73708, param=1.3093e-05, pdf_ele=-2.77359, pdf_muon=-4.31381, photon_id=-6.60479, pileup=-1.23245, scale_ele=-4.54591, scale_muon=4.21828
RooProdPdf::model_s[ modelObs_s * nuisancePdf ]
     getLogVal() top-level p.d.f evaluates to zero @ !pdfs=(modelObs_s = 0/1,nuisancePdf = 1)

[#0] WARNING:Minization -- RooMinimizerFcn: Minimized function has error status.
Returning maximum FCN so far (964.97) to force MIGRAD to back out of this region. Error log follows
Parameter values: JER_ele=1.10609, JER_muon=6.11708, JES_ele=1.35344, JES_muon=0.0676488, QCD_stat_ele=2.65637, QCD_stat_muon=-6.82966, VBS_stat_ele=3.90428, VBS_stat_muon=6.99588, ele_efficiency=0.881384, ele_trigger=0.0828945, fakephoton_ele=6.03924, fakephoton_muon=4.55851, interference=5.91526, lumi=6.9646, mu_efficiency=3.49298, mu_trigger=4.97386, non_prompt_stat_ele=6.90523, non_prompt_stat_muon=5.62955, others_stat_ele=2.48143, others_stat_muon=0.0857905, others_xs=6.61317, param=1.08347, pdf_ele=2.44533, pdf_muon=-6.59035, photon_id=6.5371, pileup=0.0448749, scale_ele=4.62647, scale_muon=6.9391
RooProdPdf::model_s[ modelObs_s * nuisancePdf ]
     getLogVal() top-level p.d.f evaluates to zero @ !pdfs=(modelObs_s = 0/1,nuisancePdf = 1)

[#0] WARNING:Minization -- RooMinimizerFcn: Minimized function has error status.
Returning maximum FCN so far (964.97) to force MIGRAD to back out of this region. Error log follows
Parameter values: JER_ele=2.85397, JER_muon=6.97405, JES_ele=4.83569, JES_muon=2.30808, QCD_stat_ele=6.90153, QCD_stat_muon=2.75479, VBS_stat_ele=3.30474, VBS_stat_muon=3.72416, ele_efficiency=1.4904, ele_trigger=2.91748, fakephoton_ele=1.69991, fakephoton_muon=4.49134, interference=5.004, lumi=6.92842, mu_efficiency=3.06452, mu_trigger=6.31802, non_prompt_stat_ele=-3.76259, non_prompt_stat_muon=6.06143, others_stat_ele=6.45612, others_stat_muon=0.581863, others_xs=5.70271, param=0.0782355, pdf_ele=5.85214, pdf_muon=-3.30038, photon_id=6.61075, pileup=0.23222, scale_ele=4.76146, scale_muon=2.08727
RooProdPdf::model_s[ modelObs_s * nuisancePdf ]
     getLogVal() top-level p.d.f evaluates to zero @ !pdfs=(modelObs_s = 0/1,nuisancePdf = 1)

[#0] WARNING:Minization -- RooMinimizerFcn: Minimized function has error status.
Returning maximum FCN so far (964.97) to force MIGRAD to back out of this region. Error log follows
Parameter values: JER_ele=1.17643, JER_muon=3.53796, JES_ele=1.63239, JES_muon=3.70372, QCD_stat_ele=3.23514, QCD_stat_muon=6.14016, VBS_stat_ele=3.32038, VBS_stat_muon=0.856484, ele_efficiency=0.80862, ele_trigger=0.418151, fakephoton_ele=6.05034, fakephoton_muon=-0.145487, interference=1.37269, lumi=3.73482, mu_efficiency=0.266661, mu_trigger=2.56099, non_prompt_stat_ele=6.89924, non_prompt_stat_muon=2.09244, others_stat_ele=2.55222, others_stat_muon=3.66224, others_xs=3.45974, param=0.0220141, pdf_ele=2.60921, pdf_muon=5.59838, photon_id=0.239556, pileup=-0.473238, scale_ele=5.09714, scale_muon=6.57043
RooProdPdf::model_s[ modelObs_s * nuisancePdf ]
     getLogVal() top-level p.d.f evaluates to zero @ !pdfs=(modelObs_s = 0/1,nuisancePdf = 1)

[#0] WARNING:Minization -- RooMinimizerFcn: Minimized function has error status.
Returning maximum FCN so far (964.97) to force MIGRAD to back out of this region. Error log follows
Parameter values: JER_ele=1.23435, JER_muon=3.41148, JES_ele=1.95471, JES_muon=3.92006, QCD_stat_ele=4.06118, QCD_stat_muon=6.09495, VBS_stat_ele=2.57251, VBS_stat_muon=-0.0803993, ele_efficiency=0.853684, ele_trigger=0.641566, fakephoton_ele=6.86121, fakephoton_muon=0.118327, interference=1.05881, lumi=3.69919, mu_efficiency=0.287769, mu_trigger=2.61416, non_prompt_stat_ele=6.81518, non_prompt_stat_muon=2.68592, others_stat_ele=3.12866, others_stat_muon=4.28302, others_xs=3.99785, param=0.0198343, pdf_ele=2.84628, pdf_muon=5.53111, photon_id=0.844947, pileup=-0.450488, scale_ele=5.76528, scale_muon=6.70939
RooProdPdf::model_s[ modelObs_s * nuisancePdf ]
     getLogVal() top-level p.d.f evaluates to zero @ !pdfs=(modelObs_s = 0/1,nuisancePdf = 1)

[#0] WARNING:Minization -- RooMinimizerFcn: Minimized function has error status.
Returning maximum FCN so far (964.97) to force MIGRAD to back out of this region. Error log follows
Parameter values: JER_ele=2.24624, JER_muon=4.17591, JES_ele=3.47498, JES_muon=4.84281, QCD_stat_ele=6.41452, QCD_stat_muon=2.54744, VBS_stat_ele=4.40729, VBS_stat_muon=0.757016, ele_efficiency=1.23128, ele_trigger=1.81771, fakephoton_ele=5.50219, fakephoton_muon=0.261031, interference=1.74811, lumi=4.7889, mu_efficiency=0.482441, mu_trigger=3.44938, non_prompt_stat_ele=1.69978, non_prompt_stat_muon=3.22368, others_stat_ele=5.03567, others_stat_muon=5.10631, others_xs=5.19886, param=0.016253, pdf_ele=4.75056, pdf_muon=6.43923, photon_id=2.82232, pileup=-0.401553, scale_ele=6.96626, scale_muon=6.92668
RooProdPdf::model_s[ modelObs_s * nuisancePdf ]
     getLogVal() top-level p.d.f evaluates to zero @ !pdfs=(modelObs_s = 0/1,nuisancePdf = 1)

[#0] WARNING:Minization -- RooMinimizerFcn: Minimized function has error status.
Returning maximum FCN so far (964.97) to force MIGRAD to back out of this region. Error log follows
Parameter values: JER_ele=-4.91104, JER_muon=-6.97327, JES_ele=-6.29347, JES_muon=-5.67465, QCD_stat_ele=-3.78029, QCD_stat_muon=-3.42461, VBS_stat_ele=-6.37015, VBS_stat_muon=-6.21854, ele_efficiency=-1.65174, ele_trigger=-5.50884, fakephoton_ele=6.89, fakephoton_muon=-3.24433, interference=-6.38145, lumi=-6.887, mu_efficiency=-3.06672, mu_trigger=-6.79543, non_prompt_stat_ele=3.53226, non_prompt_stat_muon=-6.53463, others_stat_ele=-6.99984, others_stat_muon=-6.62514, others_xs=-6.97968, param=0.00538316, pdf_ele=-6.98976, pdf_muon=0.265107, photon_id=-0.504501, pileup=-0.948517, scale_ele=0.656296, scale_muon=2.61165
RooProdPdf::model_s[ modelObs_s * nuisancePdf ]
     getLogVal() top-level p.d.f evaluates to zero @ !pdfs=(modelObs_s = 0/1,nuisancePdf = 1)

[#0] WARNING:Minization -- RooMinimizerFcn: Minimized function has error status.
Returning maximum FCN so far (964.97) to force MIGRAD to back out of this region. Error log follows
Parameter values: JER_ele=0.755052, JER_muon=2.15815, JES_ele=1.81778, JES_muon=3.83052, QCD_stat_ele=3.92082, QCD_stat_muon=6.85812, VBS_stat_ele=-0.684442, VBS_stat_muon=-2.6524, ele_efficiency=0.553728, ele_trigger=0.771102, fakephoton_ele=6.59674, fakephoton_muon=0.847344, interference=0.132615, lumi=2.19678, mu_efficiency=0.433092, mu_trigger=2.42074, non_prompt_stat_ele=6.99953, non_prompt_stat_muon=3.17767, others_stat_ele=2.84732, others_stat_muon=4.45557, others_xs=3.84915, param=0.00907487, pdf_ele=2.07632, pdf_muon=4.37031, photon_id=0.965674, pileup=-0.146045, scale_ele=5.31623, scale_muon=6.7216
RooProdPdf::model_s[ modelObs_s * nuisancePdf ]
     getLogVal() top-level p.d.f evaluates to zero @ !pdfs=(modelObs_s = 0/1,nuisancePdf = 1)

[#0] WARNING:Minization -- RooMinimizerFcn: Minimized function has error status.
Returning maximum FCN so far (964.97) to force MIGRAD to back out of this region. Error log follows
Parameter values: JER_ele=0.562377, JER_muon=1.77929, JES_ele=0.801408, JES_muon=0.900882, QCD_stat_ele=1.58474, QCD_stat_muon=3.41613, VBS_stat_ele=1.5669, VBS_stat_muon=-1.62769, ele_efficiency=0.638464, ele_trigger=-0.273298, fakephoton_ele=4.74332, fakephoton_muon=-0.910273, interference=-0.0672355, lumi=2.36016, mu_efficiency=-0.356352, mu_trigger=0.18015, non_prompt_stat_ele=5.95311, non_prompt_stat_muon=0.282448, others_stat_ele=1.55648, others_stat_muon=1.33202, others_xs=1.80978, param=0.0191366, pdf_ele=1.3903, pdf_muon=2.20661, photon_id=-2.48376, pileup=-0.645484, scale_ele=3.23696, scale_muon=0.660404
RooProdPdf::model_s[ modelObs_s * nuisancePdf ]
     getLogVal() top-level p.d.f evaluates to zero @ !pdfs=(modelObs_s = 0/1,nuisancePdf = 1)

[#0] WARNING:Minization -- RooMinimizerFcn: Minimized function has error status.
Returning maximum FCN so far (42.3052) to force MIGRAD to back out of this region. Error log follows
Parameter values: JER_ele=-6.99214, JER_muon=-6.74557, JES_ele=2.78756, JES_muon=-6.53171, QCD_stat_ele=4.00059, QCD_stat_muon=-4.31898, VBS_stat_ele=-3.34762, VBS_stat_muon=1.8107, ele_efficiency=0.680353, ele_trigger=6.47072, fakephoton_ele=5.95804, fakephoton_muon=6.02666, interference=-0.354348, lumi=3.21071, mu_efficiency=4.63831, mu_trigger=6.25295, non_prompt_stat_ele=4.77751, non_prompt_stat_muon=6.85213, others_stat_ele=2.56603, others_stat_muon=6.78891, others_xs=1.22384, param=0.970496, pdf_ele=-1.93092, pdf_muon=-6.88557, photon_id=-6.99776, pileup=-6.99245, scale_ele=-4.58752, scale_muon=5.00354
RooProdPdf::model_s[ modelObs_s * nuisancePdf ]
     getLogVal() top-level p.d.f evaluates to zero @ !pdfs=(modelObs_s = 0/1,nuisancePdf = 1)

[#0] WARNING:Minization -- RooMinimizerFcn: Minimized function has error status.
Returning maximum FCN so far (751.593) to force MIGRAD to back out of this region. Error log follows
Parameter values: JER_ele=2.84919, JER_muon=4.32907, JES_ele=2.70407, JES_muon=5.14446, QCD_stat_ele=6.47841, QCD_stat_muon=6.97812, VBS_stat_ele=6.79991, VBS_stat_muon=6.99999, ele_efficiency=0.223435, ele_trigger=2.30684, fakephoton_ele=4.0966, fakephoton_muon=1.96548, interference=4.6529, lumi=4.70909, mu_efficiency=1.31901, mu_trigger=3.47676, non_prompt_stat_ele=4.83828, non_prompt_stat_muon=4.73869, others_stat_ele=2.32088, others_stat_muon=4.8584, others_xs=3.9341, param=0.0901596, pdf_ele=4.6534, pdf_muon=6.77755, photon_id=6.842, pileup=0.831388, scale_ele=5.57209, scale_muon=2.37892
RooProdPdf::model_s[ modelObs_s * nuisancePdf ]
     getLogVal() top-level p.d.f evaluates to zero @ !pdfs=(modelObs_s = 0/1,nuisancePdf = 1)

[#0] WARNING:Minization -- RooMinimizerFcn: Minimized function has error status.
Returning maximum FCN so far (941.46) to force MIGRAD to back out of this region. Error log follows
Parameter values: JER_ele=3.08701, JER_muon=3.7047, JES_ele=5.37871, JES_muon=-3.49214, QCD_stat_ele=6.98389, QCD_stat_muon=-6.99301, VBS_stat_ele=6.94464, VBS_stat_muon=-5.23411, ele_efficiency=2.53956, ele_trigger=5.35146, fakephoton_ele=6.91443, fakephoton_muon=4.04762, interference=5.85938, lumi=5.33028, mu_efficiency=1.78924, mu_trigger=6.56118, non_prompt_stat_ele=4.92784, non_prompt_stat_muon=6.95766, others_stat_ele=6.84115, others_stat_muon=1.435, others_xs=6.20911, param=0.323184, pdf_ele=6.68786, pdf_muon=-6.2397, photon_id=-4.55932, pileup=-0.151567, scale_ele=1.33311, scale_muon=-0.913961
RooProdPdf::model_s[ modelObs_s * nuisancePdf ]
     getLogVal() top-level p.d.f evaluates to zero @ !pdfs=(modelObs_s = 0/1,nuisancePdf = 1)

[#0] WARNING:Minization -- RooMinimizerFcn: Minimized function has error status.
Returning maximum FCN so far (941.46) to force MIGRAD to back out of this region. Error log follows
Parameter values: JER_ele=2.92512, JER_muon=4.69341, JES_ele=5.22752, JES_muon=-3.60785, QCD_stat_ele=6.98062, QCD_stat_muon=-6.21218, VBS_stat_ele=6.48657, VBS_stat_muon=-0.959433, ele_efficiency=1.99567, ele_trigger=4.85316, fakephoton_ele=6.96919, fakephoton_muon=4.8487, interference=6.58582, lumi=6.06751, mu_efficiency=2.60202, mu_trigger=6.45274, non_prompt_stat_ele=6.43295, non_prompt_stat_muon=6.77069, others_stat_ele=6.65236, others_stat_muon=-1.50909, others_xs=5.44435, param=0.020827, pdf_ele=6.38301, pdf_muon=-5.6414, photon_id=-5.57668, pileup=0.336036, scale_ele=2.65317, scale_muon=-1.75079
RooProdPdf::model_s[ modelObs_s * nuisancePdf ]
     getLogVal() top-level p.d.f evaluates to zero @ !pdfs=(modelObs_s = 0/1,nuisancePdf = 1)

[#0] WARNING:Minization -- RooMinimizerFcn: Minimized function has error status.
Returning maximum FCN so far (1017.28) to force MIGRAD to back out of this region. Error log follows
Parameter values: JER_ele=1.32428, JER_muon=5.26034, JES_ele=5.21601, JES_muon=4.4697, QCD_stat_ele=6.88769, QCD_stat_muon=-2.1556, VBS_stat_ele=-5.19208, VBS_stat_muon=-5.76896, ele_efficiency=1.85074, ele_trigger=4.25258, fakephoton_ele=6.90683, fakephoton_muon=4.08138, interference=4.24211, lumi=6.1536, mu_efficiency=0.089531, mu_trigger=3.91046, non_prompt_stat_ele=6.68142, non_prompt_stat_muon=6.95822, others_stat_ele=6.86549, others_stat_muon=3.42947, others_xs=6.55215, param=0.101454, pdf_ele=5.03958, pdf_muon=6.54051, photon_id=0.593594, pileup=-0.270946, scale_ele=1.10673, scale_muon=-3.26712
RooProdPdf::model_s[ modelObs_s * nuisancePdf ]
     getLogVal() top-level p.d.f evaluates to zero @ !pdfs=(modelObs_s = 0/1,nuisancePdf = 1)

[#0] WARNING:Minization -- RooMinimizerFcn: Minimized function has error status.
Returning maximum FCN so far (1017.28) to force MIGRAD to back out of this region. Error log follows
Parameter values: JER_ele=-2.24497, JER_muon=-2.44667, JES_ele=1.75491, JES_muon=6.9869, QCD_stat_ele=5.45013, QCD_stat_muon=-0.447822, VBS_stat_ele=0.543922, VBS_stat_muon=6.99995, ele_efficiency=0.892121, ele_trigger=0.653328, fakephoton_ele=3.49103, fakephoton_muon=4.54847, interference=-2.81831, lumi=0.676913, mu_efficiency=-1.85139, mu_trigger=-4.03905, non_prompt_stat_ele=4.66928, non_prompt_stat_muon=6.95072, others_stat_ele=4.63508, others_stat_muon=2.04483, others_xs=6.85829, param=0.000219751, pdf_ele=-1.80424, pdf_muon=-6.96587, photon_id=3.26548, pileup=-0.848136, scale_ele=6.87858, scale_muon=3.96632
RooProdPdf::model_s[ modelObs_s * nuisancePdf ]
     getLogVal() top-level p.d.f evaluates to zero @ !pdfs=(modelObs_s = 0/1,nuisancePdf = 1)

[#0] WARNING:Minization -- RooMinimizerFcn: Minimized function has error status.
Returning maximum FCN so far (316.306) to force MIGRAD to back out of this region. Error log follows
Parameter values: JER_ele=0.66418, JER_muon=-0.570531, JES_ele=0.275863, JES_muon=-0.766511, QCD_stat_ele=-0.310109, QCD_stat_muon=1.07585, VBS_stat_ele=-1.23758, VBS_stat_muon=-0.895067, ele_efficiency=-0.73158, ele_trigger=0.331625, fakephoton_ele=2.6136, fakephoton_muon=1.41053, interference=0.0531613, lumi=0.244994, mu_efficiency=1.91729, mu_trigger=0.784682, non_prompt_stat_ele=6.96931, non_prompt_stat_muon=0.088006, others_stat_ele=-1.02708, others_stat_muon=1.4761, others_xs=1.86398, param=0.750785, pdf_ele=0.122086, pdf_muon=-0.865694, photon_id=-0.0994628, pileup=-0.354133, scale_ele=-1.95038, scale_muon=0.389112
RooProdPdf::model_s[ modelObs_s * nuisancePdf ]
     getLogVal() top-level p.d.f evaluates to zero @ !pdfs=(modelObs_s = 0/1,nuisancePdf = 1)


 -- Hybrid New -- 
CLs = 0 +/- 0
Done in 19.67 min (cpu), 19.91 min (real)
