 <<< Combine >>> 
>>> including systematics
>>> using the Profile Likelihood test statistics modified for upper limits (Q_LHC)
>>> method used is HybridNew
>>> Used OpenSSL to get a really random seed 1334129711
Computing results starting from observation (a-posteriori)
[#0] WARNING:Minization -- RooMinimizerFcn: Minimized function has error status.
Returning maximum FCN so far (634.033) to force MIGRAD to back out of this region. Error log follows
Parameter values: JER_ele=3.64937, JER_muon=2.37786, JES_ele=3.16417, JES_muon=4.91727, QCD_stat_ele=3.29184, QCD_stat_muon=6.79614, VBS_stat_ele=2.04117, VBS_stat_muon=5.25676, ele_efficiency=-2.44447, ele_trigger=0.423648, fakephoton_ele=3.45334, fakephoton_muon=3.22311, interference=1.80648, lumi=0.341196, mu_efficiency=-0.111656, mu_trigger=6.98805, non_prompt_stat_ele=-1.73053, non_prompt_stat_muon=5.66553, others_stat_ele=4.69248, others_stat_muon=2.31907, others_xs=6.0922, param=0.0145639, pdf_ele=1.86743, pdf_muon=5.26296, photon_id=4.97752, pileup=1.62967, scale_ele=4.90858, scale_muon=6.8963
RooProdPdf::model_s[ modelObs_s * nuisancePdf ]
     getLogVal() top-level p.d.f evaluates to zero @ !pdfs=(modelObs_s = 0/1,nuisancePdf = 1)

[#0] WARNING:Minization -- RooMinimizerFcn: Minimized function has error status.
Returning maximum FCN so far (904.18) to force MIGRAD to back out of this region. Error log follows
Parameter values: JER_ele=2.43255, JER_muon=-6.97978, JES_ele=2.16925, JES_muon=-4.46906, QCD_stat_ele=6.72934, QCD_stat_muon=-6.07315, VBS_stat_ele=4.37842, VBS_stat_muon=-6.99996, ele_efficiency=0.169826, ele_trigger=1.80789, fakephoton_ele=6.32424, fakephoton_muon=-4.66182, interference=-5.61062, lumi=-3.6874, mu_efficiency=-0.727774, mu_trigger=-6.93649, non_prompt_stat_ele=5.51363, non_prompt_stat_muon=-6.88448, others_stat_ele=4.18022, others_stat_muon=-6.85908, others_xs=-6.22774, param=0.0174331, pdf_ele=4.58426, pdf_muon=0.0213308, photon_id=-5.37516, pileup=1.42782, scale_ele=6.95997, scale_muon=-6.73803
RooProdPdf::model_s[ modelObs_s * nuisancePdf ]
     getLogVal() top-level p.d.f evaluates to zero @ !pdfs=(modelObs_s = 0/1,nuisancePdf = 1)

[#0] WARNING:Minization -- RooMinimizerFcn: Minimized function has error status.
Returning maximum FCN so far (904.18) to force MIGRAD to back out of this region. Error log follows
Parameter values: JER_ele=-1.37724, JER_muon=4.73338, JES_ele=-2.91749, JES_muon=5.65184, QCD_stat_ele=-5.91886, QCD_stat_muon=1.45855, VBS_stat_ele=-1.4038, VBS_stat_muon=6.7675, ele_efficiency=-0.73412, ele_trigger=-2.30309, fakephoton_ele=-3.41164, fakephoton_muon=4.57196, interference=4.63567, lumi=4.38131, mu_efficiency=4.0242, mu_trigger=6.78578, non_prompt_stat_ele=-5.53317, non_prompt_stat_muon=6.87059, others_stat_ele=-1.94374, others_stat_muon=6.99998, others_xs=4.01994, param=0.011868, pdf_ele=-3.44869, pdf_muon=1.59867, photon_id=5.31715, pileup=1.48891, scale_ele=-5.92774, scale_muon=3.04403
RooProdPdf::model_s[ modelObs_s * nuisancePdf ]
     getLogVal() top-level p.d.f evaluates to zero @ !pdfs=(modelObs_s = 0/1,nuisancePdf = 1)

[#0] WARNING:Minization -- RooMinimizerFcn: Minimized function has error status.
Returning maximum FCN so far (904.18) to force MIGRAD to back out of this region. Error log follows
Parameter values: JER_ele=-6.988, JER_muon=-6.9894, JES_ele=-2.83369, JES_muon=1.157, QCD_stat_ele=-5.2965, QCD_stat_muon=-5.62256, VBS_stat_ele=-4.62201, VBS_stat_muon=0.919766, ele_efficiency=-3.6922, ele_trigger=-5.89281, fakephoton_ele=6.99888, fakephoton_muon=6.33511, interference=0.996489, lumi=0.693839, mu_efficiency=-1.7612, mu_trigger=3.65782, non_prompt_stat_ele=4.44501, non_prompt_stat_muon=6.39293, others_stat_ele=-6.52565, others_stat_muon=6.94412, others_xs=-4.10201, param=0.0285458, pdf_ele=4.62056, pdf_muon=-6.21899, photon_id=-5.90344, pileup=-4.05992, scale_ele=-6.31282, scale_muon=-5.21847
RooProdPdf::model_s[ modelObs_s * nuisancePdf ]
     getLogVal() top-level p.d.f evaluates to zero @ !pdfs=(modelObs_s = 0/1,nuisancePdf = 1)

[#0] WARNING:Minization -- RooMinimizerFcn: Minimized function has error status.
Returning maximum FCN so far (904.18) to force MIGRAD to back out of this region. Error log follows
Parameter values: JER_ele=-6.92407, JER_muon=-3.77459, JES_ele=-4.78617, JES_muon=-6.29082, QCD_stat_ele=-6.48344, QCD_stat_muon=-5.77543, VBS_stat_ele=-6.03086, VBS_stat_muon=-6.50061, ele_efficiency=-3.28517, ele_trigger=-6.67539, fakephoton_ele=5.6494, fakephoton_muon=3.4852, interference=5.82874, lumi=5.69886, mu_efficiency=-4.35337, mu_trigger=5.55249, non_prompt_stat_ele=6.85564, non_prompt_stat_muon=-2.06376, others_stat_ele=-6.90408, others_stat_muon=1.06946, others_xs=2.13701, param=0.0262689, pdf_ele=1.64687, pdf_muon=5.18491, photon_id=4.80417, pileup=-3.48673, scale_ele=-5.77885, scale_muon=-5.92775
RooProdPdf::model_s[ modelObs_s * nuisancePdf ]
     getLogVal() top-level p.d.f evaluates to zero @ !pdfs=(modelObs_s = 0/1,nuisancePdf = 1)

[#0] WARNING:Minization -- RooMinimizerFcn: Minimized function has error status.
Returning maximum FCN so far (904.18) to force MIGRAD to back out of this region. Error log follows
Parameter values: JER_ele=-6.61395, JER_muon=2.32316, JES_ele=-6.09446, JES_muon=4.85314, QCD_stat_ele=-1.31839, QCD_stat_muon=-6.65217, VBS_stat_ele=-6.78946, VBS_stat_muon=-5.08961, ele_efficiency=-2.90458, ele_trigger=-6.98438, fakephoton_ele=2.61532, fakephoton_muon=-0.0225898, interference=6.9337, lumi=6.95126, mu_efficiency=-5.99898, mu_trigger=-3.50247, non_prompt_stat_ele=6.41578, non_prompt_stat_muon=-6.99779, others_stat_ele=-6.99879, others_stat_muon=-6.45536, others_xs=6.29882, param=0.0243956, pdf_ele=-1.38675, pdf_muon=-1.17788, photon_id=-0.83734, pileup=-2.96384, scale_ele=-0.181677, scale_muon=-1.87671
RooProdPdf::model_s[ modelObs_s * nuisancePdf ]
     getLogVal() top-level p.d.f evaluates to zero @ !pdfs=(modelObs_s = 0/1,nuisancePdf = 1)

[#0] WARNING:Minization -- RooMinimizerFcn: Minimized function has error status.
Returning maximum FCN so far (904.18) to force MIGRAD to back out of this region. Error log follows
Parameter values: JER_ele=4.45716, JER_muon=0.813929, JES_ele=6.08864, JES_muon=3.47965, QCD_stat_ele=-4.44981, QCD_stat_muon=5.28852, VBS_stat_ele=6.38435, VBS_stat_muon=-5.86849, ele_efficiency=1.38615, ele_trigger=5.18311, fakephoton_ele=5.47297, fakephoton_muon=6.23642, interference=3.59727, lumi=2.69553, mu_efficiency=6.92815, mu_trigger=-5.71518, non_prompt_stat_ele=6.1495, non_prompt_stat_muon=-6.73221, others_stat_ele=2.40291, others_stat_muon=-6.91933, others_xs=1.85753, param=0.00940634, pdf_ele=6.99981, pdf_muon=3.31999, photon_id=0.661358, pileup=2.72873, scale_ele=-2.22529, scale_muon=6.97935
RooProdPdf::model_s[ modelObs_s * nuisancePdf ]
     getLogVal() top-level p.d.f evaluates to zero @ !pdfs=(modelObs_s = 0/1,nuisancePdf = 1)

[#0] WARNING:Minization -- RooMinimizerFcn: Minimized function has error status.
Returning maximum FCN so far (904.18) to force MIGRAD to back out of this region. Error log follows
Parameter values: JER_ele=3.8982, JER_muon=3.83261, JES_ele=5.45055, JES_muon=-2.97977, QCD_stat_ele=-1.08973, QCD_stat_muon=-6.67043, VBS_stat_ele=5.87131, VBS_stat_muon=-2.81995, ele_efficiency=1.16301, ele_trigger=4.54151, fakephoton_ele=6.51363, fakephoton_muon=6.85468, interference=5.52679, lumi=4.89385, mu_efficiency=6.63122, mu_trigger=-6.95078, non_prompt_stat_ele=6.90049, non_prompt_stat_muon=-4.28021, others_stat_ele=1.74582, others_stat_muon=-6.058, others_xs=4.41981, param=0.0100207, pdf_ele=6.82143, pdf_muon=6.87927, photon_id=6.87395, pileup=2.44758, scale_ele=1.26494, scale_muon=-6.47011
RooProdPdf::model_s[ modelObs_s * nuisancePdf ]
     getLogVal() top-level p.d.f evaluates to zero @ !pdfs=(modelObs_s = 0/1,nuisancePdf = 1)

[#0] WARNING:Minization -- RooMinimizerFcn: Minimized function has error status.
Returning maximum FCN so far (904.18) to force MIGRAD to back out of this region. Error log follows
Parameter values: JER_ele=3.38491, JER_muon=5.80597, JES_ele=4.78454, JES_muon=-6.67858, QCD_stat_ele=2.08859, QCD_stat_muon=6.21715, VBS_stat_ele=5.31784, VBS_stat_muon=0.591789, ele_efficiency=0.969594, ele_trigger=3.92837, fakephoton_ele=6.95149, fakephoton_muon=6.99761, interference=6.59526, lumi=6.24029, mu_efficiency=6.19806, mu_trigger=-5.11674, non_prompt_stat_ele=6.95365, non_prompt_stat_muon=-0.772612, others_stat_ele=1.16543, others_stat_muon=-3.1269, others_xs=6.03925, param=0.0105643, pdf_ele=6.36902, pdf_muon=2.05004, photon_id=4.25223, pileup=2.20168, scale_ele=4.05229, scale_muon=3.18586
RooProdPdf::model_s[ modelObs_s * nuisancePdf ]
     getLogVal() top-level p.d.f evaluates to zero @ !pdfs=(modelObs_s = 0/1,nuisancePdf = 1)

[#0] WARNING:Minization -- RooMinimizerFcn: Minimized function has error status.
Returning maximum FCN so far (904.18) to force MIGRAD to back out of this region. Error log follows
Parameter values: JER_ele=2.92233, JER_muon=6.78359, JES_ele=4.1349, JES_muon=-6.42531, QCD_stat_ele=4.50338, QCD_stat_muon=0.131625, VBS_stat_ele=4.76598, VBS_stat_muon=3.44596, ele_efficiency=0.802278, ele_trigger=3.36142, fakephoton_ele=6.96228, fakephoton_muon=6.82438, interference=6.98433, lumi=6.87531, mu_efficiency=5.70171, mu_trigger=-1.90072, non_prompt_stat_ele=6.55155, non_prompt_stat_muon=2.47142, others_stat_ele=0.658327, others_stat_muon=0.273337, others_xs=6.82775, param=0.0110433, pdf_ele=5.77136, pdf_muon=-4.17815, photon_id=-2.07956, pileup=1.98738, scale_ele=5.86322, scale_muon=3.78744
RooProdPdf::model_s[ modelObs_s * nuisancePdf ]
     getLogVal() top-level p.d.f evaluates to zero @ !pdfs=(modelObs_s = 0/1,nuisancePdf = 1)

[#0] WARNING:Minization -- RooMinimizerFcn: Minimized function has error status.
Returning maximum FCN so far (904.18) to force MIGRAD to back out of this region. Error log follows
Parameter values: JER_ele=2.51081, JER_muon=6.99243, JES_ele=3.52657, JES_muon=-3.65422, QCD_stat_ele=6.03668, QCD_stat_muon=-6.91219, VBS_stat_ele=4.24065, VBS_stat_muon=5.41813, ele_efficiency=0.657733, ele_trigger=2.84842, fakephoton_ele=6.69792, fakephoton_muon=6.46011, interference=6.89932, lumi=6.9901, mu_efficiency=5.18996, mu_trigger=1.35129, non_prompt_stat_ele=5.89036, non_prompt_stat_muon=4.85751, others_stat_ele=0.21847, others_stat_muon=3.18013, others_xs=6.99357, param=0.0114637, pdf_ele=5.11633, pdf_muon=-6.94607, photon_id=-6.31245, pileup=1.80112, scale_ele=6.77476, scale_muon=-6.60898
RooProdPdf::model_s[ modelObs_s * nuisancePdf ]
     getLogVal() top-level p.d.f evaluates to zero @ !pdfs=(modelObs_s = 0/1,nuisancePdf = 1)

[#0] WARNING:Minization -- RooMinimizerFcn: Minimized function has error status.
Returning maximum FCN so far (904.18) to force MIGRAD to back out of this region. Error log follows
Parameter values: JER_ele=2.148, JER_muon=6.68459, JES_ele=2.97169, JES_muon=-0.145146, QCD_stat_ele=6.80439, QCD_stat_muon=0.654413, VBS_stat_ele=3.75512, VBS_stat_muon=6.53506, ele_efficiency=0.532972, ele_trigger=2.39104, fakephoton_ele=6.27423, fakephoton_muon=5.99499, interference=6.51684, lumi=6.76137, mu_efficiency=4.69222, mu_trigger=3.94365, non_prompt_stat_ele=5.11004, non_prompt_stat_muon=6.29074, others_stat_ele=-0.161239, others_stat_muon=5.23198, others_xs=6.74402, param=0.0118318, pdf_ele=4.45969, pdf_muon=-5.88985, photon_id=-6.76228, pileup=1.63958, scale_ele=6.99792, scale_muon=-2.40254
RooProdPdf::model_s[ modelObs_s * nuisancePdf ]
     getLogVal() top-level p.d.f evaluates to zero @ !pdfs=(modelObs_s = 0/1,nuisancePdf = 1)

[#0] WARNING:Minization -- RooMinimizerFcn: Minimized function has error status.
Returning maximum FCN so far (904.18) to force MIGRAD to back out of this region. Error log follows
Parameter values: JER_ele=1.83021, JER_muon=6.07182, JES_ele=2.47441, JES_muon=2.94677, QCD_stat_ele=6.99908, QCD_stat_muon=6.88689, VBS_stat_ele=3.3152, VBS_stat_muon=6.97063, ele_efficiency=0.425355, ele_trigger=1.98741, fakephoton_ele=5.77278, fakephoton_muon=5.48997, interference=5.96998, lumi=6.32847, mu_efficiency=4.22527, mu_trigger=5.68026, non_prompt_stat_ele=4.30182, non_prompt_stat_muon=6.91852, others_stat_ele=-0.488009, others_stat_muon=6.43186, others_xs=6.24722, param=0.0121531, pdf_ele=3.83423, pdf_muon=-2.73298, photon_id=-4.50581, pileup=1.49966, scale_ele=6.75652, scale_muon=5.8531
RooProdPdf::model_s[ modelObs_s * nuisancePdf ]
     getLogVal() top-level p.d.f evaluates to zero @ !pdfs=(modelObs_s = 0/1,nuisancePdf = 1)

[#0] WARNING:Minization -- RooMinimizerFcn: Minimized function has error status.
Returning maximum FCN so far (904.18) to force MIGRAD to back out of this region. Error log follows
Parameter values: JER_ele=1.55314, JER_muon=5.30891, JES_ele=2.03413, JES_muon=5.14973, QCD_stat_ele=6.80876, QCD_stat_muon=4.1434, VBS_stat_ele=2.92205, VBS_stat_muon=6.92639, ele_efficiency=0.332569, ele_trigger=1.63378, fakephoton_ele=5.24752, fakephoton_muon=4.98397, interference=5.35085, lumi=5.79139, mu_efficiency=3.79749, mu_trigger=6.63532, non_prompt_stat_ele=3.52046, non_prompt_stat_muon=6.96009, others_stat_ele=-0.768672, others_stat_muon=6.94165, others_xs=5.62503, param=0.0124331, pdf_ele=3.25725, pdf_muon=0.801185, photon_id=-1.21002, pileup=1.37864, scale_ele=6.23658, scale_muon=5.87728
RooProdPdf::model_s[ modelObs_s * nuisancePdf ]
     getLogVal() top-level p.d.f evaluates to zero @ !pdfs=(modelObs_s = 0/1,nuisancePdf = 1)

[#0] WARNING:Minization -- RooMinimizerFcn: Minimized function has error status.
Returning maximum FCN so far (904.18) to force MIGRAD to back out of this region. Error log follows
Parameter values: JER_ele=1.31237, JER_muon=4.49883, JES_ele=1.64758, JES_muon=6.43005, QCD_stat_ele=6.38545, QCD_stat_muon=-2.26225, VBS_stat_ele=2.57409, VBS_stat_muon=6.57772, ele_efficiency=0.252591, ele_trigger=1.32554, fakephoton_ele=4.73207, fakephoton_muon=4.50025, interference=4.71889, lumi=5.21709, mu_efficiency=3.41197, mu_trigger=6.98483, non_prompt_stat_ele=2.79559, non_prompt_stat_muon=6.62132, others_stat_ele=-1.00946, others_stat_muon=6.9585, others_xs=4.95905, param=0.0126767, pdf_ele=2.73614, pdf_muon=3.71249, photon_id=1.92778, pileup=1.27403, scale_ele=5.57435, scale_muon=0.0127895
RooProdPdf::model_s[ modelObs_s * nuisancePdf ]
     getLogVal() top-level p.d.f evaluates to zero @ !pdfs=(modelObs_s = 0/1,nuisancePdf = 1)

[#0] WARNING:Minization -- RooMinimizerFcn: Minimized function has error status.
Returning maximum FCN so far (578.532) to force MIGRAD to back out of this region. Error log follows
Parameter values: JER_ele=4.70353, JER_muon=5.09213, JES_ele=2.85753, JES_muon=0.685975, QCD_stat_ele=1.72115, QCD_stat_muon=-2.28383, VBS_stat_ele=4.49678, VBS_stat_muon=-1.55286, ele_efficiency=-1.32476, ele_trigger=-3.54414, fakephoton_ele=3.16938, fakephoton_muon=4.28903, interference=6.41881, lumi=-6.0867, mu_efficiency=2.23975, mu_trigger=2.71824, non_prompt_stat_ele=6.99944, non_prompt_stat_muon=-4.91106, others_stat_ele=6.67508, others_stat_muon=6.55409, others_xs=-6.50036, param=0.175204, pdf_ele=6.89815, pdf_muon=5.1535, photon_id=-3.55225, pileup=-6.99672, scale_ele=-5.48039, scale_muon=-2.7363
RooProdPdf::model_s[ modelObs_s * nuisancePdf ]
     getLogVal() top-level p.d.f evaluates to zero @ !pdfs=(modelObs_s = 0/1,nuisancePdf = 1)


 -- Hybrid New -- 
CLs = 0.532828 +/- 0.0370702
Done in 13.64 min (cpu), 13.66 min (real)
