 <<< Combine >>> 
>>> including systematics
>>> using the Profile Likelihood test statistics modified for upper limits (Q_LHC)
>>> method used is HybridNew
>>> Used OpenSSL to get a really random seed -301277802
Computing results starting from observation (a-posteriori)
[#0] WARNING:Minization -- RooMinimizerFcn: Minimized function has error status.
Returning maximum FCN so far (956.822) to force MIGRAD to back out of this region. Error log follows
Parameter values: JER_ele=-6.93862, JER_muon=6.96748, JES_ele=0.300891, JES_muon=-2.05355, QCD_stat_ele=-1.14376, QCD_stat_muon=-5.65777, VBS_stat_ele=6.51099, VBS_stat_muon=3.7724, ele_efficiency=6.64348, ele_trigger=-2.36127, fakephoton_ele=6.88866, fakephoton_muon=-3.98412, interference=2.04294, lumi=-5.21707, mu_efficiency=-0.961015, mu_trigger=-1.09935, non_prompt_stat_ele=6.34093, non_prompt_stat_muon=-0.380847, others_stat_ele=6.94211, others_stat_muon=-2.65828, others_xs=6.10097, param=0.00922539, pdf_ele=3.63994, pdf_muon=5.9346, photon_id=-2.28638, pileup=6.96427, scale_ele=-6.91161, scale_muon=6.9058
RooProdPdf::model_s[ modelObs_s * nuisancePdf ]
     getLogVal() top-level p.d.f evaluates to zero @ !pdfs=(modelObs_s = 0/1,nuisancePdf = 1)

[#0] WARNING:Minization -- RooMinimizerFcn: Minimized function has error status.
Returning maximum FCN so far (956.822) to force MIGRAD to back out of this region. Error log follows
Parameter values: JER_ele=0.490704, JER_muon=1.22541, JES_ele=2.15057, JES_muon=-0.173547, QCD_stat_ele=-1.78718, QCD_stat_muon=1.72266, VBS_stat_ele=0.707334, VBS_stat_muon=0.257206, ele_efficiency=3.61588, ele_trigger=3.76273, fakephoton_ele=6.90307, fakephoton_muon=-1.45306, interference=-2.03048, lumi=1.89137, mu_efficiency=3.26129, mu_trigger=0.275952, non_prompt_stat_ele=4.85613, non_prompt_stat_muon=-0.231861, others_stat_ele=-1.07577, others_stat_muon=1.2383, others_xs=1.27575, param=0.0122943, pdf_ele=2.58679, pdf_muon=-1.20611, photon_id=1.48082, pileup=-2.34083, scale_ele=-6.22546, scale_muon=3.1137
RooProdPdf::model_s[ modelObs_s * nuisancePdf ]
     getLogVal() top-level p.d.f evaluates to zero @ !pdfs=(modelObs_s = 0/1,nuisancePdf = 1)

[#0] WARNING:Minization -- RooMinimizerFcn: Minimized function has error status.
Returning maximum FCN so far (956.822) to force MIGRAD to back out of this region. Error log follows
Parameter values: JER_ele=0.751974, JER_muon=1.13143, JES_ele=2.22245, JES_muon=-0.38415, QCD_stat_ele=-1.88161, QCD_stat_muon=1.26304, VBS_stat_ele=0.881079, VBS_stat_muon=0.137174, ele_efficiency=3.91814, ele_trigger=3.65075, fakephoton_ele=6.09212, fakephoton_muon=-1.49844, interference=-2.42154, lumi=1.7281, mu_efficiency=3.6799, mu_trigger=0.102097, non_prompt_stat_ele=6.91223, non_prompt_stat_muon=-0.135061, others_stat_ele=4.57532, others_stat_muon=1.4291, others_xs=2.40447, param=0.0122554, pdf_ele=2.05705, pdf_muon=-1.76721, photon_id=0.721731, pileup=-2.58125, scale_ele=-6.99024, scale_muon=2.64624
RooProdPdf::model_s[ modelObs_s * nuisancePdf ]
     getLogVal() top-level p.d.f evaluates to zero @ !pdfs=(modelObs_s = 0/1,nuisancePdf = 1)

[#0] WARNING:Minization -- RooMinimizerFcn: Minimized function has error status.
Returning maximum FCN so far (1049.45) to force MIGRAD to back out of this region. Error log follows
Parameter values: JER_ele=-0.134123, JER_muon=5.49851, JES_ele=0.154316, JES_muon=6.96353, QCD_stat_ele=6.66754, QCD_stat_muon=5.07942, VBS_stat_ele=2.57282, VBS_stat_muon=6.73375, ele_efficiency=-0.026309, ele_trigger=0.528545, fakephoton_ele=3.07252, fakephoton_muon=4.33113, interference=4.35448, lumi=3.88426, mu_efficiency=3.12143, mu_trigger=6.35256, non_prompt_stat_ele=6.35071, non_prompt_stat_muon=6.39135, others_stat_ele=4.215, others_stat_muon=5.79427, others_xs=5.77111, param=0.127201, pdf_ele=2.15753, pdf_muon=6.84687, photon_id=6.55865, pileup=0.48105, scale_ele=4.85287, scale_muon=-4.39008
RooProdPdf::model_s[ modelObs_s * nuisancePdf ]
     getLogVal() top-level p.d.f evaluates to zero @ !pdfs=(modelObs_s = 0/1,nuisancePdf = 1)

[#0] WARNING:Minization -- RooMinimizerFcn: Minimized function has error status.
Returning maximum FCN so far (1049.45) to force MIGRAD to back out of this region. Error log follows
Parameter values: JER_ele=0.234887, JER_muon=5.46585, JES_ele=0.380242, JES_muon=6.95113, QCD_stat_ele=6.99986, QCD_stat_muon=5.204, VBS_stat_ele=3.26818, VBS_stat_muon=6.70915, ele_efficiency=0.0468201, ele_trigger=0.790548, fakephoton_ele=1.20175, fakephoton_muon=4.29493, interference=4.34828, lumi=3.96261, mu_efficiency=3.10321, mu_trigger=6.31696, non_prompt_stat_ele=4.08983, non_prompt_stat_muon=6.34353, others_stat_ele=4.64399, others_stat_muon=5.74053, others_xs=5.80722, param=0.127175, pdf_ele=2.65404, pdf_muon=6.87707, photon_id=6.44426, pileup=0.491578, scale_ele=5.29667, scale_muon=-4.11515
RooProdPdf::model_s[ modelObs_s * nuisancePdf ]
     getLogVal() top-level p.d.f evaluates to zero @ !pdfs=(modelObs_s = 0/1,nuisancePdf = 1)

[#0] WARNING:Minization -- RooMinimizerFcn: Minimized function has error status.
Returning maximum FCN so far (1049.45) to force MIGRAD to back out of this region. Error log follows
Parameter values: JER_ele=-0.329829, JER_muon=5.46014, JES_ele=0.00785771, JES_muon=6.95068, QCD_stat_ele=6.24649, QCD_stat_muon=5.23872, VBS_stat_ele=2.21005, VBS_stat_muon=6.70538, ele_efficiency=-0.0689885, ele_trigger=0.372891, fakephoton_ele=3.76325, fakephoton_muon=4.29678, interference=4.29125, lumi=3.77371, mu_efficiency=3.10173, mu_trigger=6.31471, non_prompt_stat_ele=6.82565, non_prompt_stat_muon=6.34701, others_stat_ele=3.95013, others_stat_muon=5.73795, others_xs=5.69339, param=0.127124, pdf_ele=1.86829, pdf_muon=6.87793, photon_id=6.68525, pileup=0.467793, scale_ele=4.53741, scale_muon=-4.11829
RooProdPdf::model_s[ modelObs_s * nuisancePdf ]
     getLogVal() top-level p.d.f evaluates to zero @ !pdfs=(modelObs_s = 0/1,nuisancePdf = 1)

[#0] WARNING:Minization -- RooMinimizerFcn: Minimized function has error status.
Returning maximum FCN so far (1049.45) to force MIGRAD to back out of this region. Error log follows
Parameter values: JER_ele=0.377092, JER_muon=5.33088, JES_ele=0.413749, JES_muon=6.88873, QCD_stat_ele=6.95386, QCD_stat_muon=5.6945, VBS_stat_ele=3.5612, VBS_stat_muon=6.6007, ele_efficiency=0.0672215, ele_trigger=0.858554, fakephoton_ele=-0.0714131, fakephoton_muon=4.16458, interference=4.20257, lumi=3.84817, mu_efficiency=3.03303, mu_trigger=6.17334, non_prompt_stat_ele=2.07469, non_prompt_stat_muon=6.16187, others_stat_ele=4.75531, others_stat_muon=5.52846, others_xs=5.69901, param=0.127186, pdf_ele=2.80207, pdf_muon=6.96067, photon_id=6.57849, pileup=0.479242, scale_ele=5.3493, scale_muon=-3.03303
RooProdPdf::model_s[ modelObs_s * nuisancePdf ]
     getLogVal() top-level p.d.f evaluates to zero @ !pdfs=(modelObs_s = 0/1,nuisancePdf = 1)

[#0] WARNING:Minization -- RooMinimizerFcn: Minimized function has error status.
Returning maximum FCN so far (1049.45) to force MIGRAD to back out of this region. Error log follows
Parameter values: JER_ele=-0.67382, JER_muon=5.12661, JES_ele=-0.361791, JES_muon=6.76235, QCD_stat_ele=5.1731, QCD_stat_muon=6.29571, VBS_stat_ele=1.63806, VBS_stat_muon=6.41572, ele_efficiency=-0.160467, ele_trigger=0.0294781, fakephoton_ele=4.02987, fakephoton_muon=3.98888, interference=3.86837, lumi=3.25713, mu_efficiency=2.93414, mu_trigger=5.95277, non_prompt_stat_ele=6.95547, non_prompt_stat_muon=5.89328, others_stat_ele=3.34606, others_stat_muon=5.21198, others_xs=5.26633, param=0.127089, pdf_ele=1.26227, pdf_muon=6.99988, photon_id=6.98856, pileup=0.410153, scale_ele=3.64768, scale_muon=-1.42799
RooProdPdf::model_s[ modelObs_s * nuisancePdf ]
     getLogVal() top-level p.d.f evaluates to zero @ !pdfs=(modelObs_s = 0/1,nuisancePdf = 1)

[#0] WARNING:Minization -- RooMinimizerFcn: Minimized function has error status.
Returning maximum FCN so far (1049.45) to force MIGRAD to back out of this region. Error log follows
Parameter values: JER_ele=0.118627, JER_muon=4.8623, JES_ele=0.0519602, JES_muon=6.52469, QCD_stat_ele=6.97661, QCD_stat_muon=6.77244, VBS_stat_ele=3.22666, VBS_stat_muon=6.14009, ele_efficiency=-0.0137024, ele_trigger=0.550348, fakephoton_ele=-0.64849, fakephoton_muon=3.73861, interference=3.64361, lumi=3.2248, mu_efficiency=2.80589, mu_trigger=5.63066, non_prompt_stat_ele=1.29408, non_prompt_stat_muon=5.45862, others_stat_ele=4.27323, others_stat_muon=4.75849, others_xs=5.16183, param=0.127159, pdf_ele=2.30434, pdf_muon=6.9173, photon_id=6.98878, pileup=0.410172, scale_ele=4.58464, scale_muon=0.861967
RooProdPdf::model_s[ modelObs_s * nuisancePdf ]
     getLogVal() top-level p.d.f evaluates to zero @ !pdfs=(modelObs_s = 0/1,nuisancePdf = 1)

[#0] WARNING:Minization -- RooMinimizerFcn: Minimized function has error status.
Returning maximum FCN so far (1049.45) to force MIGRAD to back out of this region. Error log follows
Parameter values: JER_ele=-0.66987, JER_muon=4.73815, JES_ele=-0.513179, JES_muon=6.40364, QCD_stat_ele=5.24476, QCD_stat_muon=6.90912, VBS_stat_ele=1.75935, VBS_stat_muon=6.0009, ele_efficiency=-0.182155, ele_trigger=-0.0625992, fakephoton_ele=2.71684, fakephoton_muon=3.6397, interference=3.42749, lumi=2.80927, mu_efficiency=2.75081, mu_trigger=5.48357, non_prompt_stat_ele=6.21861, non_prompt_stat_muon=5.27631, others_stat_ele=3.18824, others_stat_muon=4.55694, others_xs=4.84278, param=0.127087, pdf_ele=1.14554, pdf_muon=6.83899, photon_id=6.93106, pileup=0.363466, scale_ele=3.23363, scale_muon=1.76541
RooProdPdf::model_s[ modelObs_s * nuisancePdf ]
     getLogVal() top-level p.d.f evaluates to zero @ !pdfs=(modelObs_s = 0/1,nuisancePdf = 1)

[#0] WARNING:Minization -- RooMinimizerFcn: Minimized function has error status.
Returning maximum FCN so far (1049.45) to force MIGRAD to back out of this region. Error log follows
Parameter values: JER_ele=-0.207429, JER_muon=4.67935, JES_ele=-0.231948, JES_muon=6.33349, QCD_stat_ele=6.59206, QCD_stat_muon=6.94857, VBS_stat_ele=2.67138, VBS_stat_muon=5.93165, ele_efficiency=-0.0906082, ele_trigger=0.266463, fakephoton_ele=0.285214, fakephoton_muon=3.58119, interference=3.40787, lumi=2.907, mu_efficiency=2.7227, mu_trigger=5.40451, non_prompt_stat_ele=3.00276, non_prompt_stat_muon=5.16257, others_stat_ele=3.79055, others_stat_muon=4.44818, others_xs=4.89078, param=0.12713, pdf_ele=1.79277, pdf_muon=6.78651, photon_id=6.97181, pileup=0.375517, scale_ele=3.92349, scale_muon=2.25992
RooProdPdf::model_s[ modelObs_s * nuisancePdf ]
     getLogVal() top-level p.d.f evaluates to zero @ !pdfs=(modelObs_s = 0/1,nuisancePdf = 1)

[#0] WARNING:Minization -- RooMinimizerFcn: Minimized function has error status.
Returning maximum FCN so far (1049.45) to force MIGRAD to back out of this region. Error log follows
Parameter values: JER_ele=-0.513247, JER_muon=4.68974, JES_ele=-0.428657, JES_muon=6.34864, QCD_stat_ele=5.80156, QCD_stat_muon=6.94338, VBS_stat_ele=2.08117, VBS_stat_muon=5.94424, ele_efficiency=-0.152689, ele_trigger=0.0423705, fakephoton_ele=1.81595, fakephoton_muon=3.59482, interference=3.38905, lumi=2.81041, mu_efficiency=2.7283, mu_trigger=5.42082, non_prompt_stat_ele=5.2503, non_prompt_stat_muon=5.18984, others_stat_ele=3.38489, others_stat_muon=4.47085, others_xs=4.82792, param=0.127103, pdf_ele=1.35797, pdf_muon=6.79823, photon_id=6.93421, pileup=0.364264, scale_ele=3.44339, scale_muon=2.15088
RooProdPdf::model_s[ modelObs_s * nuisancePdf ]
     getLogVal() top-level p.d.f evaluates to zero @ !pdfs=(modelObs_s = 0/1,nuisancePdf = 1)

[#0] WARNING:Minization -- RooMinimizerFcn: Minimized function has error status.
Returning maximum FCN so far (1049.45) to force MIGRAD to back out of this region. Error log follows
Parameter values: JER_ele=-0.308513, JER_muon=4.70726, JES_ele=-0.287604, JES_muon=6.36586, QCD_stat_ele=6.37251, QCD_stat_muon=6.93073, VBS_stat_ele=2.47193, VBS_stat_muon=5.96456, ele_efficiency=-0.109749, ele_trigger=0.198222, fakephoton_ele=0.885284, fakephoton_muon=3.6072, interference=3.42886, lumi=2.90254, mu_efficiency=2.73567, mu_trigger=5.44097, non_prompt_stat_ele=3.9454, non_prompt_stat_muon=5.21314, others_stat_ele=3.66798, others_stat_muon=4.49812, others_xs=4.89665, param=0.127123, pdf_ele=1.6572, pdf_muon=6.81127, photon_id=6.96943, pileup=0.374622, scale_ele=3.79225, scale_muon=2.03921
RooProdPdf::model_s[ modelObs_s * nuisancePdf ]
     getLogVal() top-level p.d.f evaluates to zero @ !pdfs=(modelObs_s = 0/1,nuisancePdf = 1)

[#0] WARNING:Minization -- RooMinimizerFcn: Minimized function has error status.
Returning maximum FCN so far (1049.45) to force MIGRAD to back out of this region. Error log follows
Parameter values: JER_ele=-0.419814, JER_muon=4.74181, JES_ele=-0.34752, JES_muon=6.40495, QCD_stat_ele=6.0789, QCD_stat_muon=6.90476, VBS_stat_ele=2.24859, VBS_stat_muon=6.00478, ele_efficiency=-0.130643, ele_trigger=0.123862, fakephoton_ele=1.55246, fakephoton_muon=3.63932, interference=3.45632, lumi=2.90203, mu_efficiency=2.75177, mu_trigger=5.48574, non_prompt_stat_ele=4.89029, non_prompt_stat_muon=5.27487, others_stat_ele=3.53227, others_stat_muon=4.55954, others_xs=4.90731, param=0.127114, pdf_ele=1.50816, pdf_muon=6.8399, photon_id=6.968, pileup=0.3741, scale_ele=3.6491, scale_muon=1.76255
RooProdPdf::model_s[ modelObs_s * nuisancePdf ]
     getLogVal() top-level p.d.f evaluates to zero @ !pdfs=(modelObs_s = 0/1,nuisancePdf = 1)

[#0] WARNING:Minization -- RooMinimizerFcn: Minimized function has error status.
Returning maximum FCN so far (1049.45) to force MIGRAD to back out of this region. Error log follows
Parameter values: JER_ele=-0.31737, JER_muon=4.77521, JES_ele=-0.267459, JES_muon=6.43959, QCD_stat_ele=6.34538, QCD_stat_muon=6.87426, VBS_stat_ele=2.43661, VBS_stat_muon=6.04301, ele_efficiency=-0.107779, ele_trigger=0.207654, fakephoton_ele=1.17627, fakephoton_muon=3.66734, interference=3.50372, lumi=2.97569, mu_efficiency=2.76679, mu_trigger=5.52663, non_prompt_stat_ele=4.35125, non_prompt_stat_muon=5.32758, others_stat_ele=3.68253, others_stat_muon=4.61557, others_xs=4.96799, param=0.127124, pdf_ele=1.6649, pdf_muon=6.86399, photon_id=6.98673, pileup=0.382163, scale_ele=3.84639, scale_muon=1.51292
RooProdPdf::model_s[ modelObs_s * nuisancePdf ]
     getLogVal() top-level p.d.f evaluates to zero @ !pdfs=(modelObs_s = 0/1,nuisancePdf = 1)

[#0] WARNING:Minization -- RooMinimizerFcn: Minimized function has error status.
Returning maximum FCN so far (1049.45) to force MIGRAD to back out of this region. Error log follows
Parameter values: JER_ele=-0.359226, JER_muon=4.81521, JES_ele=-0.279537, JES_muon=6.48174, QCD_stat_ele=6.23663, QCD_stat_muon=6.83311, VBS_stat_ele=2.34537, VBS_stat_muon=6.0883, ele_efficiency=-0.114113, ele_trigger=0.186137, fakephoton_ele=1.52547, fakephoton_muon=3.70346, interference=3.54438, lumi=3.00617, mu_efficiency=2.78537, mu_trigger=5.5769, non_prompt_stat_ele=4.82715, non_prompt_stat_muon=5.39518, others_stat_ele=3.64236, others_stat_muon=4.68486, others_xs=5.00126, param=0.127122, pdf_ele=1.61718, pdf_muon=6.89152, photon_id=6.99163, pileup=0.385159, scale_ele=3.82062, scale_muon=1.19152
RooProdPdf::model_s[ modelObs_s * nuisancePdf ]
     getLogVal() top-level p.d.f evaluates to zero @ !pdfs=(modelObs_s = 0/1,nuisancePdf = 1)

[#0] WARNING:Minization -- RooMinimizerFcn: Minimized function has error status.
Returning maximum FCN so far (1049.45) to force MIGRAD to back out of this region. Error log follows
Parameter values: JER_ele=-0.294614, JER_muon=4.85475, JES_ele=-0.221746, JES_muon=6.52106, QCD_stat_ele=6.39253, QCD_stat_muon=6.78558, VBS_stat_ele=2.45835, VBS_stat_muon=6.13232, ele_efficiency=-0.0986332, ele_trigger=0.243452, fakephoton_ele=1.35757, fakephoton_muon=3.73772, interference=3.59508, lumi=3.07354, mu_efficiency=2.80354, mu_trigger=5.62515, non_prompt_stat_ele=4.57977, non_prompt_stat_muon=5.45812, others_stat_ele=3.74369, others_stat_muon=4.7515, others_xs=5.05903, param=0.127129, pdf_ele=1.72143, pdf_muon=6.91525, photon_id=6.99886, pileup=0.392462, scale_ele=3.96205, scale_muon=0.88046
RooProdPdf::model_s[ modelObs_s * nuisancePdf ]
     getLogVal() top-level p.d.f evaluates to zero @ !pdfs=(modelObs_s = 0/1,nuisancePdf = 1)

[#0] WARNING:Minization -- RooMinimizerFcn: Minimized function has error status.
Returning maximum FCN so far (1049.45) to force MIGRAD to back out of this region. Error log follows
Parameter values: JER_ele=-0.308579, JER_muon=4.89844, JES_ele=-0.213827, JES_muon=6.56393, QCD_stat_ele=6.35565, QCD_stat_muon=6.72654, VBS_stat_ele=2.41955, VBS_stat_muon=6.1802, ele_efficiency=-0.0990065, ele_trigger=0.243631, fakephoton_ele=1.58645, fakephoton_muon=3.77701, interference=3.64292, lumi=3.11836, mu_efficiency=2.824, mu_trigger=5.67885, non_prompt_stat_ele=4.87887, non_prompt_stat_muon=5.52944, others_stat_ele=3.74237, others_stat_muon=4.82603, others_xs=5.10271, param=0.127129, pdf_ele=1.7149, pdf_muon=6.93869, photon_id=6.99999, pileup=0.397104, scale_ele=3.98439, scale_muon=0.522461
RooProdPdf::model_s[ modelObs_s * nuisancePdf ]
     getLogVal() top-level p.d.f evaluates to zero @ !pdfs=(modelObs_s = 0/1,nuisancePdf = 1)

[#0] WARNING:Minization -- RooMinimizerFcn: Minimized function has error status.
Returning maximum FCN so far (1049.45) to force MIGRAD to back out of this region. Error log follows
Parameter values: JER_ele=-0.257711, JER_muon=4.94261, JES_ele=-0.16297, JES_muon=6.60504, QCD_stat_ele=6.46859, QCD_stat_muon=6.65846, VBS_stat_ele=2.50439, VBS_stat_muon=6.22767, ele_efficiency=-0.0860414, ele_trigger=0.292028, fakephoton_ele=1.5051, fakephoton_muon=3.81593, interference=3.69774, lumi=3.18641, mu_efficiency=2.84464, mu_trigger=5.732, non_prompt_stat_ele=4.75147, non_prompt_stat_muon=5.59875, others_stat_ele=3.82672, others_stat_muon=4.90006, others_xs=5.16171, param=0.127135, pdf_ele=1.80087, pdf_muon=6.95843, photon_id=6.99623, pileup=0.404483, scale_ele=4.10736, scale_muon=0.163197
RooProdPdf::model_s[ modelObs_s * nuisancePdf ]
     getLogVal() top-level p.d.f evaluates to zero @ !pdfs=(modelObs_s = 0/1,nuisancePdf = 1)

[#0] WARNING:Minization -- RooMinimizerFcn: Minimized function has error status.
Returning maximum FCN so far (1049.45) to force MIGRAD to back out of this region. Error log follows
Parameter values: JER_ele=-0.258972, JER_muon=4.99033, JES_ele=-0.144792, JES_muon=6.64811, QCD_stat_ele=6.46189, QCD_stat_muon=6.57648, VBS_stat_ele=2.48859, VBS_stat_muon=6.27794, ele_efficiency=-0.0835327, ele_trigger=0.302789, fakephoton_ele=1.68985, fakephoton_muon=3.85903, interference=3.75173, lumi=3.24069, mu_efficiency=2.86728, mu_trigger=5.78937, non_prompt_stat_ele=4.98295, non_prompt_stat_muon=5.67424, others_stat_ele=3.84392, others_stat_muon=4.98036, others_xs=5.21236, param=0.127136, pdf_ele=1.81389, pdf_muon=6.9758, photon_id=6.98858, pileup=0.410224, scale_ele=4.15348, scale_muon=-0.235339
RooProdPdf::model_s[ modelObs_s * nuisancePdf ]
     getLogVal() top-level p.d.f evaluates to zero @ !pdfs=(modelObs_s = 0/1,nuisancePdf = 1)

[#0] WARNING:Minization -- RooMinimizerFcn: Minimized function has error status.
Returning maximum FCN so far (1049.45) to force MIGRAD to back out of this region. Error log follows
Parameter values: JER_ele=-0.211461, JER_muon=5.03918, JES_ele=-0.0939124, JES_muon=6.68968, QCD_stat_ele=6.55785, QCD_stat_muon=6.48217, VBS_stat_ele=2.56512, VBS_stat_muon=6.32822, ele_efficiency=-0.0709337, ele_trigger=0.350043, fakephoton_ele=1.64585, fakephoton_muon=3.90264, interference=3.81187, lumi=3.31324, mu_efficiency=2.89051, mu_trigger=5.84696, non_prompt_stat_ele=4.90598, non_prompt_stat_muon=5.74896, others_stat_ele=3.92516, others_stat_muon=5.06134, others_xs=5.27495, param=0.127142, pdf_ele=1.89648, pdf_muon=6.98874, photon_id=6.97128, pileup=0.418142, scale_ele=4.27429, scale_muon=-0.641137
RooProdPdf::model_s[ modelObs_s * nuisancePdf ]
     getLogVal() top-level p.d.f evaluates to zero @ !pdfs=(modelObs_s = 0/1,nuisancePdf = 1)

[#0] WARNING:Minization -- RooMinimizerFcn: Minimized function has error status.
Returning maximum FCN so far (1049.45) to force MIGRAD to back out of this region. Error log follows
Parameter values: JER_ele=-0.206767, JER_muon=5.09162, JES_ele=-0.0694997, JES_muon=6.73227, QCD_stat_ele=6.5632, QCD_stat_muon=6.37019, VBS_stat_ele=2.55907, VBS_stat_muon=6.38084, ele_efficiency=-0.0668675, ele_trigger=0.36663, fakephoton_ele=1.82286, fakephoton_muon=3.95042, interference=3.87226, lumi=3.37555, mu_efficiency=2.91582, mu_trigger=5.90845, non_prompt_stat_ele=5.11967, non_prompt_stat_muon=5.8291, others_stat_ele=3.95211, others_stat_muon=5.14827, others_xs=5.33153, param=0.127144, pdf_ele=1.91966, pdf_muon=6.9973, photon_id=6.95056, pileup=0.424831, scale_ele=4.33393, scale_muon=-1.08424
RooProdPdf::model_s[ modelObs_s * nuisancePdf ]
     getLogVal() top-level p.d.f evaluates to zero @ !pdfs=(modelObs_s = 0/1,nuisancePdf = 1)

[#0] WARNING:Minization -- RooMinimizerFcn: Minimized function has error status.
Returning maximum FCN so far (1049.45) to force MIGRAD to back out of this region. Error log follows
Parameter values: JER_ele=-0.156415, JER_muon=5.14563, JES_ele=-0.0141757, JES_muon=6.77304, QCD_stat_ele=6.65409, QCD_stat_muon=6.24177, VBS_stat_ele=2.63882, VBS_stat_muon=6.43348, ele_efficiency=-0.0533125, ele_trigger=0.417541, fakephoton_ele=1.78957, fakephoton_muon=3.99925, interference=3.93902, lumi=3.45546, mu_efficiency=2.942, mu_trigger=5.97047, non_prompt_stat_ele=5.05629, non_prompt_stat_muon=5.90885, others_stat_ele=4.03845, others_stat_muon=5.23647, others_xs=5.39943, param=0.12715, pdf_ele=2.00786, pdf_muon=6.99998, photon_id=6.91476, pileup=0.433647, scale_ele=4.46207, scale_muon=-1.53629
RooProdPdf::model_s[ modelObs_s * nuisancePdf ]
     getLogVal() top-level p.d.f evaluates to zero @ !pdfs=(modelObs_s = 0/1,nuisancePdf = 1)

[#0] WARNING:Minization -- RooMinimizerFcn: Minimized function has error status.
Returning maximum FCN so far (1049.45) to force MIGRAD to back out of this region. Error log follows
Parameter values: JER_ele=-0.150404, JER_muon=5.20365, JES_ele=0.0139551, JES_muon=6.81396, QCD_stat_ele=6.66069, QCD_stat_muon=6.09016, VBS_stat_ele=2.63329, VBS_stat_muon=6.48822, ele_efficiency=-0.0485617, ele_trigger=0.436844, fakephoton_ele=1.9858, fakephoton_muon=4.05277, interference=4.00652, lumi=3.5254, mu_efficiency=2.97058, mu_trigger=6.03647, non_prompt_stat_ele=5.28605, non_prompt_stat_muon=5.99391, others_stat_ele=4.06945, others_stat_muon=5.33095, others_xs=5.4616, param=0.127151, pdf_ele=2.03499, pdf_muon=6.99571, photon_id=6.8761, pileup=0.441259, scale_ele=4.52878, scale_muon=-2.02578
RooProdPdf::model_s[ modelObs_s * nuisancePdf ]
     getLogVal() top-level p.d.f evaluates to zero @ !pdfs=(modelObs_s = 0/1,nuisancePdf = 1)

[#0] WARNING:Minization -- RooMinimizerFcn: Minimized function has error status.
Returning maximum FCN so far (1049.45) to force MIGRAD to back out of this region. Error log follows
Parameter values: JER_ele=-0.0907614, JER_muon=5.26349, JES_ele=0.0784486, JES_muon=6.85214, QCD_stat_ele=6.75412, QCD_stat_muon=5.917, VBS_stat_ele=2.72796, VBS_stat_muon=6.54259, ele_efficiency=-0.0326574, ele_trigger=0.496467, fakephoton_ele=1.93706, fakephoton_muon=4.1076, interference=4.08146, lumi=3.61578, mu_efficiency=3.00025, mu_trigger=6.10288, non_prompt_stat_ele=5.20249, non_prompt_stat_muon=6.07817, others_stat_ele=4.16917, others_stat_muon=5.42669, others_xs=5.53653, param=0.127158, pdf_ele=2.13807, pdf_muon=6.9833, photon_id=6.81364, pileup=0.451383, scale_ele=4.67336, scale_muon=-2.52075
RooProdPdf::model_s[ modelObs_s * nuisancePdf ]
     getLogVal() top-level p.d.f evaluates to zero @ !pdfs=(modelObs_s = 0/1,nuisancePdf = 1)

[#0] WARNING:Minization -- RooMinimizerFcn: Minimized function has error status.
Returning maximum FCN so far (1049.45) to force MIGRAD to back out of this region. Error log follows
Parameter values: JER_ele=-0.0901098, JER_muon=5.3281, JES_ele=0.1066, JES_muon=6.88935, QCD_stat_ele=6.75116, QCD_stat_muon=5.7126, VBS_stat_ele=2.70994, VBS_stat_muon=6.59882, ele_efficiency=-0.0284895, ele_trigger=0.513972, fakephoton_ele=2.18989, fakephoton_muon=4.16821, interference=4.15691, lumi=3.69264, mu_efficiency=3.0329, mu_trigger=6.17368, non_prompt_stat_ele=5.49116, non_prompt_stat_muon=6.16811, others_stat_ele=4.19627, others_stat_muon=5.5296, others_xs=5.60367, param=0.12716, pdf_ele=2.16026, pdf_muon=6.96012, photon_id=6.75172, pileup=0.459859, scale_ele=4.73851, scale_muon=-3.05379
RooProdPdf::model_s[ modelObs_s * nuisancePdf ]
     getLogVal() top-level p.d.f evaluates to zero @ !pdfs=(modelObs_s = 0/1,nuisancePdf = 1)

[#0] WARNING:Minization -- RooMinimizerFcn: Minimized function has error status.
Returning maximum FCN so far (1049.45) to force MIGRAD to back out of this region. Error log follows
Parameter values: JER_ele=-0.00935173, JER_muon=5.39433, JES_ele=0.188576, JES_muon=6.9221, QCD_stat_ele=6.85531, QCD_stat_muon=5.48114, VBS_stat_ele=2.84099, VBS_stat_muon=6.65362, ele_efficiency=-0.00773098, ele_trigger=0.591355, fakephoton_ele=2.07537, fakephoton_muon=4.22973, interference=4.24202, lumi=3.79824, mu_efficiency=3.0666, mu_trigger=6.24395, non_prompt_stat_ele=5.32744, non_prompt_stat_muon=6.25549, others_stat_ele=4.32379, others_stat_muon=5.63266, others_xs=5.68802, param=0.127168, pdf_ele=2.2948, pdf_muon=6.92588, photon_id=6.64847, pileup=0.47194, scale_ele=4.91455, scale_muon=-3.5792
RooProdPdf::model_s[ modelObs_s * nuisancePdf ]
     getLogVal() top-level p.d.f evaluates to zero @ !pdfs=(modelObs_s = 0/1,nuisancePdf = 1)

[#0] WARNING:Minization -- RooMinimizerFcn: Minimized function has error status.
Returning maximum FCN so far (1049.45) to force MIGRAD to back out of this region. Error log follows
Parameter values: JER_ele=-0.0310706, JER_muon=5.46651, JES_ele=0.206387, JES_muon=6.95217, QCD_stat_ele=6.82529, QCD_stat_muon=5.20703, VBS_stat_ele=2.77833, VBS_stat_muon=6.70988, ele_efficiency=-0.00751255, ele_trigger=0.595009, fakephoton_ele=2.47024, fakephoton_muon=4.29906, interference=4.32545, lumi=3.87819, mu_efficiency=3.10428, mu_trigger=6.31936, non_prompt_stat_ele=5.76652, non_prompt_stat_muon=6.34947, others_stat_ele=4.32684, others_stat_muon=5.74445, others_xs=5.75756, param=0.127168, pdf_ele=2.28913, pdf_muon=6.87478, photon_id=6.56123, pileup=0.480841, scale_ele=4.95667, scale_muon=-4.14233
RooProdPdf::model_s[ modelObs_s * nuisancePdf ]
     getLogVal() top-level p.d.f evaluates to zero @ !pdfs=(modelObs_s = 0/1,nuisancePdf = 1)

[#0] WARNING:Minization -- RooMinimizerFcn: Minimized function has error status.
Returning maximum FCN so far (1049.45) to force MIGRAD to back out of this region. Error log follows
Parameter values: JER_ele=0.102289, JER_muon=5.53821, JES_ele=0.32653, JES_muon=6.97484, QCD_stat_ele=6.9518, QCD_stat_muon=4.90596, VBS_stat_ele=3.0034, VBS_stat_muon=6.76192, ele_efficiency=0.0245603, ele_trigger=0.713336, fakephoton_ele=2.14431, fakephoton_muon=4.36645, interference=4.42274, lumi=4.00809, mu_efficiency=3.14189, mu_trigger=6.39088, non_prompt_stat_ele=5.35795, non_prompt_stat_muon=6.43556, others_stat_ele=4.51867, others_stat_muon=5.8517, others_xs=5.85532, param=0.127181, pdf_ele=2.49784, pdf_muon=6.81091, photon_id=6.38938, pileup=0.496159, scale_ele=5.20017, scale_muon=-4.66067
RooProdPdf::model_s[ modelObs_s * nuisancePdf ]
     getLogVal() top-level p.d.f evaluates to zero @ !pdfs=(modelObs_s = 0/1,nuisancePdf = 1)

[#0] WARNING:Minization -- RooMinimizerFcn: Minimized function has error status.
Returning maximum FCN so far (1049.45) to force MIGRAD to back out of this region. Error log follows
Parameter values: JER_ele=-0.000248161, JER_muon=5.6163, JES_ele=0.295386, JES_muon=6.99196, QCD_stat_ele=6.85487, QCD_stat_muon=4.55438, VBS_stat_ele=2.78843, VBS_stat_muon=6.81397, ele_efficiency=0.0088141, ele_trigger=0.65993, fakephoton_ele=2.94261, fakephoton_muon=4.44431, interference=4.50769, lumi=4.07158, mu_efficiency=3.18443, mu_trigger=6.46776, non_prompt_stat_ele=6.20332, non_prompt_stat_muon=6.52905, others_stat_ele=4.42792, others_stat_muon=5.96864, others_xs=5.91485, param=0.127173, pdf_ele=2.3841, pdf_muon=6.72185, photon_id=6.3032, pileup=0.503052, scale_ele=5.146, scale_muon=-5.20738
RooProdPdf::model_s[ modelObs_s * nuisancePdf ]
     getLogVal() top-level p.d.f evaluates to zero @ !pdfs=(modelObs_s = 0/1,nuisancePdf = 1)

[#0] WARNING:Minization -- RooMinimizerFcn: Minimized function has error status.
Returning maximum FCN so far (1049.45) to force MIGRAD to back out of this region. Error log follows
Parameter values: JER_ele=0.290522, JER_muon=5.67909, JES_ele=0.516091, JES_muon=6.99871, QCD_stat_ele=6.99656, QCD_stat_muon=4.23962, VBS_stat_ele=3.30137, VBS_stat_muon=6.852, ele_efficiency=0.0727789, ele_trigger=0.89236, fakephoton_ele=1.86342, fakephoton_muon=4.50242, interference=4.60889, lumi=4.24016, mu_efficiency=3.21815, mu_trigger=6.52489, non_prompt_stat_ele=4.93607, non_prompt_stat_muon=6.5936, others_stat_ele=4.79729, others_stat_muon=6.05676, others_xs=6.02837, param=0.1272, pdf_ele=2.80311, pdf_muon=6.64068, photon_id=6.01003, pileup=0.523917, scale_ele=5.55976, scale_muon=-5.58401
RooProdPdf::model_s[ modelObs_s * nuisancePdf ]
     getLogVal() top-level p.d.f evaluates to zero @ !pdfs=(modelObs_s = 0/1,nuisancePdf = 1)

[#0] WARNING:Minization -- RooMinimizerFcn: Minimized function has error status.
Returning maximum FCN so far (1049.45) to force MIGRAD to back out of this region. Error log follows
Parameter values: JER_ele=-0.139137, JER_muon=5.72341, JES_ele=0.255274, JES_muon=6.99994, QCD_stat_ele=6.64158, QCD_stat_muon=4.02152, VBS_stat_ele=2.49081, VBS_stat_muon=6.87671, ele_efficiency=-0.0122145, ele_trigger=0.588803, fakephoton_ele=3.96842, fakephoton_muon=4.55274, interference=4.62636, lumi=4.16233, mu_efficiency=3.24429, mu_trigger=6.56786, non_prompt_stat_ele=6.88396, non_prompt_stat_muon=6.64713, others_stat_ele=4.30481, others_stat_muon=6.12395, others_xs=5.99753, param=0.127162, pdf_ele=2.2305, pdf_muon=6.56756, photon_id=6.16882, pileup=0.513038, scale_ele=5.07601, scale_muon=-5.87045
RooProdPdf::model_s[ modelObs_s * nuisancePdf ]
     getLogVal() top-level p.d.f evaluates to zero @ !pdfs=(modelObs_s = 0/1,nuisancePdf = 1)

[#0] WARNING:Minization -- RooMinimizerFcn: Minimized function has error status.
Returning maximum FCN so far (1049.45) to force MIGRAD to back out of this region. Error log follows
Parameter values: JER_ele=0.610682, JER_muon=5.61378, JES_ele=0.695394, JES_muon=6.99066, QCD_stat_ele=6.69593, QCD_stat_muon=4.55128, VBS_stat_ele=3.88178, VBS_stat_muon=6.81233, ele_efficiency=0.134044, ele_trigger=1.10878, fakephoton_ele=-0.00213057, fakephoton_muon=4.43315, interference=4.55762, lumi=4.25924, mu_efficiency=3.18116, mu_trigger=6.46126, non_prompt_stat_ele=2.03475, non_prompt_stat_muon=6.51514, others_stat_ele=5.12639, others_stat_muon=5.95862, others_xs=6.02079, param=0.127226, pdf_ele=3.20602, pdf_muon=6.73157, photon_id=5.9555, pileup=0.527468, scale_ele=5.85442, scale_muon=-5.14327
RooProdPdf::model_s[ modelObs_s * nuisancePdf ]
     getLogVal() top-level p.d.f evaluates to zero @ !pdfs=(modelObs_s = 0/1,nuisancePdf = 1)

[#0] WARNING:Minization -- RooMinimizerFcn: Minimized function has error status.
Returning maximum FCN so far (1049.45) to force MIGRAD to back out of this region. Error log follows
Parameter values: JER_ele=-0.814625, JER_muon=5.25013, JES_ele=-0.404581, JES_muon=6.84828, QCD_stat_ele=4.57645, QCD_stat_muon=5.96914, VBS_stat_ele=1.32098, VBS_stat_muon=6.53069, ele_efficiency=-0.1823, ele_trigger=-0.0446017, fakephoton_ele=4.94865, fakephoton_muon=4.10593, interference=3.99852, lumi=3.35555, mu_efficiency=2.99583, mu_trigger=6.09428, non_prompt_stat_ele=6.87163, non_prompt_stat_muon=6.07722, others_stat_ele=3.19705, others_stat_muon=5.41435, others_xs=5.3678, param=0.127095, pdf_ele=1.09755, pdf_muon=6.98503, photon_id=6.96539, pileup=0.420224, scale_ele=3.55249, scale_muon=-2.48765
RooProdPdf::model_s[ modelObs_s * nuisancePdf ]
     getLogVal() top-level p.d.f evaluates to zero @ !pdfs=(modelObs_s = 0/1,nuisancePdf = 1)

[#0] WARNING:Minization -- RooMinimizerFcn: Minimized function has error status.
Returning maximum FCN so far (1049.45) to force MIGRAD to back out of this region. Error log follows
Parameter values: JER_ele=0.174797, JER_muon=4.69729, JES_ele=0.0264713, JES_muon=6.34874, QCD_stat_ele=6.99652, QCD_stat_muon=6.93549, VBS_stat_ele=3.36787, VBS_stat_muon=5.95293, ele_efficiency=-0.0111694, ele_trigger=0.553612, fakephoton_ele=-1.5315, fakephoton_muon=3.5907, interference=3.46562, lumi=3.06126, mu_efficiency=2.72956, mu_trigger=5.42292, non_prompt_stat_ele=-0.252427, non_prompt_stat_muon=5.17987, others_stat_ele=4.28858, others_stat_muon=4.4735, others_xs=5.00213, param=0.127179, pdf_ele=2.3344, pdf_muon=6.79836, photon_id=6.99916, pileup=0.393069, scale_ele=4.51722, scale_muon=2.16868
RooProdPdf::model_s[ modelObs_s * nuisancePdf ]
     getLogVal() top-level p.d.f evaluates to zero @ !pdfs=(modelObs_s = 0/1,nuisancePdf = 1)

[#0] WARNING:Minization -- RooMinimizerFcn: Minimized function has error status.
Returning maximum FCN so far (1049.45) to force MIGRAD to back out of this region. Error log follows
Parameter values: JER_ele=-0.782536, JER_muon=4.49315, JES_ele=-0.67929, JES_muon=6.11908, QCD_stat_ele=4.83129, QCD_stat_muon=6.99947, VBS_stat_ele=1.60368, VBS_stat_muon=5.70589, ele_efficiency=-0.218843, ele_trigger=-0.203338, fakephoton_ele=2.41646, fakephoton_muon=3.42783, interference=3.14446, lumi=2.4939, mu_efficiency=2.6411, mu_trigger=5.17015, non_prompt_stat_ele=5.98917, non_prompt_stat_muon=4.85887, others_stat_ele=2.92761, others_stat_muon=4.13133, others_xs=4.54271, param=0.127093, pdf_ele=0.907564, pdf_muon=6.60269, photon_id=6.73145, pileup=0.330997, scale_ele=2.77946, scale_muon=3.51886
RooProdPdf::model_s[ modelObs_s * nuisancePdf ]
     getLogVal() top-level p.d.f evaluates to zero @ !pdfs=(modelObs_s = 0/1,nuisancePdf = 1)

[#0] WARNING:Minization -- RooMinimizerFcn: Minimized function has error status.
Returning maximum FCN so far (1049.45) to force MIGRAD to back out of this region. Error log follows
Parameter values: JER_ele=-0.369864, JER_muon=4.44357, JES_ele=-0.425523, JES_muon=6.05019, QCD_stat_ele=6.24283, QCD_stat_muon=6.99302, VBS_stat_ele=2.4235, VBS_stat_muon=5.6436, ele_efficiency=-0.136538, ele_trigger=0.0925968, fakephoton_ele=0.245089, fakephoton_muon=3.37831, interference=3.1322, lumi=2.58919, mu_efficiency=2.61789, mu_trigger=5.09994, non_prompt_stat_ele=3.03974, non_prompt_stat_muon=4.75581, others_stat_ele=3.4868, others_stat_muon=4.03713, others_xs=4.59479, param=0.127131, pdf_ele=1.49245, pdf_muon=6.53776, photon_id=6.81539, pileup=0.342295, scale_ele=3.43097, scale_muon=3.88135
RooProdPdf::model_s[ modelObs_s * nuisancePdf ]
     getLogVal() top-level p.d.f evaluates to zero @ !pdfs=(modelObs_s = 0/1,nuisancePdf = 1)

[#0] WARNING:Minization -- RooMinimizerFcn: Minimized function has error status.
Returning maximum FCN so far (1049.45) to force MIGRAD to back out of this region. Error log follows
Parameter values: JER_ele=-0.562896, JER_muon=4.46268, JES_ele=-0.545548, JES_muon=6.07748, QCD_stat_ele=5.66457, QCD_stat_muon=6.99633, VBS_stat_ele=2.04529, VBS_stat_muon=5.6677, ele_efficiency=-0.175194, ele_trigger=-0.046519, fakephoton_ele=1.26295, fakephoton_muon=3.39794, interference=3.13344, lumi=2.54026, mu_efficiency=2.62693, mu_trigger=5.12749, non_prompt_stat_ele=4.59343, non_prompt_stat_muon=4.79694, others_stat_ele=3.22726, others_stat_muon=4.07405, others_xs=4.56605, param=0.127114, pdf_ele=1.2192, pdf_muon=6.56376, photon_id=6.77474, pileup=0.336565, scale_ele=3.12692, scale_muon=3.74017
RooProdPdf::model_s[ modelObs_s * nuisancePdf ]
     getLogVal() top-level p.d.f evaluates to zero @ !pdfs=(modelObs_s = 0/1,nuisancePdf = 1)

[#0] WARNING:Minization -- RooMinimizerFcn: Minimized function has error status.
Returning maximum FCN so far (1049.45) to force MIGRAD to back out of this region. Error log follows
Parameter values: JER_ele=-0.458491, JER_muon=4.48471, JES_ele=-0.468789, JES_muon=6.10383, QCD_stat_ele=5.99283, QCD_stat_muon=6.99902, VBS_stat_ele=2.24239, VBS_stat_muon=5.69534, ele_efficiency=-0.152553, ele_trigger=0.0360581, fakephoton_ele=0.828152, fakephoton_muon=3.41529, interference=3.16821, lumi=2.60231, mu_efficiency=2.63632, mu_trigger=5.15523, non_prompt_stat_ele=3.94834, non_prompt_stat_muon=4.83222, others_stat_ele=3.3807, others_stat_muon=4.11126, others_xs=4.61715, param=0.127125, pdf_ele=1.37671, pdf_muon=6.58858, photon_id=6.82191, pileup=0.343266, scale_ele=3.32513, scale_muon=3.60702
RooProdPdf::model_s[ modelObs_s * nuisancePdf ]
     getLogVal() top-level p.d.f evaluates to zero @ !pdfs=(modelObs_s = 0/1,nuisancePdf = 1)

[#0] WARNING:Minization -- RooMinimizerFcn: Minimized function has error status.
Returning maximum FCN so far (1049.45) to force MIGRAD to back out of this region. Error log follows
Parameter values: JER_ele=-0.490748, JER_muon=4.51399, JES_ele=-0.479318, JES_muon=6.14087, QCD_stat_ele=5.89214, QCD_stat_muon=6.99996, VBS_stat_ele=2.17228, VBS_stat_muon=5.73179, ele_efficiency=-0.157624, ele_trigger=0.0186891, fakephoton_ele=1.08932, fakephoton_muon=3.44116, interference=3.19706, lumi=2.6229, mu_efficiency=2.64938, mu_trigger=5.19399, non_prompt_stat_ele=4.32598, non_prompt_stat_muon=4.8851, others_stat_ele=3.34718, others_stat_muon=4.16336, others_xs=4.64099, param=0.127123, pdf_ele=1.33861, pdf_muon=6.62278, photon_id=6.83468, pileup=0.345225, scale_ele=3.3008, scale_muon=3.40913
RooProdPdf::model_s[ modelObs_s * nuisancePdf ]
     getLogVal() top-level p.d.f evaluates to zero @ !pdfs=(modelObs_s = 0/1,nuisancePdf = 1)

[#0] WARNING:Minization -- RooMinimizerFcn: Minimized function has error status.
Returning maximum FCN so far (1049.45) to force MIGRAD to back out of this region. Error log follows
Parameter values: JER_ele=-0.454385, JER_muon=4.54285, JES_ele=-0.444791, JES_muon=6.17588, QCD_stat_ele=5.99907, QCD_stat_muon=6.99803, VBS_stat_ele=2.23512, VBS_stat_muon=5.76743, ele_efficiency=-0.148606, ele_trigger=0.0522438, fakephoton_ele=1.01257, fakephoton_muon=3.46562, interference=3.23246, lumi=2.66787, mu_efficiency=2.66209, mu_trigger=5.23123, non_prompt_stat_ele=4.20222, non_prompt_stat_muon=4.9345, others_stat_ele=3.40832, others_stat_muon=4.21352, others_xs=4.68185, param=0.127128, pdf_ele=1.39951, pdf_muon=6.65438, photon_id=6.86348, pileup=0.349943, scale_ele=3.39057, scale_muon=3.21669
RooProdPdf::model_s[ modelObs_s * nuisancePdf ]
     getLogVal() top-level p.d.f evaluates to zero @ !pdfs=(modelObs_s = 0/1,nuisancePdf = 1)

[#0] WARNING:Minization -- RooMinimizerFcn: Minimized function has error status.
Returning maximum FCN so far (1049.45) to force MIGRAD to back out of this region. Error log follows
Parameter values: JER_ele=-0.452147, JER_muon=4.57393, JES_ele=-0.431859, JES_muon=6.2135, QCD_stat_ele=6.00251, QCD_stat_muon=6.99275, VBS_stat_ele=2.23127, VBS_stat_muon=5.80549, ele_efficiency=-0.146477, ele_trigger=0.0609732, fakephoton_ele=1.11136, fakephoton_muon=3.49262, interference=3.26692, lumi=2.70306, mu_efficiency=2.67595, mu_trigger=5.27158, non_prompt_stat_ele=4.33517, non_prompt_stat_muon=4.98872, others_stat_ele=3.42318, others_stat_muon=4.26801, others_xs=4.71638, param=0.127129, pdf_ele=1.41181, pdf_muon=6.68749, photon_id=6.88361, pileup=0.353539, scale_ele=3.42566, scale_muon=3.00097
RooProdPdf::model_s[ modelObs_s * nuisancePdf ]
     getLogVal() top-level p.d.f evaluates to zero @ !pdfs=(modelObs_s = 0/1,nuisancePdf = 1)

[#0] WARNING:Minization -- RooMinimizerFcn: Minimized function has error status.
Returning maximum FCN so far (1049.45) to force MIGRAD to back out of this region. Error log follows
Parameter values: JER_ele=-0.430691, JER_muon=4.60566, JES_ele=-0.405974, JES_muon=6.25099, QCD_stat_ele=6.06166, QCD_stat_muon=6.98385, VBS_stat_ele=2.26432, VBS_stat_muon=5.84398, ele_efficiency=-0.140354, ele_trigger=0.0841634, fakephoton_ele=1.11886, fakephoton_muon=3.51996, interference=3.3041, lumi=2.74595, mu_efficiency=2.6901, mu_trigger=5.31236, non_prompt_stat_ele=4.33389, non_prompt_stat_muon=5.04308, others_stat_ele=3.46468, others_stat_muon=4.32321, others_xs=4.75641, param=0.127132, pdf_ele=1.45203, pdf_muon=6.71957, photon_id=6.9064, pileup=0.358009, scale_ele=3.49309, scale_muon=2.77795
RooProdPdf::model_s[ modelObs_s * nuisancePdf ]
     getLogVal() top-level p.d.f evaluates to zero @ !pdfs=(modelObs_s = 0/1,nuisancePdf = 1)

[#0] WARNING:Minization -- RooMinimizerFcn: Minimized function has error status.
Returning maximum FCN so far (717.101) to force MIGRAD to back out of this region. Error log follows
Parameter values: JER_ele=4.4894, JER_muon=6.34152, JES_ele=6.63011, JES_muon=-6.91406, QCD_stat_ele=-5.83932, QCD_stat_muon=-5.18152, VBS_stat_ele=-0.686709, VBS_stat_muon=-6.3066, ele_efficiency=-6.62937, ele_trigger=5.05734, fakephoton_ele=6.52384, fakephoton_muon=-3.71444, interference=0.47976, lumi=6.36135, mu_efficiency=-4.00531, mu_trigger=-6.0282, non_prompt_stat_ele=6.97718, non_prompt_stat_muon=2.44592, others_stat_ele=-0.914828, others_stat_muon=-2.39973, others_xs=6.62537, param=0.0371306, pdf_ele=-6.93965, pdf_muon=4.62811, photon_id=-6.88972, pileup=-5.52112, scale_ele=6.70888, scale_muon=-5.07378
RooProdPdf::model_s[ modelObs_s * nuisancePdf ]
     getLogVal() top-level p.d.f evaluates to zero @ !pdfs=(modelObs_s = 0/1,nuisancePdf = 1)

[#0] WARNING:Minization -- RooMinimizerFcn: Minimized function has error status.
Returning maximum FCN so far (961.685) to force MIGRAD to back out of this region. Error log follows
Parameter values: JER_ele=-0.574021, JER_muon=3.55513, JES_ele=0.731653, JES_muon=4.66728, QCD_stat_ele=1.21256, QCD_stat_muon=6.64727, VBS_stat_ele=-0.232801, VBS_stat_muon=4.61484, ele_efficiency=1.02334, ele_trigger=1.40998, fakephoton_ele=-1.96893, fakephoton_muon=3.54646, interference=3.5601, lumi=3.2824, mu_efficiency=-0.389013, mu_trigger=4.86423, non_prompt_stat_ele=-0.226762, non_prompt_stat_muon=6.65349, others_stat_ele=-2.4241, others_stat_muon=6.02964, others_xs=3.28059, param=0.0294949, pdf_ele=-6.45349, pdf_muon=5.72684, photon_id=4.49006, pileup=-1.37013, scale_ele=1.32137, scale_muon=6.90916
RooProdPdf::model_s[ modelObs_s * nuisancePdf ]
     getLogVal() top-level p.d.f evaluates to zero @ !pdfs=(modelObs_s = 0/1,nuisancePdf = 1)

[#0] WARNING:Minization -- RooMinimizerFcn: Minimized function has error status.
Returning maximum FCN so far (961.685) to force MIGRAD to back out of this region. Error log follows
Parameter values: JER_ele=2.35536, JER_muon=6.26258, JES_ele=5.27729, JES_muon=-6.42485, QCD_stat_ele=4.95698, QCD_stat_muon=-1.76665, VBS_stat_ele=3.891, VBS_stat_muon=-4.37267, ele_efficiency=3.19086, ele_trigger=5.71378, fakephoton_ele=1.01301, fakephoton_muon=-6.20944, interference=6.25002, lumi=5.19666, mu_efficiency=3.08711, mu_trigger=-3.76135, non_prompt_stat_ele=6.81311, non_prompt_stat_muon=-6.3214, others_stat_ele=-0.79723, others_stat_muon=-4.50903, others_xs=-0.697647, param=0.029538, pdf_ele=4.76445, pdf_muon=0.285401, photon_id=-1.4681, pileup=-2.06618, scale_ele=4.52348, scale_muon=-3.82517
RooProdPdf::model_s[ modelObs_s * nuisancePdf ]
     getLogVal() top-level p.d.f evaluates to zero @ !pdfs=(modelObs_s = 0/1,nuisancePdf = 1)

[#0] WARNING:Minization -- RooMinimizerFcn: Minimized function has error status.
Returning maximum FCN so far (961.685) to force MIGRAD to back out of this region. Error log follows
Parameter values: JER_ele=-0.198866, JER_muon=3.46902, JES_ele=1.26945, JES_muon=2.77918, QCD_stat_ele=3.51975, QCD_stat_muon=6.94143, VBS_stat_ele=0.273043, VBS_stat_muon=0.676488, ele_efficiency=0.762245, ele_trigger=1.49126, fakephoton_ele=0.0578033, fakephoton_muon=2.39429, interference=2.81838, lumi=2.74, mu_efficiency=-0.179994, mu_trigger=3.98062, non_prompt_stat_ele=0.752575, non_prompt_stat_muon=6.92209, others_stat_ele=-1.8107, others_stat_muon=5.36505, others_xs=2.83523, param=0.0294498, pdf_ele=-3.76902, pdf_muon=3.72359, photon_id=3.45495, pileup=-0.861173, scale_ele=3.23223, scale_muon=6.85403
RooProdPdf::model_s[ modelObs_s * nuisancePdf ]
     getLogVal() top-level p.d.f evaluates to zero @ !pdfs=(modelObs_s = 0/1,nuisancePdf = 1)

[#0] WARNING:Minization -- RooMinimizerFcn: Minimized function has error status.
Returning maximum FCN so far (542.749) to force MIGRAD to back out of this region. Error log follows
Parameter values: JER_ele=0.943074, JER_muon=4.06643, JES_ele=-2.64243, JES_muon=4.28097, QCD_stat_ele=-2.15078, QCD_stat_muon=0.7089, VBS_stat_ele=1.07298, VBS_stat_muon=4.68859, ele_efficiency=2.84194, ele_trigger=1.21573, fakephoton_ele=1.85811, fakephoton_muon=6.78461, interference=5.58292, lumi=4.19624, mu_efficiency=1.53016, mu_trigger=6.99113, non_prompt_stat_ele=-1.26382, non_prompt_stat_muon=6.94614, others_stat_ele=4.02852, others_stat_muon=6.85195, others_xs=6.62722, param=0.130863, pdf_ele=0.432953, pdf_muon=5.45483, photon_id=4.84416, pileup=2.54004, scale_ele=2.21481, scale_muon=-6.30825
RooProdPdf::model_s[ modelObs_s * nuisancePdf ]
     getLogVal() top-level p.d.f evaluates to zero @ !pdfs=(modelObs_s = 0/1,nuisancePdf = 1)

[#0] WARNING:Minization -- RooMinimizerFcn: Minimized function has error status.
Returning maximum FCN so far (542.749) to force MIGRAD to back out of this region. Error log follows
Parameter values: JER_ele=6.98732, JER_muon=6.17092, JES_ele=-6.66161, JES_muon=5.52872, QCD_stat_ele=6.8983, QCD_stat_muon=-0.573194, VBS_stat_ele=1.55668, VBS_stat_muon=-2.61619, ele_efficiency=6.1084, ele_trigger=6.99876, fakephoton_ele=6.762, fakephoton_muon=-6.99862, interference=-2.442, lumi=4.57154, mu_efficiency=3.05838, mu_trigger=-6.59021, non_prompt_stat_ele=6.58279, non_prompt_stat_muon=2.7367, others_stat_ele=-3.45972, others_stat_muon=-5.99825, others_xs=-6.04322, param=0.130657, pdf_ele=6.55672, pdf_muon=0.732031, photon_id=6.11517, pileup=6.99741, scale_ele=-5.49447, scale_muon=-6.50688
RooProdPdf::model_s[ modelObs_s * nuisancePdf ]
     getLogVal() top-level p.d.f evaluates to zero @ !pdfs=(modelObs_s = 0/1,nuisancePdf = 1)

[#0] WARNING:Minization -- RooMinimizerFcn: Minimized function has error status.
Returning maximum FCN so far (542.749) to force MIGRAD to back out of this region. Error log follows
Parameter values: JER_ele=2.81806, JER_muon=4.16759, JES_ele=-0.239958, JES_muon=6.89754, QCD_stat_ele=-3.96041, QCD_stat_muon=6.84642, VBS_stat_ele=6.12384, VBS_stat_muon=5.81436, ele_efficiency=2.46739, ele_trigger=2.79369, fakephoton_ele=3.03709, fakephoton_muon=5.3486, interference=4.75911, lumi=4.53059, mu_efficiency=1.08607, mu_trigger=6.02008, non_prompt_stat_ele=0.741137, non_prompt_stat_muon=3.88485, others_stat_ele=5.47563, others_stat_muon=5.97422, others_xs=5.73955, param=0.131347, pdf_ele=3.9427, pdf_muon=6.99834, photon_id=6.24996, pileup=1.72764, scale_ele=6.05031, scale_muon=5.99747
RooProdPdf::model_s[ modelObs_s * nuisancePdf ]
     getLogVal() top-level p.d.f evaluates to zero @ !pdfs=(modelObs_s = 0/1,nuisancePdf = 1)

[#0] WARNING:Minization -- RooMinimizerFcn: Minimized function has error status.
Returning maximum FCN so far (1081.76) to force MIGRAD to back out of this region. Error log follows
Parameter values: JER_ele=3.075, JER_muon=6.12716, JES_ele=2.05688, JES_muon=6.98182, QCD_stat_ele=6.43781, QCD_stat_muon=3.36429, VBS_stat_ele=-1.09749, VBS_stat_muon=6.44482, ele_efficiency=-1.79393, ele_trigger=5.79265, fakephoton_ele=6.77976, fakephoton_muon=2.95613, interference=3.99453, lumi=3.79001, mu_efficiency=1.83516, mu_trigger=4.71137, non_prompt_stat_ele=6.05024, non_prompt_stat_muon=6.68317, others_stat_ele=4.12074, others_stat_muon=6.84582, others_xs=4.8013, param=0.120322, pdf_ele=6.82756, pdf_muon=6.84376, photon_id=6.0867, pileup=0.509409, scale_ele=5.75419, scale_muon=6.82759
RooProdPdf::model_s[ modelObs_s * nuisancePdf ]
     getLogVal() top-level p.d.f evaluates to zero @ !pdfs=(modelObs_s = 0/1,nuisancePdf = 1)

[#0] WARNING:Minization -- RooMinimizerFcn: Minimized function has error status.
Returning maximum FCN so far (1081.76) to force MIGRAD to back out of this region. Error log follows
Parameter values: JER_ele=1.01249, JER_muon=2.6714, JES_ele=-3.64893, JES_muon=-5.75574, QCD_stat_ele=-4.4814, QCD_stat_muon=6.99615, VBS_stat_ele=-5.89727, VBS_stat_muon=2.00399, ele_efficiency=-4.70539, ele_trigger=5.9296, fakephoton_ele=6.94416, fakephoton_muon=-5.80722, interference=-2.34285, lumi=-3.95676, mu_efficiency=-1.20542, mu_trigger=-6.5318, non_prompt_stat_ele=4.19197, non_prompt_stat_muon=-6.10557, others_stat_ele=-3.24063, others_stat_muon=0.467652, others_xs=-4.60909, param=0.123815, pdf_ele=6.84503, pdf_muon=-6.37139, photon_id=-6.94155, pileup=-0.237219, scale_ele=-6.57058, scale_muon=0.9032
RooProdPdf::model_s[ modelObs_s * nuisancePdf ]
     getLogVal() top-level p.d.f evaluates to zero @ !pdfs=(modelObs_s = 0/1,nuisancePdf = 1)


 -- Hybrid New -- 
CLs = 0.566667 +/- 0.0345875
Done in 10.48 min (cpu), 10.54 min (real)
