 <<< Combine >>> 
>>> including systematics
>>> using the Profile Likelihood test statistics modified for upper limits (Q_LHC)
>>> method used is HybridNew
>>> Used OpenSSL to get a really random seed -258056761
Computing results starting from observation (a-posteriori)
[#0] WARNING:Minization -- RooMinimizerFcn: Minimized function has error status.
Returning maximum FCN so far (38.0475) to force MIGRAD to back out of this region. Error log follows
Parameter values: JER_ele=-5.0558, JER_muon=-6.82165, JES_ele=1.63067, JES_muon=-6.95249, QCD_stat_ele=6.9675, QCD_stat_muon=6.81853, VBS_stat_ele=6.93373, VBS_stat_muon=3.61155, ele_efficiency=-5.59251, ele_trigger=5.88938, fakephoton_ele=5.78947, fakephoton_muon=3.36671, interference=-2.68678, lumi=-6.99303, mu_efficiency=-1.79412, mu_trigger=-4.86227, non_prompt_stat_ele=3.47449, non_prompt_stat_muon=-0.172893, others_stat_ele=-5.27722, others_stat_muon=-6.89798, others_xs=6.87191, param=0.0175615, pdf_ele=6.86375, pdf_muon=-6.05879, photon_id=4.14603, pileup=4.89957, scale_ele=2.69131, scale_muon=-0.205415
RooProdPdf::model_s[ modelObs_s * nuisancePdf ]
     getLogVal() top-level p.d.f evaluates to zero @ !pdfs=(modelObs_s = 0/1,nuisancePdf = 1)

[#0] WARNING:Minization -- RooMinimizerFcn: Minimized function has error status.
Returning maximum FCN so far (285.297) to force MIGRAD to back out of this region. Error log follows
Parameter values: JER_ele=-5.35987, JER_muon=0.787117, JES_ele=-4.27372, JES_muon=-1.01484, QCD_stat_ele=-0.1312, QCD_stat_muon=-1.62729, VBS_stat_ele=4.00548, VBS_stat_muon=-1.30515, ele_efficiency=3.02765, ele_trigger=4.87056, fakephoton_ele=6.9957, fakephoton_muon=-5.92464, interference=6.27558, lumi=-5.07364, mu_efficiency=1.29818, mu_trigger=4.19385, non_prompt_stat_ele=5.58236, non_prompt_stat_muon=-6.45451, others_stat_ele=-6.91483, others_stat_muon=4.02704, others_xs=6.09778, param=0.0765227, pdf_ele=0.616915, pdf_muon=-4.71173, photon_id=5.8699, pileup=0.167244, scale_ele=6.58521, scale_muon=-6.47735
RooProdPdf::model_s[ modelObs_s * nuisancePdf ]
     getLogVal() top-level p.d.f evaluates to zero @ !pdfs=(modelObs_s = 0/1,nuisancePdf = 1)

[#0] WARNING:Minization -- RooMinimizerFcn: Minimized function has error status.
Returning maximum FCN so far (422.924) to force MIGRAD to back out of this region. Error log follows
Parameter values: JER_ele=0.460156, JER_muon=0.0681055, JES_ele=4.25634, JES_muon=4.60843, QCD_stat_ele=-6.04539, QCD_stat_muon=5.61905, VBS_stat_ele=5.85123, VBS_stat_muon=6.9655, ele_efficiency=1.58695, ele_trigger=-0.72622, fakephoton_ele=3.43081, fakephoton_muon=4.74002, interference=-6.0115, lumi=2.90268, mu_efficiency=-6.36511, mu_trigger=-6.12599, non_prompt_stat_ele=5.77859, non_prompt_stat_muon=6.90268, others_stat_ele=-6.99124, others_stat_muon=6.86279, others_xs=1.18127, param=0.0856233, pdf_ele=2.58794, pdf_muon=6.84055, photon_id=-2.94517, pileup=-6.83726, scale_ele=4.70216, scale_muon=2.07859
RooProdPdf::model_s[ modelObs_s * nuisancePdf ]
     getLogVal() top-level p.d.f evaluates to zero @ !pdfs=(modelObs_s = 0/1,nuisancePdf = 1)

[#0] WARNING:Minization -- RooMinimizerFcn: Minimized function has error status.
Returning maximum FCN so far (422.924) to force MIGRAD to back out of this region. Error log follows
Parameter values: JER_ele=-6.96695, JER_muon=6.71951, JES_ele=0.0946141, JES_muon=-1.89502, QCD_stat_ele=4.67904, QCD_stat_muon=-4.17365, VBS_stat_ele=5.00321, VBS_stat_muon=2.57139, ele_efficiency=4.01491, ele_trigger=3.47828, fakephoton_ele=5.14248, fakephoton_muon=-5.82246, interference=-1.45535, lumi=-0.668544, mu_efficiency=-6.23949, mu_trigger=-2.33332, non_prompt_stat_ele=6.99671, non_prompt_stat_muon=4.83948, others_stat_ele=3.18261, others_stat_muon=-6.74593, others_xs=4.10206, param=0.0707667, pdf_ele=4.1141, pdf_muon=2.68703, photon_id=-1.4169, pileup=-0.35832, scale_ele=6.97521, scale_muon=3.84268
RooProdPdf::model_s[ modelObs_s * nuisancePdf ]
     getLogVal() top-level p.d.f evaluates to zero @ !pdfs=(modelObs_s = 0/1,nuisancePdf = 1)

[#0] WARNING:Minization -- RooMinimizerFcn: Minimized function has error status.
Returning maximum FCN so far (600.678) to force MIGRAD to back out of this region. Error log follows
Parameter values: JER_ele=-0.179362, JER_muon=0.143994, JES_ele=3.03156, JES_muon=1.12419, QCD_stat_ele=6.98177, QCD_stat_muon=1.18941, VBS_stat_ele=3.5317, VBS_stat_muon=-0.633013, ele_efficiency=1.42119, ele_trigger=3.01355, fakephoton_ele=5.97529, fakephoton_muon=-3.46599, interference=0.545675, lumi=2.26675, mu_efficiency=1.87278, mu_trigger=1.62723, non_prompt_stat_ele=6.85308, non_prompt_stat_muon=-2.90977, others_stat_ele=3.6807, others_stat_muon=-0.970889, others_xs=1.99477, param=0.0162472, pdf_ele=4.66939, pdf_muon=2.32499, photon_id=5.20731, pileup=-0.695013, scale_ele=6.99551, scale_muon=2.06337
RooProdPdf::model_s[ modelObs_s * nuisancePdf ]
     getLogVal() top-level p.d.f evaluates to zero @ !pdfs=(modelObs_s = 0/1,nuisancePdf = 1)

[#0] WARNING:Minization -- RooMinimizerFcn: Minimized function has error status.
Returning maximum FCN so far (40.1984) to force MIGRAD to back out of this region. Error log follows
Parameter values: JER_ele=-3.62304, JER_muon=-1.20406, JES_ele=4.51348, JES_muon=5.42523, QCD_stat_ele=6.14939, QCD_stat_muon=-6.84695, VBS_stat_ele=2.53669, VBS_stat_muon=-4.71401, ele_efficiency=-6.62298, ele_trigger=-2.72853, fakephoton_ele=5.38353, fakephoton_muon=-4.2346, interference=6.17806, lumi=-3.87725, mu_efficiency=6.99326, mu_trigger=-5.59429, non_prompt_stat_ele=6.99834, non_prompt_stat_muon=6.76632, others_stat_ele=-4.62211, others_stat_muon=-2.45046, others_xs=-1.31644, param=0.0193667, pdf_ele=3.98179, pdf_muon=2.43373, photon_id=-5.79626, pileup=-0.628711, scale_ele=-5.95305, scale_muon=6.34535
RooProdPdf::model_s[ modelObs_s * nuisancePdf ]
     getLogVal() top-level p.d.f evaluates to zero @ !pdfs=(modelObs_s = 0/1,nuisancePdf = 1)

[#0] WARNING:Minization -- RooMinimizerFcn: Minimized function has error status.
Returning maximum FCN so far (474.05) to force MIGRAD to back out of this region. Error log follows
Parameter values: JER_ele=0.511554, JER_muon=1.78673, JES_ele=2.05712, JES_muon=3.32121, QCD_stat_ele=3.09951, QCD_stat_muon=4.27815, VBS_stat_ele=1.6341, VBS_stat_muon=4.05659, ele_efficiency=0.275454, ele_trigger=-0.396851, fakephoton_ele=2.29122, fakephoton_muon=2.08339, interference=1.58348, lumi=1.76711, mu_efficiency=-1.24959, mu_trigger=0.639425, non_prompt_stat_ele=5.46658, non_prompt_stat_muon=0.820708, others_stat_ele=-1.47148, others_stat_muon=1.93788, others_xs=3.96583, param=0.19248, pdf_ele=0.890486, pdf_muon=4.32439, photon_id=4.03556, pileup=1.05579, scale_ele=3.49461, scale_muon=6.18328
RooProdPdf::model_s[ modelObs_s * nuisancePdf ]
     getLogVal() top-level p.d.f evaluates to zero @ !pdfs=(modelObs_s = 0/1,nuisancePdf = 1)

[#0] WARNING:Minization -- RooMinimizerFcn: Minimized function has error status.
Returning maximum FCN so far (474.05) to force MIGRAD to back out of this region. Error log follows
Parameter values: JER_ele=1.19146, JER_muon=-0.211461, JES_ele=3.07514, JES_muon=-0.43492, QCD_stat_ele=5.60668, QCD_stat_muon=-5.45672, VBS_stat_ele=2.78771, VBS_stat_muon=2.2276, ele_efficiency=0.489568, ele_trigger=0.345404, fakephoton_ele=5.81106, fakephoton_muon=1.02252, interference=0.0406432, lumi=0.670043, mu_efficiency=-2.0341, mu_trigger=-2.30436, non_prompt_stat_ele=6.87478, non_prompt_stat_muon=-2.06561, others_stat_ele=-0.956801, others_stat_muon=-1.26252, others_xs=3.62931, param=0.19249, pdf_ele=2.31399, pdf_muon=-0.328295, photon_id=1.04456, pileup=0.957019, scale_ele=5.8554, scale_muon=-3.62707
RooProdPdf::model_s[ modelObs_s * nuisancePdf ]
     getLogVal() top-level p.d.f evaluates to zero @ !pdfs=(modelObs_s = 0/1,nuisancePdf = 1)


 -- Hybrid New -- 
CLs = 0.416667 +/- 0.028912
Done in 14.72 min (cpu), 14.96 min (real)
