 <<< Combine >>> 
>>> including systematics
>>> using the Profile Likelihood test statistics modified for upper limits (Q_LHC)
>>> method used is HybridNew
>>> Used OpenSSL to get a really random seed -1237848641
Computing results starting from observation (a-posteriori)
[#0] WARNING:Minization -- RooMinimizerFcn: Minimized function has error status.
Returning maximum FCN so far (455.055) to force MIGRAD to back out of this region. Error log follows
Parameter values: JER_ele=-6.42341, JER_muon=-5.50443, JES_ele=6.8611, JES_muon=-6.85804, QCD_stat_ele=-6.82901, QCD_stat_muon=3.33676, VBS_stat_ele=5.65661, VBS_stat_muon=1.03676, ele_efficiency=-5.53264, ele_trigger=6.94507, fakephoton_ele=2.31612, fakephoton_muon=-1.48507, interference=1.9306, lumi=-0.278866, mu_efficiency=6.24863, mu_trigger=-6.54108, non_prompt_stat_ele=6.22694, non_prompt_stat_muon=-5.98402, others_stat_ele=2.1258, others_stat_muon=-2.24858, others_xs=-5.39013, param=1.01778, pdf_ele=3.26949, pdf_muon=-2.38945, photon_id=-3.17897, pileup=6.41099, scale_ele=-5.72866, scale_muon=-4.2963
RooProdPdf::model_s[ modelObs_s * nuisancePdf ]
     getLogVal() top-level p.d.f evaluates to zero @ !pdfs=(modelObs_s = 0/1,nuisancePdf = 1)

[#0] WARNING:Minization -- RooMinimizerFcn: Minimized function has error status.
Returning maximum FCN so far (455.055) to force MIGRAD to back out of this region. Error log follows
Parameter values: JER_ele=3.40141, JER_muon=5.90122, JES_ele=5.86383, JES_muon=-0.0891299, QCD_stat_ele=5.98298, QCD_stat_muon=6.99943, VBS_stat_ele=6.13478, VBS_stat_muon=-6.22261, ele_efficiency=4.82616, ele_trigger=3.72878, fakephoton_ele=6.86519, fakephoton_muon=-5.12367, interference=-0.0405363, lumi=-2.7191, mu_efficiency=2.87838, mu_trigger=-3.59241, non_prompt_stat_ele=6.96374, non_prompt_stat_muon=5.47978, others_stat_ele=-4.61995, others_stat_muon=-4.12151, others_xs=6.12563, param=0.926457, pdf_ele=-6.60529, pdf_muon=5.4991, photon_id=-1.32871, pileup=6.51279, scale_ele=2.02403, scale_muon=-2.66321
RooProdPdf::model_s[ modelObs_s * nuisancePdf ]
     getLogVal() top-level p.d.f evaluates to zero @ !pdfs=(modelObs_s = 0/1,nuisancePdf = 1)

[#0] WARNING:Minization -- RooMinimizerFcn: Minimized function has error status.
Returning maximum FCN so far (554.155) to force MIGRAD to back out of this region. Error log follows
Parameter values: JER_ele=3.08085, JER_muon=-1.28504, JES_ele=5.9402, JES_muon=0.0313208, QCD_stat_ele=3.51707, QCD_stat_muon=-3.13231, VBS_stat_ele=1.36397, VBS_stat_muon=-2.2636, ele_efficiency=1.11415, ele_trigger=0.591975, fakephoton_ele=5.32231, fakephoton_muon=-3.47555, interference=5.33931, lumi=-2.53245, mu_efficiency=-1.1163, mu_trigger=-5.74, non_prompt_stat_ele=6.08883, non_prompt_stat_muon=-1.46566, others_stat_ele=-1.54531, others_stat_muon=6.18234, others_xs=-2.69471, param=0.373083, pdf_ele=-5.84959, pdf_muon=-2.33679, photon_id=1.91497, pileup=3.03317, scale_ele=3.43289, scale_muon=4.48035
RooProdPdf::model_s[ modelObs_s * nuisancePdf ]
     getLogVal() top-level p.d.f evaluates to zero @ !pdfs=(modelObs_s = 0/1,nuisancePdf = 1)

[#0] WARNING:Minization -- RooMinimizerFcn: Minimized function has error status.
Returning maximum FCN so far (697.744) to force MIGRAD to back out of this region. Error log follows
Parameter values: JER_ele=1.92218, JER_muon=2.05521, JES_ele=6.63929, JES_muon=4.78607, QCD_stat_ele=-2.4703, QCD_stat_muon=1.19628, VBS_stat_ele=-5.82033, VBS_stat_muon=-1.00694, ele_efficiency=6.78925, ele_trigger=-5.94301, fakephoton_ele=2.52551, fakephoton_muon=-4.74142, interference=3.74241, lumi=-5.83366, mu_efficiency=-2.17089, mu_trigger=1.97374, non_prompt_stat_ele=6.72932, non_prompt_stat_muon=-4.86653, others_stat_ele=6.60849, others_stat_muon=-0.619522, others_xs=-5.69012, param=1.22046, pdf_ele=-1.15948, pdf_muon=6.57214, photon_id=3.85854, pileup=6.49161, scale_ele=-2.0499, scale_muon=-2.67229
RooProdPdf::model_s[ modelObs_s * nuisancePdf ]
     getLogVal() top-level p.d.f evaluates to zero @ !pdfs=(modelObs_s = 0/1,nuisancePdf = 1)

[#0] WARNING:Minization -- RooMinimizerFcn: Minimized function has error status.
Returning maximum FCN so far (697.744) to force MIGRAD to back out of this region. Error log follows
Parameter values: JER_ele=1.75456, JER_muon=3.48583, JES_ele=4.06448, JES_muon=1.1239, QCD_stat_ele=6.99973, QCD_stat_muon=6.80471, VBS_stat_ele=-3.35738, VBS_stat_muon=1.43686, ele_efficiency=4.22149, ele_trigger=4.98116, fakephoton_ele=0.617998, fakephoton_muon=-1.31481, interference=-0.631895, lumi=4.22876, mu_efficiency=-0.680355, mu_trigger=3.54306, non_prompt_stat_ele=6.67809, non_prompt_stat_muon=-3.33566, others_stat_ele=5.4301, others_stat_muon=-2.9028, others_xs=-4.6525, param=1.24025, pdf_ele=2.86516, pdf_muon=4.22087, photon_id=6.23851, pileup=-1.32374, scale_ele=5.68627, scale_muon=6.44892
RooProdPdf::model_s[ modelObs_s * nuisancePdf ]
     getLogVal() top-level p.d.f evaluates to zero @ !pdfs=(modelObs_s = 0/1,nuisancePdf = 1)

[#0] WARNING:Minization -- RooMinimizerFcn: Minimized function has error status.
Returning maximum FCN so far (435.167) to force MIGRAD to back out of this region. Error log follows
Parameter values: JER_ele=5.63035, JER_muon=-6.97871, JES_ele=0.693993, JES_muon=-1.47506, QCD_stat_ele=6.99773, QCD_stat_muon=5.11011, VBS_stat_ele=-1.34772, VBS_stat_muon=3.43392, ele_efficiency=-5.71655, ele_trigger=-3.12601, fakephoton_ele=6.17548, fakephoton_muon=6.9944, interference=-2.31259, lumi=-5.2154, mu_efficiency=-6.99657, mu_trigger=6.99961, non_prompt_stat_ele=5.40333, non_prompt_stat_muon=6.02929, others_stat_ele=-3.52708, others_stat_muon=-3.7088, others_xs=-3.41417, param=0.228994, pdf_ele=0.904401, pdf_muon=-3.55016, photon_id=3.40915, pileup=1.77713, scale_ele=4.83783, scale_muon=-6.41527
RooProdPdf::model_s[ modelObs_s * nuisancePdf ]
     getLogVal() top-level p.d.f evaluates to zero @ !pdfs=(modelObs_s = 0/1,nuisancePdf = 1)

[#0] WARNING:Minization -- RooMinimizerFcn: Minimized function has error status.
Returning maximum FCN so far (599.232) to force MIGRAD to back out of this region. Error log follows
Parameter values: JER_ele=-3.85972, JER_muon=6.16473, JES_ele=4.52091, JES_muon=6.77218, QCD_stat_ele=4.3958, QCD_stat_muon=6.8815, VBS_stat_ele=-5.96627, VBS_stat_muon=-6.40436, ele_efficiency=6.9806, ele_trigger=6.78193, fakephoton_ele=3.42161, fakephoton_muon=6.1434, interference=-5.87577, lumi=5.89007, mu_efficiency=6.99919, mu_trigger=-6.04109, non_prompt_stat_ele=5.92091, non_prompt_stat_muon=-6.98598, others_stat_ele=-4.37079, others_stat_muon=1.24625, others_xs=6.99, param=0.975152, pdf_ele=4.93006, pdf_muon=-0.309466, photon_id=-3.9636, pileup=6.9556, scale_ele=5.73557, scale_muon=4.73651
RooProdPdf::model_s[ modelObs_s * nuisancePdf ]
     getLogVal() top-level p.d.f evaluates to zero @ !pdfs=(modelObs_s = 0/1,nuisancePdf = 1)

[#0] WARNING:Minization -- RooMinimizerFcn: Minimized function has error status.
Returning maximum FCN so far (599.232) to force MIGRAD to back out of this region. Error log follows
Parameter values: JER_ele=-6.99996, JER_muon=-6.98593, JES_ele=-5.07742, JES_muon=-5.63985, QCD_stat_ele=4.7366, QCD_stat_muon=1.05179, VBS_stat_ele=4.5316, VBS_stat_muon=-0.500802, ele_efficiency=4.36898, ele_trigger=6.8552, fakephoton_ele=6.98296, fakephoton_muon=-0.662873, interference=-2.59473, lumi=-5.52252, mu_efficiency=3.94159, mu_trigger=1.93862, non_prompt_stat_ele=3.38997, non_prompt_stat_muon=1.19564, others_stat_ele=6.66039, others_stat_muon=0.637803, others_xs=-6.72511, param=0.275594, pdf_ele=-3.67408, pdf_muon=-1.76655, photon_id=6.84637, pileup=4.95257, scale_ele=-0.0328429, scale_muon=-3.54777
RooProdPdf::model_s[ modelObs_s * nuisancePdf ]
     getLogVal() top-level p.d.f evaluates to zero @ !pdfs=(modelObs_s = 0/1,nuisancePdf = 1)

[#0] WARNING:Minization -- RooMinimizerFcn: Minimized function has error status.
Returning maximum FCN so far (602.294) to force MIGRAD to back out of this region. Error log follows
Parameter values: JER_ele=-2.65995, JER_muon=0.223476, JES_ele=3.63806, JES_muon=-6.32303, QCD_stat_ele=-0.378729, QCD_stat_muon=-4.47066, VBS_stat_ele=0.14183, VBS_stat_muon=0.571499, ele_efficiency=1.42419, ele_trigger=-0.771174, fakephoton_ele=5.71356, fakephoton_muon=0.92929, interference=-4.03957, lumi=2.71124, mu_efficiency=2.95777, mu_trigger=-5.92383, non_prompt_stat_ele=6.01726, non_prompt_stat_muon=-6.99988, others_stat_ele=-4.26088, others_stat_muon=-4.87241, others_xs=2.01707, param=0.984712, pdf_ele=4.01201, pdf_muon=-6.99038, photon_id=-2.93886, pileup=-2.91081, scale_ele=-5.60309, scale_muon=-1.31205
RooProdPdf::model_s[ modelObs_s * nuisancePdf ]
     getLogVal() top-level p.d.f evaluates to zero @ !pdfs=(modelObs_s = 0/1,nuisancePdf = 1)

[#0] WARNING:Minization -- RooMinimizerFcn: Minimized function has error status.
Returning maximum FCN so far (938.213) to force MIGRAD to back out of this region. Error log follows
Parameter values: JER_ele=5.26961, JER_muon=1.16712, JES_ele=0.0382307, JES_muon=-5.01266, QCD_stat_ele=-5.96803, QCD_stat_muon=-2.61285, VBS_stat_ele=6.53166, VBS_stat_muon=-1.49841, ele_efficiency=-5.574, ele_trigger=-4.71991, fakephoton_ele=6.49131, fakephoton_muon=6.28022, interference=-0.650568, lumi=-4.64847, mu_efficiency=-2.19562, mu_trigger=0.676047, non_prompt_stat_ele=5.75252, non_prompt_stat_muon=6.33376, others_stat_ele=2.42231, others_stat_muon=6.9942, others_xs=0.714781, param=0.980969, pdf_ele=0.00840424, pdf_muon=6.909, photon_id=-4.56554, pileup=6.99999, scale_ele=5.32197, scale_muon=2.13223
RooProdPdf::model_s[ modelObs_s * nuisancePdf ]
     getLogVal() top-level p.d.f evaluates to zero @ !pdfs=(modelObs_s = 0/1,nuisancePdf = 1)

[#0] WARNING:Minization -- RooMinimizerFcn: Minimized function has error status.
Returning maximum FCN so far (938.213) to force MIGRAD to back out of this region. Error log follows
Parameter values: JER_ele=1.02021, JER_muon=0.586831, JES_ele=4.79271, JES_muon=1.61688, QCD_stat_ele=6.19128, QCD_stat_muon=2.58706, VBS_stat_ele=2.57557, VBS_stat_muon=2.79598, ele_efficiency=1.21956, ele_trigger=2.49602, fakephoton_ele=6.97807, fakephoton_muon=-6.99278, interference=-0.570154, lumi=4.38384, mu_efficiency=2.54259, mu_trigger=-1.29363, non_prompt_stat_ele=6.98702, non_prompt_stat_muon=6.92453, others_stat_ele=5.51668, others_stat_muon=-3.06506, others_xs=4.33049, param=0.985155, pdf_ele=5.39266, pdf_muon=0.279574, photon_id=6.02155, pileup=-1.08496, scale_ele=3.83731, scale_muon=4.18809
RooProdPdf::model_s[ modelObs_s * nuisancePdf ]
     getLogVal() top-level p.d.f evaluates to zero @ !pdfs=(modelObs_s = 0/1,nuisancePdf = 1)

[#0] WARNING:Minization -- RooMinimizerFcn: Minimized function has error status.
Returning maximum FCN so far (938.213) to force MIGRAD to back out of this region. Error log follows
Parameter values: JER_ele=-4.7866, JER_muon=-6.94156, JES_ele=-6.97512, JES_muon=-4.60368, QCD_stat_ele=3.65527, QCD_stat_muon=0.488898, VBS_stat_ele=-6.92265, VBS_stat_muon=5.82667, ele_efficiency=-6.75256, ele_trigger=-6.99947, fakephoton_ele=5.85014, fakephoton_muon=3.72033, interference=2.64154, lumi=-6.67999, mu_efficiency=6.53417, mu_trigger=6.98329, non_prompt_stat_ele=5.97825, non_prompt_stat_muon=2.41367, others_stat_ele=-3.15705, others_stat_muon=-4.90096, others_xs=5.38449, param=0.982934, pdf_ele=6.29814, pdf_muon=6.98228, photon_id=-4.18334, pileup=-6.65921, scale_ele=6.2604, scale_muon=-2.97143
RooProdPdf::model_s[ modelObs_s * nuisancePdf ]
     getLogVal() top-level p.d.f evaluates to zero @ !pdfs=(modelObs_s = 0/1,nuisancePdf = 1)

[#0] WARNING:Minization -- RooMinimizerFcn: Minimized function has error status.
Returning maximum FCN so far (609.913) to force MIGRAD to back out of this region. Error log follows
Parameter values: JER_ele=3.93927, JER_muon=-5.4015, JES_ele=1.66283, JES_muon=-6.96951, QCD_stat_ele=4.81858, QCD_stat_muon=-3.83666, VBS_stat_ele=2.83025, VBS_stat_muon=5.1699, ele_efficiency=-0.931063, ele_trigger=6.99994, fakephoton_ele=6.63445, fakephoton_muon=1.33293, interference=-6.67134, lumi=6.98074, mu_efficiency=6.58201, mu_trigger=-6.39822, non_prompt_stat_ele=2.98719, non_prompt_stat_muon=-0.691728, others_stat_ele=-6.82265, others_stat_muon=-3.97298, others_xs=5.5384, param=0.541592, pdf_ele=-2.94824, pdf_muon=-6.66856, photon_id=1.22943, pileup=-6.98975, scale_ele=6.82193, scale_muon=-4.0876
RooProdPdf::model_s[ modelObs_s * nuisancePdf ]
     getLogVal() top-level p.d.f evaluates to zero @ !pdfs=(modelObs_s = 0/1,nuisancePdf = 1)

[#0] WARNING:Minization -- RooMinimizerFcn: Minimized function has error status.
Returning maximum FCN so far (609.913) to force MIGRAD to back out of this region. Error log follows
Parameter values: JER_ele=3.94278, JER_muon=-6.79147, JES_ele=2.40013, JES_muon=-4.39354, QCD_stat_ele=-6.90744, QCD_stat_muon=-6.80029, VBS_stat_ele=-4.18263, VBS_stat_muon=6.55884, ele_efficiency=6.9861, ele_trigger=-4.51945, fakephoton_ele=6.22074, fakephoton_muon=-6.34861, interference=0.521002, lumi=-2.19178, mu_efficiency=1.22627, mu_trigger=-6.82195, non_prompt_stat_ele=6.83677, non_prompt_stat_muon=-6.95701, others_stat_ele=-0.352644, others_stat_muon=6.99342, others_xs=-6.32688, param=0.00104819, pdf_ele=-3.19776, pdf_muon=-0.767899, photon_id=-6.9436, pileup=1.49208, scale_ele=-0.942247, scale_muon=2.40938
RooProdPdf::model_s[ modelObs_s * nuisancePdf ]
     getLogVal() top-level p.d.f evaluates to zero @ !pdfs=(modelObs_s = 0/1,nuisancePdf = 1)

[#0] WARNING:Minization -- RooMinimizerFcn: Minimized function has error status.
Returning maximum FCN so far (655.082) to force MIGRAD to back out of this region. Error log follows
Parameter values: JER_ele=5.99137, JER_muon=5.17637, JES_ele=5.7566, JES_muon=4.89874, QCD_stat_ele=6.58143, QCD_stat_muon=5.99386, VBS_stat_ele=6.92084, VBS_stat_muon=4.99858, ele_efficiency=2.28073, ele_trigger=3.6877, fakephoton_ele=6.96156, fakephoton_muon=-0.102376, interference=4.12316, lumi=5.53844, mu_efficiency=1.19238, mu_trigger=5.76358, non_prompt_stat_ele=4.35243, non_prompt_stat_muon=0.636986, others_stat_ele=6.62763, others_stat_muon=5.46833, others_xs=5.71793, param=0.0498887, pdf_ele=5.56946, pdf_muon=4.55269, photon_id=1.61952, pileup=2.08158, scale_ele=6.53627, scale_muon=6.5191
RooProdPdf::model_s[ modelObs_s * nuisancePdf ]
     getLogVal() top-level p.d.f evaluates to zero @ !pdfs=(modelObs_s = 0/1,nuisancePdf = 1)

[#0] WARNING:Minization -- RooMinimizerFcn: Minimized function has error status.
Returning maximum FCN so far (655.082) to force MIGRAD to back out of this region. Error log follows
Parameter values: JER_ele=-5.00736, JER_muon=3.93066, JES_ele=3.96114, JES_muon=-1.09662, QCD_stat_ele=-5.09395, QCD_stat_muon=-6.94714, VBS_stat_ele=-6.97176, VBS_stat_muon=6.45714, ele_efficiency=-0.995895, ele_trigger=-6.96481, fakephoton_ele=6.89841, fakephoton_muon=-5.00643, interference=-2.65902, lumi=-5.4196, mu_efficiency=5.57121, mu_trigger=5.10027, non_prompt_stat_ele=5.64758, non_prompt_stat_muon=0.438787, others_stat_ele=2.09663, others_stat_muon=1.40823, others_xs=4.95302, param=0.0222216, pdf_ele=-3.84167, pdf_muon=-4.88264, photon_id=6.99922, pileup=6.8806, scale_ele=-3.81019, scale_muon=-6.91726
RooProdPdf::model_s[ modelObs_s * nuisancePdf ]
     getLogVal() top-level p.d.f evaluates to zero @ !pdfs=(modelObs_s = 0/1,nuisancePdf = 1)

[#0] WARNING:Minization -- RooMinimizerFcn: Minimized function has error status.
Returning maximum FCN so far (655.082) to force MIGRAD to back out of this region. Error log follows
Parameter values: JER_ele=6.33191, JER_muon=5.9626, JES_ele=2.98446, JES_muon=-2.19131, QCD_stat_ele=-3.37587, QCD_stat_muon=6.96353, VBS_stat_ele=5.22391, VBS_stat_muon=1.60269, ele_efficiency=1.61187, ele_trigger=-4.63699, fakephoton_ele=6.3609, fakephoton_muon=-6.05645, interference=3.42008, lumi=6.59866, mu_efficiency=-3.95974, mu_trigger=6.57792, non_prompt_stat_ele=5.41741, non_prompt_stat_muon=-3.58725, others_stat_ele=2.97029, others_stat_muon=-2.17615, others_xs=-0.735427, param=0.0522515, pdf_ele=-6.99977, pdf_muon=-6.98207, photon_id=4.46518, pileup=3.20952, scale_ele=2.64083, scale_muon=1.32818
RooProdPdf::model_s[ modelObs_s * nuisancePdf ]
     getLogVal() top-level p.d.f evaluates to zero @ !pdfs=(modelObs_s = 0/1,nuisancePdf = 1)

[#0] WARNING:Minization -- RooMinimizerFcn: Minimized function has error status.
Returning maximum FCN so far (655.082) to force MIGRAD to back out of this region. Error log follows
Parameter values: JER_ele=5.5849, JER_muon=5.9101, JES_ele=4.3119, JES_muon=5.78837, QCD_stat_ele=5.59575, QCD_stat_muon=5.84387, VBS_stat_ele=6.98574, VBS_stat_muon=5.81857, ele_efficiency=1.84825, ele_trigger=1.86662, fakephoton_ele=6.89878, fakephoton_muon=0.642229, interference=4.39187, lumi=5.82572, mu_efficiency=0.918304, mu_trigger=6.52101, non_prompt_stat_ele=5.97385, non_prompt_stat_muon=2.35858, others_stat_ele=5.25347, others_stat_muon=6.08845, others_xs=5.39793, param=0.0501585, pdf_ele=2.94129, pdf_muon=5.81026, photon_id=1.79088, pileup=2.11137, scale_ele=3.61681, scale_muon=6.97083
RooProdPdf::model_s[ modelObs_s * nuisancePdf ]
     getLogVal() top-level p.d.f evaluates to zero @ !pdfs=(modelObs_s = 0/1,nuisancePdf = 1)

[#0] WARNING:Minization -- RooMinimizerFcn: Minimized function has error status.
Returning maximum FCN so far (664.775) to force MIGRAD to back out of this region. Error log follows
Parameter values: JER_ele=5.84045, JER_muon=2.52568, JES_ele=0.402475, JES_muon=-6.3177, QCD_stat_ele=5.84467, QCD_stat_muon=5.54282, VBS_stat_ele=5.86373, VBS_stat_muon=-2.68187, ele_efficiency=0.897533, ele_trigger=-5.8257, fakephoton_ele=4.13779, fakephoton_muon=-6.31857, interference=0.173738, lumi=5.88634, mu_efficiency=-5.85147, mu_trigger=3.95356, non_prompt_stat_ele=4.65869, non_prompt_stat_muon=-2.59746, others_stat_ele=-1.5254, others_stat_muon=-6.87667, others_xs=-5.20527, param=0.0498603, pdf_ele=-6.55971, pdf_muon=-4.78647, photon_id=5.85806, pileup=2.67645, scale_ele=5.79318, scale_muon=5.73028
RooProdPdf::model_s[ modelObs_s * nuisancePdf ]
     getLogVal() top-level p.d.f evaluates to zero @ !pdfs=(modelObs_s = 0/1,nuisancePdf = 1)

[#0] WARNING:Minization -- RooMinimizerFcn: Minimized function has error status.
Returning maximum FCN so far (664.775) to force MIGRAD to back out of this region. Error log follows
Parameter values: JER_ele=5.12988, JER_muon=6.04449, JES_ele=2.93157, JES_muon=5.81703, QCD_stat_ele=2.44884, QCD_stat_muon=5.21246, VBS_stat_ele=6.99989, VBS_stat_muon=5.70085, ele_efficiency=1.43137, ele_trigger=-0.286485, fakephoton_ele=6.05339, fakephoton_muon=0.93618, interference=4.18181, lumi=6.27363, mu_efficiency=-0.550508, mu_trigger=6.83711, non_prompt_stat_ele=5.46781, non_prompt_stat_muon=2.91153, others_stat_ele=3.03619, others_stat_muon=5.55829, others_xs=4.46742, param=0.0532902, pdf_ele=-0.833019, pdf_muon=5.58558, photon_id=2.68652, pileup=2.17625, scale_ele=-5.59091, scale_muon=6.99804
RooProdPdf::model_s[ modelObs_s * nuisancePdf ]
     getLogVal() top-level p.d.f evaluates to zero @ !pdfs=(modelObs_s = 0/1,nuisancePdf = 1)

[#0] WARNING:Minization -- RooMinimizerFcn: Minimized function has error status.
Returning maximum FCN so far (631.339) to force MIGRAD to back out of this region. Error log follows
Parameter values: JER_ele=-3.82012, JER_muon=-1.53409, JES_ele=-2.47285, JES_muon=-5.10615, QCD_stat_ele=6.44419, QCD_stat_muon=4.14082, VBS_stat_ele=6.49366, VBS_stat_muon=6.96345, ele_efficiency=-1.05538, ele_trigger=0.582221, fakephoton_ele=2.76518, fakephoton_muon=2.47095, interference=4.4382, lumi=6.79755, mu_efficiency=-0.848323, mu_trigger=-3.17456, non_prompt_stat_ele=6.62581, non_prompt_stat_muon=5.02574, others_stat_ele=-1.27735, others_stat_muon=-0.34561, others_xs=3.67781, param=1.35104, pdf_ele=-4.84745, pdf_muon=-4.27568, photon_id=-6.15577, pileup=-3.7252, scale_ele=3.38339, scale_muon=-0.485517
RooProdPdf::model_s[ modelObs_s * nuisancePdf ]
     getLogVal() top-level p.d.f evaluates to zero @ !pdfs=(modelObs_s = 0/1,nuisancePdf = 1)

[#0] WARNING:Minization -- RooMinimizerFcn: Minimized function has error status.
Returning maximum FCN so far (631.339) to force MIGRAD to back out of this region. Error log follows
Parameter values: JER_ele=-0.822304, JER_muon=4.48263, JES_ele=-0.411649, JES_muon=3.32566, QCD_stat_ele=-5.56716, QCD_stat_muon=4.36983, VBS_stat_ele=4.24746, VBS_stat_muon=6.88138, ele_efficiency=0.309493, ele_trigger=0.343915, fakephoton_ele=6.82773, fakephoton_muon=6.85038, interference=4.42603, lumi=5.82753, mu_efficiency=1.16161, mu_trigger=5.60004, non_prompt_stat_ele=5.27643, non_prompt_stat_muon=4.55425, others_stat_ele=0.685765, others_stat_muon=6.41245, others_xs=5.30278, param=1.35133, pdf_ele=-1.59925, pdf_muon=5.64097, photon_id=5.35906, pileup=-0.519156, scale_ele=2.79709, scale_muon=2.05725
RooProdPdf::model_s[ modelObs_s * nuisancePdf ]
     getLogVal() top-level p.d.f evaluates to zero @ !pdfs=(modelObs_s = 0/1,nuisancePdf = 1)

[#0] WARNING:Minization -- RooMinimizerFcn: Minimized function has error status.
Returning maximum FCN so far (631.339) to force MIGRAD to back out of this region. Error log follows
Parameter values: JER_ele=4.24637, JER_muon=-6.85808, JES_ele=-3.83758, JES_muon=-3.68648, QCD_stat_ele=-6.9938, QCD_stat_muon=-5.2397, VBS_stat_ele=6.8563, VBS_stat_muon=4.38257, ele_efficiency=-6.9987, ele_trigger=0.0963118, fakephoton_ele=2.56676, fakephoton_muon=6.94418, interference=-6.43467, lumi=6.9893, mu_efficiency=-3.07984, mu_trigger=2.22577, non_prompt_stat_ele=5.67881, non_prompt_stat_muon=5.71295, others_stat_ele=-5.75479, others_stat_muon=-6.64857, others_xs=6.51169, param=1.34743, pdf_ele=6.91925, pdf_muon=-6.79264, photon_id=1.8252, pileup=4.91592, scale_ele=-0.808317, scale_muon=-6.51983
RooProdPdf::model_s[ modelObs_s * nuisancePdf ]
     getLogVal() top-level p.d.f evaluates to zero @ !pdfs=(modelObs_s = 0/1,nuisancePdf = 1)

[#0] WARNING:Minization -- RooMinimizerFcn: Minimized function has error status.
Returning maximum FCN so far (631.339) to force MIGRAD to back out of this region. Error log follows
Parameter values: JER_ele=-0.696689, JER_muon=5.95813, JES_ele=0.298986, JES_muon=5.80027, QCD_stat_ele=5.18211, QCD_stat_muon=-6.87088, VBS_stat_ele=6.94495, VBS_stat_muon=6.06106, ele_efficiency=0.237381, ele_trigger=0.783468, fakephoton_ele=4.61086, fakephoton_muon=6.85321, interference=6.20267, lumi=6.99634, mu_efficiency=1.92566, mu_trigger=6.83598, non_prompt_stat_ele=5.57645, non_prompt_stat_muon=6.92379, others_stat_ele=1.72349, others_stat_muon=6.98548, others_xs=6.50712, param=1.35273, pdf_ele=-0.856936, pdf_muon=6.97532, photon_id=6.9981, pileup=-1.06081, scale_ele=4.34674, scale_muon=-6.50679
RooProdPdf::model_s[ modelObs_s * nuisancePdf ]
     getLogVal() top-level p.d.f evaluates to zero @ !pdfs=(modelObs_s = 0/1,nuisancePdf = 1)

[#0] WARNING:Minization -- RooMinimizerFcn: Minimized function has error status.
Returning maximum FCN so far (631.339) to force MIGRAD to back out of this region. Error log follows
Parameter values: JER_ele=-0.382221, JER_muon=-2.11998, JES_ele=-0.708005, JES_muon=-5.16233, QCD_stat_ele=-1.8924, QCD_stat_muon=-6.2463, VBS_stat_ele=4.43853, VBS_stat_muon=1.68808, ele_efficiency=0.509493, ele_trigger=-0.631463, fakephoton_ele=6.18272, fakephoton_muon=4.75486, interference=0.157653, lumi=1.9653, mu_efficiency=-1.24252, mu_trigger=-2.60687, non_prompt_stat_ele=5.94627, non_prompt_stat_muon=3.51972, others_stat_ele=-0.302647, others_stat_muon=-1.70162, others_xs=-0.678544, param=1.35267, pdf_ele=-1.71453, pdf_muon=-6.01662, photon_id=-5.75352, pileup=-0.249957, scale_ele=-0.670682, scale_muon=-6.9593
RooProdPdf::model_s[ modelObs_s * nuisancePdf ]
     getLogVal() top-level p.d.f evaluates to zero @ !pdfs=(modelObs_s = 0/1,nuisancePdf = 1)

[#0] WARNING:Minization -- RooMinimizerFcn: Minimized function has error status.
Returning maximum FCN so far (631.339) to force MIGRAD to back out of this region. Error log follows
Parameter values: JER_ele=0.84536, JER_muon=1.52246, JES_ele=0.476387, JES_muon=2.93664, QCD_stat_ele=-6.94289, QCD_stat_muon=6.94189, VBS_stat_ele=2.62225, VBS_stat_muon=2.48755, ele_efficiency=1.03579, ele_trigger=-0.118089, fakephoton_ele=3.76086, fakephoton_muon=2.40987, interference=0.881454, lumi=1.74181, mu_efficiency=-0.0136487, mu_trigger=2.68214, non_prompt_stat_ele=4.45821, non_prompt_stat_muon=2.30143, others_stat_ele=1.14672, others_stat_muon=3.16175, others_xs=1.78089, param=1.35301, pdf_ele=0.0792685, pdf_muon=3.739, photon_id=3.43109, pileup=1.00359, scale_ele=1.37031, scale_muon=6.89445
RooProdPdf::model_s[ modelObs_s * nuisancePdf ]
     getLogVal() top-level p.d.f evaluates to zero @ !pdfs=(modelObs_s = 0/1,nuisancePdf = 1)

[#0] WARNING:Minization -- RooMinimizerFcn: Minimized function has error status.
Returning maximum FCN so far (543.579) to force MIGRAD to back out of this region. Error log follows
Parameter values: JER_ele=-6.69243, JER_muon=-6.87938, JES_ele=-2.7361, JES_muon=4.38286, QCD_stat_ele=5.02554, QCD_stat_muon=1.54796, VBS_stat_ele=2.4282, VBS_stat_muon=6.76428, ele_efficiency=5.36786, ele_trigger=-0.625975, fakephoton_ele=5.84837, fakephoton_muon=6.6506, interference=1.47948, lumi=5.52939, mu_efficiency=5.04332, mu_trigger=0.385032, non_prompt_stat_ele=6.93602, non_prompt_stat_muon=-5.13666, others_stat_ele=-1.60453, others_stat_muon=6.74002, others_xs=-6.70623, param=1.29262, pdf_ele=5.37459, pdf_muon=2.11999, photon_id=-6.24315, pileup=2.19745, scale_ele=-0.571741, scale_muon=-1.98755
RooProdPdf::model_s[ modelObs_s * nuisancePdf ]
     getLogVal() top-level p.d.f evaluates to zero @ !pdfs=(modelObs_s = 0/1,nuisancePdf = 1)

[#0] WARNING:Minization -- RooMinimizerFcn: Minimized function has error status.
Returning maximum FCN so far (581.334) to force MIGRAD to back out of this region. Error log follows
Parameter values: JER_ele=6.30762, JER_muon=6.98441, JES_ele=-6.99661, JES_muon=-6.98151, QCD_stat_ele=4.32242, QCD_stat_muon=0.44987, VBS_stat_ele=1.91581, VBS_stat_muon=-6.19538, ele_efficiency=-4.15365, ele_trigger=-6.52534, fakephoton_ele=6.6509, fakephoton_muon=6.24378, interference=2.35301, lumi=3.99922, mu_efficiency=-6.15048, mu_trigger=6.95362, non_prompt_stat_ele=4.31432, non_prompt_stat_muon=-6.13845, others_stat_ele=2.40391, others_stat_muon=5.95233, others_xs=0.842946, param=1.27644, pdf_ele=-0.462234, pdf_muon=-6.93669, photon_id=-1.15446, pileup=-0.24684, scale_ele=-3.74991, scale_muon=-5.90777
RooProdPdf::model_s[ modelObs_s * nuisancePdf ]
     getLogVal() top-level p.d.f evaluates to zero @ !pdfs=(modelObs_s = 0/1,nuisancePdf = 1)

[#0] WARNING:Minization -- RooMinimizerFcn: Minimized function has error status.
Returning maximum FCN so far (581.334) to force MIGRAD to back out of this region. Error log follows
Parameter values: JER_ele=3.11083, JER_muon=0.197381, JES_ele=4.81886, JES_muon=-2.00679, QCD_stat_ele=-6.43298, QCD_stat_muon=5.66307, VBS_stat_ele=6.99991, VBS_stat_muon=-1.9564, ele_efficiency=1.37474, ele_trigger=2.94941, fakephoton_ele=6.04565, fakephoton_muon=-2.68132, interference=-0.123868, lumi=3.70314, mu_efficiency=-3.55659, mu_trigger=-4.27554, non_prompt_stat_ele=4.54982, non_prompt_stat_muon=6.86969, others_stat_ele=4.10828, others_stat_muon=4.87677, others_xs=4.04406, param=1.29064, pdf_ele=6.99965, pdf_muon=6.38225, photon_id=-5.48534, pileup=-4.11518, scale_ele=1.61514, scale_muon=-3.3162
RooProdPdf::model_s[ modelObs_s * nuisancePdf ]
     getLogVal() top-level p.d.f evaluates to zero @ !pdfs=(modelObs_s = 0/1,nuisancePdf = 1)

[#0] WARNING:Minization -- RooMinimizerFcn: Minimized function has error status.
Returning maximum FCN so far (515.48) to force MIGRAD to back out of this region. Error log follows
Parameter values: JER_ele=6.70308, JER_muon=-3.95945, JES_ele=5.34045, JES_muon=-5.53948, QCD_stat_ele=-5.02987, QCD_stat_muon=-6.37393, VBS_stat_ele=2.23943, VBS_stat_muon=5.35994, ele_efficiency=-1.95733, ele_trigger=-4.69839, fakephoton_ele=4.47164, fakephoton_muon=-0.345851, interference=-6.83973, lumi=6.89933, mu_efficiency=6.84424, mu_trigger=6.688, non_prompt_stat_ele=5.00655, non_prompt_stat_muon=-3.84891, others_stat_ele=6.6645, others_stat_muon=-4.51986, others_xs=-3.49402, param=0.361581, pdf_ele=-1.01087, pdf_muon=2.48136, photon_id=6.58813, pileup=-2.5791, scale_ele=-6.20272, scale_muon=-3.06451
RooProdPdf::model_s[ modelObs_s * nuisancePdf ]
     getLogVal() top-level p.d.f evaluates to zero @ !pdfs=(modelObs_s = 0/1,nuisancePdf = 1)

[#0] WARNING:Minization -- RooMinimizerFcn: Minimized function has error status.
Returning maximum FCN so far (515.48) to force MIGRAD to back out of this region. Error log follows
Parameter values: JER_ele=-6.9977, JER_muon=6.60597, JES_ele=4.96023, JES_muon=-6.99265, QCD_stat_ele=3.08393, QCD_stat_muon=0.959232, VBS_stat_ele=-2.11712, VBS_stat_muon=3.65358, ele_efficiency=4.78274, ele_trigger=-5.73313, fakephoton_ele=5.63758, fakephoton_muon=0.830035, interference=-6.37697, lumi=-6.96092, mu_efficiency=-6.86685, mu_trigger=-5.28188, non_prompt_stat_ele=4.14195, non_prompt_stat_muon=6.9915, others_stat_ele=1.98214, others_stat_muon=1.49704, others_xs=-0.383939, param=0.299591, pdf_ele=5.30239, pdf_muon=-3.63758, photon_id=2.54957, pileup=1.25057, scale_ele=3.80041, scale_muon=-0.233292
RooProdPdf::model_s[ modelObs_s * nuisancePdf ]
     getLogVal() top-level p.d.f evaluates to zero @ !pdfs=(modelObs_s = 0/1,nuisancePdf = 1)

[#0] WARNING:Minization -- RooMinimizerFcn: Minimized function has error status.
Returning maximum FCN so far (528.862) to force MIGRAD to back out of this region. Error log follows
Parameter values: JER_ele=4.45763, JER_muon=3.94053, JES_ele=3.27173, JES_muon=3.30729, QCD_stat_ele=-4.76361, QCD_stat_muon=6.81533, VBS_stat_ele=5.78086, VBS_stat_muon=0.633473, ele_efficiency=-4.43143, ele_trigger=5.41126, fakephoton_ele=2.19411, fakephoton_muon=1.97703, interference=-2.47308, lumi=0.704085, mu_efficiency=0.57377, mu_trigger=2.33595, non_prompt_stat_ele=4.77745, non_prompt_stat_muon=6.65805, others_stat_ele=4.25972, others_stat_muon=0.818674, others_xs=0.58793, param=0.283704, pdf_ele=6.29346, pdf_muon=2.87849, photon_id=5.25185, pileup=-0.531045, scale_ele=2.88875, scale_muon=3.26792
RooProdPdf::model_s[ modelObs_s * nuisancePdf ]
     getLogVal() top-level p.d.f evaluates to zero @ !pdfs=(modelObs_s = 0/1,nuisancePdf = 1)


 -- Hybrid New -- 
CLs = 0.546392 +/- 0.0387371
Done in 15.43 min (cpu), 15.54 min (real)
