 <<< Combine >>> 
>>> including systematics
>>> using the Profile Likelihood test statistics modified for upper limits (Q_LHC)
>>> method used is HybridNew
>>> Used OpenSSL to get a really random seed -1603189723
Computing results starting from observation (a-posteriori)
[#0] WARNING:Minization -- RooMinimizerFcn: Minimized function has error status.
Returning maximum FCN so far (327.647) to force MIGRAD to back out of this region. Error log follows
Parameter values: JER_ele=-0.0171684, JER_muon=0.191271, JES_ele=0.43252, JES_muon=0.687192, QCD_stat_ele=-2.60372, QCD_stat_muon=1.423, VBS_stat_ele=1.27659, VBS_stat_muon=-0.696822, ele_efficiency=-1.00332, ele_trigger=0.942743, fakephoton_ele=3.3536, fakephoton_muon=0.131824, interference=0.516049, lumi=0.859451, mu_efficiency=0.773434, mu_trigger=-0.991474, non_prompt_stat_ele=6.43969, non_prompt_stat_muon=-1.02722, others_stat_ele=-1.64764, others_stat_muon=0.61237, others_xs=1.52033, param=5.94786, pdf_ele=2.17818, pdf_muon=1.83004, photon_id=-2.64084, pileup=-0.673928, scale_ele=-0.774678, scale_muon=0.484897
RooProdPdf::model_s[ modelObs_s * nuisancePdf ]
     getLogVal() top-level p.d.f evaluates to zero @ !pdfs=(modelObs_s = 0/1,nuisancePdf = 1)

[#0] WARNING:Minization -- RooMinimizerFcn: Minimized function has error status.
Returning maximum FCN so far (327.647) to force MIGRAD to back out of this region. Error log follows
Parameter values: JER_ele=-0.17661, JER_muon=0.242633, JES_ele=0.257485, JES_muon=0.859951, QCD_stat_ele=-3.67883, QCD_stat_muon=1.60001, VBS_stat_ele=1.13525, VBS_stat_muon=-0.738792, ele_efficiency=-1.17027, ele_trigger=0.854766, fakephoton_ele=3.60505, fakephoton_muon=0.189839, interference=0.577194, lumi=0.873754, mu_efficiency=0.880155, mu_trigger=-1.05535, non_prompt_stat_ele=6.56054, non_prompt_stat_muon=-1.05106, others_stat_ele=-2.17525, others_stat_muon=0.737463, others_xs=1.58621, param=1.22381, pdf_ele=2.10968, pdf_muon=2.15153, photon_id=-3.18296, pileup=-0.759662, scale_ele=-1.51223, scale_muon=0.683554
RooProdPdf::model_s[ modelObs_s * nuisancePdf ]
     getLogVal() top-level p.d.f evaluates to zero @ !pdfs=(modelObs_s = 0/1,nuisancePdf = 1)

[#0] WARNING:Minization -- RooMinimizerFcn: Minimized function has error status.
Returning maximum FCN so far (42.6961) to force MIGRAD to back out of this region. Error log follows
Parameter values: JER_ele=0.458519, JER_muon=-1.25822, JES_ele=2.08486, JES_muon=-0.187219, QCD_stat_ele=3.39792, QCD_stat_muon=-1.10864, VBS_stat_ele=-2.60346, VBS_stat_muon=3.54616, ele_efficiency=-2.22444, ele_trigger=1.72677, fakephoton_ele=4.10408, fakephoton_muon=-1.30651, interference=0.00554414, lumi=-1.17729, mu_efficiency=-1.71448, mu_trigger=0.81861, non_prompt_stat_ele=5.06968, non_prompt_stat_muon=-0.237126, others_stat_ele=-1.91541, others_stat_muon=-0.466932, others_xs=2.19623, param=8.06976, pdf_ele=1.72175, pdf_muon=0.00412276, photon_id=3.04227, pileup=3.05249, scale_ele=1.57861, scale_muon=-0.597426
RooProdPdf::model_s[ modelObs_s * nuisancePdf ]
     getLogVal() top-level p.d.f evaluates to zero @ !pdfs=(modelObs_s = 0/1,nuisancePdf = 1)


 -- Hybrid New -- 
CLs = 0.299528 +/- 0.0256057
Done in 15.43 min (cpu), 15.46 min (real)
