 <<< Combine >>> 
>>> including systematics
>>> using the Profile Likelihood test statistics modified for upper limits (Q_LHC)
>>> method used is HybridNew
>>> Used OpenSSL to get a really random seed -2012007073
Computing results starting from observation (a-posteriori)
[#0] WARNING:Minization -- RooMinimizerFcn: Minimized function has error status.
Returning maximum FCN so far (673.923) to force MIGRAD to back out of this region. Error log follows
Parameter values: JER_ele=5.09896, JER_muon=6.74362, JES_ele=-6.74528, JES_muon=-5.61071, QCD_stat_ele=3.04258, QCD_stat_muon=0.0504546, VBS_stat_ele=-1.75099, VBS_stat_muon=5.41807, ele_efficiency=-6.65848, ele_trigger=-1.45598, fakephoton_ele=6.75387, fakephoton_muon=-4.71532, interference=-0.283157, lumi=5.86607, mu_efficiency=2.27136, mu_trigger=1.23312, non_prompt_stat_ele=4.82448, non_prompt_stat_muon=-6.92049, others_stat_ele=6.74989, others_stat_muon=5.44481, others_xs=2.81588, param=0.107535, pdf_ele=-6.85809, pdf_muon=-1.59324, photon_id=4.40298, pileup=4.06525, scale_ele=-6.91711, scale_muon=6.8057
RooProdPdf::model_s[ modelObs_s * nuisancePdf ]
     getLogVal() top-level p.d.f evaluates to zero @ !pdfs=(modelObs_s = 0/1,nuisancePdf = 1)

[#0] WARNING:Minization -- RooMinimizerFcn: Minimized function has error status.
Returning maximum FCN so far (673.923) to force MIGRAD to back out of this region. Error log follows
Parameter values: JER_ele=6.99365, JER_muon=0.802261, JES_ele=2.62704, JES_muon=5.13198, QCD_stat_ele=6.57367, QCD_stat_muon=-1.9142, VBS_stat_ele=-6.82292, VBS_stat_muon=5.80659, ele_efficiency=1.62647, ele_trigger=5.26029, fakephoton_ele=6.10496, fakephoton_muon=6.58782, interference=3.05056, lumi=-0.972186, mu_efficiency=6.96204, mu_trigger=-6.99981, non_prompt_stat_ele=5.86377, non_prompt_stat_muon=6.59472, others_stat_ele=-0.298668, others_stat_muon=5.66402, others_xs=4.82993, param=0.1098, pdf_ele=3.80502, pdf_muon=6.91059, photon_id=6.17192, pileup=5.23842, scale_ele=-4.88325, scale_muon=4.75639
RooProdPdf::model_s[ modelObs_s * nuisancePdf ]
     getLogVal() top-level p.d.f evaluates to zero @ !pdfs=(modelObs_s = 0/1,nuisancePdf = 1)

[#0] WARNING:Minization -- RooMinimizerFcn: Minimized function has error status.
Returning maximum FCN so far (673.923) to force MIGRAD to back out of this region. Error log follows
Parameter values: JER_ele=4.69447, JER_muon=-6.88401, JES_ele=2.54593, JES_muon=-6.7195, QCD_stat_ele=-4.66197, QCD_stat_muon=6.61534, VBS_stat_ele=-4.32553, VBS_stat_muon=-6.21419, ele_efficiency=0.830408, ele_trigger=2.93961, fakephoton_ele=6.98517, fakephoton_muon=-1.60133, interference=-3.74078, lumi=-4.32377, mu_efficiency=0.719871, mu_trigger=-3.92154, non_prompt_stat_ele=5.89295, non_prompt_stat_muon=-5.24541, others_stat_ele=1.13798, others_stat_muon=-6.95883, others_xs=-3.63711, param=0.109904, pdf_ele=6.90599, pdf_muon=-4.62171, photon_id=-6.54463, pileup=1.11879, scale_ele=2.11868, scale_muon=-4.93473
RooProdPdf::model_s[ modelObs_s * nuisancePdf ]
     getLogVal() top-level p.d.f evaluates to zero @ !pdfs=(modelObs_s = 0/1,nuisancePdf = 1)

[#0] WARNING:Minization -- RooMinimizerFcn: Minimized function has error status.
Returning maximum FCN so far (938.015) to force MIGRAD to back out of this region. Error log follows
Parameter values: JER_ele=2.63555, JER_muon=-6.16659, JES_ele=-1.98591, JES_muon=-6.9937, QCD_stat_ele=-6.1706, QCD_stat_muon=3.99809, VBS_stat_ele=-5.56519, VBS_stat_muon=-5.17295, ele_efficiency=-0.0982014, ele_trigger=-0.54008, fakephoton_ele=6.99893, fakephoton_muon=-6.26427, interference=-3.28994, lumi=-4.25672, mu_efficiency=0.330129, mu_trigger=-2.97933, non_prompt_stat_ele=3.63065, non_prompt_stat_muon=-6.86332, others_stat_ele=-1.69859, others_stat_muon=-6.27794, others_xs=-4.01888, param=0.109932, pdf_ele=3.39937, pdf_muon=-6.17459, photon_id=-4.74389, pileup=0.91517, scale_ele=6.38204, scale_muon=-6.30033
RooProdPdf::model_s[ modelObs_s * nuisancePdf ]
     getLogVal() top-level p.d.f evaluates to zero @ !pdfs=(modelObs_s = 0/1,nuisancePdf = 1)

[#0] WARNING:Minization -- RooMinimizerFcn: Minimized function has error status.
Returning maximum FCN so far (40.3867) to force MIGRAD to back out of this region. Error log follows
Parameter values: JER_ele=-6.63639, JER_muon=0.80547, JES_ele=6.90035, JES_muon=1.89298, QCD_stat_ele=4.27408, QCD_stat_muon=3.77603, VBS_stat_ele=1.96863, VBS_stat_muon=6.02513, ele_efficiency=5.28931, ele_trigger=3.06244, fakephoton_ele=5.11932, fakephoton_muon=0.272757, interference=6.24047, lumi=-2.94086, mu_efficiency=0.156937, mu_trigger=6.92178, non_prompt_stat_ele=5.8824, non_prompt_stat_muon=0.100714, others_stat_ele=0.199306, others_stat_muon=6.14391, others_xs=-6.17187, param=0.00750607, pdf_ele=-5.87386, pdf_muon=-6.38602, photon_id=-6.83566, pileup=0.0324034, scale_ele=-6.71595, scale_muon=6.87151
RooProdPdf::model_s[ modelObs_s * nuisancePdf ]
     getLogVal() top-level p.d.f evaluates to zero @ !pdfs=(modelObs_s = 0/1,nuisancePdf = 1)

[#0] WARNING:Minization -- RooMinimizerFcn: Minimized function has error status.
Returning maximum FCN so far (445.375) to force MIGRAD to back out of this region. Error log follows
Parameter values: JER_ele=6.99549, JER_muon=6.90032, JES_ele=6.85127, JES_muon=2.54903, QCD_stat_ele=6.8373, QCD_stat_muon=6.90391, VBS_stat_ele=6.41838, VBS_stat_muon=-4.57956, ele_efficiency=-6.43404, ele_trigger=6.45881, fakephoton_ele=-5.29582, fakephoton_muon=2.01249, interference=6.89368, lumi=1.1966, mu_efficiency=-6.33494, mu_trigger=2.93847, non_prompt_stat_ele=-1.54574, non_prompt_stat_muon=-6.68967, others_stat_ele=6.64207, others_stat_muon=3.66187, others_xs=6.91653, param=0.0316337, pdf_ele=-3.16302, pdf_muon=6.90725, photon_id=2.65007, pileup=6.99889, scale_ele=6.73907, scale_muon=4.74565
RooProdPdf::model_s[ modelObs_s * nuisancePdf ]
     getLogVal() top-level p.d.f evaluates to zero @ !pdfs=(modelObs_s = 0/1,nuisancePdf = 1)

[#0] WARNING:Minization -- RooMinimizerFcn: Minimized function has error status.
Returning maximum FCN so far (531.075) to force MIGRAD to back out of this region. Error log follows
Parameter values: JER_ele=6.36683, JER_muon=6.54945, JES_ele=6.09418, JES_muon=-5.89747, QCD_stat_ele=-6.90359, QCD_stat_muon=1.8411, VBS_stat_ele=5.20294, VBS_stat_muon=6.8968, ele_efficiency=1.99669, ele_trigger=6.72945, fakephoton_ele=6.86877, fakephoton_muon=6.02658, interference=5.79155, lumi=-5.61159, mu_efficiency=6.0786, mu_trigger=-6.60006, non_prompt_stat_ele=6.34468, non_prompt_stat_muon=1.80044, others_stat_ele=6.818, others_stat_muon=-0.185716, others_xs=6.09189, param=0.0163028, pdf_ele=-2.70866, pdf_muon=2.53407, photon_id=-6.44021, pileup=5.08694, scale_ele=6.49933, scale_muon=6.83516
RooProdPdf::model_s[ modelObs_s * nuisancePdf ]
     getLogVal() top-level p.d.f evaluates to zero @ !pdfs=(modelObs_s = 0/1,nuisancePdf = 1)

[#0] WARNING:Minization -- RooMinimizerFcn: Minimized function has error status.
Returning maximum FCN so far (840.061) to force MIGRAD to back out of this region. Error log follows
Parameter values: JER_ele=-1.44683, JER_muon=-3.93627, JES_ele=-4.60365, JES_muon=6.2624, QCD_stat_ele=2.89965, QCD_stat_muon=6.6971, VBS_stat_ele=6.79869, VBS_stat_muon=6.42027, ele_efficiency=1.3024, ele_trigger=1.74269, fakephoton_ele=4.94941, fakephoton_muon=0.400307, interference=5.55529, lumi=2.20041, mu_efficiency=1.25977, mu_trigger=0.573714, non_prompt_stat_ele=6.96471, non_prompt_stat_muon=3.18089, others_stat_ele=3.50378, others_stat_muon=6.44782, others_xs=5.14658, param=0.21508, pdf_ele=2.96774, pdf_muon=1.35815, photon_id=6.9938, pileup=1.49662, scale_ele=3.6813, scale_muon=4.67633
RooProdPdf::model_s[ modelObs_s * nuisancePdf ]
     getLogVal() top-level p.d.f evaluates to zero @ !pdfs=(modelObs_s = 0/1,nuisancePdf = 1)

[#0] WARNING:Minization -- RooMinimizerFcn: Minimized function has error status.
Returning maximum FCN so far (840.061) to force MIGRAD to back out of this region. Error log follows
Parameter values: JER_ele=-6.89729, JER_muon=3.63608, JES_ele=-3.79607, JES_muon=0.787086, QCD_stat_ele=-1.18473, QCD_stat_muon=4.70743, VBS_stat_ele=-1.06805, VBS_stat_muon=6.22792, ele_efficiency=6.46766, ele_trigger=-6.24765, fakephoton_ele=6.324, fakephoton_muon=0.653244, interference=5.21512, lumi=6.50007, mu_efficiency=-1.26148, mu_trigger=-1.75072, non_prompt_stat_ele=4.8225, non_prompt_stat_muon=0.828163, others_stat_ele=-2.1246, others_stat_muon=2.60349, others_xs=3.11065, param=0.215128, pdf_ele=-3.86581, pdf_muon=-5.675, photon_id=5.31646, pileup=-0.295479, scale_ele=1.53502, scale_muon=4.32377
RooProdPdf::model_s[ modelObs_s * nuisancePdf ]
     getLogVal() top-level p.d.f evaluates to zero @ !pdfs=(modelObs_s = 0/1,nuisancePdf = 1)

[#0] WARNING:Minization -- RooMinimizerFcn: Minimized function has error status.
Returning maximum FCN so far (992.04) to force MIGRAD to back out of this region. Error log follows
Parameter values: JER_ele=-1.24745, JER_muon=4.69261, JES_ele=-4.5387, JES_muon=6.75415, QCD_stat_ele=5.76299, QCD_stat_muon=6.2336, VBS_stat_ele=6.80613, VBS_stat_muon=6.99898, ele_efficiency=1.45128, ele_trigger=2.38649, fakephoton_ele=6.59438, fakephoton_muon=0.759754, interference=6.31009, lumi=3.16566, mu_efficiency=1.51404, mu_trigger=1.72054, non_prompt_stat_ele=6.35154, non_prompt_stat_muon=3.3591, others_stat_ele=4.09753, others_stat_muon=6.98624, others_xs=6.13678, param=0.215075, pdf_ele=3.94686, pdf_muon=2.89776, photon_id=6.20613, pileup=1.57018, scale_ele=6.01039, scale_muon=2.33235
RooProdPdf::model_s[ modelObs_s * nuisancePdf ]
     getLogVal() top-level p.d.f evaluates to zero @ !pdfs=(modelObs_s = 0/1,nuisancePdf = 1)

[#0] WARNING:Minization -- RooMinimizerFcn: Minimized function has error status.
Returning maximum FCN so far (992.04) to force MIGRAD to back out of this region. Error log follows
Parameter values: JER_ele=-6.99539, JER_muon=-5.95011, JES_ele=2.27595, JES_muon=-5.29491, QCD_stat_ele=-1.07018, QCD_stat_muon=6.99993, VBS_stat_ele=4.86725, VBS_stat_muon=4.95347, ele_efficiency=-0.0070317, ele_trigger=-5.04236, fakephoton_ele=4.69448, fakephoton_muon=-6.76453, interference=4.58871, lumi=-6.93243, mu_efficiency=-2.1649, mu_trigger=-5.06651, non_prompt_stat_ele=6.94181, non_prompt_stat_muon=6.30699, others_stat_ele=-6.97649, others_stat_muon=-2.65151, others_xs=-6.14563, param=0.215081, pdf_ele=-6.8484, pdf_muon=5.28011, photon_id=-6.67149, pileup=1.2138, scale_ele=1.44505, scale_muon=1.63987
RooProdPdf::model_s[ modelObs_s * nuisancePdf ]
     getLogVal() top-level p.d.f evaluates to zero @ !pdfs=(modelObs_s = 0/1,nuisancePdf = 1)

[#0] WARNING:Minization -- RooMinimizerFcn: Minimized function has error status.
Returning maximum FCN so far (503.175) to force MIGRAD to back out of this region. Error log follows
Parameter values: JER_ele=2.0516, JER_muon=3.67058, JES_ele=2.41867, JES_muon=6.59951, QCD_stat_ele=6.75238, QCD_stat_muon=5.07158, VBS_stat_ele=3.73399, VBS_stat_muon=5.76978, ele_efficiency=-0.913109, ele_trigger=0.806879, fakephoton_ele=2.85479, fakephoton_muon=3.86487, interference=4.44733, lumi=4.73064, mu_efficiency=2.90082, mu_trigger=5.58074, non_prompt_stat_ele=3.18217, non_prompt_stat_muon=5.08881, others_stat_ele=2.16557, others_stat_muon=5.1841, others_xs=5.06998, param=0.17404, pdf_ele=3.55866, pdf_muon=6.99564, photon_id=6.95641, pileup=-1.36388, scale_ele=6.55499, scale_muon=-4.47692
RooProdPdf::model_s[ modelObs_s * nuisancePdf ]
     getLogVal() top-level p.d.f evaluates to zero @ !pdfs=(modelObs_s = 0/1,nuisancePdf = 1)

[#0] WARNING:Minization -- RooMinimizerFcn: Minimized function has error status.
Returning maximum FCN so far (551.207) to force MIGRAD to back out of this region. Error log follows
Parameter values: JER_ele=-1.46828, JER_muon=-6.57986, JES_ele=-1.26494, JES_muon=-5.44818, QCD_stat_ele=-6.45105, QCD_stat_muon=6.91688, VBS_stat_ele=-6.1485, VBS_stat_muon=-6.24642, ele_efficiency=-6.52862, ele_trigger=-1.03712, fakephoton_ele=5.8932, fakephoton_muon=6.86648, interference=3.4885, lumi=-1.2084, mu_efficiency=-6.90456, mu_trigger=1.96924, non_prompt_stat_ele=6.99859, non_prompt_stat_muon=4.8516, others_stat_ele=0.677499, others_stat_muon=3.28773, others_xs=-6.32217, param=0.157368, pdf_ele=5.03247, pdf_muon=-6.26868, photon_id=1.6461, pileup=3.79838, scale_ele=3.71466, scale_muon=-4.75607
RooProdPdf::model_s[ modelObs_s * nuisancePdf ]
     getLogVal() top-level p.d.f evaluates to zero @ !pdfs=(modelObs_s = 0/1,nuisancePdf = 1)

[#0] WARNING:Minization -- RooMinimizerFcn: Minimized function has error status.
Returning maximum FCN so far (612.915) to force MIGRAD to back out of this region. Error log follows
Parameter values: JER_ele=6.72181, JER_muon=-6.706, JES_ele=1.63859, JES_muon=6.85096, QCD_stat_ele=-0.822715, QCD_stat_muon=2.76515, VBS_stat_ele=-5.22676, VBS_stat_muon=-1.97254, ele_efficiency=-6.40835, ele_trigger=-1.09601, fakephoton_ele=3.35793, fakephoton_muon=4.01054, interference=2.51719, lumi=-0.115065, mu_efficiency=-6.95063, mu_trigger=3.11914, non_prompt_stat_ele=6.55197, non_prompt_stat_muon=-6.27913, others_stat_ele=1.65613, others_stat_muon=6.98138, others_xs=1.18808, param=0.156045, pdf_ele=2.93528, pdf_muon=6.12846, photon_id=-5.75377, pileup=6.99889, scale_ele=-2.45356, scale_muon=-2.579
RooProdPdf::model_s[ modelObs_s * nuisancePdf ]
     getLogVal() top-level p.d.f evaluates to zero @ !pdfs=(modelObs_s = 0/1,nuisancePdf = 1)

[#0] WARNING:Minization -- RooMinimizerFcn: Minimized function has error status.
Returning maximum FCN so far (1026.48) to force MIGRAD to back out of this region. Error log follows
Parameter values: JER_ele=1.42526, JER_muon=-0.710216, JES_ele=1.57667, JES_muon=0.656221, QCD_stat_ele=1.77996, QCD_stat_muon=-3.39631, VBS_stat_ele=2.09596, VBS_stat_muon=0.148207, ele_efficiency=0.301653, ele_trigger=0.968724, fakephoton_ele=5.25314, fakephoton_muon=1.80053, interference=0.339058, lumi=0.521924, mu_efficiency=0.571092, mu_trigger=0.433815, non_prompt_stat_ele=5.87144, non_prompt_stat_muon=2.38879, others_stat_ele=1.40343, others_stat_muon=0.294288, others_xs=1.08621, param=0.15508, pdf_ele=1.61179, pdf_muon=0.389439, photon_id=1.72861, pileup=0.119972, scale_ele=1.10348, scale_muon=-0.723612
RooProdPdf::model_s[ modelObs_s * nuisancePdf ]
     getLogVal() top-level p.d.f evaluates to zero @ !pdfs=(modelObs_s = 0/1,nuisancePdf = 1)

[#0] WARNING:Minization -- RooMinimizerFcn: Minimized function has error status.
Returning maximum FCN so far (1026.48) to force MIGRAD to back out of this region. Error log follows
Parameter values: JER_ele=6.99843, JER_muon=-4.75059, JES_ele=-4.55842, JES_muon=4.1079, QCD_stat_ele=1.33374, QCD_stat_muon=5.90927, VBS_stat_ele=0.406507, VBS_stat_muon=-2.28193, ele_efficiency=-4.25747, ele_trigger=-4.62693, fakephoton_ele=3.744, fakephoton_muon=4.15512, interference=-6.99905, lumi=-5.53236, mu_efficiency=-4.31413, mu_trigger=-0.658805, non_prompt_stat_ele=4.98852, non_prompt_stat_muon=6.17973, others_stat_ele=5.99419, others_stat_muon=3.89801, others_xs=1.6427, param=0.155168, pdf_ele=6.75837, pdf_muon=-3.88181, photon_id=-2.77246, pileup=-0.917697, scale_ele=2.53928, scale_muon=2.52629
RooProdPdf::model_s[ modelObs_s * nuisancePdf ]
     getLogVal() top-level p.d.f evaluates to zero @ !pdfs=(modelObs_s = 0/1,nuisancePdf = 1)

[#0] WARNING:Minization -- RooMinimizerFcn: Minimized function has error status.
Returning maximum FCN so far (1026.48) to force MIGRAD to back out of this region. Error log follows
Parameter values: JER_ele=-6.97638, JER_muon=4.35769, JES_ele=5.57672, JES_muon=2.78468, QCD_stat_ele=6.31455, QCD_stat_muon=-6.03149, VBS_stat_ele=6.63921, VBS_stat_muon=4.6717, ele_efficiency=6.93297, ele_trigger=-4.09659, fakephoton_ele=6.37721, fakephoton_muon=5.98923, interference=5.83988, lumi=-0.104316, mu_efficiency=1.21153, mu_trigger=3.44902, non_prompt_stat_ele=5.98789, non_prompt_stat_muon=5.83703, others_stat_ele=3.90366, others_stat_muon=6.91567, others_xs=-5.90786, param=0.155036, pdf_ele=-3.57937, pdf_muon=4.64084, photon_id=1.4989, pileup=2.19212, scale_ele=-5.09515, scale_muon=2.96973
RooProdPdf::model_s[ modelObs_s * nuisancePdf ]
     getLogVal() top-level p.d.f evaluates to zero @ !pdfs=(modelObs_s = 0/1,nuisancePdf = 1)

[#0] WARNING:Minization -- RooMinimizerFcn: Minimized function has error status.
Returning maximum FCN so far (1026.48) to force MIGRAD to back out of this region. Error log follows
Parameter values: JER_ele=2.9218, JER_muon=-0.160405, JES_ele=1.06703, JES_muon=0.293666, QCD_stat_ele=6.9399, QCD_stat_muon=1.96318, VBS_stat_ele=3.66152, VBS_stat_muon=-1.39821, ele_efficiency=0.559973, ele_trigger=1.92922, fakephoton_ele=6.11648, fakephoton_muon=1.66986, interference=0.858172, lumi=1.08906, mu_efficiency=0.787051, mu_trigger=0.711584, non_prompt_stat_ele=6.8009, non_prompt_stat_muon=0.34168, others_stat_ele=3.07949, others_stat_muon=1.82653, others_xs=1.54369, param=0.155077, pdf_ele=3.3311, pdf_muon=0.895483, photon_id=2.81994, pileup=0.186214, scale_ele=4.2928, scale_muon=-0.522196
RooProdPdf::model_s[ modelObs_s * nuisancePdf ]
     getLogVal() top-level p.d.f evaluates to zero @ !pdfs=(modelObs_s = 0/1,nuisancePdf = 1)

[#0] WARNING:Minization -- RooMinimizerFcn: Minimized function has error status.
Returning maximum FCN so far (1026.48) to force MIGRAD to back out of this region. Error log follows
Parameter values: JER_ele=2.50408, JER_muon=0.636095, JES_ele=2.77744, JES_muon=1.9225, QCD_stat_ele=6.46153, QCD_stat_muon=5.0062, VBS_stat_ele=3.4999, VBS_stat_muon=4.3627, ele_efficiency=0.561579, ele_trigger=1.94753, fakephoton_ele=6.38726, fakephoton_muon=4.43702, interference=1.11006, lumi=1.65531, mu_efficiency=1.00416, mu_trigger=1.83742, non_prompt_stat_ele=6.88823, non_prompt_stat_muon=6.12329, others_stat_ele=3.00414, others_stat_muon=3.51547, others_xs=2.91559, param=0.15508, pdf_ele=3.30997, pdf_muon=2.49135, photon_id=4.51011, pileup=0.245959, scale_ele=3.80541, scale_muon=3.36224
RooProdPdf::model_s[ modelObs_s * nuisancePdf ]
     getLogVal() top-level p.d.f evaluates to zero @ !pdfs=(modelObs_s = 0/1,nuisancePdf = 1)


 -- Hybrid New -- 
CLs = 4.33333 +/- 2.53626
Done in 6.29 min (cpu), 6.29 min (real)
