TTWJetsToQQ
/data/pubfs/tyyang99/jupyter_files/pkutree/mc_ssww_parquet/TTWJetsToQQ/0/0.parquet 	1/13
0
0
1
/data/pubfs/tyyang99/jupyter_files/pkutree/mc_ssww_parquet/TTWJetsToQQ/1/1.parquet 	2/13
0
0
0
/data/pubfs/tyyang99/jupyter_files/pkutree/mc_ssww_parquet/TTWJetsToQQ/2/2.parquet 	3/13
0
0
1
/data/pubfs/tyyang99/jupyter_files/pkutree/mc_ssww_parquet/TTWJetsToQQ/3/3.parquet 	4/13
0
0
1
/data/pubfs/tyyang99/jupyter_files/pkutree/mc_ssww_parquet/TTWJetsToQQ/4/4.parquet 	5/13
0
0
1
/data/pubfs/tyyang99/jupyter_files/pkutree/mc_ssww_parquet/TTWJetsToQQ/5/5.parquet 	6/13
1
0
0
/data/pubfs/tyyang99/jupyter_files/pkutree/mc_ssww_parquet/TTWJetsToQQ/6/6.parquet 	7/13
0
0
0
/data/pubfs/tyyang99/jupyter_files/pkutree/mc_ssww_parquet/TTWJetsToQQ/7/7.parquet 	8/13
0
0
0
/data/pubfs/tyyang99/jupyter_files/pkutree/mc_ssww_parquet/TTWJetsToQQ/8/8.parquet 	9/13
0
0
0
/data/pubfs/tyyang99/jupyter_files/pkutree/mc_ssww_parquet/TTWJetsToQQ/9/9.parquet 	10/13
0
0
6
/data/pubfs/tyyang99/jupyter_files/pkutree/mc_ssww_parquet/TTWJetsToQQ/10/10.parquet 	11/13
1
0
6
/data/pubfs/tyyang99/jupyter_files/pkutree/mc_ssww_parquet/TTWJetsToQQ/11/11.parquet 	12/13
1
0
15
/data/pubfs/tyyang99/jupyter_files/pkutree/mc_ssww_parquet/TTWJetsToQQ/12/12.parquet 	13/13
6
4
23
job done!
