 <<< Combine >>> 
>>> including systematics
>>> using the Profile Likelihood test statistics modified for upper limits (Q_LHC)
>>> method used is HybridNew
>>> Used OpenSSL to get a really random seed -988382612
Computing results starting from observation (a-posteriori)
[#0] WARNING:Minization -- RooMinimizerFcn: Minimized function has error status.
Returning maximum FCN so far (35.4661) to force MIGRAD to back out of this region. Error log follows
Parameter values: JER_ele=0.258809, JER_muon=-0.681041, JES_ele=0.550703, JES_muon=-0.106532, QCD_stat_ele=0.890539, QCD_stat_muon=0.475522, VBS_stat_ele=0.76522, VBS_stat_muon=-0.495146, ele_efficiency=-0.260015, ele_trigger=-0.245749, fakephoton_ele=3.19651, fakephoton_muon=-0.11763, interference=-0.419913, lumi=0.339807, mu_efficiency=-0.888447, mu_trigger=-0.854596, non_prompt_stat_ele=6.53712, non_prompt_stat_muon=1.4061, others_stat_ele=1.10161, others_stat_muon=-0.741614, others_xs=1.13147, param=0.0549803, pdf_ele=-0.505529, pdf_muon=0.0742412, photon_id=-0.433694, pileup=0.909437, scale_ele=2.40642, scale_muon=-0.649989
RooProdPdf::model_s[ modelObs_s * nuisancePdf ]
     getLogVal() top-level p.d.f evaluates to zero @ !pdfs=(modelObs_s = 0/1,nuisancePdf = 1)

[#0] WARNING:Minization -- RooMinimizerFcn: Minimized function has error status.
Returning maximum FCN so far (38.1368) to force MIGRAD to back out of this region. Error log follows
Parameter values: JER_ele=-2.17927, JER_muon=-6.74076, JES_ele=4.49357, JES_muon=4.63662, QCD_stat_ele=-6.27302, QCD_stat_muon=3.63611, VBS_stat_ele=6.91204, VBS_stat_muon=-6.31115, ele_efficiency=4.51735, ele_trigger=6.9333, fakephoton_ele=5.70764, fakephoton_muon=4.57562, interference=6.7715, lumi=6.04469, mu_efficiency=6.87621, mu_trigger=6.09079, non_prompt_stat_ele=3.58006, non_prompt_stat_muon=2.90875, others_stat_ele=6.43676, others_stat_muon=-0.805999, others_xs=5.62182, param=0.0359501, pdf_ele=6.58195, pdf_muon=-6.57299, photon_id=-6.14987, pileup=6.50421, scale_ele=-6.90322, scale_muon=-6.01089
RooProdPdf::model_s[ modelObs_s * nuisancePdf ]
     getLogVal() top-level p.d.f evaluates to zero @ !pdfs=(modelObs_s = 0/1,nuisancePdf = 1)

[#0] WARNING:Minization -- RooMinimizerFcn: Minimized function has error status.
Returning maximum FCN so far (545.53) to force MIGRAD to back out of this region. Error log follows
Parameter values: JER_ele=3.97526, JER_muon=2.0736, JES_ele=5.68977, JES_muon=-0.941349, QCD_stat_ele=6.05392, QCD_stat_muon=1.29497, VBS_stat_ele=0.553832, VBS_stat_muon=2.98382, ele_efficiency=1.19747, ele_trigger=2.52029, fakephoton_ele=6.0378, fakephoton_muon=-1.28444, interference=0.501621, lumi=1.25902, mu_efficiency=2.40074, mu_trigger=3.18269, non_prompt_stat_ele=6.1075, non_prompt_stat_muon=-1.68101, others_stat_ele=-0.434843, others_stat_muon=4.39455, others_xs=0.43551, param=0.049789, pdf_ele=3.53409, pdf_muon=0.700077, photon_id=3.99001, pileup=-1.73328, scale_ele=6.52928, scale_muon=4.77665
RooProdPdf::model_s[ modelObs_s * nuisancePdf ]
     getLogVal() top-level p.d.f evaluates to zero @ !pdfs=(modelObs_s = 0/1,nuisancePdf = 1)

[#0] WARNING:Minization -- RooMinimizerFcn: Minimized function has error status.
Returning maximum FCN so far (545.53) to force MIGRAD to back out of this region. Error log follows
Parameter values: JER_ele=5.17735, JER_muon=-6.74058, JES_ele=-5.44258, JES_muon=-6.80181, QCD_stat_ele=-3.96796, QCD_stat_muon=2.73985, VBS_stat_ele=-1.32862, VBS_stat_muon=-4.33476, ele_efficiency=-3.2094, ele_trigger=-6.77211, fakephoton_ele=5.68922, fakephoton_muon=-6.63608, interference=-6.8552, lumi=1.25842, mu_efficiency=-6.93281, mu_trigger=5.15073, non_prompt_stat_ele=6.97544, non_prompt_stat_muon=-6.82633, others_stat_ele=-1.11836, others_stat_muon=5.85503, others_xs=6.02719, param=0.0520393, pdf_ele=5.62896, pdf_muon=3.82348, photon_id=4.4543, pileup=2.62604, scale_ele=4.32026, scale_muon=3.43944
RooProdPdf::model_s[ modelObs_s * nuisancePdf ]
     getLogVal() top-level p.d.f evaluates to zero @ !pdfs=(modelObs_s = 0/1,nuisancePdf = 1)

[#0] WARNING:Minization -- RooMinimizerFcn: Minimized function has error status.
Returning maximum FCN so far (545.53) to force MIGRAD to back out of this region. Error log follows
Parameter values: JER_ele=3.85972, JER_muon=2.54936, JES_ele=6.03108, JES_muon=0.572073, QCD_stat_ele=5.51845, QCD_stat_muon=4.88972, VBS_stat_ele=1.22608, VBS_stat_muon=3.33149, ele_efficiency=0.997644, ele_trigger=1.84457, fakephoton_ele=5.27741, fakephoton_muon=-1.3732, interference=0.946764, lumi=1.48166, mu_efficiency=2.93101, mu_trigger=4.46292, non_prompt_stat_ele=5.18518, non_prompt_stat_muon=-2.19187, others_stat_ele=0.321063, others_stat_muon=5.41663, others_xs=0.696333, param=0.0497771, pdf_ele=2.73833, pdf_muon=2.70575, photon_id=4.5562, pileup=-1.88571, scale_ele=4.44886, scale_muon=6.9531
RooProdPdf::model_s[ modelObs_s * nuisancePdf ]
     getLogVal() top-level p.d.f evaluates to zero @ !pdfs=(modelObs_s = 0/1,nuisancePdf = 1)

[#0] WARNING:Minization -- RooMinimizerFcn: Minimized function has error status.
Returning maximum FCN so far (650.421) to force MIGRAD to back out of this region. Error log follows
Parameter values: JER_ele=6.95252, JER_muon=0.0936086, JES_ele=-5.06634, JES_muon=0.486361, QCD_stat_ele=-6.20228, QCD_stat_muon=-2.22449, VBS_stat_ele=2.72353, VBS_stat_muon=5.06437, ele_efficiency=-2.88175, ele_trigger=-4.48192, fakephoton_ele=1.10383, fakephoton_muon=6.73392, interference=-5.64782, lumi=1.0756, mu_efficiency=-2.43507, mu_trigger=5.59548, non_prompt_stat_ele=5.64462, non_prompt_stat_muon=6.83916, others_stat_ele=-6.00596, others_stat_muon=0.437825, others_xs=-3.035, param=0.0207688, pdf_ele=6.93959, pdf_muon=-3.50689, photon_id=6.99818, pileup=5.03318, scale_ele=2.12147, scale_muon=6.02814
RooProdPdf::model_s[ modelObs_s * nuisancePdf ]
     getLogVal() top-level p.d.f evaluates to zero @ !pdfs=(modelObs_s = 0/1,nuisancePdf = 1)

[#0] WARNING:Minization -- RooMinimizerFcn: Minimized function has error status.
Returning maximum FCN so far (650.421) to force MIGRAD to back out of this region. Error log follows
Parameter values: JER_ele=4.55483, JER_muon=-0.515806, JES_ele=-5.20759, JES_muon=0.31679, QCD_stat_ele=-6.76188, QCD_stat_muon=5.97283, VBS_stat_ele=3.44564, VBS_stat_muon=4.19111, ele_efficiency=-3.07102, ele_trigger=-2.02203, fakephoton_ele=6.43405, fakephoton_muon=3.99187, interference=3.37487, lumi=-3.67371, mu_efficiency=-3.2054, mu_trigger=-2.47564, non_prompt_stat_ele=3.18784, non_prompt_stat_muon=-2.38428, others_stat_ele=-0.780364, others_stat_muon=2.0803, others_xs=-3.55166, param=0.019504, pdf_ele=4.59194, pdf_muon=5.71924, photon_id=-6.71321, pileup=-2.70373, scale_ele=6.34772, scale_muon=0.573385
RooProdPdf::model_s[ modelObs_s * nuisancePdf ]
     getLogVal() top-level p.d.f evaluates to zero @ !pdfs=(modelObs_s = 0/1,nuisancePdf = 1)

[#0] WARNING:Minization -- RooMinimizerFcn: Minimized function has error status.
Returning maximum FCN so far (650.421) to force MIGRAD to back out of this region. Error log follows
Parameter values: JER_ele=-6.24476, JER_muon=-3.74052, JES_ele=-5.33053, JES_muon=0.559265, QCD_stat_ele=-4.83337, QCD_stat_muon=-5.85716, VBS_stat_ele=5.58823, VBS_stat_muon=2.17584, ele_efficiency=4.64213, ele_trigger=1.19919, fakephoton_ele=6.97268, fakephoton_muon=4.48751, interference=-5.91393, lumi=2.7755, mu_efficiency=-3.94699, mu_trigger=-0.654586, non_prompt_stat_ele=5.96569, non_prompt_stat_muon=-3.31579, others_stat_ele=-2.58368, others_stat_muon=3.54461, others_xs=-4.36179, param=0.0195345, pdf_ele=5.19881, pdf_muon=4.67726, photon_id=-1.23597, pileup=1.15297, scale_ele=0.2174, scale_muon=-6.98776
RooProdPdf::model_s[ modelObs_s * nuisancePdf ]
     getLogVal() top-level p.d.f evaluates to zero @ !pdfs=(modelObs_s = 0/1,nuisancePdf = 1)


 -- Hybrid New -- 
CLs = 0.45 +/- 0.0920598
Done in 18.76 min (cpu), 19.09 min (real)
