 <<< Combine >>> 
>>> including systematics
>>> using the Profile Likelihood test statistics modified for upper limits (Q_LHC)
>>> method used is HybridNew
>>> Used OpenSSL to get a really random seed 657503636
Computing results starting from observation (a-posteriori)
[#0] WARNING:Minization -- RooMinimizerFcn: Minimized function has error status.
Returning maximum FCN so far (40.7353) to force MIGRAD to back out of this region. Error log follows
Parameter values: JER_ele=6.43985, JER_muon=-0.814288, JES_ele=-1.38868, JES_muon=3.28191, QCD_stat_ele=-6.68329, QCD_stat_muon=1.74642, VBS_stat_ele=6.99454, VBS_stat_muon=-6.53257, ele_efficiency=-1.89236, ele_trigger=5.13138, fakephoton_ele=6.66875, fakephoton_muon=-5.46885, interference=-2.89657, lumi=-2.99158, mu_efficiency=-6.15409, mu_trigger=1.01237, non_prompt_stat_ele=6.04156, non_prompt_stat_muon=6.95085, others_stat_ele=-1.03681, others_stat_muon=4.37592, others_xs=-6.89171, param=0.356418, pdf_ele=-5.15887, pdf_muon=5.6024, photon_id=-6.98506, pileup=-2.29259, scale_ele=-3.0649, scale_muon=-1.19843
RooProdPdf::model_s[ modelObs_s * nuisancePdf ]
     getLogVal() top-level p.d.f evaluates to zero @ !pdfs=(modelObs_s = 0/1,nuisancePdf = 1)

[#0] WARNING:Minization -- RooMinimizerFcn: Minimized function has error status.
Returning maximum FCN so far (310.215) to force MIGRAD to back out of this region. Error log follows
Parameter values: JER_ele=6.8295, JER_muon=6.86813, JES_ele=2.33596, JES_muon=5.404, QCD_stat_ele=5.86777, QCD_stat_muon=4.76838, VBS_stat_ele=3.39444, VBS_stat_muon=-5.55286, ele_efficiency=-6.79063, ele_trigger=2.02563, fakephoton_ele=2.32046, fakephoton_muon=3.23714, interference=-6.35772, lumi=4.85392, mu_efficiency=6.98342, mu_trigger=-2.67491, non_prompt_stat_ele=2.68531, non_prompt_stat_muon=6.26256, others_stat_ele=-6.8431, others_stat_muon=6.93595, others_xs=5.82346, param=0.689054, pdf_ele=3.84391, pdf_muon=6.63807, photon_id=4.84338, pileup=-4.95774, scale_ele=-2.99015, scale_muon=4.86969
RooProdPdf::model_s[ modelObs_s * nuisancePdf ]
     getLogVal() top-level p.d.f evaluates to zero @ !pdfs=(modelObs_s = 0/1,nuisancePdf = 1)

[#0] WARNING:Minization -- RooMinimizerFcn: Minimized function has error status.
Returning maximum FCN so far (1058.1) to force MIGRAD to back out of this region. Error log follows
Parameter values: JER_ele=2.97659, JER_muon=3.38272, JES_ele=3.62734, JES_muon=0.498534, QCD_stat_ele=4.70174, QCD_stat_muon=5.21739, VBS_stat_ele=2.61562, VBS_stat_muon=1.603, ele_efficiency=-0.336696, ele_trigger=3.38193, fakephoton_ele=6.33915, fakephoton_muon=-1.20808, interference=1.06589, lumi=3.11629, mu_efficiency=1.96984, mu_trigger=2.33757, non_prompt_stat_ele=5.95329, non_prompt_stat_muon=0.194722, others_stat_ele=6.45862, others_stat_muon=3.57077, others_xs=4.36454, param=0.930382, pdf_ele=4.90928, pdf_muon=3.91255, photon_id=5.35212, pileup=-0.545444, scale_ele=6.99749, scale_muon=6.54086
RooProdPdf::model_s[ modelObs_s * nuisancePdf ]
     getLogVal() top-level p.d.f evaluates to zero @ !pdfs=(modelObs_s = 0/1,nuisancePdf = 1)

[#0] WARNING:Minization -- RooMinimizerFcn: Minimized function has error status.
Returning maximum FCN so far (1058.1) to force MIGRAD to back out of this region. Error log follows
Parameter values: JER_ele=3.1166, JER_muon=2.67676, JES_ele=3.7242, JES_muon=-0.858833, QCD_stat_ele=3.99902, QCD_stat_muon=2.72968, VBS_stat_ele=2.80697, VBS_stat_muon=0.775784, ele_efficiency=-0.306692, ele_trigger=3.48252, fakephoton_ele=6.27139, fakephoton_muon=-1.47723, interference=0.50578, lumi=2.662, mu_efficiency=1.68805, mu_trigger=1.18277, non_prompt_stat_ele=5.8514, non_prompt_stat_muon=-0.558039, others_stat_ele=6.55276, others_stat_muon=2.44807, others_xs=3.82891, param=0.931305, pdf_ele=5.05307, pdf_muon=2.06038, photon_id=4.36351, pileup=-0.598641, scale_ele=6.99955, scale_muon=3.53089
RooProdPdf::model_s[ modelObs_s * nuisancePdf ]
     getLogVal() top-level p.d.f evaluates to zero @ !pdfs=(modelObs_s = 0/1,nuisancePdf = 1)

[#0] WARNING:Minization -- RooMinimizerFcn: Minimized function has error status.
Returning maximum FCN so far (1058.1) to force MIGRAD to back out of this region. Error log follows
Parameter values: JER_ele=2.99621, JER_muon=2.65855, JES_ele=3.64848, JES_muon=-0.911423, QCD_stat_ele=4.61071, QCD_stat_muon=2.36106, VBS_stat_ele=2.6421, VBS_stat_muon=0.502942, ele_efficiency=-0.331246, ele_trigger=3.401, fakephoton_ele=6.30092, fakephoton_muon=-1.47763, interference=0.448827, lumi=2.5574, mu_efficiency=1.68542, mu_trigger=1.15067, non_prompt_stat_ele=5.88473, non_prompt_stat_muon=-0.50406, others_stat_ele=6.47184, others_stat_muon=2.14134, others_xs=3.65969, param=0.93114, pdf_ele=4.93583, pdf_muon=2.04262, photon_id=4.1964, pileup=-0.60495, scale_ele=6.9988, scale_muon=3.70827
RooProdPdf::model_s[ modelObs_s * nuisancePdf ]
     getLogVal() top-level p.d.f evaluates to zero @ !pdfs=(modelObs_s = 0/1,nuisancePdf = 1)

[#0] WARNING:Minization -- RooMinimizerFcn: Minimized function has error status.
Returning maximum FCN so far (1058.1) to force MIGRAD to back out of this region. Error log follows
Parameter values: JER_ele=2.98968, JER_muon=2.6435, JES_ele=3.55, JES_muon=-0.946918, QCD_stat_ele=4.59071, QCD_stat_muon=2.50662, VBS_stat_ele=2.65234, VBS_stat_muon=0.675232, ele_efficiency=-0.347631, ele_trigger=3.33705, fakephoton_ele=6.49321, fakephoton_muon=-1.49287, interference=0.447253, lumi=2.54587, mu_efficiency=1.67342, mu_trigger=1.11546, non_prompt_stat_ele=6.19978, non_prompt_stat_muon=-0.584781, others_stat_ele=6.43315, others_stat_muon=2.31959, others_xs=3.661, param=0.931035, pdf_ele=4.85736, pdf_muon=1.95601, photon_id=4.10277, pileup=-0.610285, scale_ele=6.98438, scale_muon=3.35847
RooProdPdf::model_s[ modelObs_s * nuisancePdf ]
     getLogVal() top-level p.d.f evaluates to zero @ !pdfs=(modelObs_s = 0/1,nuisancePdf = 1)

[#0] WARNING:Minization -- RooMinimizerFcn: Minimized function has error status.
Returning maximum FCN so far (1058.1) to force MIGRAD to back out of this region. Error log follows
Parameter values: JER_ele=2.88678, JER_muon=2.62294, JES_ele=3.47397, JES_muon=-0.966279, QCD_stat_ele=5.06011, QCD_stat_muon=2.2729, VBS_stat_ele=2.51441, VBS_stat_muon=0.497785, ele_efficiency=-0.369818, ele_trigger=3.26002, fakephoton_ele=6.53217, fakephoton_muon=-1.48946, interference=0.409064, lumi=2.46671, mu_efficiency=1.67216, mu_trigger=1.09941, non_prompt_stat_ele=6.25278, non_prompt_stat_muon=-0.546062, others_stat_ele=6.34689, others_stat_muon=2.12079, others_xs=3.53333, param=0.930881, pdf_ele=4.74569, pdf_muon=1.95291, photon_id=3.97179, pileup=-0.615452, scale_ele=6.96683, scale_muon=3.49641
RooProdPdf::model_s[ modelObs_s * nuisancePdf ]
     getLogVal() top-level p.d.f evaluates to zero @ !pdfs=(modelObs_s = 0/1,nuisancePdf = 1)

[#0] WARNING:Minization -- RooMinimizerFcn: Minimized function has error status.
Returning maximum FCN so far (1058.1) to force MIGRAD to back out of this region. Error log follows
Parameter values: JER_ele=2.86687, JER_muon=2.6171, JES_ele=3.38558, JES_muon=-1.00219, QCD_stat_ele=5.1106, QCD_stat_muon=2.33877, VBS_stat_ele=2.50198, VBS_stat_muon=0.592051, ele_efficiency=-0.385889, ele_trigger=3.19908, fakephoton_ele=6.66088, fakephoton_muon=-1.50179, interference=0.40132, lumi=2.44425, mu_efficiency=1.66384, mu_trigger=1.07114, non_prompt_stat_ele=6.46371, non_prompt_stat_muon=-0.597471, others_stat_ele=6.30483, others_stat_muon=2.21526, others_xs=3.51086, param=0.930773, pdf_ele=4.66669, pdf_muon=1.88968, photon_id=3.87395, pileup=-0.620238, scale_ele=6.93236, scale_muon=3.26395
RooProdPdf::model_s[ modelObs_s * nuisancePdf ]
     getLogVal() top-level p.d.f evaluates to zero @ !pdfs=(modelObs_s = 0/1,nuisancePdf = 1)

[#0] WARNING:Minization -- RooMinimizerFcn: Minimized function has error status.
Returning maximum FCN so far (1058.1) to force MIGRAD to back out of this region. Error log follows
Parameter values: JER_ele=2.78681, JER_muon=2.59586, JES_ele=3.31123, JES_muon=-1.0197, QCD_stat_ele=5.43264, QCD_stat_muon=2.19141, VBS_stat_ele=2.39788, VBS_stat_muon=0.491454, ele_efficiency=-0.405206, ele_trigger=3.12958, fakephoton_ele=6.70618, fakephoton_muon=-1.50109, interference=0.372849, lumi=2.38329, mu_efficiency=1.6606, mu_trigger=1.05333, non_prompt_stat_ele=6.53142, non_prompt_stat_muon=-0.583054, others_stat_ele=6.22442, others_stat_muon=2.10006, others_xs=3.41576, param=0.930642, pdf_ele=4.56599, pdf_muon=1.8724, photon_id=3.75898, pileup=-0.625008, scale_ele=6.89928, scale_muon=3.30478
RooProdPdf::model_s[ modelObs_s * nuisancePdf ]
     getLogVal() top-level p.d.f evaluates to zero @ !pdfs=(modelObs_s = 0/1,nuisancePdf = 1)

[#0] WARNING:Minization -- RooMinimizerFcn: Minimized function has error status.
Returning maximum FCN so far (1058.1) to force MIGRAD to back out of this region. Error log follows
Parameter values: JER_ele=2.75348, JER_muon=2.58936, JES_ele=3.23129, JES_muon=-1.05064, QCD_stat_ele=5.53819, QCD_stat_muon=2.1926, VBS_stat_ele=2.36366, VBS_stat_muon=0.524322, ele_efficiency=-0.421065, ele_trigger=3.07029, fakephoton_ele=6.78709, fakephoton_muon=-1.5097, interference=0.359839, lumi=2.35156, mu_efficiency=1.6545, mu_trigger=1.02981, non_prompt_stat_ele=6.66314, non_prompt_stat_muon=-0.61234, others_stat_ele=6.17414, others_stat_muon=2.12864, others_xs=3.3738, param=0.930533, pdf_ele=4.48515, pdf_muon=1.82622, photon_id=3.65974, pileup=-0.629445, scale_ele=6.85188, scale_muon=3.16317
RooProdPdf::model_s[ modelObs_s * nuisancePdf ]
     getLogVal() top-level p.d.f evaluates to zero @ !pdfs=(modelObs_s = 0/1,nuisancePdf = 1)

[#0] WARNING:Minization -- RooMinimizerFcn: Minimized function has error status.
Returning maximum FCN so far (1058.1) to force MIGRAD to back out of this region. Error log follows
Parameter values: JER_ele=2.69116, JER_muon=2.57229, JES_ele=3.15873, JES_muon=-1.07012, QCD_stat_ele=5.75601, QCD_stat_muon=2.10203, VBS_stat_ele=2.28542, VBS_stat_muon=0.473376, ele_efficiency=-0.438217, ele_trigger=3.0071, fakephoton_ele=6.83046, fakephoton_muon=-1.51165, interference=0.337977, lumi=2.30325, mu_efficiency=1.65036, mu_trigger=1.01115, non_prompt_stat_ele=6.73066, non_prompt_stat_muon=-0.613186, others_stat_ele=6.10166, others_stat_muon=2.0674, others_xs=3.30085, param=0.930417, pdf_ele=4.3937, pdf_muon=1.80034, photon_id=3.55499, pileup=-0.633864, scale_ele=6.80489, scale_muon=3.1415
RooProdPdf::model_s[ modelObs_s * nuisancePdf ]
     getLogVal() top-level p.d.f evaluates to zero @ !pdfs=(modelObs_s = 0/1,nuisancePdf = 1)

[#0] WARNING:Minization -- RooMinimizerFcn: Minimized function has error status.
Returning maximum FCN so far (1058.1) to force MIGRAD to back out of this region. Error log follows
Parameter values: JER_ele=2.64989, JER_muon=2.56318, JES_ele=3.08493, JES_muon=-1.09589, QCD_stat_ele=5.88182, QCD_stat_muon=2.06906, VBS_stat_ele=2.23825, VBS_stat_muon=0.473465, ele_efficiency=-0.45365, ele_trigger=2.94941, fakephoton_ele=6.88065, fakephoton_muon=-1.51758, interference=0.322445, lumi=2.26711, mu_efficiency=1.64538, mu_trigger=0.990632, non_prompt_stat_ele=6.81158, non_prompt_stat_muon=-0.630359, others_stat_ele=6.04422, others_stat_muon=2.06104, others_xs=3.24925, param=0.930311, pdf_ele=4.31215, pdf_muon=1.76404, photon_id=3.45727, pileup=-0.638043, scale_ele=6.74823, scale_muon=3.05086
RooProdPdf::model_s[ modelObs_s * nuisancePdf ]
     getLogVal() top-level p.d.f evaluates to zero @ !pdfs=(modelObs_s = 0/1,nuisancePdf = 1)

[#0] WARNING:Minization -- RooMinimizerFcn: Minimized function has error status.
Returning maximum FCN so far (1058.1) to force MIGRAD to back out of this region. Error log follows
Parameter values: JER_ele=2.59822, JER_muon=2.54973, JES_ele=3.01489, JES_muon=-1.11661, QCD_stat_ele=6.03775, QCD_stat_muon=2.00626, VBS_stat_ele=2.17516, VBS_stat_muon=0.445911, ele_efficiency=-0.469286, ele_trigger=2.89099, fakephoton_ele=6.9147, fakephoton_muon=-1.52095, interference=0.304207, lumi=2.22593, mu_efficiency=1.64107, mu_trigger=0.972139, non_prompt_stat_ele=6.86541, non_prompt_stat_muon=-0.637854, others_stat_ele=5.97733, others_stat_muon=2.0253, others_xs=3.18814, param=0.930205, pdf_ele=4.22726, pdf_muon=1.73513, photon_id=3.35913, pileup=-0.642145, scale_ele=6.69, scale_muon=3.00173
RooProdPdf::model_s[ modelObs_s * nuisancePdf ]
     getLogVal() top-level p.d.f evaluates to zero @ !pdfs=(modelObs_s = 0/1,nuisancePdf = 1)

[#0] WARNING:Minization -- RooMinimizerFcn: Minimized function has error status.
Returning maximum FCN so far (1058.1) to force MIGRAD to back out of this region. Error log follows
Parameter values: JER_ele=2.55454, JER_muon=2.53932, JES_ele=2.94565, JES_muon=-1.13905, QCD_stat_ele=6.15766, QCD_stat_muon=1.96143, VBS_stat_ele=2.12359, VBS_stat_muon=0.433683, ele_efficiency=-0.484054, ele_trigger=2.83548, fakephoton_ele=6.94519, fakephoton_muon=-1.52551, interference=0.288231, lumi=2.18921, mu_efficiency=1.63664, mu_trigger=0.953477, non_prompt_stat_ele=6.91414, non_prompt_stat_muon=-0.649898, others_stat_ele=5.91625, others_stat_muon=2.00608, others_xs=3.13437, param=0.930103, pdf_ele=4.14693, pdf_muon=1.70378, photon_id=3.26462, pileup=-0.646096, scale_ele=6.62589, scale_muon=2.93332
RooProdPdf::model_s[ modelObs_s * nuisancePdf ]
     getLogVal() top-level p.d.f evaluates to zero @ !pdfs=(modelObs_s = 0/1,nuisancePdf = 1)

[#0] WARNING:Minization -- RooMinimizerFcn: Minimized function has error status.
Returning maximum FCN so far (1058.1) to force MIGRAD to back out of this region. Error log follows
Parameter values: JER_ele=2.50859, JER_muon=2.52783, JES_ele=2.87866, JES_muon=-1.15959, QCD_stat_ele=6.27715, QCD_stat_muon=1.90991, VBS_stat_ele=2.06828, VBS_stat_muon=0.414726, ele_efficiency=-0.498577, ele_trigger=2.7807, fakephoton_ele=6.96721, fakephoton_muon=-1.52927, interference=0.271887, lumi=2.15188, mu_efficiency=1.63246, mu_trigger=0.935732, non_prompt_stat_ele=6.949, non_prompt_stat_muon=-0.65923, others_stat_ele=5.8523, others_stat_muon=1.97984, others_xs=3.07915, param=0.930005, pdf_ele=4.06663, pdf_muon=1.67495, photon_id=3.17148, pileup=-0.649939, scale_ele=6.55927, scale_muon=2.8768
RooProdPdf::model_s[ modelObs_s * nuisancePdf ]
     getLogVal() top-level p.d.f evaluates to zero @ !pdfs=(modelObs_s = 0/1,nuisancePdf = 1)

[#0] WARNING:Minization -- RooMinimizerFcn: Minimized function has error status.
Returning maximum FCN so far (1058.1) to force MIGRAD to back out of this region. Error log follows
Parameter values: JER_ele=2.46558, JER_muon=2.51734, JES_ele=2.81306, JES_muon=-1.1801, QCD_stat_ele=6.38014, QCD_stat_muon=1.86342, VBS_stat_ele=2.017, VBS_stat_muon=0.399555, ele_efficiency=-0.512582, ele_trigger=2.72768, fakephoton_ele=6.98363, fakephoton_muon=-1.53323, interference=0.256404, lumi=2.11634, mu_efficiency=1.62835, mu_trigger=0.918329, non_prompt_stat_ele=6.97496, non_prompt_stat_muon=-0.669373, others_stat_ele=5.79023, others_stat_muon=1.95781, others_xs=3.02662, param=0.929909, pdf_ele=3.98867, pdf_muon=1.64619, photon_id=3.08071, pileup=-0.653661, scale_ele=6.48894, scale_muon=2.81703
RooProdPdf::model_s[ modelObs_s * nuisancePdf ]
     getLogVal() top-level p.d.f evaluates to zero @ !pdfs=(modelObs_s = 0/1,nuisancePdf = 1)

[#0] WARNING:Minization -- RooMinimizerFcn: Minimized function has error status.
Returning maximum FCN so far (1058.1) to force MIGRAD to back out of this region. Error log follows
Parameter values: JER_ele=2.42291, JER_muon=2.50684, JES_ele=2.7492, JES_muon=-1.19974, QCD_stat_ele=6.47492, QCD_stat_muon=1.81663, VBS_stat_ele=1.9659, VBS_stat_muon=0.383443, ele_efficiency=-0.526216, ele_trigger=2.67585, fakephoton_ele=6.99406, fakephoton_muon=-1.53694, interference=0.241198, lumi=2.08144, mu_efficiency=1.62437, mu_trigger=0.901495, non_prompt_stat_ele=6.99123, non_prompt_stat_muon=-0.67876, others_stat_ele=5.72778, others_stat_muon=1.93492, others_xs=2.97484, param=0.929816, pdf_ele=3.9119, pdf_muon=1.61855, photon_id=2.9918, pileup=-0.657285, scale_ele=6.41617, scale_muon=2.76075
RooProdPdf::model_s[ modelObs_s * nuisancePdf ]
     getLogVal() top-level p.d.f evaluates to zero @ !pdfs=(modelObs_s = 0/1,nuisancePdf = 1)

[#0] WARNING:Minization -- RooMinimizerFcn: Minimized function has error status.
Returning maximum FCN so far (1058.1) to force MIGRAD to back out of this region. Error log follows
Parameter values: JER_ele=2.38173, JER_muon=2.49677, JES_ele=2.68687, JES_muon=-1.21892, QCD_stat_ele=6.5589, QCD_stat_muon=1.77174, VBS_stat_ele=1.91669, VBS_stat_muon=0.368344, ele_efficiency=-0.53944, ele_trigger=2.62543, fakephoton_ele=6.99925, fakephoton_muon=-1.5406, interference=0.226507, lumi=2.04763, mu_efficiency=1.62051, mu_trigger=0.885114, non_prompt_stat_ele=6.99908, non_prompt_stat_muon=-0.688052, others_stat_ele=5.66612, others_stat_muon=1.91326, others_xs=2.9246, param=0.929725, pdf_ele=3.83684, pdf_muon=1.59156, photon_id=2.90495, pileup=-0.660799, scale_ele=6.34094, scale_muon=2.70511
RooProdPdf::model_s[ modelObs_s * nuisancePdf ]
     getLogVal() top-level p.d.f evaluates to zero @ !pdfs=(modelObs_s = 0/1,nuisancePdf = 1)

[#0] WARNING:Minization -- RooMinimizerFcn: Minimized function has error status.
Returning maximum FCN so far (1058.1) to force MIGRAD to back out of this region. Error log follows
Parameter values: JER_ele=2.34145, JER_muon=2.48692, JES_ele=2.62604, JES_muon=-1.23752, QCD_stat_ele=6.63407, QCD_stat_muon=1.72777, VBS_stat_ele=1.86853, VBS_stat_muon=0.353461, ele_efficiency=-0.552306, ele_trigger=2.57622, fakephoton_ele=6.99956, fakephoton_muon=-1.54414, interference=0.212185, lumi=2.01465, mu_efficiency=1.61675, mu_trigger=0.869189, non_prompt_stat_ele=6.99905, non_prompt_stat_muon=-0.697024, others_stat_ele=5.60477, others_stat_muon=1.89195, others_xs=2.87548, param=0.929637, pdf_ele=3.76317, pdf_muon=1.56533, photon_id=2.81994, pileup=-0.664216, scale_ele=6.2637, scale_muon=2.65109
RooProdPdf::model_s[ modelObs_s * nuisancePdf ]
     getLogVal() top-level p.d.f evaluates to zero @ !pdfs=(modelObs_s = 0/1,nuisancePdf = 1)

[#0] WARNING:Minization -- RooMinimizerFcn: Minimized function has error status.
Returning maximum FCN so far (1058.1) to force MIGRAD to back out of this region. Error log follows
Parameter values: JER_ele=2.30224, JER_muon=2.47735, JES_ele=2.56664, JES_muon=-1.25561, QCD_stat_ele=6.7005, QCD_stat_muon=1.68503, VBS_stat_ele=1.82167, VBS_stat_muon=0.339051, ele_efficiency=-0.564813, ele_trigger=2.52822, fakephoton_ele=6.9954, fakephoton_muon=-1.54759, interference=0.198273, lumi=1.98254, mu_efficiency=1.6131, mu_trigger=0.853695, non_prompt_stat_ele=6.99179, non_prompt_stat_muon=-0.705767, others_stat_ele=5.54399, others_stat_muon=1.87129, others_xs=2.82757, param=0.929551, pdf_ele=3.69098, pdf_muon=1.53979, photon_id=2.7368, pileup=-0.66754, scale_ele=6.18469, scale_muon=2.59828
RooProdPdf::model_s[ modelObs_s * nuisancePdf ]
     getLogVal() top-level p.d.f evaluates to zero @ !pdfs=(modelObs_s = 0/1,nuisancePdf = 1)

[#0] WARNING:Minization -- RooMinimizerFcn: Minimized function has error status.
Returning maximum FCN so far (1058.1) to force MIGRAD to back out of this region. Error log follows
Parameter values: JER_ele=0.0213367, JER_muon=2.08347, JES_ele=-0.398405, JES_muon=-1.96979, QCD_stat_ele=0.524775, QCD_stat_muon=-0.0251513, VBS_stat_ele=-1.04643, VBS_stat_muon=-0.253292, ele_efficiency=-1.16001, ele_trigger=0.0129005, fakephoton_ele=4.93512, fakephoton_muon=-1.66639, interference=-0.442672, lumi=0.386336, mu_efficiency=1.44563, mu_trigger=0.258555, non_prompt_stat_ele=4.5036, non_prompt_stat_muon=-1.04851, others_stat_ele=1.15427, others_stat_muon=0.935215, others_xs=0.45086, param=0.926026, pdf_ele=-0.357383, pdf_muon=0.527976, photon_id=-1.28538, pileup=-0.87151, scale_ele=0.0216808, scale_muon=0.444087
RooProdPdf::model_s[ modelObs_s * nuisancePdf ]
     getLogVal() top-level p.d.f evaluates to zero @ !pdfs=(modelObs_s = 0/1,nuisancePdf = 1)

[#0] WARNING:Minization -- RooMinimizerFcn: Minimized function has error status.
Returning maximum FCN so far (1058.1) to force MIGRAD to back out of this region. Error log follows
Parameter values: JER_ele=3.93361, JER_muon=2.77535, JES_ele=4.30607, JES_muon=-0.690012, QCD_stat_ele=-1.15051, QCD_stat_muon=2.95858, VBS_stat_ele=3.87896, VBS_stat_muon=0.789281, ele_efficiency=-0.134813, ele_trigger=4.09503, fakephoton_ele=6.05671, fakephoton_muon=-1.44036, interference=0.6632, lumi=3.05383, mu_efficiency=1.72568, mu_trigger=1.33059, non_prompt_stat_ele=5.69503, non_prompt_stat_muon=-0.437093, others_stat_ele=6.97465, others_stat_muon=2.53654, others_xs=4.30305, param=0.932135, pdf_ele=5.84315, pdf_muon=2.31179, photon_id=5.17342, pileup=-0.55575, scale_ele=6.79338, scale_muon=4.12074
RooProdPdf::model_s[ modelObs_s * nuisancePdf ]
     getLogVal() top-level p.d.f evaluates to zero @ !pdfs=(modelObs_s = 0/1,nuisancePdf = 1)

[#0] WARNING:Minization -- RooMinimizerFcn: Minimized function has error status.
Returning maximum FCN so far (1058.1) to force MIGRAD to back out of this region. Error log follows
Parameter values: JER_ele=2.62102, JER_muon=2.69333, JES_ele=3.85406, JES_muon=-0.836243, QCD_stat_ele=6.23772, QCD_stat_muon=2.66898, VBS_stat_ele=2.06209, VBS_stat_muon=0.668169, ele_efficiency=-0.322019, ele_trigger=3.41346, fakephoton_ele=4.91095, fakephoton_muon=-1.46783, interference=0.481323, lumi=2.59598, mu_efficiency=1.69809, mu_trigger=1.2123, non_prompt_stat_ele=3.44619, non_prompt_stat_muon=-0.50014, others_stat_ele=6.2428, others_stat_muon=2.30822, others_xs=3.80024, param=0.931604, pdf_ele=4.90048, pdf_muon=2.13368, photon_id=4.33826, pileup=-0.600431, scale_ele=6.94666, scale_muon=3.78888
RooProdPdf::model_s[ modelObs_s * nuisancePdf ]
     getLogVal() top-level p.d.f evaluates to zero @ !pdfs=(modelObs_s = 0/1,nuisancePdf = 1)

[#0] WARNING:Minization -- RooMinimizerFcn: Minimized function has error status.
Returning maximum FCN so far (1058.1) to force MIGRAD to back out of this region. Error log follows
Parameter values: JER_ele=3.26732, JER_muon=2.60595, JES_ele=3.34389, JES_muon=-1.01618, QCD_stat_ele=2.86905, QCD_stat_muon=2.22958, VBS_stat_ele=3.086, VBS_stat_muon=0.531982, ele_efficiency=-0.362372, ele_trigger=3.29971, fakephoton_ele=6.97126, fakephoton_muon=-1.5023, interference=0.412585, lumi=2.49569, mu_efficiency=1.66079, mu_trigger=1.05607, non_prompt_stat_ele=6.98135, non_prompt_stat_muon=-0.593166, others_stat_ele=6.57689, others_stat_muon=2.17053, others_xs=3.51752, param=0.930618, pdf_ele=4.85043, pdf_muon=1.86658, photon_id=3.94285, pileup=-0.615891, scale_ele=6.86507, scale_muon=3.26081
RooProdPdf::model_s[ modelObs_s * nuisancePdf ]
     getLogVal() top-level p.d.f evaluates to zero @ !pdfs=(modelObs_s = 0/1,nuisancePdf = 1)

[#0] WARNING:Minization -- RooMinimizerFcn: Minimized function has error status.
Returning maximum FCN so far (1058.1) to force MIGRAD to back out of this region. Error log follows
Parameter values: JER_ele=2.37014, JER_muon=2.56448, JES_ele=3.10373, JES_muon=-1.08723, QCD_stat_ele=6.67179, QCD_stat_muon=2.08776, VBS_stat_ele=1.82922, VBS_stat_muon=0.471415, ele_efficiency=-0.471435, ele_trigger=2.87437, fakephoton_ele=6.63562, fakephoton_muon=-1.51537, interference=0.308544, lumi=2.22107, mu_efficiency=1.6473, mu_trigger=0.998474, non_prompt_stat_ele=6.35169, non_prompt_stat_muon=-0.622854, others_stat_ele=5.79038, others_stat_muon=2.04629, others_xs=3.22239, param=0.930391, pdf_ele=4.1702, pdf_muon=1.78116, photon_id=3.3922, pileup=-0.641443, scale_ele=6.80591, scale_muon=3.09294
RooProdPdf::model_s[ modelObs_s * nuisancePdf ]
     getLogVal() top-level p.d.f evaluates to zero @ !pdfs=(modelObs_s = 0/1,nuisancePdf = 1)

[#0] WARNING:Minization -- RooMinimizerFcn: Minimized function has error status.
Returning maximum FCN so far (1058.1) to force MIGRAD to back out of this region. Error log follows
Parameter values: JER_ele=2.70259, JER_muon=2.5385, JES_ele=2.9399, JES_muon=-1.14122, QCD_stat_ele=5.62797, QCD_stat_muon=1.94982, VBS_stat_ele=2.33893, VBS_stat_muon=0.430968, ele_efficiency=-0.473825, ele_trigger=2.87822, fakephoton_ele=6.98944, fakephoton_muon=-1.52594, interference=0.296153, lumi=2.21487, mu_efficiency=1.63607, mu_trigger=0.950986, non_prompt_stat_ele=6.98941, non_prompt_stat_muon=-0.651378, others_stat_ele=6.04967, others_stat_muon=2.00982, others_xs=3.14998, param=0.930074, pdf_ele=4.2267, pdf_muon=1.69823, photon_id=3.30567, pileup=-0.644038, scale_ele=6.59071, scale_muon=2.92289
RooProdPdf::model_s[ modelObs_s * nuisancePdf ]
     getLogVal() top-level p.d.f evaluates to zero @ !pdfs=(modelObs_s = 0/1,nuisancePdf = 1)

[#0] WARNING:Minization -- RooMinimizerFcn: Minimized function has error status.
Returning maximum FCN so far (1058.1) to force MIGRAD to back out of this region. Error log follows
Parameter values: JER_ele=2.42882, JER_muon=2.5263, JES_ele=2.87009, JES_muon=-1.16222, QCD_stat_ele=6.48974, QCD_stat_muon=1.90671, VBS_stat_ele=1.95404, VBS_stat_muon=0.413055, ele_efficiency=-0.505978, ele_trigger=2.75074, fakephoton_ele=6.94491, fakephoton_muon=-1.52975, interference=0.26527, lumi=2.1332, mu_efficiency=1.63198, mu_trigger=0.93378, non_prompt_stat_ele=6.9071, non_prompt_stat_muon=-0.660301, others_stat_ele=5.77197, others_stat_muon=1.97404, others_xs=3.06237, param=0.930007, pdf_ele=4.01378, pdf_muon=1.6724, photon_id=3.13523, pileup=-0.651591, scale_ele=6.56521, scale_muon=2.87122
RooProdPdf::model_s[ modelObs_s * nuisancePdf ]
     getLogVal() top-level p.d.f evaluates to zero @ !pdfs=(modelObs_s = 0/1,nuisancePdf = 1)

[#0] WARNING:Minization -- RooMinimizerFcn: Minimized function has error status.
Returning maximum FCN so far (1058.1) to force MIGRAD to back out of this region. Error log follows
Parameter values: JER_ele=2.48569, JER_muon=2.51421, JES_ele=2.7934, JES_muon=-1.18613, QCD_stat_ele=6.31901, QCD_stat_muon=1.848, VBS_stat_ele=2.04947, VBS_stat_muon=0.394585, ele_efficiency=-0.514281, ele_trigger=2.72206, fakephoton_ele=6.99272, fakephoton_muon=-1.53439, interference=0.253809, lumi=2.11192, mu_efficiency=1.62711, mu_trigger=0.913045, non_prompt_stat_ele=6.99013, non_prompt_stat_muon=-0.67237, others_stat_ele=5.80389, others_stat_muon=1.95213, others_xs=3.01516, param=0.929879, pdf_ele=3.98436, pdf_muon=1.63722, photon_id=3.06455, pileup=-0.654254, scale_ele=6.4598, scale_muon=2.79882
RooProdPdf::model_s[ modelObs_s * nuisancePdf ]
     getLogVal() top-level p.d.f evaluates to zero @ !pdfs=(modelObs_s = 0/1,nuisancePdf = 1)

[#0] WARNING:Minization -- RooMinimizerFcn: Minimized function has error status.
Returning maximum FCN so far (1058.1) to force MIGRAD to back out of this region. Error log follows
Parameter values: JER_ele=2.39818, JER_muon=2.50415, JES_ele=2.73288, JES_muon=-1.20481, QCD_stat_ele=6.53112, QCD_stat_muon=1.80521, VBS_stat_ele=1.93278, VBS_stat_muon=0.379473, ele_efficiency=-0.530736, ele_trigger=2.65832, fakephoton_ele=6.99434, fakephoton_muon=-1.5379, interference=0.236459, lumi=2.06993, mu_efficiency=1.62336, mu_trigger=0.897217, non_prompt_stat_ele=6.99132, non_prompt_stat_muon=-0.681169, others_stat_ele=5.69761, others_stat_muon=1.92868, others_xs=2.95981, param=0.929797, pdf_ele=3.88413, pdf_muon=1.61161, photon_id=2.9643, pileup=-0.658426, scale_ele=6.39999, scale_muon=2.74644
RooProdPdf::model_s[ modelObs_s * nuisancePdf ]
     getLogVal() top-level p.d.f evaluates to zero @ !pdfs=(modelObs_s = 0/1,nuisancePdf = 1)

[#0] WARNING:Minization -- RooMinimizerFcn: Minimized function has error status.
Returning maximum FCN so far (1058.1) to force MIGRAD to back out of this region. Error log follows
Parameter values: JER_ele=2.3755, JER_muon=2.49394, JES_ele=2.66926, JES_muon=-1.22429, QCD_stat_ele=6.56915, QCD_stat_muon=1.75889, VBS_stat_ele=1.91064, VBS_stat_muon=0.364045, ele_efficiency=-0.542762, ele_trigger=2.61287, fakephoton_ele=6.99992, fakephoton_muon=-1.54163, interference=0.222705, lumi=2.03911, mu_efficiency=1.61942, mu_trigger=0.880503, non_prompt_stat_ele=6.99996, non_prompt_stat_muon=-0.690662, others_stat_ele=5.65408, others_stat_muon=1.90729, others_xs=2.91111, param=0.929703, pdf_ele=3.81874, pdf_muon=1.58392, photon_id=2.88225, pileup=-0.661698, scale_ele=6.31769, scale_muon=2.68938
RooProdPdf::model_s[ modelObs_s * nuisancePdf ]
     getLogVal() top-level p.d.f evaluates to zero @ !pdfs=(modelObs_s = 0/1,nuisancePdf = 1)

[#0] WARNING:Minization -- RooMinimizerFcn: Minimized function has error status.
Returning maximum FCN so far (1058.1) to force MIGRAD to back out of this region. Error log follows
Parameter values: JER_ele=2.32852, JER_muon=2.48424, JES_ele=2.60946, JES_muon=-1.24258, QCD_stat_ele=6.65731, QCD_stat_muon=1.71587, VBS_stat_ele=1.85256, VBS_stat_muon=0.349428, ele_efficiency=-0.555952, ele_trigger=2.5622, fakephoton_ele=6.99895, fakephoton_muon=-1.5451, interference=0.20817, lumi=2.0053, mu_efficiency=1.61572, mu_trigger=0.864858, non_prompt_stat_ele=6.99794, non_prompt_stat_muon=-0.699468, others_stat_ele=5.58582, others_stat_muon=1.8861, others_xs=2.86184, param=0.929617, pdf_ele=3.74188, pdf_muon=1.55821, photon_id=2.79606, pileup=-0.66517, scale_ele=6.24249, scale_muon=2.63636
RooProdPdf::model_s[ modelObs_s * nuisancePdf ]
     getLogVal() top-level p.d.f evaluates to zero @ !pdfs=(modelObs_s = 0/1,nuisancePdf = 1)

[#0] WARNING:Minization -- RooMinimizerFcn: Minimized function has error status.
Returning maximum FCN so far (1058.1) to force MIGRAD to back out of this region. Error log follows
Parameter values: JER_ele=2.29205, JER_muon=2.47471, JES_ele=2.55019, JES_muon=-1.26061, QCD_stat_ele=6.7165, QCD_stat_muon=1.67318, VBS_stat_ele=1.80967, VBS_stat_muon=0.335059, ele_efficiency=-0.568222, ele_trigger=2.51514, fakephoton_ele=6.99339, fakephoton_muon=-1.54854, interference=0.19447, lumi=1.97379, mu_efficiency=1.61208, mu_trigger=0.84941, non_prompt_stat_ele=6.98837, non_prompt_stat_muon=-0.708187, others_stat_ele=5.5277, others_stat_muon=1.86559, others_xs=2.81438, param=0.929531, pdf_ele=3.67133, pdf_muon=1.53272, photon_id=2.71397, pileup=-0.668448, scale_ele=6.16202, scale_muon=2.58364
RooProdPdf::model_s[ modelObs_s * nuisancePdf ]
     getLogVal() top-level p.d.f evaluates to zero @ !pdfs=(modelObs_s = 0/1,nuisancePdf = 1)

[#0] WARNING:Minization -- RooMinimizerFcn: Minimized function has error status.
Returning maximum FCN so far (1058.1) to force MIGRAD to back out of this region. Error log follows
Parameter values: JER_ele=3.75627, JER_muon=2.79437, JES_ele=4.40159, JES_muon=-0.646647, QCD_stat_ele=0.220727, QCD_stat_muon=3.06342, VBS_stat_ele=3.61087, VBS_stat_muon=0.820079, ele_efficiency=-0.130381, ele_trigger=4.09824, fakephoton_ele=5.3087, fakephoton_muon=-1.4323, interference=0.676011, lumi=3.06318, mu_efficiency=1.73494, mu_trigger=1.36819, non_prompt_stat_ele=4.43211, non_prompt_stat_muon=-0.413514, others_stat_ele=6.94714, others_stat_muon=2.55598, others_xs=4.34745, param=0.932377, pdf_ele=5.82737, pdf_muon=2.37764, photon_id=5.23792, pileup=-0.553108, scale_ele=6.64742, scale_muon=4.24513
RooProdPdf::model_s[ modelObs_s * nuisancePdf ]
     getLogVal() top-level p.d.f evaluates to zero @ !pdfs=(modelObs_s = 0/1,nuisancePdf = 1)

[#0] WARNING:Minization -- RooMinimizerFcn: Minimized function has error status.
Returning maximum FCN so far (1058.1) to force MIGRAD to back out of this region. Error log follows
Parameter values: JER_ele=3.17222, JER_muon=2.76552, JES_ele=4.25994, JES_muon=-0.703186, QCD_stat_ele=4.00475, QCD_stat_muon=2.95283, VBS_stat_ele=2.78829, VBS_stat_muon=0.776532, ele_efficiency=-0.205585, ele_trigger=3.83516, fakephoton_ele=4.59535, fakephoton_muon=-1.44262, interference=0.602271, lumi=2.88379, mu_efficiency=1.72405, mu_trigger=1.323, non_prompt_stat_ele=3.14608, non_prompt_stat_muon=-0.439225, others_stat_ele=6.69844, others_stat_muon=2.48524, others_xs=4.17154, param=0.932193, pdf_ele=5.46948, pdf_muon=2.30708, photon_id=4.92027, pileup=-0.570983, scale_ele=6.71149, scale_muon=4.11386
RooProdPdf::model_s[ modelObs_s * nuisancePdf ]
     getLogVal() top-level p.d.f evaluates to zero @ !pdfs=(modelObs_s = 0/1,nuisancePdf = 1)

[#0] WARNING:Minization -- RooMinimizerFcn: Minimized function has error status.
Returning maximum FCN so far (1058.1) to force MIGRAD to back out of this region. Error log follows
Parameter values: JER_ele=3.58729, JER_muon=2.71508, JES_ele=3.96445, JES_muon=-0.800832, QCD_stat_ele=1.11576, QCD_stat_muon=2.72171, VBS_stat_ele=3.44451, VBS_stat_muon=0.698804, ele_efficiency=-0.22616, ele_trigger=3.77518, fakephoton_ele=6.34607, fakephoton_muon=-1.46153, interference=0.567635, lumi=2.83058, mu_efficiency=1.70417, mu_trigger=1.23832, non_prompt_stat_ele=6.05128, non_prompt_stat_muon=-0.487765, others_stat_ele=6.84836, others_stat_muon=2.38895, others_xs=4.00524, param=0.931638, pdf_ele=5.45871, pdf_muon=2.16732, photon_id=4.73805, pileup=-0.579081, scale_ele=6.96678, scale_muon=3.85111
RooProdPdf::model_s[ modelObs_s * nuisancePdf ]
     getLogVal() top-level p.d.f evaluates to zero @ !pdfs=(modelObs_s = 0/1,nuisancePdf = 1)

[#0] WARNING:Minization -- RooMinimizerFcn: Minimized function has error status.
Returning maximum FCN so far (1058.1) to force MIGRAD to back out of this region. Error log follows
Parameter values: JER_ele=2.74956, JER_muon=2.67605, JES_ele=3.76635, JES_muon=-0.876271, QCD_stat_ele=5.77053, QCD_stat_muon=2.57027, VBS_stat_ele=2.26224, VBS_stat_muon=0.640438, ele_efficiency=-0.329169, ele_trigger=3.39936, fakephoton_ele=5.58702, fakephoton_muon=-1.47533, interference=0.466613, lumi=2.58011, mu_efficiency=1.68954, mu_trigger=1.17766, non_prompt_stat_ele=4.6475, non_prompt_stat_muon=-0.522139, others_stat_ele=6.31012, others_stat_muon=2.29299, others_xs=3.75589, param=0.931398, pdf_ele=4.89765, pdf_muon=2.07196, photon_id=4.25518, pileup=-0.603503, scale_ele=6.98715, scale_muon=3.66665
RooProdPdf::model_s[ modelObs_s * nuisancePdf ]
     getLogVal() top-level p.d.f evaluates to zero @ !pdfs=(modelObs_s = 0/1,nuisancePdf = 1)

[#0] WARNING:Minization -- RooMinimizerFcn: Minimized function has error status.
Returning maximum FCN so far (1058.1) to force MIGRAD to back out of this region. Error log follows
Parameter values: JER_ele=3.20513, JER_muon=2.62694, JES_ele=3.4603, JES_muon=-0.970878, QCD_stat_ele=3.324, QCD_stat_muon=2.33985, VBS_stat_ele=2.97946, VBS_stat_muon=0.564749, ele_efficiency=-0.346402, ele_trigger=3.34888, fakephoton_ele=6.82813, fakephoton_muon=-1.49368, interference=0.435296, lumi=2.53401, mu_efficiency=1.67023, mu_trigger=1.09502, non_prompt_stat_ele=6.76736, non_prompt_stat_muon=-0.569282, others_stat_ele=6.56604, others_stat_muon=2.19882, others_xs=3.58971, param=0.930851, pdf_ele=4.9043, pdf_muon=1.93448, photon_id=4.06996, pileup=-0.610798, scale_ele=6.94232, scale_muon=3.39829
RooProdPdf::model_s[ modelObs_s * nuisancePdf ]
     getLogVal() top-level p.d.f evaluates to zero @ !pdfs=(modelObs_s = 0/1,nuisancePdf = 1)

[#0] WARNING:Minization -- RooMinimizerFcn: Minimized function has error status.
Returning maximum FCN so far (1058.1) to force MIGRAD to back out of this region. Error log follows
Parameter values: JER_ele=2.58621, JER_muon=2.60254, JES_ele=3.33536, JES_muon=-1.01742, QCD_stat_ele=6.18118, QCD_stat_muon=2.24596, VBS_stat_ele=2.10152, VBS_stat_muon=0.528679, ele_efficiency=-0.416561, ele_trigger=3.08326, fakephoton_ele=6.46757, fakephoton_muon=-1.50218, interference=0.367178, lumi=2.36086, mu_efficiency=1.66117, mu_trigger=1.05764, non_prompt_stat_ele=6.10143, non_prompt_stat_muon=-0.590374, others_stat_ele=6.05733, others_stat_muon=2.13762, others_xs=3.42054, param=0.930717, pdf_ele=4.47526, pdf_muon=1.87567, photon_id=3.71855, pileup=-0.627243, scale_ele=6.92868, scale_muon=3.28084
RooProdPdf::model_s[ modelObs_s * nuisancePdf ]
     getLogVal() top-level p.d.f evaluates to zero @ !pdfs=(modelObs_s = 0/1,nuisancePdf = 1)

[#0] WARNING:Minization -- RooMinimizerFcn: Minimized function has error status.
Returning maximum FCN so far (1058.1) to force MIGRAD to back out of this region. Error log follows
Parameter values: JER_ele=2.85462, JER_muon=2.5775, JES_ele=3.17256, JES_muon=-1.06551, QCD_stat_ele=5.06904, QCD_stat_muon=2.12638, VBS_stat_ele=2.52071, VBS_stat_muon=0.490041, ele_efficiency=-0.423074, ele_trigger=3.06567, fakephoton_ele=6.90824, fakephoton_muon=-1.51152, interference=0.353156, lumi=2.34259, mu_efficiency=1.65133, mu_trigger=1.01537, non_prompt_stat_ele=6.8693, non_prompt_stat_muon=-0.614414, others_stat_ele=6.244, others_stat_muon=2.08964, others_xs=3.33633, param=0.930433, pdf_ele=4.49532, pdf_muon=1.80492, photon_id=3.62847, pileup=-0.630494, scale_ele=6.79563, scale_muon=3.13967
RooProdPdf::model_s[ modelObs_s * nuisancePdf ]
     getLogVal() top-level p.d.f evaluates to zero @ !pdfs=(modelObs_s = 0/1,nuisancePdf = 1)

[#0] WARNING:Minization -- RooMinimizerFcn: Minimized function has error status.
Returning maximum FCN so far (1058.1) to force MIGRAD to back out of this region. Error log follows
Parameter values: JER_ele=2.57023, JER_muon=2.56477, JES_ele=3.10513, JES_muon=-1.08963, QCD_stat_ele=6.15831, QCD_stat_muon=2.076, VBS_stat_ele=2.11876, VBS_stat_muon=0.471238, ele_efficiency=-0.456483, ele_trigger=2.93737, fakephoton_ele=6.81193, fakephoton_muon=-1.51597, interference=0.320329, lumi=2.25936, mu_efficiency=1.6466, mu_trigger=0.995753, non_prompt_stat_ele=6.68932, non_prompt_stat_muon=-0.625479, others_stat_ele=5.97712, others_stat_muon=2.0586, others_xs=3.25124, param=0.930356, pdf_ele=4.28349, pdf_muon=1.77374, photon_id=3.45189, pileup=-0.638401, scale_ele=6.77641, scale_muon=3.07654
RooProdPdf::model_s[ modelObs_s * nuisancePdf ]
     getLogVal() top-level p.d.f evaluates to zero @ !pdfs=(modelObs_s = 0/1,nuisancePdf = 1)

[#0] WARNING:Minization -- RooMinimizerFcn: Minimized function has error status.
Returning maximum FCN so far (1058.1) to force MIGRAD to back out of this region. Error log follows
Parameter values: JER_ele=2.6488, JER_muon=2.55042, JES_ele=3.0131, JES_muon=-1.11709, QCD_stat_ele=5.85985, QCD_stat_muon=2.00908, VBS_stat_ele=2.24905, VBS_stat_muon=0.449247, ele_efficiency=-0.465654, ele_trigger=2.90543, fakephoton_ele=6.93717, fakephoton_muon=-1.52126, interference=0.307651, lumi=2.23543, mu_efficiency=1.64101, mu_trigger=0.971862, non_prompt_stat_ele=6.90522, non_prompt_stat_muon=-0.639022, others_stat_ele=6.02336, others_stat_muon=2.02972, others_xs=3.19459, param=0.930205, pdf_ele=4.25449, pdf_muon=1.73399, photon_id=3.37523, pileup=-0.6414, scale_ele=6.68047, scale_muon=2.9963
RooProdPdf::model_s[ modelObs_s * nuisancePdf ]
     getLogVal() top-level p.d.f evaluates to zero @ !pdfs=(modelObs_s = 0/1,nuisancePdf = 1)

[#0] WARNING:Minization -- RooMinimizerFcn: Minimized function has error status.
Returning maximum FCN so far (1058.1) to force MIGRAD to back out of this region. Error log follows
Parameter values: JER_ele=2.53064, JER_muon=2.53957, JES_ele=2.95032, JES_muon=-1.13765, QCD_stat_ele=6.23277, QCD_stat_muon=1.96284, VBS_stat_ele=2.088, VBS_stat_muon=0.433015, ele_efficiency=-0.485133, ele_trigger=2.83098, fakephoton_ele=6.93311, fakephoton_muon=-1.52513, interference=0.28735, lumi=2.18634, mu_efficiency=1.63691, mu_trigger=0.95461, non_prompt_stat_ele=6.89275, non_prompt_stat_muon=-0.64877, others_stat_ele=5.89479, others_stat_muon=2.00526, others_xs=3.13408, param=0.93012, pdf_ele=4.13703, pdf_muon=1.70597, photon_id=3.26135, pileup=-0.646268, scale_ele=6.6348, scale_muon=2.93929
RooProdPdf::model_s[ modelObs_s * nuisancePdf ]
     getLogVal() top-level p.d.f evaluates to zero @ !pdfs=(modelObs_s = 0/1,nuisancePdf = 1)

[#0] WARNING:Minization -- RooMinimizerFcn: Minimized function has error status.
Returning maximum FCN so far (1058.1) to force MIGRAD to back out of this region. Error log follows
Parameter values: JER_ele=2.52163, JER_muon=2.52805, JES_ele=2.87849, JES_muon=-1.1596, QCD_stat_ele=6.23849, QCD_stat_muon=1.91069, VBS_stat_ele=2.08727, VBS_stat_muon=0.415506, ele_efficiency=-0.4976, ele_trigger=2.7846, fakephoton_ele=6.9708, fakephoton_muon=-1.52932, interference=0.272811, lumi=2.15442, mu_efficiency=1.63247, mu_trigger=0.935744, non_prompt_stat_ele=6.95538, non_prompt_stat_muon=-0.659441, others_stat_ele=5.86492, others_stat_muon=1.98092, others_xs=3.08097, param=0.930011, pdf_ele=4.074, pdf_muon=1.67482, photon_id=3.176, pileup=-0.649735, scale_ele=6.55674, scale_muon=2.87587
RooProdPdf::model_s[ modelObs_s * nuisancePdf ]
     getLogVal() top-level p.d.f evaluates to zero @ !pdfs=(modelObs_s = 0/1,nuisancePdf = 1)

[#0] WARNING:Minization -- RooMinimizerFcn: Minimized function has error status.
Returning maximum FCN so far (1058.1) to force MIGRAD to back out of this region. Error log follows
Parameter values: JER_ele=2.46079, JER_muon=2.51752, JES_ele=2.81487, JES_muon=-1.17956, QCD_stat_ele=6.39355, QCD_stat_muon=1.86434, VBS_stat_ele=2.00972, VBS_stat_muon=0.399652, ele_efficiency=-0.512653, ele_trigger=2.7273, fakephoton_ele=6.98205, fakephoton_muon=-1.53311, interference=0.256398, lumi=2.11613, mu_efficiency=1.62845, mu_trigger=0.918774, non_prompt_stat_ele=6.97223, non_prompt_stat_muon=-0.669028, others_stat_ele=5.786, others_stat_muon=1.95797, others_xs=3.0272, param=0.929919, pdf_ele=3.98736, pdf_muon=1.64699, photon_id=3.08103, pileup=-0.65366, scale_ele=6.49208, scale_muon=2.81894
RooProdPdf::model_s[ modelObs_s * nuisancePdf ]
     getLogVal() top-level p.d.f evaluates to zero @ !pdfs=(modelObs_s = 0/1,nuisancePdf = 1)

[#0] WARNING:Minization -- RooMinimizerFcn: Minimized function has error status.
Returning maximum FCN so far (1058.1) to force MIGRAD to back out of this region. Error log follows
Parameter values: JER_ele=2.42603, JER_muon=2.50703, JES_ele=2.75005, JES_muon=-1.19947, QCD_stat_ele=6.46732, QCD_stat_muon=1.8174, VBS_stat_ele=1.97029, VBS_stat_muon=0.383795, ele_efficiency=-0.52584, ele_trigger=2.67733, fakephoton_ele=6.99425, fakephoton_muon=-1.5369, interference=0.241589, lumi=2.08241, mu_efficiency=1.62443, mu_trigger=0.901732, non_prompt_stat_ele=6.99159, non_prompt_stat_muon=-0.67866, others_stat_ele=5.73121, others_stat_muon=1.93541, others_xs=2.9759, param=0.929824, pdf_ele=3.91441, pdf_muon=1.61892, photon_id=2.99391, pileup=-0.657195, scale_ele=6.41665, scale_muon=2.76139
RooProdPdf::model_s[ modelObs_s * nuisancePdf ]
     getLogVal() top-level p.d.f evaluates to zero @ !pdfs=(modelObs_s = 0/1,nuisancePdf = 1)

[#0] WARNING:Minization -- RooMinimizerFcn: Minimized function has error status.
Returning maximum FCN so far (1058.1) to force MIGRAD to back out of this region. Error log follows
Parameter values: JER_ele=2.38151, JER_muon=2.49695, JES_ele=2.68808, JES_muon=-1.21856, QCD_stat_ele=6.55967, QCD_stat_muon=1.77256, VBS_stat_ele=1.91617, VBS_stat_muon=0.368596, ele_efficiency=-0.539264, ele_trigger=2.6261, fakephoton_ele=6.99915, fakephoton_muon=-1.54053, interference=0.226719, lumi=2.04809, mu_efficiency=1.62058, mu_trigger=0.885424, non_prompt_stat_ele=6.99893, non_prompt_stat_muon=-0.687864, others_stat_ele=5.66628, others_stat_muon=1.9136, others_xs=2.92543, param=0.929735, pdf_ele=3.8377, pdf_muon=1.59208, photon_id=2.90626, pileup=-0.660748, scale_ele=6.34265, scale_muon=2.70622
RooProdPdf::model_s[ modelObs_s * nuisancePdf ]
     getLogVal() top-level p.d.f evaluates to zero @ !pdfs=(modelObs_s = 0/1,nuisancePdf = 1)

[#0] WARNING:Minization -- RooMinimizerFcn: Minimized function has error status.
Returning maximum FCN so far (1058.1) to force MIGRAD to back out of this region. Error log follows
Parameter values: JER_ele=2.34248, JER_muon=2.48709, JES_ele=2.62704, JES_muon=-1.23721, QCD_stat_ele=6.6321, QCD_stat_muon=1.72852, VBS_stat_ele=1.86986, VBS_stat_muon=0.353722, ele_efficiency=-0.552067, ele_trigger=2.57714, fakephoton_ele=6.99959, fakephoton_muon=-1.54408, interference=0.212454, lumi=2.01526, mu_efficiency=1.61681, mu_trigger=0.869458, non_prompt_stat_ele=6.99908, non_prompt_stat_muon=-0.69688, others_stat_ele=5.60619, others_stat_muon=1.89232, others_xs=2.87634, param=0.929646, pdf_ele=3.76461, pdf_muon=1.56577, photon_id=2.82148, pileup=-0.664151, scale_ele=6.26492, scale_muon=2.65197
RooProdPdf::model_s[ modelObs_s * nuisancePdf ]
     getLogVal() top-level p.d.f evaluates to zero @ !pdfs=(modelObs_s = 0/1,nuisancePdf = 1)

[#0] WARNING:Minization -- RooMinimizerFcn: Minimized function has error status.
Returning maximum FCN so far (1058.1) to force MIGRAD to back out of this region. Error log follows
Parameter values: JER_ele=2.3028, JER_muon=2.47752, JES_ele=2.56769, JES_muon=-1.2553, QCD_stat_ele=6.69963, QCD_stat_muon=1.68577, VBS_stat_ele=1.82231, VBS_stat_muon=0.339298, ele_efficiency=-0.564603, ele_trigger=2.52903, fakephoton_ele=6.99552, fakephoton_muon=-1.54753, interference=0.198506, lumi=1.98308, mu_efficiency=1.61316, mu_trigger=0.853967, non_prompt_stat_ele=6.99201, non_prompt_stat_muon=-0.705614, others_stat_ele=5.54493, others_stat_muon=1.87164, others_xs=2.8284, param=0.929561, pdf_ele=3.69218, pdf_muon=1.54024, photon_id=2.73822, pileup=-0.667482, scale_ele=6.18615, scale_muon=2.59921
RooProdPdf::model_s[ modelObs_s * nuisancePdf ]
     getLogVal() top-level p.d.f evaluates to zero @ !pdfs=(modelObs_s = 0/1,nuisancePdf = 1)

[#0] WARNING:Minization -- RooMinimizerFcn: Minimized function has error status.
Returning maximum FCN so far (1058.1) to force MIGRAD to back out of this region. Error log follows
Parameter values: JER_ele=3.92129, JER_muon=2.80892, JES_ele=4.3622, JES_muon=-0.588093, QCD_stat_ele=-1.06617, QCD_stat_muon=3.20287, VBS_stat_ele=3.8777, VBS_stat_muon=0.839013, ele_efficiency=-0.112983, ele_trigger=4.11159, fakephoton_ele=5.16644, fakephoton_muon=-1.42253, interference=0.706059, lumi=3.08301, mu_efficiency=1.74939, mu_trigger=1.41502, non_prompt_stat_ele=3.94107, non_prompt_stat_muon=-0.380597, others_stat_ele=6.98808, others_stat_muon=2.48506, others_xs=4.31693, param=0.932567, pdf_ele=5.87856, pdf_muon=2.47353, photon_id=5.37419, pileup=-0.548804, scale_ele=6.62931, scale_muon=4.43666
RooProdPdf::model_s[ modelObs_s * nuisancePdf ]
     getLogVal() top-level p.d.f evaluates to zero @ !pdfs=(modelObs_s = 0/1,nuisancePdf = 1)

[#0] WARNING:Minization -- RooMinimizerFcn: Minimized function has error status.
Returning maximum FCN so far (1058.1) to force MIGRAD to back out of this region. Error log follows
Parameter values: JER_ele=3.09069, JER_muon=2.79171, JES_ele=4.55059, JES_muon=-0.694084, QCD_stat_ele=4.66645, QCD_stat_muon=2.95525, VBS_stat_ele=2.5781, VBS_stat_muon=0.821389, ele_efficiency=-0.170598, ele_trigger=4.01501, fakephoton_ele=4.11091, fakephoton_muon=-1.43985, interference=0.626927, lumi=2.9993, mu_efficiency=1.72247, mu_trigger=1.33388, non_prompt_stat_ele=2.83794, non_prompt_stat_muon=-0.442375, others_stat_ele=6.64938, others_stat_muon=2.6815, others_xs=4.41203, param=0.932358, pdf_ele=5.63186, pdf_muon=2.29526, photon_id=5.02271, pileup=-0.561193, scale_ele=6.45512, scale_muon=4.06664
RooProdPdf::model_s[ modelObs_s * nuisancePdf ]
     getLogVal() top-level p.d.f evaluates to zero @ !pdfs=(modelObs_s = 0/1,nuisancePdf = 1)

[#0] WARNING:Minization -- RooMinimizerFcn: Minimized function has error status.
Returning maximum FCN so far (1058.1) to force MIGRAD to back out of this region. Error log follows
Parameter values: JER_ele=3.63396, JER_muon=2.67643, JES_ele=3.57339, JES_muon=-0.829174, QCD_stat_ele=0.443829, QCD_stat_muon=2.67713, VBS_stat_ele=3.61111, VBS_stat_muon=0.634313, ele_efficiency=-0.276386, ele_trigger=3.53229, fakephoton_ele=6.65331, fakephoton_muon=-1.46723, interference=0.527015, lumi=2.6731, mu_efficiency=1.70169, mu_trigger=1.21054, non_prompt_stat_ele=6.32575, non_prompt_stat_muon=-0.492157, others_stat_ele=6.86152, others_stat_muon=2.14771, others_xs=3.68505, param=0.931383, pdf_ele=5.21844, pdf_muon=2.15566, photon_id=4.55134, pileup=-0.592938, scale_ele=6.99317, scale_muon=3.85794
RooProdPdf::model_s[ modelObs_s * nuisancePdf ]
     getLogVal() top-level p.d.f evaluates to zero @ !pdfs=(modelObs_s = 0/1,nuisancePdf = 1)

[#0] WARNING:Minization -- RooMinimizerFcn: Minimized function has error status.
Returning maximum FCN so far (1058.1) to force MIGRAD to back out of this region. Error log follows
Parameter values: JER_ele=2.51122, JER_muon=2.65033, JES_ele=3.75026, JES_muon=-0.964501, QCD_stat_ele=6.52822, QCD_stat_muon=2.35506, VBS_stat_ele=1.88596, VBS_stat_muon=0.606311, ele_efficiency=-0.362541, ele_trigger=3.33454, fakephoton_ele=5.88004, fakephoton_muon=-1.49249, interference=0.416965, lumi=2.52533, mu_efficiency=1.66972, mu_trigger=1.10651, non_prompt_stat_ele=5.37575, non_prompt_stat_muon=-0.573096, others_stat_ele=6.03026, others_stat_muon=2.36979, others_xs=3.75274, param=0.931089, pdf_ele=4.75517, pdf_muon=1.9273, photon_id=3.98309, pileup=-0.612091, scale_ele=6.9985, scale_muon=3.35729
RooProdPdf::model_s[ modelObs_s * nuisancePdf ]
     getLogVal() top-level p.d.f evaluates to zero @ !pdfs=(modelObs_s = 0/1,nuisancePdf = 1)

[#0] WARNING:Minization -- RooMinimizerFcn: Minimized function has error status.
Returning maximum FCN so far (1058.1) to force MIGRAD to back out of this region. Error log follows
Parameter values: JER_ele=3.01427, JER_muon=2.57022, JES_ele=3.04362, JES_muon=-1.05432, QCD_stat_ele=4.16873, QCD_stat_muon=2.1586, VBS_stat_ele=2.79183, VBS_stat_muon=0.4754, ele_efficiency=-0.424577, ele_trigger=3.02694, fakephoton_ele=6.96486, fakephoton_muon=-1.50874, interference=0.357292, lumi=2.31998, mu_efficiency=1.65456, mu_trigger=1.02198, non_prompt_stat_ele=6.92931, non_prompt_stat_muon=-0.603257, others_stat_ele=6.38009, others_stat_muon=1.98961, others_xs=3.23658, param=0.930411, pdf_ele=4.48908, pdf_muon=1.83435, photon_id=3.65428, pileup=-0.63149, scale_ele=6.71549, scale_muon=3.21626
RooProdPdf::model_s[ modelObs_s * nuisancePdf ]
     getLogVal() top-level p.d.f evaluates to zero @ !pdfs=(modelObs_s = 0/1,nuisancePdf = 1)

[#0] WARNING:Minization -- RooMinimizerFcn: Minimized function has error status.
Returning maximum FCN so far (1058.1) to force MIGRAD to back out of this region. Error log follows
Parameter values: JER_ele=2.46196, JER_muon=2.56555, JES_ele=3.15213, JES_muon=-1.10196, QCD_stat_ele=6.48426, QCD_stat_muon=2.04467, VBS_stat_ele=1.94294, VBS_stat_muon=0.474584, ele_efficiency=-0.460758, ele_trigger=2.93862, fakephoton_ele=6.76558, fakephoton_muon=-1.5189, interference=0.312734, lumi=2.2588, mu_efficiency=1.64376, mu_trigger=0.987007, non_prompt_stat_ele=6.64453, non_prompt_stat_muon=-0.634837, others_stat_ele=5.86272, others_stat_muon=2.10618, others_xs=3.28757, param=0.930346, pdf_ele=4.25804, pdf_muon=1.74901, photon_id=3.40776, pileup=-0.639191, scale_ele=6.80189, scale_muon=3.01656
RooProdPdf::model_s[ modelObs_s * nuisancePdf ]
     getLogVal() top-level p.d.f evaluates to zero @ !pdfs=(modelObs_s = 0/1,nuisancePdf = 1)

[#0] WARNING:Minization -- RooMinimizerFcn: Minimized function has error status.
Returning maximum FCN so far (1058.1) to force MIGRAD to back out of this region. Error log follows
Parameter values: JER_ele=2.65587, JER_muon=2.53833, JES_ele=2.92074, JES_muon=-1.13324, QCD_stat_ele=5.79564, QCD_stat_muon=1.97237, VBS_stat_ele=2.27968, VBS_stat_muon=0.42981, ele_efficiency=-0.478563, ele_trigger=2.84897, fakephoton_ele=6.97197, fakephoton_muon=-1.52394, interference=0.294556, lumi=2.19764, mu_efficiency=1.63786, mu_trigger=0.957153, non_prompt_stat_ele=6.95443, non_prompt_stat_muon=-0.645013, others_stat_ele=6.01529, others_stat_muon=1.98108, others_xs=3.12036, param=0.930113, pdf_ele=4.18606, pdf_muon=1.71504, photon_id=3.30061, pileup=-0.645004, scale_ele=6.59818, scale_muon=2.96291
RooProdPdf::model_s[ modelObs_s * nuisancePdf ]
     getLogVal() top-level p.d.f evaluates to zero @ !pdfs=(modelObs_s = 0/1,nuisancePdf = 1)

[#0] WARNING:Minization -- RooMinimizerFcn: Minimized function has error status.
Returning maximum FCN so far (1058.1) to force MIGRAD to back out of this region. Error log follows
Parameter values: JER_ele=2.47297, JER_muon=2.5318, JES_ele=2.91063, JES_muon=-1.15557, QCD_stat_ele=6.3877, QCD_stat_muon=1.92076, VBS_stat_ele=2.00897, VBS_stat_muon=0.421841, ele_efficiency=-0.496822, ele_trigger=2.79032, fakephoton_ele=6.94646, fakephoton_muon=-1.52875, interference=0.273855, lumi=2.15886, mu_efficiency=1.63328, mu_trigger=0.939798, non_prompt_stat_ele=6.91692, non_prompt_stat_muon=-0.658277, others_stat_ele=5.82189, others_stat_muon=1.99869, others_xs=3.10201, param=0.93005, pdf_ele=4.0715, pdf_muon=1.67923, photon_id=3.18325, pileup=-0.649297, scale_ele=6.59434, scale_muon=2.88243
RooProdPdf::model_s[ modelObs_s * nuisancePdf ]
     getLogVal() top-level p.d.f evaluates to zero @ !pdfs=(modelObs_s = 0/1,nuisancePdf = 1)

[#0] WARNING:Minization -- RooMinimizerFcn: Minimized function has error status.
Returning maximum FCN so far (1058.1) to force MIGRAD to back out of this region. Error log follows
Parameter values: JER_ele=2.49262, JER_muon=2.51818, JES_ele=2.81531, JES_muon=-1.17699, QCD_stat_ele=6.30469, QCD_stat_muon=1.86997, VBS_stat_ele=2.05671, VBS_stat_muon=0.400348, ele_efficiency=-0.509846, ele_trigger=2.7369, fakephoton_ele=6.98612, fakephoton_muon=-1.53253, interference=0.259384, lumi=2.12226, mu_efficiency=1.62895, mu_trigger=0.920692, non_prompt_stat_ele=6.97881, non_prompt_stat_muon=-0.667446, others_stat_ele=5.81972, others_stat_muon=1.95535, others_xs=3.02982, param=0.929929, pdf_ele=4.00636, pdf_muon=1.65109, photon_id=3.09789, pileup=-0.653018, scale_ele=6.48972, scale_muon=2.8284
RooProdPdf::model_s[ modelObs_s * nuisancePdf ]
     getLogVal() top-level p.d.f evaluates to zero @ !pdfs=(modelObs_s = 0/1,nuisancePdf = 1)

[#0] WARNING:Minization -- RooMinimizerFcn: Minimized function has error status.
Returning maximum FCN so far (1058.1) to force MIGRAD to back out of this region. Error log follows
Parameter values: JER_ele=2.42084, JER_muon=2.5088, JES_ele=2.76228, JES_muon=-1.19662, QCD_stat_ele=6.48349, QCD_stat_muon=1.82431, VBS_stat_ele=1.96035, VBS_stat_muon=0.386603, ele_efficiency=-0.524362, ele_trigger=2.68331, fakephoton_ele=6.99136, fakephoton_muon=-1.5364, interference=0.243309, lumi=2.08659, mu_efficiency=1.62502, mu_trigger=0.904284, non_prompt_stat_ele=6.98704, non_prompt_stat_muon=-0.677424, others_stat_ele=5.72895, others_stat_muon=1.94081, others_xs=2.9848, param=0.929845, pdf_ele=3.92128, pdf_muon=1.62274, photon_id=3.00432, pileup=-0.656755, scale_ele=6.43236, scale_muon=2.76881
RooProdPdf::model_s[ modelObs_s * nuisancePdf ]
     getLogVal() top-level p.d.f evaluates to zero @ !pdfs=(modelObs_s = 0/1,nuisancePdf = 1)

[#0] WARNING:Minization -- RooMinimizerFcn: Minimized function has error status.
Returning maximum FCN so far (1058.1) to force MIGRAD to back out of this region. Error log follows
Parameter values: JER_ele=2.39153, JER_muon=2.49819, JES_ele=2.69529, JES_muon=-1.21602, QCD_stat_ele=6.53802, QCD_stat_muon=1.77843, VBS_stat_ele=1.9296, VBS_stat_muon=0.370411, ele_efficiency=-0.537298, ele_trigger=2.63349, fakephoton_ele=6.99899, fakephoton_muon=-1.54003, interference=0.228864, lumi=2.05296, mu_efficiency=1.62109, mu_trigger=0.887552, non_prompt_stat_ele=6.99871, non_prompt_stat_muon=-0.686589, others_stat_ele=5.67916, others_stat_muon=1.91572, others_xs=2.93164, param=0.92975, pdf_ele=3.84951, pdf_muon=1.59571, photon_id=2.91885, pileup=-0.660241, scale_ele=6.35088, scale_muon=2.71386
RooProdPdf::model_s[ modelObs_s * nuisancePdf ]
     getLogVal() top-level p.d.f evaluates to zero @ !pdfs=(modelObs_s = 0/1,nuisancePdf = 1)

[#0] WARNING:Minization -- RooMinimizerFcn: Minimized function has error status.
Returning maximum FCN so far (1058.1) to force MIGRAD to back out of this region. Error log follows
Parameter values: JER_ele=2.34632, JER_muon=2.48847, JES_ele=2.63576, JES_muon=-1.23466, QCD_stat_ele=6.62586, QCD_stat_muon=1.73459, VBS_stat_ele=1.87392, VBS_stat_muon=0.355832, ele_efficiency=-0.550384, ele_trigger=2.58362, fakephoton_ele=6.99985, fakephoton_muon=-1.5436, interference=0.214339, lumi=2.01963, mu_efficiency=1.61733, mu_trigger=0.871661, non_prompt_stat_ele=6.9996, non_prompt_stat_muon=-0.695662, others_stat_ele=5.61292, others_stat_muon=1.89551, others_xs=2.88323, param=0.929663, pdf_ele=3.77404, pdf_muon=1.56936, photon_id=2.83277, pileup=-0.663695, scale_ele=6.2765, scale_muon=2.65932
RooProdPdf::model_s[ modelObs_s * nuisancePdf ]
     getLogVal() top-level p.d.f evaluates to zero @ !pdfs=(modelObs_s = 0/1,nuisancePdf = 1)

[#0] WARNING:Minization -- RooMinimizerFcn: Minimized function has error status.
Returning maximum FCN so far (1058.1) to force MIGRAD to back out of this region. Error log follows
Parameter values: JER_ele=2.30869, JER_muon=2.4788, JES_ele=2.57561, JES_muon=-1.25286, QCD_stat_ele=6.68987, QCD_stat_muon=1.69153, VBS_stat_ele=1.82953, VBS_stat_muon=0.341223, ele_efficiency=-0.562882, ele_trigger=2.53563, fakephoton_ele=6.99627, fakephoton_muon=-1.54706, interference=0.200415, lumi=1.98748, mu_efficiency=1.61365, mu_trigger=0.856055, non_prompt_stat_ele=6.99327, non_prompt_stat_muon=-0.70443, others_stat_ele=5.55383, others_stat_muon=1.87435, others_xs=2.83484, param=0.929576, pdf_ele=3.70222, pdf_muon=1.54369, photon_id=2.74962, pileup=-0.667025, scale_ele=6.19677, scale_muon=2.60637
RooProdPdf::model_s[ modelObs_s * nuisancePdf ]
     getLogVal() top-level p.d.f evaluates to zero @ !pdfs=(modelObs_s = 0/1,nuisancePdf = 1)

[#0] WARNING:Minization -- RooMinimizerFcn: Minimized function has error status.
Returning maximum FCN so far (793.186) to force MIGRAD to back out of this region. Error log follows
Parameter values: JER_ele=5.17206, JER_muon=4.6661, JES_ele=6.61543, JES_muon=-2.36885, QCD_stat_ele=-6.36549, QCD_stat_muon=-2.31364, VBS_stat_ele=-3.15236, VBS_stat_muon=-3.37239, ele_efficiency=6.77595, ele_trigger=-6.97248, fakephoton_ele=4.65585, fakephoton_muon=-0.189282, interference=-0.638764, lumi=-5.17977, mu_efficiency=-3.90828, mu_trigger=5.35499, non_prompt_stat_ele=5.0545, non_prompt_stat_muon=-5.0865, others_stat_ele=5.25584, others_stat_muon=-3.93543, others_xs=3.02877, param=0.948908, pdf_ele=0.379892, pdf_muon=-4.26933, photon_id=6.94052, pileup=-2.91789, scale_ele=-4.33812, scale_muon=-4.97066
RooProdPdf::model_s[ modelObs_s * nuisancePdf ]
     getLogVal() top-level p.d.f evaluates to zero @ !pdfs=(modelObs_s = 0/1,nuisancePdf = 1)

[#0] WARNING:Minization -- RooMinimizerFcn: Minimized function has error status.
Returning maximum FCN so far (989.384) to force MIGRAD to back out of this region. Error log follows
Parameter values: JER_ele=-4.10026, JER_muon=2.51345, JES_ele=-3.18158, JES_muon=-1.95167, QCD_stat_ele=-1.34244, QCD_stat_muon=6.91389, VBS_stat_ele=0.207564, VBS_stat_muon=5.03961, ele_efficiency=4.58031, ele_trigger=6.56686, fakephoton_ele=5.70119, fakephoton_muon=2.41801, interference=4.5814, lumi=4.20126, mu_efficiency=5.22937, mu_trigger=4.8742, non_prompt_stat_ele=1.85683, non_prompt_stat_muon=6.00402, others_stat_ele=1.87602, others_stat_muon=3.69195, others_xs=2.61717, param=0.893804, pdf_ele=-5.92183, pdf_muon=3.64126, photon_id=5.32933, pileup=1.22906, scale_ele=3.12709, scale_muon=5.04056
RooProdPdf::model_s[ modelObs_s * nuisancePdf ]
     getLogVal() top-level p.d.f evaluates to zero @ !pdfs=(modelObs_s = 0/1,nuisancePdf = 1)

[#0] WARNING:Minization -- RooMinimizerFcn: Minimized function has error status.
Returning maximum FCN so far (1028.19) to force MIGRAD to back out of this region. Error log follows
Parameter values: JER_ele=6.71918, JER_muon=-4.41329, JES_ele=1.22486, JES_muon=-5.59301, QCD_stat_ele=3.74553, QCD_stat_muon=3.12318, VBS_stat_ele=-1.73613, VBS_stat_muon=-2.7183, ele_efficiency=-3.81718, ele_trigger=6.89988, fakephoton_ele=6.97108, fakephoton_muon=-3.03616, interference=-2.04, lumi=6.90093, mu_efficiency=2.21549, mu_trigger=-6.58599, non_prompt_stat_ele=6.66806, non_prompt_stat_muon=5.17044, others_stat_ele=-3.8222, others_stat_muon=-6.56055, others_xs=-1.67184, param=0.870727, pdf_ele=-1.39207, pdf_muon=-6.64013, photon_id=-2.42057, pileup=-3.76439, scale_ele=-1.2751, scale_muon=5.86949
RooProdPdf::model_s[ modelObs_s * nuisancePdf ]
     getLogVal() top-level p.d.f evaluates to zero @ !pdfs=(modelObs_s = 0/1,nuisancePdf = 1)

[#0] WARNING:Minization -- RooMinimizerFcn: Minimized function has error status.
Returning maximum FCN so far (1028.19) to force MIGRAD to back out of this region. Error log follows
Parameter values: JER_ele=0.846456, JER_muon=-4.18399, JES_ele=-2.13739, JES_muon=-5.75921, QCD_stat_ele=3.70315, QCD_stat_muon=-5.14818, VBS_stat_ele=-6.69168, VBS_stat_muon=0.563434, ele_efficiency=6.98734, ele_trigger=6.1738, fakephoton_ele=4.89357, fakephoton_muon=5.85149, interference=6.75167, lumi=3.35014, mu_efficiency=-3.57322, mu_trigger=-1.8591, non_prompt_stat_ele=6.66875, non_prompt_stat_muon=5.04534, others_stat_ele=-6.50373, others_stat_muon=-4.81441, others_xs=-1.2389, param=0.86761, pdf_ele=-6.70109, pdf_muon=-5.57078, photon_id=-4.29021, pileup=-5.61022, scale_ele=-6.34048, scale_muon=-5.05694
RooProdPdf::model_s[ modelObs_s * nuisancePdf ]
     getLogVal() top-level p.d.f evaluates to zero @ !pdfs=(modelObs_s = 0/1,nuisancePdf = 1)

[#0] WARNING:Minization -- RooMinimizerFcn: Minimized function has error status.
Returning maximum FCN so far (1046.49) to force MIGRAD to back out of this region. Error log follows
Parameter values: JER_ele=-0.340744, JER_muon=-5.27468, JES_ele=-3.46981, JES_muon=3.8923, QCD_stat_ele=1.00058, QCD_stat_muon=6.98848, VBS_stat_ele=-6.30653, VBS_stat_muon=6.56047, ele_efficiency=1.42547, ele_trigger=-3.12405, fakephoton_ele=3.7029, fakephoton_muon=-2.12517, interference=-4.02971, lumi=0.452513, mu_efficiency=2.07073, mu_trigger=4.29415, non_prompt_stat_ele=6.59509, non_prompt_stat_muon=-5.5981, others_stat_ele=0.702563, others_stat_muon=-1.89464, others_xs=-6.05882, param=0.853493, pdf_ele=-6.85378, pdf_muon=4.60147, photon_id=-3.29729, pileup=4.5815, scale_ele=-2.13353, scale_muon=6.99299
RooProdPdf::model_s[ modelObs_s * nuisancePdf ]
     getLogVal() top-level p.d.f evaluates to zero @ !pdfs=(modelObs_s = 0/1,nuisancePdf = 1)

[#0] WARNING:Minization -- RooMinimizerFcn: Minimized function has error status.
Returning maximum FCN so far (1046.49) to force MIGRAD to back out of this region. Error log follows
Parameter values: JER_ele=-0.913221, JER_muon=2.26618, JES_ele=1.38824, JES_muon=4.51342, QCD_stat_ele=4.29139, QCD_stat_muon=6.91639, VBS_stat_ele=1.94572, VBS_stat_muon=2.07007, ele_efficiency=2.11102, ele_trigger=-0.167525, fakephoton_ele=2.25098, fakephoton_muon=1.57025, interference=3.58868, lumi=0.820449, mu_efficiency=-1.90863, mu_trigger=4.3902, non_prompt_stat_ele=3.0234, non_prompt_stat_muon=0.254144, others_stat_ele=2.87625, others_stat_muon=5.7873, others_xs=3.2972, param=0.884055, pdf_ele=2.55028, pdf_muon=4.47212, photon_id=6.12466, pileup=0.532609, scale_ele=4.4461, scale_muon=6.94133
RooProdPdf::model_s[ modelObs_s * nuisancePdf ]
     getLogVal() top-level p.d.f evaluates to zero @ !pdfs=(modelObs_s = 0/1,nuisancePdf = 1)

[#0] WARNING:Minization -- RooMinimizerFcn: Minimized function has error status.
Returning maximum FCN so far (686.685) to force MIGRAD to back out of this region. Error log follows
Parameter values: JER_ele=4.15139, JER_muon=-0.693476, JES_ele=6.76543, JES_muon=2.6016, QCD_stat_ele=-0.361362, QCD_stat_muon=3.32026, VBS_stat_ele=2.43216, VBS_stat_muon=0.0317871, ele_efficiency=0.721319, ele_trigger=5.77118, fakephoton_ele=6.49392, fakephoton_muon=-1.06792, interference=2.04423, lumi=4.31324, mu_efficiency=1.18386, mu_trigger=2.28009, non_prompt_stat_ele=6.49746, non_prompt_stat_muon=0.278624, others_stat_ele=6.65362, others_stat_muon=1.00749, others_xs=4.36383, param=0.92141, pdf_ele=6.8284, pdf_muon=4.57181, photon_id=6.48408, pileup=1.2859, scale_ele=6.14732, scale_muon=5.27045
RooProdPdf::model_s[ modelObs_s * nuisancePdf ]
     getLogVal() top-level p.d.f evaluates to zero @ !pdfs=(modelObs_s = 0/1,nuisancePdf = 1)

[#0] WARNING:Minization -- RooMinimizerFcn: Minimized function has error status.
Returning maximum FCN so far (695.705) to force MIGRAD to back out of this region. Error log follows
Parameter values: JER_ele=4.10406, JER_muon=0.867561, JES_ele=4.6312, JES_muon=5.39079, QCD_stat_ele=4.09263, QCD_stat_muon=6.08618, VBS_stat_ele=1.6233, VBS_stat_muon=-1.29183, ele_efficiency=3.33893, ele_trigger=6.98948, fakephoton_ele=-1.00723, fakephoton_muon=-0.585161, interference=2.93867, lumi=5.78972, mu_efficiency=0.998184, mu_trigger=4.32812, non_prompt_stat_ele=0.11301, non_prompt_stat_muon=2.1315, others_stat_ele=6.98776, others_stat_muon=1.58118, others_xs=6.02473, param=0.927325, pdf_ele=-1.98021, pdf_muon=6.98159, photon_id=6.22977, pileup=-0.715921, scale_ele=2.38039, scale_muon=6.99345
RooProdPdf::model_s[ modelObs_s * nuisancePdf ]
     getLogVal() top-level p.d.f evaluates to zero @ !pdfs=(modelObs_s = 0/1,nuisancePdf = 1)

[#0] WARNING:Minization -- RooMinimizerFcn: Minimized function has error status.
Returning maximum FCN so far (88.8147) to force MIGRAD to back out of this region. Error log follows
Parameter values: JER_ele=6.80783, JER_muon=-1.88748, JES_ele=-6.67465, JES_muon=5.93845, QCD_stat_ele=-6.80709, QCD_stat_muon=6.23559, VBS_stat_ele=0.778431, VBS_stat_muon=-2.79071, ele_efficiency=0.615399, ele_trigger=-6.99738, fakephoton_ele=4.262, fakephoton_muon=-1.45469, interference=-5.38889, lumi=-6.75828, mu_efficiency=4.36623, mu_trigger=0.840345, non_prompt_stat_ele=5.93673, non_prompt_stat_muon=6.76754, others_stat_ele=6.0967, others_stat_muon=5.1102, others_xs=4.68813, param=0.789897, pdf_ele=6.72515, pdf_muon=-6.61428, photon_id=4.78051, pileup=4.31789, scale_ele=2.63167, scale_muon=1.31425
RooProdPdf::model_s[ modelObs_s * nuisancePdf ]
     getLogVal() top-level p.d.f evaluates to zero @ !pdfs=(modelObs_s = 0/1,nuisancePdf = 1)

[#0] WARNING:Minization -- RooMinimizerFcn: Minimized function has error status.
Returning maximum FCN so far (498.733) to force MIGRAD to back out of this region. Error log follows
Parameter values: JER_ele=3.93251, JER_muon=-6.79195, JES_ele=-6.95075, JES_muon=-6.83621, QCD_stat_ele=6.93317, QCD_stat_muon=5.18265, VBS_stat_ele=6.99971, VBS_stat_muon=1.75945, ele_efficiency=-5.49328, ele_trigger=5.00252, fakephoton_ele=4.87539, fakephoton_muon=3.34862, interference=3.68394, lumi=0.440478, mu_efficiency=-0.265972, mu_trigger=-5.80844, non_prompt_stat_ele=5.69906, non_prompt_stat_muon=4.76477, others_stat_ele=-6.93333, others_stat_muon=-6.09172, others_xs=-0.522197, param=0.978785, pdf_ele=-2.21903, pdf_muon=-6.72059, photon_id=-1.45299, pileup=-5.30598, scale_ele=-0.684892, scale_muon=6.2129
RooProdPdf::model_s[ modelObs_s * nuisancePdf ]
     getLogVal() top-level p.d.f evaluates to zero @ !pdfs=(modelObs_s = 0/1,nuisancePdf = 1)

[#0] WARNING:Minization -- RooMinimizerFcn: Minimized function has error status.
Returning maximum FCN so far (498.733) to force MIGRAD to back out of this region. Error log follows
Parameter values: JER_ele=-2.08309, JER_muon=-4.96674, JES_ele=0.124734, JES_muon=-1.92386, QCD_stat_ele=-5.99525, QCD_stat_muon=4.24164, VBS_stat_ele=-2.53585, VBS_stat_muon=6.83534, ele_efficiency=5.90816, ele_trigger=-6.96271, fakephoton_ele=6.95758, fakephoton_muon=-6.55276, interference=-6.99534, lumi=-5.66744, mu_efficiency=6.94337, mu_trigger=-6.90992, non_prompt_stat_ele=5.28132, non_prompt_stat_muon=0.668571, others_stat_ele=6.75285, others_stat_muon=-6.989, others_xs=-6.99949, param=0.959735, pdf_ele=5.08505, pdf_muon=3.95649, photon_id=-1.81129, pileup=-6.15104, scale_ele=6.9162, scale_muon=-4.54204
RooProdPdf::model_s[ modelObs_s * nuisancePdf ]
     getLogVal() top-level p.d.f evaluates to zero @ !pdfs=(modelObs_s = 0/1,nuisancePdf = 1)

[#0] WARNING:Minization -- RooMinimizerFcn: Minimized function has error status.
Returning maximum FCN so far (498.733) to force MIGRAD to back out of this region. Error log follows
Parameter values: JER_ele=-6.61725, JER_muon=-5.8031, JES_ele=6.73813, JES_muon=-5.80221, QCD_stat_ele=6.73627, QCD_stat_muon=6.64025, VBS_stat_ele=0.576759, VBS_stat_muon=-6.99421, ele_efficiency=1.71531, ele_trigger=-6.99803, fakephoton_ele=4.8443, fakephoton_muon=3.4993, interference=6.00329, lumi=-4.47674, mu_efficiency=6.57313, mu_trigger=-3.4713, non_prompt_stat_ele=6.63532, non_prompt_stat_muon=-1.0584, others_stat_ele=6.04589, others_stat_muon=3.5497, others_xs=-4.20558, param=1.03253, pdf_ele=-1.05713, pdf_muon=6.44861, photon_id=-5.71772, pileup=-2.33649, scale_ele=1.19343, scale_muon=0.761484
RooProdPdf::model_s[ modelObs_s * nuisancePdf ]
     getLogVal() top-level p.d.f evaluates to zero @ !pdfs=(modelObs_s = 0/1,nuisancePdf = 1)

[#0] WARNING:Minization -- RooMinimizerFcn: Minimized function has error status.
Returning maximum FCN so far (482.775) to force MIGRAD to back out of this region. Error log follows
Parameter values: JER_ele=6.71301, JER_muon=-2.39971, JES_ele=3.489, JES_muon=6.43419, QCD_stat_ele=6.35705, QCD_stat_muon=-0.530914, VBS_stat_ele=-6.47604, VBS_stat_muon=-1.12268, ele_efficiency=1.44955, ele_trigger=6.83264, fakephoton_ele=6.73997, fakephoton_muon=6.49522, interference=-4.77057, lumi=-6.1817, mu_efficiency=6.25575, mu_trigger=-0.649738, non_prompt_stat_ele=-0.758226, non_prompt_stat_muon=6.63707, others_stat_ele=-4.5813, others_stat_muon=2.82266, others_xs=6.65253, param=0.406956, pdf_ele=4.05367, pdf_muon=5.22868, photon_id=5.42635, pileup=6.43539, scale_ele=2.32822, scale_muon=-6.96285
RooProdPdf::model_s[ modelObs_s * nuisancePdf ]
     getLogVal() top-level p.d.f evaluates to zero @ !pdfs=(modelObs_s = 0/1,nuisancePdf = 1)

[#0] WARNING:Minization -- RooMinimizerFcn: Minimized function has error status.
Returning maximum FCN so far (995.415) to force MIGRAD to back out of this region. Error log follows
Parameter values: JER_ele=0.49004, JER_muon=-2.95089, JES_ele=-0.678692, JES_muon=-3.45001, QCD_stat_ele=6.36778, QCD_stat_muon=4.12545, VBS_stat_ele=1.53083, VBS_stat_muon=1.25894, ele_efficiency=3.91452, ele_trigger=1.00617, fakephoton_ele=3.35411, fakephoton_muon=2.14624, interference=0.226061, lumi=-2.18429, mu_efficiency=-1.76585, mu_trigger=-0.5703, non_prompt_stat_ele=6.21898, non_prompt_stat_muon=-3.77675, others_stat_ele=2.14514, others_stat_muon=-2.33557, others_xs=1.36346, param=0.415892, pdf_ele=2.47342, pdf_muon=-0.0816641, photon_id=-2.47955, pileup=4.25673, scale_ele=2.40749, scale_muon=5.84582
RooProdPdf::model_s[ modelObs_s * nuisancePdf ]
     getLogVal() top-level p.d.f evaluates to zero @ !pdfs=(modelObs_s = 0/1,nuisancePdf = 1)

[#0] WARNING:Minization -- RooMinimizerFcn: Minimized function has error status.
Returning maximum FCN so far (995.415) to force MIGRAD to back out of this region. Error log follows
Parameter values: JER_ele=-3.85804, JER_muon=2.82266, JES_ele=-4.30512, JES_muon=0.117662, QCD_stat_ele=-3.68334, QCD_stat_muon=6.70702, VBS_stat_ele=-6.98262, VBS_stat_muon=3.47702, ele_efficiency=-6.31991, ele_trigger=-2.71161, fakephoton_ele=4.00083, fakephoton_muon=-0.783657, interference=-5.34511, lumi=2.5042, mu_efficiency=-1.57744, mu_trigger=-6.91422, non_prompt_stat_ele=6.57848, non_prompt_stat_muon=0.551928, others_stat_ele=-4.53279, others_stat_muon=5.65476, others_xs=-4.4752, param=0.422521, pdf_ele=3.78831, pdf_muon=6.66824, photon_id=6.97637, pileup=2.10621, scale_ele=6.66949, scale_muon=6.35281
RooProdPdf::model_s[ modelObs_s * nuisancePdf ]
     getLogVal() top-level p.d.f evaluates to zero @ !pdfs=(modelObs_s = 0/1,nuisancePdf = 1)

[#0] WARNING:Minization -- RooMinimizerFcn: Minimized function has error status.
Returning maximum FCN so far (995.415) to force MIGRAD to back out of this region. Error log follows
Parameter values: JER_ele=0.508521, JER_muon=-3.32696, JES_ele=-0.314589, JES_muon=-3.48307, QCD_stat_ele=6.28606, QCD_stat_muon=6.71596, VBS_stat_ele=1.2738, VBS_stat_muon=0.0927056, ele_efficiency=4.27078, ele_trigger=1.46645, fakephoton_ele=4.23013, fakephoton_muon=2.28238, interference=0.0297661, lumi=-2.37343, mu_efficiency=-1.7869, mu_trigger=-0.69034, non_prompt_stat_ele=6.45013, non_prompt_stat_muon=-4.12525, others_stat_ele=2.46027, others_stat_muon=-4.2328, others_xs=0.898097, param=0.423179, pdf_ele=3.20502, pdf_muon=-0.303798, photon_id=-1.97384, pileup=4.68796, scale_ele=4.82466, scale_muon=5.96731
RooProdPdf::model_s[ modelObs_s * nuisancePdf ]
     getLogVal() top-level p.d.f evaluates to zero @ !pdfs=(modelObs_s = 0/1,nuisancePdf = 1)

[#0] WARNING:Minization -- RooMinimizerFcn: Minimized function has error status.
Returning maximum FCN so far (612.96) to force MIGRAD to back out of this region. Error log follows
Parameter values: JER_ele=4.17841, JER_muon=6.97424, JES_ele=3.23085, JES_muon=3.9067, QCD_stat_ele=5.10988, QCD_stat_muon=6.30277, VBS_stat_ele=-6.68715, VBS_stat_muon=6.87599, ele_efficiency=1.73291, ele_trigger=4.24319, fakephoton_ele=-5.69561, fakephoton_muon=6.34583, interference=3.53761, lumi=6.08459, mu_efficiency=1.54187, mu_trigger=1.57013, non_prompt_stat_ele=0.391594, non_prompt_stat_muon=6.15324, others_stat_ele=-4.66186, others_stat_muon=6.20108, others_xs=5.77197, param=0.916628, pdf_ele=6.8974, pdf_muon=6.90102, photon_id=6.99524, pileup=0.594114, scale_ele=6.91821, scale_muon=1.16432
RooProdPdf::model_s[ modelObs_s * nuisancePdf ]
     getLogVal() top-level p.d.f evaluates to zero @ !pdfs=(modelObs_s = 0/1,nuisancePdf = 1)


 -- Hybrid New -- 
CLs = 0.555288 +/- 0.0348745
Done in 18.74 min (cpu), 19.21 min (real)
