 <<< Combine >>> 
>>> including systematics
>>> using the Profile Likelihood test statistics modified for upper limits (Q_LHC)
>>> method used is HybridNew
>>> Used OpenSSL to get a really random seed -1834116945
Computing results starting from observation (a-posteriori)
[#0] WARNING:Minization -- RooMinimizerFcn: Minimized function has error status.
Returning maximum FCN so far (1022.95) to force MIGRAD to back out of this region. Error log follows
Parameter values: JER_ele=-4.51017, JER_muon=3.14961, JES_ele=0.49392, JES_muon=-0.533267, QCD_stat_ele=6.38218, QCD_stat_muon=-0.733226, VBS_stat_ele=-5.3673, VBS_stat_muon=5.40233, ele_efficiency=3.49788, ele_trigger=2.86673, fakephoton_ele=6.79813, fakephoton_muon=-6.57556, interference=-3.43603, lumi=2.25192, mu_efficiency=-5.68289, mu_trigger=1.77721, non_prompt_stat_ele=4.93184, non_prompt_stat_muon=-4.51527, others_stat_ele=-5.95938, others_stat_muon=-5.44569, others_xs=-6.99756, param=0.148328, pdf_ele=-6.40928, pdf_muon=6.0058, photon_id=-6.07685, pileup=3.71107, scale_ele=4.97162, scale_muon=-5.60848
RooProdPdf::model_s[ modelObs_s * nuisancePdf ]
     getLogVal() top-level p.d.f evaluates to zero @ !pdfs=(modelObs_s = 0/1,nuisancePdf = 1)

[#0] WARNING:Minization -- RooMinimizerFcn: Minimized function has error status.
Returning maximum FCN so far (1022.95) to force MIGRAD to back out of this region. Error log follows
Parameter values: JER_ele=-3.4763, JER_muon=-6.69165, JES_ele=-1.76426, JES_muon=0.446683, QCD_stat_ele=-5.4005, QCD_stat_muon=4.67541, VBS_stat_ele=6.73302, VBS_stat_muon=-5.7318, ele_efficiency=0.156807, ele_trigger=2.0508, fakephoton_ele=4.57315, fakephoton_muon=-4.88872, interference=-4.62891, lumi=-6.24639, mu_efficiency=-1.72229, mu_trigger=6.48469, non_prompt_stat_ele=6.95708, non_prompt_stat_muon=3.92008, others_stat_ele=-5.52965, others_stat_muon=-6.79025, others_xs=5.22698, param=0.155671, pdf_ele=-0.917549, pdf_muon=-3.72716, photon_id=6.17551, pileup=3.81917, scale_ele=-0.0194805, scale_muon=-2.13103
RooProdPdf::model_s[ modelObs_s * nuisancePdf ]
     getLogVal() top-level p.d.f evaluates to zero @ !pdfs=(modelObs_s = 0/1,nuisancePdf = 1)

[#0] WARNING:Minization -- RooMinimizerFcn: Minimized function has error status.
Returning maximum FCN so far (37.0425) to force MIGRAD to back out of this region. Error log follows
Parameter values: JER_ele=1.11619, JER_muon=-6.89436, JES_ele=4.08244, JES_muon=3.12953, QCD_stat_ele=-6.40668, QCD_stat_muon=5.53966, VBS_stat_ele=6.6894, VBS_stat_muon=-1.48086, ele_efficiency=3.03123, ele_trigger=-6.98774, fakephoton_ele=3.03948, fakephoton_muon=6.45, interference=-1.54389, lumi=-3.89489, mu_efficiency=-4.93269, mu_trigger=-5.94252, non_prompt_stat_ele=6.84823, non_prompt_stat_muon=-4.32272, others_stat_ele=6.84584, others_stat_muon=-2.7995, others_xs=5.54559, param=0.101137, pdf_ele=-6.9824, pdf_muon=-5.5309, photon_id=0.848083, pileup=3.5483, scale_ele=4.8756, scale_muon=2.26839
RooProdPdf::model_s[ modelObs_s * nuisancePdf ]
     getLogVal() top-level p.d.f evaluates to zero @ !pdfs=(modelObs_s = 0/1,nuisancePdf = 1)

[#0] WARNING:Minization -- RooMinimizerFcn: Minimized function has error status.
Returning maximum FCN so far (927.775) to force MIGRAD to back out of this region. Error log follows
Parameter values: JER_ele=6.98253, JER_muon=-6.90672, JES_ele=6.58535, JES_muon=3.55173, QCD_stat_ele=6.65273, QCD_stat_muon=-2.47225, VBS_stat_ele=-2.23877, VBS_stat_muon=6.20632, ele_efficiency=3.84948, ele_trigger=-3.99642, fakephoton_ele=6.99977, fakephoton_muon=5.46223, interference=-6.96753, lumi=6.89684, mu_efficiency=4.07981, mu_trigger=-5.44283, non_prompt_stat_ele=6.99787, non_prompt_stat_muon=0.186109, others_stat_ele=-6.83918, others_stat_muon=5.36914, others_xs=6.67133, param=0.161246, pdf_ele=0.320726, pdf_muon=-6.68725, photon_id=4.1123, pileup=-6.85812, scale_ele=5.31944, scale_muon=-6.70762
RooProdPdf::model_s[ modelObs_s * nuisancePdf ]
     getLogVal() top-level p.d.f evaluates to zero @ !pdfs=(modelObs_s = 0/1,nuisancePdf = 1)

[#0] WARNING:Minization -- RooMinimizerFcn: Minimized function has error status.
Returning maximum FCN so far (927.775) to force MIGRAD to back out of this region. Error log follows
Parameter values: JER_ele=0.346323, JER_muon=-0.57074, JES_ele=-1.11399, JES_muon=-0.625297, QCD_stat_ele=1.27446, QCD_stat_muon=-0.204033, VBS_stat_ele=-0.00296262, VBS_stat_muon=-1.58263, ele_efficiency=2.17613, ele_trigger=-0.146994, fakephoton_ele=4.08447, fakephoton_muon=0.0320683, interference=1.1834, lumi=0.0448759, mu_efficiency=-2.13385, mu_trigger=1.89097, non_prompt_stat_ele=5.56067, non_prompt_stat_muon=-0.270634, others_stat_ele=0.176854, others_stat_muon=-0.752639, others_xs=-0.694371, param=0.158866, pdf_ele=0.0834648, pdf_muon=0.106136, photon_id=0.657107, pileup=-0.103852, scale_ele=1.98923, scale_muon=-0.181134
RooProdPdf::model_s[ modelObs_s * nuisancePdf ]
     getLogVal() top-level p.d.f evaluates to zero @ !pdfs=(modelObs_s = 0/1,nuisancePdf = 1)

[#0] WARNING:Minization -- RooMinimizerFcn: Minimized function has error status.
Returning maximum FCN so far (927.775) to force MIGRAD to back out of this region. Error log follows
Parameter values: JER_ele=6.9999, JER_muon=5.5552, JES_ele=-1.74373, JES_muon=-0.0918277, QCD_stat_ele=6.78223, QCD_stat_muon=6.73025, VBS_stat_ele=-0.437093, VBS_stat_muon=-5.29326, ele_efficiency=-6.48758, ele_trigger=-4.22443, fakephoton_ele=6.87406, fakephoton_muon=1.82834, interference=-4.37472, lumi=3.05831, mu_efficiency=5.07492, mu_trigger=4.8851, non_prompt_stat_ele=4.32975, non_prompt_stat_muon=-6.88401, others_stat_ele=1.84789, others_stat_muon=-5.47502, others_xs=3.16384, param=0.158787, pdf_ele=-4.95496, pdf_muon=-3.74957, photon_id=2.20502, pileup=-5.18837, scale_ele=-6.68746, scale_muon=-6.96534
RooProdPdf::model_s[ modelObs_s * nuisancePdf ]
     getLogVal() top-level p.d.f evaluates to zero @ !pdfs=(modelObs_s = 0/1,nuisancePdf = 1)

[#0] WARNING:Minization -- RooMinimizerFcn: Minimized function has error status.
Returning maximum FCN so far (927.775) to force MIGRAD to back out of this region. Error log follows
Parameter values: JER_ele=0.254541, JER_muon=-0.917055, JES_ele=-1.25336, JES_muon=-0.712062, QCD_stat_ele=2.92959, QCD_stat_muon=0.59441, VBS_stat_ele=-0.228913, VBS_stat_muon=-2.35703, ele_efficiency=2.91142, ele_trigger=-0.278669, fakephoton_ele=4.96273, fakephoton_muon=0.131458, interference=1.33358, lumi=-0.0773766, mu_efficiency=-2.93731, mu_trigger=1.10077, non_prompt_stat_ele=6.43349, non_prompt_stat_muon=-0.16999, others_stat_ele=0.264521, others_stat_muon=-0.934805, others_xs=-0.875169, param=0.158861, pdf_ele=0.000894477, pdf_muon=-0.697499, photon_id=-0.76632, pileup=-0.143407, scale_ele=2.83261, scale_muon=-0.407359
RooProdPdf::model_s[ modelObs_s * nuisancePdf ]
     getLogVal() top-level p.d.f evaluates to zero @ !pdfs=(modelObs_s = 0/1,nuisancePdf = 1)

[#0] WARNING:Minization -- RooMinimizerFcn: Minimized function has error status.
Returning maximum FCN so far (927.775) to force MIGRAD to back out of this region. Error log follows
Parameter values: JER_ele=0.275615, JER_muon=-0.857659, JES_ele=-1.28877, JES_muon=-0.0741981, QCD_stat_ele=4.62701, QCD_stat_muon=2.8131, VBS_stat_ele=-0.255254, VBS_stat_muon=-2.68591, ele_efficiency=3.64748, ele_trigger=-0.233119, fakephoton_ele=6.12238, fakephoton_muon=0.505511, interference=1.76406, lumi=0.177251, mu_efficiency=-3.60277, mu_trigger=0.41651, non_prompt_stat_ele=6.99984, non_prompt_stat_muon=0.601125, others_stat_ele=0.587901, others_stat_muon=-0.537937, others_xs=-0.606501, param=0.15886, pdf_ele=0.168645, pdf_muon=-0.504705, photon_id=-1.1857, pileup=-0.139312, scale_ele=4.03235, scale_muon=1.45744
RooProdPdf::model_s[ modelObs_s * nuisancePdf ]
     getLogVal() top-level p.d.f evaluates to zero @ !pdfs=(modelObs_s = 0/1,nuisancePdf = 1)


 -- Hybrid New -- 
CLs = 0.483333 +/- 0.0322421
Done in 18.83 min (cpu), 19.17 min (real)
