 <<< Combine >>> 
>>> including systematics
>>> using the Profile Likelihood test statistics modified for upper limits (Q_LHC)
>>> method used is HybridNew
>>> Used OpenSSL to get a really random seed 177713144
Computing results starting from observation (a-posteriori)
[#0] WARNING:Minization -- RooMinimizerFcn: Minimized function has error status.
Returning maximum FCN so far (484.501) to force MIGRAD to back out of this region. Error log follows
Parameter values: JER_ele=3.78712, JER_muon=4.65952, JES_ele=0.824458, JES_muon=-5.75462, QCD_stat_ele=4.60549, QCD_stat_muon=-6.99934, VBS_stat_ele=-1.28735, VBS_stat_muon=5.42026, ele_efficiency=6.88909, ele_trigger=6.31198, fakephoton_ele=6.39744, fakephoton_muon=-6.7442, interference=-5.67953, lumi=-0.666688, mu_efficiency=-4.78272, mu_trigger=6.44981, non_prompt_stat_ele=6.35676, non_prompt_stat_muon=2.64986, others_stat_ele=-3.08625, others_stat_muon=6.61166, others_xs=-3.74878, param=0.132511, pdf_ele=-6.42413, pdf_muon=-6.93044, photon_id=-5.36773, pileup=-2.93479, scale_ele=-2.12774, scale_muon=1.267
RooProdPdf::model_s[ modelObs_s * nuisancePdf ]
     getLogVal() top-level p.d.f evaluates to zero @ !pdfs=(modelObs_s = 0/1,nuisancePdf = 1)

[#0] WARNING:Minization -- RooMinimizerFcn: Minimized function has error status.
Returning maximum FCN so far (770.383) to force MIGRAD to back out of this region. Error log follows
Parameter values: JER_ele=-6.81086, JER_muon=5.78811, JES_ele=6.99414, JES_muon=6.94241, QCD_stat_ele=-6.97905, QCD_stat_muon=4.7191, VBS_stat_ele=3.41991, VBS_stat_muon=-6.46301, ele_efficiency=-5.34261, ele_trigger=-2.77698, fakephoton_ele=5.24437, fakephoton_muon=2.65251, interference=-6.50433, lumi=6.67059, mu_efficiency=2.22852, mu_trigger=-6.99916, non_prompt_stat_ele=4.42274, non_prompt_stat_muon=6.67463, others_stat_ele=1.79513, others_stat_muon=6.01627, others_xs=4.02624, param=0.167915, pdf_ele=1.01881, pdf_muon=2.85403, photon_id=-5.69107, pileup=4.37362, scale_ele=-2.48542, scale_muon=4.79122
RooProdPdf::model_s[ modelObs_s * nuisancePdf ]
     getLogVal() top-level p.d.f evaluates to zero @ !pdfs=(modelObs_s = 0/1,nuisancePdf = 1)

[#0] WARNING:Minization -- RooMinimizerFcn: Minimized function has error status.
Returning maximum FCN so far (904.38) to force MIGRAD to back out of this region. Error log follows
Parameter values: JER_ele=6.85373, JER_muon=-2.805, JES_ele=3.73538, JES_muon=-6.86166, QCD_stat_ele=5.24135, QCD_stat_muon=5.61027, VBS_stat_ele=-0.213922, VBS_stat_muon=-3.45701, ele_efficiency=2.10088, ele_trigger=-3.44943, fakephoton_ele=3.26796, fakephoton_muon=-2.36701, interference=6.10356, lumi=-5.47943, mu_efficiency=6.65303, mu_trigger=5.37038, non_prompt_stat_ele=5.98979, non_prompt_stat_muon=4.44856, others_stat_ele=6.39131, others_stat_muon=6.76932, others_xs=-6.30659, param=0.00210882, pdf_ele=5.16651, pdf_muon=-5.61746, photon_id=1.42711, pileup=2.09105, scale_ele=-4.88563, scale_muon=5.13883
RooProdPdf::model_s[ modelObs_s * nuisancePdf ]
     getLogVal() top-level p.d.f evaluates to zero @ !pdfs=(modelObs_s = 0/1,nuisancePdf = 1)

[#0] WARNING:Minization -- RooMinimizerFcn: Minimized function has error status.
Returning maximum FCN so far (898.452) to force MIGRAD to back out of this region. Error log follows
Parameter values: JER_ele=-6.70178, JER_muon=2.47698, JES_ele=2.98117, JES_muon=-4.37572, QCD_stat_ele=-4.55058, QCD_stat_muon=4.75435, VBS_stat_ele=1.01433, VBS_stat_muon=5.89087, ele_efficiency=1.42125, ele_trigger=6.81104, fakephoton_ele=6.33497, fakephoton_muon=-2.68918, interference=-5.94143, lumi=-5.33203, mu_efficiency=2.23267, mu_trigger=5.70891, non_prompt_stat_ele=6.88125, non_prompt_stat_muon=3.57084, others_stat_ele=-2.93093, others_stat_muon=4.92322, others_xs=-6.93942, param=0.158519, pdf_ele=0.850398, pdf_muon=2.28111, photon_id=2.82095, pileup=-6.33159, scale_ele=-3.03014, scale_muon=1.92383
RooProdPdf::model_s[ modelObs_s * nuisancePdf ]
     getLogVal() top-level p.d.f evaluates to zero @ !pdfs=(modelObs_s = 0/1,nuisancePdf = 1)

[#0] WARNING:Minization -- RooMinimizerFcn: Minimized function has error status.
Returning maximum FCN so far (898.452) to force MIGRAD to back out of this region. Error log follows
Parameter values: JER_ele=6.06091, JER_muon=-5.96004, JES_ele=5.5725, JES_muon=-2.09638, QCD_stat_ele=-6.85745, QCD_stat_muon=3.05523, VBS_stat_ele=5.56082, VBS_stat_muon=-6.3689, ele_efficiency=0.354489, ele_trigger=6.25755, fakephoton_ele=4.93839, fakephoton_muon=-2.62903, interference=-0.843541, lumi=-0.461935, mu_efficiency=-0.0870062, mu_trigger=-6.68818, non_prompt_stat_ele=4.84303, non_prompt_stat_muon=-5.85667, others_stat_ele=6.51575, others_stat_muon=-4.74792, others_xs=6.39187, param=0.158481, pdf_ele=5.27665, pdf_muon=-5.70869, photon_id=3.02697, pileup=-2.40442, scale_ele=-4.25407, scale_muon=5.30482
RooProdPdf::model_s[ modelObs_s * nuisancePdf ]
     getLogVal() top-level p.d.f evaluates to zero @ !pdfs=(modelObs_s = 0/1,nuisancePdf = 1)

[#0] WARNING:Minization -- RooMinimizerFcn: Minimized function has error status.
Returning maximum FCN so far (1024.81) to force MIGRAD to back out of this region. Error log follows
Parameter values: JER_ele=4.21777, JER_muon=-6.18757, JES_ele=5.699, JES_muon=6.04367, QCD_stat_ele=-6.08014, QCD_stat_muon=2.29037, VBS_stat_ele=6.41569, VBS_stat_muon=-5.71559, ele_efficiency=2.17484, ele_trigger=5.66097, fakephoton_ele=6.06438, fakephoton_muon=5.88836, interference=1.59079, lumi=-0.935887, mu_efficiency=6.90107, mu_trigger=-4.53106, non_prompt_stat_ele=4.17379, non_prompt_stat_muon=-6.67396, others_stat_ele=6.757, others_stat_muon=5.53124, others_xs=-2.35332, param=0.159594, pdf_ele=6.34756, pdf_muon=-3.22048, photon_id=-4.57127, pileup=2.98486, scale_ele=-5.12475, scale_muon=6.98165
RooProdPdf::model_s[ modelObs_s * nuisancePdf ]
     getLogVal() top-level p.d.f evaluates to zero @ !pdfs=(modelObs_s = 0/1,nuisancePdf = 1)

[#0] WARNING:Minization -- RooMinimizerFcn: Minimized function has error status.
Returning maximum FCN so far (1024.81) to force MIGRAD to back out of this region. Error log follows
Parameter values: JER_ele=3.67969, JER_muon=-4.00897, JES_ele=5.05287, JES_muon=1.35475, QCD_stat_ele=-3.72152, QCD_stat_muon=-6.4913, VBS_stat_ele=5.95341, VBS_stat_muon=-6.99741, ele_efficiency=1.96741, ele_trigger=5.11713, fakephoton_ele=6.7494, fakephoton_muon=6.65384, interference=3.87608, lumi=1.80155, mu_efficiency=6.59601, mu_trigger=-6.81036, non_prompt_stat_ele=5.69883, non_prompt_stat_muon=-6.68007, others_stat_ele=6.39918, others_stat_muon=0.566914, others_xs=0.805127, param=0.159541, pdf_ele=6.82513, pdf_muon=4.49087, photon_id=3.35372, pileup=2.72572, scale_ele=-2.34194, scale_muon=-5.13873
RooProdPdf::model_s[ modelObs_s * nuisancePdf ]
     getLogVal() top-level p.d.f evaluates to zero @ !pdfs=(modelObs_s = 0/1,nuisancePdf = 1)

[#0] WARNING:Minization -- RooMinimizerFcn: Minimized function has error status.
Returning maximum FCN so far (1024.81) to force MIGRAD to back out of this region. Error log follows
Parameter values: JER_ele=3.17244, JER_muon=-1.33829, JES_ele=4.38677, JES_muon=-3.66282, QCD_stat_ele=-0.849399, QCD_stat_muon=5.14533, VBS_stat_ele=5.43859, VBS_stat_muon=-5.80634, ele_efficiency=1.78072, ele_trigger=4.56725, fakephoton_ele=6.99404, fakephoton_muon=6.97105, interference=5.49058, lumi=3.99895, mu_efficiency=6.16414, mu_trigger=-6.63557, non_prompt_stat_ele=6.59718, non_prompt_stat_muon=-4.67137, others_stat_ele=5.95325, others_stat_muon=-4.23233, others_xs=3.47248, param=0.159494, pdf_ele=6.99557, pdf_muon=6.91142, photon_id=6.99997, pileup=2.49347, scale_ele=0.610581, scale_muon=-1.01842
RooProdPdf::model_s[ modelObs_s * nuisancePdf ]
     getLogVal() top-level p.d.f evaluates to zero @ !pdfs=(modelObs_s = 0/1,nuisancePdf = 1)

[#0] WARNING:Minization -- RooMinimizerFcn: Minimized function has error status.
Returning maximum FCN so far (1024.81) to force MIGRAD to back out of this region. Error log follows
Parameter values: JER_ele=2.70449, JER_muon=1.21942, JES_ele=3.73514, JES_muon=-6.54155, QCD_stat_ele=1.84897, QCD_stat_muon=3.62243, VBS_stat_ele=4.90865, VBS_stat_muon=-3.2351, ele_efficiency=1.61414, ele_trigger=4.03448, fakephoton_ele=6.91059, fakephoton_muon=6.96003, interference=6.46935, lumi=5.54584, mu_efficiency=5.66548, mu_trigger=-4.80227, non_prompt_stat_ele=6.96912, non_prompt_stat_muon=-1.78752, others_stat_ele=5.46512, others_stat_muon=-6.73013, others_xs=5.37191, param=0.159452, pdf_ele=6.93965, pdf_muon=3.36673, photon_id=4.13972, pileup=2.28618, scale_ele=3.15147, scale_muon=6.86801
RooProdPdf::model_s[ modelObs_s * nuisancePdf ]
     getLogVal() top-level p.d.f evaluates to zero @ !pdfs=(modelObs_s = 0/1,nuisancePdf = 1)

[#0] WARNING:Minization -- RooMinimizerFcn: Minimized function has error status.
Returning maximum FCN so far (1024.81) to force MIGRAD to back out of this region. Error log follows
Parameter values: JER_ele=2.27888, JER_muon=3.34759, JES_ele=3.11869, JES_muon=-6.84058, QCD_stat_ele=4.01502, QCD_stat_muon=-5.9508, VBS_stat_ele=4.38853, VBS_stat_muon=-0.295199, ele_efficiency=1.4662, ele_trigger=3.53247, fakephoton_ele=6.60452, fakephoton_muon=6.72513, interference=6.92374, lumi=6.48405, mu_efficiency=5.14193, mu_trigger=-2.22862, non_prompt_stat_ele=6.94614, non_prompt_stat_muon=1.09945, others_stat_ele=4.96724, others_stat_muon=-6.71268, others_xs=6.49371, param=0.159416, pdf_ele=6.72956, pdf_muon=-2.06385, photon_id=-1.36502, pileup=2.10169, scale_ele=5.03283, scale_muon=-2.11226
RooProdPdf::model_s[ modelObs_s * nuisancePdf ]
     getLogVal() top-level p.d.f evaluates to zero @ !pdfs=(modelObs_s = 0/1,nuisancePdf = 1)

[#0] WARNING:Minization -- RooMinimizerFcn: Minimized function has error status.
Returning maximum FCN so far (1024.81) to force MIGRAD to back out of this region. Error log follows
Parameter values: JER_ele=1.89548, JER_muon=4.94046, JES_ele=2.54844, JES_muon=-5.25074, QCD_stat_ele=5.54298, QCD_stat_muon=-4.77986, VBS_stat_ele=3.89361, VBS_stat_muon=2.35886, ele_efficiency=1.33515, ele_trigger=3.06833, fakephoton_ele=6.16144, fakephoton_muon=6.34928, interference=6.98418, lumi=6.92287, mu_efficiency=4.62141, mu_trigger=0.394563, non_prompt_stat_ele=6.6524, non_prompt_stat_muon=3.50225, others_stat_ele=4.48092, others_stat_muon=-4.94695, others_xs=6.96018, param=0.159383, pdf_ele=6.42284, pdf_muon=-5.90775, photon_id=-5.5964, pileup=1.93785, scale_ele=6.23221, scale_muon=-6.83502
RooProdPdf::model_s[ modelObs_s * nuisancePdf ]
     getLogVal() top-level p.d.f evaluates to zero @ !pdfs=(modelObs_s = 0/1,nuisancePdf = 1)

[#0] WARNING:Minization -- RooMinimizerFcn: Minimized function has error status.
Returning maximum FCN so far (1024.81) to force MIGRAD to back out of this region. Error log follows
Parameter values: JER_ele=1.5524, JER_muon=6.01687, JES_ele=2.029, JES_muon=-2.72742, QCD_stat_ele=6.47445, QCD_stat_muon=3.0955, VBS_stat_ele=3.43249, VBS_stat_muon=4.42067, ele_efficiency=1.21927, ele_trigger=2.64484, fakephoton_ele=5.64531, fakephoton_muon=5.89442, interference=6.77085, lumi=6.98707, mu_efficiency=4.12156, mu_trigger=2.67025, non_prompt_stat_ele=6.18965, non_prompt_stat_muon=5.24269, others_stat_ele=4.01923, others_stat_muon=-2.37326, others_xs=6.93507, param=0.159355, pdf_ele=6.06243, pdf_muon=-6.98943, photon_id=-6.99999, pileup=1.79259, scale_ele=6.84303, scale_muon=-0.338677
RooProdPdf::model_s[ modelObs_s * nuisancePdf ]
     getLogVal() top-level p.d.f evaluates to zero @ !pdfs=(modelObs_s = 0/1,nuisancePdf = 1)

[#0] WARNING:Minization -- RooMinimizerFcn: Minimized function has error status.
Returning maximum FCN so far (1024.81) to force MIGRAD to back out of this region. Error log follows
Parameter values: JER_ele=1.24686, JER_muon=6.65453, JES_ele=1.56095, JES_muon=-0.0400812, QCD_stat_ele=6.91633, QCD_stat_muon=6.99212, VBS_stat_ele=3.00918, VBS_stat_muon=5.82421, ele_efficiency=1.11691, ele_trigger=2.26211, fakephoton_ele=5.10118, fakephoton_muon=5.40458, interference=6.38217, lumi=6.79063, mu_efficiency=3.65267, mu_trigger=4.43613, non_prompt_stat_ele=5.6345, non_prompt_stat_muon=6.33236, others_stat_ele=3.58944, others_stat_muon=0.284406, others_xs=6.57481, param=0.15933, pdf_ele=5.67887, pdf_muon=-5.76976, photon_id=-5.91207, pileup=1.66398, scale_ele=6.99894, scale_muon=6.24056
RooProdPdf::model_s[ modelObs_s * nuisancePdf ]
     getLogVal() top-level p.d.f evaluates to zero @ !pdfs=(modelObs_s = 0/1,nuisancePdf = 1)

[#0] WARNING:Minization -- RooMinimizerFcn: Minimized function has error status.
Returning maximum FCN so far (1024.81) to force MIGRAD to back out of this region. Error log follows
Parameter values: JER_ele=0.975675, JER_muon=6.94887, JES_ele=1.14245, JES_muon=2.34551, QCD_stat_ele=6.9904, QCD_stat_muon=4.40241, VBS_stat_ele=2.62471, VBS_stat_muon=6.63462, ele_efficiency=1.02654, ele_trigger=1.91857, fakephoton_ele=4.55916, fakephoton_muon=4.9097, interference=5.89285, lumi=6.42657, mu_efficiency=3.22002, mu_trigger=5.67816, non_prompt_stat_ele=5.04124, non_prompt_stat_muon=6.87377, others_stat_ele=3.19492, others_stat_muon=2.60313, others_xs=6.00827, param=0.159308, pdf_ele=5.293, pdf_muon=-3.27717, photon_id=-3.3993, pileup=1.55023, scale_ele=6.83195, scale_muon=5.99764
RooProdPdf::model_s[ modelObs_s * nuisancePdf ]
     getLogVal() top-level p.d.f evaluates to zero @ !pdfs=(modelObs_s = 0/1,nuisancePdf = 1)

[#0] WARNING:Minization -- RooMinimizerFcn: Minimized function has error status.
Returning maximum FCN so far (1024.81) to force MIGRAD to back out of this region. Error log follows
Parameter values: JER_ele=0.73559, JER_muon=6.99112, JES_ele=0.77032, JES_muon=4.22301, QCD_stat_ele=6.80789, QCD_stat_muon=-1.01802, VBS_stat_ele=2.27824, VBS_stat_muon=6.9701, ele_efficiency=0.94681, ele_trigger=1.6118, fakephoton_ele=4.03826, fakephoton_muon=4.42911, interference=5.35653, lumi=5.96552, mu_efficiency=2.82552, mu_trigger=6.45857, non_prompt_stat_ele=4.4463, non_prompt_stat_muon=6.99684, others_stat_ele=2.83642, others_stat_muon=4.40581, others_xs=5.3323, param=0.159288, pdf_ele=4.91843, pdf_muon=-0.44107, photon_id=-0.474798, pileup=1.4497, scale_ele=6.45389, scale_muon=0.962607
RooProdPdf::model_s[ modelObs_s * nuisancePdf ]
     getLogVal() top-level p.d.f evaluates to zero @ !pdfs=(modelObs_s = 0/1,nuisancePdf = 1)

[#0] WARNING:Minization -- RooMinimizerFcn: Minimized function has error status.
Returning maximum FCN so far (1024.81) to force MIGRAD to back out of this region. Error log follows
Parameter values: JER_ele=0.52342, JER_muon=6.85872, JES_ele=0.440726, JES_muon=5.55659, QCD_stat_ele=6.45967, QCD_stat_muon=-5.36579, VBS_stat_ele=1.96781, VBS_stat_muon=6.95623, ele_efficiency=0.87649, ele_trigger=1.33887, fakephoton_ele=3.5496, fakephoton_muon=3.97455, interference=4.80986, lumi=5.45829, mu_efficiency=2.46893, mu_trigger=6.86809, non_prompt_stat_ele=3.87276, non_prompt_stat_muon=6.82511, others_stat_ele=2.51309, others_stat_muon=5.67246, others_xs=4.61496, param=0.159271, pdf_ele=4.56352, pdf_muon=2.13859, photon_id=2.19452, pileup=1.3609, scale_ele=5.9514, scale_muon=-4.21823
RooProdPdf::model_s[ modelObs_s * nuisancePdf ]
     getLogVal() top-level p.d.f evaluates to zero @ !pdfs=(modelObs_s = 0/1,nuisancePdf = 1)

[#0] WARNING:Minization -- RooMinimizerFcn: Minimized function has error status.
Returning maximum FCN so far (37.7336) to force MIGRAD to back out of this region. Error log follows
Parameter values: JER_ele=-6.5039, JER_muon=-3.69043, JES_ele=6.98455, JES_muon=0.596762, QCD_stat_ele=5.61202, QCD_stat_muon=-6.24245, VBS_stat_ele=-1.21177, VBS_stat_muon=6.51319, ele_efficiency=5.90211, ele_trigger=6.68628, fakephoton_ele=6.9155, fakephoton_muon=6.48265, interference=4.01272, lumi=4.63339, mu_efficiency=4.06392, mu_trigger=5.26235, non_prompt_stat_ele=4.90927, non_prompt_stat_muon=-3.19528, others_stat_ele=-4.05146, others_stat_muon=6.40169, others_xs=-6.98567, param=0.138854, pdf_ele=6.5926, pdf_muon=6.99042, photon_id=0.247479, pileup=5.5369, scale_ele=2.32063, scale_muon=-2.1593
RooProdPdf::model_s[ modelObs_s * nuisancePdf ]
     getLogVal() top-level p.d.f evaluates to zero @ !pdfs=(modelObs_s = 0/1,nuisancePdf = 1)

[#0] WARNING:Minization -- RooMinimizerFcn: Minimized function has error status.
Returning maximum FCN so far (733.957) to force MIGRAD to back out of this region. Error log follows
Parameter values: JER_ele=6.57161, JER_muon=3.22342, JES_ele=5.10914, JES_muon=-6.87047, QCD_stat_ele=-4.13545, QCD_stat_muon=6.9047, VBS_stat_ele=-0.572923, VBS_stat_muon=6.1364, ele_efficiency=3.11439, ele_trigger=5.33993, fakephoton_ele=6.73161, fakephoton_muon=6.70584, interference=2.22805, lumi=5.86245, mu_efficiency=-1.36827, mu_trigger=-6.2591, non_prompt_stat_ele=6.62405, non_prompt_stat_muon=6.96797, others_stat_ele=-0.33321, others_stat_muon=-1.28362, others_xs=6.50172, param=0.148732, pdf_ele=6.30184, pdf_muon=-6.80025, photon_id=6.99626, pileup=-1.67107, scale_ele=-6.17982, scale_muon=-2.56921
RooProdPdf::model_s[ modelObs_s * nuisancePdf ]
     getLogVal() top-level p.d.f evaluates to zero @ !pdfs=(modelObs_s = 0/1,nuisancePdf = 1)

[#0] WARNING:Minization -- RooMinimizerFcn: Minimized function has error status.
Returning maximum FCN so far (733.957) to force MIGRAD to back out of this region. Error log follows
Parameter values: JER_ele=1.77018, JER_muon=-1.1006, JES_ele=0.835497, JES_muon=-1.21179, QCD_stat_ele=5.10547, QCD_stat_muon=-1.12283, VBS_stat_ele=3.14138, VBS_stat_muon=0.029948, ele_efficiency=0.757688, ele_trigger=0.292029, fakephoton_ele=5.21561, fakephoton_muon=-0.553519, interference=-0.588774, lumi=0.173586, mu_efficiency=0.713405, mu_trigger=-0.300759, non_prompt_stat_ele=6.50789, non_prompt_stat_muon=-0.238086, others_stat_ele=3.09903, others_stat_muon=0.403893, others_xs=-0.239986, param=0.14897, pdf_ele=2.72539, pdf_muon=-1.3932, photon_id=0.636633, pileup=1.49336, scale_ele=1.41934, scale_muon=-3.47712
RooProdPdf::model_s[ modelObs_s * nuisancePdf ]
     getLogVal() top-level p.d.f evaluates to zero @ !pdfs=(modelObs_s = 0/1,nuisancePdf = 1)

[#0] WARNING:Minization -- RooMinimizerFcn: Minimized function has error status.
Returning maximum FCN so far (1028.95) to force MIGRAD to back out of this region. Error log follows
Parameter values: JER_ele=-6.25207, JER_muon=-6.51361, JES_ele=-1.27743, JES_muon=-6.94392, QCD_stat_ele=-4.6925, QCD_stat_muon=4.99806, VBS_stat_ele=-6.96659, VBS_stat_muon=6.12528, ele_efficiency=-6.92415, ele_trigger=-1.78433, fakephoton_ele=3.1241, fakephoton_muon=5.87548, interference=6.70937, lumi=4.37629, mu_efficiency=6.00239, mu_trigger=-6.3347, non_prompt_stat_ele=5.96168, non_prompt_stat_muon=4.09446, others_stat_ele=5.78344, others_stat_muon=-6.74441, others_xs=-3.6951, param=0.168372, pdf_ele=5.13765, pdf_muon=0.148429, photon_id=-6.59294, pileup=-6.64613, scale_ele=-3.20353, scale_muon=-5.17774
RooProdPdf::model_s[ modelObs_s * nuisancePdf ]
     getLogVal() top-level p.d.f evaluates to zero @ !pdfs=(modelObs_s = 0/1,nuisancePdf = 1)

[#0] WARNING:Minization -- RooMinimizerFcn: Minimized function has error status.
Returning maximum FCN so far (509.704) to force MIGRAD to back out of this region. Error log follows
Parameter values: JER_ele=-6.53177, JER_muon=-6.6441, JES_ele=4.20172, JES_muon=4.91708, QCD_stat_ele=6.97383, QCD_stat_muon=6.98934, VBS_stat_ele=4.30239, VBS_stat_muon=-3.51266, ele_efficiency=-6.6084, ele_trigger=-6.81608, fakephoton_ele=3.67578, fakephoton_muon=-0.314219, interference=-4.17501, lumi=-6.74562, mu_efficiency=-2.54956, mu_trigger=6.9996, non_prompt_stat_ele=6.80415, non_prompt_stat_muon=-5.70917, others_stat_ele=-5.07782, others_stat_muon=-4.88132, others_xs=-2.4528, param=0.139224, pdf_ele=4.43635, pdf_muon=6.39786, photon_id=2.46442, pileup=-1.84396, scale_ele=0.327541, scale_muon=-6.5603
RooProdPdf::model_s[ modelObs_s * nuisancePdf ]
     getLogVal() top-level p.d.f evaluates to zero @ !pdfs=(modelObs_s = 0/1,nuisancePdf = 1)

[#0] WARNING:Minization -- RooMinimizerFcn: Minimized function has error status.
Returning maximum FCN so far (495.041) to force MIGRAD to back out of this region. Error log follows
Parameter values: JER_ele=-1.27145, JER_muon=-0.489673, JES_ele=-4.30049, JES_muon=-6.80952, QCD_stat_ele=-6.92492, QCD_stat_muon=5.88437, VBS_stat_ele=3.35101, VBS_stat_muon=5.33928, ele_efficiency=-5.99262, ele_trigger=-4.80462, fakephoton_ele=6.99658, fakephoton_muon=-6.62467, interference=-5.71298, lumi=2.71196, mu_efficiency=-3.15711, mu_trigger=-3.83148, non_prompt_stat_ele=6.76707, non_prompt_stat_muon=6.93342, others_stat_ele=-4.36218, others_stat_muon=5.53851, others_xs=-2.24895, param=0.0831681, pdf_ele=5.81787, pdf_muon=-6.4806, photon_id=-1.24032, pileup=-5.4709, scale_ele=5.5916, scale_muon=3.25311
RooProdPdf::model_s[ modelObs_s * nuisancePdf ]
     getLogVal() top-level p.d.f evaluates to zero @ !pdfs=(modelObs_s = 0/1,nuisancePdf = 1)

[#0] WARNING:Minization -- RooMinimizerFcn: Minimized function has error status.
Returning maximum FCN so far (1000.8) to force MIGRAD to back out of this region. Error log follows
Parameter values: JER_ele=-0.411708, JER_muon=-1.659, JES_ele=-4.29038, JES_muon=3.19199, QCD_stat_ele=-5.49827, QCD_stat_muon=4.21095, VBS_stat_ele=3.09697, VBS_stat_muon=-3.27189, ele_efficiency=5.10178, ele_trigger=-0.290749, fakephoton_ele=6.97581, fakephoton_muon=-4.80506, interference=-5.20552, lumi=2.37325, mu_efficiency=6.04244, mu_trigger=6.75723, non_prompt_stat_ele=4.83371, non_prompt_stat_muon=0.179164, others_stat_ele=-6.78812, others_stat_muon=0.907447, others_xs=2.69343, param=0.0511726, pdf_ele=-6.4305, pdf_muon=6.3015, photon_id=-6.87562, pileup=-3.76289, scale_ele=5.27775, scale_muon=-1.29514
RooProdPdf::model_s[ modelObs_s * nuisancePdf ]
     getLogVal() top-level p.d.f evaluates to zero @ !pdfs=(modelObs_s = 0/1,nuisancePdf = 1)

[#0] WARNING:Minization -- RooMinimizerFcn: Minimized function has error status.
Returning maximum FCN so far (1000.8) to force MIGRAD to back out of this region. Error log follows
Parameter values: JER_ele=2.35051, JER_muon=1.84931, JES_ele=4.04236, JES_muon=4.626, QCD_stat_ele=6.87615, QCD_stat_muon=5.44248, VBS_stat_ele=2.25435, VBS_stat_muon=2.02232, ele_efficiency=2.88517, ele_trigger=3.04525, fakephoton_ele=6.04048, fakephoton_muon=1.36232, interference=3.02137, lumi=2.81947, mu_efficiency=-0.398212, mu_trigger=4.63072, non_prompt_stat_ele=6.60409, non_prompt_stat_muon=-1.18338, others_stat_ele=5.77613, others_stat_muon=2.68403, others_xs=3.80553, param=0.0517357, pdf_ele=3.00082, pdf_muon=4.77331, photon_id=6.99989, pileup=0.757719, scale_ele=6.95991, scale_muon=4.80088
RooProdPdf::model_s[ modelObs_s * nuisancePdf ]
     getLogVal() top-level p.d.f evaluates to zero @ !pdfs=(modelObs_s = 0/1,nuisancePdf = 1)

[#0] WARNING:Minization -- RooMinimizerFcn: Minimized function has error status.
Returning maximum FCN so far (884.623) to force MIGRAD to back out of this region. Error log follows
Parameter values: JER_ele=3.17237, JER_muon=-2.02656, JES_ele=-3.99486, JES_muon=6.8491, QCD_stat_ele=2.37415, QCD_stat_muon=-1.31699, VBS_stat_ele=-6.74405, VBS_stat_muon=-0.0402967, ele_efficiency=1.43639, ele_trigger=0.303905, fakephoton_ele=3.23914, fakephoton_muon=6.38173, interference=-5.91164, lumi=6.96353, mu_efficiency=-5.31419, mu_trigger=5.76122, non_prompt_stat_ele=6.17288, non_prompt_stat_muon=6.38599, others_stat_ele=-6.35006, others_stat_muon=-5.09403, others_xs=-6.42963, param=0.152451, pdf_ele=-0.32709, pdf_muon=5.11513, photon_id=6.1248, pileup=4.60206, scale_ele=6.94309, scale_muon=6.99988
RooProdPdf::model_s[ modelObs_s * nuisancePdf ]
     getLogVal() top-level p.d.f evaluates to zero @ !pdfs=(modelObs_s = 0/1,nuisancePdf = 1)

[#0] WARNING:Minization -- RooMinimizerFcn: Minimized function has error status.
Returning maximum FCN so far (1001.6) to force MIGRAD to back out of this region. Error log follows
Parameter values: JER_ele=-0.87499, JER_muon=0.70872, JES_ele=1.16951, JES_muon=3.63378, QCD_stat_ele=4.44641, QCD_stat_muon=3.30293, VBS_stat_ele=2.38918, VBS_stat_muon=0.474722, ele_efficiency=0.957056, ele_trigger=0.0229037, fakephoton_ele=6.38792, fakephoton_muon=-5.6618, interference=-0.952045, lumi=3.59409, mu_efficiency=-1.86218, mu_trigger=2.46956, non_prompt_stat_ele=6.78137, non_prompt_stat_muon=3.83192, others_stat_ele=0.986039, others_stat_muon=1.6178, others_xs=-6.86976, param=0.152528, pdf_ele=1.73979, pdf_muon=4.12145, photon_id=1.91546, pileup=0.918814, scale_ele=6.84143, scale_muon=0.181232
RooProdPdf::model_s[ modelObs_s * nuisancePdf ]
     getLogVal() top-level p.d.f evaluates to zero @ !pdfs=(modelObs_s = 0/1,nuisancePdf = 1)

[#0] WARNING:Minization -- RooMinimizerFcn: Minimized function has error status.
Returning maximum FCN so far (1001.6) to force MIGRAD to back out of this region. Error log follows
Parameter values: JER_ele=-0.664578, JER_muon=1.16134, JES_ele=2.64032, JES_muon=5.11166, QCD_stat_ele=6.99164, QCD_stat_muon=4.38752, VBS_stat_ele=3.87718, VBS_stat_muon=0.535213, ele_efficiency=1.4685, ele_trigger=0.872913, fakephoton_ele=6.64855, fakephoton_muon=-6.82445, interference=-1.14784, lumi=5.18874, mu_efficiency=-2.49148, mu_trigger=3.4937, non_prompt_stat_ele=2.45363, non_prompt_stat_muon=5.21445, others_stat_ele=2.8941, others_stat_muon=2.96738, others_xs=-2.01022, param=0.152953, pdf_ele=3.78272, pdf_muon=5.36652, photon_id=4.2343, pileup=1.26624, scale_ele=5.85973, scale_muon=2.10136
RooProdPdf::model_s[ modelObs_s * nuisancePdf ]
     getLogVal() top-level p.d.f evaluates to zero @ !pdfs=(modelObs_s = 0/1,nuisancePdf = 1)

[#0] WARNING:Minization -- RooMinimizerFcn: Minimized function has error status.
Returning maximum FCN so far (476.672) to force MIGRAD to back out of this region. Error log follows
Parameter values: JER_ele=-2.90188, JER_muon=6.77361, JES_ele=6.7242, JES_muon=2.67659, QCD_stat_ele=3.70062, QCD_stat_muon=-0.637649, VBS_stat_ele=6.68643, VBS_stat_muon=6.98209, ele_efficiency=3.635, ele_trigger=-5.29844, fakephoton_ele=6.1052, fakephoton_muon=2.01623, interference=6.99873, lumi=-0.661092, mu_efficiency=-3.86746, mu_trigger=3.37791, non_prompt_stat_ele=4.00847, non_prompt_stat_muon=5.28724, others_stat_ele=-2.51778, others_stat_muon=-5.59007, others_xs=3.04595, param=0.0594204, pdf_ele=6.84079, pdf_muon=-5.082, photon_id=6.99255, pileup=-2.45372, scale_ele=-4.35945, scale_muon=-5.43115
RooProdPdf::model_s[ modelObs_s * nuisancePdf ]
     getLogVal() top-level p.d.f evaluates to zero @ !pdfs=(modelObs_s = 0/1,nuisancePdf = 1)

[#0] WARNING:Minization -- RooMinimizerFcn: Minimized function has error status.
Returning maximum FCN so far (596.067) to force MIGRAD to back out of this region. Error log follows
Parameter values: JER_ele=1.74341, JER_muon=6.1184, JES_ele=-1.18261, JES_muon=5.00056, QCD_stat_ele=3.48265, QCD_stat_muon=-0.129597, VBS_stat_ele=1.41676, VBS_stat_muon=-6.06995, ele_efficiency=-3.32773, ele_trigger=0.787454, fakephoton_ele=4.67917, fakephoton_muon=-3.99262, interference=-0.130182, lumi=-3.72815, mu_efficiency=-4.79533, mu_trigger=4.58711, non_prompt_stat_ele=4.86542, non_prompt_stat_muon=-4.98495, others_stat_ele=6.58897, others_stat_muon=6.79981, others_xs=-4.72116, param=0.133749, pdf_ele=3.40885, pdf_muon=-6.49742, photon_id=-3.98995, pileup=6.53691, scale_ele=-0.100411, scale_muon=2.26309
RooProdPdf::model_s[ modelObs_s * nuisancePdf ]
     getLogVal() top-level p.d.f evaluates to zero @ !pdfs=(modelObs_s = 0/1,nuisancePdf = 1)

[#0] WARNING:Minization -- RooMinimizerFcn: Minimized function has error status.
Returning maximum FCN so far (671.942) to force MIGRAD to back out of this region. Error log follows
Parameter values: JER_ele=0.0570513, JER_muon=-4.05531, JES_ele=-4.47931, JES_muon=5.56937, QCD_stat_ele=6.66774, QCD_stat_muon=6.76431, VBS_stat_ele=6.91736, VBS_stat_muon=-5.70559, ele_efficiency=-1.71539, ele_trigger=-3.89955, fakephoton_ele=5.79266, fakephoton_muon=-1.37058, interference=-3.37614, lumi=2.06622, mu_efficiency=5.82067, mu_trigger=5.07232, non_prompt_stat_ele=5.92031, non_prompt_stat_muon=-1.88113, others_stat_ele=-5.65442, others_stat_muon=-5.73333, others_xs=2.77856, param=0.137964, pdf_ele=-0.289189, pdf_muon=-4.41564, photon_id=6.97956, pileup=-0.932908, scale_ele=-1.99481, scale_muon=0.524671
RooProdPdf::model_s[ modelObs_s * nuisancePdf ]
     getLogVal() top-level p.d.f evaluates to zero @ !pdfs=(modelObs_s = 0/1,nuisancePdf = 1)

[#0] WARNING:Minization -- RooMinimizerFcn: Minimized function has error status.
Returning maximum FCN so far (671.942) to force MIGRAD to back out of this region. Error log follows
Parameter values: JER_ele=-3.52271, JER_muon=5.48336, JES_ele=-3.33136, JES_muon=-4.98124, QCD_stat_ele=-6.32626, QCD_stat_muon=-4.61444, VBS_stat_ele=-2.9565, VBS_stat_muon=-2.72495, ele_efficiency=-3.78269, ele_trigger=-3.83236, fakephoton_ele=7, fakephoton_muon=3.10592, interference=3.08281, lumi=5.06047, mu_efficiency=2.71893, mu_trigger=6.5909, non_prompt_stat_ele=6.80123, non_prompt_stat_muon=5.01563, others_stat_ele=0.611267, others_stat_muon=0.440286, others_xs=-5.77705, param=0.14017, pdf_ele=-6.96149, pdf_muon=-2.44376, photon_id=0.929394, pileup=6.71117, scale_ele=-6.71297, scale_muon=-6.82682
RooProdPdf::model_s[ modelObs_s * nuisancePdf ]
     getLogVal() top-level p.d.f evaluates to zero @ !pdfs=(modelObs_s = 0/1,nuisancePdf = 1)

[#0] WARNING:Minization -- RooMinimizerFcn: Minimized function has error status.
Returning maximum FCN so far (671.942) to force MIGRAD to back out of this region. Error log follows
Parameter values: JER_ele=-6.61356, JER_muon=0.487486, JES_ele=4.50076, JES_muon=-6.4724, QCD_stat_ele=6.45542, QCD_stat_muon=5.05143, VBS_stat_ele=5.35616, VBS_stat_muon=-3.71008, ele_efficiency=0.234006, ele_trigger=-0.747419, fakephoton_ele=6.99998, fakephoton_muon=6.71032, interference=0.136898, lumi=4.13479, mu_efficiency=6.65268, mu_trigger=-6.68008, non_prompt_stat_ele=5.35813, non_prompt_stat_muon=-3.93744, others_stat_ele=6.97204, others_stat_muon=-6.66991, others_xs=-2.07272, param=0.138822, pdf_ele=4.95115, pdf_muon=5.10002, photon_id=6.99772, pileup=5.02438, scale_ele=0.970688, scale_muon=-6.99802
RooProdPdf::model_s[ modelObs_s * nuisancePdf ]
     getLogVal() top-level p.d.f evaluates to zero @ !pdfs=(modelObs_s = 0/1,nuisancePdf = 1)

[#0] WARNING:Minization -- RooMinimizerFcn: Minimized function has error status.
Returning maximum FCN so far (671.942) to force MIGRAD to back out of this region. Error log follows
Parameter values: JER_ele=0.1182, JER_muon=6.75689, JES_ele=6.48805, JES_muon=-6.41307, QCD_stat_ele=5.46065, QCD_stat_muon=2.95696, VBS_stat_ele=-6.27783, VBS_stat_muon=6.36407, ele_efficiency=1.89559, ele_trigger=5.36541, fakephoton_ele=6.63934, fakephoton_muon=-6.41774, interference=6.99838, lumi=1.3947, mu_efficiency=5.7447, mu_trigger=-2.21788, non_prompt_stat_ele=5.0018, non_prompt_stat_muon=-6.99966, others_stat_ele=6.96479, others_stat_muon=6.98573, others_xs=-5.83005, param=0.139444, pdf_ele=-0.213532, pdf_muon=5.73787, photon_id=-4.00274, pileup=-6.9798, scale_ele=-0.532831, scale_muon=5.36435
RooProdPdf::model_s[ modelObs_s * nuisancePdf ]
     getLogVal() top-level p.d.f evaluates to zero @ !pdfs=(modelObs_s = 0/1,nuisancePdf = 1)

[#0] WARNING:Minization -- RooMinimizerFcn: Minimized function has error status.
Returning maximum FCN so far (671.942) to force MIGRAD to back out of this region. Error log follows
Parameter values: JER_ele=6.83147, JER_muon=4.44585, JES_ele=2.56521, JES_muon=1.07641, QCD_stat_ele=-3.05146, QCD_stat_muon=-6.6655, VBS_stat_ele=-5.29504, VBS_stat_muon=3.7669, ele_efficiency=6.06648, ele_trigger=2.53392, fakephoton_ele=4.18553, fakephoton_muon=1.92142, interference=6.89763, lumi=2.82695, mu_efficiency=2.61726, mu_trigger=5.22215, non_prompt_stat_ele=6.19763, non_prompt_stat_muon=-1.08469, others_stat_ele=0.409232, others_stat_muon=6.64531, others_xs=-2.24503, param=0.138718, pdf_ele=3.36042, pdf_muon=4.11266, photon_id=6.64046, pileup=5.67094, scale_ele=-6.68148, scale_muon=-0.895879
RooProdPdf::model_s[ modelObs_s * nuisancePdf ]
     getLogVal() top-level p.d.f evaluates to zero @ !pdfs=(modelObs_s = 0/1,nuisancePdf = 1)

[#0] WARNING:Minization -- RooMinimizerFcn: Minimized function has error status.
Returning maximum FCN so far (801.368) to force MIGRAD to back out of this region. Error log follows
Parameter values: JER_ele=6.53492, JER_muon=-4.28713, JES_ele=-1.20793, JES_muon=-5.54041, QCD_stat_ele=-6.59388, QCD_stat_muon=-3.4939, VBS_stat_ele=-6.34673, VBS_stat_muon=2.93606, ele_efficiency=3.95584, ele_trigger=-1.02996, fakephoton_ele=1.82471, fakephoton_muon=-3.82415, interference=2.22622, lumi=-4.05615, mu_efficiency=-1.29737, mu_trigger=-6.3968, non_prompt_stat_ele=6.9933, non_prompt_stat_muon=-6.56116, others_stat_ele=-4.14417, others_stat_muon=-3.11679, others_xs=-6.63826, param=0.138281, pdf_ele=-2.22297, pdf_muon=-3.14682, photon_id=-5.75861, pileup=3.45267, scale_ele=-0.509569, scale_muon=6.96761
RooProdPdf::model_s[ modelObs_s * nuisancePdf ]
     getLogVal() top-level p.d.f evaluates to zero @ !pdfs=(modelObs_s = 0/1,nuisancePdf = 1)

[#0] WARNING:Minization -- RooMinimizerFcn: Minimized function has error status.
Returning maximum FCN so far (41.7973) to force MIGRAD to back out of this region. Error log follows
Parameter values: JER_ele=-3.59286, JER_muon=6.30102, JES_ele=-6.99657, JES_muon=-0.616608, QCD_stat_ele=5.01597, QCD_stat_muon=-6.69107, VBS_stat_ele=-5.95871, VBS_stat_muon=-6.9318, ele_efficiency=6.92273, ele_trigger=4.78401, fakephoton_ele=3.50366, fakephoton_muon=-4.2893, interference=-5.16445, lumi=6.70955, mu_efficiency=5.7504, mu_trigger=1.47693, non_prompt_stat_ele=5.82138, non_prompt_stat_muon=-5.32483, others_stat_ele=5.4792, others_stat_muon=-6.67029, others_xs=6.35806, param=0.0580479, pdf_ele=4.28393, pdf_muon=-2.20768, photon_id=-3.54244, pileup=6.88375, scale_ele=-3.52435, scale_muon=-6.99725
RooProdPdf::model_s[ modelObs_s * nuisancePdf ]
     getLogVal() top-level p.d.f evaluates to zero @ !pdfs=(modelObs_s = 0/1,nuisancePdf = 1)

[#0] WARNING:Minization -- RooMinimizerFcn: Minimized function has error status.
Returning maximum FCN so far (41.7973) to force MIGRAD to back out of this region. Error log follows
Parameter values: JER_ele=-1.68152, JER_muon=4.15577, JES_ele=-5.71072, JES_muon=4.60508, QCD_stat_ele=5.26783, QCD_stat_muon=6.28592, VBS_stat_ele=-5.80758, VBS_stat_muon=6.44435, ele_efficiency=4.85246, ele_trigger=-0.480055, fakephoton_ele=6.24646, fakephoton_muon=-5.6016, interference=-6.99717, lumi=3.8931, mu_efficiency=5.52351, mu_trigger=1.72031, non_prompt_stat_ele=6.99309, non_prompt_stat_muon=4.72241, others_stat_ele=-5.33473, others_stat_muon=0.484057, others_xs=4.30943, param=0.0485397, pdf_ele=-4.78676, pdf_muon=-2.48464, photon_id=-5.96109, pileup=4.75226, scale_ele=3.54075, scale_muon=2.60341
RooProdPdf::model_s[ modelObs_s * nuisancePdf ]
     getLogVal() top-level p.d.f evaluates to zero @ !pdfs=(modelObs_s = 0/1,nuisancePdf = 1)

[#0] WARNING:Minization -- RooMinimizerFcn: Minimized function has error status.
Returning maximum FCN so far (361.904) to force MIGRAD to back out of this region. Error log follows
Parameter values: JER_ele=-0.200114, JER_muon=-5.72243, JES_ele=-2.06567, JES_muon=1.06266, QCD_stat_ele=-1.38501, QCD_stat_muon=-0.215131, VBS_stat_ele=6.88757, VBS_stat_muon=4.88, ele_efficiency=3.96382, ele_trigger=6.92124, fakephoton_ele=3.87261, fakephoton_muon=4.30126, interference=4.86544, lumi=5.9305, mu_efficiency=6.94603, mu_trigger=6.23068, non_prompt_stat_ele=6.25441, non_prompt_stat_muon=6.89952, others_stat_ele=-3.66615, others_stat_muon=6.06148, others_xs=-4.61408, param=0.0444967, pdf_ele=3.10983, pdf_muon=6.46725, photon_id=-4.22672, pileup=-1.17636, scale_ele=4.11772, scale_muon=1.74759
RooProdPdf::model_s[ modelObs_s * nuisancePdf ]
     getLogVal() top-level p.d.f evaluates to zero @ !pdfs=(modelObs_s = 0/1,nuisancePdf = 1)

[#0] WARNING:Minization -- RooMinimizerFcn: Minimized function has error status.
Returning maximum FCN so far (34.8638) to force MIGRAD to back out of this region. Error log follows
Parameter values: JER_ele=4.2114, JER_muon=-4.15148, JES_ele=0.855518, JES_muon=-0.0954336, QCD_stat_ele=6.50434, QCD_stat_muon=3.71562, VBS_stat_ele=6.25227, VBS_stat_muon=-2.34512, ele_efficiency=-5.26954, ele_trigger=-4.30833, fakephoton_ele=3.15018, fakephoton_muon=-1.56799, interference=-5.58537, lumi=-4.74496, mu_efficiency=-6.99467, mu_trigger=-4.64889, non_prompt_stat_ele=6.62585, non_prompt_stat_muon=-5.75389, others_stat_ele=6.88783, others_stat_muon=6.41955, others_xs=6.59408, param=0.156935, pdf_ele=6.9736, pdf_muon=1.35787, photon_id=-0.0795261, pileup=1.24226, scale_ele=-0.0768312, scale_muon=2.86948
RooProdPdf::model_s[ modelObs_s * nuisancePdf ]
     getLogVal() top-level p.d.f evaluates to zero @ !pdfs=(modelObs_s = 0/1,nuisancePdf = 1)

[#0] WARNING:Minization -- RooMinimizerFcn: Minimized function has error status.
Returning maximum FCN so far (591.535) to force MIGRAD to back out of this region. Error log follows
Parameter values: JER_ele=6.97515, JER_muon=-6.53218, JES_ele=2.46002, JES_muon=6.553, QCD_stat_ele=-4.74946, QCD_stat_muon=0.0394929, VBS_stat_ele=5.48472, VBS_stat_muon=-2.05761, ele_efficiency=2.11622, ele_trigger=6.40116, fakephoton_ele=-0.891608, fakephoton_muon=6.99942, interference=-4.20436, lumi=4.95984, mu_efficiency=0.674457, mu_trigger=5.32999, non_prompt_stat_ele=6.94304, non_prompt_stat_muon=6.58438, others_stat_ele=6.35712, others_stat_muon=2.39854, others_xs=-6.8275, param=0.151106, pdf_ele=2.15781, pdf_muon=6.94538, photon_id=-4.98395, pileup=-6.3149, scale_ele=-5.20537, scale_muon=-6.97273
RooProdPdf::model_s[ modelObs_s * nuisancePdf ]
     getLogVal() top-level p.d.f evaluates to zero @ !pdfs=(modelObs_s = 0/1,nuisancePdf = 1)

[#0] WARNING:Minization -- RooMinimizerFcn: Minimized function has error status.
Returning maximum FCN so far (591.535) to force MIGRAD to back out of this region. Error log follows
Parameter values: JER_ele=2.80927, JER_muon=-3.94071, JES_ele=6.23724, JES_muon=6.86421, QCD_stat_ele=-6.98807, QCD_stat_muon=5.46544, VBS_stat_ele=-2.85179, VBS_stat_muon=6.81962, ele_efficiency=2.9274, ele_trigger=-1.20824, fakephoton_ele=6.97671, fakephoton_muon=-6.99913, interference=-4.8444, lumi=-4.71904, mu_efficiency=-5.94656, mu_trigger=-4.10365, non_prompt_stat_ele=6.13427, non_prompt_stat_muon=-3.28081, others_stat_ele=2.67716, others_stat_muon=-4.425, others_xs=-6.52911, param=0.149504, pdf_ele=-6.73983, pdf_muon=-5.44214, photon_id=2.57509, pileup=-6.98482, scale_ele=-6.46612, scale_muon=-2.60956
RooProdPdf::model_s[ modelObs_s * nuisancePdf ]
     getLogVal() top-level p.d.f evaluates to zero @ !pdfs=(modelObs_s = 0/1,nuisancePdf = 1)

[#0] WARNING:Minization -- RooMinimizerFcn: Minimized function has error status.
Returning maximum FCN so far (877.202) to force MIGRAD to back out of this region. Error log follows
Parameter values: JER_ele=0.384556, JER_muon=1.70139, JES_ele=3.0271, JES_muon=1.05378, QCD_stat_ele=3.55151, QCD_stat_muon=-3.83502, VBS_stat_ele=0.882268, VBS_stat_muon=3.36932, ele_efficiency=-0.292642, ele_trigger=0.299605, fakephoton_ele=5.2313, fakephoton_muon=1.59452, interference=-0.29002, lumi=0.785156, mu_efficiency=0.487136, mu_trigger=4.28245, non_prompt_stat_ele=6.99962, non_prompt_stat_muon=5.01716, others_stat_ele=2.85764, others_stat_muon=3.82607, others_xs=1.55187, param=0.0230551, pdf_ele=2.32316, pdf_muon=1.44499, photon_id=3.17811, pileup=0.192454, scale_ele=-4.12237, scale_muon=-2.77488
RooProdPdf::model_s[ modelObs_s * nuisancePdf ]
     getLogVal() top-level p.d.f evaluates to zero @ !pdfs=(modelObs_s = 0/1,nuisancePdf = 1)

[#0] WARNING:Minization -- RooMinimizerFcn: Minimized function has error status.
Returning maximum FCN so far (877.202) to force MIGRAD to back out of this region. Error log follows
Parameter values: JER_ele=0.129524, JER_muon=2.74034, JES_ele=2.96908, JES_muon=2.87097, QCD_stat_ele=2.18768, QCD_stat_muon=-2.22682, VBS_stat_ele=0.197447, VBS_stat_muon=5.65795, ele_efficiency=-0.203221, ele_trigger=0.315145, fakephoton_ele=3.80549, fakephoton_muon=4.05814, interference=0.873514, lumi=2.17197, mu_efficiency=0.863431, mu_trigger=5.82886, non_prompt_stat_ele=6.13655, non_prompt_stat_muon=6.88631, others_stat_ele=3.32754, others_stat_muon=6.49148, others_xs=3.46074, param=0.0227727, pdf_ele=1.94439, pdf_muon=3.54354, photon_id=4.83687, pileup=0.216572, scale_ele=-4.39079, scale_muon=2.45365
RooProdPdf::model_s[ modelObs_s * nuisancePdf ]
     getLogVal() top-level p.d.f evaluates to zero @ !pdfs=(modelObs_s = 0/1,nuisancePdf = 1)

[#0] WARNING:Minization -- RooMinimizerFcn: Minimized function has error status.
Returning maximum FCN so far (877.202) to force MIGRAD to back out of this region. Error log follows
Parameter values: JER_ele=1.08008, JER_muon=2.39637, JES_ele=3.7761, JES_muon=1.76036, QCD_stat_ele=5.58248, QCD_stat_muon=6.5646, VBS_stat_ele=1.34465, VBS_stat_muon=6.54517, ele_efficiency=0.573418, ele_trigger=1.99026, fakephoton_ele=6.72697, fakephoton_muon=6.18403, interference=2.2905, lumi=4.00788, mu_efficiency=0.685928, mu_trigger=5.58935, non_prompt_stat_ele=4.4706, non_prompt_stat_muon=1.38224, others_stat_ele=4.83959, others_stat_muon=6.90925, others_xs=5.55006, param=0.0221427, pdf_ele=3.63056, pdf_muon=1.92126, photon_id=5.40434, pileup=0.142564, scale_ele=1.2349, scale_muon=-0.598122
RooProdPdf::model_s[ modelObs_s * nuisancePdf ]
     getLogVal() top-level p.d.f evaluates to zero @ !pdfs=(modelObs_s = 0/1,nuisancePdf = 1)

[#0] WARNING:Minization -- RooMinimizerFcn: Minimized function has error status.
Returning maximum FCN so far (877.202) to force MIGRAD to back out of this region. Error log follows
Parameter values: JER_ele=0.37236, JER_muon=0.410282, JES_ele=0.301172, JES_muon=0.858847, QCD_stat_ele=2.27496, QCD_stat_muon=-6.87376, VBS_stat_ele=0.134409, VBS_stat_muon=2.42667, ele_efficiency=0.991692, ele_trigger=1.31996, fakephoton_ele=5.40324, fakephoton_muon=2.86295, interference=2.19847, lumi=2.4081, mu_efficiency=0.328835, mu_trigger=0.429835, non_prompt_stat_ele=5.15867, non_prompt_stat_muon=6.39813, others_stat_ele=0.126947, others_stat_muon=3.91373, others_xs=2.99985, param=0.022132, pdf_ele=0.922554, pdf_muon=0.69009, photon_id=2.06161, pileup=-0.0969562, scale_ele=-0.465634, scale_muon=-1.09902
RooProdPdf::model_s[ modelObs_s * nuisancePdf ]
     getLogVal() top-level p.d.f evaluates to zero @ !pdfs=(modelObs_s = 0/1,nuisancePdf = 1)

[#0] WARNING:Minization -- RooMinimizerFcn: Minimized function has error status.
Returning maximum FCN so far (587.455) to force MIGRAD to back out of this region. Error log follows
Parameter values: JER_ele=0.132229, JER_muon=-0.599833, JES_ele=0.153505, JES_muon=-0.549335, QCD_stat_ele=-6.06406, QCD_stat_muon=-4.84965, VBS_stat_ele=1.95717, VBS_stat_muon=-3.00067, ele_efficiency=-1.29967, ele_trigger=-2.52578, fakephoton_ele=4.67544, fakephoton_muon=-3.12423, interference=-2.20383, lumi=-1.49199, mu_efficiency=0.548318, mu_trigger=2.57537, non_prompt_stat_ele=6.94403, non_prompt_stat_muon=-0.545017, others_stat_ele=-1.23434, others_stat_muon=1.80889, others_xs=0.729225, param=0.0489603, pdf_ele=0.473684, pdf_muon=-0.223913, photon_id=-1.43003, pileup=1.66348, scale_ele=-6.1141, scale_muon=-6.29405
RooProdPdf::model_s[ modelObs_s * nuisancePdf ]
     getLogVal() top-level p.d.f evaluates to zero @ !pdfs=(modelObs_s = 0/1,nuisancePdf = 1)

[#0] WARNING:Minization -- RooMinimizerFcn: Minimized function has error status.
Returning maximum FCN so far (503.002) to force MIGRAD to back out of this region. Error log follows
Parameter values: JER_ele=-6.98337, JER_muon=4.86605, JES_ele=-6.49663, JES_muon=2.36217, QCD_stat_ele=1.65515, QCD_stat_muon=5.09214, VBS_stat_ele=5.97164, VBS_stat_muon=-0.414968, ele_efficiency=6.88169, ele_trigger=1.4525, fakephoton_ele=6.84688, fakephoton_muon=0.328661, interference=6.74589, lumi=0.764789, mu_efficiency=-5.13888, mu_trigger=-4.4648, non_prompt_stat_ele=5.98115, non_prompt_stat_muon=-6.65527, others_stat_ele=1.74422, others_stat_muon=5.04897, others_xs=4.31229, param=0.0254665, pdf_ele=6.14538, pdf_muon=-2.94459, photon_id=-4.47106, pileup=-4.3249, scale_ele=3.54673, scale_muon=6.4234
RooProdPdf::model_s[ modelObs_s * nuisancePdf ]
     getLogVal() top-level p.d.f evaluates to zero @ !pdfs=(modelObs_s = 0/1,nuisancePdf = 1)

[#0] WARNING:Minization -- RooMinimizerFcn: Minimized function has error status.
Returning maximum FCN so far (503.002) to force MIGRAD to back out of this region. Error log follows
Parameter values: JER_ele=5.85308, JER_muon=-0.306569, JES_ele=-6.12627, JES_muon=-4.00066, QCD_stat_ele=1.25206, QCD_stat_muon=3.7105, VBS_stat_ele=5.34286, VBS_stat_muon=5.04191, ele_efficiency=4.84118, ele_trigger=6.20278, fakephoton_ele=6.78783, fakephoton_muon=-4.07217, interference=4.26022, lumi=6.50988, mu_efficiency=-1.74589, mu_trigger=5.09615, non_prompt_stat_ele=5.92678, non_prompt_stat_muon=-6.56515, others_stat_ele=-5.03808, others_stat_muon=-3.37544, others_xs=6.81639, param=0.000816253, pdf_ele=1.81346, pdf_muon=-5.80597, photon_id=2.73033, pileup=-3.80326, scale_ele=6.86987, scale_muon=3.03775
RooProdPdf::model_s[ modelObs_s * nuisancePdf ]
     getLogVal() top-level p.d.f evaluates to zero @ !pdfs=(modelObs_s = 0/1,nuisancePdf = 1)

[#0] WARNING:Minization -- RooMinimizerFcn: Minimized function has error status.
Returning maximum FCN so far (660.489) to force MIGRAD to back out of this region. Error log follows
Parameter values: JER_ele=-6.60755, JER_muon=-3.4443, JES_ele=4.46444, JES_muon=-5.68375, QCD_stat_ele=6.99352, QCD_stat_muon=-3.09164, VBS_stat_ele=-6.90801, VBS_stat_muon=0.226116, ele_efficiency=4.08748, ele_trigger=-6.99996, fakephoton_ele=4.16243, fakephoton_muon=6.98534, interference=-5.7862, lumi=-6.92116, mu_efficiency=-4.40916, mu_trigger=1.09792, non_prompt_stat_ele=5.91685, non_prompt_stat_muon=-0.980274, others_stat_ele=-6.21035, others_stat_muon=-6.81451, others_xs=0.329315, param=0.0203549, pdf_ele=-1.25164, pdf_muon=4.23515, photon_id=-3.55038, pileup=-1.5245, scale_ele=1.2254, scale_muon=6.97512
RooProdPdf::model_s[ modelObs_s * nuisancePdf ]
     getLogVal() top-level p.d.f evaluates to zero @ !pdfs=(modelObs_s = 0/1,nuisancePdf = 1)

[#0] WARNING:Minization -- RooMinimizerFcn: Minimized function has error status.
Returning maximum FCN so far (713.968) to force MIGRAD to back out of this region. Error log follows
Parameter values: JER_ele=-1.81716, JER_muon=2.27172, JES_ele=5.00814, JES_muon=2.16543, QCD_stat_ele=2.6116, QCD_stat_muon=3.72424, VBS_stat_ele=-0.198842, VBS_stat_muon=3.22134, ele_efficiency=-2.11035, ele_trigger=3.93661, fakephoton_ele=6.10316, fakephoton_muon=0.377791, interference=1.57364, lumi=4.03284, mu_efficiency=-0.412719, mu_trigger=3.71582, non_prompt_stat_ele=4.58882, non_prompt_stat_muon=-2.17376, others_stat_ele=3.00798, others_stat_muon=1.02513, others_xs=4.4979, param=0.0281039, pdf_ele=4.66862, pdf_muon=6.99431, photon_id=4.0654, pileup=3.74474, scale_ele=-2.82846, scale_muon=2.71339
RooProdPdf::model_s[ modelObs_s * nuisancePdf ]
     getLogVal() top-level p.d.f evaluates to zero @ !pdfs=(modelObs_s = 0/1,nuisancePdf = 1)

[#0] WARNING:Minization -- RooMinimizerFcn: Minimized function has error status.
Returning maximum FCN so far (713.968) to force MIGRAD to back out of this region. Error log follows
Parameter values: JER_ele=6.892, JER_muon=-4.29463, JES_ele=6.47127, JES_muon=4.25931, QCD_stat_ele=6.75038, QCD_stat_muon=-6.05312, VBS_stat_ele=1.52241, VBS_stat_muon=-6.55791, ele_efficiency=-5.12186, ele_trigger=6.84519, fakephoton_ele=6.89431, fakephoton_muon=6.78769, interference=-6.32835, lumi=0.833663, mu_efficiency=-1.79992, mu_trigger=-5.63681, non_prompt_stat_ele=6.58931, non_prompt_stat_muon=-2.18212, others_stat_ele=-0.249027, others_stat_muon=5.54126, others_xs=-1.16548, param=0.0617824, pdf_ele=-5.18819, pdf_muon=-4.78089, photon_id=-5.42167, pileup=-4.94926, scale_ele=4.25317, scale_muon=-4.0789
RooProdPdf::model_s[ modelObs_s * nuisancePdf ]
     getLogVal() top-level p.d.f evaluates to zero @ !pdfs=(modelObs_s = 0/1,nuisancePdf = 1)

[#0] WARNING:Minization -- RooMinimizerFcn: Minimized function has error status.
Returning maximum FCN so far (713.968) to force MIGRAD to back out of this region. Error log follows
Parameter values: JER_ele=-0.10793, JER_muon=-5.05731, JES_ele=2.2284, JES_muon=-6.65483, QCD_stat_ele=4.22366, QCD_stat_muon=6.99991, VBS_stat_ele=1.86848, VBS_stat_muon=-6.74228, ele_efficiency=1.22264, ele_trigger=0.619092, fakephoton_ele=6.82982, fakephoton_muon=-1.87414, interference=-3.97912, lumi=-3.88084, mu_efficiency=-1.74199, mu_trigger=-6.31709, non_prompt_stat_ele=6.99824, non_prompt_stat_muon=-6.70465, others_stat_ele=3.03874, others_stat_muon=-6.83866, others_xs=-3.30182, param=0.0289415, pdf_ele=1.70815, pdf_muon=-5.51916, photon_id=-6.98894, pileup=0.895824, scale_ele=-5.43254, scale_muon=6.48079
RooProdPdf::model_s[ modelObs_s * nuisancePdf ]
     getLogVal() top-level p.d.f evaluates to zero @ !pdfs=(modelObs_s = 0/1,nuisancePdf = 1)

[#0] WARNING:Minization -- RooMinimizerFcn: Minimized function has error status.
Returning maximum FCN so far (973.219) to force MIGRAD to back out of this region. Error log follows
Parameter values: JER_ele=2.49162, JER_muon=-6.99749, JES_ele=-6.59231, JES_muon=-0.0245403, QCD_stat_ele=-4.73635, QCD_stat_muon=3.08126, VBS_stat_ele=6.354, VBS_stat_muon=2.72987, ele_efficiency=6.67929, ele_trigger=-6.99811, fakephoton_ele=6.96748, fakephoton_muon=6.8947, interference=6.84727, lumi=6.82157, mu_efficiency=5.63924, mu_trigger=-6.08094, non_prompt_stat_ele=1.13237, non_prompt_stat_muon=6.99699, others_stat_ele=1.01128, others_stat_muon=-6.58187, others_xs=-3.53269, param=0.0553096, pdf_ele=-6.96585, pdf_muon=4.17841, photon_id=0.447472, pileup=-6.67834, scale_ele=6.64313, scale_muon=-6.04342
RooProdPdf::model_s[ modelObs_s * nuisancePdf ]
     getLogVal() top-level p.d.f evaluates to zero @ !pdfs=(modelObs_s = 0/1,nuisancePdf = 1)

[#0] WARNING:Minization -- RooMinimizerFcn: Minimized function has error status.
Returning maximum FCN so far (973.219) to force MIGRAD to back out of this region. Error log follows
Parameter values: JER_ele=-6.99992, JER_muon=5.6545, JES_ele=6.27065, JES_muon=5.52117, QCD_stat_ele=-5.34583, QCD_stat_muon=-3.60458, VBS_stat_ele=6.68526, VBS_stat_muon=6.96689, ele_efficiency=3.75118, ele_trigger=5.44485, fakephoton_ele=4.55423, fakephoton_muon=0.73231, interference=-0.281534, lumi=5.92993, mu_efficiency=2.11222, mu_trigger=5.43651, non_prompt_stat_ele=5.57253, non_prompt_stat_muon=3.54916, others_stat_ele=6.99143, others_stat_muon=6.99945, others_xs=5.42625, param=0.0525498, pdf_ele=6.78975, pdf_muon=6.94477, photon_id=2.84608, pileup=1.1849, scale_ele=2.18958, scale_muon=2.22529
RooProdPdf::model_s[ modelObs_s * nuisancePdf ]
     getLogVal() top-level p.d.f evaluates to zero @ !pdfs=(modelObs_s = 0/1,nuisancePdf = 1)

[#0] WARNING:Minization -- RooMinimizerFcn: Minimized function has error status.
Returning maximum FCN so far (973.219) to force MIGRAD to back out of this region. Error log follows
Parameter values: JER_ele=-3.52023, JER_muon=-6.96102, JES_ele=-6.92202, JES_muon=-2.96498, QCD_stat_ele=6.71717, QCD_stat_muon=-6.40603, VBS_stat_ele=4.63809, VBS_stat_muon=6.97593, ele_efficiency=-6.18516, ele_trigger=-5.44925, fakephoton_ele=6.83344, fakephoton_muon=0.123519, interference=-3.76587, lumi=-6.81491, mu_efficiency=2.41476, mu_trigger=6.44886, non_prompt_stat_ele=5.46773, non_prompt_stat_muon=-6.86329, others_stat_ele=-6.34119, others_stat_muon=1.19242, others_xs=4.85302, param=0.0563145, pdf_ele=-6.96895, pdf_muon=-6.99208, photon_id=5.26561, pileup=6.5217, scale_ele=3.28577, scale_muon=3.2968
RooProdPdf::model_s[ modelObs_s * nuisancePdf ]
     getLogVal() top-level p.d.f evaluates to zero @ !pdfs=(modelObs_s = 0/1,nuisancePdf = 1)

[#0] WARNING:Minization -- RooMinimizerFcn: Minimized function has error status.
Returning maximum FCN so far (973.219) to force MIGRAD to back out of this region. Error log follows
Parameter values: JER_ele=-6.29856, JER_muon=2.71938, JES_ele=2.77243, JES_muon=4.03223, QCD_stat_ele=6.80065, QCD_stat_muon=6.70374, VBS_stat_ele=2.90041, VBS_stat_muon=3.42566, ele_efficiency=0.870478, ele_trigger=2.48918, fakephoton_ele=2.13805, fakephoton_muon=1.0062, interference=0.664976, lumi=2.86179, mu_efficiency=0.781183, mu_trigger=3.33645, non_prompt_stat_ele=1.83294, non_prompt_stat_muon=1.9478, others_stat_ele=4.17113, others_stat_muon=4.10046, others_xs=5.55975, param=0.0533923, pdf_ele=4.00491, pdf_muon=4.51543, photon_id=6.77012, pileup=0.221174, scale_ele=6.42121, scale_muon=6.35885
RooProdPdf::model_s[ modelObs_s * nuisancePdf ]
     getLogVal() top-level p.d.f evaluates to zero @ !pdfs=(modelObs_s = 0/1,nuisancePdf = 1)

[#0] WARNING:Minization -- RooMinimizerFcn: Minimized function has error status.
Returning maximum FCN so far (42.8361) to force MIGRAD to back out of this region. Error log follows
Parameter values: JER_ele=6.86441, JER_muon=5.20244, JES_ele=2.5752, JES_muon=0.214401, QCD_stat_ele=5.06421, QCD_stat_muon=5.55621, VBS_stat_ele=-4.96376, VBS_stat_muon=3.29742, ele_efficiency=0.881707, ele_trigger=3.78977, fakephoton_ele=0.538773, fakephoton_muon=-0.567836, interference=2.23896, lumi=4.57257, mu_efficiency=-0.236159, mu_trigger=2.88982, non_prompt_stat_ele=6.21834, non_prompt_stat_muon=-2.27614, others_stat_ele=6.67826, others_stat_muon=-0.44847, others_xs=1.05388, param=0.0148793, pdf_ele=6.11842, pdf_muon=6.26495, photon_id=6.86619, pileup=-1.01287, scale_ele=3.75063, scale_muon=-1.42353
RooProdPdf::model_s[ modelObs_s * nuisancePdf ]
     getLogVal() top-level p.d.f evaluates to zero @ !pdfs=(modelObs_s = 0/1,nuisancePdf = 1)

[#0] WARNING:Minization -- RooMinimizerFcn: Minimized function has error status.
Returning maximum FCN so far (47.0946) to force MIGRAD to back out of this region. Error log follows
Parameter values: JER_ele=-5.84291, JER_muon=3.5604, JES_ele=-5.23926, JES_muon=-3.17927, QCD_stat_ele=4.68639, QCD_stat_muon=6.92476, VBS_stat_ele=-6.74566, VBS_stat_muon=-6.73011, ele_efficiency=6.26375, ele_trigger=5.34919, fakephoton_ele=2.08636, fakephoton_muon=-4.33031, interference=-5.85013, lumi=-4.10818, mu_efficiency=6.99975, mu_trigger=1.68839, non_prompt_stat_ele=6.78258, non_prompt_stat_muon=4.11935, others_stat_ele=5.82052, others_stat_muon=-3.40886, others_xs=5.77185, param=0.113598, pdf_ele=6.5528, pdf_muon=-4.54246, photon_id=5.52819, pileup=-3.66351, scale_ele=2.79336, scale_muon=6.38344
RooProdPdf::model_s[ modelObs_s * nuisancePdf ]
     getLogVal() top-level p.d.f evaluates to zero @ !pdfs=(modelObs_s = 0/1,nuisancePdf = 1)

[#0] WARNING:Minization -- RooMinimizerFcn: Minimized function has error status.
Returning maximum FCN so far (47.0946) to force MIGRAD to back out of this region. Error log follows
Parameter values: JER_ele=-0.167574, JER_muon=4.88717, JES_ele=6.36585, JES_muon=-4.31252, QCD_stat_ele=-0.27961, QCD_stat_muon=6.83569, VBS_stat_ele=-2.76498, VBS_stat_muon=0.570274, ele_efficiency=0.81042, ele_trigger=6.29132, fakephoton_ele=6.76806, fakephoton_muon=4.58681, interference=-4.09889, lumi=5.59771, mu_efficiency=4.46046, mu_trigger=-6.79331, non_prompt_stat_ele=6.92486, non_prompt_stat_muon=-2.5433, others_stat_ele=-6.9098, others_stat_muon=-3.7563, others_xs=2.23107, param=0.155563, pdf_ele=-2.1403, pdf_muon=6.58711, photon_id=-1.91139, pileup=-2.34659, scale_ele=-6.97504, scale_muon=-2.07104
RooProdPdf::model_s[ modelObs_s * nuisancePdf ]
     getLogVal() top-level p.d.f evaluates to zero @ !pdfs=(modelObs_s = 0/1,nuisancePdf = 1)

[#0] WARNING:Minization -- RooMinimizerFcn: Minimized function has error status.
Returning maximum FCN so far (908.214) to force MIGRAD to back out of this region. Error log follows
Parameter values: JER_ele=6.83382, JER_muon=4.45975, JES_ele=-4.86357, JES_muon=0.54167, QCD_stat_ele=-6.79352, QCD_stat_muon=5.86386, VBS_stat_ele=-2.14547, VBS_stat_muon=-5.63497, ele_efficiency=6.97779, ele_trigger=-5.09538, fakephoton_ele=5.89192, fakephoton_muon=0.6137, interference=-4.42451, lumi=4.35352, mu_efficiency=-5.08585, mu_trigger=-6.95837, non_prompt_stat_ele=4.7708, non_prompt_stat_muon=5.05014, others_stat_ele=-3.5252, others_stat_muon=-5.3782, others_xs=-6.90957, param=0.00943619, pdf_ele=3.42453, pdf_muon=6.99849, photon_id=-5.69544, pileup=-0.790204, scale_ele=-0.676809, scale_muon=-4.55407
RooProdPdf::model_s[ modelObs_s * nuisancePdf ]
     getLogVal() top-level p.d.f evaluates to zero @ !pdfs=(modelObs_s = 0/1,nuisancePdf = 1)

[#0] WARNING:Minization -- RooMinimizerFcn: Minimized function has error status.
Returning maximum FCN so far (908.214) to force MIGRAD to back out of this region. Error log follows
Parameter values: JER_ele=-6.94881, JER_muon=4.88245, JES_ele=6.96131, JES_muon=-6.59589, QCD_stat_ele=6.13161, QCD_stat_muon=4.76147, VBS_stat_ele=-2.85474, VBS_stat_muon=-4.76858, ele_efficiency=-6.28064, ele_trigger=-6.44058, fakephoton_ele=5.48576, fakephoton_muon=4.51406, interference=0.250071, lumi=5.24051, mu_efficiency=6.85685, mu_trigger=1.43744, non_prompt_stat_ele=6.80393, non_prompt_stat_muon=6.19503, others_stat_ele=6.98741, others_stat_muon=-3.97663, others_xs=-6.73921, param=0.0213019, pdf_ele=-6.99424, pdf_muon=-3.61688, photon_id=0.203529, pileup=6.66083, scale_ele=6.55611, scale_muon=2.23831
RooProdPdf::model_s[ modelObs_s * nuisancePdf ]
     getLogVal() top-level p.d.f evaluates to zero @ !pdfs=(modelObs_s = 0/1,nuisancePdf = 1)

[#0] WARNING:Minization -- RooMinimizerFcn: Minimized function has error status.
Returning maximum FCN so far (908.214) to force MIGRAD to back out of this region. Error log follows
Parameter values: JER_ele=0.652858, JER_muon=3.59141, JES_ele=2.07768, JES_muon=6.78191, QCD_stat_ele=0.4619, QCD_stat_muon=4.73762, VBS_stat_ele=2.62756, VBS_stat_muon=3.76342, ele_efficiency=1.50231, ele_trigger=1.76742, fakephoton_ele=4.03477, fakephoton_muon=2.19341, interference=0.691658, lumi=-0.816203, mu_efficiency=0.503902, mu_trigger=3.95514, non_prompt_stat_ele=5.56532, non_prompt_stat_muon=2.44937, others_stat_ele=2.14175, others_stat_muon=-3.62468, others_xs=3.54817, param=0.00994871, pdf_ele=2.11341, pdf_muon=3.04315, photon_id=4.50829, pileup=2.78289, scale_ele=6.46928, scale_muon=6.49619
RooProdPdf::model_s[ modelObs_s * nuisancePdf ]
     getLogVal() top-level p.d.f evaluates to zero @ !pdfs=(modelObs_s = 0/1,nuisancePdf = 1)

[#0] WARNING:Minization -- RooMinimizerFcn: Minimized function has error status.
Returning maximum FCN so far (908.214) to force MIGRAD to back out of this region. Error log follows
Parameter values: JER_ele=0.916829, JER_muon=4.58945, JES_ele=4.26031, JES_muon=5.05283, QCD_stat_ele=-1.54721, QCD_stat_muon=-6.60484, VBS_stat_ele=5.76332, VBS_stat_muon=3.49501, ele_efficiency=5.56936, ele_trigger=4.1946, fakephoton_ele=6.94634, fakephoton_muon=6.99984, interference=3.40756, lumi=-4.42671, mu_efficiency=3.04527, mu_trigger=0.969815, non_prompt_stat_ele=1.99942, non_prompt_stat_muon=6.76382, others_stat_ele=5.42492, others_stat_muon=5.7329, others_xs=5.35744, param=0.0097805, pdf_ele=3.4779, pdf_muon=2.20719, photon_id=0.936362, pileup=6.50052, scale_ele=3.6203, scale_muon=-6.42092
RooProdPdf::model_s[ modelObs_s * nuisancePdf ]
     getLogVal() top-level p.d.f evaluates to zero @ !pdfs=(modelObs_s = 0/1,nuisancePdf = 1)

[#0] WARNING:Minization -- RooMinimizerFcn: Minimized function has error status.
Returning maximum FCN so far (908.214) to force MIGRAD to back out of this region. Error log follows
Parameter values: JER_ele=1.93402, JER_muon=2.64044, JES_ele=4.6724, JES_muon=4.93935, QCD_stat_ele=-5.18607, QCD_stat_muon=2.89545, VBS_stat_ele=6.43101, VBS_stat_muon=-6.99603, ele_efficiency=3.56714, ele_trigger=3.86027, fakephoton_ele=6.47515, fakephoton_muon=6.64784, interference=6.99026, lumi=2.8541, mu_efficiency=4.21671, mu_trigger=-0.899, non_prompt_stat_ele=3.95452, non_prompt_stat_muon=6.67027, others_stat_ele=5.07957, others_stat_muon=-6.91286, others_xs=6.93273, param=0.00961051, pdf_ele=4.97891, pdf_muon=-6.99299, photon_id=-6.79993, pileup=6.9113, scale_ele=3.63449, scale_muon=6.99954
RooProdPdf::model_s[ modelObs_s * nuisancePdf ]
     getLogVal() top-level p.d.f evaluates to zero @ !pdfs=(modelObs_s = 0/1,nuisancePdf = 1)

[#0] WARNING:Minization -- RooMinimizerFcn: Minimized function has error status.
Returning maximum FCN so far (893.004) to force MIGRAD to back out of this region. Error log follows
Parameter values: JER_ele=-0.417296, JER_muon=-0.765869, JES_ele=-4.18969, JES_muon=-4.21425, QCD_stat_ele=-4.78776, QCD_stat_muon=6.77938, VBS_stat_ele=-6.38294, VBS_stat_muon=-1.03782, ele_efficiency=0.903394, ele_trigger=2.87066, fakephoton_ele=6.99787, fakephoton_muon=-0.280516, interference=5.8444, lumi=1.25067, mu_efficiency=6.8645, mu_trigger=2.11672, non_prompt_stat_ele=6.20811, non_prompt_stat_muon=-4.19793, others_stat_ele=6.96636, others_stat_muon=-5.88073, others_xs=0.945631, param=0.016743, pdf_ele=-2.61564, pdf_muon=-1.87789, photon_id=-4.48739, pileup=6.95545, scale_ele=4.24786, scale_muon=-2.61826
RooProdPdf::model_s[ modelObs_s * nuisancePdf ]
     getLogVal() top-level p.d.f evaluates to zero @ !pdfs=(modelObs_s = 0/1,nuisancePdf = 1)

[#0] WARNING:Minization -- RooMinimizerFcn: Minimized function has error status.
Returning maximum FCN so far (893.004) to force MIGRAD to back out of this region. Error log follows
Parameter values: JER_ele=0.190928, JER_muon=3.73869, JES_ele=2.4672, JES_muon=2.56515, QCD_stat_ele=6.69282, QCD_stat_muon=5.95795, VBS_stat_ele=-0.761112, VBS_stat_muon=6.51006, ele_efficiency=0.654243, ele_trigger=0.319029, fakephoton_ele=4.15224, fakephoton_muon=-2.56733, interference=2.55888, lumi=4.22749, mu_efficiency=2.4857, mu_trigger=1.86866, non_prompt_stat_ele=3.77444, non_prompt_stat_muon=0.0386155, others_stat_ele=2.84083, others_stat_muon=4.19769, others_xs=4.61808, param=0.0408024, pdf_ele=1.71575, pdf_muon=6.05046, photon_id=6.78858, pileup=-1.29102, scale_ele=-2.1252, scale_muon=6.99988
RooProdPdf::model_s[ modelObs_s * nuisancePdf ]
     getLogVal() top-level p.d.f evaluates to zero @ !pdfs=(modelObs_s = 0/1,nuisancePdf = 1)

[#0] WARNING:Minization -- RooMinimizerFcn: Minimized function has error status.
Returning maximum FCN so far (893.004) to force MIGRAD to back out of this region. Error log follows
Parameter values: JER_ele=4.93911, JER_muon=5.66236, JES_ele=-2.97346, JES_muon=-0.152045, QCD_stat_ele=5.5338, QCD_stat_muon=-4.95716, VBS_stat_ele=-3.38355, VBS_stat_muon=5.48058, ele_efficiency=5.74453, ele_trigger=-6.98089, fakephoton_ele=3.60378, fakephoton_muon=4.44731, interference=-2.3909, lumi=6.82757, mu_efficiency=3.00173, mu_trigger=0.551465, non_prompt_stat_ele=6.86459, non_prompt_stat_muon=-4.70775, others_stat_ele=-6.99611, others_stat_muon=-2.09071, others_xs=-6.10686, param=0.0345718, pdf_ele=3.93979, pdf_muon=-0.407574, photon_id=5.57175, pileup=-5.97473, scale_ele=2.54369, scale_muon=-1.18236
RooProdPdf::model_s[ modelObs_s * nuisancePdf ]
     getLogVal() top-level p.d.f evaluates to zero @ !pdfs=(modelObs_s = 0/1,nuisancePdf = 1)

[#0] WARNING:Minization -- RooMinimizerFcn: Minimized function has error status.
Returning maximum FCN so far (893.004) to force MIGRAD to back out of this region. Error log follows
Parameter values: JER_ele=0.279211, JER_muon=4.7754, JES_ele=3.59636, JES_muon=4.37926, QCD_stat_ele=6.35063, QCD_stat_muon=1.98954, VBS_stat_ele=-1.15879, VBS_stat_muon=6.98984, ele_efficiency=0.872891, ele_trigger=0.988119, fakephoton_ele=6.01289, fakephoton_muon=-2.71969, interference=3.45168, lumi=5.31322, mu_efficiency=3.06227, mu_trigger=3.35729, non_prompt_stat_ele=5.79536, non_prompt_stat_muon=1.05568, others_stat_ele=3.67272, others_stat_muon=1.65956, others_xs=5.96033, param=0.0407978, pdf_ele=3.15808, pdf_muon=6.99994, photon_id=6.24593, pileup=-1.34211, scale_ele=-0.360761, scale_muon=4.09799
RooProdPdf::model_s[ modelObs_s * nuisancePdf ]
     getLogVal() top-level p.d.f evaluates to zero @ !pdfs=(modelObs_s = 0/1,nuisancePdf = 1)

[#0] WARNING:Minization -- RooMinimizerFcn: Minimized function has error status.
Returning maximum FCN so far (893.004) to force MIGRAD to back out of this region. Error log follows
Parameter values: JER_ele=1.2999, JER_muon=4.11629, JES_ele=2.8661, JES_muon=6.02714, QCD_stat_ele=3.79669, QCD_stat_muon=3.69013, VBS_stat_ele=1.67983, VBS_stat_muon=5.95063, ele_efficiency=0.626977, ele_trigger=1.23589, fakephoton_ele=5.65923, fakephoton_muon=-0.638225, interference=3.20708, lumi=4.80692, mu_efficiency=2.25982, mu_trigger=4.08838, non_prompt_stat_ele=6.56066, non_prompt_stat_muon=1.74086, others_stat_ele=3.57528, others_stat_muon=6.91622, others_xs=6.18312, param=0.0408908, pdf_ele=1.82419, pdf_muon=6.22379, photon_id=6.85512, pileup=-0.348321, scale_ele=6.24183, scale_muon=3.26107
RooProdPdf::model_s[ modelObs_s * nuisancePdf ]
     getLogVal() top-level p.d.f evaluates to zero @ !pdfs=(modelObs_s = 0/1,nuisancePdf = 1)

[#0] WARNING:Minization -- RooMinimizerFcn: Minimized function has error status.
Returning maximum FCN so far (998.064) to force MIGRAD to back out of this region. Error log follows
Parameter values: JER_ele=6.98767, JER_muon=-6.92524, JES_ele=-2.52063, JES_muon=-1.67707, QCD_stat_ele=6.84942, QCD_stat_muon=-4.75499, VBS_stat_ele=5.51445, VBS_stat_muon=5.91209, ele_efficiency=-6.89394, ele_trigger=4.68581, fakephoton_ele=6.381, fakephoton_muon=-2.70497, interference=4.76533, lumi=6.29639, mu_efficiency=6.98862, mu_trigger=-3.19895, non_prompt_stat_ele=5.81088, non_prompt_stat_muon=3.63496, others_stat_ele=6.76962, others_stat_muon=-3.85159, others_xs=6.60425, param=0.00774162, pdf_ele=5.23871, pdf_muon=6.2113, photon_id=-5.91401, pileup=-6.10318, scale_ele=-3.90782, scale_muon=4.68152
RooProdPdf::model_s[ modelObs_s * nuisancePdf ]
     getLogVal() top-level p.d.f evaluates to zero @ !pdfs=(modelObs_s = 0/1,nuisancePdf = 1)

[#0] WARNING:Minization -- RooMinimizerFcn: Minimized function has error status.
Returning maximum FCN so far (998.064) to force MIGRAD to back out of this region. Error log follows
Parameter values: JER_ele=6.75222, JER_muon=0.392433, JES_ele=-5.7927, JES_muon=-3.02556, QCD_stat_ele=6.73626, QCD_stat_muon=-6.26715, VBS_stat_ele=6.86559, VBS_stat_muon=-6.3239, ele_efficiency=-5.97151, ele_trigger=-2.03146, fakephoton_ele=6.42951, fakephoton_muon=-5.13783, interference=0.285457, lumi=6.32344, mu_efficiency=-0.701852, mu_trigger=-6.27886, non_prompt_stat_ele=5.2386, non_prompt_stat_muon=-6.61952, others_stat_ele=6.31948, others_stat_muon=3.55938, others_xs=6.66993, param=0.0144453, pdf_ele=-6.91553, pdf_muon=6.95498, photon_id=0.695327, pileup=6.63305, scale_ele=-6.27409, scale_muon=-0.643086
RooProdPdf::model_s[ modelObs_s * nuisancePdf ]
     getLogVal() top-level p.d.f evaluates to zero @ !pdfs=(modelObs_s = 0/1,nuisancePdf = 1)

[#0] WARNING:Minization -- RooMinimizerFcn: Minimized function has error status.
Returning maximum FCN so far (998.064) to force MIGRAD to back out of this region. Error log follows
Parameter values: JER_ele=1.4089, JER_muon=1.67536, JES_ele=-0.945304, JES_muon=3.35172, QCD_stat_ele=1.73299, QCD_stat_muon=6.82896, VBS_stat_ele=1.49256, VBS_stat_muon=1.34836, ele_efficiency=1.10348, ele_trigger=0.0412894, fakephoton_ele=-1.41903, fakephoton_muon=4.88239, interference=2.23967, lumi=1.35358, mu_efficiency=1.41902, mu_trigger=2.77205, non_prompt_stat_ele=-2.92162, non_prompt_stat_muon=6.713, others_stat_ele=1.57933, others_stat_muon=3.45158, others_xs=1.84074, param=0.0389742, pdf_ele=-0.588667, pdf_muon=5.12076, photon_id=5.20045, pileup=-0.637968, scale_ele=2.25793, scale_muon=6.9464
RooProdPdf::model_s[ modelObs_s * nuisancePdf ]
     getLogVal() top-level p.d.f evaluates to zero @ !pdfs=(modelObs_s = 0/1,nuisancePdf = 1)

[#0] WARNING:Minization -- RooMinimizerFcn: Minimized function has error status.
Returning maximum FCN so far (606.824) to force MIGRAD to back out of this region. Error log follows
Parameter values: JER_ele=4.27184, JER_muon=4.40092, JES_ele=-6.71828, JES_muon=-3.92537, QCD_stat_ele=6.29783, QCD_stat_muon=6.91439, VBS_stat_ele=-5.94084, VBS_stat_muon=-0.480941, ele_efficiency=-1.28988, ele_trigger=1.77229, fakephoton_ele=3.3684, fakephoton_muon=6.9455, interference=-6.95516, lumi=1.96931, mu_efficiency=2.57986, mu_trigger=4.96855, non_prompt_stat_ele=4.07615, non_prompt_stat_muon=6.31631, others_stat_ele=2.77311, others_stat_muon=-0.460996, others_xs=6.90605, param=0.00127507, pdf_ele=3.63398, pdf_muon=1.38961, photon_id=-0.316097, pileup=-6.66728, scale_ele=-5.15231, scale_muon=6.33158
RooProdPdf::model_s[ modelObs_s * nuisancePdf ]
     getLogVal() top-level p.d.f evaluates to zero @ !pdfs=(modelObs_s = 0/1,nuisancePdf = 1)

[#0] WARNING:Minization -- RooMinimizerFcn: Minimized function has error status.
Returning maximum FCN so far (386.85) to force MIGRAD to back out of this region. Error log follows
Parameter values: JER_ele=6.96538, JER_muon=-6.85576, JES_ele=-0.834327, JES_muon=1.88499, QCD_stat_ele=3.07648, QCD_stat_muon=-6.52827, VBS_stat_ele=5.03357, VBS_stat_muon=6.60435, ele_efficiency=-6.05108, ele_trigger=-2.39569, fakephoton_ele=3.90768, fakephoton_muon=-4.95941, interference=-2.42311, lumi=-6.99276, mu_efficiency=5.67095, mu_trigger=6.90967, non_prompt_stat_ele=6.38827, non_prompt_stat_muon=5.42569, others_stat_ele=-3.02747, others_stat_muon=-6.64481, others_xs=0.706815, param=0.150338, pdf_ele=-5.46351, pdf_muon=-6.9802, photon_id=-6.41231, pileup=-2.35815, scale_ele=-5.4035, scale_muon=-6.96481
RooProdPdf::model_s[ modelObs_s * nuisancePdf ]
     getLogVal() top-level p.d.f evaluates to zero @ !pdfs=(modelObs_s = 0/1,nuisancePdf = 1)

[#0] WARNING:Minization -- RooMinimizerFcn: Minimized function has error status.
Returning maximum FCN so far (865.428) to force MIGRAD to back out of this region. Error log follows
Parameter values: JER_ele=6.94529, JER_muon=6.74476, JES_ele=6.95302, JES_muon=5.42942, QCD_stat_ele=6.96587, QCD_stat_muon=-1.28132, VBS_stat_ele=5.91869, VBS_stat_muon=5.63935, ele_efficiency=3.49412, ele_trigger=-2.32335, fakephoton_ele=6.989, fakephoton_muon=1.41286, interference=4.18028, lumi=6.67242, mu_efficiency=5.70899, mu_trigger=6.97986, non_prompt_stat_ele=6.9448, non_prompt_stat_muon=6.95828, others_stat_ele=6.16775, others_stat_muon=5.61914, others_xs=6.70743, param=0.160311, pdf_ele=6.95274, pdf_muon=2.35122, photon_id=-0.966147, pileup=3.86037, scale_ele=-4.96307, scale_muon=4.50647
RooProdPdf::model_s[ modelObs_s * nuisancePdf ]
     getLogVal() top-level p.d.f evaluates to zero @ !pdfs=(modelObs_s = 0/1,nuisancePdf = 1)

[#0] WARNING:Minization -- RooMinimizerFcn: Minimized function has error status.
Returning maximum FCN so far (865.428) to force MIGRAD to back out of this region. Error log follows
Parameter values: JER_ele=4.50696, JER_muon=6.9434, JES_ele=2.80519, JES_muon=6.84833, QCD_stat_ele=-3.78275, QCD_stat_muon=6.9546, VBS_stat_ele=6.04167, VBS_stat_muon=-6.71194, ele_efficiency=-3.43879, ele_trigger=6.51028, fakephoton_ele=0.482912, fakephoton_muon=-2.42686, interference=6.25635, lumi=-4.8163, mu_efficiency=-3.13745, mu_trigger=-1.83851, non_prompt_stat_ele=6.99712, non_prompt_stat_muon=6.45938, others_stat_ele=-4.09576, others_stat_muon=4.72958, others_xs=6.99189, param=0.153984, pdf_ele=-2.65687, pdf_muon=6.25277, photon_id=-6.91259, pileup=6.98022, scale_ele=3.6873, scale_muon=-3.92764
RooProdPdf::model_s[ modelObs_s * nuisancePdf ]
     getLogVal() top-level p.d.f evaluates to zero @ !pdfs=(modelObs_s = 0/1,nuisancePdf = 1)

[#0] WARNING:Minization -- RooMinimizerFcn: Minimized function has error status.
Returning maximum FCN so far (865.428) to force MIGRAD to back out of this region. Error log follows
Parameter values: JER_ele=2.81107, JER_muon=3.11536, JES_ele=-6.92768, JES_muon=-4.72305, QCD_stat_ele=-4.16688, QCD_stat_muon=-0.559334, VBS_stat_ele=6.94996, VBS_stat_muon=-6.97673, ele_efficiency=5.25389, ele_trigger=1.42507, fakephoton_ele=6.59273, fakephoton_muon=4.93801, interference=6.46714, lumi=5.73048, mu_efficiency=6.86354, mu_trigger=0.869913, non_prompt_stat_ele=3.99174, non_prompt_stat_muon=4.36437, others_stat_ele=6.54571, others_stat_muon=-6.19064, others_xs=6.32704, param=0.161265, pdf_ele=5.79906, pdf_muon=-6.39995, photon_id=-6.14962, pileup=6.13164, scale_ele=-5.21677, scale_muon=4.84689
RooProdPdf::model_s[ modelObs_s * nuisancePdf ]
     getLogVal() top-level p.d.f evaluates to zero @ !pdfs=(modelObs_s = 0/1,nuisancePdf = 1)

[#0] WARNING:Minization -- RooMinimizerFcn: Minimized function has error status.
Returning maximum FCN so far (486.516) to force MIGRAD to back out of this region. Error log follows
Parameter values: JER_ele=-6.63573, JER_muon=1.37414, JES_ele=6.13622, JES_muon=-2.51427, QCD_stat_ele=3.04003, QCD_stat_muon=4.83807, VBS_stat_ele=-1.51926, VBS_stat_muon=3.16657, ele_efficiency=6.70941, ele_trigger=6.17202, fakephoton_ele=5.25083, fakephoton_muon=1.80694, interference=4.43294, lumi=-3.10308, mu_efficiency=4.72515, mu_trigger=6.9366, non_prompt_stat_ele=4.90919, non_prompt_stat_muon=0.674223, others_stat_ele=-2.79397, others_stat_muon=-5.76029, others_xs=-6.44371, param=0.157975, pdf_ele=0.0932969, pdf_muon=-3.39608, photon_id=-1.61036, pileup=1.8621, scale_ele=-6.16555, scale_muon=-6.73356
RooProdPdf::model_s[ modelObs_s * nuisancePdf ]
     getLogVal() top-level p.d.f evaluates to zero @ !pdfs=(modelObs_s = 0/1,nuisancePdf = 1)

[#0] WARNING:Minization -- RooMinimizerFcn: Minimized function has error status.
Returning maximum FCN so far (724.029) to force MIGRAD to back out of this region. Error log follows
Parameter values: JER_ele=5.75742, JER_muon=5.73599, JES_ele=6.77631, JES_muon=3.45125, QCD_stat_ele=-3.00555, QCD_stat_muon=-0.0406535, VBS_stat_ele=-2.87255, VBS_stat_muon=2.23668, ele_efficiency=5.16043, ele_trigger=-1.40969, fakephoton_ele=6.50529, fakephoton_muon=5.97534, interference=-4.39149, lumi=-3.12073, mu_efficiency=0.59604, mu_trigger=-5.81588, non_prompt_stat_ele=4.14948, non_prompt_stat_muon=4.97065, others_stat_ele=-4.04253, others_stat_muon=-6.69427, others_xs=6.98708, param=0.067958, pdf_ele=-6.39866, pdf_muon=6.82425, photon_id=-4.92859, pileup=0.79787, scale_ele=-6.95827, scale_muon=-6.71516
RooProdPdf::model_s[ modelObs_s * nuisancePdf ]
     getLogVal() top-level p.d.f evaluates to zero @ !pdfs=(modelObs_s = 0/1,nuisancePdf = 1)

[#0] WARNING:Minization -- RooMinimizerFcn: Minimized function has error status.
Returning maximum FCN so far (899.414) to force MIGRAD to back out of this region. Error log follows
Parameter values: JER_ele=1.80788, JER_muon=-5.06441, JES_ele=-5.95854, JES_muon=2.3708, QCD_stat_ele=6.80531, QCD_stat_muon=-0.0995209, VBS_stat_ele=6.01899, VBS_stat_muon=-5.87377, ele_efficiency=6.09554, ele_trigger=-6.6661, fakephoton_ele=2.09773, fakephoton_muon=5.67869, interference=2.79849, lumi=-1.78115, mu_efficiency=-2.0477, mu_trigger=-3.80016, non_prompt_stat_ele=6.88999, non_prompt_stat_muon=6.92032, others_stat_ele=5.85974, others_stat_muon=-1.4477, others_xs=-6.32367, param=0.171398, pdf_ele=2.46051, pdf_muon=-4.62638, photon_id=-4.14717, pileup=-6.52103, scale_ele=1.69204, scale_muon=-6.98135
RooProdPdf::model_s[ modelObs_s * nuisancePdf ]
     getLogVal() top-level p.d.f evaluates to zero @ !pdfs=(modelObs_s = 0/1,nuisancePdf = 1)

[#0] WARNING:Minization -- RooMinimizerFcn: Minimized function has error status.
Returning maximum FCN so far (899.414) to force MIGRAD to back out of this region. Error log follows
Parameter values: JER_ele=4.77567, JER_muon=6.92554, JES_ele=6.99011, JES_muon=3.8205, QCD_stat_ele=5.10805, QCD_stat_muon=-6.48857, VBS_stat_ele=4.27424, VBS_stat_muon=6.58568, ele_efficiency=1.39449, ele_trigger=5.65537, fakephoton_ele=4.90817, fakephoton_muon=5.35799, interference=6.69298, lumi=6.95303, mu_efficiency=3.05218, mu_trigger=6.18844, non_prompt_stat_ele=3.41395, non_prompt_stat_muon=6.61321, others_stat_ele=5.24741, others_stat_muon=5.74014, others_xs=6.98346, param=0.169593, pdf_ele=6.80541, pdf_muon=-1.02139, photon_id=-6.6182, pileup=0.199819, scale_ele=-6.94978, scale_muon=6.4803
RooProdPdf::model_s[ modelObs_s * nuisancePdf ]
     getLogVal() top-level p.d.f evaluates to zero @ !pdfs=(modelObs_s = 0/1,nuisancePdf = 1)

[#0] WARNING:Minization -- RooMinimizerFcn: Minimized function has error status.
Returning maximum FCN so far (797.119) to force MIGRAD to back out of this region. Error log follows
Parameter values: JER_ele=-6.27387, JER_muon=4.53248, JES_ele=-6.85278, JES_muon=-7, QCD_stat_ele=-6.99107, QCD_stat_muon=0.0218381, VBS_stat_ele=-5.99113, VBS_stat_muon=6.56606, ele_efficiency=5.26387, ele_trigger=6.5883, fakephoton_ele=4.73473, fakephoton_muon=4.95969, interference=-6.3122, lumi=-4.34476, mu_efficiency=6.99995, mu_trigger=-6.92767, non_prompt_stat_ele=5.58731, non_prompt_stat_muon=5.85364, others_stat_ele=-6.9973, others_stat_muon=-1.27734, others_xs=6.43146, param=0.134982, pdf_ele=2.55211, pdf_muon=-4.14195, photon_id=2.98484, pileup=5.61483, scale_ele=-3.52417, scale_muon=-3.79943
RooProdPdf::model_s[ modelObs_s * nuisancePdf ]
     getLogVal() top-level p.d.f evaluates to zero @ !pdfs=(modelObs_s = 0/1,nuisancePdf = 1)

[#0] WARNING:Minization -- RooMinimizerFcn: Minimized function has error status.
Returning maximum FCN so far (1170.16) to force MIGRAD to back out of this region. Error log follows
Parameter values: JER_ele=3.17222, JER_muon=-4.99186, JES_ele=6.80726, JES_muon=-6.94133, QCD_stat_ele=1.34335, QCD_stat_muon=6.96586, VBS_stat_ele=-6.92959, VBS_stat_muon=-6.76399, ele_efficiency=-3.7281, ele_trigger=6.17423, fakephoton_ele=6.10935, fakephoton_muon=6.1739, interference=-6.87374, lumi=2.57934, mu_efficiency=1.0926, mu_trigger=-5.9082, non_prompt_stat_ele=-4.73412, non_prompt_stat_muon=6.99896, others_stat_ele=6.91522, others_stat_muon=-6.43497, others_xs=6.44696, param=0.165496, pdf_ele=6.53165, pdf_muon=6.47609, photon_id=6.4461, pileup=6.15968, scale_ele=-2.54617, scale_muon=-6.90639
RooProdPdf::model_s[ modelObs_s * nuisancePdf ]
     getLogVal() top-level p.d.f evaluates to zero @ !pdfs=(modelObs_s = 0/1,nuisancePdf = 1)

[#0] WARNING:Minization -- RooMinimizerFcn: Minimized function has error status.
Returning maximum FCN so far (1170.16) to force MIGRAD to back out of this region. Error log follows
Parameter values: JER_ele=6.59476, JER_muon=1.32443, JES_ele=1.24338, JES_muon=-3.7377, QCD_stat_ele=-3.97367, QCD_stat_muon=-5.6691, VBS_stat_ele=1.98825, VBS_stat_muon=-2.8082, ele_efficiency=-6.24273, ele_trigger=2.826, fakephoton_ele=6.99058, fakephoton_muon=-6.29814, interference=-5.2665, lumi=-0.780115, mu_efficiency=4.43322, mu_trigger=6.17848, non_prompt_stat_ele=3.395, non_prompt_stat_muon=6.31505, others_stat_ele=-5.14469, others_stat_muon=6.21403, others_xs=-6.99883, param=0.164434, pdf_ele=-2.48877, pdf_muon=-6.50111, photon_id=4.92138, pileup=-6.49858, scale_ele=-0.353748, scale_muon=6.67358
RooProdPdf::model_s[ modelObs_s * nuisancePdf ]
     getLogVal() top-level p.d.f evaluates to zero @ !pdfs=(modelObs_s = 0/1,nuisancePdf = 1)

[#0] WARNING:Minization -- RooMinimizerFcn: Minimized function has error status.
Returning maximum FCN so far (631.896) to force MIGRAD to back out of this region. Error log follows
Parameter values: JER_ele=-6.96057, JER_muon=-6.6993, JES_ele=6.53819, JES_muon=-1.73793, QCD_stat_ele=-3.58969, QCD_stat_muon=6.94247, VBS_stat_ele=-4.58981, VBS_stat_muon=1.15019, ele_efficiency=6.99868, ele_trigger=-5.62994, fakephoton_ele=6.88857, fakephoton_muon=-6.46602, interference=-6.88099, lumi=5.49579, mu_efficiency=5.29788, mu_trigger=1.18071, non_prompt_stat_ele=6.33169, non_prompt_stat_muon=-6.83045, others_stat_ele=5.06236, others_stat_muon=-6.25141, others_xs=-3.51157, param=0.0234843, pdf_ele=-0.976137, pdf_muon=6.43779, photon_id=6.94173, pileup=5.7703, scale_ele=-2.35525, scale_muon=-6.99973
RooProdPdf::model_s[ modelObs_s * nuisancePdf ]
     getLogVal() top-level p.d.f evaluates to zero @ !pdfs=(modelObs_s = 0/1,nuisancePdf = 1)

[#0] WARNING:Minization -- RooMinimizerFcn: Minimized function has error status.
Returning maximum FCN so far (736.039) to force MIGRAD to back out of this region. Error log follows
Parameter values: JER_ele=5.42537, JER_muon=-6.49541, JES_ele=3.30681, JES_muon=5.1396, QCD_stat_ele=-6.93295, QCD_stat_muon=0.518217, VBS_stat_ele=-2.47088, VBS_stat_muon=6.4093, ele_efficiency=4.78474, ele_trigger=-1.60521, fakephoton_ele=6.97669, fakephoton_muon=6.72415, interference=-5.73284, lumi=5.45561, mu_efficiency=-5.04947, mu_trigger=4.03924, non_prompt_stat_ele=3.13508, non_prompt_stat_muon=6.48398, others_stat_ele=-6.85904, others_stat_muon=6.41786, others_xs=6.94173, param=0.173795, pdf_ele=6.99931, pdf_muon=-0.307499, photon_id=-2.58956, pileup=-4.57815, scale_ele=4.31163, scale_muon=-2.92563
RooProdPdf::model_s[ modelObs_s * nuisancePdf ]
     getLogVal() top-level p.d.f evaluates to zero @ !pdfs=(modelObs_s = 0/1,nuisancePdf = 1)

[#0] WARNING:Minization -- RooMinimizerFcn: Minimized function has error status.
Returning maximum FCN so far (736.039) to force MIGRAD to back out of this region. Error log follows
Parameter values: JER_ele=6.44505, JER_muon=6.66052, JES_ele=-3.68571, JES_muon=-6.70084, QCD_stat_ele=-4.93447, QCD_stat_muon=0.23204, VBS_stat_ele=5.27677, VBS_stat_muon=1.1582, ele_efficiency=5.3729, ele_trigger=0.671403, fakephoton_ele=5.50281, fakephoton_muon=-2.68365, interference=4.5037, lumi=-0.226839, mu_efficiency=6.94914, mu_trigger=0.912916, non_prompt_stat_ele=4.58575, non_prompt_stat_muon=-1.6474, others_stat_ele=6.05912, others_stat_muon=1.97955, others_xs=-2.76104, param=0.173448, pdf_ele=-2.73588, pdf_muon=-0.978704, photon_id=5.459, pileup=-0.535485, scale_ele=-4.18794, scale_muon=-0.191759
RooProdPdf::model_s[ modelObs_s * nuisancePdf ]
     getLogVal() top-level p.d.f evaluates to zero @ !pdfs=(modelObs_s = 0/1,nuisancePdf = 1)

[#0] WARNING:Minization -- RooMinimizerFcn: Minimized function has error status.
Returning maximum FCN so far (736.039) to force MIGRAD to back out of this region. Error log follows
Parameter values: JER_ele=-0.756443, JER_muon=-1.0449, JES_ele=5.43601, JES_muon=2.8612, QCD_stat_ele=1.07134, QCD_stat_muon=-6.73862, VBS_stat_ele=6.99209, VBS_stat_muon=6.67912, ele_efficiency=-6.4309, ele_trigger=5.2356, fakephoton_ele=3.14527, fakephoton_muon=2.47533, interference=5.82611, lumi=2.46243, mu_efficiency=-2.73501, mu_trigger=1.04363, non_prompt_stat_ele=4.8285, non_prompt_stat_muon=3.09102, others_stat_ele=6.9932, others_stat_muon=6.99501, others_xs=6.91563, param=0.173777, pdf_ele=6.18768, pdf_muon=-1.04473, photon_id=6.64081, pileup=4.48507, scale_ele=-3.59671, scale_muon=-0.0824812
RooProdPdf::model_s[ modelObs_s * nuisancePdf ]
     getLogVal() top-level p.d.f evaluates to zero @ !pdfs=(modelObs_s = 0/1,nuisancePdf = 1)

[#0] WARNING:Minization -- RooMinimizerFcn: Minimized function has error status.
Returning maximum FCN so far (736.039) to force MIGRAD to back out of this region. Error log follows
Parameter values: JER_ele=-5.45491, JER_muon=-1.98062, JES_ele=-6.51263, JES_muon=-1.85375, QCD_stat_ele=3.75116, QCD_stat_muon=-2.12256, VBS_stat_ele=-6.09818, VBS_stat_muon=-0.0492789, ele_efficiency=-3.28629, ele_trigger=-5.68305, fakephoton_ele=6.78462, fakephoton_muon=-0.371549, interference=1.19846, lumi=-4.28004, mu_efficiency=-0.769996, mu_trigger=-1.73705, non_prompt_stat_ele=4.01114, non_prompt_stat_muon=-1.04605, others_stat_ele=-6.97986, others_stat_muon=-0.0809011, others_xs=-4.34658, param=0.173767, pdf_ele=-6.99303, pdf_muon=-0.740678, photon_id=-6.91235, pileup=0.241428, scale_ele=4.23582, scale_muon=-4.69045
RooProdPdf::model_s[ modelObs_s * nuisancePdf ]
     getLogVal() top-level p.d.f evaluates to zero @ !pdfs=(modelObs_s = 0/1,nuisancePdf = 1)

[#0] WARNING:Minization -- RooMinimizerFcn: Minimized function has error status.
Returning maximum FCN so far (736.039) to force MIGRAD to back out of this region. Error log follows
Parameter values: JER_ele=-5.37904, JER_muon=5.22289, JES_ele=-6.3425, JES_muon=2.2389, QCD_stat_ele=-0.876761, QCD_stat_muon=4.24777, VBS_stat_ele=-0.654475, VBS_stat_muon=-4.61098, ele_efficiency=-6.41649, ele_trigger=-4.00254, fakephoton_ele=5.94861, fakephoton_muon=3.55662, interference=3.29852, lumi=3.62024, mu_efficiency=-0.23468, mu_trigger=3.28694, non_prompt_stat_ele=3.46352, non_prompt_stat_muon=6.50317, others_stat_ele=-3.45238, others_stat_muon=2.70128, others_xs=6.02703, param=0.173859, pdf_ele=-6.46736, pdf_muon=3.97832, photon_id=-0.472514, pileup=1.74626, scale_ele=-4.30027, scale_muon=-2.95522
RooProdPdf::model_s[ modelObs_s * nuisancePdf ]
     getLogVal() top-level p.d.f evaluates to zero @ !pdfs=(modelObs_s = 0/1,nuisancePdf = 1)

[#0] WARNING:Minization -- RooMinimizerFcn: Minimized function has error status.
Returning maximum FCN so far (932.882) to force MIGRAD to back out of this region. Error log follows
Parameter values: JER_ele=3.98384, JER_muon=3.47084, JES_ele=4.27018, JES_muon=-6.5112, QCD_stat_ele=0.960604, QCD_stat_muon=2.17137, VBS_stat_ele=5.99707, VBS_stat_muon=5.39403, ele_efficiency=0.919614, ele_trigger=5.09409, fakephoton_ele=6.99263, fakephoton_muon=0.983314, interference=3.10917, lumi=-6.94343, mu_efficiency=0.430172, mu_trigger=6.57334, non_prompt_stat_ele=4.05126, non_prompt_stat_muon=1.34163, others_stat_ele=6.93985, others_stat_muon=4.81343, others_xs=4.67671, param=0.148657, pdf_ele=5.47908, pdf_muon=6.9223, photon_id=-4.25743, pileup=-0.43848, scale_ele=-5.66265, scale_muon=6.23045
RooProdPdf::model_s[ modelObs_s * nuisancePdf ]
     getLogVal() top-level p.d.f evaluates to zero @ !pdfs=(modelObs_s = 0/1,nuisancePdf = 1)

[#0] WARNING:Minization -- RooMinimizerFcn: Minimized function has error status.
Returning maximum FCN so far (932.882) to force MIGRAD to back out of this region. Error log follows
Parameter values: JER_ele=5.93573, JER_muon=5.72952, JES_ele=6.00226, JES_muon=-3.27424, QCD_stat_ele=-6.96778, QCD_stat_muon=-4.53202, VBS_stat_ele=6.87279, VBS_stat_muon=-6.95891, ele_efficiency=-5.80114, ele_trigger=2.70852, fakephoton_ele=6.93116, fakephoton_muon=1.17604, interference=7, lumi=5.50633, mu_efficiency=6.95364, mu_trigger=-6.24075, non_prompt_stat_ele=5.7764, non_prompt_stat_muon=6.99828, others_stat_ele=5.45788, others_stat_muon=6.33716, others_xs=-1.68876, param=0.14822, pdf_ele=1.72836, pdf_muon=-6.83801, photon_id=2.66931, pileup=-1.11928, scale_ele=5.35099, scale_muon=2.10208
RooProdPdf::model_s[ modelObs_s * nuisancePdf ]
     getLogVal() top-level p.d.f evaluates to zero @ !pdfs=(modelObs_s = 0/1,nuisancePdf = 1)

[#0] WARNING:Minization -- RooMinimizerFcn: Minimized function has error status.
Returning maximum FCN so far (932.882) to force MIGRAD to back out of this region. Error log follows
Parameter values: JER_ele=2.12506, JER_muon=0.622114, JES_ele=2.15181, JES_muon=0.0724969, QCD_stat_ele=3.66264, QCD_stat_muon=1.97267, VBS_stat_ele=2.0758, VBS_stat_muon=1.47812, ele_efficiency=-0.385287, ele_trigger=2.02532, fakephoton_ele=4.16316, fakephoton_muon=-0.473425, interference=0.0214738, lumi=-0.509209, mu_efficiency=-1.07271, mu_trigger=0.346909, non_prompt_stat_ele=6.89084, non_prompt_stat_muon=0.954705, others_stat_ele=1.91034, others_stat_muon=1.11326, others_xs=2.1357, param=0.148695, pdf_ele=2.0154, pdf_muon=1.61685, photon_id=3.73399, pileup=-0.907174, scale_ele=5.21724, scale_muon=1.86557
RooProdPdf::model_s[ modelObs_s * nuisancePdf ]
     getLogVal() top-level p.d.f evaluates to zero @ !pdfs=(modelObs_s = 0/1,nuisancePdf = 1)

[#0] WARNING:Minization -- RooMinimizerFcn: Minimized function has error status.
Returning maximum FCN so far (932.882) to force MIGRAD to back out of this region. Error log follows
Parameter values: JER_ele=4.49812, JER_muon=3.19517, JES_ele=5.18209, JES_muon=-5.79341, QCD_stat_ele=-0.510139, QCD_stat_muon=6.15821, VBS_stat_ele=6.1342, VBS_stat_muon=5.14535, ele_efficiency=0.948045, ele_trigger=5.55096, fakephoton_ele=1.47743, fakephoton_muon=1.13729, interference=2.7618, lumi=2.00687, mu_efficiency=0.175462, mu_trigger=5.90053, non_prompt_stat_ele=6.8593, non_prompt_stat_muon=3.10435, others_stat_ele=6.91101, others_stat_muon=4.68154, others_xs=5.53707, param=0.148953, pdf_ele=6.48924, pdf_muon=6.79954, photon_id=-0.533194, pileup=-0.463434, scale_ele=-6.99752, scale_muon=6.76551
RooProdPdf::model_s[ modelObs_s * nuisancePdf ]
     getLogVal() top-level p.d.f evaluates to zero @ !pdfs=(modelObs_s = 0/1,nuisancePdf = 1)

[#0] WARNING:Minization -- RooMinimizerFcn: Minimized function has error status.
Returning maximum FCN so far (932.882) to force MIGRAD to back out of this region. Error log follows
Parameter values: JER_ele=2.60241, JER_muon=0.692133, JES_ele=2.94552, JES_muon=0.366979, QCD_stat_ele=5.32076, QCD_stat_muon=3.12245, VBS_stat_ele=2.78483, VBS_stat_muon=1.52497, ele_efficiency=-0.238821, ele_trigger=2.64308, fakephoton_ele=6.33574, fakephoton_muon=-0.34416, interference=0.14915, lumi=-4.81851, mu_efficiency=-1.0563, mu_trigger=0.356186, non_prompt_stat_ele=6.67075, non_prompt_stat_muon=1.47, others_stat_ele=2.88913, others_stat_muon=1.33866, others_xs=2.8258, param=0.148943, pdf_ele=2.63146, pdf_muon=1.56072, photon_id=4.18992, pileup=-0.87272, scale_ele=6.04115, scale_muon=2.82656
RooProdPdf::model_s[ modelObs_s * nuisancePdf ]
     getLogVal() top-level p.d.f evaluates to zero @ !pdfs=(modelObs_s = 0/1,nuisancePdf = 1)

[#0] WARNING:Minization -- RooMinimizerFcn: Minimized function has error status.
Returning maximum FCN so far (37.5893) to force MIGRAD to back out of this region. Error log follows
Parameter values: JER_ele=-4.30773, JER_muon=-6.24528, JES_ele=5.97857, JES_muon=-0.075406, QCD_stat_ele=6.07252, QCD_stat_muon=2.33906, VBS_stat_ele=1.66757, VBS_stat_muon=-1.80179, ele_efficiency=-6.86578, ele_trigger=-0.220985, fakephoton_ele=6.67772, fakephoton_muon=6.28422, interference=-0.167171, lumi=-1.07802, mu_efficiency=-2.16075, mu_trigger=2.97904, non_prompt_stat_ele=3.51798, non_prompt_stat_muon=-2.9254, others_stat_ele=1.85164, others_stat_muon=6.26803, others_xs=4.21702, param=0.00573024, pdf_ele=-6.99092, pdf_muon=-2.55967, photon_id=-2.1499, pileup=1.38287, scale_ele=-2.74068, scale_muon=-6.23532
RooProdPdf::model_s[ modelObs_s * nuisancePdf ]
     getLogVal() top-level p.d.f evaluates to zero @ !pdfs=(modelObs_s = 0/1,nuisancePdf = 1)

[#0] WARNING:Minization -- RooMinimizerFcn: Minimized function has error status.
Returning maximum FCN so far (37.5893) to force MIGRAD to back out of this region. Error log follows
Parameter values: JER_ele=6.06793, JER_muon=-6.45865, JES_ele=5.60249, JES_muon=1.00837, QCD_stat_ele=1.13827, QCD_stat_muon=0.305687, VBS_stat_ele=-5.2001, VBS_stat_muon=-2.95019, ele_efficiency=5.98847, ele_trigger=5.35477, fakephoton_ele=6.54038, fakephoton_muon=-3.352, interference=5.73582, lumi=-6.48131, mu_efficiency=6.86314, mu_trigger=1.224, non_prompt_stat_ele=3.06077, non_prompt_stat_muon=5.34261, others_stat_ele=4.41447, others_stat_muon=2.67244, others_xs=6.97209, param=0.154777, pdf_ele=6.96397, pdf_muon=-6.99472, photon_id=-1.6695, pileup=-6.10848, scale_ele=0.311799, scale_muon=-3.47043
RooProdPdf::model_s[ modelObs_s * nuisancePdf ]
     getLogVal() top-level p.d.f evaluates to zero @ !pdfs=(modelObs_s = 0/1,nuisancePdf = 1)

[#0] WARNING:Minization -- RooMinimizerFcn: Minimized function has error status.
Returning maximum FCN so far (949.311) to force MIGRAD to back out of this region. Error log follows
Parameter values: JER_ele=5.86852, JER_muon=4.06284, JES_ele=-6.82842, JES_muon=-4.61789, QCD_stat_ele=6.17619, QCD_stat_muon=-3.78397, VBS_stat_ele=-5.74341, VBS_stat_muon=-6.29375, ele_efficiency=2.85081, ele_trigger=-1.02913, fakephoton_ele=2.61104, fakephoton_muon=-6.7569, interference=6.92666, lumi=1.83547, mu_efficiency=-5.74554, mu_trigger=1.3915, non_prompt_stat_ele=5.66915, non_prompt_stat_muon=6.79666, others_stat_ele=6.51904, others_stat_muon=6.88298, others_xs=4.35286, param=0.029883, pdf_ele=-0.228371, pdf_muon=4.88933, photon_id=2.37873, pileup=-6.76116, scale_ele=-6.9935, scale_muon=5.66691
RooProdPdf::model_s[ modelObs_s * nuisancePdf ]
     getLogVal() top-level p.d.f evaluates to zero @ !pdfs=(modelObs_s = 0/1,nuisancePdf = 1)

[#0] WARNING:Minization -- RooMinimizerFcn: Minimized function has error status.
Returning maximum FCN so far (339.451) to force MIGRAD to back out of this region. Error log follows
Parameter values: JER_ele=-1.37335, JER_muon=-5.82222, JES_ele=-6.38132, JES_muon=5.90898, QCD_stat_ele=6.99271, QCD_stat_muon=-2.63698, VBS_stat_ele=-4.58376, VBS_stat_muon=6.82262, ele_efficiency=6.99966, ele_trigger=-6.96271, fakephoton_ele=1.21362, fakephoton_muon=-6.16211, interference=-0.276302, lumi=0.255531, mu_efficiency=5.0881, mu_trigger=-1.57709, non_prompt_stat_ele=6.99999, non_prompt_stat_muon=-4.58928, others_stat_ele=-2.61173, others_stat_muon=6.14684, others_xs=6.67664, param=0.0483581, pdf_ele=6.82154, pdf_muon=6.99834, photon_id=6.41813, pileup=-3.642, scale_ele=3.48142, scale_muon=0.296518
RooProdPdf::model_s[ modelObs_s * nuisancePdf ]
     getLogVal() top-level p.d.f evaluates to zero @ !pdfs=(modelObs_s = 0/1,nuisancePdf = 1)

[#0] WARNING:Minization -- RooMinimizerFcn: Minimized function has error status.
Returning maximum FCN so far (977.74) to force MIGRAD to back out of this region. Error log follows
Parameter values: JER_ele=-5.51409, JER_muon=-0.621428, JES_ele=7, JES_muon=6.85024, QCD_stat_ele=6.19397, QCD_stat_muon=2.37439, VBS_stat_ele=2.26641, VBS_stat_muon=6.86538, ele_efficiency=-6.89329, ele_trigger=-3.86565, fakephoton_ele=1.21867, fakephoton_muon=-0.971326, interference=-5.79215, lumi=1.38112, mu_efficiency=4.30032, mu_trigger=6.16039, non_prompt_stat_ele=6.56184, non_prompt_stat_muon=5.46706, others_stat_ele=4.2637, others_stat_muon=3.85808, others_xs=-6.99582, param=0.152417, pdf_ele=6.23154, pdf_muon=1.9948, photon_id=-2.58085, pileup=-6.13352, scale_ele=6.90701, scale_muon=-1.14815
RooProdPdf::model_s[ modelObs_s * nuisancePdf ]
     getLogVal() top-level p.d.f evaluates to zero @ !pdfs=(modelObs_s = 0/1,nuisancePdf = 1)

[#0] WARNING:Minization -- RooMinimizerFcn: Minimized function has error status.
Returning maximum FCN so far (977.74) to force MIGRAD to back out of this region. Error log follows
Parameter values: JER_ele=-6.86688, JER_muon=6.95347, JES_ele=-4.69569, JES_muon=1.48848, QCD_stat_ele=5.64248, QCD_stat_muon=-1.24393, VBS_stat_ele=6.97998, VBS_stat_muon=-6.67362, ele_efficiency=6.96221, ele_trigger=6.3358, fakephoton_ele=6.01493, fakephoton_muon=6.30408, interference=4.76164, lumi=2.1044, mu_efficiency=-1.52855, mu_trigger=6.47124, non_prompt_stat_ele=5.16185, non_prompt_stat_muon=-1.89678, others_stat_ele=-3.32349, others_stat_muon=-2.53137, others_xs=-6.82938, param=0.142934, pdf_ele=4.99004, pdf_muon=6.19707, photon_id=3.61272, pileup=-2.33039, scale_ele=-1.60358, scale_muon=-5.98865
RooProdPdf::model_s[ modelObs_s * nuisancePdf ]
     getLogVal() top-level p.d.f evaluates to zero @ !pdfs=(modelObs_s = 0/1,nuisancePdf = 1)

[#0] WARNING:Minization -- RooMinimizerFcn: Minimized function has error status.
Returning maximum FCN so far (1072.32) to force MIGRAD to back out of this region. Error log follows
Parameter values: JER_ele=6.61245, JER_muon=4.39435, JES_ele=5.33065, JES_muon=6.29783, QCD_stat_ele=-6.07931, QCD_stat_muon=6.99994, VBS_stat_ele=6.59833, VBS_stat_muon=-6.95998, ele_efficiency=1.22797, ele_trigger=6.97441, fakephoton_ele=3.66582, fakephoton_muon=6.86279, interference=4.85735, lumi=6.72194, mu_efficiency=5.00757, mu_trigger=3.72371, non_prompt_stat_ele=-6.91936, non_prompt_stat_muon=6.68584, others_stat_ele=6.98588, others_stat_muon=-5.65207, others_xs=0.326792, param=0.141441, pdf_ele=6.94947, pdf_muon=-4.18522, photon_id=-2.52009, pileup=-0.638308, scale_ele=-4.51944, scale_muon=6.742
RooProdPdf::model_s[ modelObs_s * nuisancePdf ]
     getLogVal() top-level p.d.f evaluates to zero @ !pdfs=(modelObs_s = 0/1,nuisancePdf = 1)


 -- Hybrid New -- 
CLs = 1.02119 +/- 0.0239329
Done in 10.78 min (cpu), 10.83 min (real)
