 <<< Combine >>> 
>>> including systematics
>>> using the Profile Likelihood test statistics modified for upper limits (Q_LHC)
>>> method used is HybridNew
>>> Used OpenSSL to get a really random seed 1104798021
Computing results starting from observation (a-posteriori)
[#0] WARNING:Minization -- RooMinimizerFcn: Minimized function has error status.
Returning maximum FCN so far (557.089) to force MIGRAD to back out of this region. Error log follows
Parameter values: JER_ele=-6.5048, JER_muon=-6.77982, JES_ele=-3.46002, JES_muon=-6.53584, QCD_stat_ele=5.27516, QCD_stat_muon=6.29825, VBS_stat_ele=-3.19116, VBS_stat_muon=-6.8666, ele_efficiency=-1.09191, ele_trigger=-6.81723, fakephoton_ele=5.30981, fakephoton_muon=-5.17831, interference=-1.51422, lumi=-6.17017, mu_efficiency=-2.19891, mu_trigger=-6.98776, non_prompt_stat_ele=6.1853, non_prompt_stat_muon=-6.23098, others_stat_ele=-4.60355, others_stat_muon=-6.9996, others_xs=-6.099, param=1.02719, pdf_ele=3.68488, pdf_muon=-1.89283, photon_id=6.66211, pileup=-1.71673, scale_ele=-6.9965, scale_muon=3.71117
RooProdPdf::model_s[ modelObs_s * nuisancePdf ]
     getLogVal() top-level p.d.f evaluates to zero @ !pdfs=(modelObs_s = 0/1,nuisancePdf = 1)

[#0] WARNING:Minization -- RooMinimizerFcn: Minimized function has error status.
Returning maximum FCN so far (557.089) to force MIGRAD to back out of this region. Error log follows
Parameter values: JER_ele=5.69597, JER_muon=6.91816, JES_ele=6.95305, JES_muon=4.23847, QCD_stat_ele=3.77943, QCD_stat_muon=6.79138, VBS_stat_ele=6.54138, VBS_stat_muon=5.38131, ele_efficiency=3.10278, ele_trigger=6.60712, fakephoton_ele=4.75023, fakephoton_muon=2.21426, interference=6.99768, lumi=6.95381, mu_efficiency=3.52624, mu_trigger=6.468, non_prompt_stat_ele=2.23069, non_prompt_stat_muon=6.73196, others_stat_ele=6.05821, others_stat_muon=5.31823, others_xs=6.98423, param=0.662747, pdf_ele=6.76002, pdf_muon=-1.18013, photon_id=-6.99982, pileup=0.817795, scale_ele=-6.99883, scale_muon=3.76765
RooProdPdf::model_s[ modelObs_s * nuisancePdf ]
     getLogVal() top-level p.d.f evaluates to zero @ !pdfs=(modelObs_s = 0/1,nuisancePdf = 1)

[#0] WARNING:Minization -- RooMinimizerFcn: Minimized function has error status.
Returning maximum FCN so far (557.089) to force MIGRAD to back out of this region. Error log follows
Parameter values: JER_ele=2.22899, JER_muon=6.99996, JES_ele=2.76348, JES_muon=3.24579, QCD_stat_ele=3.27338, QCD_stat_muon=6.06508, VBS_stat_ele=4.84805, VBS_stat_muon=4.80524, ele_efficiency=1.48787, ele_trigger=2.7175, fakephoton_ele=3.9554, fakephoton_muon=2.76184, interference=6.89124, lumi=6.26616, mu_efficiency=3.69486, mu_trigger=6.02774, non_prompt_stat_ele=4.08628, non_prompt_stat_muon=6.8521, others_stat_ele=1.23963, others_stat_muon=4.5866, others_xs=6.78328, param=0.790136, pdf_ele=3.18952, pdf_muon=-3.04451, photon_id=-3.63874, pileup=0.642182, scale_ele=6.86419, scale_muon=6.1349
RooProdPdf::model_s[ modelObs_s * nuisancePdf ]
     getLogVal() top-level p.d.f evaluates to zero @ !pdfs=(modelObs_s = 0/1,nuisancePdf = 1)

[#0] WARNING:Minization -- RooMinimizerFcn: Minimized function has error status.
Returning maximum FCN so far (786.043) to force MIGRAD to back out of this region. Error log follows
Parameter values: JER_ele=2.72122, JER_muon=-4.1227, JES_ele=3.5169, JES_muon=0.803748, QCD_stat_ele=4.61311, QCD_stat_muon=2.97133, VBS_stat_ele=5.81396, VBS_stat_muon=-5.3671, ele_efficiency=1.63753, ele_trigger=3.32376, fakephoton_ele=4.60143, fakephoton_muon=6.67891, interference=2.14509, lumi=3.72189, mu_efficiency=6.72309, mu_trigger=-6.67959, non_prompt_stat_ele=4.79025, non_prompt_stat_muon=-2.35448, others_stat_ele=2.12907, others_stat_muon=-2.90508, others_xs=-0.233079, param=0.789512, pdf_ele=4.23517, pdf_muon=5.053, photon_id=6.63439, pileup=1.69074, scale_ele=6.90695, scale_muon=-5.91821
RooProdPdf::model_s[ modelObs_s * nuisancePdf ]
     getLogVal() top-level p.d.f evaluates to zero @ !pdfs=(modelObs_s = 0/1,nuisancePdf = 1)

[#0] WARNING:Minization -- RooMinimizerFcn: Minimized function has error status.
Returning maximum FCN so far (786.043) to force MIGRAD to back out of this region. Error log follows
Parameter values: JER_ele=3.13442, JER_muon=-6.51352, JES_ele=4.31015, JES_muon=5.43168, QCD_stat_ele=5.78384, QCD_stat_muon=6.96454, VBS_stat_ele=6.17753, VBS_stat_muon=4.02988, ele_efficiency=1.75273, ele_trigger=3.90928, fakephoton_ele=5.58526, fakephoton_muon=6.92723, interference=-2.96229, lumi=-1.71266, mu_efficiency=6.93362, mu_trigger=2.77933, non_prompt_stat_ele=5.85233, non_prompt_stat_muon=-6.92376, others_stat_ele=2.93377, others_stat_muon=6.94249, others_xs=-6.13714, param=0.183451, pdf_ele=5.16039, pdf_muon=-5.91375, photon_id=-6.90252, pileup=2.30491, scale_ele=5.78037, scale_muon=-6.59474
RooProdPdf::model_s[ modelObs_s * nuisancePdf ]
     getLogVal() top-level p.d.f evaluates to zero @ !pdfs=(modelObs_s = 0/1,nuisancePdf = 1)

[#0] WARNING:Minization -- RooMinimizerFcn: Minimized function has error status.
Returning maximum FCN so far (864.079) to force MIGRAD to back out of this region. Error log follows
Parameter values: JER_ele=2.3882, JER_muon=-6.61943, JES_ele=5.02903, JES_muon=-1.58302, QCD_stat_ele=6.87931, QCD_stat_muon=1.63333, VBS_stat_ele=-3.2333, VBS_stat_muon=-6.99939, ele_efficiency=1.76643, ele_trigger=3.95301, fakephoton_ele=6.55639, fakephoton_muon=6.18899, interference=-1.16718, lumi=-1.54485, mu_efficiency=6.74336, mu_trigger=5.65519, non_prompt_stat_ele=6.8083, non_prompt_stat_muon=-5.33462, others_stat_ele=4.12656, others_stat_muon=3.08611, others_xs=-6.77867, param=0.215239, pdf_ele=4.66451, pdf_muon=-3.15609, photon_id=-5.6076, pileup=2.48231, scale_ele=2.51281, scale_muon=5.66889
RooProdPdf::model_s[ modelObs_s * nuisancePdf ]
     getLogVal() top-level p.d.f evaluates to zero @ !pdfs=(modelObs_s = 0/1,nuisancePdf = 1)

[#0] WARNING:Minization -- RooMinimizerFcn: Minimized function has error status.
Returning maximum FCN so far (970.112) to force MIGRAD to back out of this region. Error log follows
Parameter values: JER_ele=2.99548, JER_muon=6.50454, JES_ele=6.2048, JES_muon=6.97912, QCD_stat_ele=6.88657, QCD_stat_muon=-6.62127, VBS_stat_ele=-2.73855, VBS_stat_muon=-4.39689, ele_efficiency=-1.80087, ele_trigger=1.86398, fakephoton_ele=5.51512, fakephoton_muon=0.710101, interference=2.60822, lumi=-0.463385, mu_efficiency=3.66824, mu_trigger=5.17897, non_prompt_stat_ele=5.03152, non_prompt_stat_muon=5.29507, others_stat_ele=6.89184, others_stat_muon=6.68953, others_xs=6.90644, param=0.284329, pdf_ele=6.96201, pdf_muon=5.64891, photon_id=3.50866, pileup=3.26108, scale_ele=-1.91979, scale_muon=-4.83736
RooProdPdf::model_s[ modelObs_s * nuisancePdf ]
     getLogVal() top-level p.d.f evaluates to zero @ !pdfs=(modelObs_s = 0/1,nuisancePdf = 1)

[#0] WARNING:Minization -- RooMinimizerFcn: Minimized function has error status.
Returning maximum FCN so far (970.112) to force MIGRAD to back out of this region. Error log follows
Parameter values: JER_ele=2.41808, JER_muon=5.13047, JES_ele=3.52791, JES_muon=-6.38712, QCD_stat_ele=6.97841, QCD_stat_muon=-6.46139, VBS_stat_ele=6.20972, VBS_stat_muon=-6.66655, ele_efficiency=1.61249, ele_trigger=3.72635, fakephoton_ele=4.53087, fakephoton_muon=5.2628, interference=5.8661, lumi=5.77097, mu_efficiency=4.86875, mu_trigger=-2.02628, non_prompt_stat_ele=6.31193, non_prompt_stat_muon=-5.46068, others_stat_ele=2.37134, others_stat_muon=-0.0335826, others_xs=6.42285, param=0.916088, pdf_ele=4.49886, pdf_muon=-2.85489, photon_id=-3.73604, pileup=0.552522, scale_ele=6.95176, scale_muon=-4.70231
RooProdPdf::model_s[ modelObs_s * nuisancePdf ]
     getLogVal() top-level p.d.f evaluates to zero @ !pdfs=(modelObs_s = 0/1,nuisancePdf = 1)

[#0] WARNING:Minization -- RooMinimizerFcn: Minimized function has error status.
Returning maximum FCN so far (970.112) to force MIGRAD to back out of this region. Error log follows
Parameter values: JER_ele=3.18704, JER_muon=2.15286, JES_ele=4.61515, JES_muon=-6.09658, QCD_stat_ele=5.49054, QCD_stat_muon=6.61124, VBS_stat_ele=6.74573, VBS_stat_muon=-6.20959, ele_efficiency=1.87531, ele_trigger=4.58666, fakephoton_ele=5.8288, fakephoton_muon=2.39352, interference=3.66103, lumi=3.62226, mu_efficiency=5.68891, mu_trigger=-5.93589, non_prompt_stat_ele=6.98074, non_prompt_stat_muon=2.13522, others_stat_ele=3.4813, others_stat_muon=-4.59251, others_xs=4.44979, param=0.765236, pdf_ele=5.73194, pdf_muon=5.19139, photon_id=4.68519, pileup=0.849855, scale_ele=6.37354, scale_muon=6.71597
RooProdPdf::model_s[ modelObs_s * nuisancePdf ]
     getLogVal() top-level p.d.f evaluates to zero @ !pdfs=(modelObs_s = 0/1,nuisancePdf = 1)

[#0] WARNING:Minization -- RooMinimizerFcn: Minimized function has error status.
Returning maximum FCN so far (970.112) to force MIGRAD to back out of this region. Error log follows
Parameter values: JER_ele=2.60746, JER_muon=5.34276, JES_ele=3.80016, JES_muon=-6.19532, QCD_stat_ele=6.80414, QCD_stat_muon=-6.87649, VBS_stat_ele=6.33478, VBS_stat_muon=-6.365, ele_efficiency=1.67342, ele_trigger=3.93798, fakephoton_ele=4.84074, fakephoton_muon=5.36752, interference=5.9788, lumi=5.82505, mu_efficiency=4.79968, mu_trigger=-1.65371, non_prompt_stat_ele=6.52626, non_prompt_stat_muon=-5.69798, others_stat_ele=2.62067, others_stat_muon=0.348929, others_xs=6.45418, param=0.995883, pdf_ele=4.82436, pdf_muon=-3.45252, photon_id=-3.88637, pileup=0.5464, scale_ele=6.99959, scale_muon=-5.50358
RooProdPdf::model_s[ modelObs_s * nuisancePdf ]
     getLogVal() top-level p.d.f evaluates to zero @ !pdfs=(modelObs_s = 0/1,nuisancePdf = 1)

[#0] WARNING:Minization -- RooMinimizerFcn: Minimized function has error status.
Returning maximum FCN so far (970.112) to force MIGRAD to back out of this region. Error log follows
Parameter values: JER_ele=2.55781, JER_muon=5.7683, JES_ele=3.74293, JES_muon=-5.55966, QCD_stat_ele=6.83685, QCD_stat_muon=-6.78193, VBS_stat_ele=6.25962, VBS_stat_muon=-5.72856, ele_efficiency=1.66861, ele_trigger=3.89696, fakephoton_ele=4.77982, fakephoton_muon=5.73058, interference=6.26607, lumi=6.08833, mu_efficiency=4.62228, mu_trigger=-0.73641, non_prompt_stat_ele=6.49252, non_prompt_stat_muon=-6.40867, others_stat_ele=2.54995, others_stat_muon=1.28808, others_xs=6.64642, param=0.860194, pdf_ele=4.74313, pdf_muon=-4.76348, photon_id=-5.00913, pileup=0.48819, scale_ele=6.9991, scale_muon=-6.84267
RooProdPdf::model_s[ modelObs_s * nuisancePdf ]
     getLogVal() top-level p.d.f evaluates to zero @ !pdfs=(modelObs_s = 0/1,nuisancePdf = 1)

[#0] WARNING:Minization -- RooMinimizerFcn: Minimized function has error status.
Returning maximum FCN so far (970.112) to force MIGRAD to back out of this region. Error log follows
Parameter values: JER_ele=2.53997, JER_muon=5.9826, JES_ele=3.71292, JES_muon=-5.09851, QCD_stat_ele=6.8633, QCD_stat_muon=-5.95876, VBS_stat_ele=6.24591, VBS_stat_muon=-5.33478, ele_efficiency=1.65298, ele_trigger=3.86663, fakephoton_ele=4.73561, fakephoton_muon=5.95638, interference=6.39723, lumi=6.22492, mu_efficiency=4.52118, mu_trigger=-0.179297, non_prompt_stat_ele=6.45815, non_prompt_stat_muon=-6.73941, others_stat_ele=2.52164, others_stat_muon=1.78842, others_xs=6.73427, param=0.881699, pdf_ele=4.71306, pdf_muon=-5.43293, photon_id=-5.57816, pileup=0.467523, scale_ele=6.99653, scale_muon=-6.97713
RooProdPdf::model_s[ modelObs_s * nuisancePdf ]
     getLogVal() top-level p.d.f evaluates to zero @ !pdfs=(modelObs_s = 0/1,nuisancePdf = 1)

[#0] WARNING:Minization -- RooMinimizerFcn: Minimized function has error status.
Returning maximum FCN so far (970.112) to force MIGRAD to back out of this region. Error log follows
Parameter values: JER_ele=2.44531, JER_muon=6.29771, JES_ele=3.59377, JES_muon=-4.26957, QCD_stat_ele=6.93259, QCD_stat_muon=-3.87414, VBS_stat_ele=6.114, VBS_stat_muon=-4.44212, ele_efficiency=1.61774, ele_trigger=3.76195, fakephoton_ele=4.58662, fakephoton_muon=6.24841, interference=6.61093, lumi=6.44853, mu_efficiency=4.35232, mu_trigger=0.710837, non_prompt_stat_ele=6.34861, non_prompt_stat_muon=-6.98342, others_stat_ele=2.40744, others_stat_muon=2.58083, others_xs=6.85661, param=0.817342, pdf_ele=4.55948, pdf_muon=-6.28077, photon_id=-6.34981, pileup=0.42358, scale_ele=6.97281, scale_muon=-6.04896
RooProdPdf::model_s[ modelObs_s * nuisancePdf ]
     getLogVal() top-level p.d.f evaluates to zero @ !pdfs=(modelObs_s = 0/1,nuisancePdf = 1)

[#0] WARNING:Minization -- RooMinimizerFcn: Minimized function has error status.
Returning maximum FCN so far (970.112) to force MIGRAD to back out of this region. Error log follows
Parameter values: JER_ele=2.66445, JER_muon=5.74275, JES_ele=3.91426, JES_muon=-5.6961, QCD_stat_ele=6.68867, QCD_stat_muon=-6.7771, VBS_stat_ele=6.30312, VBS_stat_muon=-5.57006, ele_efficiency=1.69319, ele_trigger=4.01436, fakephoton_ele=4.99415, fakephoton_muon=5.71269, interference=6.22788, lumi=6.03524, mu_efficiency=4.65257, mu_trigger=-0.860963, non_prompt_stat_ele=6.62918, non_prompt_stat_muon=-6.37778, others_stat_ele=2.72929, others_stat_muon=1.04743, others_xs=6.57202, param=0.853464, pdf_ele=4.9372, pdf_muon=-4.64024, photon_id=-4.71173, pileup=0.514337, scale_ele=6.98473, scale_muon=-6.73358
RooProdPdf::model_s[ modelObs_s * nuisancePdf ]
     getLogVal() top-level p.d.f evaluates to zero @ !pdfs=(modelObs_s = 0/1,nuisancePdf = 1)

[#0] WARNING:Minization -- RooMinimizerFcn: Minimized function has error status.
Returning maximum FCN so far (970.112) to force MIGRAD to back out of this region. Error log follows
Parameter values: JER_ele=2.21495, JER_muon=6.77841, JES_ele=3.27225, JES_muon=-2.15295, QCD_stat_ele=6.99952, QCD_stat_muon=2.09675, VBS_stat_ele=5.82901, VBS_stat_muon=-2.2811, ele_efficiency=1.55358, ele_trigger=3.51278, fakephoton_ele=4.1527, fakephoton_muon=6.70807, interference=6.90788, lumi=6.79535, mu_efficiency=3.96776, mu_trigger=2.53733, non_prompt_stat_ele=6.00505, non_prompt_stat_muon=-6.55212, others_stat_ele=2.07436, others_stat_muon=4.21275, others_xs=6.99618, param=0.831792, pdf_ele=4.14559, pdf_muon=-6.99914, photon_id=-6.99715, pileup=0.306449, scale_ele=6.80595, scale_muon=-0.727229
RooProdPdf::model_s[ modelObs_s * nuisancePdf ]
     getLogVal() top-level p.d.f evaluates to zero @ !pdfs=(modelObs_s = 0/1,nuisancePdf = 1)

[#0] WARNING:Minization -- RooMinimizerFcn: Minimized function has error status.
Returning maximum FCN so far (970.112) to force MIGRAD to back out of this region. Error log follows
Parameter values: JER_ele=3.91024, JER_muon=-0.44288, JES_ele=5.57908, JES_muon=-2.16293, QCD_stat_ele=2.32182, QCD_stat_muon=2.20541, VBS_stat_ele=6.9614, VBS_stat_muon=-4.56554, ele_efficiency=2.03555, ele_trigger=5.28981, fakephoton_ele=6.71868, fakephoton_muon=0.118263, interference=1.48207, lumi=1.59817, mu_efficiency=6.22306, mu_trigger=-6.99879, non_prompt_stat_ele=6.64884, non_prompt_stat_muon=6.28549, others_stat_ele=4.60472, others_stat_muon=-6.78478, others_xs=1.84138, param=0.0172752, pdf_ele=6.61431, pdf_muon=6.86666, photon_id=6.86008, pileup=1.18894, scale_ele=3.82977, scale_muon=-4.24473
RooProdPdf::model_s[ modelObs_s * nuisancePdf ]
     getLogVal() top-level p.d.f evaluates to zero @ !pdfs=(modelObs_s = 0/1,nuisancePdf = 1)

[#0] WARNING:Minization -- RooMinimizerFcn: Minimized function has error status.
Returning maximum FCN so far (970.112) to force MIGRAD to back out of this region. Error log follows
Parameter values: JER_ele=4.46361, JER_muon=-1.59465, JES_ele=6.26646, JES_muon=0.209532, QCD_stat_ele=-1.03665, QCD_stat_muon=-2.37748, VBS_stat_ele=6.98716, VBS_stat_muon=-4.65058, ele_efficiency=2.09737, ele_trigger=5.77302, fakephoton_ele=6.99979, fakephoton_muon=-0.751139, interference=0.614185, lumi=0.787683, mu_efficiency=6.44648, mu_trigger=-6.85263, non_prompt_stat_ele=5.41353, non_prompt_stat_muon=6.93571, others_stat_ele=5.55604, others_stat_muon=-6.98722, others_xs=0.109697, param=0.166402, pdf_ele=6.96948, pdf_muon=5.80652, photon_id=5.14029, pileup=1.47292, scale_ele=0.382223, scale_muon=-6.9991
RooProdPdf::model_s[ modelObs_s * nuisancePdf ]
     getLogVal() top-level p.d.f evaluates to zero @ !pdfs=(modelObs_s = 0/1,nuisancePdf = 1)

[#0] WARNING:Minization -- RooMinimizerFcn: Minimized function has error status.
Returning maximum FCN so far (970.112) to force MIGRAD to back out of this region. Error log follows
Parameter values: JER_ele=0.218995, JER_muon=1.76593, JES_ele=0.38514, JES_muon=4.52693, QCD_stat_ele=2.03448, QCD_stat_muon=6.72886, VBS_stat_ele=1.9241, VBS_stat_muon=5.02638, ele_efficiency=0.912059, ele_trigger=1.15849, fakephoton_ele=-0.0910727, fakephoton_muon=2.85614, interference=2.48151, lumi=3.64827, mu_efficiency=0.471775, mu_trigger=4.09432, non_prompt_stat_ele=1.05481, non_prompt_stat_muon=5.44738, others_stat_ele=-0.5981, others_stat_muon=3.13314, others_xs=2.09131, param=0.798695, pdf_ele=0.0619606, pdf_muon=5.43622, photon_id=5.7106, pileup=-0.537212, scale_ele=0.885622, scale_muon=6.68259
RooProdPdf::model_s[ modelObs_s * nuisancePdf ]
     getLogVal() top-level p.d.f evaluates to zero @ !pdfs=(modelObs_s = 0/1,nuisancePdf = 1)

[#0] WARNING:Minization -- RooMinimizerFcn: Minimized function has error status.
Returning maximum FCN so far (970.112) to force MIGRAD to back out of this region. Error log follows
Parameter values: JER_ele=4.15741, JER_muon=-0.408013, JES_ele=5.86565, JES_muon=-1.95818, QCD_stat_ele=0.458724, QCD_stat_muon=1.20475, VBS_stat_ele=6.9859, VBS_stat_muon=-5.30764, ele_efficiency=2.13649, ele_trigger=5.54596, fakephoton_ele=6.89959, fakephoton_muon=-0.182589, interference=1.51149, lumi=1.52872, mu_efficiency=6.22779, mu_trigger=-6.99977, non_prompt_stat_ele=6.19746, non_prompt_stat_muon=6.55999, others_stat_ele=4.86816, others_stat_muon=-6.76422, others_xs=1.69857, param=1.2812, pdf_ele=6.80881, pdf_muon=6.83639, photon_id=6.67966, pileup=1.20545, scale_ele=2.58337, scale_muon=-4.76215
RooProdPdf::model_s[ modelObs_s * nuisancePdf ]
     getLogVal() top-level p.d.f evaluates to zero @ !pdfs=(modelObs_s = 0/1,nuisancePdf = 1)

[#0] WARNING:Minization -- RooMinimizerFcn: Minimized function has error status.
Returning maximum FCN so far (970.112) to force MIGRAD to back out of this region. Error log follows
Parameter values: JER_ele=0.173285, JER_muon=1.61834, JES_ele=0.283706, JES_muon=4.29496, QCD_stat_ele=1.83936, QCD_stat_muon=6.85972, VBS_stat_ele=1.95323, VBS_stat_muon=4.97555, ele_efficiency=0.915893, ele_trigger=1.11047, fakephoton_ele=-0.249172, fakephoton_muon=2.77268, interference=2.38028, lumi=3.56916, mu_efficiency=0.404941, mu_trigger=3.92928, non_prompt_stat_ele=0.872713, non_prompt_stat_muon=5.29369, others_stat_ele=-0.726505, others_stat_muon=2.86436, others_xs=1.88945, param=0.844813, pdf_ele=-0.0563585, pdf_muon=5.21073, photon_id=5.46584, pileup=-0.570377, scale_ele=0.59832, scale_muon=6.87444
RooProdPdf::model_s[ modelObs_s * nuisancePdf ]
     getLogVal() top-level p.d.f evaluates to zero @ !pdfs=(modelObs_s = 0/1,nuisancePdf = 1)

[#0] WARNING:Minization -- RooMinimizerFcn: Minimized function has error status.
Returning maximum FCN so far (970.112) to force MIGRAD to back out of this region. Error log follows
Parameter values: JER_ele=1.87211, JER_muon=6.8666, JES_ele=3.42001, JES_muon=2.69553, QCD_stat_ele=6.70037, QCD_stat_muon=0.207737, VBS_stat_ele=2.77733, VBS_stat_muon=6.73705, ele_efficiency=0.768094, ele_trigger=2.70632, fakephoton_ele=4.38144, fakephoton_muon=6.66383, interference=6.598, lumi=6.62059, mu_efficiency=3.42255, mu_trigger=6.11842, non_prompt_stat_ele=5.67583, non_prompt_stat_muon=0.989776, others_stat_ele=3.12637, others_stat_muon=5.60244, others_xs=6.96279, param=1.5748, pdf_ele=4.03486, pdf_muon=-2.40152, photon_id=-3.34649, pileup=0.760131, scale_ele=6.88945, scale_muon=5.96367
RooProdPdf::model_s[ modelObs_s * nuisancePdf ]
     getLogVal() top-level p.d.f evaluates to zero @ !pdfs=(modelObs_s = 0/1,nuisancePdf = 1)

[#0] WARNING:Minization -- RooMinimizerFcn: Minimized function has error status.
Returning maximum FCN so far (970.112) to force MIGRAD to back out of this region. Error log follows
Parameter values: JER_ele=0.874297, JER_muon=5.29605, JES_ele=2.20625, JES_muon=6.86874, QCD_stat_ele=3.12556, QCD_stat_muon=-1.77219, VBS_stat_ele=-0.465371, VBS_stat_muon=4.01785, ele_efficiency=-0.0207115, ele_trigger=1.09083, fakephoton_ele=2.72199, fakephoton_muon=3.9576, interference=4.407, lumi=4.07325, mu_efficiency=2.44709, mu_trigger=6.6315, non_prompt_stat_ele=3.12987, non_prompt_stat_muon=6.97365, others_stat_ele=2.67244, others_stat_muon=6.99624, others_xs=6.06334, param=0.0684413, pdf_ele=2.33242, pdf_muon=6.01416, photon_id=5.7395, pileup=0.869711, scale_ele=5.34052, scale_muon=-6.992
RooProdPdf::model_s[ modelObs_s * nuisancePdf ]
     getLogVal() top-level p.d.f evaluates to zero @ !pdfs=(modelObs_s = 0/1,nuisancePdf = 1)

[#0] WARNING:Minization -- RooMinimizerFcn: Minimized function has error status.
Returning maximum FCN so far (970.112) to force MIGRAD to back out of this region. Error log follows
Parameter values: JER_ele=2.72375, JER_muon=2.49377, JES_ele=5.68664, JES_muon=-5.70084, QCD_stat_ele=6.97342, QCD_stat_muon=-6.98772, VBS_stat_ele=-2.25503, VBS_stat_muon=6.67251, ele_efficiency=-0.893971, ele_trigger=2.41611, fakephoton_ele=6.79483, fakephoton_muon=6.32605, interference=6.32045, lumi=6.99876, mu_efficiency=6.39087, mu_trigger=-3.67918, non_prompt_stat_ele=6.8765, non_prompt_stat_muon=-6.51566, others_stat_ele=6.73198, others_stat_muon=-6.99179, others_xs=0.466101, param=0.977409, pdf_ele=6.33892, pdf_muon=1.88354, photon_id=1.82599, pileup=3.25403, scale_ele=3.53306, scale_muon=6.83725
RooProdPdf::model_s[ modelObs_s * nuisancePdf ]
     getLogVal() top-level p.d.f evaluates to zero @ !pdfs=(modelObs_s = 0/1,nuisancePdf = 1)

[#0] WARNING:Minization -- RooMinimizerFcn: Minimized function has error status.
Returning maximum FCN so far (970.112) to force MIGRAD to back out of this region. Error log follows
Parameter values: JER_ele=0.240148, JER_muon=2.53183, JES_ele=0.52583, JES_muon=5.28152, QCD_stat_ele=1.54501, QCD_stat_muon=5.99887, VBS_stat_ele=0.968014, VBS_stat_muon=3.92249, ele_efficiency=0.524897, ele_trigger=0.810169, fakephoton_ele=0.10815, fakephoton_muon=3.03088, interference=2.60274, lumi=3.14883, mu_efficiency=0.880367, mu_trigger=4.41966, non_prompt_stat_ele=0.731196, non_prompt_stat_muon=5.91665, others_stat_ele=-0.0186985, others_stat_muon=4.20512, others_xs=2.73165, param=0.00303485, pdf_ele=0.300758, pdf_muon=6.11889, photon_id=6.15905, pileup=-0.141535, scale_ele=1.34155, scale_muon=5.08374
RooProdPdf::model_s[ modelObs_s * nuisancePdf ]
     getLogVal() top-level p.d.f evaluates to zero @ !pdfs=(modelObs_s = 0/1,nuisancePdf = 1)

[#0] WARNING:Minization -- RooMinimizerFcn: Minimized function has error status.
Returning maximum FCN so far (970.112) to force MIGRAD to back out of this region. Error log follows
Parameter values: JER_ele=0.294126, JER_muon=2.61362, JES_ele=0.481849, JES_muon=5.59014, QCD_stat_ele=2.24469, QCD_stat_muon=4.30224, VBS_stat_ele=2.15154, VBS_stat_muon=5.73141, ele_efficiency=0.91016, ele_trigger=1.21952, fakephoton_ele=0.0578392, fakephoton_muon=3.58515, interference=3.12846, lumi=4.09338, mu_efficiency=0.781271, mu_trigger=4.97531, non_prompt_stat_ele=1.2213, non_prompt_stat_muon=6.46864, others_stat_ele=-0.498135, others_stat_muon=3.98424, others_xs=2.63635, param=0.0108731, pdf_ele=0.240584, pdf_muon=6.52974, photon_id=6.58895, pileup=-0.453312, scale_ele=1.15129, scale_muon=4.02862
RooProdPdf::model_s[ modelObs_s * nuisancePdf ]
     getLogVal() top-level p.d.f evaluates to zero @ !pdfs=(modelObs_s = 0/1,nuisancePdf = 1)

[#0] WARNING:Minization -- RooMinimizerFcn: Minimized function has error status.
Returning maximum FCN so far (970.112) to force MIGRAD to back out of this region. Error log follows
Parameter values: JER_ele=0.43086, JER_muon=3.2776, JES_ele=0.717182, JES_muon=6.37275, QCD_stat_ele=2.97926, QCD_stat_muon=0.600455, VBS_stat_ele=2.38141, VBS_stat_muon=6.29432, ele_efficiency=1.00983, ele_trigger=1.45306, fakephoton_ele=0.389081, fakephoton_muon=4.27298, interference=3.71826, lumi=4.67072, mu_efficiency=1.03706, mu_trigger=5.73594, non_prompt_stat_ele=1.72262, non_prompt_stat_muon=6.95515, others_stat_ele=-0.326926, others_stat_muon=4.84712, others_xs=3.2969, param=0.016204, pdf_ele=0.519941, pdf_muon=6.97497, photon_id=6.98981, pileup=-0.435653, scale_ele=1.81814, scale_muon=-0.00560689
RooProdPdf::model_s[ modelObs_s * nuisancePdf ]
     getLogVal() top-level p.d.f evaluates to zero @ !pdfs=(modelObs_s = 0/1,nuisancePdf = 1)

[#0] WARNING:Minization -- RooMinimizerFcn: Minimized function has error status.
Returning maximum FCN so far (970.112) to force MIGRAD to back out of this region. Error log follows
Parameter values: JER_ele=0.653852, JER_muon=4.32553, JES_ele=1.0939, JES_muon=6.9625, QCD_stat_ele=3.87068, QCD_stat_muon=-4.75188, VBS_stat_ele=2.64086, VBS_stat_muon=6.80268, ele_efficiency=1.03171, ele_trigger=1.68957, fakephoton_ele=0.977521, fakephoton_muon=5.11064, interference=4.52194, lumi=5.2625, mu_efficiency=1.48869, mu_trigger=6.5239, non_prompt_stat_ele=2.42488, non_prompt_stat_muon=6.72217, others_stat_ele=0.0751751, others_stat_muon=5.93153, others_xs=4.22916, param=0.0532645, pdf_ele=1.04616, pdf_muon=6.58615, photon_id=6.5294, pileup=-0.290191, scale_ele=2.83311, scale_muon=-5.4901
RooProdPdf::model_s[ modelObs_s * nuisancePdf ]
     getLogVal() top-level p.d.f evaluates to zero @ !pdfs=(modelObs_s = 0/1,nuisancePdf = 1)

[#0] WARNING:Minization -- RooMinimizerFcn: Minimized function has error status.
Returning maximum FCN so far (970.112) to force MIGRAD to back out of this region. Error log follows
Parameter values: JER_ele=1.76953, JER_muon=6.99864, JES_ele=2.94647, JES_muon=0.151632, QCD_stat_ele=6.85248, QCD_stat_muon=6.75265, VBS_stat_ele=3.92446, VBS_stat_muon=4.55476, ele_efficiency=1.27891, ele_trigger=2.98502, fakephoton_ele=3.73042, fakephoton_muon=6.97563, interference=6.92945, lumi=6.98341, mu_efficiency=3.58379, mu_trigger=4.54559, non_prompt_stat_ele=5.4812, non_prompt_stat_muon=-4.70249, others_stat_ele=1.97552, others_stat_muon=5.36656, others_xs=6.95733, param=0.596609, pdf_ele=3.50349, pdf_muon=-5.71074, photon_id=-5.76353, pileup=0.330178, scale_ele=6.53481, scale_muon=4.94866
RooProdPdf::model_s[ modelObs_s * nuisancePdf ]
     getLogVal() top-level p.d.f evaluates to zero @ !pdfs=(modelObs_s = 0/1,nuisancePdf = 1)

[#0] WARNING:Minization -- RooMinimizerFcn: Minimized function has error status.
Returning maximum FCN so far (970.112) to force MIGRAD to back out of this region. Error log follows
Parameter values: JER_ele=1.56904, JER_muon=0.157175, JES_ele=2.77169, JES_muon=1.88387, QCD_stat_ele=6.57063, QCD_stat_muon=-3.51544, VBS_stat_ele=2.89474, VBS_stat_muon=2.10083, ele_efficiency=0.874943, ele_trigger=2.45761, fakephoton_ele=3.7741, fakephoton_muon=0.379956, interference=1.68095, lumi=3.15446, mu_efficiency=0.1673, mu_trigger=1.69895, non_prompt_stat_ele=5.51557, non_prompt_stat_muon=0.431769, others_stat_ele=2.13354, others_stat_muon=3.01493, others_xs=3.10208, param=0.123658, pdf_ele=3.25244, pdf_muon=1.07776, photon_id=4.80507, pileup=-0.123895, scale_ele=6.31212, scale_muon=0.216936
RooProdPdf::model_s[ modelObs_s * nuisancePdf ]
     getLogVal() top-level p.d.f evaluates to zero @ !pdfs=(modelObs_s = 0/1,nuisancePdf = 1)


 -- Hybrid New -- 
CLs = 0.00260417 +/- 0.00260471
Done in 16.80 min (cpu), 17.64 min (real)
