 <<< Combine >>> 
>>> including systematics
>>> using the Profile Likelihood test statistics modified for upper limits (Q_LHC)
>>> method used is HybridNew
>>> Used OpenSSL to get a really random seed -605589524
Computing results starting from observation (a-posteriori)
[#0] WARNING:Minization -- RooMinimizerFcn: Minimized function has error status.
Returning maximum FCN so far (36.2978) to force MIGRAD to back out of this region. Error log follows
Parameter values: JER_ele=6.85286, JER_muon=-1.22568, JES_ele=4.9988, JES_muon=5.3242, QCD_stat_ele=1.23586, QCD_stat_muon=6.75483, VBS_stat_ele=6.76126, VBS_stat_muon=4.25918, ele_efficiency=-6.98037, ele_trigger=4.98857, fakephoton_ele=6.4564, fakephoton_muon=5.76424, interference=2.65825, lumi=6.94366, mu_efficiency=0.17985, mu_trigger=5.37346, non_prompt_stat_ele=6.13206, non_prompt_stat_muon=4.96127, others_stat_ele=-0.199415, others_stat_muon=4.08897, others_xs=-1.56699, param=0.0511403, pdf_ele=0.245957, pdf_muon=2.19765, photon_id=3.85472, pileup=-6.4723, scale_ele=-4.11584, scale_muon=1.61666
RooProdPdf::model_s[ modelObs_s * nuisancePdf ]
     getLogVal() top-level p.d.f evaluates to zero @ !pdfs=(modelObs_s = 0/1,nuisancePdf = 1)

[#0] WARNING:Minization -- RooMinimizerFcn: Minimized function has error status.
Returning maximum FCN so far (1061.14) to force MIGRAD to back out of this region. Error log follows
Parameter values: JER_ele=-6.56843, JER_muon=6.13531, JES_ele=0.357554, JES_muon=-6.73283, QCD_stat_ele=-4.32373, QCD_stat_muon=1.12574, VBS_stat_ele=6.98285, VBS_stat_muon=5.26891, ele_efficiency=4.83431, ele_trigger=-3.21431, fakephoton_ele=6.51694, fakephoton_muon=-3.71385, interference=5.75528, lumi=2.55754, mu_efficiency=-0.764131, mu_trigger=0.678496, non_prompt_stat_ele=6.45798, non_prompt_stat_muon=4.5468, others_stat_ele=-5.21098, others_stat_muon=-1.31992, others_xs=-0.749431, param=0.0996172, pdf_ele=2.46262, pdf_muon=1.17396, photon_id=2.21157, pileup=0.67379, scale_ele=0.396211, scale_muon=-0.203151
RooProdPdf::model_s[ modelObs_s * nuisancePdf ]
     getLogVal() top-level p.d.f evaluates to zero @ !pdfs=(modelObs_s = 0/1,nuisancePdf = 1)

[#0] WARNING:Minization -- RooMinimizerFcn: Minimized function has error status.
Returning maximum FCN so far (1061.14) to force MIGRAD to back out of this region. Error log follows
Parameter values: JER_ele=0.502528, JER_muon=-6.61688, JES_ele=-6.99959, JES_muon=-5.3628, QCD_stat_ele=2.6972, QCD_stat_muon=4.92302, VBS_stat_ele=-5.59465, VBS_stat_muon=4.03166, ele_efficiency=1.84457, ele_trigger=-4.89083, fakephoton_ele=-0.586849, fakephoton_muon=6.99543, interference=6.13902, lumi=6.22873, mu_efficiency=6.99317, mu_trigger=-6.99025, non_prompt_stat_ele=-6.89783, non_prompt_stat_muon=6.87947, others_stat_ele=1.7407, others_stat_muon=-6.05936, others_xs=-1.49822, param=0.116465, pdf_ele=5.00957, pdf_muon=1.59694, photon_id=-6.14986, pileup=-0.906835, scale_ele=6.31217, scale_muon=5.93134
RooProdPdf::model_s[ modelObs_s * nuisancePdf ]
     getLogVal() top-level p.d.f evaluates to zero @ !pdfs=(modelObs_s = 0/1,nuisancePdf = 1)

[#0] WARNING:Minization -- RooMinimizerFcn: Minimized function has error status.
Returning maximum FCN so far (1061.14) to force MIGRAD to back out of this region. Error log follows
Parameter values: JER_ele=-2.82838, JER_muon=-1.87886, JES_ele=-5.01264, JES_muon=-5.26012, QCD_stat_ele=6.65192, QCD_stat_muon=6.28328, VBS_stat_ele=2.13677, VBS_stat_muon=-3.96708, ele_efficiency=6.30166, ele_trigger=-5.47563, fakephoton_ele=6.98636, fakephoton_muon=-6.97223, interference=6.16565, lumi=-4.60581, mu_efficiency=6.97259, mu_trigger=-3.11226, non_prompt_stat_ele=6.99912, non_prompt_stat_muon=0.355811, others_stat_ele=-2.67661, others_stat_muon=0.627287, others_xs=-3.61338, param=0.0693868, pdf_ele=6.29623, pdf_muon=-4.31076, photon_id=-5.99693, pileup=-2.97022, scale_ele=-3.32649, scale_muon=-5.62418
RooProdPdf::model_s[ modelObs_s * nuisancePdf ]
     getLogVal() top-level p.d.f evaluates to zero @ !pdfs=(modelObs_s = 0/1,nuisancePdf = 1)

[#0] WARNING:Minization -- RooMinimizerFcn: Minimized function has error status.
Returning maximum FCN so far (920.287) to force MIGRAD to back out of this region. Error log follows
Parameter values: JER_ele=6.01558, JER_muon=4.76495, JES_ele=3.84004, JES_muon=-5.51955, QCD_stat_ele=-6.39761, QCD_stat_muon=-5.74934, VBS_stat_ele=6.18499, VBS_stat_muon=4.27176, ele_efficiency=-6.82864, ele_trigger=-2.19861, fakephoton_ele=6.12511, fakephoton_muon=5.70839, interference=6.85103, lumi=6.53775, mu_efficiency=2.78605, mu_trigger=4.99008, non_prompt_stat_ele=5.6003, non_prompt_stat_muon=6.70218, others_stat_ele=-2.06524, others_stat_muon=3.59139, others_xs=-6.88895, param=0.226179, pdf_ele=6.87706, pdf_muon=-6.99982, photon_id=-5.1189, pileup=-2.47064, scale_ele=-1.05269, scale_muon=0.347065
RooProdPdf::model_s[ modelObs_s * nuisancePdf ]
     getLogVal() top-level p.d.f evaluates to zero @ !pdfs=(modelObs_s = 0/1,nuisancePdf = 1)

[#0] WARNING:Minization -- RooMinimizerFcn: Minimized function has error status.
Returning maximum FCN so far (945.88) to force MIGRAD to back out of this region. Error log follows
Parameter values: JER_ele=2.42516, JER_muon=0.378471, JES_ele=4.58349, JES_muon=0.614643, QCD_stat_ele=4.5261, QCD_stat_muon=-5.02784, VBS_stat_ele=3.37105, VBS_stat_muon=1.10932, ele_efficiency=1.24981, ele_trigger=3.58017, fakephoton_ele=6.93402, fakephoton_muon=-0.795467, interference=6.44084, lumi=3.86271, mu_efficiency=6.52909, mu_trigger=-6.27233, non_prompt_stat_ele=6.50233, non_prompt_stat_muon=-4.52363, others_stat_ele=4.89545, others_stat_muon=6.93919, others_xs=-3.91267, param=0.220795, pdf_ele=5.41679, pdf_muon=6.35698, photon_id=6.0578, pileup=2.06723, scale_ele=4.14249, scale_muon=3.38475
RooProdPdf::model_s[ modelObs_s * nuisancePdf ]
     getLogVal() top-level p.d.f evaluates to zero @ !pdfs=(modelObs_s = 0/1,nuisancePdf = 1)

[#0] WARNING:Minization -- RooMinimizerFcn: Minimized function has error status.
Returning maximum FCN so far (945.88) to force MIGRAD to back out of this region. Error log follows
Parameter values: JER_ele=1.14587, JER_muon=6.5636, JES_ele=3.03321, JES_muon=-5.02195, QCD_stat_ele=6.98171, QCD_stat_muon=5.30899, VBS_stat_ele=1.94562, VBS_stat_muon=6.91378, ele_efficiency=1.19404, ele_trigger=2.23693, fakephoton_ele=5.71242, fakephoton_muon=-2.39378, interference=6.09862, lumi=6.78406, mu_efficiency=5.18355, mu_trigger=1.98926, non_prompt_stat_ele=4.83259, non_prompt_stat_muon=6.92947, others_stat_ele=2.50576, others_stat_muon=-6.91066, others_xs=2.43237, param=0.227139, pdf_ele=3.43827, pdf_muon=-6.8058, photon_id=-6.19479, pileup=1.63868, scale_ele=6.99982, scale_muon=0.876715
RooProdPdf::model_s[ modelObs_s * nuisancePdf ]
     getLogVal() top-level p.d.f evaluates to zero @ !pdfs=(modelObs_s = 0/1,nuisancePdf = 1)

[#0] WARNING:Minization -- RooMinimizerFcn: Minimized function has error status.
Returning maximum FCN so far (523.853) to force MIGRAD to back out of this region. Error log follows
Parameter values: JER_ele=0.956126, JER_muon=0.29505, JES_ele=2.72998, JES_muon=-0.63523, QCD_stat_ele=5.12072, QCD_stat_muon=-6.99369, VBS_stat_ele=0.506954, VBS_stat_muon=-2.75946, ele_efficiency=0.300255, ele_trigger=2.03401, fakephoton_ele=2.53172, fakephoton_muon=3.07275, interference=0.0264278, lumi=0.446382, mu_efficiency=-0.268092, mu_trigger=-0.905708, non_prompt_stat_ele=6.46028, non_prompt_stat_muon=1.10728, others_stat_ele=2.72846, others_stat_muon=-1.79972, others_xs=-1.41182, param=0.165499, pdf_ele=3.43536, pdf_muon=-0.179846, photon_id=1.72592, pileup=0.0458044, scale_ele=4.56393, scale_muon=-6.67602
RooProdPdf::model_s[ modelObs_s * nuisancePdf ]
     getLogVal() top-level p.d.f evaluates to zero @ !pdfs=(modelObs_s = 0/1,nuisancePdf = 1)

[#0] WARNING:Minization -- RooMinimizerFcn: Minimized function has error status.
Returning maximum FCN so far (34.8928) to force MIGRAD to back out of this region. Error log follows
Parameter values: JER_ele=-4.8388, JER_muon=-2.20038, JES_ele=4.59103, JES_muon=6.06668, QCD_stat_ele=4.74072, QCD_stat_muon=3.10197, VBS_stat_ele=-6.55264, VBS_stat_muon=5.01252, ele_efficiency=6.80789, ele_trigger=-6.84059, fakephoton_ele=5.05525, fakephoton_muon=-6.98552, interference=-6.11051, lumi=-2.27245, mu_efficiency=3.18929, mu_trigger=-0.195836, non_prompt_stat_ele=6.99664, non_prompt_stat_muon=3.5573, others_stat_ele=4.7508, others_stat_muon=5.90681, others_xs=-6.90699, param=0.288616, pdf_ele=-0.0721878, pdf_muon=5.8955, photon_id=6.85476, pileup=4.70099, scale_ele=2.77707, scale_muon=-5.82396
RooProdPdf::model_s[ modelObs_s * nuisancePdf ]
     getLogVal() top-level p.d.f evaluates to zero @ !pdfs=(modelObs_s = 0/1,nuisancePdf = 1)

[#0] WARNING:Minization -- RooMinimizerFcn: Minimized function has error status.
Returning maximum FCN so far (889.747) to force MIGRAD to back out of this region. Error log follows
Parameter values: JER_ele=3.08052, JER_muon=0.705758, JES_ele=2.20459, JES_muon=4.03326, QCD_stat_ele=6.17895, QCD_stat_muon=3.3298, VBS_stat_ele=2.6295, VBS_stat_muon=0.308339, ele_efficiency=4.05539, ele_trigger=6.13507, fakephoton_ele=6.67194, fakephoton_muon=4.53166, interference=0.0741781, lumi=0.788062, mu_efficiency=1.98665, mu_trigger=0.706666, non_prompt_stat_ele=6.12243, non_prompt_stat_muon=-3.31596, others_stat_ele=5.58074, others_stat_muon=2.49865, others_xs=0.992219, param=0.0699652, pdf_ele=5.17124, pdf_muon=-0.316837, photon_id=6.21585, pileup=-3.20883, scale_ele=6.93319, scale_muon=6.54188
RooProdPdf::model_s[ modelObs_s * nuisancePdf ]
     getLogVal() top-level p.d.f evaluates to zero @ !pdfs=(modelObs_s = 0/1,nuisancePdf = 1)

[#0] WARNING:Minization -- RooMinimizerFcn: Minimized function has error status.
Returning maximum FCN so far (889.747) to force MIGRAD to back out of this region. Error log follows
Parameter values: JER_ele=0.820474, JER_muon=-5.82703, JES_ele=-2.35343, JES_muon=0.84891, QCD_stat_ele=0.912774, QCD_stat_muon=-1.12863, VBS_stat_ele=2.79206, VBS_stat_muon=4.18201, ele_efficiency=3.39287, ele_trigger=5.15107, fakephoton_ele=6.83004, fakephoton_muon=-1.80946, interference=-2.58276, lumi=6.60112, mu_efficiency=-2.4758, mu_trigger=-6.90089, non_prompt_stat_ele=3.12667, non_prompt_stat_muon=5.62878, others_stat_ele=-1.58102, others_stat_muon=6.9655, others_xs=1.6608, param=0.0653142, pdf_ele=0.902857, pdf_muon=-5.70503, photon_id=-5.76181, pileup=-6.38325, scale_ele=5.26587, scale_muon=3.10977
RooProdPdf::model_s[ modelObs_s * nuisancePdf ]
     getLogVal() top-level p.d.f evaluates to zero @ !pdfs=(modelObs_s = 0/1,nuisancePdf = 1)

[#0] WARNING:Minization -- RooMinimizerFcn: Minimized function has error status.
Returning maximum FCN so far (474.525) to force MIGRAD to back out of this region. Error log follows
Parameter values: JER_ele=3.01942, JER_muon=2.90309, JES_ele=-0.413332, JES_muon=4.30097, QCD_stat_ele=6.5545, QCD_stat_muon=6.56113, VBS_stat_ele=-2.63788, VBS_stat_muon=5.26055, ele_efficiency=0.0170802, ele_trigger=-0.475303, fakephoton_ele=2.3213, fakephoton_muon=3.47791, interference=0.873039, lumi=1.01446, mu_efficiency=-0.0126164, mu_trigger=3.28903, non_prompt_stat_ele=3.26803, non_prompt_stat_muon=6.36298, others_stat_ele=6.85953, others_stat_muon=3.44714, others_xs=2.57681, param=0.0890229, pdf_ele=-2.45045, pdf_muon=4.08488, photon_id=3.18787, pileup=-0.239225, scale_ele=-3.74938, scale_muon=6.9987
RooProdPdf::model_s[ modelObs_s * nuisancePdf ]
     getLogVal() top-level p.d.f evaluates to zero @ !pdfs=(modelObs_s = 0/1,nuisancePdf = 1)

[#0] WARNING:Minization -- RooMinimizerFcn: Minimized function has error status.
Returning maximum FCN so far (717.087) to force MIGRAD to back out of this region. Error log follows
Parameter values: JER_ele=-2.76986, JER_muon=0.872546, JES_ele=6.69729, JES_muon=2.80815, QCD_stat_ele=-6.92821, QCD_stat_muon=-4.84948, VBS_stat_ele=-6.24578, VBS_stat_muon=-6.97617, ele_efficiency=-6.99965, ele_trigger=1.83293, fakephoton_ele=6.22907, fakephoton_muon=4.10729, interference=-5.82224, lumi=3.93792, mu_efficiency=-1.47289, mu_trigger=-0.200459, non_prompt_stat_ele=5.75433, non_prompt_stat_muon=6.46307, others_stat_ele=6.91716, others_stat_muon=0.879371, others_xs=-6.9259, param=0.0617191, pdf_ele=6.85347, pdf_muon=-6.61298, photon_id=-4.87949, pileup=-5.34726, scale_ele=5.47227, scale_muon=0.751596
RooProdPdf::model_s[ modelObs_s * nuisancePdf ]
     getLogVal() top-level p.d.f evaluates to zero @ !pdfs=(modelObs_s = 0/1,nuisancePdf = 1)

[#0] WARNING:Minization -- RooMinimizerFcn: Minimized function has error status.
Returning maximum FCN so far (39.3141) to force MIGRAD to back out of this region. Error log follows
Parameter values: JER_ele=1.88282, JER_muon=2.57385, JES_ele=4.64161, JES_muon=6.89599, QCD_stat_ele=6.90218, QCD_stat_muon=1.48741, VBS_stat_ele=3.6974, VBS_stat_muon=-6.21131, ele_efficiency=2.91884, ele_trigger=-5.09658, fakephoton_ele=6.96578, fakephoton_muon=6.67864, interference=4.43105, lumi=6.87708, mu_efficiency=-6.09641, mu_trigger=-1.44543, non_prompt_stat_ele=5.54784, non_prompt_stat_muon=2.95308, others_stat_ele=-2.9059, others_stat_muon=1.51486, others_xs=4.57147, param=0.0511508, pdf_ele=1.84223, pdf_muon=6.94641, photon_id=6.05633, pileup=5.88584, scale_ele=5.50448, scale_muon=3.13134
RooProdPdf::model_s[ modelObs_s * nuisancePdf ]
     getLogVal() top-level p.d.f evaluates to zero @ !pdfs=(modelObs_s = 0/1,nuisancePdf = 1)

[#0] WARNING:Minization -- RooMinimizerFcn: Minimized function has error status.
Returning maximum FCN so far (447.876) to force MIGRAD to back out of this region. Error log follows
Parameter values: JER_ele=-6.94294, JER_muon=6.97689, JES_ele=6.92885, JES_muon=-5.12785, QCD_stat_ele=-1.7097, QCD_stat_muon=6.70309, VBS_stat_ele=-4.77006, VBS_stat_muon=0.677138, ele_efficiency=-5.80295, ele_trigger=-4.19721, fakephoton_ele=1.51017, fakephoton_muon=3.06316, interference=0.371031, lumi=-2.56874, mu_efficiency=-6.99905, mu_trigger=5.84621, non_prompt_stat_ele=4.2835, non_prompt_stat_muon=6.99305, others_stat_ele=-2.79494, others_stat_muon=2.33593, others_xs=-4.79039, param=0.175906, pdf_ele=-6.96855, pdf_muon=-6.96662, photon_id=6.4681, pileup=5.74862, scale_ele=5.90964, scale_muon=6.8945
RooProdPdf::model_s[ modelObs_s * nuisancePdf ]
     getLogVal() top-level p.d.f evaluates to zero @ !pdfs=(modelObs_s = 0/1,nuisancePdf = 1)

[#0] WARNING:Minization -- RooMinimizerFcn: Minimized function has error status.
Returning maximum FCN so far (512.276) to force MIGRAD to back out of this region. Error log follows
Parameter values: JER_ele=-6.96939, JER_muon=-2.62983, JES_ele=-6.73516, JES_muon=0.314956, QCD_stat_ele=-6.30363, QCD_stat_muon=4.60343, VBS_stat_ele=6.38802, VBS_stat_muon=4.35769, ele_efficiency=-2.51888, ele_trigger=-4.68482, fakephoton_ele=5.85097, fakephoton_muon=-6.53374, interference=-4.63699, lumi=-6.89576, mu_efficiency=-5.25474, mu_trigger=6.99916, non_prompt_stat_ele=6.61196, non_prompt_stat_muon=-0.535805, others_stat_ele=-3.23413, others_stat_muon=-0.431525, others_xs=-6.99638, param=0.208252, pdf_ele=4.54058, pdf_muon=4.51638, photon_id=2.89251, pileup=-6.05067, scale_ele=2.117, scale_muon=-6.58394
RooProdPdf::model_s[ modelObs_s * nuisancePdf ]
     getLogVal() top-level p.d.f evaluates to zero @ !pdfs=(modelObs_s = 0/1,nuisancePdf = 1)

[#0] WARNING:Minization -- RooMinimizerFcn: Minimized function has error status.
Returning maximum FCN so far (766.423) to force MIGRAD to back out of this region. Error log follows
Parameter values: JER_ele=-3.03131, JER_muon=6.90431, JES_ele=5.37474, JES_muon=-2.65595, QCD_stat_ele=-2.81765, QCD_stat_muon=-4.1482, VBS_stat_ele=4.53322, VBS_stat_muon=-4.22177, ele_efficiency=3.62875, ele_trigger=-1.55349, fakephoton_ele=5.44199, fakephoton_muon=-6.4415, interference=3.72765, lumi=2.20193, mu_efficiency=1.48789, mu_trigger=-3.59956, non_prompt_stat_ele=5.14282, non_prompt_stat_muon=-6.77194, others_stat_ele=4.86775, others_stat_muon=6.97301, others_xs=3.48398, param=0.242405, pdf_ele=-6.95168, pdf_muon=-5.59558, photon_id=0.778459, pileup=1.8385, scale_ele=4.69464, scale_muon=-6.9969
RooProdPdf::model_s[ modelObs_s * nuisancePdf ]
     getLogVal() top-level p.d.f evaluates to zero @ !pdfs=(modelObs_s = 0/1,nuisancePdf = 1)

[#0] WARNING:Minization -- RooMinimizerFcn: Minimized function has error status.
Returning maximum FCN so far (766.423) to force MIGRAD to back out of this region. Error log follows
Parameter values: JER_ele=-0.73257, JER_muon=6.21292, JES_ele=-6.97005, JES_muon=3.3637, QCD_stat_ele=3.20078, QCD_stat_muon=-6.02017, VBS_stat_ele=6.53432, VBS_stat_muon=-6.90326, ele_efficiency=-5.41088, ele_trigger=-0.951696, fakephoton_ele=6.82917, fakephoton_muon=4.83979, interference=6.49335, lumi=4.21339, mu_efficiency=5.47537, mu_trigger=-4.6551, non_prompt_stat_ele=-0.0824464, non_prompt_stat_muon=6.97721, others_stat_ele=-6.69631, others_stat_muon=6.97797, others_xs=1.18097, param=0.220214, pdf_ele=5.34825, pdf_muon=4.35815, photon_id=5.44704, pileup=-2.90031, scale_ele=5.34136, scale_muon=-6.99849
RooProdPdf::model_s[ modelObs_s * nuisancePdf ]
     getLogVal() top-level p.d.f evaluates to zero @ !pdfs=(modelObs_s = 0/1,nuisancePdf = 1)

[#0] WARNING:Minization -- RooMinimizerFcn: Minimized function has error status.
Returning maximum FCN so far (766.423) to force MIGRAD to back out of this region. Error log follows
Parameter values: JER_ele=6.97779, JER_muon=4.06915, JES_ele=5.72965, JES_muon=-5.55156, QCD_stat_ele=6.99585, QCD_stat_muon=6.85893, VBS_stat_ele=-6.77527, VBS_stat_muon=-3.86598, ele_efficiency=5.89469, ele_trigger=6.98926, fakephoton_ele=6.29861, fakephoton_muon=-6.96229, interference=0.324981, lumi=6.95689, mu_efficiency=-4.33199, mu_trigger=-3.48771, non_prompt_stat_ele=6.89855, non_prompt_stat_muon=-0.45952, others_stat_ele=1.60706, others_stat_muon=4.80359, others_xs=-2.34958, param=0.128324, pdf_ele=-1.01735, pdf_muon=-2.08476, photon_id=-6.7346, pileup=-6.78157, scale_ele=1.00357, scale_muon=6.56534
RooProdPdf::model_s[ modelObs_s * nuisancePdf ]
     getLogVal() top-level p.d.f evaluates to zero @ !pdfs=(modelObs_s = 0/1,nuisancePdf = 1)

[#0] WARNING:Minization -- RooMinimizerFcn: Minimized function has error status.
Returning maximum FCN so far (911.032) to force MIGRAD to back out of this region. Error log follows
Parameter values: JER_ele=1.14505, JER_muon=1.0964, JES_ele=1.41072, JES_muon=2.03498, QCD_stat_ele=5.26813, QCD_stat_muon=4.47103, VBS_stat_ele=0.63491, VBS_stat_muon=1.87076, ele_efficiency=0.957556, ele_trigger=1.86501, fakephoton_ele=6.99286, fakephoton_muon=-0.154118, interference=2.18515, lumi=2.11736, mu_efficiency=0.123651, mu_trigger=4.00819, non_prompt_stat_ele=4.99949, non_prompt_stat_muon=-0.666088, others_stat_ele=-0.0283695, others_stat_muon=4.25246, others_xs=2.61081, param=0.21149, pdf_ele=3.1215, pdf_muon=4.73996, photon_id=5.83533, pileup=0.764704, scale_ele=5.70355, scale_muon=6.95443
RooProdPdf::model_s[ modelObs_s * nuisancePdf ]
     getLogVal() top-level p.d.f evaluates to zero @ !pdfs=(modelObs_s = 0/1,nuisancePdf = 1)

[#0] WARNING:Minization -- RooMinimizerFcn: Minimized function has error status.
Returning maximum FCN so far (643.565) to force MIGRAD to back out of this region. Error log follows
Parameter values: JER_ele=4.0753, JER_muon=1.89049, JES_ele=1.93205, JES_muon=0.688761, QCD_stat_ele=5.23127, QCD_stat_muon=2.07523, VBS_stat_ele=1.86413, VBS_stat_muon=-1.0443, ele_efficiency=2.73586, ele_trigger=1.13704, fakephoton_ele=2.59123, fakephoton_muon=-1.20746, interference=0.371027, lumi=0.317336, mu_efficiency=1.76285, mu_trigger=-0.0426179, non_prompt_stat_ele=5.84518, non_prompt_stat_muon=0.722949, others_stat_ele=6.84473, others_stat_muon=1.3687, others_xs=3.20557, param=0.0870494, pdf_ele=1.09112, pdf_muon=-0.983869, photon_id=2.54096, pileup=1.08415, scale_ele=3.60679, scale_muon=-1.24273
RooProdPdf::model_s[ modelObs_s * nuisancePdf ]
     getLogVal() top-level p.d.f evaluates to zero @ !pdfs=(modelObs_s = 0/1,nuisancePdf = 1)

[#0] WARNING:Minization -- RooMinimizerFcn: Minimized function has error status.
Returning maximum FCN so far (600.616) to force MIGRAD to back out of this region. Error log follows
Parameter values: JER_ele=6.97338, JER_muon=5.71534, JES_ele=-2.37302, JES_muon=-5.87808, QCD_stat_ele=3.00734, QCD_stat_muon=0.797576, VBS_stat_ele=6.21951, VBS_stat_muon=-2.76927, ele_efficiency=-0.859775, ele_trigger=-0.70069, fakephoton_ele=3.17039, fakephoton_muon=-3.82968, interference=-1.0431, lumi=1.10308, mu_efficiency=-0.975558, mu_trigger=-3.17157, non_prompt_stat_ele=6.37086, non_prompt_stat_muon=-6.60353, others_stat_ele=3.78981, others_stat_muon=6.03715, others_xs=2.05606, param=0.0888836, pdf_ele=-3.6302, pdf_muon=-6.55442, photon_id=-6.38559, pileup=1.57939, scale_ele=-5.69854, scale_muon=1.59479
RooProdPdf::model_s[ modelObs_s * nuisancePdf ]
     getLogVal() top-level p.d.f evaluates to zero @ !pdfs=(modelObs_s = 0/1,nuisancePdf = 1)

[#0] WARNING:Minization -- RooMinimizerFcn: Minimized function has error status.
Returning maximum FCN so far (600.616) to force MIGRAD to back out of this region. Error log follows
Parameter values: JER_ele=5.89881, JER_muon=3.25038, JES_ele=4.07182, JES_muon=0.406204, QCD_stat_ele=3.37522, QCD_stat_muon=6.03361, VBS_stat_ele=6.08432, VBS_stat_muon=-0.420037, ele_efficiency=0.300669, ele_trigger=3.71902, fakephoton_ele=6.09536, fakephoton_muon=-0.874901, interference=1.3608, lumi=2.9799, mu_efficiency=0.175892, mu_trigger=1.16946, non_prompt_stat_ele=6.26034, non_prompt_stat_muon=-1.24507, others_stat_ele=3.60571, others_stat_muon=5.18538, others_xs=2.68307, param=0.0885289, pdf_ele=5.03651, pdf_muon=1.15116, photon_id=5.12931, pileup=1.96539, scale_ele=6.8808, scale_muon=0.928944
RooProdPdf::model_s[ modelObs_s * nuisancePdf ]
     getLogVal() top-level p.d.f evaluates to zero @ !pdfs=(modelObs_s = 0/1,nuisancePdf = 1)


 -- Hybrid New -- 
CLs = 0.571759 +/- 0.0328841
Done in 9.72 min (cpu), 9.73 min (real)
