 <<< Combine >>> 
>>> including systematics
>>> using the Profile Likelihood test statistics modified for upper limits (Q_LHC)
>>> method used is HybridNew
>>> Used OpenSSL to get a really random seed -2096103291
Computing results starting from observation (a-posteriori)
[#0] WARNING:Minization -- RooMinimizerFcn: Minimized function has error status.
Returning maximum FCN so far (636.451) to force MIGRAD to back out of this region. Error log follows
Parameter values: JER_ele=-3.13525, JER_muon=-4.94425, JES_ele=-0.462912, JES_muon=-6.92792, QCD_stat_ele=-0.27808, QCD_stat_muon=5.64614, VBS_stat_ele=2.75539, VBS_stat_muon=4.88541, ele_efficiency=6.85159, ele_trigger=5.3788, fakephoton_ele=6.58018, fakephoton_muon=1.17806, interference=-5.61584, lumi=-6.15221, mu_efficiency=2.60254, mu_trigger=-6.43961, non_prompt_stat_ele=6.73057, non_prompt_stat_muon=-5.23716, others_stat_ele=-6.78597, others_stat_muon=-6.77212, others_xs=0.215834, param=0.00125436, pdf_ele=-1.3426, pdf_muon=-0.227323, photon_id=1.42967, pileup=-6.81027, scale_ele=-0.908025, scale_muon=6.88041
RooProdPdf::model_s[ modelObs_s * nuisancePdf ]
     getLogVal() top-level p.d.f evaluates to zero @ !pdfs=(modelObs_s = 0/1,nuisancePdf = 1)

[#0] WARNING:Minization -- RooMinimizerFcn: Minimized function has error status.
Returning maximum FCN so far (636.451) to force MIGRAD to back out of this region. Error log follows
Parameter values: JER_ele=6.66682, JER_muon=-0.569923, JES_ele=-1.61583, JES_muon=5.96286, QCD_stat_ele=4.20149, QCD_stat_muon=-3.75045, VBS_stat_ele=-2.83931, VBS_stat_muon=-0.335745, ele_efficiency=-1.53829, ele_trigger=-6.9776, fakephoton_ele=6.48052, fakephoton_muon=-5.66052, interference=-2.65046, lumi=-2.36374, mu_efficiency=6.99007, mu_trigger=0.153378, non_prompt_stat_ele=6.91859, non_prompt_stat_muon=6.15843, others_stat_ele=-3.5324, others_stat_muon=3.6234, others_xs=0.752989, param=0.0020757, pdf_ele=-3.62489, pdf_muon=-0.70599, photon_id=6.99971, pileup=-1.57138, scale_ele=-4.09153, scale_muon=4.83275
RooProdPdf::model_s[ modelObs_s * nuisancePdf ]
     getLogVal() top-level p.d.f evaluates to zero @ !pdfs=(modelObs_s = 0/1,nuisancePdf = 1)

[#0] WARNING:Minization -- RooMinimizerFcn: Minimized function has error status.
Returning maximum FCN so far (636.451) to force MIGRAD to back out of this region. Error log follows
Parameter values: JER_ele=-4.06802, JER_muon=2.04001, JES_ele=0.810633, JES_muon=-5.05946, QCD_stat_ele=1.79541, QCD_stat_muon=5.66435, VBS_stat_ele=4.13857, VBS_stat_muon=-2.01577, ele_efficiency=-0.144776, ele_trigger=-6.67859, fakephoton_ele=-6.98167, fakephoton_muon=6.03093, interference=-4.424, lumi=6.532, mu_efficiency=0.587129, mu_trigger=5.9585, non_prompt_stat_ele=4.5336, non_prompt_stat_muon=6.14395, others_stat_ele=-6.00562, others_stat_muon=5.7517, others_xs=-2.96389, param=0.00214196, pdf_ele=6.22724, pdf_muon=6.99984, photon_id=6.88666, pileup=-5.47752, scale_ele=4.96199, scale_muon=6.07871
RooProdPdf::model_s[ modelObs_s * nuisancePdf ]
     getLogVal() top-level p.d.f evaluates to zero @ !pdfs=(modelObs_s = 0/1,nuisancePdf = 1)

[#0] WARNING:Minization -- RooMinimizerFcn: Minimized function has error status.
Returning maximum FCN so far (428.007) to force MIGRAD to back out of this region. Error log follows
Parameter values: JER_ele=-3.73599, JER_muon=6.38329, JES_ele=-5.82867, JES_muon=2.92448, QCD_stat_ele=-6.85009, QCD_stat_muon=-5.5751, VBS_stat_ele=-6.6419, VBS_stat_muon=0.535782, ele_efficiency=6.02778, ele_trigger=-2.27283, fakephoton_ele=6.95862, fakephoton_muon=1.90918, interference=2.47961, lumi=-6.99133, mu_efficiency=-4.91502, mu_trigger=-4.77293, non_prompt_stat_ele=3.04807, non_prompt_stat_muon=-4.77971, others_stat_ele=-5.33941, others_stat_muon=-6.36157, others_xs=-6.17232, param=0.0109347, pdf_ele=6.96608, pdf_muon=2.05347, photon_id=-5.55047, pileup=-4.66212, scale_ele=6.99967, scale_muon=-4.52793
RooProdPdf::model_s[ modelObs_s * nuisancePdf ]
     getLogVal() top-level p.d.f evaluates to zero @ !pdfs=(modelObs_s = 0/1,nuisancePdf = 1)

[#0] WARNING:Minization -- RooMinimizerFcn: Minimized function has error status.
Returning maximum FCN so far (428.007) to force MIGRAD to back out of this region. Error log follows
Parameter values: JER_ele=-3.31881, JER_muon=-2.93286, JES_ele=6.76984, JES_muon=5.34222, QCD_stat_ele=6.82955, QCD_stat_muon=6.35601, VBS_stat_ele=-3.00041, VBS_stat_muon=6.65146, ele_efficiency=-6.97666, ele_trigger=-6.2803, fakephoton_ele=5.74029, fakephoton_muon=-2.74833, interference=-0.822524, lumi=3.55338, mu_efficiency=5.50298, mu_trigger=-4.45166, non_prompt_stat_ele=6.24312, non_prompt_stat_muon=-6.98235, others_stat_ele=-0.376449, others_stat_muon=4.78548, others_xs=6.01309, param=0.00178753, pdf_ele=5.63634, pdf_muon=3.9343, photon_id=4.91592, pileup=3.48302, scale_ele=0.541428, scale_muon=4.19517
RooProdPdf::model_s[ modelObs_s * nuisancePdf ]
     getLogVal() top-level p.d.f evaluates to zero @ !pdfs=(modelObs_s = 0/1,nuisancePdf = 1)

[#0] WARNING:Minization -- RooMinimizerFcn: Minimized function has error status.
Returning maximum FCN so far (966.304) to force MIGRAD to back out of this region. Error log follows
Parameter values: JER_ele=3.80368, JER_muon=4.66974, JES_ele=6.81586, JES_muon=6.53208, QCD_stat_ele=-6.99959, QCD_stat_muon=6.87511, VBS_stat_ele=5.52907, VBS_stat_muon=5.59569, ele_efficiency=0.740565, ele_trigger=6.04731, fakephoton_ele=6.78579, fakephoton_muon=1.92449, interference=3.41915, lumi=5.21317, mu_efficiency=2.63317, mu_trigger=5.13614, non_prompt_stat_ele=0.435638, non_prompt_stat_muon=6.11796, others_stat_ele=6.64235, others_stat_muon=6.80553, others_xs=6.40008, param=0.000849847, pdf_ele=6.44615, pdf_muon=6.99527, photon_id=2.08618, pileup=-0.0834735, scale_ele=-6.93043, scale_muon=6.9909
RooProdPdf::model_s[ modelObs_s * nuisancePdf ]
     getLogVal() top-level p.d.f evaluates to zero @ !pdfs=(modelObs_s = 0/1,nuisancePdf = 1)

[#0] WARNING:Minization -- RooMinimizerFcn: Minimized function has error status.
Returning maximum FCN so far (966.304) to force MIGRAD to back out of this region. Error log follows
Parameter values: JER_ele=-0.109768, JER_muon=2.06821, JES_ele=0.239288, JES_muon=-5.29475, QCD_stat_ele=-2.83822, QCD_stat_muon=6.06448, VBS_stat_ele=5.75754, VBS_stat_muon=-1.54188, ele_efficiency=-6.97621, ele_trigger=-4.74108, fakephoton_ele=3.89825, fakephoton_muon=-5.71703, interference=-6.76598, lumi=-3.9656, mu_efficiency=6.20493, mu_trigger=-5.97061, non_prompt_stat_ele=6.73582, non_prompt_stat_muon=1.60999, others_stat_ele=2.20642, others_stat_muon=-6.96583, others_xs=-1.35641, param=0.000844511, pdf_ele=6.40071, pdf_muon=-3.59698, photon_id=6.99946, pileup=-4.75811, scale_ele=-6.17825, scale_muon=-5.55672
RooProdPdf::model_s[ modelObs_s * nuisancePdf ]
     getLogVal() top-level p.d.f evaluates to zero @ !pdfs=(modelObs_s = 0/1,nuisancePdf = 1)

[#0] WARNING:Minization -- RooMinimizerFcn: Minimized function has error status.
Returning maximum FCN so far (719.089) to force MIGRAD to back out of this region. Error log follows
Parameter values: JER_ele=0.375624, JER_muon=2.17642, JES_ele=-2.67054, JES_muon=6.75665, QCD_stat_ele=2.67563, QCD_stat_muon=5.49052, VBS_stat_ele=-0.747465, VBS_stat_muon=5.17172, ele_efficiency=-0.714558, ele_trigger=-1.52672, fakephoton_ele=4.87968, fakephoton_muon=1.41549, interference=4.93808, lumi=4.20492, mu_efficiency=1.16613, mu_trigger=5.63519, non_prompt_stat_ele=3.49176, non_prompt_stat_muon=3.46911, others_stat_ele=-1.203, others_stat_muon=6.55483, others_xs=4.21942, param=0.00605727, pdf_ele=-0.720793, pdf_muon=5.84782, photon_id=3.21434, pileup=0.0443557, scale_ele=5.33778, scale_muon=2.53622
RooProdPdf::model_s[ modelObs_s * nuisancePdf ]
     getLogVal() top-level p.d.f evaluates to zero @ !pdfs=(modelObs_s = 0/1,nuisancePdf = 1)

[#0] WARNING:Minization -- RooMinimizerFcn: Minimized function has error status.
Returning maximum FCN so far (719.089) to force MIGRAD to back out of this region. Error log follows
Parameter values: JER_ele=-6.66745, JER_muon=-0.606339, JES_ele=-5.7147, JES_muon=4.09473, QCD_stat_ele=6.67202, QCD_stat_muon=-0.0878135, VBS_stat_ele=6.4218, VBS_stat_muon=-5.53324, ele_efficiency=-4.94342, ele_trigger=6.99946, fakephoton_ele=5.74611, fakephoton_muon=0.773764, interference=6.4099, lumi=-4.9627, mu_efficiency=6.98774, mu_trigger=-0.138604, non_prompt_stat_ele=4.52196, non_prompt_stat_muon=2.41211, others_stat_ele=-6.62894, others_stat_muon=6.68142, others_xs=-6.98358, param=0.00618827, pdf_ele=-6.98743, pdf_muon=-6.55477, photon_id=1.73037, pileup=-4.53805, scale_ele=4.09415, scale_muon=-6.40112
RooProdPdf::model_s[ modelObs_s * nuisancePdf ]
     getLogVal() top-level p.d.f evaluates to zero @ !pdfs=(modelObs_s = 0/1,nuisancePdf = 1)

[#0] WARNING:Minization -- RooMinimizerFcn: Minimized function has error status.
Returning maximum FCN so far (719.089) to force MIGRAD to back out of this region. Error log follows
Parameter values: JER_ele=-4.29678, JER_muon=0.589121, JES_ele=-4.5836, JES_muon=6.16702, QCD_stat_ele=1.80041, QCD_stat_muon=6.87815, VBS_stat_ele=-6.68363, VBS_stat_muon=-1.79438, ele_efficiency=-3.94934, ele_trigger=-6.99943, fakephoton_ele=4.49875, fakephoton_muon=-2.30908, interference=4.77845, lumi=0.0978355, mu_efficiency=2.59716, mu_trigger=3.85822, non_prompt_stat_ele=4.81531, non_prompt_stat_muon=-3.59067, others_stat_ele=-6.35608, others_stat_muon=2.72409, others_xs=-1.06858, param=0.00606302, pdf_ele=-4.52275, pdf_muon=4.54876, photon_id=-5.4325, pileup=-0.983379, scale_ele=-3.0131, scale_muon=5.01283
RooProdPdf::model_s[ modelObs_s * nuisancePdf ]
     getLogVal() top-level p.d.f evaluates to zero @ !pdfs=(modelObs_s = 0/1,nuisancePdf = 1)

[#0] WARNING:Minization -- RooMinimizerFcn: Minimized function has error status.
Returning maximum FCN so far (719.089) to force MIGRAD to back out of this region. Error log follows
Parameter values: JER_ele=1.90756, JER_muon=1.33202, JES_ele=-2.29707, JES_muon=6.52496, QCD_stat_ele=6.95735, QCD_stat_muon=-5.92279, VBS_stat_ele=1.60048, VBS_stat_muon=5.3415, ele_efficiency=-0.427139, ele_trigger=-0.478047, fakephoton_ele=6.70563, fakephoton_muon=0.926842, interference=4.83006, lumi=4.56576, mu_efficiency=1.39265, mu_trigger=4.833, non_prompt_stat_ele=5.71231, non_prompt_stat_muon=2.379, others_stat_ele=2.22817, others_stat_muon=6.22725, others_xs=4.69234, param=0.00605508, pdf_ele=1.53442, pdf_muon=6.08601, photon_id=3.05693, pileup=0.0293074, scale_ele=-0.0493918, scale_muon=-1.3036
RooProdPdf::model_s[ modelObs_s * nuisancePdf ]
     getLogVal() top-level p.d.f evaluates to zero @ !pdfs=(modelObs_s = 0/1,nuisancePdf = 1)

[#0] WARNING:Minization -- RooMinimizerFcn: Minimized function has error status.
Returning maximum FCN so far (856.29) to force MIGRAD to back out of this region. Error log follows
Parameter values: JER_ele=0.821852, JER_muon=0.881712, JES_ele=2.0204, JES_muon=-0.525628, QCD_stat_ele=5.93117, QCD_stat_muon=-1.58646, VBS_stat_ele=2.78607, VBS_stat_muon=-0.401618, ele_efficiency=-0.250796, ele_trigger=1.95316, fakephoton_ele=6.84625, fakephoton_muon=-1.26098, interference=0.548508, lumi=-0.0847231, mu_efficiency=-0.707852, mu_trigger=0.549018, non_prompt_stat_ele=5.92265, non_prompt_stat_muon=-0.825323, others_stat_ele=3.73564, others_stat_muon=0.432052, others_xs=0.385694, param=0.0048993, pdf_ele=2.86293, pdf_muon=-0.422302, photon_id=2.48743, pileup=-0.639226, scale_ele=5.59186, scale_muon=1.74407
RooProdPdf::model_s[ modelObs_s * nuisancePdf ]
     getLogVal() top-level p.d.f evaluates to zero @ !pdfs=(modelObs_s = 0/1,nuisancePdf = 1)

[#0] WARNING:Minization -- RooMinimizerFcn: Minimized function has error status.
Returning maximum FCN so far (45.1053) to force MIGRAD to back out of this region. Error log follows
Parameter values: JER_ele=-0.445088, JER_muon=-0.561245, JES_ele=0.481547, JES_muon=-0.754381, QCD_stat_ele=-0.208775, QCD_stat_muon=0.173184, VBS_stat_ele=0.117062, VBS_stat_muon=-1.30119, ele_efficiency=-0.444944, ele_trigger=-1.18797, fakephoton_ele=3.78032, fakephoton_muon=-1.27086, interference=0.326852, lumi=0.347657, mu_efficiency=-0.333481, mu_trigger=-0.319984, non_prompt_stat_ele=5.71453, non_prompt_stat_muon=-1.99472, others_stat_ele=-1.32222, others_stat_muon=-0.133725, others_xs=-0.178035, param=0.00575607, pdf_ele=-1.32601, pdf_muon=0.0476796, photon_id=1.57781, pileup=-1.12862, scale_ele=1.30991, scale_muon=-0.798006
RooProdPdf::model_s[ modelObs_s * nuisancePdf ]
     getLogVal() top-level p.d.f evaluates to zero @ !pdfs=(modelObs_s = 0/1,nuisancePdf = 1)

[#0] WARNING:Minization -- RooMinimizerFcn: Minimized function has error status.
Returning maximum FCN so far (1050) to force MIGRAD to back out of this region. Error log follows
Parameter values: JER_ele=4.49328, JER_muon=0.252698, JES_ele=5.42705, JES_muon=-6.68559, QCD_stat_ele=-1.81276, QCD_stat_muon=-6.74628, VBS_stat_ele=6.92316, VBS_stat_muon=-6.28059, ele_efficiency=-0.234369, ele_trigger=3.40816, fakephoton_ele=6.95923, fakephoton_muon=-6.78332, interference=-1.82861, lumi=-5.30729, mu_efficiency=0.56039, mu_trigger=-6.75249, non_prompt_stat_ele=5.69293, non_prompt_stat_muon=-2.80835, others_stat_ele=6.06811, others_stat_muon=-4.02531, others_xs=-3.20856, param=0.00920937, pdf_ele=4.56546, pdf_muon=6.52814, photon_id=-5.50282, pileup=-2.60477, scale_ele=6.10399, scale_muon=6.57415
RooProdPdf::model_s[ modelObs_s * nuisancePdf ]
     getLogVal() top-level p.d.f evaluates to zero @ !pdfs=(modelObs_s = 0/1,nuisancePdf = 1)

[#0] WARNING:Minization -- RooMinimizerFcn: Minimized function has error status.
Returning maximum FCN so far (1050) to force MIGRAD to back out of this region. Error log follows
Parameter values: JER_ele=0.641737, JER_muon=-0.0978489, JES_ele=-0.776711, JES_muon=6.49443, QCD_stat_ele=0.319125, QCD_stat_muon=6.94909, VBS_stat_ele=-5.25939, VBS_stat_muon=-6.00322, ele_efficiency=-2.58737, ele_trigger=-0.893516, fakephoton_ele=6.97634, fakephoton_muon=2.45857, interference=-1.95525, lumi=-5.13435, mu_efficiency=5.51154, mu_trigger=6.22055, non_prompt_stat_ele=6.06392, non_prompt_stat_muon=6.10113, others_stat_ele=1.34243, others_stat_muon=-3.8411, others_xs=2.15955, param=0.00849682, pdf_ele=6.91305, pdf_muon=6.77195, photon_id=6.97459, pileup=6.93936, scale_ele=5.65385, scale_muon=6.87906
RooProdPdf::model_s[ modelObs_s * nuisancePdf ]
     getLogVal() top-level p.d.f evaluates to zero @ !pdfs=(modelObs_s = 0/1,nuisancePdf = 1)

[#0] WARNING:Minization -- RooMinimizerFcn: Minimized function has error status.
Returning maximum FCN so far (1050) to force MIGRAD to back out of this region. Error log follows
Parameter values: JER_ele=4.69862, JER_muon=3.06667, JES_ele=6.73944, JES_muon=0.541816, QCD_stat_ele=1.12573, QCD_stat_muon=5.11657, VBS_stat_ele=6.02122, VBS_stat_muon=0.901803, ele_efficiency=1.15732, ele_trigger=5.93171, fakephoton_ele=3.86596, fakephoton_muon=-3.21353, interference=1.60219, lumi=3.0511, mu_efficiency=0.330128, mu_trigger=0.97982, non_prompt_stat_ele=5.37224, non_prompt_stat_muon=-4.51522, others_stat_ele=6.16427, others_stat_muon=2.23958, others_xs=3.69664, param=0.00920973, pdf_ele=6.93966, pdf_muon=6.95757, photon_id=6.87291, pileup=-0.86506, scale_ele=5.74295, scale_muon=3.60232
RooProdPdf::model_s[ modelObs_s * nuisancePdf ]
     getLogVal() top-level p.d.f evaluates to zero @ !pdfs=(modelObs_s = 0/1,nuisancePdf = 1)

[#0] WARNING:Minization -- RooMinimizerFcn: Minimized function has error status.
Returning maximum FCN so far (1050) to force MIGRAD to back out of this region. Error log follows
Parameter values: JER_ele=5.69964, JER_muon=6.94719, JES_ele=-4.6761, JES_muon=5.58384, QCD_stat_ele=0.0686611, QCD_stat_muon=1.74918, VBS_stat_ele=1.59827, VBS_stat_muon=-0.166976, ele_efficiency=3.82795, ele_trigger=2.14079, fakephoton_ele=5.26814, fakephoton_muon=-6.87977, interference=5.7536, lumi=5.09889, mu_efficiency=5.6597, mu_trigger=5.0831, non_prompt_stat_ele=4.56112, non_prompt_stat_muon=0.58759, others_stat_ele=2.19892, others_stat_muon=6.11373, others_xs=6.92282, param=0.00921348, pdf_ele=-6.89111, pdf_muon=-4.90679, photon_id=-4.24451, pileup=-0.792283, scale_ele=3.14682, scale_muon=-0.241192
RooProdPdf::model_s[ modelObs_s * nuisancePdf ]
     getLogVal() top-level p.d.f evaluates to zero @ !pdfs=(modelObs_s = 0/1,nuisancePdf = 1)

[#0] WARNING:Minization -- RooMinimizerFcn: Minimized function has error status.
Returning maximum FCN so far (520.069) to force MIGRAD to back out of this region. Error log follows
Parameter values: JER_ele=6.372, JER_muon=-6.89282, JES_ele=-0.858216, JES_muon=6.84122, QCD_stat_ele=-1.53292, QCD_stat_muon=-4.196, VBS_stat_ele=-6.8042, VBS_stat_muon=-0.160488, ele_efficiency=5.27338, ele_trigger=-0.392329, fakephoton_ele=6.97414, fakephoton_muon=-6.99962, interference=5.8664, lumi=6.03984, mu_efficiency=2.52772, mu_trigger=6.8, non_prompt_stat_ele=4.16998, non_prompt_stat_muon=0.272987, others_stat_ele=-6.38552, others_stat_muon=6.96026, others_xs=-2.62133, param=0.00428604, pdf_ele=-3.16129, pdf_muon=2.28644, photon_id=-3.40431, pileup=2.64637, scale_ele=0.465615, scale_muon=6.07146
RooProdPdf::model_s[ modelObs_s * nuisancePdf ]
     getLogVal() top-level p.d.f evaluates to zero @ !pdfs=(modelObs_s = 0/1,nuisancePdf = 1)

[#0] WARNING:Minization -- RooMinimizerFcn: Minimized function has error status.
Returning maximum FCN so far (742.756) to force MIGRAD to back out of this region. Error log follows
Parameter values: JER_ele=3.59091, JER_muon=1.4628, JES_ele=5.27752, JES_muon=1.86424, QCD_stat_ele=5.78815, QCD_stat_muon=6.1486, VBS_stat_ele=5.83873, VBS_stat_muon=2.55051, ele_efficiency=1.13064, ele_trigger=2.54734, fakephoton_ele=4.77779, fakephoton_muon=2.70512, interference=1.47038, lumi=3.19125, mu_efficiency=-0.330848, mu_trigger=2.66486, non_prompt_stat_ele=-0.897422, non_prompt_stat_muon=2.08519, others_stat_ele=5.55529, others_stat_muon=3.58841, others_xs=5.65151, param=0.0044457, pdf_ele=6.48394, pdf_muon=3.66325, photon_id=6.95416, pileup=0.924149, scale_ele=4.44602, scale_muon=6.94613
RooProdPdf::model_s[ modelObs_s * nuisancePdf ]
     getLogVal() top-level p.d.f evaluates to zero @ !pdfs=(modelObs_s = 0/1,nuisancePdf = 1)

[#0] WARNING:Minization -- RooMinimizerFcn: Minimized function has error status.
Returning maximum FCN so far (742.756) to force MIGRAD to back out of this region. Error log follows
Parameter values: JER_ele=1.77134, JER_muon=-1.57545, JES_ele=2.29308, JES_muon=-5.06521, QCD_stat_ele=5.32728, QCD_stat_muon=-4.9282, VBS_stat_ele=3.67412, VBS_stat_muon=-1.21814, ele_efficiency=0.432123, ele_trigger=0.0603816, fakephoton_ele=5.19007, fakephoton_muon=0.53731, interference=-1.1608, lumi=-0.587928, mu_efficiency=-1.38682, mu_trigger=-1.75846, non_prompt_stat_ele=6.5267, non_prompt_stat_muon=-3.19857, others_stat_ele=2.28986, others_stat_muon=-3.92924, others_xs=0.985603, param=0.00444725, pdf_ele=3.40614, pdf_muon=-3.40574, photon_id=-0.836569, pileup=0.51191, scale_ele=5.32058, scale_muon=-5.86644
RooProdPdf::model_s[ modelObs_s * nuisancePdf ]
     getLogVal() top-level p.d.f evaluates to zero @ !pdfs=(modelObs_s = 0/1,nuisancePdf = 1)

[#0] WARNING:Minization -- RooMinimizerFcn: Minimized function has error status.
Returning maximum FCN so far (742.756) to force MIGRAD to back out of this region. Error log follows
Parameter values: JER_ele=-6.90796, JER_muon=6.65792, JES_ele=-3.53442, JES_muon=-0.568673, QCD_stat_ele=-6.21189, QCD_stat_muon=-4.88442, VBS_stat_ele=-6.87396, VBS_stat_muon=6.37081, ele_efficiency=-3.43515, ele_trigger=-6.92986, fakephoton_ele=-4.6208, fakephoton_muon=6.89749, interference=2.78453, lumi=-0.817723, mu_efficiency=-0.301437, mu_trigger=6.99863, non_prompt_stat_ele=6.18902, non_prompt_stat_muon=6.98884, others_stat_ele=-2.78987, others_stat_muon=-6.8514, others_xs=6.90616, param=0.00444891, pdf_ele=2.93637, pdf_muon=4.93793, photon_id=-0.660509, pileup=1.48848, scale_ele=-6.73332, scale_muon=3.77719
RooProdPdf::model_s[ modelObs_s * nuisancePdf ]
     getLogVal() top-level p.d.f evaluates to zero @ !pdfs=(modelObs_s = 0/1,nuisancePdf = 1)


 -- Hybrid New -- 
CLs = 0.98 +/- 0.00626099
Done in 23.31 min (cpu), 23.55 min (real)
