 <<< Combine >>> 
>>> including systematics
>>> using the Profile Likelihood test statistics modified for upper limits (Q_LHC)
>>> method used is HybridNew
>>> Used OpenSSL to get a really random seed 97853160
Computing results starting from observation (a-posteriori)
[#0] WARNING:Minization -- RooMinimizerFcn: Minimized function has error status.
Returning maximum FCN so far (856.628) to force MIGRAD to back out of this region. Error log follows
Parameter values: JER_ele=6.04008, JER_muon=6.80336, JES_ele=6.95292, JES_muon=0.971178, QCD_stat_ele=-6.99855, QCD_stat_muon=6.98617, VBS_stat_ele=5.90441, VBS_stat_muon=6.78184, ele_efficiency=2.26223, ele_trigger=6.15, fakephoton_ele=6.32991, fakephoton_muon=6.0512, interference=6.68932, lumi=6.87203, mu_efficiency=3.26734, mu_trigger=5.3559, non_prompt_stat_ele=2.78273, non_prompt_stat_muon=5.94872, others_stat_ele=6.9968, others_stat_muon=4.84509, others_xs=3.81294, param=0.310886, pdf_ele=5.15176, pdf_muon=-6.3585, photon_id=-6.90386, pileup=-0.226649, scale_ele=-6.15694, scale_muon=6.90228
RooProdPdf::model_s[ modelObs_s * nuisancePdf ]
     getLogVal() top-level p.d.f evaluates to zero @ !pdfs=(modelObs_s = 0/1,nuisancePdf = 1)

[#0] WARNING:Minization -- RooMinimizerFcn: Minimized function has error status.
Returning maximum FCN so far (856.628) to force MIGRAD to back out of this region. Error log follows
Parameter values: JER_ele=-1.0768, JER_muon=6.99937, JES_ele=-0.437234, JES_muon=3.8037, QCD_stat_ele=-1.65441, QCD_stat_muon=6.98382, VBS_stat_ele=0.765279, VBS_stat_muon=6.47644, ele_efficiency=-0.261473, ele_trigger=-0.0986848, fakephoton_ele=3.47341, fakephoton_muon=1.31038, interference=5.26986, lumi=5.96131, mu_efficiency=3.58922, mu_trigger=6.4679, non_prompt_stat_ele=3.14957, non_prompt_stat_muon=5.47248, others_stat_ele=1.93747, others_stat_muon=2.85411, others_xs=5.15981, param=0.251832, pdf_ele=-2.67901, pdf_muon=3.29921, photon_id=0.526801, pileup=1.55305, scale_ele=0.131336, scale_muon=6.8139
RooProdPdf::model_s[ modelObs_s * nuisancePdf ]
     getLogVal() top-level p.d.f evaluates to zero @ !pdfs=(modelObs_s = 0/1,nuisancePdf = 1)

[#0] WARNING:Minization -- RooMinimizerFcn: Minimized function has error status.
Returning maximum FCN so far (856.628) to force MIGRAD to back out of this region. Error log follows
Parameter values: JER_ele=2.00621, JER_muon=6.27923, JES_ele=2.45812, JES_muon=5.1056, QCD_stat_ele=6.42194, QCD_stat_muon=0.853743, VBS_stat_ele=1.57978, VBS_stat_muon=6.49344, ele_efficiency=0.641514, ele_trigger=1.71761, fakephoton_ele=4.47036, fakephoton_muon=4.1651, interference=5.38898, lumi=5.22743, mu_efficiency=2.70854, mu_trigger=6.87165, non_prompt_stat_ele=5.66559, non_prompt_stat_muon=6.22205, others_stat_ele=3.17887, others_stat_muon=6.41423, others_xs=6.95624, param=0.288292, pdf_ele=4.07448, pdf_muon=0.522087, photon_id=2.25807, pileup=0.00870282, scale_ele=6.21859, scale_muon=0.384947
RooProdPdf::model_s[ modelObs_s * nuisancePdf ]
     getLogVal() top-level p.d.f evaluates to zero @ !pdfs=(modelObs_s = 0/1,nuisancePdf = 1)

[#0] WARNING:Minization -- RooMinimizerFcn: Minimized function has error status.
Returning maximum FCN so far (856.628) to force MIGRAD to back out of this region. Error log follows
Parameter values: JER_ele=2.87805, JER_muon=6.98409, JES_ele=3.71814, JES_muon=0.410542, QCD_stat_ele=6.78141, QCD_stat_muon=5.66555, VBS_stat_ele=2.65075, VBS_stat_muon=6.99667, ele_efficiency=0.932267, ele_trigger=2.74473, fakephoton_ele=5.00903, fakephoton_muon=5.25571, interference=6.45651, lumi=6.44522, mu_efficiency=3.58979, mu_trigger=5.03941, non_prompt_stat_ele=6.1616, non_prompt_stat_muon=6.95657, others_stat_ele=4.48247, others_stat_muon=3.44512, others_xs=6.51323, param=0.290026, pdf_ele=5.55018, pdf_muon=-5.64702, photon_id=-4.47035, pileup=0.193944, scale_ele=6.96509, scale_muon=6.07572
RooProdPdf::model_s[ modelObs_s * nuisancePdf ]
     getLogVal() top-level p.d.f evaluates to zero @ !pdfs=(modelObs_s = 0/1,nuisancePdf = 1)

[#0] WARNING:Minization -- RooMinimizerFcn: Minimized function has error status.
Returning maximum FCN so far (856.628) to force MIGRAD to back out of this region. Error log follows
Parameter values: JER_ele=3.54634, JER_muon=6.99979, JES_ele=4.6939, JES_muon=-0.768679, QCD_stat_ele=4.82853, QCD_stat_muon=4.98212, VBS_stat_ele=3.51747, VBS_stat_muon=6.92993, ele_efficiency=1.1735, ele_trigger=3.59445, fakephoton_ele=5.76286, fakephoton_muon=5.51808, interference=6.67379, lumi=6.7574, mu_efficiency=3.7741, mu_trigger=4.39818, non_prompt_stat_ele=6.71786, non_prompt_stat_muon=6.99979, others_stat_ele=5.47681, others_stat_muon=2.08958, others_xs=5.86315, param=0.225707, pdf_ele=6.40587, pdf_muon=-6.39122, photon_id=-6.00785, pileup=0.281954, scale_ele=5.76222, scale_muon=4.52957
RooProdPdf::model_s[ modelObs_s * nuisancePdf ]
     getLogVal() top-level p.d.f evaluates to zero @ !pdfs=(modelObs_s = 0/1,nuisancePdf = 1)

[#0] WARNING:Minization -- RooMinimizerFcn: Minimized function has error status.
Returning maximum FCN so far (856.628) to force MIGRAD to back out of this region. Error log follows
Parameter values: JER_ele=2.59656, JER_muon=6.77785, JES_ele=3.32131, JES_muon=3.09021, QCD_stat_ele=6.99456, QCD_stat_muon=6.95593, VBS_stat_ele=2.27663, VBS_stat_muon=6.82239, ele_efficiency=0.839146, ele_trigger=2.40915, fakephoton_ele=5.5997, fakephoton_muon=4.60738, interference=5.89588, lumi=5.81588, mu_efficiency=3.13714, mu_trigger=6.23748, non_prompt_stat_ele=6.66082, non_prompt_stat_muon=6.50539, others_stat_ele=4.00738, others_stat_muon=5.83159, others_xs=6.9791, param=0.417518, pdf_ele=5.13523, pdf_muon=-2.96316, photon_id=-1.78208, pileup=0.0800618, scale_ele=6.97915, scale_muon=6.5486
RooProdPdf::model_s[ modelObs_s * nuisancePdf ]
     getLogVal() top-level p.d.f evaluates to zero @ !pdfs=(modelObs_s = 0/1,nuisancePdf = 1)

[#0] WARNING:Minization -- RooMinimizerFcn: Minimized function has error status.
Returning maximum FCN so far (856.628) to force MIGRAD to back out of this region. Error log follows
Parameter values: JER_ele=3.21742, JER_muon=6.9849, JES_ele=4.23657, JES_muon=-1.34647, QCD_stat_ele=6.04288, QCD_stat_muon=1.66842, VBS_stat_ele=3.09437, VBS_stat_muon=6.89639, ele_efficiency=1.05557, ele_trigger=3.18751, fakephoton_ele=5.64881, fakephoton_muon=5.52329, interference=6.68912, lumi=6.72437, mu_efficiency=3.8735, mu_trigger=4.02632, non_prompt_stat_ele=6.65917, non_prompt_stat_muon=6.99792, others_stat_ele=5.03496, others_stat_muon=2.02512, others_xs=6.0158, param=0.277005, pdf_ele=6.02665, pdf_muon=-6.65742, photon_id=-6.12619, pileup=0.284261, scale_ele=6.54533, scale_muon=2.40031
RooProdPdf::model_s[ modelObs_s * nuisancePdf ]
     getLogVal() top-level p.d.f evaluates to zero @ !pdfs=(modelObs_s = 0/1,nuisancePdf = 1)

[#0] WARNING:Minization -- RooMinimizerFcn: Minimized function has error status.
Returning maximum FCN so far (856.628) to force MIGRAD to back out of this region. Error log follows
Parameter values: JER_ele=2.83041, JER_muon=6.82876, JES_ele=3.64299, JES_muon=2.36199, QCD_stat_ele=6.82882, QCD_stat_muon=6.84566, VBS_stat_ele=2.55454, VBS_stat_muon=6.93277, ele_efficiency=0.914558, ele_trigger=2.681, fakephoton_ele=4.81713, fakephoton_muon=4.89811, interference=6.13406, lumi=6.11916, mu_efficiency=3.25468, mu_trigger=5.97438, non_prompt_stat_ele=5.98579, non_prompt_stat_muon=6.72869, others_stat_ele=4.42015, others_stat_muon=4.85786, others_xs=6.82974, param=0.258286, pdf_ele=5.47021, pdf_muon=-3.6956, photon_id=-2.64388, pileup=0.114356, scale_ele=6.9852, scale_muon=6.86205
RooProdPdf::model_s[ modelObs_s * nuisancePdf ]
     getLogVal() top-level p.d.f evaluates to zero @ !pdfs=(modelObs_s = 0/1,nuisancePdf = 1)

[#0] WARNING:Minization -- RooMinimizerFcn: Minimized function has error status.
Returning maximum FCN so far (856.628) to force MIGRAD to back out of this region. Error log follows
Parameter values: JER_ele=3.12135, JER_muon=6.99591, JES_ele=4.08616, JES_muon=-0.0485228, QCD_stat_ele=6.28912, QCD_stat_muon=4.8542, VBS_stat_ele=2.95923, VBS_stat_muon=6.98605, ele_efficiency=1.01937, ele_trigger=3.05829, fakephoton_ele=5.39937, fakephoton_muon=5.32672, interference=6.53072, lumi=6.56099, mu_efficiency=3.66305, mu_trigger=4.79625, non_prompt_stat_ele=6.47796, non_prompt_stat_muon=6.97872, others_stat_ele=4.86109, others_stat_muon=3.09534, others_xs=6.3484, param=0.254745, pdf_ele=5.8981, pdf_muon=-5.95949, photon_id=-5.18659, pileup=0.22727, scale_ele=6.71771, scale_muon=5.33203
RooProdPdf::model_s[ modelObs_s * nuisancePdf ]
     getLogVal() top-level p.d.f evaluates to zero @ !pdfs=(modelObs_s = 0/1,nuisancePdf = 1)

[#0] WARNING:Minization -- RooMinimizerFcn: Minimized function has error status.
Returning maximum FCN so far (856.628) to force MIGRAD to back out of this region. Error log follows
Parameter values: JER_ele=2.62692, JER_muon=6.81525, JES_ele=3.32432, JES_muon=2.48176, QCD_stat_ele=6.98785, QCD_stat_muon=6.85716, VBS_stat_ele=2.28685, VBS_stat_muon=6.91522, ele_efficiency=0.842605, ele_trigger=2.41526, fakephoton_ele=4.41337, fakephoton_muon=4.9114, interference=6.09732, lumi=6.03618, mu_efficiency=3.23507, mu_trigger=6.01905, non_prompt_stat_ele=5.60219, non_prompt_stat_muon=6.73864, others_stat_ele=4.01902, others_stat_muon=4.92544, others_xs=6.85717, param=0.251592, pdf_ele=5.15592, pdf_muon=-3.67431, photon_id=-1.98313, pileup=0.0963456, scale_ele=6.97263, scale_muon=6.6121
RooProdPdf::model_s[ modelObs_s * nuisancePdf ]
     getLogVal() top-level p.d.f evaluates to zero @ !pdfs=(modelObs_s = 0/1,nuisancePdf = 1)

[#0] WARNING:Minization -- RooMinimizerFcn: Minimized function has error status.
Returning maximum FCN so far (856.628) to force MIGRAD to back out of this region. Error log follows
Parameter values: JER_ele=2.57431, JER_muon=6.65851, JES_ele=3.23315, JES_muon=3.48581, QCD_stat_ele=6.99902, QCD_stat_muon=5.56051, VBS_stat_ele=2.22499, VBS_stat_muon=6.79752, ele_efficiency=0.823047, ele_trigger=2.34093, fakephoton_ele=4.28233, fakephoton_muon=4.71005, interference=5.89284, lumi=5.81255, mu_efficiency=3.04582, mu_trigger=6.40418, non_prompt_stat_ele=5.47357, non_prompt_stat_muon=6.53309, others_stat_ele=3.91568, others_stat_muon=5.57999, others_xs=6.95314, param=0.243423, pdf_ele=5.06548, pdf_muon=-2.39148, photon_id=-0.740927, pileup=0.0490261, scale_ele=6.93967, scale_muon=5.10825
RooProdPdf::model_s[ modelObs_s * nuisancePdf ]
     getLogVal() top-level p.d.f evaluates to zero @ !pdfs=(modelObs_s = 0/1,nuisancePdf = 1)

[#0] WARNING:Minization -- RooMinimizerFcn: Minimized function has error status.
Returning maximum FCN so far (856.628) to force MIGRAD to back out of this region. Error log follows
Parameter values: JER_ele=2.49416, JER_muon=6.47796, JES_ele=3.1037, JES_muon=4.31032, QCD_stat_ele=6.99302, QCD_stat_muon=3.49641, VBS_stat_ele=2.11577, VBS_stat_muon=6.64091, ele_efficiency=0.794655, ele_trigger=2.23463, fakephoton_ele=4.11922, fakephoton_muon=4.53135, interference=5.68769, lumi=5.58328, mu_efficiency=2.87439, mu_trigger=6.67066, non_prompt_stat_ele=5.30881, non_prompt_stat_muon=6.31749, others_stat_ele=3.76116, others_stat_muon=6.05957, others_xs=6.99483, param=0.239088, pdf_ele=4.93022, pdf_muon=-1.1735, photon_id=0.488552, pileup=0.00587516, scale_ele=6.87214, scale_muon=2.89156
RooProdPdf::model_s[ modelObs_s * nuisancePdf ]
     getLogVal() top-level p.d.f evaluates to zero @ !pdfs=(modelObs_s = 0/1,nuisancePdf = 1)

[#0] WARNING:Minization -- RooMinimizerFcn: Minimized function has error status.
Returning maximum FCN so far (856.628) to force MIGRAD to back out of this region. Error log follows
Parameter values: JER_ele=2.40468, JER_muon=6.28034, JES_ele=2.95883, JES_muon=4.98987, QCD_stat_ele=6.95497, QCD_stat_muon=1.12352, VBS_stat_ele=1.9946, VBS_stat_muon=6.45906, ele_efficiency=0.763164, ele_trigger=2.11622, fakephoton_ele=3.92786, fakephoton_muon=4.36315, interference=5.48431, lumi=5.35104, mu_efficiency=2.71545, mu_trigger=6.84715, non_prompt_stat_ele=5.1103, non_prompt_stat_muon=6.08709, others_stat_ele=3.58986, others_stat_muon=6.41802, others_xs=6.99591, param=0.234876, pdf_ele=4.77537, pdf_muon=-0.0239733, photon_id=1.63436, pileup=-0.0346871, scale_ele=6.76832, scale_muon=0.461527
RooProdPdf::model_s[ modelObs_s * nuisancePdf ]
     getLogVal() top-level p.d.f evaluates to zero @ !pdfs=(modelObs_s = 0/1,nuisancePdf = 1)

[#0] WARNING:Minization -- RooMinimizerFcn: Minimized function has error status.
Returning maximum FCN so far (856.628) to force MIGRAD to back out of this region. Error log follows
Parameter values: JER_ele=2.31334, JER_muon=6.07232, JES_ele=2.81023, JES_muon=5.54065, QCD_stat_ele=6.88219, QCD_stat_muon=-1.19415, VBS_stat_ele=1.8714, VBS_stat_muon=6.26049, ele_efficiency=0.731183, ele_trigger=1.99536, fakephoton_ele=3.72526, fakephoton_muon=4.2047, interference=5.28494, lumi=5.12024, mu_efficiency=2.56778, mu_trigger=6.95079, non_prompt_stat_ele=4.89491, non_prompt_stat_muon=5.84793, others_stat_ele=3.41447, others_stat_muon=6.67478, others_xs=6.96359, param=0.230787, pdf_ele=4.61335, pdf_muon=1.03465, photon_id=2.66523, pileup=-0.0725891, scale_ele=6.63218, scale_muon=-1.83375
RooProdPdf::model_s[ modelObs_s * nuisancePdf ]
     getLogVal() top-level p.d.f evaluates to zero @ !pdfs=(modelObs_s = 0/1,nuisancePdf = 1)

[#0] WARNING:Minization -- RooMinimizerFcn: Minimized function has error status.
Returning maximum FCN so far (856.628) to force MIGRAD to back out of this region. Error log follows
Parameter values: JER_ele=2.22403, JER_muon=5.85926, JES_ele=2.66424, JES_muon=5.97783, QCD_stat_ele=6.77852, QCD_stat_muon=-3.21785, VBS_stat_ele=1.75122, VBS_stat_muon=6.05197, ele_efficiency=0.700058, ele_trigger=1.87717, fakephoton_ele=3.52187, fakephoton_muon=4.05572, interference=5.09146, lumi=4.89428, mu_efficiency=2.43062, mu_trigger=6.99568, non_prompt_stat_ele=4.6739, non_prompt_stat_muon=5.6055, others_stat_ele=3.24188, others_stat_muon=6.84674, others_xs=6.90484, param=0.226815, pdf_ele=4.45131, pdf_muon=1.98901, photon_id=3.5667, pileup=-0.107819, scale_ele=6.4706, scale_muon=-3.77695
RooProdPdf::model_s[ modelObs_s * nuisancePdf ]
     getLogVal() top-level p.d.f evaluates to zero @ !pdfs=(modelObs_s = 0/1,nuisancePdf = 1)

[#0] WARNING:Minization -- RooMinimizerFcn: Minimized function has error status.
Returning maximum FCN so far (856.628) to force MIGRAD to back out of this region. Error log follows
Parameter values: JER_ele=2.13878, JER_muon=5.64551, JES_ele=2.52425, JES_muon=6.31624, QCD_stat_ele=6.65033, QCD_stat_muon=-4.8201, VBS_stat_ele=1.63669, VBS_stat_muon=5.83898, ele_efficiency=0.67047, ele_trigger=1.76434, fakephoton_ele=3.32376, fakephoton_muon=3.91606, interference=4.90535, lumi=4.67573, mu_efficiency=2.30338, mu_trigger=6.99389, non_prompt_stat_ele=4.45448, non_prompt_stat_muon=5.36425, others_stat_ele=3.07593, others_stat_muon=6.94892, others_xs=6.826, param=0.222956, pdf_ele=4.29346, pdf_muon=2.8338, photon_id=4.33587, pileup=-0.140435, scale_ele=6.29106, scale_muon=-5.26182
RooProdPdf::model_s[ modelObs_s * nuisancePdf ]
     getLogVal() top-level p.d.f evaluates to zero @ !pdfs=(modelObs_s = 0/1,nuisancePdf = 1)

[#0] WARNING:Minization -- RooMinimizerFcn: Minimized function has error status.
Returning maximum FCN so far (856.628) to force MIGRAD to back out of this region. Error log follows
Parameter values: JER_ele=2.05037, JER_muon=5.41292, JES_ele=2.37863, JES_muon=6.59245, QCD_stat_ele=6.48845, QCD_stat_muon=-6.05234, VBS_stat_ele=1.51859, VBS_stat_muon=5.60425, ele_efficiency=0.639905, ele_trigger=1.6475, fakephoton_ele=3.11489, fakephoton_muon=3.7719, interference=4.70959, lumi=4.44516, mu_efficiency=2.17382, mu_trigger=6.94998, non_prompt_stat_ele=4.21889, non_prompt_stat_muon=5.10411, others_stat_ele=2.90294, others_stat_muon=6.99662, others_xs=6.72195, param=0.233283, pdf_ele=4.12657, pdf_muon=3.64148, photon_id=5.03758, pileup=-0.173389, scale_ele=6.08028, scale_muon=-6.34387
RooProdPdf::model_s[ modelObs_s * nuisancePdf ]
     getLogVal() top-level p.d.f evaluates to zero @ !pdfs=(modelObs_s = 0/1,nuisancePdf = 1)

[#0] WARNING:Minization -- RooMinimizerFcn: Minimized function has error status.
Returning maximum FCN so far (856.628) to force MIGRAD to back out of this region. Error log follows
Parameter values: JER_ele=1.89405, JER_muon=4.97553, JES_ele=2.1218, JES_muon=6.90367, QCD_stat_ele=6.13717, QCD_stat_muon=-6.99478, VBS_stat_ele=1.30546, VBS_stat_muon=5.14982, ele_efficiency=0.586314, ele_trigger=1.44232, fakephoton_ele=2.74161, fakephoton_muon=3.51658, interference=4.35338, lumi=4.02622, mu_efficiency=1.94904, mu_trigger=6.77605, non_prompt_stat_ele=3.78767, non_prompt_stat_muon=4.62327, others_stat_ele=2.59774, others_stat_muon=6.94696, others_xs=6.48603, param=0.290387, pdf_ele=3.8244, pdf_muon=4.88357, photon_id=6.02456, pileup=-0.229638, scale_ele=5.65402, scale_muon=-6.99125
RooProdPdf::model_s[ modelObs_s * nuisancePdf ]
     getLogVal() top-level p.d.f evaluates to zero @ !pdfs=(modelObs_s = 0/1,nuisancePdf = 1)

[#0] WARNING:Minization -- RooMinimizerFcn: Minimized function has error status.
Returning maximum FCN so far (34.8863) to force MIGRAD to back out of this region. Error log follows
Parameter values: JER_ele=-0.43213, JER_muon=6.72417, JES_ele=0.957245, JES_muon=0.436092, QCD_stat_ele=6.11732, QCD_stat_muon=6.75163, VBS_stat_ele=-1.76472, VBS_stat_muon=1.60259, ele_efficiency=3.07126, ele_trigger=3.22739, fakephoton_ele=2.69829, fakephoton_muon=0.329094, interference=4.44446, lumi=6.13629, mu_efficiency=4.49966, mu_trigger=-2.09514, non_prompt_stat_ele=2.94174, non_prompt_stat_muon=4.64204, others_stat_ele=0.195962, others_stat_muon=5.03913, others_xs=1.43983, param=0.982452, pdf_ele=2.43817, pdf_muon=5.63093, photon_id=5.80288, pileup=0.293393, scale_ele=6.99805, scale_muon=5.04348
RooProdPdf::model_s[ modelObs_s * nuisancePdf ]
     getLogVal() top-level p.d.f evaluates to zero @ !pdfs=(modelObs_s = 0/1,nuisancePdf = 1)

[#0] WARNING:Minization -- RooMinimizerFcn: Minimized function has error status.
Returning maximum FCN so far (37.7035) to force MIGRAD to back out of this region. Error log follows
Parameter values: JER_ele=-0.889696, JER_muon=3.66254, JES_ele=0.156078, JES_muon=1.50897, QCD_stat_ele=1.58358, QCD_stat_muon=4.75975, VBS_stat_ele=3.14887, VBS_stat_muon=-3.18175, ele_efficiency=-4.49585, ele_trigger=4.57342, fakephoton_ele=4.49634, fakephoton_muon=3.59264, interference=-4.00207, lumi=4.24545, mu_efficiency=6.38898, mu_trigger=6.30789, non_prompt_stat_ele=3.13076, non_prompt_stat_muon=0.0680366, others_stat_ele=5.66511, others_stat_muon=2.1141, others_xs=6.99868, param=0.940515, pdf_ele=-0.983218, pdf_muon=5.61667, photon_id=6.73436, pileup=-5.21262, scale_ele=3.90426, scale_muon=5.99447
RooProdPdf::model_s[ modelObs_s * nuisancePdf ]
     getLogVal() top-level p.d.f evaluates to zero @ !pdfs=(modelObs_s = 0/1,nuisancePdf = 1)

[#0] WARNING:Minization -- RooMinimizerFcn: Minimized function has error status.
Returning maximum FCN so far (32.7421) to force MIGRAD to back out of this region. Error log follows
Parameter values: JER_ele=-4.56038, JER_muon=1.94693, JES_ele=-3.11164, JES_muon=3.31873, QCD_stat_ele=0.0933832, QCD_stat_muon=4.39811, VBS_stat_ele=3.78279, VBS_stat_muon=-0.226782, ele_efficiency=-0.106262, ele_trigger=4.46928, fakephoton_ele=4.28079, fakephoton_muon=-2.04439, interference=-2.46825, lumi=5.58878, mu_efficiency=4.00586, mu_trigger=4.27928, non_prompt_stat_ele=4.44981, non_prompt_stat_muon=2.54345, others_stat_ele=-0.0571443, others_stat_muon=3.55639, others_xs=2.93751, param=1.00432, pdf_ele=-1.00185, pdf_muon=6.81961, photon_id=5.98091, pileup=-1.58674, scale_ele=4.34378, scale_muon=3.79095
RooProdPdf::model_s[ modelObs_s * nuisancePdf ]
     getLogVal() top-level p.d.f evaluates to zero @ !pdfs=(modelObs_s = 0/1,nuisancePdf = 1)

[#0] WARNING:Minization -- RooMinimizerFcn: Minimized function has error status.
Returning maximum FCN so far (959.831) to force MIGRAD to back out of this region. Error log follows
Parameter values: JER_ele=1.23059, JER_muon=0.646852, JES_ele=1.5103, JES_muon=4.91737, QCD_stat_ele=6.09274, QCD_stat_muon=5.74271, VBS_stat_ele=2.44885, VBS_stat_muon=5.16224, ele_efficiency=-0.424233, ele_trigger=1.03868, fakephoton_ele=4.60749, fakephoton_muon=6.66096, interference=-2.27162, lumi=-4.39012, mu_efficiency=2.29511, mu_trigger=3.55388, non_prompt_stat_ele=1.49546, non_prompt_stat_muon=0.53579, others_stat_ele=-1.33927, others_stat_muon=0.0233147, others_xs=4.88282, param=0.0804358, pdf_ele=6.47955, pdf_muon=4.72666, photon_id=5.37422, pileup=-1.7345, scale_ele=5.3492, scale_muon=6.21405
RooProdPdf::model_s[ modelObs_s * nuisancePdf ]
     getLogVal() top-level p.d.f evaluates to zero @ !pdfs=(modelObs_s = 0/1,nuisancePdf = 1)


 -- Hybrid New -- 
CLs = 0.14951 +/- 0.0190279
Done in 14.72 min (cpu), 14.89 min (real)
