 <<< Combine >>> 
>>> including systematics
>>> using the Profile Likelihood test statistics modified for upper limits (Q_LHC)
>>> method used is HybridNew
>>> Used OpenSSL to get a really random seed 1578340461
Computing results starting from observation (a-posteriori)
[#0] WARNING:Minization -- RooMinimizerFcn: Minimized function has error status.
Returning maximum FCN so far (604.377) to force MIGRAD to back out of this region. Error log follows
Parameter values: JER_ele=-4.03126, JER_muon=1.4277, JES_ele=-6.9973, JES_muon=-4.59317, QCD_stat_ele=-4.5797, QCD_stat_muon=-6.71773, VBS_stat_ele=2.82679, VBS_stat_muon=0.889963, ele_efficiency=-4.47082, ele_trigger=-0.685667, fakephoton_ele=4.79452, fakephoton_muon=3.45831, interference=6.44657, lumi=-4.59659, mu_efficiency=-6.75774, mu_trigger=-5.71771, non_prompt_stat_ele=6.61551, non_prompt_stat_muon=-4.42708, others_stat_ele=-5.65584, others_stat_muon=-1.42239, others_xs=-5.68207, param=1.57732, pdf_ele=-6.01769, pdf_muon=-0.912285, photon_id=5.69802, pileup=-5.9897, scale_ele=2.47587, scale_muon=-6.57764
RooProdPdf::model_s[ modelObs_s * nuisancePdf ]
     getLogVal() top-level p.d.f evaluates to zero @ !pdfs=(modelObs_s = 0/1,nuisancePdf = 1)

[#0] WARNING:Minization -- RooMinimizerFcn: Minimized function has error status.
Returning maximum FCN so far (604.377) to force MIGRAD to back out of this region. Error log follows
Parameter values: JER_ele=-3.96792, JER_muon=-6.85979, JES_ele=-6.88654, JES_muon=-3.52928, QCD_stat_ele=-1.72679, QCD_stat_muon=6.97616, VBS_stat_ele=-5.57382, VBS_stat_muon=-1.34828, ele_efficiency=-1.4602, ele_trigger=-2.84128, fakephoton_ele=3.71461, fakephoton_muon=3.86872, interference=-1.11746, lumi=6.79292, mu_efficiency=-4.1205, mu_trigger=4.77891, non_prompt_stat_ele=6.65041, non_prompt_stat_muon=0.60511, others_stat_ele=4.12567, others_stat_muon=5.36213, others_xs=-3.61487, param=1.63901, pdf_ele=4.11014, pdf_muon=2.74265, photon_id=6.64048, pileup=-0.738176, scale_ele=6.47641, scale_muon=6.46582
RooProdPdf::model_s[ modelObs_s * nuisancePdf ]
     getLogVal() top-level p.d.f evaluates to zero @ !pdfs=(modelObs_s = 0/1,nuisancePdf = 1)

[#0] WARNING:Minization -- RooMinimizerFcn: Minimized function has error status.
Returning maximum FCN so far (775.565) to force MIGRAD to back out of this region. Error log follows
Parameter values: JER_ele=-4.23292, JER_muon=6.71055, JES_ele=6.22518, JES_muon=1.36965, QCD_stat_ele=-3.35467, QCD_stat_muon=5.04574, VBS_stat_ele=5.21831, VBS_stat_muon=-6.65427, ele_efficiency=-6.99224, ele_trigger=-6.59969, fakephoton_ele=4.61828, fakephoton_muon=-5.79485, interference=-5.18364, lumi=6.92363, mu_efficiency=-1.57975, mu_trigger=-4.7893, non_prompt_stat_ele=5.44206, non_prompt_stat_muon=-1.27024, others_stat_ele=-4.9319, others_stat_muon=6.86574, others_xs=6.47807, param=0.190283, pdf_ele=-6.47749, pdf_muon=3.82746, photon_id=-6.9604, pileup=4.67284, scale_ele=6.27132, scale_muon=5.5356
RooProdPdf::model_s[ modelObs_s * nuisancePdf ]
     getLogVal() top-level p.d.f evaluates to zero @ !pdfs=(modelObs_s = 0/1,nuisancePdf = 1)

[#0] WARNING:Minization -- RooMinimizerFcn: Minimized function has error status.
Returning maximum FCN so far (666.827) to force MIGRAD to back out of this region. Error log follows
Parameter values: JER_ele=2.34473, JER_muon=1.07499, JES_ele=2.81336, JES_muon=0.422324, QCD_stat_ele=6.3426, QCD_stat_muon=2.67063, VBS_stat_ele=4.33529, VBS_stat_muon=1.89732, ele_efficiency=0.812505, ele_trigger=2.67833, fakephoton_ele=4.89693, fakephoton_muon=-0.256805, interference=1.13842, lumi=1.90314, mu_efficiency=-0.114634, mu_trigger=0.292625, non_prompt_stat_ele=6.08451, non_prompt_stat_muon=-0.919047, others_stat_ele=3.68101, others_stat_muon=1.41008, others_xs=2.32338, param=1.007, pdf_ele=4.80611, pdf_muon=1.1491, photon_id=4.60482, pileup=-0.120058, scale_ele=6.96383, scale_muon=0.265321
RooProdPdf::model_s[ modelObs_s * nuisancePdf ]
     getLogVal() top-level p.d.f evaluates to zero @ !pdfs=(modelObs_s = 0/1,nuisancePdf = 1)

[#0] WARNING:Minization -- RooMinimizerFcn: Minimized function has error status.
Returning maximum FCN so far (666.827) to force MIGRAD to back out of this region. Error log follows
Parameter values: JER_ele=2.37596, JER_muon=4.42896, JES_ele=3.91328, JES_muon=-6.60008, QCD_stat_ele=3.59007, QCD_stat_muon=-2.25075, VBS_stat_ele=4.65022, VBS_stat_muon=-4.16018, ele_efficiency=-0.385996, ele_trigger=2.86416, fakephoton_ele=4.25416, fakephoton_muon=6.79474, interference=6.57727, lumi=6.62846, mu_efficiency=5.76975, mu_trigger=-2.10295, non_prompt_stat_ele=5.59868, non_prompt_stat_muon=-6.71145, others_stat_ele=3.76873, others_stat_muon=-0.306284, others_xs=6.77314, param=0.69374, pdf_ele=4.33259, pdf_muon=-2.12781, photon_id=-3.82469, pileup=2.08236, scale_ele=6.98505, scale_muon=0.909306
RooProdPdf::model_s[ modelObs_s * nuisancePdf ]
     getLogVal() top-level p.d.f evaluates to zero @ !pdfs=(modelObs_s = 0/1,nuisancePdf = 1)

[#0] WARNING:Minization -- RooMinimizerFcn: Minimized function has error status.
Returning maximum FCN so far (889.32) to force MIGRAD to back out of this region. Error log follows
Parameter values: JER_ele=2.13157, JER_muon=1.36456, JES_ele=4.23611, JES_muon=-5.26157, QCD_stat_ele=2.35604, QCD_stat_muon=4.50417, VBS_stat_ele=4.19893, VBS_stat_muon=-6.73799, ele_efficiency=-0.846196, ele_trigger=2.79848, fakephoton_ele=3.57402, fakephoton_muon=5.2933, interference=5.22892, lumi=5.34658, mu_efficiency=6.58819, mu_trigger=-6.34368, non_prompt_stat_ele=4.86506, non_prompt_stat_muon=-4.32685, others_stat_ele=4.08997, others_stat_muon=-4.68218, others_xs=5.78543, param=0.360309, pdf_ele=3.73467, pdf_muon=6.07477, photon_id=3.87292, pileup=2.72953, scale_ele=6.98022, scale_muon=-1.77125
RooProdPdf::model_s[ modelObs_s * nuisancePdf ]
     getLogVal() top-level p.d.f evaluates to zero @ !pdfs=(modelObs_s = 0/1,nuisancePdf = 1)

[#0] WARNING:Minization -- RooMinimizerFcn: Minimized function has error status.
Returning maximum FCN so far (889.32) to force MIGRAD to back out of this region. Error log follows
Parameter values: JER_ele=2.44938, JER_muon=-1.94487, JES_ele=4.70802, JES_muon=0.236057, QCD_stat_ele=3.23417, QCD_stat_muon=-6.93707, VBS_stat_ele=4.67265, VBS_stat_muon=-6.51308, ele_efficiency=-0.766877, ele_trigger=3.21886, fakephoton_ele=4.26978, fakephoton_muon=3.25992, interference=3.23453, lumi=3.44413, mu_efficiency=6.89035, mu_trigger=-6.79624, non_prompt_stat_ele=5.58264, non_prompt_stat_muon=1.63101, others_stat_ele=4.70409, others_stat_muon=-6.86624, others_xs=3.90686, param=0.394802, pdf_ele=4.3512, pdf_muon=5.53084, photon_id=6.9491, pileup=2.98525, scale_ele=6.88181, scale_muon=-2.09229
RooProdPdf::model_s[ modelObs_s * nuisancePdf ]
     getLogVal() top-level p.d.f evaluates to zero @ !pdfs=(modelObs_s = 0/1,nuisancePdf = 1)

[#0] WARNING:Minization -- RooMinimizerFcn: Minimized function has error status.
Returning maximum FCN so far (889.32) to force MIGRAD to back out of this region. Error log follows
Parameter values: JER_ele=2.7467, JER_muon=-4.6103, JES_ele=5.06238, JES_muon=5.19591, QCD_stat_ele=4.08272, QCD_stat_muon=4.06026, VBS_stat_ele=5.19836, VBS_stat_muon=-3.79648, ele_efficiency=-0.600195, ele_trigger=3.59243, fakephoton_ele=4.88277, fakephoton_muon=1.02012, interference=0.953161, lumi=1.28145, mu_efficiency=6.99491, mu_trigger=-4.59892, non_prompt_stat_ele=6.1321, non_prompt_stat_muon=6.05851, others_stat_ele=5.20959, others_stat_muon=-6.44793, others_xs=1.61536, param=0.059543, pdf_ele=4.92634, pdf_muon=-1.10368, photon_id=3.02216, pileup=3.14535, scale_ele=6.39099, scale_muon=6.25518
RooProdPdf::model_s[ modelObs_s * nuisancePdf ]
     getLogVal() top-level p.d.f evaluates to zero @ !pdfs=(modelObs_s = 0/1,nuisancePdf = 1)

[#0] WARNING:Minization -- RooMinimizerFcn: Minimized function has error status.
Returning maximum FCN so far (889.32) to force MIGRAD to back out of this region. Error log follows
Parameter values: JER_ele=3.80909, JER_muon=-5.06538, JES_ele=6.16803, JES_muon=-4.23495, QCD_stat_ele=6.53623, QCD_stat_muon=5.92274, VBS_stat_ele=6.46968, VBS_stat_muon=6.99856, ele_efficiency=0.125945, ele_trigger=4.89388, fakephoton_ele=6.62376, fakephoton_muon=-6.21845, interference=-6.23262, lumi=-5.93618, mu_efficiency=6.2739, mu_trigger=6.99331, non_prompt_stat_ele=6.9778, non_prompt_stat_muon=-5.36564, others_stat_ele=6.63178, others_stat_muon=6.034, others_xs=-6.29225, param=0.178672, pdf_ele=6.53845, pdf_muon=5.64952, photon_id=0.810449, pileup=3.65081, scale_ele=1.48248, scale_muon=-6.54993
RooProdPdf::model_s[ modelObs_s * nuisancePdf ]
     getLogVal() top-level p.d.f evaluates to zero @ !pdfs=(modelObs_s = 0/1,nuisancePdf = 1)

[#0] WARNING:Minization -- RooMinimizerFcn: Minimized function has error status.
Returning maximum FCN so far (889.32) to force MIGRAD to back out of this region. Error log follows
Parameter values: JER_ele=2.03064, JER_muon=2.83044, JES_ele=4.25942, JES_muon=-6.17336, QCD_stat_ele=2.17797, QCD_stat_muon=6.95596, VBS_stat_ele=3.45476, VBS_stat_muon=-4.8676, ele_efficiency=-0.941202, ele_trigger=2.74115, fakephoton_ele=3.48921, fakephoton_muon=5.78937, interference=5.87995, lumi=5.87952, mu_efficiency=6.47948, mu_trigger=-5.55787, non_prompt_stat_ele=4.79602, non_prompt_stat_muon=-5.66036, others_stat_ele=4.08327, others_stat_muon=-3.70785, others_xs=6.13263, param=0.414595, pdf_ele=3.55862, pdf_muon=4.14323, photon_id=1.72665, pileup=2.71231, scale_ele=6.98173, scale_muon=1.99502
RooProdPdf::model_s[ modelObs_s * nuisancePdf ]
     getLogVal() top-level p.d.f evaluates to zero @ !pdfs=(modelObs_s = 0/1,nuisancePdf = 1)

[#0] WARNING:Minization -- RooMinimizerFcn: Minimized function has error status.
Returning maximum FCN so far (925.678) to force MIGRAD to back out of this region. Error log follows
Parameter values: JER_ele=2.06315, JER_muon=3.23, JES_ele=4.19159, JES_muon=-6.33639, QCD_stat_ele=2.32809, QCD_stat_muon=3.44177, VBS_stat_ele=3.6605, VBS_stat_muon=-4.9023, ele_efficiency=-0.818263, ele_trigger=2.74874, fakephoton_ele=3.53301, fakephoton_muon=5.84436, interference=5.82717, lumi=5.83408, mu_efficiency=6.39525, mu_trigger=-5.31385, non_prompt_stat_ele=4.80693, non_prompt_stat_muon=-5.83768, others_stat_ele=4.09096, others_stat_muon=-3.87282, others_xs=6.04842, param=0.150741, pdf_ele=3.66163, pdf_muon=3.3643, photon_id=1.17818, pileup=2.5967, scale_ele=6.98301, scale_muon=2.75414
RooProdPdf::model_s[ modelObs_s * nuisancePdf ]
     getLogVal() top-level p.d.f evaluates to zero @ !pdfs=(modelObs_s = 0/1,nuisancePdf = 1)

[#0] WARNING:Minization -- RooMinimizerFcn: Minimized function has error status.
Returning maximum FCN so far (594.586) to force MIGRAD to back out of this region. Error log follows
Parameter values: JER_ele=-5.07943, JER_muon=4.90433, JES_ele=-1.93521, JES_muon=-3.72048, QCD_stat_ele=0.604181, QCD_stat_muon=6.9442, VBS_stat_ele=4.86694, VBS_stat_muon=-6.93778, ele_efficiency=-0.585487, ele_trigger=-2.8055, fakephoton_ele=6.85345, fakephoton_muon=6.96975, interference=6.99419, lumi=6.95334, mu_efficiency=4.66983, mu_trigger=1.18807, non_prompt_stat_ele=6.87974, non_prompt_stat_muon=0.596317, others_stat_ele=-6.82056, others_stat_muon=-1.34899, others_xs=6.95206, param=0.844516, pdf_ele=-5.70598, pdf_muon=-5.75903, photon_id=-3.39319, pileup=4.95014, scale_ele=-1.92242, scale_muon=-5.9099
RooProdPdf::model_s[ modelObs_s * nuisancePdf ]
     getLogVal() top-level p.d.f evaluates to zero @ !pdfs=(modelObs_s = 0/1,nuisancePdf = 1)

[#0] WARNING:Minization -- RooMinimizerFcn: Minimized function has error status.
Returning maximum FCN so far (594.586) to force MIGRAD to back out of this region. Error log follows
Parameter values: JER_ele=4.22138, JER_muon=-3.30112, JES_ele=4.96972, JES_muon=6.98622, QCD_stat_ele=-6.8061, QCD_stat_muon=-6.682, VBS_stat_ele=4.44299, VBS_stat_muon=0.235453, ele_efficiency=1.88939, ele_trigger=4.39202, fakephoton_ele=4.17104, fakephoton_muon=-5.98314, interference=-6.92343, lumi=-6.91777, mu_efficiency=-5.157, mu_trigger=2.81142, non_prompt_stat_ele=4.92545, non_prompt_stat_muon=-0.875705, others_stat_ele=5.72406, others_stat_muon=4.50124, others_xs=-6.99037, param=1.29575, pdf_ele=5.81868, pdf_muon=-0.00846518, photon_id=6.47342, pileup=1.23183, scale_ele=6.07866, scale_muon=-4.35989
RooProdPdf::model_s[ modelObs_s * nuisancePdf ]
     getLogVal() top-level p.d.f evaluates to zero @ !pdfs=(modelObs_s = 0/1,nuisancePdf = 1)

[#0] WARNING:Minization -- RooMinimizerFcn: Minimized function has error status.
Returning maximum FCN so far (594.586) to force MIGRAD to back out of this region. Error log follows
Parameter values: JER_ele=3.5502, JER_muon=3.08949, JES_ele=5.41128, JES_muon=-6.98707, QCD_stat_ele=1.27818, QCD_stat_muon=6.68518, VBS_stat_ele=6.09749, VBS_stat_muon=-2.12989, ele_efficiency=2.07439, ele_trigger=4.50846, fakephoton_ele=5.83682, fakephoton_muon=6.8814, interference=6.99979, lumi=6.66589, mu_efficiency=5.83379, mu_trigger=-3.31415, non_prompt_stat_ele=6.49981, non_prompt_stat_muon=3.33903, others_stat_ele=6.30588, others_stat_muon=-3.83272, others_xs=3.37884, param=0.558861, pdf_ele=5.73397, pdf_muon=-1.09026, photon_id=-2.01814, pileup=3.23085, scale_ele=4.76058, scale_muon=3.0708
RooProdPdf::model_s[ modelObs_s * nuisancePdf ]
     getLogVal() top-level p.d.f evaluates to zero @ !pdfs=(modelObs_s = 0/1,nuisancePdf = 1)

[#0] WARNING:Minization -- RooMinimizerFcn: Minimized function has error status.
Returning maximum FCN so far (594.586) to force MIGRAD to back out of this region. Error log follows
Parameter values: JER_ele=5.3873, JER_muon=1.27038, JES_ele=6.91211, JES_muon=-6.25217, QCD_stat_ele=-6.74902, QCD_stat_muon=0.482298, VBS_stat_ele=6.97332, VBS_stat_muon=-4.34454, ele_efficiency=2.79833, ele_trigger=6.30989, fakephoton_ele=6.97288, fakephoton_muon=6.99854, interference=6.80278, lumi=5.36996, mu_efficiency=6.20028, mu_trigger=-5.4465, non_prompt_stat_ele=6.28983, non_prompt_stat_muon=1.00927, others_stat_ele=6.81462, others_stat_muon=-6.16765, others_xs=-0.348242, param=0.719267, pdf_ele=6.97867, pdf_muon=3.24869, photon_id=5.24902, pileup=3.5362, scale_ele=-4.94276, scale_muon=6.58768
RooProdPdf::model_s[ modelObs_s * nuisancePdf ]
     getLogVal() top-level p.d.f evaluates to zero @ !pdfs=(modelObs_s = 0/1,nuisancePdf = 1)

[#0] WARNING:Minization -- RooMinimizerFcn: Minimized function has error status.
Returning maximum FCN so far (819.147) to force MIGRAD to back out of this region. Error log follows
Parameter values: JER_ele=1.63957, JER_muon=4.43658, JES_ele=3.07136, JES_muon=6.76663, QCD_stat_ele=6.99453, QCD_stat_muon=-3.10565, VBS_stat_ele=2.92867, VBS_stat_muon=5.26519, ele_efficiency=1.52728, ele_trigger=2.37425, fakephoton_ele=2.77511, fakephoton_muon=3.65724, interference=1.94466, lumi=3.36992, mu_efficiency=2.30394, mu_trigger=5.97264, non_prompt_stat_ele=3.1875, non_prompt_stat_muon=3.99099, others_stat_ele=3.72749, others_stat_muon=6.02597, others_xs=5.7321, param=1.10901, pdf_ele=2.37094, pdf_muon=6.99529, photon_id=6.95772, pileup=2.4355, scale_ele=6.3632, scale_muon=-2.91248
RooProdPdf::model_s[ modelObs_s * nuisancePdf ]
     getLogVal() top-level p.d.f evaluates to zero @ !pdfs=(modelObs_s = 0/1,nuisancePdf = 1)

[#0] WARNING:Minization -- RooMinimizerFcn: Minimized function has error status.
Returning maximum FCN so far (819.147) to force MIGRAD to back out of this region. Error log follows
Parameter values: JER_ele=3.41806, JER_muon=6.46982, JES_ele=5.26318, JES_muon=-2.21344, QCD_stat_ele=1.49048, QCD_stat_muon=-6.79757, VBS_stat_ele=5.61727, VBS_stat_muon=4.63677, ele_efficiency=1.93961, ele_trigger=4.35267, fakephoton_ele=5.66488, fakephoton_muon=6.03182, interference=6.37556, lumi=6.92967, mu_efficiency=4.73016, mu_trigger=3.04328, non_prompt_stat_ele=6.35294, non_prompt_stat_muon=6.66703, others_stat_ele=6.15471, others_stat_muon=3.13261, others_xs=6.25483, param=0.596987, pdf_ele=5.61487, pdf_muon=-6.89633, photon_id=-6.98574, pileup=2.77372, scale_ele=5.13014, scale_muon=-2.10411
RooProdPdf::model_s[ modelObs_s * nuisancePdf ]
     getLogVal() top-level p.d.f evaluates to zero @ !pdfs=(modelObs_s = 0/1,nuisancePdf = 1)

[#0] WARNING:Minization -- RooMinimizerFcn: Minimized function has error status.
Returning maximum FCN so far (819.147) to force MIGRAD to back out of this region. Error log follows
Parameter values: JER_ele=2.42684, JER_muon=6.62813, JES_ele=4.00192, JES_muon=5.68389, QCD_stat_ele=6.00794, QCD_stat_muon=2.76983, VBS_stat_ele=4.69774, VBS_stat_muon=6.98111, ele_efficiency=1.70932, ele_trigger=3.22423, fakephoton_ele=4.06692, fakephoton_muon=4.73032, interference=4.35686, lumi=5.49907, mu_efficiency=3.40115, mu_trigger=6.9193, non_prompt_stat_ele=4.71093, non_prompt_stat_muon=6.2558, others_stat_ele=4.77816, others_stat_muon=6.96031, others_xs=6.86314, param=0.726039, pdf_ele=3.90978, pdf_muon=2.16521, photon_id=1.40466, pileup=2.60502, scale_ele=6.99825, scale_muon=-1.24321
RooProdPdf::model_s[ modelObs_s * nuisancePdf ]
     getLogVal() top-level p.d.f evaluates to zero @ !pdfs=(modelObs_s = 0/1,nuisancePdf = 1)

[#0] WARNING:Minization -- RooMinimizerFcn: Minimized function has error status.
Returning maximum FCN so far (819.147) to force MIGRAD to back out of this region. Error log follows
Parameter values: JER_ele=4.09659, JER_muon=6.30684, JES_ele=6.07661, JES_muon=-3.15976, QCD_stat_ele=-3.53488, QCD_stat_muon=-6.99872, VBS_stat_ele=6.029, VBS_stat_muon=4.41111, ele_efficiency=2.34835, ele_trigger=5.14488, fakephoton_ele=6.49941, fakephoton_muon=6.32415, interference=6.43113, lumi=6.9943, mu_efficiency=4.93516, mu_trigger=2.34511, non_prompt_stat_ele=6.94428, non_prompt_stat_muon=6.44644, others_stat_ele=6.78955, others_stat_muon=2.00028, others_xs=5.40218, param=1.05139, pdf_ele=6.37297, pdf_muon=-6.98896, photon_id=-6.77511, pileup=3.17839, scale_ele=1.77532, scale_muon=-4.49134
RooProdPdf::model_s[ modelObs_s * nuisancePdf ]
     getLogVal() top-level p.d.f evaluates to zero @ !pdfs=(modelObs_s = 0/1,nuisancePdf = 1)

[#0] WARNING:Minization -- RooMinimizerFcn: Minimized function has error status.
Returning maximum FCN so far (819.147) to force MIGRAD to back out of this region. Error log follows
Parameter values: JER_ele=1.93693, JER_muon=5.60445, JES_ele=3.34412, JES_muon=6.98052, QCD_stat_ele=6.9156, QCD_stat_muon=-6.64663, VBS_stat_ele=4.06447, VBS_stat_muon=6.64505, ele_efficiency=1.56995, ele_trigger=2.65723, fakephoton_ele=3.22604, fakephoton_muon=3.96281, interference=3.10364, lumi=4.31524, mu_efficiency=2.74151, mu_trigger=6.74414, non_prompt_stat_ele=3.74245, non_prompt_stat_muon=4.83868, others_stat_ele=3.98609, others_stat_muon=6.57517, others_xs=6.13005, param=0.610918, pdf_ele=2.98694, pdf_muon=6.06492, photon_id=5.65721, pileup=2.48227, scale_ele=6.68817, scale_muon=-6.91278
RooProdPdf::model_s[ modelObs_s * nuisancePdf ]
     getLogVal() top-level p.d.f evaluates to zero @ !pdfs=(modelObs_s = 0/1,nuisancePdf = 1)

[#0] WARNING:Minization -- RooMinimizerFcn: Minimized function has error status.
Returning maximum FCN so far (819.147) to force MIGRAD to back out of this region. Error log follows
Parameter values: JER_ele=2.74954, JER_muon=6.74739, JES_ele=4.51578, JES_muon=5.08562, QCD_stat_ele=4.53273, QCD_stat_muon=5.11235, VBS_stat_ele=4.8115, VBS_stat_muon=6.9814, ele_efficiency=1.87784, ele_trigger=3.64809, fakephoton_ele=4.7113, fakephoton_muon=4.96935, interference=4.4791, lumi=5.73972, mu_efficiency=3.57457, mu_trigger=6.78567, non_prompt_stat_ele=5.4175, non_prompt_stat_muon=6.46664, others_stat_ele=5.34685, others_stat_muon=6.84023, others_xs=6.97695, param=0.767475, pdf_ele=4.45926, pdf_muon=1.16404, photon_id=-0.15726, pileup=2.77621, scale_ele=6.70603, scale_muon=1.44891
RooProdPdf::model_s[ modelObs_s * nuisancePdf ]
     getLogVal() top-level p.d.f evaluates to zero @ !pdfs=(modelObs_s = 0/1,nuisancePdf = 1)

[#0] WARNING:Minization -- RooMinimizerFcn: Minimized function has error status.
Returning maximum FCN so far (819.147) to force MIGRAD to back out of this region. Error log follows
Parameter values: JER_ele=3.79148, JER_muon=6.87904, JES_ele=5.70602, JES_muon=0.0363955, QCD_stat_ele=-1.44285, QCD_stat_muon=-0.600419, VBS_stat_ele=5.78487, VBS_stat_muon=5.76456, ele_efficiency=2.12056, ele_trigger=4.77479, fakephoton_ele=6.12602, fakephoton_muon=5.81165, interference=5.9917, lumi=6.83534, mu_efficiency=4.4113, mu_trigger=4.54618, non_prompt_stat_ele=6.72583, non_prompt_stat_muon=6.94414, others_stat_ele=6.52257, others_stat_muon=4.3373, others_xs=6.41142, param=0.0864934, pdf_ele=6.06786, pdf_muon=-5.51485, photon_id=-6.57516, pileup=2.81273, scale_ele=3.53902, scale_muon=4.15329
RooProdPdf::model_s[ modelObs_s * nuisancePdf ]
     getLogVal() top-level p.d.f evaluates to zero @ !pdfs=(modelObs_s = 0/1,nuisancePdf = 1)

[#0] WARNING:Minization -- RooMinimizerFcn: Minimized function has error status.
Returning maximum FCN so far (819.147) to force MIGRAD to back out of this region. Error log follows
Parameter values: JER_ele=4.06664, JER_muon=6.82813, JES_ele=6.00692, JES_muon=-0.576007, QCD_stat_ele=-3.32936, QCD_stat_muon=-1.93398, VBS_stat_ele=5.88293, VBS_stat_muon=5.76492, ele_efficiency=2.2076, ele_trigger=5.07593, fakephoton_ele=6.43389, fakephoton_muon=5.89746, interference=6.08837, lumi=6.90548, mu_efficiency=4.48573, mu_trigger=4.21917, non_prompt_stat_ele=6.91375, non_prompt_stat_muon=6.87921, others_stat_ele=6.74838, others_stat_muon=3.86548, others_xs=6.14897, param=0.000440727, pdf_ele=6.38394, pdf_muon=-5.90315, photon_id=-6.89099, pileup=2.83239, scale_ele=2.03296, scale_muon=2.59467
RooProdPdf::model_s[ modelObs_s * nuisancePdf ]
     getLogVal() top-level p.d.f evaluates to zero @ !pdfs=(modelObs_s = 0/1,nuisancePdf = 1)

[#0] WARNING:Minization -- RooMinimizerFcn: Minimized function has error status.
Returning maximum FCN so far (819.147) to force MIGRAD to back out of this region. Error log follows
Parameter values: JER_ele=3.16232, JER_muon=6.84316, JES_ele=5.01251, JES_muon=4.48893, QCD_stat_ele=2.30829, QCD_stat_muon=6.28628, VBS_stat_ele=5.07018, VBS_stat_muon=6.96107, ele_efficiency=1.93247, ele_trigger=4.09757, fakephoton_ele=5.32976, fakephoton_muon=5.04095, interference=4.79798, lumi=6.05169, mu_efficiency=3.6591, mu_trigger=6.62133, non_prompt_stat_ele=6.04478, non_prompt_stat_muon=6.67579, others_stat_ele=5.87969, others_stat_muon=6.62919, others_xs=6.99858, param=0.0193477, pdf_ele=5.18566, pdf_muon=0.12903, photon_id=-1.86276, pileup=2.66288, scale_ele=5.82383, scale_muon=3.68511
RooProdPdf::model_s[ modelObs_s * nuisancePdf ]
     getLogVal() top-level p.d.f evaluates to zero @ !pdfs=(modelObs_s = 0/1,nuisancePdf = 1)

[#0] WARNING:Minization -- RooMinimizerFcn: Minimized function has error status.
Returning maximum FCN so far (819.147) to force MIGRAD to back out of this region. Error log follows
Parameter values: JER_ele=2.55279, JER_muon=6.24738, JES_ele=4.42675, JES_muon=6.02759, QCD_stat_ele=4.60835, QCD_stat_muon=-0.590513, VBS_stat_ele=3.33332, VBS_stat_muon=6.31958, ele_efficiency=1.73255, ele_trigger=3.49476, fakephoton_ele=4.61749, fakephoton_muon=4.64045, interference=3.66733, lumi=5.17012, mu_efficiency=3.19446, mu_trigger=6.99522, non_prompt_stat_ele=5.30568, non_prompt_stat_muon=6.2068, others_stat_ele=5.32834, others_stat_muon=6.96327, others_xs=6.91507, param=0.791115, pdf_ele=4.25206, pdf_muon=3.80621, photon_id=2.17784, pileup=2.486, scale_ele=6.73534, scale_muon=-2.70693
RooProdPdf::model_s[ modelObs_s * nuisancePdf ]
     getLogVal() top-level p.d.f evaluates to zero @ !pdfs=(modelObs_s = 0/1,nuisancePdf = 1)

[#0] WARNING:Minization -- RooMinimizerFcn: Minimized function has error status.
Returning maximum FCN so far (925.839) to force MIGRAD to back out of this region. Error log follows
Parameter values: JER_ele=1.86339, JER_muon=5.39569, JES_ele=3.51074, JES_muon=6.94236, QCD_stat_ele=6.6633, QCD_stat_muon=-6.128, VBS_stat_ele=2.33188, VBS_stat_muon=5.08013, ele_efficiency=1.5178, ele_trigger=2.69594, fakephoton_ele=3.54885, fakephoton_muon=4.01066, interference=2.58965, lumi=4.01364, mu_efficiency=2.70422, mu_trigger=6.74209, non_prompt_stat_ele=4.11602, non_prompt_stat_muon=5.14344, others_stat_ele=4.28728, others_stat_muon=6.7477, others_xs=6.30996, param=0.0359366, pdf_ele=3.01334, pdf_muon=6.18941, photon_id=5.5692, pileup=2.35558, scale_ele=6.88293, scale_muon=-6.98506
RooProdPdf::model_s[ modelObs_s * nuisancePdf ]
     getLogVal() top-level p.d.f evaluates to zero @ !pdfs=(modelObs_s = 0/1,nuisancePdf = 1)

[#0] WARNING:Minization -- RooMinimizerFcn: Minimized function has error status.
Returning maximum FCN so far (630.7) to force MIGRAD to back out of this region. Error log follows
Parameter values: JER_ele=4.09077, JER_muon=6.96876, JES_ele=5.5792, JES_muon=6.83347, QCD_stat_ele=0.736318, QCD_stat_muon=6.85515, VBS_stat_ele=4.63049, VBS_stat_muon=6.98433, ele_efficiency=1.17582, ele_trigger=4.71666, fakephoton_ele=6.99338, fakephoton_muon=3.79385, interference=4.05036, lumi=6.2748, mu_efficiency=3.47133, mu_trigger=6.39881, non_prompt_stat_ele=6.07065, non_prompt_stat_muon=6.28962, others_stat_ele=6.48709, others_stat_muon=5.5175, others_xs=6.98077, param=0.418832, pdf_ele=6.99602, pdf_muon=0.226959, photon_id=-3.913, pileup=0.735946, scale_ele=4.83531, scale_muon=-0.33228
RooProdPdf::model_s[ modelObs_s * nuisancePdf ]
     getLogVal() top-level p.d.f evaluates to zero @ !pdfs=(modelObs_s = 0/1,nuisancePdf = 1)

[#0] WARNING:Minization -- RooMinimizerFcn: Minimized function has error status.
Returning maximum FCN so far (630.7) to force MIGRAD to back out of this region. Error log follows
Parameter values: JER_ele=5.1564, JER_muon=5.31397, JES_ele=6.66485, JES_muon=0.108398, QCD_stat_ele=-5.83808, QCD_stat_muon=-0.261117, VBS_stat_ele=5.98238, VBS_stat_muon=4.00174, ele_efficiency=1.64976, ele_trigger=5.91048, fakephoton_ele=5.8868, fakephoton_muon=5.47328, interference=6.39948, lumi=6.92727, mu_efficiency=4.89741, mu_trigger=1.35448, non_prompt_stat_ele=1.78014, non_prompt_stat_muon=6.62321, others_stat_ele=6.99648, others_stat_muon=-2.26161, others_xs=4.93226, param=0.546261, pdf_ele=6.69757, pdf_muon=-6.82798, photon_id=-3.86274, pileup=1.21734, scale_ele=-1.716, scale_muon=-3.64381
RooProdPdf::model_s[ modelObs_s * nuisancePdf ]
     getLogVal() top-level p.d.f evaluates to zero @ !pdfs=(modelObs_s = 0/1,nuisancePdf = 1)

[#0] WARNING:Minization -- RooMinimizerFcn: Minimized function has error status.
Returning maximum FCN so far (630.7) to force MIGRAD to back out of this region. Error log follows
Parameter values: JER_ele=-6.07423, JER_muon=0.0123947, JES_ele=-6.88357, JES_muon=6.20877, QCD_stat_ele=2.64273, QCD_stat_muon=2.06933, VBS_stat_ele=-6.93663, VBS_stat_muon=0.605312, ele_efficiency=-2.47832, ele_trigger=-6.86834, fakephoton_ele=1.69277, fakephoton_muon=-6.63733, interference=-6.33049, lumi=-4.34263, mu_efficiency=-5.82632, mu_trigger=4.23971, non_prompt_stat_ele=6.60751, non_prompt_stat_muon=-0.120097, others_stat_ele=-5.78952, others_stat_muon=6.99968, others_xs=2.90377, param=1.17236, pdf_ele=-6.62857, pdf_muon=-5.64371, photon_id=-6.44623, pileup=-2.06074, scale_ele=6.01103, scale_muon=-5.25165
RooProdPdf::model_s[ modelObs_s * nuisancePdf ]
     getLogVal() top-level p.d.f evaluates to zero @ !pdfs=(modelObs_s = 0/1,nuisancePdf = 1)

[#0] WARNING:Minization -- RooMinimizerFcn: Minimized function has error status.
Returning maximum FCN so far (798.606) to force MIGRAD to back out of this region. Error log follows
Parameter values: JER_ele=1.72839, JER_muon=4.76164, JES_ele=2.4342, JES_muon=5.13537, QCD_stat_ele=6.34901, QCD_stat_muon=-5.2325, VBS_stat_ele=0.959264, VBS_stat_muon=4.50315, ele_efficiency=0.3875, ele_trigger=1.94846, fakephoton_ele=3.22527, fakephoton_muon=2.16643, interference=1.402, lumi=3.28915, mu_efficiency=1.99027, mu_trigger=6.18998, non_prompt_stat_ele=4.50029, non_prompt_stat_muon=3.53578, others_stat_ele=3.24803, others_stat_muon=6.64362, others_xs=4.53218, param=0.828658, pdf_ele=4.72368, pdf_muon=6.99482, photon_id=6.9092, pileup=0.277433, scale_ele=5.02681, scale_muon=-0.289372
RooProdPdf::model_s[ modelObs_s * nuisancePdf ]
     getLogVal() top-level p.d.f evaluates to zero @ !pdfs=(modelObs_s = 0/1,nuisancePdf = 1)

[#0] WARNING:Minization -- RooMinimizerFcn: Minimized function has error status.
Returning maximum FCN so far (798.606) to force MIGRAD to back out of this region. Error log follows
Parameter values: JER_ele=3.26911, JER_muon=6.83797, JES_ele=4.76454, JES_muon=6.87609, QCD_stat_ele=4.4567, QCD_stat_muon=6.62163, VBS_stat_ele=2.58599, VBS_stat_muon=6.33976, ele_efficiency=0.920807, ele_trigger=3.88489, fakephoton_ele=6.58544, fakephoton_muon=3.45793, interference=3.37498, lumi=5.54356, mu_efficiency=3.26317, mu_trigger=6.75662, non_prompt_stat_ele=6.95081, non_prompt_stat_muon=5.90997, others_stat_ele=5.76309, others_stat_muon=6.32101, others_xs=6.77512, param=0.794713, pdf_ele=6.60991, pdf_muon=1.6107, photon_id=-1.4298, pileup=0.653121, scale_ele=6.55564, scale_muon=-1.86537
RooProdPdf::model_s[ modelObs_s * nuisancePdf ]
     getLogVal() top-level p.d.f evaluates to zero @ !pdfs=(modelObs_s = 0/1,nuisancePdf = 1)

[#0] WARNING:Minization -- RooMinimizerFcn: Minimized function has error status.
Returning maximum FCN so far (798.606) to force MIGRAD to back out of this region. Error log follows
Parameter values: JER_ele=5.51609, JER_muon=2.73426, JES_ele=6.92613, JES_muon=-3.85441, QCD_stat_ele=-6.87212, QCD_stat_muon=6.42943, VBS_stat_ele=4.87085, VBS_stat_muon=6.69158, ele_efficiency=1.81856, ele_trigger=6.30254, fakephoton_ele=1.7987, fakephoton_muon=4.69451, interference=5.75034, lumi=6.9954, mu_efficiency=5.47141, mu_trigger=-1.65685, non_prompt_stat_ele=-4.91545, non_prompt_stat_muon=6.99371, others_stat_ele=6.84051, others_stat_muon=2.33563, others_xs=6.07786, param=0.363486, pdf_ele=5.87779, pdf_muon=-1.85032, photon_id=2.19275, pileup=1.36881, scale_ele=-5.00732, scale_muon=-2.78251
RooProdPdf::model_s[ modelObs_s * nuisancePdf ]
     getLogVal() top-level p.d.f evaluates to zero @ !pdfs=(modelObs_s = 0/1,nuisancePdf = 1)

[#0] WARNING:Minization -- RooMinimizerFcn: Minimized function has error status.
Returning maximum FCN so far (798.606) to force MIGRAD to back out of this region. Error log follows
Parameter values: JER_ele=5.07372, JER_muon=3.03308, JES_ele=6.59195, JES_muon=-6.40838, QCD_stat_ele=-2.21553, QCD_stat_muon=-3.04748, VBS_stat_ele=6.91587, VBS_stat_muon=-6.94604, ele_efficiency=1.64923, ele_trigger=5.83341, fakephoton_ele=5.92235, fakephoton_muon=6.72707, interference=5.82264, lumi=1.4625, mu_efficiency=5.99732, mu_trigger=-5.16401, non_prompt_stat_ele=6.6396, non_prompt_stat_muon=-5.5678, others_stat_ele=6.98971, others_stat_muon=5.33587, others_xs=-6.38156, param=0.327682, pdf_ele=6.87651, pdf_muon=-1.33451, photon_id=5.24106, pileup=1.62922, scale_ele=0.0696909, scale_muon=4.22665
RooProdPdf::model_s[ modelObs_s * nuisancePdf ]
     getLogVal() top-level p.d.f evaluates to zero @ !pdfs=(modelObs_s = 0/1,nuisancePdf = 1)

[#0] WARNING:Minization -- RooMinimizerFcn: Minimized function has error status.
Returning maximum FCN so far (798.606) to force MIGRAD to back out of this region. Error log follows
Parameter values: JER_ele=4.0104, JER_muon=5.55606, JES_ele=5.63471, JES_muon=0.285043, QCD_stat_ele=0.916515, QCD_stat_muon=1.64397, VBS_stat_ele=4.1576, VBS_stat_muon=5.73997, ele_efficiency=1.18479, ele_trigger=4.72187, fakephoton_ele=6.99907, fakephoton_muon=5.3707, interference=5.97629, lumi=6.99097, mu_efficiency=4.87528, mu_trigger=1.51564, non_prompt_stat_ele=5.99484, non_prompt_stat_muon=6.76387, others_stat_ele=6.52843, others_stat_muon=-1.78256, others_xs=5.86576, param=0.123681, pdf_ele=6.97277, pdf_muon=-6.9042, photon_id=-5.9455, pileup=1.10298, scale_ele=4.38619, scale_muon=-4.14852
RooProdPdf::model_s[ modelObs_s * nuisancePdf ]
     getLogVal() top-level p.d.f evaluates to zero @ !pdfs=(modelObs_s = 0/1,nuisancePdf = 1)

[#0] WARNING:Minization -- RooMinimizerFcn: Minimized function has error status.
Returning maximum FCN so far (798.606) to force MIGRAD to back out of this region. Error log follows
Parameter values: JER_ele=1.74003, JER_muon=5.24269, JES_ele=2.38074, JES_muon=5.70781, QCD_stat_ele=6.22974, QCD_stat_muon=-6.99407, VBS_stat_ele=1.37698, VBS_stat_muon=5.22557, ele_efficiency=0.38051, ele_trigger=1.92885, fakephoton_ele=3.22424, fakephoton_muon=2.24557, interference=1.77835, lumi=3.55159, mu_efficiency=2.17991, mu_trigger=6.49343, non_prompt_stat_ele=4.50886, non_prompt_stat_muon=3.69678, others_stat_ele=3.1324, others_stat_muon=6.7238, others_xs=4.61235, param=0.375902, pdf_ele=4.75338, pdf_muon=6.8792, photon_id=6.62486, pileup=0.312546, scale_ele=4.90367, scale_muon=-3.0081
RooProdPdf::model_s[ modelObs_s * nuisancePdf ]
     getLogVal() top-level p.d.f evaluates to zero @ !pdfs=(modelObs_s = 0/1,nuisancePdf = 1)

[#0] WARNING:Minization -- RooMinimizerFcn: Minimized function has error status.
Returning maximum FCN so far (798.606) to force MIGRAD to back out of this region. Error log follows
Parameter values: JER_ele=2.1324, JER_muon=6.08536, JES_ele=3.00542, JES_muon=6.72123, QCD_stat_ele=6.91469, QCD_stat_muon=-2.95877, VBS_stat_ele=1.91737, VBS_stat_muon=6.09969, ele_efficiency=0.51649, ele_trigger=2.43303, fakephoton_ele=4.21757, fakephoton_muon=2.82226, interference=2.64968, lumi=4.47924, mu_efficiency=2.6287, mu_trigger=6.95049, non_prompt_stat_ele=5.56226, non_prompt_stat_muon=4.86038, others_stat_ele=3.85225, others_stat_muon=6.9867, others_xs=5.71799, param=0.329656, pdf_ele=5.29955, pdf_muon=5.53318, photon_id=4.60261, pileup=0.440589, scale_ele=6.09104, scale_muon=-6.93095
RooProdPdf::model_s[ modelObs_s * nuisancePdf ]
     getLogVal() top-level p.d.f evaluates to zero @ !pdfs=(modelObs_s = 0/1,nuisancePdf = 1)

[#0] WARNING:Minization -- RooMinimizerFcn: Minimized function has error status.
Returning maximum FCN so far (798.606) to force MIGRAD to back out of this region. Error log follows
Parameter values: JER_ele=3.21845, JER_muon=6.98922, JES_ele=4.61354, JES_muon=5.75367, QCD_stat_ele=5.18404, QCD_stat_muon=1.77739, VBS_stat_ele=3.04174, VBS_stat_muon=6.99854, ele_efficiency=0.884163, ele_trigger=3.77831, fakephoton_ele=6.33523, fakephoton_muon=4.28443, interference=4.48484, lumi=6.2928, mu_efficiency=3.84125, mu_trigger=5.65688, non_prompt_stat_ele=6.9996, non_prompt_stat_muon=6.7797, others_stat_ele=5.61487, others_stat_muon=3.95451, others_xs=6.99997, param=0.475314, pdf_ele=6.585, pdf_muon=-2.68283, photon_id=-4.66302, pileup=0.770749, scale_ele=6.76166, scale_muon=6.04203
RooProdPdf::model_s[ modelObs_s * nuisancePdf ]
     getLogVal() top-level p.d.f evaluates to zero @ !pdfs=(modelObs_s = 0/1,nuisancePdf = 1)

[#0] WARNING:Minization -- RooMinimizerFcn: Minimized function has error status.
Returning maximum FCN so far (798.606) to force MIGRAD to back out of this region. Error log follows
Parameter values: JER_ele=2.16387, JER_muon=6.0048, JES_ele=3.05993, JES_muon=6.65981, QCD_stat_ele=6.94409, QCD_stat_muon=-3.82002, VBS_stat_ele=1.93765, VBS_stat_muon=6.00695, ele_efficiency=0.528655, ele_trigger=2.4758, fakephoton_ele=4.30315, fakephoton_muon=2.77197, interference=2.58982, lumi=4.43677, mu_efficiency=2.5822, mu_trigger=6.92513, non_prompt_stat_ele=5.64569, non_prompt_stat_muon=4.773, others_stat_ele=3.91188, others_stat_muon=6.99596, others_xs=5.67675, param=0.0655042, pdf_ele=5.33367, pdf_muon=5.73441, photon_id=4.76048, pileup=0.434295, scale_ele=6.17882, scale_muon=-6.811
RooProdPdf::model_s[ modelObs_s * nuisancePdf ]
     getLogVal() top-level p.d.f evaluates to zero @ !pdfs=(modelObs_s = 0/1,nuisancePdf = 1)

[#0] WARNING:Minization -- RooMinimizerFcn: Minimized function has error status.
Returning maximum FCN so far (798.606) to force MIGRAD to back out of this region. Error log follows
Parameter values: JER_ele=3.69139, JER_muon=6.70518, JES_ele=5.26466, JES_muon=3.79986, QCD_stat_ele=2.69597, QCD_stat_muon=-6.37676, VBS_stat_ele=3.57637, VBS_stat_muon=6.81764, ele_efficiency=1.06605, ele_trigger=4.35945, fakephoton_ele=6.85218, fakephoton_muon=4.8052, interference=5.20301, lumi=6.75048, mu_efficiency=4.28501, mu_trigger=4.19146, non_prompt_stat_ele=6.70269, non_prompt_stat_muon=6.99907, others_stat_ele=6.2199, others_stat_muon=1.48752, others_xs=6.72531, param=0.145566, pdf_ele=6.86441, pdf_muon=-5.64413, photon_id=-6.83815, pileup=0.922888, scale_ele=5.58929, scale_muon=5.66825
RooProdPdf::model_s[ modelObs_s * nuisancePdf ]
     getLogVal() top-level p.d.f evaluates to zero @ !pdfs=(modelObs_s = 0/1,nuisancePdf = 1)

[#0] WARNING:Minization -- RooMinimizerFcn: Minimized function has error status.
Returning maximum FCN so far (798.606) to force MIGRAD to back out of this region. Error log follows
Parameter values: JER_ele=2.00739, JER_muon=5.61755, JES_ele=2.83419, JES_muon=6.27055, QCD_stat_ele=6.798, QCD_stat_muon=-6.35112, VBS_stat_ele=1.65485, VBS_stat_muon=5.53356, ele_efficiency=0.47842, ele_trigger=2.28647, fakephoton_ele=3.94537, fakephoton_muon=2.5273, interference=2.20132, lumi=4.0411, mu_efficiency=2.37346, mu_trigger=6.74888, non_prompt_stat_ele=5.28258, non_prompt_stat_muon=4.30546, others_stat_ele=3.65413, others_stat_muon=6.95841, others_xs=5.26462, param=0.0281849, pdf_ele=5.11155, pdf_muon=6.47604, photon_id=5.8074, pileup=0.380068, scale_ele=5.81847, scale_muon=-5.46838
RooProdPdf::model_s[ modelObs_s * nuisancePdf ]
     getLogVal() top-level p.d.f evaluates to zero @ !pdfs=(modelObs_s = 0/1,nuisancePdf = 1)

[#0] WARNING:Minization -- RooMinimizerFcn: Minimized function has error status.
Returning maximum FCN so far (798.606) to force MIGRAD to back out of this region. Error log follows
Parameter values: JER_ele=3.34495, JER_muon=6.97435, JES_ele=4.82757, JES_muon=5.43303, QCD_stat_ele=4.45026, QCD_stat_muon=-0.0114575, VBS_stat_ele=3.04084, VBS_stat_muon=6.99987, ele_efficiency=0.940688, ele_trigger=3.95496, fakephoton_ele=6.54356, fakephoton_muon=4.3705, interference=4.58569, lumi=6.38319, mu_efficiency=3.9051, mu_trigger=5.47885, non_prompt_stat_ele=6.97351, non_prompt_stat_muon=6.84835, others_stat_ele=5.82183, others_stat_muon=3.52598, others_xs=6.98436, param=0.0905786, pdf_ele=6.6605, pdf_muon=-3.20249, photon_id=-5.26862, pileup=0.804241, scale_ele=6.47649, scale_muon=6.65645
RooProdPdf::model_s[ modelObs_s * nuisancePdf ]
     getLogVal() top-level p.d.f evaluates to zero @ !pdfs=(modelObs_s = 0/1,nuisancePdf = 1)

[#0] WARNING:Minization -- RooMinimizerFcn: Minimized function has error status.
Returning maximum FCN so far (798.606) to force MIGRAD to back out of this region. Error log follows
Parameter values: JER_ele=2.47668, JER_muon=6.42897, JES_ele=3.57061, JES_muon=6.98098, QCD_stat_ele=6.91878, QCD_stat_muon=1.42633, VBS_stat_ele=2.28178, VBS_stat_muon=6.35891, ele_efficiency=0.645919, ele_trigger=2.88801, fakephoton_ele=5.05807, fakephoton_muon=3.14183, interference=3.15597, lumi=5.01588, mu_efficiency=2.86625, mu_trigger=6.99822, non_prompt_stat_ele=6.31427, non_prompt_stat_muon=5.46363, others_stat_ele=4.48421, others_stat_muon=6.74846, others_xs=6.30045, param=8.90967e-05, pdf_ele=5.69065, pdf_muon=4.19838, photon_id=2.55201, pileup=0.529568, scale_ele=6.79582, scale_muon=-6.27959
RooProdPdf::model_s[ modelObs_s * nuisancePdf ]
     getLogVal() top-level p.d.f evaluates to zero @ !pdfs=(modelObs_s = 0/1,nuisancePdf = 1)

[#0] WARNING:Minization -- RooMinimizerFcn: Minimized function has error status.
Returning maximum FCN so far (798.606) to force MIGRAD to back out of this region. Error log follows
Parameter values: JER_ele=1.52017, JER_muon=4.61648, JES_ele=2.19633, JES_muon=5.31549, QCD_stat_ele=6.08307, QCD_stat_muon=-5.94941, VBS_stat_ele=0.880305, VBS_stat_muon=3.93907, ele_efficiency=0.359144, ele_trigger=1.74411, fakephoton_ele=2.96744, fakephoton_muon=1.91072, interference=1.5312, lumi=3.09085, mu_efficiency=1.85877, mu_trigger=5.93307, non_prompt_stat_ele=4.10967, non_prompt_stat_muon=3.28228, others_stat_ele=2.88791, others_stat_muon=6.44093, others_xs=4.35735, param=0.0587085, pdf_ele=4.1002, pdf_muon=6.9857, photon_id=6.967, pileup=0.29118, scale_ele=4.74214, scale_muon=-0.116128
RooProdPdf::model_s[ modelObs_s * nuisancePdf ]
     getLogVal() top-level p.d.f evaluates to zero @ !pdfs=(modelObs_s = 0/1,nuisancePdf = 1)


 -- Hybrid New -- 
CLs = 0.00238095 +/- 0.00238039
Done in 19.67 min (cpu), 19.84 min (real)
