000 (742532.000.000) 10/23 23:15:43 Job submitted from host: <202.38.140.107:9618?addrs=202.38.140.107-9618&noUDP&sock=4455_df10>
...
001 (742532.000.000) 10/23 23:15:44 Job executing on host: <192.168.1.3:9618?addrs=192.168.1.3-9618&noUDP&sock=4458_b5b2_3>
...
006 (742532.000.000) 10/23 23:15:52 Image size of job updated: 330004
	267  -  MemoryUsage of job (MB)
	272972  -  ResidentSetSize of job (KB)
...
006 (742532.000.000) 10/23 23:20:52 Image size of job updated: 593972
	511  -  MemoryUsage of job (MB)
	522820  -  ResidentSetSize of job (KB)
...
006 (742532.000.000) 10/23 23:25:52 Image size of job updated: 604600
	521  -  MemoryUsage of job (MB)
	533448  -  ResidentSetSize of job (KB)
...
006 (742532.000.000) 10/23 23:30:52 Image size of job updated: 608476
	525  -  MemoryUsage of job (MB)
	537324  -  ResidentSetSize of job (KB)
...
006 (742532.000.000) 10/23 23:35:53 Image size of job updated: 612464
	529  -  MemoryUsage of job (MB)
	541312  -  ResidentSetSize of job (KB)
...
006 (742532.000.000) 10/23 23:40:54 Image size of job updated: 612464
	540  -  MemoryUsage of job (MB)
	552208  -  ResidentSetSize of job (KB)
...
006 (742532.000.000) 10/23 23:45:54 Image size of job updated: 612464
	545  -  MemoryUsage of job (MB)
	557440  -  ResidentSetSize of job (KB)
...
006 (742532.000.000) 10/23 23:50:55 Image size of job updated: 612464
	546  -  MemoryUsage of job (MB)
	558372  -  ResidentSetSize of job (KB)
...
006 (742532.000.000) 10/23 23:55:56 Image size of job updated: 612464
	546  -  MemoryUsage of job (MB)
	558976  -  ResidentSetSize of job (KB)
...
006 (742532.000.000) 10/24 00:00:56 Image size of job updated: 612464
	548  -  MemoryUsage of job (MB)
	560148  -  ResidentSetSize of job (KB)
...
006 (742532.000.000) 10/24 00:05:56 Image size of job updated: 612464
	549  -  MemoryUsage of job (MB)
	561484  -  ResidentSetSize of job (KB)
...
006 (742532.000.000) 10/24 00:10:57 Image size of job updated: 612464
	560  -  MemoryUsage of job (MB)
	572936  -  ResidentSetSize of job (KB)
...
006 (742532.000.000) 10/24 00:15:58 Image size of job updated: 612464
	564  -  MemoryUsage of job (MB)
	576688  -  ResidentSetSize of job (KB)
...
006 (742532.000.000) 10/24 00:20:59 Image size of job updated: 612464
	565  -  MemoryUsage of job (MB)
	578296  -  ResidentSetSize of job (KB)
...
006 (742532.000.000) 10/24 00:25:59 Image size of job updated: 612464
	569  -  MemoryUsage of job (MB)
	581996  -  ResidentSetSize of job (KB)
...
006 (742532.000.000) 10/24 00:31:00 Image size of job updated: 612464
	572  -  MemoryUsage of job (MB)
	585712  -  ResidentSetSize of job (KB)
...
006 (742532.000.000) 10/24 00:36:01 Image size of job updated: 612464
	574  -  MemoryUsage of job (MB)
	587336  -  ResidentSetSize of job (KB)
...
006 (742532.000.000) 10/24 00:41:01 Image size of job updated: 612464
	576  -  MemoryUsage of job (MB)
	589264  -  ResidentSetSize of job (KB)
...
006 (742532.000.000) 10/24 00:46:02 Image size of job updated: 612464
	578  -  MemoryUsage of job (MB)
	590920  -  ResidentSetSize of job (KB)
...
006 (742532.000.000) 10/24 00:51:03 Image size of job updated: 612464
	579  -  MemoryUsage of job (MB)
	592512  -  ResidentSetSize of job (KB)
...
006 (742532.000.000) 10/24 00:56:03 Image size of job updated: 612464
	581  -  MemoryUsage of job (MB)
	594016  -  ResidentSetSize of job (KB)
...
006 (742532.000.000) 10/24 01:01:03 Image size of job updated: 612464
	582  -  MemoryUsage of job (MB)
	595416  -  ResidentSetSize of job (KB)
...
006 (742532.000.000) 10/24 01:06:04 Image size of job updated: 612464
	583  -  MemoryUsage of job (MB)
	596644  -  ResidentSetSize of job (KB)
...
006 (742532.000.000) 10/24 01:11:04 Image size of job updated: 612464
	584  -  MemoryUsage of job (MB)
	597996  -  ResidentSetSize of job (KB)
...
006 (742532.000.000) 10/24 01:16:04 Image size of job updated: 612532
	597  -  MemoryUsage of job (MB)
	610624  -  ResidentSetSize of job (KB)
...
006 (742532.000.000) 10/24 01:21:04 Image size of job updated: 612588
	597  -  MemoryUsage of job (MB)
	610680  -  ResidentSetSize of job (KB)
...
006 (742532.000.000) 10/24 01:26:05 Image size of job updated: 612596
	597  -  MemoryUsage of job (MB)
	610680  -  ResidentSetSize of job (KB)
...
006 (742532.000.000) 10/24 01:31:05 Image size of job updated: 614468
	599  -  MemoryUsage of job (MB)
	612552  -  ResidentSetSize of job (KB)
...
006 (742532.000.000) 10/24 01:36:06 Image size of job updated: 615612
	600  -  MemoryUsage of job (MB)
	613696  -  ResidentSetSize of job (KB)
...
006 (742532.000.000) 10/24 01:41:07 Image size of job updated: 622032
	606  -  MemoryUsage of job (MB)
	620116  -  ResidentSetSize of job (KB)
...
006 (742532.000.000) 10/24 01:42:23 Image size of job updated: 624016
	606  -  MemoryUsage of job (MB)
	620116  -  ResidentSetSize of job (KB)
...
012 (742532.000.000) 10/24 01:42:23 Job was held.
	The job attribute OnExitHold expression '(ExitBySignal == true) || (ExitCode != 0)' evaluated to TRUE
	Code 3 Subcode 0
...
013 (742532.000.000) 10/24 01:52:42 Job was released.
	The job attribute PeriodicRelease expression '(NumJobStarts < 3) && ((CurrentTime - EnteredCurrentStatus) > 600)' evaluated to TRUE
...
001 (742532.000.000) 10/24 01:52:55 Job executing on host: <192.168.1.10:9618?addrs=192.168.1.10-9618&noUDP&sock=2450_131f_3>
...
012 (742532.000.000) 10/24 04:09:00 Job was held.
	The job attribute OnExitHold expression '(ExitBySignal == true) || (ExitCode != 0)' evaluated to TRUE
	Code 3 Subcode 0
...
013 (742532.000.000) 10/24 04:19:52 Job was released.
	The job attribute PeriodicRelease expression '(NumJobStarts < 3) && ((CurrentTime - EnteredCurrentStatus) > 600)' evaluated to TRUE
...
001 (742532.000.000) 10/24 04:19:54 Job executing on host: <192.168.1.10:9618?addrs=192.168.1.10-9618&noUDP&sock=2450_131f_3>
...
012 (742532.000.000) 10/24 06:37:20 Job was held.
	The job attribute OnExitHold expression '(ExitBySignal == true) || (ExitCode != 0)' evaluated to TRUE
	Code 3 Subcode 0
...
009 (742532.000.000) 10/28 00:23:37 Job was aborted by the user.
	via condor_rm (by user anying)
...
