ZZJJTo4L_EWK
/data/pubfs/tyyang99/jupyter_files/pkutree/coffea_newid_mc_ssww_parquet/ZZJJTo4L_EWK/0/0.parquet 	1/9
4
4
4
/data/pubfs/tyyang99/jupyter_files/pkutree/coffea_newid_mc_ssww_parquet/ZZJJTo4L_EWK/1/1.parquet 	2/9
162
141
381
/data/pubfs/tyyang99/jupyter_files/pkutree/coffea_newid_mc_ssww_parquet/ZZJJTo4L_EWK/2/2.parquet 	3/9
217
191
521
/data/pubfs/tyyang99/jupyter_files/pkutree/coffea_newid_mc_ssww_parquet/ZZJJTo4L_EWK/3/3.parquet 	4/9
270
236
556
/data/pubfs/tyyang99/jupyter_files/pkutree/coffea_newid_mc_ssww_parquet/ZZJJTo4L_EWK/4/4.parquet 	5/9
289
255
617
/data/pubfs/tyyang99/jupyter_files/pkutree/coffea_newid_mc_ssww_parquet/ZZJJTo4L_EWK/5/5.parquet 	6/9
107
95
253
/data/pubfs/tyyang99/jupyter_files/pkutree/coffea_newid_mc_ssww_parquet/ZZJJTo4L_EWK/6/6.parquet 	7/9
301
256
587
/data/pubfs/tyyang99/jupyter_files/pkutree/coffea_newid_mc_ssww_parquet/ZZJJTo4L_EWK/7/7.parquet 	8/9
104
90
219
/data/pubfs/tyyang99/jupyter_files/pkutree/coffea_newid_mc_ssww_parquet/ZZJJTo4L_EWK/8/8.parquet 	9/9
166
139
322
job done!
