ggWW_et
/data/pubfs/tyyang99/jupyter_files/pkutree/coffea_newid_mc_ssww_parquet/ggWW_et/0/0.parquet 	1/10
0
0
0
/data/pubfs/tyyang99/jupyter_files/pkutree/coffea_newid_mc_ssww_parquet/ggWW_et/1/1.parquet 	2/10
0
0
0
/data/pubfs/tyyang99/jupyter_files/pkutree/coffea_newid_mc_ssww_parquet/ggWW_et/2/2.parquet 	3/10
0
0
0
/data/pubfs/tyyang99/jupyter_files/pkutree/coffea_newid_mc_ssww_parquet/ggWW_et/3/3.parquet 	4/10
0
0
3
/data/pubfs/tyyang99/jupyter_files/pkutree/coffea_newid_mc_ssww_parquet/ggWW_et/4/4.parquet 	5/10
0
0
0
/data/pubfs/tyyang99/jupyter_files/pkutree/coffea_newid_mc_ssww_parquet/ggWW_et/5/5.parquet 	6/10
0
0
2
/data/pubfs/tyyang99/jupyter_files/pkutree/coffea_newid_mc_ssww_parquet/ggWW_et/6/6.parquet 	7/10
0
0
1
/data/pubfs/tyyang99/jupyter_files/pkutree/coffea_newid_mc_ssww_parquet/ggWW_et/7/7.parquet 	8/10
0
0
2
/data/pubfs/tyyang99/jupyter_files/pkutree/coffea_newid_mc_ssww_parquet/ggWW_et/8/8.parquet 	9/10
0
0
0
/data/pubfs/tyyang99/jupyter_files/pkutree/coffea_newid_mc_ssww_parquet/ggWW_et/9/9.parquet 	10/10
0
0
0
job done!
