 <<< Combine >>> 
>>> including systematics
>>> using the Profile Likelihood test statistics modified for upper limits (Q_LHC)
>>> method used is HybridNew
>>> Used OpenSSL to get a really random seed -1429668007
Computing results starting from observation (a-posteriori)
[#0] WARNING:Minization -- RooMinimizerFcn: Minimized function has error status.
Returning maximum FCN so far (39.5508) to force MIGRAD to back out of this region. Error log follows
Parameter values: JER_ele=-0.475057, JER_muon=0.994306, JES_ele=-5.58883, JES_muon=-2.00918, QCD_stat_ele=0.918559, QCD_stat_muon=-2.35683, VBS_stat_ele=1.66306, VBS_stat_muon=4.4898, ele_efficiency=6.57404, ele_trigger=4.39313, fakephoton_ele=5.8114, fakephoton_muon=1.33611, interference=-5.5122, lumi=-3.06832, mu_efficiency=-3.18415, mu_trigger=-5.24493, non_prompt_stat_ele=5.29045, non_prompt_stat_muon=5.78747, others_stat_ele=2.40194, others_stat_muon=-1.23668, others_xs=-6.66439, param=0.815915, pdf_ele=5.9662, pdf_muon=2.48743, photon_id=-1.47203, pileup=4.58745, scale_ele=-5.25661, scale_muon=2.7388
RooProdPdf::model_s[ modelObs_s * nuisancePdf ]
     getLogVal() top-level p.d.f evaluates to zero @ !pdfs=(modelObs_s = 0/1,nuisancePdf = 1)

[#0] WARNING:Minization -- RooMinimizerFcn: Minimized function has error status.
Returning maximum FCN so far (994.473) to force MIGRAD to back out of this region. Error log follows
Parameter values: JER_ele=2.01993, JER_muon=-5.98586, JES_ele=-4.53277, JES_muon=-1.67725, QCD_stat_ele=-6.44387, QCD_stat_muon=3.17179, VBS_stat_ele=-4.92749, VBS_stat_muon=-6.32449, ele_efficiency=6.3163, ele_trigger=0.404278, fakephoton_ele=5.91396, fakephoton_muon=-6.57926, interference=-0.337414, lumi=6.80929, mu_efficiency=6.95728, mu_trigger=-6.06972, non_prompt_stat_ele=6.03886, non_prompt_stat_muon=-1.67047, others_stat_ele=-6.29398, others_stat_muon=-0.0100464, others_xs=4.81381, param=1.68937, pdf_ele=-6.66651, pdf_muon=6.69421, photon_id=-3.99974, pileup=6.79669, scale_ele=6.96969, scale_muon=4.92702
RooProdPdf::model_s[ modelObs_s * nuisancePdf ]
     getLogVal() top-level p.d.f evaluates to zero @ !pdfs=(modelObs_s = 0/1,nuisancePdf = 1)

[#0] WARNING:Minization -- RooMinimizerFcn: Minimized function has error status.
Returning maximum FCN so far (994.473) to force MIGRAD to back out of this region. Error log follows
Parameter values: JER_ele=-0.672312, JER_muon=-1.13543, JES_ele=-1.45271, JES_muon=-0.325795, QCD_stat_ele=1.79601, QCD_stat_muon=-0.97614, VBS_stat_ele=1.15887, VBS_stat_muon=-1.26018, ele_efficiency=4.0943, ele_trigger=0.214302, fakephoton_ele=4.17556, fakephoton_muon=-0.835539, interference=-2.06102, lumi=0.594185, mu_efficiency=-2.74412, mu_trigger=-0.599393, non_prompt_stat_ele=6.02227, non_prompt_stat_muon=-1.3452, others_stat_ele=2.01748, others_stat_muon=-2.33809, others_xs=-1.67311, param=1.73448, pdf_ele=2.42858, pdf_muon=0.762373, photon_id=-0.718844, pileup=0.382102, scale_ele=2.4023, scale_muon=-0.589153
RooProdPdf::model_s[ modelObs_s * nuisancePdf ]
     getLogVal() top-level p.d.f evaluates to zero @ !pdfs=(modelObs_s = 0/1,nuisancePdf = 1)

[#0] WARNING:Minization -- RooMinimizerFcn: Minimized function has error status.
Returning maximum FCN so far (994.473) to force MIGRAD to back out of this region. Error log follows
Parameter values: JER_ele=0.935981, JER_muon=1.21699, JES_ele=0.107902, JES_muon=4.64412, QCD_stat_ele=6.94548, QCD_stat_muon=6.78837, VBS_stat_ele=4.89693, VBS_stat_muon=1.52936, ele_efficiency=6.91073, ele_trigger=2.60027, fakephoton_ele=1.74021, fakephoton_muon=0.12912, interference=-0.837671, lumi=3.36705, mu_efficiency=-3.56619, mu_trigger=3.11367, non_prompt_stat_ele=-5.57744, non_prompt_stat_muon=0.785852, others_stat_ele=5.74917, others_stat_muon=-1.81385, others_xs=-0.0514145, param=1.74232, pdf_ele=6.1321, pdf_muon=6.70598, photon_id=6.6943, pileup=0.787801, scale_ele=6.85115, scale_muon=6.98497
RooProdPdf::model_s[ modelObs_s * nuisancePdf ]
     getLogVal() top-level p.d.f evaluates to zero @ !pdfs=(modelObs_s = 0/1,nuisancePdf = 1)

[#0] WARNING:Minization -- RooMinimizerFcn: Minimized function has error status.
Returning maximum FCN so far (42.4438) to force MIGRAD to back out of this region. Error log follows
Parameter values: JER_ele=6.7334, JER_muon=6.99614, JES_ele=5.10858, JES_muon=1.5596, QCD_stat_ele=-2.63252, QCD_stat_muon=-2.83537, VBS_stat_ele=6.18358, VBS_stat_muon=6.50881, ele_efficiency=-6.1958, ele_trigger=6.49712, fakephoton_ele=6.5071, fakephoton_muon=5.45114, interference=-0.48932, lumi=1.74727, mu_efficiency=6.84837, mu_trigger=-6.54986, non_prompt_stat_ele=4.71702, non_prompt_stat_muon=5.54794, others_stat_ele=-0.0433116, others_stat_muon=6.65284, others_xs=2.25777, param=1.75796, pdf_ele=5.68687, pdf_muon=6.59343, photon_id=6.25139, pileup=1.76055, scale_ele=-3.13478, scale_muon=-5.75132
RooProdPdf::model_s[ modelObs_s * nuisancePdf ]
     getLogVal() top-level p.d.f evaluates to zero @ !pdfs=(modelObs_s = 0/1,nuisancePdf = 1)

[#0] WARNING:Minization -- RooMinimizerFcn: Minimized function has error status.
Returning maximum FCN so far (884.865) to force MIGRAD to back out of this region. Error log follows
Parameter values: JER_ele=-6.89676, JER_muon=-1.90807, JES_ele=-6.99984, JES_muon=-6.6211, QCD_stat_ele=5.6023, QCD_stat_muon=6.81826, VBS_stat_ele=4.16804, VBS_stat_muon=6.6769, ele_efficiency=-5.79691, ele_trigger=-3.35756, fakephoton_ele=6.1598, fakephoton_muon=5.17951, interference=-5.89623, lumi=3.08389, mu_efficiency=-0.379656, mu_trigger=0.852567, non_prompt_stat_ele=4.93318, non_prompt_stat_muon=1.97386, others_stat_ele=4.59617, others_stat_muon=-2.16276, others_xs=0.959533, param=1.30502, pdf_ele=3.43512, pdf_muon=0.375834, photon_id=0.553115, pileup=-4.6036, scale_ele=3.81282, scale_muon=3.26187
RooProdPdf::model_s[ modelObs_s * nuisancePdf ]
     getLogVal() top-level p.d.f evaluates to zero @ !pdfs=(modelObs_s = 0/1,nuisancePdf = 1)

[#0] WARNING:Minization -- RooMinimizerFcn: Minimized function has error status.
Returning maximum FCN so far (884.865) to force MIGRAD to back out of this region. Error log follows
Parameter values: JER_ele=1.92783, JER_muon=3.18081, JES_ele=1.33886, JES_muon=4.31014, QCD_stat_ele=5.25988, QCD_stat_muon=-4.69252, VBS_stat_ele=4.28361, VBS_stat_muon=2.62354, ele_efficiency=0.454223, ele_trigger=1.58625, fakephoton_ele=0.49973, fakephoton_muon=1.10169, interference=2.85219, lumi=3.28255, mu_efficiency=1.15856, mu_trigger=4.59886, non_prompt_stat_ele=6.95018, non_prompt_stat_muon=0.363957, others_stat_ele=2.9172, others_stat_muon=5.65912, others_xs=3.8088, param=1.71907, pdf_ele=3.61195, pdf_muon=6.44834, photon_id=6.95169, pileup=0.312089, scale_ele=2.22761, scale_muon=-2.18172
RooProdPdf::model_s[ modelObs_s * nuisancePdf ]
     getLogVal() top-level p.d.f evaluates to zero @ !pdfs=(modelObs_s = 0/1,nuisancePdf = 1)


 -- Hybrid New -- 
CLs = 0.62037 +/- 0.0339258
Done in 9.59 min (cpu), 9.60 min (real)
