 <<< Combine >>> 
>>> including systematics
>>> using the Profile Likelihood test statistics modified for upper limits (Q_LHC)
>>> method used is HybridNew
>>> Used OpenSSL to get a really random seed -560703918
Computing results starting from observation (a-posteriori)
[#0] WARNING:Minization -- RooMinimizerFcn: Minimized function has error status.
Returning maximum FCN so far (324.491) to force MIGRAD to back out of this region. Error log follows
Parameter values: JER_ele=5.454, JER_muon=0.440178, JES_ele=-0.523225, JES_muon=6.86297, QCD_stat_ele=6.45866, QCD_stat_muon=1.45051, VBS_stat_ele=-5.63429, VBS_stat_muon=6.47451, ele_efficiency=0.196437, ele_trigger=6.77207, fakephoton_ele=6.8724, fakephoton_muon=3.03486, interference=2.86867, lumi=-4.51825, mu_efficiency=6.29974, mu_trigger=-4.53477, non_prompt_stat_ele=5.34343, non_prompt_stat_muon=3.88553, others_stat_ele=-2.67299, others_stat_muon=3.99823, others_xs=-0.691324, param=4.94759, pdf_ele=-6.11187, pdf_muon=-5.33531, photon_id=-6.52842, pileup=4.56955, scale_ele=0.497635, scale_muon=5.66378
RooProdPdf::model_s[ modelObs_s * nuisancePdf ]
     getLogVal() top-level p.d.f evaluates to zero @ !pdfs=(modelObs_s = 0/1,nuisancePdf = 1)

[#0] WARNING:Minization -- RooMinimizerFcn: Minimized function has error status.
Returning maximum FCN so far (999.432) to force MIGRAD to back out of this region. Error log follows
Parameter values: JER_ele=0.0157845, JER_muon=2.77244, JES_ele=-1.53288, JES_muon=2.27204, QCD_stat_ele=-3.27953, QCD_stat_muon=5.88829, VBS_stat_ele=-1.47814, VBS_stat_muon=4.07129, ele_efficiency=-0.474968, ele_trigger=-0.494593, fakephoton_ele=5.07767, fakephoton_muon=1.67145, interference=1.96318, lumi=0.521281, mu_efficiency=1.08334, mu_trigger=3.59214, non_prompt_stat_ele=6.06431, non_prompt_stat_muon=-1.71778, others_stat_ele=-1.22922, others_stat_muon=1.57497, others_xs=0.536712, param=6.15528, pdf_ele=-2.35099, pdf_muon=3.67205, photon_id=2.74416, pileup=-1.74697, scale_ele=-2.67012, scale_muon=5.82312
RooProdPdf::model_s[ modelObs_s * nuisancePdf ]
     getLogVal() top-level p.d.f evaluates to zero @ !pdfs=(modelObs_s = 0/1,nuisancePdf = 1)

[#0] WARNING:Minization -- RooMinimizerFcn: Minimized function has error status.
Returning maximum FCN so far (999.432) to force MIGRAD to back out of this region. Error log follows
Parameter values: JER_ele=0.115327, JER_muon=2.65527, JES_ele=-1.38467, JES_muon=2.1621, QCD_stat_ele=-2.89742, QCD_stat_muon=5.65554, VBS_stat_ele=-1.35013, VBS_stat_muon=3.80647, ele_efficiency=-0.443628, ele_trigger=-0.371505, fakephoton_ele=4.78826, fakephoton_muon=1.69296, interference=1.89078, lumi=0.51595, mu_efficiency=1.05553, mu_trigger=3.51769, non_prompt_stat_ele=5.7146, non_prompt_stat_muon=-1.683, others_stat_ele=-1.06432, others_stat_muon=1.47394, others_xs=0.593055, param=6.23728, pdf_ele=-2.19882, pdf_muon=3.47412, photon_id=2.77769, pileup=-1.74518, scale_ele=-2.30891, scale_muon=5.77646
RooProdPdf::model_s[ modelObs_s * nuisancePdf ]
     getLogVal() top-level p.d.f evaluates to zero @ !pdfs=(modelObs_s = 0/1,nuisancePdf = 1)

[#0] WARNING:Minization -- RooMinimizerFcn: Minimized function has error status.
Returning maximum FCN so far (999.432) to force MIGRAD to back out of this region. Error log follows
Parameter values: JER_ele=0.0360525, JER_muon=2.57571, JES_ele=-1.52915, JES_muon=1.94186, QCD_stat_ele=-3.26351, QCD_stat_muon=5.45776, VBS_stat_ele=-1.45917, VBS_stat_muon=3.73033, ele_efficiency=-0.473812, ele_trigger=-0.481852, fakephoton_ele=4.72432, fakephoton_muon=1.64881, interference=1.80158, lumi=0.378411, mu_efficiency=1.01922, mu_trigger=3.39284, non_prompt_stat_ele=5.67473, non_prompt_stat_muon=-1.81672, others_stat_ele=-1.24637, others_stat_muon=1.29792, others_xs=0.407691, param=6.25884, pdf_ele=-2.36666, pdf_muon=3.23767, photon_id=2.39846, pileup=-1.76933, scale_ele=-2.69882, scale_muon=5.33939
RooProdPdf::model_s[ modelObs_s * nuisancePdf ]
     getLogVal() top-level p.d.f evaluates to zero @ !pdfs=(modelObs_s = 0/1,nuisancePdf = 1)

[#0] WARNING:Minization -- RooMinimizerFcn: Minimized function has error status.
Returning maximum FCN so far (999.432) to force MIGRAD to back out of this region. Error log follows
Parameter values: JER_ele=-0.0912075, JER_muon=2.49264, JES_ele=-1.75668, JES_muon=1.65505, QCD_stat_ele=-3.8282, QCD_stat_muon=5.22407, VBS_stat_ele=-1.62798, VBS_stat_muon=3.69015, ele_efficiency=-0.521792, ele_trigger=-0.656793, fakephoton_ele=4.69671, fakephoton_muon=1.58741, interference=1.69711, lumi=0.19332, mu_efficiency=0.975545, mu_trigger=3.23777, non_prompt_stat_ele=5.69394, non_prompt_stat_muon=-2.00536, others_stat_ele=-1.52748, others_stat_muon=1.08211, others_xs=0.145424, param=6.27709, pdf_ele=-2.62535, pdf_muon=2.9446, photon_id=1.86093, pileup=-1.80484, scale_ele=-3.28852, scale_muon=4.67074
RooProdPdf::model_s[ modelObs_s * nuisancePdf ]
     getLogVal() top-level p.d.f evaluates to zero @ !pdfs=(modelObs_s = 0/1,nuisancePdf = 1)


 -- Hybrid New -- 
CLs = 0.332609 +/- 0.0240575
Done in 15.38 min (cpu), 15.44 min (real)
