 <<< Combine >>> 
>>> including systematics
>>> using the Profile Likelihood test statistics modified for upper limits (Q_LHC)
>>> method used is HybridNew
>>> Used OpenSSL to get a really random seed -907026440
Computing results starting from observation (a-posteriori)
[#0] WARNING:Minization -- RooMinimizerFcn: Minimized function has error status.
Returning maximum FCN so far (586.432) to force MIGRAD to back out of this region. Error log follows
Parameter values: JER_ele=0.0746898, JER_muon=-0.159794, JES_ele=2.79667, JES_muon=5.08696, QCD_stat_ele=2.84703, QCD_stat_muon=6.14053, VBS_stat_ele=1.38027, VBS_stat_muon=-2.66663, ele_efficiency=-1.71077, ele_trigger=-0.335838, fakephoton_ele=1.60957, fakephoton_muon=2.31418, interference=-0.0195095, lumi=2.38015, mu_efficiency=2.00255, mu_trigger=3.53913, non_prompt_stat_ele=6.92382, non_prompt_stat_muon=4.49824, others_stat_ele=2.62246, others_stat_muon=-0.249674, others_xs=3.42478, param=5.37892, pdf_ele=1.34734, pdf_muon=4.2283, photon_id=5.92535, pileup=1.65676, scale_ele=3.8773, scale_muon=4.52539
RooProdPdf::model_s[ modelObs_s * nuisancePdf ]
     getLogVal() top-level p.d.f evaluates to zero @ !pdfs=(modelObs_s = 0/1,nuisancePdf = 1)

[#0] WARNING:Minization -- RooMinimizerFcn: Minimized function has error status.
Returning maximum FCN so far (586.432) to force MIGRAD to back out of this region. Error log follows
Parameter values: JER_ele=0.789171, JER_muon=0.102315, JES_ele=2.71369, JES_muon=1.62421, QCD_stat_ele=2.34644, QCD_stat_muon=4.04091, VBS_stat_ele=2.4958, VBS_stat_muon=-0.794014, ele_efficiency=-0.976203, ele_trigger=-0.352728, fakephoton_ele=6.99962, fakephoton_muon=0.406632, interference=0.11031, lumi=2.07463, mu_efficiency=0.972132, mu_trigger=1.23225, non_prompt_stat_ele=3.18831, non_prompt_stat_muon=1.25945, others_stat_ele=3.5687, others_stat_muon=0.428627, others_xs=2.67191, param=5.37135, pdf_ele=1.75362, pdf_muon=0.250856, photon_id=3.93197, pileup=1.02185, scale_ele=4.38617, scale_muon=2.82176
RooProdPdf::model_s[ modelObs_s * nuisancePdf ]
     getLogVal() top-level p.d.f evaluates to zero @ !pdfs=(modelObs_s = 0/1,nuisancePdf = 1)

[#0] WARNING:Minization -- RooMinimizerFcn: Minimized function has error status.
Returning maximum FCN so far (35.3383) to force MIGRAD to back out of this region. Error log follows
Parameter values: JER_ele=-0.844123, JER_muon=-4.63354, JES_ele=-3.30795, JES_muon=-4.74913, QCD_stat_ele=4.38137, QCD_stat_muon=-2.31076, VBS_stat_ele=-4.20741, VBS_stat_muon=3.88036, ele_efficiency=2.50356, ele_trigger=-6.89429, fakephoton_ele=3.55123, fakephoton_muon=6.82857, interference=3.87547, lumi=-1.31446, mu_efficiency=-6.59893, mu_trigger=-5.2701, non_prompt_stat_ele=5.57943, non_prompt_stat_muon=1.75898, others_stat_ele=6.71133, others_stat_muon=-5.6998, others_xs=3.9002, param=0.0056198, pdf_ele=-1.09439, pdf_muon=-4.21415, photon_id=-5.28136, pileup=5.26503, scale_ele=-5.59266, scale_muon=-6.07114
RooProdPdf::model_s[ modelObs_s * nuisancePdf ]
     getLogVal() top-level p.d.f evaluates to zero @ !pdfs=(modelObs_s = 0/1,nuisancePdf = 1)

[#0] WARNING:Minization -- RooMinimizerFcn: Minimized function has error status.
Returning maximum FCN so far (575.002) to force MIGRAD to back out of this region. Error log follows
Parameter values: JER_ele=2.22118, JER_muon=2.2769, JES_ele=5.21605, JES_muon=3.32033, QCD_stat_ele=5.914, QCD_stat_muon=6.9253, VBS_stat_ele=-1.67651, VBS_stat_muon=-4.51735, ele_efficiency=-4.56936, ele_trigger=-1.15336, fakephoton_ele=-0.47764, fakephoton_muon=-0.505856, interference=-1.35839, lumi=1.32616, mu_efficiency=-0.365015, mu_trigger=3.48277, non_prompt_stat_ele=6.73853, non_prompt_stat_muon=4.47264, others_stat_ele=0.940719, others_stat_muon=3.29847, others_xs=0.370491, param=3.44295, pdf_ele=2.60745, pdf_muon=2.25716, photon_id=4.25925, pileup=1.34833, scale_ele=6.59405, scale_muon=1.61167
RooProdPdf::model_s[ modelObs_s * nuisancePdf ]
     getLogVal() top-level p.d.f evaluates to zero @ !pdfs=(modelObs_s = 0/1,nuisancePdf = 1)


 -- Hybrid New -- 
CLs = 0.411504 +/- 0.0267506
Done in 15.40 min (cpu), 15.44 min (real)
