 <<< Combine >>> 
>>> including systematics
>>> using the Profile Likelihood test statistics modified for upper limits (Q_LHC)
>>> method used is HybridNew
>>> Used OpenSSL to get a really random seed -1603251482
Computing results starting from observation (a-posteriori)
[#0] WARNING:Minization -- RooMinimizerFcn: Minimized function has error status.
Returning maximum FCN so far (659.619) to force MIGRAD to back out of this region. Error log follows
Parameter values: JER_ele=4.94772, JER_muon=5.66522, JES_ele=-6.64173, JES_muon=-6.5843, QCD_stat_ele=6.93162, QCD_stat_muon=-6.39471, VBS_stat_ele=4.0171, VBS_stat_muon=-2.84064, ele_efficiency=-6.56723, ele_trigger=-5.59483, fakephoton_ele=0.911128, fakephoton_muon=1.64334, interference=1.77682, lumi=3.9445, mu_efficiency=-2.27388, mu_trigger=-6.70106, non_prompt_stat_ele=6.79295, non_prompt_stat_muon=4.97221, others_stat_ele=-1.21897, others_stat_muon=-6.44543, others_xs=0.817303, param=0.304081, pdf_ele=5.92457, pdf_muon=3.07717, photon_id=5.70557, pileup=1.88556, scale_ele=-6.97268, scale_muon=1.07565
RooProdPdf::model_s[ modelObs_s * nuisancePdf ]
     getLogVal() top-level p.d.f evaluates to zero @ !pdfs=(modelObs_s = 0/1,nuisancePdf = 1)

[#0] WARNING:Minization -- RooMinimizerFcn: Minimized function has error status.
Returning maximum FCN so far (659.619) to force MIGRAD to back out of this region. Error log follows
Parameter values: JER_ele=-1.40845, JER_muon=3.29441, JES_ele=4.77513, JES_muon=5.98348, QCD_stat_ele=4.74067, QCD_stat_muon=5.67143, VBS_stat_ele=5.88897, VBS_stat_muon=1.18387, ele_efficiency=2.66998, ele_trigger=2.83883, fakephoton_ele=6.40743, fakephoton_muon=-1.79214, interference=3.52188, lumi=-4.45905, mu_efficiency=0.622005, mu_trigger=2.34288, non_prompt_stat_ele=6.70794, non_prompt_stat_muon=-0.632565, others_stat_ele=-4.48956, others_stat_muon=-4.01532, others_xs=0.337185, param=0.34924, pdf_ele=-2.63224, pdf_muon=-0.506819, photon_id=6.00109, pileup=-3.45392, scale_ele=4.22807, scale_muon=-6.05697
RooProdPdf::model_s[ modelObs_s * nuisancePdf ]
     getLogVal() top-level p.d.f evaluates to zero @ !pdfs=(modelObs_s = 0/1,nuisancePdf = 1)

[#0] WARNING:Minization -- RooMinimizerFcn: Minimized function has error status.
Returning maximum FCN so far (353.983) to force MIGRAD to back out of this region. Error log follows
Parameter values: JER_ele=5.34089, JER_muon=-6.89855, JES_ele=-6.36013, JES_muon=-5.29503, QCD_stat_ele=4.75369, QCD_stat_muon=6.71946, VBS_stat_ele=2.90573, VBS_stat_muon=-6.96399, ele_efficiency=-6.9669, ele_trigger=4.384, fakephoton_ele=5.62268, fakephoton_muon=6.45756, interference=-4.92954, lumi=6.80275, mu_efficiency=-6.99297, mu_trigger=6.18723, non_prompt_stat_ele=4.42475, non_prompt_stat_muon=1.2897, others_stat_ele=6.19959, others_stat_muon=3.41397, others_xs=6.03438, param=1.21098, pdf_ele=-4.46856, pdf_muon=5.94608, photon_id=6.99976, pileup=3.67238, scale_ele=-4.23574, scale_muon=1.24824
RooProdPdf::model_s[ modelObs_s * nuisancePdf ]
     getLogVal() top-level p.d.f evaluates to zero @ !pdfs=(modelObs_s = 0/1,nuisancePdf = 1)

[#0] WARNING:Minization -- RooMinimizerFcn: Minimized function has error status.
Returning maximum FCN so far (508.631) to force MIGRAD to back out of this region. Error log follows
Parameter values: JER_ele=-5.60239, JER_muon=6.95713, JES_ele=-3.81472, JES_muon=5.86933, QCD_stat_ele=-6.58462, QCD_stat_muon=-6.82532, VBS_stat_ele=6.23028, VBS_stat_muon=0.518604, ele_efficiency=6.30085, ele_trigger=-2.57436, fakephoton_ele=4.17961, fakephoton_muon=-3.00726, interference=5.42031, lumi=5.43408, mu_efficiency=2.75213, mu_trigger=3.82333, non_prompt_stat_ele=5.97174, non_prompt_stat_muon=-5.857, others_stat_ele=-1.84418, others_stat_muon=5.08051, others_xs=6.74637, param=1.24606, pdf_ele=-3.04124, pdf_muon=-6.9801, photon_id=-2.44313, pileup=4.68985, scale_ele=4.32884, scale_muon=-5.65497
RooProdPdf::model_s[ modelObs_s * nuisancePdf ]
     getLogVal() top-level p.d.f evaluates to zero @ !pdfs=(modelObs_s = 0/1,nuisancePdf = 1)

[#0] WARNING:Minization -- RooMinimizerFcn: Minimized function has error status.
Returning maximum FCN so far (1095.99) to force MIGRAD to back out of this region. Error log follows
Parameter values: JER_ele=-0.506699, JER_muon=2.76327, JES_ele=-1.49318, JES_muon=4.28184, QCD_stat_ele=-0.529188, QCD_stat_muon=6.42776, VBS_stat_ele=0.0721714, VBS_stat_muon=3.13212, ele_efficiency=-0.0731903, ele_trigger=-1.07274, fakephoton_ele=-0.645327, fakephoton_muon=4.57777, interference=1.79314, lumi=1.62373, mu_efficiency=1.14027, mu_trigger=3.6845, non_prompt_stat_ele=-2.01124, non_prompt_stat_muon=6.99215, others_stat_ele=-0.236124, others_stat_muon=4.15831, others_xs=2.53757, param=1.30659, pdf_ele=-1.2358, pdf_muon=5.95557, photon_id=6.02986, pileup=0.249041, scale_ele=1.80033, scale_muon=6.96714
RooProdPdf::model_s[ modelObs_s * nuisancePdf ]
     getLogVal() top-level p.d.f evaluates to zero @ !pdfs=(modelObs_s = 0/1,nuisancePdf = 1)

[#0] WARNING:Minization -- RooMinimizerFcn: Minimized function has error status.
Returning maximum FCN so far (1095.99) to force MIGRAD to back out of this region. Error log follows
Parameter values: JER_ele=6.99943, JER_muon=4.50644, JES_ele=0.601674, JES_muon=6.955, QCD_stat_ele=-6.74551, QCD_stat_muon=6.18869, VBS_stat_ele=-6.79105, VBS_stat_muon=3.25366, ele_efficiency=1.24215, ele_trigger=1.87045, fakephoton_ele=6.8148, fakephoton_muon=-3.98848, interference=-6.92968, lumi=-6.81333, mu_efficiency=0.260405, mu_trigger=6.84004, non_prompt_stat_ele=6.40656, non_prompt_stat_muon=5.96423, others_stat_ele=2.50299, others_stat_muon=3.06226, others_xs=5.28993, param=0.999724, pdf_ele=-3.98018, pdf_muon=5.77052, photon_id=5.71508, pileup=-6.94699, scale_ele=-6.84316, scale_muon=6.73546
RooProdPdf::model_s[ modelObs_s * nuisancePdf ]
     getLogVal() top-level p.d.f evaluates to zero @ !pdfs=(modelObs_s = 0/1,nuisancePdf = 1)

[#0] WARNING:Minization -- RooMinimizerFcn: Minimized function has error status.
Returning maximum FCN so far (1095.99) to force MIGRAD to back out of this region. Error log follows
Parameter values: JER_ele=4.01898, JER_muon=2.64519, JES_ele=1.1272, JES_muon=-1.08583, QCD_stat_ele=3.16537, QCD_stat_muon=-4.6966, VBS_stat_ele=-1.0044, VBS_stat_muon=0.925116, ele_efficiency=5.4322, ele_trigger=-4.84959, fakephoton_ele=4.82225, fakephoton_muon=3.61976, interference=-5.01763, lumi=6.78532, mu_efficiency=-5.86969, mu_trigger=-6.27268, non_prompt_stat_ele=6.95171, non_prompt_stat_muon=-1.54661, others_stat_ele=0.863323, others_stat_muon=4.76007, others_xs=-4.01189, param=1.37787, pdf_ele=-2.27786, pdf_muon=-1.08534, photon_id=6.74705, pileup=6.27645, scale_ele=1.06524, scale_muon=5.5358
RooProdPdf::model_s[ modelObs_s * nuisancePdf ]
     getLogVal() top-level p.d.f evaluates to zero @ !pdfs=(modelObs_s = 0/1,nuisancePdf = 1)

[#0] WARNING:Minization -- RooMinimizerFcn: Minimized function has error status.
Returning maximum FCN so far (1095.99) to force MIGRAD to back out of this region. Error log follows
Parameter values: JER_ele=5.22984, JER_muon=6.25982, JES_ele=4.89283, JES_muon=4.61118, QCD_stat_ele=1.39211, QCD_stat_muon=-1.68256, VBS_stat_ele=6.16144, VBS_stat_muon=3.49077, ele_efficiency=4.50359, ele_trigger=5.01217, fakephoton_ele=6.82189, fakephoton_muon=-6.61681, interference=-6.09368, lumi=-5.72845, mu_efficiency=4.45719, mu_trigger=-5.65117, non_prompt_stat_ele=6.37396, non_prompt_stat_muon=-4.31449, others_stat_ele=6.99429, others_stat_muon=-3.92095, others_xs=4.99138, param=1.32092, pdf_ele=6.49758, pdf_muon=-4.55253, photon_id=-6.86932, pileup=5.528, scale_ele=-4.53054, scale_muon=0.0310055
RooProdPdf::model_s[ modelObs_s * nuisancePdf ]
     getLogVal() top-level p.d.f evaluates to zero @ !pdfs=(modelObs_s = 0/1,nuisancePdf = 1)

[#0] WARNING:Minization -- RooMinimizerFcn: Minimized function has error status.
Returning maximum FCN so far (1095.99) to force MIGRAD to back out of this region. Error log follows
Parameter values: JER_ele=-1.26064, JER_muon=3.14134, JES_ele=-1.08875, JES_muon=2.8385, QCD_stat_ele=-0.0280453, QCD_stat_muon=6.54113, VBS_stat_ele=0.365623, VBS_stat_muon=3.4045, ele_efficiency=-1.42193, ele_trigger=-1.35974, fakephoton_ele=-0.826834, fakephoton_muon=4.9161, interference=0.87253, lumi=1.70204, mu_efficiency=1.77982, mu_trigger=2.2155, non_prompt_stat_ele=-1.04747, non_prompt_stat_muon=6.98985, others_stat_ele=0.137267, others_stat_muon=3.99915, others_xs=2.99621, param=1.30774, pdf_ele=-0.546156, pdf_muon=5.30704, photon_id=5.57432, pileup=-1.04559, scale_ele=0.659312, scale_muon=6.80361
RooProdPdf::model_s[ modelObs_s * nuisancePdf ]
     getLogVal() top-level p.d.f evaluates to zero @ !pdfs=(modelObs_s = 0/1,nuisancePdf = 1)

[#0] WARNING:Minization -- RooMinimizerFcn: Minimized function has error status.
Returning maximum FCN so far (463.96) to force MIGRAD to back out of this region. Error log follows
Parameter values: JER_ele=6.61807, JER_muon=5.51812, JES_ele=6.98343, JES_muon=3.26619, QCD_stat_ele=-6.90253, QCD_stat_muon=5.00318, VBS_stat_ele=-6.15786, VBS_stat_muon=5.05975, ele_efficiency=-5.29482, ele_trigger=-5.87508, fakephoton_ele=6.48032, fakephoton_muon=6.64224, interference=-6.79458, lumi=4.42814, mu_efficiency=6.07707, mu_trigger=5.15351, non_prompt_stat_ele=1.39783, non_prompt_stat_muon=5.05766, others_stat_ele=-6.21605, others_stat_muon=-2.07838, others_xs=4.57084, param=1.16799, pdf_ele=-4.80313, pdf_muon=3.25529, photon_id=-3.52775, pileup=-0.732814, scale_ele=6.89438, scale_muon=6.61801
RooProdPdf::model_s[ modelObs_s * nuisancePdf ]
     getLogVal() top-level p.d.f evaluates to zero @ !pdfs=(modelObs_s = 0/1,nuisancePdf = 1)

[#0] WARNING:Minization -- RooMinimizerFcn: Minimized function has error status.
Returning maximum FCN so far (466.411) to force MIGRAD to back out of this region. Error log follows
Parameter values: JER_ele=5.57224, JER_muon=4.82552, JES_ele=1.68323, JES_muon=0.0266997, QCD_stat_ele=-6.82041, QCD_stat_muon=-6.8258, VBS_stat_ele=5.13252, VBS_stat_muon=6.81341, ele_efficiency=-5.15886, ele_trigger=0.0218274, fakephoton_ele=6.99246, fakephoton_muon=-6.63633, interference=2.068, lumi=2.88355, mu_efficiency=0.50825, mu_trigger=6.94322, non_prompt_stat_ele=6.80356, non_prompt_stat_muon=-6.98975, others_stat_ele=2.16897, others_stat_muon=-2.42465, others_xs=-5.37069, param=1.42022, pdf_ele=0.240708, pdf_muon=-6.69953, photon_id=6.32523, pileup=-0.131519, scale_ele=6.06669, scale_muon=6.85304
RooProdPdf::model_s[ modelObs_s * nuisancePdf ]
     getLogVal() top-level p.d.f evaluates to zero @ !pdfs=(modelObs_s = 0/1,nuisancePdf = 1)

[#0] WARNING:Minization -- RooMinimizerFcn: Minimized function has error status.
Returning maximum FCN so far (466.411) to force MIGRAD to back out of this region. Error log follows
Parameter values: JER_ele=5.58766, JER_muon=6.98323, JES_ele=-5.83968, JES_muon=4.24538, QCD_stat_ele=4.7594, QCD_stat_muon=-3.39825, VBS_stat_ele=-6.10356, VBS_stat_muon=-6.39338, ele_efficiency=-6.22037, ele_trigger=6.24669, fakephoton_ele=6.97375, fakephoton_muon=-1.95825, interference=-2.55142, lumi=-1.60886, mu_efficiency=1.36318, mu_trigger=2.96636, non_prompt_stat_ele=6.79274, non_prompt_stat_muon=0.822333, others_stat_ele=-5.50166, others_stat_muon=5.19841, others_xs=6.65244, param=1.07169, pdf_ele=-0.215631, pdf_muon=-6.67924, photon_id=3.30025, pileup=-0.0945658, scale_ele=6.3096, scale_muon=-3.20946
RooProdPdf::model_s[ modelObs_s * nuisancePdf ]
     getLogVal() top-level p.d.f evaluates to zero @ !pdfs=(modelObs_s = 0/1,nuisancePdf = 1)

[#0] WARNING:Minization -- RooMinimizerFcn: Minimized function has error status.
Returning maximum FCN so far (868.131) to force MIGRAD to back out of this region. Error log follows
Parameter values: JER_ele=5.80212, JER_muon=6.37718, JES_ele=6.6679, JES_muon=-6.74331, QCD_stat_ele=6.83299, QCD_stat_muon=4.10778, VBS_stat_ele=-6.30435, VBS_stat_muon=2.98591, ele_efficiency=5.60223, ele_trigger=4.93502, fakephoton_ele=0.323333, fakephoton_muon=6.99052, interference=-2.18864, lumi=6.91395, mu_efficiency=6.63773, mu_trigger=0.251159, non_prompt_stat_ele=6.59989, non_prompt_stat_muon=1.46174, others_stat_ele=-3.87956, others_stat_muon=6.82994, others_xs=-1.8932, param=1.05371, pdf_ele=3.72208, pdf_muon=6.4712, photon_id=3.25532, pileup=2.50931, scale_ele=6.98561, scale_muon=1.03798
RooProdPdf::model_s[ modelObs_s * nuisancePdf ]
     getLogVal() top-level p.d.f evaluates to zero @ !pdfs=(modelObs_s = 0/1,nuisancePdf = 1)

[#0] WARNING:Minization -- RooMinimizerFcn: Minimized function has error status.
Returning maximum FCN so far (868.131) to force MIGRAD to back out of this region. Error log follows
Parameter values: JER_ele=0.909903, JER_muon=4.79111, JES_ele=2.487, JES_muon=-4.53512, QCD_stat_ele=4.92967, QCD_stat_muon=-2.27801, VBS_stat_ele=5.53146, VBS_stat_muon=-6.04342, ele_efficiency=-6.88744, ele_trigger=-6.08862, fakephoton_ele=5.40314, fakephoton_muon=-6.37473, interference=4.5508, lumi=-1.3355, mu_efficiency=4.78764, mu_trigger=-0.0637899, non_prompt_stat_ele=6.47739, non_prompt_stat_muon=-6.91165, others_stat_ele=-6.92098, others_stat_muon=-3.69166, others_xs=-3.84379, param=1.6285, pdf_ele=-1.0879, pdf_muon=-6.97003, photon_id=-6.4326, pileup=-6.24544, scale_ele=-4.22214, scale_muon=-2.86304
RooProdPdf::model_s[ modelObs_s * nuisancePdf ]
     getLogVal() top-level p.d.f evaluates to zero @ !pdfs=(modelObs_s = 0/1,nuisancePdf = 1)

[#0] WARNING:Minization -- RooMinimizerFcn: Minimized function has error status.
Returning maximum FCN so far (868.131) to force MIGRAD to back out of this region. Error log follows
Parameter values: JER_ele=3.74459, JER_muon=5.69323, JES_ele=-3.17745, JES_muon=3.94162, QCD_stat_ele=5.59496, QCD_stat_muon=-6.76362, VBS_stat_ele=-5.9886, VBS_stat_muon=1.16905, ele_efficiency=-4.37437, ele_trigger=-2.38935, fakephoton_ele=4.32453, fakephoton_muon=1.82104, interference=-1.40103, lumi=-3.78611, mu_efficiency=6.57958, mu_trigger=6.93788, non_prompt_stat_ele=6.72823, non_prompt_stat_muon=-6.98682, others_stat_ele=-6.96736, others_stat_muon=-4.75816, others_xs=-2.2672, param=1.12925, pdf_ele=5.77618, pdf_muon=6.99049, photon_id=-1.51386, pileup=-2.80239, scale_ele=1.44638, scale_muon=6.53203
RooProdPdf::model_s[ modelObs_s * nuisancePdf ]
     getLogVal() top-level p.d.f evaluates to zero @ !pdfs=(modelObs_s = 0/1,nuisancePdf = 1)

[#0] WARNING:Minization -- RooMinimizerFcn: Minimized function has error status.
Returning maximum FCN so far (868.131) to force MIGRAD to back out of this region. Error log follows
Parameter values: JER_ele=-4.56441, JER_muon=-1.70701, JES_ele=-0.318344, JES_muon=1.46726, QCD_stat_ele=-6.45254, QCD_stat_muon=-6.94757, VBS_stat_ele=-1.36575, VBS_stat_muon=-3.04862, ele_efficiency=-0.900804, ele_trigger=1.67178, fakephoton_ele=6.85248, fakephoton_muon=-3.15912, interference=0.970081, lumi=-3.18993, mu_efficiency=0.171027, mu_trigger=-6.68463, non_prompt_stat_ele=5.61579, non_prompt_stat_muon=-6.50198, others_stat_ele=-3.29868, others_stat_muon=-3.0905, others_xs=4.05246, param=0.955351, pdf_ele=-5.41322, pdf_muon=-4.97245, photon_id=-6.114, pileup=-0.222596, scale_ele=-5.33889, scale_muon=-6.5916
RooProdPdf::model_s[ modelObs_s * nuisancePdf ]
     getLogVal() top-level p.d.f evaluates to zero @ !pdfs=(modelObs_s = 0/1,nuisancePdf = 1)

[#0] WARNING:Minization -- RooMinimizerFcn: Minimized function has error status.
Returning maximum FCN so far (868.131) to force MIGRAD to back out of this region. Error log follows
Parameter values: JER_ele=4.46867, JER_muon=4.09296, JES_ele=1.53579, JES_muon=4.93356, QCD_stat_ele=4.97251, QCD_stat_muon=0.40059, VBS_stat_ele=1.57246, VBS_stat_muon=5.83793, ele_efficiency=0.969817, ele_trigger=0.0758513, fakephoton_ele=6.76633, fakephoton_muon=6.7892, interference=1.66563, lumi=4.43922, mu_efficiency=0.783529, mu_trigger=6.97692, non_prompt_stat_ele=1.59521, non_prompt_stat_muon=-1.08057, others_stat_ele=2.44933, others_stat_muon=5.67571, others_xs=0.37509, param=0.949018, pdf_ele=6.15029, pdf_muon=6.57525, photon_id=6.04295, pileup=0.419627, scale_ele=6.70005, scale_muon=-4.51619
RooProdPdf::model_s[ modelObs_s * nuisancePdf ]
     getLogVal() top-level p.d.f evaluates to zero @ !pdfs=(modelObs_s = 0/1,nuisancePdf = 1)

[#0] WARNING:Minization -- RooMinimizerFcn: Minimized function has error status.
Returning maximum FCN so far (868.131) to force MIGRAD to back out of this region. Error log follows
Parameter values: JER_ele=2.23593, JER_muon=1.84567, JES_ele=-1.31037, JES_muon=1.72674, QCD_stat_ele=3.71898, QCD_stat_muon=6.94041, VBS_stat_ele=-0.860319, VBS_stat_muon=3.33417, ele_efficiency=0.233398, ele_trigger=-1.76827, fakephoton_ele=-1.94136, fakephoton_muon=4.22889, interference=-0.0991866, lumi=1.74741, mu_efficiency=-0.00976703, mu_trigger=5.21109, non_prompt_stat_ele=-5.65078, non_prompt_stat_muon=6.95597, others_stat_ele=-0.437161, others_stat_muon=2.79632, others_xs=-1.20683, param=0.932371, pdf_ele=2.14223, pdf_muon=5.8021, photon_id=4.69835, pileup=0.0997641, scale_ele=1.99425, scale_muon=6.83024
RooProdPdf::model_s[ modelObs_s * nuisancePdf ]
     getLogVal() top-level p.d.f evaluates to zero @ !pdfs=(modelObs_s = 0/1,nuisancePdf = 1)

[#0] WARNING:Minization -- RooMinimizerFcn: Minimized function has error status.
Returning maximum FCN so far (763.864) to force MIGRAD to back out of this region. Error log follows
Parameter values: JER_ele=-1.77348, JER_muon=6.71228, JES_ele=0.119927, JES_muon=1.57082, QCD_stat_ele=-6.99928, QCD_stat_muon=2.70841, VBS_stat_ele=-0.470251, VBS_stat_muon=6.96901, ele_efficiency=-3.22312, ele_trigger=0.215352, fakephoton_ele=5.25239, fakephoton_muon=6.61176, interference=6.79825, lumi=6.12029, mu_efficiency=4.05464, mu_trigger=4.15313, non_prompt_stat_ele=5.63935, non_prompt_stat_muon=-6.85906, others_stat_ele=3.12803, others_stat_muon=2.36991, others_xs=5.29248, param=0.679243, pdf_ele=0.838434, pdf_muon=-1.10483, photon_id=4.50737, pileup=2.98328, scale_ele=-4.79804, scale_muon=-2.65913
RooProdPdf::model_s[ modelObs_s * nuisancePdf ]
     getLogVal() top-level p.d.f evaluates to zero @ !pdfs=(modelObs_s = 0/1,nuisancePdf = 1)

[#0] WARNING:Minization -- RooMinimizerFcn: Minimized function has error status.
Returning maximum FCN so far (763.864) to force MIGRAD to back out of this region. Error log follows
Parameter values: JER_ele=-5.457, JER_muon=3.77297, JES_ele=6.42217, JES_muon=-3.54382, QCD_stat_ele=-3.82095, QCD_stat_muon=-6.93751, VBS_stat_ele=1.91627, VBS_stat_muon=6.98393, ele_efficiency=6.60051, ele_trigger=-2.48377, fakephoton_ele=5.30215, fakephoton_muon=6.87459, interference=1.24652, lumi=6.24849, mu_efficiency=-3.38901, mu_trigger=-5.34005, non_prompt_stat_ele=6.01075, non_prompt_stat_muon=6.3365, others_stat_ele=-3.4895, others_stat_muon=4.3958, others_xs=0.547342, param=0.639732, pdf_ele=1.13643, pdf_muon=-3.10163, photon_id=-6.95868, pileup=6.92999, scale_ele=6.62023, scale_muon=-1.4241
RooProdPdf::model_s[ modelObs_s * nuisancePdf ]
     getLogVal() top-level p.d.f evaluates to zero @ !pdfs=(modelObs_s = 0/1,nuisancePdf = 1)

[#0] WARNING:Minization -- RooMinimizerFcn: Minimized function has error status.
Returning maximum FCN so far (763.864) to force MIGRAD to back out of this region. Error log follows
Parameter values: JER_ele=-1.88426, JER_muon=3.64194, JES_ele=-0.754492, JES_muon=6.39492, QCD_stat_ele=6.85925, QCD_stat_muon=5.33927, VBS_stat_ele=-1.65111, VBS_stat_muon=4.13197, ele_efficiency=-2.28582, ele_trigger=-0.337578, fakephoton_ele=1.56813, fakephoton_muon=4.71016, interference=2.934, lumi=1.69845, mu_efficiency=1.45568, mu_trigger=5.58962, non_prompt_stat_ele=-2.695, non_prompt_stat_muon=6.77412, others_stat_ele=-1.45989, others_stat_muon=6.18354, others_xs=-0.43782, param=0.676728, pdf_ele=-0.11324, pdf_muon=6.34817, photon_id=5.18263, pileup=1.30436, scale_ele=4.79522, scale_muon=4.17701
RooProdPdf::model_s[ modelObs_s * nuisancePdf ]
     getLogVal() top-level p.d.f evaluates to zero @ !pdfs=(modelObs_s = 0/1,nuisancePdf = 1)

[#0] WARNING:Minization -- RooMinimizerFcn: Minimized function has error status.
Returning maximum FCN so far (788.099) to force MIGRAD to back out of this region. Error log follows
Parameter values: JER_ele=4.46872, JER_muon=3.77145, JES_ele=4.84258, JES_muon=2.20284, QCD_stat_ele=3.57399, QCD_stat_muon=-4.41549, VBS_stat_ele=-4.70902, VBS_stat_muon=6.88988, ele_efficiency=5.1349, ele_trigger=3.5596, fakephoton_ele=6.10779, fakephoton_muon=0.097967, interference=4.01387, lumi=2.79439, mu_efficiency=-1.03466, mu_trigger=3.56793, non_prompt_stat_ele=6.98464, non_prompt_stat_muon=3.11072, others_stat_ele=5.49826, others_stat_muon=4.58749, others_xs=3.72796, param=0.0912407, pdf_ele=6.85677, pdf_muon=6.00387, photon_id=5.9517, pileup=-0.0777289, scale_ele=0.297665, scale_muon=3.1154
RooProdPdf::model_s[ modelObs_s * nuisancePdf ]
     getLogVal() top-level p.d.f evaluates to zero @ !pdfs=(modelObs_s = 0/1,nuisancePdf = 1)

[#0] WARNING:Minization -- RooMinimizerFcn: Minimized function has error status.
Returning maximum FCN so far (625.685) to force MIGRAD to back out of this region. Error log follows
Parameter values: JER_ele=2.03977, JER_muon=5.44898, JES_ele=1.499, JES_muon=5.55837, QCD_stat_ele=5.1796, QCD_stat_muon=2.84912, VBS_stat_ele=0.946441, VBS_stat_muon=5.47862, ele_efficiency=-0.160661, ele_trigger=3.49041, fakephoton_ele=2.776, fakephoton_muon=3.02465, interference=3.59038, lumi=3.29343, mu_efficiency=2.27086, mu_trigger=5.81974, non_prompt_stat_ele=-1.06615, non_prompt_stat_muon=6.81587, others_stat_ele=1.17113, others_stat_muon=6.69311, others_xs=4.04114, param=0.322443, pdf_ele=4.89546, pdf_muon=5.71832, photon_id=4.62335, pileup=-0.218282, scale_ele=0.281528, scale_muon=6.5314
RooProdPdf::model_s[ modelObs_s * nuisancePdf ]
     getLogVal() top-level p.d.f evaluates to zero @ !pdfs=(modelObs_s = 0/1,nuisancePdf = 1)

[#0] WARNING:Minization -- RooMinimizerFcn: Minimized function has error status.
Returning maximum FCN so far (777.429) to force MIGRAD to back out of this region. Error log follows
Parameter values: JER_ele=1.11016, JER_muon=1.21356, JES_ele=-3.91816, JES_muon=0.0893309, QCD_stat_ele=-3.84945, QCD_stat_muon=6.2305, VBS_stat_ele=6.22353, VBS_stat_muon=-0.219391, ele_efficiency=5.47804, ele_trigger=1.09522, fakephoton_ele=6.99074, fakephoton_muon=4.69252, interference=5.6736, lumi=2.46021, mu_efficiency=4.2614, mu_trigger=-2.79454, non_prompt_stat_ele=6.26263, non_prompt_stat_muon=-0.683586, others_stat_ele=3.08293, others_stat_muon=2.59732, others_xs=4.50749, param=0.021608, pdf_ele=6.5769, pdf_muon=-4.86899, photon_id=3.5954, pileup=5.97489, scale_ele=2.27569, scale_muon=4.89259
RooProdPdf::model_s[ modelObs_s * nuisancePdf ]
     getLogVal() top-level p.d.f evaluates to zero @ !pdfs=(modelObs_s = 0/1,nuisancePdf = 1)

[#0] WARNING:Minization -- RooMinimizerFcn: Minimized function has error status.
Returning maximum FCN so far (920.241) to force MIGRAD to back out of this region. Error log follows
Parameter values: JER_ele=0.313286, JER_muon=2.44233, JES_ele=-2.09196, JES_muon=3.8002, QCD_stat_ele=5.13122, QCD_stat_muon=6.43618, VBS_stat_ele=3.7426, VBS_stat_muon=2.11497, ele_efficiency=2.3545, ele_trigger=0.723062, fakephoton_ele=3.5488, fakephoton_muon=3.17969, interference=3.79077, lumi=2.03655, mu_efficiency=2.32453, mu_trigger=1.71112, non_prompt_stat_ele=2.80359, non_prompt_stat_muon=2.89118, others_stat_ele=-6.40915, others_stat_muon=4.23625, others_xs=2.56478, param=0.0213717, pdf_ele=4.19199, pdf_muon=3.46593, photon_id=4.63907, pileup=2.8222, scale_ele=6.44075, scale_muon=6.82565
RooProdPdf::model_s[ modelObs_s * nuisancePdf ]
     getLogVal() top-level p.d.f evaluates to zero @ !pdfs=(modelObs_s = 0/1,nuisancePdf = 1)

[#0] WARNING:Minization -- RooMinimizerFcn: Minimized function has error status.
Returning maximum FCN so far (521.956) to force MIGRAD to back out of this region. Error log follows
Parameter values: JER_ele=-5.20817, JER_muon=1.74079, JES_ele=2.56003, JES_muon=5.8717, QCD_stat_ele=-5.67437, QCD_stat_muon=6.9944, VBS_stat_ele=6.81618, VBS_stat_muon=-6.99993, ele_efficiency=-5.01811, ele_trigger=1.62017, fakephoton_ele=3.79494, fakephoton_muon=4.88261, interference=6.78754, lumi=-6.6826, mu_efficiency=-4.36858, mu_trigger=5.70524, non_prompt_stat_ele=6.7548, non_prompt_stat_muon=6.93054, others_stat_ele=-3.15576, others_stat_muon=-2.89008, others_xs=-1.62104, param=1.09521, pdf_ele=5.13911, pdf_muon=6.94054, photon_id=-1.32347, pileup=3.89306, scale_ele=-6.73033, scale_muon=6.17903
RooProdPdf::model_s[ modelObs_s * nuisancePdf ]
     getLogVal() top-level p.d.f evaluates to zero @ !pdfs=(modelObs_s = 0/1,nuisancePdf = 1)

[#0] WARNING:Minization -- RooMinimizerFcn: Minimized function has error status.
Returning maximum FCN so far (844.706) to force MIGRAD to back out of this region. Error log follows
Parameter values: JER_ele=-1.36116, JER_muon=3.83814, JES_ele=-0.961467, JES_muon=6.69322, QCD_stat_ele=-1.81788, QCD_stat_muon=4.92865, VBS_stat_ele=2.88218, VBS_stat_muon=4.09849, ele_efficiency=-1.23085, ele_trigger=-0.357395, fakephoton_ele=-2.37253, fakephoton_muon=4.99072, interference=2.99649, lumi=3.90892, mu_efficiency=0.837683, mu_trigger=5.71639, non_prompt_stat_ele=-6.93527, non_prompt_stat_muon=6.51035, others_stat_ele=1.95932, others_stat_muon=6.46454, others_xs=4.20013, param=1.58375, pdf_ele=0.796621, pdf_muon=6.99799, photon_id=6.99995, pileup=0.397429, scale_ele=5.92613, scale_muon=4.77946
RooProdPdf::model_s[ modelObs_s * nuisancePdf ]
     getLogVal() top-level p.d.f evaluates to zero @ !pdfs=(modelObs_s = 0/1,nuisancePdf = 1)

[#0] WARNING:Minization -- RooMinimizerFcn: Minimized function has error status.
Returning maximum FCN so far (1033.29) to force MIGRAD to back out of this region. Error log follows
Parameter values: JER_ele=6.31344, JER_muon=5.78039, JES_ele=6.04802, JES_muon=-6.22265, QCD_stat_ele=-5.21379, QCD_stat_muon=-5.92011, VBS_stat_ele=-0.208471, VBS_stat_muon=6.99254, ele_efficiency=-5.69507, ele_trigger=-5.19923, fakephoton_ele=5.11966, fakephoton_muon=-5.57609, interference=2.27425, lumi=-3.64728, mu_efficiency=5.5127, mu_trigger=0.789005, non_prompt_stat_ele=5.96007, non_prompt_stat_muon=-6.89162, others_stat_ele=1.747, others_stat_muon=-0.234479, others_xs=-2.3579, param=0.806176, pdf_ele=-5.84217, pdf_muon=6.9993, photon_id=5.27185, pileup=5.23137, scale_ele=3.55464, scale_muon=6.28404
RooProdPdf::model_s[ modelObs_s * nuisancePdf ]
     getLogVal() top-level p.d.f evaluates to zero @ !pdfs=(modelObs_s = 0/1,nuisancePdf = 1)

[#0] WARNING:Minization -- RooMinimizerFcn: Minimized function has error status.
Returning maximum FCN so far (43.3251) to force MIGRAD to back out of this region. Error log follows
Parameter values: JER_ele=1.38874, JER_muon=1.0724, JES_ele=0.610198, JES_muon=0.474084, QCD_stat_ele=0.451697, QCD_stat_muon=-0.653626, VBS_stat_ele=1.65048, VBS_stat_muon=-0.935876, ele_efficiency=0.785171, ele_trigger=1.46327, fakephoton_ele=4.34523, fakephoton_muon=-0.755308, interference=-0.310843, lumi=-0.000890643, mu_efficiency=0.426988, mu_trigger=-1.79839, non_prompt_stat_ele=5.96612, non_prompt_stat_muon=-2.15617, others_stat_ele=2.17356, others_stat_muon=-0.34461, others_xs=-1.36053, param=0.235281, pdf_ele=1.23682, pdf_muon=0.204881, photon_id=1.43769, pileup=1.39167, scale_ele=0.0528312, scale_muon=-0.922226
RooProdPdf::model_s[ modelObs_s * nuisancePdf ]
     getLogVal() top-level p.d.f evaluates to zero @ !pdfs=(modelObs_s = 0/1,nuisancePdf = 1)

[#0] WARNING:Minization -- RooMinimizerFcn: Minimized function has error status.
Returning maximum FCN so far (687) to force MIGRAD to back out of this region. Error log follows
Parameter values: JER_ele=5.22737, JER_muon=-0.642636, JES_ele=6.74549, JES_muon=-5.39209, QCD_stat_ele=6.7131, QCD_stat_muon=3.72952, VBS_stat_ele=-5.3111, VBS_stat_muon=-6.44429, ele_efficiency=-6.9613, ele_trigger=6.24934, fakephoton_ele=6.68483, fakephoton_muon=-6.04259, interference=-3.16974, lumi=3.58876, mu_efficiency=-5.65876, mu_trigger=-3.46257, non_prompt_stat_ele=6.70065, non_prompt_stat_muon=2.08041, others_stat_ele=-0.648788, others_stat_muon=-0.0052188, others_xs=-1.21173, param=1.11649, pdf_ele=-3.01129, pdf_muon=6.86303, photon_id=6.23086, pileup=1.69243, scale_ele=-4.19273, scale_muon=-4.95901
RooProdPdf::model_s[ modelObs_s * nuisancePdf ]
     getLogVal() top-level p.d.f evaluates to zero @ !pdfs=(modelObs_s = 0/1,nuisancePdf = 1)


 -- Hybrid New -- 
CLs = 0.664894 +/- 0.0452826
Done in 12.87 min (cpu), 12.91 min (real)
