 <<< Combine >>> 
>>> including systematics
>>> using the Profile Likelihood test statistics modified for upper limits (Q_LHC)
>>> method used is HybridNew
>>> Used OpenSSL to get a really random seed 1074425166
Computing results starting from observation (a-posteriori)
[#0] WARNING:Minization -- RooMinimizerFcn: Minimized function has error status.
Returning maximum FCN so far (524.476) to force MIGRAD to back out of this region. Error log follows
Parameter values: JER_ele=0.94709, JER_muon=-1.20822, JES_ele=-1.92484, JES_muon=6.79167, QCD_stat_ele=6.21251, QCD_stat_muon=6.64006, VBS_stat_ele=4.2351, VBS_stat_muon=-6.65384, ele_efficiency=-5.66698, ele_trigger=-0.962586, fakephoton_ele=1.84615, fakephoton_muon=5.54019, interference=-6.46339, lumi=-0.0330732, mu_efficiency=6.8027, mu_trigger=6.97803, non_prompt_stat_ele=6.99468, non_prompt_stat_muon=6.69452, others_stat_ele=0.245753, others_stat_muon=-0.027622, others_xs=6.44332, param=0.00674331, pdf_ele=-1.30662, pdf_muon=-6.62168, photon_id=-6.90506, pileup=-2.69478, scale_ele=-6.82291, scale_muon=-4.6152
RooProdPdf::model_s[ modelObs_s * nuisancePdf ]
     getLogVal() top-level p.d.f evaluates to zero @ !pdfs=(modelObs_s = 0/1,nuisancePdf = 1)

[#0] WARNING:Minization -- RooMinimizerFcn: Minimized function has error status.
Returning maximum FCN so far (961.826) to force MIGRAD to back out of this region. Error log follows
Parameter values: JER_ele=-5.51841, JER_muon=4.06734, JES_ele=-2.08382, JES_muon=3.24177, QCD_stat_ele=0.523837, QCD_stat_muon=-5.37831, VBS_stat_ele=6.39998, VBS_stat_muon=-6.85425, ele_efficiency=-5.76583, ele_trigger=-0.889766, fakephoton_ele=-1.41888, fakephoton_muon=6.95198, interference=4.77977, lumi=1.5459, mu_efficiency=6.42096, mu_trigger=-6.99816, non_prompt_stat_ele=-6.97283, non_prompt_stat_muon=6.91572, others_stat_ele=-1.16603, others_stat_muon=-3.12636, others_xs=2.04364, param=16.1629, pdf_ele=6.98703, pdf_muon=6.85981, photon_id=-5.24531, pileup=5.92236, scale_ele=-6.73069, scale_muon=-1.52682
RooProdPdf::model_s[ modelObs_s * nuisancePdf ]
     getLogVal() top-level p.d.f evaluates to zero @ !pdfs=(modelObs_s = 0/1,nuisancePdf = 1)

[#0] WARNING:Minization -- RooMinimizerFcn: Minimized function has error status.
Returning maximum FCN so far (961.826) to force MIGRAD to back out of this region. Error log follows
Parameter values: JER_ele=-6.7695, JER_muon=-6.52874, JES_ele=-6.7648, JES_muon=-5.30615, QCD_stat_ele=3.14751, QCD_stat_muon=6.81616, VBS_stat_ele=-6.98144, VBS_stat_muon=-6.49795, ele_efficiency=-2.39474, ele_trigger=-6.8986, fakephoton_ele=4.819, fakephoton_muon=-4.75698, interference=-5.4203, lumi=-6.99924, mu_efficiency=-2.87058, mu_trigger=-6.65808, non_prompt_stat_ele=6.63529, non_prompt_stat_muon=-6.99999, others_stat_ele=-5.97803, others_stat_muon=-6.83138, others_xs=-6.95163, param=0.470566, pdf_ele=-5.85105, pdf_muon=0.599614, photon_id=6.97795, pileup=0.216038, scale_ele=4.46995, scale_muon=-3.93781
RooProdPdf::model_s[ modelObs_s * nuisancePdf ]
     getLogVal() top-level p.d.f evaluates to zero @ !pdfs=(modelObs_s = 0/1,nuisancePdf = 1)

[#0] WARNING:Minization -- RooMinimizerFcn: Minimized function has error status.
Returning maximum FCN so far (961.826) to force MIGRAD to back out of this region. Error log follows
Parameter values: JER_ele=0.0607398, JER_muon=1.23998, JES_ele=1.99602, JES_muon=2.24999, QCD_stat_ele=5.53336, QCD_stat_muon=2.79591, VBS_stat_ele=1.96968, VBS_stat_muon=2.6279, ele_efficiency=0.464371, ele_trigger=1.7458, fakephoton_ele=2.96358, fakephoton_muon=-0.320316, interference=2.80719, lumi=1.92524, mu_efficiency=0.49139, mu_trigger=0.696811, non_prompt_stat_ele=4.83603, non_prompt_stat_muon=0.518611, others_stat_ele=2.53558, others_stat_muon=-0.53877, others_xs=1.77106, param=10.0489, pdf_ele=3.74931, pdf_muon=2.33562, photon_id=3.0526, pileup=1.0913, scale_ele=4.97375, scale_muon=5.45695
RooProdPdf::model_s[ modelObs_s * nuisancePdf ]
     getLogVal() top-level p.d.f evaluates to zero @ !pdfs=(modelObs_s = 0/1,nuisancePdf = 1)

[#0] WARNING:Minization -- RooMinimizerFcn: Minimized function has error status.
Returning maximum FCN so far (961.826) to force MIGRAD to back out of this region. Error log follows
Parameter values: JER_ele=-6.8147, JER_muon=-4.80344, JES_ele=-6.21257, JES_muon=-6.97581, QCD_stat_ele=-1.51197, QCD_stat_muon=-0.12185, VBS_stat_ele=-6.97496, VBS_stat_muon=-6.27044, ele_efficiency=-2.70357, ele_trigger=-6.99945, fakephoton_ele=6.46376, fakephoton_muon=-3.2915, interference=-4.23841, lumi=-6.81136, mu_efficiency=-1.88781, mu_trigger=-6.54118, non_prompt_stat_ele=3.48633, non_prompt_stat_muon=-5.96667, others_stat_ele=-4.7841, others_stat_muon=-6.26462, others_xs=-6.99338, param=1.04498, pdf_ele=-3.91661, pdf_muon=-6.20065, photon_id=5.42304, pileup=-0.150557, scale_ele=0.434428, scale_muon=6.74666
RooProdPdf::model_s[ modelObs_s * nuisancePdf ]
     getLogVal() top-level p.d.f evaluates to zero @ !pdfs=(modelObs_s = 0/1,nuisancePdf = 1)

[#0] WARNING:Minization -- RooMinimizerFcn: Minimized function has error status.
Returning maximum FCN so far (961.826) to force MIGRAD to back out of this region. Error log follows
Parameter values: JER_ele=0.091771, JER_muon=0.528105, JES_ele=2.0496, JES_muon=0.947523, QCD_stat_ele=5.65717, QCD_stat_muon=0.209454, VBS_stat_ele=1.99495, VBS_stat_muon=1.41951, ele_efficiency=0.47511, ele_trigger=1.78746, fakephoton_ele=3.08993, fakephoton_muon=-0.659573, interference=2.22967, lumi=1.41986, mu_efficiency=0.235582, mu_trigger=-0.295502, non_prompt_stat_ele=4.9929, non_prompt_stat_muon=-0.306136, others_stat_ele=2.59084, others_stat_muon=-1.30416, others_xs=1.34204, param=10.6208, pdf_ele=3.80994, pdf_muon=0.555137, photon_id=1.76452, pileup=1.04285, scale_ele=5.09292, scale_muon=2.26612
RooProdPdf::model_s[ modelObs_s * nuisancePdf ]
     getLogVal() top-level p.d.f evaluates to zero @ !pdfs=(modelObs_s = 0/1,nuisancePdf = 1)

[#0] WARNING:Minization -- RooMinimizerFcn: Minimized function has error status.
Returning maximum FCN so far (961.826) to force MIGRAD to back out of this region. Error log follows
Parameter values: JER_ele=0.156144, JER_muon=0.508779, JES_ele=2.15314, JES_muon=0.910421, QCD_stat_ele=5.85393, QCD_stat_muon=0.134491, VBS_stat_ele=2.08745, VBS_stat_muon=1.38881, ele_efficiency=0.496597, ele_trigger=1.86996, fakephoton_ele=3.28526, fakephoton_muon=-0.669491, interference=2.22498, lumi=1.44787, mu_efficiency=0.228517, mu_trigger=-0.322957, non_prompt_stat_ele=5.19956, non_prompt_stat_muon=-0.329877, others_stat_ele=2.70828, others_stat_muon=-1.32381, others_xs=1.38119, param=10.5851, pdf_ele=3.93047, pdf_muon=0.504904, photon_id=1.84337, pileup=1.04579, scale_ele=5.31027, scale_muon=2.16092
RooProdPdf::model_s[ modelObs_s * nuisancePdf ]
     getLogVal() top-level p.d.f evaluates to zero @ !pdfs=(modelObs_s = 0/1,nuisancePdf = 1)

[#0] WARNING:Minization -- RooMinimizerFcn: Minimized function has error status.
Returning maximum FCN so far (961.826) to force MIGRAD to back out of this region. Error log follows
Parameter values: JER_ele=0.216487, JER_muon=0.508603, JES_ele=2.24962, JES_muon=0.908969, QCD_stat_ele=6.02448, QCD_stat_muon=0.1301, VBS_stat_ele=2.17457, VBS_stat_muon=1.39102, ele_efficiency=0.516711, ele_trigger=1.94696, fakephoton_ele=3.46388, fakephoton_muon=-0.6702, interference=2.23535, lumi=1.48738, mu_efficiency=0.228318, mu_trigger=-0.323746, non_prompt_stat_ele=5.3827, non_prompt_stat_muon=-0.331485, others_stat_ele=2.81757, others_stat_muon=-1.3234, others_xs=1.42928, param=10.5545, pdf_ele=4.04183, pdf_muon=0.50347, photon_id=1.95152, pileup=1.04975, scale_ele=5.50329, scale_muon=2.15587
RooProdPdf::model_s[ modelObs_s * nuisancePdf ]
     getLogVal() top-level p.d.f evaluates to zero @ !pdfs=(modelObs_s = 0/1,nuisancePdf = 1)

[#0] WARNING:Minization -- RooMinimizerFcn: Minimized function has error status.
Returning maximum FCN so far (961.826) to force MIGRAD to back out of this region. Error log follows
Parameter values: JER_ele=-5.06891, JER_muon=6.84337, JES_ele=4.07085, JES_muon=4.50643, QCD_stat_ele=0.791172, QCD_stat_muon=-6.80376, VBS_stat_ele=0.437114, VBS_stat_muon=3.23929, ele_efficiency=6.87331, ele_trigger=-5.10358, fakephoton_ele=6.74124, fakephoton_muon=3.19384, interference=5.81289, lumi=-4.33007, mu_efficiency=3.23801, mu_trigger=6.94781, non_prompt_stat_ele=2.15109, non_prompt_stat_muon=6.79525, others_stat_ele=6.76964, others_stat_muon=6.54728, others_xs=-6.15642, param=0.306106, pdf_ele=0.183086, pdf_muon=-0.875283, photon_id=-4.63145, pileup=3.35164, scale_ele=6.9028, scale_muon=4.76214
RooProdPdf::model_s[ modelObs_s * nuisancePdf ]
     getLogVal() top-level p.d.f evaluates to zero @ !pdfs=(modelObs_s = 0/1,nuisancePdf = 1)

[#0] WARNING:Minization -- RooMinimizerFcn: Minimized function has error status.
Returning maximum FCN so far (961.826) to force MIGRAD to back out of this region. Error log follows
Parameter values: JER_ele=0.273398, JER_muon=0.517934, JES_ele=2.34033, JES_muon=0.925354, QCD_stat_ele=6.17353, QCD_stat_muon=0.161188, VBS_stat_ele=2.25669, VBS_stat_muon=1.40927, ele_efficiency=0.535711, ele_trigger=2.01947, fakephoton_ele=3.62851, fakephoton_muon=-0.666366, interference=2.25303, lumi=1.53168, mu_efficiency=0.231546, mu_trigger=-0.311315, non_prompt_stat_ele=5.54626, non_prompt_stat_muon=-0.322035, others_stat_ele=2.92022, others_stat_muon=-1.31308, others_xs=1.48079, param=10.5253, pdf_ele=4.14569, pdf_muon=0.526293, photon_id=2.07136, pileup=1.0542, scale_ele=5.67605, scale_muon=2.20118
RooProdPdf::model_s[ modelObs_s * nuisancePdf ]
     getLogVal() top-level p.d.f evaluates to zero @ !pdfs=(modelObs_s = 0/1,nuisancePdf = 1)

[#0] WARNING:Minization -- RooMinimizerFcn: Minimized function has error status.
Returning maximum FCN so far (961.826) to force MIGRAD to back out of this region. Error log follows
Parameter values: JER_ele=-6.53248, JER_muon=-2.00464, JES_ele=-6.85375, JES_muon=-3.9928, QCD_stat_ele=4.1241, QCD_stat_muon=-6.94458, VBS_stat_ele=-6.89839, VBS_stat_muon=-1.99982, ele_efficiency=-2.33792, ele_trigger=-6.84952, fakephoton_ele=4.08726, fakephoton_muon=-1.96686, interference=-1.24527, lumi=-5.36783, mu_efficiency=-0.726955, mu_trigger=-3.83612, non_prompt_stat_ele=6.74153, non_prompt_stat_muon=-3.34302, others_stat_ele=-6.18463, others_stat_muon=-4.28329, others_xs=-6.20362, param=2.30286, pdf_ele=-5.84928, pdf_muon=-5.38582, photon_id=-2.21987, pileup=0.31041, scale_ele=5.36354, scale_muon=-6.6946
RooProdPdf::model_s[ modelObs_s * nuisancePdf ]
     getLogVal() top-level p.d.f evaluates to zero @ !pdfs=(modelObs_s = 0/1,nuisancePdf = 1)

[#0] WARNING:Minization -- RooMinimizerFcn: Minimized function has error status.
Returning maximum FCN so far (961.826) to force MIGRAD to back out of this region. Error log follows
Parameter values: JER_ele=0.208701, JER_muon=0.49045, JES_ele=2.25472, JES_muon=0.886632, QCD_stat_ele=6.02386, QCD_stat_muon=0.0834669, VBS_stat_ele=2.15728, VBS_stat_muon=1.34064, ele_efficiency=0.517795, ele_trigger=1.95064, fakephoton_ele=3.40586, fakephoton_muon=-0.680912, interference=2.22808, lumi=1.477, mu_efficiency=0.223543, mu_trigger=-0.349815, non_prompt_stat_ele=5.32999, non_prompt_stat_muon=-0.347653, others_stat_ele=2.83146, others_stat_muon=-1.34587, others_xs=1.42758, param=11.0598, pdf_ele=4.05052, pdf_muon=0.460478, photon_id=1.91535, pileup=1.05473, scale_ele=5.50782, scale_muon=2.09843
RooProdPdf::model_s[ modelObs_s * nuisancePdf ]
     getLogVal() top-level p.d.f evaluates to zero @ !pdfs=(modelObs_s = 0/1,nuisancePdf = 1)

[#0] WARNING:Minization -- RooMinimizerFcn: Minimized function has error status.
Returning maximum FCN so far (961.826) to force MIGRAD to back out of this region. Error log follows
Parameter values: JER_ele=1.29404, JER_muon=0.910484, JES_ele=3.83386, JES_muon=1.66314, QCD_stat_ele=6.78635, QCD_stat_muon=1.63378, VBS_stat_ele=3.6185, VBS_stat_muon=1.99854, ele_efficiency=0.861269, ele_trigger=3.22509, fakephoton_ele=5.54919, fakephoton_muon=-0.438366, interference=2.66316, lumi=2.45315, mu_efficiency=0.371789, mu_trigger=0.28346, non_prompt_stat_ele=6.90527, non_prompt_stat_muon=0.161871, others_stat_ele=4.5977, others_stat_muon=-0.77385, others_xs=2.54713, param=10.6154, pdf_ele=5.66512, pdf_muon=1.53684, photon_id=4.41397, pileup=1.10641, scale_ele=6.97716, scale_muon=4.13842
RooProdPdf::model_s[ modelObs_s * nuisancePdf ]
     getLogVal() top-level p.d.f evaluates to zero @ !pdfs=(modelObs_s = 0/1,nuisancePdf = 1)

[#0] WARNING:Minization -- RooMinimizerFcn: Minimized function has error status.
Returning maximum FCN so far (961.826) to force MIGRAD to back out of this region. Error log follows
Parameter values: JER_ele=-4.43318, JER_muon=5.10954, JES_ele=6.76489, JES_muon=6.98981, QCD_stat_ele=6.7606, QCD_stat_muon=-5.08695, VBS_stat_ele=5.69493, VBS_stat_muon=-3.6302, ele_efficiency=6.88026, ele_trigger=-4.26876, fakephoton_ele=6.49707, fakephoton_muon=6.99654, interference=-4.81558, lumi=-2.57874, mu_efficiency=1.63514, mu_trigger=4.64689, non_prompt_stat_ele=0.79474, non_prompt_stat_muon=6.75294, others_stat_ele=-0.549785, others_stat_muon=-3.93126, others_xs=-6.46235, param=1.22965, pdf_ele=6.25819, pdf_muon=3.69531, photon_id=-6.99113, pileup=-5.28621, scale_ele=-0.0724953, scale_muon=-6.30909
RooProdPdf::model_s[ modelObs_s * nuisancePdf ]
     getLogVal() top-level p.d.f evaluates to zero @ !pdfs=(modelObs_s = 0/1,nuisancePdf = 1)

[#0] WARNING:Minization -- RooMinimizerFcn: Minimized function has error status.
Returning maximum FCN so far (961.826) to force MIGRAD to back out of this region. Error log follows
Parameter values: JER_ele=0.180084, JER_muon=0.486491, JES_ele=2.18884, JES_muon=0.852486, QCD_stat_ele=5.91321, QCD_stat_muon=0.00661435, VBS_stat_ele=2.1424, VBS_stat_muon=1.39154, ele_efficiency=0.504339, ele_trigger=1.89953, fakephoton_ele=3.36647, fakephoton_muon=-0.686417, interference=2.21845, lumi=1.45026, mu_efficiency=0.218562, mu_trigger=-0.361951, non_prompt_stat_ele=5.28544, non_prompt_stat_muon=-0.369756, others_stat_ele=2.74148, others_stat_muon=-1.36195, others_xs=1.37423, param=9.60534, pdf_ele=3.97442, pdf_muon=0.439762, photon_id=1.8348, pileup=1.04596, scale_ele=5.38267, scale_muon=1.99029
RooProdPdf::model_s[ modelObs_s * nuisancePdf ]
     getLogVal() top-level p.d.f evaluates to zero @ !pdfs=(modelObs_s = 0/1,nuisancePdf = 1)

[#0] WARNING:Minization -- RooMinimizerFcn: Minimized function has error status.
Returning maximum FCN so far (961.826) to force MIGRAD to back out of this region. Error log follows
Parameter values: JER_ele=0.191895, JER_muon=0.490032, JES_ele=2.20848, JES_muon=0.859934, QCD_stat_ele=5.94736, QCD_stat_muon=0.021245, VBS_stat_ele=2.15784, VBS_stat_muon=1.39576, ele_efficiency=0.508391, ele_trigger=1.91504, fakephoton_ele=3.39754, fakephoton_muon=-0.684611, interference=2.22329, lumi=1.46083, mu_efficiency=0.21994, mu_trigger=-0.356718, non_prompt_stat_ele=5.31715, non_prompt_stat_muon=-0.365252, others_stat_ele=2.76418, others_stat_muon=-1.35749, others_xs=1.38696, param=9.63682, pdf_ele=3.99674, pdf_muon=0.44915, photon_id=1.8639, pileup=1.0471, scale_ele=5.4218, scale_muon=2.01167
RooProdPdf::model_s[ modelObs_s * nuisancePdf ]
     getLogVal() top-level p.d.f evaluates to zero @ !pdfs=(modelObs_s = 0/1,nuisancePdf = 1)

[#0] WARNING:Minization -- RooMinimizerFcn: Minimized function has error status.
Returning maximum FCN so far (991.293) to force MIGRAD to back out of this region. Error log follows
Parameter values: JER_ele=-5.18115, JER_muon=6.80394, JES_ele=4.38332, JES_muon=4.65995, QCD_stat_ele=-0.3029, QCD_stat_muon=-6.68593, VBS_stat_ele=0.180966, VBS_stat_muon=3.74698, ele_efficiency=6.88557, ele_trigger=-4.9197, fakephoton_ele=6.9406, fakephoton_muon=3.14572, interference=5.90204, lumi=-4.31814, mu_efficiency=3.19544, mu_trigger=6.96673, non_prompt_stat_ele=3.4156, non_prompt_stat_muon=6.75916, others_stat_ele=6.66581, others_stat_muon=6.50626, others_xs=-6.19894, param=0.251752, pdf_ele=-0.185183, pdf_muon=-0.525137, photon_id=-4.7684, pileup=3.34736, scale_ele=6.58089, scale_muon=4.35434
RooProdPdf::model_s[ modelObs_s * nuisancePdf ]
     getLogVal() top-level p.d.f evaluates to zero @ !pdfs=(modelObs_s = 0/1,nuisancePdf = 1)

[#0] WARNING:Minization -- RooMinimizerFcn: Minimized function has error status.
Returning maximum FCN so far (991.293) to force MIGRAD to back out of this region. Error log follows
Parameter values: JER_ele=0.286192, JER_muon=0.520513, JES_ele=2.35922, JES_muon=0.915928, QCD_stat_ele=6.19734, QCD_stat_muon=0.130084, VBS_stat_ele=2.29224, VBS_stat_muon=1.44975, ele_efficiency=0.539903, ele_trigger=2.03535, fakephoton_ele=3.67107, fakephoton_muon=-0.670805, interference=2.26461, lumi=1.54529, mu_efficiency=0.230775, mu_trigger=-0.31478, non_prompt_stat_ele=5.5891, non_prompt_stat_muon=-0.331709, others_stat_ele=2.93491, others_stat_muon=-1.32397, others_xs=1.4825, param=9.61648, pdf_ele=4.16899, pdf_muon=0.52577, photon_id=2.09256, pileup=1.05549, scale_ele=5.71076, scale_muon=2.16889
RooProdPdf::model_s[ modelObs_s * nuisancePdf ]
     getLogVal() top-level p.d.f evaluates to zero @ !pdfs=(modelObs_s = 0/1,nuisancePdf = 1)

[#0] WARNING:Minization -- RooMinimizerFcn: Minimized function has error status.
Returning maximum FCN so far (991.293) to force MIGRAD to back out of this region. Error log follows
Parameter values: JER_ele=-6.70467, JER_muon=-2.14475, JES_ele=-6.59497, JES_muon=-4.22004, QCD_stat_ele=1.41173, QCD_stat_muon=-6.98954, VBS_stat_ele=-6.98667, VBS_stat_muon=-2.26086, ele_efficiency=-2.51608, ele_trigger=-6.96479, fakephoton_ele=5.49469, fakephoton_muon=-2.0096, interference=-1.50908, lumi=-5.67309, mu_efficiency=-0.780964, mu_trigger=-3.98977, non_prompt_stat_ele=5.53479, non_prompt_stat_muon=-3.46731, others_stat_ele=-5.59129, others_stat_muon=-4.37885, others_xs=-6.43961, param=2.77822, pdf_ele=-5.05436, pdf_muon=-5.61313, photon_id=-0.911283, pileup=0.241539, scale_ele=3.11919, scale_muon=-6.40573
RooProdPdf::model_s[ modelObs_s * nuisancePdf ]
     getLogVal() top-level p.d.f evaluates to zero @ !pdfs=(modelObs_s = 0/1,nuisancePdf = 1)

[#0] WARNING:Minization -- RooMinimizerFcn: Minimized function has error status.
Returning maximum FCN so far (991.293) to force MIGRAD to back out of this region. Error log follows
Parameter values: JER_ele=-6.47983, JER_muon=6.94624, JES_ele=6.6827, JES_muon=3.46077, QCD_stat_ele=-6.59592, QCD_stat_muon=-6.95945, VBS_stat_ele=3.64096, VBS_stat_muon=2.50295, ele_efficiency=6.98574, ele_trigger=-2.16332, fakephoton_ele=3.51816, fakephoton_muon=3.46653, interference=5.22271, lumi=-5.83318, mu_efficiency=3.44453, mu_trigger=6.77533, non_prompt_stat_ele=5.97542, non_prompt_stat_muon=6.93431, others_stat_ele=3.75525, others_stat_muon=6.78279, others_xs=-6.94986, param=0.216105, pdf_ele=-5.08342, pdf_muon=-2.47121, photon_id=-6.98578, pileup=3.53973, scale_ele=-3.64708, scale_muon=6.72388
RooProdPdf::model_s[ modelObs_s * nuisancePdf ]
     getLogVal() top-level p.d.f evaluates to zero @ !pdfs=(modelObs_s = 0/1,nuisancePdf = 1)

[#0] WARNING:Minization -- RooMinimizerFcn: Minimized function has error status.
Returning maximum FCN so far (991.293) to force MIGRAD to back out of this region. Error log follows
Parameter values: JER_ele=0.40802, JER_muon=0.560189, JES_ele=2.55238, JES_muon=0.988893, QCD_stat_ele=6.47287, QCD_stat_muon=0.272088, VBS_stat_ele=2.46445, VBS_stat_muon=1.5196, ele_efficiency=0.580642, ele_trigger=2.18997, fakephoton_ele=4.01305, fakephoton_muon=-0.652787, interference=2.31811, lumi=1.65437, mu_efficiency=0.2449, mu_trigger=-0.260102, non_prompt_stat_ele=5.90835, non_prompt_stat_muon=-0.28791, others_stat_ele=3.15271, others_stat_muon=-1.28022, others_xs=1.60592, param=9.59509, pdf_ele=4.38607, pdf_muon=0.625518, photon_id=2.38518, pileup=1.06638, scale_ele=6.04498, scale_muon=2.37225
RooProdPdf::model_s[ modelObs_s * nuisancePdf ]
     getLogVal() top-level p.d.f evaluates to zero @ !pdfs=(modelObs_s = 0/1,nuisancePdf = 1)

[#0] WARNING:Minization -- RooMinimizerFcn: Minimized function has error status.
Returning maximum FCN so far (991.293) to force MIGRAD to back out of this region. Error log follows
Parameter values: JER_ele=-6.44707, JER_muon=-1.92349, JES_ele=-6.9117, JES_muon=-3.87192, QCD_stat_ele=4.94392, QCD_stat_muon=-6.89564, VBS_stat_ele=-6.82575, VBS_stat_muon=-1.86417, ele_efficiency=-2.27781, ele_trigger=-6.79242, fakephoton_ele=3.4912, fakephoton_muon=-1.9078, interference=-1.18132, lumi=-5.24865, mu_efficiency=-0.699523, mu_trigger=-3.72367, non_prompt_stat_ele=6.93393, non_prompt_stat_muon=-3.24391, others_stat_ele=-6.35621, others_stat_muon=-4.17134, others_xs=-6.09867, param=2.69798, pdf_ele=-6.07105, pdf_muon=-5.24685, photon_id=-2.73122, pileup=0.307277, scale_ele=5.9298, scale_muon=-6.80409
RooProdPdf::model_s[ modelObs_s * nuisancePdf ]
     getLogVal() top-level p.d.f evaluates to zero @ !pdfs=(modelObs_s = 0/1,nuisancePdf = 1)

[#0] WARNING:Minization -- RooMinimizerFcn: Minimized function has error status.
Returning maximum FCN so far (991.293) to force MIGRAD to back out of this region. Error log follows
Parameter values: JER_ele=-0.353651, JER_muon=0.325101, JES_ele=-3.99794, JES_muon=-4.00096, QCD_stat_ele=6.64155, QCD_stat_muon=-6.65371, VBS_stat_ele=6.17282, VBS_stat_muon=-3.45171, ele_efficiency=-0.72637, ele_trigger=2.06779, fakephoton_ele=6.00331, fakephoton_muon=6.62724, interference=-6.99991, lumi=3.70015, mu_efficiency=6.24237, mu_trigger=-5.57883, non_prompt_stat_ele=4.45021, non_prompt_stat_muon=-0.636566, others_stat_ele=2.13479, others_stat_muon=0.168485, others_xs=-3.48442, param=3.53132, pdf_ele=0.430817, pdf_muon=6.82792, photon_id=-6.18037, pileup=5.96855, scale_ele=-6.99697, scale_muon=-4.88642
RooProdPdf::model_s[ modelObs_s * nuisancePdf ]
     getLogVal() top-level p.d.f evaluates to zero @ !pdfs=(modelObs_s = 0/1,nuisancePdf = 1)

[#0] WARNING:Minization -- RooMinimizerFcn: Minimized function has error status.
Returning maximum FCN so far (991.831) to force MIGRAD to back out of this region. Error log follows
Parameter values: JER_ele=-6.77787, JER_muon=-2.31148, JES_ele=-6.45188, JES_muon=-4.43845, QCD_stat_ele=0.206773, QCD_stat_muon=-6.99834, VBS_stat_ele=-7, VBS_stat_muon=-2.62728, ele_efficiency=-2.58786, ele_trigger=-6.98891, fakephoton_ele=5.95591, fakephoton_muon=-2.09784, interference=-1.66856, lumi=-5.84016, mu_efficiency=-0.835676, mu_trigger=-4.19131, non_prompt_stat_ele=4.81313, non_prompt_stat_muon=-3.62086, others_stat_ele=-5.31973, others_stat_muon=-4.53998, others_xs=-6.54539, param=2.78478, pdf_ele=-4.69699, pdf_muon=-5.86037, photon_id=-0.103351, pileup=0.241626, scale_ele=2.00576, scale_muon=-6.04897
RooProdPdf::model_s[ modelObs_s * nuisancePdf ]
     getLogVal() top-level p.d.f evaluates to zero @ !pdfs=(modelObs_s = 0/1,nuisancePdf = 1)

[#0] WARNING:Minization -- RooMinimizerFcn: Minimized function has error status.
Returning maximum FCN so far (991.831) to force MIGRAD to back out of this region. Error log follows
Parameter values: JER_ele=0.154937, JER_muon=0.495126, JES_ele=2.1374, JES_muon=0.860404, QCD_stat_ele=5.81336, QCD_stat_muon=0.0213987, VBS_stat_ele=2.11063, VBS_stat_muon=1.41941, ele_efficiency=0.493355, ele_trigger=1.85792, fakephoton_ele=3.24976, fakephoton_muon=-0.679766, interference=2.21433, lumi=1.4367, mu_efficiency=0.220366, mu_trigger=-0.348237, non_prompt_stat_ele=5.16093, non_prompt_stat_muon=-0.362358, others_stat_ele=2.67957, others_stat_muon=-1.34961, others_xs=1.3506, param=9.61436, pdf_ele=3.91042, pdf_muon=0.460366, photon_id=1.79638, pileup=1.03908, scale_ele=5.27782, scale_muon=2.00821
RooProdPdf::model_s[ modelObs_s * nuisancePdf ]
     getLogVal() top-level p.d.f evaluates to zero @ !pdfs=(modelObs_s = 0/1,nuisancePdf = 1)

[#0] WARNING:Minization -- RooMinimizerFcn: Minimized function has error status.
Returning maximum FCN so far (991.831) to force MIGRAD to back out of this region. Error log follows
Parameter values: JER_ele=-6.42425, JER_muon=-1.9878, JES_ele=-6.93464, JES_muon=-3.9348, QCD_stat_ele=5.30587, QCD_stat_muon=-6.9185, VBS_stat_ele=-6.81461, VBS_stat_muon=-2.05874, ele_efficiency=-2.24781, ele_trigger=-6.76147, fakephoton_ele=3.20166, fakephoton_muon=-1.94491, interference=-1.19989, lumi=-5.24539, mu_efficiency=-0.715998, mu_trigger=-3.80274, non_prompt_stat_ele=6.98297, non_prompt_stat_muon=-3.29264, others_stat_ele=-6.4402, others_stat_muon=-4.23416, others_xs=-6.07114, param=2.49973, pdf_ele=-6.18088, pdf_muon=-5.34826, photon_id=-2.75757, pileup=0.332647, scale_ele=6.16051, scale_muon=-6.75533
RooProdPdf::model_s[ modelObs_s * nuisancePdf ]
     getLogVal() top-level p.d.f evaluates to zero @ !pdfs=(modelObs_s = 0/1,nuisancePdf = 1)

[#0] WARNING:Minization -- RooMinimizerFcn: Minimized function has error status.
Returning maximum FCN so far (991.831) to force MIGRAD to back out of this region. Error log follows
Parameter values: JER_ele=-5.9909, JER_muon=6.93982, JES_ele=5.79248, JES_muon=3.53775, QCD_stat_ele=-5.72726, QCD_stat_muon=-6.96738, VBS_stat_ele=1.85878, VBS_stat_muon=2.74992, ele_efficiency=6.94617, ele_trigger=-3.66757, fakephoton_ele=6.42331, fakephoton_muon=3.56156, interference=5.54893, lumi=-5.29494, mu_efficiency=3.42282, mu_trigger=6.75604, non_prompt_stat_ele=6.59181, non_prompt_stat_muon=6.93958, others_stat_ele=5.57207, others_stat_muon=6.82698, others_xs=-6.75477, param=3.54683, pdf_ele=-2.66286, pdf_muon=-2.43094, photon_id=-6.77933, pileup=3.34687, scale_ele=2.21412, scale_muon=6.64006
RooProdPdf::model_s[ modelObs_s * nuisancePdf ]
     getLogVal() top-level p.d.f evaluates to zero @ !pdfs=(modelObs_s = 0/1,nuisancePdf = 1)

[#0] WARNING:Minization -- RooMinimizerFcn: Minimized function has error status.
Returning maximum FCN so far (991.831) to force MIGRAD to back out of this region. Error log follows
Parameter values: JER_ele=0.355373, JER_muon=0.562478, JES_ele=2.45609, JES_muon=0.984336, QCD_stat_ele=6.33691, QCD_stat_muon=0.263387, VBS_stat_ele=2.39368, VBS_stat_muon=1.53665, ele_efficiency=0.559921, ele_trigger=2.11204, fakephoton_ele=3.82671, fakephoton_muon=-0.648163, interference=2.30219, lumi=1.61706, mu_efficiency=0.244286, mu_trigger=-0.254357, non_prompt_stat_ele=5.73366, non_prompt_stat_muon=-0.287269, others_stat_ele=3.04015, others_stat_muon=-1.27347, others_xs=1.55475, param=9.66155, pdf_ele=4.27302, pdf_muon=0.630309, photon_id=2.28553, pileup=1.05604, scale_ele=5.88413, scale_muon=2.35478
RooProdPdf::model_s[ modelObs_s * nuisancePdf ]
     getLogVal() top-level p.d.f evaluates to zero @ !pdfs=(modelObs_s = 0/1,nuisancePdf = 1)

[#0] WARNING:Minization -- RooMinimizerFcn: Minimized function has error status.
Returning maximum FCN so far (991.831) to force MIGRAD to back out of this region. Error log follows
Parameter values: JER_ele=-6.66505, JER_muon=-2.19253, JES_ele=-6.68453, JES_muon=-4.26398, QCD_stat_ele=2.32938, QCD_stat_muon=-6.99429, VBS_stat_ele=-6.97, VBS_stat_muon=-2.39627, ele_efficiency=-2.46144, ele_trigger=-6.93807, fakephoton_ele=5.0953, fakephoton_muon=-2.04614, interference=-1.48728, lumi=-5.63053, mu_efficiency=-0.79247, mu_trigger=-4.05705, non_prompt_stat_ele=6.0219, non_prompt_stat_muon=-3.5057, others_stat_ele=-5.80498, others_stat_muon=-4.43698, others_xs=-6.38829, param=2.77324, pdf_ele=-5.33433, pdf_muon=-5.68661, photon_id=-1.09638, pileup=0.278969, scale_ele=3.83828, scale_muon=-6.34775
RooProdPdf::model_s[ modelObs_s * nuisancePdf ]
     getLogVal() top-level p.d.f evaluates to zero @ !pdfs=(modelObs_s = 0/1,nuisancePdf = 1)

[#0] WARNING:Minization -- RooMinimizerFcn: Minimized function has error status.
Returning maximum FCN so far (991.831) to force MIGRAD to back out of this region. Error log follows
Parameter values: JER_ele=0.171974, JER_muon=0.505159, JES_ele=2.16453, JES_muon=0.873176, QCD_stat_ele=5.86027, QCD_stat_muon=0.0412372, VBS_stat_ele=2.14416, VBS_stat_muon=1.45186, ele_efficiency=0.499142, ele_trigger=1.88004, fakephoton_ele=3.29342, fakephoton_muon=-0.677716, interference=2.22927, lumi=1.4571, mu_efficiency=0.223278, mu_trigger=-0.337654, non_prompt_stat_ele=5.20678, non_prompt_stat_muon=-0.356304, others_stat_ele=2.70832, others_stat_muon=-1.345, others_xs=1.36698, param=9.28293, pdf_ele=3.94336, pdf_muon=0.482578, photon_id=1.84368, pileup=1.04143, scale_ele=5.33284, scale_muon=2.04192
RooProdPdf::model_s[ modelObs_s * nuisancePdf ]
     getLogVal() top-level p.d.f evaluates to zero @ !pdfs=(modelObs_s = 0/1,nuisancePdf = 1)

[#0] WARNING:Minization -- RooMinimizerFcn: Minimized function has error status.
Returning maximum FCN so far (991.831) to force MIGRAD to back out of this region. Error log follows
Parameter values: JER_ele=-6.84998, JER_muon=-2.30213, JES_ele=-6.18913, JES_muon=-4.47527, QCD_stat_ele=-1.74362, QCD_stat_muon=-6.99626, VBS_stat_ele=-6.99239, VBS_stat_muon=-2.50111, ele_efficiency=-2.69923, ele_trigger=-6.99953, fakephoton_ele=6.52984, fakephoton_muon=-2.08623, interference=-1.74197, lumi=-5.96027, mu_efficiency=-0.84152, mu_trigger=-4.18706, non_prompt_stat_ele=3.36765, non_prompt_stat_muon=-3.62791, others_stat_ele=-4.83223, others_stat_muon=-4.53249, others_xs=-6.64776, param=2.57039, pdf_ele=-4.07169, pdf_muon=-5.86278, photon_id=0.574421, pileup=0.194491, scale_ele=0.17153, scale_muon=-5.95932
RooProdPdf::model_s[ modelObs_s * nuisancePdf ]
     getLogVal() top-level p.d.f evaluates to zero @ !pdfs=(modelObs_s = 0/1,nuisancePdf = 1)

[#0] WARNING:Minization -- RooMinimizerFcn: Minimized function has error status.
Returning maximum FCN so far (991.831) to force MIGRAD to back out of this region. Error log follows
Parameter values: JER_ele=0.123759, JER_muon=0.477525, JES_ele=2.10051, JES_muon=0.819642, QCD_stat_ele=5.74311, QCD_stat_muon=-0.0734273, VBS_stat_ele=2.09034, VBS_stat_muon=1.42028, ele_efficiency=0.486552, ele_trigger=1.83097, fakephoton_ele=3.17885, fakephoton_muon=-0.699331, interference=2.21536, lumi=1.41342, mu_efficiency=0.213577, mu_trigger=-0.385281, non_prompt_stat_ele=5.09263, non_prompt_stat_muon=-0.395313, others_stat_ele=2.63572, others_stat_muon=-1.39336, others_xs=1.31331, param=8.65849, pdf_ele=3.8783, pdf_muon=0.407611, photon_id=1.70729, pileup=1.04483, scale_ele=5.1984, scale_muon=1.8913
RooProdPdf::model_s[ modelObs_s * nuisancePdf ]
     getLogVal() top-level p.d.f evaluates to zero @ !pdfs=(modelObs_s = 0/1,nuisancePdf = 1)

[#0] WARNING:Minization -- RooMinimizerFcn: Minimized function has error status.
Returning maximum FCN so far (991.831) to force MIGRAD to back out of this region. Error log follows
Parameter values: JER_ele=-6.52528, JER_muon=-1.97042, JES_ele=-6.83012, JES_muon=-3.94515, QCD_stat_ele=3.9004, QCD_stat_muon=-6.91325, VBS_stat_ele=-6.88851, VBS_stat_muon=-2.0023, ele_efficiency=-2.36011, ele_trigger=-6.86701, fakephoton_ele=4.20774, fakephoton_muon=-1.8879, interference=-1.33877, lumi=-5.39207, mu_efficiency=-0.718452, mu_trigger=-3.74783, non_prompt_stat_ele=6.6646, non_prompt_stat_muon=-3.25339, others_stat_ele=-6.13709, others_stat_muon=-4.14874, others_xs=-6.20241, param=2.47012, pdf_ele=-5.75068, pdf_muon=-5.31664, photon_id=-2.22502, pileup=0.250465, scale_ele=5.14194, scale_muon=-6.73585
RooProdPdf::model_s[ modelObs_s * nuisancePdf ]
     getLogVal() top-level p.d.f evaluates to zero @ !pdfs=(modelObs_s = 0/1,nuisancePdf = 1)

[#0] WARNING:Minization -- RooMinimizerFcn: Minimized function has error status.
Returning maximum FCN so far (991.831) to force MIGRAD to back out of this region. Error log follows
Parameter values: JER_ele=-4.95495, JER_muon=6.76691, JES_ele=4.47921, JES_muon=4.82577, QCD_stat_ele=-0.547361, QCD_stat_muon=-6.39212, VBS_stat_ele=-0.071406, VBS_stat_muon=3.7163, ele_efficiency=6.89303, ele_trigger=-4.82191, fakephoton_ele=6.86421, fakephoton_muon=2.79825, interference=5.63289, lumi=-4.34694, mu_efficiency=3.16888, mu_trigger=6.99782, non_prompt_stat_ele=3.10959, non_prompt_stat_muon=6.64206, others_stat_ele=6.61358, others_stat_muon=6.16857, others_xs=-6.14211, param=0.00669301, pdf_ele=-0.652966, pdf_muon=-0.0303744, photon_id=-4.35902, pileup=3.61578, scale_ele=6.4894, scale_muon=3.90822
RooProdPdf::model_s[ modelObs_s * nuisancePdf ]
     getLogVal() top-level p.d.f evaluates to zero @ !pdfs=(modelObs_s = 0/1,nuisancePdf = 1)

[#0] WARNING:Minization -- RooMinimizerFcn: Minimized function has error status.
Returning maximum FCN so far (991.831) to force MIGRAD to back out of this region. Error log follows
Parameter values: JER_ele=0.275327, JER_muon=0.525387, JES_ele=2.36573, JES_muon=0.905226, QCD_stat_ele=6.20086, QCD_stat_muon=0.0784629, VBS_stat_ele=2.33266, VBS_stat_muon=1.52663, ele_efficiency=0.542974, ele_trigger=2.0455, fakephoton_ele=3.64847, fakephoton_muon=-0.691462, interference=2.30738, lumi=1.56272, mu_efficiency=0.231001, mu_trigger=-0.334212, non_prompt_stat_ele=5.57683, non_prompt_stat_muon=-0.354549, others_stat_ele=2.94039, others_stat_muon=-1.36838, others_xs=1.4739, param=8.68341, pdf_ele=4.1968, pdf_muon=0.519679, photon_id=2.08073, pileup=1.07204, scale_ele=5.71614, scale_muon=2.13438
RooProdPdf::model_s[ modelObs_s * nuisancePdf ]
     getLogVal() top-level p.d.f evaluates to zero @ !pdfs=(modelObs_s = 0/1,nuisancePdf = 1)

[#0] WARNING:Minization -- RooMinimizerFcn: Minimized function has error status.
Returning maximum FCN so far (991.831) to force MIGRAD to back out of this region. Error log follows
Parameter values: JER_ele=-6.83528, JER_muon=-2.28626, JES_ele=-6.24472, JES_muon=-4.44163, QCD_stat_ele=-1.36058, QCD_stat_muon=-6.99881, VBS_stat_ele=-6.99652, VBS_stat_muon=-2.50191, ele_efficiency=-2.67688, ele_trigger=-6.99998, fakephoton_ele=6.44146, fakephoton_muon=-2.07505, interference=-1.71913, lumi=-5.92958, mu_efficiency=-0.834016, mu_trigger=-4.16539, non_prompt_stat_ele=3.64666, non_prompt_stat_muon=-3.60159, others_stat_ele=-4.9446, others_stat_muon=-4.50947, others_xs=-6.62144, param=2.10267, pdf_ele=-4.20626, pdf_muon=-5.83749, photon_id=0.408177, pileup=0.202266, scale_ele=0.52608, scale_muon=-6.02769
RooProdPdf::model_s[ modelObs_s * nuisancePdf ]
     getLogVal() top-level p.d.f evaluates to zero @ !pdfs=(modelObs_s = 0/1,nuisancePdf = 1)

[#0] WARNING:Minization -- RooMinimizerFcn: Minimized function has error status.
Returning maximum FCN so far (991.831) to force MIGRAD to back out of this region. Error log follows
Parameter values: JER_ele=-6.63887, JER_muon=-2.07372, JES_ele=-6.70572, JES_muon=-4.11043, QCD_stat_ele=2.52587, QCD_stat_muon=-6.96692, VBS_stat_ele=-6.94756, VBS_stat_muon=-2.13451, ele_efficiency=-2.44773, ele_trigger=-6.92976, fakephoton_ele=5.01884, fakephoton_muon=-1.97583, interference=-1.40514, lumi=-5.55367, mu_efficiency=-0.754615, mu_trigger=-3.91117, non_prompt_stat_ele=6.08512, non_prompt_stat_muon=-3.38599, others_stat_ele=-5.85754, others_stat_muon=-4.31045, others_xs=-6.3405, param=2.03673, pdf_ele=-5.39579, pdf_muon=-5.50621, photon_id=-1.42318, pileup=0.266166, scale_ele=4.00662, scale_muon=-6.55491
RooProdPdf::model_s[ modelObs_s * nuisancePdf ]
     getLogVal() top-level p.d.f evaluates to zero @ !pdfs=(modelObs_s = 0/1,nuisancePdf = 1)

[#0] WARNING:Minization -- RooMinimizerFcn: Minimized function has error status.
Returning maximum FCN so far (991.831) to force MIGRAD to back out of this region. Error log follows
Parameter values: JER_ele=0.173453, JER_muon=0.494686, JES_ele=2.17637, JES_muon=0.849408, QCD_stat_ele=5.88165, QCD_stat_muon=-0.0160886, VBS_stat_ele=2.15663, VBS_stat_muon=1.45254, ele_efficiency=0.50205, ele_trigger=1.89062, fakephoton_ele=3.31871, fakephoton_muon=-0.689899, interference=2.23414, lumi=1.45675, mu_efficiency=0.219328, mu_trigger=-0.359798, non_prompt_stat_ele=5.23703, non_prompt_stat_muon=-0.376552, others_stat_ele=2.71899, others_stat_muon=-1.37178, others_xs=1.36095, param=8.2557, pdf_ele=3.96253, pdf_muon=0.451596, photon_id=1.82954, pileup=1.04662, scale_ele=5.3564, scale_muon=1.97412
RooProdPdf::model_s[ modelObs_s * nuisancePdf ]
     getLogVal() top-level p.d.f evaluates to zero @ !pdfs=(modelObs_s = 0/1,nuisancePdf = 1)

[#0] WARNING:Minization -- RooMinimizerFcn: Minimized function has error status.
Returning maximum FCN so far (991.831) to force MIGRAD to back out of this region. Error log follows
Parameter values: JER_ele=-6.32644, JER_muon=-1.83106, JES_ele=-6.97249, JES_muon=-3.71807, QCD_stat_ele=5.93346, QCD_stat_muon=-6.81856, VBS_stat_ele=-6.69263, VBS_stat_muon=-1.71297, ele_efficiency=-2.1834, ele_trigger=-6.68613, fakephoton_ele=2.59731, fakephoton_muon=-1.86308, interference=-1.04587, lumi=-5.06741, mu_efficiency=-0.6647, mu_trigger=-3.61446, non_prompt_stat_ele=6.98841, non_prompt_stat_muon=-3.13686, others_stat_ele=-6.59028, others_stat_muon=-4.0783, others_xs=-5.93299, param=1.96286, pdf_ele=-6.3837, pdf_muon=-5.0885, photon_id=-3.37765, pileup=0.338812, scale_ele=6.56656, scale_muon=-6.90984
RooProdPdf::model_s[ modelObs_s * nuisancePdf ]
     getLogVal() top-level p.d.f evaluates to zero @ !pdfs=(modelObs_s = 0/1,nuisancePdf = 1)

[#0] WARNING:Minization -- RooMinimizerFcn: Minimized function has error status.
Returning maximum FCN so far (991.831) to force MIGRAD to back out of this region. Error log follows
Parameter values: JER_ele=-5.69743, JER_muon=6.84548, JES_ele=5.4904, JES_muon=4.2012, QCD_stat_ele=-4.68167, QCD_stat_muon=-6.92831, VBS_stat_ele=0.576239, VBS_stat_muon=3.91901, ele_efficiency=6.93244, ele_trigger=-4.02558, fakephoton_ele=6.74931, fakephoton_muon=3.27357, interference=5.76857, lumi=-4.84728, mu_efficiency=3.28085, mu_trigger=6.91817, non_prompt_stat_ele=6.08436, non_prompt_stat_muon=6.83777, others_stat_ele=5.94391, others_stat_muon=6.62972, others_xs=-6.57715, param=0.0428157, pdf_ele=-2.00673, pdf_muon=-1.16635, photon_id=-6.16911, pileup=3.40729, scale_ele=3.53404, scale_muon=5.63319
RooProdPdf::model_s[ modelObs_s * nuisancePdf ]
     getLogVal() top-level p.d.f evaluates to zero @ !pdfs=(modelObs_s = 0/1,nuisancePdf = 1)

[#0] WARNING:Minization -- RooMinimizerFcn: Minimized function has error status.
Returning maximum FCN so far (991.831) to force MIGRAD to back out of this region. Error log follows
Parameter values: JER_ele=0.334444, JER_muon=0.546438, JES_ele=2.43421, JES_muon=0.945896, QCD_stat_ele=6.30323, QCD_stat_muon=0.171484, VBS_stat_ele=2.38114, VBS_stat_muon=1.54075, ele_efficiency=0.555909, ele_trigger=2.09609, fakephoton_ele=3.78565, fakephoton_muon=-0.666015, interference=2.30377, lumi=1.60053, mu_efficiency=0.237895, mu_trigger=-0.287738, non_prompt_stat_ele=5.69937, non_prompt_stat_muon=-0.31876, others_stat_ele=3.01044, others_stat_muon=-1.31382, others_xs=1.52457, param=8.24618, pdf_ele=4.25534, pdf_muon=0.582693, photon_id=2.2205, pileup=1.06084, scale_ele=5.84526, scale_muon=2.24545
RooProdPdf::model_s[ modelObs_s * nuisancePdf ]
     getLogVal() top-level p.d.f evaluates to zero @ !pdfs=(modelObs_s = 0/1,nuisancePdf = 1)

[#0] WARNING:Minization -- RooMinimizerFcn: Minimized function has error status.
Returning maximum FCN so far (991.831) to force MIGRAD to back out of this region. Error log follows
Parameter values: JER_ele=-6.74658, JER_muon=-2.17635, JES_ele=-6.49935, JES_muon=-4.27274, QCD_stat_ele=0.600628, QCD_stat_muon=-6.99377, VBS_stat_ele=-6.99178, VBS_stat_muon=-2.3107, ele_efficiency=-2.56297, ele_trigger=-6.98196, fakephoton_ele=5.83568, fakephoton_muon=-2.02348, interference=-1.55876, lumi=-5.74674, mu_efficiency=-0.792965, mu_trigger=-4.03599, non_prompt_stat_ele=5.01474, non_prompt_stat_muon=-3.48878, others_stat_ele=-5.43309, others_stat_muon=-4.40686, others_xs=-6.48855, param=1.94345, pdf_ele=-4.83651, pdf_muon=-5.67193, photon_id=-0.510195, pileup=0.235232, scale_ele=2.33123, scale_muon=-6.32333
RooProdPdf::model_s[ modelObs_s * nuisancePdf ]
     getLogVal() top-level p.d.f evaluates to zero @ !pdfs=(modelObs_s = 0/1,nuisancePdf = 1)

[#0] WARNING:Minization -- RooMinimizerFcn: Minimized function has error status.
Returning maximum FCN so far (991.831) to force MIGRAD to back out of this region. Error log follows
Parameter values: JER_ele=-6.49582, JER_muon=-1.95149, JES_ele=-6.87254, JES_muon=-3.91444, QCD_stat_ele=4.44045, QCD_stat_muon=-6.90568, VBS_stat_ele=-6.84384, VBS_stat_muon=-1.92349, ele_efficiency=-2.31728, ele_trigger=-6.83062, fakephoton_ele=3.91264, fakephoton_muon=-1.91858, interference=-1.22531, lumi=-5.31956, mu_efficiency=-0.70917, mu_trigger=-3.76348, non_prompt_stat_ele=6.80886, non_prompt_stat_muon=-3.25873, others_stat_ele=-6.26663, others_stat_muon=-4.19338, others_xs=-6.14784, param=1.87733, pdf_ele=-5.94046, pdf_muon=-5.30201, photon_id=-2.41608, pileup=0.30317, scale_ele=5.5199, scale_muon=-6.76723
RooProdPdf::model_s[ modelObs_s * nuisancePdf ]
     getLogVal() top-level p.d.f evaluates to zero @ !pdfs=(modelObs_s = 0/1,nuisancePdf = 1)

[#0] WARNING:Minization -- RooMinimizerFcn: Minimized function has error status.
Returning maximum FCN so far (991.831) to force MIGRAD to back out of this region. Error log follows
Parameter values: JER_ele=0.194923, JER_muon=0.503416, JES_ele=2.21051, JES_muon=0.862016, QCD_stat_ele=5.94075, QCD_stat_muon=0.00514038, VBS_stat_ele=2.19141, VBS_stat_muon=1.47679, ele_efficiency=0.509206, ele_trigger=1.918, fakephoton_ele=3.37824, fakephoton_muon=-0.687309, interference=2.24691, lumi=1.4782, mu_efficiency=0.222024, mu_trigger=-0.349491, non_prompt_stat_ele=5.29834, non_prompt_stat_muon=-0.369979, others_stat_ele=2.75597, others_stat_muon=-1.36576, others_xs=1.38129, param=7.97157, pdf_ele=4.00222, pdf_muon=0.471916, photon_id=1.88373, pileup=1.04873, scale_ele=5.42496, scale_muon=2.00824
RooProdPdf::model_s[ modelObs_s * nuisancePdf ]
     getLogVal() top-level p.d.f evaluates to zero @ !pdfs=(modelObs_s = 0/1,nuisancePdf = 1)

[#0] WARNING:Minization -- RooMinimizerFcn: Minimized function has error status.
Returning maximum FCN so far (991.831) to force MIGRAD to back out of this region. Error log follows
Parameter values: JER_ele=0.766823, JER_muon=0.749889, JES_ele=3.16523, JES_muon=1.32035, QCD_stat_ele=6.96366, QCD_stat_muon=0.852607, VBS_stat_ele=3.07471, VBS_stat_muon=1.93815, ele_efficiency=0.715921, ele_trigger=2.69241, fakephoton_ele=4.54368, fakephoton_muon=-0.606316, interference=2.61076, lumi=2.08151, mu_efficiency=0.312335, mu_trigger=-0.0409005, non_prompt_stat_ele=6.33769, non_prompt_stat_muon=-0.119825, others_stat_ele=3.86707, others_stat_muon=-1.15481, others_xs=2.03747, param=8.38982, pdf_ele=5.07505, pdf_muon=1.07635, photon_id=3.34292, pileup=1.13879, scale_ele=6.77743, scale_muon=3.26922
RooProdPdf::model_s[ modelObs_s * nuisancePdf ]
     getLogVal() top-level p.d.f evaluates to zero @ !pdfs=(modelObs_s = 0/1,nuisancePdf = 1)

[#0] WARNING:Minization -- RooMinimizerFcn: Minimized function has error status.
Returning maximum FCN so far (991.831) to force MIGRAD to back out of this region. Error log follows
Parameter values: JER_ele=6.97284, JER_muon=5.99655, JES_ele=5.21451, JES_muon=0.946926, QCD_stat_ele=-5.06352, QCD_stat_muon=0.72234, VBS_stat_ele=1.57237, VBS_stat_muon=0.147862, ele_efficiency=3.56693, ele_trigger=-2.19645, fakephoton_ele=5.83042, fakephoton_muon=4.79411, interference=3.98897, lumi=1.61582, mu_efficiency=4.44736, mu_trigger=-6.42247, non_prompt_stat_ele=6.95266, non_prompt_stat_muon=1.81294, others_stat_ele=-5.97631, others_stat_muon=-5.8971, others_xs=-6.97843, param=12.5998, pdf_ele=1.16497, pdf_muon=1.77469, photon_id=1.97432, pileup=-2.9124, scale_ele=1.23273, scale_muon=1.13397
RooProdPdf::model_s[ modelObs_s * nuisancePdf ]
     getLogVal() top-level p.d.f evaluates to zero @ !pdfs=(modelObs_s = 0/1,nuisancePdf = 1)

[#0] WARNING:Minization -- RooMinimizerFcn: Minimized function has error status.
Returning maximum FCN so far (991.831) to force MIGRAD to back out of this region. Error log follows
Parameter values: JER_ele=-4.63841, JER_muon=-1.64943, JES_ele=-6.80626, JES_muon=-2.52342, QCD_stat_ele=5.72046, QCD_stat_muon=-3.91766, VBS_stat_ele=-6.99589, VBS_stat_muon=-5.32292, ele_efficiency=-1.92768, ele_trigger=-6.22554, fakephoton_ele=6.60814, fakephoton_muon=0.297123, interference=-3.94723, lumi=-5.28258, mu_efficiency=-0.569575, mu_trigger=-1.25708, non_prompt_stat_ele=6.10671, non_prompt_stat_muon=-0.786785, others_stat_ele=-6.77414, others_stat_muon=-0.107135, others_xs=-4.94847, param=5.71343, pdf_ele=-6.57783, pdf_muon=-3.5293, photon_id=-6.93646, pileup=-1.23727, scale_ele=3.24093, scale_muon=-6.44528
RooProdPdf::model_s[ modelObs_s * nuisancePdf ]
     getLogVal() top-level p.d.f evaluates to zero @ !pdfs=(modelObs_s = 0/1,nuisancePdf = 1)

[#0] WARNING:Minization -- RooMinimizerFcn: Minimized function has error status.
Returning maximum FCN so far (991.831) to force MIGRAD to back out of this region. Error log follows
Parameter values: JER_ele=2.84353, JER_muon=5.10671, JES_ele=5.31303, JES_muon=6.78583, QCD_stat_ele=-5.67235, QCD_stat_muon=-6.98583, VBS_stat_ele=2.09753, VBS_stat_muon=-4.85559, ele_efficiency=2.50415, ele_trigger=6.99705, fakephoton_ele=5.18771, fakephoton_muon=6.98585, interference=-6.80693, lumi=4.57961, mu_efficiency=1.86001, mu_trigger=4.65617, non_prompt_stat_ele=2.0532, non_prompt_stat_muon=6.81443, others_stat_ele=6.94069, others_stat_muon=-0.758129, others_xs=6.9966, param=3.24057, pdf_ele=6.93769, pdf_muon=2.22632, photon_id=1.17764, pileup=-5.64531, scale_ele=4.43814, scale_muon=-6.29178
RooProdPdf::model_s[ modelObs_s * nuisancePdf ]
     getLogVal() top-level p.d.f evaluates to zero @ !pdfs=(modelObs_s = 0/1,nuisancePdf = 1)

[#0] WARNING:Minization -- RooMinimizerFcn: Minimized function has error status.
Returning maximum FCN so far (991.831) to force MIGRAD to back out of this region. Error log follows
Parameter values: JER_ele=-0.156737, JER_muon=0.368737, JES_ele=0.778476, JES_muon=0.704438, QCD_stat_ele=3.71956, QCD_stat_muon=0.201151, VBS_stat_ele=0.395864, VBS_stat_muon=0.503321, ele_efficiency=0.18777, ele_trigger=0.698296, fakephoton_ele=3.82887, fakephoton_muon=-0.329813, interference=1.17515, lumi=0.52801, mu_efficiency=0.163225, mu_trigger=-0.0627051, non_prompt_stat_ele=5.46757, non_prompt_stat_muon=-0.179501, others_stat_ele=0.696659, others_stat_muon=-0.664669, others_xs=0.55132, param=7.3861, pdf_ele=1.71149, pdf_muon=0.415432, photon_id=0.827334, pileup=0.577936, scale_ele=2.41289, scale_muon=1.52949
RooProdPdf::model_s[ modelObs_s * nuisancePdf ]
     getLogVal() top-level p.d.f evaluates to zero @ !pdfs=(modelObs_s = 0/1,nuisancePdf = 1)

[#0] WARNING:Minization -- RooMinimizerFcn: Minimized function has error status.
Returning maximum FCN so far (991.831) to force MIGRAD to back out of this region. Error log follows
Parameter values: JER_ele=-1.1505, JER_muon=-4.76543, JES_ele=4.24943, JES_muon=-6.16911, QCD_stat_ele=-6.57269, QCD_stat_muon=3.51009, VBS_stat_ele=-6.4295, VBS_stat_muon=6.34865, ele_efficiency=-6.71345, ele_trigger=6.87452, fakephoton_ele=6.57887, fakephoton_muon=6.55325, interference=0.70175, lumi=6.54032, mu_efficiency=-2.4363, mu_trigger=6.99831, non_prompt_stat_ele=4.24856, non_prompt_stat_muon=4.55879, others_stat_ele=-3.44567, others_stat_muon=-5.8406, others_xs=3.30378, param=9.67161, pdf_ele=6.95154, pdf_muon=-2.91259, photon_id=-0.549126, pileup=-3.37361, scale_ele=-4.21987, scale_muon=2.20775
RooProdPdf::model_s[ modelObs_s * nuisancePdf ]
     getLogVal() top-level p.d.f evaluates to zero @ !pdfs=(modelObs_s = 0/1,nuisancePdf = 1)

[#0] WARNING:Minization -- RooMinimizerFcn: Minimized function has error status.
Returning maximum FCN so far (991.831) to force MIGRAD to back out of this region. Error log follows
Parameter values: JER_ele=-6.76085, JER_muon=-2.20067, JES_ele=-6.46206, JES_muon=-4.30848, QCD_stat_ele=0.32503, QCD_stat_muon=-6.99592, VBS_stat_ele=-6.99247, VBS_stat_muon=-2.36262, ele_efficiency=-2.57943, ele_trigger=-6.98664, fakephoton_ele=5.94569, fakephoton_muon=-2.03261, interference=-1.58867, lumi=-5.77986, mu_efficiency=-0.801557, mu_trigger=-4.06831, non_prompt_stat_ele=4.81638, non_prompt_stat_muon=-3.50283, others_stat_ele=-5.38224, others_stat_muon=-4.42294, others_xs=-6.50561, param=1.67988, pdf_ele=-4.76656, pdf_muon=-5.714, photon_id=-0.330981, pileup=0.234102, scale_ele=2.0238, scale_muon=-6.26501
RooProdPdf::model_s[ modelObs_s * nuisancePdf ]
     getLogVal() top-level p.d.f evaluates to zero @ !pdfs=(modelObs_s = 0/1,nuisancePdf = 1)


 -- Hybrid New -- 
CLs = 0.00742574 +/- 0.00428662
Done in 16.64 min (cpu), 16.68 min (real)
