 <<< Combine >>> 
>>> including systematics
>>> using the Profile Likelihood test statistics modified for upper limits (Q_LHC)
>>> method used is HybridNew
>>> Used OpenSSL to get a really random seed -582661319
Computing results starting from observation (a-posteriori)
[#0] WARNING:Minization -- RooMinimizerFcn: Minimized function has error status.
Returning maximum FCN so far (689.151) to force MIGRAD to back out of this region. Error log follows
Parameter values: JER_ele=-0.197421, JER_muon=-3.21821, JES_ele=6.00613, JES_muon=6.68894, QCD_stat_ele=-5.31074, QCD_stat_muon=5.72301, VBS_stat_ele=5.45332, VBS_stat_muon=6.58063, ele_efficiency=3.95693, ele_trigger=3.98327, fakephoton_ele=6.96355, fakephoton_muon=0.568929, interference=-2.56182, lumi=-0.834739, mu_efficiency=-2.74167, mu_trigger=-0.189793, non_prompt_stat_ele=3.79594, non_prompt_stat_muon=6.00785, others_stat_ele=2.37802, others_stat_muon=-6.534, others_xs=-4.47582, param=1.53926, pdf_ele=-4.40912, pdf_muon=-1.91759, photon_id=3.72192, pileup=-0.509218, scale_ele=6.66941, scale_muon=-5.11649
RooProdPdf::model_s[ modelObs_s * nuisancePdf ]
     getLogVal() top-level p.d.f evaluates to zero @ !pdfs=(modelObs_s = 0/1,nuisancePdf = 1)

[#0] WARNING:Minization -- RooMinimizerFcn: Minimized function has error status.
Returning maximum FCN so far (689.151) to force MIGRAD to back out of this region. Error log follows
Parameter values: JER_ele=-5.75742, JER_muon=3.33501, JES_ele=2.47444, JES_muon=3.29475, QCD_stat_ele=6.63663, QCD_stat_muon=6.31352, VBS_stat_ele=4.94894, VBS_stat_muon=2.14331, ele_efficiency=0.319908, ele_trigger=6.53662, fakephoton_ele=2.15343, fakephoton_muon=-6.70603, interference=6.98766, lumi=6.41368, mu_efficiency=6.92828, mu_trigger=-6.50408, non_prompt_stat_ele=5.82315, non_prompt_stat_muon=6.95396, others_stat_ele=6.72592, others_stat_muon=-4.68746, others_xs=1.40873, param=1.36806, pdf_ele=5.84238, pdf_muon=-5.9091, photon_id=5.28354, pileup=3.23523, scale_ele=-6.16358, scale_muon=2.87112
RooProdPdf::model_s[ modelObs_s * nuisancePdf ]
     getLogVal() top-level p.d.f evaluates to zero @ !pdfs=(modelObs_s = 0/1,nuisancePdf = 1)

[#0] WARNING:Minization -- RooMinimizerFcn: Minimized function has error status.
Returning maximum FCN so far (689.151) to force MIGRAD to back out of this region. Error log follows
Parameter values: JER_ele=-0.848761, JER_muon=-6.98657, JES_ele=4.92037, JES_muon=-6.34423, QCD_stat_ele=-5.70086, QCD_stat_muon=-5.21844, VBS_stat_ele=-5.12646, VBS_stat_muon=-0.467532, ele_efficiency=5.87402, ele_trigger=3.68226, fakephoton_ele=5.73092, fakephoton_muon=-6.7502, interference=6.84487, lumi=6.61656, mu_efficiency=0.991069, mu_trigger=-1.02329, non_prompt_stat_ele=4.49371, non_prompt_stat_muon=0.718376, others_stat_ele=3.43065, others_stat_muon=-2.60757, others_xs=-6.32921, param=1.51835, pdf_ele=-5.99955, pdf_muon=-1.55502, photon_id=-6.99965, pileup=-4.18958, scale_ele=-6.50704, scale_muon=6.92398
RooProdPdf::model_s[ modelObs_s * nuisancePdf ]
     getLogVal() top-level p.d.f evaluates to zero @ !pdfs=(modelObs_s = 0/1,nuisancePdf = 1)

[#0] WARNING:Minization -- RooMinimizerFcn: Minimized function has error status.
Returning maximum FCN so far (689.151) to force MIGRAD to back out of this region. Error log follows
Parameter values: JER_ele=2.93222, JER_muon=6.07038, JES_ele=6.43934, JES_muon=-6.69245, QCD_stat_ele=-4.69409, QCD_stat_muon=-3.10105, VBS_stat_ele=-1.60281, VBS_stat_muon=6.37905, ele_efficiency=4.45005, ele_trigger=5.26918, fakephoton_ele=4.85559, fakephoton_muon=4.96329, interference=6.98217, lumi=6.81803, mu_efficiency=1.48248, mu_trigger=1.96716, non_prompt_stat_ele=6.94569, non_prompt_stat_muon=0.598347, others_stat_ele=5.70245, others_stat_muon=4.20604, others_xs=6.47545, param=1.53215, pdf_ele=-2.41244, pdf_muon=5.69833, photon_id=-6.14177, pileup=0.588758, scale_ele=6.88397, scale_muon=4.08427
RooProdPdf::model_s[ modelObs_s * nuisancePdf ]
     getLogVal() top-level p.d.f evaluates to zero @ !pdfs=(modelObs_s = 0/1,nuisancePdf = 1)

[#0] WARNING:Minization -- RooMinimizerFcn: Minimized function has error status.
Returning maximum FCN so far (702.129) to force MIGRAD to back out of this region. Error log follows
Parameter values: JER_ele=2.70484, JER_muon=6.89722, JES_ele=3.64155, JES_muon=5.17408, QCD_stat_ele=6.95343, QCD_stat_muon=5.08786, VBS_stat_ele=3.6917, VBS_stat_muon=6.70659, ele_efficiency=0.197996, ele_trigger=2.28041, fakephoton_ele=4.62611, fakephoton_muon=3.23913, interference=6.07853, lumi=6.38713, mu_efficiency=4.3745, mu_trigger=5.71324, non_prompt_stat_ele=4.21619, non_prompt_stat_muon=4.93844, others_stat_ele=2.19627, others_stat_muon=4.68961, others_xs=6.99756, param=1.51794, pdf_ele=3.22026, pdf_muon=-2.30618, photon_id=-4.18433, pileup=0.863628, scale_ele=6.96801, scale_muon=5.94296
RooProdPdf::model_s[ modelObs_s * nuisancePdf ]
     getLogVal() top-level p.d.f evaluates to zero @ !pdfs=(modelObs_s = 0/1,nuisancePdf = 1)

[#0] WARNING:Minization -- RooMinimizerFcn: Minimized function has error status.
Returning maximum FCN so far (528.678) to force MIGRAD to back out of this region. Error log follows
Parameter values: JER_ele=0.700958, JER_muon=-1.09054, JES_ele=-0.104313, JES_muon=0.56141, QCD_stat_ele=0.867105, QCD_stat_muon=1.64659, VBS_stat_ele=0.00418432, VBS_stat_muon=1.22768, ele_efficiency=-0.923118, ele_trigger=0.488631, fakephoton_ele=4.61425, fakephoton_muon=-0.67664, interference=-1.2267, lumi=0.0276776, mu_efficiency=0.133036, mu_trigger=0.374215, non_prompt_stat_ele=5.80176, non_prompt_stat_muon=-2.43444, others_stat_ele=-3.77708, others_stat_muon=-1.33936, others_xs=-1.39515, param=0.0588707, pdf_ele=-1.15387, pdf_muon=1.69917, photon_id=-1.51279, pileup=0.0809667, scale_ele=-0.751713, scale_muon=0.224734
RooProdPdf::model_s[ modelObs_s * nuisancePdf ]
     getLogVal() top-level p.d.f evaluates to zero @ !pdfs=(modelObs_s = 0/1,nuisancePdf = 1)

[#0] WARNING:Minization -- RooMinimizerFcn: Minimized function has error status.
Returning maximum FCN so far (528.678) to force MIGRAD to back out of this region. Error log follows
Parameter values: JER_ele=0.532015, JER_muon=-1.0517, JES_ele=-0.385318, JES_muon=0.62833, QCD_stat_ele=0.0424137, QCD_stat_muon=1.80508, VBS_stat_ele=-0.210163, VBS_stat_muon=1.31511, ele_efficiency=-0.971248, ele_trigger=0.254228, fakephoton_ele=4.78897, fakephoton_muon=-0.656299, interference=-1.21085, lumi=-0.0612707, mu_efficiency=0.145251, mu_trigger=0.424412, non_prompt_stat_ele=5.76661, non_prompt_stat_muon=-2.39117, others_stat_ele=-3.93938, others_stat_muon=-1.30823, others_xs=-1.51676, param=0.000509621, pdf_ele=-1.5444, pdf_muon=1.81385, photon_id=-1.82277, pileup=0.0712452, scale_ele=-1.61472, scale_muon=0.342963
RooProdPdf::model_s[ modelObs_s * nuisancePdf ]
     getLogVal() top-level p.d.f evaluates to zero @ !pdfs=(modelObs_s = 0/1,nuisancePdf = 1)


 -- Hybrid New -- 
CLs = 0.363208 +/- 0.0279634
Done in 16.82 min (cpu), 17.04 min (real)
