 <<< Combine >>> 
>>> including systematics
>>> using the Profile Likelihood test statistics modified for upper limits (Q_LHC)
>>> method used is HybridNew
>>> Used OpenSSL to get a really random seed -968378226
Computing results starting from observation (a-posteriori)
[#0] WARNING:Minization -- RooMinimizerFcn: Minimized function has error status.
Returning maximum FCN so far (40.5004) to force MIGRAD to back out of this region. Error log follows
Parameter values: JER_ele=4.68892, JER_muon=1.76601, JES_ele=-1.30847, JES_muon=5.61632, QCD_stat_ele=6.82145, QCD_stat_muon=5.00515, VBS_stat_ele=1.69723, VBS_stat_muon=0.537072, ele_efficiency=-5.0348, ele_trigger=5.85119, fakephoton_ele=1.65995, fakephoton_muon=1.05214, interference=1.92638, lumi=-0.920643, mu_efficiency=-0.114778, mu_trigger=1.54814, non_prompt_stat_ele=5.51765, non_prompt_stat_muon=4.62733, others_stat_ele=2.39921, others_stat_muon=-1.83812, others_xs=5.2602, param=0.559531, pdf_ele=3.64533, pdf_muon=4.52809, photon_id=6.63401, pileup=-6.84635, scale_ele=0.574613, scale_muon=6.1375
RooProdPdf::model_s[ modelObs_s * nuisancePdf ]
     getLogVal() top-level p.d.f evaluates to zero @ !pdfs=(modelObs_s = 0/1,nuisancePdf = 1)

[#0] WARNING:Minization -- RooMinimizerFcn: Minimized function has error status.
Returning maximum FCN so far (36.503) to force MIGRAD to back out of this region. Error log follows
Parameter values: JER_ele=-0.583013, JER_muon=5.72407, JES_ele=-0.847364, JES_muon=5.4551, QCD_stat_ele=3.69642, QCD_stat_muon=6.45265, VBS_stat_ele=2.8285, VBS_stat_muon=2.68699, ele_efficiency=5.16373, ele_trigger=1.42694, fakephoton_ele=0.337235, fakephoton_muon=-5.81568, interference=-0.502117, lumi=0.905426, mu_efficiency=3.30656, mu_trigger=1.31365, non_prompt_stat_ele=3.79272, non_prompt_stat_muon=0.55413, others_stat_ele=0.765685, others_stat_muon=-1.24028, others_xs=3.63125, param=0.481497, pdf_ele=-1.67967, pdf_muon=6.91229, photon_id=5.45521, pileup=1.90825, scale_ele=5.8614, scale_muon=6.96769
RooProdPdf::model_s[ modelObs_s * nuisancePdf ]
     getLogVal() top-level p.d.f evaluates to zero @ !pdfs=(modelObs_s = 0/1,nuisancePdf = 1)

[#0] WARNING:Minization -- RooMinimizerFcn: Minimized function has error status.
Returning maximum FCN so far (35.9748) to force MIGRAD to back out of this region. Error log follows
Parameter values: JER_ele=2.63702, JER_muon=-0.588246, JES_ele=-0.718588, JES_muon=3.19743, QCD_stat_ele=2.81647, QCD_stat_muon=3.64416, VBS_stat_ele=0.851873, VBS_stat_muon=4.29669, ele_efficiency=1.3059, ele_trigger=4.88742, fakephoton_ele=3.56414, fakephoton_muon=3.39351, interference=6.89993, lumi=-1.86106, mu_efficiency=5.68134, mu_trigger=5.71777, non_prompt_stat_ele=4.2778, non_prompt_stat_muon=0.815168, others_stat_ele=-1.57297, others_stat_muon=4.67973, others_xs=6.98429, param=0.516375, pdf_ele=0.353539, pdf_muon=2.40817, photon_id=5.34238, pileup=-6.69776, scale_ele=4.08074, scale_muon=6.10043
RooProdPdf::model_s[ modelObs_s * nuisancePdf ]
     getLogVal() top-level p.d.f evaluates to zero @ !pdfs=(modelObs_s = 0/1,nuisancePdf = 1)

[#0] WARNING:Minization -- RooMinimizerFcn: Minimized function has error status.
Returning maximum FCN so far (34.1175) to force MIGRAD to back out of this region. Error log follows
Parameter values: JER_ele=-2.86188, JER_muon=5.62082, JES_ele=3.60579, JES_muon=1.84601, QCD_stat_ele=2.16633, QCD_stat_muon=0.187289, VBS_stat_ele=3.22773, VBS_stat_muon=1.02734, ele_efficiency=-1.64409, ele_trigger=1.80757, fakephoton_ele=5.34374, fakephoton_muon=1.13381, interference=4.46325, lumi=1.68174, mu_efficiency=5.95714, mu_trigger=1.37585, non_prompt_stat_ele=4.40709, non_prompt_stat_muon=4.24607, others_stat_ele=3.47987, others_stat_muon=4.06714, others_xs=4.9168, param=0.708938, pdf_ele=2.63842, pdf_muon=5.70848, photon_id=1.13282, pileup=-0.799467, scale_ele=0.450682, scale_muon=3.49379
RooProdPdf::model_s[ modelObs_s * nuisancePdf ]
     getLogVal() top-level p.d.f evaluates to zero @ !pdfs=(modelObs_s = 0/1,nuisancePdf = 1)


 -- Hybrid New -- 
CLs = 0.10514 +/- 0.0154409
Done in 13.13 min (cpu), 13.35 min (real)
