 <<< Combine >>> 
>>> including systematics
>>> using the Profile Likelihood test statistics modified for upper limits (Q_LHC)
>>> method used is HybridNew
>>> Used OpenSSL to get a really random seed -437015944
Computing results starting from observation (a-posteriori)
[#0] WARNING:Minization -- RooMinimizerFcn: Minimized function has error status.
Returning maximum FCN so far (792.581) to force MIGRAD to back out of this region. Error log follows
Parameter values: JER_ele=4.02855, JER_muon=-0.0980904, JES_ele=0.0666712, JES_muon=-6.33257, QCD_stat_ele=-6.85692, QCD_stat_muon=4.60845, VBS_stat_ele=-6.03306, VBS_stat_muon=6.92406, ele_efficiency=-3.04469, ele_trigger=4.97404, fakephoton_ele=6.2595, fakephoton_muon=-6.66849, interference=2.72107, lumi=-4.17635, mu_efficiency=-6.94399, mu_trigger=-4.61873, non_prompt_stat_ele=4.31019, non_prompt_stat_muon=-4.44765, others_stat_ele=6.62531, others_stat_muon=-6.68094, others_xs=6.99816, param=0.236222, pdf_ele=0.138393, pdf_muon=6.71441, photon_id=4.01656, pileup=-2.01255, scale_ele=6.9523, scale_muon=4.14896
RooProdPdf::model_s[ modelObs_s * nuisancePdf ]
     getLogVal() top-level p.d.f evaluates to zero @ !pdfs=(modelObs_s = 0/1,nuisancePdf = 1)

[#0] WARNING:Minization -- RooMinimizerFcn: Minimized function has error status.
Returning maximum FCN so far (792.581) to force MIGRAD to back out of this region. Error log follows
Parameter values: JER_ele=-6.98698, JER_muon=4.94569, JES_ele=4.33393, JES_muon=6.15607, QCD_stat_ele=-0.787287, QCD_stat_muon=5.18777, VBS_stat_ele=-3.33322, VBS_stat_muon=-4.97798, ele_efficiency=-5.67664, ele_trigger=5.86192, fakephoton_ele=5.49359, fakephoton_muon=6.99258, interference=-6.85101, lumi=-5.89018, mu_efficiency=-4.23126, mu_trigger=-2.576, non_prompt_stat_ele=-6.95454, non_prompt_stat_muon=6.99707, others_stat_ele=-6.98228, others_stat_muon=6.62212, others_xs=-6.8434, param=3.86968, pdf_ele=1.32353, pdf_muon=-6.66493, photon_id=6.20237, pileup=6.51686, scale_ele=1.69033, scale_muon=-6.63208
RooProdPdf::model_s[ modelObs_s * nuisancePdf ]
     getLogVal() top-level p.d.f evaluates to zero @ !pdfs=(modelObs_s = 0/1,nuisancePdf = 1)

[#0] WARNING:Minization -- RooMinimizerFcn: Minimized function has error status.
Returning maximum FCN so far (792.581) to force MIGRAD to back out of this region. Error log follows
Parameter values: JER_ele=-2.52276, JER_muon=6.14701, JES_ele=6.99843, JES_muon=-0.899598, QCD_stat_ele=6.97507, QCD_stat_muon=-3.76681, VBS_stat_ele=4.46129, VBS_stat_muon=5.51482, ele_efficiency=0.439546, ele_trigger=1.34406, fakephoton_ele=4.3104, fakephoton_muon=4.62364, interference=6.83194, lumi=6.80239, mu_efficiency=5.32542, mu_trigger=4.939, non_prompt_stat_ele=4.92399, non_prompt_stat_muon=5.62644, others_stat_ele=6.99479, others_stat_muon=6.58764, others_xs=6.05707, param=2.5946, pdf_ele=4.49707, pdf_muon=3.0131, photon_id=-2.23213, pileup=1.68547, scale_ele=6.91151, scale_muon=-4.82933
RooProdPdf::model_s[ modelObs_s * nuisancePdf ]
     getLogVal() top-level p.d.f evaluates to zero @ !pdfs=(modelObs_s = 0/1,nuisancePdf = 1)

[#0] WARNING:Minization -- RooMinimizerFcn: Minimized function has error status.
Returning maximum FCN so far (792.581) to force MIGRAD to back out of this region. Error log follows
Parameter values: JER_ele=6.94167, JER_muon=-2.71847, JES_ele=1.96904, JES_muon=-6.97901, QCD_stat_ele=-3.12132, QCD_stat_muon=4.78056, VBS_stat_ele=-0.150034, VBS_stat_muon=0.686312, ele_efficiency=0.0387636, ele_trigger=1.15791, fakephoton_ele=3.17084, fakephoton_muon=6.92507, interference=6.92749, lumi=6.4855, mu_efficiency=-5.58123, mu_trigger=2.53273, non_prompt_stat_ele=6.79635, non_prompt_stat_muon=6.95891, others_stat_ele=-2.52238, others_stat_muon=6.18866, others_xs=6.8741, param=0.103093, pdf_ele=-4.62936, pdf_muon=-1.78052, photon_id=-6.72712, pileup=-3.95719, scale_ele=-5.44621, scale_muon=2.47724
RooProdPdf::model_s[ modelObs_s * nuisancePdf ]
     getLogVal() top-level p.d.f evaluates to zero @ !pdfs=(modelObs_s = 0/1,nuisancePdf = 1)

[#0] WARNING:Minization -- RooMinimizerFcn: Minimized function has error status.
Returning maximum FCN so far (792.581) to force MIGRAD to back out of this region. Error log follows
Parameter values: JER_ele=6.75675, JER_muon=-1.36505, JES_ele=2.60951, JES_muon=0.563171, QCD_stat_ele=-4.92221, QCD_stat_muon=-6.9913, VBS_stat_ele=-0.150287, VBS_stat_muon=-3.52026, ele_efficiency=3.28593, ele_trigger=6.60096, fakephoton_ele=3.25143, fakephoton_muon=-6.67431, interference=2.25323, lumi=-3.6841, mu_efficiency=6.74515, mu_trigger=-6.89968, non_prompt_stat_ele=6.63623, non_prompt_stat_muon=-6.44485, others_stat_ele=-5.32132, others_stat_muon=-2.48549, others_xs=-6.68602, param=1.79436, pdf_ele=-1.07299, pdf_muon=6.97547, photon_id=-3.22106, pileup=2.56823, scale_ele=5.41184, scale_muon=-5.02067
RooProdPdf::model_s[ modelObs_s * nuisancePdf ]
     getLogVal() top-level p.d.f evaluates to zero @ !pdfs=(modelObs_s = 0/1,nuisancePdf = 1)

[#0] WARNING:Minization -- RooMinimizerFcn: Minimized function has error status.
Returning maximum FCN so far (792.581) to force MIGRAD to back out of this region. Error log follows
Parameter values: JER_ele=6.83051, JER_muon=-1.56326, JES_ele=2.60673, JES_muon=0.521947, QCD_stat_ele=-4.51941, QCD_stat_muon=-6.99596, VBS_stat_ele=-0.29678, VBS_stat_muon=-3.84233, ele_efficiency=3.34261, ele_trigger=6.51102, fakephoton_ele=3.44948, fakephoton_muon=-6.66906, interference=2.28229, lumi=-3.7237, mu_efficiency=6.72734, mu_trigger=-6.89527, non_prompt_stat_ele=6.7971, non_prompt_stat_muon=-6.41025, others_stat_ele=-5.44065, others_stat_muon=-2.28997, others_xs=-6.66173, param=1.23576, pdf_ele=-1.40595, pdf_muon=6.99461, photon_id=-3.60579, pileup=2.55344, scale_ele=5.78107, scale_muon=-5.24634
RooProdPdf::model_s[ modelObs_s * nuisancePdf ]
     getLogVal() top-level p.d.f evaluates to zero @ !pdfs=(modelObs_s = 0/1,nuisancePdf = 1)

[#0] WARNING:Minization -- RooMinimizerFcn: Minimized function has error status.
Returning maximum FCN so far (792.581) to force MIGRAD to back out of this region. Error log follows
Parameter values: JER_ele=6.95642, JER_muon=-3.13476, JES_ele=1.35463, JES_muon=3.3788, QCD_stat_ele=-1.95496, QCD_stat_muon=-2.89692, VBS_stat_ele=-1.73767, VBS_stat_muon=-5.26013, ele_efficiency=3.5707, ele_trigger=6.06451, fakephoton_ele=5.83806, fakephoton_muon=-6.99964, interference=1.01445, lumi=-5.08299, mu_efficiency=6.86524, mu_trigger=-6.12376, non_prompt_stat_ele=6.66047, non_prompt_stat_muon=-6.68847, others_stat_ele=-6.46127, others_stat_muon=0.595413, others_xs=-5.53512, param=1.35641, pdf_ele=-3.02862, pdf_muon=6.11152, photon_id=-6.6272, pileup=2.71107, scale_ele=6.98467, scale_muon=-6.36565
RooProdPdf::model_s[ modelObs_s * nuisancePdf ]
     getLogVal() top-level p.d.f evaluates to zero @ !pdfs=(modelObs_s = 0/1,nuisancePdf = 1)

[#0] WARNING:Minization -- RooMinimizerFcn: Minimized function has error status.
Returning maximum FCN so far (792.581) to force MIGRAD to back out of this region. Error log follows
Parameter values: JER_ele=6.99865, JER_muon=-4.81854, JES_ele=-0.263021, JES_muon=6.0373, QCD_stat_ele=1.58348, QCD_stat_muon=6.05153, VBS_stat_ele=-3.43291, VBS_stat_muon=-6.475, ele_efficiency=3.84151, ele_trigger=5.34576, fakephoton_ele=6.99998, fakephoton_muon=-6.53989, interference=-0.615254, lumi=-6.31989, mu_efficiency=6.97089, mu_trigger=-4.23881, non_prompt_stat_ele=3.82615, non_prompt_stat_muon=-2.56834, others_stat_ele=-6.99374, others_stat_muon=3.97546, others_xs=-3.23748, param=1.50511, pdf_ele=-4.75916, pdf_muon=2.60821, photon_id=-6.00274, pileup=2.90726, scale_ele=5.83069, scale_muon=2.01057
RooProdPdf::model_s[ modelObs_s * nuisancePdf ]
     getLogVal() top-level p.d.f evaluates to zero @ !pdfs=(modelObs_s = 0/1,nuisancePdf = 1)

[#0] WARNING:Minization -- RooMinimizerFcn: Minimized function has error status.
Returning maximum FCN so far (953.09) to force MIGRAD to back out of this region. Error log follows
Parameter values: JER_ele=-6.94724, JER_muon=3.38914, JES_ele=-3.60669, JES_muon=-0.346767, QCD_stat_ele=-0.101488, QCD_stat_muon=5.54734, VBS_stat_ele=-2.19496, VBS_stat_muon=5.67051, ele_efficiency=-3.7077, ele_trigger=-5.67696, fakephoton_ele=-4.13752, fakephoton_muon=6.94149, interference=-3.15052, lumi=3.29728, mu_efficiency=-6.52309, mu_trigger=6.823, non_prompt_stat_ele=-5.62583, non_prompt_stat_muon=6.94792, others_stat_ele=5.86323, others_stat_muon=-0.109932, others_xs=6.55623, param=0.0535263, pdf_ele=3.09123, pdf_muon=-6.14782, photon_id=6.1599, pileup=-2.36483, scale_ele=-6.99945, scale_muon=6.67516
RooProdPdf::model_s[ modelObs_s * nuisancePdf ]
     getLogVal() top-level p.d.f evaluates to zero @ !pdfs=(modelObs_s = 0/1,nuisancePdf = 1)

[#0] WARNING:Minization -- RooMinimizerFcn: Minimized function has error status.
Returning maximum FCN so far (1042.76) to force MIGRAD to back out of this region. Error log follows
Parameter values: JER_ele=-6.45138, JER_muon=-4.44817, JES_ele=-6.94856, JES_muon=6.06117, QCD_stat_ele=6.32153, QCD_stat_muon=4.23834, VBS_stat_ele=-6.81917, VBS_stat_muon=-2.63172, ele_efficiency=-2.58444, ele_trigger=-6.97663, fakephoton_ele=6.88825, fakephoton_muon=-0.711001, interference=-6.88906, lumi=-4.7654, mu_efficiency=-4.9175, mu_trigger=0.928219, non_prompt_stat_ele=3.9883, non_prompt_stat_muon=-5.52986, others_stat_ele=-2.70556, others_stat_muon=6.21941, others_xs=1.56973, param=0.0146731, pdf_ele=-4.64599, pdf_muon=4.41672, photon_id=-4.70217, pileup=-1.54966, scale_ele=5.86474, scale_muon=4.99542
RooProdPdf::model_s[ modelObs_s * nuisancePdf ]
     getLogVal() top-level p.d.f evaluates to zero @ !pdfs=(modelObs_s = 0/1,nuisancePdf = 1)

[#0] WARNING:Minization -- RooMinimizerFcn: Minimized function has error status.
Returning maximum FCN so far (1042.76) to force MIGRAD to back out of this region. Error log follows
Parameter values: JER_ele=-6.34776, JER_muon=-4.88578, JES_ele=-6.98859, JES_muon=5.46416, QCD_stat_ele=5.83121, QCD_stat_muon=6.14606, VBS_stat_ele=-6.91671, VBS_stat_muon=-3.23129, ele_efficiency=-2.50189, ele_trigger=-6.93966, fakephoton_ele=6.58835, fakephoton_muon=-1.45655, interference=-6.95574, lumi=-5.19677, mu_efficiency=-4.76709, mu_trigger=0.10983, non_prompt_stat_ele=5.02743, non_prompt_stat_muon=-4.25497, others_stat_ele=-3.32312, others_stat_muon=5.68734, others_xs=0.739753, param=0.00808395, pdf_ele=-5.06576, pdf_muon=5.37813, photon_id=-3.30485, pileup=-1.49096, scale_ele=6.45688, scale_muon=6.5307
RooProdPdf::model_s[ modelObs_s * nuisancePdf ]
     getLogVal() top-level p.d.f evaluates to zero @ !pdfs=(modelObs_s = 0/1,nuisancePdf = 1)

[#0] WARNING:Minization -- RooMinimizerFcn: Minimized function has error status.
Returning maximum FCN so far (1042.76) to force MIGRAD to back out of this region. Error log follows
Parameter values: JER_ele=-6.24084, JER_muon=-5.27172, JES_ele=-6.99994, JES_muon=4.77702, QCD_stat_ele=5.25259, QCD_stat_muon=6.96729, VBS_stat_ele=-6.97515, VBS_stat_muon=-3.77753, ele_efficiency=-2.42265, ele_trigger=-6.88837, fakephoton_ele=6.1333, fakephoton_muon=-2.15288, interference=-6.99136, lumi=-5.57154, mu_efficiency=-4.61947, mu_trigger=-0.673548, non_prompt_stat_ele=5.84221, non_prompt_stat_muon=-2.77426, others_stat_ele=-3.88343, others_stat_muon=5.06635, others_xs=-0.063295, param=0.00356048, pdf_ele=-5.43398, pdf_muon=6.10969, photon_id=-1.7846, pileup=-1.43477, scale_ele=6.82571, scale_muon=6.99841
RooProdPdf::model_s[ modelObs_s * nuisancePdf ]
     getLogVal() top-level p.d.f evaluates to zero @ !pdfs=(modelObs_s = 0/1,nuisancePdf = 1)

[#0] WARNING:Minization -- RooMinimizerFcn: Minimized function has error status.
Returning maximum FCN so far (1042.76) to force MIGRAD to back out of this region. Error log follows
Parameter values: JER_ele=-6.13056, JER_muon=-5.6117, JES_ele=-6.98595, JES_muon=4.02013, QCD_stat_ele=4.60306, QCD_stat_muon=6.70545, VBS_stat_ele=-6.99903, VBS_stat_muon=-4.27527, ele_efficiency=-2.34593, ele_trigger=-6.82424, fakephoton_ele=5.54969, fakephoton_muon=-2.80243, interference=-6.99958, lumi=-5.89576, mu_efficiency=-4.47362, mu_trigger=-1.42084, non_prompt_stat_ele=6.43644, non_prompt_stat_muon=-1.18825, others_stat_ele=-4.39147, others_stat_muon=4.37483, others_xs=-0.836764, param=0.000910045, pdf_ele=-5.75636, pdf_muon=6.61828, photon_id=-0.226143, pileup=-1.38051, scale_ele=6.98865, scale_muon=6.45591
RooProdPdf::model_s[ modelObs_s * nuisancePdf ]
     getLogVal() top-level p.d.f evaluates to zero @ !pdfs=(modelObs_s = 0/1,nuisancePdf = 1)

[#0] WARNING:Minization -- RooMinimizerFcn: Minimized function has error status.
Returning maximum FCN so far (1042.76) to force MIGRAD to back out of this region. Error log follows
Parameter values: JER_ele=-6.01668, JER_muon=-5.91014, JES_ele=-6.94894, JES_muon=3.20925, QCD_stat_ele=3.89588, QCD_stat_muon=5.49466, VBS_stat_ele=-6.99156, VBS_stat_muon=-4.72842, ele_efficiency=-2.27104, ele_trigger=-6.74822, fakephoton_ele=4.85899, fakephoton_muon=-3.40747, interference=-6.98295, lumi=-6.17407, mu_efficiency=-4.32857, mu_trigger=-2.13169, non_prompt_stat_ele=6.81613, non_prompt_stat_muon=0.418026, others_stat_ele=-4.85127, others_stat_muon=3.62687, others_xs=-1.5791, param=1.41172e-06, pdf_ele=-6.0373, pdf_muon=6.91215, photon_id=1.30086, pileup=-1.32767, scale_ele=6.9614, scale_muon=5.06414
RooProdPdf::model_s[ modelObs_s * nuisancePdf ]
     getLogVal() top-level p.d.f evaluates to zero @ !pdfs=(modelObs_s = 0/1,nuisancePdf = 1)

[#0] WARNING:Minization -- RooMinimizerFcn: Minimized function has error status.
Returning maximum FCN so far (1042.76) to force MIGRAD to back out of this region. Error log follows
Parameter values: JER_ele=-5.89778, JER_muon=-6.17239, JES_ele=-6.88978, JES_muon=2.34952, QCD_stat_ele=3.13481, QCD_stat_muon=3.53788, VBS_stat_ele=-6.95449, VBS_stat_muon=-5.14325, ele_efficiency=-2.19672, ele_trigger=-6.65997, fakephoton_ele=4.07186, fakephoton_muon=-3.97441, interference=-6.94267, lumi=-6.41171, mu_efficiency=-4.18212, mu_trigger=-2.81149, non_prompt_stat_ele=6.98843, non_prompt_stat_muon=1.98449, others_stat_ele=-5.26926, others_stat_muon=2.82658, others_xs=-2.29514, param=0.000763021, pdf_ele=-6.28199, pdf_muon=6.99944, photon_id=2.74964, pileup=-1.27535, scale_ele=6.75523, scale_muon=3.03063
RooProdPdf::model_s[ modelObs_s * nuisancePdf ]
     getLogVal() top-level p.d.f evaluates to zero @ !pdfs=(modelObs_s = 0/1,nuisancePdf = 1)

[#0] WARNING:Minization -- RooMinimizerFcn: Minimized function has error status.
Returning maximum FCN so far (1042.76) to force MIGRAD to back out of this region. Error log follows
Parameter values: JER_ele=-5.76427, JER_muon=-6.41453, JES_ele=-6.80219, JES_muon=1.38588, QCD_stat_ele=2.26894, QCD_stat_muon=0.922554, VBS_stat_ele=-6.88281, VBS_stat_muon=-5.54567, ele_efficiency=-2.11718, ele_trigger=-6.55171, fakephoton_ele=3.13767, fakephoton_muon=-4.53916, interference=-6.87376, lumi=-6.62242, mu_efficiency=-4.02265, mu_trigger=-3.5033, non_prompt_stat_ele=6.94455, non_prompt_stat_muon=3.54057, others_stat_ele=-5.67145, others_stat_muon=1.92091, others_xs=-3.03032, param=0.00334107, pdf_ele=-6.50519, pdf_muon=6.86692, photon_id=4.15176, pileup=-1.21945, scale_ele=6.34502, scale_muon=0.437184
RooProdPdf::model_s[ modelObs_s * nuisancePdf ]
     getLogVal() top-level p.d.f evaluates to zero @ !pdfs=(modelObs_s = 0/1,nuisancePdf = 1)

[#0] WARNING:Minization -- RooMinimizerFcn: Minimized function has error status.
Returning maximum FCN so far (1042.76) to force MIGRAD to back out of this region. Error log follows
Parameter values: JER_ele=-5.69052, JER_muon=-6.58219, JES_ele=-6.66083, JES_muon=0.359077, QCD_stat_ele=1.47043, QCD_stat_muon=-1.76421, VBS_stat_ele=-6.75176, VBS_stat_muon=-5.82875, ele_efficiency=-2.05345, ele_trigger=-6.45598, fakephoton_ele=2.04278, fakephoton_muon=-5.05376, interference=-6.76387, lumi=-6.79792, mu_efficiency=-3.82569, mu_trigger=-4.15028, non_prompt_stat_ele=6.69406, non_prompt_stat_muon=4.90844, others_stat_ele=-6.04249, others_stat_muon=1.0919, others_xs=-3.74016, param=0.00455576, pdf_ele=-6.67148, pdf_muon=6.56166, photon_id=5.25465, pileup=-1.14973, scale_ele=5.79943, scale_muon=-2.04229
RooProdPdf::model_s[ modelObs_s * nuisancePdf ]
     getLogVal() top-level p.d.f evaluates to zero @ !pdfs=(modelObs_s = 0/1,nuisancePdf = 1)

[#0] WARNING:Minization -- RooMinimizerFcn: Minimized function has error status.
Returning maximum FCN so far (1042.76) to force MIGRAD to back out of this region. Error log follows
Parameter values: JER_ele=6.74386, JER_muon=-0.841814, JES_ele=3.09079, JES_muon=-0.689404, QCD_stat_ele=-5.39269, QCD_stat_muon=-6.07104, VBS_stat_ele=0.529556, VBS_stat_muon=-3.08295, ele_efficiency=3.24198, ele_trigger=6.66164, fakephoton_ele=2.166, fakephoton_muon=-6.3475, interference=2.81584, lumi=-3.05385, mu_efficiency=6.65752, mu_trigger=-6.99578, non_prompt_stat_ele=6.19846, non_prompt_stat_muon=-5.28935, others_stat_ele=-4.86564, others_stat_muon=-3.41773, others_xs=-6.90246, param=1.75544, pdf_ele=-0.668326, pdf_muon=6.75214, photon_id=-1.73008, pileup=2.48824, scale_ele=4.79441, scale_muon=-2.63198
RooProdPdf::model_s[ modelObs_s * nuisancePdf ]
     getLogVal() top-level p.d.f evaluates to zero @ !pdfs=(modelObs_s = 0/1,nuisancePdf = 1)

[#0] WARNING:Minization -- RooMinimizerFcn: Minimized function has error status.
Returning maximum FCN so far (1042.76) to force MIGRAD to back out of this region. Error log follows
Parameter values: JER_ele=6.8869, JER_muon=-2.28283, JES_ele=2.0363, JES_muon=1.98044, QCD_stat_ele=-3.49263, QCD_stat_muon=-6.01769, VBS_stat_ele=-0.725, VBS_stat_muon=-4.46806, ele_efficiency=3.43767, ele_trigger=6.34233, fakephoton_ele=4.61989, fakephoton_muon=-6.90354, interference=1.71511, lumi=-4.36793, mu_efficiency=6.80179, mu_trigger=-6.61671, non_prompt_stat_ele=6.99972, non_prompt_stat_muon=-6.98222, others_stat_ele=-5.94439, others_stat_muon=-0.958947, others_xs=-6.22909, param=1.89259, pdf_ele=-2.10078, pdf_muon=6.82888, photon_id=-5.34198, pileup=2.63001, scale_ele=6.55079, scale_muon=-6.91708
RooProdPdf::model_s[ modelObs_s * nuisancePdf ]
     getLogVal() top-level p.d.f evaluates to zero @ !pdfs=(modelObs_s = 0/1,nuisancePdf = 1)

[#0] WARNING:Minization -- RooMinimizerFcn: Minimized function has error status.
Returning maximum FCN so far (1042.76) to force MIGRAD to back out of this region. Error log follows
Parameter values: JER_ele=6.98312, JER_muon=-3.88423, JES_ele=0.691088, JES_muon=4.78836, QCD_stat_ele=-0.630661, QCD_stat_muon=1.69301, VBS_stat_ele=-2.20722, VBS_stat_muon=-5.80529, ele_efficiency=3.66985, ele_trigger=5.82454, fakephoton_ele=6.55484, fakephoton_muon=-6.9115, interference=0.322936, lumi=-5.66509, mu_efficiency=6.92439, mu_trigger=-5.38669, non_prompt_stat_ele=5.91248, non_prompt_stat_muon=-5.325, others_stat_ele=-6.76715, others_stat_muon=2.15938, others_xs=-4.64689, param=2.05655, pdf_ele=-3.70632, pdf_muon=4.81385, photon_id=-6.99272, pileup=2.79988, scale_ele=6.87151, scale_muon=-3.21566
RooProdPdf::model_s[ modelObs_s * nuisancePdf ]
     getLogVal() top-level p.d.f evaluates to zero @ !pdfs=(modelObs_s = 0/1,nuisancePdf = 1)

[#0] WARNING:Minization -- RooMinimizerFcn: Minimized function has error status.
Returning maximum FCN so far (1047.31) to force MIGRAD to back out of this region. Error log follows
Parameter values: JER_ele=-6.43975, JER_muon=-4.38228, JES_ele=-6.94877, JES_muon=6.18021, QCD_stat_ele=6.31925, QCD_stat_muon=3.70559, VBS_stat_ele=-6.87435, VBS_stat_muon=-2.67879, ele_efficiency=-2.58046, ele_trigger=-6.9753, fakephoton_ele=6.87984, fakephoton_muon=-0.560519, interference=-6.88468, lumi=-4.74339, mu_efficiency=-4.9463, mu_trigger=1.08789, non_prompt_stat_ele=4.04305, non_prompt_stat_muon=-5.74555, others_stat_ele=-2.71369, others_stat_muon=6.31957, others_xs=1.68961, param=4.14088e-05, pdf_ele=-4.67666, pdf_muon=4.20887, photon_id=-4.87088, pileup=-1.5568, scale_ele=5.85081, scale_muon=4.47782
RooProdPdf::model_s[ modelObs_s * nuisancePdf ]
     getLogVal() top-level p.d.f evaluates to zero @ !pdfs=(modelObs_s = 0/1,nuisancePdf = 1)

[#0] WARNING:Minization -- RooMinimizerFcn: Minimized function has error status.
Returning maximum FCN so far (1047.31) to force MIGRAD to back out of this region. Error log follows
Parameter values: JER_ele=-6.33282, JER_muon=-4.83647, JES_ele=-6.98931, JES_muon=5.595, QCD_stat_ele=5.815, QCD_stat_muon=5.85871, VBS_stat_ele=-6.95337, VBS_stat_muon=-3.2903, ele_efficiency=-2.49597, ele_trigger=-6.93645, fakephoton_ele=6.56329, fakephoton_muon=-1.32997, interference=-6.95433, lumi=-5.1873, mu_efficiency=-4.79227, mu_trigger=0.247085, non_prompt_stat_ele=5.09484, non_prompt_stat_muon=-4.49812, others_stat_ele=-3.34519, others_stat_muon=5.79894, others_xs=0.838986, param=0.00143, pdf_ele=-5.10318, pdf_muon=5.23195, photon_id=-3.46542, pileup=-1.49648, scale_ele=6.4593, scale_muon=6.28372
RooProdPdf::model_s[ modelObs_s * nuisancePdf ]
     getLogVal() top-level p.d.f evaluates to zero @ !pdfs=(modelObs_s = 0/1,nuisancePdf = 1)

[#0] WARNING:Minization -- RooMinimizerFcn: Minimized function has error status.
Returning maximum FCN so far (1047.31) to force MIGRAD to back out of this region. Error log follows
Parameter values: JER_ele=-6.22225, JER_muon=-5.23768, JES_ele=-6.99979, JES_muon=4.90723, QCD_stat_ele=5.21718, QCD_stat_muon=6.90637, VBS_stat_ele=-6.9931, VBS_stat_muon=-3.84737, ele_efficiency=-2.41476, ele_trigger=-6.88254, fakephoton_ele=6.08443, fakephoton_muon=-2.05135, interference=-6.99137, lumi=-5.5729, mu_efficiency=-4.64055, mu_trigger=-0.561585, non_prompt_stat_ele=5.9121, non_prompt_stat_muon=-3.00851, others_stat_ele=-3.91795, others_stat_muon=5.17821, others_xs=0.0125281, param=0.00465274, pdf_ele=-5.47655, pdf_muon=6.01835, photon_id=-1.91414, pileup=-1.43862, scale_ele=6.83409, scale_muon=6.98986
RooProdPdf::model_s[ modelObs_s * nuisancePdf ]
     getLogVal() top-level p.d.f evaluates to zero @ !pdfs=(modelObs_s = 0/1,nuisancePdf = 1)

[#0] WARNING:Minization -- RooMinimizerFcn: Minimized function has error status.
Returning maximum FCN so far (1047.31) to force MIGRAD to back out of this region. Error log follows
Parameter values: JER_ele=-6.10073, JER_muon=-5.61214, JES_ele=-6.98177, JES_muon=4.088, QCD_stat_ele=4.49957, QCD_stat_muon=6.7604, VBS_stat_ele=-6.99719, VBS_stat_muon=-4.3844, ele_efficiency=-2.33113, ele_trigger=-6.81041, fakephoton_ele=5.4287, fakephoton_muon=-2.76721, interference=-6.99903, lumi=-5.92535, mu_efficiency=-4.4807, mu_trigger=-1.38358, non_prompt_stat_ele=6.52683, non_prompt_stat_muon=-1.2814, others_stat_ele=-4.46766, others_stat_muon=4.43035, others_xs=-0.835503, param=0.00983188, pdf_ele=-5.8214, pdf_muon=6.5984, photon_id=-0.208795, pileup=-1.37917, scale_ele=6.9954, scale_muon=6.55325
RooProdPdf::model_s[ modelObs_s * nuisancePdf ]
     getLogVal() top-level p.d.f evaluates to zero @ !pdfs=(modelObs_s = 0/1,nuisancePdf = 1)

[#0] WARNING:Minization -- RooMinimizerFcn: Minimized function has error status.
Returning maximum FCN so far (1047.31) to force MIGRAD to back out of this region. Error log follows
Parameter values: JER_ele=-5.97622, JER_muon=-5.94595, JES_ele=-6.93153, JES_muon=3.1469, QCD_stat_ele=3.68466, QCD_stat_muon=5.36883, VBS_stat_ele=-6.96174, VBS_stat_muon=-4.87899, ele_efficiency=-2.24749, ele_trigger=-6.72189, fakephoton_ele=4.59596, fakephoton_muon=-3.46455, interference=-6.97442, lumi=-6.2404, mu_efficiency=-4.3086, mu_trigger=-2.20374, non_prompt_stat_ele=6.89649, non_prompt_stat_muon=0.576414, others_stat_ele=-4.98809, others_stat_muon=3.57953, others_xs=-1.69199, param=0.0163331, pdf_ele=-6.12805, pdf_muon=6.92818, photon_id=1.53113, pileup=-1.3164, scale_ele=6.92353, scale_muon=4.98631
RooProdPdf::model_s[ modelObs_s * nuisancePdf ]
     getLogVal() top-level p.d.f evaluates to zero @ !pdfs=(modelObs_s = 0/1,nuisancePdf = 1)

[#0] WARNING:Minization -- RooMinimizerFcn: Minimized function has error status.
Returning maximum FCN so far (1047.31) to force MIGRAD to back out of this region. Error log follows
Parameter values: JER_ele=-6.02564, JER_muon=-6.01129, JES_ele=-6.85489, JES_muon=2.51956, QCD_stat_ele=3.38791, QCD_stat_muon=4.23632, VBS_stat_ele=-6.90388, VBS_stat_muon=-4.91199, ele_efficiency=-2.23363, ele_trigger=-6.70739, fakephoton_ele=3.93134, fakephoton_muon=-3.8255, interference=-6.93342, lumi=-6.42175, mu_efficiency=-4.14645, mu_trigger=-2.64318, non_prompt_stat_ele=6.97338, non_prompt_stat_muon=1.65024, others_stat_ele=-5.297, others_stat_muon=3.26251, others_xs=-2.19036, param=0.0322958, pdf_ele=-6.22374, pdf_muon=6.97875, photon_id=2.23578, pileup=-1.25499, scale_ele=6.82323, scale_muon=4.00344
RooProdPdf::model_s[ modelObs_s * nuisancePdf ]
     getLogVal() top-level p.d.f evaluates to zero @ !pdfs=(modelObs_s = 0/1,nuisancePdf = 1)

[#0] WARNING:Minization -- RooMinimizerFcn: Minimized function has error status.
Returning maximum FCN so far (1047.31) to force MIGRAD to back out of this region. Error log follows
Parameter values: JER_ele=-5.79172, JER_muon=-6.3287, JES_ele=-6.81731, JES_muon=1.77716, QCD_stat_ele=2.44683, QCD_stat_muon=2.00725, VBS_stat_ele=-6.86666, VBS_stat_muon=-5.4488, ele_efficiency=-2.13268, ele_trigger=-6.57437, fakephoton_ele=3.27527, fakephoton_muon=-4.32759, interference=-6.89415, lumi=-6.57329, mu_efficiency=-4.0782, mu_trigger=-3.24382, non_prompt_stat_ele=6.96728, non_prompt_stat_muon=2.96651, others_stat_ele=-5.60515, others_stat_muon=2.30188, others_xs=-2.79553, param=0.0444061, pdf_ele=-6.47087, pdf_muon=6.94825, photon_id=3.69955, pileup=-1.23486, scale_ele=6.4517, scale_muon=1.57878
RooProdPdf::model_s[ modelObs_s * nuisancePdf ]
     getLogVal() top-level p.d.f evaluates to zero @ !pdfs=(modelObs_s = 0/1,nuisancePdf = 1)

[#0] WARNING:Minization -- RooMinimizerFcn: Minimized function has error status.
Returning maximum FCN so far (1047.31) to force MIGRAD to back out of this region. Error log follows
Parameter values: JER_ele=-5.65875, JER_muon=-6.53399, JES_ele=-6.71981, JES_muon=0.863904, QCD_stat_ele=1.61504, QCD_stat_muon=-0.569324, VBS_stat_ele=-6.76667, VBS_stat_muon=-5.7986, ele_efficiency=-2.05824, ele_trigger=-6.46281, fakephoton_ele=2.35988, fakephoton_muon=-4.83242, interference=-6.81375, lumi=-6.73811, mu_efficiency=-3.92987, mu_trigger=-3.8657, non_prompt_stat_ele=6.75225, non_prompt_stat_muon=4.32004, others_stat_ele=-5.94003, others_stat_muon=1.43104, others_xs=-3.45533, param=0.056013, pdf_ele=-6.64832, pdf_muon=6.70113, photon_id=4.8861, pileup=-1.18369, scale_ele=5.9436, scale_muon=-0.932167
RooProdPdf::model_s[ modelObs_s * nuisancePdf ]
     getLogVal() top-level p.d.f evaluates to zero @ !pdfs=(modelObs_s = 0/1,nuisancePdf = 1)

[#0] WARNING:Minization -- RooMinimizerFcn: Minimized function has error status.
Returning maximum FCN so far (1047.31) to force MIGRAD to back out of this region. Error log follows
Parameter values: JER_ele=6.78864, JER_muon=-1.41789, JES_ele=2.81921, JES_muon=0.396829, QCD_stat_ele=-4.94961, QCD_stat_muon=-6.96113, VBS_stat_ele=0.297923, VBS_stat_muon=-3.68075, ele_efficiency=3.29566, ele_trigger=6.58419, fakephoton_ele=2.79771, fakephoton_muon=-6.61692, interference=2.41876, lumi=-3.52308, mu_efficiency=6.71791, mu_trigger=-6.91858, non_prompt_stat_ele=6.52437, non_prompt_stat_muon=-6.24614, others_stat_ele=-5.16828, others_stat_muon=-2.48466, others_xs=-6.73974, param=1.89213, pdf_ele=-1.06143, pdf_muon=6.98428, photon_id=-3.21199, pileup=2.53749, scale_ele=5.40721, scale_muon=-5.06697
RooProdPdf::model_s[ modelObs_s * nuisancePdf ]
     getLogVal() top-level p.d.f evaluates to zero @ !pdfs=(modelObs_s = 0/1,nuisancePdf = 1)

[#0] WARNING:Minization -- RooMinimizerFcn: Minimized function has error status.
Returning maximum FCN so far (1047.31) to force MIGRAD to back out of this region. Error log follows
Parameter values: JER_ele=6.91973, JER_muon=-2.88582, JES_ele=1.70635, JES_muon=3.10606, QCD_stat_ele=-2.82052, QCD_stat_muon=-3.78797, VBS_stat_ele=-0.98864, VBS_stat_muon=-5.02004, ele_efficiency=3.49775, ele_trigger=6.22209, fakephoton_ele=5.17473, fakephoton_muon=-6.99069, interference=1.24929, lumi=-4.81691, mu_efficiency=6.85205, mu_trigger=-6.26075, non_prompt_stat_ele=6.94913, non_prompt_stat_muon=-6.85665, others_stat_ele=-6.19237, others_stat_muon=0.18687, others_xs=-5.80402, param=2.02055, pdf_ele=-2.52639, pdf_muon=6.32258, photon_id=-6.30626, pileup=2.68471, scale_ele=6.84014, scale_muon=-6.6507
RooProdPdf::model_s[ modelObs_s * nuisancePdf ]
     getLogVal() top-level p.d.f evaluates to zero @ !pdfs=(modelObs_s = 0/1,nuisancePdf = 1)

[#0] WARNING:Minization -- RooMinimizerFcn: Minimized function has error status.
Returning maximum FCN so far (1047.31) to force MIGRAD to back out of this region. Error log follows
Parameter values: JER_ele=6.99522, JER_muon=-4.46723, JES_ele=0.298738, JES_muon=5.68261, QCD_stat_ele=0.235139, QCD_stat_muon=4.84037, VBS_stat_ele=-2.49475, VBS_stat_muon=-6.22914, ele_efficiency=3.73709, ele_trigger=5.64552, fakephoton_ele=6.81544, fakephoton_muon=-6.71189, interference=-0.211682, lumi=-6.03297, mu_efficiency=6.95727, mu_trigger=-4.67268, non_prompt_stat_ele=5.28797, non_prompt_stat_muon=-3.69875, others_stat_ele=-6.89123, others_stat_muon=3.3436, others_xs=-3.89929, param=2.17329, pdf_ele=-4.13383, pdf_muon=3.41618, photon_id=-6.61957, pileup=2.86091, scale_ele=6.55324, scale_muon=0.355068
RooProdPdf::model_s[ modelObs_s * nuisancePdf ]
     getLogVal() top-level p.d.f evaluates to zero @ !pdfs=(modelObs_s = 0/1,nuisancePdf = 1)

[#0] WARNING:Minization -- RooMinimizerFcn: Minimized function has error status.
Returning maximum FCN so far (1047.31) to force MIGRAD to back out of this region. Error log follows
Parameter values: JER_ele=-6.9779, JER_muon=3.15402, JES_ele=-3.97294, JES_muon=-0.0883044, QCD_stat_ele=0.849229, QCD_stat_muon=6.01069, VBS_stat_ele=-3.27519, VBS_stat_muon=5.27918, ele_efficiency=-3.62931, ele_trigger=-5.87925, fakephoton_ele=-3.06625, fakephoton_muon=6.90486, interference=-3.44292, lumi=2.88155, mu_efficiency=-6.49527, mu_trigger=6.87925, non_prompt_stat_ele=-6.38157, non_prompt_stat_muon=6.85127, others_stat_ele=5.46388, others_stat_muon=0.168481, others_xs=6.6945, param=0.00787084, pdf_ele=2.50286, pdf_muon=-6.34086, photon_id=5.69907, pileup=-2.33174, scale_ele=-6.92591, scale_muon=6.81977
RooProdPdf::model_s[ modelObs_s * nuisancePdf ]
     getLogVal() top-level p.d.f evaluates to zero @ !pdfs=(modelObs_s = 0/1,nuisancePdf = 1)

[#0] WARNING:Minization -- RooMinimizerFcn: Minimized function has error status.
Returning maximum FCN so far (1047.31) to force MIGRAD to back out of this region. Error log follows
Parameter values: JER_ele=-6.53201, JER_muon=-3.87656, JES_ele=-6.9127, JES_muon=6.60147, QCD_stat_ele=6.60928, QCD_stat_muon=1.0294, VBS_stat_ele=-6.84158, VBS_stat_muon=-2.03476, ele_efficiency=-2.6482, ele_trigger=-6.99359, fakephoton_ele=6.96901, fakephoton_muon=0.134576, interference=-6.80511, lumi=-4.36104, mu_efficiency=-5.06982, mu_trigger=1.87925, non_prompt_stat_ele=3.31764, non_prompt_stat_muon=-6.5182, others_stat_ele=-2.29391, others_stat_muon=6.71117, others_xs=2.40294, param=0.438776, pdf_ele=-4.33962, pdf_muon=2.97492, photon_id=-5.90349, pileup=-1.60005, scale_ele=5.25374, scale_muon=1.83474
RooProdPdf::model_s[ modelObs_s * nuisancePdf ]
     getLogVal() top-level p.d.f evaluates to zero @ !pdfs=(modelObs_s = 0/1,nuisancePdf = 1)

[#0] WARNING:Minization -- RooMinimizerFcn: Minimized function has error status.
Returning maximum FCN so far (1047.31) to force MIGRAD to back out of this region. Error log follows
Parameter values: JER_ele=-6.42642, JER_muon=-4.40119, JES_ele=-6.97245, JES_muon=6.12117, QCD_stat_ele=6.1757, QCD_stat_muon=4.02963, VBS_stat_ele=-6.93625, VBS_stat_muon=-2.72211, ele_efficiency=-2.55874, ele_trigger=-6.96721, fakephoton_ele=6.74145, fakephoton_muon=-0.69711, interference=-6.9057, lumi=-4.86662, mu_efficiency=-4.90897, mu_trigger=0.991184, non_prompt_stat_ele=4.53211, non_prompt_stat_muon=-5.54252, others_stat_ele=-2.97936, others_stat_muon=6.304, others_xs=1.5162, param=0.457237, pdf_ele=-4.81806, pdf_muon=4.2556, photon_id=-4.68776, pileup=-1.53595, scale_ele=6.05681, scale_muon=4.60333
RooProdPdf::model_s[ modelObs_s * nuisancePdf ]
     getLogVal() top-level p.d.f evaluates to zero @ !pdfs=(modelObs_s = 0/1,nuisancePdf = 1)

[#0] WARNING:Minization -- RooMinimizerFcn: Minimized function has error status.
Returning maximum FCN so far (1047.31) to force MIGRAD to back out of this region. Error log follows
Parameter values: JER_ele=-6.31612, JER_muon=-4.86618, JES_ele=-6.99821, JES_muon=5.50329, QCD_stat_ele=5.62469, QCD_stat_muon=6.09829, VBS_stat_ele=-6.98719, VBS_stat_muon=-3.35039, ele_efficiency=-2.47292, ele_trigger=-6.92309, fakephoton_ele=6.32461, fakephoton_muon=-1.4811, interference=-6.96814, lumi=-5.30712, mu_efficiency=-4.75064, mu_trigger=0.1284, non_prompt_stat_ele=5.50467, non_prompt_stat_muon=-4.19745, others_stat_ele=-3.60241, others_stat_muon=5.76265, others_xs=0.645431, param=0.47563, pdf_ele=-5.23793, pdf_muon=5.29606, photon_id=-3.21065, pileup=-1.47468, scale_ele=6.60544, scale_muon=6.38692
RooProdPdf::model_s[ modelObs_s * nuisancePdf ]
     getLogVal() top-level p.d.f evaluates to zero @ !pdfs=(modelObs_s = 0/1,nuisancePdf = 1)

[#0] WARNING:Minization -- RooMinimizerFcn: Minimized function has error status.
Returning maximum FCN so far (1047.31) to force MIGRAD to back out of this region. Error log follows
Parameter values: JER_ele=-6.20119, JER_muon=-5.27786, JES_ele=-6.99407, JES_muon=4.77555, QCD_stat_ele=4.9784, QCD_stat_muon=6.97445, VBS_stat_ele=-6.99955, VBS_stat_muon=-3.9243, ele_efficiency=-2.38984, ele_trigger=-6.86318, fakephoton_ele=5.75017, fakephoton_muon=-2.21808, interference=-6.99704, lumi=-5.68929, mu_efficiency=-4.59375, mu_trigger=-0.704592, non_prompt_stat_ele=6.23263, non_prompt_stat_muon=-2.61213, others_stat_ele=-4.168, others_stat_muon=5.11208, others_xs=-0.203185, param=0.494055, pdf_ele=-5.60557, pdf_muon=6.0897, photon_id=-1.58683, pileup=-1.41555, scale_ele=6.9145, scale_muon=6.99987
RooProdPdf::model_s[ modelObs_s * nuisancePdf ]
     getLogVal() top-level p.d.f evaluates to zero @ !pdfs=(modelObs_s = 0/1,nuisancePdf = 1)

[#0] WARNING:Minization -- RooMinimizerFcn: Minimized function has error status.
Returning maximum FCN so far (1047.31) to force MIGRAD to back out of this region. Error log follows
Parameter values: JER_ele=-6.08146, JER_muon=-5.64115, JES_ele=-6.9628, JES_muon=3.9598, QCD_stat_ele=4.25395, QCD_stat_muon=6.6217, VBS_stat_ele=-6.97697, VBS_stat_muon=-4.44769, ele_efficiency=-2.3087, ele_trigger=-6.7887, fakephoton_ele=5.04403, fakephoton_muon=-2.90905, interference=-6.99561, lumi=-6.0183, mu_efficiency=-4.43724, mu_trigger=-1.5049, non_prompt_stat_ele=6.71791, non_prompt_stat_muon=-0.901319, others_stat_ele=-4.68015, others_stat_muon=4.37183, others_xs=-1.02547, param=0.512605, pdf_ele=-5.92588, pdf_muon=6.63549, photon_id=0.0856232, pileup=-1.35796, scale_ele=6.99868, scale_muon=6.45329
RooProdPdf::model_s[ modelObs_s * nuisancePdf ]
     getLogVal() top-level p.d.f evaluates to zero @ !pdfs=(modelObs_s = 0/1,nuisancePdf = 1)

[#0] WARNING:Minization -- RooMinimizerFcn: Minimized function has error status.
Returning maximum FCN so far (1047.31) to force MIGRAD to back out of this region. Error log follows
Parameter values: JER_ele=-5.95129, JER_muon=-5.97187, JES_ele=-6.90329, JES_muon=3.03575, QCD_stat_ele=3.4311, QCD_stat_muon=5.09973, VBS_stat_ele=-6.91891, VBS_stat_muon=-4.94182, ele_efficiency=-2.22552, ele_trigger=-6.69636, fakephoton_ele=4.1921, fakephoton_muon=-3.58043, interference=-6.96413, lumi=-6.30837, mu_efficiency=-4.27352, mu_trigger=-2.30113, non_prompt_stat_ele=6.96953, non_prompt_stat_muon=0.903304, others_stat_ele=-5.15982, others_stat_muon=3.52235, others_xs=-1.85031, param=0.531671, pdf_ele=-6.21288, pdf_muon=6.94222, photon_id=1.78726, pileup=-1.29907, scale_ele=6.86192, scale_muon=4.82518
RooProdPdf::model_s[ modelObs_s * nuisancePdf ]
     getLogVal() top-level p.d.f evaluates to zero @ !pdfs=(modelObs_s = 0/1,nuisancePdf = 1)

[#0] WARNING:Minization -- RooMinimizerFcn: Minimized function has error status.
Returning maximum FCN so far (1047.31) to force MIGRAD to back out of this region. Error log follows
Parameter values: JER_ele=-5.83683, JER_muon=-6.24286, JES_ele=-6.80736, JES_muon=2.02489, QCD_stat_ele=2.57681, QCD_stat_muon=2.69167, VBS_stat_ele=-6.81647, VBS_stat_muon=-5.35887, ele_efficiency=-2.14786, ele_trigger=-6.59625, fakephoton_ele=3.1968, fakephoton_muon=-4.21012, interference=-6.89851, lumi=-6.55644, mu_efficiency=-4.09267, mu_trigger=-3.06684, non_prompt_stat_ele=6.96922, non_prompt_stat_muon=2.66239, others_stat_ele=-5.60055, others_stat_muon=2.6341, others_xs=-2.65669, param=0.540276, pdf_ele=-6.45005, pdf_muon=6.98779, photon_id=3.34601, pileup=-1.23463, scale_ele=6.51536, scale_muon=2.44686
RooProdPdf::model_s[ modelObs_s * nuisancePdf ]
     getLogVal() top-level p.d.f evaluates to zero @ !pdfs=(modelObs_s = 0/1,nuisancePdf = 1)

[#0] WARNING:Minization -- RooMinimizerFcn: Minimized function has error status.
Returning maximum FCN so far (1047.31) to force MIGRAD to back out of this region. Error log follows
Parameter values: JER_ele=6.86891, JER_muon=-2.34804, JES_ele=2.36056, JES_muon=2.04409, QCD_stat_ele=-4.02284, QCD_stat_muon=-6.00991, VBS_stat_ele=-0.211351, VBS_stat_muon=-4.62597, ele_efficiency=3.39758, ele_trigger=6.41486, fakephoton_ele=3.81822, fakephoton_muon=-6.89448, interference=1.76797, lumi=-4.24682, mu_efficiency=6.79712, mu_trigger=-6.6045, non_prompt_stat_ele=6.90275, non_prompt_stat_muon=-6.97079, others_stat_ele=-5.65502, others_stat_muon=-0.873181, others_xs=-6.31683, param=1.38162, pdf_ele=-1.78604, pdf_muon=6.77637, photon_id=-5.25227, pileup=2.61188, scale_ele=6.27351, scale_muon=-6.96566
RooProdPdf::model_s[ modelObs_s * nuisancePdf ]
     getLogVal() top-level p.d.f evaluates to zero @ !pdfs=(modelObs_s = 0/1,nuisancePdf = 1)

[#0] WARNING:Minization -- RooMinimizerFcn: Minimized function has error status.
Returning maximum FCN so far (1047.31) to force MIGRAD to back out of this region. Error log follows
Parameter values: JER_ele=6.97185, JER_muon=-3.86964, JES_ele=1.11901, JES_muon=4.72083, QCD_stat_ele=-1.43737, QCD_stat_muon=1.27303, VBS_stat_ele=-1.59448, VBS_stat_muon=-5.86549, ele_efficiency=3.61675, ele_trigger=5.95404, fakephoton_ele=6.01925, fakephoton_muon=-6.93651, interference=0.454908, lumi=-5.50836, mu_efficiency=6.91636, mu_trigger=-5.44201, non_prompt_stat_ele=6.52928, non_prompt_stat_muon=-5.58895, others_stat_ele=-6.57105, others_stat_muon=2.09862, others_xs=-4.89464, param=1.45378, pdf_ele=-3.32818, pdf_muon=4.79257, photon_id=-6.99944, pileup=2.77224, scale_ele=6.98772, scale_muon=-3.23619
RooProdPdf::model_s[ modelObs_s * nuisancePdf ]
     getLogVal() top-level p.d.f evaluates to zero @ !pdfs=(modelObs_s = 0/1,nuisancePdf = 1)

[#0] WARNING:Minization -- RooMinimizerFcn: Minimized function has error status.
Returning maximum FCN so far (1047.31) to force MIGRAD to back out of this region. Error log follows
Parameter values: JER_ele=6.99461, JER_muon=-5.42797, JES_ele=-0.466299, JES_muon=6.72546, QCD_stat_ele=2.03714, QCD_stat_muon=6.95281, VBS_stat_ele=-3.2134, VBS_stat_muon=-6.79728, ele_efficiency=3.88161, ele_trigger=5.2185, fakephoton_ele=6.99662, fakephoton_muon=-6.08619, interference=-1.18867, lumi=-6.57431, mu_efficiency=6.99211, mu_trigger=-3.14829, non_prompt_stat_ele=3.59511, non_prompt_stat_muon=-0.0841798, others_stat_ele=-6.99983, others_stat_muon=5.19661, others_xs=-2.33115, param=1.541, pdf_ele=-4.97058, pdf_muon=0.398004, photon_id=-4.53477, pileup=2.96845, scale_ele=5.34525, scale_muon=5.85845
RooProdPdf::model_s[ modelObs_s * nuisancePdf ]
     getLogVal() top-level p.d.f evaluates to zero @ !pdfs=(modelObs_s = 0/1,nuisancePdf = 1)

[#0] WARNING:Minization -- RooMinimizerFcn: Minimized function has error status.
Returning maximum FCN so far (1047.31) to force MIGRAD to back out of this region. Error log follows
Parameter values: JER_ele=-6.5519, JER_muon=-3.83214, JES_ele=-6.944, JES_muon=6.5592, QCD_stat_ele=6.53695, QCD_stat_muon=1.40308, VBS_stat_ele=-6.87693, VBS_stat_muon=-1.81374, ele_efficiency=-2.64298, ele_trigger=-6.99276, fakephoton_ele=6.89401, fakephoton_muon=-0.00123907, interference=-6.82255, lumi=-4.44851, mu_efficiency=-5.027, mu_trigger=1.81072, non_prompt_stat_ele=3.74271, non_prompt_stat_muon=-6.38041, others_stat_ele=-2.53374, others_stat_muon=6.71287, others_xs=2.24883, param=1.68297, pdf_ele=-4.40386, pdf_muon=2.91804, photon_id=-5.8474, pileup=-1.5775, scale_ele=5.42074, scale_muon=1.92887
RooProdPdf::model_s[ modelObs_s * nuisancePdf ]
     getLogVal() top-level p.d.f evaluates to zero @ !pdfs=(modelObs_s = 0/1,nuisancePdf = 1)

[#0] WARNING:Minization -- RooMinimizerFcn: Minimized function has error status.
Returning maximum FCN so far (1047.31) to force MIGRAD to back out of this region. Error log follows
Parameter values: JER_ele=-6.47734, JER_muon=-4.21475, JES_ele=-6.97912, JES_muon=6.22168, QCD_stat_ele=6.21936, QCD_stat_muon=3.56046, VBS_stat_ele=-6.93945, VBS_stat_muon=-2.32119, ele_efficiency=-2.57838, ele_trigger=-6.975, fakephoton_ele=6.68469, fakephoton_muon=-0.592553, interference=-6.89416, lumi=-4.80908, mu_efficiency=-4.9126, mu_trigger=1.17802, non_prompt_stat_ele=4.58704, non_prompt_stat_muon=-5.67433, others_stat_ele=-3.01906, others_stat_muon=6.43946, others_xs=1.61542, param=1.66301, pdf_ele=-4.749, pdf_muon=3.85824, photon_id=-4.9994, pileup=-1.53206, scale_ele=5.9907, scale_muon=3.96651
RooProdPdf::model_s[ modelObs_s * nuisancePdf ]
     getLogVal() top-level p.d.f evaluates to zero @ !pdfs=(modelObs_s = 0/1,nuisancePdf = 1)

[#0] WARNING:Minization -- RooMinimizerFcn: Minimized function has error status.
Returning maximum FCN so far (1047.31) to force MIGRAD to back out of this region. Error log follows
Parameter values: JER_ele=-6.40807, JER_muon=-4.53246, JES_ele=-6.99586, JES_muon=5.85598, QCD_stat_ele=5.88124, QCD_stat_muon=5.12847, VBS_stat_ele=-6.9761, VBS_stat_muon=-2.75274, ele_efficiency=-2.52205, ele_trigger=-6.95095, fakephoton_ele=6.41531, fakephoton_muon=-1.10361, interference=-6.9416, lumi=-5.10438, mu_efficiency=-4.8109, mu_trigger=0.619145, non_prompt_stat_ele=5.23685, non_prompt_stat_muon=-4.87185, others_stat_ele=-3.42672, others_stat_muon=6.13168, others_xs=1.05285, param=1.64764, pdf_ele=-5.03257, pdf_muon=4.60287, photon_id=-4.10934, pileup=-1.49249, scale_ele=6.38905, scale_muon=5.41106
RooProdPdf::model_s[ modelObs_s * nuisancePdf ]
     getLogVal() top-level p.d.f evaluates to zero @ !pdfs=(modelObs_s = 0/1,nuisancePdf = 1)

[#0] WARNING:Minization -- RooMinimizerFcn: Minimized function has error status.
Returning maximum FCN so far (1047.31) to force MIGRAD to back out of this region. Error log follows
Parameter values: JER_ele=-6.34379, JER_muon=-4.7993, JES_ele=-6.99996, JES_muon=5.48226, QCD_stat_ele=5.53907, QCD_stat_muon=6.16017, VBS_stat_ele=-6.99455, VBS_stat_muon=-3.12312, ele_efficiency=-2.4724, ele_trigger=-6.92321, fakephoton_ele=6.11418, fakephoton_muon=-1.5481, interference=-6.97181, lumi=-5.34908, mu_efficiency=-4.71984, mu_trigger=0.124228, non_prompt_stat_ele=5.73433, non_prompt_stat_muon=-4.0418, others_stat_ele=-3.77271, others_stat_muon=5.80984, others_xs=0.552391, param=1.63592, pdf_ele=-5.26849, pdf_muon=5.19014, photon_id=-3.23029, pileup=-1.45765, scale_ele=6.65976, scale_muon=6.33303
RooProdPdf::model_s[ modelObs_s * nuisancePdf ]
     getLogVal() top-level p.d.f evaluates to zero @ !pdfs=(modelObs_s = 0/1,nuisancePdf = 1)

[#0] WARNING:Minization -- RooMinimizerFcn: Minimized function has error status.
Returning maximum FCN so far (1047.31) to force MIGRAD to back out of this region. Error log follows
Parameter values: JER_ele=-6.28407, JER_muon=-5.02578, JES_ele=-6.9953, JES_muon=5.11224, QCD_stat_ele=5.20216, QCD_stat_muon=6.74699, VBS_stat_ele=-7, VBS_stat_muon=-3.44379, ele_efficiency=-2.42821, ele_trigger=-6.89343, fakephoton_ele=5.79883, fakephoton_muon=-1.93729, interference=-6.98953, lumi=-5.55405, mu_efficiency=-4.63774, mu_trigger=-0.315775, non_prompt_stat_ele=6.11274, non_prompt_stat_muon=-3.22392, others_stat_ele=-4.06924, others_stat_muon=5.4861, others_xs=0.105734, param=1.62715, pdf_ele=-5.46701, pdf_muon=5.65162, photon_id=-2.39035, pileup=-1.42669, scale_ele=6.83523, scale_muon=6.83016
RooProdPdf::model_s[ modelObs_s * nuisancePdf ]
     getLogVal() top-level p.d.f evaluates to zero @ !pdfs=(modelObs_s = 0/1,nuisancePdf = 1)

[#0] WARNING:Minization -- RooMinimizerFcn: Minimized function has error status.
Returning maximum FCN so far (1047.31) to force MIGRAD to back out of this region. Error log follows
Parameter values: JER_ele=-6.22997, JER_muon=-5.2148, JES_ele=-6.98488, JES_muon=4.76244, QCD_stat_ele=4.88451, QCD_stat_muon=6.98111, VBS_stat_ele=-6.99626, VBS_stat_muon=-3.71651, ele_efficiency=-2.38958, ele_trigger=-6.86354, fakephoton_ele=5.48891, fakephoton_muon=-2.27122, interference=-6.99797, lumi=-5.72297, mu_efficiency=-4.56523, mu_trigger=-0.698296, non_prompt_stat_ele=6.39102, non_prompt_stat_muon=-2.46157, others_stat_ele=-4.31906, others_stat_muon=5.17646, others_xs=-0.283926, param=1.62136, pdf_ele=-5.63145, pdf_muon=6.00372, photon_id=-1.62427, pileup=-1.39968, scale_ele=6.93722, scale_muon=6.99692
RooProdPdf::model_s[ modelObs_s * nuisancePdf ]
     getLogVal() top-level p.d.f evaluates to zero @ !pdfs=(modelObs_s = 0/1,nuisancePdf = 1)

[#0] WARNING:Minization -- RooMinimizerFcn: Minimized function has error status.
Returning maximum FCN so far (1047.31) to force MIGRAD to back out of this region. Error log follows
Parameter values: JER_ele=-5.70211, JER_muon=-6.47238, JES_ele=-6.65293, JES_muon=0.97276, QCD_stat_ele=1.52688, QCD_stat_muon=-0.216444, VBS_stat_ele=-6.61925, VBS_stat_muon=-5.73445, ele_efficiency=-2.05895, ele_trigger=-6.46558, fakephoton_ele=1.86663, fakephoton_muon=-4.8068, interference=-6.79282, lumi=-6.76435, mu_efficiency=-3.90039, mu_trigger=-3.7911, non_prompt_stat_ele=6.64363, non_prompt_stat_muon=4.28668, others_stat_ele=-6.0499, others_stat_muon=1.70882, others_xs=-3.4686, param=1.05938, pdf_ele=-6.67283, pdf_muon=6.79634, photon_id=4.75004, pileup=-1.16433, scale_ele=5.88017, scale_muon=-0.247098
RooProdPdf::model_s[ modelObs_s * nuisancePdf ]
     getLogVal() top-level p.d.f evaluates to zero @ !pdfs=(modelObs_s = 0/1,nuisancePdf = 1)

[#0] WARNING:Minization -- RooMinimizerFcn: Minimized function has error status.
Returning maximum FCN so far (1047.31) to force MIGRAD to back out of this region. Error log follows
Parameter values: JER_ele=-0.040293, JER_muon=1.84316, JES_ele=2.74276, JES_muon=4.9863, QCD_stat_ele=2.57615, QCD_stat_muon=6.65947, VBS_stat_ele=2.62202, VBS_stat_muon=0.916566, ele_efficiency=0.218245, ele_trigger=0.812867, fakephoton_ele=5.08943, fakephoton_muon=3.23658, interference=2.44745, lumi=2.99931, mu_efficiency=1.36002, mu_trigger=3.74727, non_prompt_stat_ele=3.92139, non_prompt_stat_muon=6.55972, others_stat_ele=3.05817, others_stat_muon=3.82569, others_xs=3.93256, param=2.46052, pdf_ele=1.83401, pdf_muon=4.4914, photon_id=5.73191, pileup=0.400061, scale_ele=4.08653, scale_muon=6.98597
RooProdPdf::model_s[ modelObs_s * nuisancePdf ]
     getLogVal() top-level p.d.f evaluates to zero @ !pdfs=(modelObs_s = 0/1,nuisancePdf = 1)

[#0] WARNING:Minization -- RooMinimizerFcn: Minimized function has error status.
Returning maximum FCN so far (1047.31) to force MIGRAD to back out of this region. Error log follows
Parameter values: JER_ele=-5.76501, JER_muon=-6.3464, JES_ele=-6.7243, JES_muon=1.59974, QCD_stat_ele=1.93041, QCD_stat_muon=1.17665, VBS_stat_ele=-6.71282, VBS_stat_muon=-5.46326, ele_efficiency=-2.09873, ele_trigger=-6.52617, fakephoton_ele=2.22585, fakephoton_muon=-4.55131, interference=-6.86003, lumi=-6.65687, mu_efficiency=-4.00585, mu_trigger=-3.38063, non_prompt_stat_ele=6.7358, non_prompt_stat_muon=3.5931, others_stat_ele=-5.88063, others_stat_muon=2.29618, others_xs=-3.03034, param=1.46751, pdf_ele=-6.58041, pdf_muon=6.93386, photon_id=4.04219, pileup=-1.19957, scale_ele=6.18329, scale_muon=1.20516
RooProdPdf::model_s[ modelObs_s * nuisancePdf ]
     getLogVal() top-level p.d.f evaluates to zero @ !pdfs=(modelObs_s = 0/1,nuisancePdf = 1)

[#0] WARNING:Minization -- RooMinimizerFcn: Minimized function has error status.
Returning maximum FCN so far (1047.31) to force MIGRAD to back out of this region. Error log follows
Parameter values: JER_ele=-5.71879, JER_muon=-6.41872, JES_ele=-6.67695, JES_muon=1.24122, QCD_stat_ele=1.62311, QCD_stat_muon=0.423317, VBS_stat_ele=-6.66685, VBS_stat_muon=-5.58152, ele_efficiency=-2.06988, ele_trigger=-6.48266, fakephoton_ele=1.97778, fakephoton_muon=-4.68907, interference=-6.82549, lumi=-6.72267, mu_efficiency=-3.94834, mu_trigger=-3.61547, non_prompt_stat_ele=6.6718, non_prompt_stat_muon=3.97156, others_stat_ele=-6.00728, others_stat_muon=1.9254, others_xs=-3.31933, param=1.47049, pdf_ele=-6.64474, pdf_muon=6.86911, photon_id=4.46826, pileup=-1.17934, scale_ele=5.96995, scale_muon=0.419286
RooProdPdf::model_s[ modelObs_s * nuisancePdf ]
     getLogVal() top-level p.d.f evaluates to zero @ !pdfs=(modelObs_s = 0/1,nuisancePdf = 1)


 -- Hybrid New -- 
CLs = 0 +/- 0
Done in 13.82 min (cpu), 13.88 min (real)
