 <<< Combine >>> 
>>> including systematics
>>> using the Profile Likelihood test statistics modified for upper limits (Q_LHC)
>>> method used is HybridNew
>>> Used OpenSSL to get a really random seed 597613682
Computing results starting from observation (a-posteriori)
[#0] WARNING:Minization -- RooMinimizerFcn: Minimized function has error status.
Returning maximum FCN so far (37.9844) to force MIGRAD to back out of this region. Error log follows
Parameter values: JER_ele=0.228345, JER_muon=-2.06284, JES_ele=0.341542, JES_muon=-1.52771, QCD_stat_ele=4.00666, QCD_stat_muon=4.67515, VBS_stat_ele=1.25534, VBS_stat_muon=-2.25965, ele_efficiency=2.59917, ele_trigger=6.1483, fakephoton_ele=4.36546, fakephoton_muon=-0.0385001, interference=-0.0862818, lumi=-0.666007, mu_efficiency=6.34191, mu_trigger=6.25028, non_prompt_stat_ele=5.17606, non_prompt_stat_muon=0.758868, others_stat_ele=5.6771, others_stat_muon=2.37042, others_xs=-2.19088, param=1.15199, pdf_ele=6.94958, pdf_muon=4.94087, photon_id=6.96423, pileup=-6.29621, scale_ele=5.99148, scale_muon=6.57175
RooProdPdf::model_s[ modelObs_s * nuisancePdf ]
     getLogVal() top-level p.d.f evaluates to zero @ !pdfs=(modelObs_s = 0/1,nuisancePdf = 1)

[#0] WARNING:Minization -- RooMinimizerFcn: Minimized function has error status.
Returning maximum FCN so far (36.5874) to force MIGRAD to back out of this region. Error log follows
Parameter values: JER_ele=6.84576, JER_muon=3.41324, JES_ele=3.77663, JES_muon=0.863154, QCD_stat_ele=5.06999, QCD_stat_muon=6.67736, VBS_stat_ele=-0.218524, VBS_stat_muon=2.43873, ele_efficiency=-3.38021, ele_trigger=4.24964, fakephoton_ele=1.23278, fakephoton_muon=-4.82627, interference=3.77601, lumi=3.94999, mu_efficiency=4.04566, mu_trigger=1.0237, non_prompt_stat_ele=4.70397, non_prompt_stat_muon=5.22864, others_stat_ele=2.06919, others_stat_muon=4.79018, others_xs=4.24765, param=0.776272, pdf_ele=1.44706, pdf_muon=2.45769, photon_id=0.40692, pileup=-5.03805, scale_ele=5.48735, scale_muon=6.80695
RooProdPdf::model_s[ modelObs_s * nuisancePdf ]
     getLogVal() top-level p.d.f evaluates to zero @ !pdfs=(modelObs_s = 0/1,nuisancePdf = 1)

[#0] WARNING:Minization -- RooMinimizerFcn: Minimized function has error status.
Returning maximum FCN so far (35.1408) to force MIGRAD to back out of this region. Error log follows
Parameter values: JER_ele=1.42072, JER_muon=-0.351224, JES_ele=-1.22533, JES_muon=5.29332, QCD_stat_ele=2.12364, QCD_stat_muon=6.48926, VBS_stat_ele=0.967565, VBS_stat_muon=6.36966, ele_efficiency=6.92381, ele_trigger=-1.36951, fakephoton_ele=3.13116, fakephoton_muon=1.79049, interference=-1.43032, lumi=3.19616, mu_efficiency=2.52447, mu_trigger=3.23598, non_prompt_stat_ele=5.62737, non_prompt_stat_muon=2.13126, others_stat_ele=3.25836, others_stat_muon=4.47617, others_xs=0.91893, param=0.959109, pdf_ele=3.63074, pdf_muon=6.87215, photon_id=0.907706, pileup=3.64877, scale_ele=2.43781, scale_muon=6.96871
RooProdPdf::model_s[ modelObs_s * nuisancePdf ]
     getLogVal() top-level p.d.f evaluates to zero @ !pdfs=(modelObs_s = 0/1,nuisancePdf = 1)

[#0] WARNING:Minization -- RooMinimizerFcn: Minimized function has error status.
Returning maximum FCN so far (35.5495) to force MIGRAD to back out of this region. Error log follows
Parameter values: JER_ele=-0.492679, JER_muon=-4.95386, JES_ele=3.90024, JES_muon=2.13008, QCD_stat_ele=1.58246, QCD_stat_muon=6.42545, VBS_stat_ele=-3.23062, VBS_stat_muon=-4.72177, ele_efficiency=2.47033, ele_trigger=5.27848, fakephoton_ele=4.50251, fakephoton_muon=3.68892, interference=-1.56105, lumi=4.15113, mu_efficiency=2.69855, mu_trigger=5.59632, non_prompt_stat_ele=2.02172, non_prompt_stat_muon=5.25166, others_stat_ele=1.48363, others_stat_muon=0.845626, others_xs=5.33081, param=1.12082, pdf_ele=6.47577, pdf_muon=4.10744, photon_id=4.7354, pileup=0.856205, scale_ele=4.85186, scale_muon=4.22619
RooProdPdf::model_s[ modelObs_s * nuisancePdf ]
     getLogVal() top-level p.d.f evaluates to zero @ !pdfs=(modelObs_s = 0/1,nuisancePdf = 1)


 -- Hybrid New -- 
CLs = 0.109813 +/- 0.0157697
Done in 17.01 min (cpu), 17.12 min (real)
