 <<< Combine >>> 
>>> including systematics
>>> using the Profile Likelihood test statistics modified for upper limits (Q_LHC)
>>> method used is HybridNew
>>> Used OpenSSL to get a really random seed 97434799
Computing results starting from observation (a-posteriori)
[#0] WARNING:Minization -- RooMinimizerFcn: Minimized function has error status.
Returning maximum FCN so far (715.613) to force MIGRAD to back out of this region. Error log follows
Parameter values: JER_ele=0.994422, JER_muon=-0.318419, JES_ele=0.598384, JES_muon=-4.63627, QCD_stat_ele=0.543356, QCD_stat_muon=-3.62386, VBS_stat_ele=-3.98803, VBS_stat_muon=-5.7919, ele_efficiency=-5.66265, ele_trigger=-6.96274, fakephoton_ele=6.99642, fakephoton_muon=-0.242146, interference=-5.01363, lumi=-2.60822, mu_efficiency=2.93747, mu_trigger=-1.726, non_prompt_stat_ele=6.9576, non_prompt_stat_muon=5.18943, others_stat_ele=-2.45779, others_stat_muon=-6.85773, others_xs=-6.32534, param=1.25744, pdf_ele=-5.14134, pdf_muon=-2.03091, photon_id=-5.68287, pileup=3.02313, scale_ele=2.02969, scale_muon=1.96269
RooProdPdf::model_s[ modelObs_s * nuisancePdf ]
     getLogVal() top-level p.d.f evaluates to zero @ !pdfs=(modelObs_s = 0/1,nuisancePdf = 1)

[#0] WARNING:Minization -- RooMinimizerFcn: Minimized function has error status.
Returning maximum FCN so far (718.17) to force MIGRAD to back out of this region. Error log follows
Parameter values: JER_ele=6.04386, JER_muon=4.78361, JES_ele=6.91388, JES_muon=-6.9819, QCD_stat_ele=-3.81294, QCD_stat_muon=6.98323, VBS_stat_ele=3.6586, VBS_stat_muon=4.78049, ele_efficiency=0.187574, ele_trigger=-6.28708, fakephoton_ele=3.93728, fakephoton_muon=5.41046, interference=6.90015, lumi=5.1903, mu_efficiency=6.86493, mu_trigger=5.46192, non_prompt_stat_ele=6.28926, non_prompt_stat_muon=3.00606, others_stat_ele=-2.53856, others_stat_muon=-3.88076, others_xs=6.12699, param=1.31511, pdf_ele=6.99713, pdf_muon=-6.03515, photon_id=5.48392, pileup=0.491694, scale_ele=-1.03283, scale_muon=6.96956
RooProdPdf::model_s[ modelObs_s * nuisancePdf ]
     getLogVal() top-level p.d.f evaluates to zero @ !pdfs=(modelObs_s = 0/1,nuisancePdf = 1)

[#0] WARNING:Minization -- RooMinimizerFcn: Minimized function has error status.
Returning maximum FCN so far (958.776) to force MIGRAD to back out of this region. Error log follows
Parameter values: JER_ele=6.65506, JER_muon=6.22119, JES_ele=-3.65797, JES_muon=5.16542, QCD_stat_ele=1.15584, QCD_stat_muon=-6.61003, VBS_stat_ele=-2.12025, VBS_stat_muon=-5.87559, ele_efficiency=1.17618, ele_trigger=2.89236, fakephoton_ele=3.87804, fakephoton_muon=-3.35868, interference=-2.58181, lumi=-1.40898, mu_efficiency=-5.96401, mu_trigger=-6.60008, non_prompt_stat_ele=6.62511, non_prompt_stat_muon=-0.853369, others_stat_ele=4.37065, others_stat_muon=0.00337441, others_xs=5.08397, param=1.24407, pdf_ele=-6.99999, pdf_muon=-6.86809, photon_id=-6.51515, pileup=6.39753, scale_ele=-3.19684, scale_muon=5.56525
RooProdPdf::model_s[ modelObs_s * nuisancePdf ]
     getLogVal() top-level p.d.f evaluates to zero @ !pdfs=(modelObs_s = 0/1,nuisancePdf = 1)

[#0] WARNING:Minization -- RooMinimizerFcn: Minimized function has error status.
Returning maximum FCN so far (958.776) to force MIGRAD to back out of this region. Error log follows
Parameter values: JER_ele=3.57086, JER_muon=6.95515, JES_ele=6.0079, JES_muon=5.35583, QCD_stat_ele=-4.50374, QCD_stat_muon=-6.79297, VBS_stat_ele=3.79519, VBS_stat_muon=3.94369, ele_efficiency=1.81166, ele_trigger=5.56345, fakephoton_ele=6.99165, fakephoton_muon=4.50141, interference=0.228901, lumi=6.91422, mu_efficiency=3.60806, mu_trigger=6.54323, non_prompt_stat_ele=6.41409, non_prompt_stat_muon=6.52971, others_stat_ele=5.48193, others_stat_muon=5.12306, others_xs=6.89762, param=1.25034, pdf_ele=6.99526, pdf_muon=0.209349, photon_id=-5.88894, pileup=1.49615, scale_ele=-2.58896, scale_muon=2.31828
RooProdPdf::model_s[ modelObs_s * nuisancePdf ]
     getLogVal() top-level p.d.f evaluates to zero @ !pdfs=(modelObs_s = 0/1,nuisancePdf = 1)

[#0] WARNING:Minization -- RooMinimizerFcn: Minimized function has error status.
Returning maximum FCN so far (989.575) to force MIGRAD to back out of this region. Error log follows
Parameter values: JER_ele=6.9504, JER_muon=-6.53269, JES_ele=-0.906027, JES_muon=-6.99992, QCD_stat_ele=-4.24761, QCD_stat_muon=-6.94549, VBS_stat_ele=3.10927, VBS_stat_muon=-5.30893, ele_efficiency=4.20215, ele_trigger=-5.95089, fakephoton_ele=6.9742, fakephoton_muon=-6.00535, interference=-5.373, lumi=-6.99977, mu_efficiency=-2.03576, mu_trigger=-6.10337, non_prompt_stat_ele=6.64725, non_prompt_stat_muon=0.56323, others_stat_ele=-6.36151, others_stat_muon=6.91505, others_xs=-1.96426, param=1.06375, pdf_ele=-4.69217, pdf_muon=-4.01172, photon_id=-6.88214, pileup=-6.85974, scale_ele=-6.43059, scale_muon=4.9201
RooProdPdf::model_s[ modelObs_s * nuisancePdf ]
     getLogVal() top-level p.d.f evaluates to zero @ !pdfs=(modelObs_s = 0/1,nuisancePdf = 1)

[#0] WARNING:Minization -- RooMinimizerFcn: Minimized function has error status.
Returning maximum FCN so far (989.575) to force MIGRAD to back out of this region. Error log follows
Parameter values: JER_ele=-5.46607, JER_muon=3.11421, JES_ele=0.0149518, JES_muon=6.25188, QCD_stat_ele=1.35226, QCD_stat_muon=-2.8499, VBS_stat_ele=1.86434, VBS_stat_muon=6.85817, ele_efficiency=2.03131, ele_trigger=-2.74431, fakephoton_ele=6.4481, fakephoton_muon=3.87161, interference=3.24552, lumi=0.308982, mu_efficiency=1.49983, mu_trigger=5.4921, non_prompt_stat_ele=6.96475, non_prompt_stat_muon=6.14006, others_stat_ele=-4.65958, others_stat_muon=6.22752, others_xs=3.6604, param=1.07076, pdf_ele=-1.67745, pdf_muon=6.78444, photon_id=6.94266, pileup=-3.59058, scale_ele=-4.60341, scale_muon=2.11904
RooProdPdf::model_s[ modelObs_s * nuisancePdf ]
     getLogVal() top-level p.d.f evaluates to zero @ !pdfs=(modelObs_s = 0/1,nuisancePdf = 1)

[#0] WARNING:Minization -- RooMinimizerFcn: Minimized function has error status.
Returning maximum FCN so far (565.535) to force MIGRAD to back out of this region. Error log follows
Parameter values: JER_ele=-6.98519, JER_muon=0.321002, JES_ele=-4.64774, JES_muon=-4.1664, QCD_stat_ele=5.0788, QCD_stat_muon=5.88744, VBS_stat_ele=6.76024, VBS_stat_muon=2.57231, ele_efficiency=-3.24541, ele_trigger=0.995078, fakephoton_ele=0.785068, fakephoton_muon=6.52026, interference=-5.87328, lumi=2.97251, mu_efficiency=-3.05934, mu_trigger=3.5531, non_prompt_stat_ele=6.43822, non_prompt_stat_muon=1.39763, others_stat_ele=0.210686, others_stat_muon=6.62445, others_xs=5.8276, param=0.838266, pdf_ele=2.14051, pdf_muon=-2.03005, photon_id=2.02954, pileup=4.05943, scale_ele=5.78151, scale_muon=6.80959
RooProdPdf::model_s[ modelObs_s * nuisancePdf ]
     getLogVal() top-level p.d.f evaluates to zero @ !pdfs=(modelObs_s = 0/1,nuisancePdf = 1)

[#0] WARNING:Minization -- RooMinimizerFcn: Minimized function has error status.
Returning maximum FCN so far (973.89) to force MIGRAD to back out of this region. Error log follows
Parameter values: JER_ele=6.6997, JER_muon=1.30278, JES_ele=2.86186, JES_muon=-5.30949, QCD_stat_ele=-1.33852, QCD_stat_muon=-3.67447, VBS_stat_ele=-3.32875, VBS_stat_muon=6.42634, ele_efficiency=0.592016, ele_trigger=6.66816, fakephoton_ele=1.61658, fakephoton_muon=4.65975, interference=-0.415266, lumi=-6.14031, mu_efficiency=-2.00387, mu_trigger=-0.469017, non_prompt_stat_ele=6.5683, non_prompt_stat_muon=-6.98448, others_stat_ele=6.99238, others_stat_muon=2.40504, others_xs=-6.82176, param=1.15544, pdf_ele=6.69417, pdf_muon=3.25881, photon_id=5.78313, pileup=3.21828, scale_ele=-2.0314, scale_muon=-6.88615
RooProdPdf::model_s[ modelObs_s * nuisancePdf ]
     getLogVal() top-level p.d.f evaluates to zero @ !pdfs=(modelObs_s = 0/1,nuisancePdf = 1)

[#0] WARNING:Minization -- RooMinimizerFcn: Minimized function has error status.
Returning maximum FCN so far (973.89) to force MIGRAD to back out of this region. Error log follows
Parameter values: JER_ele=-6.95685, JER_muon=-4.58416, JES_ele=5.083, JES_muon=5.21809, QCD_stat_ele=5.4425, QCD_stat_muon=-5.24359, VBS_stat_ele=-6.71635, VBS_stat_muon=-3.19765, ele_efficiency=2.27766, ele_trigger=-6.72967, fakephoton_ele=2.47191, fakephoton_muon=6.30329, interference=2.81638, lumi=3.51435, mu_efficiency=3.33932, mu_trigger=3.61488, non_prompt_stat_ele=6.85151, non_prompt_stat_muon=-2.50335, others_stat_ele=6.99627, others_stat_muon=-5.76504, others_xs=6.97755, param=1.11435, pdf_ele=-1.79082, pdf_muon=3.38474, photon_id=4.14257, pileup=3.82516, scale_ele=6.85345, scale_muon=-4.23303
RooProdPdf::model_s[ modelObs_s * nuisancePdf ]
     getLogVal() top-level p.d.f evaluates to zero @ !pdfs=(modelObs_s = 0/1,nuisancePdf = 1)

[#0] WARNING:Minization -- RooMinimizerFcn: Minimized function has error status.
Returning maximum FCN so far (927.913) to force MIGRAD to back out of this region. Error log follows
Parameter values: JER_ele=6.33866, JER_muon=5.51479, JES_ele=6.94056, JES_muon=-3.38338, QCD_stat_ele=-6.9187, QCD_stat_muon=-6.88, VBS_stat_ele=5.04693, VBS_stat_muon=2.82647, ele_efficiency=-6.96786, ele_trigger=-5.20615, fakephoton_ele=4.31558, fakephoton_muon=-2.84305, interference=-6.76182, lumi=-2.14564, mu_efficiency=-3.37825, mu_trigger=5.21127, non_prompt_stat_ele=6.92488, non_prompt_stat_muon=5.98801, others_stat_ele=-0.942579, others_stat_muon=-5.36741, others_xs=-1.18286, param=1.21443, pdf_ele=-6.87491, pdf_muon=4.33748, photon_id=-5.98443, pileup=0.884923, scale_ele=3.23124, scale_muon=-6.41743
RooProdPdf::model_s[ modelObs_s * nuisancePdf ]
     getLogVal() top-level p.d.f evaluates to zero @ !pdfs=(modelObs_s = 0/1,nuisancePdf = 1)

[#0] WARNING:Minization -- RooMinimizerFcn: Minimized function has error status.
Returning maximum FCN so far (927.913) to force MIGRAD to back out of this region. Error log follows
Parameter values: JER_ele=-4.17895, JER_muon=6.47621, JES_ele=5.71959, JES_muon=6.93676, QCD_stat_ele=6.76874, QCD_stat_muon=-6.48891, VBS_stat_ele=-6.02776, VBS_stat_muon=6.99883, ele_efficiency=4.35969, ele_trigger=6.39982, fakephoton_ele=6.46493, fakephoton_muon=-1.92364, interference=5.76715, lumi=6.73839, mu_efficiency=6.93619, mu_trigger=0.618529, non_prompt_stat_ele=5.44384, non_prompt_stat_muon=6.96181, others_stat_ele=-5.78085, others_stat_muon=-0.99763, others_xs=-5.80533, param=1.21732, pdf_ele=4.17322, pdf_muon=-0.228501, photon_id=-3.47902, pileup=0.432727, scale_ele=-3.29966, scale_muon=6.45971
RooProdPdf::model_s[ modelObs_s * nuisancePdf ]
     getLogVal() top-level p.d.f evaluates to zero @ !pdfs=(modelObs_s = 0/1,nuisancePdf = 1)

[#0] WARNING:Minization -- RooMinimizerFcn: Minimized function has error status.
Returning maximum FCN so far (1069.76) to force MIGRAD to back out of this region. Error log follows
Parameter values: JER_ele=2.5346, JER_muon=0.735504, JES_ele=5.55694, JES_muon=-1.56761, QCD_stat_ele=-6.66541, QCD_stat_muon=6.98414, VBS_stat_ele=-6.73666, VBS_stat_muon=0.88536, ele_efficiency=6.95058, ele_trigger=1.01008, fakephoton_ele=3.29567, fakephoton_muon=5.10199, interference=5.09052, lumi=-6.2827, mu_efficiency=4.94396, mu_trigger=1.56335, non_prompt_stat_ele=5.71292, non_prompt_stat_muon=2.10888, others_stat_ele=1.66877, others_stat_muon=2.78073, others_xs=-4.35743, param=0.650754, pdf_ele=-6.7698, pdf_muon=-1.68328, photon_id=6.88625, pileup=6.95377, scale_ele=6.62865, scale_muon=1.60703
RooProdPdf::model_s[ modelObs_s * nuisancePdf ]
     getLogVal() top-level p.d.f evaluates to zero @ !pdfs=(modelObs_s = 0/1,nuisancePdf = 1)

[#0] WARNING:Minization -- RooMinimizerFcn: Minimized function has error status.
Returning maximum FCN so far (1069.76) to force MIGRAD to back out of this region. Error log follows
Parameter values: JER_ele=1.37321, JER_muon=-0.151234, JES_ele=2.08406, JES_muon=-0.70524, QCD_stat_ele=2.94402, QCD_stat_muon=-0.180864, VBS_stat_ele=2.15679, VBS_stat_muon=-0.711061, ele_efficiency=0.424063, ele_trigger=1.55105, fakephoton_ele=5.36742, fakephoton_muon=-0.20106, interference=-0.0140292, lumi=0.542555, mu_efficiency=-0.203482, mu_trigger=-0.433846, non_prompt_stat_ele=6.43327, non_prompt_stat_muon=-0.344038, others_stat_ele=2.43945, others_stat_muon=-0.174261, others_xs=0.828861, param=0.68226, pdf_ele=2.80121, pdf_muon=-1.06986, photon_id=1.06937, pileup=0.0140211, scale_ele=4.79469, scale_muon=0.30751
RooProdPdf::model_s[ modelObs_s * nuisancePdf ]
     getLogVal() top-level p.d.f evaluates to zero @ !pdfs=(modelObs_s = 0/1,nuisancePdf = 1)

[#0] WARNING:Minization -- RooMinimizerFcn: Minimized function has error status.
Returning maximum FCN so far (1069.76) to force MIGRAD to back out of this region. Error log follows
Parameter values: JER_ele=-6.35981, JER_muon=-1.94697, JES_ele=-5.82593, JES_muon=5.52962, QCD_stat_ele=4.80151, QCD_stat_muon=5.40741, VBS_stat_ele=3.88152, VBS_stat_muon=6.60952, ele_efficiency=-6.80048, ele_trigger=-6.41739, fakephoton_ele=1.24024, fakephoton_muon=5.24464, interference=6.54156, lumi=-0.393687, mu_efficiency=-2.54438, mu_trigger=1.19359, non_prompt_stat_ele=6.99978, non_prompt_stat_muon=-6.41211, others_stat_ele=-5.70571, others_stat_muon=3.33536, others_xs=6.99756, param=1.06121, pdf_ele=1.15119, pdf_muon=5.06568, photon_id=6.91585, pileup=-6.95236, scale_ele=5.93339, scale_muon=6.32005
RooProdPdf::model_s[ modelObs_s * nuisancePdf ]
     getLogVal() top-level p.d.f evaluates to zero @ !pdfs=(modelObs_s = 0/1,nuisancePdf = 1)

[#0] WARNING:Minization -- RooMinimizerFcn: Minimized function has error status.
Returning maximum FCN so far (1069.76) to force MIGRAD to back out of this region. Error log follows
Parameter values: JER_ele=-1.14292, JER_muon=-0.0763718, JES_ele=3.94146, JES_muon=0.353888, QCD_stat_ele=5.63483, QCD_stat_muon=-1.03613, VBS_stat_ele=5.37952, VBS_stat_muon=6.45935, ele_efficiency=0.444173, ele_trigger=5.34937, fakephoton_ele=5.17181, fakephoton_muon=-0.349832, interference=2.10646, lumi=6.16042, mu_efficiency=4.46772, mu_trigger=2.26063, non_prompt_stat_ele=6.89667, non_prompt_stat_muon=-1.07042, others_stat_ele=6.0451, others_stat_muon=0.438538, others_xs=3.03332, param=0.688023, pdf_ele=3.88236, pdf_muon=6.34227, photon_id=5.5886, pileup=4.00791, scale_ele=1.27393, scale_muon=6.79769
RooProdPdf::model_s[ modelObs_s * nuisancePdf ]
     getLogVal() top-level p.d.f evaluates to zero @ !pdfs=(modelObs_s = 0/1,nuisancePdf = 1)


 -- Hybrid New -- 
CLs = 0.613636 +/- 0.0324393
Done in 7.99 min (cpu), 7.99 min (real)
