 <<< Combine >>> 
>>> including systematics
>>> using the Profile Likelihood test statistics modified for upper limits (Q_LHC)
>>> method used is HybridNew
>>> Used OpenSSL to get a really random seed 632850054
Computing results starting from observation (a-posteriori)
[#0] WARNING:Minization -- RooMinimizerFcn: Minimized function has error status.
Returning maximum FCN so far (421.131) to force MIGRAD to back out of this region. Error log follows
Parameter values: JER_ele=6.30258, JER_muon=0.529167, JES_ele=1.8562, JES_muon=-4.76922, QCD_stat_ele=6.94426, QCD_stat_muon=-5.91921, VBS_stat_ele=0.354543, VBS_stat_muon=2.11325, ele_efficiency=6.98026, ele_trigger=-6.99646, fakephoton_ele=6.99899, fakephoton_muon=-5.55584, interference=-6.56998, lumi=-2.74861, mu_efficiency=-1.87972, mu_trigger=4.39129, non_prompt_stat_ele=4.86796, non_prompt_stat_muon=-1.62279, others_stat_ele=6.0464, others_stat_muon=0.848067, others_xs=-1.17092, param=9.47972, pdf_ele=-6.99763, pdf_muon=-5.29184, photon_id=4.40232, pileup=6.34564, scale_ele=-1.78747, scale_muon=3.95909
RooProdPdf::model_s[ modelObs_s * nuisancePdf ]
     getLogVal() top-level p.d.f evaluates to zero @ !pdfs=(modelObs_s = 0/1,nuisancePdf = 1)

[#0] WARNING:Minization -- RooMinimizerFcn: Minimized function has error status.
Returning maximum FCN so far (464.257) to force MIGRAD to back out of this region. Error log follows
Parameter values: JER_ele=1.38694, JER_muon=-5.0585, JES_ele=2.20762, JES_muon=-6.82326, QCD_stat_ele=4.84913, QCD_stat_muon=6.72328, VBS_stat_ele=1.48141, VBS_stat_muon=-3.57436, ele_efficiency=0.127333, ele_trigger=1.89055, fakephoton_ele=5.92538, fakephoton_muon=0.73741, interference=-2.2538, lumi=-1.91463, mu_efficiency=-1.77271, mu_trigger=-6.05647, non_prompt_stat_ele=6.26345, non_prompt_stat_muon=3.30232, others_stat_ele=2.99737, others_stat_muon=-6.76708, others_xs=-2.49794, param=0.0838703, pdf_ele=2.94724, pdf_muon=-6.69519, photon_id=-6.3447, pileup=-0.621467, scale_ele=5.81927, scale_muon=5.31181
RooProdPdf::model_s[ modelObs_s * nuisancePdf ]
     getLogVal() top-level p.d.f evaluates to zero @ !pdfs=(modelObs_s = 0/1,nuisancePdf = 1)

[#0] WARNING:Minization -- RooMinimizerFcn: Minimized function has error status.
Returning maximum FCN so far (1009.17) to force MIGRAD to back out of this region. Error log follows
Parameter values: JER_ele=0.775211, JER_muon=2.88991, JES_ele=2.58105, JES_muon=4.32041, QCD_stat_ele=5.49532, QCD_stat_muon=5.95102, VBS_stat_ele=2.84346, VBS_stat_muon=3.11517, ele_efficiency=-0.786482, ele_trigger=1.62943, fakephoton_ele=6.18138, fakephoton_muon=1.46284, interference=1.39856, lumi=3.62256, mu_efficiency=1.99077, mu_trigger=2.4076, non_prompt_stat_ele=6.9956, non_prompt_stat_muon=1.37815, others_stat_ele=2.44186, others_stat_muon=4.22532, others_xs=2.14985, param=7.28777, pdf_ele=2.29994, pdf_muon=5.96223, photon_id=6.00191, pileup=-0.995104, scale_ele=6.09185, scale_muon=6.2501
RooProdPdf::model_s[ modelObs_s * nuisancePdf ]
     getLogVal() top-level p.d.f evaluates to zero @ !pdfs=(modelObs_s = 0/1,nuisancePdf = 1)

[#0] WARNING:Minization -- RooMinimizerFcn: Minimized function has error status.
Returning maximum FCN so far (1009.17) to force MIGRAD to back out of this region. Error log follows
Parameter values: JER_ele=-2.41311, JER_muon=1.20953, JES_ele=-2.56084, JES_muon=-1.04501, QCD_stat_ele=-6.53772, QCD_stat_muon=4.40653, VBS_stat_ele=-0.377957, VBS_stat_muon=1.03538, ele_efficiency=-2.31297, ele_trigger=-2.45662, fakephoton_ele=6.13951, fakephoton_muon=-0.629023, interference=-1.57881, lumi=-0.156642, mu_efficiency=1.55907, mu_trigger=-1.3767, non_prompt_stat_ele=6.89452, non_prompt_stat_muon=-3.84874, others_stat_ele=-3.20972, others_stat_muon=-3.29069, others_xs=-4.46047, param=0.390028, pdf_ele=-4.44424, pdf_muon=1.46288, photon_id=-3.63944, pileup=-1.95437, scale_ele=-6.61614, scale_muon=-1.88513
RooProdPdf::model_s[ modelObs_s * nuisancePdf ]
     getLogVal() top-level p.d.f evaluates to zero @ !pdfs=(modelObs_s = 0/1,nuisancePdf = 1)

[#0] WARNING:Minization -- RooMinimizerFcn: Minimized function has error status.
Returning maximum FCN so far (1009.17) to force MIGRAD to back out of this region. Error log follows
Parameter values: JER_ele=6.80252, JER_muon=-6.67879, JES_ele=2.50244, JES_muon=-5.57348, QCD_stat_ele=6.10904, QCD_stat_muon=-3.12806, VBS_stat_ele=4.84879, VBS_stat_muon=-6.53019, ele_efficiency=4.77964, ele_trigger=5.70499, fakephoton_ele=6.99843, fakephoton_muon=3.63889, interference=0.945596, lumi=5.21346, mu_efficiency=-3.34994, mu_trigger=-6.57868, non_prompt_stat_ele=2.90517, non_prompt_stat_muon=6.80957, others_stat_ele=2.61188, others_stat_muon=5.9244, others_xs=6.5885, param=0.0381849, pdf_ele=-4.23234, pdf_muon=-2.86199, photon_id=5.69939, pileup=2.00026, scale_ele=6.34424, scale_muon=-3.61684
RooProdPdf::model_s[ modelObs_s * nuisancePdf ]
     getLogVal() top-level p.d.f evaluates to zero @ !pdfs=(modelObs_s = 0/1,nuisancePdf = 1)

[#0] WARNING:Minization -- RooMinimizerFcn: Minimized function has error status.
Returning maximum FCN so far (1055.01) to force MIGRAD to back out of this region. Error log follows
Parameter values: JER_ele=-1.11513, JER_muon=2.02179, JES_ele=-0.430036, JES_muon=2.36907, QCD_stat_ele=-2.90208, QCD_stat_muon=6.9001, VBS_stat_ele=-0.317803, VBS_stat_muon=1.90705, ele_efficiency=-1.34396, ele_trigger=-0.759583, fakephoton_ele=5.2462, fakephoton_muon=0.775618, interference=0.224766, lumi=1.81978, mu_efficiency=1.60046, mu_trigger=0.94273, non_prompt_stat_ele=6.88161, non_prompt_stat_muon=-0.17357, others_stat_ele=-0.555223, others_stat_muon=2.78148, others_xs=0.0462138, param=6.84197, pdf_ele=-1.82129, pdf_muon=4.0788, photon_id=1.5025, pileup=-1.17039, scale_ele=-1.95821, scale_muon=6.25935
RooProdPdf::model_s[ modelObs_s * nuisancePdf ]
     getLogVal() top-level p.d.f evaluates to zero @ !pdfs=(modelObs_s = 0/1,nuisancePdf = 1)

[#0] WARNING:Minization -- RooMinimizerFcn: Minimized function has error status.
Returning maximum FCN so far (1055.01) to force MIGRAD to back out of this region. Error log follows
Parameter values: JER_ele=-5.71931, JER_muon=-3.90451, JES_ele=-6.85689, JES_muon=-6.84299, QCD_stat_ele=6.35112, QCD_stat_muon=-4.55688, VBS_stat_ele=-6.51651, VBS_stat_muon=-5.4303, ele_efficiency=-3.1882, ele_trigger=-6.32456, fakephoton_ele=5.23446, fakephoton_muon=-3.59148, interference=-5.56104, lumi=-5.70109, mu_efficiency=-0.757844, mu_trigger=-6.79634, non_prompt_stat_ele=6.88258, non_prompt_stat_muon=-6.99856, others_stat_ele=-6.91945, others_stat_muon=-6.96811, others_xs=-6.99961, param=1.13034, pdf_ele=-6.293, pdf_muon=-6.5357, photon_id=1.81069, pileup=-2.2492, scale_ele=6.32624, scale_muon=6.62556
RooProdPdf::model_s[ modelObs_s * nuisancePdf ]
     getLogVal() top-level p.d.f evaluates to zero @ !pdfs=(modelObs_s = 0/1,nuisancePdf = 1)

[#0] WARNING:Minization -- RooMinimizerFcn: Minimized function has error status.
Returning maximum FCN so far (1055.01) to force MIGRAD to back out of this region. Error log follows
Parameter values: JER_ele=6.14886, JER_muon=6.99984, JES_ele=6.6887, JES_muon=0.957245, QCD_stat_ele=-4.87434, QCD_stat_muon=0.804296, VBS_stat_ele=5.86527, VBS_stat_muon=5.94125, ele_efficiency=1.29951, ele_trigger=6.91933, fakephoton_ele=6.49157, fakephoton_muon=5.23741, interference=6.76198, lumi=6.51447, mu_efficiency=4.51059, mu_trigger=6.27998, non_prompt_stat_ele=6.76894, non_prompt_stat_muon=6.96432, others_stat_ele=6.80504, others_stat_muon=4.41553, others_xs=6.65796, param=0.19222, pdf_ele=4.62324, pdf_muon=-5.54367, photon_id=-6.08115, pileup=0.0996451, scale_ele=-4.45623, scale_muon=4.16051
RooProdPdf::model_s[ modelObs_s * nuisancePdf ]
     getLogVal() top-level p.d.f evaluates to zero @ !pdfs=(modelObs_s = 0/1,nuisancePdf = 1)

[#0] WARNING:Minization -- RooMinimizerFcn: Minimized function has error status.
Returning maximum FCN so far (1055.01) to force MIGRAD to back out of this region. Error log follows
Parameter values: JER_ele=6.05589, JER_muon=6.51424, JES_ele=6.53605, JES_muon=-1.24977, QCD_stat_ele=-5.87933, QCD_stat_muon=2.40558, VBS_stat_ele=6.18277, VBS_stat_muon=3.53909, ele_efficiency=1.34098, ele_trigger=6.95784, fakephoton_ele=-2.91726, fakephoton_muon=5.20191, interference=6.95976, lumi=5.87331, mu_efficiency=4.96387, mu_trigger=5.03819, non_prompt_stat_ele=6.95461, non_prompt_stat_muon=6.96987, others_stat_ele=6.31584, others_stat_muon=1.6881, others_xs=5.80491, param=0.365169, pdf_ele=4.38066, pdf_muon=-6.97571, photon_id=-3.31707, pileup=0.164937, scale_ele=-3.09582, scale_muon=-1.42402
RooProdPdf::model_s[ modelObs_s * nuisancePdf ]
     getLogVal() top-level p.d.f evaluates to zero @ !pdfs=(modelObs_s = 0/1,nuisancePdf = 1)

[#0] WARNING:Minization -- RooMinimizerFcn: Minimized function has error status.
Returning maximum FCN so far (1055.01) to force MIGRAD to back out of this region. Error log follows
Parameter values: JER_ele=6.42958, JER_muon=6.62148, JES_ele=5.85161, JES_muon=-0.50065, QCD_stat_ele=-2.82746, QCD_stat_muon=3.52015, VBS_stat_ele=5.3702, VBS_stat_muon=3.82464, ele_efficiency=1.55503, ele_trigger=6.9893, fakephoton_ele=3.16846, fakephoton_muon=5.07862, interference=6.94757, lumi=5.62421, mu_efficiency=4.9128, mu_trigger=5.41775, non_prompt_stat_ele=1.55556, non_prompt_stat_muon=6.99837, others_stat_ele=5.4505, others_stat_muon=2.16711, others_xs=5.61299, param=0.0168555, pdf_ele=2.69406, pdf_muon=-6.84286, photon_id=-2.50738, pileup=0.127027, scale_ele=1.3755, scale_muon=0.741643
RooProdPdf::model_s[ modelObs_s * nuisancePdf ]
     getLogVal() top-level p.d.f evaluates to zero @ !pdfs=(modelObs_s = 0/1,nuisancePdf = 1)

[#0] WARNING:Minization -- RooMinimizerFcn: Minimized function has error status.
Returning maximum FCN so far (1055.01) to force MIGRAD to back out of this region. Error log follows
Parameter values: JER_ele=0.363623, JER_muon=1.21331, JES_ele=1.84533, JES_muon=1.72735, QCD_stat_ele=3.97623, QCD_stat_muon=5.22479, VBS_stat_ele=2.10436, VBS_stat_muon=0.942819, ele_efficiency=-0.86495, ele_trigger=1.05355, fakephoton_ele=4.21288, fakephoton_muon=0.800436, interference=0.220626, lumi=2.35833, mu_efficiency=1.38915, mu_trigger=0.299039, non_prompt_stat_ele=5.90899, non_prompt_stat_muon=-0.0992592, others_stat_ele=1.63337, others_stat_muon=2.10124, others_xs=0.660477, param=6.80223, pdf_ele=1.34609, pdf_muon=2.97539, photon_id=2.97625, pileup=-1.06532, scale_ele=4.60144, scale_muon=5.23118
RooProdPdf::model_s[ modelObs_s * nuisancePdf ]
     getLogVal() top-level p.d.f evaluates to zero @ !pdfs=(modelObs_s = 0/1,nuisancePdf = 1)

[#0] WARNING:Minization -- RooMinimizerFcn: Minimized function has error status.
Returning maximum FCN so far (1055.01) to force MIGRAD to back out of this region. Error log follows
Parameter values: JER_ele=2.61785, JER_muon=-1.65487, JES_ele=-6.90199, JES_muon=-3.14613, QCD_stat_ele=5.57523, QCD_stat_muon=0.064476, VBS_stat_ele=-6.77144, VBS_stat_muon=-6.96271, ele_efficiency=4.63206, ele_trigger=-4.00633, fakephoton_ele=5.42787, fakephoton_muon=6.94158, interference=2.35459, lumi=-6.32054, mu_efficiency=6.72559, mu_trigger=-6.02135, non_prompt_stat_ele=6.42591, non_prompt_stat_muon=0.784855, others_stat_ele=-6.34261, others_stat_muon=-6.6286, others_xs=-6.88097, param=1.18049, pdf_ele=0.899535, pdf_muon=6.88697, photon_id=-4.36756, pileup=1.38378, scale_ele=5.37701, scale_muon=-6.18076
RooProdPdf::model_s[ modelObs_s * nuisancePdf ]
     getLogVal() top-level p.d.f evaluates to zero @ !pdfs=(modelObs_s = 0/1,nuisancePdf = 1)

[#0] WARNING:Minization -- RooMinimizerFcn: Minimized function has error status.
Returning maximum FCN so far (1055.01) to force MIGRAD to back out of this region. Error log follows
Parameter values: JER_ele=1.11678, JER_muon=2.10313, JES_ele=3.06968, JES_muon=3.21565, QCD_stat_ele=6.31477, QCD_stat_muon=6.94177, VBS_stat_ele=3.3347, VBS_stat_muon=2.20297, ele_efficiency=-0.649554, ele_trigger=2.04363, fakephoton_ele=6.51407, fakephoton_muon=1.19432, interference=1.00247, lumi=3.39849, mu_efficiency=1.71323, mu_trigger=1.45198, non_prompt_stat_ele=6.89563, non_prompt_stat_muon=0.781436, others_stat_ele=2.94393, others_stat_muon=3.34769, others_xs=1.88339, param=6.50231, pdf_ele=3.00103, pdf_muon=4.78008, photon_id=5.49756, pileup=-0.989671, scale_ele=6.72159, scale_muon=6.98216
RooProdPdf::model_s[ modelObs_s * nuisancePdf ]
     getLogVal() top-level p.d.f evaluates to zero @ !pdfs=(modelObs_s = 0/1,nuisancePdf = 1)

[#0] WARNING:Minization -- RooMinimizerFcn: Minimized function has error status.
Returning maximum FCN so far (1055.01) to force MIGRAD to back out of this region. Error log follows
Parameter values: JER_ele=6.97494, JER_muon=6.99028, JES_ele=2.9019, JES_muon=2.246, QCD_stat_ele=6.47, QCD_stat_muon=6.59976, VBS_stat_ele=2.8291, VBS_stat_muon=5.85549, ele_efficiency=2.24872, ele_trigger=6.18627, fakephoton_ele=6.8012, fakephoton_muon=4.66718, interference=6.82146, lumi=5.37888, mu_efficiency=4.50842, mu_trigger=6.52945, non_prompt_stat_ele=-6.99908, non_prompt_stat_muon=6.88452, others_stat_ele=2.20449, others_stat_muon=4.57279, others_xs=5.48439, param=0.0647733, pdf_ele=-2.41141, pdf_muon=-4.90571, photon_id=-1.41382, pileup=0.149299, scale_ele=6.53388, scale_muon=6.5268
RooProdPdf::model_s[ modelObs_s * nuisancePdf ]
     getLogVal() top-level p.d.f evaluates to zero @ !pdfs=(modelObs_s = 0/1,nuisancePdf = 1)

[#0] WARNING:Minization -- RooMinimizerFcn: Minimized function has error status.
Returning maximum FCN so far (1055.01) to force MIGRAD to back out of this region. Error log follows
Parameter values: JER_ele=6.99735, JER_muon=6.35868, JES_ele=1.85278, JES_muon=-2.08511, QCD_stat_ele=6.99783, QCD_stat_muon=-3.31784, VBS_stat_ele=4.03341, VBS_stat_muon=4.76026, ele_efficiency=2.63458, ele_trigger=5.76004, fakephoton_ele=-3.1789, fakephoton_muon=5.07779, interference=6.99712, lumi=4.3449, mu_efficiency=4.96921, mu_trigger=4.52375, non_prompt_stat_ele=5.4215, non_prompt_stat_muon=6.97747, others_stat_ele=0.757547, others_stat_muon=0.169492, others_xs=2.96676, param=0.131049, pdf_ele=-3.61963, pdf_muon=-6.99969, photon_id=4.45652, pileup=0.567354, scale_ele=4.26954, scale_muon=-3.70197
RooProdPdf::model_s[ modelObs_s * nuisancePdf ]
     getLogVal() top-level p.d.f evaluates to zero @ !pdfs=(modelObs_s = 0/1,nuisancePdf = 1)

[#0] WARNING:Minization -- RooMinimizerFcn: Minimized function has error status.
Returning maximum FCN so far (1055.01) to force MIGRAD to back out of this region. Error log follows
Parameter values: JER_ele=2.97085, JER_muon=3.29298, JES_ele=5.38572, JES_muon=5.29345, QCD_stat_ele=4.84812, QCD_stat_muon=6.68283, VBS_stat_ele=6.35138, VBS_stat_muon=4.68504, ele_efficiency=-0.168156, ele_trigger=4.14025, fakephoton_ele=6.91758, fakephoton_muon=2.09105, interference=2.65815, lumi=5.28203, mu_efficiency=2.27589, mu_trigger=3.17736, non_prompt_stat_ele=6.41313, non_prompt_stat_muon=2.57614, others_stat_ele=5.26408, others_stat_muon=4.46236, others_xs=3.57774, param=3.174, pdf_ele=6.02582, pdf_muon=6.72768, photon_id=6.81897, pileup=-0.868311, scale_ele=3.87311, scale_muon=3.41972
RooProdPdf::model_s[ modelObs_s * nuisancePdf ]
     getLogVal() top-level p.d.f evaluates to zero @ !pdfs=(modelObs_s = 0/1,nuisancePdf = 1)

[#0] WARNING:Minization -- RooMinimizerFcn: Minimized function has error status.
Returning maximum FCN so far (1055.01) to force MIGRAD to back out of this region. Error log follows
Parameter values: JER_ele=-6.16012, JER_muon=-4.83893, JES_ele=-6.98224, JES_muon=-6.98501, QCD_stat_ele=6.32492, QCD_stat_muon=1.33711, VBS_stat_ele=-6.97236, VBS_stat_muon=-5.98485, ele_efficiency=-3.08527, ele_trigger=-6.60843, fakephoton_ele=6.88628, fakephoton_muon=-2.49785, interference=-5.34077, lumi=-5.64064, mu_efficiency=-1.00506, mu_trigger=-6.76453, non_prompt_stat_ele=3.88265, non_prompt_stat_muon=-6.28816, others_stat_ele=-6.92375, others_stat_muon=-6.18817, others_xs=-6.75108, param=0.447125, pdf_ele=-5.45557, pdf_muon=-6.31288, photon_id=2.99237, pileup=-1.98956, scale_ele=6.99969, scale_muon=6.98869
RooProdPdf::model_s[ modelObs_s * nuisancePdf ]
     getLogVal() top-level p.d.f evaluates to zero @ !pdfs=(modelObs_s = 0/1,nuisancePdf = 1)

[#0] WARNING:Minization -- RooMinimizerFcn: Minimized function has error status.
Returning maximum FCN so far (1055.01) to force MIGRAD to back out of this region. Error log follows
Parameter values: JER_ele=6.33918, JER_muon=6.67153, JES_ele=6.43362, JES_muon=-1.55019, QCD_stat_ele=-1.56204, QCD_stat_muon=4.21424, VBS_stat_ele=6.15082, VBS_stat_muon=4.8258, ele_efficiency=1.35932, ele_trigger=6.97858, fakephoton_ele=4.66726, fakephoton_muon=5.28224, interference=6.93612, lumi=6.10651, mu_efficiency=4.95369, mu_trigger=5.04445, non_prompt_stat_ele=4.19581, non_prompt_stat_muon=6.94216, others_stat_ele=6.7075, others_stat_muon=2.14784, others_xs=6.19787, param=0.125394, pdf_ele=3.8673, pdf_muon=-6.95663, photon_id=-3.11694, pileup=0.169577, scale_ele=-2.25388, scale_muon=-2.76676
RooProdPdf::model_s[ modelObs_s * nuisancePdf ]
     getLogVal() top-level p.d.f evaluates to zero @ !pdfs=(modelObs_s = 0/1,nuisancePdf = 1)

[#0] WARNING:Minization -- RooMinimizerFcn: Minimized function has error status.
Returning maximum FCN so far (1055.01) to force MIGRAD to back out of this region. Error log follows
Parameter values: JER_ele=1.41541, JER_muon=6.83543, JES_ele=4.01951, JES_muon=5.34998, QCD_stat_ele=6.41299, QCD_stat_muon=1.67977, VBS_stat_ele=4.10087, VBS_stat_muon=6.9273, ele_efficiency=-0.536057, ele_trigger=2.79803, fakephoton_ele=-6.87413, fakephoton_muon=3.87449, interference=5.34747, lumi=6.65943, mu_efficiency=3.9681, mu_trigger=6.99697, non_prompt_stat_ele=1.15884, non_prompt_stat_muon=6.10746, others_stat_ele=4.56093, others_stat_muon=6.18089, others_xs=6.49055, param=0.0131268, pdf_ele=4.04695, pdf_muon=-0.365452, photon_id=0.250735, pileup=-0.58483, scale_ele=6.87272, scale_muon=2.5046
RooProdPdf::model_s[ modelObs_s * nuisancePdf ]
     getLogVal() top-level p.d.f evaluates to zero @ !pdfs=(modelObs_s = 0/1,nuisancePdf = 1)

[#0] WARNING:Minization -- RooMinimizerFcn: Minimized function has error status.
Returning maximum FCN so far (1055.01) to force MIGRAD to back out of this region. Error log follows
Parameter values: JER_ele=5.6737, JER_muon=6.99822, JES_ele=6.75499, JES_muon=2.8918, QCD_stat_ele=-6.94636, QCD_stat_muon=6.95147, VBS_stat_ele=6.9257, VBS_stat_muon=6.37592, ele_efficiency=1.59345, ele_trigger=6.87489, fakephoton_ele=3.19674, fakephoton_muon=4.19391, interference=6.54165, lumi=6.76487, mu_efficiency=4.08637, mu_trigger=6.54786, non_prompt_stat_ele=-1.30097, non_prompt_stat_muon=6.71336, others_stat_ele=6.27856, others_stat_muon=4.6109, others_xs=6.44402, param=0.0280781, pdf_ele=5.14213, pdf_muon=-3.95338, photon_id=-6.64106, pileup=0.37439, scale_ele=-4.56275, scale_muon=6.99811
RooProdPdf::model_s[ modelObs_s * nuisancePdf ]
     getLogVal() top-level p.d.f evaluates to zero @ !pdfs=(modelObs_s = 0/1,nuisancePdf = 1)

[#0] WARNING:Minization -- RooMinimizerFcn: Minimized function has error status.
Returning maximum FCN so far (1055.01) to force MIGRAD to back out of this region. Error log follows
Parameter values: JER_ele=6.98962, JER_muon=6.09952, JES_ele=3.01551, JES_muon=6.59395, QCD_stat_ele=6.57406, QCD_stat_muon=-6.99838, VBS_stat_ele=3.04897, VBS_stat_muon=6.80441, ele_efficiency=1.72954, ele_trigger=6.27637, fakephoton_ele=6.79929, fakephoton_muon=3.77505, interference=5.57291, lumi=6.60778, mu_efficiency=3.84257, mu_trigger=6.49612, non_prompt_stat_ele=6.15523, non_prompt_stat_muon=5.61929, others_stat_ele=3.88881, others_stat_muon=6.98862, others_xs=6.97871, param=0.491116, pdf_ele=-2.2185, pdf_muon=3.0656, photon_id=-6.79429, pileup=-0.589849, scale_ele=6.70565, scale_muon=-3.78781
RooProdPdf::model_s[ modelObs_s * nuisancePdf ]
     getLogVal() top-level p.d.f evaluates to zero @ !pdfs=(modelObs_s = 0/1,nuisancePdf = 1)

[#0] WARNING:Minization -- RooMinimizerFcn: Minimized function has error status.
Returning maximum FCN so far (1055.01) to force MIGRAD to back out of this region. Error log follows
Parameter values: JER_ele=6.3668, JER_muon=6.98506, JES_ele=5.8835, JES_muon=2.09612, QCD_stat_ele=-4.52671, QCD_stat_muon=6.92469, VBS_stat_ele=6.498, VBS_stat_muon=6.41217, ele_efficiency=2.13471, ele_trigger=6.98959, fakephoton_ele=1.84413, fakephoton_muon=4.27479, interference=6.69848, lumi=6.5083, mu_efficiency=4.08763, mu_trigger=6.26894, non_prompt_stat_ele=0.0580275, non_prompt_stat_muon=6.82792, others_stat_ele=5.08208, others_stat_muon=4.1581, others_xs=5.83723, param=0.812812, pdf_ele=2.67297, pdf_muon=-4.63702, photon_id=-4.8683, pileup=0.643533, scale_ele=1.76326, scale_muon=6.51721
RooProdPdf::model_s[ modelObs_s * nuisancePdf ]
     getLogVal() top-level p.d.f evaluates to zero @ !pdfs=(modelObs_s = 0/1,nuisancePdf = 1)

[#0] WARNING:Minization -- RooMinimizerFcn: Minimized function has error status.
Returning maximum FCN so far (1055.01) to force MIGRAD to back out of this region. Error log follows
Parameter values: JER_ele=3.58284, JER_muon=3.46769, JES_ele=6.13875, JES_muon=5.39993, QCD_stat_ele=0.778274, QCD_stat_muon=4.77643, VBS_stat_ele=6.1924, VBS_stat_muon=4.03564, ele_efficiency=0.167921, ele_trigger=4.90762, fakephoton_ele=6.73052, fakephoton_muon=1.86509, interference=2.56146, lumi=5.38901, mu_efficiency=2.21555, mu_trigger=3.39396, non_prompt_stat_ele=4.16197, non_prompt_stat_muon=2.31441, others_stat_ele=5.99243, others_stat_muon=5.06207, others_xs=4.3637, param=0.0397942, pdf_ele=6.72274, pdf_muon=6.72055, photon_id=6.21427, pileup=-0.718063, scale_ele=-0.309113, scale_muon=3.18295
RooProdPdf::model_s[ modelObs_s * nuisancePdf ]
     getLogVal() top-level p.d.f evaluates to zero @ !pdfs=(modelObs_s = 0/1,nuisancePdf = 1)

[#0] WARNING:Minization -- RooMinimizerFcn: Minimized function has error status.
Returning maximum FCN so far (1061.96) to force MIGRAD to back out of this region. Error log follows
Parameter values: JER_ele=3.7623, JER_muon=2.61528, JES_ele=6.29457, JES_muon=4.33444, QCD_stat_ele=-1.2887, QCD_stat_muon=6.96452, VBS_stat_ele=6.34226, VBS_stat_muon=2.96658, ele_efficiency=0.00698772, ele_trigger=5.05743, fakephoton_ele=2.50881, fakephoton_muon=1.67942, interference=1.92986, lumi=5.16801, mu_efficiency=2.10692, mu_trigger=2.17126, non_prompt_stat_ele=2.75693, non_prompt_stat_muon=1.64026, others_stat_ele=5.9572, others_stat_muon=4.04663, others_xs=3.63165, param=0.123458, pdf_ele=6.81358, pdf_muon=5.90684, photon_id=6.76784, pileup=-0.980315, scale_ele=-1.25412, scale_muon=6.10203
RooProdPdf::model_s[ modelObs_s * nuisancePdf ]
     getLogVal() top-level p.d.f evaluates to zero @ !pdfs=(modelObs_s = 0/1,nuisancePdf = 1)

[#0] WARNING:Minization -- RooMinimizerFcn: Minimized function has error status.
Returning maximum FCN so far (1061.96) to force MIGRAD to back out of this region. Error log follows
Parameter values: JER_ele=-0.406474, JER_muon=0.877669, JES_ele=0.610037, JES_muon=1.00873, QCD_stat_ele=0.21051, QCD_stat_muon=3.85673, VBS_stat_ele=1.13962, VBS_stat_muon=0.764992, ele_efficiency=-1.12412, ele_trigger=0.0820267, fakephoton_ele=4.0524, fakephoton_muon=0.627175, interference=-0.122947, lumi=1.75234, mu_efficiency=1.28486, mu_trigger=-0.235217, non_prompt_stat_ele=5.95359, non_prompt_stat_muon=-0.535459, others_stat_ele=0.421978, others_stat_muon=1.49942, others_xs=-0.1715, param=0.0574861, pdf_ele=-0.343254, pdf_muon=2.15221, photon_id=0.915316, pileup=-1.16628, scale_ele=1.12887, scale_muon=3.59892
RooProdPdf::model_s[ modelObs_s * nuisancePdf ]
     getLogVal() top-level p.d.f evaluates to zero @ !pdfs=(modelObs_s = 0/1,nuisancePdf = 1)

[#0] WARNING:Minization -- RooMinimizerFcn: Minimized function has error status.
Returning maximum FCN so far (1061.96) to force MIGRAD to back out of this region. Error log follows
Parameter values: JER_ele=0.0986872, JER_muon=0.981312, JES_ele=1.40645, JES_muon=1.23148, QCD_stat_ele=2.72451, QCD_stat_muon=4.20688, VBS_stat_ele=1.88058, VBS_stat_muon=0.894408, ele_efficiency=-0.96667, ele_trigger=0.710437, fakephoton_ele=4.02951, fakephoton_muon=0.682077, interference=0.0531635, lumi=2.10022, mu_efficiency=1.31828, mu_trigger=-0.0671833, non_prompt_stat_ele=5.80231, non_prompt_stat_muon=-0.401518, others_stat_ele=1.17009, others_stat_muon=1.66086, others_xs=0.220172, param=0.0580969, pdf_ele=0.763709, pdf_muon=2.42095, photon_id=2.03405, pileup=-1.11968, scale_ele=3.45617, scale_muon=4.14302
RooProdPdf::model_s[ modelObs_s * nuisancePdf ]
     getLogVal() top-level p.d.f evaluates to zero @ !pdfs=(modelObs_s = 0/1,nuisancePdf = 1)

[#0] WARNING:Minization -- RooMinimizerFcn: Minimized function has error status.
Returning maximum FCN so far (1061.96) to force MIGRAD to back out of this region. Error log follows
Parameter values: JER_ele=3.65687, JER_muon=3.36859, JES_ele=6.16631, JES_muon=5.20945, QCD_stat_ele=0.531133, QCD_stat_muon=4.80655, VBS_stat_ele=6.09718, VBS_stat_muon=3.77861, ele_efficiency=0.300378, ele_trigger=4.96023, fakephoton_ele=6.87234, fakephoton_muon=1.64535, interference=2.48448, lumi=5.2508, mu_efficiency=2.05861, mu_trigger=3.3106, non_prompt_stat_ele=4.8906, non_prompt_stat_muon=2.02306, others_stat_ele=6.03262, others_stat_muon=5.02061, others_xs=4.42935, param=0.263413, pdf_ele=6.76526, pdf_muon=6.56917, photon_id=6.29157, pileup=-0.603934, scale_ele=-0.582672, scale_muon=4.03235
RooProdPdf::model_s[ modelObs_s * nuisancePdf ]
     getLogVal() top-level p.d.f evaluates to zero @ !pdfs=(modelObs_s = 0/1,nuisancePdf = 1)

[#0] WARNING:Minization -- RooMinimizerFcn: Minimized function has error status.
Returning maximum FCN so far (1061.96) to force MIGRAD to back out of this region. Error log follows
Parameter values: JER_ele=2.44428, JER_muon=3.40485, JES_ele=4.92426, JES_muon=5.23907, QCD_stat_ele=6.40395, QCD_stat_muon=4.50067, VBS_stat_ele=4.89149, VBS_stat_muon=3.81622, ele_efficiency=-0.0056257, ele_trigger=3.69899, fakephoton_ele=2.43033, fakephoton_muon=1.62907, interference=2.31866, lumi=4.72349, mu_efficiency=2.00685, mu_trigger=3.4028, non_prompt_stat_ele=-4.81664, non_prompt_stat_muon=2.05654, others_stat_ele=5.00712, others_stat_muon=5.00522, others_xs=3.95892, param=0.333082, pdf_ele=5.49328, pdf_muon=6.58723, photon_id=6.93312, pileup=-0.598795, scale_ele=5.16225, scale_muon=3.95005
RooProdPdf::model_s[ modelObs_s * nuisancePdf ]
     getLogVal() top-level p.d.f evaluates to zero @ !pdfs=(modelObs_s = 0/1,nuisancePdf = 1)

[#0] WARNING:Minization -- RooMinimizerFcn: Minimized function has error status.
Returning maximum FCN so far (1061.96) to force MIGRAD to back out of this region. Error log follows
Parameter values: JER_ele=3.40736, JER_muon=3.58402, JES_ele=6.18025, JES_muon=5.43006, QCD_stat_ele=0.833316, QCD_stat_muon=4.14247, VBS_stat_ele=6.15504, VBS_stat_muon=4.13666, ele_efficiency=-0.249293, ele_trigger=4.86707, fakephoton_ele=6.04137, fakephoton_muon=2.08766, interference=2.40556, lumi=5.65275, mu_efficiency=2.57577, mu_trigger=3.12505, non_prompt_stat_ele=1.71955, non_prompt_stat_muon=2.32281, others_stat_ele=6.04057, others_stat_muon=5.26693, others_xs=4.23615, param=0.34975, pdf_ele=6.64152, pdf_muon=6.80177, photon_id=6.26026, pileup=-1.14259, scale_ele=-0.372213, scale_muon=2.83224
RooProdPdf::model_s[ modelObs_s * nuisancePdf ]
     getLogVal() top-level p.d.f evaluates to zero @ !pdfs=(modelObs_s = 0/1,nuisancePdf = 1)

[#0] WARNING:Minization -- RooMinimizerFcn: Minimized function has error status.
Returning maximum FCN so far (1061.96) to force MIGRAD to back out of this region. Error log follows
Parameter values: JER_ele=2.03522, JER_muon=2.85053, JES_ele=4.45581, JES_muon=4.42006, QCD_stat_ele=6.88722, QCD_stat_muon=6.36359, VBS_stat_ele=4.499, VBS_stat_muon=3.16422, ele_efficiency=-0.292015, ele_trigger=3.23599, fakephoton_ele=4.94888, fakephoton_muon=1.47888, interference=1.76896, lumi=4.33447, mu_efficiency=1.93934, mu_trigger=2.51654, non_prompt_stat_ele=-1.26617, non_prompt_stat_muon=1.49813, others_stat_ele=4.46201, others_stat_muon=4.3117, others_xs=3.16536, param=0.220053, pdf_ele=4.84181, pdf_muon=5.97559, photon_id=6.9109, pileup=-0.830335, scale_ele=6.29952, scale_muon=6.07167
RooProdPdf::model_s[ modelObs_s * nuisancePdf ]
     getLogVal() top-level p.d.f evaluates to zero @ !pdfs=(modelObs_s = 0/1,nuisancePdf = 1)

[#0] WARNING:Minization -- RooMinimizerFcn: Minimized function has error status.
Returning maximum FCN so far (1061.96) to force MIGRAD to back out of this region. Error log follows
Parameter values: JER_ele=2.45165, JER_muon=2.84221, JES_ele=4.96572, JES_muon=4.40446, QCD_stat_ele=5.97778, QCD_stat_muon=6.43114, VBS_stat_ele=4.99748, VBS_stat_muon=3.17704, ele_efficiency=-0.230744, ele_trigger=3.69306, fakephoton_ele=6.72754, fakephoton_muon=1.50386, interference=1.81436, lumi=4.55148, mu_efficiency=1.98772, mu_trigger=2.45092, non_prompt_stat_ele=3.69689, non_prompt_stat_muon=1.4869, others_stat_ele=4.85374, others_stat_muon=4.32967, others_xs=3.30252, param=0.274643, pdf_ele=5.46483, pdf_muon=5.975, photon_id=6.98743, pileup=-0.871583, scale_ele=5.11901, scale_muon=6.08741
RooProdPdf::model_s[ modelObs_s * nuisancePdf ]
     getLogVal() top-level p.d.f evaluates to zero @ !pdfs=(modelObs_s = 0/1,nuisancePdf = 1)

[#0] WARNING:Minization -- RooMinimizerFcn: Minimized function has error status.
Returning maximum FCN so far (1061.96) to force MIGRAD to back out of this region. Error log follows
Parameter values: JER_ele=1.52756, JER_muon=2.38985, JES_ele=3.77609, JES_muon=3.67954, QCD_stat_ele=6.89962, QCD_stat_muon=6.97582, VBS_stat_ele=3.89462, VBS_stat_muon=2.59706, ele_efficiency=-0.520699, ele_trigger=2.62578, fakephoton_ele=6.4628, fakephoton_muon=1.31006, interference=1.30984, lumi=3.8626, mu_efficiency=1.83088, mu_trigger=1.82161, non_prompt_stat_ele=2.30105, non_prompt_stat_muon=1.02317, others_stat_ele=3.7451, others_stat_muon=3.7131, others_xs=2.43785, param=0.288127, pdf_ele=3.91417, pdf_muon=5.28085, photon_id=6.30953, pileup=-0.964757, scale_ele=6.98027, scale_muon=6.91878
RooProdPdf::model_s[ modelObs_s * nuisancePdf ]
     getLogVal() top-level p.d.f evaluates to zero @ !pdfs=(modelObs_s = 0/1,nuisancePdf = 1)

[#0] WARNING:Minization -- RooMinimizerFcn: Minimized function has error status.
Returning maximum FCN so far (1061.96) to force MIGRAD to back out of this region. Error log follows
Parameter values: JER_ele=2.47644, JER_muon=2.99144, JES_ele=5.03313, JES_muon=4.63518, QCD_stat_ele=6.03938, QCD_stat_muon=6.02864, VBS_stat_ele=5.01556, VBS_stat_muon=3.3312, ele_efficiency=-0.171458, ele_trigger=3.76036, fakephoton_ele=4.54582, fakephoton_muon=1.55421, interference=1.94469, lumi=4.64918, mu_efficiency=2.01137, mu_trigger=2.68823, non_prompt_stat_ele=-1.84139, non_prompt_stat_muon=1.64429, others_stat_ele=5.01743, others_stat_muon=4.50871, others_xs=3.52709, param=0.282209, pdf_ele=5.54376, pdf_muon=6.16558, photon_id=6.99972, pileup=-0.817679, scale_ele=4.89519, scale_muon=5.61953
RooProdPdf::model_s[ modelObs_s * nuisancePdf ]
     getLogVal() top-level p.d.f evaluates to zero @ !pdfs=(modelObs_s = 0/1,nuisancePdf = 1)

[#0] WARNING:Minization -- RooMinimizerFcn: Minimized function has error status.
Returning maximum FCN so far (1061.96) to force MIGRAD to back out of this region. Error log follows
Parameter values: JER_ele=2.45266, JER_muon=3.30377, JES_ele=5.0005, JES_muon=5.08999, QCD_stat_ele=6.12906, QCD_stat_muon=5.03669, VBS_stat_ele=5.00066, VBS_stat_muon=3.71992, ele_efficiency=-0.181903, ele_trigger=3.72844, fakephoton_ele=5.25849, fakephoton_muon=1.69881, interference=2.17483, lumi=4.80357, mu_efficiency=2.12439, mu_trigger=3.11165, non_prompt_stat_ele=-0.478231, non_prompt_stat_muon=1.98067, others_stat_ele=4.98459, others_stat_muon=4.9094, others_xs=3.75072, param=0.375624, pdf_ele=5.49948, pdf_muon=6.51822, photon_id=6.9656, pileup=-0.796898, scale_ele=5.00729, scale_muon=4.35662
RooProdPdf::model_s[ modelObs_s * nuisancePdf ]
     getLogVal() top-level p.d.f evaluates to zero @ !pdfs=(modelObs_s = 0/1,nuisancePdf = 1)

[#0] WARNING:Minization -- RooMinimizerFcn: Minimized function has error status.
Returning maximum FCN so far (1061.96) to force MIGRAD to back out of this region. Error log follows
Parameter values: JER_ele=2.16301, JER_muon=2.62674, JES_ele=4.62679, JES_muon=4.07745, QCD_stat_ele=6.69252, QCD_stat_muon=6.76903, VBS_stat_ele=4.64754, VBS_stat_muon=2.8804, ele_efficiency=-0.281649, ele_trigger=3.38363, fakephoton_ele=5.58264, fakephoton_muon=1.39693, interference=1.61722, lumi=4.29292, mu_efficiency=1.88559, mu_trigger=2.18963, non_prompt_stat_ele=0.13688, non_prompt_stat_muon=1.27269, others_stat_ele=4.5932, others_stat_muon=4.03622, others_xs=3.04186, param=0.153523, pdf_ele=5.04649, pdf_muon=5.66016, photon_id=6.86561, pileup=-0.868968, scale_ele=5.97281, scale_muon=6.58532
RooProdPdf::model_s[ modelObs_s * nuisancePdf ]
     getLogVal() top-level p.d.f evaluates to zero @ !pdfs=(modelObs_s = 0/1,nuisancePdf = 1)

[#0] WARNING:Minization -- RooMinimizerFcn: Minimized function has error status.
Returning maximum FCN so far (1061.96) to force MIGRAD to back out of this region. Error log follows
Parameter values: JER_ele=1.94745, JER_muon=2.49353, JES_ele=4.35836, JES_muon=3.86169, QCD_stat_ele=6.90998, QCD_stat_muon=6.9123, VBS_stat_ele=4.40631, VBS_stat_muon=2.70851, ele_efficiency=-0.402359, ele_trigger=3.13054, fakephoton_ele=6.3216, fakephoton_muon=1.36782, interference=1.45461, lumi=4.14183, mu_efficiency=1.88183, mu_trigger=1.96031, non_prompt_stat_ele=2.02333, non_prompt_stat_muon=1.13954, others_stat_ele=4.29283, others_stat_muon=3.86136, others_xs=2.75866, param=0.0706779, pdf_ele=4.67862, pdf_muon=5.46385, photon_id=6.68788, pileup=-0.945866, scale_ele=6.47234, scale_muon=6.7937
RooProdPdf::model_s[ modelObs_s * nuisancePdf ]
     getLogVal() top-level p.d.f evaluates to zero @ !pdfs=(modelObs_s = 0/1,nuisancePdf = 1)

[#0] WARNING:Minization -- RooMinimizerFcn: Minimized function has error status.
Returning maximum FCN so far (1061.96) to force MIGRAD to back out of this region. Error log follows
Parameter values: JER_ele=1.80842, JER_muon=2.39498, JES_ele=4.12942, JES_muon=3.70601, QCD_stat_ele=6.99168, QCD_stat_muon=6.97236, VBS_stat_ele=4.20568, VBS_stat_muon=2.58619, ele_efficiency=-0.415985, ele_trigger=2.93948, fakephoton_ele=6.6604, fakephoton_muon=1.30101, interference=1.37096, lumi=3.96863, mu_efficiency=1.81491, mu_trigger=1.86214, non_prompt_stat_ele=3.18677, non_prompt_stat_muon=1.03398, others_stat_ele=4.05078, others_stat_muon=3.72027, others_xs=2.5936, param=0.291871, pdf_ele=4.41234, pdf_muon=5.29319, photon_id=6.52255, pileup=-0.922924, scale_ele=6.75195, scale_muon=6.90684
RooProdPdf::model_s[ modelObs_s * nuisancePdf ]
     getLogVal() top-level p.d.f evaluates to zero @ !pdfs=(modelObs_s = 0/1,nuisancePdf = 1)

[#0] WARNING:Minization -- RooMinimizerFcn: Minimized function has error status.
Returning maximum FCN so far (1061.96) to force MIGRAD to back out of this region. Error log follows
Parameter values: JER_ele=1.65487, JER_muon=2.27949, JES_ele=3.89745, JES_muon=3.51759, QCD_stat_ele=6.98564, QCD_stat_muon=6.99993, VBS_stat_ele=4.00395, VBS_stat_muon=2.4446, ele_efficiency=-0.460596, ele_trigger=2.74091, fakephoton_ele=6.88934, fakephoton_muon=1.24615, interference=1.26127, lumi=3.80669, mu_efficiency=1.76773, mu_trigger=1.71225, non_prompt_stat_ele=4.25968, non_prompt_stat_muon=0.916047, others_stat_ele=3.8031, others_stat_muon=3.55948, others_xs=2.39439, param=0.344742, pdf_ele=4.11752, pdf_muon=5.09435, photon_id=6.29907, pileup=-0.932757, scale_ele=6.92869, scale_muon=6.98186
RooProdPdf::model_s[ modelObs_s * nuisancePdf ]
     getLogVal() top-level p.d.f evaluates to zero @ !pdfs=(modelObs_s = 0/1,nuisancePdf = 1)

[#0] WARNING:Minization -- RooMinimizerFcn: Minimized function has error status.
Returning maximum FCN so far (1061.96) to force MIGRAD to back out of this region. Error log follows
Parameter values: JER_ele=1.51272, JER_muon=2.16636, JES_ele=3.68168, JES_muon=3.33059, QCD_stat_ele=6.903, QCD_stat_muon=6.97893, VBS_stat_ele=3.81581, VBS_stat_muon=2.3048, ele_efficiency=-0.505166, ele_trigger=2.55757, fakephoton_ele=6.98902, fakephoton_muon=1.19533, interference=1.15389, lumi=3.65574, mu_efficiency=1.7255, mu_trigger=1.56132, non_prompt_stat_ele=5.10979, non_prompt_stat_muon=0.801522, others_stat_ele=3.57228, others_stat_muon=3.40154, others_xs=2.2032, param=0.341193, pdf_ele=3.83718, pdf_muon=4.89319, photon_id=6.05183, pileup=-0.94636, scale_ele=6.99684, scale_muon=6.99904
RooProdPdf::model_s[ modelObs_s * nuisancePdf ]
     getLogVal() top-level p.d.f evaluates to zero @ !pdfs=(modelObs_s = 0/1,nuisancePdf = 1)

[#0] WARNING:Minization -- RooMinimizerFcn: Minimized function has error status.
Returning maximum FCN so far (1061.96) to force MIGRAD to back out of this region. Error log follows
Parameter values: JER_ele=1.37513, JER_muon=2.05127, JES_ele=3.47194, JES_muon=3.13814, QCD_stat_ele=6.7566, QCD_stat_muon=6.90954, VBS_stat_ele=3.63255, VBS_stat_muon=2.1617, ele_efficiency=-0.550942, ele_trigger=2.38044, fakephoton_ele=6.98732, fakephoton_muon=1.14598, interference=1.04489, lumi=3.50841, mu_efficiency=1.68568, mu_trigger=1.40465, non_prompt_stat_ele=5.79094, non_prompt_stat_muon=0.685963, others_stat_ele=3.34753, others_stat_muon=3.24032, others_xs=2.01209, param=0.337499, pdf_ele=3.55958, pdf_muon=4.68237, photon_id=5.77528, pileup=-0.963179, scale_ele=6.97902, scale_muon=6.96085
RooProdPdf::model_s[ modelObs_s * nuisancePdf ]
     getLogVal() top-level p.d.f evaluates to zero @ !pdfs=(modelObs_s = 0/1,nuisancePdf = 1)

[#0] WARNING:Minization -- RooMinimizerFcn: Minimized function has error status.
Returning maximum FCN so far (1061.96) to force MIGRAD to back out of this region. Error log follows
Parameter values: JER_ele=1.24274, JER_muon=1.93556, JES_ele=3.26718, JES_muon=2.94262, QCD_stat_ele=6.55588, QCD_stat_muon=6.79212, VBS_stat_ele=3.45377, VBS_stat_muon=2.01755, ele_efficiency=-0.595063, ele_trigger=2.20916, fakephoton_ele=6.89748, fakephoton_muon=1.0967, interference=0.936658, lumi=3.36278, mu_efficiency=1.64604, mu_trigger=1.24692, non_prompt_stat_ele=6.31105, non_prompt_stat_muon=0.570159, others_stat_ele=3.12801, others_stat_muon=3.077, others_xs=1.82348, param=0.333901, pdf_ele=3.28631, pdf_muon=4.46359, photon_id=5.47431, pileup=-0.979938, scale_ele=6.88645, scale_muon=6.86722
RooProdPdf::model_s[ modelObs_s * nuisancePdf ]
     getLogVal() top-level p.d.f evaluates to zero @ !pdfs=(modelObs_s = 0/1,nuisancePdf = 1)

[#0] WARNING:Minization -- RooMinimizerFcn: Minimized function has error status.
Returning maximum FCN so far (1061.96) to force MIGRAD to back out of this region. Error log follows
Parameter values: JER_ele=1.11497, JER_muon=1.82006, JES_ele=3.06683, JES_muon=2.74563, QCD_stat_ele=6.30865, QCD_stat_muon=6.62873, VBS_stat_ele=3.27898, VBS_stat_muon=1.87345, ele_efficiency=-0.637498, ele_trigger=2.04304, fakephoton_ele=6.73093, fakephoton_muon=1.04771, interference=0.829764, lumi=3.21882, mu_efficiency=1.60665, mu_trigger=1.08959, non_prompt_stat_ele=6.67883, non_prompt_stat_muon=0.454969, others_stat_ele=2.91316, others_stat_muon=2.91276, others_xs=1.63783, param=0.330375, pdf_ele=3.01729, pdf_muon=4.23876, photon_id=5.15269, pileup=-0.996329, scale_ele=6.72867, scale_muon=6.72008
RooProdPdf::model_s[ modelObs_s * nuisancePdf ]
     getLogVal() top-level p.d.f evaluates to zero @ !pdfs=(modelObs_s = 0/1,nuisancePdf = 1)

[#0] WARNING:Minization -- RooMinimizerFcn: Minimized function has error status.
Returning maximum FCN so far (1061.96) to force MIGRAD to back out of this region. Error log follows
Parameter values: JER_ele=0.991291, JER_muon=1.70533, JES_ele=2.87045, JES_muon=2.54832, QCD_stat_ele=6.02154, QCD_stat_muon=6.42245, VBS_stat_ele=3.10775, VBS_stat_muon=1.73016, ele_efficiency=-0.678431, ele_trigger=1.8815, fakephoton_ele=6.49761, fakephoton_muon=0.999205, interference=0.724496, lumi=3.07663, mu_efficiency=1.56764, mu_trigger=0.933497, non_prompt_stat_ele=6.9039, non_prompt_stat_muon=0.340953, others_stat_ele=2.70256, others_stat_muon=2.74847, others_xs=1.45532, param=0.326918, pdf_ele=2.75234, pdf_muon=4.00947, photon_id=4.81378, pileup=-1.01233, scale_ele=6.51389, scale_muon=6.52269
RooProdPdf::model_s[ modelObs_s * nuisancePdf ]
     getLogVal() top-level p.d.f evaluates to zero @ !pdfs=(modelObs_s = 0/1,nuisancePdf = 1)

[#0] WARNING:Minization -- RooMinimizerFcn: Minimized function has error status.
Returning maximum FCN so far (1061.96) to force MIGRAD to back out of this region. Error log follows
Parameter values: JER_ele=0.871232, JER_muon=1.59176, JES_ele=2.67768, JES_muon=2.35149, QCD_stat_ele=5.70021, QCD_stat_muon=6.17688, VBS_stat_ele=2.93971, VBS_stat_muon=1.58814, ele_efficiency=-0.718039, ele_trigger=1.72404, fakephoton_ele=6.20619, fakephoton_muon=0.95134, interference=0.621, lumi=2.93625, mu_efficiency=1.52914, mu_trigger=0.779164, non_prompt_stat_ele=6.99638, non_prompt_stat_muon=0.228461, others_stat_ele=2.49583, others_stat_muon=2.58477, others_xs=1.27601, param=0.323523, pdf_ele=2.49127, pdf_muon=3.77697, photon_id=4.46058, pileup=-1.02795, scale_ele=6.2493, scale_muon=6.27905
RooProdPdf::model_s[ modelObs_s * nuisancePdf ]
     getLogVal() top-level p.d.f evaluates to zero @ !pdfs=(modelObs_s = 0/1,nuisancePdf = 1)

[#0] WARNING:Minization -- RooMinimizerFcn: Minimized function has error status.
Returning maximum FCN so far (1061.96) to force MIGRAD to back out of this region. Error log follows
Parameter values: JER_ele=0.754386, JER_muon=1.47954, JES_ele=2.48814, JES_muon=2.1557, QCD_stat_ele=5.34953, QCD_stat_muon=5.89583, VBS_stat_ele=2.77453, VBS_stat_muon=1.4477, ele_efficiency=-0.756477, ele_trigger=1.57023, fakephoton_ele=5.86431, fakephoton_muon=0.904179, interference=0.519322, lumi=2.79765, mu_efficiency=1.49119, mu_trigger=0.626899, non_prompt_stat_ele=6.96663, non_prompt_stat_muon=0.11768, others_stat_ele=2.29262, others_stat_muon=2.42205, others_xs=1.09986, param=0.320188, pdf_ele=2.23386, pdf_muon=3.54225, photon_id=4.09568, pileup=-1.04321, scale_ele=5.94117, scale_muon=5.99347
RooProdPdf::model_s[ modelObs_s * nuisancePdf ]
     getLogVal() top-level p.d.f evaluates to zero @ !pdfs=(modelObs_s = 0/1,nuisancePdf = 1)

[#0] WARNING:Minization -- RooMinimizerFcn: Minimized function has error status.
Returning maximum FCN so far (1061.96) to force MIGRAD to back out of this region. Error log follows
Parameter values: JER_ele=0.640388, JER_muon=1.36877, JES_ele=2.30152, JES_muon=1.96129, QCD_stat_ele=4.97366, QCD_stat_muon=5.58301, VBS_stat_ele=2.61187, VBS_stat_muon=1.30898, ele_efficiency=-0.793883, ele_trigger=1.41967, fakephoton_ele=5.47871, fakephoton_muon=0.857742, interference=0.419436, lumi=2.66075, mu_efficiency=1.45382, mu_trigger=0.476845, non_prompt_stat_ele=6.82498, non_prompt_stat_muon=0.00867989, others_stat_ele=2.0926, others_stat_muon=2.26055, others_xs=0.926744, param=0.316907, pdf_ele=1.9799, pdf_muon=3.30602, photon_id=3.72131, pileup=-1.05813, scale_ele=5.59499, scale_muon=5.67027
RooProdPdf::model_s[ modelObs_s * nuisancePdf ]
     getLogVal() top-level p.d.f evaluates to zero @ !pdfs=(modelObs_s = 0/1,nuisancePdf = 1)

[#0] WARNING:Minization -- RooMinimizerFcn: Minimized function has error status.
Returning maximum FCN so far (1061.96) to force MIGRAD to back out of this region. Error log follows
Parameter values: JER_ele=0.528895, JER_muon=1.25944, JES_ele=2.11747, JES_muon=1.7684, QCD_stat_ele=4.57618, QCD_stat_muon=5.24192, VBS_stat_ele=2.45143, VBS_stat_muon=1.17199, ele_efficiency=-0.830381, ele_trigger=1.27196, fakephoton_ele=5.05529, fakephoton_muon=0.812012, interference=0.321254, lumi=2.52541, mu_efficiency=1.41699, mu_trigger=0.329015, non_prompt_stat_ele=6.58159, non_prompt_stat_muon=-0.0985627, others_stat_ele=1.89541, others_stat_muon=2.10033, others_xs=0.756491, param=0.313677, pdf_ele=1.72911, pdf_muon=3.06877, photon_id=3.33933, pileup=-1.07274, scale_ele=5.21559, scale_muon=5.31356
RooProdPdf::model_s[ modelObs_s * nuisancePdf ]
     getLogVal() top-level p.d.f evaluates to zero @ !pdfs=(modelObs_s = 0/1,nuisancePdf = 1)

[#0] WARNING:Minization -- RooMinimizerFcn: Minimized function has error status.
Returning maximum FCN so far (1061.96) to force MIGRAD to back out of this region. Error log follows
Parameter values: JER_ele=0.41958, JER_muon=1.15148, JES_ele=1.93564, JES_muon=1.57705, QCD_stat_ele=4.16012, QCD_stat_muon=4.87571, VBS_stat_ele=2.29288, VBS_stat_muon=1.03666, ele_efficiency=-0.866089, ele_trigger=1.12673, fakephoton_ele=4.59924, fakephoton_muon=0.766938, interference=0.224642, lumi=2.39144, mu_efficiency=1.38068, mu_trigger=0.183317, non_prompt_stat_ele=6.24622, non_prompt_stat_muon=-0.204146, others_stat_ele=1.70069, others_stat_muon=1.94138, others_xs=0.588853, param=0.310494, pdf_ele=1.4812, pdf_muon=2.8308, photon_id=2.95122, pileup=-1.08707, scale_ele=4.8071, scale_muon=4.92712
RooProdPdf::model_s[ modelObs_s * nuisancePdf ]
     getLogVal() top-level p.d.f evaluates to zero @ !pdfs=(modelObs_s = 0/1,nuisancePdf = 1)

[#0] WARNING:Minization -- RooMinimizerFcn: Minimized function has error status.
Returning maximum FCN so far (1061.96) to force MIGRAD to back out of this region. Error log follows
Parameter values: JER_ele=0.312112, JER_muon=1.04473, JES_ele=1.75563, JES_muon=1.38711, QCD_stat_ele=3.72797, QCD_stat_muon=4.48712, VBS_stat_ele=2.13585, VBS_stat_muon=0.902824, ele_efficiency=-0.901121, ele_trigger=0.983587, fakephoton_ele=4.11502, fakephoton_muon=0.72244, interference=0.129418, lumi=2.2586, mu_efficiency=1.34482, mu_trigger=0.0395688, non_prompt_stat_ele=5.82813, non_prompt_stat_muon=-0.308234, others_stat_ele=1.50804, others_stat_muon=1.78355, others_xs=0.423527, param=0.307353, pdf_ele=1.23579, pdf_muon=2.59221, photon_id=2.55811, pileup=-1.10115, scale_ele=4.37308, scale_muon=4.51429
RooProdPdf::model_s[ modelObs_s * nuisancePdf ]
     getLogVal() top-level p.d.f evaluates to zero @ !pdfs=(modelObs_s = 0/1,nuisancePdf = 1)

[#0] WARNING:Minization -- RooMinimizerFcn: Minimized function has error status.
Returning maximum FCN so far (1061.96) to force MIGRAD to back out of this region. Error log follows
Parameter values: JER_ele=0.206143, JER_muon=0.938969, JES_ele=1.57701, JES_muon=1.19833, QCD_stat_ele=3.28169, QCD_stat_muon=4.07841, VBS_stat_ele=1.97995, VBS_stat_muon=0.770236, ele_efficiency=-0.935594, ele_trigger=0.842115, fakephoton_ele=3.60638, fakephoton_muon=0.678411, interference=0.0353555, lumi=2.12658, mu_efficiency=1.30931, mu_trigger=-0.1025, non_prompt_stat_ele=5.3359, non_prompt_stat_muon=-0.411053, others_stat_ele=1.31699, others_stat_muon=1.62658, others_xs=0.260134, param=0.304249, pdf_ele=0.99241, pdf_muon=2.35289, photon_id=2.16078, pileup=-1.11501, scale_ele=3.91644, scale_muon=4.07787
RooProdPdf::model_s[ modelObs_s * nuisancePdf ]
     getLogVal() top-level p.d.f evaluates to zero @ !pdfs=(modelObs_s = 0/1,nuisancePdf = 1)


 -- Hybrid New -- 
CLs = 0.0178571 +/- 0.00628634
Done in 6.46 min (cpu), 6.46 min (real)
