ggZZ_4tau
/data/pubfs/tyyang99/jupyter_files/pkutree/mc_ssww_parquet/ggZZ_4tau/0/0.parquet 	1/11
3
2
4
/data/pubfs/tyyang99/jupyter_files/pkutree/mc_ssww_parquet/ggZZ_4tau/1/1.parquet 	2/11
0
0
1
/data/pubfs/tyyang99/jupyter_files/pkutree/mc_ssww_parquet/ggZZ_4tau/2/2.parquet 	3/11
54
33
55
/data/pubfs/tyyang99/jupyter_files/pkutree/mc_ssww_parquet/ggZZ_4tau_ext/0/0.parquet 	4/11
5
5
2
/data/pubfs/tyyang99/jupyter_files/pkutree/mc_ssww_parquet/ggZZ_4tau_ext/1/1.parquet 	5/11
0
0
1
/data/pubfs/tyyang99/jupyter_files/pkutree/mc_ssww_parquet/ggZZ_4tau_ext/2/2.parquet 	6/11
3
2
6
/data/pubfs/tyyang99/jupyter_files/pkutree/mc_ssww_parquet/ggZZ_4tau_ext/3/3.parquet 	7/11
3
2
1
/data/pubfs/tyyang99/jupyter_files/pkutree/mc_ssww_parquet/ggZZ_4tau_ext/4/4.parquet 	8/11
8
6
5
/data/pubfs/tyyang99/jupyter_files/pkutree/mc_ssww_parquet/ggZZ_4tau_ext/5/5.parquet 	9/11
6
6
2
/data/pubfs/tyyang99/jupyter_files/pkutree/mc_ssww_parquet/ggZZ_4tau_ext/6/6.parquet 	10/11
0
0
4
/data/pubfs/tyyang99/jupyter_files/pkutree/mc_ssww_parquet/ggZZ_4tau_ext/7/7.parquet 	11/11
8
6
11
job done!
