 <<< Combine >>> 
>>> including systematics
>>> using the Profile Likelihood test statistics modified for upper limits (Q_LHC)
>>> method used is HybridNew
>>> Used OpenSSL to get a really random seed 1484909876
Computing results starting from observation (a-posteriori)
[#0] WARNING:Minization -- RooMinimizerFcn: Minimized function has error status.
Returning maximum FCN so far (725.457) to force MIGRAD to back out of this region. Error log follows
Parameter values: JER_ele=2.04827, JER_muon=4.23423, JES_ele=2.72795, JES_muon=6.99285, QCD_stat_ele=3.85654, QCD_stat_muon=-0.484685, VBS_stat_ele=2.79057, VBS_stat_muon=3.71773, ele_efficiency=-2.06663, ele_trigger=1.63822, fakephoton_ele=4.15419, fakephoton_muon=3.70112, interference=4.06241, lumi=3.20441, mu_efficiency=3.13678, mu_trigger=6.30133, non_prompt_stat_ele=6.43579, non_prompt_stat_muon=3.29671, others_stat_ele=1.91173, others_stat_muon=6.5395, others_xs=5.76128, param=0.259793, pdf_ele=3.70461, pdf_muon=6.84729, photon_id=4.60803, pileup=2.02463, scale_ele=6.46168, scale_muon=0.469527
RooProdPdf::model_s[ modelObs_s * nuisancePdf ]
     getLogVal() top-level p.d.f evaluates to zero @ !pdfs=(modelObs_s = 0/1,nuisancePdf = 1)

[#0] WARNING:Minization -- RooMinimizerFcn: Minimized function has error status.
Returning maximum FCN so far (1036.64) to force MIGRAD to back out of this region. Error log follows
Parameter values: JER_ele=3.41466, JER_muon=5.20916, JES_ele=5.06853, JES_muon=6.99993, QCD_stat_ele=4.00093, QCD_stat_muon=-3.56688, VBS_stat_ele=3.39554, VBS_stat_muon=6.18326, ele_efficiency=-0.606241, ele_trigger=3.78067, fakephoton_ele=6.22456, fakephoton_muon=2.0549, interference=4.85238, lumi=4.88559, mu_efficiency=2.7929, mu_trigger=6.82274, non_prompt_stat_ele=4.18034, non_prompt_stat_muon=3.20622, others_stat_ele=4.53807, others_stat_muon=6.78754, others_xs=6.41792, param=0.261445, pdf_ele=6.56465, pdf_muon=6.19146, photon_id=4.26465, pileup=1.51479, scale_ele=4.75644, scale_muon=-6.63435
RooProdPdf::model_s[ modelObs_s * nuisancePdf ]
     getLogVal() top-level p.d.f evaluates to zero @ !pdfs=(modelObs_s = 0/1,nuisancePdf = 1)

[#0] WARNING:Minization -- RooMinimizerFcn: Minimized function has error status.
Returning maximum FCN so far (1036.64) to force MIGRAD to back out of this region. Error log follows
Parameter values: JER_ele=2.60172, JER_muon=4.11008, JES_ele=3.9797, JES_muon=6.40487, QCD_stat_ele=6.65409, QCD_stat_muon=2.93091, VBS_stat_ele=2.13455, VBS_stat_muon=5.08882, ele_efficiency=-0.767963, ele_trigger=2.79238, fakephoton_ele=6.99283, fakephoton_muon=1.30822, interference=3.85437, lumi=3.66649, mu_efficiency=2.24402, mu_trigger=6.13061, non_prompt_stat_ele=6.78342, non_prompt_stat_muon=1.70927, others_stat_ele=3.36098, others_stat_muon=5.77782, others_xs=5.36607, param=0.261355, pdf_ele=5.66206, pdf_muon=6.99213, photon_id=6.89593, pileup=1.30051, scale_ele=6.86986, scale_muon=-1.14156
RooProdPdf::model_s[ modelObs_s * nuisancePdf ]
     getLogVal() top-level p.d.f evaluates to zero @ !pdfs=(modelObs_s = 0/1,nuisancePdf = 1)

[#0] WARNING:Minization -- RooMinimizerFcn: Minimized function has error status.
Returning maximum FCN so far (1036.64) to force MIGRAD to back out of this region. Error log follows
Parameter values: JER_ele=1.98722, JER_muon=3.16188, JES_ele=3.04968, JES_muon=5.28893, QCD_stat_ele=6.89226, QCD_stat_muon=6.37714, VBS_stat_ele=1.26224, VBS_stat_muon=3.9717, ele_efficiency=-0.954555, ele_trigger=2.00259, fakephoton_ele=6.32586, fakephoton_muon=0.905816, interference=3.02866, lumi=2.62809, mu_efficiency=1.8641, mu_trigger=5.3036, non_prompt_stat_ele=6.7824, non_prompt_stat_muon=0.802464, others_stat_ele=2.36435, others_stat_muon=4.60851, others_xs=4.33868, param=0.261291, pdf_ele=4.68671, pdf_muon=6.34128, photon_id=6.61287, pileup=1.17584, scale_ele=6.72864, scale_muon=4.30436
RooProdPdf::model_s[ modelObs_s * nuisancePdf ]
     getLogVal() top-level p.d.f evaluates to zero @ !pdfs=(modelObs_s = 0/1,nuisancePdf = 1)

[#0] WARNING:Minization -- RooMinimizerFcn: Minimized function has error status.
Returning maximum FCN so far (1036.64) to force MIGRAD to back out of this region. Error log follows
Parameter values: JER_ele=1.52156, JER_muon=2.40736, JES_ele=2.30998, JES_muon=4.16321, QCD_stat_ele=5.99859, QCD_stat_muon=6.96362, VBS_stat_ele=0.614957, VBS_stat_muon=3.02355, ele_efficiency=-1.10138, ele_trigger=1.39591, fakephoton_ele=5.1767, fakephoton_muon=0.629996, interference=2.38124, lumi=1.80937, mu_efficiency=1.58376, mu_trigger=4.54309, non_prompt_stat_ele=5.69765, non_prompt_stat_muon=0.171987, others_stat_ele=1.58211, others_stat_muon=3.55971, others_xs=3.46492, param=0.261243, pdf_ele=3.82483, pdf_muon=5.23992, photon_id=5.33689, pileup=1.08736, scale_ele=5.65371, scale_muon=6.69744
RooProdPdf::model_s[ modelObs_s * nuisancePdf ]
     getLogVal() top-level p.d.f evaluates to zero @ !pdfs=(modelObs_s = 0/1,nuisancePdf = 1)

[#0] WARNING:Minization -- RooMinimizerFcn: Minimized function has error status.
Returning maximum FCN so far (1036.64) to force MIGRAD to back out of this region. Error log follows
Parameter values: JER_ele=1.17154, JER_muon=1.82766, JES_ele=1.741, JES_muon=3.20029, QCD_stat_ele=4.81142, QCD_stat_muon=6.1716, VBS_stat_ele=0.132732, VBS_stat_muon=2.27317, ele_efficiency=-1.21112, ele_trigger=0.938254, fakephoton_ele=4.02563, fakephoton_muon=0.42912, interference=1.88673, lumi=1.18492, mu_efficiency=1.37531, mu_trigger=3.91118, non_prompt_stat_ele=4.38317, non_prompt_stat_muon=-0.286085, others_stat_ele=0.986916, others_stat_muon=2.70536, others_xs=2.76759, param=0.261208, pdf_ele=3.12411, pdf_muon=4.14312, photon_id=3.91874, pileup=1.02224, scale_ele=4.39923, scale_muon=6.91207
RooProdPdf::model_s[ modelObs_s * nuisancePdf ]
     getLogVal() top-level p.d.f evaluates to zero @ !pdfs=(modelObs_s = 0/1,nuisancePdf = 1)


 -- Hybrid New -- 
CLs = 0.495536 +/- 0.0290347
Done in 19.87 min (cpu), 20.14 min (real)
