 <<< Combine >>> 
>>> including systematics
>>> using the Profile Likelihood test statistics modified for upper limits (Q_LHC)
>>> method used is HybridNew
>>> Used OpenSSL to get a really random seed 286578812
Computing results starting from observation (a-posteriori)
[#0] WARNING:Minization -- RooMinimizerFcn: Minimized function has error status.
Returning maximum FCN so far (697.212) to force MIGRAD to back out of this region. Error log follows
Parameter values: JER_ele=-6.30888, JER_muon=2.4673, JES_ele=6.75652, JES_muon=-4.96918, QCD_stat_ele=-0.322192, QCD_stat_muon=6.90644, VBS_stat_ele=-5.6845, VBS_stat_muon=-1.85122, ele_efficiency=-1.3569, ele_trigger=-5.82963, fakephoton_ele=1.1221, fakephoton_muon=-5.82674, interference=5.01861, lumi=2.18284, mu_efficiency=5.72583, mu_trigger=-6.83337, non_prompt_stat_ele=6.84624, non_prompt_stat_muon=6.86623, others_stat_ele=-4.47891, others_stat_muon=-6.73272, others_xs=-4.34643, param=0.00284979, pdf_ele=-3.36338, pdf_muon=1.29583, photon_id=2.2718, pileup=-0.158864, scale_ele=6.97879, scale_muon=0.787566
RooProdPdf::model_s[ modelObs_s * nuisancePdf ]
     getLogVal() top-level p.d.f evaluates to zero @ !pdfs=(modelObs_s = 0/1,nuisancePdf = 1)

[#0] WARNING:Minization -- RooMinimizerFcn: Minimized function has error status.
Returning maximum FCN so far (697.212) to force MIGRAD to back out of this region. Error log follows
Parameter values: JER_ele=-1.95252, JER_muon=6.80826, JES_ele=-6.83092, JES_muon=0.500758, QCD_stat_ele=-6.06856, QCD_stat_muon=6.66219, VBS_stat_ele=2.23856, VBS_stat_muon=0.552663, ele_efficiency=-5.13812, ele_trigger=-5.10692, fakephoton_ele=-6.99205, fakephoton_muon=6.63449, interference=6.99931, lumi=-4.93582, mu_efficiency=2.51418, mu_trigger=-0.01437, non_prompt_stat_ele=3.48606, non_prompt_stat_muon=6.41288, others_stat_ele=-2.14811, others_stat_muon=-3.96868, others_xs=-4.99031, param=0.0368422, pdf_ele=6.92297, pdf_muon=-4.29449, photon_id=0.995081, pileup=1.26924, scale_ele=2.88611, scale_muon=6.98968
RooProdPdf::model_s[ modelObs_s * nuisancePdf ]
     getLogVal() top-level p.d.f evaluates to zero @ !pdfs=(modelObs_s = 0/1,nuisancePdf = 1)

[#0] WARNING:Minization -- RooMinimizerFcn: Minimized function has error status.
Returning maximum FCN so far (456.416) to force MIGRAD to back out of this region. Error log follows
Parameter values: JER_ele=6.34306, JER_muon=4.5428, JES_ele=6.51862, JES_muon=4.63512, QCD_stat_ele=-4.34613, QCD_stat_muon=6.24039, VBS_stat_ele=2.64956, VBS_stat_muon=5.36062, ele_efficiency=5.54176, ele_trigger=1.92998, fakephoton_ele=6.65006, fakephoton_muon=4.66182, interference=-0.15704, lumi=4.64255, mu_efficiency=6.68443, mu_trigger=-0.707994, non_prompt_stat_ele=4.65316, non_prompt_stat_muon=3.81508, others_stat_ele=3.50913, others_stat_muon=3.44403, others_xs=5.99221, param=0.0999594, pdf_ele=5.31661, pdf_muon=4.19658, photon_id=3.29775, pileup=-0.47605, scale_ele=-5.53883, scale_muon=0.670427
RooProdPdf::model_s[ modelObs_s * nuisancePdf ]
     getLogVal() top-level p.d.f evaluates to zero @ !pdfs=(modelObs_s = 0/1,nuisancePdf = 1)

[#0] WARNING:Minization -- RooMinimizerFcn: Minimized function has error status.
Returning maximum FCN so far (1037.37) to force MIGRAD to back out of this region. Error log follows
Parameter values: JER_ele=4.64658, JER_muon=1.59399, JES_ele=6.81563, JES_muon=1.56731, QCD_stat_ele=3.8217, QCD_stat_muon=-0.714868, VBS_stat_ele=2.01285, VBS_stat_muon=1.23756, ele_efficiency=3.7338, ele_trigger=1.16247, fakephoton_ele=5.0332, fakephoton_muon=2.63202, interference=-1.06585, lumi=2.1125, mu_efficiency=5.22368, mu_trigger=-1.87104, non_prompt_stat_ele=6.92511, non_prompt_stat_muon=0.710104, others_stat_ele=3.58319, others_stat_muon=-0.465829, others_xs=2.95979, param=0.0998311, pdf_ele=2.9788, pdf_muon=0.340702, photon_id=6.9986, pileup=-0.336383, scale_ele=4.55995, scale_muon=-4.05933
RooProdPdf::model_s[ modelObs_s * nuisancePdf ]
     getLogVal() top-level p.d.f evaluates to zero @ !pdfs=(modelObs_s = 0/1,nuisancePdf = 1)

[#0] WARNING:Minization -- RooMinimizerFcn: Minimized function has error status.
Returning maximum FCN so far (519.19) to force MIGRAD to back out of this region. Error log follows
Parameter values: JER_ele=2.09919, JER_muon=2.5408, JES_ele=4.79943, JES_muon=-2.46619, QCD_stat_ele=-2.32346, QCD_stat_muon=-0.979599, VBS_stat_ele=-3.75755, VBS_stat_muon=5.80676, ele_efficiency=-1.72445, ele_trigger=3.82383, fakephoton_ele=6.99491, fakephoton_muon=-5.67909, interference=3.05383, lumi=6.74454, mu_efficiency=5.85603, mu_trigger=-2.50833, non_prompt_stat_ele=3.43892, non_prompt_stat_muon=2.83689, others_stat_ele=-6.53503, others_stat_muon=-1.15461, others_xs=-1.10973, param=0.0871948, pdf_ele=3.64373, pdf_muon=-5.99008, photon_id=-6.98316, pileup=-6.54028, scale_ele=-0.386622, scale_muon=-5.73525
RooProdPdf::model_s[ modelObs_s * nuisancePdf ]
     getLogVal() top-level p.d.f evaluates to zero @ !pdfs=(modelObs_s = 0/1,nuisancePdf = 1)

[#0] WARNING:Minization -- RooMinimizerFcn: Minimized function has error status.
Returning maximum FCN so far (632.463) to force MIGRAD to back out of this region. Error log follows
Parameter values: JER_ele=1.54493, JER_muon=-6.53437, JES_ele=6.98365, JES_muon=-2.12916, QCD_stat_ele=6.90174, QCD_stat_muon=6.71839, VBS_stat_ele=6.96804, VBS_stat_muon=-0.262294, ele_efficiency=-6.4026, ele_trigger=-3.8836, fakephoton_ele=5.7412, fakephoton_muon=6.99996, interference=4.40702, lumi=-1.34982, mu_efficiency=-0.0906206, mu_trigger=1.82125, non_prompt_stat_ele=5.63378, non_prompt_stat_muon=-5.29062, others_stat_ele=6.29102, others_stat_muon=-5.78577, others_xs=4.99797, param=0.0356151, pdf_ele=-5.0383, pdf_muon=5.40808, photon_id=-6.99296, pileup=6.94281, scale_ele=-6.68667, scale_muon=5.83252
RooProdPdf::model_s[ modelObs_s * nuisancePdf ]
     getLogVal() top-level p.d.f evaluates to zero @ !pdfs=(modelObs_s = 0/1,nuisancePdf = 1)

[#0] WARNING:Minization -- RooMinimizerFcn: Minimized function has error status.
Returning maximum FCN so far (995.14) to force MIGRAD to back out of this region. Error log follows
Parameter values: JER_ele=5.18057, JER_muon=4.16954, JES_ele=-1.21484, JES_muon=-5.11515, QCD_stat_ele=2.35116, QCD_stat_muon=-3.91326, VBS_stat_ele=-4.6753, VBS_stat_muon=6.46223, ele_efficiency=-6.98372, ele_trigger=5.8974, fakephoton_ele=4.47791, fakephoton_muon=1.57, interference=-1.1555, lumi=-0.495046, mu_efficiency=-6.59267, mu_trigger=5.4714, non_prompt_stat_ele=6.53855, non_prompt_stat_muon=-6.94447, others_stat_ele=5.50907, others_stat_muon=-3.28068, others_xs=-6.76292, param=0.0687717, pdf_ele=-6.86749, pdf_muon=-6.64858, photon_id=2.32388, pileup=4.99736, scale_ele=-6.59339, scale_muon=-4.37622
RooProdPdf::model_s[ modelObs_s * nuisancePdf ]
     getLogVal() top-level p.d.f evaluates to zero @ !pdfs=(modelObs_s = 0/1,nuisancePdf = 1)

[#0] WARNING:Minization -- RooMinimizerFcn: Minimized function has error status.
Returning maximum FCN so far (995.14) to force MIGRAD to back out of this region. Error log follows
Parameter values: JER_ele=0.25337, JER_muon=4.58155, JES_ele=3.40394, JES_muon=6.95444, QCD_stat_ele=6.65574, QCD_stat_muon=1.29781, VBS_stat_ele=3.44201, VBS_stat_muon=6.4973, ele_efficiency=-1.09702, ele_trigger=1.80696, fakephoton_ele=1.47889, fakephoton_muon=4.15006, interference=4.0602, lumi=3.84081, mu_efficiency=2.54669, mu_trigger=5.97309, non_prompt_stat_ele=-2.20435, non_prompt_stat_muon=6.97597, others_stat_ele=1.31352, others_stat_muon=6.66342, others_xs=5.23775, param=0.0684513, pdf_ele=3.94981, pdf_muon=6.82795, photon_id=5.99745, pileup=1.72653, scale_ele=6.69024, scale_muon=-4.02667
RooProdPdf::model_s[ modelObs_s * nuisancePdf ]
     getLogVal() top-level p.d.f evaluates to zero @ !pdfs=(modelObs_s = 0/1,nuisancePdf = 1)

[#0] WARNING:Minization -- RooMinimizerFcn: Minimized function has error status.
Returning maximum FCN so far (995.14) to force MIGRAD to back out of this region. Error log follows
Parameter values: JER_ele=1.16422, JER_muon=3.66604, JES_ele=4.75657, JES_muon=6.3963, QCD_stat_ele=6.24108, QCD_stat_muon=5.20362, VBS_stat_ele=4.68388, VBS_stat_muon=5.76619, ele_efficiency=-1.14927, ele_trigger=3.03724, fakephoton_ele=2.22142, fakephoton_muon=3.27613, interference=3.45984, lumi=3.6231, mu_efficiency=3.58939, mu_trigger=4.98604, non_prompt_stat_ele=-0.592162, non_prompt_stat_muon=6.73942, others_stat_ele=2.51098, others_stat_muon=5.78302, others_xs=4.84436, param=0.0684281, pdf_ele=5.67162, pdf_muon=5.82027, photon_id=6.2043, pileup=1.80594, scale_ele=6.27942, scale_muon=1.51779
RooProdPdf::model_s[ modelObs_s * nuisancePdf ]
     getLogVal() top-level p.d.f evaluates to zero @ !pdfs=(modelObs_s = 0/1,nuisancePdf = 1)

[#0] WARNING:Minization -- RooMinimizerFcn: Minimized function has error status.
Returning maximum FCN so far (995.14) to force MIGRAD to back out of this region. Error log follows
Parameter values: JER_ele=2.07093, JER_muon=3.06357, JES_ele=5.76895, JES_muon=5.75997, QCD_stat_ele=2.51392, QCD_stat_muon=6.60492, VBS_stat_ele=5.63071, VBS_stat_muon=5.17149, ele_efficiency=-0.889369, ele_trigger=4.10183, fakephoton_ele=3.06352, fakephoton_muon=2.71989, interference=3.13235, lumi=3.66986, mu_efficiency=3.53103, mu_trigger=4.25362, non_prompt_stat_ele=0.389331, non_prompt_stat_muon=6.1899, others_stat_ele=3.6142, others_stat_muon=5.01232, others_xs=4.72302, param=0.0684207, pdf_ele=6.68214, pdf_muon=4.86759, photon_id=6.01423, pileup=1.82297, scale_ele=2.74352, scale_muon=4.64955
RooProdPdf::model_s[ modelObs_s * nuisancePdf ]
     getLogVal() top-level p.d.f evaluates to zero @ !pdfs=(modelObs_s = 0/1,nuisancePdf = 1)

[#0] WARNING:Minization -- RooMinimizerFcn: Minimized function has error status.
Returning maximum FCN so far (995.14) to force MIGRAD to back out of this region. Error log follows
Parameter values: JER_ele=2.94107, JER_muon=2.726, JES_ele=6.49771, JES_muon=5.33156, QCD_stat_ele=-2.48156, QCD_stat_muon=6.94581, VBS_stat_ele=6.34712, VBS_stat_muon=4.80943, ele_efficiency=-0.607292, ele_trigger=5.03564, fakephoton_ele=3.86622, fakephoton_muon=2.41138, interference=3.02582, lumi=3.91368, mu_efficiency=3.44645, mu_trigger=3.82269, non_prompt_stat_ele=1.30517, non_prompt_stat_muon=5.77709, others_stat_ele=4.60809, others_stat_muon=4.5295, others_xs=4.82763, param=0.068421, pdf_ele=6.99858, pdf_muon=4.26556, photon_id=5.40987, pileup=1.85643, scale_ele=-2.10752, scale_muon=5.89177
RooProdPdf::model_s[ modelObs_s * nuisancePdf ]
     getLogVal() top-level p.d.f evaluates to zero @ !pdfs=(modelObs_s = 0/1,nuisancePdf = 1)

[#0] WARNING:Minization -- RooMinimizerFcn: Minimized function has error status.
Returning maximum FCN so far (995.14) to force MIGRAD to back out of this region. Error log follows
Parameter values: JER_ele=3.79737, JER_muon=2.59978, JES_ele=6.92235, JES_muon=5.15898, QCD_stat_ele=-6.32156, QCD_stat_muon=6.99253, VBS_stat_ele=6.82412, VBS_stat_muon=4.66954, ele_efficiency=-0.30849, ele_trigger=5.84627, fakephoton_ele=4.63609, fakephoton_muon=2.29657, interference=3.09568, lumi=4.31231, mu_efficiency=3.41298, mu_trigger=3.65788, non_prompt_stat_ele=2.23694, non_prompt_stat_muon=5.60621, others_stat_ele=5.49878, others_stat_muon=4.3375, others_xs=5.10796, param=0.0684268, pdf_ele=6.55488, pdf_muon=4.03429, photon_id=4.23279, pileup=1.90797, scale_ele=-6.07028, scale_muon=6.24151
RooProdPdf::model_s[ modelObs_s * nuisancePdf ]
     getLogVal() top-level p.d.f evaluates to zero @ !pdfs=(modelObs_s = 0/1,nuisancePdf = 1)

[#0] WARNING:Minization -- RooMinimizerFcn: Minimized function has error status.
Returning maximum FCN so far (995.14) to force MIGRAD to back out of this region. Error log follows
Parameter values: JER_ele=4.64524, JER_muon=2.64099, JES_ele=6.96225, JES_muon=5.21363, QCD_stat_ele=-6.47906, QCD_stat_muon=6.98189, VBS_stat_ele=6.99992, VBS_stat_muon=4.71565, ele_efficiency=0.0180607, ele_trigger=6.50032, fakephoton_ele=5.37248, fakephoton_muon=2.33429, interference=3.3084, lumi=4.82764, mu_efficiency=3.42623, mu_trigger=3.71059, non_prompt_stat_ele=3.20358, non_prompt_stat_muon=5.66359, others_stat_ele=6.25548, others_stat_muon=4.39221, others_xs=5.51343, param=0.0684374, pdf_ele=5.22927, pdf_muon=4.11996, photon_id=2.30941, pileup=1.97671, scale_ele=-6.70916, scale_muon=6.13248
RooProdPdf::model_s[ modelObs_s * nuisancePdf ]
     getLogVal() top-level p.d.f evaluates to zero @ !pdfs=(modelObs_s = 0/1,nuisancePdf = 1)

[#0] WARNING:Minization -- RooMinimizerFcn: Minimized function has error status.
Returning maximum FCN so far (995.14) to force MIGRAD to back out of this region. Error log follows
Parameter values: JER_ele=5.46491, JER_muon=2.81775, JES_ele=6.48276, JES_muon=5.44696, QCD_stat_ele=-1.75122, QCD_stat_muon=6.88369, VBS_stat_ele=6.76192, VBS_stat_muon=4.9101, ele_efficiency=0.38326, ele_trigger=6.91711, fakephoton_ele=6.04986, fakephoton_muon=2.4957, interference=3.63938, lumi=5.41734, mu_efficiency=3.47816, mu_trigger=3.93791, non_prompt_stat_ele=4.19846, non_prompt_stat_muon=5.89742, others_stat_ele=6.80003, others_stat_muon=4.64338, others_xs=5.98838, param=0.0684524, pdf_ele=2.92752, pdf_muon=4.45648, photon_id=-0.397436, pileup=2.06265, scale_ele=-2.56495, scale_muon=5.59095
RooProdPdf::model_s[ modelObs_s * nuisancePdf ]
     getLogVal() top-level p.d.f evaluates to zero @ !pdfs=(modelObs_s = 0/1,nuisancePdf = 1)

[#0] WARNING:Minization -- RooMinimizerFcn: Minimized function has error status.
Returning maximum FCN so far (950.243) to force MIGRAD to back out of this region. Error log follows
Parameter values: JER_ele=5.96724, JER_muon=-6.35703, JES_ele=-3.54899, JES_muon=-0.159548, QCD_stat_ele=-2.51468, QCD_stat_muon=-5.13189, VBS_stat_ele=-1.23867, VBS_stat_muon=-6.05158, ele_efficiency=6.94086, ele_trigger=-2.3296, fakephoton_ele=6.71272, fakephoton_muon=3.00376, interference=-4.36569, lumi=4.7549, mu_efficiency=-5.21302, mu_trigger=-0.482958, non_prompt_stat_ele=6.99929, non_prompt_stat_muon=-6.70582, others_stat_ele=-3.99489, others_stat_muon=6.99309, others_xs=3.91154, param=0.0961491, pdf_ele=1.70989, pdf_muon=-0.829843, photon_id=-6.58893, pileup=-4.51601, scale_ele=-6.87409, scale_muon=5.15957
RooProdPdf::model_s[ modelObs_s * nuisancePdf ]
     getLogVal() top-level p.d.f evaluates to zero @ !pdfs=(modelObs_s = 0/1,nuisancePdf = 1)

[#0] WARNING:Minization -- RooMinimizerFcn: Minimized function has error status.
Returning maximum FCN so far (950.243) to force MIGRAD to back out of this region. Error log follows
Parameter values: JER_ele=5.8508, JER_muon=-4.86065, JES_ele=5.82825, JES_muon=2.40785, QCD_stat_ele=-5.49681, QCD_stat_muon=5.64111, VBS_stat_ele=-6.19448, VBS_stat_muon=2.59608, ele_efficiency=-2.68071, ele_trigger=4.10519, fakephoton_ele=6.97618, fakephoton_muon=3.23595, interference=-0.674992, lumi=1.83267, mu_efficiency=-2.82462, mu_trigger=5.0844, non_prompt_stat_ele=5.27959, non_prompt_stat_muon=-6.40958, others_stat_ele=0.503217, others_stat_muon=5.17711, others_xs=-1.73313, param=0.0220249, pdf_ele=2.60227, pdf_muon=-0.589328, photon_id=-4.36643, pileup=6.41353, scale_ele=6.98925, scale_muon=4.73981
RooProdPdf::model_s[ modelObs_s * nuisancePdf ]
     getLogVal() top-level p.d.f evaluates to zero @ !pdfs=(modelObs_s = 0/1,nuisancePdf = 1)

[#0] WARNING:Minization -- RooMinimizerFcn: Minimized function has error status.
Returning maximum FCN so far (950.243) to force MIGRAD to back out of this region. Error log follows
Parameter values: JER_ele=-6.33107, JER_muon=-6.82249, JES_ele=0.0611799, JES_muon=-6.16762, QCD_stat_ele=5.71479, QCD_stat_muon=6.68723, VBS_stat_ele=3.1243, VBS_stat_muon=-1.29894, ele_efficiency=-3.05783, ele_trigger=2.19924, fakephoton_ele=3.11467, fakephoton_muon=6.96982, interference=-3.13167, lumi=6.7842, mu_efficiency=-5.98227, mu_trigger=0.0119451, non_prompt_stat_ele=5.65475, non_prompt_stat_muon=-6.86617, others_stat_ele=3.68458, others_stat_muon=-6.98776, others_xs=-5.38525, param=0.0821122, pdf_ele=-0.201005, pdf_muon=0.733923, photon_id=6.89506, pileup=-3.57341, scale_ele=-6.58337, scale_muon=6.1388
RooProdPdf::model_s[ modelObs_s * nuisancePdf ]
     getLogVal() top-level p.d.f evaluates to zero @ !pdfs=(modelObs_s = 0/1,nuisancePdf = 1)

[#0] WARNING:Minization -- RooMinimizerFcn: Minimized function has error status.
Returning maximum FCN so far (1034.14) to force MIGRAD to back out of this region. Error log follows
Parameter values: JER_ele=-0.107091, JER_muon=2.44876, JES_ele=0.469674, JES_muon=4.77441, QCD_stat_ele=2.82003, QCD_stat_muon=6.90772, VBS_stat_ele=-0.209066, VBS_stat_muon=2.06624, ele_efficiency=0.878078, ele_trigger=0.598948, fakephoton_ele=1.47366, fakephoton_muon=3.06698, interference=3.37156, lumi=2.1247, mu_efficiency=1.34243, mu_trigger=2.95878, non_prompt_stat_ele=1.45383, non_prompt_stat_muon=6.56892, others_stat_ele=0.583047, others_stat_muon=3.48171, others_xs=1.66111, param=0.0871915, pdf_ele=2.51786, pdf_muon=5.90908, photon_id=6.58677, pileup=-0.363925, scale_ele=5.06159, scale_muon=6.71729
RooProdPdf::model_s[ modelObs_s * nuisancePdf ]
     getLogVal() top-level p.d.f evaluates to zero @ !pdfs=(modelObs_s = 0/1,nuisancePdf = 1)

[#0] WARNING:Minization -- RooMinimizerFcn: Minimized function has error status.
Returning maximum FCN so far (1034.14) to force MIGRAD to back out of this region. Error log follows
Parameter values: JER_ele=-4.96038, JER_muon=5.25791, JES_ele=3.51269, JES_muon=3.134, QCD_stat_ele=3.33021, QCD_stat_muon=-2.36625, VBS_stat_ele=5.16424, VBS_stat_muon=6.67652, ele_efficiency=-2.23747, ele_trigger=-1.03033, fakephoton_ele=6.62046, fakephoton_muon=-6.61327, interference=-6.71092, lumi=-4.42894, mu_efficiency=4.41496, mu_trigger=6.3975, non_prompt_stat_ele=4.79064, non_prompt_stat_muon=2.15191, others_stat_ele=-3.05808, others_stat_muon=4.73768, others_xs=-6.04209, param=0.0874669, pdf_ele=5.85034, pdf_muon=-1.63956, photon_id=-1.05499, pileup=-2.63158, scale_ele=3.5074, scale_muon=2.18241
RooProdPdf::model_s[ modelObs_s * nuisancePdf ]
     getLogVal() top-level p.d.f evaluates to zero @ !pdfs=(modelObs_s = 0/1,nuisancePdf = 1)


 -- Hybrid New -- 
CLs = 0.681122 +/- 0.0428046
Done in 20.05 min (cpu), 20.13 min (real)
