 <<< Combine >>> 
>>> including systematics
>>> using the Profile Likelihood test statistics modified for upper limits (Q_LHC)
>>> method used is HybridNew
>>> Used OpenSSL to get a really random seed -1132672806
Computing results starting from observation (a-posteriori)
[#0] WARNING:Minization -- RooMinimizerFcn: Minimized function has error status.
Returning maximum FCN so far (791.393) to force MIGRAD to back out of this region. Error log follows
Parameter values: JER_ele=-0.0514962, JER_muon=-6.6804, JES_ele=-1.31588, JES_muon=-2.1781, QCD_stat_ele=-1.84028, QCD_stat_muon=1.53238, VBS_stat_ele=-4.7095, VBS_stat_muon=-6.93096, ele_efficiency=-5.37786, ele_trigger=-6.55301, fakephoton_ele=6.99755, fakephoton_muon=-6.42344, interference=-5.65965, lumi=-6.99389, mu_efficiency=-5.72539, mu_trigger=6.52369, non_prompt_stat_ele=6.8186, non_prompt_stat_muon=-6.95342, others_stat_ele=6.67805, others_stat_muon=1.05105, others_xs=-1.34864, param=0.125642, pdf_ele=3.42133, pdf_muon=0.617172, photon_id=-6.14806, pileup=3.33866, scale_ele=1.80249, scale_muon=4.11206
RooProdPdf::model_s[ modelObs_s * nuisancePdf ]
     getLogVal() top-level p.d.f evaluates to zero @ !pdfs=(modelObs_s = 0/1,nuisancePdf = 1)

[#0] WARNING:Minization -- RooMinimizerFcn: Minimized function has error status.
Returning maximum FCN so far (791.393) to force MIGRAD to back out of this region. Error log follows
Parameter values: JER_ele=4.45333, JER_muon=-6.84336, JES_ele=1.49548, JES_muon=-6.64726, QCD_stat_ele=-4.29661, QCD_stat_muon=-5.48119, VBS_stat_ele=6.42562, VBS_stat_muon=-3.97946, ele_efficiency=-3.94635, ele_trigger=-0.0479691, fakephoton_ele=4.48487, fakephoton_muon=6.654, interference=-6.70406, lumi=-6.31887, mu_efficiency=6.52685, mu_trigger=1.24294, non_prompt_stat_ele=6.94324, non_prompt_stat_muon=4.01069, others_stat_ele=-6.87972, others_stat_muon=-6.78092, others_xs=6.89739, param=0.122258, pdf_ele=-6.23187, pdf_muon=6.27371, photon_id=5.70817, pileup=-3.23265, scale_ele=-0.291897, scale_muon=-4.37673
RooProdPdf::model_s[ modelObs_s * nuisancePdf ]
     getLogVal() top-level p.d.f evaluates to zero @ !pdfs=(modelObs_s = 0/1,nuisancePdf = 1)

[#0] WARNING:Minization -- RooMinimizerFcn: Minimized function has error status.
Returning maximum FCN so far (816.317) to force MIGRAD to back out of this region. Error log follows
Parameter values: JER_ele=2.05052, JER_muon=-6.99973, JES_ele=-6.995, JES_muon=-6.24074, QCD_stat_ele=-4.69171, QCD_stat_muon=-3.38241, VBS_stat_ele=-2.21247, VBS_stat_muon=-4.32519, ele_efficiency=-2.12244, ele_trigger=-6.13339, fakephoton_ele=6.48363, fakephoton_muon=-6.99072, interference=-4.89961, lumi=-6.85755, mu_efficiency=-3.2026, mu_trigger=-6.57033, non_prompt_stat_ele=6.9216, non_prompt_stat_muon=2.8908, others_stat_ele=-5.2333, others_stat_muon=-6.25109, others_xs=-5.33352, param=0.1218, pdf_ele=-6.69481, pdf_muon=3.44413, photon_id=5.70748, pileup=6.99993, scale_ele=6.81415, scale_muon=-4.23685
RooProdPdf::model_s[ modelObs_s * nuisancePdf ]
     getLogVal() top-level p.d.f evaluates to zero @ !pdfs=(modelObs_s = 0/1,nuisancePdf = 1)

[#0] WARNING:Minization -- RooMinimizerFcn: Minimized function has error status.
Returning maximum FCN so far (34.1568) to force MIGRAD to back out of this region. Error log follows
Parameter values: JER_ele=-0.202758, JER_muon=1.08815, JES_ele=4.77301, JES_muon=4.11506, QCD_stat_ele=2.03943, QCD_stat_muon=5.17342, VBS_stat_ele=3.08871, VBS_stat_muon=-4.67414, ele_efficiency=-3.05802, ele_trigger=-6.20686, fakephoton_ele=5.63355, fakephoton_muon=1.41568, interference=-2.99533, lumi=-1.72786, mu_efficiency=6.02823, mu_trigger=3.70732, non_prompt_stat_ele=6.6792, non_prompt_stat_muon=6.58211, others_stat_ele=-5.74592, others_stat_muon=5.75872, others_xs=1.15106, param=0.00631136, pdf_ele=5.05794, pdf_muon=6.85194, photon_id=-0.0801505, pileup=6.95349, scale_ele=-6.62877, scale_muon=-5.14257
RooProdPdf::model_s[ modelObs_s * nuisancePdf ]
     getLogVal() top-level p.d.f evaluates to zero @ !pdfs=(modelObs_s = 0/1,nuisancePdf = 1)

[#0] WARNING:Minization -- RooMinimizerFcn: Minimized function has error status.
Returning maximum FCN so far (759.901) to force MIGRAD to back out of this region. Error log follows
Parameter values: JER_ele=-6.64156, JER_muon=-6.44906, JES_ele=-6.47627, JES_muon=-6.67889, QCD_stat_ele=4.74431, QCD_stat_muon=-0.317959, VBS_stat_ele=-6.93257, VBS_stat_muon=-5.83013, ele_efficiency=-3.0465, ele_trigger=-6.98437, fakephoton_ele=4.94806, fakephoton_muon=-5.0129, interference=-5.89692, lumi=-7, mu_efficiency=-2.63964, mu_trigger=-6.73777, non_prompt_stat_ele=6.86706, non_prompt_stat_muon=-3.99116, others_stat_ele=-2.87152, others_stat_muon=-6.92413, others_xs=-6.77734, param=0.0458289, pdf_ele=-2.51545, pdf_muon=-3.99192, photon_id=6.76717, pileup=-1.49815, scale_ele=6.39368, scale_muon=4.79599
RooProdPdf::model_s[ modelObs_s * nuisancePdf ]
     getLogVal() top-level p.d.f evaluates to zero @ !pdfs=(modelObs_s = 0/1,nuisancePdf = 1)

[#0] WARNING:Minization -- RooMinimizerFcn: Minimized function has error status.
Returning maximum FCN so far (759.901) to force MIGRAD to back out of this region. Error log follows
Parameter values: JER_ele=-6.09935, JER_muon=6.9354, JES_ele=3.60439, JES_muon=-4.95737, QCD_stat_ele=-5.73034, QCD_stat_muon=5.45806, VBS_stat_ele=6.80138, VBS_stat_muon=6.53058, ele_efficiency=3.26936, ele_trigger=-6.9987, fakephoton_ele=6.98779, fakephoton_muon=-6.58832, interference=5.62572, lumi=-4.86607, mu_efficiency=-3.70069, mu_trigger=-4.63497, non_prompt_stat_ele=6.1167, non_prompt_stat_muon=-6.96931, others_stat_ele=-1.32779, others_stat_muon=-6.66947, others_xs=5.12758, param=0.0396305, pdf_ele=-4.40475, pdf_muon=-0.935071, photon_id=5.39113, pileup=4.69738, scale_ele=-6.99738, scale_muon=6.24366
RooProdPdf::model_s[ modelObs_s * nuisancePdf ]
     getLogVal() top-level p.d.f evaluates to zero @ !pdfs=(modelObs_s = 0/1,nuisancePdf = 1)

[#0] WARNING:Minization -- RooMinimizerFcn: Minimized function has error status.
Returning maximum FCN so far (831.329) to force MIGRAD to back out of this region. Error log follows
Parameter values: JER_ele=-3.38479, JER_muon=5.36007, JES_ele=-6.72993, JES_muon=5.86559, QCD_stat_ele=-2.20472, QCD_stat_muon=5.77252, VBS_stat_ele=5.91947, VBS_stat_muon=1.66605, ele_efficiency=-3.66747, ele_trigger=6.79832, fakephoton_ele=6.92913, fakephoton_muon=6.84414, interference=1.88027, lumi=5.64885, mu_efficiency=3.48498, mu_trigger=4.91255, non_prompt_stat_ele=-4.79308, non_prompt_stat_muon=6.93247, others_stat_ele=6.97779, others_stat_muon=5.26382, others_xs=5.46749, param=0.0469969, pdf_ele=-5.62998, pdf_muon=-4.30266, photon_id=-5.84087, pileup=-2.36144, scale_ele=3.19004, scale_muon=6.82497
RooProdPdf::model_s[ modelObs_s * nuisancePdf ]
     getLogVal() top-level p.d.f evaluates to zero @ !pdfs=(modelObs_s = 0/1,nuisancePdf = 1)

[#0] WARNING:Minization -- RooMinimizerFcn: Minimized function has error status.
Returning maximum FCN so far (831.329) to force MIGRAD to back out of this region. Error log follows
Parameter values: JER_ele=-5.96104, JER_muon=-1.87988, JES_ele=1.39902, JES_muon=1.14269, QCD_stat_ele=6.16818, QCD_stat_muon=1.32624, VBS_stat_ele=-0.574935, VBS_stat_muon=1.35419, ele_efficiency=4.54052, ele_trigger=-1.38213, fakephoton_ele=6.89313, fakephoton_muon=-1.02296, interference=-6.97687, lumi=3.87629, mu_efficiency=6.48757, mu_trigger=-4.99568, non_prompt_stat_ele=6.02188, non_prompt_stat_muon=-1.19368, others_stat_ele=1.37103, others_stat_muon=-6.97605, others_xs=-5.86448, param=0.0484796, pdf_ele=6.9993, pdf_muon=6.78525, photon_id=-4.66682, pileup=6.35386, scale_ele=-6.96571, scale_muon=-5.43528
RooProdPdf::model_s[ modelObs_s * nuisancePdf ]
     getLogVal() top-level p.d.f evaluates to zero @ !pdfs=(modelObs_s = 0/1,nuisancePdf = 1)

[#0] WARNING:Minization -- RooMinimizerFcn: Minimized function has error status.
Returning maximum FCN so far (831.329) to force MIGRAD to back out of this region. Error log follows
Parameter values: JER_ele=-0.586906, JER_muon=1.67567, JES_ele=-1.18922, JES_muon=1.42968, QCD_stat_ele=-6.55473, QCD_stat_muon=6.01167, VBS_stat_ele=-0.510372, VBS_stat_muon=3.35558, ele_efficiency=-1.09351, ele_trigger=-0.130158, fakephoton_ele=4.16172, fakephoton_muon=-0.036401, interference=0.314479, lumi=0.830835, mu_efficiency=0.0425632, mu_trigger=1.35342, non_prompt_stat_ele=6.93081, non_prompt_stat_muon=0.932213, others_stat_ele=0.453365, others_stat_muon=2.03942, others_xs=0.512255, param=0.0465766, pdf_ele=-1.62468, pdf_muon=2.71196, photon_id=1.29335, pileup=-0.971205, scale_ele=-1.22304, scale_muon=5.12376
RooProdPdf::model_s[ modelObs_s * nuisancePdf ]
     getLogVal() top-level p.d.f evaluates to zero @ !pdfs=(modelObs_s = 0/1,nuisancePdf = 1)

[#0] WARNING:Minization -- RooMinimizerFcn: Minimized function has error status.
Returning maximum FCN so far (915.022) to force MIGRAD to back out of this region. Error log follows
Parameter values: JER_ele=-4.2965, JER_muon=-1.52319, JES_ele=-6.66543, JES_muon=-5.5014, QCD_stat_ele=3.21305, QCD_stat_muon=-6.97955, VBS_stat_ele=-5.23017, VBS_stat_muon=-1.88082, ele_efficiency=-1.85431, ele_trigger=-5.53708, fakephoton_ele=4.17937, fakephoton_muon=-2.48781, interference=-1.94809, lumi=-4.22899, mu_efficiency=-1.2377, mu_trigger=-3.31769, non_prompt_stat_ele=6.9307, non_prompt_stat_muon=-6.76107, others_stat_ele=-6.69616, others_stat_muon=-3.58263, others_xs=-5.00796, param=0.0470392, pdf_ele=-6.97436, pdf_muon=-5.72066, photon_id=-5.78769, pileup=-0.916951, scale_ele=-0.0741194, scale_muon=-6.63443
RooProdPdf::model_s[ modelObs_s * nuisancePdf ]
     getLogVal() top-level p.d.f evaluates to zero @ !pdfs=(modelObs_s = 0/1,nuisancePdf = 1)

[#0] WARNING:Minization -- RooMinimizerFcn: Minimized function has error status.
Returning maximum FCN so far (915.022) to force MIGRAD to back out of this region. Error log follows
Parameter values: JER_ele=1.89935, JER_muon=-0.0379667, JES_ele=2.74211, JES_muon=1.04409, QCD_stat_ele=6.74547, QCD_stat_muon=2.20404, VBS_stat_ele=1.68244, VBS_stat_muon=1.76009, ele_efficiency=-0.836356, ele_trigger=3.04775, fakephoton_ele=6.99235, fakephoton_muon=-0.873286, interference=-0.842067, lumi=1.28657, mu_efficiency=-0.26286, mu_trigger=-0.066764, non_prompt_stat_ele=5.50707, non_prompt_stat_muon=1.77496, others_stat_ele=3.85858, others_stat_muon=0.929316, others_xs=0.787889, param=0.0471791, pdf_ele=3.70842, pdf_muon=1.01167, photon_id=3.85848, pileup=-1.27685, scale_ele=6.36669, scale_muon=1.85764
RooProdPdf::model_s[ modelObs_s * nuisancePdf ]
     getLogVal() top-level p.d.f evaluates to zero @ !pdfs=(modelObs_s = 0/1,nuisancePdf = 1)

[#0] WARNING:Minization -- RooMinimizerFcn: Minimized function has error status.
Returning maximum FCN so far (915.022) to force MIGRAD to back out of this region. Error log follows
Parameter values: JER_ele=1.38081, JER_muon=-0.193479, JES_ele=1.94031, JES_muon=0.832091, QCD_stat_ele=5.48949, QCD_stat_muon=1.62893, VBS_stat_ele=1.02268, VBS_stat_muon=1.59038, ele_efficiency=-1.02156, ele_trigger=2.4466, fakephoton_ele=6.04346, fakephoton_muon=-1.02449, interference=-1.05849, lumi=0.863906, mu_efficiency=-0.310457, mu_trigger=-0.263537, non_prompt_stat_ele=6.99987, non_prompt_stat_muon=1.53807, others_stat_ele=2.88032, others_stat_muon=0.747502, others_xs=0.222736, param=0.0471724, pdf_ele=2.66919, pdf_muon=0.694262, photon_id=2.71646, pileup=-1.33786, scale_ele=4.84247, scale_muon=1.15639
RooProdPdf::model_s[ modelObs_s * nuisancePdf ]
     getLogVal() top-level p.d.f evaluates to zero @ !pdfs=(modelObs_s = 0/1,nuisancePdf = 1)

[#0] WARNING:Minization -- RooMinimizerFcn: Minimized function has error status.
Returning maximum FCN so far (339.792) to force MIGRAD to back out of this region. Error log follows
Parameter values: JER_ele=6.7128, JER_muon=3.50154, JES_ele=-4.14197, JES_muon=3.02407, QCD_stat_ele=4.32323, QCD_stat_muon=1.14722, VBS_stat_ele=-5.99452, VBS_stat_muon=-6.97949, ele_efficiency=6.92401, ele_trigger=-0.373144, fakephoton_ele=2.04385, fakephoton_muon=-6.18848, interference=5.31105, lumi=5.77806, mu_efficiency=-6.77157, mu_trigger=6.90341, non_prompt_stat_ele=6.88774, non_prompt_stat_muon=5.22853, others_stat_ele=4.85664, others_stat_muon=6.99977, others_xs=3.93362, param=0.131413, pdf_ele=-5.89905, pdf_muon=-0.250689, photon_id=4.80573, pileup=-3.47926, scale_ele=-6.67169, scale_muon=-6.98169
RooProdPdf::model_s[ modelObs_s * nuisancePdf ]
     getLogVal() top-level p.d.f evaluates to zero @ !pdfs=(modelObs_s = 0/1,nuisancePdf = 1)

[#0] WARNING:Minization -- RooMinimizerFcn: Minimized function has error status.
Returning maximum FCN so far (548.45) to force MIGRAD to back out of this region. Error log follows
Parameter values: JER_ele=1.04174, JER_muon=-0.204475, JES_ele=1.58635, JES_muon=0.784905, QCD_stat_ele=1.85828, QCD_stat_muon=0.430117, VBS_stat_ele=2.42424, VBS_stat_muon=-0.155925, ele_efficiency=-3.00458, ele_trigger=0.894867, fakephoton_ele=5.51908, fakephoton_muon=-1.59753, interference=3.05631, lumi=0.342157, mu_efficiency=-0.636534, mu_trigger=-0.045545, non_prompt_stat_ele=6.98748, non_prompt_stat_muon=-0.570908, others_stat_ele=-0.51614, others_stat_muon=0.020525, others_xs=-0.551159, param=0.131453, pdf_ele=1.23219, pdf_muon=-0.160865, photon_id=1.32388, pileup=0.369626, scale_ele=1.95501, scale_muon=1.15922
RooProdPdf::model_s[ modelObs_s * nuisancePdf ]
     getLogVal() top-level p.d.f evaluates to zero @ !pdfs=(modelObs_s = 0/1,nuisancePdf = 1)

[#0] WARNING:Minization -- RooMinimizerFcn: Minimized function has error status.
Returning maximum FCN so far (548.45) to force MIGRAD to back out of this region. Error log follows
Parameter values: JER_ele=0.936624, JER_muon=-0.444423, JES_ele=1.39991, JES_muon=0.107367, QCD_stat_ele=1.73356, QCD_stat_muon=-0.747064, VBS_stat_ele=2.2179, VBS_stat_muon=-0.39823, ele_efficiency=-3.02061, ele_trigger=0.792584, fakephoton_ele=5.16388, fakephoton_muon=-1.50916, interference=2.78067, lumi=0.109434, mu_efficiency=-0.641107, mu_trigger=-0.452036, non_prompt_stat_ele=6.84843, non_prompt_stat_muon=-0.764197, others_stat_ele=-0.566951, others_stat_muon=-0.364291, others_xs=-0.709257, param=0.131447, pdf_ele=1.14039, pdf_muon=-0.894521, photon_id=0.540104, pileup=0.293188, scale_ele=1.30354, scale_muon=0.182352
RooProdPdf::model_s[ modelObs_s * nuisancePdf ]
     getLogVal() top-level p.d.f evaluates to zero @ !pdfs=(modelObs_s = 0/1,nuisancePdf = 1)

[#0] WARNING:Minization -- RooMinimizerFcn: Minimized function has error status.
Returning maximum FCN so far (548.45) to force MIGRAD to back out of this region. Error log follows
Parameter values: JER_ele=1.65335, JER_muon=-0.201319, JES_ele=1.85123, JES_muon=1.4627, QCD_stat_ele=2.8449, QCD_stat_muon=-0.735525, VBS_stat_ele=4.53138, VBS_stat_muon=-0.173253, ele_efficiency=-6.36275, ele_trigger=1.22998, fakephoton_ele=7, fakephoton_muon=-2.27168, interference=5.96749, lumi=0.802244, mu_efficiency=-0.761337, mu_trigger=0.241882, non_prompt_stat_ele=3.11751, non_prompt_stat_muon=-0.229301, others_stat_ele=-0.256129, others_stat_muon=0.894058, others_xs=-0.188948, param=0.131478, pdf_ele=1.71258, pdf_muon=0.377439, photon_id=2.26296, pileup=0.487938, scale_ele=5.61904, scale_muon=0.673753
RooProdPdf::model_s[ modelObs_s * nuisancePdf ]
     getLogVal() top-level p.d.f evaluates to zero @ !pdfs=(modelObs_s = 0/1,nuisancePdf = 1)

[#0] WARNING:Minization -- RooMinimizerFcn: Minimized function has error status.
Returning maximum FCN so far (618.869) to force MIGRAD to back out of this region. Error log follows
Parameter values: JER_ele=-0.737506, JER_muon=-0.586035, JES_ele=-0.345932, JES_muon=-0.0026317, QCD_stat_ele=-1.8403, QCD_stat_muon=2.91532, VBS_stat_ele=-0.49183, VBS_stat_muon=-0.290091, ele_efficiency=-0.0629736, ele_trigger=1.55186, fakephoton_ele=6.61103, fakephoton_muon=-0.536826, interference=-0.0912352, lumi=-0.363038, mu_efficiency=-0.0482967, mu_trigger=0.530181, non_prompt_stat_ele=6.98473, non_prompt_stat_muon=-0.515976, others_stat_ele=-0.54655, others_stat_muon=0.727038, others_xs=0.206734, param=0.0991207, pdf_ele=-2.10362, pdf_muon=-0.681432, photon_id=-1.98026, pileup=0.0846737, scale_ele=-6.40607, scale_muon=1.64951
RooProdPdf::model_s[ modelObs_s * nuisancePdf ]
     getLogVal() top-level p.d.f evaluates to zero @ !pdfs=(modelObs_s = 0/1,nuisancePdf = 1)

[#0] WARNING:Minization -- RooMinimizerFcn: Minimized function has error status.
Returning maximum FCN so far (816.279) to force MIGRAD to back out of this region. Error log follows
Parameter values: JER_ele=1.71505, JER_muon=-1.07178, JES_ele=4.1964, JES_muon=-3.27998, QCD_stat_ele=6.87522, QCD_stat_muon=-6.74632, VBS_stat_ele=3.08212, VBS_stat_muon=-4.2741, ele_efficiency=-0.325711, ele_trigger=2.38958, fakephoton_ele=5.34709, fakephoton_muon=-1.49838, interference=-0.956902, lumi=-0.68641, mu_efficiency=-1.84062, mu_trigger=-2.64381, non_prompt_stat_ele=5.03952, non_prompt_stat_muon=-3.07391, others_stat_ele=4.14347, others_stat_muon=-3.63643, others_xs=0.387148, param=0.107923, pdf_ele=3.88173, pdf_muon=-4.32356, photon_id=-0.313115, pileup=0.664082, scale_ele=6.99327, scale_muon=-6.94461
RooProdPdf::model_s[ modelObs_s * nuisancePdf ]
     getLogVal() top-level p.d.f evaluates to zero @ !pdfs=(modelObs_s = 0/1,nuisancePdf = 1)

[#0] WARNING:Minization -- RooMinimizerFcn: Minimized function has error status.
Returning maximum FCN so far (816.279) to force MIGRAD to back out of this region. Error log follows
Parameter values: JER_ele=0.283364, JER_muon=-1.00148, JES_ele=4.2689, JES_muon=6.96309, QCD_stat_ele=-2.66184, QCD_stat_muon=4.55952, VBS_stat_ele=6.31827, VBS_stat_muon=6.99769, ele_efficiency=-4.43466, ele_trigger=-1.23795, fakephoton_ele=5.4441, fakephoton_muon=6.6672, interference=6.99956, lumi=-5.81857, mu_efficiency=-1.66159, mu_trigger=-6.97436, non_prompt_stat_ele=6.03112, non_prompt_stat_muon=-6.99999, others_stat_ele=-5.4339, others_stat_muon=1.89021, others_xs=2.41923, param=0.104983, pdf_ele=-3.19229, pdf_muon=4.65164, photon_id=-4.85036, pileup=-5.13021, scale_ele=-5.10844, scale_muon=-6.58585
RooProdPdf::model_s[ modelObs_s * nuisancePdf ]
     getLogVal() top-level p.d.f evaluates to zero @ !pdfs=(modelObs_s = 0/1,nuisancePdf = 1)

[#0] WARNING:Minization -- RooMinimizerFcn: Minimized function has error status.
Returning maximum FCN so far (816.279) to force MIGRAD to back out of this region. Error log follows
Parameter values: JER_ele=1.43154, JER_muon=1.06831, JES_ele=-6.57161, JES_muon=-1.26488, QCD_stat_ele=-6.56766, QCD_stat_muon=-5.40995, VBS_stat_ele=-4.74399, VBS_stat_muon=-1.86855, ele_efficiency=6.99995, ele_trigger=-0.637281, fakephoton_ele=6.20135, fakephoton_muon=-2.80087, interference=-6.424, lumi=-1.52411, mu_efficiency=-1.29623, mu_trigger=-5.16322, non_prompt_stat_ele=3.95575, non_prompt_stat_muon=-5.36141, others_stat_ele=-3.82627, others_stat_muon=3.92145, others_xs=-6.62141, param=0.105823, pdf_ele=-0.597418, pdf_muon=-6.9452, photon_id=-6.97909, pileup=-4.28525, scale_ele=-6.94105, scale_muon=-1.87842
RooProdPdf::model_s[ modelObs_s * nuisancePdf ]
     getLogVal() top-level p.d.f evaluates to zero @ !pdfs=(modelObs_s = 0/1,nuisancePdf = 1)

[#0] WARNING:Minization -- RooMinimizerFcn: Minimized function has error status.
Returning maximum FCN so far (816.279) to force MIGRAD to back out of this region. Error log follows
Parameter values: JER_ele=2.47949, JER_muon=6.26002, JES_ele=5.21036, JES_muon=4.95211, QCD_stat_ele=5.63907, QCD_stat_muon=5.99332, VBS_stat_ele=4.15103, VBS_stat_muon=6.52206, ele_efficiency=0.269464, ele_trigger=3.4271, fakephoton_ele=6.85336, fakephoton_muon=4.40627, interference=5.74667, lumi=5.50191, mu_efficiency=4.52873, mu_trigger=6.81631, non_prompt_stat_ele=6.90692, non_prompt_stat_muon=6.93495, others_stat_ele=5.59551, others_stat_muon=6.63916, others_xs=6.39781, param=0.108866, pdf_ele=5.34038, pdf_muon=-1.0278, photon_id=-2.06884, pileup=1.46494, scale_ele=5.36432, scale_muon=0.543611
RooProdPdf::model_s[ modelObs_s * nuisancePdf ]
     getLogVal() top-level p.d.f evaluates to zero @ !pdfs=(modelObs_s = 0/1,nuisancePdf = 1)

[#0] WARNING:Minization -- RooMinimizerFcn: Minimized function has error status.
Returning maximum FCN so far (1026.8) to force MIGRAD to back out of this region. Error log follows
Parameter values: JER_ele=1.64248, JER_muon=3.83886, JES_ele=0.781437, JES_muon=6.49206, QCD_stat_ele=-1.91136, QCD_stat_muon=6.93529, VBS_stat_ele=3.11291, VBS_stat_muon=6.25464, ele_efficiency=3.86181, ele_trigger=0.197917, fakephoton_ele=6.89431, fakephoton_muon=6.54711, interference=2.39995, lumi=4.86617, mu_efficiency=6.48306, mu_trigger=1.96914, non_prompt_stat_ele=4.92677, non_prompt_stat_muon=3.18493, others_stat_ele=4.34499, others_stat_muon=5.28083, others_xs=6.27081, param=0.124962, pdf_ele=2.1193, pdf_muon=5.72505, photon_id=-3.78259, pileup=4.18405, scale_ele=5.37133, scale_muon=6.9958
RooProdPdf::model_s[ modelObs_s * nuisancePdf ]
     getLogVal() top-level p.d.f evaluates to zero @ !pdfs=(modelObs_s = 0/1,nuisancePdf = 1)

[#0] WARNING:Minization -- RooMinimizerFcn: Minimized function has error status.
Returning maximum FCN so far (1026.8) to force MIGRAD to back out of this region. Error log follows
Parameter values: JER_ele=-6.61526, JER_muon=-0.874553, JES_ele=5.22132, JES_muon=6.5731, QCD_stat_ele=-6.99957, QCD_stat_muon=-6.72437, VBS_stat_ele=6.12065, VBS_stat_muon=-6.58215, ele_efficiency=2.23861, ele_trigger=-0.15031, fakephoton_ele=5.59388, fakephoton_muon=6.9348, interference=0.493282, lumi=-5.95421, mu_efficiency=-4.10232, mu_trigger=3.16993, non_prompt_stat_ele=5.55684, non_prompt_stat_muon=-6.96633, others_stat_ele=0.00899503, others_stat_muon=-6.99148, others_xs=-6.92554, param=0.115785, pdf_ele=-3.08811, pdf_muon=-6.99882, photon_id=-1.10534, pileup=-2.3969, scale_ele=0.82965, scale_muon=-5.29734
RooProdPdf::model_s[ modelObs_s * nuisancePdf ]
     getLogVal() top-level p.d.f evaluates to zero @ !pdfs=(modelObs_s = 0/1,nuisancePdf = 1)

[#0] WARNING:Minization -- RooMinimizerFcn: Minimized function has error status.
Returning maximum FCN so far (1026.8) to force MIGRAD to back out of this region. Error log follows
Parameter values: JER_ele=2.18274, JER_muon=5.59199, JES_ele=-0.214142, JES_muon=6.39933, QCD_stat_ele=-1.3234, QCD_stat_muon=2.74091, VBS_stat_ele=4.03061, VBS_stat_muon=6.92453, ele_efficiency=5.6807, ele_trigger=-0.585517, fakephoton_ele=3.46136, fakephoton_muon=6.11823, interference=3.76771, lumi=6.53984, mu_efficiency=5.79413, mu_trigger=3.82626, non_prompt_stat_ele=6.88653, non_prompt_stat_muon=5.55807, others_stat_ele=5.3724, others_stat_muon=6.97111, others_xs=6.70819, param=0.125102, pdf_ele=1.71417, pdf_muon=6.93981, photon_id=-5.92185, pileup=6.17743, scale_ele=4.35982, scale_muon=0.196302
RooProdPdf::model_s[ modelObs_s * nuisancePdf ]
     getLogVal() top-level p.d.f evaluates to zero @ !pdfs=(modelObs_s = 0/1,nuisancePdf = 1)

[#0] WARNING:Minization -- RooMinimizerFcn: Minimized function has error status.
Returning maximum FCN so far (1026.8) to force MIGRAD to back out of this region. Error log follows
Parameter values: JER_ele=1.49799, JER_muon=5.05864, JES_ele=-0.770057, JES_muon=6.83861, QCD_stat_ele=1.57949, QCD_stat_muon=4.07001, VBS_stat_ele=2.62734, VBS_stat_muon=6.94978, ele_efficiency=4.8145, ele_trigger=-0.693269, fakephoton_ele=0.90471, fakephoton_muon=6.69742, interference=3.65029, lumi=5.88568, mu_efficiency=5.61524, mu_trigger=4.59298, non_prompt_stat_ele=6.8722, non_prompt_stat_muon=5.80324, others_stat_ele=3.48435, others_stat_muon=6.98416, others_xs=6.92932, param=0.12515, pdf_ele=0.613905, pdf_muon=6.95374, photon_id=-5.27167, pileup=5.52724, scale_ele=1.01661, scale_muon=-1.2854
RooProdPdf::model_s[ modelObs_s * nuisancePdf ]
     getLogVal() top-level p.d.f evaluates to zero @ !pdfs=(modelObs_s = 0/1,nuisancePdf = 1)

[#0] WARNING:Minization -- RooMinimizerFcn: Minimized function has error status.
Returning maximum FCN so far (1026.8) to force MIGRAD to back out of this region. Error log follows
Parameter values: JER_ele=4.72943, JER_muon=6.91294, JES_ele=3.04431, JES_muon=-3.56556, QCD_stat_ele=-4.97703, QCD_stat_muon=4.78489, VBS_stat_ele=6.21839, VBS_stat_muon=-6.99927, ele_efficiency=6.67719, ele_trigger=0.0999308, fakephoton_ele=2.59143, fakephoton_muon=-2.64263, interference=6.83857, lumi=6.98312, mu_efficiency=4.95977, mu_trigger=5.29053, non_prompt_stat_ele=6.76211, non_prompt_stat_muon=-0.276286, others_stat_ele=-3.89517, others_stat_muon=-0.828691, others_xs=6.75697, param=0.124116, pdf_ele=-3.59285, pdf_muon=3.7445, photon_id=-2.4393, pileup=1.25956, scale_ele=2.817, scale_muon=-0.573624
RooProdPdf::model_s[ modelObs_s * nuisancePdf ]
     getLogVal() top-level p.d.f evaluates to zero @ !pdfs=(modelObs_s = 0/1,nuisancePdf = 1)

[#0] WARNING:Minization -- RooMinimizerFcn: Minimized function has error status.
Returning maximum FCN so far (1026.8) to force MIGRAD to back out of this region. Error log follows
Parameter values: JER_ele=-0.411694, JER_muon=-2.83303, JES_ele=-1.66615, JES_muon=-4.15229, QCD_stat_ele=-2.56428, QCD_stat_muon=-5.00121, VBS_stat_ele=-0.529665, VBS_stat_muon=-2.5695, ele_efficiency=1.45739, ele_trigger=-1.18356, fakephoton_ele=6.62336, fakephoton_muon=1.54978, interference=-2.06104, lumi=-1.17396, mu_efficiency=5.59803, mu_trigger=-3.97004, non_prompt_stat_ele=3.89971, non_prompt_stat_muon=-5.50577, others_stat_ele=-0.543682, others_stat_muon=-1.65083, others_xs=1.30133, param=0.125328, pdf_ele=-1.82444, pdf_muon=-6.14022, photon_id=-6.15958, pileup=1.85267, scale_ele=-4.23887, scale_muon=-4.44274
RooProdPdf::model_s[ modelObs_s * nuisancePdf ]
     getLogVal() top-level p.d.f evaluates to zero @ !pdfs=(modelObs_s = 0/1,nuisancePdf = 1)

[#0] WARNING:Minization -- RooMinimizerFcn: Minimized function has error status.
Returning maximum FCN so far (575.131) to force MIGRAD to back out of this region. Error log follows
Parameter values: JER_ele=0.818653, JER_muon=-0.686238, JES_ele=2.85665, JES_muon=-2.60642, QCD_stat_ele=6.76653, QCD_stat_muon=-4.85548, VBS_stat_ele=1.23048, VBS_stat_muon=-2.79198, ele_efficiency=0.758048, ele_trigger=3.93924, fakephoton_ele=4.63564, fakephoton_muon=-1.38584, interference=-1.6728, lumi=0.603402, mu_efficiency=0.294393, mu_trigger=-2.78475, non_prompt_stat_ele=6.1792, non_prompt_stat_muon=-2.88587, others_stat_ele=6.0707, others_stat_muon=-3.31396, others_xs=0.976945, param=0.0928516, pdf_ele=5.13418, pdf_muon=-5.54938, photon_id=-0.97887, pileup=-0.553884, scale_ele=2.88354, scale_muon=-6.4767
RooProdPdf::model_s[ modelObs_s * nuisancePdf ]
     getLogVal() top-level p.d.f evaluates to zero @ !pdfs=(modelObs_s = 0/1,nuisancePdf = 1)

[#0] WARNING:Minization -- RooMinimizerFcn: Minimized function has error status.
Returning maximum FCN so far (575.131) to force MIGRAD to back out of this region. Error log follows
Parameter values: JER_ele=5.40174, JER_muon=0.0217099, JES_ele=6.92144, JES_muon=0.078659, QCD_stat_ele=3.4795, QCD_stat_muon=4.85266, VBS_stat_ele=6.52787, VBS_stat_muon=-0.732344, ele_efficiency=2.17321, ele_trigger=6.673, fakephoton_ele=6.99363, fakephoton_muon=-0.553215, interference=0.12683, lumi=4.56688, mu_efficiency=0.877919, mu_trigger=-0.103332, non_prompt_stat_ele=1.24129, non_prompt_stat_muon=-0.937083, others_stat_ele=1.18406, others_stat_muon=-1.09609, others_xs=6.46007, param=0.0941068, pdf_ele=5.94988, pdf_muon=-2.37087, photon_id=6.99905, pileup=-0.153951, scale_ele=6.92151, scale_muon=3.25013
RooProdPdf::model_s[ modelObs_s * nuisancePdf ]
     getLogVal() top-level p.d.f evaluates to zero @ !pdfs=(modelObs_s = 0/1,nuisancePdf = 1)

[#0] WARNING:Minization -- RooMinimizerFcn: Minimized function has error status.
Returning maximum FCN so far (575.131) to force MIGRAD to back out of this region. Error log follows
Parameter values: JER_ele=-0.366196, JER_muon=2.21398, JES_ele=-0.0674063, JES_muon=2.59385, QCD_stat_ele=6.36857, QCD_stat_muon=3.23068, VBS_stat_ele=0.529725, VBS_stat_muon=-0.902353, ele_efficiency=0.293984, ele_trigger=2.7628, fakephoton_ele=6.88194, fakephoton_muon=-0.179864, interference=-0.0577139, lumi=1.61606, mu_efficiency=1.33781, mu_trigger=1.16042, non_prompt_stat_ele=5.8095, non_prompt_stat_muon=-0.413447, others_stat_ele=3.82592, others_stat_muon=2.13058, others_xs=2.42567, param=0.0940882, pdf_ele=2.88126, pdf_muon=-0.0248111, photon_id=2.26421, pileup=-0.378638, scale_ele=0.809511, scale_muon=3.57574
RooProdPdf::model_s[ modelObs_s * nuisancePdf ]
     getLogVal() top-level p.d.f evaluates to zero @ !pdfs=(modelObs_s = 0/1,nuisancePdf = 1)

[#0] WARNING:Minization -- RooMinimizerFcn: Minimized function has error status.
Returning maximum FCN so far (597.64) to force MIGRAD to back out of this region. Error log follows
Parameter values: JER_ele=6.3625, JER_muon=4.58351, JES_ele=-6.97329, JES_muon=-3.43517, QCD_stat_ele=-1.80671, QCD_stat_muon=-6.9998, VBS_stat_ele=6.9718, VBS_stat_muon=6.4657, ele_efficiency=2.22302, ele_trigger=-2.83571, fakephoton_ele=6.46361, fakephoton_muon=0.692867, interference=-4.59108, lumi=-4.42418, mu_efficiency=-6.41367, mu_trigger=-0.801302, non_prompt_stat_ele=6.97842, non_prompt_stat_muon=6.20315, others_stat_ele=-6.99154, others_stat_muon=-2.82916, others_xs=5.11888, param=0.107658, pdf_ele=-5.19358, pdf_muon=1.07837, photon_id=-6.98078, pileup=-6.98003, scale_ele=6.9867, scale_muon=-4.30006
RooProdPdf::model_s[ modelObs_s * nuisancePdf ]
     getLogVal() top-level p.d.f evaluates to zero @ !pdfs=(modelObs_s = 0/1,nuisancePdf = 1)

[#0] WARNING:Minization -- RooMinimizerFcn: Minimized function has error status.
Returning maximum FCN so far (597.64) to force MIGRAD to back out of this region. Error log follows
Parameter values: JER_ele=-6.06383, JER_muon=3.25596, JES_ele=-1.28789, JES_muon=5.02224, QCD_stat_ele=0.677937, QCD_stat_muon=6.32751, VBS_stat_ele=-3.89519, VBS_stat_muon=6.14539, ele_efficiency=-5.95727, ele_trigger=-6.79255, fakephoton_ele=5.49937, fakephoton_muon=-4.03431, interference=-2.60796, lumi=6.92763, mu_efficiency=-3.69297, mu_trigger=6.93267, non_prompt_stat_ele=6.40426, non_prompt_stat_muon=0.504332, others_stat_ele=-1.37993, others_stat_muon=-1.05399, others_xs=6.88993, param=0.122553, pdf_ele=6.84779, pdf_muon=1.63045, photon_id=4.62707, pileup=3.25553, scale_ele=2.18544, scale_muon=6.57316
RooProdPdf::model_s[ modelObs_s * nuisancePdf ]
     getLogVal() top-level p.d.f evaluates to zero @ !pdfs=(modelObs_s = 0/1,nuisancePdf = 1)

[#0] WARNING:Minization -- RooMinimizerFcn: Minimized function has error status.
Returning maximum FCN so far (693.132) to force MIGRAD to back out of this region. Error log follows
Parameter values: JER_ele=6.66533, JER_muon=-6.39015, JES_ele=5.97192, JES_muon=-4.69615, QCD_stat_ele=-4.28653, QCD_stat_muon=-6.98082, VBS_stat_ele=6.28421, VBS_stat_muon=-5.17301, ele_efficiency=5.80906, ele_trigger=6.61684, fakephoton_ele=3.34424, fakephoton_muon=-0.485293, interference=-5.99712, lumi=3.50137, mu_efficiency=-1.14097, mu_trigger=-3.06204, non_prompt_stat_ele=5.78617, non_prompt_stat_muon=-2.19207, others_stat_ele=3.10865, others_stat_muon=-5.47432, others_xs=4.22007, param=0.128359, pdf_ele=4.45277, pdf_muon=-5.98791, photon_id=6.96044, pileup=0.562404, scale_ele=-5.47612, scale_muon=-6.18842
RooProdPdf::model_s[ modelObs_s * nuisancePdf ]
     getLogVal() top-level p.d.f evaluates to zero @ !pdfs=(modelObs_s = 0/1,nuisancePdf = 1)

[#0] WARNING:Minization -- RooMinimizerFcn: Minimized function has error status.
Returning maximum FCN so far (693.132) to force MIGRAD to back out of this region. Error log follows
Parameter values: JER_ele=-5.60324, JER_muon=-0.454139, JES_ele=-5.68306, JES_muon=-5.25601, QCD_stat_ele=-6.63396, QCD_stat_muon=6.7765, VBS_stat_ele=2.94637, VBS_stat_muon=2.15003, ele_efficiency=-6.25181, ele_trigger=6.50838, fakephoton_ele=5.42908, fakephoton_muon=4.99578, interference=3.03503, lumi=4.64648, mu_efficiency=-1.40933, mu_trigger=-5.47716, non_prompt_stat_ele=4.10346, non_prompt_stat_muon=6.99805, others_stat_ele=-0.757138, others_stat_muon=1.63871, others_xs=6.52, param=0.127308, pdf_ele=3.54622, pdf_muon=-0.815113, photon_id=4.86449, pileup=-2.26858, scale_ele=1.1295, scale_muon=-1.77358
RooProdPdf::model_s[ modelObs_s * nuisancePdf ]
     getLogVal() top-level p.d.f evaluates to zero @ !pdfs=(modelObs_s = 0/1,nuisancePdf = 1)

[#0] WARNING:Minization -- RooMinimizerFcn: Minimized function has error status.
Returning maximum FCN so far (797.223) to force MIGRAD to back out of this region. Error log follows
Parameter values: JER_ele=6.7467, JER_muon=3.84042, JES_ele=6.32236, JES_muon=-6.7586, QCD_stat_ele=-6.1033, QCD_stat_muon=5.33146, VBS_stat_ele=6.9663, VBS_stat_muon=-4.67426, ele_efficiency=1.77592, ele_trigger=6.9142, fakephoton_ele=6.69945, fakephoton_muon=3.9955, interference=3.57329, lumi=-0.6047, mu_efficiency=-6.81289, mu_trigger=-5.05392, non_prompt_stat_ele=4.31321, non_prompt_stat_muon=-6.99948, others_stat_ele=2.74382, others_stat_muon=2.78901, others_xs=-6.185, param=0.130076, pdf_ele=2.48756, pdf_muon=2.81607, photon_id=-2.88754, pileup=6.01419, scale_ele=0.318066, scale_muon=-4.63453
RooProdPdf::model_s[ modelObs_s * nuisancePdf ]
     getLogVal() top-level p.d.f evaluates to zero @ !pdfs=(modelObs_s = 0/1,nuisancePdf = 1)

[#0] WARNING:Minization -- RooMinimizerFcn: Minimized function has error status.
Returning maximum FCN so far (797.223) to force MIGRAD to back out of this region. Error log follows
Parameter values: JER_ele=6.9997, JER_muon=-2.23167, JES_ele=4.51511, JES_muon=3.39736, QCD_stat_ele=1.7493, QCD_stat_muon=6.1921, VBS_stat_ele=6.25319, VBS_stat_muon=3.40523, ele_efficiency=1.32093, ele_trigger=6.97467, fakephoton_ele=6.51801, fakephoton_muon=0.258457, interference=5.70461, lumi=2.64076, mu_efficiency=-5.81269, mu_trigger=-5.51389, non_prompt_stat_ele=6.98413, non_prompt_stat_muon=-1.31439, others_stat_ele=-1.09783, others_stat_muon=-6.20217, others_xs=-6.98244, param=0.129985, pdf_ele=-1.65816, pdf_muon=-6.1367, photon_id=6.4836, pileup=5.8124, scale_ele=6.88322, scale_muon=-6.88258
RooProdPdf::model_s[ modelObs_s * nuisancePdf ]
     getLogVal() top-level p.d.f evaluates to zero @ !pdfs=(modelObs_s = 0/1,nuisancePdf = 1)

[#0] WARNING:Minization -- RooMinimizerFcn: Minimized function has error status.
Returning maximum FCN so far (797.223) to force MIGRAD to back out of this region. Error log follows
Parameter values: JER_ele=6.9983, JER_muon=-6.53875, JES_ele=4.65405, JES_muon=6.04099, QCD_stat_ele=1.47695, QCD_stat_muon=-5.1244, VBS_stat_ele=6.32054, VBS_stat_muon=6.97972, ele_efficiency=1.15852, ele_trigger=6.98891, fakephoton_ele=6.64461, fakephoton_muon=-3.02395, interference=6.99051, lumi=5.83067, mu_efficiency=-4.33138, mu_trigger=2.3109, non_prompt_stat_ele=6.95004, non_prompt_stat_muon=5.88447, others_stat_ele=-0.839217, others_stat_muon=-4.62531, others_xs=-4.94053, param=0.129892, pdf_ele=-1.45474, pdf_muon=6.28038, photon_id=0.756859, pileup=5.55219, scale_ele=6.77063, scale_muon=2.12739
RooProdPdf::model_s[ modelObs_s * nuisancePdf ]
     getLogVal() top-level p.d.f evaluates to zero @ !pdfs=(modelObs_s = 0/1,nuisancePdf = 1)

[#0] WARNING:Minization -- RooMinimizerFcn: Minimized function has error status.
Returning maximum FCN so far (797.223) to force MIGRAD to back out of this region. Error log follows
Parameter values: JER_ele=6.96369, JER_muon=-6.30279, JES_ele=5.33974, JES_muon=-2.80383, QCD_stat_ele=-1.07325, QCD_stat_muon=-0.0750127, VBS_stat_ele=6.63114, VBS_stat_muon=2.99775, ele_efficiency=0.966647, ele_trigger=6.99174, fakephoton_ele=6.85267, fakephoton_muon=-5.42129, interference=6.14654, lumi=6.99973, mu_efficiency=-2.61159, mu_trigger=6.96414, non_prompt_stat_ele=6.99949, non_prompt_stat_muon=6.11363, others_stat_ele=0.443945, others_stat_muon=3.32642, others_xs=-0.475882, param=0.129803, pdf_ele=-0.172521, pdf_muon=0.266745, photon_id=-6.93454, pileup=5.27393, scale_ele=5.45427, scale_muon=4.66262
RooProdPdf::model_s[ modelObs_s * nuisancePdf ]
     getLogVal() top-level p.d.f evaluates to zero @ !pdfs=(modelObs_s = 0/1,nuisancePdf = 1)

[#0] WARNING:Minization -- RooMinimizerFcn: Minimized function has error status.
Returning maximum FCN so far (797.223) to force MIGRAD to back out of this region. Error log follows
Parameter values: JER_ele=6.86872, JER_muon=-2.51251, JES_ele=5.9971, JES_muon=-6.88434, QCD_stat_ele=-3.83958, QCD_stat_muon=3.55045, VBS_stat_ele=6.87329, VBS_stat_muon=-3.54508, ele_efficiency=0.763041, ele_trigger=6.90174, fakephoton_ele=6.97868, fakephoton_muon=-6.72748, interference=3.7002, lumi=5.88923, mu_efficiency=-0.834989, mu_trigger=4.10583, non_prompt_stat_ele=6.94935, non_prompt_stat_muon=0.454515, others_stat_ele=1.88908, others_stat_muon=6.99203, others_xs=4.00208, param=0.129718, pdf_ele=1.30998, pdf_muon=-6.82029, photon_id=1.91528, pileup=4.99263, scale_ele=2.78861, scale_muon=-6.94247
RooProdPdf::model_s[ modelObs_s * nuisancePdf ]
     getLogVal() top-level p.d.f evaluates to zero @ !pdfs=(modelObs_s = 0/1,nuisancePdf = 1)

[#0] WARNING:Minization -- RooMinimizerFcn: Minimized function has error status.
Returning maximum FCN so far (797.223) to force MIGRAD to back out of this region. Error log follows
Parameter values: JER_ele=6.7194, JER_muon=2.27271, JES_ele=6.48976, JES_muon=-1.02979, QCD_stat_ele=-5.88665, QCD_stat_muon=-4.92536, VBS_stat_ele=6.98821, VBS_stat_muon=-6.93358, ele_efficiency=0.565231, ele_trigger=6.71928, fakephoton_ele=6.99251, fakephoton_muon=-6.9685, interference=0.552375, lumi=3.20542, mu_efficiency=0.863493, mu_trigger=-2.3398, non_prompt_stat_ele=6.78087, non_prompt_stat_muon=-5.29592, others_stat_ele=3.2213, others_stat_muon=3.25186, others_xs=6.61901, param=0.129637, pdf_ele=2.70425, pdf_muon=2.43896, photon_id=6.68762, pileup=4.71492, scale_ele=-0.44322, scale_muon=6.6899
RooProdPdf::model_s[ modelObs_s * nuisancePdf ]
     getLogVal() top-level p.d.f evaluates to zero @ !pdfs=(modelObs_s = 0/1,nuisancePdf = 1)

[#0] WARNING:Minization -- RooMinimizerFcn: Minimized function has error status.
Returning maximum FCN so far (941.376) to force MIGRAD to back out of this region. Error log follows
Parameter values: JER_ele=6.52906, JER_muon=5.80287, JES_ele=6.80635, JES_muon=5.89933, QCD_stat_ele=-6.88966, QCD_stat_muon=4.9238, VBS_stat_ele=6.98449, VBS_stat_muon=-5.36308, ele_efficiency=0.378973, ele_trigger=6.46457, fakephoton_ele=6.90697, fakephoton_muon=-6.3265, interference=-2.49335, lumi=-0.0761874, mu_efficiency=2.39412, mu_trigger=-6.61461, non_prompt_stat_ele=6.51669, non_prompt_stat_muon=-6.92903, others_stat_ele=4.35217, others_stat_muon=-3.23568, others_xs=6.77511, param=0.129561, pdf_ele=3.91042, pdf_muon=6.55132, photon_id=-1.44699, pileup=4.44433, scale_ele=-3.40796, scale_muon=-6.25997
RooProdPdf::model_s[ modelObs_s * nuisancePdf ]
     getLogVal() top-level p.d.f evaluates to zero @ !pdfs=(modelObs_s = 0/1,nuisancePdf = 1)

[#0] WARNING:Minization -- RooMinimizerFcn: Minimized function has error status.
Returning maximum FCN so far (941.376) to force MIGRAD to back out of this region. Error log follows
Parameter values: JER_ele=6.30965, JER_muon=6.99988, JES_ele=6.96668, JES_muon=6.15125, QCD_stat_ele=-6.87532, QCD_stat_muon=-3.65984, VBS_stat_ele=6.88361, VBS_stat_muon=-0.685577, ele_efficiency=0.205382, ele_trigger=6.1578, fakephoton_ele=6.7425, fakephoton_muon=-5.05345, interference=-4.89823, lumi=-3.12075, mu_efficiency=3.70629, mu_trigger=-6.15084, non_prompt_stat_ele=6.18228, non_prompt_stat_muon=-4.15518, others_stat_ele=5.26069, others_stat_muon=-6.86449, others_xs=4.89064, param=0.12949, pdf_ele=4.89944, pdf_muon=-1.72461, photon_id=-6.99971, pileup=4.18299, scale_ele=-5.58124, scale_muon=6.48122
RooProdPdf::model_s[ modelObs_s * nuisancePdf ]
     getLogVal() top-level p.d.f evaluates to zero @ !pdfs=(modelObs_s = 0/1,nuisancePdf = 1)

[#0] WARNING:Minization -- RooMinimizerFcn: Minimized function has error status.
Returning maximum FCN so far (941.376) to force MIGRAD to back out of this region. Error log follows
Parameter values: JER_ele=6.07081, JER_muon=5.92555, JES_ele=6.99672, JES_muon=0.595161, QCD_stat_ele=-6.04152, QCD_stat_muon=0.751218, VBS_stat_ele=6.70712, VBS_stat_muon=4.06761, ele_efficiency=0.0441634, ele_trigger=5.81582, fakephoton_ele=6.51836, fakephoton_muon=-3.40581, interference=-6.40613, lumi=-5.397, mu_efficiency=4.77982, mu_trigger=-2.08705, non_prompt_stat_ele=5.79946, non_prompt_stat_muon=0.694198, others_stat_ele=5.95332, others_stat_muon=-5.65257, others_xs=1.86719, param=0.129423, pdf_ele=5.6723, pdf_muon=-6.99658, photon_id=-2.00195, pileup=3.9323, scale_ele=-6.7586, scale_muon=-6.97352
RooProdPdf::model_s[ modelObs_s * nuisancePdf ]
     getLogVal() top-level p.d.f evaluates to zero @ !pdfs=(modelObs_s = 0/1,nuisancePdf = 1)

[#0] WARNING:Minization -- RooMinimizerFcn: Minimized function has error status.
Returning maximum FCN so far (941.376) to force MIGRAD to back out of this region. Error log follows
Parameter values: JER_ele=5.82019, JER_muon=3.3214, JES_ele=6.92192, JES_muon=-5.16949, QCD_stat_ele=-4.64516, QCD_stat_muon=3.55192, VBS_stat_ele=6.47398, VBS_stat_muon=6.71762, ele_efficiency=-0.105358, ele_trigger=5.45215, fakephoton_ele=6.25105, fakephoton_muon=-1.6059, interference=-6.98662, lumi=-6.68197, mu_efficiency=5.61614, mu_trigger=2.79899, non_prompt_stat_ele=5.38597, non_prompt_stat_muon=4.92562, others_stat_ele=6.44878, others_stat_muon=-1.20088, others_xs=-1.3685, param=0.12936, pdf_ele=6.24424, pdf_muon=-1.96929, photon_id=5.43432, pileup=3.69311, scale_ele=-6.9696, scale_muon=6.3892
RooProdPdf::model_s[ modelObs_s * nuisancePdf ]
     getLogVal() top-level p.d.f evaluates to zero @ !pdfs=(modelObs_s = 0/1,nuisancePdf = 1)

[#0] WARNING:Minization -- RooMinimizerFcn: Minimized function has error status.
Returning maximum FCN so far (941.376) to force MIGRAD to back out of this region. Error log follows
Parameter values: JER_ele=5.56382, JER_muon=0.11877, JES_ele=6.76521, JES_muon=-6.95835, QCD_stat_ele=-2.93666, QCD_stat_muon=-6.83697, VBS_stat_ele=6.20016, VBS_stat_muon=6.61747, ele_efficiency=-0.243935, ele_trigger=5.07748, fakephoton_ele=5.95418, fakephoton_muon=0.174853, interference=-6.75481, lumi=-6.98867, mu_efficiency=6.23068, mu_trigger=6.15159, non_prompt_stat_ele=4.95592, non_prompt_stat_muon=6.91194, others_stat_ele=6.77124, others_stat_muon=3.59337, others_xs=-4.12103, param=0.129301, pdf_ele=6.63732, pdf_muon=5.38441, photon_id=6.41749, pileup=3.46589, scale_ele=-6.38062, scale_muon=-3.0436
RooProdPdf::model_s[ modelObs_s * nuisancePdf ]
     getLogVal() top-level p.d.f evaluates to zero @ !pdfs=(modelObs_s = 0/1,nuisancePdf = 1)

[#0] WARNING:Minization -- RooMinimizerFcn: Minimized function has error status.
Returning maximum FCN so far (941.376) to force MIGRAD to back out of this region. Error log follows
Parameter values: JER_ele=5.30642, JER_muon=-2.89001, JES_ele=6.54654, JES_muon=-4.37182, QCD_stat_ele=-1.12619, QCD_stat_muon=4.9988, VBS_stat_ele=5.89884, VBS_stat_muon=4.32823, ele_efficiency=-0.372315, ele_trigger=4.70011, fakephoton_ele=5.63881, fakephoton_muon=1.81793, interference=-5.89764, lumi=-6.474, mu_efficiency=6.6469, mu_trigger=6.9528, non_prompt_stat_ele=4.5203, non_prompt_stat_muon=6.3727, others_stat_ele=6.94655, others_stat_muon=6.52073, others_xs=-6.00322, param=0.129246, pdf_ele=6.87629, pdf_muon=6.48845, photon_id=1.02472, pileup=3.25083, scale_ele=-5.21471, scale_muon=-2.9089
RooProdPdf::model_s[ modelObs_s * nuisancePdf ]
     getLogVal() top-level p.d.f evaluates to zero @ !pdfs=(modelObs_s = 0/1,nuisancePdf = 1)

[#0] WARNING:Minization -- RooMinimizerFcn: Minimized function has error status.
Returning maximum FCN so far (941.376) to force MIGRAD to back out of this region. Error log follows
Parameter values: JER_ele=5.05164, JER_muon=-5.19302, JES_ele=6.28277, JES_muon=0.385483, QCD_stat_ele=0.628728, QCD_stat_muon=2.42183, VBS_stat_ele=5.58068, VBS_stat_muon=0.951084, ele_efficiency=-0.491213, ele_trigger=4.32639, fakephoton_ele=5.31378, fakephoton_muon=3.25166, interference=-4.61937, lumi=-5.35816, mu_efficiency=6.89189, mu_trigger=5.42073, non_prompt_stat_ele=4.08751, non_prompt_stat_muon=3.96162, others_stat_ele=7, others_stat_muon=6.80069, others_xs=-6.90101, param=0.129194, pdf_ele=6.98606, pdf_muon=1.30092, photon_id=-4.98313, pileup=3.04791, scale_ele=-3.69669, scale_muon=6.96597
RooProdPdf::model_s[ modelObs_s * nuisancePdf ]
     getLogVal() top-level p.d.f evaluates to zero @ !pdfs=(modelObs_s = 0/1,nuisancePdf = 1)

[#0] WARNING:Minization -- RooMinimizerFcn: Minimized function has error status.
Returning maximum FCN so far (943.496) to force MIGRAD to back out of this region. Error log follows
Parameter values: JER_ele=2.22325, JER_muon=6.83713, JES_ele=1.86017, JES_muon=1.94857, QCD_stat_ele=5.05759, QCD_stat_muon=6.92162, VBS_stat_ele=1.47914, VBS_stat_muon=6.95213, ele_efficiency=-1.54176, ele_trigger=0.298735, fakephoton_ele=1.3627, fakephoton_muon=4.46755, interference=6.83449, lumi=6.6583, mu_efficiency=3.17565, mu_trigger=6.0656, non_prompt_stat_ele=-0.534502, non_prompt_stat_muon=6.2335, others_stat_ele=3.19429, others_stat_muon=5.82083, others_xs=6.99979, param=0.128711, pdf_ele=3.46042, pdf_muon=-4.49104, photon_id=-1.75732, pileup=1.12115, scale_ele=6.42594, scale_muon=6.99647
RooProdPdf::model_s[ modelObs_s * nuisancePdf ]
     getLogVal() top-level p.d.f evaluates to zero @ !pdfs=(modelObs_s = 0/1,nuisancePdf = 1)

[#0] WARNING:Minization -- RooMinimizerFcn: Minimized function has error status.
Returning maximum FCN so far (943.496) to force MIGRAD to back out of this region. Error log follows
Parameter values: JER_ele=2.12397, JER_muon=6.96286, JES_ele=1.68336, JES_muon=3.25235, QCD_stat_ele=4.71019, QCD_stat_muon=5.35794, VBS_stat_ele=1.32877, VBS_stat_muon=6.99703, ele_efficiency=-1.57377, ele_trigger=0.163966, fakephoton_ele=1.22115, fakephoton_muon=4.13217, interference=6.69677, lumi=6.45046, mu_efficiency=2.92737, mu_trigger=6.5368, non_prompt_stat_ele=-0.685292, non_prompt_stat_muon=6.63849, others_stat_ele=2.9813, others_stat_muon=6.39051, others_xs=6.95754, param=0.128696, pdf_ele=3.24847, pdf_muon=-2.86164, photon_id=0.0355514, pileup=1.05928, scale_ele=6.18906, scale_muon=5.98046
RooProdPdf::model_s[ modelObs_s * nuisancePdf ]
     getLogVal() top-level p.d.f evaluates to zero @ !pdfs=(modelObs_s = 0/1,nuisancePdf = 1)

[#0] WARNING:Minization -- RooMinimizerFcn: Minimized function has error status.
Returning maximum FCN so far (943.496) to force MIGRAD to back out of this region. Error log follows
Parameter values: JER_ele=2.03151, JER_muon=6.99999, JES_ele=1.51843, JES_muon=4.34492, QCD_stat_ele=4.36791, QCD_stat_muon=2.48216, VBS_stat_ele=1.18881, VBS_stat_muon=6.90533, ele_efficiency=-1.60341, ele_trigger=0.0389808, fakephoton_ele=1.08947, fakephoton_muon=3.80763, interference=6.53317, lumi=6.216, mu_efficiency=2.69314, mu_trigger=6.83055, non_prompt_stat_ele=-0.82479, non_prompt_stat_muon=6.88166, others_stat_ele=2.78079, others_stat_muon=6.75716, others_xs=6.85313, param=0.128681, pdf_ele=3.04853, pdf_muon=-1.15559, photon_id=1.69805, pileup=1.00185, scale_ele=5.93556, scale_muon=3.28354
RooProdPdf::model_s[ modelObs_s * nuisancePdf ]
     getLogVal() top-level p.d.f evaluates to zero @ !pdfs=(modelObs_s = 0/1,nuisancePdf = 1)

[#0] WARNING:Minization -- RooMinimizerFcn: Minimized function has error status.
Returning maximum FCN so far (537.466) to force MIGRAD to back out of this region. Error log follows
Parameter values: JER_ele=1.84853, JER_muon=-1.08418, JES_ele=2.02478, JES_muon=1.15939, QCD_stat_ele=1.79516, QCD_stat_muon=2.40595, VBS_stat_ele=0.51184, VBS_stat_muon=-0.0217413, ele_efficiency=-0.374627, ele_trigger=-0.652604, fakephoton_ele=4.42981, fakephoton_muon=0.0721289, interference=1.56109, lumi=1.14234, mu_efficiency=0.772885, mu_trigger=1.00207, non_prompt_stat_ele=6.61368, non_prompt_stat_muon=1.05509, others_stat_ele=3.28849, others_stat_muon=1.79074, others_xs=2.57144, param=0.110908, pdf_ele=0.379829, pdf_muon=2.29513, photon_id=2.26253, pileup=0.808865, scale_ele=2.10246, scale_muon=3.10041
RooProdPdf::model_s[ modelObs_s * nuisancePdf ]
     getLogVal() top-level p.d.f evaluates to zero @ !pdfs=(modelObs_s = 0/1,nuisancePdf = 1)


 -- Hybrid New -- 
CLs = 0.65625 +/- 0.037575
Done in 20.20 min (cpu), 20.44 min (real)
