 <<< Combine >>> 
>>> including systematics
>>> using the Profile Likelihood test statistics modified for upper limits (Q_LHC)
>>> method used is HybridNew
>>> Used OpenSSL to get a really random seed -775641364
Computing results starting from observation (a-posteriori)
[#0] WARNING:Minization -- RooMinimizerFcn: Minimized function has error status.
Returning maximum FCN so far (760.274) to force MIGRAD to back out of this region. Error log follows
Parameter values: JER_ele=2.53714, JER_muon=0.995769, JES_ele=3.34003, JES_muon=2.94163, QCD_stat_ele=3.85152, QCD_stat_muon=6.65445, VBS_stat_ele=5.8015, VBS_stat_muon=1.79015, ele_efficiency=0.70193, ele_trigger=1.71387, fakephoton_ele=0.829354, fakephoton_muon=2.07803, interference=0.915289, lumi=1.03239, mu_efficiency=0.494706, mu_trigger=2.21754, non_prompt_stat_ele=4.26208, non_prompt_stat_muon=4.09848, others_stat_ele=0.087676, others_stat_muon=1.47463, others_xs=0.5272, param=0.0850977, pdf_ele=3.97835, pdf_muon=3.56466, photon_id=5.40972, pileup=0.870216, scale_ele=6.46974, scale_muon=6.99952
RooProdPdf::model_s[ modelObs_s * nuisancePdf ]
     getLogVal() top-level p.d.f evaluates to zero @ !pdfs=(modelObs_s = 0/1,nuisancePdf = 1)

[#0] WARNING:Minization -- RooMinimizerFcn: Minimized function has error status.
Returning maximum FCN so far (398.968) to force MIGRAD to back out of this region. Error log follows
Parameter values: JER_ele=-4.64057, JER_muon=-2.2831, JES_ele=0.531954, JES_muon=0.404122, QCD_stat_ele=-5.15579, QCD_stat_muon=6.09187, VBS_stat_ele=4.73581, VBS_stat_muon=-6.64921, ele_efficiency=-3.17942, ele_trigger=-6.66003, fakephoton_ele=6.86796, fakephoton_muon=5.49332, interference=-6.79599, lumi=-1.75951, mu_efficiency=-0.807737, mu_trigger=-6.71329, non_prompt_stat_ele=6.43308, non_prompt_stat_muon=-5.99678, others_stat_ele=-5.78113, others_stat_muon=-3.51906, others_xs=-0.351638, param=0.00555082, pdf_ele=3.54686, pdf_muon=6.99986, photon_id=-0.527042, pileup=2.10668, scale_ele=4.35025, scale_muon=-3.02591
RooProdPdf::model_s[ modelObs_s * nuisancePdf ]
     getLogVal() top-level p.d.f evaluates to zero @ !pdfs=(modelObs_s = 0/1,nuisancePdf = 1)

[#0] WARNING:Minization -- RooMinimizerFcn: Minimized function has error status.
Returning maximum FCN so far (398.968) to force MIGRAD to back out of this region. Error log follows
Parameter values: JER_ele=6.67146, JER_muon=-6.38659, JES_ele=4.62547, JES_muon=-1.0079, QCD_stat_ele=6.99905, QCD_stat_muon=4.51259, VBS_stat_ele=6.99112, VBS_stat_muon=2.9025, ele_efficiency=-4.79801, ele_trigger=-6.52727, fakephoton_ele=6.80326, fakephoton_muon=0.893785, interference=-0.335679, lumi=1.77258, mu_efficiency=-6.88576, mu_trigger=-6.16193, non_prompt_stat_ele=6.27817, non_prompt_stat_muon=2.42533, others_stat_ele=-2.14029, others_stat_muon=-6.20766, others_xs=6.96581, param=0.0809677, pdf_ele=3.91885, pdf_muon=6.43436, photon_id=-4.56205, pileup=0.201829, scale_ele=1.44628, scale_muon=-6.2412
RooProdPdf::model_s[ modelObs_s * nuisancePdf ]
     getLogVal() top-level p.d.f evaluates to zero @ !pdfs=(modelObs_s = 0/1,nuisancePdf = 1)

[#0] WARNING:Minization -- RooMinimizerFcn: Minimized function has error status.
Returning maximum FCN so far (398.968) to force MIGRAD to back out of this region. Error log follows
Parameter values: JER_ele=-0.963048, JER_muon=4.3476, JES_ele=-6.99672, JES_muon=6.91204, QCD_stat_ele=-2.45895, QCD_stat_muon=4.58484, VBS_stat_ele=-0.151745, VBS_stat_muon=-3.01368, ele_efficiency=2.25875, ele_trigger=-1.40252, fakephoton_ele=5.70019, fakephoton_muon=6.59847, interference=6.54467, lumi=-6.78622, mu_efficiency=6.84389, mu_trigger=2.78564, non_prompt_stat_ele=3.75649, non_prompt_stat_muon=3.20875, others_stat_ele=6.59445, others_stat_muon=-5.26241, others_xs=4.11923, param=0.0838739, pdf_ele=-1.76525, pdf_muon=4.33901, photon_id=5.7259, pileup=6.43816, scale_ele=-5.8301, scale_muon=4.91089
RooProdPdf::model_s[ modelObs_s * nuisancePdf ]
     getLogVal() top-level p.d.f evaluates to zero @ !pdfs=(modelObs_s = 0/1,nuisancePdf = 1)

[#0] WARNING:Minization -- RooMinimizerFcn: Minimized function has error status.
Returning maximum FCN so far (896.223) to force MIGRAD to back out of this region. Error log follows
Parameter values: JER_ele=2.25139, JER_muon=-3.72253, JES_ele=-6.99855, JES_muon=0.46295, QCD_stat_ele=-2.12178, QCD_stat_muon=-3.21788, VBS_stat_ele=-6.60312, VBS_stat_muon=-3.34574, ele_efficiency=6.75389, ele_trigger=5.49094, fakephoton_ele=6.95381, fakephoton_muon=-6.51894, interference=2.4355, lumi=5.11976, mu_efficiency=-6.04448, mu_trigger=2.84091, non_prompt_stat_ele=6.54484, non_prompt_stat_muon=6.98131, others_stat_ele=6.37174, others_stat_muon=6.72825, others_xs=6.80234, param=0.0620264, pdf_ele=-0.126362, pdf_muon=-6.00246, photon_id=2.61293, pileup=-6.0448, scale_ele=4.51141, scale_muon=6.90469
RooProdPdf::model_s[ modelObs_s * nuisancePdf ]
     getLogVal() top-level p.d.f evaluates to zero @ !pdfs=(modelObs_s = 0/1,nuisancePdf = 1)

[#0] WARNING:Minization -- RooMinimizerFcn: Minimized function has error status.
Returning maximum FCN so far (595.062) to force MIGRAD to back out of this region. Error log follows
Parameter values: JER_ele=1.14559, JER_muon=-2.64387, JES_ele=0.0204966, JES_muon=-6.44669, QCD_stat_ele=-0.997677, QCD_stat_muon=-6.79941, VBS_stat_ele=-0.364745, VBS_stat_muon=2.13443, ele_efficiency=4.9499, ele_trigger=6.98149, fakephoton_ele=6.98631, fakephoton_muon=5.8129, interference=5.0781, lumi=0.0472371, mu_efficiency=-6.99536, mu_trigger=-5.39905, non_prompt_stat_ele=2.4774, non_prompt_stat_muon=1.70594, others_stat_ele=6.92321, others_stat_muon=6.48042, others_xs=6.86418, param=0.0372549, pdf_ele=-4.77977, pdf_muon=-6.04271, photon_id=0.607458, pileup=-1.91982, scale_ele=4.88919, scale_muon=-3.95461
RooProdPdf::model_s[ modelObs_s * nuisancePdf ]
     getLogVal() top-level p.d.f evaluates to zero @ !pdfs=(modelObs_s = 0/1,nuisancePdf = 1)

[#0] WARNING:Minization -- RooMinimizerFcn: Minimized function has error status.
Returning maximum FCN so far (844.533) to force MIGRAD to back out of this region. Error log follows
Parameter values: JER_ele=-2.3295, JER_muon=-1.49971, JES_ele=-2.11754, JES_muon=-3.49236, QCD_stat_ele=-5.98999, QCD_stat_muon=6.8103, VBS_stat_ele=-6.18724, VBS_stat_muon=-5.65098, ele_efficiency=-0.891187, ele_trigger=1.34208, fakephoton_ele=6.65559, fakephoton_muon=-5.27203, interference=4.61107, lumi=-0.688033, mu_efficiency=-6.23951, mu_trigger=-5.69318, non_prompt_stat_ele=6.8294, non_prompt_stat_muon=-3.75421, others_stat_ele=4.14534, others_stat_muon=-6.33336, others_xs=0.610636, param=0.0696449, pdf_ele=-6.57834, pdf_muon=-5.98365, photon_id=-4.63628, pileup=6.94964, scale_ele=-5.65821, scale_muon=-2.77259
RooProdPdf::model_s[ modelObs_s * nuisancePdf ]
     getLogVal() top-level p.d.f evaluates to zero @ !pdfs=(modelObs_s = 0/1,nuisancePdf = 1)

[#0] WARNING:Minization -- RooMinimizerFcn: Minimized function has error status.
Returning maximum FCN so far (844.533) to force MIGRAD to back out of this region. Error log follows
Parameter values: JER_ele=-6.73639, JER_muon=-2.34732, JES_ele=6.92038, JES_muon=-5.29008, QCD_stat_ele=6.98328, QCD_stat_muon=-6.41866, VBS_stat_ele=-4.97222, VBS_stat_muon=-0.094541, ele_efficiency=6.14734, ele_trigger=6.5543, fakephoton_ele=6.8699, fakephoton_muon=1.25726, interference=6.08588, lumi=-5.45324, mu_efficiency=6.14456, mu_trigger=-6.74704, non_prompt_stat_ele=6.94198, non_prompt_stat_muon=0.18841, others_stat_ele=6.52456, others_stat_muon=-5.33987, others_xs=4.5638, param=0.0365762, pdf_ele=6.20034, pdf_muon=-6.44521, photon_id=-5.56877, pileup=-3.49879, scale_ele=-6.42769, scale_muon=0.636106
RooProdPdf::model_s[ modelObs_s * nuisancePdf ]
     getLogVal() top-level p.d.f evaluates to zero @ !pdfs=(modelObs_s = 0/1,nuisancePdf = 1)

[#0] WARNING:Minization -- RooMinimizerFcn: Minimized function has error status.
Returning maximum FCN so far (844.533) to force MIGRAD to back out of this region. Error log follows
Parameter values: JER_ele=-6.9788, JER_muon=2.88701, JES_ele=6.55699, JES_muon=-6.70239, QCD_stat_ele=4.69178, QCD_stat_muon=4.74667, VBS_stat_ele=6.27987, VBS_stat_muon=5.98205, ele_efficiency=6.60318, ele_trigger=3.84741, fakephoton_ele=4.58081, fakephoton_muon=-6.99059, interference=-0.0290151, lumi=5.33966, mu_efficiency=-6.53108, mu_trigger=2.43037, non_prompt_stat_ele=3.78913, non_prompt_stat_muon=3.04705, others_stat_ele=5.30456, others_stat_muon=-2.69301, others_xs=2.45624, param=0.0543987, pdf_ele=6.92204, pdf_muon=-6.22564, photon_id=4.96392, pileup=-3.78767, scale_ele=2.32153, scale_muon=-6.88565
RooProdPdf::model_s[ modelObs_s * nuisancePdf ]
     getLogVal() top-level p.d.f evaluates to zero @ !pdfs=(modelObs_s = 0/1,nuisancePdf = 1)

[#0] WARNING:Minization -- RooMinimizerFcn: Minimized function has error status.
Returning maximum FCN so far (844.533) to force MIGRAD to back out of this region. Error log follows
Parameter values: JER_ele=6.8736, JER_muon=1.28726, JES_ele=-6.84052, JES_muon=-0.500424, QCD_stat_ele=4.41843, QCD_stat_muon=6.75398, VBS_stat_ele=1.01999, VBS_stat_muon=-0.221844, ele_efficiency=-4.41932, ele_trigger=4.00455, fakephoton_ele=6.63893, fakephoton_muon=2.43272, interference=6.13282, lumi=6.16495, mu_efficiency=2.73849, mu_trigger=1.51205, non_prompt_stat_ele=6.97721, non_prompt_stat_muon=-3.30672, others_stat_ele=-6.78655, others_stat_muon=6.23486, others_xs=6.9464, param=0.062836, pdf_ele=-6.54993, pdf_muon=6.68925, photon_id=-6.27167, pileup=-6.92883, scale_ele=5.91846, scale_muon=-6.93691
RooProdPdf::model_s[ modelObs_s * nuisancePdf ]
     getLogVal() top-level p.d.f evaluates to zero @ !pdfs=(modelObs_s = 0/1,nuisancePdf = 1)

[#0] WARNING:Minization -- RooMinimizerFcn: Minimized function has error status.
Returning maximum FCN so far (844.533) to force MIGRAD to back out of this region. Error log follows
Parameter values: JER_ele=2.1193, JER_muon=5.33105, JES_ele=3.34257, JES_muon=6.99389, QCD_stat_ele=6.99014, QCD_stat_muon=6.3712, VBS_stat_ele=2.78516, VBS_stat_muon=6.44846, ele_efficiency=0.620152, ele_trigger=3.31917, fakephoton_ele=5.84519, fakephoton_muon=2.43466, interference=5.72394, lumi=5.3546, mu_efficiency=0.465932, mu_trigger=6.09153, non_prompt_stat_ele=-6.99582, non_prompt_stat_muon=6.46253, others_stat_ele=3.46314, others_stat_muon=6.92996, others_xs=6.0593, param=0.0697751, pdf_ele=3.8888, pdf_muon=6.99528, photon_id=6.20709, pileup=3.62483, scale_ele=6.75881, scale_muon=-5.82394
RooProdPdf::model_s[ modelObs_s * nuisancePdf ]
     getLogVal() top-level p.d.f evaluates to zero @ !pdfs=(modelObs_s = 0/1,nuisancePdf = 1)

[#0] WARNING:Minization -- RooMinimizerFcn: Minimized function has error status.
Returning maximum FCN so far (898.835) to force MIGRAD to back out of this region. Error log follows
Parameter values: JER_ele=0.196997, JER_muon=3.88022, JES_ele=0.109152, JES_muon=4.66238, QCD_stat_ele=0.915018, QCD_stat_muon=-5.56338, VBS_stat_ele=-1.14244, VBS_stat_muon=5.38693, ele_efficiency=-0.154865, ele_trigger=2.19005, fakephoton_ele=6.10252, fakephoton_muon=-1.3406, interference=6.53113, lumi=3.94391, mu_efficiency=-3.09929, mu_trigger=2.13576, non_prompt_stat_ele=6.96608, non_prompt_stat_muon=2.54421, others_stat_ele=3.0483, others_stat_muon=5.75087, others_xs=4.89769, param=0.0696493, pdf_ele=-1.79596, pdf_muon=-0.532654, photon_id=1.18718, pileup=6.99465, scale_ele=1.67745, scale_muon=6.51887
RooProdPdf::model_s[ modelObs_s * nuisancePdf ]
     getLogVal() top-level p.d.f evaluates to zero @ !pdfs=(modelObs_s = 0/1,nuisancePdf = 1)

[#0] WARNING:Minization -- RooMinimizerFcn: Minimized function has error status.
Returning maximum FCN so far (898.835) to force MIGRAD to back out of this region. Error log follows
Parameter values: JER_ele=5.6868, JER_muon=6.11564, JES_ele=-0.553756, JES_muon=-0.17663, QCD_stat_ele=3.42453, QCD_stat_muon=6.84244, VBS_stat_ele=-6.99659, VBS_stat_muon=-2.39094, ele_efficiency=-6.9292, ele_trigger=2.00001, fakephoton_ele=2.58898, fakephoton_muon=3.32375, interference=-6.98469, lumi=-4.05582, mu_efficiency=-2.81219, mu_trigger=6.92861, non_prompt_stat_ele=6.93257, non_prompt_stat_muon=-6.94642, others_stat_ele=-2.79679, others_stat_muon=1.15549, others_xs=6.69435, param=0.0602686, pdf_ele=6.87325, pdf_muon=-6.94942, photon_id=-4.57432, pileup=-6.86667, scale_ele=-6.23583, scale_muon=3.50238
RooProdPdf::model_s[ modelObs_s * nuisancePdf ]
     getLogVal() top-level p.d.f evaluates to zero @ !pdfs=(modelObs_s = 0/1,nuisancePdf = 1)

[#0] WARNING:Minization -- RooMinimizerFcn: Minimized function has error status.
Returning maximum FCN so far (898.835) to force MIGRAD to back out of this region. Error log follows
Parameter values: JER_ele=-1.87857, JER_muon=-2.59422, JES_ele=-3.63527, JES_muon=5.30805, QCD_stat_ele=-6.35359, QCD_stat_muon=1.88409, VBS_stat_ele=-2.05619, VBS_stat_muon=0.555506, ele_efficiency=-0.62017, ele_trigger=-2.82367, fakephoton_ele=6.88079, fakephoton_muon=-6.81322, interference=-6.80859, lumi=-6.09758, mu_efficiency=-5.69249, mu_trigger=5.19971, non_prompt_stat_ele=5.74981, non_prompt_stat_muon=6.88888, others_stat_ele=-4.12005, others_stat_muon=3.48392, others_xs=-3.93993, param=0.0693389, pdf_ele=-3.55582, pdf_muon=-3.20596, photon_id=-0.0862395, pileup=4.21089, scale_ele=-6.62461, scale_muon=-0.213555
RooProdPdf::model_s[ modelObs_s * nuisancePdf ]
     getLogVal() top-level p.d.f evaluates to zero @ !pdfs=(modelObs_s = 0/1,nuisancePdf = 1)

[#0] WARNING:Minization -- RooMinimizerFcn: Minimized function has error status.
Returning maximum FCN so far (898.835) to force MIGRAD to back out of this region. Error log follows
Parameter values: JER_ele=-6.70689, JER_muon=3.20813, JES_ele=-0.304506, JES_muon=-5.73441, QCD_stat_ele=-4.16648, QCD_stat_muon=-5.31954, VBS_stat_ele=-2.08905, VBS_stat_muon=-1.88227, ele_efficiency=-3.84161, ele_trigger=-5.58442, fakephoton_ele=6.13496, fakephoton_muon=-4.16591, interference=-6.42647, lumi=-1.16363, mu_efficiency=-6.99757, mu_trigger=5.80758, non_prompt_stat_ele=6.81235, non_prompt_stat_muon=0.397822, others_stat_ele=-3.65878, others_stat_muon=-6.91838, others_xs=-1.95759, param=0.0693703, pdf_ele=5.06706, pdf_muon=6.95822, photon_id=6.90971, pileup=-5.26058, scale_ele=-3.39334, scale_muon=1.35515
RooProdPdf::model_s[ modelObs_s * nuisancePdf ]
     getLogVal() top-level p.d.f evaluates to zero @ !pdfs=(modelObs_s = 0/1,nuisancePdf = 1)

[#0] WARNING:Minization -- RooMinimizerFcn: Minimized function has error status.
Returning maximum FCN so far (1047.84) to force MIGRAD to back out of this region. Error log follows
Parameter values: JER_ele=-2.48639, JER_muon=-5.08728, JES_ele=-4.27933, JES_muon=-6.99864, QCD_stat_ele=-6.90949, QCD_stat_muon=6.88715, VBS_stat_ele=-3.20915, VBS_stat_muon=-4.20603, ele_efficiency=-0.79383, ele_trigger=-3.51578, fakephoton_ele=6.98432, fakephoton_muon=-3.20633, interference=-3.00787, lumi=-4.40955, mu_efficiency=-1.39973, mu_trigger=-6.26513, non_prompt_stat_ele=6.30036, non_prompt_stat_muon=-6.83662, others_stat_ele=-4.15686, others_stat_muon=-1.67518, others_xs=-4.21303, param=0.0698326, pdf_ele=-4.82097, pdf_muon=-6.19134, photon_id=-5.68253, pileup=3.56349, scale_ele=-6.97783, scale_muon=6.9855
RooProdPdf::model_s[ modelObs_s * nuisancePdf ]
     getLogVal() top-level p.d.f evaluates to zero @ !pdfs=(modelObs_s = 0/1,nuisancePdf = 1)

[#0] WARNING:Minization -- RooMinimizerFcn: Minimized function has error status.
Returning maximum FCN so far (463.05) to force MIGRAD to back out of this region. Error log follows
Parameter values: JER_ele=2.4645, JER_muon=1.87881, JES_ele=-3.68287, JES_muon=-1.64479, QCD_stat_ele=4.2254, QCD_stat_muon=5.53366, VBS_stat_ele=-6.50883, VBS_stat_muon=-4.45183, ele_efficiency=-6.08784, ele_trigger=-6.33365, fakephoton_ele=2.55797, fakephoton_muon=6.20645, interference=0.569579, lumi=-2.92028, mu_efficiency=6.99552, mu_trigger=6.99999, non_prompt_stat_ele=6.63922, non_prompt_stat_muon=-6.57602, others_stat_ele=5.08548, others_stat_muon=-2.19774, others_xs=6.54542, param=0.0429117, pdf_ele=6.70009, pdf_muon=5.98128, photon_id=-6.04019, pileup=-6.99998, scale_ele=-2.66575, scale_muon=5.03736
RooProdPdf::model_s[ modelObs_s * nuisancePdf ]
     getLogVal() top-level p.d.f evaluates to zero @ !pdfs=(modelObs_s = 0/1,nuisancePdf = 1)

[#0] WARNING:Minization -- RooMinimizerFcn: Minimized function has error status.
Returning maximum FCN so far (580.769) to force MIGRAD to back out of this region. Error log follows
Parameter values: JER_ele=-6.35245, JER_muon=6.63738, JES_ele=6.09522, JES_muon=-6.93457, QCD_stat_ele=-5.95299, QCD_stat_muon=6.96629, VBS_stat_ele=5.23232, VBS_stat_muon=-2.00882, ele_efficiency=6.76593, ele_trigger=-6.53142, fakephoton_ele=6.8917, fakephoton_muon=6.97602, interference=-4.38194, lumi=1.55281, mu_efficiency=3.20804, mu_trigger=-6.4398, non_prompt_stat_ele=6.21986, non_prompt_stat_muon=2.92056, others_stat_ele=-0.548, others_stat_muon=-6.5429, others_xs=-3.29595, param=0.0808844, pdf_ele=6.66925, pdf_muon=-6.7999, photon_id=-1.70801, pileup=-2.21873, scale_ele=3.934, scale_muon=6.20655
RooProdPdf::model_s[ modelObs_s * nuisancePdf ]
     getLogVal() top-level p.d.f evaluates to zero @ !pdfs=(modelObs_s = 0/1,nuisancePdf = 1)

[#0] WARNING:Minization -- RooMinimizerFcn: Minimized function has error status.
Returning maximum FCN so far (580.769) to force MIGRAD to back out of this region. Error log follows
Parameter values: JER_ele=0.540885, JER_muon=0.490916, JES_ele=0.83572, JES_muon=-3.19734, QCD_stat_ele=6.17424, QCD_stat_muon=-2.35966, VBS_stat_ele=0.880018, VBS_stat_muon=1.45842, ele_efficiency=1.93207, ele_trigger=0.869719, fakephoton_ele=6.49769, fakephoton_muon=3.26829, interference=0.0454807, lumi=-0.2946, mu_efficiency=-0.000634762, mu_trigger=0.614347, non_prompt_stat_ele=4.91538, non_prompt_stat_muon=-5.26838, others_stat_ele=-5.55436, others_stat_muon=3.50896, others_xs=3.21867, param=0.0831018, pdf_ele=-0.665745, pdf_muon=5.7205, photon_id=0.700897, pileup=-2.63963, scale_ele=5.214, scale_muon=-4.53872
RooProdPdf::model_s[ modelObs_s * nuisancePdf ]
     getLogVal() top-level p.d.f evaluates to zero @ !pdfs=(modelObs_s = 0/1,nuisancePdf = 1)

[#0] WARNING:Minization -- RooMinimizerFcn: Minimized function has error status.
Returning maximum FCN so far (580.769) to force MIGRAD to back out of this region. Error log follows
Parameter values: JER_ele=0.961321, JER_muon=1.7492, JES_ele=0.970854, JES_muon=-0.940617, QCD_stat_ele=6.86316, QCD_stat_muon=-6.34043, VBS_stat_ele=1.52091, VBS_stat_muon=3.02926, ele_efficiency=1.58212, ele_trigger=0.915687, fakephoton_ele=6.99999, fakephoton_muon=2.9009, interference=0.903484, lumi=0.995052, mu_efficiency=0.403143, mu_trigger=2.05725, non_prompt_stat_ele=4.42197, non_prompt_stat_muon=-5.93885, others_stat_ele=-4.73378, others_stat_muon=5.60351, others_xs=4.78161, param=0.0832161, pdf_ele=-0.205547, pdf_muon=5.44342, photon_id=3.24605, pileup=-2.6093, scale_ele=6.75446, scale_muon=1.27377
RooProdPdf::model_s[ modelObs_s * nuisancePdf ]
     getLogVal() top-level p.d.f evaluates to zero @ !pdfs=(modelObs_s = 0/1,nuisancePdf = 1)

[#0] WARNING:Minization -- RooMinimizerFcn: Minimized function has error status.
Returning maximum FCN so far (41.25) to force MIGRAD to back out of this region. Error log follows
Parameter values: JER_ele=6.9277, JER_muon=6.68901, JES_ele=-4.93761, JES_muon=6.2428, QCD_stat_ele=5.12583, QCD_stat_muon=6.58635, VBS_stat_ele=-2.06254, VBS_stat_muon=-6.78392, ele_efficiency=0.688527, ele_trigger=-1.24857, fakephoton_ele=0.0825041, fakephoton_muon=-0.00402384, interference=0.673571, lumi=6.49937, mu_efficiency=2.54537, mu_trigger=6.66409, non_prompt_stat_ele=6.78745, non_prompt_stat_muon=5.74665, others_stat_ele=-0.0331823, others_stat_muon=-6.97477, others_xs=-3.39044, param=0.0197286, pdf_ele=1.47791, pdf_muon=5.69839, photon_id=-2.97881, pileup=-3.4257, scale_ele=-5.75914, scale_muon=5.80245
RooProdPdf::model_s[ modelObs_s * nuisancePdf ]
     getLogVal() top-level p.d.f evaluates to zero @ !pdfs=(modelObs_s = 0/1,nuisancePdf = 1)

[#0] WARNING:Minization -- RooMinimizerFcn: Minimized function has error status.
Returning maximum FCN so far (41.25) to force MIGRAD to back out of this region. Error log follows
Parameter values: JER_ele=6.98471, JER_muon=6.94274, JES_ele=5.72264, JES_muon=3.52965, QCD_stat_ele=-6.61696, QCD_stat_muon=6.99666, VBS_stat_ele=-6.99615, VBS_stat_muon=-3.20021, ele_efficiency=3.79458, ele_trigger=-5.27701, fakephoton_ele=4.2973, fakephoton_muon=6.4719, interference=6.72142, lumi=-5.65633, mu_efficiency=2.29644, mu_trigger=6.83792, non_prompt_stat_ele=4.48455, non_prompt_stat_muon=6.99968, others_stat_ele=-6.73532, others_stat_muon=-2.32017, others_xs=-6.87803, param=0.0197392, pdf_ele=-3.52895, pdf_muon=-5.57361, photon_id=4.63632, pileup=-1.08428, scale_ele=-0.141463, scale_muon=0.703701
RooProdPdf::model_s[ modelObs_s * nuisancePdf ]
     getLogVal() top-level p.d.f evaluates to zero @ !pdfs=(modelObs_s = 0/1,nuisancePdf = 1)

[#0] WARNING:Minization -- RooMinimizerFcn: Minimized function has error status.
Returning maximum FCN so far (188.283) to force MIGRAD to back out of this region. Error log follows
Parameter values: JER_ele=-4.48428, JER_muon=5.1925, JES_ele=-6.90177, JES_muon=-4.42078, QCD_stat_ele=-6.97823, QCD_stat_muon=6.59474, VBS_stat_ele=-5.24398, VBS_stat_muon=-2.85304, ele_efficiency=0.313968, ele_trigger=-5.5119, fakephoton_ele=6.52067, fakephoton_muon=6.23155, interference=-6.72251, lumi=6.46801, mu_efficiency=-6.54264, mu_trigger=-3.66037, non_prompt_stat_ele=3.75069, non_prompt_stat_muon=5.20741, others_stat_ele=-0.161909, others_stat_muon=-0.311904, others_xs=6.50046, param=0.0197478, pdf_ele=-1.62142, pdf_muon=-6.85447, photon_id=-4.16526, pileup=-6.55193, scale_ele=-1.25791, scale_muon=0.175484
RooProdPdf::model_s[ modelObs_s * nuisancePdf ]
     getLogVal() top-level p.d.f evaluates to zero @ !pdfs=(modelObs_s = 0/1,nuisancePdf = 1)


 -- Hybrid New -- 
CLs = 0.638095 +/- 0.0364059
Done in 16.77 min (cpu), 16.96 min (real)
