 <<< Combine >>> 
>>> including systematics
>>> using the Profile Likelihood test statistics modified for upper limits (Q_LHC)
>>> method used is HybridNew
>>> Used OpenSSL to get a really random seed 1250235832
Computing results starting from observation (a-posteriori)
[#0] WARNING:Minization -- RooMinimizerFcn: Minimized function has error status.
Returning maximum FCN so far (561.733) to force MIGRAD to back out of this region. Error log follows
Parameter values: JER_ele=6.94138, JER_muon=-1.37178, JES_ele=3.24336, JES_muon=-3.4484, QCD_stat_ele=-5.64014, QCD_stat_muon=-6.92602, VBS_stat_ele=-6.28598, VBS_stat_muon=0.0381306, ele_efficiency=-6.43812, ele_trigger=6.99654, fakephoton_ele=6.91593, fakephoton_muon=-6.97854, interference=2.97661, lumi=-3.45263, mu_efficiency=4.72883, mu_trigger=6.9026, non_prompt_stat_ele=6.25752, non_prompt_stat_muon=-3.17943, others_stat_ele=-5.76865, others_stat_muon=-6.9618, others_xs=-6.79801, param=0.187654, pdf_ele=-6.69062, pdf_muon=3.6241, photon_id=5.5108, pileup=6.96938, scale_ele=6.89417, scale_muon=1.97458
RooProdPdf::model_s[ modelObs_s * nuisancePdf ]
     getLogVal() top-level p.d.f evaluates to zero @ !pdfs=(modelObs_s = 0/1,nuisancePdf = 1)

[#0] WARNING:Minization -- RooMinimizerFcn: Minimized function has error status.
Returning maximum FCN so far (561.733) to force MIGRAD to back out of this region. Error log follows
Parameter values: JER_ele=2.76007, JER_muon=-6.00929, JES_ele=-6.27894, JES_muon=6.60328, QCD_stat_ele=-1.39868, QCD_stat_muon=6.97081, VBS_stat_ele=-4.60075, VBS_stat_muon=6.64507, ele_efficiency=-1.95502, ele_trigger=4.33514, fakephoton_ele=2.87453, fakephoton_muon=6.98527, interference=4.42624, lumi=6.95995, mu_efficiency=1.03692, mu_trigger=5.01945, non_prompt_stat_ele=5.38999, non_prompt_stat_muon=-2.65976, others_stat_ele=5.71473, others_stat_muon=6.99912, others_xs=6.60276, param=0.926834, pdf_ele=-3.42621, pdf_muon=4.16088, photon_id=-6.96472, pileup=3.79172, scale_ele=-6.89125, scale_muon=-0.85696
RooProdPdf::model_s[ modelObs_s * nuisancePdf ]
     getLogVal() top-level p.d.f evaluates to zero @ !pdfs=(modelObs_s = 0/1,nuisancePdf = 1)

[#0] WARNING:Minization -- RooMinimizerFcn: Minimized function has error status.
Returning maximum FCN so far (562.936) to force MIGRAD to back out of this region. Error log follows
Parameter values: JER_ele=1.55681, JER_muon=6.34758, JES_ele=5.6174, JES_muon=6.71282, QCD_stat_ele=6.27886, QCD_stat_muon=-6.84567, VBS_stat_ele=6.43107, VBS_stat_muon=6.80901, ele_efficiency=2.30494, ele_trigger=5.37969, fakephoton_ele=6.80971, fakephoton_muon=1.72328, interference=6.47469, lumi=2.62818, mu_efficiency=1.25978, mu_trigger=5.41304, non_prompt_stat_ele=1.22693, non_prompt_stat_muon=6.65545, others_stat_ele=5.79573, others_stat_muon=3.29684, others_xs=4.86345, param=0.131943, pdf_ele=5.73693, pdf_muon=3.35509, photon_id=-4.04267, pileup=0.498954, scale_ele=2.69549, scale_muon=-5.853
RooProdPdf::model_s[ modelObs_s * nuisancePdf ]
     getLogVal() top-level p.d.f evaluates to zero @ !pdfs=(modelObs_s = 0/1,nuisancePdf = 1)

[#0] WARNING:Minization -- RooMinimizerFcn: Minimized function has error status.
Returning maximum FCN so far (1042.03) to force MIGRAD to back out of this region. Error log follows
Parameter values: JER_ele=3.58455, JER_muon=5.62244, JES_ele=4.52793, JES_muon=6.9419, QCD_stat_ele=1.86445, QCD_stat_muon=-6.98921, VBS_stat_ele=4.21165, VBS_stat_muon=5.70935, ele_efficiency=0.491959, ele_trigger=3.25174, fakephoton_ele=6.75984, fakephoton_muon=3.1385, interference=3.39078, lumi=6.23484, mu_efficiency=2.74821, mu_trigger=6.94138, non_prompt_stat_ele=6.99902, non_prompt_stat_muon=5.38297, others_stat_ele=1.84963, others_stat_muon=6.36637, others_xs=6.96961, param=0.36369, pdf_ele=6.47986, pdf_muon=6.55738, photon_id=4.65705, pileup=0.772516, scale_ele=5.14008, scale_muon=-6.6663
RooProdPdf::model_s[ modelObs_s * nuisancePdf ]
     getLogVal() top-level p.d.f evaluates to zero @ !pdfs=(modelObs_s = 0/1,nuisancePdf = 1)

[#0] WARNING:Minization -- RooMinimizerFcn: Minimized function has error status.
Returning maximum FCN so far (1042.03) to force MIGRAD to back out of this region. Error log follows
Parameter values: JER_ele=-3.43082, JER_muon=6.5349, JES_ele=0.882608, JES_muon=6.55312, QCD_stat_ele=-5.74193, QCD_stat_muon=-5.36834, VBS_stat_ele=3.1158, VBS_stat_muon=5.58887, ele_efficiency=2.04388, ele_trigger=-2.25172, fakephoton_ele=5.18366, fakephoton_muon=0.626235, interference=5.08535, lumi=-4.86113, mu_efficiency=-6.49769, mu_trigger=0.81444, non_prompt_stat_ele=6.21508, non_prompt_stat_muon=0.351519, others_stat_ele=-3.19268, others_stat_muon=6.089, others_xs=5.85642, param=0.902058, pdf_ele=3.29458, pdf_muon=-4.71805, photon_id=5.40127, pileup=6.26041, scale_ele=3.30528, scale_muon=-6.97053
RooProdPdf::model_s[ modelObs_s * nuisancePdf ]
     getLogVal() top-level p.d.f evaluates to zero @ !pdfs=(modelObs_s = 0/1,nuisancePdf = 1)

[#0] WARNING:Minization -- RooMinimizerFcn: Minimized function has error status.
Returning maximum FCN so far (1042.03) to force MIGRAD to back out of this region. Error log follows
Parameter values: JER_ele=3.37429, JER_muon=5.58319, JES_ele=4.71996, JES_muon=3.92543, QCD_stat_ele=1.68943, QCD_stat_muon=-4.94367, VBS_stat_ele=-4.65228, VBS_stat_muon=-4.00598, ele_efficiency=-0.229742, ele_trigger=2.27975, fakephoton_ele=5.19075, fakephoton_muon=5.14418, interference=1.15428, lumi=6.94939, mu_efficiency=4.0189, mu_trigger=5.99348, non_prompt_stat_ele=4.91796, non_prompt_stat_muon=6.962, others_stat_ele=1.36142, others_stat_muon=-2.35916, others_xs=3.1997, param=0.0368682, pdf_ele=6.45033, pdf_muon=6.49989, photon_id=5.23738, pileup=1.05281, scale_ele=3.48881, scale_muon=-1.35548
RooProdPdf::model_s[ modelObs_s * nuisancePdf ]
     getLogVal() top-level p.d.f evaluates to zero @ !pdfs=(modelObs_s = 0/1,nuisancePdf = 1)

[#0] WARNING:Minization -- RooMinimizerFcn: Minimized function has error status.
Returning maximum FCN so far (1042.03) to force MIGRAD to back out of this region. Error log follows
Parameter values: JER_ele=1.38641, JER_muon=1.92283, JES_ele=1.14736, JES_muon=3.67744, QCD_stat_ele=5.4524, QCD_stat_muon=6.99986, VBS_stat_ele=1.43852, VBS_stat_muon=1.58751, ele_efficiency=-0.23136, ele_trigger=0.470167, fakephoton_ele=2.43671, fakephoton_muon=1.12281, interference=0.44472, lumi=3.1825, mu_efficiency=1.24158, mu_trigger=3.77476, non_prompt_stat_ele=2.54405, non_prompt_stat_muon=1.21255, others_stat_ele=-0.865805, others_stat_muon=4.31825, others_xs=3.88066, param=0.0114448, pdf_ele=2.73755, pdf_muon=3.49354, photon_id=4.06602, pileup=0.305179, scale_ele=4.22602, scale_muon=6.84367
RooProdPdf::model_s[ modelObs_s * nuisancePdf ]
     getLogVal() top-level p.d.f evaluates to zero @ !pdfs=(modelObs_s = 0/1,nuisancePdf = 1)

[#0] WARNING:Minization -- RooMinimizerFcn: Minimized function has error status.
Returning maximum FCN so far (1042.03) to force MIGRAD to back out of this region. Error log follows
Parameter values: JER_ele=1.3927, JER_muon=1.93267, JES_ele=1.15762, JES_muon=3.69307, QCD_stat_ele=5.47635, QCD_stat_muon=7, VBS_stat_ele=1.44614, VBS_stat_muon=1.59815, ele_efficiency=-0.229355, ele_trigger=0.478165, fakephoton_ele=2.45374, fakephoton_muon=1.12747, interference=0.451931, lumi=3.19173, mu_efficiency=1.24509, mu_trigger=3.78635, non_prompt_stat_ele=2.56563, non_prompt_stat_muon=1.22331, others_stat_ele=-0.858449, others_stat_muon=4.33472, others_xs=3.89281, param=0.0113398, pdf_ele=2.75128, pdf_muon=3.51304, photon_id=4.09109, pileup=0.306311, scale_ele=4.25173, scale_muon=6.85383
RooProdPdf::model_s[ modelObs_s * nuisancePdf ]
     getLogVal() top-level p.d.f evaluates to zero @ !pdfs=(modelObs_s = 0/1,nuisancePdf = 1)

[#0] WARNING:Minization -- RooMinimizerFcn: Minimized function has error status.
Returning maximum FCN so far (1042.03) to force MIGRAD to back out of this region. Error log follows
Parameter values: JER_ele=1.39872, JER_muon=1.94263, JES_ele=1.16746, JES_muon=3.70888, QCD_stat_ele=5.49912, QCD_stat_muon=6.99976, VBS_stat_ele=1.45346, VBS_stat_muon=1.60893, ele_efficiency=-0.227436, ele_trigger=0.485828, fakephoton_ele=2.47003, fakephoton_muon=1.13219, interference=0.459176, lumi=3.2009, mu_efficiency=1.24864, mu_trigger=3.79807, non_prompt_stat_ele=2.58626, non_prompt_stat_muon=1.23421, others_stat_ele=-0.851392, others_stat_muon=4.35136, others_xs=3.90493, param=0.0112355, pdf_ele=2.76443, pdf_muon=3.53275, photon_id=4.1159, pileup=0.307436, scale_ele=4.27628, scale_muon=6.86378
RooProdPdf::model_s[ modelObs_s * nuisancePdf ]
     getLogVal() top-level p.d.f evaluates to zero @ !pdfs=(modelObs_s = 0/1,nuisancePdf = 1)

[#0] WARNING:Minization -- RooMinimizerFcn: Minimized function has error status.
Returning maximum FCN so far (1042.03) to force MIGRAD to back out of this region. Error log follows
Parameter values: JER_ele=1.40455, JER_muon=1.95267, JES_ele=1.17697, JES_muon=3.72479, QCD_stat_ele=5.52098, QCD_stat_muon=6.99913, VBS_stat_ele=1.46054, VBS_stat_muon=1.61979, ele_efficiency=-0.225582, ele_trigger=0.493236, fakephoton_ele=2.48576, fakephoton_muon=1.13695, interference=0.466441, lumi=3.21001, mu_efficiency=1.25222, mu_trigger=3.80987, non_prompt_stat_ele=2.60617, non_prompt_stat_muon=1.2452, others_stat_ele=-0.844561, others_stat_muon=4.3681, others_xs=3.91702, param=0.0111321, pdf_ele=2.77714, pdf_muon=3.55259, photon_id=4.14047, pileup=0.308553, scale_ele=4.29995, scale_muon=6.87346
RooProdPdf::model_s[ modelObs_s * nuisancePdf ]
     getLogVal() top-level p.d.f evaluates to zero @ !pdfs=(modelObs_s = 0/1,nuisancePdf = 1)

[#0] WARNING:Minization -- RooMinimizerFcn: Minimized function has error status.
Returning maximum FCN so far (1042.03) to force MIGRAD to back out of this region. Error log follows
Parameter values: JER_ele=1.41023, JER_muon=1.96276, JES_ele=1.18623, JES_muon=3.74076, QCD_stat_ele=5.54212, QCD_stat_muon=6.99811, VBS_stat_ele=1.46745, VBS_stat_muon=1.6307, ele_efficiency=-0.223776, ele_trigger=0.500451, fakephoton_ele=2.50106, fakephoton_muon=1.14173, interference=0.473714, lumi=3.21908, mu_efficiency=1.25582, mu_trigger=3.82171, non_prompt_stat_ele=2.62553, non_prompt_stat_muon=1.25624, others_stat_ele=-0.837902, others_stat_muon=4.38488, others_xs=3.92906, param=0.0110295, pdf_ele=2.78951, pdf_muon=3.5725, photon_id=4.16483, pileup=0.309663, scale_ele=4.32294, scale_muon=6.88284
RooProdPdf::model_s[ modelObs_s * nuisancePdf ]
     getLogVal() top-level p.d.f evaluates to zero @ !pdfs=(modelObs_s = 0/1,nuisancePdf = 1)

[#0] WARNING:Minization -- RooMinimizerFcn: Minimized function has error status.
Returning maximum FCN so far (1042.03) to force MIGRAD to back out of this region. Error log follows
Parameter values: JER_ele=1.40936, JER_muon=1.96577, JES_ele=1.19031, JES_muon=3.74443, QCD_stat_ele=5.5442, QCD_stat_muon=6.99791, VBS_stat_ele=1.46778, VBS_stat_muon=1.63411, ele_efficiency=-0.221044, ele_trigger=0.505168, fakephoton_ele=2.50548, fakephoton_muon=1.14274, interference=0.479296, lumi=3.21604, mu_efficiency=1.2545, mu_trigger=3.82063, non_prompt_stat_ele=2.6319, non_prompt_stat_muon=1.26272, others_stat_ele=-0.829424, others_stat_muon=4.38752, others_xs=3.92768, param=0.0109626, pdf_ele=2.79004, pdf_muon=3.58031, photon_id=4.17444, pileup=0.309512, scale_ele=4.32897, scale_muon=6.88515
RooProdPdf::model_s[ modelObs_s * nuisancePdf ]
     getLogVal() top-level p.d.f evaluates to zero @ !pdfs=(modelObs_s = 0/1,nuisancePdf = 1)

[#0] WARNING:Minization -- RooMinimizerFcn: Minimized function has error status.
Returning maximum FCN so far (1042.03) to force MIGRAD to back out of this region. Error log follows
Parameter values: JER_ele=1.39299, JER_muon=1.95653, JES_ele=1.18701, JES_muon=3.72644, QCD_stat_ele=5.50868, QCD_stat_muon=6.99929, VBS_stat_ele=1.44986, VBS_stat_muon=1.62048, ele_efficiency=-0.213716, ele_trigger=0.50882, fakephoton_ele=2.49091, fakephoton_muon=1.13688, interference=0.485734, lumi=3.18292, mu_efficiency=1.24145, mu_trigger=3.79104, non_prompt_stat_ele=2.61724, non_prompt_stat_muon=1.26613, others_stat_ele=-0.8084, others_stat_muon=4.364, others_xs=3.89657, param=0.0103821, pdf_ele=2.76473, pdf_muon=3.57058, photon_id=4.16283, pileup=0.306514, scale_ele=4.30398, scale_muon=6.8755
RooProdPdf::model_s[ modelObs_s * nuisancePdf ]
     getLogVal() top-level p.d.f evaluates to zero @ !pdfs=(modelObs_s = 0/1,nuisancePdf = 1)

[#0] WARNING:Minization -- RooMinimizerFcn: Minimized function has error status.
Returning maximum FCN so far (1042.03) to force MIGRAD to back out of this region. Error log follows
Parameter values: JER_ele=1.41917, JER_muon=1.91182, JES_ele=1.14749, JES_muon=3.67724, QCD_stat_ele=5.52968, QCD_stat_muon=7, VBS_stat_ele=1.44846, VBS_stat_muon=1.55619, ele_efficiency=-0.251521, ele_trigger=0.453279, fakephoton_ele=2.46181, fakephoton_muon=1.12456, interference=0.400041, lumi=3.23783, mu_efficiency=1.2633, mu_trigger=3.81268, non_prompt_stat_ele=2.56782, non_prompt_stat_muon=1.173, others_stat_ele=-0.923312, others_stat_muon=4.33137, others_xs=3.93099, param=0.0153984, pdf_ele=2.78558, pdf_muon=3.45432, photon_id=4.03733, pileup=0.310035, scale_ele=4.26966, scale_muon=6.84144
RooProdPdf::model_s[ modelObs_s * nuisancePdf ]
     getLogVal() top-level p.d.f evaluates to zero @ !pdfs=(modelObs_s = 0/1,nuisancePdf = 1)

[#0] WARNING:Minization -- RooMinimizerFcn: Minimized function has error status.
Returning maximum FCN so far (1042.03) to force MIGRAD to back out of this region. Error log follows
Parameter values: JER_ele=1.42919, JER_muon=1.95178, JES_ele=1.18596, JES_muon=3.73601, QCD_stat_ele=5.58779, QCD_stat_muon=6.99792, VBS_stat_ele=1.46663, VBS_stat_muon=1.6002, ele_efficiency=-0.236206, ele_trigger=0.489503, fakephoton_ele=2.51607, fakephoton_muon=1.14162, interference=0.442307, lumi=3.24924, mu_efficiency=1.26782, mu_trigger=3.8407, non_prompt_stat_ele=2.63975, non_prompt_stat_muon=1.22933, others_stat_ele=-0.873102, others_stat_muon=4.38842, others_xs=3.95725, param=0.0149086, pdf_ele=2.81713, pdf_muon=3.54114, photon_id=4.14108, pileup=0.312336, scale_ele=4.34869, scale_muon=6.87909
RooProdPdf::model_s[ modelObs_s * nuisancePdf ]
     getLogVal() top-level p.d.f evaluates to zero @ !pdfs=(modelObs_s = 0/1,nuisancePdf = 1)

[#0] WARNING:Minization -- RooMinimizerFcn: Minimized function has error status.
Returning maximum FCN so far (1042.03) to force MIGRAD to back out of this region. Error log follows
Parameter values: JER_ele=1.42408, JER_muon=1.96263, JES_ele=1.19806, JES_muon=3.74894, QCD_stat_ele=5.58851, QCD_stat_muon=6.99715, VBS_stat_ele=1.46595, VBS_stat_muon=1.61265, ele_efficiency=-0.226594, ele_trigger=0.504747, fakephoton_ele=2.52739, fakephoton_muon=1.14499, interference=0.462698, lumi=3.23648, mu_efficiency=1.26269, mu_trigger=3.836, non_prompt_stat_ele=2.65708, non_prompt_stat_muon=1.25276, others_stat_ele=-0.843424, others_stat_muon=4.3977, others_xs=3.95056, param=0.0147378, pdf_ele=2.815, pdf_muon=3.56957, photon_id=4.1738, pileup=0.31161, scale_ele=4.3634, scale_muon=6.88728
RooProdPdf::model_s[ modelObs_s * nuisancePdf ]
     getLogVal() top-level p.d.f evaluates to zero @ !pdfs=(modelObs_s = 0/1,nuisancePdf = 1)

[#0] WARNING:Minization -- RooMinimizerFcn: Minimized function has error status.
Returning maximum FCN so far (1042.03) to force MIGRAD to back out of this region. Error log follows
Parameter values: JER_ele=1.42695, JER_muon=1.97058, JES_ele=1.20332, JES_muon=3.76121, QCD_stat_ele=5.59971, QCD_stat_muon=6.99587, VBS_stat_ele=1.46977, VBS_stat_muon=1.62118, ele_efficiency=-0.225332, ele_trigger=0.50908, fakephoton_ele=2.53577, fakephoton_muon=1.14852, interference=0.468649, lumi=3.24201, mu_efficiency=1.2652, mu_trigger=3.84457, non_prompt_stat_ele=2.66779, non_prompt_stat_muon=1.26148, others_stat_ele=-0.83875, others_stat_muon=4.41069, others_xs=3.95856, param=0.0146163, pdf_ele=2.82151, pdf_muon=3.58537, photon_id=4.19144, pileup=0.312335, scale_ele=4.37589, scale_muon=6.89413
RooProdPdf::model_s[ modelObs_s * nuisancePdf ]
     getLogVal() top-level p.d.f evaluates to zero @ !pdfs=(modelObs_s = 0/1,nuisancePdf = 1)

[#0] WARNING:Minization -- RooMinimizerFcn: Minimized function has error status.
Returning maximum FCN so far (1042.03) to force MIGRAD to back out of this region. Error log follows
Parameter values: JER_ele=1.43025, JER_muon=1.97829, JES_ele=1.20868, JES_muon=3.77338, QCD_stat_ele=5.61162, QCD_stat_muon=6.99438, VBS_stat_ele=1.47381, VBS_stat_muon=1.62952, ele_efficiency=-0.224301, ele_trigger=0.513245, fakephoton_ele=2.54457, fakephoton_muon=1.15217, interference=0.47403, lumi=3.24841, mu_efficiency=1.26796, mu_trigger=3.8536, non_prompt_stat_ele=2.67888, non_prompt_stat_muon=1.2699, others_stat_ele=-0.834879, others_stat_muon=4.42346, others_xs=3.96723, param=0.014497, pdf_ele=2.82868, pdf_muon=3.60055, photon_id=4.20844, pileup=0.313116, scale_ele=4.38909, scale_muon=6.90071
RooProdPdf::model_s[ modelObs_s * nuisancePdf ]
     getLogVal() top-level p.d.f evaluates to zero @ !pdfs=(modelObs_s = 0/1,nuisancePdf = 1)

[#0] WARNING:Minization -- RooMinimizerFcn: Minimized function has error status.
Returning maximum FCN so far (1042.03) to force MIGRAD to back out of this region. Error log follows
Parameter values: JER_ele=1.43369, JER_muon=1.98594, JES_ele=1.21423, JES_muon=3.78543, QCD_stat_ele=5.62395, QCD_stat_muon=6.99268, VBS_stat_ele=1.478, VBS_stat_muon=1.63778, ele_efficiency=-0.223239, ele_trigger=0.517556, fakephoton_ele=2.55371, fakephoton_muon=1.1558, interference=0.479367, lumi=3.25486, mu_efficiency=1.2707, mu_trigger=3.86257, non_prompt_stat_ele=2.69039, non_prompt_stat_muon=1.27825, others_stat_ele=-0.830906, others_stat_muon=4.4361, others_xs=3.97592, param=0.0143782, pdf_ele=2.83612, pdf_muon=3.61556, photon_id=4.22544, pileup=0.313903, scale_ele=4.40276, scale_muon=6.90703
RooProdPdf::model_s[ modelObs_s * nuisancePdf ]
     getLogVal() top-level p.d.f evaluates to zero @ !pdfs=(modelObs_s = 0/1,nuisancePdf = 1)

[#0] WARNING:Minization -- RooMinimizerFcn: Minimized function has error status.
Returning maximum FCN so far (1042.03) to force MIGRAD to back out of this region. Error log follows
Parameter values: JER_ele=1.43722, JER_muon=1.99353, JES_ele=1.21994, JES_muon=3.79739, QCD_stat_ele=5.6366, QCD_stat_muon=6.99076, VBS_stat_ele=1.4823, VBS_stat_muon=1.64599, ele_efficiency=-0.222146, ele_trigger=0.521989, fakephoton_ele=2.5631, fakephoton_muon=1.15941, interference=0.48469, lumi=3.26133, mu_efficiency=1.27343, mu_trigger=3.87148, non_prompt_stat_ele=2.70223, non_prompt_stat_muon=1.28654, others_stat_ele=-0.826824, others_stat_muon=4.44863, others_xs=3.98461, param=0.0142598, pdf_ele=2.84377, pdf_muon=3.63046, photon_id=4.24246, pileup=0.314693, scale_ele=4.41679, scale_muon=6.91311
RooProdPdf::model_s[ modelObs_s * nuisancePdf ]
     getLogVal() top-level p.d.f evaluates to zero @ !pdfs=(modelObs_s = 0/1,nuisancePdf = 1)

[#0] WARNING:Minization -- RooMinimizerFcn: Minimized function has error status.
Returning maximum FCN so far (1042.03) to force MIGRAD to back out of this region. Error log follows
Parameter values: JER_ele=1.44082, JER_muon=2.00109, JES_ele=1.22578, JES_muon=3.80929, QCD_stat_ele=5.64947, QCD_stat_muon=6.98863, VBS_stat_ele=1.48669, VBS_stat_muon=1.65416, ele_efficiency=-0.221028, ele_trigger=0.52652, fakephoton_ele=2.5727, fakephoton_muon=1.163, interference=0.490006, lumi=3.26781, mu_efficiency=1.27615, mu_trigger=3.88034, non_prompt_stat_ele=2.71433, non_prompt_stat_muon=1.29479, others_stat_ele=-0.822655, others_stat_muon=4.46109, others_xs=3.99329, param=0.0141418, pdf_ele=2.85158, pdf_muon=3.64527, photon_id=4.25951, pileup=0.315486, scale_ele=4.43109, scale_muon=6.91896
RooProdPdf::model_s[ modelObs_s * nuisancePdf ]
     getLogVal() top-level p.d.f evaluates to zero @ !pdfs=(modelObs_s = 0/1,nuisancePdf = 1)

[#0] WARNING:Minization -- RooMinimizerFcn: Minimized function has error status.
Returning maximum FCN so far (1042.03) to force MIGRAD to back out of this region. Error log follows
Parameter values: JER_ele=1.44449, JER_muon=2.00863, JES_ele=1.23171, JES_muon=3.82115, QCD_stat_ele=5.66251, QCD_stat_muon=6.98628, VBS_stat_ele=1.49115, VBS_stat_muon=1.66232, ele_efficiency=-0.21989, ele_trigger=0.531129, fakephoton_ele=2.58246, fakephoton_muon=1.16658, interference=0.49532, lumi=3.27431, mu_efficiency=1.27886, mu_trigger=3.88918, non_prompt_stat_ele=2.72663, non_prompt_stat_muon=1.30302, others_stat_ele=-0.818415, others_stat_muon=4.4735, others_xs=4.00198, param=0.0140241, pdf_ele=2.85951, pdf_muon=3.66003, photon_id=4.27658, pileup=0.316281, scale_ele=4.4456, scale_muon=6.9246
RooProdPdf::model_s[ modelObs_s * nuisancePdf ]
     getLogVal() top-level p.d.f evaluates to zero @ !pdfs=(modelObs_s = 0/1,nuisancePdf = 1)

[#0] WARNING:Minization -- RooMinimizerFcn: Minimized function has error status.
Returning maximum FCN so far (1042.03) to force MIGRAD to back out of this region. Error log follows
Parameter values: JER_ele=1.4482, JER_muon=2.01616, JES_ele=1.23772, JES_muon=3.83297, QCD_stat_ele=5.67568, QCD_stat_muon=6.98372, VBS_stat_ele=1.49567, VBS_stat_muon=1.67046, ele_efficiency=-0.218737, ele_trigger=0.535799, fakephoton_ele=2.59235, fakephoton_muon=1.17016, interference=0.500637, lumi=3.28083, mu_efficiency=1.28157, mu_trigger=3.89799, non_prompt_stat_ele=2.73909, non_prompt_stat_muon=1.31124, others_stat_ele=-0.81412, others_stat_muon=4.48587, others_xs=4.01068, param=0.0139067, pdf_ele=2.86755, pdf_muon=3.67474, photon_id=4.29367, pileup=0.317079, scale_ele=4.46027, scale_muon=6.93003
RooProdPdf::model_s[ modelObs_s * nuisancePdf ]
     getLogVal() top-level p.d.f evaluates to zero @ !pdfs=(modelObs_s = 0/1,nuisancePdf = 1)

[#0] WARNING:Minization -- RooMinimizerFcn: Minimized function has error status.
Returning maximum FCN so far (1042.03) to force MIGRAD to back out of this region. Error log follows
Parameter values: JER_ele=1.45196, JER_muon=2.02369, JES_ele=1.2438, JES_muon=3.84478, QCD_stat_ele=5.68893, QCD_stat_muon=6.98094, VBS_stat_ele=1.50023, VBS_stat_muon=1.6786, ele_efficiency=-0.21757, ele_trigger=0.540521, fakephoton_ele=2.60234, fakephoton_muon=1.17374, interference=0.50596, lumi=3.28736, mu_efficiency=1.28427, mu_trigger=3.9068, non_prompt_stat_ele=2.75168, non_prompt_stat_muon=1.31946, others_stat_ele=-0.809777, others_stat_muon=4.49822, others_xs=4.01939, param=0.0137897, pdf_ele=2.87567, pdf_muon=3.68944, photon_id=4.31077, pileup=0.31788, scale_ele=4.47507, scale_muon=6.93525
RooProdPdf::model_s[ modelObs_s * nuisancePdf ]
     getLogVal() top-level p.d.f evaluates to zero @ !pdfs=(modelObs_s = 0/1,nuisancePdf = 1)

[#0] WARNING:Minization -- RooMinimizerFcn: Minimized function has error status.
Returning maximum FCN so far (1042.03) to force MIGRAD to back out of this region. Error log follows
Parameter values: JER_ele=1.45575, JER_muon=2.03121, JES_ele=1.24993, JES_muon=3.85658, QCD_stat_ele=5.70225, QCD_stat_muon=6.97794, VBS_stat_ele=1.50484, VBS_stat_muon=1.68674, ele_efficiency=-0.216393, ele_trigger=0.545286, fakephoton_ele=2.61242, fakephoton_muon=1.17732, interference=0.511291, lumi=3.29391, mu_efficiency=1.28698, mu_trigger=3.91561, non_prompt_stat_ele=2.76438, non_prompt_stat_muon=1.32769, others_stat_ele=-0.805396, others_stat_muon=4.51055, others_xs=4.0281, param=0.013673, pdf_ele=2.88386, pdf_muon=3.70412, photon_id=4.32789, pileup=0.318684, scale_ele=4.48997, scale_muon=6.94028
RooProdPdf::model_s[ modelObs_s * nuisancePdf ]
     getLogVal() top-level p.d.f evaluates to zero @ !pdfs=(modelObs_s = 0/1,nuisancePdf = 1)

[#0] WARNING:Minization -- RooMinimizerFcn: Minimized function has error status.
Returning maximum FCN so far (1042.03) to force MIGRAD to back out of this region. Error log follows
Parameter values: JER_ele=1.45956, JER_muon=2.03875, JES_ele=1.25611, JES_muon=3.86839, QCD_stat_ele=5.7156, QCD_stat_muon=6.97472, VBS_stat_ele=1.50948, VBS_stat_muon=1.69489, ele_efficiency=-0.215206, ele_trigger=0.550086, fakephoton_ele=2.62257, fakephoton_muon=1.18091, interference=0.516632, lumi=3.30048, mu_efficiency=1.2897, mu_trigger=3.92441, non_prompt_stat_ele=2.77716, non_prompt_stat_muon=1.33592, others_stat_ele=-0.800982, others_stat_muon=4.52288, others_xs=4.03684, param=0.0135566, pdf_ele=2.89211, pdf_muon=3.71879, photon_id=4.34502, pileup=0.31949, scale_ele=4.50494, scale_muon=6.94511
RooProdPdf::model_s[ modelObs_s * nuisancePdf ]
     getLogVal() top-level p.d.f evaluates to zero @ !pdfs=(modelObs_s = 0/1,nuisancePdf = 1)

[#0] WARNING:Minization -- RooMinimizerFcn: Minimized function has error status.
Returning maximum FCN so far (1042.03) to force MIGRAD to back out of this region. Error log follows
Parameter values: JER_ele=1.4634, JER_muon=2.0463, JES_ele=1.26232, JES_muon=3.88019, QCD_stat_ele=5.72898, QCD_stat_muon=6.97127, VBS_stat_ele=1.51414, VBS_stat_muon=1.70305, ele_efficiency=-0.214012, ele_trigger=0.554919, fakephoton_ele=2.63277, fakephoton_muon=1.1845, interference=0.521986, lumi=3.30706, mu_efficiency=1.29241, mu_trigger=3.93323, non_prompt_stat_ele=2.79002, non_prompt_stat_muon=1.34416, others_stat_ele=-0.796538, others_stat_muon=4.5352, others_xs=4.04558, param=0.0134405, pdf_ele=2.9004, pdf_muon=3.73347, photon_id=4.36216, pileup=0.320299, scale_ele=4.51998, scale_muon=6.94974
RooProdPdf::model_s[ modelObs_s * nuisancePdf ]
     getLogVal() top-level p.d.f evaluates to zero @ !pdfs=(modelObs_s = 0/1,nuisancePdf = 1)

[#0] WARNING:Minization -- RooMinimizerFcn: Minimized function has error status.
Returning maximum FCN so far (1042.03) to force MIGRAD to back out of this region. Error log follows
Parameter values: JER_ele=1.46726, JER_muon=2.05386, JES_ele=1.26857, JES_muon=3.89201, QCD_stat_ele=5.74238, QCD_stat_muon=6.9676, VBS_stat_ele=1.51884, VBS_stat_muon=1.71123, ele_efficiency=-0.21281, ele_trigger=0.559779, fakephoton_ele=2.64304, fakephoton_muon=1.1881, interference=0.527353, lumi=3.31366, mu_efficiency=1.29514, mu_trigger=3.94205, non_prompt_stat_ele=2.80294, non_prompt_stat_muon=1.35242, others_stat_ele=-0.792068, others_stat_muon=4.54752, others_xs=4.05435, param=0.0133246, pdf_ele=2.90874, pdf_muon=3.74816, photon_id=4.37932, pileup=0.32111, scale_ele=4.53507, scale_muon=6.95419
RooProdPdf::model_s[ modelObs_s * nuisancePdf ]
     getLogVal() top-level p.d.f evaluates to zero @ !pdfs=(modelObs_s = 0/1,nuisancePdf = 1)

[#0] WARNING:Minization -- RooMinimizerFcn: Minimized function has error status.
Returning maximum FCN so far (1042.03) to force MIGRAD to back out of this region. Error log follows
Parameter values: JER_ele=1.47115, JER_muon=2.06143, JES_ele=1.27486, JES_muon=3.90385, QCD_stat_ele=5.75579, QCD_stat_muon=6.96369, VBS_stat_ele=1.52355, VBS_stat_muon=1.71942, ele_efficiency=-0.211602, ele_trigger=0.564665, fakephoton_ele=2.65335, fakephoton_muon=1.1917, interference=0.532736, lumi=3.32028, mu_efficiency=1.29787, mu_trigger=3.95089, non_prompt_stat_ele=2.81592, non_prompt_stat_muon=1.3607, others_stat_ele=-0.787575, others_stat_muon=4.55986, others_xs=4.06313, param=0.0132091, pdf_ele=2.91712, pdf_muon=3.76287, photon_id=4.3965, pileup=0.321924, scale_ele=4.5502, scale_muon=6.95843
RooProdPdf::model_s[ modelObs_s * nuisancePdf ]
     getLogVal() top-level p.d.f evaluates to zero @ !pdfs=(modelObs_s = 0/1,nuisancePdf = 1)

[#0] WARNING:Minization -- RooMinimizerFcn: Minimized function has error status.
Returning maximum FCN so far (1042.03) to force MIGRAD to back out of this region. Error log follows
Parameter values: JER_ele=1.47505, JER_muon=2.06903, JES_ele=1.28117, JES_muon=3.9157, QCD_stat_ele=5.7692, QCD_stat_muon=6.95955, VBS_stat_ele=1.52829, VBS_stat_muon=1.72764, ele_efficiency=-0.210387, ele_trigger=0.569575, fakephoton_ele=2.6637, fakephoton_muon=1.19532, interference=0.538135, lumi=3.32692, mu_efficiency=1.30061, mu_trigger=3.95974, non_prompt_stat_ele=2.82896, non_prompt_stat_muon=1.369, others_stat_ele=-0.783059, others_stat_muon=4.5722, others_xs=4.07193, param=0.0130938, pdf_ele=2.92553, pdf_muon=3.77759, photon_id=4.41369, pileup=0.322741, scale_ele=4.56537, scale_muon=6.96249
RooProdPdf::model_s[ modelObs_s * nuisancePdf ]
     getLogVal() top-level p.d.f evaluates to zero @ !pdfs=(modelObs_s = 0/1,nuisancePdf = 1)

[#0] WARNING:Minization -- RooMinimizerFcn: Minimized function has error status.
Returning maximum FCN so far (1042.03) to force MIGRAD to back out of this region. Error log follows
Parameter values: JER_ele=1.47897, JER_muon=2.07664, JES_ele=1.28751, JES_muon=3.92757, QCD_stat_ele=5.7826, QCD_stat_muon=6.95517, VBS_stat_ele=1.53305, VBS_stat_muon=1.73588, ele_efficiency=-0.209167, ele_trigger=0.574508, fakephoton_ele=2.6741, fakephoton_muon=1.19895, interference=0.543551, lumi=3.33358, mu_efficiency=1.30335, mu_trigger=3.96861, non_prompt_stat_ele=2.84204, non_prompt_stat_muon=1.37732, others_stat_ele=-0.778521, others_stat_muon=4.58456, others_xs=4.08075, param=0.0129788, pdf_ele=2.93398, pdf_muon=3.79233, photon_id=4.4309, pileup=0.323561, scale_ele=4.58058, scale_muon=6.96634
RooProdPdf::model_s[ modelObs_s * nuisancePdf ]
     getLogVal() top-level p.d.f evaluates to zero @ !pdfs=(modelObs_s = 0/1,nuisancePdf = 1)

[#0] WARNING:Minization -- RooMinimizerFcn: Minimized function has error status.
Returning maximum FCN so far (1042.03) to force MIGRAD to back out of this region. Error log follows
Parameter values: JER_ele=1.4829, JER_muon=2.08428, JES_ele=1.29388, JES_muon=3.93946, QCD_stat_ele=5.796, QCD_stat_muon=6.95055, VBS_stat_ele=1.53783, VBS_stat_muon=1.74414, ele_efficiency=-0.207942, ele_trigger=0.579463, fakephoton_ele=2.68454, fakephoton_muon=1.20259, interference=0.548986, lumi=3.34025, mu_efficiency=1.30611, mu_trigger=3.9775, non_prompt_stat_ele=2.85518, non_prompt_stat_muon=1.38567, others_stat_ele=-0.773963, others_stat_muon=4.59693, others_xs=4.08959, param=0.012864, pdf_ele=2.94246, pdf_muon=3.8071, photon_id=4.44813, pileup=0.324385, scale_ele=4.59581, scale_muon=6.97
RooProdPdf::model_s[ modelObs_s * nuisancePdf ]
     getLogVal() top-level p.d.f evaluates to zero @ !pdfs=(modelObs_s = 0/1,nuisancePdf = 1)

[#0] WARNING:Minization -- RooMinimizerFcn: Minimized function has error status.
Returning maximum FCN so far (1042.03) to force MIGRAD to back out of this region. Error log follows
Parameter values: JER_ele=1.48685, JER_muon=2.09195, JES_ele=1.30028, JES_muon=3.95138, QCD_stat_ele=5.80939, QCD_stat_muon=6.94569, VBS_stat_ele=1.54263, VBS_stat_muon=1.75243, ele_efficiency=-0.20671, ele_trigger=0.584439, fakephoton_ele=2.69501, fakephoton_muon=1.20624, interference=0.55444, lumi=3.34695, mu_efficiency=1.30887, mu_trigger=3.98642, non_prompt_stat_ele=2.86835, non_prompt_stat_muon=1.39405, others_stat_ele=-0.769385, others_stat_muon=4.60932, others_xs=4.09845, param=0.0127495, pdf_ele=2.95097, pdf_muon=3.8219, photon_id=4.46537, pileup=0.325211, scale_ele=4.61108, scale_muon=6.97346
RooProdPdf::model_s[ modelObs_s * nuisancePdf ]
     getLogVal() top-level p.d.f evaluates to zero @ !pdfs=(modelObs_s = 0/1,nuisancePdf = 1)

[#0] WARNING:Minization -- RooMinimizerFcn: Minimized function has error status.
Returning maximum FCN so far (1042.03) to force MIGRAD to back out of this region. Error log follows
Parameter values: JER_ele=1.49082, JER_muon=2.09963, JES_ele=1.3067, JES_muon=3.96332, QCD_stat_ele=5.82277, QCD_stat_muon=6.94059, VBS_stat_ele=1.54745, VBS_stat_muon=1.76075, ele_efficiency=-0.205474, ele_trigger=0.589437, fakephoton_ele=2.70553, fakephoton_muon=1.20991, interference=0.559913, lumi=3.35367, mu_efficiency=1.31165, mu_trigger=3.99535, non_prompt_stat_ele=2.88158, non_prompt_stat_muon=1.40245, others_stat_ele=-0.764786, others_stat_muon=4.62173, others_xs=4.10734, param=0.0126352, pdf_ele=2.95952, pdf_muon=3.83672, photon_id=4.48264, pileup=0.32604, scale_ele=4.62637, scale_muon=6.97673
RooProdPdf::model_s[ modelObs_s * nuisancePdf ]
     getLogVal() top-level p.d.f evaluates to zero @ !pdfs=(modelObs_s = 0/1,nuisancePdf = 1)

[#0] WARNING:Minization -- RooMinimizerFcn: Minimized function has error status.
Returning maximum FCN so far (1042.03) to force MIGRAD to back out of this region. Error log follows
Parameter values: JER_ele=1.49481, JER_muon=2.10735, JES_ele=1.31315, JES_muon=3.97529, QCD_stat_ele=5.83614, QCD_stat_muon=6.93523, VBS_stat_ele=1.55229, VBS_stat_muon=1.7691, ele_efficiency=-0.204232, ele_trigger=0.594456, fakephoton_ele=2.71608, fakephoton_muon=1.21359, interference=0.565408, lumi=3.36042, mu_efficiency=1.31443, mu_trigger=4.00431, non_prompt_stat_ele=2.89484, non_prompt_stat_muon=1.41089, others_stat_ele=-0.760167, others_stat_muon=4.63416, others_xs=4.11625, param=0.0125212, pdf_ele=2.96809, pdf_muon=3.85158, photon_id=4.49993, pileup=0.326873, scale_ele=4.64168, scale_muon=6.97978
RooProdPdf::model_s[ modelObs_s * nuisancePdf ]
     getLogVal() top-level p.d.f evaluates to zero @ !pdfs=(modelObs_s = 0/1,nuisancePdf = 1)

[#0] WARNING:Minization -- RooMinimizerFcn: Minimized function has error status.
Returning maximum FCN so far (1042.03) to force MIGRAD to back out of this region. Error log follows
Parameter values: JER_ele=1.49881, JER_muon=2.11509, JES_ele=1.31963, JES_muon=3.98729, QCD_stat_ele=5.8495, QCD_stat_muon=6.92962, VBS_stat_ele=1.55715, VBS_stat_muon=1.77747, ele_efficiency=-0.202985, ele_trigger=0.599497, fakephoton_ele=2.72667, fakephoton_muon=1.21728, interference=0.570924, lumi=3.36718, mu_efficiency=1.31722, mu_trigger=4.0133, non_prompt_stat_ele=2.90816, non_prompt_stat_muon=1.41935, others_stat_ele=-0.755527, others_stat_muon=4.64662, others_xs=4.12519, param=0.0124073, pdf_ele=2.9767, pdf_muon=3.86647, photon_id=4.51725, pileup=0.327709, scale_ele=4.65703, scale_muon=6.98264
RooProdPdf::model_s[ modelObs_s * nuisancePdf ]
     getLogVal() top-level p.d.f evaluates to zero @ !pdfs=(modelObs_s = 0/1,nuisancePdf = 1)

[#0] WARNING:Minization -- RooMinimizerFcn: Minimized function has error status.
Returning maximum FCN so far (1042.03) to force MIGRAD to back out of this region. Error log follows
Parameter values: JER_ele=1.50283, JER_muon=2.12286, JES_ele=1.32613, JES_muon=3.99933, QCD_stat_ele=5.86285, QCD_stat_muon=6.92376, VBS_stat_ele=1.56203, VBS_stat_muon=1.78588, ele_efficiency=-0.201732, ele_trigger=0.604559, fakephoton_ele=2.7373, fakephoton_muon=1.22099, interference=0.576463, lumi=3.37397, mu_efficiency=1.32003, mu_trigger=4.02231, non_prompt_stat_ele=2.92152, non_prompt_stat_muon=1.42785, others_stat_ele=-0.750867, others_stat_muon=4.6591, others_xs=4.13416, param=0.0122937, pdf_ele=2.98534, pdf_muon=3.8814, photon_id=4.53458, pileup=0.328548, scale_ele=4.6724, scale_muon=6.98529
RooProdPdf::model_s[ modelObs_s * nuisancePdf ]
     getLogVal() top-level p.d.f evaluates to zero @ !pdfs=(modelObs_s = 0/1,nuisancePdf = 1)

[#0] WARNING:Minization -- RooMinimizerFcn: Minimized function has error status.
Returning maximum FCN so far (1042.03) to force MIGRAD to back out of this region. Error log follows
Parameter values: JER_ele=1.50687, JER_muon=2.13066, JES_ele=1.33266, JES_muon=4.0114, QCD_stat_ele=5.87618, QCD_stat_muon=6.91764, VBS_stat_ele=1.56693, VBS_stat_muon=1.79432, ele_efficiency=-0.200473, ele_trigger=0.609644, fakephoton_ele=2.74797, fakephoton_muon=1.22471, interference=0.582024, lumi=3.38079, mu_efficiency=1.32285, mu_trigger=4.03135, non_prompt_stat_ele=2.93492, non_prompt_stat_muon=1.43639, others_stat_ele=-0.746186, others_stat_muon=4.6716, others_xs=4.14315, param=0.0121803, pdf_ele=2.99401, pdf_muon=3.89636, photon_id=4.55195, pileup=0.329391, scale_ele=4.6878, scale_muon=6.98773
RooProdPdf::model_s[ modelObs_s * nuisancePdf ]
     getLogVal() top-level p.d.f evaluates to zero @ !pdfs=(modelObs_s = 0/1,nuisancePdf = 1)

[#0] WARNING:Minization -- RooMinimizerFcn: Minimized function has error status.
Returning maximum FCN so far (1042.03) to force MIGRAD to back out of this region. Error log follows
Parameter values: JER_ele=1.51092, JER_muon=2.13849, JES_ele=1.33922, JES_muon=4.0235, QCD_stat_ele=5.88951, QCD_stat_muon=6.91125, VBS_stat_ele=1.57185, VBS_stat_muon=1.80279, ele_efficiency=-0.199209, ele_trigger=0.614752, fakephoton_ele=2.75869, fakephoton_muon=1.22845, interference=0.58761, lumi=3.38763, mu_efficiency=1.32568, mu_trigger=4.04042, non_prompt_stat_ele=2.94838, non_prompt_stat_muon=1.44495, others_stat_ele=-0.741483, others_stat_muon=4.68414, others_xs=4.15217, param=0.0120671, pdf_ele=3.00272, pdf_muon=3.91136, photon_id=4.56934, pileup=0.330238, scale_ele=4.70323, scale_muon=6.98995
RooProdPdf::model_s[ modelObs_s * nuisancePdf ]
     getLogVal() top-level p.d.f evaluates to zero @ !pdfs=(modelObs_s = 0/1,nuisancePdf = 1)

[#0] WARNING:Minization -- RooMinimizerFcn: Minimized function has error status.
Returning maximum FCN so far (1042.03) to force MIGRAD to back out of this region. Error log follows
Parameter values: JER_ele=1.515, JER_muon=2.14636, JES_ele=1.34581, JES_muon=4.03564, QCD_stat_ele=5.90282, QCD_stat_muon=6.9046, VBS_stat_ele=1.5768, VBS_stat_muon=1.8113, ele_efficiency=-0.197939, ele_trigger=0.619883, fakephoton_ele=2.76944, fakephoton_muon=1.2322, interference=0.59322, lumi=3.3945, mu_efficiency=1.32852, mu_trigger=4.04952, non_prompt_stat_ele=2.96188, non_prompt_stat_muon=1.45356, others_stat_ele=-0.736758, others_stat_muon=4.6967, others_xs=4.16123, param=0.0119541, pdf_ele=3.01146, pdf_muon=3.92641, photon_id=4.58677, pileup=0.331089, scale_ele=4.71868, scale_muon=6.99197
RooProdPdf::model_s[ modelObs_s * nuisancePdf ]
     getLogVal() top-level p.d.f evaluates to zero @ !pdfs=(modelObs_s = 0/1,nuisancePdf = 1)

[#0] WARNING:Minization -- RooMinimizerFcn: Minimized function has error status.
Returning maximum FCN so far (1042.03) to force MIGRAD to back out of this region. Error log follows
Parameter values: JER_ele=1.51909, JER_muon=2.15425, JES_ele=1.35243, JES_muon=4.04781, QCD_stat_ele=5.91612, QCD_stat_muon=6.89767, VBS_stat_ele=1.58176, VBS_stat_muon=1.81985, ele_efficiency=-0.196663, ele_trigger=0.625037, fakephoton_ele=2.78024, fakephoton_muon=1.23598, interference=0.598856, lumi=3.4014, mu_efficiency=1.33138, mu_trigger=4.05865, non_prompt_stat_ele=2.97543, non_prompt_stat_muon=1.4622, others_stat_ele=-0.732011, others_stat_muon=4.70929, others_xs=4.17031, param=0.0118413, pdf_ele=3.02024, pdf_muon=3.94149, photon_id=4.60422, pileup=0.331943, scale_ele=4.73417, scale_muon=6.99376
RooProdPdf::model_s[ modelObs_s * nuisancePdf ]
     getLogVal() top-level p.d.f evaluates to zero @ !pdfs=(modelObs_s = 0/1,nuisancePdf = 1)

[#0] WARNING:Minization -- RooMinimizerFcn: Minimized function has error status.
Returning maximum FCN so far (1042.03) to force MIGRAD to back out of this region. Error log follows
Parameter values: JER_ele=1.5232, JER_muon=2.16218, JES_ele=1.35908, JES_muon=4.06003, QCD_stat_ele=5.9294, QCD_stat_muon=6.89048, VBS_stat_ele=1.58675, VBS_stat_muon=1.82843, ele_efficiency=-0.195381, ele_trigger=0.630216, fakephoton_ele=2.79108, fakephoton_muon=1.23977, interference=0.604518, lumi=3.40832, mu_efficiency=1.33425, mu_trigger=4.06782, non_prompt_stat_ele=2.98903, non_prompt_stat_muon=1.47087, others_stat_ele=-0.72724, others_stat_muon=4.72191, others_xs=4.17942, param=0.0117287, pdf_ele=3.02905, pdf_muon=3.95662, photon_id=4.6217, pileup=0.332802, scale_ele=4.74969, scale_muon=6.99534
RooProdPdf::model_s[ modelObs_s * nuisancePdf ]
     getLogVal() top-level p.d.f evaluates to zero @ !pdfs=(modelObs_s = 0/1,nuisancePdf = 1)

[#0] WARNING:Minization -- RooMinimizerFcn: Minimized function has error status.
Returning maximum FCN so far (1042.03) to force MIGRAD to back out of this region. Error log follows
Parameter values: JER_ele=1.52733, JER_muon=2.17015, JES_ele=1.36576, JES_muon=4.07228, QCD_stat_ele=5.94268, QCD_stat_muon=6.883, VBS_stat_ele=1.59176, VBS_stat_muon=1.83705, ele_efficiency=-0.194093, ele_trigger=0.63542, fakephoton_ele=2.80196, fakephoton_muon=1.24357, interference=0.610206, lumi=3.41527, mu_efficiency=1.33713, mu_trigger=4.07701, non_prompt_stat_ele=3.00269, non_prompt_stat_muon=1.47959, others_stat_ele=-0.722446, others_stat_muon=4.73457, others_xs=4.18857, param=0.0116162, pdf_ele=3.0379, pdf_muon=3.9718, photon_id=4.63922, pileup=0.333665, scale_ele=4.76524, scale_muon=6.99669
RooProdPdf::model_s[ modelObs_s * nuisancePdf ]
     getLogVal() top-level p.d.f evaluates to zero @ !pdfs=(modelObs_s = 0/1,nuisancePdf = 1)

[#0] WARNING:Minization -- RooMinimizerFcn: Minimized function has error status.
Returning maximum FCN so far (1042.03) to force MIGRAD to back out of this region. Error log follows
Parameter values: JER_ele=1.53148, JER_muon=2.17815, JES_ele=1.37248, JES_muon=4.08458, QCD_stat_ele=5.95595, QCD_stat_muon=6.87524, VBS_stat_ele=1.5968, VBS_stat_muon=1.84571, ele_efficiency=-0.192798, ele_trigger=0.64065, fakephoton_ele=2.81289, fakephoton_muon=1.2474, interference=0.615923, lumi=3.42226, mu_efficiency=1.34002, mu_trigger=4.08625, non_prompt_stat_ele=3.0164, non_prompt_stat_muon=1.48835, others_stat_ele=-0.717627, others_stat_muon=4.74726, others_xs=4.19775, param=0.011504, pdf_ele=3.04678, pdf_muon=3.98702, photon_id=4.65678, pileup=0.334532, scale_ele=4.78082, scale_muon=6.99782
RooProdPdf::model_s[ modelObs_s * nuisancePdf ]
     getLogVal() top-level p.d.f evaluates to zero @ !pdfs=(modelObs_s = 0/1,nuisancePdf = 1)

[#0] WARNING:Minization -- RooMinimizerFcn: Minimized function has error status.
Returning maximum FCN so far (1042.03) to force MIGRAD to back out of this region. Error log follows
Parameter values: JER_ele=1.53565, JER_muon=2.18619, JES_ele=1.37922, JES_muon=4.09692, QCD_stat_ele=5.96921, QCD_stat_muon=6.86719, VBS_stat_ele=1.60186, VBS_stat_muon=1.85441, ele_efficiency=-0.191496, ele_trigger=0.645906, fakephoton_ele=2.82387, fakephoton_muon=1.25124, interference=0.621668, lumi=3.42927, mu_efficiency=1.34294, mu_trigger=4.09552, non_prompt_stat_ele=3.03017, non_prompt_stat_muon=1.49715, others_stat_ele=-0.712784, others_stat_muon=4.75998, others_xs=4.20697, param=0.0113918, pdf_ele=3.05571, pdf_muon=4.0023, photon_id=4.67436, pileup=0.335403, scale_ele=4.79644, scale_muon=6.99872
RooProdPdf::model_s[ modelObs_s * nuisancePdf ]
     getLogVal() top-level p.d.f evaluates to zero @ !pdfs=(modelObs_s = 0/1,nuisancePdf = 1)

[#0] WARNING:Minization -- RooMinimizerFcn: Minimized function has error status.
Returning maximum FCN so far (1042.03) to force MIGRAD to back out of this region. Error log follows
Parameter values: JER_ele=1.53984, JER_muon=2.19427, JES_ele=1.386, JES_muon=4.1093, QCD_stat_ele=5.98246, QCD_stat_muon=6.85884, VBS_stat_ele=1.60695, VBS_stat_muon=1.86315, ele_efficiency=-0.190188, ele_trigger=0.651189, fakephoton_ele=2.8349, fakephoton_muon=1.25511, interference=0.627443, lumi=3.43632, mu_efficiency=1.34586, mu_trigger=4.10482, non_prompt_stat_ele=3.04399, non_prompt_stat_muon=1.506, others_stat_ele=-0.707914, others_stat_muon=4.77275, others_xs=4.21623, param=0.0112799, pdf_ele=3.06468, pdf_muon=4.01762, photon_id=4.69199, pileup=0.336279, scale_ele=4.8121, scale_muon=6.99938
RooProdPdf::model_s[ modelObs_s * nuisancePdf ]
     getLogVal() top-level p.d.f evaluates to zero @ !pdfs=(modelObs_s = 0/1,nuisancePdf = 1)

[#0] WARNING:Minization -- RooMinimizerFcn: Minimized function has error status.
Returning maximum FCN so far (1042.03) to force MIGRAD to back out of this region. Error log follows
Parameter values: JER_ele=1.54406, JER_muon=2.20238, JES_ele=1.39282, JES_muon=4.12173, QCD_stat_ele=5.99569, QCD_stat_muon=6.8502, VBS_stat_ele=1.61206, VBS_stat_muon=1.87194, ele_efficiency=-0.188873, ele_trigger=0.6565, fakephoton_ele=2.84598, fakephoton_muon=1.25899, interference=0.633247, lumi=3.44339, mu_efficiency=1.3488, mu_trigger=4.11416, non_prompt_stat_ele=3.05787, non_prompt_stat_muon=1.51489, others_stat_ele=-0.703019, others_stat_muon=4.78554, others_xs=4.22552, param=0.0111681, pdf_ele=3.07369, pdf_muon=4.033, photon_id=4.70966, pileup=0.33716, scale_ele=4.82779, scale_muon=6.99981
RooProdPdf::model_s[ modelObs_s * nuisancePdf ]
     getLogVal() top-level p.d.f evaluates to zero @ !pdfs=(modelObs_s = 0/1,nuisancePdf = 1)

[#0] WARNING:Minization -- RooMinimizerFcn: Minimized function has error status.
Returning maximum FCN so far (1042.03) to force MIGRAD to back out of this region. Error log follows
Parameter values: JER_ele=1.54829, JER_muon=2.21054, JES_ele=1.39967, JES_muon=4.13421, QCD_stat_ele=6.00893, QCD_stat_muon=6.84126, VBS_stat_ele=1.6172, VBS_stat_muon=1.88077, ele_efficiency=-0.18755, ele_trigger=0.661839, fakephoton_ele=2.85711, fakephoton_muon=1.2629, interference=0.639083, lumi=3.45051, mu_efficiency=1.35176, mu_trigger=4.12355, non_prompt_stat_ele=3.07181, non_prompt_stat_muon=1.52382, others_stat_ele=-0.698096, others_stat_muon=4.79838, others_xs=4.23485, param=0.0110564, pdf_ele=3.08274, pdf_muon=4.04843, photon_id=4.72737, pileup=0.338045, scale_ele=4.84353, scale_muon=6.99999
RooProdPdf::model_s[ modelObs_s * nuisancePdf ]
     getLogVal() top-level p.d.f evaluates to zero @ !pdfs=(modelObs_s = 0/1,nuisancePdf = 1)

[#0] WARNING:Minization -- RooMinimizerFcn: Minimized function has error status.
Returning maximum FCN so far (1042.03) to force MIGRAD to back out of this region. Error log follows
Parameter values: JER_ele=1.55255, JER_muon=2.21874, JES_ele=1.40655, JES_muon=4.14673, QCD_stat_ele=6.02215, QCD_stat_muon=6.83201, VBS_stat_ele=1.62237, VBS_stat_muon=1.88964, ele_efficiency=-0.18622, ele_trigger=0.667208, fakephoton_ele=2.86829, fakephoton_muon=1.26683, interference=0.644951, lumi=3.45765, mu_efficiency=1.35473, mu_trigger=4.13297, non_prompt_stat_ele=3.08582, non_prompt_stat_muon=1.5328, others_stat_ele=-0.693146, others_stat_muon=4.81126, others_xs=4.24422, param=0.0109449, pdf_ele=3.09184, pdf_muon=4.06391, photon_id=4.74512, pileup=0.338936, scale_ele=4.8593, scale_muon=6.99993
RooProdPdf::model_s[ modelObs_s * nuisancePdf ]
     getLogVal() top-level p.d.f evaluates to zero @ !pdfs=(modelObs_s = 0/1,nuisancePdf = 1)

[#0] WARNING:Minization -- RooMinimizerFcn: Minimized function has error status.
Returning maximum FCN so far (1042.03) to force MIGRAD to back out of this region. Error log follows
Parameter values: JER_ele=1.55683, JER_muon=2.22699, JES_ele=1.41348, JES_muon=4.15931, QCD_stat_ele=6.03536, QCD_stat_muon=6.82245, VBS_stat_ele=1.62756, VBS_stat_muon=1.89857, ele_efficiency=-0.184883, ele_trigger=0.672607, fakephoton_ele=2.87953, fakephoton_muon=1.27077, interference=0.650851, lumi=3.46484, mu_efficiency=1.35772, mu_trigger=4.14244, non_prompt_stat_ele=3.09989, non_prompt_stat_muon=1.54183, others_stat_ele=-0.688167, others_stat_muon=4.82418, others_xs=4.25363, param=0.0108336, pdf_ele=3.10098, pdf_muon=4.07945, photon_id=4.76291, pileup=0.339831, scale_ele=4.87511, scale_muon=6.99962
RooProdPdf::model_s[ modelObs_s * nuisancePdf ]
     getLogVal() top-level p.d.f evaluates to zero @ !pdfs=(modelObs_s = 0/1,nuisancePdf = 1)

[#0] WARNING:Minization -- RooMinimizerFcn: Minimized function has error status.
Returning maximum FCN so far (1042.03) to force MIGRAD to back out of this region. Error log follows
Parameter values: JER_ele=1.56114, JER_muon=2.23527, JES_ele=1.42044, JES_muon=4.17194, QCD_stat_ele=6.04857, QCD_stat_muon=6.81256, VBS_stat_ele=1.63279, VBS_stat_muon=1.90754, ele_efficiency=-0.183538, ele_trigger=0.678037, fakephoton_ele=2.89082, fakephoton_muon=1.27474, interference=0.656786, lumi=3.47206, mu_efficiency=1.36073, mu_trigger=4.15195, non_prompt_stat_ele=3.11402, non_prompt_stat_muon=1.55091, others_stat_ele=-0.683158, others_stat_muon=4.83715, others_xs=4.26308, param=0.0107223, pdf_ele=3.11016, pdf_muon=4.09506, photon_id=4.78075, pileup=0.340732, scale_ele=4.89097, scale_muon=6.99906
RooProdPdf::model_s[ modelObs_s * nuisancePdf ]
     getLogVal() top-level p.d.f evaluates to zero @ !pdfs=(modelObs_s = 0/1,nuisancePdf = 1)

[#0] WARNING:Minization -- RooMinimizerFcn: Minimized function has error status.
Returning maximum FCN so far (1042.03) to force MIGRAD to back out of this region. Error log follows
Parameter values: JER_ele=1.56547, JER_muon=2.24361, JES_ele=1.42744, JES_muon=4.18462, QCD_stat_ele=6.06177, QCD_stat_muon=6.80236, VBS_stat_ele=1.63804, VBS_stat_muon=1.91656, ele_efficiency=-0.182185, ele_trigger=0.683498, fakephoton_ele=2.90217, fakephoton_muon=1.27874, interference=0.662754, lumi=3.47931, mu_efficiency=1.36375, mu_trigger=4.1615, non_prompt_stat_ele=3.12822, non_prompt_stat_muon=1.56004, others_stat_ele=-0.67812, others_stat_muon=4.85016, others_xs=4.27258, param=0.0106112, pdf_ele=3.1194, pdf_muon=4.11072, photon_id=4.79864, pileup=0.341637, scale_ele=4.90687, scale_muon=6.99824
RooProdPdf::model_s[ modelObs_s * nuisancePdf ]
     getLogVal() top-level p.d.f evaluates to zero @ !pdfs=(modelObs_s = 0/1,nuisancePdf = 1)

[#0] WARNING:Minization -- RooMinimizerFcn: Minimized function has error status.
Returning maximum FCN so far (1042.03) to force MIGRAD to back out of this region. Error log follows
Parameter values: JER_ele=1.56983, JER_muon=2.25199, JES_ele=1.43449, JES_muon=4.19736, QCD_stat_ele=6.07497, QCD_stat_muon=6.79182, VBS_stat_ele=1.64333, VBS_stat_muon=1.92563, ele_efficiency=-0.180823, ele_trigger=0.688992, fakephoton_ele=2.91358, fakephoton_muon=1.28276, interference=0.668759, lumi=3.48661, mu_efficiency=1.36679, mu_trigger=4.1711, non_prompt_stat_ele=3.1425, non_prompt_stat_muon=1.56922, others_stat_ele=-0.673051, others_stat_muon=4.86321, others_xs=4.28212, param=0.0105002, pdf_ele=3.12868, pdf_muon=4.12645, photon_id=4.81657, pileup=0.342549, scale_ele=4.92282, scale_muon=6.99716
RooProdPdf::model_s[ modelObs_s * nuisancePdf ]
     getLogVal() top-level p.d.f evaluates to zero @ !pdfs=(modelObs_s = 0/1,nuisancePdf = 1)

[#0] WARNING:Minization -- RooMinimizerFcn: Minimized function has error status.
Returning maximum FCN so far (1042.03) to force MIGRAD to back out of this region. Error log follows
Parameter values: JER_ele=1.57421, JER_muon=2.26041, JES_ele=1.44157, JES_muon=4.21015, QCD_stat_ele=6.08815, QCD_stat_muon=6.78094, VBS_stat_ele=1.64865, VBS_stat_muon=1.93475, ele_efficiency=-0.179453, ele_trigger=0.69452, fakephoton_ele=2.92505, fakephoton_muon=1.2868, interference=0.674799, lumi=3.49395, mu_efficiency=1.36985, mu_trigger=4.18074, non_prompt_stat_ele=3.15684, non_prompt_stat_muon=1.57846, others_stat_ele=-0.66795, others_stat_muon=4.87632, others_xs=4.29171, param=0.0103893, pdf_ele=3.13802, pdf_muon=4.14224, photon_id=4.83456, pileup=0.343466, scale_ele=4.93882, scale_muon=6.99582
RooProdPdf::model_s[ modelObs_s * nuisancePdf ]
     getLogVal() top-level p.d.f evaluates to zero @ !pdfs=(modelObs_s = 0/1,nuisancePdf = 1)

[#0] WARNING:Minization -- RooMinimizerFcn: Minimized function has error status.
Returning maximum FCN so far (1042.03) to force MIGRAD to back out of this region. Error log follows
Parameter values: JER_ele=1.57862, JER_muon=2.26889, JES_ele=1.4487, JES_muon=4.223, QCD_stat_ele=6.10133, QCD_stat_muon=6.76972, VBS_stat_ele=1.654, VBS_stat_muon=1.94393, ele_efficiency=-0.178075, ele_trigger=0.700082, fakephoton_ele=2.93659, fakephoton_muon=1.29086, interference=0.680878, lumi=3.50132, mu_efficiency=1.37293, mu_trigger=4.19044, non_prompt_stat_ele=3.17126, non_prompt_stat_muon=1.58775, others_stat_ele=-0.662817, others_stat_muon=4.88947, others_xs=4.30134, param=0.0102785, pdf_ele=3.1474, pdf_muon=4.15809, photon_id=4.8526, pileup=0.344388, scale_ele=4.95486, scale_muon=6.99419
RooProdPdf::model_s[ modelObs_s * nuisancePdf ]
     getLogVal() top-level p.d.f evaluates to zero @ !pdfs=(modelObs_s = 0/1,nuisancePdf = 1)

[#0] WARNING:Minization -- RooMinimizerFcn: Minimized function has error status.
Returning maximum FCN so far (1042.03) to force MIGRAD to back out of this region. Error log follows
Parameter values: JER_ele=1.58306, JER_muon=2.27742, JES_ele=1.45588, JES_muon=4.23592, QCD_stat_ele=6.11451, QCD_stat_muon=6.75816, VBS_stat_ele=1.65938, VBS_stat_muon=1.95316, ele_efficiency=-0.176688, ele_trigger=0.705679, fakephoton_ele=2.94819, fakephoton_muon=1.29496, interference=0.686994, lumi=3.50874, mu_efficiency=1.37603, mu_trigger=4.20018, non_prompt_stat_ele=3.18575, non_prompt_stat_muon=1.59709, others_stat_ele=-0.657651, others_stat_muon=4.90267, others_xs=4.31103, param=0.0101678, pdf_ele=3.15684, pdf_muon=4.17402, photon_id=4.87069, pileup=0.345317, scale_ele=4.97096, scale_muon=6.9923
RooProdPdf::model_s[ modelObs_s * nuisancePdf ]
     getLogVal() top-level p.d.f evaluates to zero @ !pdfs=(modelObs_s = 0/1,nuisancePdf = 1)

[#0] WARNING:Minization -- RooMinimizerFcn: Minimized function has error status.
Returning maximum FCN so far (1042.03) to force MIGRAD to back out of this region. Error log follows
Parameter values: JER_ele=1.58753, JER_muon=2.286, JES_ele=1.46309, JES_muon=4.24889, QCD_stat_ele=6.12768, QCD_stat_muon=6.74623, VBS_stat_ele=1.66479, VBS_stat_muon=1.96245, ele_efficiency=-0.175292, ele_trigger=0.711312, fakephoton_ele=2.95985, fakephoton_muon=1.29908, interference=0.69315, lumi=3.5162, mu_efficiency=1.37915, mu_trigger=4.20997, non_prompt_stat_ele=3.20032, non_prompt_stat_muon=1.6065, others_stat_ele=-0.65245, others_stat_muon=4.91593, others_xs=4.32076, param=0.0100572, pdf_ele=3.16633, pdf_muon=4.19002, photon_id=4.88883, pileup=0.346252, scale_ele=4.98711, scale_muon=6.99012
RooProdPdf::model_s[ modelObs_s * nuisancePdf ]
     getLogVal() top-level p.d.f evaluates to zero @ !pdfs=(modelObs_s = 0/1,nuisancePdf = 1)

[#0] WARNING:Minization -- RooMinimizerFcn: Minimized function has error status.
Returning maximum FCN so far (1042.03) to force MIGRAD to back out of this region. Error log follows
Parameter values: JER_ele=1.59202, JER_muon=2.29463, JES_ele=1.47036, JES_muon=4.26192, QCD_stat_ele=6.14085, QCD_stat_muon=6.73394, VBS_stat_ele=1.67025, VBS_stat_muon=1.97179, ele_efficiency=-0.173886, ele_trigger=0.716983, fakephoton_ele=2.97158, fakephoton_muon=1.30322, interference=0.699346, lumi=3.52371, mu_efficiency=1.38229, mu_trigger=4.21982, non_prompt_stat_ele=3.21497, non_prompt_stat_muon=1.61597, others_stat_ele=-0.647214, others_stat_muon=4.92923, others_xs=4.33054, param=0.00994666, pdf_ele=3.17588, pdf_muon=4.20608, photon_id=4.90703, pileup=0.347192, scale_ele=5.00331, scale_muon=6.98765
RooProdPdf::model_s[ modelObs_s * nuisancePdf ]
     getLogVal() top-level p.d.f evaluates to zero @ !pdfs=(modelObs_s = 0/1,nuisancePdf = 1)

[#0] WARNING:Minization -- RooMinimizerFcn: Minimized function has error status.
Returning maximum FCN so far (1042.03) to force MIGRAD to back out of this region. Error log follows
Parameter values: JER_ele=1.59655, JER_muon=2.30331, JES_ele=1.47767, JES_muon=4.27503, QCD_stat_ele=6.15401, QCD_stat_muon=6.72128, VBS_stat_ele=1.67573, VBS_stat_muon=1.9812, ele_efficiency=-0.172471, ele_trigger=0.722691, fakephoton_ele=2.98338, fakephoton_muon=1.3074, interference=0.705584, lumi=3.53126, mu_efficiency=1.38545, mu_trigger=4.22972, non_prompt_stat_ele=3.2297, non_prompt_stat_muon=1.62549, others_stat_ele=-0.641942, others_stat_muon=4.94259, others_xs=4.34038, param=0.00983623, pdf_ele=3.18549, pdf_muon=4.22223, photon_id=4.92529, pileup=0.34814, scale_ele=5.01956, scale_muon=6.98488
RooProdPdf::model_s[ modelObs_s * nuisancePdf ]
     getLogVal() top-level p.d.f evaluates to zero @ !pdfs=(modelObs_s = 0/1,nuisancePdf = 1)

[#0] WARNING:Minization -- RooMinimizerFcn: Minimized function has error status.
Returning maximum FCN so far (1042.03) to force MIGRAD to back out of this region. Error log follows
Parameter values: JER_ele=1.6011, JER_muon=2.31206, JES_ele=1.48503, JES_muon=4.28819, QCD_stat_ele=6.16716, QCD_stat_muon=6.70825, VBS_stat_ele=1.68126, VBS_stat_muon=1.99066, ele_efficiency=-0.171046, ele_trigger=0.728439, fakephoton_ele=2.99525, fakephoton_muon=1.3116, interference=0.711865, lumi=3.53886, mu_efficiency=1.38863, mu_trigger=4.23967, non_prompt_stat_ele=3.24451, non_prompt_stat_muon=1.63508, others_stat_ele=-0.636634, others_stat_muon=4.95601, others_xs=4.35027, param=0.00972587, pdf_ele=3.19516, pdf_muon=4.23844, photon_id=4.94361, pileup=0.349094, scale_ele=5.03588, scale_muon=6.98182
RooProdPdf::model_s[ modelObs_s * nuisancePdf ]
     getLogVal() top-level p.d.f evaluates to zero @ !pdfs=(modelObs_s = 0/1,nuisancePdf = 1)

[#0] WARNING:Minization -- RooMinimizerFcn: Minimized function has error status.
Returning maximum FCN so far (1042.03) to force MIGRAD to back out of this region. Error log follows
Parameter values: JER_ele=1.60569, JER_muon=2.32086, JES_ele=1.49245, JES_muon=4.30143, QCD_stat_ele=6.18031, QCD_stat_muon=6.69482, VBS_stat_ele=1.68682, VBS_stat_muon=2.00019, ele_efficiency=-0.16961, ele_trigger=0.734226, fakephoton_ele=3.0072, fakephoton_muon=1.31583, interference=0.718189, lumi=3.54651, mu_efficiency=1.39183, mu_trigger=4.24968, non_prompt_stat_ele=3.25941, non_prompt_stat_muon=1.64473, others_stat_ele=-0.631287, others_stat_muon=4.96949, others_xs=4.36022, param=0.00961559, pdf_ele=3.20488, pdf_muon=4.25474, photon_id=4.96199, pileup=0.350054, scale_ele=5.05225, scale_muon=6.97845
RooProdPdf::model_s[ modelObs_s * nuisancePdf ]
     getLogVal() top-level p.d.f evaluates to zero @ !pdfs=(modelObs_s = 0/1,nuisancePdf = 1)

[#0] WARNING:Minization -- RooMinimizerFcn: Minimized function has error status.
Returning maximum FCN so far (1042.03) to force MIGRAD to back out of this region. Error log follows
Parameter values: JER_ele=1.61031, JER_muon=2.32972, JES_ele=1.49991, JES_muon=4.31473, QCD_stat_ele=6.19346, QCD_stat_muon=6.681, VBS_stat_ele=1.69242, VBS_stat_muon=2.00979, ele_efficiency=-0.168165, ele_trigger=0.740055, fakephoton_ele=3.01922, fakephoton_muon=1.32009, interference=0.724558, lumi=3.5542, mu_efficiency=1.39506, mu_trigger=4.25975, non_prompt_stat_ele=3.2744, non_prompt_stat_muon=1.65445, others_stat_ele=-0.625902, others_stat_muon=4.98303, others_xs=4.37022, param=0.00950536, pdf_ele=3.21467, pdf_muon=4.27112, photon_id=4.98043, pileup=0.351021, scale_ele=5.06868, scale_muon=6.97476
RooProdPdf::model_s[ modelObs_s * nuisancePdf ]
     getLogVal() top-level p.d.f evaluates to zero @ !pdfs=(modelObs_s = 0/1,nuisancePdf = 1)

[#0] WARNING:Minization -- RooMinimizerFcn: Minimized function has error status.
Returning maximum FCN so far (1042.03) to force MIGRAD to back out of this region. Error log follows
Parameter values: JER_ele=1.61496, JER_muon=2.33864, JES_ele=1.50743, JES_muon=4.32811, QCD_stat_ele=6.2066, QCD_stat_muon=6.66678, VBS_stat_ele=1.69806, VBS_stat_muon=2.01945, ele_efficiency=-0.166709, ele_trigger=0.745926, fakephoton_ele=3.03132, fakephoton_muon=1.32438, interference=0.730973, lumi=3.56195, mu_efficiency=1.39831, mu_trigger=4.26988, non_prompt_stat_ele=3.28948, non_prompt_stat_muon=1.66424, others_stat_ele=-0.620477, others_stat_muon=4.99662, others_xs=4.38028, param=0.0093952, pdf_ele=3.22452, pdf_muon=4.28758, photon_id=4.99894, pileup=0.351996, scale_ele=5.08517, scale_muon=6.97076
RooProdPdf::model_s[ modelObs_s * nuisancePdf ]
     getLogVal() top-level p.d.f evaluates to zero @ !pdfs=(modelObs_s = 0/1,nuisancePdf = 1)

[#0] WARNING:Minization -- RooMinimizerFcn: Minimized function has error status.
Returning maximum FCN so far (1042.03) to force MIGRAD to back out of this region. Error log follows
Parameter values: JER_ele=1.61965, JER_muon=2.34762, JES_ele=1.515, JES_muon=4.34156, QCD_stat_ele=6.21973, QCD_stat_muon=6.65214, VBS_stat_ele=1.70374, VBS_stat_muon=2.02917, ele_efficiency=-0.165242, ele_trigger=0.75184, fakephoton_ele=3.0435, fakephoton_muon=1.3287, interference=0.737435, lumi=3.56975, mu_efficiency=1.40158, mu_trigger=4.28007, non_prompt_stat_ele=3.30465, non_prompt_stat_muon=1.6741, others_stat_ele=-0.61501, others_stat_muon=5.01028, others_xs=4.39041, param=0.00928509, pdf_ele=3.23444, pdf_muon=4.30412, photon_id=5.01751, pileup=0.352978, scale_ele=5.10172, scale_muon=6.96643
RooProdPdf::model_s[ modelObs_s * nuisancePdf ]
     getLogVal() top-level p.d.f evaluates to zero @ !pdfs=(modelObs_s = 0/1,nuisancePdf = 1)

[#0] WARNING:Minization -- RooMinimizerFcn: Minimized function has error status.
Returning maximum FCN so far (1042.03) to force MIGRAD to back out of this region. Error log follows
Parameter values: JER_ele=1.62437, JER_muon=2.35666, JES_ele=1.52262, JES_muon=4.35509, QCD_stat_ele=6.23287, QCD_stat_muon=6.63709, VBS_stat_ele=1.70946, VBS_stat_muon=2.03897, ele_efficiency=-0.163764, ele_trigger=0.757799, fakephoton_ele=3.05575, fakephoton_muon=1.33306, interference=0.743945, lumi=3.5776, mu_efficiency=1.40488, mu_trigger=4.29032, non_prompt_stat_ele=3.31992, non_prompt_stat_muon=1.68402, others_stat_ele=-0.609502, others_stat_muon=5.024, others_xs=4.40059, param=0.00917503, pdf_ele=3.24442, pdf_muon=4.32075, photon_id=5.03615, pileup=0.353967, scale_ele=5.11834, scale_muon=6.96176
RooProdPdf::model_s[ modelObs_s * nuisancePdf ]
     getLogVal() top-level p.d.f evaluates to zero @ !pdfs=(modelObs_s = 0/1,nuisancePdf = 1)

[#0] WARNING:Minization -- RooMinimizerFcn: Minimized function has error status.
Returning maximum FCN so far (1042.03) to force MIGRAD to back out of this region. Error log follows
Parameter values: JER_ele=1.62913, JER_muon=2.36578, JES_ele=1.53031, JES_muon=4.3687, QCD_stat_ele=6.24599, QCD_stat_muon=6.6216, VBS_stat_ele=1.71523, VBS_stat_muon=2.04884, ele_efficiency=-0.162274, ele_trigger=0.763803, fakephoton_ele=3.06809, fakephoton_muon=1.33745, interference=0.750505, lumi=3.5855, mu_efficiency=1.4082, mu_trigger=4.30064, non_prompt_stat_ele=3.33528, non_prompt_stat_muon=1.69403, others_stat_ele=-0.603951, others_stat_muon=5.03779, others_xs=4.41084, param=0.00906501, pdf_ele=3.25447, pdf_muon=4.33747, photon_id=5.05486, pileup=0.354964, scale_ele=5.13503, scale_muon=6.95675
RooProdPdf::model_s[ modelObs_s * nuisancePdf ]
     getLogVal() top-level p.d.f evaluates to zero @ !pdfs=(modelObs_s = 0/1,nuisancePdf = 1)

[#0] WARNING:Minization -- RooMinimizerFcn: Minimized function has error status.
Returning maximum FCN so far (1042.03) to force MIGRAD to back out of this region. Error log follows
Parameter values: JER_ele=1.63392, JER_muon=2.37495, JES_ele=1.53805, JES_muon=4.38238, QCD_stat_ele=6.25912, QCD_stat_muon=6.60568, VBS_stat_ele=1.72104, VBS_stat_muon=2.05878, ele_efficiency=-0.160773, ele_trigger=0.769854, fakephoton_ele=3.08052, fakephoton_muon=1.34187, interference=0.757116, lumi=3.59346, mu_efficiency=1.41155, mu_trigger=4.31102, non_prompt_stat_ele=3.35075, non_prompt_stat_muon=1.7041, others_stat_ele=-0.598356, others_stat_muon=5.05165, others_xs=4.42115, param=0.00895504, pdf_ele=3.2646, pdf_muon=4.35427, photon_id=5.07364, pileup=0.355968, scale_ele=5.15178, scale_muon=6.95139
RooProdPdf::model_s[ modelObs_s * nuisancePdf ]
     getLogVal() top-level p.d.f evaluates to zero @ !pdfs=(modelObs_s = 0/1,nuisancePdf = 1)

[#0] WARNING:Minization -- RooMinimizerFcn: Minimized function has error status.
Returning maximum FCN so far (1042.03) to force MIGRAD to back out of this region. Error log follows
Parameter values: JER_ele=1.63875, JER_muon=2.3842, JES_ele=1.54585, JES_muon=4.39615, QCD_stat_ele=6.27223, QCD_stat_muon=6.58931, VBS_stat_ele=1.7269, VBS_stat_muon=2.06879, ele_efficiency=-0.15926, ele_trigger=0.775952, fakephoton_ele=3.09303, fakephoton_muon=1.34633, interference=0.763779, lumi=3.60148, mu_efficiency=1.41493, mu_trigger=4.32147, non_prompt_stat_ele=3.36631, non_prompt_stat_muon=1.71425, others_stat_ele=-0.592716, others_stat_muon=5.06558, others_xs=4.43153, param=0.00884509, pdf_ele=3.27479, pdf_muon=4.37118, photon_id=5.0925, pileup=0.356981, scale_ele=5.1686, scale_muon=6.94568
RooProdPdf::model_s[ modelObs_s * nuisancePdf ]
     getLogVal() top-level p.d.f evaluates to zero @ !pdfs=(modelObs_s = 0/1,nuisancePdf = 1)

[#0] WARNING:Minization -- RooMinimizerFcn: Minimized function has error status.
Returning maximum FCN so far (1042.03) to force MIGRAD to back out of this region. Error log follows
Parameter values: JER_ele=1.64362, JER_muon=2.39352, JES_ele=1.55371, JES_muon=4.41, QCD_stat_ele=6.28535, QCD_stat_muon=6.57247, VBS_stat_ele=1.7328, VBS_stat_muon=2.07888, ele_efficiency=-0.157734, ele_trigger=0.7821, fakephoton_ele=3.10564, fakephoton_muon=1.35082, interference=0.770496, lumi=3.60956, mu_efficiency=1.41833, mu_trigger=4.33199, non_prompt_stat_ele=3.38198, non_prompt_stat_muon=1.72449, others_stat_ele=-0.587029, others_stat_muon=5.07957, others_xs=4.44197, param=0.00873517, pdf_ele=3.28506, pdf_muon=4.38817, photon_id=5.11142, pileup=0.358002, scale_ele=5.18549, scale_muon=6.93959
RooProdPdf::model_s[ modelObs_s * nuisancePdf ]
     getLogVal() top-level p.d.f evaluates to zero @ !pdfs=(modelObs_s = 0/1,nuisancePdf = 1)

[#0] WARNING:Minization -- RooMinimizerFcn: Minimized function has error status.
Returning maximum FCN so far (1042.03) to force MIGRAD to back out of this region. Error log follows
Parameter values: JER_ele=1.64853, JER_muon=2.40291, JES_ele=1.56164, JES_muon=4.42394, QCD_stat_ele=6.29845, QCD_stat_muon=6.55517, VBS_stat_ele=1.73875, VBS_stat_muon=2.08906, ele_efficiency=-0.156196, ele_trigger=0.788298, fakephoton_ele=3.11833, fakephoton_muon=1.35535, interference=0.777268, lumi=3.6177, mu_efficiency=1.42176, mu_trigger=4.34258, non_prompt_stat_ele=3.39776, non_prompt_stat_muon=1.7348, others_stat_ele=-0.581294, others_stat_muon=5.09364, others_xs=4.45249, param=0.00862527, pdf_ele=3.29541, pdf_muon=4.40527, photon_id=5.13043, pileup=0.359031, scale_ele=5.20246, scale_muon=6.93313
RooProdPdf::model_s[ modelObs_s * nuisancePdf ]
     getLogVal() top-level p.d.f evaluates to zero @ !pdfs=(modelObs_s = 0/1,nuisancePdf = 1)

[#0] WARNING:Minization -- RooMinimizerFcn: Minimized function has error status.
Returning maximum FCN so far (1042.03) to force MIGRAD to back out of this region. Error log follows
Parameter values: JER_ele=1.65348, JER_muon=2.41237, JES_ele=1.56963, JES_muon=4.43796, QCD_stat_ele=6.31155, QCD_stat_muon=6.53738, VBS_stat_ele=1.74474, VBS_stat_muon=2.09931, ele_efficiency=-0.154645, ele_trigger=0.794548, fakephoton_ele=3.13112, fakephoton_muon=1.35992, interference=0.784096, lumi=3.6259, mu_efficiency=1.42522, mu_trigger=4.35324, non_prompt_stat_ele=3.41365, non_prompt_stat_muon=1.74519, others_stat_ele=-0.575511, others_stat_muon=5.10779, others_xs=4.46308, param=0.00851539, pdf_ele=3.30583, pdf_muon=4.42247, photon_id=5.14951, pileup=0.360069, scale_ele=5.2195, scale_muon=6.92629
RooProdPdf::model_s[ modelObs_s * nuisancePdf ]
     getLogVal() top-level p.d.f evaluates to zero @ !pdfs=(modelObs_s = 0/1,nuisancePdf = 1)

[#0] WARNING:Minization -- RooMinimizerFcn: Minimized function has error status.
Returning maximum FCN so far (1042.03) to force MIGRAD to back out of this region. Error log follows
Parameter values: JER_ele=1.65847, JER_muon=2.42191, JES_ele=1.57769, JES_muon=4.45207, QCD_stat_ele=6.32465, QCD_stat_muon=6.5191, VBS_stat_ele=1.75079, VBS_stat_muon=2.10964, ele_efficiency=-0.15308, ele_trigger=0.800851, fakephoton_ele=3.144, fakephoton_muon=1.36452, interference=0.790982, lumi=3.63416, mu_efficiency=1.42871, mu_trigger=4.36398, non_prompt_stat_ele=3.42965, non_prompt_stat_muon=1.75567, others_stat_ele=-0.569677, others_stat_muon=5.12201, others_xs=4.47374, param=0.00840552, pdf_ele=3.31633, pdf_muon=4.43976, photon_id=5.16867, pileup=0.361116, scale_ele=5.23661, scale_muon=6.91905
RooProdPdf::model_s[ modelObs_s * nuisancePdf ]
     getLogVal() top-level p.d.f evaluates to zero @ !pdfs=(modelObs_s = 0/1,nuisancePdf = 1)

[#0] WARNING:Minization -- RooMinimizerFcn: Minimized function has error status.
Returning maximum FCN so far (1042.03) to force MIGRAD to back out of this region. Error log follows
Parameter values: JER_ele=1.66351, JER_muon=2.43153, JES_ele=1.58581, JES_muon=4.46628, QCD_stat_ele=6.33774, QCD_stat_muon=6.50031, VBS_stat_ele=1.75689, VBS_stat_muon=2.12006, ele_efficiency=-0.151502, ele_trigger=0.807209, fakephoton_ele=3.15699, fakephoton_muon=1.36917, interference=0.797927, lumi=3.64249, mu_efficiency=1.43223, mu_trigger=4.3748, non_prompt_stat_ele=3.44577, non_prompt_stat_muon=1.76624, others_stat_ele=-0.563793, others_stat_muon=5.13631, others_xs=4.48447, param=0.00829565, pdf_ele=3.32692, pdf_muon=4.45717, photon_id=5.18792, pileup=0.362172, scale_ele=5.25381, scale_muon=6.9114
RooProdPdf::model_s[ modelObs_s * nuisancePdf ]
     getLogVal() top-level p.d.f evaluates to zero @ !pdfs=(modelObs_s = 0/1,nuisancePdf = 1)

[#0] WARNING:Minization -- RooMinimizerFcn: Minimized function has error status.
Returning maximum FCN so far (459.937) to force MIGRAD to back out of this region. Error log follows
Parameter values: JER_ele=-1.05186, JER_muon=-0.28311, JES_ele=-1.82783, JES_muon=0.699462, QCD_stat_ele=-0.704118, QCD_stat_muon=1.53396, VBS_stat_ele=1.76065, VBS_stat_muon=-0.679928, ele_efficiency=-1.44398, ele_trigger=-0.0101484, fakephoton_ele=3.52186, fakephoton_muon=0.493274, interference=-1.81713, lumi=0.677925, mu_efficiency=1.88363, mu_trigger=0.767768, non_prompt_stat_ele=6.86415, non_prompt_stat_muon=-2.72125, others_stat_ele=-1.58209, others_stat_muon=0.679532, others_xs=-1.36405, param=0.80391, pdf_ele=-2.81, pdf_muon=0.475147, photon_id=-2.25291, pileup=-0.0367147, scale_ele=-0.747682, scale_muon=1.21329
RooProdPdf::model_s[ modelObs_s * nuisancePdf ]
     getLogVal() top-level p.d.f evaluates to zero @ !pdfs=(modelObs_s = 0/1,nuisancePdf = 1)


 -- Hybrid New -- 
CLs = 0.00221239 +/- 0.00221112
Done in 13.10 min (cpu), 13.11 min (real)
