 <<< Combine >>> 
>>> including systematics
>>> using the Profile Likelihood test statistics modified for upper limits (Q_LHC)
>>> method used is HybridNew
>>> Used OpenSSL to get a really random seed 195531745
Computing results starting from observation (a-posteriori)
[#0] WARNING:Minization -- RooMinimizerFcn: Minimized function has error status.
Returning maximum FCN so far (710.523) to force MIGRAD to back out of this region. Error log follows
Parameter values: JER_ele=-4.80644, JER_muon=-6.02256, JES_ele=2.62741, JES_muon=2.89987, QCD_stat_ele=6.62196, QCD_stat_muon=4.92438, VBS_stat_ele=-2.19812, VBS_stat_muon=-2.46958, ele_efficiency=5.42938, ele_trigger=6.8738, fakephoton_ele=-6.96878, fakephoton_muon=5.74319, interference=6.17229, lumi=2.89344, mu_efficiency=0.404923, mu_trigger=-5.76566, non_prompt_stat_ele=3.95498, non_prompt_stat_muon=7, others_stat_ele=-2.60641, others_stat_muon=3.93693, others_xs=5.40191, param=2.42468, pdf_ele=-3.72448, pdf_muon=-3.66362, photon_id=5.21503, pileup=6.27375, scale_ele=6.81773, scale_muon=6.96849
RooProdPdf::model_s[ modelObs_s * nuisancePdf ]
     getLogVal() top-level p.d.f evaluates to zero @ !pdfs=(modelObs_s = 0/1,nuisancePdf = 1)

[#0] WARNING:Minization -- RooMinimizerFcn: Minimized function has error status.
Returning maximum FCN so far (710.523) to force MIGRAD to back out of this region. Error log follows
Parameter values: JER_ele=2.09642, JER_muon=-0.147725, JES_ele=3.34648, JES_muon=-2.52974, QCD_stat_ele=6.99986, QCD_stat_muon=3.59224, VBS_stat_ele=2.30792, VBS_stat_muon=0.478682, ele_efficiency=0.439989, ele_trigger=2.66547, fakephoton_ele=4.10007, fakephoton_muon=-0.563499, interference=0.193261, lumi=0.835944, mu_efficiency=-0.388084, mu_trigger=-1.92624, non_prompt_stat_ele=6.08076, non_prompt_stat_muon=-0.065538, others_stat_ele=4.35151, others_stat_muon=-4.75035, others_xs=1.14065, param=2.19634, pdf_ele=4.06959, pdf_muon=0.610521, photon_id=6.71921, pileup=-0.119679, scale_ele=5.95953, scale_muon=-4.50801
RooProdPdf::model_s[ modelObs_s * nuisancePdf ]
     getLogVal() top-level p.d.f evaluates to zero @ !pdfs=(modelObs_s = 0/1,nuisancePdf = 1)

[#0] WARNING:Minization -- RooMinimizerFcn: Minimized function has error status.
Returning maximum FCN so far (710.523) to force MIGRAD to back out of this region. Error log follows
Parameter values: JER_ele=5.40704, JER_muon=0.648094, JES_ele=6.99232, JES_muon=-2.94658, QCD_stat_ele=-6.5783, QCD_stat_muon=6.17061, VBS_stat_ele=5.00966, VBS_stat_muon=0.721338, ele_efficiency=2.10055, ele_trigger=6.54917, fakephoton_ele=5.46743, fakephoton_muon=-0.419658, interference=0.803084, lumi=2.63213, mu_efficiency=-1.71343, mu_trigger=-3.06181, non_prompt_stat_ele=4.89745, non_prompt_stat_muon=1.34405, others_stat_ele=6.78504, others_stat_muon=-6.41082, others_xs=5.50826, param=2.26832, pdf_ele=6.63111, pdf_muon=2.79856, photon_id=-2.18567, pileup=0.284171, scale_ele=-4.70141, scale_muon=-4.91976
RooProdPdf::model_s[ modelObs_s * nuisancePdf ]
     getLogVal() top-level p.d.f evaluates to zero @ !pdfs=(modelObs_s = 0/1,nuisancePdf = 1)

[#0] WARNING:Minization -- RooMinimizerFcn: Minimized function has error status.
Returning maximum FCN so far (710.523) to force MIGRAD to back out of this region. Error log follows
Parameter values: JER_ele=1.82146, JER_muon=-0.108508, JES_ele=3.67289, JES_muon=-0.499889, QCD_stat_ele=6.92023, QCD_stat_muon=1.68929, VBS_stat_ele=2.38031, VBS_stat_muon=1.19664, ele_efficiency=0.297329, ele_trigger=2.95947, fakephoton_ele=2.14804, fakephoton_muon=-0.29541, interference=0.900302, lumi=2.2546, mu_efficiency=0.593997, mu_trigger=-0.0550848, non_prompt_stat_ele=5.54264, non_prompt_stat_muon=-0.428086, others_stat_ele=4.94731, others_stat_muon=-2.65972, others_xs=1.99561, param=2.24961, pdf_ele=5.08673, pdf_muon=-0.00707833, photon_id=6.50965, pileup=-0.16912, scale_ele=6.98762, scale_muon=-1.05786
RooProdPdf::model_s[ modelObs_s * nuisancePdf ]
     getLogVal() top-level p.d.f evaluates to zero @ !pdfs=(modelObs_s = 0/1,nuisancePdf = 1)

[#0] WARNING:Minization -- RooMinimizerFcn: Minimized function has error status.
Returning maximum FCN so far (403.445) to force MIGRAD to back out of this region. Error log follows
Parameter values: JER_ele=2.09001, JER_muon=-6.66277, JES_ele=-4.12641, JES_muon=3.42684, QCD_stat_ele=6.10318, QCD_stat_muon=-0.713535, VBS_stat_ele=6.85015, VBS_stat_muon=-0.828919, ele_efficiency=5.24318, ele_trigger=6.35847, fakephoton_ele=1.04247, fakephoton_muon=-3.77882, interference=-6.9234, lumi=6.77593, mu_efficiency=2.717, mu_trigger=-2.54323, non_prompt_stat_ele=6.9976, non_prompt_stat_muon=-6.56139, others_stat_ele=1.79014, others_stat_muon=6.26472, others_xs=-1.53512, param=2.56579, pdf_ele=-1.2896, pdf_muon=-1.73417, photon_id=-4.6941, pileup=-3.36684, scale_ele=-6.10482, scale_muon=6.70275
RooProdPdf::model_s[ modelObs_s * nuisancePdf ]
     getLogVal() top-level p.d.f evaluates to zero @ !pdfs=(modelObs_s = 0/1,nuisancePdf = 1)

[#0] WARNING:Minization -- RooMinimizerFcn: Minimized function has error status.
Returning maximum FCN so far (769.217) to force MIGRAD to back out of this region. Error log follows
Parameter values: JER_ele=2.82996, JER_muon=4.40078, JES_ele=3.95111, JES_muon=6.86011, QCD_stat_ele=0.84041, QCD_stat_muon=-6.98156, VBS_stat_ele=-0.817538, VBS_stat_muon=1.67131, ele_efficiency=0.889002, ele_trigger=2.27221, fakephoton_ele=6.99603, fakephoton_muon=0.0208644, interference=5.09712, lumi=5.22996, mu_efficiency=2.69897, mu_trigger=5.53151, non_prompt_stat_ele=6.72895, non_prompt_stat_muon=4.52231, others_stat_ele=3.84453, others_stat_muon=0.751508, others_xs=5.55016, param=2.53882, pdf_ele=0.796784, pdf_muon=6.77507, photon_id=6.4911, pileup=2.84707, scale_ele=6.88946, scale_muon=0.591849
RooProdPdf::model_s[ modelObs_s * nuisancePdf ]
     getLogVal() top-level p.d.f evaluates to zero @ !pdfs=(modelObs_s = 0/1,nuisancePdf = 1)

[#0] WARNING:Minization -- RooMinimizerFcn: Minimized function has error status.
Returning maximum FCN so far (805.453) to force MIGRAD to back out of this region. Error log follows
Parameter values: JER_ele=1.44679, JER_muon=2.22917, JES_ele=1.56569, JES_muon=2.13502, QCD_stat_ele=2.1037, QCD_stat_muon=5.03153, VBS_stat_ele=2.49874, VBS_stat_muon=3.06631, ele_efficiency=0.355315, ele_trigger=0.786302, fakephoton_ele=3.55884, fakephoton_muon=0.344275, interference=3.05579, lumi=-1.02716, mu_efficiency=1.05631, mu_trigger=3.01655, non_prompt_stat_ele=4.40276, non_prompt_stat_muon=0.721879, others_stat_ele=1.85771, others_stat_muon=4.44635, others_xs=2.5968, param=2.54058, pdf_ele=3.81595, pdf_muon=4.14407, photon_id=4.90188, pileup=1.01692, scale_ele=4.39741, scale_muon=6.78172
RooProdPdf::model_s[ modelObs_s * nuisancePdf ]
     getLogVal() top-level p.d.f evaluates to zero @ !pdfs=(modelObs_s = 0/1,nuisancePdf = 1)

[#0] WARNING:Minization -- RooMinimizerFcn: Minimized function has error status.
Returning maximum FCN so far (805.453) to force MIGRAD to back out of this region. Error log follows
Parameter values: JER_ele=1.47407, JER_muon=2.2757, JES_ele=1.61362, JES_muon=2.22123, QCD_stat_ele=2.20767, QCD_stat_muon=5.15527, VBS_stat_ele=2.54752, VBS_stat_muon=3.12998, ele_efficiency=0.364869, ele_trigger=0.823831, fakephoton_ele=3.66253, fakephoton_muon=0.364402, interference=3.09367, lumi=-0.97743, mu_efficiency=1.07361, mu_trigger=3.07853, non_prompt_stat_ele=4.5228, non_prompt_stat_muon=0.769257, others_stat_ele=1.91094, others_stat_muon=4.51529, others_xs=2.66544, param=2.5406, pdf_ele=3.86668, pdf_muon=4.23811, photon_id=5.01544, pileup=1.02222, scale_ele=4.51288, scale_muon=6.84076
RooProdPdf::model_s[ modelObs_s * nuisancePdf ]
     getLogVal() top-level p.d.f evaluates to zero @ !pdfs=(modelObs_s = 0/1,nuisancePdf = 1)

[#0] WARNING:Minization -- RooMinimizerFcn: Minimized function has error status.
Returning maximum FCN so far (805.453) to force MIGRAD to back out of this region. Error log follows
Parameter values: JER_ele=1.51711, JER_muon=2.34895, JES_ele=1.68914, JES_muon=2.35657, QCD_stat_ele=2.37083, QCD_stat_muon=5.34356, VBS_stat_ele=2.62425, VBS_stat_muon=3.22994, ele_efficiency=0.379955, ele_trigger=0.883053, fakephoton_ele=3.82404, fakephoton_muon=0.396164, interference=3.15324, lumi=-0.898732, mu_efficiency=1.10089, mu_trigger=3.17577, non_prompt_stat_ele=4.70781, non_prompt_stat_muon=0.843986, others_stat_ele=1.99474, others_stat_muon=4.62264, others_xs=2.77319, param=2.54426, pdf_ele=3.94617, pdf_muon=4.38415, photon_id=5.18931, pileup=1.03058, scale_ele=4.69096, scale_muon=6.91519
RooProdPdf::model_s[ modelObs_s * nuisancePdf ]
     getLogVal() top-level p.d.f evaluates to zero @ !pdfs=(modelObs_s = 0/1,nuisancePdf = 1)

[#0] WARNING:Minization -- RooMinimizerFcn: Minimized function has error status.
Returning maximum FCN so far (805.453) to force MIGRAD to back out of this region. Error log follows
Parameter values: JER_ele=1.53006, JER_muon=2.3711, JES_ele=1.71177, JES_muon=2.39732, QCD_stat_ele=2.42271, QCD_stat_muon=5.40011, VBS_stat_ele=2.64607, VBS_stat_muon=3.25995, ele_efficiency=0.384486, ele_trigger=0.900749, fakephoton_ele=3.87232, fakephoton_muon=0.405834, interference=3.17143, lumi=-0.875729, mu_efficiency=1.10921, mu_trigger=3.20523, non_prompt_stat_ele=4.76258, non_prompt_stat_muon=0.866605, others_stat_ele=2.01986, others_stat_muon=4.65471, others_xs=2.80555, param=2.54497, pdf_ele=3.9701, pdf_muon=4.42797, photon_id=5.24056, pileup=1.03319, scale_ele=4.74344, scale_muon=6.93319
RooProdPdf::model_s[ modelObs_s * nuisancePdf ]
     getLogVal() top-level p.d.f evaluates to zero @ !pdfs=(modelObs_s = 0/1,nuisancePdf = 1)

[#0] WARNING:Minization -- RooMinimizerFcn: Minimized function has error status.
Returning maximum FCN so far (805.453) to force MIGRAD to back out of this region. Error log follows
Parameter values: JER_ele=1.51348, JER_muon=2.34245, JES_ele=1.68214, JES_muon=2.34351, QCD_stat_ele=2.36272, QCD_stat_muon=5.32981, VBS_stat_ele=2.61564, VBS_stat_muon=3.22158, ele_efficiency=0.378587, ele_trigger=0.877439, fakephoton_ele=3.80966, fakephoton_muon=0.393189, interference=3.14851, lumi=-0.90728, mu_efficiency=1.09851, mu_trigger=3.16716, non_prompt_stat_ele=4.6915, non_prompt_stat_muon=0.836664, others_stat_ele=1.98707, others_stat_muon=4.6132, others_xs=2.76312, param=2.54502, pdf_ele=3.93964, pdf_muon=4.37114, photon_id=5.17366, pileup=1.03009, scale_ele=4.67478, scale_muon=6.90906
RooProdPdf::model_s[ modelObs_s * nuisancePdf ]
     getLogVal() top-level p.d.f evaluates to zero @ !pdfs=(modelObs_s = 0/1,nuisancePdf = 1)

[#0] WARNING:Minization -- RooMinimizerFcn: Minimized function has error status.
Returning maximum FCN so far (805.453) to force MIGRAD to back out of this region. Error log follows
Parameter values: JER_ele=1.49205, JER_muon=2.30593, JES_ele=1.64507, JES_muon=2.277, QCD_stat_ele=2.2795, QCD_stat_muon=5.23535, VBS_stat_ele=2.57822, VBS_stat_muon=3.17125, ele_efficiency=0.371152, ele_trigger=0.848411, fakephoton_ele=3.73053, fakephoton_muon=0.377534, interference=3.11854, lumi=-0.945711, mu_efficiency=1.08491, mu_trigger=3.11884, non_prompt_stat_ele=4.60099, non_prompt_stat_muon=0.800038, others_stat_ele=1.94585, others_stat_muon=4.55967, others_xs=2.70999, param=2.54487, pdf_ele=3.9001, pdf_muon=4.29885, photon_id=5.08822, pileup=1.02578, scale_ele=4.58766, scale_muon=6.8742
RooProdPdf::model_s[ modelObs_s * nuisancePdf ]
     getLogVal() top-level p.d.f evaluates to zero @ !pdfs=(modelObs_s = 0/1,nuisancePdf = 1)

[#0] WARNING:Minization -- RooMinimizerFcn: Minimized function has error status.
Returning maximum FCN so far (805.453) to force MIGRAD to back out of this region. Error log follows
Parameter values: JER_ele=1.47507, JER_muon=2.27687, JES_ele=1.61477, JES_muon=2.22236, QCD_stat_ele=2.21695, QCD_stat_muon=5.16084, VBS_stat_ele=2.54722, VBS_stat_muon=3.13212, ele_efficiency=0.36513, ele_trigger=0.824633, fakephoton_ele=3.66553, fakephoton_muon=0.364751, interference=3.09514, lumi=-0.977522, mu_efficiency=1.07408, mu_trigger=3.08006, non_prompt_stat_ele=4.52635, non_prompt_stat_muon=0.769791, others_stat_ele=1.9123, others_stat_muon=4.51704, others_xs=2.66676, param=2.54491, pdf_ele=3.86864, pdf_muon=4.24029, photon_id=5.01798, pileup=1.02259, scale_ele=4.51574, scale_muon=6.84154
RooProdPdf::model_s[ modelObs_s * nuisancePdf ]
     getLogVal() top-level p.d.f evaluates to zero @ !pdfs=(modelObs_s = 0/1,nuisancePdf = 1)

[#0] WARNING:Minization -- RooMinimizerFcn: Minimized function has error status.
Returning maximum FCN so far (805.453) to force MIGRAD to back out of this region. Error log follows
Parameter values: JER_ele=1.45406, JER_muon=2.24109, JES_ele=1.57829, JES_muon=2.15685, QCD_stat_ele=2.13554, QCD_stat_muon=5.06524, VBS_stat_ele=2.5102, VBS_stat_muon=3.08272, ele_efficiency=0.357834, ele_trigger=0.796086, fakephoton_ele=3.58669, fakephoton_muon=0.349443, interference=3.06584, lumi=-1.01522, mu_efficiency=1.0608, mu_trigger=3.03256, non_prompt_stat_ele=4.43513, non_prompt_stat_muon=0.733889, others_stat_ele=1.87171, others_stat_muon=4.46398, others_xs=2.61439, param=2.54478, pdf_ele=3.82966, pdf_muon=4.1684, photon_id=4.93148, pileup=1.01842, scale_ele=4.42799, scale_muon=6.79758
RooProdPdf::model_s[ modelObs_s * nuisancePdf ]
     getLogVal() top-level p.d.f evaluates to zero @ !pdfs=(modelObs_s = 0/1,nuisancePdf = 1)

[#0] WARNING:Minization -- RooMinimizerFcn: Minimized function has error status.
Returning maximum FCN so far (805.453) to force MIGRAD to back out of this region. Error log follows
Parameter values: JER_ele=1.4366, JER_muon=2.21124, JES_ele=1.54729, JES_muon=2.10086, QCD_stat_ele=2.06995, QCD_stat_muon=4.98541, VBS_stat_ele=2.47855, VBS_stat_muon=3.04219, ele_efficiency=0.351676, ele_trigger=0.771807, fakephoton_ele=3.51929, fakephoton_muon=0.336402, interference=3.04166, lumi=-1.04749, mu_efficiency=1.0497, mu_trigger=2.99261, non_prompt_stat_ele=4.3568, non_prompt_stat_muon=0.703081, others_stat_ele=1.83733, others_stat_muon=4.41963, others_xs=2.57002, param=2.54478, pdf_ele=3.79707, pdf_muon=4.10745, photon_id=4.85734, pileup=1.0151, scale_ele=4.35268, scale_muon=6.75597
RooProdPdf::model_s[ modelObs_s * nuisancePdf ]
     getLogVal() top-level p.d.f evaluates to zero @ !pdfs=(modelObs_s = 0/1,nuisancePdf = 1)


 -- Hybrid New -- 
CLs = 0.565909 +/- 0.0315439
Done in 16.91 min (cpu), 16.98 min (real)
