 <<< Combine >>> 
>>> including systematics
>>> using the Profile Likelihood test statistics modified for upper limits (Q_LHC)
>>> method used is HybridNew
>>> Used OpenSSL to get a really random seed -1198275883
Computing results starting from observation (a-posteriori)
[#0] WARNING:Minization -- RooMinimizerFcn: Minimized function has error status.
Returning maximum FCN so far (467.073) to force MIGRAD to back out of this region. Error log follows
Parameter values: JER_ele=4.36562, JER_muon=-4.8961, JES_ele=6.34927, JES_muon=-5.43152, QCD_stat_ele=5.00344, QCD_stat_muon=6.7303, VBS_stat_ele=6.89035, VBS_stat_muon=-3.18501, ele_efficiency=-6.35516, ele_trigger=6.63613, fakephoton_ele=6.75981, fakephoton_muon=3.65989, interference=6.99608, lumi=-1.01087, mu_efficiency=5.41829, mu_trigger=6.81734, non_prompt_stat_ele=6.78172, non_prompt_stat_muon=-4.8539, others_stat_ele=-1.53818, others_stat_muon=-3.91045, others_xs=-4.99811, param=0.545521, pdf_ele=2.60758, pdf_muon=-5.81925, photon_id=-1.56105, pileup=-2.54118, scale_ele=-1.44999, scale_muon=-6.5451
RooProdPdf::model_s[ modelObs_s * nuisancePdf ]
     getLogVal() top-level p.d.f evaluates to zero @ !pdfs=(modelObs_s = 0/1,nuisancePdf = 1)

[#0] WARNING:Minization -- RooMinimizerFcn: Minimized function has error status.
Returning maximum FCN so far (467.073) to force MIGRAD to back out of this region. Error log follows
Parameter values: JER_ele=3.96062, JER_muon=4.30211, JES_ele=-0.434727, JES_muon=-5.2856, QCD_stat_ele=5.92202, QCD_stat_muon=-5.08593, VBS_stat_ele=-5.2538, VBS_stat_muon=1.52714, ele_efficiency=-5.99366, ele_trigger=1.19438, fakephoton_ele=0.458284, fakephoton_muon=1.93384, interference=2.1242, lumi=-6.98911, mu_efficiency=2.54198, mu_trigger=-5.98456, non_prompt_stat_ele=6.95267, non_prompt_stat_muon=6.122, others_stat_ele=5.61249, others_stat_muon=-4.52957, others_xs=4.52607, param=0.315526, pdf_ele=-2.19167, pdf_muon=-6.55239, photon_id=6.53469, pileup=-6.94294, scale_ele=4.76601, scale_muon=-3.53489
RooProdPdf::model_s[ modelObs_s * nuisancePdf ]
     getLogVal() top-level p.d.f evaluates to zero @ !pdfs=(modelObs_s = 0/1,nuisancePdf = 1)

[#0] WARNING:Minization -- RooMinimizerFcn: Minimized function has error status.
Returning maximum FCN so far (507.723) to force MIGRAD to back out of this region. Error log follows
Parameter values: JER_ele=5.29285, JER_muon=-6.99735, JES_ele=-6.95361, JES_muon=-2.53606, QCD_stat_ele=-4.53215, QCD_stat_muon=3.58672, VBS_stat_ele=-4.12273, VBS_stat_muon=-1.06239, ele_efficiency=3.70514, ele_trigger=0.0699516, fakephoton_ele=6.91759, fakephoton_muon=2.04355, interference=5.13327, lumi=1.84045, mu_efficiency=3.94849, mu_trigger=3.26386, non_prompt_stat_ele=5.3645, non_prompt_stat_muon=4.59583, others_stat_ele=-6.65456, others_stat_muon=-5.97369, others_xs=-2.98646, param=0.0121974, pdf_ele=-5.82364, pdf_muon=-5.92427, photon_id=-5.0593, pileup=-0.699854, scale_ele=-0.509297, scale_muon=-4.77585
RooProdPdf::model_s[ modelObs_s * nuisancePdf ]
     getLogVal() top-level p.d.f evaluates to zero @ !pdfs=(modelObs_s = 0/1,nuisancePdf = 1)

[#0] WARNING:Minization -- RooMinimizerFcn: Minimized function has error status.
Returning maximum FCN so far (507.723) to force MIGRAD to back out of this region. Error log follows
Parameter values: JER_ele=3.58139, JER_muon=6.98528, JES_ele=-3.04206, JES_muon=-1.1545, QCD_stat_ele=-4.67802, QCD_stat_muon=-3.10284, VBS_stat_ele=-3.97001, VBS_stat_muon=1.30079, ele_efficiency=5.58318, ele_trigger=0.233188, fakephoton_ele=5.36433, fakephoton_muon=4.81482, interference=0.579095, lumi=-6.62446, mu_efficiency=-6.73299, mu_trigger=-5.79409, non_prompt_stat_ele=6.18871, non_prompt_stat_muon=0.175962, others_stat_ele=-1.37236, others_stat_muon=-1.63618, others_xs=-5.7221, param=2.59787, pdf_ele=-5.58853, pdf_muon=-2.11562, photon_id=-0.66015, pileup=0.675473, scale_ele=-4.8317, scale_muon=5.84852
RooProdPdf::model_s[ modelObs_s * nuisancePdf ]
     getLogVal() top-level p.d.f evaluates to zero @ !pdfs=(modelObs_s = 0/1,nuisancePdf = 1)

[#0] WARNING:Minization -- RooMinimizerFcn: Minimized function has error status.
Returning maximum FCN so far (507.723) to force MIGRAD to back out of this region. Error log follows
Parameter values: JER_ele=1.94364, JER_muon=-5.65142, JES_ele=4.30019, JES_muon=-6.96663, QCD_stat_ele=-1.91865, QCD_stat_muon=5.33331, VBS_stat_ele=3.67683, VBS_stat_muon=-6.13439, ele_efficiency=1.91001, ele_trigger=4.24326, fakephoton_ele=6.99657, fakephoton_muon=-4.17539, interference=-3.28218, lumi=-2.0401, mu_efficiency=-2.42249, mu_trigger=-6.79684, non_prompt_stat_ele=6.95523, non_prompt_stat_muon=-6.75371, others_stat_ele=3.22492, others_stat_muon=-6.77541, others_xs=-2.82944, param=3.63291, pdf_ele=5.66802, pdf_muon=-4.87879, photon_id=-6.53396, pileup=1.20716, scale_ele=6.51815, scale_muon=5.1243
RooProdPdf::model_s[ modelObs_s * nuisancePdf ]
     getLogVal() top-level p.d.f evaluates to zero @ !pdfs=(modelObs_s = 0/1,nuisancePdf = 1)

[#0] WARNING:Minization -- RooMinimizerFcn: Minimized function has error status.
Returning maximum FCN so far (507.723) to force MIGRAD to back out of this region. Error log follows
Parameter values: JER_ele=2.98625, JER_muon=-6.73718, JES_ele=6.99983, JES_muon=6.00299, QCD_stat_ele=-1.80236, QCD_stat_muon=5.24585, VBS_stat_ele=0.0147576, VBS_stat_muon=-6.904, ele_efficiency=-2.73416, ele_trigger=-3.21077, fakephoton_ele=6.5224, fakephoton_muon=-5.39729, interference=-0.208822, lumi=6.39162, mu_efficiency=4.47659, mu_trigger=2.18067, non_prompt_stat_ele=5.5111, non_prompt_stat_muon=-6.80268, others_stat_ele=-6.93027, others_stat_muon=6.98932, others_xs=-2.06296, param=3.46788, pdf_ele=6.22847, pdf_muon=-4.0773, photon_id=-0.236774, pileup=4.21693, scale_ele=4.99041, scale_muon=-1.01491
RooProdPdf::model_s[ modelObs_s * nuisancePdf ]
     getLogVal() top-level p.d.f evaluates to zero @ !pdfs=(modelObs_s = 0/1,nuisancePdf = 1)

[#0] WARNING:Minization -- RooMinimizerFcn: Minimized function has error status.
Returning maximum FCN so far (507.723) to force MIGRAD to back out of this region. Error log follows
Parameter values: JER_ele=-0.206051, JER_muon=-2.41854, JES_ele=1.6865, JES_muon=-1.4319, QCD_stat_ele=6.62267, QCD_stat_muon=-6.96715, VBS_stat_ele=0.536111, VBS_stat_muon=-1.93304, ele_efficiency=1.28371, ele_trigger=2.02537, fakephoton_ele=6.99942, fakephoton_muon=-0.970441, interference=-0.426148, lumi=-0.277521, mu_efficiency=-0.881132, mu_trigger=-2.90742, non_prompt_stat_ele=5.9505, non_prompt_stat_muon=-4.24252, others_stat_ele=1.0265, others_stat_muon=-3.6654, others_xs=-0.723697, param=3.86734, pdf_ele=1.92961, pdf_muon=-4.87331, photon_id=-2.66344, pileup=1.36627, scale_ele=4.47166, scale_muon=-6.72477
RooProdPdf::model_s[ modelObs_s * nuisancePdf ]
     getLogVal() top-level p.d.f evaluates to zero @ !pdfs=(modelObs_s = 0/1,nuisancePdf = 1)

[#0] WARNING:Minization -- RooMinimizerFcn: Minimized function has error status.
Returning maximum FCN so far (507.723) to force MIGRAD to back out of this region. Error log follows
Parameter values: JER_ele=-0.145525, JER_muon=-2.58782, JES_ele=2.77727, JES_muon=-5.1947, QCD_stat_ele=6.96876, QCD_stat_muon=-6.35721, VBS_stat_ele=1.03762, VBS_stat_muon=-2.56137, ele_efficiency=1.44568, ele_trigger=2.79513, fakephoton_ele=3.77097, fakephoton_muon=-0.529309, interference=-0.381234, lumi=0.12216, mu_efficiency=-0.781232, mu_trigger=-2.53883, non_prompt_stat_ele=4.96488, non_prompt_stat_muon=-3.58087, others_stat_ele=1.10275, others_stat_muon=-3.17305, others_xs=-0.375583, param=3.86462, pdf_ele=3.45757, pdf_muon=-4.40562, photon_id=-0.908965, pileup=1.29284, scale_ele=6.83086, scale_muon=-6.99672
RooProdPdf::model_s[ modelObs_s * nuisancePdf ]
     getLogVal() top-level p.d.f evaluates to zero @ !pdfs=(modelObs_s = 0/1,nuisancePdf = 1)

[#0] WARNING:Minization -- RooMinimizerFcn: Minimized function has error status.
Returning maximum FCN so far (507.723) to force MIGRAD to back out of this region. Error log follows
Parameter values: JER_ele=-0.070735, JER_muon=-2.04258, JES_ele=2.85621, JES_muon=-4.32667, QCD_stat_ele=6.99075, QCD_stat_muon=-5.21416, VBS_stat_ele=1.09226, VBS_stat_muon=-1.66081, ele_efficiency=1.46616, ele_trigger=2.85506, fakephoton_ele=4.09942, fakephoton_muon=-0.204574, interference=0.0938235, lumi=0.538925, mu_efficiency=-0.591192, mu_trigger=-1.81924, non_prompt_stat_ele=5.16909, non_prompt_stat_muon=-2.86382, others_stat_ele=1.20413, others_stat_muon=-2.58376, others_xs=0.0378323, param=3.85997, pdf_ele=3.54947, pdf_muon=-3.27115, photon_id=0.315481, pileup=1.34428, scale_ele=6.87551, scale_muon=-6.33877
RooProdPdf::model_s[ modelObs_s * nuisancePdf ]
     getLogVal() top-level p.d.f evaluates to zero @ !pdfs=(modelObs_s = 0/1,nuisancePdf = 1)

[#0] WARNING:Minization -- RooMinimizerFcn: Minimized function has error status.
Returning maximum FCN so far (507.723) to force MIGRAD to back out of this region. Error log follows
Parameter values: JER_ele=0.0964142, JER_muon=-1.58805, JES_ele=3.12624, JES_muon=-3.68596, QCD_stat_ele=6.97058, QCD_stat_muon=-3.75337, VBS_stat_ele=1.32074, VBS_stat_muon=-0.936063, ele_efficiency=1.52231, ele_trigger=3.06373, fakephoton_ele=4.50796, fakephoton_muon=0.102199, interference=0.50841, lumi=0.971887, mu_efficiency=-0.424562, mu_trigger=-1.17179, non_prompt_stat_ele=5.59978, non_prompt_stat_muon=-2.17684, others_stat_ele=1.43999, others_stat_muon=-2.03258, others_xs=0.479344, param=3.86144, pdf_ele=3.90257, pdf_muon=-2.18255, photon_id=1.63648, pileup=1.38689, scale_ele=6.98897, scale_muon=-4.86824
RooProdPdf::model_s[ modelObs_s * nuisancePdf ]
     getLogVal() top-level p.d.f evaluates to zero @ !pdfs=(modelObs_s = 0/1,nuisancePdf = 1)

[#0] WARNING:Minization -- RooMinimizerFcn: Minimized function has error status.
Returning maximum FCN so far (507.723) to force MIGRAD to back out of this region. Error log follows
Parameter values: JER_ele=0.168204, JER_muon=-1.08487, JES_ele=3.24159, JES_muon=-2.9474, QCD_stat_ele=6.9192, QCD_stat_muon=-1.84576, VBS_stat_ele=1.41797, VBS_stat_muon=-0.133709, ele_efficiency=1.5466, ele_trigger=3.15299, fakephoton_ele=4.67986, fakephoton_muon=0.436149, interference=0.938581, lumi=1.37185, mu_efficiency=-0.242746, mu_trigger=-0.454652, non_prompt_stat_ele=5.77023, non_prompt_stat_muon=-1.4012, others_stat_ele=1.53957, others_stat_muon=-1.41749, others_xs=0.884542, param=3.86259, pdf_ele=4.05154, pdf_muon=-0.926342, photon_id=2.79919, pileup=1.42594, scale_ele=6.99999, scale_muon=-2.55019
RooProdPdf::model_s[ modelObs_s * nuisancePdf ]
     getLogVal() top-level p.d.f evaluates to zero @ !pdfs=(modelObs_s = 0/1,nuisancePdf = 1)

[#0] WARNING:Minization -- RooMinimizerFcn: Minimized function has error status.
Returning maximum FCN so far (507.723) to force MIGRAD to back out of this region. Error log follows
Parameter values: JER_ele=0.163282, JER_muon=-0.652321, JES_ele=3.23422, JES_muon=-2.28643, QCD_stat_ele=6.92534, QCD_stat_muon=-0.0877796, VBS_stat_ele=1.41059, VBS_stat_muon=0.550692, ele_efficiency=1.54502, ele_trigger=3.14709, fakephoton_ele=4.68055, fakephoton_muon=0.719639, interference=1.28994, lumi=1.66818, mu_efficiency=-0.0879922, mu_trigger=0.159325, non_prompt_stat_ele=5.7622, non_prompt_stat_muon=-0.726143, others_stat_ele=1.53067, others_stat_muon=-0.885939, others_xs=1.18303, param=3.86346, pdf_ele=4.04242, pdf_muon=0.168531, photon_id=3.60458, pileup=1.45474, scale_ele=7, scale_muon=-0.25157
RooProdPdf::model_s[ modelObs_s * nuisancePdf ]
     getLogVal() top-level p.d.f evaluates to zero @ !pdfs=(modelObs_s = 0/1,nuisancePdf = 1)

[#0] WARNING:Minization -- RooMinimizerFcn: Minimized function has error status.
Returning maximum FCN so far (507.723) to force MIGRAD to back out of this region. Error log follows
Parameter values: JER_ele=0.128917, JER_muon=-0.338753, JES_ele=3.17966, JES_muon=-1.79491, QCD_stat_ele=6.95361, QCD_stat_muon=1.18989, VBS_stat_ele=1.36324, VBS_stat_muon=1.04148, ele_efficiency=1.5335, ele_trigger=3.10464, fakephoton_ele=4.61403, fakephoton_muon=0.923465, interference=1.53587, lumi=1.86129, mu_efficiency=0.0236347, mu_trigger=0.601586, non_prompt_stat_ele=5.68579, non_prompt_stat_muon=-0.234449, others_stat_ele=1.48057, others_stat_muon=-0.49961, others_xs=1.3766, param=3.86404, pdf_ele=3.97252, pdf_muon=0.957125, photon_id=4.09671, pileup=1.47344, scale_ele=6.99738, scale_muon=1.43901
RooProdPdf::model_s[ modelObs_s * nuisancePdf ]
     getLogVal() top-level p.d.f evaluates to zero @ !pdfs=(modelObs_s = 0/1,nuisancePdf = 1)

[#0] WARNING:Minization -- RooMinimizerFcn: Minimized function has error status.
Returning maximum FCN so far (507.723) to force MIGRAD to back out of this region. Error log follows
Parameter values: JER_ele=0.0972117, JER_muon=-0.128987, JES_ele=3.12903, JES_muon=-1.46127, QCD_stat_ele=6.97359, QCD_stat_muon=2.02325, VBS_stat_ele=1.31961, VBS_stat_muon=1.36646, ele_efficiency=1.52285, ele_trigger=3.06532, fakephoton_ele=4.54988, fakephoton_muon=1.05915, interference=1.69745, lumi=1.98411, mu_efficiency=0.0981601, mu_trigger=0.895627, non_prompt_stat_ele=5.61288, non_prompt_stat_muon=0.0946939, others_stat_ele=1.43463, others_stat_muon=-0.24087, others_xs=1.49948, param=3.86441, pdf_ele=3.90734, pdf_muon=1.47745, photon_id=4.3951, pileup=1.48534, scale_ele=6.99053, scale_muon=2.52666
RooProdPdf::model_s[ modelObs_s * nuisancePdf ]
     getLogVal() top-level p.d.f evaluates to zero @ !pdfs=(modelObs_s = 0/1,nuisancePdf = 1)

[#0] WARNING:Minization -- RooMinimizerFcn: Minimized function has error status.
Returning maximum FCN so far (507.723) to force MIGRAD to back out of this region. Error log follows
Parameter values: JER_ele=0.0788685, JER_muon=0.00865091, JES_ele=3.09966, JES_muon=-1.24049, QCD_stat_ele=6.98263, QCD_stat_muon=2.55409, VBS_stat_ele=1.29433, VBS_stat_muon=1.57797, ele_efficiency=1.51669, ele_trigger=3.04253, fakephoton_ele=4.51288, fakephoton_muon=1.1479, interference=1.80333, lumi=2.06577, mu_efficiency=0.147027, mu_trigger=1.08762, non_prompt_stat_ele=5.57, non_prompt_stat_muon=0.310457, others_stat_ele=1.40796, others_stat_muon=-0.0709541, others_xs=1.58141, param=3.86464, pdf_ele=3.86944, pdf_muon=1.81428, photon_id=4.58784, pileup=1.4933, scale_ele=6.98464, scale_muon=3.2056
RooProdPdf::model_s[ modelObs_s * nuisancePdf ]
     getLogVal() top-level p.d.f evaluates to zero @ !pdfs=(modelObs_s = 0/1,nuisancePdf = 1)

[#0] WARNING:Minization -- RooMinimizerFcn: Minimized function has error status.
Returning maximum FCN so far (507.723) to force MIGRAD to back out of this region. Error log follows
Parameter values: JER_ele=0.0742927, JER_muon=0.100177, JES_ele=3.09239, JES_muon=-1.0929, QCD_stat_ele=6.98469, QCD_stat_muon=2.89819, VBS_stat_ele=1.28794, VBS_stat_muon=1.71775, ele_efficiency=1.51516, ele_trigger=3.03687, fakephoton_ele=4.5051, fakephoton_muon=1.20678, interference=1.87482, lumi=2.12447, mu_efficiency=0.179517, mu_trigger=1.21483, non_prompt_stat_ele=5.55962, non_prompt_stat_muon=0.453721, others_stat_ele=1.40106, others_stat_muon=0.042166, others_xs=1.64076, param=3.8648, pdf_ele=3.86009, pdf_muon=2.03582, photon_id=4.72447, pileup=1.49911, scale_ele=6.98301, scale_muon=3.63742
RooProdPdf::model_s[ modelObs_s * nuisancePdf ]
     getLogVal() top-level p.d.f evaluates to zero @ !pdfs=(modelObs_s = 0/1,nuisancePdf = 1)

[#0] WARNING:Minization -- RooMinimizerFcn: Minimized function has error status.
Returning maximum FCN so far (507.723) to force MIGRAD to back out of this region. Error log follows
Parameter values: JER_ele=0.0809808, JER_muon=0.163072, JES_ele=3.10324, JES_muon=-0.99111, QCD_stat_ele=6.98201, QCD_stat_muon=3.12996, VBS_stat_ele=1.297, VBS_stat_muon=1.81335, ele_efficiency=1.51743, ele_trigger=3.04524, fakephoton_ele=4.52157, fakephoton_muon=1.24716, interference=1.92553, lumi=2.17059, mu_efficiency=0.201842, mu_trigger=1.30201, non_prompt_stat_ele=5.57617, non_prompt_stat_muon=0.551995, others_stat_ele=1.4103, others_stat_muon=0.120037, others_xs=1.6879, param=3.8649, pdf_ele=3.87419, pdf_muon=2.18677, photon_id=4.83135, pileup=1.50375, scale_ele=6.98557, scale_muon=3.92371
RooProdPdf::model_s[ modelObs_s * nuisancePdf ]
     getLogVal() top-level p.d.f evaluates to zero @ !pdfs=(modelObs_s = 0/1,nuisancePdf = 1)

[#0] WARNING:Minization -- RooMinimizerFcn: Minimized function has error status.
Returning maximum FCN so far (507.723) to force MIGRAD to back out of this region. Error log follows
Parameter values: JER_ele=0.0963204, JER_muon=0.208436, JES_ele=3.12798, JES_muon=-0.91747, QCD_stat_ele=6.97482, QCD_stat_muon=3.29458, VBS_stat_ele=1.31792, VBS_stat_muon=1.88204, ele_efficiency=1.52262, ele_trigger=3.06438, fakephoton_ele=4.55664, fakephoton_muon=1.27622, interference=1.96387, lumi=2.21007, mu_efficiency=0.217944, mu_trigger=1.36477, non_prompt_stat_ele=5.61311, non_prompt_stat_muon=0.622736, others_stat_ele=1.43192, others_stat_muon=0.176346, others_xs=1.72872, param=3.86498, pdf_ele=3.90624, pdf_muon=2.29494, photon_id=4.92274, pileup=1.50779, scale_ele=6.99057, scale_muon=4.12447
RooProdPdf::model_s[ modelObs_s * nuisancePdf ]
     getLogVal() top-level p.d.f evaluates to zero @ !pdfs=(modelObs_s = 0/1,nuisancePdf = 1)

[#0] WARNING:Minization -- RooMinimizerFcn: Minimized function has error status.
Returning maximum FCN so far (507.723) to force MIGRAD to back out of this region. Error log follows
Parameter values: JER_ele=0.118325, JER_muon=0.243253, JES_ele=3.16336, JES_muon=-0.860801, QCD_stat_ele=6.96233, QCD_stat_muon=3.4194, VBS_stat_ele=1.34794, VBS_stat_muon=1.93458, ele_efficiency=1.53005, ele_trigger=3.09177, fakephoton_ele=4.60582, fakephoton_muon=1.29848, interference=1.99503, lumi=2.24641, mu_efficiency=0.230302, mu_trigger=1.41286, non_prompt_stat_ele=5.66514, non_prompt_stat_muon=0.676914, others_stat_ele=1.46303, others_stat_muon=0.219699, others_xs=1.76669, param=3.86504, pdf_ele=3.95193, pdf_muon=2.37752, photon_id=5.00671, pileup=1.51157, scale_ele=6.99587, scale_muon=4.27509
RooProdPdf::model_s[ modelObs_s * nuisancePdf ]
     getLogVal() top-level p.d.f evaluates to zero @ !pdfs=(modelObs_s = 0/1,nuisancePdf = 1)

[#0] WARNING:Minization -- RooMinimizerFcn: Minimized function has error status.
Returning maximum FCN so far (507.723) to force MIGRAD to back out of this region. Error log follows
Parameter values: JER_ele=0.145678, JER_muon=0.271949, JES_ele=3.20717, JES_muon=-0.813981, QCD_stat_ele=6.94327, QCD_stat_muon=3.52124, VBS_stat_ele=1.38524, VBS_stat_muon=1.97776, ele_efficiency=1.53929, ele_trigger=3.12573, fakephoton_ele=4.66604, fakephoton_muon=1.31678, interference=2.02227, lumi=2.28179, mu_efficiency=0.240486, mu_trigger=1.45244, non_prompt_stat_ele=5.72848, non_prompt_stat_muon=0.721468, others_stat_ele=1.50172, others_stat_muon=0.255553, others_xs=1.80394, param=3.86509, pdf_ele=4.00836, pdf_muon=2.44528, photon_id=5.08805, pileup=1.5153, scale_ele=6.99945, scale_muon=4.39688
RooProdPdf::model_s[ modelObs_s * nuisancePdf ]
     getLogVal() top-level p.d.f evaluates to zero @ !pdfs=(modelObs_s = 0/1,nuisancePdf = 1)

[#0] WARNING:Minization -- RooMinimizerFcn: Minimized function has error status.
Returning maximum FCN so far (507.723) to force MIGRAD to back out of this region. Error log follows
Parameter values: JER_ele=0.177607, JER_muon=0.297369, JES_ele=3.25811, JES_muon=-0.772417, QCD_stat_ele=6.91609, QCD_stat_muon=3.61066, VBS_stat_ele=1.42875, VBS_stat_muon=2.0159, ele_efficiency=1.55006, ele_trigger=3.16526, fakephoton_ele=4.73536, fakephoton_muon=1.33295, interference=2.0477, lumi=2.31765, mu_efficiency=0.249507, mu_trigger=1.48746, non_prompt_stat_ele=5.80061, non_prompt_stat_muon=0.760852, others_stat_ele=1.54686, others_stat_muon=0.287415, others_xs=1.8419, param=3.86513, pdf_ele=4.07373, pdf_muon=2.50506, photon_id=5.16974, pileup=1.51912, scale_ele=6.99942, scale_muon=4.50293
RooProdPdf::model_s[ modelObs_s * nuisancePdf ]
     getLogVal() top-level p.d.f evaluates to zero @ !pdfs=(modelObs_s = 0/1,nuisancePdf = 1)

[#0] WARNING:Minization -- RooMinimizerFcn: Minimized function has error status.
Returning maximum FCN so far (507.723) to force MIGRAD to back out of this region. Error log follows
Parameter values: JER_ele=0.213743, JER_muon=0.32138, JES_ele=3.31549, JES_muon=-0.733082, QCD_stat_ele=6.87895, QCD_stat_muon=3.69441, VBS_stat_ele=1.47794, VBS_stat_muon=2.05185, ele_efficiency=1.56225, ele_trigger=3.20985, fakephoton_ele=4.81268, fakephoton_muon=1.3482, interference=2.07273, lumi=2.355, mu_efficiency=0.258027, mu_trigger=1.52051, non_prompt_stat_ele=5.87991, non_prompt_stat_muon=0.797989, others_stat_ele=1.5979, others_stat_muon=0.31759, others_xs=1.88159, param=3.86517, pdf_ele=4.14707, pdf_muon=2.56132, photon_id=5.25375, pileup=1.52312, scale_ele=6.99393, scale_muon=4.6015
RooProdPdf::model_s[ modelObs_s * nuisancePdf ]
     getLogVal() top-level p.d.f evaluates to zero @ !pdfs=(modelObs_s = 0/1,nuisancePdf = 1)

[#0] WARNING:Minization -- RooMinimizerFcn: Minimized function has error status.
Returning maximum FCN so far (507.723) to force MIGRAD to back out of this region. Error log follows
Parameter values: JER_ele=0.254019, JER_muon=0.345253, JES_ele=3.37913, JES_muon=-0.693914, QCD_stat_ele=6.82961, QCD_stat_muon=3.77697, VBS_stat_ele=1.53268, VBS_stat_muon=2.08752, ele_efficiency=1.57584, ele_trigger=3.25935, fakephoton_ele=4.89751, fakephoton_muon=1.36334, interference=2.09834, lumi=2.39464, mu_efficiency=0.266499, mu_trigger=1.55333, non_prompt_stat_ele=5.96537, non_prompt_stat_muon=0.834861, others_stat_ele=1.6547, others_stat_muon=0.347649, others_xs=1.92381, param=3.8652, pdf_ele=4.22801, pdf_muon=2.61707, photon_id=5.34148, pileup=1.52739, scale_ele=6.98098, scale_muon=4.69793
RooProdPdf::model_s[ modelObs_s * nuisancePdf ]
     getLogVal() top-level p.d.f evaluates to zero @ !pdfs=(modelObs_s = 0/1,nuisancePdf = 1)

[#0] WARNING:Minization -- RooMinimizerFcn: Minimized function has error status.
Returning maximum FCN so far (507.723) to force MIGRAD to back out of this region. Error log follows
Parameter values: JER_ele=0.298601, JER_muon=0.369898, JES_ele=3.44915, JES_muon=-0.653429, QCD_stat_ele=6.76531, QCD_stat_muon=3.86145, VBS_stat_ele=1.59318, VBS_stat_muon=2.12426, ele_efficiency=1.59087, ele_trigger=3.31392, fakephoton_ele=4.98976, fakephoton_muon=1.37896, interference=2.12527, lumi=2.43725, mu_efficiency=0.275245, mu_trigger=1.58718, non_prompt_stat_ele=6.05632, non_prompt_stat_muon=0.872882, others_stat_ele=1.71747, others_stat_muon=0.378718, others_xs=1.96927, param=3.86523, pdf_ele=4.31658, pdf_muon=2.67441, photon_id=5.43395, pileup=1.53199, scale_ele=6.95828, scale_muon=4.79579
RooProdPdf::model_s[ modelObs_s * nuisancePdf ]
     getLogVal() top-level p.d.f evaluates to zero @ !pdfs=(modelObs_s = 0/1,nuisancePdf = 1)

[#0] WARNING:Minization -- RooMinimizerFcn: Minimized function has error status.
Returning maximum FCN so far (507.723) to force MIGRAD to back out of this region. Error log follows
Parameter values: JER_ele=0.347848, JER_muon=0.396019, JES_ele=3.526, JES_muon=-0.610472, QCD_stat_ele=6.68253, QCD_stat_muon=3.95014, VBS_stat_ele=1.65988, VBS_stat_muon=2.16314, ele_efficiency=1.60747, ele_trigger=3.37392, fakephoton_ele=5.08966, fakephoton_muon=1.39549, interference=2.15412, lumi=2.48348, mu_efficiency=0.284515, mu_trigger=1.62302, non_prompt_stat_ele=6.15227, non_prompt_stat_muon=0.913143, others_stat_ele=1.78665, others_stat_muon=0.411673, others_xs=2.01865, param=3.86526, pdf_ele=4.41316, pdf_muon=2.73496, photon_id=5.53199, pileup=1.53701, scale_ele=6.923, scale_muon=4.89764
RooProdPdf::model_s[ modelObs_s * nuisancePdf ]
     getLogVal() top-level p.d.f evaluates to zero @ !pdfs=(modelObs_s = 0/1,nuisancePdf = 1)

[#0] WARNING:Minization -- RooMinimizerFcn: Minimized function has error status.
Returning maximum FCN so far (507.723) to force MIGRAD to back out of this region. Error log follows
Parameter values: JER_ele=0.402303, JER_muon=0.42422, JES_ele=3.61035, JES_muon=-0.564049, QCD_stat_ele=6.57682, QCD_stat_muon=4.04487, VBS_stat_ele=1.73348, VBS_stat_muon=2.20503, ele_efficiency=1.62582, ele_trigger=3.43991, fakephoton_ele=5.19764, fakephoton_muon=1.41334, interference=2.18545, lumi=2.53402, mu_efficiency=0.294526, mu_trigger=1.66167, non_prompt_stat_ele=6.25278, non_prompt_stat_muon=0.956575, others_stat_ele=1.86297, others_stat_muon=0.447267, others_xs=2.07268, param=3.86529, pdf_ele=4.5184, pdf_muon=2.80007, photon_id=5.6363, pileup=1.54251, scale_ele=6.87158, scale_muon=5.00537
RooProdPdf::model_s[ modelObs_s * nuisancePdf ]
     getLogVal() top-level p.d.f evaluates to zero @ !pdfs=(modelObs_s = 0/1,nuisancePdf = 1)

[#0] WARNING:Minization -- RooMinimizerFcn: Minimized function has error status.
Returning maximum FCN so far (507.723) to force MIGRAD to back out of this region. Error log follows
Parameter values: JER_ele=0.462699, JER_muon=0.45508, JES_ele=3.70311, JES_muon=-0.513199, QCD_stat_ele=6.4424, QCD_stat_muon=4.14729, VBS_stat_ele=1.81492, VBS_stat_muon=2.25078, ele_efficiency=1.64616, ele_trigger=3.51266, fakephoton_ele=5.3143, fakephoton_muon=1.43285, interference=2.21983, lumi=2.58965, mu_efficiency=0.305482, mu_trigger=1.70391, non_prompt_stat_ele=6.35727, non_prompt_stat_muon=1.00406, others_stat_ele=1.94738, others_stat_muon=0.486224, others_xs=2.1322, param=3.86532, pdf_ele=4.63315, pdf_muon=2.87101, photon_id=5.74751, pileup=1.54858, scale_ele=6.79938, scale_muon=5.12056
RooProdPdf::model_s[ modelObs_s * nuisancePdf ]
     getLogVal() top-level p.d.f evaluates to zero @ !pdfs=(modelObs_s = 0/1,nuisancePdf = 1)

[#0] WARNING:Minization -- RooMinimizerFcn: Minimized function has error status.
Returning maximum FCN so far (507.723) to force MIGRAD to back out of this region. Error log follows
Parameter values: JER_ele=0.529993, JER_muon=0.489214, JES_ele=3.80548, JES_muon=-0.456901, QCD_stat_ele=6.27174, QCD_stat_muon=4.25905, VBS_stat_ele=1.9054, VBS_stat_muon=2.30127, ele_efficiency=1.66883, ele_trigger=3.59318, fakephoton_ele=5.44036, fakephoton_muon=1.45443, interference=2.25789, lumi=2.65128, mu_efficiency=0.317603, mu_trigger=1.75057, non_prompt_stat_ele=6.4649, non_prompt_stat_muon=1.05655, others_stat_ele=2.04112, others_stat_muon=0.529318, others_xs=2.19819, param=3.86534, pdf_ele=4.75852, pdf_muon=2.94908, photon_id=5.86614, pileup=1.55533, scale_ele=6.70033, scale_muon=5.24461
RooProdPdf::model_s[ modelObs_s * nuisancePdf ]
     getLogVal() top-level p.d.f evaluates to zero @ !pdfs=(modelObs_s = 0/1,nuisancePdf = 1)

[#0] WARNING:Minization -- RooMinimizerFcn: Minimized function has error status.
Returning maximum FCN so far (507.723) to force MIGRAD to back out of this region. Error log follows
Parameter values: JER_ele=0.605422, JER_muon=0.527332, JES_ele=3.91895, JES_muon=-0.393971, QCD_stat_ele=6.05493, QCD_stat_muon=4.38187, VBS_stat_ele=2.00649, VBS_stat_muon=2.35752, ele_efficiency=1.69424, ele_trigger=3.68275, fakephoton_ele=5.57663, fakephoton_muon=1.47852, interference=2.30038, lumi=2.72003, mu_efficiency=0.331142, mu_trigger=1.8026, non_prompt_stat_ele=6.57431, non_prompt_stat_muon=1.11511, others_stat_ele=2.14581, others_stat_muon=0.577438, others_xs=2.27184, param=3.86537, pdf_ele=4.89584, pdf_muon=3.03576, photon_id=5.9926, pileup=1.5629, scale_ele=6.56627, scale_muon=5.37888
RooProdPdf::model_s[ modelObs_s * nuisancePdf ]
     getLogVal() top-level p.d.f evaluates to zero @ !pdfs=(modelObs_s = 0/1,nuisancePdf = 1)

[#0] WARNING:Minization -- RooMinimizerFcn: Minimized function has error status.
Returning maximum FCN so far (507.723) to force MIGRAD to back out of this region. Error log follows
Parameter values: JER_ele=0.690586, JER_muon=0.570301, JES_ele=4.0454, JES_muon=-0.322959, QCD_stat_ele=5.77872, QCD_stat_muon=4.51777, VBS_stat_ele=2.12019, VBS_stat_muon=2.42074, ele_efficiency=1.72293, ele_trigger=3.78297, fakephoton_ele=5.72395, fakephoton_muon=1.50566, interference=2.3482, lumi=2.7973, mu_efficiency=0.346409, mu_trigger=1.86115, non_prompt_stat_ele=6.68332, non_prompt_stat_muon=1.18105, others_stat_ele=2.2635, others_stat_muon=0.631676, others_xs=2.35469, param=3.86538, pdf_ele=5.04672, pdf_muon=3.13284, photon_id=6.12709, pileup=1.57144, scale_ele=6.38613, scale_muon=5.52469
RooProdPdf::model_s[ modelObs_s * nuisancePdf ]
     getLogVal() top-level p.d.f evaluates to zero @ !pdfs=(modelObs_s = 0/1,nuisancePdf = 1)

[#0] WARNING:Minization -- RooMinimizerFcn: Minimized function has error status.
Returning maximum FCN so far (507.723) to force MIGRAD to back out of this region. Error log follows
Parameter values: JER_ele=0.787595, JER_muon=0.61923, JES_ele=4.18725, JES_muon=-0.24201, QCD_stat_ele=5.42518, QCD_stat_muon=4.66911, VBS_stat_ele=2.24913, VBS_stat_muon=2.49251, ele_efficiency=1.75561, ele_trigger=3.89596, fakephoton_ele=5.88307, fakephoton_muon=1.53655, interference=2.40256, lumi=2.8849, mu_efficiency=0.363802, mu_trigger=1.92768, non_prompt_stat_ele=6.78838, non_prompt_stat_muon=1.25605, others_stat_ele=2.39686, others_stat_muon=0.693426, others_xs=2.4487, param=3.8654, pdf_ele=5.21302, pdf_muon=3.24252, photon_id=6.26939, pileup=1.58117, scale_ele=6.14466, scale_muon=5.68338
RooProdPdf::model_s[ modelObs_s * nuisancePdf ]
     getLogVal() top-level p.d.f evaluates to zero @ !pdfs=(modelObs_s = 0/1,nuisancePdf = 1)

[#0] WARNING:Minization -- RooMinimizerFcn: Minimized function has error status.
Returning maximum FCN so far (507.723) to force MIGRAD to back out of this region. Error log follows
Parameter values: JER_ele=0.899271, JER_muon=0.67559, JES_ele=4.34756, JES_muon=-0.148661, QCD_stat_ele=4.96975, QCD_stat_muon=4.83878, VBS_stat_ele=2.39677, VBS_stat_muon=2.57485, ele_efficiency=1.79325, ele_trigger=4.02446, fakephoton_ele=6.05446, fakephoton_muon=1.57211, interference=2.46503, lumi=2.98523, mu_efficiency=0.383846, mu_trigger=2.00413, non_prompt_stat_ele=6.88362, non_prompt_stat_muon=1.34232, others_stat_ele=2.54943, others_stat_muon=0.764534, others_xs=2.55647, param=3.8654, pdf_ele=5.39689, pdf_muon=3.3677, photon_id=6.41852, pileup=1.59239, scale_ele=5.82037, scale_muon=5.85617
RooProdPdf::model_s[ modelObs_s * nuisancePdf ]
     getLogVal() top-level p.d.f evaluates to zero @ !pdfs=(modelObs_s = 0/1,nuisancePdf = 1)

[#0] WARNING:Minization -- RooMinimizerFcn: Minimized function has error status.
Returning maximum FCN so far (507.723) to force MIGRAD to back out of this region. Error log follows
Parameter values: JER_ele=1.0295, JER_muon=0.741397, JES_ele=4.53031, JES_muon=-0.039534, QCD_stat_ele=4.37819, QCD_stat_muon=5.03034, VBS_stat_ele=2.56781, VBS_stat_muon=2.67057, ele_efficiency=1.83717, ele_trigger=4.17211, fakephoton_ele=6.23787, fakephoton_muon=1.61362, interference=2.53775, lumi=3.10155, mu_efficiency=0.407266, mu_trigger=2.09314, non_prompt_stat_ele=6.95929, non_prompt_stat_muon=1.44286, others_stat_ele=2.726, others_stat_muon=0.847532, others_xs=2.68153, param=3.86538, pdf_ele=5.60067, pdf_muon=3.51222, photon_id=6.57207, pileup=1.6055, scale_ele=5.38253, scale_muon=6.04396
RooProdPdf::model_s[ modelObs_s * nuisancePdf ]
     getLogVal() top-level p.d.f evaluates to zero @ !pdfs=(modelObs_s = 0/1,nuisancePdf = 1)

[#0] WARNING:Minization -- RooMinimizerFcn: Minimized function has error status.
Returning maximum FCN so far (507.723) to force MIGRAD to back out of this region. Error log follows
Parameter values: JER_ele=1.18379, JER_muon=0.81952, JES_ele=4.74076, JES_muon=0.0901778, QCD_stat_ele=3.60233, QCD_stat_muon=5.24824, VBS_stat_ele=2.76879, VBS_stat_muon=2.78357, ele_efficiency=1.88927, ele_trigger=4.34389, fakephoton_ele=6.43141, fakephoton_muon=1.66287, interference=2.62376, lumi=3.23841, mu_efficiency=0.435094, mu_trigger=2.19845, non_prompt_stat_ele=6.99872, non_prompt_stat_muon=1.56195, others_stat_ele=2.93321, others_stat_muon=0.946015, others_xs=2.82887, param=3.86535, pdf_ele=5.82668, pdf_muon=3.68141, photon_id=6.72477, pileup=1.62108, scale_ele=4.78612, scale_muon=6.24667
RooProdPdf::model_s[ modelObs_s * nuisancePdf ]
     getLogVal() top-level p.d.f evaluates to zero @ !pdfs=(modelObs_s = 0/1,nuisancePdf = 1)

[#0] WARNING:Minization -- RooMinimizerFcn: Minimized function has error status.
Returning maximum FCN so far (507.723) to force MIGRAD to back out of this region. Error log follows
Parameter values: JER_ele=1.37025, JER_muon=0.914218, JES_ele=4.9859, JES_muon=0.247606, QCD_stat_ele=2.57386, QCD_stat_muon=5.49786, VBS_stat_ele=3.00912, VBS_stat_muon=2.9196, ele_efficiency=1.95235, ele_trigger=4.5468, fakephoton_ele=6.62959, fakephoton_muon=1.72254, interference=2.72756, lumi=3.40244, mu_efficiency=0.468866, mu_trigger=2.32554, non_prompt_stat_ele=6.97255, non_prompt_stat_muon=1.70588, others_stat_ele=3.18056, others_stat_muon=1.06531, others_xs=3.00572, param=3.86528, pdf_ele=6.07644, pdf_muon=3.88284, photon_id=6.86564, pileup=1.63997, scale_ele=3.96401, scale_muon=6.46189
RooProdPdf::model_s[ modelObs_s * nuisancePdf ]
     getLogVal() top-level p.d.f evaluates to zero @ !pdfs=(modelObs_s = 0/1,nuisancePdf = 1)

[#0] WARNING:Minization -- RooMinimizerFcn: Minimized function has error status.
Returning maximum FCN so far (507.723) to force MIGRAD to back out of this region. Error log follows
Parameter values: JER_ele=1.60144, JER_muon=1.03215, JES_ele=5.27507, JES_muon=0.443888, QCD_stat_ele=1.19738, QCD_stat_muon=5.78535, VBS_stat_ele=3.30292, VBS_stat_muon=3.0875, ele_efficiency=2.03081, ele_trigger=4.79092, fakephoton_ele=6.81862, fakephoton_muon=1.7968, interference=2.8561, lumi=3.60371, mu_efficiency=0.510993, mu_trigger=2.48293, non_prompt_stat_ele=6.82671, non_prompt_stat_muon=1.88442, others_stat_ele=3.48222, others_stat_muon=1.21373, others_xs=3.22309, param=3.86515, pdf_ele=6.34865, pdf_muon=4.1278, photon_id=6.97163, pileup=1.66353, scale_ele=2.81454, scale_muon=6.68134
RooProdPdf::model_s[ modelObs_s * nuisancePdf ]
     getLogVal() top-level p.d.f evaluates to zero @ !pdfs=(modelObs_s = 0/1,nuisancePdf = 1)

[#0] WARNING:Minization -- RooMinimizerFcn: Minimized function has error status.
Returning maximum FCN so far (507.723) to force MIGRAD to back out of this region. Error log follows
Parameter values: JER_ele=1.89801, JER_muon=1.18445, JES_ele=5.6204, JES_muon=0.697599, QCD_stat_ele=-0.650211, QCD_stat_muon=6.11602, VBS_stat_ele=3.67238, VBS_stat_muon=3.30173, ele_efficiency=2.13199, ele_trigger=5.09132, fakephoton_ele=6.96471, fakephoton_muon=1.89266, interference=3.02086, lumi=3.8584, mu_efficiency=0.565527, mu_trigger=2.68466, non_prompt_stat_ele=6.45574, non_prompt_stat_muon=2.1137, others_stat_ele=3.8603, others_stat_muon=1.40513, others_xs=3.49878, param=3.86491, pdf_ele=6.63322, pdf_muon=4.43382, photon_id=6.99212, pileup=1.69402, scale_ele=1.18506, scale_muon=6.88178
RooProdPdf::model_s[ modelObs_s * nuisancePdf ]
     getLogVal() top-level p.d.f evaluates to zero @ !pdfs=(modelObs_s = 0/1,nuisancePdf = 1)

[#0] WARNING:Minization -- RooMinimizerFcn: Minimized function has error status.
Returning maximum FCN so far (507.723) to force MIGRAD to back out of this region. Error log follows
Parameter values: JER_ele=2.29682, JER_muon=1.39148, JES_ele=6.03524, JES_muon=1.04256, QCD_stat_ele=-3.07362, QCD_stat_muon=6.48716, VBS_stat_ele=4.15446, VBS_stat_muon=3.58794, ele_efficiency=2.2693, ele_trigger=5.47094, fakephoton_ele=6.98094, fakephoton_muon=2.02293, interference=3.24255, lumi=4.1945, mu_efficiency=0.639943, mu_trigger=2.95592, non_prompt_stat_ele=5.6382, non_prompt_stat_muon=2.4228, others_stat_ele=4.351, others_stat_muon=1.66471, others_xs=3.86365, param=3.86446, pdf_ele=6.8925, pdf_muon=4.82965, photon_id=6.80738, pileup=1.73559, scale_ele=-1.13223, scale_muon=6.99834
RooProdPdf::model_s[ modelObs_s * nuisancePdf ]
     getLogVal() top-level p.d.f evaluates to zero @ !pdfs=(modelObs_s = 0/1,nuisancePdf = 1)

[#0] WARNING:Minization -- RooMinimizerFcn: Minimized function has error status.
Returning maximum FCN so far (1098.67) to force MIGRAD to back out of this region. Error log follows
Parameter values: JER_ele=-6.91735, JER_muon=-4.37881, JES_ele=-6.01171, JES_muon=-6.73399, QCD_stat_ele=-4.67494, QCD_stat_muon=-4.74649, VBS_stat_ele=-6.81764, VBS_stat_muon=-5.15592, ele_efficiency=-1.90197, ele_trigger=-6.99372, fakephoton_ele=2.28399, fakephoton_muon=-1.87891, interference=-3.66212, lumi=-6.15138, mu_efficiency=-1.52174, mu_trigger=-5.00706, non_prompt_stat_ele=6.98736, non_prompt_stat_muon=-5.907, others_stat_ele=-6.69731, others_stat_muon=-5.33327, others_xs=-6.5421, param=3.83753, pdf_ele=-1.03236, pdf_muon=-6.93769, photon_id=3.61998, pileup=0.503471, scale_ele=-1.16734, scale_muon=0.259585
RooProdPdf::model_s[ modelObs_s * nuisancePdf ]
     getLogVal() top-level p.d.f evaluates to zero @ !pdfs=(modelObs_s = 0/1,nuisancePdf = 1)

[#0] WARNING:Minization -- RooMinimizerFcn: Minimized function has error status.
Returning maximum FCN so far (1098.67) to force MIGRAD to back out of this region. Error log follows
Parameter values: JER_ele=-6.90728, JER_muon=-4.38434, JES_ele=-6.07083, JES_muon=-6.75881, QCD_stat_ele=-4.13746, QCD_stat_muon=-4.90105, VBS_stat_ele=-6.82165, VBS_stat_muon=-5.1883, ele_efficiency=-1.89822, ele_trigger=-6.9898, fakephoton_ele=1.99067, fakephoton_muon=-1.86163, interference=-3.68481, lumi=-6.15587, mu_efficiency=-1.52237, mu_trigger=-5.00749, non_prompt_stat_ele=6.9926, non_prompt_stat_muon=-5.93397, others_stat_ele=-6.6966, others_stat_muon=-5.34939, others_xs=-6.54286, param=3.82065, pdf_ele=-1.21532, pdf_muon=-6.93275, photon_id=3.48328, pileup=0.486031, scale_ele=-0.633536, scale_muon=0.197075
RooProdPdf::model_s[ modelObs_s * nuisancePdf ]
     getLogVal() top-level p.d.f evaluates to zero @ !pdfs=(modelObs_s = 0/1,nuisancePdf = 1)

[#0] WARNING:Minization -- RooMinimizerFcn: Minimized function has error status.
Returning maximum FCN so far (1098.67) to force MIGRAD to back out of this region. Error log follows
Parameter values: JER_ele=-2.25734, JER_muon=-0.77049, JES_ele=-0.941189, JES_muon=-4.9672, QCD_stat_ele=6.52438, QCD_stat_muon=6.55448, VBS_stat_ele=-4.25958, VBS_stat_muon=-1.02661, ele_efficiency=0.0211461, ele_trigger=-0.384249, fakephoton_ele=1.71289, fakephoton_muon=1.52685, interference=-0.452664, lumi=-1.55639, mu_efficiency=-0.0556695, mu_trigger=0.360779, non_prompt_stat_ele=6.27539, non_prompt_stat_muon=-2.29475, others_stat_ele=-4.92705, others_stat_muon=-1.68225, others_xs=-1.9418, param=3.85958, pdf_ele=-0.905887, pdf_muon=1.93526, photon_id=-0.0154788, pileup=0.483239, scale_ele=4.10891, scale_muon=2.93417
RooProdPdf::model_s[ modelObs_s * nuisancePdf ]
     getLogVal() top-level p.d.f evaluates to zero @ !pdfs=(modelObs_s = 0/1,nuisancePdf = 1)

[#0] WARNING:Minization -- RooMinimizerFcn: Minimized function has error status.
Returning maximum FCN so far (543.072) to force MIGRAD to back out of this region. Error log follows
Parameter values: JER_ele=3.72667, JER_muon=5.24468, JES_ele=6.99733, JES_muon=6.99463, QCD_stat_ele=-6.25715, QCD_stat_muon=4.7939, VBS_stat_ele=5.20585, VBS_stat_muon=6.79291, ele_efficiency=2.93396, ele_trigger=6.3146, fakephoton_ele=4.95976, fakephoton_muon=5.93314, interference=5.28388, lumi=6.39047, mu_efficiency=0.657371, mu_trigger=6.18875, non_prompt_stat_ele=-6.99379, non_prompt_stat_muon=4.59232, others_stat_ele=6.56948, others_stat_muon=6.83521, others_xs=6.96768, param=3.85896, pdf_ele=6.15209, pdf_muon=6.50251, photon_id=6.67778, pileup=0.688656, scale_ele=3.23929, scale_muon=-1.33817
RooProdPdf::model_s[ modelObs_s * nuisancePdf ]
     getLogVal() top-level p.d.f evaluates to zero @ !pdfs=(modelObs_s = 0/1,nuisancePdf = 1)

[#0] WARNING:Minization -- RooMinimizerFcn: Minimized function has error status.
Returning maximum FCN so far (764.003) to force MIGRAD to back out of this region. Error log follows
Parameter values: JER_ele=1.21257, JER_muon=4.23708, JES_ele=0.528239, JES_muon=5.41258, QCD_stat_ele=3.70274, QCD_stat_muon=6.83717, VBS_stat_ele=1.24685, VBS_stat_muon=5.02201, ele_efficiency=-0.593831, ele_trigger=0.821273, fakephoton_ele=1.51639, fakephoton_muon=1.19007, interference=2.31156, lumi=3.31529, mu_efficiency=2.40024, mu_trigger=3.96761, non_prompt_stat_ele=-1.82546, non_prompt_stat_muon=6.21421, others_stat_ele=0.448071, others_stat_muon=5.62178, others_xs=3.91944, param=3.85885, pdf_ele=1.24355, pdf_muon=5.82716, photon_id=5.31853, pileup=0.318315, scale_ele=1.12733, scale_muon=4.80388
RooProdPdf::model_s[ modelObs_s * nuisancePdf ]
     getLogVal() top-level p.d.f evaluates to zero @ !pdfs=(modelObs_s = 0/1,nuisancePdf = 1)


 -- Hybrid New -- 
CLs = 0.458716 +/- 0.0296371
Done in 16.85 min (cpu), 17.00 min (real)
