 <<< Combine >>> 
>>> including systematics
>>> using the Profile Likelihood test statistics modified for upper limits (Q_LHC)
>>> method used is HybridNew
>>> Used OpenSSL to get a really random seed 1749722774
Computing results starting from observation (a-posteriori)
[#0] WARNING:Minization -- RooMinimizerFcn: Minimized function has error status.
Returning maximum FCN so far (446.076) to force MIGRAD to back out of this region. Error log follows
Parameter values: JER_ele=3.12302, JER_muon=-1.70361, JES_ele=0.749178, JES_muon=-6.98118, QCD_stat_ele=-3.01876, QCD_stat_muon=3.76387, VBS_stat_ele=3.79691, VBS_stat_muon=-6.69998, ele_efficiency=-0.372933, ele_trigger=-2.31205, fakephoton_ele=4.91943, fakephoton_muon=-1.4904, interference=-4.82482, lumi=-5.05772, mu_efficiency=1.68224, mu_trigger=-6.2052, non_prompt_stat_ele=6.99773, non_prompt_stat_muon=-1.61225, others_stat_ele=-6.93094, others_stat_muon=-0.188798, others_xs=-5.35846, param=2.88624, pdf_ele=-6.46295, pdf_muon=-6.29012, photon_id=-3.31259, pileup=-3.73928, scale_ele=-3.17952, scale_muon=2.3528
RooProdPdf::model_s[ modelObs_s * nuisancePdf ]
     getLogVal() top-level p.d.f evaluates to zero @ !pdfs=(modelObs_s = 0/1,nuisancePdf = 1)

[#0] WARNING:Minization -- RooMinimizerFcn: Minimized function has error status.
Returning maximum FCN so far (669.342) to force MIGRAD to back out of this region. Error log follows
Parameter values: JER_ele=-5.28932, JER_muon=5.17853, JES_ele=-6.75759, JES_muon=-3.35423, QCD_stat_ele=2.85258, QCD_stat_muon=-3.72646, VBS_stat_ele=1.52467, VBS_stat_muon=-0.726589, ele_efficiency=6.99424, ele_trigger=3.79626, fakephoton_ele=5.92074, fakephoton_muon=3.23017, interference=-6.82435, lumi=-5.99921, mu_efficiency=5.35895, mu_trigger=-5.30354, non_prompt_stat_ele=6.25445, non_prompt_stat_muon=-3.80685, others_stat_ele=4.28058, others_stat_muon=-5.49547, others_xs=-5.48983, param=3.0781, pdf_ele=-4.75613, pdf_muon=6.15862, photon_id=-4.37638, pileup=0.254907, scale_ele=6.06734, scale_muon=0.497036
RooProdPdf::model_s[ modelObs_s * nuisancePdf ]
     getLogVal() top-level p.d.f evaluates to zero @ !pdfs=(modelObs_s = 0/1,nuisancePdf = 1)

[#0] WARNING:Minization -- RooMinimizerFcn: Minimized function has error status.
Returning maximum FCN so far (964.443) to force MIGRAD to back out of this region. Error log follows
Parameter values: JER_ele=5.09244, JER_muon=0.190758, JES_ele=0.249722, JES_muon=-2.66446, QCD_stat_ele=-4.54975, QCD_stat_muon=-6.93167, VBS_stat_ele=6.85563, VBS_stat_muon=4.6578, ele_efficiency=1.35181, ele_trigger=6.17079, fakephoton_ele=5.34656, fakephoton_muon=-4.5345, interference=1.29802, lumi=5.20076, mu_efficiency=-0.56128, mu_trigger=-1.30978, non_prompt_stat_ele=6.99633, non_prompt_stat_muon=-1.46363, others_stat_ele=0.70027, others_stat_muon=-0.115892, others_xs=6.89402, param=3.03006, pdf_ele=6.85833, pdf_muon=-2.0513, photon_id=6.9008, pileup=0.741735, scale_ele=-1.92162, scale_muon=-5.36566
RooProdPdf::model_s[ modelObs_s * nuisancePdf ]
     getLogVal() top-level p.d.f evaluates to zero @ !pdfs=(modelObs_s = 0/1,nuisancePdf = 1)

[#0] WARNING:Minization -- RooMinimizerFcn: Minimized function has error status.
Returning maximum FCN so far (964.443) to force MIGRAD to back out of this region. Error log follows
Parameter values: JER_ele=4.53058, JER_muon=0.2394, JES_ele=3.15863, JES_muon=-0.32369, QCD_stat_ele=0.237866, QCD_stat_muon=0.100446, VBS_stat_ele=6.96221, VBS_stat_muon=2.16848, ele_efficiency=0.754463, ele_trigger=6.0075, fakephoton_ele=6.52846, fakephoton_muon=-2.3691, interference=1.0657, lumi=5.21946, mu_efficiency=-0.354325, mu_trigger=0.0919199, non_prompt_stat_ele=2.81373, non_prompt_stat_muon=1.96109, others_stat_ele=3.78281, others_stat_muon=0.533069, others_xs=6.95125, param=3.0331, pdf_ele=6.77106, pdf_muon=0.346078, photon_id=6.98406, pileup=1.0472, scale_ele=0.752403, scale_muon=1.19319
RooProdPdf::model_s[ modelObs_s * nuisancePdf ]
     getLogVal() top-level p.d.f evaluates to zero @ !pdfs=(modelObs_s = 0/1,nuisancePdf = 1)

[#0] WARNING:Minization -- RooMinimizerFcn: Minimized function has error status.
Returning maximum FCN so far (964.443) to force MIGRAD to back out of this region. Error log follows
Parameter values: JER_ele=-1.06247, JER_muon=-0.921956, JES_ele=-0.865183, JES_muon=-0.45733, QCD_stat_ele=-2.93689, QCD_stat_muon=4.03112, VBS_stat_ele=1.31289, VBS_stat_muon=-2.01991, ele_efficiency=-1.39091, ele_trigger=0.179751, fakephoton_ele=3.71204, fakephoton_muon=-1.34284, interference=-1.09148, lumi=0.622259, mu_efficiency=-0.585554, mu_trigger=-0.381225, non_prompt_stat_ele=6.6594, non_prompt_stat_muon=1.95947, others_stat_ele=-1.23527, others_stat_muon=-0.950864, others_xs=1.13569, param=3.01257, pdf_ele=-1.4075, pdf_muon=-0.480002, photon_id=0.290972, pileup=0.867418, scale_ele=-2.23351, scale_muon=1.14011
RooProdPdf::model_s[ modelObs_s * nuisancePdf ]
     getLogVal() top-level p.d.f evaluates to zero @ !pdfs=(modelObs_s = 0/1,nuisancePdf = 1)

[#0] WARNING:Minization -- RooMinimizerFcn: Minimized function has error status.
Returning maximum FCN so far (964.443) to force MIGRAD to back out of this region. Error log follows
Parameter values: JER_ele=-0.747674, JER_muon=-0.75712, JES_ele=-1.73671, JES_muon=-0.873858, QCD_stat_ele=-1.08183, QCD_stat_muon=1.78698, VBS_stat_ele=1.65669, VBS_stat_muon=-0.881066, ele_efficiency=-1.18214, ele_trigger=0.374953, fakephoton_ele=3.74517, fakephoton_muon=-1.94308, interference=-0.875507, lumi=0.799878, mu_efficiency=-0.586714, mu_trigger=-0.566031, non_prompt_stat_ele=6.0042, non_prompt_stat_muon=1.36815, others_stat_ele=0.0396567, others_stat_muon=-0.851317, others_xs=2.01381, param=3.01723, pdf_ele=-1.15128, pdf_muon=-0.797522, photon_id=0.294185, pileup=0.789983, scale_ele=-1.11907, scale_muon=-0.175049
RooProdPdf::model_s[ modelObs_s * nuisancePdf ]
     getLogVal() top-level p.d.f evaluates to zero @ !pdfs=(modelObs_s = 0/1,nuisancePdf = 1)

[#0] WARNING:Minization -- RooMinimizerFcn: Minimized function has error status.
Returning maximum FCN so far (964.443) to force MIGRAD to back out of this region. Error log follows
Parameter values: JER_ele=-0.633365, JER_muon=-0.636278, JES_ele=-2.05145, JES_muon=-0.887475, QCD_stat_ele=-0.360179, QCD_stat_muon=1.19528, VBS_stat_ele=1.7874, VBS_stat_muon=-0.391556, ele_efficiency=-1.11336, ele_trigger=0.451267, fakephoton_ele=3.73204, fakephoton_muon=-2.07742, interference=-0.754658, lumi=0.916871, mu_efficiency=-0.565151, mu_trigger=-0.532952, non_prompt_stat_ele=5.63472, non_prompt_stat_muon=1.34425, others_stat_ele=0.528094, others_stat_muon=-0.708195, others_xs=2.39444, param=3.01954, pdf_ele=-1.04427, pdf_muon=-0.737122, photon_id=0.454531, pileup=0.772589, scale_ele=-0.71177, scale_muon=-0.248605
RooProdPdf::model_s[ modelObs_s * nuisancePdf ]
     getLogVal() top-level p.d.f evaluates to zero @ !pdfs=(modelObs_s = 0/1,nuisancePdf = 1)

[#0] WARNING:Minization -- RooMinimizerFcn: Minimized function has error status.
Returning maximum FCN so far (964.443) to force MIGRAD to back out of this region. Error log follows
Parameter values: JER_ele=-0.579153, JER_muon=-0.591461, JES_ele=-2.14742, JES_muon=-0.882604, QCD_stat_ele=-0.0434317, QCD_stat_muon=1.00028, VBS_stat_ele=1.85994, VBS_stat_muon=-0.217544, ele_efficiency=-1.08683, ele_trigger=0.496989, fakephoton_ele=3.82357, fakephoton_muon=-2.11672, interference=-0.707659, lumi=0.974054, mu_efficiency=-0.556854, mu_trigger=-0.515067, non_prompt_stat_ele=5.5636, non_prompt_stat_muon=1.35079, others_stat_ele=0.750987, others_stat_muon=-0.65314, others_xs=2.55087, param=3.02025, pdf_ele=-0.976041, pdf_muon=-0.703804, photon_id=0.548559, pileup=0.769197, scale_ele=-0.515167, scale_muon=-0.244273
RooProdPdf::model_s[ modelObs_s * nuisancePdf ]
     getLogVal() top-level p.d.f evaluates to zero @ !pdfs=(modelObs_s = 0/1,nuisancePdf = 1)

[#0] WARNING:Minization -- RooMinimizerFcn: Minimized function has error status.
Returning maximum FCN so far (964.443) to force MIGRAD to back out of this region. Error log follows
Parameter values: JER_ele=-0.548178, JER_muon=-0.57628, JES_ele=-2.1629, JES_muon=-0.878847, QCD_stat_ele=0.112772, QCD_stat_muon=0.940569, VBS_stat_ele=1.90765, VBS_stat_muon=-0.160308, ele_efficiency=-1.07464, ele_trigger=0.529019, fakephoton_ele=3.95328, fakephoton_muon=-2.12769, interference=-0.689217, lumi=1.00483, mu_efficiency=-0.554024, mu_trigger=-0.507815, non_prompt_stat_ele=5.62446, non_prompt_stat_muon=1.35591, others_stat_ele=0.86653, others_stat_muon=-0.634039, others_xs=2.61832, param=3.0205, pdf_ele=-0.927201, pdf_muon=-0.690145, photon_id=0.606877, pileup=0.769419, scale_ele=-0.399054, scale_muon=-0.236115
RooProdPdf::model_s[ modelObs_s * nuisancePdf ]
     getLogVal() top-level p.d.f evaluates to zero @ !pdfs=(modelObs_s = 0/1,nuisancePdf = 1)

[#0] WARNING:Minization -- RooMinimizerFcn: Minimized function has error status.
Returning maximum FCN so far (964.443) to force MIGRAD to back out of this region. Error log follows
Parameter values: JER_ele=-0.524899, JER_muon=-0.570535, JES_ele=-2.15093, JES_muon=-0.875779, QCD_stat_ele=0.213667, QCD_stat_muon=0.926041, VBS_stat_ele=1.94675, VBS_stat_muon=-0.140957, ele_efficiency=-1.06676, ele_trigger=0.556307, fakephoton_ele=4.09788, fakephoton_muon=-2.1301, interference=-0.67994, lumi=1.02651, mu_efficiency=-0.552833, mu_trigger=-0.504112, non_prompt_stat_ele=5.73308, non_prompt_stat_muon=1.3598, others_stat_ele=0.944457, others_stat_muon=-0.626334, others_xs=2.65508, param=3.02059, pdf_ele=-0.885595, pdf_muon=-0.683337, photon_id=0.652979, pileup=0.770519, scale_ele=-0.308857, scale_muon=-0.228059
RooProdPdf::model_s[ modelObs_s * nuisancePdf ]
     getLogVal() top-level p.d.f evaluates to zero @ !pdfs=(modelObs_s = 0/1,nuisancePdf = 1)

[#0] WARNING:Minization -- RooMinimizerFcn: Minimized function has error status.
Returning maximum FCN so far (964.443) to force MIGRAD to back out of this region. Error log follows
Parameter values: JER_ele=-0.503681, JER_muon=-0.567643, JES_ele=-2.1294, JES_muon=-0.872847, QCD_stat_ele=0.297668, QCD_stat_muon=0.926299, VBS_stat_ele=1.98367, VBS_stat_muon=-0.133449, ele_efficiency=-1.06003, ele_trigger=0.582542, fakephoton_ele=4.24967, fakephoton_muon=-2.1299, interference=-0.673383, lumi=1.04557, mu_efficiency=-0.552092, mu_trigger=-0.501432, non_prompt_stat_ele=5.85734, non_prompt_stat_muon=1.36337, others_stat_ele=1.01086, others_stat_muon=-0.622007, others_xs=2.68204, param=3.02064, pdf_ele=-0.845762, pdf_muon=-0.678608, photon_id=0.696013, pileup=0.771849, scale_ele=-0.225078, scale_muon=-0.219903
RooProdPdf::model_s[ modelObs_s * nuisancePdf ]
     getLogVal() top-level p.d.f evaluates to zero @ !pdfs=(modelObs_s = 0/1,nuisancePdf = 1)

[#0] WARNING:Minization -- RooMinimizerFcn: Minimized function has error status.
Returning maximum FCN so far (964.443) to force MIGRAD to back out of this region. Error log follows
Parameter values: JER_ele=-0.482555, JER_muon=-0.565569, JES_ele=-2.10404, JES_muon=-0.869856, QCD_stat_ele=0.378167, QCD_stat_muon=0.931485, VBS_stat_ele=2.02083, VBS_stat_muon=-0.129567, ele_efficiency=-1.05345, ele_trigger=0.609145, fakephoton_ele=4.40609, fakephoton_muon=-2.12889, interference=-0.667507, lumi=1.06426, mu_efficiency=-0.55146, mu_trigger=-0.498986, non_prompt_stat_ele=5.98578, non_prompt_stat_muon=1.36696, others_stat_ele=1.07502, others_stat_muon=-0.618603, others_xs=2.70635, param=3.02066, pdf_ele=-0.805465, pdf_muon=-0.674405, photon_id=0.739237, pileup=0.77327, scale_ele=-0.140987, scale_muon=-0.211453
RooProdPdf::model_s[ modelObs_s * nuisancePdf ]
     getLogVal() top-level p.d.f evaluates to zero @ !pdfs=(modelObs_s = 0/1,nuisancePdf = 1)

[#0] WARNING:Minization -- RooMinimizerFcn: Minimized function has error status.
Returning maximum FCN so far (964.443) to force MIGRAD to back out of this region. Error log follows
Parameter values: JER_ele=-0.460822, JER_muon=-0.563691, JES_ele=-2.0766, JES_muon=-0.866748, QCD_stat_ele=0.459817, QCD_stat_muon=0.938462, VBS_stat_ele=2.05913, VBS_stat_muon=-0.126746, ele_efficiency=-1.04671, ele_trigger=0.636662, fakephoton_ele=4.56615, fakephoton_muon=-2.12758, interference=-0.66167, lumi=1.08339, mu_efficiency=-0.550839, mu_trigger=-0.496535, non_prompt_stat_ele=6.11401, non_prompt_stat_muon=1.37067, others_stat_ele=1.14025, others_stat_muon=-0.615379, others_xs=2.73044, param=3.02069, pdf_ele=-0.763807, pdf_muon=-0.67024, photon_id=0.783815, pileup=0.774759, scale_ele=-0.0542244, scale_muon=-0.202636
RooProdPdf::model_s[ modelObs_s * nuisancePdf ]
     getLogVal() top-level p.d.f evaluates to zero @ !pdfs=(modelObs_s = 0/1,nuisancePdf = 1)

[#0] WARNING:Minization -- RooMinimizerFcn: Minimized function has error status.
Returning maximum FCN so far (964.443) to force MIGRAD to back out of this region. Error log follows
Parameter values: JER_ele=-0.438216, JER_muon=-0.561816, JES_ele=-2.04761, JES_muon=-0.863501, QCD_stat_ele=0.544284, QCD_stat_muon=0.946248, VBS_stat_ele=2.09893, VBS_stat_muon=-0.124182, ele_efficiency=-1.03971, ele_trigger=0.66532, fakephoton_ele=4.72926, fakephoton_muon=-2.12615, interference=-0.655662, lumi=1.10324, mu_efficiency=-0.550201, mu_trigger=-0.494003, non_prompt_stat_ele=6.23987, non_prompt_stat_muon=1.37453, others_stat_ele=1.20773, others_stat_muon=-0.612108, others_xs=2.75517, param=3.02071, pdf_ele=-0.720404, pdf_muon=-0.665955, photon_id=0.830192, pileup=0.776315, scale_ele=0.0361012, scale_muon=-0.193418
RooProdPdf::model_s[ modelObs_s * nuisancePdf ]
     getLogVal() top-level p.d.f evaluates to zero @ !pdfs=(modelObs_s = 0/1,nuisancePdf = 1)

[#0] WARNING:Minization -- RooMinimizerFcn: Minimized function has error status.
Returning maximum FCN so far (964.443) to force MIGRAD to back out of this region. Error log follows
Parameter values: JER_ele=-0.41462, JER_muon=-0.559884, JES_ele=-2.01717, JES_muon=-0.860108, QCD_stat_ele=0.632223, QCD_stat_muon=0.954542, VBS_stat_ele=2.14041, VBS_stat_muon=-0.121622, ele_efficiency=-1.03241, ele_trigger=0.695233, fakephoton_ele=4.8949, fakephoton_muon=-2.12463, interference=-0.649411, lumi=1.12395, mu_efficiency=-0.549537, mu_trigger=-0.491366, non_prompt_stat_ele=6.36184, non_prompt_stat_muon=1.37857, others_stat_ele=1.27795, others_stat_muon=-0.608718, others_xs=2.78083, param=3.02073, pdf_ele=-0.675062, pdf_muon=-0.661497, photon_id=0.878571, pileup=0.777941, scale_ele=0.130392, scale_muon=-0.183782
RooProdPdf::model_s[ modelObs_s * nuisancePdf ]
     getLogVal() top-level p.d.f evaluates to zero @ !pdfs=(modelObs_s = 0/1,nuisancePdf = 1)

[#0] WARNING:Minization -- RooMinimizerFcn: Minimized function has error status.
Returning maximum FCN so far (964.443) to force MIGRAD to back out of this region. Error log follows
Parameter values: JER_ele=-0.389964, JER_muon=-0.557872, JES_ele=-1.98528, JES_muon=-0.85656, QCD_stat_ele=0.723945, QCD_stat_muon=0.96326, VBS_stat_ele=2.18366, VBS_stat_muon=-0.118983, ele_efficiency=-1.02478, ele_trigger=0.726477, fakephoton_ele=5.06249, fakephoton_muon=-2.12303, interference=-0.642886, lumi=1.14556, mu_efficiency=-0.548844, mu_trigger=-0.488611, non_prompt_stat_ele=6.47847, non_prompt_stat_muon=1.38279, others_stat_ele=1.35114, others_stat_muon=-0.605183, others_xs=2.80756, param=3.02076, pdf_ele=-0.627658, pdf_muon=-0.656843, photon_id=0.929075, pileup=0.77964, scale_ele=0.228887, scale_muon=-0.173707
RooProdPdf::model_s[ modelObs_s * nuisancePdf ]
     getLogVal() top-level p.d.f evaluates to zero @ !pdfs=(modelObs_s = 0/1,nuisancePdf = 1)

[#0] WARNING:Minization -- RooMinimizerFcn: Minimized function has error status.
Returning maximum FCN so far (964.443) to force MIGRAD to back out of this region. Error log follows
Parameter values: JER_ele=-0.364192, JER_muon=-0.555771, JES_ele=-1.9519, JES_muon=-0.852851, QCD_stat_ele=0.819648, QCD_stat_muon=0.972386, VBS_stat_ele=2.22875, VBS_stat_muon=-0.116237, ele_efficiency=-1.01681, ele_trigger=0.759113, fakephoton_ele=5.23138, fakephoton_muon=-2.12136, interference=-0.636068, lumi=1.16813, mu_efficiency=-0.54812, mu_trigger=-0.485733, non_prompt_stat_ele=6.58826, non_prompt_stat_muon=1.3872, others_stat_ele=1.42745, others_stat_muon=-0.601491, others_xs=2.83543, param=3.02078, pdf_ele=-0.578087, pdf_muon=-0.65198, photon_id=0.981803, pileup=0.781416, scale_ele=0.331772, scale_muon=-0.163176
RooProdPdf::model_s[ modelObs_s * nuisancePdf ]
     getLogVal() top-level p.d.f evaluates to zero @ !pdfs=(modelObs_s = 0/1,nuisancePdf = 1)

[#0] WARNING:Minization -- RooMinimizerFcn: Minimized function has error status.
Returning maximum FCN so far (964.443) to force MIGRAD to back out of this region. Error log follows
Parameter values: JER_ele=-0.337254, JER_muon=-0.553577, JES_ele=-1.91696, JES_muon=-0.848975, QCD_stat_ele=0.919492, QCD_stat_muon=0.981927, VBS_stat_ele=2.27577, VBS_stat_muon=-0.113371, ele_efficiency=-1.00847, ele_trigger=0.793202, fakephoton_ele=5.4008, fakephoton_muon=-2.11961, interference=-0.628942, lumi=1.19171, mu_efficiency=-0.547363, mu_trigger=-0.482725, non_prompt_stat_ele=6.68952, non_prompt_stat_muon=1.39181, others_stat_ele=1.50701, others_stat_muon=-0.597632, others_xs=2.8645, param=3.02081, pdf_ele=-0.526251, pdf_muon=-0.646898, photon_id=1.03685, pileup=0.783272, scale_ele=0.439216, scale_muon=-0.15217
RooProdPdf::model_s[ modelObs_s * nuisancePdf ]
     getLogVal() top-level p.d.f evaluates to zero @ !pdfs=(modelObs_s = 0/1,nuisancePdf = 1)

[#0] WARNING:Minization -- RooMinimizerFcn: Minimized function has error status.
Returning maximum FCN so far (964.443) to force MIGRAD to back out of this region. Error log follows
Parameter values: JER_ele=-0.309099, JER_muon=-0.551284, JES_ele=-1.88039, JES_muon=-0.844924, QCD_stat_ele=1.02362, QCD_stat_muon=0.991896, VBS_stat_ele=2.32478, VBS_stat_muon=-0.110376, ele_efficiency=-0.999758, ele_trigger=0.828805, fakephoton_ele=5.56985, fakephoton_muon=-2.11778, interference=-0.621496, lumi=1.21633, mu_efficiency=-0.546573, mu_trigger=-0.479581, non_prompt_stat_ele=6.78038, non_prompt_stat_muon=1.39663, others_stat_ele=1.58993, others_stat_muon=-0.593601, others_xs=2.89481, param=3.02083, pdf_ele=-0.472053, pdf_muon=-0.641587, photon_id=1.0943, pileup=0.785211, scale_ele=0.551383, scale_muon=-0.140668
RooProdPdf::model_s[ modelObs_s * nuisancePdf ]
     getLogVal() top-level p.d.f evaluates to zero @ !pdfs=(modelObs_s = 0/1,nuisancePdf = 1)

[#0] WARNING:Minization -- RooMinimizerFcn: Minimized function has error status.
Returning maximum FCN so far (964.443) to force MIGRAD to back out of this region. Error log follows
Parameter values: JER_ele=-0.279674, JER_muon=-0.548888, JES_ele=-1.84212, JES_muon=-0.840691, QCD_stat_ele=1.13218, QCD_stat_muon=1.00231, VBS_stat_ele=2.37586, VBS_stat_muon=-0.107248, ele_efficiency=-0.990653, ele_trigger=0.865983, fakephoton_ele=5.73749, fakephoton_muon=-2.11587, interference=-0.613714, lumi=1.24204, mu_efficiency=-0.545746, mu_trigger=-0.476297, non_prompt_stat_ele=6.85878, non_prompt_stat_muon=1.40166, others_stat_ele=1.67632, others_stat_muon=-0.589387, others_xs=2.92641, param=3.02086, pdf_ele=-0.41539, pdf_muon=-0.636037, photon_id=1.15425, pileup=0.787237, scale_ele=0.668434, scale_muon=-0.128648
RooProdPdf::model_s[ modelObs_s * nuisancePdf ]
     getLogVal() top-level p.d.f evaluates to zero @ !pdfs=(modelObs_s = 0/1,nuisancePdf = 1)

[#0] WARNING:Minization -- RooMinimizerFcn: Minimized function has error status.
Returning maximum FCN so far (964.443) to force MIGRAD to back out of this region. Error log follows
Parameter values: JER_ele=-0.248925, JER_muon=-0.546384, JES_ele=-1.80207, JES_muon=-0.836268, QCD_stat_ele=1.24531, QCD_stat_muon=1.01319, VBS_stat_ele=2.42907, VBS_stat_muon=-0.103979, ele_efficiency=-0.981138, ele_trigger=0.904801, fakephoton_ele=5.90252, fakephoton_muon=-2.11388, interference=-0.605583, lumi=1.26888, mu_efficiency=-0.544883, mu_trigger=-0.472865, non_prompt_stat_ele=6.92241, non_prompt_stat_muon=1.40692, others_stat_ele=1.76629, others_stat_muon=-0.584985, others_xs=2.95934, param=3.02089, pdf_ele=-0.356159, pdf_muon=-0.630238, photon_id=1.21679, pileup=0.789353, scale_ele=0.79053, scale_muon=-0.11609
RooProdPdf::model_s[ modelObs_s * nuisancePdf ]
     getLogVal() top-level p.d.f evaluates to zero @ !pdfs=(modelObs_s = 0/1,nuisancePdf = 1)

[#0] WARNING:Minization -- RooMinimizerFcn: Minimized function has error status.
Returning maximum FCN so far (964.443) to force MIGRAD to back out of this region. Error log follows
Parameter values: JER_ele=-0.216795, JER_muon=-0.543769, JES_ele=-1.76016, JES_muon=-0.831646, QCD_stat_ele=1.36313, QCD_stat_muon=1.02456, VBS_stat_ele=2.4845, VBS_stat_muon=-0.100565, ele_efficiency=-0.971196, ele_trigger=0.945325, fakephoton_ele=6.06357, fakephoton_muon=-2.11179, interference=-0.597087, lumi=1.29691, mu_efficiency=-0.543981, mu_trigger=-0.469279, non_prompt_stat_ele=6.96876, non_prompt_stat_muon=1.41241, others_stat_ele=1.85996, others_stat_muon=-0.580386, others_xs=2.99367, param=3.02092, pdf_ele=-0.294251, pdf_muon=-0.624179, photon_id=1.28202, pileup=0.791565, scale_ele=0.917827, scale_muon=-0.102969
RooProdPdf::model_s[ modelObs_s * nuisancePdf ]
     getLogVal() top-level p.d.f evaluates to zero @ !pdfs=(modelObs_s = 0/1,nuisancePdf = 1)

[#0] WARNING:Minization -- RooMinimizerFcn: Minimized function has error status.
Returning maximum FCN so far (964.443) to force MIGRAD to back out of this region. Error log follows
Parameter values: JER_ele=-0.183226, JER_muon=-0.541036, JES_ele=-1.7163, JES_muon=-0.826818, QCD_stat_ele=1.4858, QCD_stat_muon=1.03642, VBS_stat_ele=2.5422, VBS_stat_muon=-0.0969974, ele_efficiency=-0.960807, ele_trigger=0.987625, fakephoton_ele=6.21906, fakephoton_muon=-2.10961, interference=-0.588211, lumi=1.32616, mu_efficiency=-0.543038, mu_trigger=-0.465533, non_prompt_stat_ele=6.99506, non_prompt_stat_muon=1.41814, others_stat_ele=1.95742, others_stat_muon=-0.575581, others_xs=3.02944, param=3.02095, pdf_ele=-0.229554, pdf_muon=-0.617849, photon_id=1.35005, pileup=0.793875, scale_ele=1.05048, scale_muon=-0.0892623
RooProdPdf::model_s[ modelObs_s * nuisancePdf ]
     getLogVal() top-level p.d.f evaluates to zero @ !pdfs=(modelObs_s = 0/1,nuisancePdf = 1)

[#0] WARNING:Minization -- RooMinimizerFcn: Minimized function has error status.
Returning maximum FCN so far (964.443) to force MIGRAD to back out of this region. Error log follows
Parameter values: JER_ele=-0.148155, JER_muon=-0.538182, JES_ele=-1.67042, JES_muon=-0.821774, QCD_stat_ele=1.61342, QCD_stat_muon=1.04882, VBS_stat_ele=2.60227, VBS_stat_muon=-0.0932711, ele_efficiency=-0.949953, ele_trigger=1.03177, fakephoton_ele=6.36723, fakephoton_muon=-2.10734, interference=-0.578938, lumi=1.35669, mu_efficiency=-0.542054, mu_trigger=-0.46162, non_prompt_stat_ele=6.99832, non_prompt_stat_muon=1.42413, others_stat_ele=2.0588, others_stat_muon=-0.570561, others_xs=3.06669, param=3.02098, pdf_ele=-0.161951, pdf_muon=-0.611236, photon_id=1.42096, pileup=0.796287, scale_ele=1.18863, scale_muon=-0.0749438
RooProdPdf::model_s[ modelObs_s * nuisancePdf ]
     getLogVal() top-level p.d.f evaluates to zero @ !pdfs=(modelObs_s = 0/1,nuisancePdf = 1)

[#0] WARNING:Minization -- RooMinimizerFcn: Minimized function has error status.
Returning maximum FCN so far (964.443) to force MIGRAD to back out of this region. Error log follows
Parameter values: JER_ele=-0.111519, JER_muon=-0.5352, JES_ele=-1.62241, JES_muon=-0.816505, QCD_stat_ele=1.74612, QCD_stat_muon=1.06176, VBS_stat_ele=2.66478, VBS_stat_muon=-0.0893788, ele_efficiency=-0.938612, ele_trigger=1.07784, fakephoton_ele=6.50606, fakephoton_muon=-2.10496, interference=-0.569251, lumi=1.38856, mu_efficiency=-0.541026, mu_trigger=-0.457532, non_prompt_stat_ele=6.97528, non_prompt_stat_muon=1.43038, others_stat_ele=2.16418, others_stat_muon=-0.565318, others_xs=3.1055, param=3.02101, pdf_ele=-0.0913228, pdf_muon=-0.604328, photon_id=1.49487, pileup=0.798807, scale_ele=1.33243, scale_muon=-0.0599875
RooProdPdf::model_s[ modelObs_s * nuisancePdf ]
     getLogVal() top-level p.d.f evaluates to zero @ !pdfs=(modelObs_s = 0/1,nuisancePdf = 1)

[#0] WARNING:Minization -- RooMinimizerFcn: Minimized function has error status.
Returning maximum FCN so far (964.443) to force MIGRAD to back out of this region. Error log follows
Parameter values: JER_ele=-0.0732515, JER_muon=-0.532086, JES_ele=-1.57218, JES_muon=-0.811001, QCD_stat_ele=1.88401, QCD_stat_muon=1.07527, VBS_stat_ele=2.7298, VBS_stat_muon=-0.0853134, ele_efficiency=-0.926765, ele_trigger=1.1259, fakephoton_ele=6.63331, fakephoton_muon=-2.10248, interference=-0.559133, lumi=1.4218, mu_efficiency=-0.539952, mu_trigger=-0.453263, non_prompt_stat_ele=6.92247, non_prompt_stat_muon=1.43692, others_stat_ele=2.27367, others_stat_muon=-0.559841, others_xs=3.1459, param=3.02104, pdf_ele=-0.0175447, pdf_muon=-0.597113, photon_id=1.57188, pileup=0.801439, scale_ele=1.482, scale_muon=-0.0443661
RooProdPdf::model_s[ modelObs_s * nuisancePdf ]
     getLogVal() top-level p.d.f evaluates to zero @ !pdfs=(modelObs_s = 0/1,nuisancePdf = 1)

[#0] WARNING:Minization -- RooMinimizerFcn: Minimized function has error status.
Returning maximum FCN so far (964.443) to force MIGRAD to back out of this region. Error log follows
Parameter values: JER_ele=-0.0332822, JER_muon=-0.528833, JES_ele=-1.51962, JES_muon=-0.805253, QCD_stat_ele=2.02718, QCD_stat_muon=1.08938, VBS_stat_ele=2.79741, VBS_stat_muon=-0.0810675, ele_efficiency=-0.91439, ele_trigger=1.17604, fakephoton_ele=6.74647, fakephoton_muon=-2.09989, interference=-0.548564, lumi=1.45649, mu_efficiency=-0.53883, mu_trigger=-0.448804, non_prompt_stat_ele=6.83621, non_prompt_stat_muon=1.44374, others_stat_ele=2.38737, others_stat_muon=-0.554121, others_xs=3.18795, param=3.02108, pdf_ele=0.0595111, pdf_muon=-0.589576, photon_id=1.6521, pileup=0.804188, scale_ele=1.63746, scale_muon=-0.0280508
RooProdPdf::model_s[ modelObs_s * nuisancePdf ]
     getLogVal() top-level p.d.f evaluates to zero @ !pdfs=(modelObs_s = 0/1,nuisancePdf = 1)

[#0] WARNING:Minization -- RooMinimizerFcn: Minimized function has error status.
Returning maximum FCN so far (964.443) to force MIGRAD to back out of this region. Error log follows
Parameter values: JER_ele=0.00846073, JER_muon=-0.525436, JES_ele=-1.46465, JES_muon=-0.799249, QCD_stat_ele=2.17572, QCD_stat_muon=1.10411, VBS_stat_ele=2.8677, VBS_stat_muon=-0.0766333, ele_efficiency=-0.901462, ele_trigger=1.22834, fakephoton_ele=6.84274, fakephoton_muon=-2.09718, interference=-0.537524, lumi=1.49268, mu_efficiency=-0.537658, mu_trigger=-0.444147, non_prompt_stat_ele=6.71262, non_prompt_stat_muon=1.45086, others_stat_ele=2.50535, others_stat_muon=-0.548147, others_xs=3.23172, param=3.02111, pdf_ele=0.139976, pdf_muon=-0.581705, photon_id=1.73563, pileup=0.807058, scale_ele=1.7989, scale_muon=-0.0110118
RooProdPdf::model_s[ modelObs_s * nuisancePdf ]
     getLogVal() top-level p.d.f evaluates to zero @ !pdfs=(modelObs_s = 0/1,nuisancePdf = 1)

[#0] WARNING:Minization -- RooMinimizerFcn: Minimized function has error status.
Returning maximum FCN so far (964.443) to force MIGRAD to back out of this region. Error log follows
Parameter values: JER_ele=0.0520524, JER_muon=-0.521888, JES_ele=-1.40713, JES_muon=-0.792978, QCD_stat_ele=2.32969, QCD_stat_muon=1.11949, VBS_stat_ele=2.94072, VBS_stat_muon=-0.0720027, ele_efficiency=-0.887958, ele_trigger=1.28288, fakephoton_ele=6.91905, fakephoton_muon=-2.09435, interference=-0.525994, lumi=1.53042, mu_efficiency=-0.536435, mu_trigger=-0.439283, non_prompt_stat_ele=6.54767, non_prompt_stat_muon=1.45829, others_stat_ele=2.62769, others_stat_muon=-0.541907, others_xs=3.27725, param=3.02115, pdf_ele=0.223986, pdf_muon=-0.573484, photon_id=1.82258, pileup=0.810056, scale_ele=1.9664, scale_muon=0.00678193
RooProdPdf::model_s[ modelObs_s * nuisancePdf ]
     getLogVal() top-level p.d.f evaluates to zero @ !pdfs=(modelObs_s = 0/1,nuisancePdf = 1)

[#0] WARNING:Minization -- RooMinimizerFcn: Minimized function has error status.
Returning maximum FCN so far (964.443) to force MIGRAD to back out of this region. Error log follows
Parameter values: JER_ele=0.0975709, JER_muon=-0.518184, JES_ele=-1.34697, JES_muon=-0.786429, QCD_stat_ele=2.48913, QCD_stat_muon=1.13554, VBS_stat_ele=3.01657, VBS_stat_muon=-0.067167, ele_efficiency=-0.873853, ele_trigger=1.33974, fakephoton_ele=6.97203, fakephoton_muon=-2.0914, interference=-0.513953, lumi=1.56978, mu_efficiency=-0.535157, mu_trigger=-0.434204, non_prompt_stat_ele=6.33727, non_prompt_stat_muon=1.46606, others_stat_ele=2.75445, others_stat_muon=-0.535391, others_xs=3.32461, param=3.02119, pdf_ele=0.311678, pdf_muon=-0.564899, photon_id=1.91305, pileup=0.813186, scale_ele=2.14002, scale_muon=0.0253631
RooProdPdf::model_s[ modelObs_s * nuisancePdf ]
     getLogVal() top-level p.d.f evaluates to zero @ !pdfs=(modelObs_s = 0/1,nuisancePdf = 1)

[#0] WARNING:Minization -- RooMinimizerFcn: Minimized function has error status.
Returning maximum FCN so far (964.443) to force MIGRAD to back out of this region. Error log follows
Parameter values: JER_ele=0.145097, JER_muon=-0.514315, JES_ele=-1.28403, JES_muon=-0.77959, QCD_stat_ele=2.65405, QCD_stat_muon=1.15229, VBS_stat_ele=3.0953, VBS_stat_muon=-0.0621176, ele_efficiency=-0.85912, ele_trigger=1.39902, fakephoton_ele=6.99801, fakephoton_muon=-2.08831, interference=-0.501377, lumi=1.61083, mu_efficiency=-0.533823, mu_trigger=-0.4289, non_prompt_stat_ele=6.07731, non_prompt_stat_muon=1.47416, others_stat_ele=2.88569, others_stat_muon=-0.528587, others_xs=3.37385, param=3.02123, pdf_ele=0.403195, pdf_muon=-0.555933, photon_id=2.00716, pileup=0.816453, scale_ele=2.31978, scale_muon=0.0447653
RooProdPdf::model_s[ modelObs_s * nuisancePdf ]
     getLogVal() top-level p.d.f evaluates to zero @ !pdfs=(modelObs_s = 0/1,nuisancePdf = 1)

[#0] WARNING:Minization -- RooMinimizerFcn: Minimized function has error status.
Returning maximum FCN so far (964.443) to force MIGRAD to back out of this region. Error log follows
Parameter values: JER_ele=0.194716, JER_muon=-0.510275, JES_ele=-1.2182, JES_muon=-0.772448, QCD_stat_ele=2.82444, QCD_stat_muon=1.16978, VBS_stat_ele=3.177, VBS_stat_muon=-0.0568451, ele_efficiency=-0.843733, ele_trigger=1.46081, fakephoton_ele=6.99303, fakephoton_muon=-2.08509, interference=-0.488245, lumi=1.65363, mu_efficiency=-0.53243, mu_trigger=-0.423362, non_prompt_stat_ele=5.76378, non_prompt_stat_muon=1.48262, others_stat_ele=3.02142, others_stat_muon=-0.521481, others_xs=3.42504, param=3.02127, pdf_ele=0.49868, pdf_muon=-0.54657, photon_id=2.105, pileup=0.819866, scale_ele=2.50566, scale_muon=0.0650241
RooProdPdf::model_s[ modelObs_s * nuisancePdf ]
     getLogVal() top-level p.d.f evaluates to zero @ !pdfs=(modelObs_s = 0/1,nuisancePdf = 1)

[#0] WARNING:Minization -- RooMinimizerFcn: Minimized function has error status.
Returning maximum FCN so far (964.443) to force MIGRAD to back out of this region. Error log follows
Parameter values: JER_ele=0.246514, JER_muon=-0.506057, JES_ele=-1.14935, JES_muon=-0.76499, QCD_stat_ele=3.00024, QCD_stat_muon=1.18803, VBS_stat_ele=3.26172, VBS_stat_muon=-0.0513399, ele_efficiency=-0.827662, ele_trigger=1.5252, fakephoton_ele=6.95285, fakephoton_muon=-2.08173, interference=-0.47453, lumi=1.69825, mu_efficiency=-0.530975, mu_trigger=-0.417579, non_prompt_stat_ele=5.39291, non_prompt_stat_muon=1.49145, others_stat_ele=3.16168, others_stat_muon=-0.514062, others_xs=3.47823, param=3.02131, pdf_ele=0.59828, pdf_muon=-0.536793, photon_id=2.20668, pileup=0.823428, scale_ele=2.6976, scale_muon=0.0861766
RooProdPdf::model_s[ modelObs_s * nuisancePdf ]
     getLogVal() top-level p.d.f evaluates to zero @ !pdfs=(modelObs_s = 0/1,nuisancePdf = 1)

[#0] WARNING:Minization -- RooMinimizerFcn: Minimized function has error status.
Returning maximum FCN so far (964.443) to force MIGRAD to back out of this region. Error log follows
Parameter values: JER_ele=0.300582, JER_muon=-0.501652, JES_ele=-1.07733, JES_muon=-0.757202, QCD_stat_ele=3.18134, QCD_stat_muon=1.20708, VBS_stat_ele=3.34953, VBS_stat_muon=-0.0455918, ele_efficiency=-0.810877, ele_trigger=1.59228, fakephoton_ele=6.87299, fakephoton_muon=-2.07821, interference=-0.460209, lumi=1.74476, mu_efficiency=-0.529457, mu_trigger=-0.411541, non_prompt_stat_ele=4.96131, non_prompt_stat_muon=1.50067, others_stat_ele=3.30643, others_stat_muon=-0.506314, others_xs=3.53348, param=3.02135, pdf_ele=0.702142, pdf_muon=-0.526583, photon_id=2.3123, pileup=0.827147, scale_ele=2.89548, scale_muon=0.108261
RooProdPdf::model_s[ modelObs_s * nuisancePdf ]
     getLogVal() top-level p.d.f evaluates to zero @ !pdfs=(modelObs_s = 0/1,nuisancePdf = 1)

[#0] WARNING:Minization -- RooMinimizerFcn: Minimized function has error status.
Returning maximum FCN so far (964.443) to force MIGRAD to back out of this region. Error log follows
Parameter values: JER_ele=0.357013, JER_muon=-0.497053, JES_ele=-1.00202, JES_muon=-0.74907, QCD_stat_ele=3.3676, QCD_stat_muon=1.22695, VBS_stat_ele=3.44049, VBS_stat_muon=-0.0395904, ele_efficiency=-0.793348, ele_trigger=1.66216, fakephoton_ele=6.74877, fakephoton_muon=-2.07454, interference=-0.445255, lumi=1.79323, mu_efficiency=-0.527871, mu_trigger=-0.405236, non_prompt_stat_ele=4.46622, non_prompt_stat_muon=1.51029, others_stat_ele=3.45565, others_stat_muon=-0.498225, others_xs=3.59085, param=3.0214, pdf_ele=0.810414, pdf_muon=-0.515923, photon_id=2.42194, pileup=0.83103, scale_ele=3.09915, scale_muon=0.131317
RooProdPdf::model_s[ modelObs_s * nuisancePdf ]
     getLogVal() top-level p.d.f evaluates to zero @ !pdfs=(modelObs_s = 0/1,nuisancePdf = 1)

[#0] WARNING:Minization -- RooMinimizerFcn: Minimized function has error status.
Returning maximum FCN so far (964.443) to force MIGRAD to back out of this region. Error log follows
Parameter values: JER_ele=0.415905, JER_muon=-0.492252, JES_ele=-0.923268, JES_muon=-0.740579, QCD_stat_ele=3.55881, QCD_stat_muon=1.24769, VBS_stat_ele=3.53465, VBS_stat_muon=-0.0333248, ele_efficiency=-0.775042, ele_trigger=1.73493, fakephoton_ele=6.57536, fakephoton_muon=-2.07071, interference=-0.42964, lumi=1.84374, mu_efficiency=-0.526215, mu_trigger=-0.398653, non_prompt_stat_ele=3.9057, non_prompt_stat_muon=1.52033, others_stat_ele=3.60925, others_stat_muon=-0.489778, others_xs=3.65041, param=3.02145, pdf_ele=0.923244, pdf_muon=-0.504792, photon_id=2.5357, pileup=0.835084, scale_ele=3.30836, scale_muon=0.155387
RooProdPdf::model_s[ modelObs_s * nuisancePdf ]
     getLogVal() top-level p.d.f evaluates to zero @ !pdfs=(modelObs_s = 0/1,nuisancePdf = 1)

[#0] WARNING:Minization -- RooMinimizerFcn: Minimized function has error status.
Returning maximum FCN so far (964.443) to force MIGRAD to back out of this region. Error log follows
Parameter values: JER_ele=0.477357, JER_muon=-0.487239, JES_ele=-0.840921, JES_muon=-0.731713, QCD_stat_ele=3.75468, QCD_stat_muon=1.26933, VBS_stat_ele=3.63204, VBS_stat_muon=-0.0267833, ele_efficiency=-0.755924, ele_trigger=1.81068, fakephoton_ele=6.34792, fakephoton_muon=-2.06671, interference=-0.413336, lumi=1.89636, mu_efficiency=-0.524487, mu_trigger=-0.39178, non_prompt_stat_ele=3.27896, non_prompt_stat_muon=1.5308, others_stat_ele=3.76712, others_stat_muon=-0.480959, others_xs=3.7122, param=3.0215, pdf_ele=1.04078, pdf_muon=-0.493169, photon_id=2.65364, pileup=0.839316, scale_ele=3.52278, scale_muon=0.180515
RooProdPdf::model_s[ modelObs_s * nuisancePdf ]
     getLogVal() top-level p.d.f evaluates to zero @ !pdfs=(modelObs_s = 0/1,nuisancePdf = 1)

[#0] WARNING:Minization -- RooMinimizerFcn: Minimized function has error status.
Returning maximum FCN so far (964.443) to force MIGRAD to back out of this region. Error log follows
Parameter values: JER_ele=-3.47131, JER_muon=-0.821203, JES_ele=-5.53459, JES_muon=-1.32023, QCD_stat_ele=-6.99003, QCD_stat_muon=-0.192123, VBS_stat_ele=-3.57153, VBS_stat_muon=-0.463104, ele_efficiency=-2.01229, ele_trigger=-3.26353, fakephoton_ele=3.49944, fakephoton_muon=-2.33205, interference=-1.49224, lumi=-1.70672, mu_efficiency=-0.6398, mu_trigger=-0.849403, non_prompt_stat_ele=6.45792, non_prompt_stat_muon=0.824635, others_stat_ele=-6.53143, others_stat_muon=-1.06727, others_xs=-0.933074, param=3.01861, pdf_ele=-5.82372, pdf_muon=-1.26441, photon_id=-5.12772, pileup=0.556275, scale_ele=-6.79221, scale_muon=-1.48588
RooProdPdf::model_s[ modelObs_s * nuisancePdf ]
     getLogVal() top-level p.d.f evaluates to zero @ !pdfs=(modelObs_s = 0/1,nuisancePdf = 1)

[#0] WARNING:Minization -- RooMinimizerFcn: Minimized function has error status.
Returning maximum FCN so far (964.443) to force MIGRAD to back out of this region. Error log follows
Parameter values: JER_ele=-3.57174, JER_muon=-0.830624, JES_ele=-5.62911, JES_muon=-1.33676, QCD_stat_ele=-6.95352, QCD_stat_muon=-0.23364, VBS_stat_ele=-3.75385, VBS_stat_muon=-0.475427, ele_efficiency=-2.04703, ele_trigger=-3.39355, fakephoton_ele=4.42271, fakephoton_muon=-2.3395, interference=-1.52235, lumi=-1.80648, mu_efficiency=-0.643059, mu_trigger=-0.862302, non_prompt_stat_ele=6.86187, non_prompt_stat_muon=0.804502, others_stat_ele=-6.64929, others_stat_muon=-1.08376, others_xs=-1.06877, param=3.01854, pdf_ele=-5.94503, pdf_muon=-1.28604, photon_id=-5.28784, pileup=0.548255, scale_ele=-6.66526, scale_muon=-1.53222
RooProdPdf::model_s[ modelObs_s * nuisancePdf ]
     getLogVal() top-level p.d.f evaluates to zero @ !pdfs=(modelObs_s = 0/1,nuisancePdf = 1)

[#0] WARNING:Minization -- RooMinimizerFcn: Minimized function has error status.
Returning maximum FCN so far (964.443) to force MIGRAD to back out of this region. Error log follows
Parameter values: JER_ele=-3.6759, JER_muon=-0.840492, JES_ele=-5.7251, JES_muon=-1.35406, QCD_stat_ele=-6.88668, QCD_stat_muon=-0.277122, VBS_stat_ele=-3.94108, VBS_stat_muon=-0.488333, ele_efficiency=-2.08336, ele_trigger=-3.52812, fakephoton_ele=5.26776, fakephoton_muon=-2.3473, interference=-1.55386, lumi=-1.91056, mu_efficiency=-0.646472, mu_trigger=-0.875811, non_prompt_stat_ele=6.9998, non_prompt_stat_muon=0.783404, others_stat_ele=-6.75487, others_stat_muon=-1.10103, others_xs=-1.21048, param=3.01845, pdf_ele=-6.06557, pdf_muon=-1.30869, photon_id=-5.44893, pileup=0.539854, scale_ele=-6.50094, scale_muon=-1.58069
RooProdPdf::model_s[ modelObs_s * nuisancePdf ]
     getLogVal() top-level p.d.f evaluates to zero @ !pdfs=(modelObs_s = 0/1,nuisancePdf = 1)

[#0] WARNING:Minization -- RooMinimizerFcn: Minimized function has error status.
Returning maximum FCN so far (964.443) to force MIGRAD to back out of this region. Error log follows
Parameter values: JER_ele=-3.7838, JER_muon=-0.850827, JES_ele=-5.82227, JES_muon=-1.37218, QCD_stat_ele=-6.7856, QCD_stat_muon=-0.322653, VBS_stat_ele=-4.13285, VBS_stat_muon=-0.501849, ele_efficiency=-2.12135, ele_trigger=-3.66721, fakephoton_ele=5.99345, fakephoton_muon=-2.35547, interference=-1.58682, lumi=-2.01909, mu_efficiency=-0.650048, mu_trigger=-0.889957, non_prompt_stat_ele=6.82538, non_prompt_stat_muon=0.761299, others_stat_ele=-6.84552, others_stat_muon=-1.11911, others_xs=-1.35835, param=3.01837, pdf_ele=-6.18451, pdf_muon=-1.33239, photon_id=-5.61013, pileup=0.531053, scale_ele=-6.2953, scale_muon=-1.63136
RooProdPdf::model_s[ modelObs_s * nuisancePdf ]
     getLogVal() top-level p.d.f evaluates to zero @ !pdfs=(modelObs_s = 0/1,nuisancePdf = 1)

[#0] WARNING:Minization -- RooMinimizerFcn: Minimized function has error status.
Returning maximum FCN so far (964.443) to force MIGRAD to back out of this region. Error log follows
Parameter values: JER_ele=-3.89545, JER_muon=-0.861647, JES_ele=-5.92027, JES_muon=-1.39114, QCD_stat_ele=-6.64618, QCD_stat_muon=-0.370322, VBS_stat_ele=-4.32869, VBS_stat_muon=-0.516003, ele_efficiency=-2.16106, ele_trigger=-3.81077, fakephoton_ele=6.55467, fakephoton_muon=-2.36403, interference=-1.6213, lumi=-2.13218, mu_efficiency=-0.653792, mu_trigger=-0.904768, non_prompt_stat_ele=6.30204, non_prompt_stat_muon=0.73814, others_stat_ele=-6.9183, others_stat_muon=-1.13804, others_xs=-1.51254, param=3.01827, pdf_ele=-6.30089, pdf_muon=-1.3572, photon_id=-5.77045, pileup=0.521836, scale_ele=-6.04433, scale_muon=-1.68434
RooProdPdf::model_s[ modelObs_s * nuisancePdf ]
     getLogVal() top-level p.d.f evaluates to zero @ !pdfs=(modelObs_s = 0/1,nuisancePdf = 1)

[#0] WARNING:Minization -- RooMinimizerFcn: Minimized function has error status.
Returning maximum FCN so far (964.443) to force MIGRAD to back out of this region. Error log follows
Parameter values: JER_ele=-4.01084, JER_muon=-0.872975, JES_ele=-6.01868, JES_muon=-1.41098, QCD_stat_ele=-6.46414, QCD_stat_muon=-0.420219, VBS_stat_ele=-4.52803, VBS_stat_muon=-0.530821, ele_efficiency=-2.20256, ele_trigger=-3.95869, fakephoton_ele=6.90419, fakephoton_muon=-2.37298, interference=-1.65736, lumi=-2.24994, mu_efficiency=-0.657713, mu_trigger=-0.920272, non_prompt_stat_ele=5.40957, non_prompt_stat_muon=0.713881, others_stat_ele=-6.96996, others_stat_muon=-1.15785, others_xs=-1.67317, param=3.01818, pdf_ele=-6.41361, pdf_muon=-1.38316, photon_id=-5.92876, pileup=0.512184, scale_ele=-5.74406, scale_muon=-1.7397
RooProdPdf::model_s[ modelObs_s * nuisancePdf ]
     getLogVal() top-level p.d.f evaluates to zero @ !pdfs=(modelObs_s = 0/1,nuisancePdf = 1)

[#0] WARNING:Minization -- RooMinimizerFcn: Minimized function has error status.
Returning maximum FCN so far (964.443) to force MIGRAD to back out of this region. Error log follows
Parameter values: JER_ele=-4.12994, JER_muon=-0.884834, JES_ele=-6.11704, JES_muon=-1.43175, QCD_stat_ele=-6.23511, QCD_stat_muon=-0.472439, VBS_stat_ele=-4.73017, VBS_stat_muon=-0.546333, ele_efficiency=-2.24591, ele_trigger=-4.11082, fakephoton_ele=6.99536, fakephoton_muon=-2.38234, interference=-1.69507, lumi=-2.37248, mu_efficiency=-0.661818, mu_trigger=-0.936501, non_prompt_stat_ele=4.15157, non_prompt_stat_muon=0.688472, others_stat_ele=-6.99694, others_stat_muon=-1.17858, others_xs=-1.84035, param=3.01808, pdf_ele=-6.52145, pdf_muon=-1.41031, photon_id=-6.08371, pileup=0.502076, scale_ele=-5.39064, scale_muon=-1.79754
RooProdPdf::model_s[ modelObs_s * nuisancePdf ]
     getLogVal() top-level p.d.f evaluates to zero @ !pdfs=(modelObs_s = 0/1,nuisancePdf = 1)

[#0] WARNING:Minization -- RooMinimizerFcn: Minimized function has error status.
Returning maximum FCN so far (964.443) to force MIGRAD to back out of this region. Error log follows
Parameter values: JER_ele=-3.95061, JER_muon=-0.840906, JES_ele=-5.97326, JES_muon=-1.35516, QCD_stat_ele=-6.55269, QCD_stat_muon=-0.281788, VBS_stat_ele=-4.42055, VBS_stat_muon=-0.489022, ele_efficiency=-2.17988, ele_trigger=-3.87745, fakephoton_ele=6.92933, fakephoton_muon=-2.34799, interference=-1.62005, lumi=-2.17109, mu_efficiency=-0.646276, mu_trigger=-0.876543, non_prompt_stat_ele=5.25246, non_prompt_stat_muon=0.782941, others_stat_ele=-6.94877, others_stat_muon=-1.10258, others_xs=-1.57931, param=3.01314, pdf_ele=-6.35697, pdf_muon=-1.31021, photon_id=-5.81373, pileup=0.518619, scale_ele=-5.90165, scale_muon=-1.58342
RooProdPdf::model_s[ modelObs_s * nuisancePdf ]
     getLogVal() top-level p.d.f evaluates to zero @ !pdfs=(modelObs_s = 0/1,nuisancePdf = 1)

[#0] WARNING:Minization -- RooMinimizerFcn: Minimized function has error status.
Returning maximum FCN so far (964.443) to force MIGRAD to back out of this region. Error log follows
Parameter values: JER_ele=-4.08191, JER_muon=-0.880636, JES_ele=-6.07764, JES_muon=-1.42443, QCD_stat_ele=-6.33204, QCD_stat_muon=-0.454589, VBS_stat_ele=-4.64763, VBS_stat_muon=-0.540608, ele_efficiency=-2.2284, ele_trigger=-4.05025, fakephoton_ele=6.99968, fakephoton_muon=-2.37887, interference=-1.68006, lumi=-2.32295, mu_efficiency=-0.660355, mu_trigger=-0.930769, non_prompt_stat_ele=4.43072, non_prompt_stat_muon=0.698096, others_stat_ele=-6.98921, others_stat_muon=-1.1715, others_xs=-1.77155, param=3.01842, pdf_ele=-6.47923, pdf_muon=-1.40067, photon_id=-6.02361, pileup=0.506075, scale_ele=-5.53626, scale_muon=-1.77697
RooProdPdf::model_s[ modelObs_s * nuisancePdf ]
     getLogVal() top-level p.d.f evaluates to zero @ !pdfs=(modelObs_s = 0/1,nuisancePdf = 1)

[#0] WARNING:Minization -- RooMinimizerFcn: Minimized function has error status.
Returning maximum FCN so far (964.443) to force MIGRAD to back out of this region. Error log follows
Parameter values: JER_ele=-4.19161, JER_muon=-0.891836, JES_ele=-6.16612, JES_muon=-1.4441, QCD_stat_ele=-6.10097, QCD_stat_muon=-0.504, VBS_stat_ele=-4.83286, VBS_stat_muon=-0.555193, ele_efficiency=-2.26864, ele_trigger=-4.19009, fakephoton_ele=6.91837, fakephoton_muon=-2.38781, interference=-1.7153, lumi=-2.43676, mu_efficiency=-0.664247, mu_trigger=-0.94613, non_prompt_stat_ele=3.28708, non_prompt_stat_muon=0.673772, others_stat_ele=-6.99997, others_stat_muon=-1.1911, others_xs=-1.92613, param=3.01822, pdf_ele=-6.57378, pdf_muon=-1.42636, photon_id=-6.16182, pileup=0.496679, scale_ele=-5.1892, scale_muon=-1.83171
RooProdPdf::model_s[ modelObs_s * nuisancePdf ]
     getLogVal() top-level p.d.f evaluates to zero @ !pdfs=(modelObs_s = 0/1,nuisancePdf = 1)

[#0] WARNING:Minization -- RooMinimizerFcn: Minimized function has error status.
Returning maximum FCN so far (964.443) to force MIGRAD to back out of this region. Error log follows
Parameter values: JER_ele=3.24046, JER_muon=-0.251594, JES_ele=2.95861, JES_muon=-0.314288, QCD_stat_ele=6.0175, QCD_stat_muon=2.26771, VBS_stat_ele=6.756, VBS_stat_muon=0.280323, ele_efficiency=0.145669, ele_trigger=4.95728, fakephoton_ele=-1.98944, fakephoton_muon=-1.87806, interference=0.353238, lumi=4.18379, mu_efficiency=-0.443282, mu_trigger=-0.0687326, non_prompt_stat_ele=6.69401, non_prompt_stat_muon=2.0184, others_stat_ele=6.7936, others_stat_muon=-0.0662154, others_xs=6.05894, param=3.0242, pdf_ele=5.67558, pdf_muon=0.0535796, photon_id=6.62196, pileup=1.03763, scale_ele=5.75962, scale_muon=1.35226
RooProdPdf::model_s[ modelObs_s * nuisancePdf ]
     getLogVal() top-level p.d.f evaluates to zero @ !pdfs=(modelObs_s = 0/1,nuisancePdf = 1)

[#0] WARNING:Minization -- RooMinimizerFcn: Minimized function has error status.
Returning maximum FCN so far (964.443) to force MIGRAD to back out of this region. Error log follows
Parameter values: JER_ele=3.28293, JER_muon=-0.247678, JES_ele=3.01712, JES_muon=-0.307344, QCD_stat_ele=5.92405, QCD_stat_muon=2.28393, VBS_stat_ele=6.7786, VBS_stat_muon=0.285419, ele_efficiency=0.160659, ele_trigger=5.00019, fakephoton_ele=-1.54093, fakephoton_muon=-1.87491, interference=0.365955, lumi=4.21784, mu_efficiency=-0.441933, mu_trigger=-0.0633657, non_prompt_stat_ele=6.83829, non_prompt_stat_muon=2.02641, others_stat_ele=6.75725, others_stat_muon=-0.0593227, others_xs=6.0871, param=3.02424, pdf_ele=5.72925, pdf_muon=0.0626642, photon_id=6.65339, pileup=1.04092, scale_ele=5.64863, scale_muon=1.37148
RooProdPdf::model_s[ modelObs_s * nuisancePdf ]
     getLogVal() top-level p.d.f evaluates to zero @ !pdfs=(modelObs_s = 0/1,nuisancePdf = 1)

[#0] WARNING:Minization -- RooMinimizerFcn: Minimized function has error status.
Returning maximum FCN so far (964.443) to force MIGRAD to back out of this region. Error log follows
Parameter values: JER_ele=3.3259, JER_muon=-0.243703, JES_ele=3.07628, JES_muon=-0.300293, QCD_stat_ele=5.8252, QCD_stat_muon=2.30039, VBS_stat_ele=6.80043, VBS_stat_muon=0.290593, ele_efficiency=0.175878, ele_trigger=5.04337, fakephoton_ele=-1.07865, fakephoton_muon=-1.87172, interference=0.378866, lumi=4.25225, mu_efficiency=-0.440564, mu_trigger=-0.0579167, non_prompt_stat_ele=6.93844, non_prompt_stat_muon=2.03454, others_stat_ele=6.71737, others_stat_muon=-0.052325, others_xs=6.11529, param=3.02428, pdf_ele=5.78272, pdf_muon=0.0718874, photon_id=6.68394, pileup=1.04426, scale_ele=5.53162, scale_muon=1.39099
RooProdPdf::model_s[ modelObs_s * nuisancePdf ]
     getLogVal() top-level p.d.f evaluates to zero @ !pdfs=(modelObs_s = 0/1,nuisancePdf = 1)

[#0] WARNING:Minization -- RooMinimizerFcn: Minimized function has error status.
Returning maximum FCN so far (964.443) to force MIGRAD to back out of this region. Error log follows
Parameter values: JER_ele=3.36935, JER_muon=-0.239666, JES_ele=3.13605, JES_muon=-0.293135, QCD_stat_ele=5.72083, QCD_stat_muon=2.31708, VBS_stat_ele=6.82145, VBS_stat_muon=0.295845, ele_efficiency=0.191328, ele_trigger=5.08681, fakephoton_ele=-0.604356, fakephoton_muon=-1.86848, interference=0.391972, lumi=4.28703, mu_efficiency=-0.439173, mu_trigger=-0.0523846, non_prompt_stat_ele=6.99166, non_prompt_stat_muon=2.0428, others_stat_ele=6.67386, others_stat_muon=-0.0452208, others_xs=6.14348, param=3.02432, pdf_ele=5.83594, pdf_muon=0.081251, photon_id=6.71355, pileup=1.04764, scale_ele=5.40845, scale_muon=1.41078
RooProdPdf::model_s[ modelObs_s * nuisancePdf ]
     getLogVal() top-level p.d.f evaluates to zero @ !pdfs=(modelObs_s = 0/1,nuisancePdf = 1)

[#0] WARNING:Minization -- RooMinimizerFcn: Minimized function has error status.
Returning maximum FCN so far (964.443) to force MIGRAD to back out of this region. Error log follows
Parameter values: JER_ele=3.4133, JER_muon=-0.235569, JES_ele=3.19644, JES_muon=-0.285867, QCD_stat_ele=5.6108, QCD_stat_muon=2.334, VBS_stat_ele=6.84161, VBS_stat_muon=0.301177, ele_efficiency=0.207012, ele_trigger=5.13048, fakephoton_ele=-0.120004, fakephoton_muon=-1.86518, interference=0.405275, lumi=4.32215, mu_efficiency=-0.437762, mu_trigger=-0.0467688, non_prompt_stat_ele=6.99537, non_prompt_stat_muon=2.05118, others_stat_ele=6.62659, others_stat_muon=-0.0380088, others_xs=6.17167, param=3.02436, pdf_ele=5.88885, pdf_muon=0.0907563, photon_id=6.74215, pileup=1.05108, scale_ele=5.27902, scale_muon=1.43086
RooProdPdf::model_s[ modelObs_s * nuisancePdf ]
     getLogVal() top-level p.d.f evaluates to zero @ !pdfs=(modelObs_s = 0/1,nuisancePdf = 1)

[#0] WARNING:Minization -- RooMinimizerFcn: Minimized function has error status.
Returning maximum FCN so far (964.443) to force MIGRAD to back out of this region. Error log follows
Parameter values: JER_ele=3.45773, JER_muon=-0.231409, JES_ele=3.25744, JES_muon=-0.27849, QCD_stat_ele=5.495, QCD_stat_muon=2.35117, VBS_stat_ele=6.86085, VBS_stat_muon=0.30659, ele_efficiency=0.222931, ele_trigger=5.17437, fakephoton_ele=0.372237, fakephoton_muon=-1.86184, interference=0.418778, lumi=4.35763, mu_efficiency=-0.436329, mu_trigger=-0.0410681, non_prompt_stat_ele=6.94727, non_prompt_stat_muon=2.05968, others_stat_ele=6.57542, others_stat_muon=-0.0306879, others_xs=6.19983, param=3.0244, pdf_ele=5.94141, pdf_muon=0.100405, photon_id=6.76966, pileup=1.05457, scale_ele=5.14321, scale_muon=1.45123
RooProdPdf::model_s[ modelObs_s * nuisancePdf ]
     getLogVal() top-level p.d.f evaluates to zero @ !pdfs=(modelObs_s = 0/1,nuisancePdf = 1)

[#0] WARNING:Minization -- RooMinimizerFcn: Minimized function has error status.
Returning maximum FCN so far (964.443) to force MIGRAD to back out of this region. Error log follows
Parameter values: JER_ele=3.50263, JER_muon=-0.227187, JES_ele=3.31904, JES_muon=-0.271001, QCD_stat_ele=5.37331, QCD_stat_muon=2.36858, VBS_stat_ele=6.87912, VBS_stat_muon=0.312083, ele_efficiency=0.239089, ele_trigger=5.21848, fakephoton_ele=0.869983, fakephoton_muon=-1.85845, interference=0.432482, lumi=4.39346, mu_efficiency=-0.434875, mu_trigger=-0.0352817, non_prompt_stat_ele=6.84536, non_prompt_stat_muon=2.0683, others_stat_ele=6.52024, others_stat_muon=-0.0232569, others_xs=6.22794, param=3.02444, pdf_ele=5.99357, pdf_muon=0.110199, photon_id=6.79603, pileup=1.05811, scale_ele=5.00092, scale_muon=1.47189
RooProdPdf::model_s[ modelObs_s * nuisancePdf ]
     getLogVal() top-level p.d.f evaluates to zero @ !pdfs=(modelObs_s = 0/1,nuisancePdf = 1)

[#0] WARNING:Minization -- RooMinimizerFcn: Minimized function has error status.
Returning maximum FCN so far (964.443) to force MIGRAD to back out of this region. Error log follows
Parameter values: JER_ele=3.54802, JER_muon=-0.222902, JES_ele=3.38122, JES_muon=-0.2634, QCD_stat_ele=5.24561, QCD_stat_muon=2.38623, VBS_stat_ele=6.89636, VBS_stat_muon=0.317659, ele_efficiency=0.255487, ele_trigger=5.26277, fakephoton_ele=1.37063, fakephoton_muon=-1.855, interference=0.44639, lumi=4.42962, mu_efficiency=-0.433399, mu_trigger=-0.0294086, non_prompt_stat_ele=6.68805, non_prompt_stat_muon=2.07705, others_stat_ele=6.46092, others_stat_muon=-0.0157146, others_xs=6.25599, param=3.02448, pdf_ele=6.04526, pdf_muon=0.120139, photon_id=6.82118, pileup=1.06171, scale_ele=4.85205, scale_muon=1.49285
RooProdPdf::model_s[ modelObs_s * nuisancePdf ]
     getLogVal() top-level p.d.f evaluates to zero @ !pdfs=(modelObs_s = 0/1,nuisancePdf = 1)

[#0] WARNING:Minization -- RooMinimizerFcn: Minimized function has error status.
Returning maximum FCN so far (964.443) to force MIGRAD to back out of this region. Error log follows
Parameter values: JER_ele=3.59388, JER_muon=-0.218552, JES_ele=3.44397, JES_muon=-0.255685, QCD_stat_ele=5.11181, QCD_stat_muon=2.40413, VBS_stat_ele=6.91251, VBS_stat_muon=0.323317, ele_efficiency=0.272128, ele_trigger=5.30723, fakephoton_ele=1.87138, fakephoton_muon=-1.85151, interference=0.460503, lumi=4.46613, mu_efficiency=-0.431901, mu_trigger=-0.0234479, non_prompt_stat_ele=6.47418, non_prompt_stat_muon=2.08593, others_stat_ele=6.39733, others_stat_muon=-0.00805988, others_xs=6.28396, param=3.02453, pdf_ele=6.09643, pdf_muon=0.130227, photon_id=6.84503, pileup=1.06535, scale_ele=4.69651, scale_muon=1.5141
RooProdPdf::model_s[ modelObs_s * nuisancePdf ]
     getLogVal() top-level p.d.f evaluates to zero @ !pdfs=(modelObs_s = 0/1,nuisancePdf = 1)

[#0] WARNING:Minization -- RooMinimizerFcn: Minimized function has error status.
Returning maximum FCN so far (964.443) to force MIGRAD to back out of this region. Error log follows
Parameter values: JER_ele=3.6402, JER_muon=-0.214138, JES_ele=3.50728, JES_muon=-0.247856, QCD_stat_ele=4.9718, QCD_stat_muon=2.42228, VBS_stat_ele=6.92751, VBS_stat_muon=0.32906, ele_efficiency=0.289015, ele_trigger=5.35184, fakephoton_ele=2.3692, fakephoton_muon=-1.84796, interference=0.474825, lumi=4.50297, mu_efficiency=-0.43038, mu_trigger=-0.0173985, non_prompt_stat_ele=6.20309, non_prompt_stat_muon=2.09493, others_stat_ele=6.32934, others_stat_muon=-0.000291245, others_xs=6.31182, param=3.02457, pdf_ele=6.14701, pdf_muon=0.140464, photon_id=6.86751, pileup=1.06906, scale_ele=4.53422, scale_muon=1.53566
RooProdPdf::model_s[ modelObs_s * nuisancePdf ]
     getLogVal() top-level p.d.f evaluates to zero @ !pdfs=(modelObs_s = 0/1,nuisancePdf = 1)

[#0] WARNING:Minization -- RooMinimizerFcn: Minimized function has error status.
Returning maximum FCN so far (964.443) to force MIGRAD to back out of this region. Error log follows
Parameter values: JER_ele=3.68699, JER_muon=-0.209659, JES_ele=3.57115, JES_muon=-0.23991, QCD_stat_ele=4.8255, QCD_stat_muon=2.44068, VBS_stat_ele=6.9413, VBS_stat_muon=0.334887, ele_efficiency=0.30615, ele_trigger=5.39658, fakephoton_ele=2.86089, fakephoton_muon=-1.84436, interference=0.489356, lumi=4.54015, mu_efficiency=-0.428837, mu_trigger=-0.0112596, non_prompt_stat_ele=5.87466, non_prompt_stat_muon=2.10407, others_stat_ele=6.25682, others_stat_muon=0.00759221, others_xs=6.33956, param=3.02461, pdf_ele=6.19694, pdf_muon=0.150853, photon_id=6.88854, pileup=1.07281, scale_ele=4.36513, scale_muon=1.55752
RooProdPdf::model_s[ modelObs_s * nuisancePdf ]
     getLogVal() top-level p.d.f evaluates to zero @ !pdfs=(modelObs_s = 0/1,nuisancePdf = 1)

[#0] WARNING:Minization -- RooMinimizerFcn: Minimized function has error status.
Returning maximum FCN so far (964.443) to force MIGRAD to back out of this region. Error log follows
Parameter values: JER_ele=3.73423, JER_muon=-0.205113, JES_ele=3.63554, JES_muon=-0.231847, QCD_stat_ele=4.67281, QCD_stat_muon=2.45932, VBS_stat_ele=6.95381, VBS_stat_muon=0.3408, ele_efficiency=0.323536, ele_trigger=5.44143, fakephoton_ele=3.34303, fakephoton_muon=-1.8407, interference=0.504099, lumi=4.57764, mu_efficiency=-0.427271, mu_trigger=-0.00503023, non_prompt_stat_ele=5.48938, non_prompt_stat_muon=2.11333, others_stat_ele=6.17965, others_stat_muon=0.015592, others_xs=6.36716, param=3.02465, pdf_ele=6.24617, pdf_muon=0.161395, photon_id=6.90804, pileup=1.07662, scale_ele=4.18917, scale_muon=1.57969
RooProdPdf::model_s[ modelObs_s * nuisancePdf ]
     getLogVal() top-level p.d.f evaluates to zero @ !pdfs=(modelObs_s = 0/1,nuisancePdf = 1)

[#0] WARNING:Minization -- RooMinimizerFcn: Minimized function has error status.
Returning maximum FCN so far (964.443) to force MIGRAD to back out of this region. Error log follows
Parameter values: JER_ele=3.78193, JER_muon=-0.2005, JES_ele=3.70045, JES_muon=-0.223665, QCD_stat_ele=4.51367, QCD_stat_muon=2.47823, VBS_stat_ele=6.96498, VBS_stat_muon=0.3468, ele_efficiency=0.341176, ele_trigger=5.48638, fakephoton_ele=3.81207, fakephoton_muon=-1.83699, interference=0.519056, lumi=4.61545, mu_efficiency=-0.425683, mu_trigger=0.00129063, non_prompt_stat_ele=5.04842, non_prompt_stat_muon=2.12273, others_stat_ele=6.09771, others_stat_muon=0.0237092, others_xs=6.39458, param=3.0247, pdf_ele=6.29461, pdf_muon=0.172091, photon_id=6.92591, pileup=1.08049, scale_ele=4.00632, scale_muon=1.60216
RooProdPdf::model_s[ modelObs_s * nuisancePdf ]
     getLogVal() top-level p.d.f evaluates to zero @ !pdfs=(modelObs_s = 0/1,nuisancePdf = 1)

[#0] WARNING:Minization -- RooMinimizerFcn: Minimized function has error status.
Returning maximum FCN so far (964.443) to force MIGRAD to back out of this region. Error log follows
Parameter values: JER_ele=3.83008, JER_muon=-0.19582, JES_ele=3.76587, JES_muon=-0.215362, QCD_stat_ele=4.34802, QCD_stat_muon=2.49738, VBS_stat_ele=6.97474, VBS_stat_muon=0.352887, ele_efficiency=0.359071, ele_trigger=5.53138, fakephoton_ele=4.26427, fakephoton_muon=-1.83323, interference=0.53423, lumi=4.65357, mu_efficiency=-0.424071, mu_trigger=0.00770399, non_prompt_stat_ele=4.55365, non_prompt_stat_muon=2.13226, others_stat_ele=6.01088, others_stat_muon=0.0319452, others_xs=6.42182, param=3.02474, pdf_ele=6.34221, pdf_muon=0.182943, photon_id=6.94209, pileup=1.08441, scale_ele=3.81653, scale_muon=1.62495
RooProdPdf::model_s[ modelObs_s * nuisancePdf ]
     getLogVal() top-level p.d.f evaluates to zero @ !pdfs=(modelObs_s = 0/1,nuisancePdf = 1)

[#0] WARNING:Minization -- RooMinimizerFcn: Minimized function has error status.
Returning maximum FCN so far (964.443) to force MIGRAD to back out of this region. Error log follows
Parameter values: JER_ele=3.87866, JER_muon=-0.191072, JES_ele=3.83177, JES_muon=-0.206939, QCD_stat_ele=4.1758, QCD_stat_muon=2.5168, VBS_stat_ele=6.98302, VBS_stat_muon=0.359062, ele_efficiency=0.377225, ele_trigger=5.57643, fakephoton_ele=4.69576, fakephoton_muon=-1.82941, interference=0.549623, lumi=4.692, mu_efficiency=-0.422435, mu_trigger=0.014211, non_prompt_stat_ele=4.00769, non_prompt_stat_muon=2.14192, others_stat_ele=5.91902, others_stat_muon=0.0403013, others_xs=6.44883, param=3.02479, pdf_ele=6.38887, pdf_muon=0.193954, photon_id=6.95648, pileup=1.08839, scale_ele=3.61981, scale_muon=1.64805
RooProdPdf::model_s[ modelObs_s * nuisancePdf ]
     getLogVal() top-level p.d.f evaluates to zero @ !pdfs=(modelObs_s = 0/1,nuisancePdf = 1)

[#0] WARNING:Minization -- RooMinimizerFcn: Minimized function has error status.
Returning maximum FCN so far (964.443) to force MIGRAD to back out of this region. Error log follows
Parameter values: JER_ele=3.92768, JER_muon=-0.186254, JES_ele=3.89813, JES_muon=-0.198392, QCD_stat_ele=3.99696, QCD_stat_muon=2.53647, VBS_stat_ele=6.98974, VBS_stat_muon=0.365327, ele_efficiency=0.39564, ele_trigger=5.6215, fakephoton_ele=5.1026, fakephoton_muon=-1.82553, interference=0.565236, lumi=4.73073, mu_efficiency=-0.420776, mu_trigger=0.0208126, non_prompt_stat_ele=3.41397, non_prompt_stat_muon=2.15172, others_stat_ele=5.82202, others_stat_muon=0.0487789, others_xs=6.47561, param=3.02484, pdf_ele=6.43454, pdf_muon=0.205123, photon_id=6.96898, pileup=1.09243, scale_ele=3.41616, scale_muon=1.67147
RooProdPdf::model_s[ modelObs_s * nuisancePdf ]
     getLogVal() top-level p.d.f evaluates to zero @ !pdfs=(modelObs_s = 0/1,nuisancePdf = 1)

[#0] WARNING:Minization -- RooMinimizerFcn: Minimized function has error status.
Returning maximum FCN so far (964.443) to force MIGRAD to back out of this region. Error log follows
Parameter values: JER_ele=3.97712, JER_muon=-0.181367, JES_ele=3.96494, JES_muon=-0.189722, QCD_stat_ele=3.8115, QCD_stat_muon=2.55641, VBS_stat_ele=6.99484, VBS_stat_muon=0.371683, ele_efficiency=0.414319, ele_trigger=5.66656, fakephoton_ele=5.48074, fakephoton_muon=-1.8216, interference=0.581073, lumi=4.76975, mu_efficiency=-0.419092, mu_trigger=0.0275097, non_prompt_stat_ele=2.77674, non_prompt_stat_muon=2.16166, others_stat_ele=5.71976, others_stat_muon=0.0573791, others_xs=6.50212, param=3.02488, pdf_ele=6.47914, pdf_muon=0.216454, photon_id=6.97951, pileup=1.09652, scale_ele=3.20561, scale_muon=1.6952
RooProdPdf::model_s[ modelObs_s * nuisancePdf ]
     getLogVal() top-level p.d.f evaluates to zero @ !pdfs=(modelObs_s = 0/1,nuisancePdf = 1)

[#0] WARNING:Minization -- RooMinimizerFcn: Minimized function has error status.
Returning maximum FCN so far (964.443) to force MIGRAD to back out of this region. Error log follows
Parameter values: JER_ele=3.60109, JER_muon=-0.304713, JES_ele=3.44258, JES_muon=-0.406127, QCD_stat_ele=5.12706, QCD_stat_muon=2.06532, VBS_stat_ele=6.91816, VBS_stat_muon=0.202219, ele_efficiency=0.274732, ele_trigger=5.31576, fakephoton_ele=-0.54806, fakephoton_muon=-1.92337, interference=0.404559, lumi=4.43029, mu_efficiency=-0.461335, mu_trigger=-0.140356, non_prompt_stat_ele=6.97814, non_prompt_stat_muon=1.89969, others_stat_ele=6.3924, others_stat_muon=-0.15165, others_xs=6.25366, param=3.02649, pdf_ele=6.10121, pdf_muon=-0.0697907, photon_id=6.81043, pileup=1.06026, scale_ele=4.69611, scale_muon=1.09128
RooProdPdf::model_s[ modelObs_s * nuisancePdf ]
     getLogVal() top-level p.d.f evaluates to zero @ !pdfs=(modelObs_s = 0/1,nuisancePdf = 1)

[#0] WARNING:Minization -- RooMinimizerFcn: Minimized function has error status.
Returning maximum FCN so far (964.443) to force MIGRAD to back out of this region. Error log follows
Parameter values: JER_ele=3.43207, JER_muon=-0.248044, JES_ele=3.22766, JES_muon=-0.30822, QCD_stat_ele=5.55694, QCD_stat_muon=2.28002, VBS_stat_ele=6.85121, VBS_stat_muon=0.286008, ele_efficiency=0.213311, ele_trigger=5.14501, fakephoton_ele=-0.661595, fakephoton_muon=-1.87475, interference=0.401612, lumi=4.33063, mu_efficiency=-0.442064, mu_trigger=-0.0639756, non_prompt_stat_ele=6.97599, non_prompt_stat_muon=2.02733, others_stat_ele=6.59824, others_stat_muon=-0.0610259, others_xs=6.18437, param=3.02523, pdf_ele=5.91033, pdf_muon=0.0618773, photon_id=6.74384, pileup=1.05132, scale_ele=5.23172, scale_muon=1.36983
RooProdPdf::model_s[ modelObs_s * nuisancePdf ]
     getLogVal() top-level p.d.f evaluates to zero @ !pdfs=(modelObs_s = 0/1,nuisancePdf = 1)

[#0] WARNING:Minization -- RooMinimizerFcn: Minimized function has error status.
Returning maximum FCN so far (964.443) to force MIGRAD to back out of this region. Error log follows
Parameter values: JER_ele=3.35433, JER_muon=-0.244513, JES_ele=3.11988, JES_muon=-0.30215, QCD_stat_ele=5.75151, QCD_stat_muon=2.29418, VBS_stat_ele=6.81475, VBS_stat_muon=0.290829, ele_efficiency=0.185713, ele_trigger=5.06929, fakephoton_ele=-0.994718, fakephoton_muon=-1.87216, interference=0.385171, lumi=4.27344, mu_efficiency=-0.440881, mu_trigger=-0.0592444, non_prompt_stat_ele=6.94242, non_prompt_stat_muon=2.03383, others_stat_ele=6.68517, others_stat_muon=-0.0549008, others_xs=6.13665, param=3.02484, pdf_ele=5.8173, pdf_muon=0.0699217, photon_id=6.69981, pileup=1.04606, scale_ele=5.45571, scale_muon=1.38662
RooProdPdf::model_s[ modelObs_s * nuisancePdf ]
     getLogVal() top-level p.d.f evaluates to zero @ !pdfs=(modelObs_s = 0/1,nuisancePdf = 1)

[#0] WARNING:Minization -- RooMinimizerFcn: Minimized function has error status.
Returning maximum FCN so far (964.443) to force MIGRAD to back out of this region. Error log follows
Parameter values: JER_ele=3.30463, JER_muon=-0.246642, JES_ele=3.04931, JES_muon=-0.305757, QCD_stat_ele=5.87169, QCD_stat_muon=2.28667, VBS_stat_ele=6.78989, VBS_stat_muon=0.287453, ele_efficiency=0.168215, ele_trigger=5.0209, fakephoton_ele=-1.37588, fakephoton_muon=-1.87404, interference=0.371831, lumi=4.23478, mu_efficiency=-0.441602, mu_trigger=-0.0620774, non_prompt_stat_ele=6.87425, non_prompt_stat_muon=2.02882, others_stat_ele=6.73577, others_stat_muon=-0.0580824, others_xs=6.10304, param=3.0247, pdf_ele=5.75621, pdf_muon=0.0649896, photon_id=6.66761, pileup=1.04246, scale_ele=5.59185, scale_muon=1.37625
RooProdPdf::model_s[ modelObs_s * nuisancePdf ]
     getLogVal() top-level p.d.f evaluates to zero @ !pdfs=(modelObs_s = 0/1,nuisancePdf = 1)

[#0] WARNING:Minization -- RooMinimizerFcn: Minimized function has error status.
Returning maximum FCN so far (964.443) to force MIGRAD to back out of this region. Error log follows
Parameter values: JER_ele=3.26398, JER_muon=-0.249701, JES_ele=2.99203, JES_muon=-0.311046, QCD_stat_ele=5.96505, QCD_stat_muon=2.27485, VBS_stat_ele=6.76868, VBS_stat_muon=0.283089, ele_efficiency=0.153914, ele_trigger=4.98063, fakephoton_ele=-1.76093, fakephoton_muon=-1.87654, interference=0.360095, lumi=4.20252, mu_efficiency=-0.442642, mu_trigger=-0.0661995, non_prompt_stat_ele=6.77084, non_prompt_stat_muon=2.02234, others_stat_ele=6.7732, others_stat_muon=-0.0631279, others_xs=6.07532, param=3.02464, pdf_ele=5.70533, pdf_muon=0.0579288, photon_id=6.63903, pileup=1.0394, scale_ele=5.69941, scale_muon=1.36139
RooProdPdf::model_s[ modelObs_s * nuisancePdf ]
     getLogVal() top-level p.d.f evaluates to zero @ !pdfs=(modelObs_s = 0/1,nuisancePdf = 1)

[#0] WARNING:Minization -- RooMinimizerFcn: Minimized function has error status.
Returning maximum FCN so far (964.443) to force MIGRAD to back out of this region. Error log follows
Parameter values: JER_ele=3.22649, JER_muon=-0.252944, JES_ele=2.93976, JES_muon=-0.316727, QCD_stat_ele=6.04686, QCD_stat_muon=2.26181, VBS_stat_ele=6.74837, VBS_stat_muon=0.278688, ele_efficiency=0.140733, ele_trigger=4.94296, fakephoton_ele=-2.13826, fakephoton_muon=-1.87915, interference=0.349024, lumi=4.17256, mu_efficiency=-0.443752, mu_trigger=-0.0706071, non_prompt_stat_ele=6.63451, non_prompt_stat_muon=2.01565, others_stat_ele=6.80467, others_stat_muon=-0.0686816, others_xs=6.04992, param=3.0246, pdf_ele=5.65773, pdf_muon=0.0504296, photon_id=6.6112, pileup=1.03654, scale_ele=5.79533, scale_muon=1.34556
RooProdPdf::model_s[ modelObs_s * nuisancePdf ]
     getLogVal() top-level p.d.f evaluates to zero @ !pdfs=(modelObs_s = 0/1,nuisancePdf = 1)

[#0] WARNING:Minization -- RooMinimizerFcn: Minimized function has error status.
Returning maximum FCN so far (398.149) to force MIGRAD to back out of this region. Error log follows
Parameter values: JER_ele=5.69626, JER_muon=6.14425, JES_ele=0.723693, JES_muon=-4.92678, QCD_stat_ele=-6.18357, QCD_stat_muon=3.57083, VBS_stat_ele=6.28021, VBS_stat_muon=-4.94828, ele_efficiency=6.58388, ele_trigger=-5.41429, fakephoton_ele=3.75515, fakephoton_muon=6.86529, interference=-1.25414, lumi=0.891463, mu_efficiency=-2.75139, mu_trigger=-6.98305, non_prompt_stat_ele=6.99855, non_prompt_stat_muon=-6.88008, others_stat_ele=-6.93777, others_stat_muon=3.64191, others_xs=6.91167, param=0.350962, pdf_ele=5.69954, pdf_muon=6.20933, photon_id=1.52447, pileup=5.69713, scale_ele=-1.08655, scale_muon=-3.34225
RooProdPdf::model_s[ modelObs_s * nuisancePdf ]
     getLogVal() top-level p.d.f evaluates to zero @ !pdfs=(modelObs_s = 0/1,nuisancePdf = 1)

[#0] WARNING:Minization -- RooMinimizerFcn: Minimized function has error status.
Returning maximum FCN so far (995.291) to force MIGRAD to back out of this region. Error log follows
Parameter values: JER_ele=3.24249, JER_muon=6.02392, JES_ele=3.43593, JES_muon=6.1501, QCD_stat_ele=-1.34695, QCD_stat_muon=5.06776, VBS_stat_ele=6.41433, VBS_stat_muon=4.55553, ele_efficiency=-2.06888, ele_trigger=2.31939, fakephoton_ele=6.97989, fakephoton_muon=-1.45813, interference=2.69603, lumi=4.01163, mu_efficiency=1.70376, mu_trigger=4.72049, non_prompt_stat_ele=1.28325, non_prompt_stat_muon=4.02133, others_stat_ele=4.04715, others_stat_muon=5.06584, others_xs=4.38696, param=3.05932, pdf_ele=2.79836, pdf_muon=6.64208, photon_id=6.98368, pileup=2.25829, scale_ele=5.01458, scale_muon=3.24968
RooProdPdf::model_s[ modelObs_s * nuisancePdf ]
     getLogVal() top-level p.d.f evaluates to zero @ !pdfs=(modelObs_s = 0/1,nuisancePdf = 1)

[#0] WARNING:Minization -- RooMinimizerFcn: Minimized function has error status.
Returning maximum FCN so far (995.291) to force MIGRAD to back out of this region. Error log follows
Parameter values: JER_ele=-6.33351, JER_muon=-6.41608, JES_ele=2.21415, JES_muon=6.45205, QCD_stat_ele=2.34808, QCD_stat_muon=3.09016, VBS_stat_ele=2.88849, VBS_stat_muon=-4.57042, ele_efficiency=-5.52479, ele_trigger=-2.24208, fakephoton_ele=1.23728, fakephoton_muon=6.30088, interference=-6.84459, lumi=-6.77983, mu_efficiency=1.48692, mu_trigger=-5.33774, non_prompt_stat_ele=6.98821, non_prompt_stat_muon=6.93076, others_stat_ele=6.94315, others_stat_muon=-6.88951, others_xs=2.43478, param=3.03005, pdf_ele=6.85904, pdf_muon=3.31772, photon_id=6.74494, pileup=-4.04344, scale_ele=6.97647, scale_muon=-0.997377
RooProdPdf::model_s[ modelObs_s * nuisancePdf ]
     getLogVal() top-level p.d.f evaluates to zero @ !pdfs=(modelObs_s = 0/1,nuisancePdf = 1)

[#0] WARNING:Minization -- RooMinimizerFcn: Minimized function has error status.
Returning maximum FCN so far (995.291) to force MIGRAD to back out of this region. Error log follows
Parameter values: JER_ele=6.94203, JER_muon=-1.17975, JES_ele=5.08582, JES_muon=-4.81473, QCD_stat_ele=-3.36092, QCD_stat_muon=-5.83043, VBS_stat_ele=5.84543, VBS_stat_muon=2.83255, ele_efficiency=1.29464, ele_trigger=6.85401, fakephoton_ele=6.99148, fakephoton_muon=5.43724, interference=-6.71839, lumi=-5.74149, mu_efficiency=5.23486, mu_trigger=3.4393, non_prompt_stat_ele=2.59064, non_prompt_stat_muon=5.94247, others_stat_ele=0.924841, others_stat_muon=-0.55966, others_xs=0.959721, param=3.06683, pdf_ele=1.70478, pdf_muon=5.80536, photon_id=4.36476, pileup=4.51289, scale_ele=1.32966, scale_muon=3.83133
RooProdPdf::model_s[ modelObs_s * nuisancePdf ]
     getLogVal() top-level p.d.f evaluates to zero @ !pdfs=(modelObs_s = 0/1,nuisancePdf = 1)

[#0] WARNING:Minization -- RooMinimizerFcn: Minimized function has error status.
Returning maximum FCN so far (995.291) to force MIGRAD to back out of this region. Error log follows
Parameter values: JER_ele=6.84927, JER_muon=-3.46161, JES_ele=5.67651, JES_muon=-6.96548, QCD_stat_ele=-5.28357, QCD_stat_muon=4.90084, VBS_stat_ele=6.30062, VBS_stat_muon=5.7159, ele_efficiency=1.12235, ele_trigger=6.96532, fakephoton_ele=6.90552, fakephoton_muon=6.06101, interference=-6.99858, lumi=-6.71264, mu_efficiency=5.81924, mu_trigger=6.08553, non_prompt_stat_ele=3.66488, non_prompt_stat_muon=3.8071, others_stat_ele=2.15013, others_stat_muon=3.33089, others_xs=-1.73153, param=3.06622, pdf_ele=2.8839, pdf_muon=6.67258, photon_id=6.99848, pileup=4.34164, scale_ele=-1.43482, scale_muon=3.49098
RooProdPdf::model_s[ modelObs_s * nuisancePdf ]
     getLogVal() top-level p.d.f evaluates to zero @ !pdfs=(modelObs_s = 0/1,nuisancePdf = 1)

[#0] WARNING:Minization -- RooMinimizerFcn: Minimized function has error status.
Returning maximum FCN so far (995.291) to force MIGRAD to back out of this region. Error log follows
Parameter values: JER_ele=6.72343, JER_muon=-5.23263, JES_ele=6.14004, JES_muon=-5.8903, QCD_stat_ele=-6.49247, QCD_stat_muon=4.57228, VBS_stat_ele=6.62823, VBS_stat_muon=6.95853, ele_efficiency=0.960216, ele_trigger=7, fakephoton_ele=6.74185, fakephoton_muon=6.51096, interference=-6.67354, lumi=-6.99926, mu_efficiency=6.26974, mu_trigger=6.99971, non_prompt_stat_ele=4.57417, non_prompt_stat_muon=1.13247, others_stat_ele=3.23644, others_stat_muon=6.02722, others_xs=-4.03288, param=3.06564, pdf_ele=3.90644, pdf_muon=2.84053, photon_id=4.44022, pileup=4.1768, scale_ele=-3.83069, scale_muon=-6.89294
RooProdPdf::model_s[ modelObs_s * nuisancePdf ]
     getLogVal() top-level p.d.f evaluates to zero @ !pdfs=(modelObs_s = 0/1,nuisancePdf = 1)

[#0] WARNING:Minization -- RooMinimizerFcn: Minimized function has error status.
Returning maximum FCN so far (995.291) to force MIGRAD to back out of this region. Error log follows
Parameter values: JER_ele=6.57167, JER_muon=-6.39419, JES_ele=6.48926, JES_muon=-2.53227, QCD_stat_ele=-6.98227, QCD_stat_muon=-5.22649, VBS_stat_ele=6.84402, VBS_stat_muon=6.53357, ele_efficiency=0.807545, ele_trigger=6.97089, fakephoton_ele=6.51675, fakephoton_muon=6.80436, interference=-5.87126, lumi=-6.69086, mu_efficiency=6.59905, mu_trigger=6.24644, non_prompt_stat_ele=5.32027, non_prompt_stat_muon=-1.56343, others_stat_ele=4.17332, others_stat_muon=6.99787, others_xs=-5.71838, param=3.06508, pdf_ele=4.76737, pdf_muon=-2.57814, photon_id=-0.863412, pileup=4.01855, scale_ele=-5.60652, scale_muon=0.39567
RooProdPdf::model_s[ modelObs_s * nuisancePdf ]
     getLogVal() top-level p.d.f evaluates to zero @ !pdfs=(modelObs_s = 0/1,nuisancePdf = 1)

[#0] WARNING:Minization -- RooMinimizerFcn: Minimized function has error status.
Returning maximum FCN so far (995.291) to force MIGRAD to back out of this region. Error log follows
Parameter values: JER_ele=6.40013, JER_muon=-6.94073, JES_ele=6.73718, JES_muon=1.53998, QCD_stat_ele=-6.8285, QCD_stat_muon=-5.20013, VBS_stat_ele=6.96314, VBS_stat_muon=4.80366, ele_efficiency=0.663781, ele_trigger=6.8894, fakephoton_ele=6.24438, fakephoton_muon=6.96048, interference=-4.73029, lumi=-5.91211, mu_efficiency=6.82103, mu_trigger=4.25816, non_prompt_stat_ele=5.91074, non_prompt_stat_muon=-3.89256, others_stat_ele=4.95893, others_stat_muon=6.29236, others_xs=-6.70102, param=3.06455, pdf_ele=5.46939, pdf_muon=-6.31401, photon_id=-5.42005, pileup=3.86698, scale_ele=-6.65906, scale_muon=6.88718
RooProdPdf::model_s[ modelObs_s * nuisancePdf ]
     getLogVal() top-level p.d.f evaluates to zero @ !pdfs=(modelObs_s = 0/1,nuisancePdf = 1)

[#0] WARNING:Minization -- RooMinimizerFcn: Minimized function has error status.
Returning maximum FCN so far (995.291) to force MIGRAD to back out of this region. Error log follows
Parameter values: JER_ele=6.21403, JER_muon=-6.93026, JES_ele=6.89666, JES_muon=4.91372, QCD_stat_ele=-6.15271, QCD_stat_muon=3.57457, VBS_stat_ele=7, VBS_stat_muon=2.30698, ele_efficiency=0.528446, ele_trigger=6.76556, fakephoton_ele=5.93689, fakephoton_muon=6.99905, interference=-3.38188, lumi=-4.7978, mu_efficiency=6.94969, mu_trigger=1.61172, non_prompt_stat_ele=6.35722, non_prompt_stat_muon=-5.6203, others_stat_ele=5.59788, others_stat_muon=4.33505, others_xs=-6.99973, param=3.06404, pdf_ele=6.02085, pdf_muon=-6.7722, photon_id=-6.99667, pileup=3.72211, scale_ele=-6.99992, scale_muon=-1.39801
RooProdPdf::model_s[ modelObs_s * nuisancePdf ]
     getLogVal() top-level p.d.f evaluates to zero @ !pdfs=(modelObs_s = 0/1,nuisancePdf = 1)

[#0] WARNING:Minization -- RooMinimizerFcn: Minimized function has error status.
Returning maximum FCN so far (995.291) to force MIGRAD to back out of this region. Error log follows
Parameter values: JER_ele=6.01776, JER_muon=-6.4571, JES_ele=6.98012, JES_muon=6.74677, QCD_stat_ele=-5.0939, QCD_stat_muon=6.77224, VBS_stat_ele=6.96798, VBS_stat_muon=-0.414869, ele_efficiency=0.401087, ele_trigger=6.6082, fakephoton_ele=5.60465, fakephoton_muon=6.9392, interference=-1.93963, lumi=-3.47575, mu_efficiency=6.99864, mu_trigger=-1.14213, non_prompt_stat_ele=6.67383, non_prompt_stat_muon=-6.6517, others_stat_ele=6.09934, others_stat_muon=1.70104, others_xs=-6.70237, param=3.06356, pdf_ele=6.43384, pdf_muon=-4.26421, photon_id=-5.33673, pileup=3.58391, scale_ele=-6.71682, scale_muon=-6.94404
RooProdPdf::model_s[ modelObs_s * nuisancePdf ]
     getLogVal() top-level p.d.f evaluates to zero @ !pdfs=(modelObs_s = 0/1,nuisancePdf = 1)

[#0] WARNING:Minization -- RooMinimizerFcn: Minimized function has error status.
Returning maximum FCN so far (995.291) to force MIGRAD to back out of this region. Error log follows
Parameter values: JER_ele=5.81504, JER_muon=-5.63037, JES_ele=6.99917, JES_muon=6.82886, QCD_stat_ele=-3.78824, QCD_stat_muon=0.713084, VBS_stat_ele=6.87927, VBS_stat_muon=-2.92234, ele_efficiency=0.281276, ele_trigger=6.42495, fakephoton_ele=5.25632, fakephoton_muon=6.79876, interference=-0.494894, lumi=-2.05683, mu_efficiency=6.9806, mu_trigger=-3.57653, non_prompt_stat_ele=6.87587, non_prompt_stat_muon=-6.99929, others_stat_ele=6.47528, others_stat_muon=-1.0564, others_xs=-5.93281, param=3.0631, pdf_ele=6.72259, pdf_muon=-0.243385, photon_id=-1.62693, pileup=3.45228, scale_ele=-5.93808, scale_muon=-0.266442
RooProdPdf::model_s[ modelObs_s * nuisancePdf ]
     getLogVal() top-level p.d.f evaluates to zero @ !pdfs=(modelObs_s = 0/1,nuisancePdf = 1)

[#0] WARNING:Minization -- RooMinimizerFcn: Minimized function has error status.
Returning maximum FCN so far (995.291) to force MIGRAD to back out of this region. Error log follows
Parameter values: JER_ele=5.60893, JER_muon=-4.55857, JES_ele=6.96446, JES_muon=5.42809, QCD_stat_ele=-2.35649, QCD_stat_muon=-6.02939, VBS_stat_ele=6.74479, VBS_stat_muon=-4.92136, ele_efficiency=0.168604, ele_trigger=6.22237, fakephoton_ele=4.89906, fakephoton_muon=6.5939, interference=0.883886, lumi=-0.630479, mu_efficiency=6.90721, mu_trigger=-5.42285, non_prompt_stat_ele=6.97881, non_prompt_stat_muon=-6.74639, others_stat_ele=6.73916, others_stat_muon=-3.5058, others_xs=-4.82548, param=3.06266, pdf_ele=6.90219, pdf_muon=3.64765, photon_id=2.46462, pileup=3.32707, scale_ele=-4.80494, scale_muon=6.71306
RooProdPdf::model_s[ modelObs_s * nuisancePdf ]
     getLogVal() top-level p.d.f evaluates to zero @ !pdfs=(modelObs_s = 0/1,nuisancePdf = 1)

[#0] WARNING:Minization -- RooMinimizerFcn: Minimized function has error status.
Returning maximum FCN so far (995.291) to force MIGRAD to back out of this region. Error log follows
Parameter values: JER_ele=5.40193, JER_muon=-3.33998, JES_ele=6.88561, JES_muon=3.06621, QCD_stat_ele=-0.897828, QCD_stat_muon=-6.00957, VBS_stat_ele=6.57412, VBS_stat_muon=-6.26267, ele_efficiency=0.0626749, ele_trigger=6.00601, fakephoton_ele=4.53868, fakephoton_muon=6.33892, interference=2.14936, lumi=0.735949, mu_efficiency=6.78891, mu_trigger=-6.56189, non_prompt_stat_ele=6.99758, non_prompt_stat_muon=-6.01408, others_stat_ele=6.90491, others_stat_muon=-5.37353, others_xs=-3.50817, param=3.06224, pdf_ele=6.98774, pdf_muon=6.22555, photon_id=5.56238, pileup=3.20814, scale_ele=-3.45245, scale_muon=4.045
RooProdPdf::model_s[ modelObs_s * nuisancePdf ]
     getLogVal() top-level p.d.f evaluates to zero @ !pdfs=(modelObs_s = 0/1,nuisancePdf = 1)

[#0] WARNING:Minization -- RooMinimizerFcn: Minimized function has error status.
Returning maximum FCN so far (995.291) to force MIGRAD to back out of this region. Error log follows
Parameter values: JER_ele=5.19608, JER_muon=-2.05758, JES_ele=6.77112, JES_muon=0.318559, QCD_stat_ele=0.511879, QCD_stat_muon=-0.178547, VBS_stat_ele=6.37561, VBS_stat_muon=-6.91624, ele_efficiency=-0.0368907, ele_trigger=5.78051, fakephoton_ele=4.17984, fakephoton_muon=6.04626, interference=3.27221, lumi=1.99551, mu_efficiency=6.63489, mu_trigger=-6.99241, non_prompt_stat_ele=6.94615, non_prompt_stat_muon=-4.93547, others_stat_ele=6.98623, others_stat_muon=-6.53604, others_xs=-2.09191, param=3.06184, pdf_ele=6.99369, pdf_muon=6.9944, photon_id=6.94323, pileup=3.09529, scale_ele=-1.99821, scale_muon=-3.66565
RooProdPdf::model_s[ modelObs_s * nuisancePdf ]
     getLogVal() top-level p.d.f evaluates to zero @ !pdfs=(modelObs_s = 0/1,nuisancePdf = 1)

[#0] WARNING:Minization -- RooMinimizerFcn: Minimized function has error status.
Returning maximum FCN so far (995.291) to force MIGRAD to back out of this region. Error log follows
Parameter values: JER_ele=4.99301, JER_muon=-0.777328, JES_ele=6.62844, JES_muon=-2.31993, QCD_stat_ele=1.81883, QCD_stat_muon=5.57232, VBS_stat_ele=6.15638, VBS_stat_muon=-6.93645, ele_efficiency=-0.130459, ele_trigger=5.54976, fakephoton_ele=3.8262, fakephoton_muon=5.72651, interference=4.23765, lumi=3.11876, mu_efficiency=6.45317, mu_trigger=-6.79279, non_prompt_stat_ele=6.83725, non_prompt_stat_muon=-3.63812, others_stat_ele=6.9961, others_stat_muon=-6.98885, others_xs=-0.666414, param=3.06146, pdf_ele=6.93343, pdf_muon=6.06127, photon_id=6.53655, pileup=2.9883, scale_ele=-0.537196, scale_muon=-6.97908
RooProdPdf::model_s[ modelObs_s * nuisancePdf ]
     getLogVal() top-level p.d.f evaluates to zero @ !pdfs=(modelObs_s = 0/1,nuisancePdf = 1)

[#0] WARNING:Minization -- RooMinimizerFcn: Minimized function has error status.
Returning maximum FCN so far (995.291) to force MIGRAD to back out of this region. Error log follows
Parameter values: JER_ele=4.79401, JER_muon=0.451416, JES_ele=6.46401, JES_muon=-4.49915, QCD_stat_ele=2.98849, QCD_stat_muon=6.80066, VBS_stat_ele=5.92249, VBS_stat_muon=-6.42785, ele_efficiency=-0.218371, ele_trigger=5.31693, fakephoton_ele=3.48059, fakephoton_muon=5.38862, interference=5.04197, lumi=4.0904, mu_efficiency=6.25061, mu_trigger=-6.08538, non_prompt_stat_ele=6.68222, non_prompt_stat_muon=-2.23356, others_stat_ele=6.94649, others_stat_muon=-6.8083, others_xs=0.700646, param=3.0611, pdf_ele=6.81913, pdf_muon=3.90736, photon_id=4.72623, pileup=2.88698, scale_ele=0.859164, scale_muon=-3.12329
RooProdPdf::model_s[ modelObs_s * nuisancePdf ]
     getLogVal() top-level p.d.f evaluates to zero @ !pdfs=(modelObs_s = 0/1,nuisancePdf = 1)

[#0] WARNING:Minization -- RooMinimizerFcn: Minimized function has error status.
Returning maximum FCN so far (995.291) to force MIGRAD to back out of this region. Error log follows
Parameter values: JER_ele=4.60008, JER_muon=1.59421, JES_ele=6.28334, JES_muon=-6.02487, QCD_stat_ele=4.00207, QCD_stat_muon=3.33026, VBS_stat_ele=5.67901, VBS_stat_muon=-5.51703, ele_efficiency=-0.300963, ele_trigger=5.0846, fakephoton_ele=3.14513, fakephoton_muon=5.03998, interference=5.68945, lumi=4.906, mu_efficiency=6.03306, mu_trigger=-5.00827, non_prompt_stat_ele=6.49104, non_prompt_stat_muon=-0.812483, others_stat_ele=6.84821, others_stat_muon=-6.11575, others_xs=1.96201, param=3.06076, pdf_ele=6.6616, pdf_muon=1.14871, photon_id=2.10501, pileup=2.79108, scale_ele=2.1413, scale_muon=3.39526
RooProdPdf::model_s[ modelObs_s * nuisancePdf ]
     getLogVal() top-level p.d.f evaluates to zero @ !pdfs=(modelObs_s = 0/1,nuisancePdf = 1)

[#0] WARNING:Minization -- RooMinimizerFcn: Minimized function has error status.
Returning maximum FCN so far (995.291) to force MIGRAD to back out of this region. Error log follows
Parameter values: JER_ele=4.41196, JER_muon=2.62918, JES_ele=6.09111, JES_muon=-6.83739, QCD_stat_ele=4.85299, QCD_stat_muon=-1.99919, VBS_stat_ele=5.43013, VBS_stat_muon=-4.33216, ele_efficiency=-0.378544, ele_trigger=4.85483, fakephoton_ele=2.82136, fakephoton_muon=4.68663, interference=6.18979, lumi=5.56898, mu_efficiency=5.80543, mu_trigger=-3.6955, non_prompt_stat_ele=6.27234, non_prompt_stat_muon=0.556267, others_stat_ele=6.71086, others_stat_muon=-5.04904, others_xs=3.08793, param=3.06044, pdf_ele=6.47031, pdf_muon=-1.64207, photon_id=-0.727293, pileup=2.70038, scale_ele=3.27839, scale_muon=6.91736
RooProdPdf::model_s[ modelObs_s * nuisancePdf ]
     getLogVal() top-level p.d.f evaluates to zero @ !pdfs=(modelObs_s = 0/1,nuisancePdf = 1)

[#0] WARNING:Minization -- RooMinimizerFcn: Minimized function has error status.
Returning maximum FCN so far (995.291) to force MIGRAD to back out of this region. Error log follows
Parameter values: JER_ele=4.23019, JER_muon=3.54463, JES_ele=5.89124, JES_muon=-6.97586, QCD_stat_ele=5.54363, QCD_stat_muon=-5.99316, VBS_stat_ele=5.17929, VBS_stat_muon=-2.98989, ele_efficiency=-0.451413, ele_trigger=4.62927, fakephoton_ele=2.51034, fakephoton_muon=4.33346, interference=6.55596, lumi=6.08814, mu_efficiency=5.5718, mu_trigger=-2.26528, non_prompt_stat_ele=6.03348, non_prompt_stat_muon=1.82419, others_stat_ele=6.54283, others_stat_muon=-3.74251, others_xs=4.06285, param=3.06013, pdf_ele=6.25343, pdf_muon=-4.03442, photon_id=-3.28799, pileup=2.61466, scale_ele=4.25476, scale_muon=5.34504
RooProdPdf::model_s[ modelObs_s * nuisancePdf ]
     getLogVal() top-level p.d.f evaluates to zero @ !pdfs=(modelObs_s = 0/1,nuisancePdf = 1)

[#0] WARNING:Minization -- RooMinimizerFcn: Minimized function has error status.
Returning maximum FCN so far (995.291) to force MIGRAD to back out of this region. Error log follows
Parameter values: JER_ele=4.05516, JER_muon=4.33662, JES_ele=5.68699, JES_muon=-6.54108, QCD_stat_ele=6.08252, QCD_stat_muon=-6.92062, VBS_stat_ele=4.92928, VBS_stat_muon=-1.58844, ele_efficiency=-0.519852, ele_trigger=4.40918, fakephoton_ele=2.21274, fakephoton_muon=3.98432, interference=6.8027, lumi=6.47563, mu_efficiency=5.33553, mu_trigger=-0.814127, non_prompt_stat_ele=5.7807, non_prompt_stat_muon=2.96036, others_stat_ele=6.35137, others_stat_muon=-2.31495, others_xs=4.8821, param=3.05984, pdf_ele=6.01793, pdf_muon=-5.7702, photon_id=-5.2621, pileup=2.53367, scale_ele=5.0663, scale_muon=0.451707
RooProdPdf::model_s[ modelObs_s * nuisancePdf ]
     getLogVal() top-level p.d.f evaluates to zero @ !pdfs=(modelObs_s = 0/1,nuisancePdf = 1)

[#0] WARNING:Minization -- RooMinimizerFcn: Minimized function has error status.
Returning maximum FCN so far (995.291) to force MIGRAD to back out of this region. Error log follows
Parameter values: JER_ele=3.88711, JER_muon=5.00694, JES_ele=5.48103, JES_muon=-5.66346, QCD_stat_ele=6.48211, QCD_stat_muon=-4.86324, VBS_stat_ele=4.68233, VBS_stat_muon=-0.20507, ele_efficiency=-0.584126, ele_trigger=4.19551, fakephoton_ele=1.92893, fakephoton_muon=3.64219, interference=6.94529, lumi=6.7454, mu_efficiency=5.09935, mu_trigger=0.58444, non_prompt_stat_ele=5.51917, non_prompt_stat_muon=3.94816, others_stat_ele=6.14268, others_stat_muon=-0.86357, others_xs=5.54893, param=3.05957, pdf_ele=5.76967, pdf_muon=-6.74934, photon_id=-6.50019, pileup=2.4572, scale_ele=5.71729, scale_muon=-4.46264
RooProdPdf::model_s[ modelObs_s * nuisancePdf ]
     getLogVal() top-level p.d.f evaluates to zero @ !pdfs=(modelObs_s = 0/1,nuisancePdf = 1)

[#0] WARNING:Minization -- RooMinimizerFcn: Minimized function has error status.
Returning maximum FCN so far (1049.44) to force MIGRAD to back out of this region. Error log follows
Parameter values: JER_ele=3.42563, JER_muon=6.3575, JES_ele=4.8727, JES_muon=-1.67622, QCD_stat_ele=6.9943, QCD_stat_muon=5.74121, VBS_stat_ele=3.97532, VBS_stat_muon=3.35782, ele_efficiency=-0.754396, ele_trigger=3.59906, fakephoton_ele=1.16048, fakephoton_muon=2.67774, interference=6.89384, lumi=6.99286, mu_efficiency=4.41112, mu_trigger=4.03658, non_prompt_stat_ele=4.72107, non_prompt_stat_muon=6.00339, others_stat_ele=5.46126, others_stat_muon=2.99685, others_xs=6.73682, param=3.05883, pdf_ele=4.99308, pdf_muon=-5.71298, photon_id=-6.06873, pileup=2.25273, scale_ele=6.82158, scale_muon=-3.01293
RooProdPdf::model_s[ modelObs_s * nuisancePdf ]
     getLogVal() top-level p.d.f evaluates to zero @ !pdfs=(modelObs_s = 0/1,nuisancePdf = 1)

[#0] WARNING:Minization -- RooMinimizerFcn: Minimized function has error status.
Returning maximum FCN so far (1049.44) to force MIGRAD to back out of this region. Error log follows
Parameter values: JER_ele=3.28591, JER_muon=6.61946, JES_ele=4.67781, JES_muon=-0.250269, QCD_stat_ele=6.98673, QCD_stat_muon=6.96471, VBS_stat_ele=3.75435, VBS_stat_muon=4.2698, ele_efficiency=-0.804382, ele_trigger=3.41617, fakephoton_ele=0.931291, fakephoton_muon=2.38092, interference=6.76031, lumi=6.93347, mu_efficiency=4.19304, mu_trigger=4.87684, non_prompt_stat_ele=4.45997, non_prompt_stat_muon=6.41057, others_stat_ele=5.22782, others_stat_muon=4.00358, others_xs=6.90698, param=3.05861, pdf_ele=4.73465, pdf_muon=-4.48063, photon_id=-4.94222, pileup=2.19218, scale_ele=6.95618, scale_muon=1.00937
RooProdPdf::model_s[ modelObs_s * nuisancePdf ]
     getLogVal() top-level p.d.f evaluates to zero @ !pdfs=(modelObs_s = 0/1,nuisancePdf = 1)

[#0] WARNING:Minization -- RooMinimizerFcn: Minimized function has error status.
Returning maximum FCN so far (1049.44) to force MIGRAD to back out of this region. Error log follows
Parameter values: JER_ele=3.15304, JER_muon=6.80476, JES_ele=4.48844, JES_muon=1.10071, QCD_stat_ele=6.91348, QCD_stat_muon=6.5069, VBS_stat_ele=3.54175, VBS_stat_muon=5.03311, ele_efficiency=-0.851323, ele_trigger=3.24144, fakephoton_ele=0.714944, fakephoton_muon=2.09743, interference=6.58703, lumi=6.82321, mu_efficiency=3.9821, mu_trigger=5.55873, non_prompt_stat_ele=4.20463, non_prompt_stat_muon=6.69945, others_stat_ele=4.99568, others_stat_muon=4.84935, others_xs=6.98821, param=3.0584, pdf_ele=4.48035, pdf_muon=-3.04583, photon_id=-3.56665, pileup=2.13511, scale_ele=6.99993, scale_muon=4.50365
RooProdPdf::model_s[ modelObs_s * nuisancePdf ]
     getLogVal() top-level p.d.f evaluates to zero @ !pdfs=(modelObs_s = 0/1,nuisancePdf = 1)

[#0] WARNING:Minization -- RooMinimizerFcn: Minimized function has error status.
Returning maximum FCN so far (1049.44) to force MIGRAD to back out of this region. Error log follows
Parameter values: JER_ele=3.02684, JER_muon=6.92357, JES_ele=4.30521, JES_muon=2.33386, QCD_stat_ele=6.78679, QCD_stat_muon=4.74017, VBS_stat_ele=3.33785, VBS_stat_muon=5.65269, ele_efficiency=-0.895408, ele_trigger=3.07483, fakephoton_ele=0.510969, fakephoton_muon=1.82749, interference=6.38303, lumi=6.67223, mu_efficiency=3.77883, mu_trigger=6.09092, non_prompt_stat_ele=3.95636, non_prompt_stat_muon=6.88433, others_stat_ele=4.76675, others_stat_muon=5.53663, others_xs=6.99418, param=3.05821, pdf_ele=4.23182, pdf_muon=-1.53048, photon_id=-2.07107, pileup=2.08133, scale_ele=6.96745, scale_muon=6.57318
RooProdPdf::model_s[ modelObs_s * nuisancePdf ]
     getLogVal() top-level p.d.f evaluates to zero @ !pdfs=(modelObs_s = 0/1,nuisancePdf = 1)

[#0] WARNING:Minization -- RooMinimizerFcn: Minimized function has error status.
Returning maximum FCN so far (1049.44) to force MIGRAD to back out of this region. Error log follows
Parameter values: JER_ele=2.90711, JER_muon=6.98548, JES_ele=4.12855, JES_muon=3.4233, QCD_stat_ele=6.61754, QCD_stat_muon=2.21267, VBS_stat_ele=3.14279, VBS_stat_muon=6.13784, ele_efficiency=-0.936808, ele_trigger=2.91624, fakephoton_ele=0.318854, fakephoton_muon=1.57108, interference=6.15607, lumi=6.48944, mu_efficiency=3.58358, mu_trigger=6.48579, non_prompt_stat_ele=3.71613, non_prompt_stat_muon=6.9794, others_stat_ele=4.54252, others_stat_muon=6.0739, others_xs=6.93756, param=3.05802, pdf_ele=3.99028, pdf_muon=-0.0313782, photon_id=-0.560662, pileup=2.03065, scale_ele=6.8722, scale_muon=6.93291
RooProdPdf::model_s[ modelObs_s * nuisancePdf ]
     getLogVal() top-level p.d.f evaluates to zero @ !pdfs=(modelObs_s = 0/1,nuisancePdf = 1)

[#0] WARNING:Minization -- RooMinimizerFcn: Minimized function has error status.
Returning maximum FCN so far (1049.44) to force MIGRAD to back out of this region. Error log follows
Parameter values: JER_ele=2.79364, JER_muon=6.99931, JES_ele=3.95874, JES_muon=4.35669, QCD_stat_ele=6.41525, QCD_stat_muon=-0.526595, VBS_stat_ele=2.95662, VBS_stat_muon=6.50056, ele_efficiency=-0.975692, ele_trigger=2.76551, fakephoton_ele=0.138064, fakephoton_muon=1.32804, interference=5.91274, lumi=6.28249, mu_efficiency=3.39655, mu_trigger=6.75778, non_prompt_stat_ele=3.48463, non_prompt_stat_muon=6.99827, others_stat_ele=4.32414, others_stat_muon=6.47345, others_xs=6.8298, param=3.05785, pdf_ele=3.75664, pdf_muon=1.38022, photon_id=0.884992, pileup=1.98292, scale_ele=6.72626, scale_muon=5.78246
RooProdPdf::model_s[ modelObs_s * nuisancePdf ]
     getLogVal() top-level p.d.f evaluates to zero @ !pdfs=(modelObs_s = 0/1,nuisancePdf = 1)

[#0] WARNING:Minization -- RooMinimizerFcn: Minimized function has error status.
Returning maximum FCN so far (1049.44) to force MIGRAD to back out of this region. Error log follows
Parameter values: JER_ele=2.68618, JER_muon=6.97304, JES_ele=3.79594, JES_muon=5.13191, QCD_stat_ele=6.1881, QCD_stat_muon=-3.03438, VBS_stat_ele=2.77928, VBS_stat_muon=6.75414, ele_efficiency=-1.01221, ele_trigger=2.62244, fakephoton_ele=-0.0319464, fakephoton_muon=1.09807, interference=5.65857, lumi=6.05791, mu_efficiency=3.21782, mu_trigger=6.92212, non_prompt_stat_ele=3.26231, non_prompt_stat_muon=6.95353, others_stat_ele=4.11247, others_stat_muon=6.74964, others_xs=6.68106, param=3.05768, pdf_ele=3.53153, pdf_muon=2.65637, photon_id=2.21044, pileup=1.93796, scale_ele=6.54029, scale_muon=3.59657
RooProdPdf::model_s[ modelObs_s * nuisancePdf ]
     getLogVal() top-level p.d.f evaluates to zero @ !pdfs=(modelObs_s = 0/1,nuisancePdf = 1)


 -- Hybrid New -- 
CLs = 0.544248 +/- 0.0293823
Done in 18.57 min (cpu), 18.74 min (real)
