 <<< Combine >>> 
>>> including systematics
>>> using the Profile Likelihood test statistics modified for upper limits (Q_LHC)
>>> method used is HybridNew
>>> Used OpenSSL to get a really random seed 980313748
Computing results starting from observation (a-posteriori)
[#0] WARNING:Minization -- RooMinimizerFcn: Minimized function has error status.
Returning maximum FCN so far (400.087) to force MIGRAD to back out of this region. Error log follows
Parameter values: JER_ele=3.44882, JER_muon=6.76243, JES_ele=2.51651, JES_muon=-2.21488, QCD_stat_ele=-6.76956, QCD_stat_muon=6.95476, VBS_stat_ele=-3.65138, VBS_stat_muon=0.580111, ele_efficiency=3.53966, ele_trigger=6.67156, fakephoton_ele=5.46523, fakephoton_muon=5.06049, interference=2.90651, lumi=-3.72248, mu_efficiency=-6.48135, mu_trigger=3.79081, non_prompt_stat_ele=6.81612, non_prompt_stat_muon=2.84923, others_stat_ele=-1.25151, others_stat_muon=-2.41099, others_xs=5.17437, param=11.4884, pdf_ele=6.96184, pdf_muon=-0.798939, photon_id=6.04178, pileup=6.75708, scale_ele=-5.56165, scale_muon=-1.67234
RooProdPdf::model_s[ modelObs_s * nuisancePdf ]
     getLogVal() top-level p.d.f evaluates to zero @ !pdfs=(modelObs_s = 0/1,nuisancePdf = 1)

[#0] WARNING:Minization -- RooMinimizerFcn: Minimized function has error status.
Returning maximum FCN so far (400.087) to force MIGRAD to back out of this region. Error log follows
Parameter values: JER_ele=6.98479, JER_muon=-3.97824, JES_ele=6.95503, JES_muon=6.74506, QCD_stat_ele=6.33284, QCD_stat_muon=1.12918, VBS_stat_ele=-0.997811, VBS_stat_muon=-5.5121, ele_efficiency=4.35004, ele_trigger=-2.09865, fakephoton_ele=6.75031, fakephoton_muon=6.62518, interference=-6.89583, lumi=1.5627, mu_efficiency=6.2458, mu_trigger=-6.96008, non_prompt_stat_ele=-6.5414, non_prompt_stat_muon=6.94122, others_stat_ele=-6.33853, others_stat_muon=-6.76398, others_xs=-5.23957, param=6.16146, pdf_ele=4.38565, pdf_muon=6.86849, photon_id=5.45846, pileup=6.04041, scale_ele=-4.16445, scale_muon=-3.90476
RooProdPdf::model_s[ modelObs_s * nuisancePdf ]
     getLogVal() top-level p.d.f evaluates to zero @ !pdfs=(modelObs_s = 0/1,nuisancePdf = 1)

[#0] WARNING:Minization -- RooMinimizerFcn: Minimized function has error status.
Returning maximum FCN so far (747.832) to force MIGRAD to back out of this region. Error log follows
Parameter values: JER_ele=0.491951, JER_muon=-6.77179, JES_ele=4.4064, JES_muon=-5.13841, QCD_stat_ele=6.99653, QCD_stat_muon=0.271507, VBS_stat_ele=3.74998, VBS_stat_muon=-6.33626, ele_efficiency=1.4215, ele_trigger=1.20449, fakephoton_ele=6.3708, fakephoton_muon=-4.46533, interference=-5.04536, lumi=-3.33263, mu_efficiency=-2.71769, mu_trigger=-6.99863, non_prompt_stat_ele=5.49634, non_prompt_stat_muon=-5.89162, others_stat_ele=5.93, others_stat_muon=-6.98833, others_xs=-2.11109, param=0.799712, pdf_ele=3.03911, pdf_muon=-2.54371, photon_id=-6.5537, pileup=-0.674948, scale_ele=6.51315, scale_muon=-2.24848
RooProdPdf::model_s[ modelObs_s * nuisancePdf ]
     getLogVal() top-level p.d.f evaluates to zero @ !pdfs=(modelObs_s = 0/1,nuisancePdf = 1)

[#0] WARNING:Minization -- RooMinimizerFcn: Minimized function has error status.
Returning maximum FCN so far (747.832) to force MIGRAD to back out of this region. Error log follows
Parameter values: JER_ele=4.04155, JER_muon=-4.30329, JES_ele=6.11989, JES_muon=0.466432, QCD_stat_ele=3.44133, QCD_stat_muon=6.88185, VBS_stat_ele=5.38436, VBS_stat_muon=-6.34489, ele_efficiency=1.37101, ele_trigger=5.17984, fakephoton_ele=6.88355, fakephoton_muon=4.39282, interference=2.98945, lumi=1.94414, mu_efficiency=6.64944, mu_trigger=-6.80655, non_prompt_stat_ele=6.72184, non_prompt_stat_muon=-1.41882, others_stat_ele=6.9989, others_stat_muon=-3.80854, others_xs=-3.12583, param=0.410193, pdf_ele=6.9035, pdf_muon=5.24245, photon_id=4.70227, pileup=2.05507, scale_ele=0.254418, scale_muon=-6.38368
RooProdPdf::model_s[ modelObs_s * nuisancePdf ]
     getLogVal() top-level p.d.f evaluates to zero @ !pdfs=(modelObs_s = 0/1,nuisancePdf = 1)

[#0] WARNING:Minization -- RooMinimizerFcn: Minimized function has error status.
Returning maximum FCN so far (747.832) to force MIGRAD to back out of this region. Error log follows
Parameter values: JER_ele=3.8007, JER_muon=-3.91196, JES_ele=3.34548, JES_muon=-0.724616, QCD_stat_ele=6.7526, QCD_stat_muon=-1.70078, VBS_stat_ele=3.13469, VBS_stat_muon=-6.99183, ele_efficiency=0.102671, ele_trigger=4.53746, fakephoton_ele=3.37784, fakephoton_muon=5.51514, interference=3.45748, lumi=3.91537, mu_efficiency=6.45456, mu_trigger=-6.98996, non_prompt_stat_ele=6.1258, non_prompt_stat_muon=-2.49628, others_stat_ele=5.18639, others_stat_muon=-6.18376, others_xs=1.54916, param=2.55339, pdf_ele=6.09299, pdf_muon=6.75979, photon_id=6.99079, pileup=2.09377, scale_ele=6.99759, scale_muon=-7
RooProdPdf::model_s[ modelObs_s * nuisancePdf ]
     getLogVal() top-level p.d.f evaluates to zero @ !pdfs=(modelObs_s = 0/1,nuisancePdf = 1)

[#0] WARNING:Minization -- RooMinimizerFcn: Minimized function has error status.
Returning maximum FCN so far (747.832) to force MIGRAD to back out of this region. Error log follows
Parameter values: JER_ele=4.35453, JER_muon=-1.83277, JES_ele=6.8577, JES_muon=-5.41673, QCD_stat_ele=-1.11069, QCD_stat_muon=6.37199, VBS_stat_ele=6.4813, VBS_stat_muon=6.63122, ele_efficiency=2.03456, ele_trigger=5.62218, fakephoton_ele=6.79657, fakephoton_muon=-5.58409, interference=-6.29931, lumi=-6.76603, mu_efficiency=6.22473, mu_trigger=6.85809, non_prompt_stat_ele=5.23037, non_prompt_stat_muon=-2.70277, others_stat_ele=6.54684, others_stat_muon=1.54417, others_xs=-3.94392, param=0.475246, pdf_ele=6.98104, pdf_muon=6.83467, photon_id=5.88481, pileup=3.02372, scale_ele=-4.86698, scale_muon=-2.96678
RooProdPdf::model_s[ modelObs_s * nuisancePdf ]
     getLogVal() top-level p.d.f evaluates to zero @ !pdfs=(modelObs_s = 0/1,nuisancePdf = 1)

[#0] WARNING:Minization -- RooMinimizerFcn: Minimized function has error status.
Returning maximum FCN so far (747.832) to force MIGRAD to back out of this region. Error log follows
Parameter values: JER_ele=0.860332, JER_muon=6.91677, JES_ele=2.75402, JES_muon=6.86144, QCD_stat_ele=6.46994, QCD_stat_muon=-2.19515, VBS_stat_ele=-4.47316, VBS_stat_muon=-0.00076923, ele_efficiency=4.01279, ele_trigger=6.42179, fakephoton_ele=6.57398, fakephoton_muon=5.82839, interference=-3.38369, lumi=-2.11236, mu_efficiency=6.68868, mu_trigger=-5.12478, non_prompt_stat_ele=6.30779, non_prompt_stat_muon=-6.00665, others_stat_ele=-2.1003, others_stat_muon=-6.75006, others_xs=6.42794, param=0.0741764, pdf_ele=3.61127, pdf_muon=4.61568, photon_id=-6.42982, pileup=0.467244, scale_ele=2.60017, scale_muon=6.9694
RooProdPdf::model_s[ modelObs_s * nuisancePdf ]
     getLogVal() top-level p.d.f evaluates to zero @ !pdfs=(modelObs_s = 0/1,nuisancePdf = 1)


 -- Hybrid New -- 
CLs = 0.00238095 +/- 0.00238039
Done in 16.54 min (cpu), 16.80 min (real)
