 <<< Combine >>> 
>>> including systematics
>>> using the Profile Likelihood test statistics modified for upper limits (Q_LHC)
>>> method used is HybridNew
>>> Used OpenSSL to get a really random seed -310624834
Computing results starting from observation (a-posteriori)
[#0] WARNING:Minization -- RooMinimizerFcn: Minimized function has error status.
Returning maximum FCN so far (741.758) to force MIGRAD to back out of this region. Error log follows
Parameter values: JER_ele=4.17524, JER_muon=-1.30172, JES_ele=5.71221, JES_muon=-5.42524, QCD_stat_ele=1.44959, QCD_stat_muon=-6.29689, VBS_stat_ele=-6.99524, VBS_stat_muon=-4.52201, ele_efficiency=-6.9929, ele_trigger=-4.99708, fakephoton_ele=5.67665, fakephoton_muon=6.92788, interference=5.64358, lumi=1.97385, mu_efficiency=-5.84278, mu_trigger=6.98086, non_prompt_stat_ele=5.03096, non_prompt_stat_muon=5.99404, others_stat_ele=6.8557, others_stat_muon=-5.98663, others_xs=-3.40556, param=1.03464, pdf_ele=-6.88512, pdf_muon=-0.58727, photon_id=-3.84913, pileup=5.43918, scale_ele=-6.82464, scale_muon=-2.08365
RooProdPdf::model_s[ modelObs_s * nuisancePdf ]
     getLogVal() top-level p.d.f evaluates to zero @ !pdfs=(modelObs_s = 0/1,nuisancePdf = 1)

[#0] WARNING:Minization -- RooMinimizerFcn: Minimized function has error status.
Returning maximum FCN so far (741.758) to force MIGRAD to back out of this region. Error log follows
Parameter values: JER_ele=-6.45612, JER_muon=5.94139, JES_ele=-6.22946, JES_muon=5.24965, QCD_stat_ele=4.30759, QCD_stat_muon=-5.7828, VBS_stat_ele=-2.1488, VBS_stat_muon=6.94785, ele_efficiency=6.06688, ele_trigger=-6.63265, fakephoton_ele=4.27247, fakephoton_muon=6.94604, interference=-4.10447, lumi=-5.59569, mu_efficiency=3.41641, mu_trigger=0.177017, non_prompt_stat_ele=6.94028, non_prompt_stat_muon=-3.48786, others_stat_ele=-0.450206, others_stat_muon=-5.55785, others_xs=6.07298, param=1.04825, pdf_ele=6.44122, pdf_muon=3.63439, photon_id=2.82032, pileup=-0.670132, scale_ele=-6.22968, scale_muon=-3.70939
RooProdPdf::model_s[ modelObs_s * nuisancePdf ]
     getLogVal() top-level p.d.f evaluates to zero @ !pdfs=(modelObs_s = 0/1,nuisancePdf = 1)

[#0] WARNING:Minization -- RooMinimizerFcn: Minimized function has error status.
Returning maximum FCN so far (741.758) to force MIGRAD to back out of this region. Error log follows
Parameter values: JER_ele=2.20798, JER_muon=6.80385, JES_ele=0.488285, JES_muon=5.10904, QCD_stat_ele=-0.119886, QCD_stat_muon=-5.98306, VBS_stat_ele=-6.19369, VBS_stat_muon=-5.8667, ele_efficiency=-1.89652, ele_trigger=-4.03626, fakephoton_ele=5.47294, fakephoton_muon=6.81716, interference=5.61538, lumi=6.9827, mu_efficiency=5.2859, mu_trigger=-6.95996, non_prompt_stat_ele=6.91714, non_prompt_stat_muon=-6.94412, others_stat_ele=5.5357, others_stat_muon=5.65307, others_xs=6.54658, param=1.05584, pdf_ele=-5.11703, pdf_muon=6.91871, photon_id=-4.21972, pileup=-3.84368, scale_ele=-1.72492, scale_muon=-2.28917
RooProdPdf::model_s[ modelObs_s * nuisancePdf ]
     getLogVal() top-level p.d.f evaluates to zero @ !pdfs=(modelObs_s = 0/1,nuisancePdf = 1)

[#0] WARNING:Minization -- RooMinimizerFcn: Minimized function has error status.
Returning maximum FCN so far (741.758) to force MIGRAD to back out of this region. Error log follows
Parameter values: JER_ele=2.42075, JER_muon=5.61595, JES_ele=0.883332, JES_muon=-6.47127, QCD_stat_ele=2.30288, QCD_stat_muon=6.68624, VBS_stat_ele=-4.00046, VBS_stat_muon=-5.05233, ele_efficiency=1.55965, ele_trigger=0.600824, fakephoton_ele=1.63746, fakephoton_muon=2.2019, interference=4.97389, lumi=1.41147, mu_efficiency=5.94781, mu_trigger=6.52433, non_prompt_stat_ele=5.4012, non_prompt_stat_muon=-6.51421, others_stat_ele=2.26187, others_stat_muon=-5.92945, others_xs=6.82969, param=1.03978, pdf_ele=5.67264, pdf_muon=0.524238, photon_id=6.7824, pileup=5.05031, scale_ele=-5.21272, scale_muon=6.74461
RooProdPdf::model_s[ modelObs_s * nuisancePdf ]
     getLogVal() top-level p.d.f evaluates to zero @ !pdfs=(modelObs_s = 0/1,nuisancePdf = 1)

[#0] WARNING:Minization -- RooMinimizerFcn: Minimized function has error status.
Returning maximum FCN so far (741.758) to force MIGRAD to back out of this region. Error log follows
Parameter values: JER_ele=-1.71898, JER_muon=-5.70553, JES_ele=-1.23468, JES_muon=4.85782, QCD_stat_ele=1.7895, QCD_stat_muon=5.67218, VBS_stat_ele=4.02538, VBS_stat_muon=3.23511, ele_efficiency=-4.07259, ele_trigger=6.38927, fakephoton_ele=5.81856, fakephoton_muon=2.35276, interference=5.17286, lumi=1.29196, mu_efficiency=-2.72852, mu_trigger=6.2017, non_prompt_stat_ele=5.22585, non_prompt_stat_muon=6.98101, others_stat_ele=4.26975, others_stat_muon=4.76179, others_xs=-2.18566, param=1.05596, pdf_ele=0.569305, pdf_muon=0.481266, photon_id=6.73691, pileup=-6.83152, scale_ele=6.99935, scale_muon=6.90674
RooProdPdf::model_s[ modelObs_s * nuisancePdf ]
     getLogVal() top-level p.d.f evaluates to zero @ !pdfs=(modelObs_s = 0/1,nuisancePdf = 1)

[#0] WARNING:Minization -- RooMinimizerFcn: Minimized function has error status.
Returning maximum FCN so far (741.758) to force MIGRAD to back out of this region. Error log follows
Parameter values: JER_ele=5.80317, JER_muon=6.16599, JES_ele=6.62351, JES_muon=4.68555, QCD_stat_ele=6.98003, QCD_stat_muon=6.97207, VBS_stat_ele=6.98631, VBS_stat_muon=6.90515, ele_efficiency=-5.91869, ele_trigger=-3.0679, fakephoton_ele=3.00488, fakephoton_muon=6.37465, interference=1.86706, lumi=-6.99321, mu_efficiency=6.90292, mu_trigger=6.51676, non_prompt_stat_ele=6.46682, non_prompt_stat_muon=-6.1776, others_stat_ele=6.1204, others_stat_muon=6.92421, others_xs=-5.28406, param=1.07777, pdf_ele=6.15386, pdf_muon=-6.79218, photon_id=-6.19613, pileup=5.98412, scale_ele=-6.45304, scale_muon=-1.20973
RooProdPdf::model_s[ modelObs_s * nuisancePdf ]
     getLogVal() top-level p.d.f evaluates to zero @ !pdfs=(modelObs_s = 0/1,nuisancePdf = 1)

[#0] WARNING:Minization -- RooMinimizerFcn: Minimized function has error status.
Returning maximum FCN so far (741.758) to force MIGRAD to back out of this region. Error log follows
Parameter values: JER_ele=0.983422, JER_muon=-6.68531, JES_ele=2.75728, JES_muon=5.42937, QCD_stat_ele=6.0232, QCD_stat_muon=6.96312, VBS_stat_ele=5.81428, VBS_stat_muon=3.97303, ele_efficiency=-2.21903, ele_trigger=6.6274, fakephoton_ele=-4.81799, fakephoton_muon=4.4866, interference=4.9724, lumi=3.35641, mu_efficiency=-1.32472, mu_trigger=6.24312, non_prompt_stat_ele=-6.97473, non_prompt_stat_muon=5.39045, others_stat_ele=6.66647, others_stat_muon=5.57861, others_xs=2.40315, param=1.05671, pdf_ele=4.65348, pdf_muon=3.6374, photon_id=6.64886, pileup=-6.99479, scale_ele=4.0284, scale_muon=5.53949
RooProdPdf::model_s[ modelObs_s * nuisancePdf ]
     getLogVal() top-level p.d.f evaluates to zero @ !pdfs=(modelObs_s = 0/1,nuisancePdf = 1)

[#0] WARNING:Minization -- RooMinimizerFcn: Minimized function has error status.
Returning maximum FCN so far (741.758) to force MIGRAD to back out of this region. Error log follows
Parameter values: JER_ele=1.99961, JER_muon=1.23295, JES_ele=3.37109, JES_muon=1.69791, QCD_stat_ele=4.53053, QCD_stat_muon=4.26541, VBS_stat_ele=3.23905, VBS_stat_muon=1.23813, ele_efficiency=1.04149, ele_trigger=1.78326, fakephoton_ele=5.01632, fakephoton_muon=3.01479, interference=0.645916, lumi=2.16673, mu_efficiency=0.700495, mu_trigger=1.03016, non_prompt_stat_ele=2.20483, non_prompt_stat_muon=6.5134, others_stat_ele=4.35638, others_stat_muon=2.01315, others_xs=3.56055, param=1.05649, pdf_ele=4.11595, pdf_muon=3.20787, photon_id=5.09069, pileup=0.572753, scale_ele=6.67234, scale_muon=5.96749
RooProdPdf::model_s[ modelObs_s * nuisancePdf ]
     getLogVal() top-level p.d.f evaluates to zero @ !pdfs=(modelObs_s = 0/1,nuisancePdf = 1)

[#0] WARNING:Minization -- RooMinimizerFcn: Minimized function has error status.
Returning maximum FCN so far (741.758) to force MIGRAD to back out of this region. Error log follows
Parameter values: JER_ele=1.42249, JER_muon=2.42661, JES_ele=2.31819, JES_muon=0.227936, QCD_stat_ele=2.28326, QCD_stat_muon=1.78423, VBS_stat_ele=1.82005, VBS_stat_muon=0.219829, ele_efficiency=1.1031, ele_trigger=0.234031, fakephoton_ele=6.92188, fakephoton_muon=1.72167, interference=-0.364096, lumi=1.13636, mu_efficiency=0.664058, mu_trigger=-0.429087, non_prompt_stat_ele=6.97119, non_prompt_stat_muon=4.45442, others_stat_ele=2.59148, others_stat_muon=0.623545, others_xs=2.51822, param=1.05626, pdf_ele=2.69495, pdf_muon=1.82779, photon_id=2.45113, pileup=1.76275, scale_ele=4.32213, scale_muon=3.19587
RooProdPdf::model_s[ modelObs_s * nuisancePdf ]
     getLogVal() top-level p.d.f evaluates to zero @ !pdfs=(modelObs_s = 0/1,nuisancePdf = 1)

[#0] WARNING:Minization -- RooMinimizerFcn: Minimized function has error status.
Returning maximum FCN so far (741.758) to force MIGRAD to back out of this region. Error log follows
Parameter values: JER_ele=0.965966, JER_muon=2.3311, JES_ele=1.51107, JES_muon=-0.465912, QCD_stat_ele=0.569924, QCD_stat_muon=0.394612, VBS_stat_ele=0.987121, VBS_stat_muon=-0.256894, ele_efficiency=0.969134, ele_trigger=-0.452589, fakephoton_ele=5.29993, fakephoton_muon=0.983671, interference=-0.753516, lumi=0.508611, mu_efficiency=0.551568, mu_trigger=-0.974085, non_prompt_stat_ele=5.68128, non_prompt_stat_muon=2.93189, others_stat_ele=1.44404, others_stat_muon=-0.0199185, others_xs=1.74112, param=1.05612, pdf_ele=1.65122, pdf_muon=0.969269, photon_id=0.800719, pileup=1.85274, scale_ele=2.17998, scale_muon=1.35546
RooProdPdf::model_s[ modelObs_s * nuisancePdf ]
     getLogVal() top-level p.d.f evaluates to zero @ !pdfs=(modelObs_s = 0/1,nuisancePdf = 1)

[#0] WARNING:Minization -- RooMinimizerFcn: Minimized function has error status.
Returning maximum FCN so far (741.758) to force MIGRAD to back out of this region. Error log follows
Parameter values: JER_ele=4.96534, JER_muon=4.22377, JES_ele=6.8852, JES_muon=3.75792, QCD_stat_ele=3.97532, QCD_stat_muon=6.84853, VBS_stat_ele=6.6824, VBS_stat_muon=2.71023, ele_efficiency=2.48847, ele_trigger=4.99214, fakephoton_ele=-0.141368, fakephoton_muon=5.20093, interference=1.84784, lumi=5.16634, mu_efficiency=1.40521, mu_trigger=2.21391, non_prompt_stat_ele=6.9969, non_prompt_stat_muon=6.11627, others_stat_ele=6.78005, others_stat_muon=3.86289, others_xs=6.6505, param=1.06431, pdf_ele=6.88117, pdf_muon=5.80577, photon_id=6.10998, pileup=2.30076, scale_ele=-3.14236, scale_muon=6.31255
RooProdPdf::model_s[ modelObs_s * nuisancePdf ]
     getLogVal() top-level p.d.f evaluates to zero @ !pdfs=(modelObs_s = 0/1,nuisancePdf = 1)

[#0] WARNING:Minization -- RooMinimizerFcn: Minimized function has error status.
Returning maximum FCN so far (741.758) to force MIGRAD to back out of this region. Error log follows
Parameter values: JER_ele=3.27622, JER_muon=3.33373, JES_ele=5.24064, JES_muon=1.73041, QCD_stat_ele=6.89722, QCD_stat_muon=4.55832, VBS_stat_ele=4.74842, VBS_stat_muon=1.25624, ele_efficiency=1.79622, ele_trigger=2.69488, fakephoton_ele=-4.06244, fakephoton_muon=3.27799, interference=0.588464, lumi=3.17118, mu_efficiency=0.981113, mu_trigger=0.632987, non_prompt_stat_ele=-6.98166, non_prompt_stat_muon=6.64487, others_stat_ele=6.14923, others_stat_muon=2.01043, others_xs=4.90915, param=1.06372, pdf_ele=6.07814, pdf_muon=3.70855, photon_id=6.37028, pileup=2.09901, scale_ele=6.10919, scale_muon=6.25613
RooProdPdf::model_s[ modelObs_s * nuisancePdf ]
     getLogVal() top-level p.d.f evaluates to zero @ !pdfs=(modelObs_s = 0/1,nuisancePdf = 1)

[#0] WARNING:Minization -- RooMinimizerFcn: Minimized function has error status.
Returning maximum FCN so far (741.758) to force MIGRAD to back out of this region. Error log follows
Parameter values: JER_ele=2.10755, JER_muon=2.78711, JES_ele=3.47423, JES_muon=0.483369, QCD_stat_ele=4.58729, QCD_stat_muon=2.31217, VBS_stat_ele=2.92567, VBS_stat_muon=0.395723, ele_efficiency=1.37005, ele_trigger=1.08434, fakephoton_ele=5.42603, fakephoton_muon=1.99091, interference=-0.15441, lumi=1.78222, mu_efficiency=0.737392, mu_trigger=-0.288713, non_prompt_stat_ele=2.84323, non_prompt_stat_muon=4.92562, others_stat_ele=4.08061, others_stat_muon=0.864491, others_xs=3.33052, param=1.06337, pdf_ele=4.11716, pdf_muon=2.1959, photon_id=3.89861, pileup=1.9771, scale_ele=6.42661, scale_muon=3.8692
RooProdPdf::model_s[ modelObs_s * nuisancePdf ]
     getLogVal() top-level p.d.f evaluates to zero @ !pdfs=(modelObs_s = 0/1,nuisancePdf = 1)

[#0] WARNING:Minization -- RooMinimizerFcn: Minimized function has error status.
Returning maximum FCN so far (741.758) to force MIGRAD to back out of this region. Error log follows
Parameter values: JER_ele=1.37017, JER_muon=2.4607, JES_ele=2.22324, JES_muon=-0.247265, QCD_stat_ele=2.09218, QCD_stat_muon=0.846875, VBS_stat_ele=1.68065, VBS_stat_muon=-0.105573, ele_efficiency=1.11148, ele_trigger=0.081554, fakephoton_ele=6.82945, fakephoton_muon=1.20991, interference=-0.589389, lumi=0.916106, mu_efficiency=0.596061, mu_trigger=-0.820254, non_prompt_stat_ele=7, non_prompt_stat_muon=3.41345, others_stat_ele=2.41417, others_stat_muon=0.188084, others_xs=2.26143, param=1.06316, pdf_ele=2.56263, pdf_muon=1.25872, photon_id=1.82173, pileup=1.90434, scale_ele=4.02322, scale_muon=1.96926
RooProdPdf::model_s[ modelObs_s * nuisancePdf ]
     getLogVal() top-level p.d.f evaluates to zero @ !pdfs=(modelObs_s = 0/1,nuisancePdf = 1)

[#0] WARNING:Minization -- RooMinimizerFcn: Minimized function has error status.
Returning maximum FCN so far (741.758) to force MIGRAD to back out of this region. Error log follows
Parameter values: JER_ele=0.919331, JER_muon=2.26698, JES_ele=1.42835, JES_muon=-0.673295, QCD_stat_ele=0.397455, QCD_stat_muon=-0.031655, VBS_stat_ele=0.901881, VBS_stat_muon=-0.398421, ele_efficiency=0.95553, ele_trigger=-0.522353, fakephoton_ele=5.05143, fakephoton_muon=0.746665, interference=-0.845018, lumi=0.392884, mu_efficiency=0.513388, mu_trigger=-1.12876, non_prompt_stat_ele=5.39493, non_prompt_stat_muon=2.4089, others_stat_ele=1.32196, others_stat_muon=-0.208624, others_xs=1.59346, param=1.06304, pdf_ele=1.54386, pdf_muon=0.699081, photon_id=0.479893, pileup=1.86095, scale_ele=1.9457, scale_muon=0.766283
RooProdPdf::model_s[ modelObs_s * nuisancePdf ]
     getLogVal() top-level p.d.f evaluates to zero @ !pdfs=(modelObs_s = 0/1,nuisancePdf = 1)

[#0] WARNING:Minization -- RooMinimizerFcn: Minimized function has error status.
Returning maximum FCN so far (741.758) to force MIGRAD to back out of this region. Error log follows
Parameter values: JER_ele=0.918784, JER_muon=2.26451, JES_ele=1.42739, JES_muon=-0.678773, QCD_stat_ele=0.395427, QCD_stat_muon=-0.0429584, VBS_stat_ele=0.900964, VBS_stat_muon=-0.402136, ele_efficiency=0.955344, ele_trigger=-0.523076, fakephoton_ele=5.04892, fakephoton_muon=0.740248, interference=-0.847207, lumi=0.390368, mu_efficiency=0.512324, mu_trigger=-1.13271, non_prompt_stat_ele=5.39201, non_prompt_stat_muon=2.39461, others_stat_ele=1.32048, others_stat_muon=-0.213562, others_xs=1.59019, param=1.06304, pdf_ele=1.54264, pdf_muon=0.691807, photon_id=0.472845, pileup=1.86072, scale_ele=1.94307, scale_muon=0.750461
RooProdPdf::model_s[ modelObs_s * nuisancePdf ]
     getLogVal() top-level p.d.f evaluates to zero @ !pdfs=(modelObs_s = 0/1,nuisancePdf = 1)

[#0] WARNING:Minization -- RooMinimizerFcn: Minimized function has error status.
Returning maximum FCN so far (741.758) to force MIGRAD to back out of this region. Error log follows
Parameter values: JER_ele=0.918217, JER_muon=2.26264, JES_ele=1.42639, JES_muon=-0.682896, QCD_stat_ele=0.393311, QCD_stat_muon=-0.0514752, VBS_stat_ele=0.900005, VBS_stat_muon=-0.404936, ele_efficiency=0.95515, ele_trigger=-0.523826, fakephoton_ele=5.04613, fakephoton_muon=0.735431, interference=-0.848885, lumi=0.388351, mu_efficiency=0.511523, mu_trigger=-1.13568, non_prompt_stat_ele=5.38876, non_prompt_stat_muon=2.38386, others_stat_ele=1.31899, others_stat_muon=-0.217286, others_xs=1.58757, param=1.06303, pdf_ele=1.54136, pdf_muon=0.686326, photon_id=0.467232, pileup=1.86054, scale_ele=1.94033, scale_muon=0.738544
RooProdPdf::model_s[ modelObs_s * nuisancePdf ]
     getLogVal() top-level p.d.f evaluates to zero @ !pdfs=(modelObs_s = 0/1,nuisancePdf = 1)

[#0] WARNING:Minization -- RooMinimizerFcn: Minimized function has error status.
Returning maximum FCN so far (741.758) to force MIGRAD to back out of this region. Error log follows
Parameter values: JER_ele=0.917564, JER_muon=2.26119, JES_ele=1.42523, JES_muon=-0.686106, QCD_stat_ele=0.390851, QCD_stat_muon=-0.0581058, VBS_stat_ele=0.898886, VBS_stat_muon=-0.407115, ele_efficiency=0.954926, ele_trigger=-0.524692, fakephoton_ele=5.04269, fakephoton_muon=0.731697, interference=-0.850238, lumi=0.38661, mu_efficiency=0.510898, mu_trigger=-1.13799, non_prompt_stat_ele=5.38474, non_prompt_stat_muon=2.37553, others_stat_ele=1.31731, others_stat_muon=-0.220192, others_xs=1.58532, param=1.06303, pdf_ele=1.53988, pdf_muon=0.682061, photon_id=0.462438, pileup=1.86039, scale_ele=1.93714, scale_muon=0.729273
RooProdPdf::model_s[ modelObs_s * nuisancePdf ]
     getLogVal() top-level p.d.f evaluates to zero @ !pdfs=(modelObs_s = 0/1,nuisancePdf = 1)

[#0] WARNING:Minization -- RooMinimizerFcn: Minimized function has error status.
Returning maximum FCN so far (741.758) to force MIGRAD to back out of this region. Error log follows
Parameter values: JER_ele=0.916845, JER_muon=2.26004, JES_ele=1.42396, JES_muon=-0.688654, QCD_stat_ele=0.388141, QCD_stat_muon=-0.0633631, VBS_stat_ele=0.897654, VBS_stat_muon=-0.408848, ele_efficiency=0.954678, ele_trigger=-0.525644, fakephoton_ele=5.03877, fakephoton_muon=0.728749, interference=-0.851351, lumi=0.385066, mu_efficiency=0.510402, mu_trigger=-1.13982, non_prompt_stat_ele=5.38015, non_prompt_stat_muon=2.36895, others_stat_ele=1.3155, others_stat_muon=-0.222504, others_xs=1.58333, param=1.06303, pdf_ele=1.53825, pdf_muon=0.678681, photon_id=0.458249, pileup=1.86026, scale_ele=1.93364, scale_muon=0.721922
RooProdPdf::model_s[ modelObs_s * nuisancePdf ]
     getLogVal() top-level p.d.f evaluates to zero @ !pdfs=(modelObs_s = 0/1,nuisancePdf = 1)

[#0] WARNING:Minization -- RooMinimizerFcn: Minimized function has error status.
Returning maximum FCN so far (741.758) to force MIGRAD to back out of this region. Error log follows
Parameter values: JER_ele=0.916082, JER_muon=2.2591, JES_ele=1.4226, JES_muon=-0.690716, QCD_stat_ele=0.385252, QCD_stat_muon=-0.0676298, VBS_stat_ele=0.896338, VBS_stat_muon=-0.410253, ele_efficiency=0.954416, ele_trigger=-0.526658, fakephoton_ele=5.03451, fakephoton_muon=0.726376, interference=-0.852291, lumi=0.383674, mu_efficiency=0.510001, mu_trigger=-1.14131, non_prompt_stat_ele=5.37516, non_prompt_stat_muon=2.36365, others_stat_ele=1.31359, others_stat_muon=-0.224382, others_xs=1.58152, param=1.06303, pdf_ele=1.5365, pdf_muon=0.675943, photon_id=0.454487, pileup=1.86014, scale_ele=1.92991, scale_muon=0.715966
RooProdPdf::model_s[ modelObs_s * nuisancePdf ]
     getLogVal() top-level p.d.f evaluates to zero @ !pdfs=(modelObs_s = 0/1,nuisancePdf = 1)

[#0] WARNING:Minization -- RooMinimizerFcn: Minimized function has error status.
Returning maximum FCN so far (741.758) to force MIGRAD to back out of this region. Error log follows
Parameter values: JER_ele=0.915285, JER_muon=2.25832, JES_ele=1.42118, JES_muon=-0.692428, QCD_stat_ele=0.382229, QCD_stat_muon=-0.0711672, VBS_stat_ele=0.894962, VBS_stat_muon=-0.411423, ele_efficiency=0.954142, ele_trigger=-0.527717, fakephoton_ele=5.03, fakephoton_muon=0.724418, interference=-0.853105, lumi=0.382384, mu_efficiency=0.509671, mu_trigger=-1.14255, non_prompt_stat_ele=5.36987, non_prompt_stat_muon=2.35927, others_stat_ele=1.3116, others_stat_muon=-0.225946, others_xs=1.57985, param=1.06303, pdf_ele=1.53468, pdf_muon=0.673668, photon_id=0.451046, pileup=1.86003, scale_ele=1.92601, scale_muon=0.711022
RooProdPdf::model_s[ modelObs_s * nuisancePdf ]
     getLogVal() top-level p.d.f evaluates to zero @ !pdfs=(modelObs_s = 0/1,nuisancePdf = 1)

[#0] WARNING:Minization -- RooMinimizerFcn: Minimized function has error status.
Returning maximum FCN so far (741.758) to force MIGRAD to back out of this region. Error log follows
Parameter values: JER_ele=0.914463, JER_muon=2.25766, JES_ele=1.41972, JES_muon=-0.693889, QCD_stat_ele=0.37911, QCD_stat_muon=-0.0741861, VBS_stat_ele=0.89354, VBS_stat_muon=-0.412418, ele_efficiency=0.953859, ele_trigger=-0.528809, fakephoton_ele=5.02529, fakephoton_muon=0.722763, interference=-0.853828, lumi=0.381174, mu_efficiency=0.509386, mu_trigger=-1.1436, non_prompt_stat_ele=5.36435, non_prompt_stat_muon=2.35557, others_stat_ele=1.30956, others_stat_muon=-0.227282, others_xs=1.57828, param=1.06303, pdf_ele=1.53279, pdf_muon=0.671734, photon_id=0.447831, pileup=1.85992, scale_ele=1.92198, scale_muon=0.706815
RooProdPdf::model_s[ modelObs_s * nuisancePdf ]
     getLogVal() top-level p.d.f evaluates to zero @ !pdfs=(modelObs_s = 0/1,nuisancePdf = 1)

[#0] WARNING:Minization -- RooMinimizerFcn: Minimized function has error status.
Returning maximum FCN so far (741.758) to force MIGRAD to back out of this region. Error log follows
Parameter values: JER_ele=0.913624, JER_muon=2.25708, JES_ele=1.41823, JES_muon=-0.695159, QCD_stat_ele=0.37592, QCD_stat_muon=-0.076817, VBS_stat_ele=0.892086, VBS_stat_muon=-0.41329, ele_efficiency=0.953569, ele_trigger=-0.529925, fakephoton_ele=5.02045, fakephoton_muon=0.721327, interference=-0.854485, lumi=0.380013, mu_efficiency=0.509137, mu_trigger=-1.14452, non_prompt_stat_ele=5.35867, non_prompt_stat_muon=2.35236, others_stat_ele=1.30748, others_stat_muon=-0.228455, others_xs=1.57679, param=1.06303, pdf_ele=1.53087, pdf_muon=0.670045, photon_id=0.44478, pileup=1.85982, scale_ele=1.91786, scale_muon=0.703145
RooProdPdf::model_s[ modelObs_s * nuisancePdf ]
     getLogVal() top-level p.d.f evaluates to zero @ !pdfs=(modelObs_s = 0/1,nuisancePdf = 1)

[#0] WARNING:Minization -- RooMinimizerFcn: Minimized function has error status.
Returning maximum FCN so far (741.758) to force MIGRAD to back out of this region. Error log follows
Parameter values: JER_ele=0.912771, JER_muon=2.25656, JES_ele=1.41671, JES_muon=-0.696301, QCD_stat_ele=0.372679, QCD_stat_muon=-0.0791757, VBS_stat_ele=0.890608, VBS_stat_muon=-0.414071, ele_efficiency=0.953276, ele_trigger=-0.531058, fakephoton_ele=5.01551, fakephoton_muon=0.720048, interference=-0.855094, lumi=0.3789, mu_efficiency=0.508916, mu_trigger=-1.14534, non_prompt_stat_ele=5.35286, non_prompt_stat_muon=2.34951, others_stat_ele=1.30538, others_stat_muon=-0.229507, others_xs=1.57535, param=1.06303, pdf_ele=1.52891, pdf_muon=0.668534, photon_id=0.441852, pileup=1.85973, scale_ele=1.91367, scale_muon=0.699861
RooProdPdf::model_s[ modelObs_s * nuisancePdf ]
     getLogVal() top-level p.d.f evaluates to zero @ !pdfs=(modelObs_s = 0/1,nuisancePdf = 1)

[#0] WARNING:Minization -- RooMinimizerFcn: Minimized function has error status.
Returning maximum FCN so far (741.758) to force MIGRAD to back out of this region. Error log follows
Parameter values: JER_ele=0.911908, JER_muon=2.25608, JES_ele=1.41517, JES_muon=-0.697343, QCD_stat_ele=0.369398, QCD_stat_muon=-0.0813338, VBS_stat_ele=0.889112, VBS_stat_muon=-0.414786, ele_efficiency=0.952978, ele_trigger=-0.532206, fakephoton_ele=5.01049, fakephoton_muon=0.718889, interference=-0.855667, lumi=0.37781, mu_efficiency=0.508713, mu_trigger=-1.14609, non_prompt_stat_ele=5.34695, non_prompt_stat_muon=2.34691, others_stat_ele=1.30325, others_stat_muon=-0.230471, others_xs=1.57394, param=1.06303, pdf_ele=1.52693, pdf_muon=0.667151, photon_id=0.439008, pileup=1.85964, scale_ele=1.90944, scale_muon=0.696861
RooProdPdf::model_s[ modelObs_s * nuisancePdf ]
     getLogVal() top-level p.d.f evaluates to zero @ !pdfs=(modelObs_s = 0/1,nuisancePdf = 1)

[#0] WARNING:Minization -- RooMinimizerFcn: Minimized function has error status.
Returning maximum FCN so far (741.758) to force MIGRAD to back out of this region. Error log follows
Parameter values: JER_ele=0.911038, JER_muon=2.25564, JES_ele=1.41363, JES_muon=-0.698313, QCD_stat_ele=0.366089, QCD_stat_muon=-0.0833453, VBS_stat_ele=0.887604, VBS_stat_muon=-0.415451, ele_efficiency=0.952679, ele_trigger=-0.533364, fakephoton_ele=5.00541, fakephoton_muon=0.717812, interference=-0.856217, lumi=0.376744, mu_efficiency=0.508524, mu_trigger=-1.1468, non_prompt_stat_ele=5.34098, non_prompt_stat_muon=2.3445, others_stat_ele=1.3011, others_stat_muon=-0.231371, others_xs=1.57257, param=1.06303, pdf_ele=1.52493, pdf_muon=0.665865, photon_id=0.436229, pileup=1.85955, scale_ele=1.90516, scale_muon=0.694065
RooProdPdf::model_s[ modelObs_s * nuisancePdf ]
     getLogVal() top-level p.d.f evaluates to zero @ !pdfs=(modelObs_s = 0/1,nuisancePdf = 1)

[#0] WARNING:Minization -- RooMinimizerFcn: Minimized function has error status.
Returning maximum FCN so far (741.758) to force MIGRAD to back out of this region. Error log follows
Parameter values: JER_ele=0.910162, JER_muon=2.25522, JES_ele=1.41207, JES_muon=-0.699233, QCD_stat_ele=0.362757, QCD_stat_muon=-0.0852505, VBS_stat_ele=0.886085, VBS_stat_muon=-0.416084, ele_efficiency=0.952376, ele_trigger=-0.534528, fakephoton_ele=5.00028, fakephoton_muon=0.716796, interference=-0.856746, lumi=0.375693, mu_efficiency=0.508344, mu_trigger=-1.14746, non_prompt_stat_ele=5.33494, non_prompt_stat_muon=2.34222, others_stat_ele=1.29894, others_stat_muon=-0.232226, others_xs=1.57121, param=1.06303, pdf_ele=1.52292, pdf_muon=0.664648, photon_id=0.433492, pileup=1.85947, scale_ele=1.90086, scale_muon=0.691416
RooProdPdf::model_s[ modelObs_s * nuisancePdf ]
     getLogVal() top-level p.d.f evaluates to zero @ !pdfs=(modelObs_s = 0/1,nuisancePdf = 1)

[#0] WARNING:Minization -- RooMinimizerFcn: Minimized function has error status.
Returning maximum FCN so far (741.758) to force MIGRAD to back out of this region. Error log follows
Parameter values: JER_ele=0.909282, JER_muon=2.25481, JES_ele=1.4105, JES_muon=-0.700117, QCD_stat_ele=0.359408, QCD_stat_muon=-0.0870796, VBS_stat_ele=0.884558, VBS_stat_muon=-0.416691, ele_efficiency=0.952074, ele_trigger=-0.535698, fakephoton_ele=4.99512, fakephoton_muon=0.715823, interference=-0.857265, lumi=0.374651, mu_efficiency=0.508173, mu_trigger=-1.1481, non_prompt_stat_ele=5.32886, non_prompt_stat_muon=2.34004, others_stat_ele=1.29678, others_stat_muon=-0.233048, others_xs=1.56986, param=1.06303, pdf_ele=1.5209, pdf_muon=0.663475, photon_id=0.430788, pileup=1.85938, scale_ele=1.89654, scale_muon=0.688873
RooProdPdf::model_s[ modelObs_s * nuisancePdf ]
     getLogVal() top-level p.d.f evaluates to zero @ !pdfs=(modelObs_s = 0/1,nuisancePdf = 1)

[#0] WARNING:Minization -- RooMinimizerFcn: Minimized function has error status.
Returning maximum FCN so far (741.758) to force MIGRAD to back out of this region. Error log follows
Parameter values: JER_ele=0.908399, JER_muon=2.25442, JES_ele=1.40893, JES_muon=-0.700974, QCD_stat_ele=0.356046, QCD_stat_muon=-0.0888567, VBS_stat_ele=0.883024, VBS_stat_muon=-0.417281, ele_efficiency=0.951769, ele_trigger=-0.536873, fakephoton_ele=4.98992, fakephoton_muon=0.714881, interference=-0.857773, lumi=0.373616, mu_efficiency=0.508005, mu_trigger=-1.14872, non_prompt_stat_ele=5.32274, non_prompt_stat_muon=2.33793, others_stat_ele=1.2946, others_stat_muon=-0.233847, others_xs=1.56853, param=1.06303, pdf_ele=1.51887, pdf_muon=0.662339, photon_id=0.428104, pileup=1.85929, scale_ele=1.89219, scale_muon=0.686409
RooProdPdf::model_s[ modelObs_s * nuisancePdf ]
     getLogVal() top-level p.d.f evaluates to zero @ !pdfs=(modelObs_s = 0/1,nuisancePdf = 1)

[#0] WARNING:Minization -- RooMinimizerFcn: Minimized function has error status.
Returning maximum FCN so far (741.758) to force MIGRAD to back out of this region. Error log follows
Parameter values: JER_ele=0.907512, JER_muon=2.25404, JES_ele=1.40735, JES_muon=-0.701812, QCD_stat_ele=0.352674, QCD_stat_muon=-0.0905954, VBS_stat_ele=0.881486, VBS_stat_muon=-0.41786, ele_efficiency=0.951463, ele_trigger=-0.538051, fakephoton_ele=4.9847, fakephoton_muon=0.713961, interference=-0.858272, lumi=0.372588, mu_efficiency=0.507844, mu_trigger=-1.14933, non_prompt_stat_ele=5.31659, non_prompt_stat_muon=2.33588, others_stat_ele=1.29242, others_stat_muon=-0.234629, others_xs=1.5672, param=1.06303, pdf_ele=1.51683, pdf_muon=0.661231, photon_id=0.425438, pileup=1.85921, scale_ele=1.88783, scale_muon=0.683997
RooProdPdf::model_s[ modelObs_s * nuisancePdf ]
     getLogVal() top-level p.d.f evaluates to zero @ !pdfs=(modelObs_s = 0/1,nuisancePdf = 1)

[#0] WARNING:Minization -- RooMinimizerFcn: Minimized function has error status.
Returning maximum FCN so far (741.758) to force MIGRAD to back out of this region. Error log follows
Parameter values: JER_ele=0.906624, JER_muon=2.25366, JES_ele=1.40577, JES_muon=-0.702636, QCD_stat_ele=0.349293, QCD_stat_muon=-0.0923013, VBS_stat_ele=0.879945, VBS_stat_muon=-0.418426, ele_efficiency=0.951157, ele_trigger=-0.539233, fakephoton_ele=4.97946, fakephoton_muon=0.713062, interference=-0.85877, lumi=0.371562, mu_efficiency=0.507683, mu_trigger=-1.14992, non_prompt_stat_ele=5.31041, non_prompt_stat_muon=2.33386, others_stat_ele=1.29023, others_stat_muon=-0.235399, others_xs=1.56588, param=1.06303, pdf_ele=1.51479, pdf_muon=0.66014, photon_id=0.422783, pileup=1.85912, scale_ele=1.88347, scale_muon=0.681628
RooProdPdf::model_s[ modelObs_s * nuisancePdf ]
     getLogVal() top-level p.d.f evaluates to zero @ !pdfs=(modelObs_s = 0/1,nuisancePdf = 1)

[#0] WARNING:Minization -- RooMinimizerFcn: Minimized function has error status.
Returning maximum FCN so far (741.758) to force MIGRAD to back out of this region. Error log follows
Parameter values: JER_ele=0.905734, JER_muon=2.25329, JES_ele=1.40418, JES_muon=-0.703449, QCD_stat_ele=0.345905, QCD_stat_muon=-0.0939879, VBS_stat_ele=0.8784, VBS_stat_muon=-0.418986, ele_efficiency=0.950851, ele_trigger=-0.540416, fakephoton_ele=4.97421, fakephoton_muon=0.712172, interference=-0.859263, lumi=0.370539, mu_efficiency=0.507525, mu_trigger=-1.15051, non_prompt_stat_ele=5.30421, non_prompt_stat_muon=2.33186, others_stat_ele=1.28804, others_stat_muon=-0.23616, others_xs=1.56455, param=1.06303, pdf_ele=1.51274, pdf_muon=0.659063, photon_id=0.420133, pileup=1.85904, scale_ele=1.87909, scale_muon=0.679283
RooProdPdf::model_s[ modelObs_s * nuisancePdf ]
     getLogVal() top-level p.d.f evaluates to zero @ !pdfs=(modelObs_s = 0/1,nuisancePdf = 1)

[#0] WARNING:Minization -- RooMinimizerFcn: Minimized function has error status.
Returning maximum FCN so far (741.758) to force MIGRAD to back out of this region. Error log follows
Parameter values: JER_ele=0.904842, JER_muon=2.25291, JES_ele=1.40259, JES_muon=-0.704255, QCD_stat_ele=0.34251, QCD_stat_muon=-0.0956619, VBS_stat_ele=0.876853, VBS_stat_muon=-0.419542, ele_efficiency=0.950543, ele_trigger=-0.541601, fakephoton_ele=4.96894, fakephoton_muon=0.711289, interference=-0.859754, lumi=0.369516, mu_efficiency=0.507367, mu_trigger=-1.1511, non_prompt_stat_ele=5.29798, non_prompt_stat_muon=2.32988, others_stat_ele=1.28585, others_stat_muon=-0.236914, others_xs=1.56324, param=1.06303, pdf_ele=1.51069, pdf_muon=0.65799, photon_id=0.417487, pileup=1.85896, scale_ele=1.8747, scale_muon=0.67696
RooProdPdf::model_s[ modelObs_s * nuisancePdf ]
     getLogVal() top-level p.d.f evaluates to zero @ !pdfs=(modelObs_s = 0/1,nuisancePdf = 1)

[#0] WARNING:Minization -- RooMinimizerFcn: Minimized function has error status.
Returning maximum FCN so far (741.758) to force MIGRAD to back out of this region. Error log follows
Parameter values: JER_ele=0.903949, JER_muon=2.25255, JES_ele=1.401, JES_muon=-0.705059, QCD_stat_ele=0.339111, QCD_stat_muon=-0.0973251, VBS_stat_ele=0.875301, VBS_stat_muon=-0.420097, ele_efficiency=0.950235, ele_trigger=-0.54279, fakephoton_ele=4.96365, fakephoton_muon=0.710412, interference=-0.860243, lumi=0.368496, mu_efficiency=0.507211, mu_trigger=-1.15168, non_prompt_stat_ele=5.29174, non_prompt_stat_muon=2.32792, others_stat_ele=1.28365, others_stat_muon=-0.237664, others_xs=1.56192, param=1.06303, pdf_ele=1.50864, pdf_muon=0.656928, photon_id=0.414845, pileup=1.85887, scale_ele=1.87031, scale_muon=0.674654
RooProdPdf::model_s[ modelObs_s * nuisancePdf ]
     getLogVal() top-level p.d.f evaluates to zero @ !pdfs=(modelObs_s = 0/1,nuisancePdf = 1)

[#0] WARNING:Minization -- RooMinimizerFcn: Minimized function has error status.
Returning maximum FCN so far (741.758) to force MIGRAD to back out of this region. Error log follows
Parameter values: JER_ele=0.903054, JER_muon=2.25218, JES_ele=1.39941, JES_muon=-0.705856, QCD_stat_ele=0.335707, QCD_stat_muon=-0.0989819, VBS_stat_ele=0.87375, VBS_stat_muon=-0.420645, ele_efficiency=0.949928, ele_trigger=-0.543978, fakephoton_ele=4.95835, fakephoton_muon=0.709541, interference=-0.860732, lumi=0.367475, mu_efficiency=0.507055, mu_trigger=-1.15225, non_prompt_stat_ele=5.28547, non_prompt_stat_muon=2.32596, others_stat_ele=1.28145, others_stat_muon=-0.238411, others_xs=1.5606, param=1.06303, pdf_ele=1.50658, pdf_muon=0.655871, photon_id=0.412203, pileup=1.85879, scale_ele=1.8659, scale_muon=0.672354
RooProdPdf::model_s[ modelObs_s * nuisancePdf ]
     getLogVal() top-level p.d.f evaluates to zero @ !pdfs=(modelObs_s = 0/1,nuisancePdf = 1)

[#0] WARNING:Minization -- RooMinimizerFcn: Minimized function has error status.
Returning maximum FCN so far (741.758) to force MIGRAD to back out of this region. Error log follows
Parameter values: JER_ele=0.902159, JER_muon=2.25181, JES_ele=1.39781, JES_muon=-0.706656, QCD_stat_ele=0.332298, QCD_stat_muon=-0.100633, VBS_stat_ele=0.872194, VBS_stat_muon=-0.421197, ele_efficiency=0.949617, ele_trigger=-0.545169, fakephoton_ele=4.95303, fakephoton_muon=0.708671, interference=-0.86122, lumi=0.366453, mu_efficiency=0.5069, mu_trigger=-1.15283, non_prompt_stat_ele=5.27919, non_prompt_stat_muon=2.32401, others_stat_ele=1.27925, others_stat_muon=-0.239157, others_xs=1.55928, param=1.06303, pdf_ele=1.50452, pdf_muon=0.654815, photon_id=0.409561, pileup=1.8587, scale_ele=1.8615, scale_muon=0.670065
RooProdPdf::model_s[ modelObs_s * nuisancePdf ]
     getLogVal() top-level p.d.f evaluates to zero @ !pdfs=(modelObs_s = 0/1,nuisancePdf = 1)

[#0] WARNING:Minization -- RooMinimizerFcn: Minimized function has error status.
Returning maximum FCN so far (741.758) to force MIGRAD to back out of this region. Error log follows
Parameter values: JER_ele=0.901262, JER_muon=2.25145, JES_ele=1.39621, JES_muon=-0.70745, QCD_stat_ele=0.328885, QCD_stat_muon=-0.102282, VBS_stat_ele=0.870638, VBS_stat_muon=-0.421743, ele_efficiency=0.949309, ele_trigger=-0.546361, fakephoton_ele=4.94771, fakephoton_muon=0.707803, interference=-0.861706, lumi=0.365433, mu_efficiency=0.506746, mu_trigger=-1.15341, non_prompt_stat_ele=5.27289, non_prompt_stat_muon=2.32207, others_stat_ele=1.27704, others_stat_muon=-0.2399, others_xs=1.55796, param=1.06303, pdf_ele=1.50246, pdf_muon=0.653762, photon_id=0.406921, pileup=1.85862, scale_ele=1.85708, scale_muon=0.667773
RooProdPdf::model_s[ modelObs_s * nuisancePdf ]
     getLogVal() top-level p.d.f evaluates to zero @ !pdfs=(modelObs_s = 0/1,nuisancePdf = 1)

[#0] WARNING:Minization -- RooMinimizerFcn: Minimized function has error status.
Returning maximum FCN so far (741.758) to force MIGRAD to back out of this region. Error log follows
Parameter values: JER_ele=0.900364, JER_muon=2.25108, JES_ele=1.39462, JES_muon=-0.708245, QCD_stat_ele=0.325467, QCD_stat_muon=-0.10393, VBS_stat_ele=0.86908, VBS_stat_muon=-0.422292, ele_efficiency=0.949, ele_trigger=-0.547554, fakephoton_ele=4.94237, fakephoton_muon=0.706937, interference=-0.862195, lumi=0.36441, mu_efficiency=0.50659, mu_trigger=-1.15398, non_prompt_stat_ele=5.26657, non_prompt_stat_muon=2.32012, others_stat_ele=1.27483, others_stat_muon=-0.240644, others_xs=1.55664, param=1.06303, pdf_ele=1.5004, pdf_muon=0.652709, photon_id=0.404276, pileup=1.85853, scale_ele=1.85266, scale_muon=0.665486
RooProdPdf::model_s[ modelObs_s * nuisancePdf ]
     getLogVal() top-level p.d.f evaluates to zero @ !pdfs=(modelObs_s = 0/1,nuisancePdf = 1)

[#0] WARNING:Minization -- RooMinimizerFcn: Minimized function has error status.
Returning maximum FCN so far (741.758) to force MIGRAD to back out of this region. Error log follows
Parameter values: JER_ele=0.899466, JER_muon=2.25072, JES_ele=1.39301, JES_muon=-0.709039, QCD_stat_ele=0.322049, QCD_stat_muon=-0.105575, VBS_stat_ele=0.867521, VBS_stat_muon=-0.422837, ele_efficiency=0.94869, ele_trigger=-0.548749, fakephoton_ele=4.93702, fakephoton_muon=0.706071, interference=-0.862682, lumi=0.363388, mu_efficiency=0.506436, mu_trigger=-1.15456, non_prompt_stat_ele=5.26023, non_prompt_stat_muon=2.31818, others_stat_ele=1.27262, others_stat_muon=-0.241385, others_xs=1.55532, param=1.06303, pdf_ele=1.49833, pdf_muon=0.651657, photon_id=0.401631, pileup=1.85845, scale_ele=1.84824, scale_muon=0.663204
RooProdPdf::model_s[ modelObs_s * nuisancePdf ]
     getLogVal() top-level p.d.f evaluates to zero @ !pdfs=(modelObs_s = 0/1,nuisancePdf = 1)

[#0] WARNING:Minization -- RooMinimizerFcn: Minimized function has error status.
Returning maximum FCN so far (741.758) to force MIGRAD to back out of this region. Error log follows
Parameter values: JER_ele=0.898567, JER_muon=2.25035, JES_ele=1.39141, JES_muon=-0.709833, QCD_stat_ele=0.318624, QCD_stat_muon=-0.107221, VBS_stat_ele=0.865959, VBS_stat_muon=-0.423385, ele_efficiency=0.94838, ele_trigger=-0.549944, fakephoton_ele=4.93166, fakephoton_muon=0.705206, interference=-0.86317, lumi=0.362365, mu_efficiency=0.506281, mu_trigger=-1.15513, non_prompt_stat_ele=5.25388, non_prompt_stat_muon=2.31624, others_stat_ele=1.27041, others_stat_muon=-0.24213, others_xs=1.554, param=1.06303, pdf_ele=1.49626, pdf_muon=0.650605, photon_id=0.398985, pileup=1.85836, scale_ele=1.84381, scale_muon=0.660917
RooProdPdf::model_s[ modelObs_s * nuisancePdf ]
     getLogVal() top-level p.d.f evaluates to zero @ !pdfs=(modelObs_s = 0/1,nuisancePdf = 1)

[#0] WARNING:Minization -- RooMinimizerFcn: Minimized function has error status.
Returning maximum FCN so far (741.758) to force MIGRAD to back out of this region. Error log follows
Parameter values: JER_ele=0.897666, JER_muon=2.24999, JES_ele=1.38981, JES_muon=-0.710629, QCD_stat_ele=0.315197, QCD_stat_muon=-0.10887, VBS_stat_ele=0.864395, VBS_stat_muon=-0.423933, ele_efficiency=0.94807, ele_trigger=-0.551141, fakephoton_ele=4.92628, fakephoton_muon=0.704338, interference=-0.863655, lumi=0.361343, mu_efficiency=0.506126, mu_trigger=-1.1557, non_prompt_stat_ele=5.24751, non_prompt_stat_muon=2.3143, others_stat_ele=1.26819, others_stat_muon=-0.24287, others_xs=1.55268, param=1.06303, pdf_ele=1.49419, pdf_muon=0.649555, photon_id=0.396338, pileup=1.85828, scale_ele=1.83937, scale_muon=0.658633
RooProdPdf::model_s[ modelObs_s * nuisancePdf ]
     getLogVal() top-level p.d.f evaluates to zero @ !pdfs=(modelObs_s = 0/1,nuisancePdf = 1)

[#0] WARNING:Minization -- RooMinimizerFcn: Minimized function has error status.
Returning maximum FCN so far (741.758) to force MIGRAD to back out of this region. Error log follows
Parameter values: JER_ele=0.896764, JER_muon=2.24963, JES_ele=1.3882, JES_muon=-0.711421, QCD_stat_ele=0.311767, QCD_stat_muon=-0.110515, VBS_stat_ele=0.862831, VBS_stat_muon=-0.424481, ele_efficiency=0.947759, ele_trigger=-0.552339, fakephoton_ele=4.9209, fakephoton_muon=0.703472, interference=-0.864145, lumi=0.360317, mu_efficiency=0.505972, mu_trigger=-1.15628, non_prompt_stat_ele=5.24113, non_prompt_stat_muon=2.31235, others_stat_ele=1.26598, others_stat_muon=-0.243615, others_xs=1.55136, param=1.06303, pdf_ele=1.49212, pdf_muon=0.648502, photon_id=0.393688, pileup=1.85819, scale_ele=1.83493, scale_muon=0.656347
RooProdPdf::model_s[ modelObs_s * nuisancePdf ]
     getLogVal() top-level p.d.f evaluates to zero @ !pdfs=(modelObs_s = 0/1,nuisancePdf = 1)

[#0] WARNING:Minization -- RooMinimizerFcn: Minimized function has error status.
Returning maximum FCN so far (741.758) to force MIGRAD to back out of this region. Error log follows
Parameter values: JER_ele=0.895863, JER_muon=2.24926, JES_ele=1.3866, JES_muon=-0.712215, QCD_stat_ele=0.308333, QCD_stat_muon=-0.11216, VBS_stat_ele=0.861265, VBS_stat_muon=-0.425028, ele_efficiency=0.947449, ele_trigger=-0.553538, fakephoton_ele=4.91551, fakephoton_muon=0.702606, interference=-0.864634, lumi=0.359291, mu_efficiency=0.505816, mu_trigger=-1.15685, non_prompt_stat_ele=5.23473, non_prompt_stat_muon=2.31041, others_stat_ele=1.26376, others_stat_muon=-0.244357, others_xs=1.55003, param=1.06303, pdf_ele=1.49005, pdf_muon=0.647449, photon_id=0.391037, pileup=1.85811, scale_ele=1.83048, scale_muon=0.654062
RooProdPdf::model_s[ modelObs_s * nuisancePdf ]
     getLogVal() top-level p.d.f evaluates to zero @ !pdfs=(modelObs_s = 0/1,nuisancePdf = 1)

[#0] WARNING:Minization -- RooMinimizerFcn: Minimized function has error status.
Returning maximum FCN so far (741.758) to force MIGRAD to back out of this region. Error log follows
Parameter values: JER_ele=0.89496, JER_muon=2.2489, JES_ele=1.38499, JES_muon=-0.71301, QCD_stat_ele=0.304896, QCD_stat_muon=-0.113807, VBS_stat_ele=0.859698, VBS_stat_muon=-0.425576, ele_efficiency=0.947137, ele_trigger=-0.554738, fakephoton_ele=4.9101, fakephoton_muon=0.701739, interference=-0.865122, lumi=0.358267, mu_efficiency=0.505663, mu_trigger=-1.15743, non_prompt_stat_ele=5.22832, non_prompt_stat_muon=2.30846, others_stat_ele=1.26153, others_stat_muon=-0.245103, others_xs=1.54871, param=1.06303, pdf_ele=1.48797, pdf_muon=0.646395, photon_id=0.388382, pileup=1.85802, scale_ele=1.82604, scale_muon=0.651774
RooProdPdf::model_s[ modelObs_s * nuisancePdf ]
     getLogVal() top-level p.d.f evaluates to zero @ !pdfs=(modelObs_s = 0/1,nuisancePdf = 1)

[#0] WARNING:Minization -- RooMinimizerFcn: Minimized function has error status.
Returning maximum FCN so far (741.758) to force MIGRAD to back out of this region. Error log follows
Parameter values: JER_ele=0.894056, JER_muon=2.24853, JES_ele=1.38338, JES_muon=-0.713808, QCD_stat_ele=0.301456, QCD_stat_muon=-0.11546, VBS_stat_ele=0.858129, VBS_stat_muon=-0.426125, ele_efficiency=0.946826, ele_trigger=-0.555939, fakephoton_ele=4.90469, fakephoton_muon=0.700871, interference=-0.865611, lumi=0.357239, mu_efficiency=0.505507, mu_trigger=-1.158, non_prompt_stat_ele=5.22189, non_prompt_stat_muon=2.30651, others_stat_ele=1.25931, others_stat_muon=-0.245847, others_xs=1.54738, param=1.06303, pdf_ele=1.48589, pdf_muon=0.645339, photon_id=0.385725, pileup=1.85794, scale_ele=1.82158, scale_muon=0.649483
RooProdPdf::model_s[ modelObs_s * nuisancePdf ]
     getLogVal() top-level p.d.f evaluates to zero @ !pdfs=(modelObs_s = 0/1,nuisancePdf = 1)

[#0] WARNING:Minization -- RooMinimizerFcn: Minimized function has error status.
Returning maximum FCN so far (741.758) to force MIGRAD to back out of this region. Error log follows
Parameter values: JER_ele=0.893151, JER_muon=2.24816, JES_ele=1.38176, JES_muon=-0.714602, QCD_stat_ele=0.298012, QCD_stat_muon=-0.117114, VBS_stat_ele=0.856559, VBS_stat_muon=-0.426674, ele_efficiency=0.946514, ele_trigger=-0.557141, fakephoton_ele=4.89926, fakephoton_muon=0.700002, interference=-0.8661, lumi=0.356211, mu_efficiency=0.505353, mu_trigger=-1.15858, non_prompt_stat_ele=5.21544, non_prompt_stat_muon=2.30456, others_stat_ele=1.25709, others_stat_muon=-0.24659, others_xs=1.54606, param=1.06303, pdf_ele=1.48381, pdf_muon=0.644285, photon_id=0.383067, pileup=1.85785, scale_ele=1.81712, scale_muon=0.647192
RooProdPdf::model_s[ modelObs_s * nuisancePdf ]
     getLogVal() top-level p.d.f evaluates to zero @ !pdfs=(modelObs_s = 0/1,nuisancePdf = 1)

[#0] WARNING:Minization -- RooMinimizerFcn: Minimized function has error status.
Returning maximum FCN so far (741.758) to force MIGRAD to back out of this region. Error log follows
Parameter values: JER_ele=0.892247, JER_muon=2.2478, JES_ele=1.38015, JES_muon=-0.715399, QCD_stat_ele=0.294566, QCD_stat_muon=-0.118762, VBS_stat_ele=0.854987, VBS_stat_muon=-0.427225, ele_efficiency=0.946202, ele_trigger=-0.558344, fakephoton_ele=4.89383, fakephoton_muon=0.699134, interference=-0.86659, lumi=0.355181, mu_efficiency=0.505198, mu_trigger=-1.15916, non_prompt_stat_ele=5.20898, non_prompt_stat_muon=2.30261, others_stat_ele=1.25486, others_stat_muon=-0.247337, others_xs=1.54473, param=1.06303, pdf_ele=1.48173, pdf_muon=0.643229, photon_id=0.380403, pileup=1.85777, scale_ele=1.81266, scale_muon=0.644893
RooProdPdf::model_s[ modelObs_s * nuisancePdf ]
     getLogVal() top-level p.d.f evaluates to zero @ !pdfs=(modelObs_s = 0/1,nuisancePdf = 1)

[#0] WARNING:Minization -- RooMinimizerFcn: Minimized function has error status.
Returning maximum FCN so far (741.758) to force MIGRAD to back out of this region. Error log follows
Parameter values: JER_ele=0.89134, JER_muon=2.24743, JES_ele=1.37854, JES_muon=-0.716199, QCD_stat_ele=0.291118, QCD_stat_muon=-0.120417, VBS_stat_ele=0.853413, VBS_stat_muon=-0.427773, ele_efficiency=0.94589, ele_trigger=-0.559548, fakephoton_ele=4.88838, fakephoton_muon=0.698263, interference=-0.867081, lumi=0.354153, mu_efficiency=0.505041, mu_trigger=-1.15973, non_prompt_stat_ele=5.2025, non_prompt_stat_muon=2.30066, others_stat_ele=1.25263, others_stat_muon=-0.248084, others_xs=1.5434, param=1.06303, pdf_ele=1.47964, pdf_muon=0.642172, photon_id=0.377741, pileup=1.85768, scale_ele=1.80819, scale_muon=0.642599
RooProdPdf::model_s[ modelObs_s * nuisancePdf ]
     getLogVal() top-level p.d.f evaluates to zero @ !pdfs=(modelObs_s = 0/1,nuisancePdf = 1)

[#0] WARNING:Minization -- RooMinimizerFcn: Minimized function has error status.
Returning maximum FCN so far (741.758) to force MIGRAD to back out of this region. Error log follows
Parameter values: JER_ele=0.890433, JER_muon=2.24706, JES_ele=1.37692, JES_muon=-0.716997, QCD_stat_ele=0.287664, QCD_stat_muon=-0.122073, VBS_stat_ele=0.851839, VBS_stat_muon=-0.428322, ele_efficiency=0.945577, ele_trigger=-0.560754, fakephoton_ele=4.88292, fakephoton_muon=0.697393, interference=-0.867571, lumi=0.353123, mu_efficiency=0.504888, mu_trigger=-1.16031, non_prompt_stat_ele=5.196, non_prompt_stat_muon=2.29871, others_stat_ele=1.2504, others_stat_muon=-0.248833, others_xs=1.54207, param=1.06303, pdf_ele=1.47755, pdf_muon=0.641115, photon_id=0.375076, pileup=1.8576, scale_ele=1.80371, scale_muon=0.640303
RooProdPdf::model_s[ modelObs_s * nuisancePdf ]
     getLogVal() top-level p.d.f evaluates to zero @ !pdfs=(modelObs_s = 0/1,nuisancePdf = 1)

[#0] WARNING:Minization -- RooMinimizerFcn: Minimized function has error status.
Returning maximum FCN so far (741.758) to force MIGRAD to back out of this region. Error log follows
Parameter values: JER_ele=0.889525, JER_muon=2.2467, JES_ele=1.3753, JES_muon=-0.717794, QCD_stat_ele=0.284209, QCD_stat_muon=-0.123731, VBS_stat_ele=0.850263, VBS_stat_muon=-0.428875, ele_efficiency=0.945264, ele_trigger=-0.56196, fakephoton_ele=4.87746, fakephoton_muon=0.696521, interference=-0.868063, lumi=0.352089, mu_efficiency=0.504731, mu_trigger=-1.16089, non_prompt_stat_ele=5.1895, non_prompt_stat_muon=2.29675, others_stat_ele=1.24816, others_stat_muon=-0.249577, others_xs=1.54073, param=1.06303, pdf_ele=1.47547, pdf_muon=0.640057, photon_id=0.372406, pileup=1.85751, scale_ele=1.79923, scale_muon=0.638001
RooProdPdf::model_s[ modelObs_s * nuisancePdf ]
     getLogVal() top-level p.d.f evaluates to zero @ !pdfs=(modelObs_s = 0/1,nuisancePdf = 1)

[#0] WARNING:Minization -- RooMinimizerFcn: Minimized function has error status.
Returning maximum FCN so far (741.758) to force MIGRAD to back out of this region. Error log follows
Parameter values: JER_ele=0.888617, JER_muon=2.24633, JES_ele=1.37368, JES_muon=-0.718593, QCD_stat_ele=0.28075, QCD_stat_muon=-0.125386, VBS_stat_ele=0.848685, VBS_stat_muon=-0.429426, ele_efficiency=0.944951, ele_trigger=-0.563167, fakephoton_ele=4.87198, fakephoton_muon=0.695649, interference=-0.868552, lumi=0.351056, mu_efficiency=0.504575, mu_trigger=-1.16147, non_prompt_stat_ele=5.18297, non_prompt_stat_muon=2.29479, others_stat_ele=1.24592, others_stat_muon=-0.250326, others_xs=1.5394, param=1.06303, pdf_ele=1.47338, pdf_muon=0.638997, photon_id=0.369736, pileup=1.85743, scale_ele=1.79475, scale_muon=0.6357
RooProdPdf::model_s[ modelObs_s * nuisancePdf ]
     getLogVal() top-level p.d.f evaluates to zero @ !pdfs=(modelObs_s = 0/1,nuisancePdf = 1)

[#0] WARNING:Minization -- RooMinimizerFcn: Minimized function has error status.
Returning maximum FCN so far (741.758) to force MIGRAD to back out of this region. Error log follows
Parameter values: JER_ele=0.887707, JER_muon=2.24596, JES_ele=1.37206, JES_muon=-0.719393, QCD_stat_ele=0.277287, QCD_stat_muon=-0.127047, VBS_stat_ele=0.847106, VBS_stat_muon=-0.429978, ele_efficiency=0.944638, ele_trigger=-0.564376, fakephoton_ele=4.86649, fakephoton_muon=0.694777, interference=-0.869045, lumi=0.350024, mu_efficiency=0.504418, mu_trigger=-1.16205, non_prompt_stat_ele=5.17643, non_prompt_stat_muon=2.29283, others_stat_ele=1.24369, others_stat_muon=-0.251075, others_xs=1.53806, param=1.06303, pdf_ele=1.47128, pdf_muon=0.637938, photon_id=0.367062, pileup=1.85734, scale_ele=1.79026, scale_muon=0.633396
RooProdPdf::model_s[ modelObs_s * nuisancePdf ]
     getLogVal() top-level p.d.f evaluates to zero @ !pdfs=(modelObs_s = 0/1,nuisancePdf = 1)

[#0] WARNING:Minization -- RooMinimizerFcn: Minimized function has error status.
Returning maximum FCN so far (741.758) to force MIGRAD to back out of this region. Error log follows
Parameter values: JER_ele=0.886797, JER_muon=2.24559, JES_ele=1.37044, JES_muon=-0.720196, QCD_stat_ele=0.273823, QCD_stat_muon=-0.128708, VBS_stat_ele=0.845526, VBS_stat_muon=-0.430528, ele_efficiency=0.944324, ele_trigger=-0.565586, fakephoton_ele=4.86099, fakephoton_muon=0.693902, interference=-0.869538, lumi=0.348988, mu_efficiency=0.504264, mu_trigger=-1.16263, non_prompt_stat_ele=5.16987, non_prompt_stat_muon=2.29087, others_stat_ele=1.24144, others_stat_muon=-0.251829, others_xs=1.53673, param=1.06303, pdf_ele=1.46919, pdf_muon=0.636875, photon_id=0.364388, pileup=1.85726, scale_ele=1.78577, scale_muon=0.631089
RooProdPdf::model_s[ modelObs_s * nuisancePdf ]
     getLogVal() top-level p.d.f evaluates to zero @ !pdfs=(modelObs_s = 0/1,nuisancePdf = 1)

[#0] WARNING:Minization -- RooMinimizerFcn: Minimized function has error status.
Returning maximum FCN so far (741.758) to force MIGRAD to back out of this region. Error log follows
Parameter values: JER_ele=0.885887, JER_muon=2.24523, JES_ele=1.36882, JES_muon=-0.720997, QCD_stat_ele=0.270355, QCD_stat_muon=-0.130369, VBS_stat_ele=0.843944, VBS_stat_muon=-0.431081, ele_efficiency=0.94401, ele_trigger=-0.566796, fakephoton_ele=4.85548, fakephoton_muon=0.693028, interference=-0.870032, lumi=0.347955, mu_efficiency=0.504106, mu_trigger=-1.16321, non_prompt_stat_ele=5.1633, non_prompt_stat_muon=2.28891, others_stat_ele=1.2392, others_stat_muon=-0.252574, others_xs=1.53539, param=1.06303, pdf_ele=1.46709, pdf_muon=0.635813, photon_id=0.361709, pileup=1.85717, scale_ele=1.78127, scale_muon=0.628782
RooProdPdf::model_s[ modelObs_s * nuisancePdf ]
     getLogVal() top-level p.d.f evaluates to zero @ !pdfs=(modelObs_s = 0/1,nuisancePdf = 1)

[#0] WARNING:Minization -- RooMinimizerFcn: Minimized function has error status.
Returning maximum FCN so far (741.758) to force MIGRAD to back out of this region. Error log follows
Parameter values: JER_ele=0.884974, JER_muon=2.24486, JES_ele=1.36719, JES_muon=-0.721799, QCD_stat_ele=0.266885, QCD_stat_muon=-0.132031, VBS_stat_ele=0.842362, VBS_stat_muon=-0.431634, ele_efficiency=0.943696, ele_trigger=-0.568007, fakephoton_ele=4.84996, fakephoton_muon=0.692155, interference=-0.870524, lumi=0.34692, mu_efficiency=0.503952, mu_trigger=-1.16379, non_prompt_stat_ele=5.15671, non_prompt_stat_muon=2.28694, others_stat_ele=1.23696, others_stat_muon=-0.253326, others_xs=1.53405, param=1.06303, pdf_ele=1.46499, pdf_muon=0.634751, photon_id=0.359031, pileup=1.85709, scale_ele=1.77677, scale_muon=0.62647
RooProdPdf::model_s[ modelObs_s * nuisancePdf ]
     getLogVal() top-level p.d.f evaluates to zero @ !pdfs=(modelObs_s = 0/1,nuisancePdf = 1)

[#0] WARNING:Minization -- RooMinimizerFcn: Minimized function has error status.
Returning maximum FCN so far (741.758) to force MIGRAD to back out of this region. Error log follows
Parameter values: JER_ele=0.884063, JER_muon=2.24449, JES_ele=1.36556, JES_muon=-0.722601, QCD_stat_ele=0.26341, QCD_stat_muon=-0.133697, VBS_stat_ele=0.840777, VBS_stat_muon=-0.432188, ele_efficiency=0.943381, ele_trigger=-0.56922, fakephoton_ele=4.84443, fakephoton_muon=0.691276, interference=-0.871016, lumi=0.345881, mu_efficiency=0.503794, mu_trigger=-1.16437, non_prompt_stat_ele=5.15011, non_prompt_stat_muon=2.28497, others_stat_ele=1.23471, others_stat_muon=-0.254078, others_xs=1.53272, param=1.06303, pdf_ele=1.46289, pdf_muon=0.633687, photon_id=0.356346, pileup=1.857, scale_ele=1.77227, scale_muon=0.62416
RooProdPdf::model_s[ modelObs_s * nuisancePdf ]
     getLogVal() top-level p.d.f evaluates to zero @ !pdfs=(modelObs_s = 0/1,nuisancePdf = 1)

[#0] WARNING:Minization -- RooMinimizerFcn: Minimized function has error status.
Returning maximum FCN so far (741.758) to force MIGRAD to back out of this region. Error log follows
Parameter values: JER_ele=0.883149, JER_muon=2.24412, JES_ele=1.36394, JES_muon=-0.723406, QCD_stat_ele=0.259935, QCD_stat_muon=-0.135362, VBS_stat_ele=0.839192, VBS_stat_muon=-0.432742, ele_efficiency=0.943066, ele_trigger=-0.570433, fakephoton_ele=4.83889, fakephoton_muon=0.690401, interference=-0.871512, lumi=0.344843, mu_efficiency=0.503638, mu_trigger=-1.16495, non_prompt_stat_ele=5.14349, non_prompt_stat_muon=2.283, others_stat_ele=1.23246, others_stat_muon=-0.25483, others_xs=1.53138, param=1.06303, pdf_ele=1.46079, pdf_muon=0.632621, photon_id=0.353664, pileup=1.85692, scale_ele=1.76776, scale_muon=0.621846
RooProdPdf::model_s[ modelObs_s * nuisancePdf ]
     getLogVal() top-level p.d.f evaluates to zero @ !pdfs=(modelObs_s = 0/1,nuisancePdf = 1)

[#0] WARNING:Minization -- RooMinimizerFcn: Minimized function has error status.
Returning maximum FCN so far (741.758) to force MIGRAD to back out of this region. Error log follows
Parameter values: JER_ele=0.882234, JER_muon=2.24375, JES_ele=1.36231, JES_muon=-0.72421, QCD_stat_ele=0.256454, QCD_stat_muon=-0.137034, VBS_stat_ele=0.837604, VBS_stat_muon=-0.433299, ele_efficiency=0.942751, ele_trigger=-0.571648, fakephoton_ele=4.83333, fakephoton_muon=0.689523, interference=-0.872006, lumi=0.343802, mu_efficiency=0.50348, mu_trigger=-1.16553, non_prompt_stat_ele=5.13686, non_prompt_stat_muon=2.28103, others_stat_ele=1.23021, others_stat_muon=-0.255583, others_xs=1.53003, param=1.06303, pdf_ele=1.45869, pdf_muon=0.631555, photon_id=0.350975, pileup=1.85683, scale_ele=1.76324, scale_muon=0.619529
RooProdPdf::model_s[ modelObs_s * nuisancePdf ]
     getLogVal() top-level p.d.f evaluates to zero @ !pdfs=(modelObs_s = 0/1,nuisancePdf = 1)

[#0] WARNING:Minization -- RooMinimizerFcn: Minimized function has error status.
Returning maximum FCN so far (741.758) to force MIGRAD to back out of this region. Error log follows
Parameter values: JER_ele=0.88132, JER_muon=2.24338, JES_ele=1.36068, JES_muon=-0.725016, QCD_stat_ele=0.252971, QCD_stat_muon=-0.138702, VBS_stat_ele=0.836016, VBS_stat_muon=-0.43385, ele_efficiency=0.942437, ele_trigger=-0.572863, fakephoton_ele=4.82777, fakephoton_muon=0.688645, interference=-0.8725, lumi=0.342766, mu_efficiency=0.503323, mu_trigger=-1.16612, non_prompt_stat_ele=5.13021, non_prompt_stat_muon=2.27906, others_stat_ele=1.22796, others_stat_muon=-0.256335, others_xs=1.52869, param=1.06303, pdf_ele=1.45658, pdf_muon=0.630487, photon_id=0.348287, pileup=1.85674, scale_ele=1.75872, scale_muon=0.617211
RooProdPdf::model_s[ modelObs_s * nuisancePdf ]
     getLogVal() top-level p.d.f evaluates to zero @ !pdfs=(modelObs_s = 0/1,nuisancePdf = 1)

[#0] WARNING:Minization -- RooMinimizerFcn: Minimized function has error status.
Returning maximum FCN so far (741.758) to force MIGRAD to back out of this region. Error log follows
Parameter values: JER_ele=0.880405, JER_muon=2.24301, JES_ele=1.35905, JES_muon=-0.725822, QCD_stat_ele=0.249486, QCD_stat_muon=-0.140371, VBS_stat_ele=0.834426, VBS_stat_muon=-0.434407, ele_efficiency=0.942121, ele_trigger=-0.574079, fakephoton_ele=4.8222, fakephoton_muon=0.687767, interference=-0.872995, lumi=0.341723, mu_efficiency=0.503169, mu_trigger=-1.1667, non_prompt_stat_ele=5.12354, non_prompt_stat_muon=2.27709, others_stat_ele=1.2257, others_stat_muon=-0.257091, others_xs=1.52734, param=1.06303, pdf_ele=1.45447, pdf_muon=0.629421, photon_id=0.345594, pileup=1.85666, scale_ele=1.7542, scale_muon=0.614893
RooProdPdf::model_s[ modelObs_s * nuisancePdf ]
     getLogVal() top-level p.d.f evaluates to zero @ !pdfs=(modelObs_s = 0/1,nuisancePdf = 1)

[#0] WARNING:Minization -- RooMinimizerFcn: Minimized function has error status.
Returning maximum FCN so far (741.758) to force MIGRAD to back out of this region. Error log follows
Parameter values: JER_ele=0.879488, JER_muon=2.24264, JES_ele=1.35741, JES_muon=-0.726627, QCD_stat_ele=0.245998, QCD_stat_muon=-0.142042, VBS_stat_ele=0.832834, VBS_stat_muon=-0.434963, ele_efficiency=0.941805, ele_trigger=-0.575297, fakephoton_ele=4.81662, fakephoton_muon=0.686888, interference=-0.873492, lumi=0.340685, mu_efficiency=0.50301, mu_trigger=-1.16728, non_prompt_stat_ele=5.11686, non_prompt_stat_muon=2.27511, others_stat_ele=1.22345, others_stat_muon=-0.257844, others_xs=1.526, param=1.06303, pdf_ele=1.45236, pdf_muon=0.628351, photon_id=0.342902, pileup=1.85657, scale_ele=1.74967, scale_muon=0.612569
RooProdPdf::model_s[ modelObs_s * nuisancePdf ]
     getLogVal() top-level p.d.f evaluates to zero @ !pdfs=(modelObs_s = 0/1,nuisancePdf = 1)

[#0] WARNING:Minization -- RooMinimizerFcn: Minimized function has error status.
Returning maximum FCN so far (741.758) to force MIGRAD to back out of this region. Error log follows
Parameter values: JER_ele=0.878571, JER_muon=2.24227, JES_ele=1.35578, JES_muon=-0.727434, QCD_stat_ele=0.242506, QCD_stat_muon=-0.143717, VBS_stat_ele=0.831241, VBS_stat_muon=-0.43552, ele_efficiency=0.941489, ele_trigger=-0.576515, fakephoton_ele=4.81102, fakephoton_muon=0.686005, interference=-0.873986, lumi=0.339641, mu_efficiency=0.502852, mu_trigger=-1.16786, non_prompt_stat_ele=5.11017, non_prompt_stat_muon=2.27313, others_stat_ele=1.22119, others_stat_muon=-0.258599, others_xs=1.52465, param=1.06303, pdf_ele=1.45025, pdf_muon=0.627282, photon_id=0.340205, pileup=1.85649, scale_ele=1.74513, scale_muon=0.610246
RooProdPdf::model_s[ modelObs_s * nuisancePdf ]
     getLogVal() top-level p.d.f evaluates to zero @ !pdfs=(modelObs_s = 0/1,nuisancePdf = 1)

[#0] WARNING:Minization -- RooMinimizerFcn: Minimized function has error status.
Returning maximum FCN so far (741.758) to force MIGRAD to back out of this region. Error log follows
Parameter values: JER_ele=0.877653, JER_muon=2.2419, JES_ele=1.35414, JES_muon=-0.728242, QCD_stat_ele=0.239011, QCD_stat_muon=-0.14539, VBS_stat_ele=0.829648, VBS_stat_muon=-0.436076, ele_efficiency=0.941172, ele_trigger=-0.577734, fakephoton_ele=4.80542, fakephoton_muon=0.685125, interference=-0.874483, lumi=0.338597, mu_efficiency=0.502696, mu_trigger=-1.16845, non_prompt_stat_ele=5.10346, non_prompt_stat_muon=2.27115, others_stat_ele=1.21893, others_stat_muon=-0.259355, others_xs=1.52331, param=1.06303, pdf_ele=1.44814, pdf_muon=0.626211, photon_id=0.337506, pileup=1.8564, scale_ele=1.74059, scale_muon=0.607918
RooProdPdf::model_s[ modelObs_s * nuisancePdf ]
     getLogVal() top-level p.d.f evaluates to zero @ !pdfs=(modelObs_s = 0/1,nuisancePdf = 1)

[#0] WARNING:Minization -- RooMinimizerFcn: Minimized function has error status.
Returning maximum FCN so far (741.758) to force MIGRAD to back out of this region. Error log follows
Parameter values: JER_ele=0.876733, JER_muon=2.24152, JES_ele=1.3525, JES_muon=-0.72905, QCD_stat_ele=0.235513, QCD_stat_muon=-0.147067, VBS_stat_ele=0.828052, VBS_stat_muon=-0.436632, ele_efficiency=0.940856, ele_trigger=-0.578955, fakephoton_ele=4.7998, fakephoton_muon=0.684243, interference=-0.874981, lumi=0.337553, mu_efficiency=0.502539, mu_trigger=-1.16903, non_prompt_stat_ele=5.09673, non_prompt_stat_muon=2.26917, others_stat_ele=1.21666, others_stat_muon=-0.26011, others_xs=1.52196, param=1.06303, pdf_ele=1.44602, pdf_muon=0.62514, photon_id=0.334806, pileup=1.85632, scale_ele=1.73605, scale_muon=0.605592
RooProdPdf::model_s[ modelObs_s * nuisancePdf ]
     getLogVal() top-level p.d.f evaluates to zero @ !pdfs=(modelObs_s = 0/1,nuisancePdf = 1)

[#0] WARNING:Minization -- RooMinimizerFcn: Minimized function has error status.
Returning maximum FCN so far (741.758) to force MIGRAD to back out of this region. Error log follows
Parameter values: JER_ele=0.875815, JER_muon=2.24115, JES_ele=1.35086, JES_muon=-0.729858, QCD_stat_ele=0.232013, QCD_stat_muon=-0.148743, VBS_stat_ele=0.826456, VBS_stat_muon=-0.43719, ele_efficiency=0.940539, ele_trigger=-0.580176, fakephoton_ele=4.79418, fakephoton_muon=0.68336, interference=-0.875479, lumi=0.336509, mu_efficiency=0.50238, mu_trigger=-1.16962, non_prompt_stat_ele=5.08999, non_prompt_stat_muon=2.26718, others_stat_ele=1.2144, others_stat_muon=-0.260868, others_xs=1.52061, param=1.06303, pdf_ele=1.44391, pdf_muon=0.624068, photon_id=0.332102, pileup=1.85623, scale_ele=1.7315, scale_muon=0.603263
RooProdPdf::model_s[ modelObs_s * nuisancePdf ]
     getLogVal() top-level p.d.f evaluates to zero @ !pdfs=(modelObs_s = 0/1,nuisancePdf = 1)

[#0] WARNING:Minization -- RooMinimizerFcn: Minimized function has error status.
Returning maximum FCN so far (741.758) to force MIGRAD to back out of this region. Error log follows
Parameter values: JER_ele=0.874894, JER_muon=2.24078, JES_ele=1.34922, JES_muon=-0.730668, QCD_stat_ele=0.228511, QCD_stat_muon=-0.15042, VBS_stat_ele=0.824857, VBS_stat_muon=-0.43775, ele_efficiency=0.940222, ele_trigger=-0.581398, fakephoton_ele=4.78854, fakephoton_muon=0.682478, interference=-0.875975, lumi=0.335464, mu_efficiency=0.502225, mu_trigger=-1.17021, non_prompt_stat_ele=5.08323, non_prompt_stat_muon=2.2652, others_stat_ele=1.21213, others_stat_muon=-0.261625, others_xs=1.51926, param=1.06303, pdf_ele=1.44179, pdf_muon=0.622995, photon_id=0.329397, pileup=1.85614, scale_ele=1.72695, scale_muon=0.600931
RooProdPdf::model_s[ modelObs_s * nuisancePdf ]
     getLogVal() top-level p.d.f evaluates to zero @ !pdfs=(modelObs_s = 0/1,nuisancePdf = 1)

[#0] WARNING:Minization -- RooMinimizerFcn: Minimized function has error status.
Returning maximum FCN so far (741.758) to force MIGRAD to back out of this region. Error log follows
Parameter values: JER_ele=0.873973, JER_muon=2.24041, JES_ele=1.34758, JES_muon=-0.73148, QCD_stat_ele=0.225005, QCD_stat_muon=-0.152099, VBS_stat_ele=0.823259, VBS_stat_muon=-0.438308, ele_efficiency=0.939905, ele_trigger=-0.582621, fakephoton_ele=4.7829, fakephoton_muon=0.681598, interference=-0.876472, lumi=0.334417, mu_efficiency=0.502064, mu_trigger=-1.17079, non_prompt_stat_ele=5.07645, non_prompt_stat_muon=2.26321, others_stat_ele=1.20987, others_stat_muon=-0.262383, others_xs=1.5179, param=1.06303, pdf_ele=1.43967, pdf_muon=0.621922, photon_id=0.326692, pileup=1.85606, scale_ele=1.7224, scale_muon=0.598601
RooProdPdf::model_s[ modelObs_s * nuisancePdf ]
     getLogVal() top-level p.d.f evaluates to zero @ !pdfs=(modelObs_s = 0/1,nuisancePdf = 1)

[#0] WARNING:Minization -- RooMinimizerFcn: Minimized function has error status.
Returning maximum FCN so far (741.758) to force MIGRAD to back out of this region. Error log follows
Parameter values: JER_ele=0.873051, JER_muon=2.24004, JES_ele=1.34594, JES_muon=-0.732287, QCD_stat_ele=0.221495, QCD_stat_muon=-0.153781, VBS_stat_ele=0.821658, VBS_stat_muon=-0.438865, ele_efficiency=0.939587, ele_trigger=-0.583846, fakephoton_ele=4.77724, fakephoton_muon=0.680712, interference=-0.876971, lumi=0.333371, mu_efficiency=0.501907, mu_trigger=-1.17138, non_prompt_stat_ele=5.06966, non_prompt_stat_muon=2.26122, others_stat_ele=1.20759, others_stat_muon=-0.263141, others_xs=1.51655, param=1.06303, pdf_ele=1.43754, pdf_muon=0.62085, photon_id=0.323983, pileup=1.85597, scale_ele=1.71784, scale_muon=0.596266
RooProdPdf::model_s[ modelObs_s * nuisancePdf ]
     getLogVal() top-level p.d.f evaluates to zero @ !pdfs=(modelObs_s = 0/1,nuisancePdf = 1)

[#0] WARNING:Minization -- RooMinimizerFcn: Minimized function has error status.
Returning maximum FCN so far (741.758) to force MIGRAD to back out of this region. Error log follows
Parameter values: JER_ele=0.872128, JER_muon=2.23966, JES_ele=1.34429, JES_muon=-0.733101, QCD_stat_ele=0.217984, QCD_stat_muon=-0.155463, VBS_stat_ele=0.820056, VBS_stat_muon=-0.439424, ele_efficiency=0.939269, ele_trigger=-0.585071, fakephoton_ele=4.77158, fakephoton_muon=0.679826, interference=-0.87747, lumi=0.332322, mu_efficiency=0.501751, mu_trigger=-1.17197, non_prompt_stat_ele=5.06286, non_prompt_stat_muon=2.25923, others_stat_ele=1.20532, others_stat_muon=-0.263899, others_xs=1.51519, param=1.06303, pdf_ele=1.43542, pdf_muon=0.619772, photon_id=0.321273, pileup=1.85588, scale_ele=1.71327, scale_muon=0.59393
RooProdPdf::model_s[ modelObs_s * nuisancePdf ]
     getLogVal() top-level p.d.f evaluates to zero @ !pdfs=(modelObs_s = 0/1,nuisancePdf = 1)

[#0] WARNING:Minization -- RooMinimizerFcn: Minimized function has error status.
Returning maximum FCN so far (741.758) to force MIGRAD to back out of this region. Error log follows
Parameter values: JER_ele=0.871206, JER_muon=2.23929, JES_ele=1.34264, JES_muon=-0.733912, QCD_stat_ele=0.214469, QCD_stat_muon=-0.157146, VBS_stat_ele=0.818453, VBS_stat_muon=-0.439985, ele_efficiency=0.938951, ele_trigger=-0.586298, fakephoton_ele=4.7659, fakephoton_muon=0.678939, interference=-0.877969, lumi=0.331272, mu_efficiency=0.50159, mu_trigger=-1.17255, non_prompt_stat_ele=5.05604, non_prompt_stat_muon=2.25724, others_stat_ele=1.20305, others_stat_muon=-0.26466, others_xs=1.51384, param=1.06303, pdf_ele=1.43329, pdf_muon=0.618695, photon_id=0.318557, pileup=1.85579, scale_ele=1.7087, scale_muon=0.591588
RooProdPdf::model_s[ modelObs_s * nuisancePdf ]
     getLogVal() top-level p.d.f evaluates to zero @ !pdfs=(modelObs_s = 0/1,nuisancePdf = 1)

[#0] WARNING:Minization -- RooMinimizerFcn: Minimized function has error status.
Returning maximum FCN so far (741.758) to force MIGRAD to back out of this region. Error log follows
Parameter values: JER_ele=0.870282, JER_muon=2.23892, JES_ele=1.341, JES_muon=-0.734723, QCD_stat_ele=0.210953, QCD_stat_muon=-0.158832, VBS_stat_ele=0.816848, VBS_stat_muon=-0.440544, ele_efficiency=0.938633, ele_trigger=-0.587524, fakephoton_ele=4.76021, fakephoton_muon=0.678053, interference=-0.878468, lumi=0.330224, mu_efficiency=0.501433, mu_trigger=-1.17314, non_prompt_stat_ele=5.0492, non_prompt_stat_muon=2.25524, others_stat_ele=1.20077, others_stat_muon=-0.26542, others_xs=1.51248, param=1.06303, pdf_ele=1.43117, pdf_muon=0.61762, photon_id=0.315842, pileup=1.85571, scale_ele=1.70413, scale_muon=0.589247
RooProdPdf::model_s[ modelObs_s * nuisancePdf ]
     getLogVal() top-level p.d.f evaluates to zero @ !pdfs=(modelObs_s = 0/1,nuisancePdf = 1)

[#0] WARNING:Minization -- RooMinimizerFcn: Minimized function has error status.
Returning maximum FCN so far (741.758) to force MIGRAD to back out of this region. Error log follows
Parameter values: JER_ele=0.869357, JER_muon=2.23854, JES_ele=1.33935, JES_muon=-0.735534, QCD_stat_ele=0.207433, QCD_stat_muon=-0.160519, VBS_stat_ele=0.815243, VBS_stat_muon=-0.441105, ele_efficiency=0.938314, ele_trigger=-0.588753, fakephoton_ele=4.75452, fakephoton_muon=0.677167, interference=-0.878969, lumi=0.329172, mu_efficiency=0.501275, mu_trigger=-1.17373, non_prompt_stat_ele=5.04236, non_prompt_stat_muon=2.25325, others_stat_ele=1.19849, others_stat_muon=-0.266182, others_xs=1.51112, param=1.06303, pdf_ele=1.42904, pdf_muon=0.616542, photon_id=0.313123, pileup=1.85562, scale_ele=1.69955, scale_muon=0.586903
RooProdPdf::model_s[ modelObs_s * nuisancePdf ]
     getLogVal() top-level p.d.f evaluates to zero @ !pdfs=(modelObs_s = 0/1,nuisancePdf = 1)

[#0] WARNING:Minization -- RooMinimizerFcn: Minimized function has error status.
Returning maximum FCN so far (741.758) to force MIGRAD to back out of this region. Error log follows
Parameter values: JER_ele=0.868432, JER_muon=2.23817, JES_ele=1.3377, JES_muon=-0.736351, QCD_stat_ele=0.20391, QCD_stat_muon=-0.162207, VBS_stat_ele=0.813636, VBS_stat_muon=-0.441667, ele_efficiency=0.937996, ele_trigger=-0.58998, fakephoton_ele=4.74881, fakephoton_muon=0.676276, interference=-0.879469, lumi=0.328122, mu_efficiency=0.501117, mu_trigger=-1.17432, non_prompt_stat_ele=5.03549, non_prompt_stat_muon=2.25125, others_stat_ele=1.19621, others_stat_muon=-0.266944, others_xs=1.50977, param=1.06303, pdf_ele=1.4269, pdf_muon=0.615461, photon_id=0.310402, pileup=1.85554, scale_ele=1.69497, scale_muon=0.584557
RooProdPdf::model_s[ modelObs_s * nuisancePdf ]
     getLogVal() top-level p.d.f evaluates to zero @ !pdfs=(modelObs_s = 0/1,nuisancePdf = 1)

[#0] WARNING:Minization -- RooMinimizerFcn: Minimized function has error status.
Returning maximum FCN so far (741.758) to force MIGRAD to back out of this region. Error log follows
Parameter values: JER_ele=0.867505, JER_muon=2.23779, JES_ele=1.33605, JES_muon=-0.737165, QCD_stat_ele=0.200385, QCD_stat_muon=-0.163895, VBS_stat_ele=0.812028, VBS_stat_muon=-0.442231, ele_efficiency=0.937677, ele_trigger=-0.59121, fakephoton_ele=4.74309, fakephoton_muon=0.675387, interference=-0.879969, lumi=0.327067, mu_efficiency=0.500957, mu_trigger=-1.17491, non_prompt_stat_ele=5.02861, non_prompt_stat_muon=2.24925, others_stat_ele=1.19393, others_stat_muon=-0.267707, others_xs=1.50841, param=1.06303, pdf_ele=1.42477, pdf_muon=0.614381, photon_id=0.307681, pileup=1.85545, scale_ele=1.69039, scale_muon=0.582212
RooProdPdf::model_s[ modelObs_s * nuisancePdf ]
     getLogVal() top-level p.d.f evaluates to zero @ !pdfs=(modelObs_s = 0/1,nuisancePdf = 1)

[#0] WARNING:Minization -- RooMinimizerFcn: Minimized function has error status.
Returning maximum FCN so far (741.758) to force MIGRAD to back out of this region. Error log follows
Parameter values: JER_ele=0.866579, JER_muon=2.23742, JES_ele=1.33439, JES_muon=-0.737981, QCD_stat_ele=0.196856, QCD_stat_muon=-0.165586, VBS_stat_ele=0.810418, VBS_stat_muon=-0.442792, ele_efficiency=0.937357, ele_trigger=-0.592442, fakephoton_ele=4.73737, fakephoton_muon=0.674499, interference=-0.880471, lumi=0.326017, mu_efficiency=0.500799, mu_trigger=-1.1755, non_prompt_stat_ele=5.02171, non_prompt_stat_muon=2.24725, others_stat_ele=1.19165, others_stat_muon=-0.268467, others_xs=1.50704, param=1.06303, pdf_ele=1.42264, pdf_muon=0.613302, photon_id=0.304956, pileup=1.85536, scale_ele=1.68579, scale_muon=0.579864
RooProdPdf::model_s[ modelObs_s * nuisancePdf ]
     getLogVal() top-level p.d.f evaluates to zero @ !pdfs=(modelObs_s = 0/1,nuisancePdf = 1)

[#0] WARNING:Minization -- RooMinimizerFcn: Minimized function has error status.
Returning maximum FCN so far (741.758) to force MIGRAD to back out of this region. Error log follows
Parameter values: JER_ele=0.865651, JER_muon=2.23704, JES_ele=1.33274, JES_muon=-0.738796, QCD_stat_ele=0.193326, QCD_stat_muon=-0.167276, VBS_stat_ele=0.808807, VBS_stat_muon=-0.443352, ele_efficiency=0.937038, ele_trigger=-0.593672, fakephoton_ele=4.73163, fakephoton_muon=0.67361, interference=-0.880971, lumi=0.324962, mu_efficiency=0.500639, mu_trigger=-1.17609, non_prompt_stat_ele=5.0148, non_prompt_stat_muon=2.24525, others_stat_ele=1.18936, others_stat_muon=-0.269232, others_xs=1.50568, param=1.06303, pdf_ele=1.4205, pdf_muon=0.612222, photon_id=0.302231, pileup=1.85527, scale_ele=1.6812, scale_muon=0.577514
RooProdPdf::model_s[ modelObs_s * nuisancePdf ]
     getLogVal() top-level p.d.f evaluates to zero @ !pdfs=(modelObs_s = 0/1,nuisancePdf = 1)

[#0] WARNING:Minization -- RooMinimizerFcn: Minimized function has error status.
Returning maximum FCN so far (741.758) to force MIGRAD to back out of this region. Error log follows
Parameter values: JER_ele=0.864723, JER_muon=2.23667, JES_ele=1.33108, JES_muon=-0.739611, QCD_stat_ele=0.189791, QCD_stat_muon=-0.168969, VBS_stat_ele=0.807195, VBS_stat_muon=-0.443914, ele_efficiency=0.936718, ele_trigger=-0.594906, fakephoton_ele=4.72588, fakephoton_muon=0.672718, interference=-0.881473, lumi=0.323909, mu_efficiency=0.500481, mu_trigger=-1.17668, non_prompt_stat_ele=5.00787, non_prompt_stat_muon=2.24324, others_stat_ele=1.18707, others_stat_muon=-0.269992, others_xs=1.50432, param=1.06303, pdf_ele=1.41836, pdf_muon=0.611138, photon_id=0.299501, pileup=1.85519, scale_ele=1.6766, scale_muon=0.575162
RooProdPdf::model_s[ modelObs_s * nuisancePdf ]
     getLogVal() top-level p.d.f evaluates to zero @ !pdfs=(modelObs_s = 0/1,nuisancePdf = 1)

[#0] WARNING:Minization -- RooMinimizerFcn: Minimized function has error status.
Returning maximum FCN so far (741.758) to force MIGRAD to back out of this region. Error log follows
Parameter values: JER_ele=0.863793, JER_muon=2.23629, JES_ele=1.32943, JES_muon=-0.74043, QCD_stat_ele=0.186255, QCD_stat_muon=-0.170661, VBS_stat_ele=0.805581, VBS_stat_muon=-0.444478, ele_efficiency=0.936397, ele_trigger=-0.596139, fakephoton_ele=4.72012, fakephoton_muon=0.671829, interference=-0.881976, lumi=0.322852, mu_efficiency=0.500321, mu_trigger=-1.17727, non_prompt_stat_ele=5.00093, non_prompt_stat_muon=2.24124, others_stat_ele=1.18479, others_stat_muon=-0.270759, others_xs=1.50296, param=1.06303, pdf_ele=1.41622, pdf_muon=0.610056, photon_id=0.29677, pileup=1.8551, scale_ele=1.672, scale_muon=0.57281
RooProdPdf::model_s[ modelObs_s * nuisancePdf ]
     getLogVal() top-level p.d.f evaluates to zero @ !pdfs=(modelObs_s = 0/1,nuisancePdf = 1)

[#0] WARNING:Minization -- RooMinimizerFcn: Minimized function has error status.
Returning maximum FCN so far (741.758) to force MIGRAD to back out of this region. Error log follows
Parameter values: JER_ele=0.862864, JER_muon=2.23592, JES_ele=1.32777, JES_muon=-0.741244, QCD_stat_ele=0.182715, QCD_stat_muon=-0.172356, VBS_stat_ele=0.803967, VBS_stat_muon=-0.445041, ele_efficiency=0.936077, ele_trigger=-0.597373, fakephoton_ele=4.71435, fakephoton_muon=0.670935, interference=-0.882477, lumi=0.321798, mu_efficiency=0.500162, mu_trigger=-1.17786, non_prompt_stat_ele=4.99397, non_prompt_stat_muon=2.23923, others_stat_ele=1.18249, others_stat_muon=-0.271524, others_xs=1.50159, param=1.06303, pdf_ele=1.41408, pdf_muon=0.608971, photon_id=0.294039, pileup=1.85501, scale_ele=1.66739, scale_muon=0.570454
RooProdPdf::model_s[ modelObs_s * nuisancePdf ]
     getLogVal() top-level p.d.f evaluates to zero @ !pdfs=(modelObs_s = 0/1,nuisancePdf = 1)

[#0] WARNING:Minization -- RooMinimizerFcn: Minimized function has error status.
Returning maximum FCN so far (556.579) to force MIGRAD to back out of this region. Error log follows
Parameter values: JER_ele=-5.59083, JER_muon=-6.97132, JES_ele=0.115952, JES_muon=-6.59125, QCD_stat_ele=1.89302, QCD_stat_muon=-6.98897, VBS_stat_ele=-6.99381, VBS_stat_muon=-6.81249, ele_efficiency=-2.68593, ele_trigger=-2.15126, fakephoton_ele=5.81376, fakephoton_muon=-5.50897, interference=-0.455652, lumi=1.73881, mu_efficiency=-5.08789, mu_trigger=-5.68935, non_prompt_stat_ele=5.07758, non_prompt_stat_muon=-6.00876, others_stat_ele=-6.0745, others_stat_muon=6.77842, others_xs=1.66247, param=0.956192, pdf_ele=-6.69341, pdf_muon=-0.047774, photon_id=-5.35708, pileup=-6.79598, scale_ele=6.20196, scale_muon=5.83557
RooProdPdf::model_s[ modelObs_s * nuisancePdf ]
     getLogVal() top-level p.d.f evaluates to zero @ !pdfs=(modelObs_s = 0/1,nuisancePdf = 1)

[#0] WARNING:Minization -- RooMinimizerFcn: Minimized function has error status.
Returning maximum FCN so far (867.115) to force MIGRAD to back out of this region. Error log follows
Parameter values: JER_ele=1.92761, JER_muon=-6.94195, JES_ele=4.50326, JES_muon=-6.79898, QCD_stat_ele=0.453391, QCD_stat_muon=3.1061, VBS_stat_ele=1.31587, VBS_stat_muon=2.38913, ele_efficiency=6.50897, ele_trigger=-4.12334, fakephoton_ele=6.62454, fakephoton_muon=-5.22219, interference=-3.70817, lumi=-1.15505, mu_efficiency=-3.77051, mu_trigger=-5.6962, non_prompt_stat_ele=3.30723, non_prompt_stat_muon=-6.57131, others_stat_ele=5.18948, others_stat_muon=-5.37392, others_xs=-0.973464, param=0.947763, pdf_ele=4.13872, pdf_muon=-6.05821, photon_id=-6.37853, pileup=-3.25554, scale_ele=3.2859, scale_muon=4.68716
RooProdPdf::model_s[ modelObs_s * nuisancePdf ]
     getLogVal() top-level p.d.f evaluates to zero @ !pdfs=(modelObs_s = 0/1,nuisancePdf = 1)

[#0] WARNING:Minization -- RooMinimizerFcn: Minimized function has error status.
Returning maximum FCN so far (40.1004) to force MIGRAD to back out of this region. Error log follows
Parameter values: JER_ele=3.2067, JER_muon=6.18068, JES_ele=0.690583, JES_muon=6.99762, QCD_stat_ele=5.26377, QCD_stat_muon=-6.63807, VBS_stat_ele=-2.43362, VBS_stat_muon=3.67265, ele_efficiency=-6.93501, ele_trigger=-6.00303, fakephoton_ele=6.99502, fakephoton_muon=5.43424, interference=6.87601, lumi=-2.17781, mu_efficiency=6.85286, mu_trigger=6.99197, non_prompt_stat_ele=6.99997, non_prompt_stat_muon=-2.54994, others_stat_ele=6.7441, others_stat_muon=1.71706, others_xs=-3.74953, param=0.427096, pdf_ele=5.89783, pdf_muon=6.05589, photon_id=-6.78054, pileup=-0.91195, scale_ele=-4.29883, scale_muon=4.89665
RooProdPdf::model_s[ modelObs_s * nuisancePdf ]
     getLogVal() top-level p.d.f evaluates to zero @ !pdfs=(modelObs_s = 0/1,nuisancePdf = 1)

[#0] WARNING:Minization -- RooMinimizerFcn: Minimized function has error status.
Returning maximum FCN so far (742.844) to force MIGRAD to back out of this region. Error log follows
Parameter values: JER_ele=6.40436, JER_muon=0.213248, JES_ele=1.00045, JES_muon=-6.59284, QCD_stat_ele=-6.31205, QCD_stat_muon=1.52977, VBS_stat_ele=-0.157684, VBS_stat_muon=6.39909, ele_efficiency=5.2274, ele_trigger=-6.98603, fakephoton_ele=3.39199, fakephoton_muon=6.35789, interference=-3.92139, lumi=-1.61563, mu_efficiency=-5.28853, mu_trigger=-1.85765, non_prompt_stat_ele=6.99792, non_prompt_stat_muon=6.99954, others_stat_ele=6.7302, others_stat_muon=-3.35744, others_xs=6.73093, param=0.678607, pdf_ele=-5.98982, pdf_muon=-5.7937, photon_id=-6.46237, pileup=-6.39887, scale_ele=1.46376, scale_muon=-6.82936
RooProdPdf::model_s[ modelObs_s * nuisancePdf ]
     getLogVal() top-level p.d.f evaluates to zero @ !pdfs=(modelObs_s = 0/1,nuisancePdf = 1)

[#0] WARNING:Minization -- RooMinimizerFcn: Minimized function has error status.
Returning maximum FCN so far (742.844) to force MIGRAD to back out of this region. Error log follows
Parameter values: JER_ele=1.21675, JER_muon=-4.99935, JES_ele=-0.436688, JES_muon=5.94611, QCD_stat_ele=6.96839, QCD_stat_muon=5.13842, VBS_stat_ele=6.99977, VBS_stat_muon=-3.54565, ele_efficiency=-4.65982, ele_trigger=2.64726, fakephoton_ele=5.79401, fakephoton_muon=1.30751, interference=-6.28895, lumi=0.93683, mu_efficiency=-4.74197, mu_trigger=4.83329, non_prompt_stat_ele=4.12392, non_prompt_stat_muon=6.64202, others_stat_ele=-6.10305, others_stat_muon=6.16427, others_xs=5.05193, param=0.660706, pdf_ele=1.5065, pdf_muon=1.52781, photon_id=6.99175, pileup=-5.06033, scale_ele=4.48438, scale_muon=6.19716
RooProdPdf::model_s[ modelObs_s * nuisancePdf ]
     getLogVal() top-level p.d.f evaluates to zero @ !pdfs=(modelObs_s = 0/1,nuisancePdf = 1)


 -- Hybrid New -- 
CLs = 0.995968 +/- 0.00938578
Done in 16.43 min (cpu), 16.59 min (real)
