 <<< Combine >>> 
>>> including systematics
>>> using the Profile Likelihood test statistics modified for upper limits (Q_LHC)
>>> method used is HybridNew
>>> Used OpenSSL to get a really random seed 519258997
Computing results starting from observation (a-posteriori)
[#0] WARNING:Minization -- RooMinimizerFcn: Minimized function has error status.
Returning maximum FCN so far (753.579) to force MIGRAD to back out of this region. Error log follows
Parameter values: JER_ele=6.07179, JER_muon=-3.00369, JES_ele=-4.52679, JES_muon=6.22113, QCD_stat_ele=6.60805, QCD_stat_muon=-5.63868, VBS_stat_ele=6.01773, VBS_stat_muon=-6.67733, ele_efficiency=0.613439, ele_trigger=2.46727, fakephoton_ele=5.23873, fakephoton_muon=-6.44637, interference=-0.486389, lumi=6.61553, mu_efficiency=-6.99933, mu_trigger=2.28554, non_prompt_stat_ele=5.68762, non_prompt_stat_muon=6.38791, others_stat_ele=-3.28447, others_stat_muon=-0.883963, others_xs=-6.77435, param=2.1963, pdf_ele=1.38742, pdf_muon=-3.65963, photon_id=-5.13462, pileup=-4.18177, scale_ele=-2.70669, scale_muon=6.62402
RooProdPdf::model_s[ modelObs_s * nuisancePdf ]
     getLogVal() top-level p.d.f evaluates to zero @ !pdfs=(modelObs_s = 0/1,nuisancePdf = 1)

[#0] WARNING:Minization -- RooMinimizerFcn: Minimized function has error status.
Returning maximum FCN so far (753.579) to force MIGRAD to back out of this region. Error log follows
Parameter values: JER_ele=-1.93017, JER_muon=2.39233, JES_ele=-6.77363, JES_muon=-6.72709, QCD_stat_ele=3.59823, QCD_stat_muon=6.89299, VBS_stat_ele=-6.71031, VBS_stat_muon=-6.95965, ele_efficiency=3.40246, ele_trigger=3.64077, fakephoton_ele=5.68027, fakephoton_muon=-3.64305, interference=3.189, lumi=6.56193, mu_efficiency=6.67223, mu_trigger=-1.7192, non_prompt_stat_ele=6.9987, non_prompt_stat_muon=4.47539, others_stat_ele=5.30915, others_stat_muon=5.2435, others_xs=-4.26731, param=2.63378, pdf_ele=6.62231, pdf_muon=-5.9864, photon_id=-0.150328, pileup=5.37264, scale_ele=-1.38639, scale_muon=6.71991
RooProdPdf::model_s[ modelObs_s * nuisancePdf ]
     getLogVal() top-level p.d.f evaluates to zero @ !pdfs=(modelObs_s = 0/1,nuisancePdf = 1)

[#0] WARNING:Minization -- RooMinimizerFcn: Minimized function has error status.
Returning maximum FCN so far (753.579) to force MIGRAD to back out of this region. Error log follows
Parameter values: JER_ele=-6.32939, JER_muon=6.31967, JES_ele=4.02489, JES_muon=2.04891, QCD_stat_ele=-0.496363, QCD_stat_muon=3.86752, VBS_stat_ele=-6.16765, VBS_stat_muon=6.68184, ele_efficiency=2.22549, ele_trigger=-1.40964, fakephoton_ele=4.63971, fakephoton_muon=-4.78842, interference=4.02363, lumi=1.3369, mu_efficiency=0.928897, mu_trigger=-6.72431, non_prompt_stat_ele=6.56612, non_prompt_stat_muon=4.75011, others_stat_ele=-6.65826, others_stat_muon=6.94835, others_xs=-6.35462, param=3.79978, pdf_ele=-2.42757, pdf_muon=-6.63559, photon_id=-2.98386, pileup=3.36288, scale_ele=4.82139, scale_muon=-1.56302
RooProdPdf::model_s[ modelObs_s * nuisancePdf ]
     getLogVal() top-level p.d.f evaluates to zero @ !pdfs=(modelObs_s = 0/1,nuisancePdf = 1)

[#0] WARNING:Minization -- RooMinimizerFcn: Minimized function has error status.
Returning maximum FCN so far (900.482) to force MIGRAD to back out of this region. Error log follows
Parameter values: JER_ele=-6.96552, JER_muon=-0.377671, JES_ele=-3.96253, JES_muon=4.16373, QCD_stat_ele=1.63032, QCD_stat_muon=4.57509, VBS_stat_ele=4.9226, VBS_stat_muon=-6.98779, ele_efficiency=-5.18005, ele_trigger=-6.1301, fakephoton_ele=2.77309, fakephoton_muon=-2.68614, interference=-6.52549, lumi=-5.54812, mu_efficiency=0.620527, mu_trigger=-6.70265, non_prompt_stat_ele=6.34462, non_prompt_stat_muon=-6.85293, others_stat_ele=2.23534, others_stat_muon=5.65221, others_xs=-5.42366, param=0.415776, pdf_ele=3.86402, pdf_muon=-0.915693, photon_id=-2.13905, pileup=0.30127, scale_ele=-4.28233, scale_muon=-1.29409
RooProdPdf::model_s[ modelObs_s * nuisancePdf ]
     getLogVal() top-level p.d.f evaluates to zero @ !pdfs=(modelObs_s = 0/1,nuisancePdf = 1)

[#0] WARNING:Minization -- RooMinimizerFcn: Minimized function has error status.
Returning maximum FCN so far (900.482) to force MIGRAD to back out of this region. Error log follows
Parameter values: JER_ele=0.11055, JER_muon=5.03193, JES_ele=1.01914, JES_muon=0.805907, QCD_stat_ele=5.78242, QCD_stat_muon=6.58235, VBS_stat_ele=6.99954, VBS_stat_muon=4.10678, ele_efficiency=2.27534, ele_trigger=1.42575, fakephoton_ele=6.81998, fakephoton_muon=5.4095, interference=6.17311, lumi=5.8036, mu_efficiency=-5.10628, mu_trigger=6.65113, non_prompt_stat_ele=6.90151, non_prompt_stat_muon=-5.31059, others_stat_ele=2.0771, others_stat_muon=2.42016, others_xs=2.57403, param=3.83751, pdf_ele=6.9482, pdf_muon=6.50549, photon_id=6.83203, pileup=-1.47985, scale_ele=1.31168, scale_muon=0.835229
RooProdPdf::model_s[ modelObs_s * nuisancePdf ]
     getLogVal() top-level p.d.f evaluates to zero @ !pdfs=(modelObs_s = 0/1,nuisancePdf = 1)

[#0] WARNING:Minization -- RooMinimizerFcn: Minimized function has error status.
Returning maximum FCN so far (930.125) to force MIGRAD to back out of this region. Error log follows
Parameter values: JER_ele=6.79433, JER_muon=3.97447, JES_ele=5.79222, JES_muon=5.83435, QCD_stat_ele=3.9589, QCD_stat_muon=6.44894, VBS_stat_ele=6.88109, VBS_stat_muon=3.0639, ele_efficiency=3.31579, ele_trigger=6.79556, fakephoton_ele=1.69095, fakephoton_muon=4.51633, interference=5.96113, lumi=6.99993, mu_efficiency=1.74837, mu_trigger=6.95415, non_prompt_stat_ele=6.97552, non_prompt_stat_muon=6.86538, others_stat_ele=3.74517, others_stat_muon=5.19735, others_xs=6.92933, param=3.84115, pdf_ele=-0.91322, pdf_muon=3.75837, photon_id=-6.79834, pileup=0.892492, scale_ele=3.83967, scale_muon=0.936036
RooProdPdf::model_s[ modelObs_s * nuisancePdf ]
     getLogVal() top-level p.d.f evaluates to zero @ !pdfs=(modelObs_s = 0/1,nuisancePdf = 1)


 -- Hybrid New -- 
CLs = 0.420354 +/- 0.0269575
Done in 16.71 min (cpu), 16.87 min (real)
