 <<< Combine >>> 
>>> including systematics
>>> using the Profile Likelihood test statistics modified for upper limits (Q_LHC)
>>> method used is HybridNew
>>> Used OpenSSL to get a really random seed 209291117
Computing results starting from observation (a-posteriori)
[#0] WARNING:Minization -- RooMinimizerFcn: Minimized function has error status.
Returning maximum FCN so far (43.6095) to force MIGRAD to back out of this region. Error log follows
Parameter values: JER_ele=-4.9978, JER_muon=5.187, JES_ele=-5.67632, JES_muon=0.362519, QCD_stat_ele=6.56674, QCD_stat_muon=2.84869, VBS_stat_ele=6.04654, VBS_stat_muon=4.3692, ele_efficiency=-2.18186, ele_trigger=-0.451605, fakephoton_ele=6.98244, fakephoton_muon=-6.70297, interference=-6.99905, lumi=1.39674, mu_efficiency=-0.837424, mu_trigger=-6.16621, non_prompt_stat_ele=6.81711, non_prompt_stat_muon=-6.68421, others_stat_ele=-5.73009, others_stat_muon=1.87745, others_xs=2.01518, param=0.112823, pdf_ele=1.48589, pdf_muon=6.24189, photon_id=-5.02136, pileup=4.98437, scale_ele=-0.463538, scale_muon=6.86523
RooProdPdf::model_s[ modelObs_s * nuisancePdf ]
     getLogVal() top-level p.d.f evaluates to zero @ !pdfs=(modelObs_s = 0/1,nuisancePdf = 1)

[#0] WARNING:Minization -- RooMinimizerFcn: Minimized function has error status.
Returning maximum FCN so far (930.499) to force MIGRAD to back out of this region. Error log follows
Parameter values: JER_ele=-6.96681, JER_muon=-5.64401, JES_ele=-6.66722, JES_muon=6.23923, QCD_stat_ele=6.93145, QCD_stat_muon=-5.25746, VBS_stat_ele=1.39298, VBS_stat_muon=4.08496, ele_efficiency=-0.968974, ele_trigger=4.90309, fakephoton_ele=6.71408, fakephoton_muon=-0.713706, interference=-0.082791, lumi=6.95774, mu_efficiency=2.55623, mu_trigger=6.97212, non_prompt_stat_ele=6.93623, non_prompt_stat_muon=1.00537, others_stat_ele=-4.41258, others_stat_muon=-4.29435, others_xs=-6.8662, param=0.426216, pdf_ele=0.292385, pdf_muon=5.11315, photon_id=6.76744, pileup=-6.46132, scale_ele=-3.99741, scale_muon=5.88066
RooProdPdf::model_s[ modelObs_s * nuisancePdf ]
     getLogVal() top-level p.d.f evaluates to zero @ !pdfs=(modelObs_s = 0/1,nuisancePdf = 1)

[#0] WARNING:Minization -- RooMinimizerFcn: Minimized function has error status.
Returning maximum FCN so far (1013.67) to force MIGRAD to back out of this region. Error log follows
Parameter values: JER_ele=4.51842, JER_muon=3.22265, JES_ele=-3.66625, JES_muon=-6.27211, QCD_stat_ele=-2.10556, QCD_stat_muon=-2.32951, VBS_stat_ele=-3.19173, VBS_stat_muon=-5.54189, ele_efficiency=-5.44287, ele_trigger=-3.93007, fakephoton_ele=6.17292, fakephoton_muon=-5.96086, interference=-4.35837, lumi=-0.756173, mu_efficiency=6.67089, mu_trigger=5.76146, non_prompt_stat_ele=6.68728, non_prompt_stat_muon=-5.3493, others_stat_ele=3.27741, others_stat_muon=6.67327, others_xs=1.73624, param=0.338311, pdf_ele=-6.9957, pdf_muon=-5.90491, photon_id=-6.92522, pileup=-4.15172, scale_ele=5.92853, scale_muon=6.55386
RooProdPdf::model_s[ modelObs_s * nuisancePdf ]
     getLogVal() top-level p.d.f evaluates to zero @ !pdfs=(modelObs_s = 0/1,nuisancePdf = 1)

[#0] WARNING:Minization -- RooMinimizerFcn: Minimized function has error status.
Returning maximum FCN so far (1013.67) to force MIGRAD to back out of this region. Error log follows
Parameter values: JER_ele=5.89429, JER_muon=-6.99411, JES_ele=4.22122, JES_muon=-0.12687, QCD_stat_ele=1.55305, QCD_stat_muon=6.38627, VBS_stat_ele=6.44426, VBS_stat_muon=6.40401, ele_efficiency=0.500452, ele_trigger=2.22787, fakephoton_ele=6.37095, fakephoton_muon=4.81417, interference=-6.97887, lumi=-4.98964, mu_efficiency=6.73464, mu_trigger=4.89483, non_prompt_stat_ele=6.90322, non_prompt_stat_muon=3.12525, others_stat_ele=6.18657, others_stat_muon=6.90738, others_xs=-6.26614, param=0.339803, pdf_ele=6.83649, pdf_muon=-3.27133, photon_id=-5.55837, pileup=-1.51551, scale_ele=4.34851, scale_muon=6.18183
RooProdPdf::model_s[ modelObs_s * nuisancePdf ]
     getLogVal() top-level p.d.f evaluates to zero @ !pdfs=(modelObs_s = 0/1,nuisancePdf = 1)

[#0] WARNING:Minization -- RooMinimizerFcn: Minimized function has error status.
Returning maximum FCN so far (1013.67) to force MIGRAD to back out of this region. Error log follows
Parameter values: JER_ele=3.22362, JER_muon=2.57075, JES_ele=2.88488, JES_muon=-5.13047, QCD_stat_ele=6.99993, QCD_stat_muon=-6.58616, VBS_stat_ele=3.52961, VBS_stat_muon=-6.47993, ele_efficiency=0.445065, ele_trigger=1.70187, fakephoton_ele=3.96441, fakephoton_muon=6.92914, interference=3.70782, lumi=5.2575, mu_efficiency=6.07807, mu_trigger=-5.5644, non_prompt_stat_ele=5.20707, non_prompt_stat_muon=-4.63372, others_stat_ele=6.08291, others_stat_muon=-6.97257, others_xs=1.02207, param=0.339258, pdf_ele=5.28249, pdf_muon=3.271, photon_id=3.64909, pileup=-0.0155139, scale_ele=6.41679, scale_muon=1.45698
RooProdPdf::model_s[ modelObs_s * nuisancePdf ]
     getLogVal() top-level p.d.f evaluates to zero @ !pdfs=(modelObs_s = 0/1,nuisancePdf = 1)

[#0] WARNING:Minization -- RooMinimizerFcn: Minimized function has error status.
Returning maximum FCN so far (631.352) to force MIGRAD to back out of this region. Error log follows
Parameter values: JER_ele=-5.20878, JER_muon=6.44321, JES_ele=-2.70442, JES_muon=2.35076, QCD_stat_ele=-6.27173, QCD_stat_muon=6.0007, VBS_stat_ele=-4.90786, VBS_stat_muon=-1.69216, ele_efficiency=4.32928, ele_trigger=-5.63973, fakephoton_ele=6.36887, fakephoton_muon=6.50613, interference=-4.60276, lumi=2.30014, mu_efficiency=-0.357729, mu_trigger=5.95429, non_prompt_stat_ele=-5.96725, non_prompt_stat_muon=6.85985, others_stat_ele=4.0033, others_stat_muon=-6.57565, others_xs=-5.55515, param=0.457499, pdf_ele=-0.089798, pdf_muon=-4.14996, photon_id=-5.64639, pileup=-1.99904, scale_ele=1.09724, scale_muon=6.1714
RooProdPdf::model_s[ modelObs_s * nuisancePdf ]
     getLogVal() top-level p.d.f evaluates to zero @ !pdfs=(modelObs_s = 0/1,nuisancePdf = 1)

[#0] WARNING:Minization -- RooMinimizerFcn: Minimized function has error status.
Returning maximum FCN so far (631.352) to force MIGRAD to back out of this region. Error log follows
Parameter values: JER_ele=6.0187, JER_muon=2.5255, JES_ele=-4.44167, JES_muon=-5.95092, QCD_stat_ele=-5.62717, QCD_stat_muon=6.95637, VBS_stat_ele=2.4704, VBS_stat_muon=-6.18825, ele_efficiency=4.70945, ele_trigger=6.17595, fakephoton_ele=6.8393, fakephoton_muon=-5.80696, interference=4.80998, lumi=0.782838, mu_efficiency=4.25265, mu_trigger=-6.8984, non_prompt_stat_ele=6.95663, non_prompt_stat_muon=-6.99474, others_stat_ele=5.10279, others_stat_muon=3.43962, others_xs=0.331832, param=0.457831, pdf_ele=-0.396184, pdf_muon=-6.99995, photon_id=6.99161, pileup=0.842612, scale_ele=4.70346, scale_muon=-2.28124
RooProdPdf::model_s[ modelObs_s * nuisancePdf ]
     getLogVal() top-level p.d.f evaluates to zero @ !pdfs=(modelObs_s = 0/1,nuisancePdf = 1)

[#0] WARNING:Minization -- RooMinimizerFcn: Minimized function has error status.
Returning maximum FCN so far (631.352) to force MIGRAD to back out of this region. Error log follows
Parameter values: JER_ele=-5.25731, JER_muon=0.0149345, JES_ele=-6.5375, JES_muon=-0.796677, QCD_stat_ele=-6.89149, QCD_stat_muon=4.44793, VBS_stat_ele=3.64134, VBS_stat_muon=-2.63667, ele_efficiency=6.41157, ele_trigger=-6.96816, fakephoton_ele=5.69626, fakephoton_muon=-4.26171, interference=6.31528, lumi=-3.80905, mu_efficiency=5.41342, mu_trigger=-6.154, non_prompt_stat_ele=6.9518, non_prompt_stat_muon=-5.38869, others_stat_ele=2.06647, others_stat_muon=-4.67236, others_xs=-0.50741, param=0.456776, pdf_ele=-4.15555, pdf_muon=-5.85905, photon_id=3.6521, pileup=-6.03262, scale_ele=4.32011, scale_muon=-6.159
RooProdPdf::model_s[ modelObs_s * nuisancePdf ]
     getLogVal() top-level p.d.f evaluates to zero @ !pdfs=(modelObs_s = 0/1,nuisancePdf = 1)

[#0] WARNING:Minization -- RooMinimizerFcn: Minimized function has error status.
Returning maximum FCN so far (631.352) to force MIGRAD to back out of this region. Error log follows
Parameter values: JER_ele=1.54711, JER_muon=-5.55186, JES_ele=-6.80069, JES_muon=-3.85355, QCD_stat_ele=1.02358, QCD_stat_muon=-6.99211, VBS_stat_ele=6.95041, VBS_stat_muon=0.320049, ele_efficiency=2.3615, ele_trigger=3.03873, fakephoton_ele=5.37494, fakephoton_muon=-4.22378, interference=5.62518, lumi=-2.44646, mu_efficiency=-4.32887, mu_trigger=-3.90611, non_prompt_stat_ele=4.83685, non_prompt_stat_muon=-2.32649, others_stat_ele=-5.90677, others_stat_muon=2.71757, others_xs=-4.31391, param=0.457221, pdf_ele=-5.49768, pdf_muon=-6.5112, photon_id=-4.28348, pileup=-1.5145, scale_ele=6.57543, scale_muon=-1.48653
RooProdPdf::model_s[ modelObs_s * nuisancePdf ]
     getLogVal() top-level p.d.f evaluates to zero @ !pdfs=(modelObs_s = 0/1,nuisancePdf = 1)

[#0] WARNING:Minization -- RooMinimizerFcn: Minimized function has error status.
Returning maximum FCN so far (675.695) to force MIGRAD to back out of this region. Error log follows
Parameter values: JER_ele=-3.19033, JER_muon=-6.98549, JES_ele=-6.69384, JES_muon=1.22824, QCD_stat_ele=-4.45578, QCD_stat_muon=-1.24203, VBS_stat_ele=-3.96059, VBS_stat_muon=-6.87976, ele_efficiency=-4.87587, ele_trigger=-5.22075, fakephoton_ele=6.98398, fakephoton_muon=6.12039, interference=4.33035, lumi=6.53039, mu_efficiency=-6.97159, mu_trigger=0.659594, non_prompt_stat_ele=5.03684, non_prompt_stat_muon=-2.5087, others_stat_ele=4.99155, others_stat_muon=-0.95717, others_xs=0.414699, param=0.392939, pdf_ele=-6.10678, pdf_muon=5.25394, photon_id=-4.24381, pileup=-6.99561, scale_ele=6.73409, scale_muon=-2.74045
RooProdPdf::model_s[ modelObs_s * nuisancePdf ]
     getLogVal() top-level p.d.f evaluates to zero @ !pdfs=(modelObs_s = 0/1,nuisancePdf = 1)

[#0] WARNING:Minization -- RooMinimizerFcn: Minimized function has error status.
Returning maximum FCN so far (675.695) to force MIGRAD to back out of this region. Error log follows
Parameter values: JER_ele=6.90749, JER_muon=3.15064, JES_ele=3.6789, JES_muon=4.04405, QCD_stat_ele=4.07856, QCD_stat_muon=-6.56769, VBS_stat_ele=-5.75828, VBS_stat_muon=-2.00519, ele_efficiency=-1.14509, ele_trigger=-6.23755, fakephoton_ele=5.83621, fakephoton_muon=5.0472, interference=-6.28603, lumi=3.21388, mu_efficiency=0.73467, mu_trigger=6.9205, non_prompt_stat_ele=6.63675, non_prompt_stat_muon=4.91969, others_stat_ele=-6.50791, others_stat_muon=-4.32563, others_xs=-5.96784, param=0.391845, pdf_ele=-6.88978, pdf_muon=2.31599, photon_id=-6.77087, pileup=-6.1374, scale_ele=-6.70555, scale_muon=-4.06643
RooProdPdf::model_s[ modelObs_s * nuisancePdf ]
     getLogVal() top-level p.d.f evaluates to zero @ !pdfs=(modelObs_s = 0/1,nuisancePdf = 1)

[#0] WARNING:Minization -- RooMinimizerFcn: Minimized function has error status.
Returning maximum FCN so far (855.293) to force MIGRAD to back out of this region. Error log follows
Parameter values: JER_ele=6.37971, JER_muon=-5.42051, JES_ele=-1.11689, JES_muon=-6.04928, QCD_stat_ele=2.46635, QCD_stat_muon=5.71939, VBS_stat_ele=-5.56453, VBS_stat_muon=4.51809, ele_efficiency=2.76372, ele_trigger=3.50121, fakephoton_ele=5.70675, fakephoton_muon=6.66227, interference=2.01148, lumi=6.89775, mu_efficiency=0.256459, mu_trigger=6.66155, non_prompt_stat_ele=4.24658, non_prompt_stat_muon=-4.54202, others_stat_ele=-3.9202, others_stat_muon=-1.6192, others_xs=6.51967, param=0.39541, pdf_ele=-6.99982, pdf_muon=3.26326, photon_id=-4.19352, pileup=6.51166, scale_ele=-5.29556, scale_muon=5.97329
RooProdPdf::model_s[ modelObs_s * nuisancePdf ]
     getLogVal() top-level p.d.f evaluates to zero @ !pdfs=(modelObs_s = 0/1,nuisancePdf = 1)

[#0] WARNING:Minization -- RooMinimizerFcn: Minimized function has error status.
Returning maximum FCN so far (855.293) to force MIGRAD to back out of this region. Error log follows
Parameter values: JER_ele=0.982259, JER_muon=3.21822, JES_ele=1.56518, JES_muon=6.25629, QCD_stat_ele=1.98468, QCD_stat_muon=1.4701, VBS_stat_ele=1.74108, VBS_stat_muon=3.70693, ele_efficiency=-1.16759, ele_trigger=1.30136, fakephoton_ele=2.00948, fakephoton_muon=5.3877, interference=3.07602, lumi=3.68453, mu_efficiency=-0.395929, mu_trigger=5.59668, non_prompt_stat_ele=3.31898, non_prompt_stat_muon=6.68126, others_stat_ele=-1.39953, others_stat_muon=6.89519, others_xs=4.82157, param=0.394067, pdf_ele=1.66742, pdf_muon=6.81858, photon_id=6.93031, pileup=-0.6081, scale_ele=4.14246, scale_muon=-0.771678
RooProdPdf::model_s[ modelObs_s * nuisancePdf ]
     getLogVal() top-level p.d.f evaluates to zero @ !pdfs=(modelObs_s = 0/1,nuisancePdf = 1)

[#0] WARNING:Minization -- RooMinimizerFcn: Minimized function has error status.
Returning maximum FCN so far (855.293) to force MIGRAD to back out of this region. Error log follows
Parameter values: JER_ele=6.9332, JER_muon=6.97942, JES_ele=1.41481, JES_muon=4.01003, QCD_stat_ele=5.55148, QCD_stat_muon=6.13213, VBS_stat_ele=-0.542124, VBS_stat_muon=5.33076, ele_efficiency=2.34997, ele_trigger=5.26587, fakephoton_ele=2.34307, fakephoton_muon=-3.1923, interference=-3.38737, lumi=3.73147, mu_efficiency=4.59286, mu_trigger=-6.42644, non_prompt_stat_ele=6.18246, non_prompt_stat_muon=-6.10402, others_stat_ele=6.98048, others_stat_muon=1.32961, others_xs=-1.31977, param=0.394956, pdf_ele=-5.69548, pdf_muon=-0.128052, photon_id=6.88132, pileup=3.58451, scale_ele=0.970194, scale_muon=2.99233
RooProdPdf::model_s[ modelObs_s * nuisancePdf ]
     getLogVal() top-level p.d.f evaluates to zero @ !pdfs=(modelObs_s = 0/1,nuisancePdf = 1)

[#0] WARNING:Minization -- RooMinimizerFcn: Minimized function has error status.
Returning maximum FCN so far (855.293) to force MIGRAD to back out of this region. Error log follows
Parameter values: JER_ele=0.851257, JER_muon=1.92395, JES_ele=1.34758, JES_muon=4.59081, QCD_stat_ele=1.5209, QCD_stat_muon=6.50571, VBS_stat_ele=1.47803, VBS_stat_muon=2.34149, ele_efficiency=-1.20874, ele_trigger=1.12965, fakephoton_ele=1.52759, fakephoton_muon=4.24986, interference=2.16324, lumi=2.71919, mu_efficiency=-0.891054, mu_trigger=4.16351, non_prompt_stat_ele=2.77179, non_prompt_stat_muon=6.76886, others_stat_ele=-1.75859, others_stat_muon=5.94687, others_xs=3.55064, param=0.394053, pdf_ele=1.35466, pdf_muon=5.28331, photon_id=5.7274, pileup=-0.712538, scale_ele=3.55412, scale_muon=5.61385
RooProdPdf::model_s[ modelObs_s * nuisancePdf ]
     getLogVal() top-level p.d.f evaluates to zero @ !pdfs=(modelObs_s = 0/1,nuisancePdf = 1)

[#0] WARNING:Minization -- RooMinimizerFcn: Minimized function has error status.
Returning maximum FCN so far (855.293) to force MIGRAD to back out of this region. Error log follows
Parameter values: JER_ele=-5.92074, JER_muon=6.74113, JES_ele=-6.87137, JES_muon=-6.32081, QCD_stat_ele=6.96488, QCD_stat_muon=-4.99569, VBS_stat_ele=-6.59466, VBS_stat_muon=6.94771, ele_efficiency=-3.6064, ele_trigger=-6.83683, fakephoton_ele=6.57811, fakephoton_muon=6.00658, interference=0.0484117, lumi=3.9786, mu_efficiency=-6.9192, mu_trigger=1.13551, non_prompt_stat_ele=5.942, non_prompt_stat_muon=-4.10147, others_stat_ele=-6.97566, others_stat_muon=-6.75559, others_xs=5.99145, param=0.39358, pdf_ele=-3.71656, pdf_muon=5.85503, photon_id=6.41116, pileup=-3.43985, scale_ele=3.8112, scale_muon=-2.03753
RooProdPdf::model_s[ modelObs_s * nuisancePdf ]
     getLogVal() top-level p.d.f evaluates to zero @ !pdfs=(modelObs_s = 0/1,nuisancePdf = 1)

[#0] WARNING:Minization -- RooMinimizerFcn: Minimized function has error status.
Returning maximum FCN so far (855.293) to force MIGRAD to back out of this region. Error log follows
Parameter values: JER_ele=3.07888, JER_muon=6.97581, JES_ele=4.87572, JES_muon=0.825233, QCD_stat_ele=6.93742, QCD_stat_muon=6.99812, VBS_stat_ele=5.21895, VBS_stat_muon=6.96682, ele_efficiency=-0.455598, ele_trigger=4.00667, fakephoton_ele=6.99988, fakephoton_muon=5.77895, interference=6.55293, lumi=6.97822, mu_efficiency=1.93823, mu_trigger=4.89095, non_prompt_stat_ele=6.09606, non_prompt_stat_muon=-6.62493, others_stat_ele=0.722254, others_stat_muon=-1.49778, others_xs=6.24833, param=0.394295, pdf_ele=5.94255, pdf_muon=-3.95334, photon_id=-6.14799, pileup=0.0457521, scale_ele=4.86802, scale_muon=6.21423
RooProdPdf::model_s[ modelObs_s * nuisancePdf ]
     getLogVal() top-level p.d.f evaluates to zero @ !pdfs=(modelObs_s = 0/1,nuisancePdf = 1)

[#0] WARNING:Minization -- RooMinimizerFcn: Minimized function has error status.
Returning maximum FCN so far (855.293) to force MIGRAD to back out of this region. Error log follows
Parameter values: JER_ele=2.21544, JER_muon=5.75199, JES_ele=3.59779, JES_muon=6.29505, QCD_stat_ele=6.2758, QCD_stat_muon=-5.7836, VBS_stat_ele=3.89324, VBS_stat_muon=6.21985, ele_efficiency=-0.758005, ele_trigger=2.9212, fakephoton_ele=6.01966, fakephoton_muon=6.98972, interference=5.14438, lumi=5.98845, mu_efficiency=0.723412, mu_trigger=6.99206, non_prompt_stat_ele=6.91473, non_prompt_stat_muon=-2.02162, others_stat_ele=-0.301546, others_stat_muon=5.00866, others_xs=6.88898, param=0.394231, pdf_ele=4.4358, pdf_muon=4.23741, photon_id=2.17233, pileup=-0.277625, scale_ele=6.98487, scale_muon=-3.97349
RooProdPdf::model_s[ modelObs_s * nuisancePdf ]
     getLogVal() top-level p.d.f evaluates to zero @ !pdfs=(modelObs_s = 0/1,nuisancePdf = 1)


 -- Hybrid New -- 
CLs = 1.00203 +/- 0.0126144
Done in 9.60 min (cpu), 9.60 min (real)
