tZq
/data/pubfs/tyyang99/jupyter_files/pkutree/coffea_newid_mc_ssww_parquet/tZq/0/0.parquet 	1/19
837
700
7758
/data/pubfs/tyyang99/jupyter_files/pkutree/coffea_newid_mc_ssww_parquet/tZq/1/1.parquet 	2/19
641
552
5974
/data/pubfs/tyyang99/jupyter_files/pkutree/coffea_newid_mc_ssww_parquet/tZq/2/2.parquet 	3/19
753
632
6659
/data/pubfs/tyyang99/jupyter_files/pkutree/coffea_newid_mc_ssww_parquet/tZq/3/3.parquet 	4/19
714
591
6889
/data/pubfs/tyyang99/jupyter_files/pkutree/coffea_newid_mc_ssww_parquet/tZq/4/4.parquet 	5/19
132
104
1588
/data/pubfs/tyyang99/jupyter_files/pkutree/coffea_newid_mc_ssww_parquet/tZq/5/5.parquet 	6/19
1271
1019
11366
/data/pubfs/tyyang99/jupyter_files/pkutree/coffea_newid_mc_ssww_parquet/tZq/6/6.parquet 	7/19
911
771
7948
/data/pubfs/tyyang99/jupyter_files/pkutree/coffea_newid_mc_ssww_parquet/tZq/7/7.parquet 	8/19
1151
945
10572
/data/pubfs/tyyang99/jupyter_files/pkutree/coffea_newid_mc_ssww_parquet/tZq/8/8.parquet 	9/19
57
47
511
/data/pubfs/tyyang99/jupyter_files/pkutree/coffea_newid_mc_ssww_parquet/tZq/9/9.parquet 	10/19
941
791
8778
/data/pubfs/tyyang99/jupyter_files/pkutree/coffea_newid_mc_ssww_parquet/tZq/10/10.parquet 	11/19
884
727
8122
/data/pubfs/tyyang99/jupyter_files/pkutree/coffea_newid_mc_ssww_parquet/tZq/11/11.parquet 	12/19
220
172
1984
/data/pubfs/tyyang99/jupyter_files/pkutree/coffea_newid_mc_ssww_parquet/tZq/12/12.parquet 	13/19
815
689
7169
/data/pubfs/tyyang99/jupyter_files/pkutree/coffea_newid_mc_ssww_parquet/tZq/13/13.parquet 	14/19
1361
1138
12471
/data/pubfs/tyyang99/jupyter_files/pkutree/coffea_newid_mc_ssww_parquet/tZq/14/14.parquet 	15/19
802
683
7543
/data/pubfs/tyyang99/jupyter_files/pkutree/coffea_newid_mc_ssww_parquet/tZq/15/15.parquet 	16/19
815
682
7539
/data/pubfs/tyyang99/jupyter_files/pkutree/coffea_newid_mc_ssww_parquet/tZq/16/16.parquet 	17/19
704
583
6306
/data/pubfs/tyyang99/jupyter_files/pkutree/coffea_newid_mc_ssww_parquet/tZq/17/17.parquet 	18/19
563
463
5172
/data/pubfs/tyyang99/jupyter_files/pkutree/coffea_newid_mc_ssww_parquet/tZq/18/18.parquet 	19/19
1495
1223
13711
job done!
