VBFHToTauTau
/data/pubfs/tyyang99/jupyter_files/pkutree/coffea_newid_mc_ssww_parquet/VBFHToTauTau/0/0.parquet 	1/35
0
0
49
/data/pubfs/tyyang99/jupyter_files/pkutree/coffea_newid_mc_ssww_parquet/VBFHToTauTau/1/1.parquet 	2/35
0
0
20
/data/pubfs/tyyang99/jupyter_files/pkutree/coffea_newid_mc_ssww_parquet/VBFHToTauTau/2/2.parquet 	3/35
0
0
72
/data/pubfs/tyyang99/jupyter_files/pkutree/coffea_newid_mc_ssww_parquet/VBFHToTauTau/3/3.parquet 	4/35
0
0
122
/data/pubfs/tyyang99/jupyter_files/pkutree/coffea_newid_mc_ssww_parquet/VBFHToTauTau/4/4.parquet 	5/35
2
0
418
/data/pubfs/tyyang99/jupyter_files/pkutree/coffea_newid_mc_ssww_parquet/VBFHToTauTau/5/5.parquet 	6/35
0
0
27
/data/pubfs/tyyang99/jupyter_files/pkutree/coffea_newid_mc_ssww_parquet/VBFHToTauTau/6/6.parquet 	7/35
0
0
172
/data/pubfs/tyyang99/jupyter_files/pkutree/coffea_newid_mc_ssww_parquet/VBFHToTauTau/7/7.parquet 	8/35
5
0
1190
/data/pubfs/tyyang99/jupyter_files/pkutree/coffea_newid_mc_ssww_parquet/VBFHToTauTau/8/8.parquet 	9/35
0
0
18
/data/pubfs/tyyang99/jupyter_files/pkutree/coffea_newid_mc_ssww_parquet/VBFHToTauTau/9/9.parquet 	10/35
0
0
101
/data/pubfs/tyyang99/jupyter_files/pkutree/coffea_newid_mc_ssww_parquet/VBFHToTauTau/10/10.parquet 	11/35
0
0
82
/data/pubfs/tyyang99/jupyter_files/pkutree/coffea_newid_mc_ssww_parquet/VBFHToTauTau/11/11.parquet 	12/35
0
0
22
/data/pubfs/tyyang99/jupyter_files/pkutree/coffea_newid_mc_ssww_parquet/VBFHToTauTau/12/12.parquet 	13/35
1
1
98
/data/pubfs/tyyang99/jupyter_files/pkutree/coffea_newid_mc_ssww_parquet/VBFHToTauTau/13/13.parquet 	14/35
0
0
8
/data/pubfs/tyyang99/jupyter_files/pkutree/coffea_newid_mc_ssww_parquet/VBFHToTauTau/14/14.parquet 	15/35
0
0
115
/data/pubfs/tyyang99/jupyter_files/pkutree/coffea_newid_mc_ssww_parquet/VBFHToTauTau/15/15.parquet 	16/35
0
0
346
/data/pubfs/tyyang99/jupyter_files/pkutree/coffea_newid_mc_ssww_parquet/VBFHToTauTau/16/16.parquet 	17/35
0
0
189
/data/pubfs/tyyang99/jupyter_files/pkutree/coffea_newid_mc_ssww_parquet/VBFHToTauTau/17/17.parquet 	18/35
0
0
24
/data/pubfs/tyyang99/jupyter_files/pkutree/coffea_newid_mc_ssww_parquet/VBFHToTauTau/18/18.parquet 	19/35
1
0
151
/data/pubfs/tyyang99/jupyter_files/pkutree/coffea_newid_mc_ssww_parquet/VBFHToTauTau/19/19.parquet 	20/35
0
0
69
/data/pubfs/tyyang99/jupyter_files/pkutree/coffea_newid_mc_ssww_parquet/VBFHToTauTau/20/20.parquet 	21/35
0
0
93
/data/pubfs/tyyang99/jupyter_files/pkutree/coffea_newid_mc_ssww_parquet/VBFHToTauTau/21/21.parquet 	22/35
3
2
580
/data/pubfs/tyyang99/jupyter_files/pkutree/coffea_newid_mc_ssww_parquet/VBFHToTauTau/22/22.parquet 	23/35
0
0
60
/data/pubfs/tyyang99/jupyter_files/pkutree/coffea_newid_mc_ssww_parquet/VBFHToTauTau/23/23.parquet 	24/35
0
0
10
/data/pubfs/tyyang99/jupyter_files/pkutree/coffea_newid_mc_ssww_parquet/VBFHToTauTau/24/24.parquet 	25/35
1
0
72
/data/pubfs/tyyang99/jupyter_files/pkutree/coffea_newid_mc_ssww_parquet/VBFHToTauTau/25/25.parquet 	26/35
0
0
323
/data/pubfs/tyyang99/jupyter_files/pkutree/coffea_newid_mc_ssww_parquet/VBFHToTauTau/26/26.parquet 	27/35
0
0
46
/data/pubfs/tyyang99/jupyter_files/pkutree/coffea_newid_mc_ssww_parquet/VBFHToTauTau/27/27.parquet 	28/35
0
0
137
/data/pubfs/tyyang99/jupyter_files/pkutree/coffea_newid_mc_ssww_parquet/VBFHToTauTau/28/28.parquet 	29/35
0
0
185
/data/pubfs/tyyang99/jupyter_files/pkutree/coffea_newid_mc_ssww_parquet/VBFHToTauTau/29/29.parquet 	30/35
0
0
1
/data/pubfs/tyyang99/jupyter_files/pkutree/coffea_newid_mc_ssww_parquet/VBFHToTauTau/30/30.parquet 	31/35
0
0
136
/data/pubfs/tyyang99/jupyter_files/pkutree/coffea_newid_mc_ssww_parquet/VBFHToTauTau/31/31.parquet 	32/35
0
0
73
/data/pubfs/tyyang99/jupyter_files/pkutree/coffea_newid_mc_ssww_parquet/VBFHToTauTau/32/32.parquet 	33/35
1
1
48
/data/pubfs/tyyang99/jupyter_files/pkutree/coffea_newid_mc_ssww_parquet/VBFHToTauTau/33/33.parquet 	34/35
1
0
139
/data/pubfs/tyyang99/jupyter_files/pkutree/coffea_newid_mc_ssww_parquet/VBFHToTauTau/34/34.parquet 	35/35
0
0
32
job done!
