 <<< Combine >>> 
>>> including systematics
>>> using the Profile Likelihood test statistics modified for upper limits (Q_LHC)
>>> method used is HybridNew
>>> Used OpenSSL to get a really random seed -2141031655
Computing results starting from observation (a-posteriori)
[#0] WARNING:Minization -- RooMinimizerFcn: Minimized function has error status.
Returning maximum FCN so far (546.041) to force MIGRAD to back out of this region. Error log follows
Parameter values: JER_ele=5.53497, JER_muon=6.99847, JES_ele=1.25071, JES_muon=6.90384, QCD_stat_ele=6.78905, QCD_stat_muon=-6.75584, VBS_stat_ele=6.80962, VBS_stat_muon=1.65258, ele_efficiency=5.13001, ele_trigger=-4.22585, fakephoton_ele=-0.54769, fakephoton_muon=2.23467, interference=6.16231, lumi=6.97661, mu_efficiency=1.62703, mu_trigger=1.65378, non_prompt_stat_ele=6.77904, non_prompt_stat_muon=6.94353, others_stat_ele=5.55542, others_stat_muon=-0.974076, others_xs=6.879, param=0.000242583, pdf_ele=6.9288, pdf_muon=-1.58583, photon_id=5.23018, pileup=-3.87602, scale_ele=6.74844, scale_muon=-1.25278
RooProdPdf::model_s[ modelObs_s * nuisancePdf ]
     getLogVal() top-level p.d.f evaluates to zero @ !pdfs=(modelObs_s = 0/1,nuisancePdf = 1)

[#0] WARNING:Minization -- RooMinimizerFcn: Minimized function has error status.
Returning maximum FCN so far (710.297) to force MIGRAD to back out of this region. Error log follows
Parameter values: JER_ele=-4.69582, JER_muon=6.97517, JES_ele=1.8147, JES_muon=-0.904565, QCD_stat_ele=-2.75705, QCD_stat_muon=4.22116, VBS_stat_ele=2.40348, VBS_stat_muon=-4.38769, ele_efficiency=-0.424867, ele_trigger=2.23023, fakephoton_ele=3.59043, fakephoton_muon=-2.2484, interference=6.95022, lumi=-6.69604, mu_efficiency=-1.25463, mu_trigger=-5.9552, non_prompt_stat_ele=6.94541, non_prompt_stat_muon=6.85853, others_stat_ele=-1.83311, others_stat_muon=1.7174, others_xs=-4.9153, param=0.812198, pdf_ele=-1.78124, pdf_muon=-2.48082, photon_id=6.47436, pileup=-6.81173, scale_ele=-2.95084, scale_muon=-5.5737
RooProdPdf::model_s[ modelObs_s * nuisancePdf ]
     getLogVal() top-level p.d.f evaluates to zero @ !pdfs=(modelObs_s = 0/1,nuisancePdf = 1)

[#0] WARNING:Minization -- RooMinimizerFcn: Minimized function has error status.
Returning maximum FCN so far (710.297) to force MIGRAD to back out of this region. Error log follows
Parameter values: JER_ele=1.22051, JER_muon=0.219311, JES_ele=0.486118, JES_muon=-1.39214, QCD_stat_ele=1.78353, QCD_stat_muon=0.145583, VBS_stat_ele=1.10244, VBS_stat_muon=-0.479215, ele_efficiency=1.51235, ele_trigger=-1.16611, fakephoton_ele=6.90814, fakephoton_muon=-0.886972, interference=-0.438877, lumi=0.566792, mu_efficiency=-0.456641, mu_trigger=-2.49317, non_prompt_stat_ele=6.85745, non_prompt_stat_muon=-0.250073, others_stat_ele=1.92301, others_stat_muon=2.58399, others_xs=0.719993, param=0.564802, pdf_ele=2.68816, pdf_muon=0.0951403, photon_id=-0.0516403, pileup=-1.28549, scale_ele=4.15954, scale_muon=0.718431
RooProdPdf::model_s[ modelObs_s * nuisancePdf ]
     getLogVal() top-level p.d.f evaluates to zero @ !pdfs=(modelObs_s = 0/1,nuisancePdf = 1)

[#0] WARNING:Minization -- RooMinimizerFcn: Minimized function has error status.
Returning maximum FCN so far (710.297) to force MIGRAD to back out of this region. Error log follows
Parameter values: JER_ele=-4.24756, JER_muon=0.230871, JES_ele=-2.97816, JES_muon=-6.78959, QCD_stat_ele=6.28179, QCD_stat_muon=-6.87071, VBS_stat_ele=-4.52917, VBS_stat_muon=6.84645, ele_efficiency=2.39272, ele_trigger=-1.35486, fakephoton_ele=5.1515, fakephoton_muon=-3.72222, interference=-1.75397, lumi=-5.57098, mu_efficiency=-2.21638, mu_trigger=-6.43186, non_prompt_stat_ele=6.04282, non_prompt_stat_muon=-2.46614, others_stat_ele=-2.43022, others_stat_muon=-2.24948, others_xs=-4.91385, param=0.365236, pdf_ele=-6.4458, pdf_muon=1.15756, photon_id=2.24213, pileup=-5.49843, scale_ele=-0.0766112, scale_muon=-5.79378
RooProdPdf::model_s[ modelObs_s * nuisancePdf ]
     getLogVal() top-level p.d.f evaluates to zero @ !pdfs=(modelObs_s = 0/1,nuisancePdf = 1)

[#0] WARNING:Minization -- RooMinimizerFcn: Minimized function has error status.
Returning maximum FCN so far (743.059) to force MIGRAD to back out of this region. Error log follows
Parameter values: JER_ele=3.95497, JER_muon=1.2714, JES_ele=5.7144, JES_muon=0.336453, QCD_stat_ele=6.5467, QCD_stat_muon=3.15444, VBS_stat_ele=5.84169, VBS_stat_muon=2.40907, ele_efficiency=2.16719, ele_trigger=3.69707, fakephoton_ele=-3.7689, fakephoton_muon=-0.34784, interference=1.32581, lumi=3.84878, mu_efficiency=0.000556465, mu_trigger=-0.538107, non_prompt_stat_ele=6.99539, non_prompt_stat_muon=0.483437, others_stat_ele=6.79143, others_stat_muon=4.04833, others_xs=4.95998, param=0.0254545, pdf_ele=6.95615, pdf_muon=1.82914, photon_id=6.5013, pileup=-0.502415, scale_ele=0.131097, scale_muon=3.37676
RooProdPdf::model_s[ modelObs_s * nuisancePdf ]
     getLogVal() top-level p.d.f evaluates to zero @ !pdfs=(modelObs_s = 0/1,nuisancePdf = 1)

[#0] WARNING:Minization -- RooMinimizerFcn: Minimized function has error status.
Returning maximum FCN so far (862.333) to force MIGRAD to back out of this region. Error log follows
Parameter values: JER_ele=0.578049, JER_muon=0.225467, JES_ele=0.161864, JES_muon=-1.04708, QCD_stat_ele=0.307386, QCD_stat_muon=0.117938, VBS_stat_ele=0.609514, VBS_stat_muon=0.0266196, ele_efficiency=0.946752, ele_trigger=-0.870094, fakephoton_ele=6.7644, fakephoton_muon=-0.738866, interference=-0.288885, lumi=0.387314, mu_efficiency=-0.315925, mu_trigger=-1.65411, non_prompt_stat_ele=6.99416, non_prompt_stat_muon=-0.457358, others_stat_ele=1.11579, others_stat_muon=2.29736, others_xs=0.724677, param=0.243467, pdf_ele=1.44721, pdf_muon=-0.158273, photon_id=-0.19458, pileup=-0.853107, scale_ele=2.60269, scale_muon=-0.00890057
RooProdPdf::model_s[ modelObs_s * nuisancePdf ]
     getLogVal() top-level p.d.f evaluates to zero @ !pdfs=(modelObs_s = 0/1,nuisancePdf = 1)

[#0] WARNING:Minization -- RooMinimizerFcn: Minimized function has error status.
Returning maximum FCN so far (862.333) to force MIGRAD to back out of this region. Error log follows
Parameter values: JER_ele=2.02165, JER_muon=-2.84931, JES_ele=-2.47274, JES_muon=-6.67396, QCD_stat_ele=-6.95257, QCD_stat_muon=-1.06706, VBS_stat_ele=6.51122, VBS_stat_muon=4.73504, ele_efficiency=-6.45544, ele_trigger=6.92497, fakephoton_ele=6.53241, fakephoton_muon=-3.13776, interference=-5.07446, lumi=-1.12912, mu_efficiency=-1.651, mu_trigger=-5.3925, non_prompt_stat_ele=4.07964, non_prompt_stat_muon=-5.8239, others_stat_ele=-6.69778, others_stat_muon=-6.99657, others_xs=6.97279, param=1.06991, pdf_ele=-5.57755, pdf_muon=-6.16305, photon_id=-6.92646, pileup=-2.70956, scale_ele=-5.67238, scale_muon=1.18882
RooProdPdf::model_s[ modelObs_s * nuisancePdf ]
     getLogVal() top-level p.d.f evaluates to zero @ !pdfs=(modelObs_s = 0/1,nuisancePdf = 1)

[#0] WARNING:Minization -- RooMinimizerFcn: Minimized function has error status.
Returning maximum FCN so far (862.333) to force MIGRAD to back out of this region. Error log follows
Parameter values: JER_ele=-3.01368, JER_muon=1.36636, JES_ele=-6.44462, JES_muon=-2.01666, QCD_stat_ele=-4.58483, QCD_stat_muon=-3.17722, VBS_stat_ele=0.11561, VBS_stat_muon=6.89309, ele_efficiency=-0.358546, ele_trigger=-5.74108, fakephoton_ele=2.50623, fakephoton_muon=-1.27593, interference=1.02833, lumi=-1.53472, mu_efficiency=-0.346523, mu_trigger=-1.71937, non_prompt_stat_ele=6.31383, non_prompt_stat_muon=-1.43567, others_stat_ele=-6.82274, others_stat_muon=0.443024, others_xs=-4.78452, param=0.00388607, pdf_ele=-6.46, pdf_muon=1.41062, photon_id=-6.34099, pileup=-1.36514, scale_ele=0.0850572, scale_muon=-2.96911
RooProdPdf::model_s[ modelObs_s * nuisancePdf ]
     getLogVal() top-level p.d.f evaluates to zero @ !pdfs=(modelObs_s = 0/1,nuisancePdf = 1)

[#0] WARNING:Minization -- RooMinimizerFcn: Minimized function has error status.
Returning maximum FCN so far (862.333) to force MIGRAD to back out of this region. Error log follows
Parameter values: JER_ele=-3.12861, JER_muon=4.39077, JES_ele=-0.772786, JES_muon=4.06739, QCD_stat_ele=-2.18219, QCD_stat_muon=6.97438, VBS_stat_ele=-1.35002, VBS_stat_muon=6.95275, ele_efficiency=6.87861, ele_trigger=-6.45, fakephoton_ele=-0.970888, fakephoton_muon=0.704057, interference=6.66733, lumi=-1.28936, mu_efficiency=0.91406, mu_trigger=2.6912, non_prompt_stat_ele=-5.91518, non_prompt_stat_muon=3.11239, others_stat_ele=6.96417, others_stat_muon=6.94125, others_xs=-6.03031, param=0.819446, pdf_ele=5.09236, pdf_muon=6.59137, photon_id=6.24448, pileup=1.00897, scale_ele=-4.787, scale_muon=6.35526
RooProdPdf::model_s[ modelObs_s * nuisancePdf ]
     getLogVal() top-level p.d.f evaluates to zero @ !pdfs=(modelObs_s = 0/1,nuisancePdf = 1)

[#0] WARNING:Minization -- RooMinimizerFcn: Minimized function has error status.
Returning maximum FCN so far (968.569) to force MIGRAD to back out of this region. Error log follows
Parameter values: JER_ele=-4.49086, JER_muon=5.86133, JES_ele=-1.91569, JES_muon=5.11767, QCD_stat_ele=4.56893, QCD_stat_muon=6.64691, VBS_stat_ele=-2.24873, VBS_stat_muon=-0.0223418, ele_efficiency=6.18629, ele_trigger=4.19629, fakephoton_ele=3.40631, fakephoton_muon=0.968606, interference=6.153, lumi=-6.34571, mu_efficiency=1.40528, mu_trigger=4.32013, non_prompt_stat_ele=6.88971, non_prompt_stat_muon=3.49794, others_stat_ele=-2.28664, others_stat_muon=6.98982, others_xs=-0.446426, param=0.106145, pdf_ele=5.146, pdf_muon=6.88717, photon_id=-5.91204, pileup=2.20074, scale_ele=-2.36249, scale_muon=5.24257
RooProdPdf::model_s[ modelObs_s * nuisancePdf ]
     getLogVal() top-level p.d.f evaluates to zero @ !pdfs=(modelObs_s = 0/1,nuisancePdf = 1)

[#0] WARNING:Minization -- RooMinimizerFcn: Minimized function has error status.
Returning maximum FCN so far (968.569) to force MIGRAD to back out of this region. Error log follows
Parameter values: JER_ele=4.5288, JER_muon=1.37445, JES_ele=5.37741, JES_muon=-6.01648, QCD_stat_ele=1.94467, QCD_stat_muon=6.56734, VBS_stat_ele=-4.53877, VBS_stat_muon=6.99879, ele_efficiency=-1.8975, ele_trigger=6.99886, fakephoton_ele=6.37975, fakephoton_muon=-6.9745, interference=1.07725, lumi=5.68137, mu_efficiency=6.15164, mu_trigger=6.53282, non_prompt_stat_ele=4.94673, non_prompt_stat_muon=-4.15318, others_stat_ele=-6.93416, others_stat_muon=-1.69668, others_xs=3.93441, param=1.05285, pdf_ele=6.96127, pdf_muon=-5.34896, photon_id=-4.93997, pileup=6.35324, scale_ele=6.9076, scale_muon=6.49907
RooProdPdf::model_s[ modelObs_s * nuisancePdf ]
     getLogVal() top-level p.d.f evaluates to zero @ !pdfs=(modelObs_s = 0/1,nuisancePdf = 1)

[#0] WARNING:Minization -- RooMinimizerFcn: Minimized function has error status.
Returning maximum FCN so far (968.569) to force MIGRAD to back out of this region. Error log follows
Parameter values: JER_ele=1.12773, JER_muon=-0.919369, JES_ele=0.247596, JES_muon=-2.52652, QCD_stat_ele=0.670517, QCD_stat_muon=0.514371, VBS_stat_ele=-1.01258, VBS_stat_muon=-5.00992, ele_efficiency=1.64403, ele_trigger=-1.72794, fakephoton_ele=6.41827, fakephoton_muon=-1.29798, interference=-1.95655, lumi=-0.543266, mu_efficiency=-0.837911, mu_trigger=-3.86544, non_prompt_stat_ele=6.97627, non_prompt_stat_muon=-0.862502, others_stat_ele=1.98216, others_stat_muon=2.46048, others_xs=0.185587, param=0.011189, pdf_ele=2.44835, pdf_muon=-2.43966, photon_id=-2.66309, pileup=-1.53096, scale_ele=3.24869, scale_muon=0.0432586
RooProdPdf::model_s[ modelObs_s * nuisancePdf ]
     getLogVal() top-level p.d.f evaluates to zero @ !pdfs=(modelObs_s = 0/1,nuisancePdf = 1)

[#0] WARNING:Minization -- RooMinimizerFcn: Minimized function has error status.
Returning maximum FCN so far (625.125) to force MIGRAD to back out of this region. Error log follows
Parameter values: JER_ele=5.35714, JER_muon=6.08552, JES_ele=6.99846, JES_muon=-2.69191, QCD_stat_ele=-6.75288, QCD_stat_muon=0.766221, VBS_stat_ele=6.30608, VBS_stat_muon=-0.31859, ele_efficiency=6.87274, ele_trigger=-3.35627, fakephoton_ele=5.47324, fakephoton_muon=2.84226, interference=3.43674, lumi=-6.82946, mu_efficiency=-6.95538, mu_trigger=-1.6211, non_prompt_stat_ele=6.26372, non_prompt_stat_muon=6.9802, others_stat_ele=6.71665, others_stat_muon=5.60069, others_xs=-3.92926, param=0.0143989, pdf_ele=-5.14185, pdf_muon=-6.88598, photon_id=6.79833, pileup=5.52137, scale_ele=-0.292314, scale_muon=6.71281
RooProdPdf::model_s[ modelObs_s * nuisancePdf ]
     getLogVal() top-level p.d.f evaluates to zero @ !pdfs=(modelObs_s = 0/1,nuisancePdf = 1)

[#0] WARNING:Minization -- RooMinimizerFcn: Minimized function has error status.
Returning maximum FCN so far (625.125) to force MIGRAD to back out of this region. Error log follows
Parameter values: JER_ele=-5.57609, JER_muon=-6.91909, JES_ele=6.7201, JES_muon=1.43993, QCD_stat_ele=6.60723, QCD_stat_muon=6.90512, VBS_stat_ele=-0.963615, VBS_stat_muon=4.95242, ele_efficiency=2.56567, ele_trigger=-0.52185, fakephoton_ele=4.93154, fakephoton_muon=6.1166, interference=-2.30523, lumi=-0.261341, mu_efficiency=3.14558, mu_trigger=-6.22879, non_prompt_stat_ele=6.28576, non_prompt_stat_muon=5.9382, others_stat_ele=6.49436, others_stat_muon=-0.4181, others_xs=-0.683903, param=0.332721, pdf_ele=-5.19339, pdf_muon=-0.97755, photon_id=6.67712, pileup=-5.74429, scale_ele=1.38627, scale_muon=-6.95528
RooProdPdf::model_s[ modelObs_s * nuisancePdf ]
     getLogVal() top-level p.d.f evaluates to zero @ !pdfs=(modelObs_s = 0/1,nuisancePdf = 1)

[#0] WARNING:Minization -- RooMinimizerFcn: Minimized function has error status.
Returning maximum FCN so far (625.125) to force MIGRAD to back out of this region. Error log follows
Parameter values: JER_ele=6.47823, JER_muon=6.99906, JES_ele=3.21637, JES_muon=0.975544, QCD_stat_ele=4.64941, QCD_stat_muon=2.94181, VBS_stat_ele=1.1025, VBS_stat_muon=-6.57506, ele_efficiency=4.68626, ele_trigger=0.748565, fakephoton_ele=5.12615, fakephoton_muon=4.55372, interference=6.7157, lumi=6.22931, mu_efficiency=5.1724, mu_trigger=7, non_prompt_stat_ele=5.19457, non_prompt_stat_muon=3.0836, others_stat_ele=2.85404, others_stat_muon=5.80713, others_xs=6.40987, param=0.291653, pdf_ele=6.9316, pdf_muon=-5.86347, photon_id=-6.79422, pileup=-1.60058, scale_ele=5.87597, scale_muon=6.99893
RooProdPdf::model_s[ modelObs_s * nuisancePdf ]
     getLogVal() top-level p.d.f evaluates to zero @ !pdfs=(modelObs_s = 0/1,nuisancePdf = 1)

[#0] WARNING:Minization -- RooMinimizerFcn: Minimized function has error status.
Returning maximum FCN so far (736.413) to force MIGRAD to back out of this region. Error log follows
Parameter values: JER_ele=3.26855, JER_muon=-3.98741, JES_ele=6.96965, JES_muon=-6.79129, QCD_stat_ele=-1.16247, QCD_stat_muon=-6.16904, VBS_stat_ele=5.489, VBS_stat_muon=6.49333, ele_efficiency=-1.53772, ele_trigger=6.96025, fakephoton_ele=5.03277, fakephoton_muon=6.77707, interference=-3.91193, lumi=-1.13598, mu_efficiency=5.69518, mu_trigger=-6.98867, non_prompt_stat_ele=5.38742, non_prompt_stat_muon=3.72431, others_stat_ele=6.99895, others_stat_muon=-6.95586, others_xs=1.8595, param=0.578139, pdf_ele=6.81618, pdf_muon=6.97683, photon_id=5.35507, pileup=3.35936, scale_ele=-4.55034, scale_muon=6.93013
RooProdPdf::model_s[ modelObs_s * nuisancePdf ]
     getLogVal() top-level p.d.f evaluates to zero @ !pdfs=(modelObs_s = 0/1,nuisancePdf = 1)

[#0] WARNING:Minization -- RooMinimizerFcn: Minimized function has error status.
Returning maximum FCN so far (736.413) to force MIGRAD to back out of this region. Error log follows
Parameter values: JER_ele=-0.769138, JER_muon=5.21861, JES_ele=2.41739, JES_muon=5.51192, QCD_stat_ele=3.60849, QCD_stat_muon=6.19298, VBS_stat_ele=1.55616, VBS_stat_muon=6.99609, ele_efficiency=-1.87989, ele_trigger=3.06128, fakephoton_ele=3.39872, fakephoton_muon=1.9438, interference=5.54569, lumi=4.08876, mu_efficiency=0.822426, mu_trigger=6.32367, non_prompt_stat_ele=1.7467, non_prompt_stat_muon=2.53076, others_stat_ele=2.36621, others_stat_muon=6.13196, others_xs=3.20539, param=0.0105934, pdf_ele=1.6112, pdf_muon=6.99805, photon_id=6.68758, pileup=1.46087, scale_ele=4.73278, scale_muon=2.20794
RooProdPdf::model_s[ modelObs_s * nuisancePdf ]
     getLogVal() top-level p.d.f evaluates to zero @ !pdfs=(modelObs_s = 0/1,nuisancePdf = 1)

[#0] WARNING:Minization -- RooMinimizerFcn: Minimized function has error status.
Returning maximum FCN so far (736.413) to force MIGRAD to back out of this region. Error log follows
Parameter values: JER_ele=3.29338, JER_muon=-2.18332, JES_ele=6.9823, JES_muon=-6.99916, QCD_stat_ele=-2.39439, QCD_stat_muon=-4.92709, VBS_stat_ele=6.81786, VBS_stat_muon=6.98046, ele_efficiency=-1.0421, ele_trigger=6.88764, fakephoton_ele=4.3089, fakephoton_muon=6.01493, interference=-1.88803, lumi=0.525356, mu_efficiency=5.42251, mu_trigger=-6.18576, non_prompt_stat_ele=4.08931, non_prompt_stat_muon=6.1733, others_stat_ele=6.73759, others_stat_muon=-6.55189, others_xs=2.79462, param=0.412547, pdf_ele=6.89595, pdf_muon=6.52263, photon_id=4.76451, pileup=3.13323, scale_ele=-5.39575, scale_muon=5.43571
RooProdPdf::model_s[ modelObs_s * nuisancePdf ]
     getLogVal() top-level p.d.f evaluates to zero @ !pdfs=(modelObs_s = 0/1,nuisancePdf = 1)

[#0] WARNING:Minization -- RooMinimizerFcn: Minimized function has error status.
Returning maximum FCN so far (736.413) to force MIGRAD to back out of this region. Error log follows
Parameter values: JER_ele=-0.813991, JER_muon=4.75415, JES_ele=2.33498, JES_muon=4.98941, QCD_stat_ele=3.55994, QCD_stat_muon=6.70582, VBS_stat_ele=0.884733, VBS_stat_muon=6.95094, ele_efficiency=-1.79136, ele_trigger=2.88371, fakephoton_ele=3.3875, fakephoton_muon=1.45845, interference=5.11269, lumi=3.61856, mu_efficiency=0.651058, mu_trigger=5.86465, non_prompt_stat_ele=1.8636, non_prompt_stat_muon=1.62285, others_stat_ele=2.5653, others_stat_muon=5.54786, others_xs=2.78527, param=0.00874586, pdf_ele=1.39443, pdf_muon=6.91857, photon_id=6.42627, pileup=1.38446, scale_ele=4.65615, scale_muon=3.9702
RooProdPdf::model_s[ modelObs_s * nuisancePdf ]
     getLogVal() top-level p.d.f evaluates to zero @ !pdfs=(modelObs_s = 0/1,nuisancePdf = 1)

[#0] WARNING:Minization -- RooMinimizerFcn: Minimized function has error status.
Returning maximum FCN so far (736.413) to force MIGRAD to back out of this region. Error log follows
Parameter values: JER_ele=-6.96633, JER_muon=6.9703, JES_ele=-3.89897, JES_muon=-4.02079, QCD_stat_ele=-5.71619, QCD_stat_muon=-0.79779, VBS_stat_ele=-6.76331, VBS_stat_muon=-6.3999, ele_efficiency=-4.27557, ele_trigger=-6.89583, fakephoton_ele=6.93755, fakephoton_muon=-6.47352, interference=4.55984, lumi=6.95661, mu_efficiency=-6.8604, mu_trigger=-0.237565, non_prompt_stat_ele=4.43525, non_prompt_stat_muon=6.98579, others_stat_ele=1.91753, others_stat_muon=-6.76992, others_xs=3.47001, param=1.05431, pdf_ele=1.15953, pdf_muon=4.80618, photon_id=2.61056, pileup=-2.34334, scale_ele=-6.99931, scale_muon=1.89846
RooProdPdf::model_s[ modelObs_s * nuisancePdf ]
     getLogVal() top-level p.d.f evaluates to zero @ !pdfs=(modelObs_s = 0/1,nuisancePdf = 1)

[#0] WARNING:Minization -- RooMinimizerFcn: Minimized function has error status.
Returning maximum FCN so far (736.413) to force MIGRAD to back out of this region. Error log follows
Parameter values: JER_ele=1.01201, JER_muon=6.93537, JES_ele=4.01995, JES_muon=6.99992, QCD_stat_ele=6.62813, QCD_stat_muon=-1.83429, VBS_stat_ele=6.50647, VBS_stat_muon=-4.91787, ele_efficiency=-1.20565, ele_trigger=4.2825, fakephoton_ele=5.75439, fakephoton_muon=2.39162, interference=6.99827, lumi=6.70959, mu_efficiency=1.97422, mu_trigger=6.96717, non_prompt_stat_ele=5.18875, non_prompt_stat_muon=3.6945, others_stat_ele=4.401, others_stat_muon=6.91198, others_xs=5.08148, param=0.154387, pdf_ele=4.58448, pdf_muon=1.63823, photon_id=3.24042, pileup=1.62411, scale_ele=6.98395, scale_muon=-6.97993
RooProdPdf::model_s[ modelObs_s * nuisancePdf ]
     getLogVal() top-level p.d.f evaluates to zero @ !pdfs=(modelObs_s = 0/1,nuisancePdf = 1)

[#0] WARNING:Minization -- RooMinimizerFcn: Minimized function has error status.
Returning maximum FCN so far (736.413) to force MIGRAD to back out of this region. Error log follows
Parameter values: JER_ele=1.4947, JER_muon=6.93566, JES_ele=5.40452, JES_muon=5.90169, QCD_stat_ele=6.59693, QCD_stat_muon=-6.55131, VBS_stat_ele=6.03673, VBS_stat_muon=-4.92092, ele_efficiency=-1.15451, ele_trigger=5.29895, fakephoton_ele=6.84647, fakephoton_muon=3.48358, interference=6.80992, lumi=6.99961, mu_efficiency=2.62387, mu_trigger=5.93095, non_prompt_stat_ele=6.62306, non_prompt_stat_muon=5.56269, others_stat_ele=6.02706, others_stat_muon=5.88547, others_xs=6.74647, param=0.890278, pdf_ele=5.77999, pdf_muon=-2.85968, photon_id=-1.51841, pileup=1.94695, scale_ele=5.26333, scale_muon=-0.779586
RooProdPdf::model_s[ modelObs_s * nuisancePdf ]
     getLogVal() top-level p.d.f evaluates to zero @ !pdfs=(modelObs_s = 0/1,nuisancePdf = 1)

[#0] WARNING:Minization -- RooMinimizerFcn: Minimized function has error status.
Returning maximum FCN so far (736.413) to force MIGRAD to back out of this region. Error log follows
Parameter values: JER_ele=3.93305, JER_muon=4.0036, JES_ele=6.99989, JES_muon=-3.97632, QCD_stat_ele=-4.05133, QCD_stat_muon=6.54441, VBS_stat_ele=6.92177, VBS_stat_muon=-6.61965, ele_efficiency=-0.0051063, ele_trigger=6.79346, fakephoton_ele=4.34216, fakephoton_muon=5.52399, interference=4.29167, lumi=4.28706, mu_efficiency=4.55632, mu_trigger=-0.9218, non_prompt_stat_ele=4.03123, non_prompt_stat_muon=6.80024, others_stat_ele=6.54265, others_stat_muon=-3.86712, others_xs=4.17531, param=0.337788, pdf_ele=6.73675, pdf_muon=-4.13992, photon_id=-3.69189, pileup=2.36802, scale_ele=-6.59377, scale_muon=-6.41846
RooProdPdf::model_s[ modelObs_s * nuisancePdf ]
     getLogVal() top-level p.d.f evaluates to zero @ !pdfs=(modelObs_s = 0/1,nuisancePdf = 1)

[#0] WARNING:Minization -- RooMinimizerFcn: Minimized function has error status.
Returning maximum FCN so far (736.413) to force MIGRAD to back out of this region. Error log follows
Parameter values: JER_ele=2.9951, JER_muon=6.74885, JES_ele=6.7439, JES_muon=3.05839, QCD_stat_ele=0.463151, QCD_stat_muon=-5.54982, VBS_stat_ele=6.03504, VBS_stat_muon=-2.66875, ele_efficiency=-0.308085, ele_trigger=6.2851, fakephoton_ele=6.27261, fakephoton_muon=4.32226, interference=6.75104, lumi=6.75568, mu_efficiency=3.29576, mu_trigger=4.6369, non_prompt_stat_ele=6.30161, non_prompt_stat_muon=6.67515, others_stat_ele=6.99691, others_stat_muon=2.7116, others_xs=6.70619, param=0.229661, pdf_ele=6.97178, pdf_muon=-5.60696, photon_id=-6.24856, pileup=1.98299, scale_ele=-3.10392, scale_muon=6.89518
RooProdPdf::model_s[ modelObs_s * nuisancePdf ]
     getLogVal() top-level p.d.f evaluates to zero @ !pdfs=(modelObs_s = 0/1,nuisancePdf = 1)

[#0] WARNING:Minization -- RooMinimizerFcn: Minimized function has error status.
Returning maximum FCN so far (736.413) to force MIGRAD to back out of this region. Error log follows
Parameter values: JER_ele=0.297082, JER_muon=3.46563, JES_ele=4.10822, JES_muon=5.31466, QCD_stat_ele=6.82625, QCD_stat_muon=6.77721, VBS_stat_ele=-0.549849, VBS_stat_muon=0.946213, ele_efficiency=-1.01021, ele_trigger=3.7614, fakephoton_ele=5.60621, fakephoton_muon=1.78155, interference=3.38273, lumi=3.29354, mu_efficiency=0.703435, mu_trigger=5.37467, non_prompt_stat_ele=4.81083, non_prompt_stat_muon=2.49266, others_stat_ele=4.87155, others_stat_muon=6.1841, others_xs=4.43629, param=0.293504, pdf_ele=3.5587, pdf_muon=6.38792, photon_id=6.76276, pileup=1.17921, scale_ele=6.96919, scale_muon=3.04031
RooProdPdf::model_s[ modelObs_s * nuisancePdf ]
     getLogVal() top-level p.d.f evaluates to zero @ !pdfs=(modelObs_s = 0/1,nuisancePdf = 1)

[#0] WARNING:Minization -- RooMinimizerFcn: Minimized function has error status.
Returning maximum FCN so far (736.413) to force MIGRAD to back out of this region. Error log follows
Parameter values: JER_ele=-0.222814, JER_muon=3.37388, JES_ele=2.99184, JES_muon=3.9876, QCD_stat_ele=5.96379, QCD_stat_muon=6.99269, VBS_stat_ele=0.227002, VBS_stat_muon=4.28159, ele_efficiency=-1.34868, ele_trigger=3.12522, fakephoton_ele=5.36025, fakephoton_muon=0.954081, interference=3.59912, lumi=2.7243, mu_efficiency=0.353049, mu_trigger=4.62201, non_prompt_stat_ele=4.99018, non_prompt_stat_muon=0.761254, others_stat_ele=3.26515, others_stat_muon=4.28416, others_xs=2.54813, param=0.110465, pdf_ele=2.47003, pdf_muon=5.80021, photon_id=6.15803, pileup=1.17988, scale_ele=6.39484, scale_muon=5.6286
RooProdPdf::model_s[ modelObs_s * nuisancePdf ]
     getLogVal() top-level p.d.f evaluates to zero @ !pdfs=(modelObs_s = 0/1,nuisancePdf = 1)

[#0] WARNING:Minization -- RooMinimizerFcn: Minimized function has error status.
Returning maximum FCN so far (552.317) to force MIGRAD to back out of this region. Error log follows
Parameter values: JER_ele=-1.37937, JER_muon=2.03733, JES_ele=0.0446423, JES_muon=1.39363, QCD_stat_ele=4.50035, QCD_stat_muon=6.99833, VBS_stat_ele=5.49094, VBS_stat_muon=6.9983, ele_efficiency=0.654734, ele_trigger=2.07986, fakephoton_ele=3.05824, fakephoton_muon=1.02205, interference=0.473506, lumi=2.53235, mu_efficiency=-1.5004, mu_trigger=4.55301, non_prompt_stat_ele=4.06999, non_prompt_stat_muon=-0.154152, others_stat_ele=2.55532, others_stat_muon=2.28275, others_xs=4.04204, param=0.0989703, pdf_ele=4.06432, pdf_muon=4.34437, photon_id=4.24019, pileup=-3.76394, scale_ele=5.85844, scale_muon=6.74593
RooProdPdf::model_s[ modelObs_s * nuisancePdf ]
     getLogVal() top-level p.d.f evaluates to zero @ !pdfs=(modelObs_s = 0/1,nuisancePdf = 1)

[#0] WARNING:Minization -- RooMinimizerFcn: Minimized function has error status.
Returning maximum FCN so far (838.47) to force MIGRAD to back out of this region. Error log follows
Parameter values: JER_ele=-1.35776, JER_muon=0.782576, JES_ele=-0.440478, JES_muon=1.9618, QCD_stat_ele=1.27665, QCD_stat_muon=6.5195, VBS_stat_ele=1.66993, VBS_stat_muon=3.44081, ele_efficiency=0.320968, ele_trigger=0.889244, fakephoton_ele=1.66468, fakephoton_muon=4.59123, interference=-0.332388, lumi=0.917602, mu_efficiency=-0.971947, mu_trigger=3.56307, non_prompt_stat_ele=2.34876, non_prompt_stat_muon=6.99201, others_stat_ele=2.01716, others_stat_muon=1.77115, others_xs=3.14168, param=0.176255, pdf_ele=1.79599, pdf_muon=3.28192, photon_id=2.94672, pileup=-2.36295, scale_ele=3.33274, scale_muon=6.94304
RooProdPdf::model_s[ modelObs_s * nuisancePdf ]
     getLogVal() top-level p.d.f evaluates to zero @ !pdfs=(modelObs_s = 0/1,nuisancePdf = 1)

[#0] WARNING:Minization -- RooMinimizerFcn: Minimized function has error status.
Returning maximum FCN so far (838.47) to force MIGRAD to back out of this region. Error log follows
Parameter values: JER_ele=1.46767, JER_muon=6.36951, JES_ele=2.73127, JES_muon=-0.612929, QCD_stat_ele=6.55304, QCD_stat_muon=5.3508, VBS_stat_ele=6.34344, VBS_stat_muon=-6.99782, ele_efficiency=1.12037, ele_trigger=3.85863, fakephoton_ele=6.05315, fakephoton_muon=-6.22092, interference=6.99999, lumi=6.85792, mu_efficiency=3.08939, mu_trigger=1.1632, non_prompt_stat_ele=6.86574, non_prompt_stat_muon=-4.93032, others_stat_ele=5.69919, others_stat_muon=4.42242, others_xs=6.51535, param=0.0266372, pdf_ele=6.30353, pdf_muon=-6.92297, photon_id=-6.66407, pileup=-1.43372, scale_ele=6.78762, scale_muon=-3.23415
RooProdPdf::model_s[ modelObs_s * nuisancePdf ]
     getLogVal() top-level p.d.f evaluates to zero @ !pdfs=(modelObs_s = 0/1,nuisancePdf = 1)

[#0] WARNING:Minization -- RooMinimizerFcn: Minimized function has error status.
Returning maximum FCN so far (838.47) to force MIGRAD to back out of this region. Error log follows
Parameter values: JER_ele=-1.61185, JER_muon=1.08875, JES_ele=-0.989483, JES_muon=2.35709, QCD_stat_ele=-0.159807, QCD_stat_muon=6.78355, VBS_stat_ele=1.48773, VBS_stat_muon=4.18088, ele_efficiency=0.211809, ele_trigger=0.456198, fakephoton_ele=0.37094, fakephoton_muon=5.02584, interference=-0.0790366, lumi=0.945354, mu_efficiency=-0.888755, mu_trigger=3.89437, non_prompt_stat_ele=0.667354, non_prompt_stat_muon=6.90703, others_stat_ele=1.1074, others_stat_muon=2.07751, others_xs=2.99142, param=0.108039, pdf_ele=1.1128, pdf_muon=3.86952, photon_id=2.88726, pileup=-2.35239, scale_ele=1.71747, scale_muon=6.99125
RooProdPdf::model_s[ modelObs_s * nuisancePdf ]
     getLogVal() top-level p.d.f evaluates to zero @ !pdfs=(modelObs_s = 0/1,nuisancePdf = 1)

[#0] WARNING:Minization -- RooMinimizerFcn: Minimized function has error status.
Returning maximum FCN so far (838.47) to force MIGRAD to back out of this region. Error log follows
Parameter values: JER_ele=0.596663, JER_muon=6.48811, JES_ele=1.31066, JES_muon=-0.301297, QCD_stat_ele=4.37387, QCD_stat_muon=5.71091, VBS_stat_ele=6.89479, VBS_stat_muon=-6.91366, ele_efficiency=0.81309, ele_trigger=2.76833, fakephoton_ele=3.99376, fakephoton_muon=-6.09582, interference=6.98979, lumi=6.98051, mu_efficiency=2.98581, mu_trigger=1.44392, non_prompt_stat_ele=5.05886, non_prompt_stat_muon=-4.39724, others_stat_ele=4.06863, others_stat_muon=4.72288, others_xs=6.82921, param=0.111478, pdf_ele=5.11739, pdf_muon=-6.97362, photon_id=-5.84036, pileup=-1.5521, scale_ele=6.44442, scale_muon=-2.67729
RooProdPdf::model_s[ modelObs_s * nuisancePdf ]
     getLogVal() top-level p.d.f evaluates to zero @ !pdfs=(modelObs_s = 0/1,nuisancePdf = 1)

[#0] WARNING:Minization -- RooMinimizerFcn: Minimized function has error status.
Returning maximum FCN so far (838.47) to force MIGRAD to back out of this region. Error log follows
Parameter values: JER_ele=-1.74405, JER_muon=1.00637, JES_ele=-1.23292, JES_muon=2.21085, QCD_stat_ele=-0.788945, QCD_stat_muon=6.67746, VBS_stat_ele=1.27108, VBS_stat_muon=4.09966, ele_efficiency=0.161473, ele_trigger=0.25519, fakephoton_ele=-0.140973, fakephoton_muon=4.89942, interference=-0.142168, lumi=0.788702, mu_efficiency=-0.923581, mu_trigger=3.79694, non_prompt_stat_ele=0.00531181, non_prompt_stat_muon=6.9659, others_stat_ele=0.720248, others_stat_muon=1.93271, others_xs=2.78361, param=0.0955425, pdf_ele=0.780155, pdf_muon=3.72007, photon_id=2.51669, pileup=-2.3733, scale_ele=0.971007, scale_muon=6.99959
RooProdPdf::model_s[ modelObs_s * nuisancePdf ]
     getLogVal() top-level p.d.f evaluates to zero @ !pdfs=(modelObs_s = 0/1,nuisancePdf = 1)

[#0] WARNING:Minization -- RooMinimizerFcn: Minimized function has error status.
Returning maximum FCN so far (875.98) to force MIGRAD to back out of this region. Error log follows
Parameter values: JER_ele=-0.04831, JER_muon=-1.9797, JES_ele=2.81118, JES_muon=2.66607, QCD_stat_ele=6.9954, QCD_stat_muon=-6.99232, VBS_stat_ele=4.98613, VBS_stat_muon=-6.31171, ele_efficiency=1.20131, ele_trigger=3.97307, fakephoton_ele=6.63943, fakephoton_muon=6.02993, interference=5.3833, lumi=3.10023, mu_efficiency=5.74375, mu_trigger=-4.15194, non_prompt_stat_ele=6.98662, non_prompt_stat_muon=-6.0354, others_stat_ele=6.64146, others_stat_muon=-5.17021, others_xs=-4.65974, param=1.07217, pdf_ele=6.15918, pdf_muon=3.28802, photon_id=6.96674, pileup=-1.88726, scale_ele=5.15824, scale_muon=5.74966
RooProdPdf::model_s[ modelObs_s * nuisancePdf ]
     getLogVal() top-level p.d.f evaluates to zero @ !pdfs=(modelObs_s = 0/1,nuisancePdf = 1)


 -- Hybrid New -- 
CLs = 0 +/- 0
Done in 14.35 min (cpu), 14.50 min (real)
