 <<< Combine >>> 
>>> including systematics
>>> using the Profile Likelihood test statistics modified for upper limits (Q_LHC)
>>> method used is HybridNew
>>> Used OpenSSL to get a really random seed -647339874
Computing results starting from observation (a-posteriori)
[#0] WARNING:Minization -- RooMinimizerFcn: Minimized function has error status.
Returning maximum FCN so far (854.975) to force MIGRAD to back out of this region. Error log follows
Parameter values: JER_ele=5.21307, JER_muon=6.10844, JES_ele=4.55379, JES_muon=-5.06253, QCD_stat_ele=-1.22378, QCD_stat_muon=4.28549, VBS_stat_ele=3.35794, VBS_stat_muon=6.00479, ele_efficiency=4.78891, ele_trigger=6.81227, fakephoton_ele=4.06237, fakephoton_muon=-0.987207, interference=5.90751, lumi=5.12734, mu_efficiency=1.3766, mu_trigger=3.97167, non_prompt_stat_ele=6.87802, non_prompt_stat_muon=-6.99971, others_stat_ele=6.69524, others_stat_muon=-3.29011, others_xs=1.30737, param=0.51981, pdf_ele=5.85005, pdf_muon=-0.890047, photon_id=0.313855, pileup=3.09855, scale_ele=-4.10732, scale_muon=3.81273
RooProdPdf::model_s[ modelObs_s * nuisancePdf ]
     getLogVal() top-level p.d.f evaluates to zero @ !pdfs=(modelObs_s = 0/1,nuisancePdf = 1)

[#0] WARNING:Minization -- RooMinimizerFcn: Minimized function has error status.
Returning maximum FCN so far (952.944) to force MIGRAD to back out of this region. Error log follows
Parameter values: JER_ele=0.730991, JER_muon=4.90072, JES_ele=1.83231, JES_muon=4.25868, QCD_stat_ele=3.00731, QCD_stat_muon=3.71449, VBS_stat_ele=1.26686, VBS_stat_muon=5.17206, ele_efficiency=-0.448348, ele_trigger=0.462397, fakephoton_ele=2.22764, fakephoton_muon=2.14062, interference=3.3334, lumi=2.37398, mu_efficiency=1.97903, mu_trigger=4.9432, non_prompt_stat_ele=4.49472, non_prompt_stat_muon=6.89627, others_stat_ele=0.770709, others_stat_muon=4.45225, others_xs=2.48292, param=0.306817, pdf_ele=1.2489, pdf_muon=6.13234, photon_id=6.5517, pileup=-0.019701, scale_ele=3.59746, scale_muon=6.58895
RooProdPdf::model_s[ modelObs_s * nuisancePdf ]
     getLogVal() top-level p.d.f evaluates to zero @ !pdfs=(modelObs_s = 0/1,nuisancePdf = 1)

[#0] WARNING:Minization -- RooMinimizerFcn: Minimized function has error status.
Returning maximum FCN so far (952.944) to force MIGRAD to back out of this region. Error log follows
Parameter values: JER_ele=1.68212, JER_muon=6.93229, JES_ele=3.37282, JES_muon=6.96464, QCD_stat_ele=5.91218, QCD_stat_muon=-4.61629, VBS_stat_ele=3.06433, VBS_stat_muon=6.62221, ele_efficiency=-0.264889, ele_trigger=1.57693, fakephoton_ele=4.63106, fakephoton_muon=5.3277, interference=6.01069, lumi=5.3752, mu_efficiency=3.49052, mu_trigger=6.97547, non_prompt_stat_ele=6.69567, non_prompt_stat_muon=1.52401, others_stat_ele=2.23812, others_stat_muon=6.96262, others_xs=5.75321, param=0.16565, pdf_ele=3.19213, pdf_muon=4.01825, photon_id=2.6764, pileup=0.293375, scale_ele=6.47968, scale_muon=-6.81192
RooProdPdf::model_s[ modelObs_s * nuisancePdf ]
     getLogVal() top-level p.d.f evaluates to zero @ !pdfs=(modelObs_s = 0/1,nuisancePdf = 1)

[#0] WARNING:Minization -- RooMinimizerFcn: Minimized function has error status.
Returning maximum FCN so far (952.944) to force MIGRAD to back out of this region. Error log follows
Parameter values: JER_ele=-6.75546, JER_muon=-3.6772, JES_ele=-5.06667, JES_muon=-5.62124, QCD_stat_ele=-4.44354, QCD_stat_muon=-6.9997, VBS_stat_ele=4.18976, VBS_stat_muon=-6.92753, ele_efficiency=4.286, ele_trigger=-3.63705, fakephoton_ele=1.5551, fakephoton_muon=-6.41875, interference=-5.95797, lumi=4.20138, mu_efficiency=2.08827, mu_trigger=4.74886, non_prompt_stat_ele=6.88424, non_prompt_stat_muon=-3.80515, others_stat_ele=-4.04857, others_stat_muon=5.80067, others_xs=3.10468, param=0.486801, pdf_ele=-6.99375, pdf_muon=-5.95747, photon_id=-4.6389, pileup=-0.688626, scale_ele=-1.2507, scale_muon=-4.73756
RooProdPdf::model_s[ modelObs_s * nuisancePdf ]
     getLogVal() top-level p.d.f evaluates to zero @ !pdfs=(modelObs_s = 0/1,nuisancePdf = 1)

[#0] WARNING:Minization -- RooMinimizerFcn: Minimized function has error status.
Returning maximum FCN so far (952.944) to force MIGRAD to back out of this region. Error log follows
Parameter values: JER_ele=1.14421, JER_muon=6.25206, JES_ele=2.53163, JES_muon=3.83297, QCD_stat_ele=2.26476, QCD_stat_muon=6.90333, VBS_stat_ele=3.13553, VBS_stat_muon=6.96103, ele_efficiency=-1.1377, ele_trigger=0.0792541, fakephoton_ele=-2.05367, fakephoton_muon=-0.558537, interference=5.45958, lumi=3.62415, mu_efficiency=3.12632, mu_trigger=6.29286, non_prompt_stat_ele=0.649868, non_prompt_stat_muon=6.66889, others_stat_ele=0.0670515, others_stat_muon=6.35596, others_xs=3.20047, param=0.0192299, pdf_ele=1.10723, pdf_muon=6.47773, photon_id=6.98674, pileup=-0.264764, scale_ele=2.87327, scale_muon=6.00029
RooProdPdf::model_s[ modelObs_s * nuisancePdf ]
     getLogVal() top-level p.d.f evaluates to zero @ !pdfs=(modelObs_s = 0/1,nuisancePdf = 1)

[#0] WARNING:Minization -- RooMinimizerFcn: Minimized function has error status.
Returning maximum FCN so far (952.944) to force MIGRAD to back out of this region. Error log follows
Parameter values: JER_ele=0.485817, JER_muon=4.87496, JES_ele=1.45, JES_muon=3.87453, QCD_stat_ele=1.73734, QCD_stat_muon=5.01057, VBS_stat_ele=1.00863, VBS_stat_muon=4.82049, ele_efficiency=-0.603099, ele_trigger=0.0758325, fakephoton_ele=0.952326, fakephoton_muon=1.59995, interference=3.24275, lumi=2.04705, mu_efficiency=1.9939, mu_trigger=4.80369, non_prompt_stat_ele=3.18752, non_prompt_stat_muon=6.71213, others_stat_ele=0.216723, others_stat_muon=3.99874, others_xs=1.97568, param=0.0234229, pdf_ele=0.635755, pdf_muon=5.82987, photon_id=6.14846, pileup=-0.0816763, scale_ele=2.31995, scale_muon=6.94312
RooProdPdf::model_s[ modelObs_s * nuisancePdf ]
     getLogVal() top-level p.d.f evaluates to zero @ !pdfs=(modelObs_s = 0/1,nuisancePdf = 1)

[#0] WARNING:Minization -- RooMinimizerFcn: Minimized function has error status.
Returning maximum FCN so far (952.944) to force MIGRAD to back out of this region. Error log follows
Parameter values: JER_ele=0.602205, JER_muon=5.22698, JES_ele=1.64271, JES_muon=4.67456, QCD_stat_ele=2.2926, QCD_stat_muon=2.35793, VBS_stat_ele=1.17397, VBS_stat_muon=5.35252, ele_efficiency=-0.560525, ele_trigger=0.233048, fakephoton_ele=1.47437, fakephoton_muon=2.23319, interference=3.60843, lumi=2.48761, mu_efficiency=2.17262, mu_trigger=5.31608, non_prompt_stat_ele=3.7267, non_prompt_stat_muon=6.98042, others_stat_ele=0.428038, others_stat_muon=4.70289, others_xs=2.49994, param=0.0166521, pdf_ele=0.909552, pdf_muon=6.48227, photon_id=6.69475, pileup=-0.0329693, scale_ele=2.91728, scale_muon=5.96574
RooProdPdf::model_s[ modelObs_s * nuisancePdf ]
     getLogVal() top-level p.d.f evaluates to zero @ !pdfs=(modelObs_s = 0/1,nuisancePdf = 1)

[#0] WARNING:Minization -- RooMinimizerFcn: Minimized function has error status.
Returning maximum FCN so far (952.944) to force MIGRAD to back out of this region. Error log follows
Parameter values: JER_ele=0.706856, JER_muon=5.446, JES_ele=1.8106, JES_muon=5.3822, QCD_stat_ele=2.81532, QCD_stat_muon=-0.81868, VBS_stat_ele=1.28139, VBS_stat_muon=5.68124, ele_efficiency=-0.481497, ele_trigger=0.412974, fakephoton_ele=2.00778, fakephoton_muon=2.88442, interference=3.87048, lumi=2.88318, mu_efficiency=2.29581, mu_trigger=5.71888, non_prompt_stat_ele=4.29171, non_prompt_stat_muon=6.93534, others_stat_ele=0.66682, others_stat_muon=5.27648, others_xs=3.01008, param=0.0103073, pdf_ele=1.18964, pdf_muon=6.86572, photon_id=6.96151, pileup=0.0295522, scale_ele=3.48101, scale_muon=4.04022
RooProdPdf::model_s[ modelObs_s * nuisancePdf ]
     getLogVal() top-level p.d.f evaluates to zero @ !pdfs=(modelObs_s = 0/1,nuisancePdf = 1)

[#0] WARNING:Minization -- RooMinimizerFcn: Minimized function has error status.
Returning maximum FCN so far (952.944) to force MIGRAD to back out of this region. Error log follows
Parameter values: JER_ele=1.0568, JER_muon=6.28862, JES_ele=2.40962, JES_muon=6.65317, QCD_stat_ele=4.15157, QCD_stat_muon=-6.69094, VBS_stat_ele=1.87042, VBS_stat_muon=6.66761, ele_efficiency=-0.407956, ele_trigger=0.840514, fakephoton_ele=3.12692, fakephoton_muon=4.18136, interference=4.84505, lumi=3.99287, mu_efficiency=2.84134, mu_trigger=6.67479, non_prompt_stat_ele=5.47574, non_prompt_stat_muon=5.32891, others_stat_ele=1.24842, others_stat_muon=6.50439, others_xs=4.27401, param=0.00742881, pdf_ele=1.94779, pdf_muon=6.61141, photon_id=6.29141, pileup=0.143832, scale_ele=4.89227, scale_muon=-2.68
RooProdPdf::model_s[ modelObs_s * nuisancePdf ]
     getLogVal() top-level p.d.f evaluates to zero @ !pdfs=(modelObs_s = 0/1,nuisancePdf = 1)

[#0] WARNING:Minization -- RooMinimizerFcn: Minimized function has error status.
Returning maximum FCN so far (952.944) to force MIGRAD to back out of this region. Error log follows
Parameter values: JER_ele=2.33872, JER_muon=6.78639, JES_ele=4.39887, JES_muon=2.23235, QCD_stat_ele=6.99967, QCD_stat_muon=1.24935, VBS_stat_ele=3.48407, VBS_stat_muon=5.44259, ele_efficiency=0.225373, ele_trigger=2.71668, fakephoton_ele=6.71035, fakephoton_muon=6.98944, interference=6.82701, lumi=6.75829, mu_efficiency=4.40542, mu_trigger=4.79768, non_prompt_stat_ele=6.44406, non_prompt_stat_muon=-6.93006, others_stat_ele=3.69156, others_stat_muon=4.10867, others_xs=6.99425, param=0.00574938, pdf_ele=4.75617, pdf_muon=-5.31548, photon_id=-6.10684, pileup=0.730522, scale_ele=6.76748, scale_muon=6.97865
RooProdPdf::model_s[ modelObs_s * nuisancePdf ]
     getLogVal() top-level p.d.f evaluates to zero @ !pdfs=(modelObs_s = 0/1,nuisancePdf = 1)

[#0] WARNING:Minization -- RooMinimizerFcn: Minimized function has error status.
Returning maximum FCN so far (952.944) to force MIGRAD to back out of this region. Error log follows
Parameter values: JER_ele=0.717628, JER_muon=5.42885, JES_ele=1.8478, JES_muon=4.89632, QCD_stat_ele=2.69228, QCD_stat_muon=1.78091, VBS_stat_ele=1.41209, VBS_stat_muon=5.69147, ele_efficiency=-0.577879, ele_trigger=0.331769, fakephoton_ele=1.672, fakephoton_muon=2.29011, interference=3.87596, lumi=2.72907, mu_efficiency=2.30989, mu_trigger=5.55965, non_prompt_stat_ele=3.99269, non_prompt_stat_muon=6.99963, others_stat_ele=0.566818, others_stat_muon=5.00927, others_xs=2.73262, param=0.00050767, pdf_ele=1.1174, pdf_muon=6.65407, photon_id=6.86365, pileup=-0.0320698, scale_ele=3.35316, scale_muon=5.5713
RooProdPdf::model_s[ modelObs_s * nuisancePdf ]
     getLogVal() top-level p.d.f evaluates to zero @ !pdfs=(modelObs_s = 0/1,nuisancePdf = 1)

[#0] WARNING:Minization -- RooMinimizerFcn: Minimized function has error status.
Returning maximum FCN so far (952.944) to force MIGRAD to back out of this region. Error log follows
Parameter values: JER_ele=1.61365, JER_muon=6.87688, JES_ele=3.32602, JES_muon=5.60387, QCD_stat_ele=6.42589, QCD_stat_muon=6.79996, VBS_stat_ele=1.86297, VBS_stat_muon=6.95722, ele_efficiency=0.219459, ele_trigger=2.02268, fakephoton_ele=6.04685, fakephoton_muon=6.81567, interference=5.68519, lumi=5.67215, mu_efficiency=3.40245, mu_trigger=6.79172, non_prompt_stat_ele=6.99033, non_prompt_stat_muon=-3.58892, others_stat_ele=2.83349, others_stat_muon=6.64696, others_xs=6.42061, param=0.0252245, pdf_ele=3.57906, pdf_muon=0.349527, photon_id=-0.413839, pileup=0.590082, scale_ele=6.86144, scale_muon=-0.253909
RooProdPdf::model_s[ modelObs_s * nuisancePdf ]
     getLogVal() top-level p.d.f evaluates to zero @ !pdfs=(modelObs_s = 0/1,nuisancePdf = 1)

[#0] WARNING:Minization -- RooMinimizerFcn: Minimized function has error status.
Returning maximum FCN so far (952.944) to force MIGRAD to back out of this region. Error log follows
Parameter values: JER_ele=0.509309, JER_muon=4.83745, JES_ele=1.48041, JES_muon=3.44319, QCD_stat_ele=1.62757, QCD_stat_muon=6.4302, VBS_stat_ele=1.1936, VBS_stat_muon=5.20948, ele_efficiency=-0.706154, ele_trigger=-0.0164151, fakephoton_ele=0.527416, fakephoton_muon=1.09551, interference=3.42512, lumi=2.06008, mu_efficiency=2.05309, mu_trigger=4.72121, non_prompt_stat_ele=2.63901, non_prompt_stat_muon=6.4245, others_stat_ele=0.0877576, others_stat_muon=4.00401, others_xs=1.83205, param=0.000775221, pdf_ele=0.557262, pdf_muon=5.5351, photon_id=5.96916, pileup=-0.138151, scale_ele=2.16383, scale_muon=6.98074
RooProdPdf::model_s[ modelObs_s * nuisancePdf ]
     getLogVal() top-level p.d.f evaluates to zero @ !pdfs=(modelObs_s = 0/1,nuisancePdf = 1)

[#0] WARNING:Minization -- RooMinimizerFcn: Minimized function has error status.
Returning maximum FCN so far (952.944) to force MIGRAD to back out of this region. Error log follows
Parameter values: JER_ele=0.416888, JER_muon=4.57846, JES_ele=1.35098, JES_muon=4.00518, QCD_stat_ele=1.83157, QCD_stat_muon=4.05231, VBS_stat_ele=0.564106, VBS_stat_muon=3.91427, ele_efficiency=-0.495076, ele_trigger=0.128425, fakephoton_ele=1.39352, fakephoton_muon=1.98221, interference=2.82707, lumi=1.85604, mu_efficiency=1.82251, mu_trigger=4.58278, non_prompt_stat_ele=3.55287, non_prompt_stat_muon=6.76746, others_stat_ele=0.307115, others_stat_muon=3.86628, others_xs=1.99122, param=0.000949596, pdf_ele=0.630243, pdf_muon=5.77373, photon_id=6.03929, pileup=-0.0393179, scale_ele=2.40595, scale_muon=6.76499
RooProdPdf::model_s[ modelObs_s * nuisancePdf ]
     getLogVal() top-level p.d.f evaluates to zero @ !pdfs=(modelObs_s = 0/1,nuisancePdf = 1)

[#0] WARNING:Minization -- RooMinimizerFcn: Minimized function has error status.
Returning maximum FCN so far (952.944) to force MIGRAD to back out of this region. Error log follows
Parameter values: JER_ele=1.94433, JER_muon=6.98048, JES_ele=3.79086, JES_muon=6.24615, QCD_stat_ele=6.26105, QCD_stat_muon=0.990862, VBS_stat_ele=3.73644, VBS_stat_muon=5.29612, ele_efficiency=-0.442196, ele_trigger=1.65636, fakephoton_ele=4.51677, fakephoton_muon=5.91397, interference=6.72396, lumi=6.16726, mu_efficiency=4.20218, mu_trigger=6.35789, non_prompt_stat_ele=6.63096, non_prompt_stat_muon=-1.88959, others_stat_ele=2.30349, others_stat_muon=6.2373, others_xs=6.35572, param=0.00450228, pdf_ele=3.50002, pdf_muon=0.409071, photon_id=-1.12702, pileup=0.313391, scale_ele=6.75721, scale_muon=-4.73882
RooProdPdf::model_s[ modelObs_s * nuisancePdf ]
     getLogVal() top-level p.d.f evaluates to zero @ !pdfs=(modelObs_s = 0/1,nuisancePdf = 1)

[#0] WARNING:Minization -- RooMinimizerFcn: Minimized function has error status.
Returning maximum FCN so far (952.944) to force MIGRAD to back out of this region. Error log follows
Parameter values: JER_ele=0.158508, JER_muon=3.54391, JES_ele=1.16279, JES_muon=6.72285, QCD_stat_ele=4.25938, QCD_stat_muon=0.33074, VBS_stat_ele=-2.66454, VBS_stat_muon=-5.47491, ele_efficiency=0.886062, ele_trigger=1.45433, fakephoton_ele=6.50352, fakephoton_muon=6.34849, interference=-0.937528, lumi=0.889884, mu_efficiency=0.567942, mu_trigger=4.22984, non_prompt_stat_ele=6.87618, non_prompt_stat_muon=4.55728, others_stat_ele=2.24949, others_stat_muon=3.06759, others_xs=3.32182, param=3.92761e-05, pdf_ele=1.85614, pdf_muon=6.95754, photon_id=6.86116, pileup=0.608822, scale_ele=5.18763, scale_muon=-5.708
RooProdPdf::model_s[ modelObs_s * nuisancePdf ]
     getLogVal() top-level p.d.f evaluates to zero @ !pdfs=(modelObs_s = 0/1,nuisancePdf = 1)

[#0] WARNING:Minization -- RooMinimizerFcn: Minimized function has error status.
Returning maximum FCN so far (952.944) to force MIGRAD to back out of this region. Error log follows
Parameter values: JER_ele=0.565968, JER_muon=5.11244, JES_ele=1.60984, JES_muon=4.6666, QCD_stat_ele=2.27227, QCD_stat_muon=2.36602, VBS_stat_ele=0.945386, VBS_stat_muon=4.97788, ele_efficiency=-0.548755, ele_trigger=0.219014, fakephoton_ele=1.47684, fakephoton_muon=2.25832, interference=3.46722, lumi=2.39318, mu_efficiency=2.13173, mu_trigger=5.24733, non_prompt_stat_ele=3.71311, non_prompt_stat_muon=6.97769, others_stat_ele=0.429559, others_stat_muon=4.68795, others_xs=2.50009, param=0.0124354, pdf_ele=0.859706, pdf_muon=6.42223, photon_id=6.64893, pileup=-0.0301511, scale_ele=2.8882, scale_muon=5.95158
RooProdPdf::model_s[ modelObs_s * nuisancePdf ]
     getLogVal() top-level p.d.f evaluates to zero @ !pdfs=(modelObs_s = 0/1,nuisancePdf = 1)

[#0] WARNING:Minization -- RooMinimizerFcn: Minimized function has error status.
Returning maximum FCN so far (491.928) to force MIGRAD to back out of this region. Error log follows
Parameter values: JER_ele=2.75283, JER_muon=-5.50544, JES_ele=3.69765, JES_muon=-1.79854, QCD_stat_ele=-5.99427, QCD_stat_muon=6.72304, VBS_stat_ele=6.9395, VBS_stat_muon=0.434024, ele_efficiency=-0.462087, ele_trigger=6.73049, fakephoton_ele=6.75229, fakephoton_muon=6.91864, interference=6.82005, lumi=3.20757, mu_efficiency=-2.66559, mu_trigger=-2.2955, non_prompt_stat_ele=4.22448, non_prompt_stat_muon=5.4293, others_stat_ele=1.82221, others_stat_muon=-6.7291, others_xs=0.405329, param=0.410644, pdf_ele=6.99577, pdf_muon=-5.85771, photon_id=-1.3475, pileup=6.77748, scale_ele=5.3162, scale_muon=-6.96136
RooProdPdf::model_s[ modelObs_s * nuisancePdf ]
     getLogVal() top-level p.d.f evaluates to zero @ !pdfs=(modelObs_s = 0/1,nuisancePdf = 1)

[#0] WARNING:Minization -- RooMinimizerFcn: Minimized function has error status.
Returning maximum FCN so far (513.809) to force MIGRAD to back out of this region. Error log follows
Parameter values: JER_ele=1.84978, JER_muon=2.30353, JES_ele=-3.33515, JES_muon=4.01251, QCD_stat_ele=2.9692, QCD_stat_muon=6.98711, VBS_stat_ele=1.75957, VBS_stat_muon=3.47909, ele_efficiency=3.20824, ele_trigger=1.91233, fakephoton_ele=4.42251, fakephoton_muon=1.70368, interference=-0.13178, lumi=5.00282, mu_efficiency=0.695152, mu_trigger=5.44761, non_prompt_stat_ele=3.19081, non_prompt_stat_muon=3.44227, others_stat_ele=-0.259136, others_stat_muon=4.84079, others_xs=1.40408, param=0.35531, pdf_ele=-0.11783, pdf_muon=2.56486, photon_id=5.17387, pileup=1.08597, scale_ele=3.64485, scale_muon=6.87824
RooProdPdf::model_s[ modelObs_s * nuisancePdf ]
     getLogVal() top-level p.d.f evaluates to zero @ !pdfs=(modelObs_s = 0/1,nuisancePdf = 1)

[#0] WARNING:Minization -- RooMinimizerFcn: Minimized function has error status.
Returning maximum FCN so far (513.809) to force MIGRAD to back out of this region. Error log follows
Parameter values: JER_ele=4.8274, JER_muon=5.36856, JES_ele=6.99933, JES_muon=-5.6875, QCD_stat_ele=-6.60465, QCD_stat_muon=6.17802, VBS_stat_ele=6.86634, VBS_stat_muon=-4.73672, ele_efficiency=-0.709501, ele_trigger=5.34009, fakephoton_ele=6.65021, fakephoton_muon=3.37572, interference=5.51876, lumi=6.72811, mu_efficiency=5.04459, mu_trigger=2.86447, non_prompt_stat_ele=2.73587, non_prompt_stat_muon=1.07126, others_stat_ele=5.87199, others_stat_muon=-6.26792, others_xs=1.79975, param=0.390217, pdf_ele=6.34316, pdf_muon=-5.33232, photon_id=-1.37987, pileup=0.774403, scale_ele=-1.82812, scale_muon=-6.88851
RooProdPdf::model_s[ modelObs_s * nuisancePdf ]
     getLogVal() top-level p.d.f evaluates to zero @ !pdfs=(modelObs_s = 0/1,nuisancePdf = 1)

[#0] WARNING:Minization -- RooMinimizerFcn: Minimized function has error status.
Returning maximum FCN so far (798.403) to force MIGRAD to back out of this region. Error log follows
Parameter values: JER_ele=1.2513, JER_muon=2.33068, JES_ele=-0.823309, JES_muon=4.11868, QCD_stat_ele=4.29507, QCD_stat_muon=6.48858, VBS_stat_ele=1.97399, VBS_stat_muon=3.71773, ele_efficiency=1.41667, ele_trigger=1.17399, fakephoton_ele=2.52415, fakephoton_muon=2.55937, interference=1.24098, lumi=3.44556, mu_efficiency=0.787477, mu_trigger=4.16274, non_prompt_stat_ele=2.30262, non_prompt_stat_muon=5.37107, others_stat_ele=-0.112598, others_stat_muon=4.92158, others_xs=2.26262, param=0.326703, pdf_ele=0.84222, pdf_muon=4.06826, photon_id=5.25672, pileup=0.569738, scale_ele=2.74613, scale_muon=6.86527
RooProdPdf::model_s[ modelObs_s * nuisancePdf ]
     getLogVal() top-level p.d.f evaluates to zero @ !pdfs=(modelObs_s = 0/1,nuisancePdf = 1)

[#0] WARNING:Minization -- RooMinimizerFcn: Minimized function has error status.
Returning maximum FCN so far (798.403) to force MIGRAD to back out of this region. Error log follows
Parameter values: JER_ele=1.34858, JER_muon=2.57324, JES_ele=-0.678534, JES_muon=4.48906, QCD_stat_ele=4.71332, QCD_stat_muon=6.7607, VBS_stat_ele=2.17104, VBS_stat_muon=4.08918, ele_efficiency=1.43322, ele_trigger=1.28908, fakephoton_ele=2.75115, fakephoton_muon=2.82027, interference=1.48, lumi=3.65811, mu_efficiency=0.878173, mu_trigger=4.43015, non_prompt_stat_ele=2.60139, non_prompt_stat_muon=5.78345, others_stat_ele=0.0150575, others_stat_muon=5.25136, others_xs=2.56452, param=0.313282, pdf_ele=1.06618, pdf_muon=4.53985, photon_id=5.69563, pileup=0.589739, scale_ele=3.1353, scale_muon=6.49996
RooProdPdf::model_s[ modelObs_s * nuisancePdf ]
     getLogVal() top-level p.d.f evaluates to zero @ !pdfs=(modelObs_s = 0/1,nuisancePdf = 1)

[#0] WARNING:Minization -- RooMinimizerFcn: Minimized function has error status.
Returning maximum FCN so far (798.403) to force MIGRAD to back out of this region. Error log follows
Parameter values: JER_ele=1.62557, JER_muon=3.24996, JES_ele=-0.297095, JES_muon=5.43676, QCD_stat_ele=5.66151, QCD_stat_muon=6.93391, VBS_stat_ele=2.63475, VBS_stat_muon=4.97167, ele_efficiency=1.52649, ele_trigger=1.63546, fakephoton_ele=3.54061, fakephoton_muon=3.44936, interference=2.08364, lumi=4.25787, mu_efficiency=1.13582, mu_trigger=5.17102, non_prompt_stat_ele=3.57788, non_prompt_stat_muon=6.56169, others_stat_ele=0.387982, others_stat_muon=6.04318, others_xs=3.37287, param=0.274957, pdf_ele=1.66105, pdf_muon=5.67694, photon_id=6.61951, pileup=0.662398, scale_ele=4.21742, scale_muon=4.275
RooProdPdf::model_s[ modelObs_s * nuisancePdf ]
     getLogVal() top-level p.d.f evaluates to zero @ !pdfs=(modelObs_s = 0/1,nuisancePdf = 1)

[#0] WARNING:Minization -- RooMinimizerFcn: Minimized function has error status.
Returning maximum FCN so far (798.403) to force MIGRAD to back out of this region. Error log follows
Parameter values: JER_ele=1.99322, JER_muon=4.12025, JES_ele=0.321641, JES_muon=6.41681, QCD_stat_ele=6.62071, QCD_stat_muon=5.48986, VBS_stat_ele=3.24171, VBS_stat_muon=5.94446, ele_efficiency=1.60017, ele_trigger=2.10422, fakephoton_ele=4.48117, fakephoton_muon=4.30424, interference=2.93255, lumi=4.97493, mu_efficiency=1.49453, mu_trigger=5.98685, non_prompt_stat_ele=4.74017, non_prompt_stat_muon=7, others_stat_ele=0.947672, others_stat_muon=6.76941, others_xs=4.44639, param=0.275982, pdf_ele=2.51975, pdf_muon=6.71486, photon_id=6.98086, pileup=0.745524, scale_ele=5.5104, scale_muon=-0.601827
RooProdPdf::model_s[ modelObs_s * nuisancePdf ]
     getLogVal() top-level p.d.f evaluates to zero @ !pdfs=(modelObs_s = 0/1,nuisancePdf = 1)

[#0] WARNING:Minization -- RooMinimizerFcn: Minimized function has error status.
Returning maximum FCN so far (798.403) to force MIGRAD to back out of this region. Error log follows
Parameter values: JER_ele=3.23783, JER_muon=6.16654, JES_ele=1.91751, JES_muon=6.35264, QCD_stat_ele=5.73111, QCD_stat_muon=-4.3628, VBS_stat_ele=4.91227, VBS_stat_muon=6.95951, ele_efficiency=2.1312, ele_trigger=3.61904, fakephoton_ele=6.58623, fakephoton_muon=6.12143, interference=5.04592, lumi=6.68981, mu_efficiency=2.56644, mu_trigger=6.96005, non_prompt_stat_ele=6.86818, non_prompt_stat_muon=3.98486, others_stat_ele=2.57813, others_stat_muon=5.55368, others_xs=6.68448, param=0.423096, pdf_ele=4.78845, pdf_muon=5.36953, photon_id=1.75039, pileup=1.09768, scale_ele=6.89871, scale_muon=-4.86762
RooProdPdf::model_s[ modelObs_s * nuisancePdf ]
     getLogVal() top-level p.d.f evaluates to zero @ !pdfs=(modelObs_s = 0/1,nuisancePdf = 1)

[#0] WARNING:Minization -- RooMinimizerFcn: Minimized function has error status.
Returning maximum FCN so far (798.403) to force MIGRAD to back out of this region. Error log follows
Parameter values: JER_ele=4.35721, JER_muon=6.99145, JES_ele=1.45522, JES_muon=2.98927, QCD_stat_ele=2.58072, QCD_stat_muon=-3.57652, VBS_stat_ele=6.55977, VBS_stat_muon=3.40722, ele_efficiency=3.33591, ele_trigger=4.61851, fakephoton_ele=6.77593, fakephoton_muon=6.96773, interference=6.223, lumi=6.80365, mu_efficiency=3.40978, mu_trigger=4.95238, non_prompt_stat_ele=6.11951, non_prompt_stat_muon=-2.50215, others_stat_ele=2.73908, others_stat_muon=2.18382, others_xs=6.99865, param=0.34282, pdf_ele=5.59312, pdf_muon=-0.344168, photon_id=-5.11143, pileup=1.65325, scale_ele=5.59872, scale_muon=6.83122
RooProdPdf::model_s[ modelObs_s * nuisancePdf ]
     getLogVal() top-level p.d.f evaluates to zero @ !pdfs=(modelObs_s = 0/1,nuisancePdf = 1)

[#0] WARNING:Minization -- RooMinimizerFcn: Minimized function has error status.
Returning maximum FCN so far (798.403) to force MIGRAD to back out of this region. Error log follows
Parameter values: JER_ele=4.87382, JER_muon=6.30764, JES_ele=5.06886, JES_muon=-3.8177, QCD_stat_ele=-4.29138, QCD_stat_muon=6.18974, VBS_stat_ele=6.8751, VBS_stat_muon=-0.117674, ele_efficiency=2.28581, ele_trigger=5.55991, fakephoton_ele=5.81634, fakephoton_muon=6.18239, interference=6.96753, lumi=6.14118, mu_efficiency=4.55654, mu_trigger=1.82882, non_prompt_stat_ele=3.65932, non_prompt_stat_muon=-6.80141, others_stat_ele=5.17023, others_stat_muon=-4.3709, others_xs=4.84067, param=0.145129, pdf_ele=6.9839, pdf_muon=-6.88682, photon_id=-5.25971, pileup=1.53214, scale_ele=-0.252233, scale_muon=-5.27512
RooProdPdf::model_s[ modelObs_s * nuisancePdf ]
     getLogVal() top-level p.d.f evaluates to zero @ !pdfs=(modelObs_s = 0/1,nuisancePdf = 1)

[#0] WARNING:Minization -- RooMinimizerFcn: Minimized function has error status.
Returning maximum FCN so far (798.403) to force MIGRAD to back out of this region. Error log follows
Parameter values: JER_ele=3.58372, JER_muon=6.77702, JES_ele=2.52437, JES_muon=4.76037, QCD_stat_ele=4.46082, QCD_stat_muon=-6.97284, VBS_stat_ele=5.86373, VBS_stat_muon=5.83061, ele_efficiency=2.13254, ele_trigger=3.98981, fakephoton_ele=6.93942, fakephoton_muon=6.80393, interference=6.0212, lumi=6.95084, mu_efficiency=3.06915, mu_trigger=6.49506, non_prompt_stat_ele=6.96391, non_prompt_stat_muon=-0.34617, others_stat_ele=2.97346, others_stat_muon=4.22712, others_xs=6.95918, param=0.301559, pdf_ele=5.48773, pdf_muon=1.84658, photon_id=-2.39591, pileup=1.1929, scale_ele=6.43398, scale_muon=2.54803
RooProdPdf::model_s[ modelObs_s * nuisancePdf ]
     getLogVal() top-level p.d.f evaluates to zero @ !pdfs=(modelObs_s = 0/1,nuisancePdf = 1)

[#0] WARNING:Minization -- RooMinimizerFcn: Minimized function has error status.
Returning maximum FCN so far (798.403) to force MIGRAD to back out of this region. Error log follows
Parameter values: JER_ele=4.94256, JER_muon=6.44607, JES_ele=4.41918, JES_muon=-3.46982, QCD_stat_ele=-4.14169, QCD_stat_muon=6.20858, VBS_stat_ele=6.76576, VBS_stat_muon=0.80731, ele_efficiency=2.76841, ele_trigger=5.5552, fakephoton_ele=5.59286, fakephoton_muon=6.28918, interference=6.99969, lumi=6.04497, mu_efficiency=4.46435, mu_trigger=1.68458, non_prompt_stat_ele=3.45083, non_prompt_stat_muon=-6.92675, others_stat_ele=4.83091, others_stat_muon=-4.17544, others_xs=5.25752, param=0.387577, pdf_ele=6.91449, pdf_muon=-6.62923, photon_id=-5.73892, pileup=1.66993, scale_ele=0.161726, scale_muon=-4.84733
RooProdPdf::model_s[ modelObs_s * nuisancePdf ]
     getLogVal() top-level p.d.f evaluates to zero @ !pdfs=(modelObs_s = 0/1,nuisancePdf = 1)

[#0] WARNING:Minization -- RooMinimizerFcn: Minimized function has error status.
Returning maximum FCN so far (798.403) to force MIGRAD to back out of this region. Error log follows
Parameter values: JER_ele=3.11025, JER_muon=6.27504, JES_ele=1.80292, JES_muon=6.29829, QCD_stat_ele=6.18539, QCD_stat_muon=-5.45672, VBS_stat_ele=5.27462, VBS_stat_muon=6.76951, ele_efficiency=1.98093, ele_trigger=3.42304, fakephoton_ele=6.52816, fakephoton_muon=6.34421, interference=5.30108, lumi=6.65366, mu_efficiency=2.60989, mu_trigger=6.96169, non_prompt_stat_ele=6.86691, non_prompt_stat_muon=2.9264, others_stat_ele=2.31198, others_stat_muon=5.95682, others_xs=6.56646, param=0.251589, pdf_ele=4.68169, pdf_muon=4.69179, photon_id=1.44686, pileup=1.06172, scale_ele=6.98846, scale_muon=-4.25019
RooProdPdf::model_s[ modelObs_s * nuisancePdf ]
     getLogVal() top-level p.d.f evaluates to zero @ !pdfs=(modelObs_s = 0/1,nuisancePdf = 1)

[#0] WARNING:Minization -- RooMinimizerFcn: Minimized function has error status.
Returning maximum FCN so far (798.403) to force MIGRAD to back out of this region. Error log follows
Parameter values: JER_ele=3.6833, JER_muon=6.86445, JES_ele=2.75971, JES_muon=4.03331, QCD_stat_ele=3.74782, QCD_stat_muon=-6.57471, VBS_stat_ele=5.81462, VBS_stat_muon=5.76434, ele_efficiency=2.15818, ele_trigger=4.14017, fakephoton_ele=6.98605, fakephoton_muon=6.90386, interference=6.16808, lumi=6.98262, mu_efficiency=3.21736, mu_trigger=6.24042, non_prompt_stat_ele=6.87896, non_prompt_stat_muon=-1.54433, others_stat_ele=3.19938, others_stat_muon=3.43885, others_xs=6.99888, param=0.203472, pdf_ele=5.68055, pdf_muon=0.843203, photon_id=-3.51895, pileup=1.22856, scale_ele=6.07676, scale_muon=4.79658
RooProdPdf::model_s[ modelObs_s * nuisancePdf ]
     getLogVal() top-level p.d.f evaluates to zero @ !pdfs=(modelObs_s = 0/1,nuisancePdf = 1)

[#0] WARNING:Minization -- RooMinimizerFcn: Minimized function has error status.
Returning maximum FCN so far (798.403) to force MIGRAD to back out of this region. Error log follows
Parameter values: JER_ele=4.45915, JER_muon=6.8806, JES_ele=4.13886, JES_muon=-0.813375, QCD_stat_ele=-1.3883, QCD_stat_muon=1.72857, VBS_stat_ele=6.47224, VBS_stat_muon=3.04632, ele_efficiency=2.36155, ele_trigger=5.07926, fakephoton_ele=6.50216, fakephoton_muon=6.83144, interference=6.90567, lumi=6.72504, mu_efficiency=4.04725, mu_trigger=3.82791, non_prompt_stat_ele=5.16473, non_prompt_stat_muon=-6.40905, others_stat_ele=4.41868, others_stat_muon=-1.49106, others_xs=6.22599, param=0.038066, pdf_ele=6.68781, pdf_muon=-4.90886, photon_id=-6.9971, pileup=1.45359, scale_ele=2.53369, scale_muon=2.45933
RooProdPdf::model_s[ modelObs_s * nuisancePdf ]
     getLogVal() top-level p.d.f evaluates to zero @ !pdfs=(modelObs_s = 0/1,nuisancePdf = 1)

[#0] WARNING:Minization -- RooMinimizerFcn: Minimized function has error status.
Returning maximum FCN so far (798.403) to force MIGRAD to back out of this region. Error log follows
Parameter values: JER_ele=3.79239, JER_muon=6.84678, JES_ele=2.78619, JES_muon=3.44047, QCD_stat_ele=2.51627, QCD_stat_muon=-6.39893, VBS_stat_ele=5.03076, VBS_stat_muon=6.63551, ele_efficiency=2.38124, ele_trigger=4.32874, fakephoton_ele=6.99995, fakephoton_muon=6.93028, interference=5.97741, lumi=6.99428, mu_efficiency=3.27782, mu_trigger=5.99535, non_prompt_stat_ele=6.79455, non_prompt_stat_muon=-1.90461, others_stat_ele=3.42144, others_stat_muon=2.21047, others_xs=6.97732, param=0.111714, pdf_ele=5.72836, pdf_muon=1.00629, photon_id=-3.97943, pileup=1.30917, scale_ele=5.47822, scale_muon=6.04451
RooProdPdf::model_s[ modelObs_s * nuisancePdf ]
     getLogVal() top-level p.d.f evaluates to zero @ !pdfs=(modelObs_s = 0/1,nuisancePdf = 1)

[#0] WARNING:Minization -- RooMinimizerFcn: Minimized function has error status.
Returning maximum FCN so far (798.403) to force MIGRAD to back out of this region. Error log follows
Parameter values: JER_ele=2.4818, JER_muon=4.96317, JES_ele=0.168496, JES_muon=6.99585, QCD_stat_ele=6.99752, QCD_stat_muon=0.231746, VBS_stat_ele=3.12802, VBS_stat_muon=6.20708, ele_efficiency=2.17707, ele_trigger=2.64058, fakephoton_ele=5.67537, fakephoton_muon=5.45379, interference=3.38509, lumi=5.88053, mu_efficiency=1.92195, mu_trigger=6.8186, non_prompt_stat_ele=5.99449, non_prompt_stat_muon=5.98508, others_stat_ele=1.18812, others_stat_muon=6.94761, others_xs=5.39495, param=0.081652, pdf_ele=2.94676, pdf_muon=6.96967, photon_id=5.91744, pileup=1.0017, scale_ele=6.49507, scale_muon=-6.58246
RooProdPdf::model_s[ modelObs_s * nuisancePdf ]
     getLogVal() top-level p.d.f evaluates to zero @ !pdfs=(modelObs_s = 0/1,nuisancePdf = 1)

[#0] WARNING:Minization -- RooMinimizerFcn: Minimized function has error status.
Returning maximum FCN so far (798.403) to force MIGRAD to back out of this region. Error log follows
Parameter values: JER_ele=2.77188, JER_muon=5.8921, JES_ele=1.63819, JES_muon=6.69591, QCD_stat_ele=6.70437, QCD_stat_muon=-3.60361, VBS_stat_ele=4.52845, VBS_stat_muon=6.9968, ele_efficiency=1.77298, ele_trigger=3.09182, fakephoton_ele=6.14154, fakephoton_muon=6.02991, interference=4.85848, lumi=6.31435, mu_efficiency=2.3982, mu_trigger=6.99353, non_prompt_stat_ele=6.56679, non_prompt_stat_muon=4.29284, others_stat_ele=2.09478, others_stat_muon=6.45824, others_xs=6.31652, param=0.0612787, pdf_ele=4.25036, pdf_muon=5.70345, photon_id=3.1837, pileup=0.959682, scale_ele=6.96736, scale_muon=-6.15463
RooProdPdf::model_s[ modelObs_s * nuisancePdf ]
     getLogVal() top-level p.d.f evaluates to zero @ !pdfs=(modelObs_s = 0/1,nuisancePdf = 1)

[#0] WARNING:Minization -- RooMinimizerFcn: Minimized function has error status.
Returning maximum FCN so far (798.403) to force MIGRAD to back out of this region. Error log follows
Parameter values: JER_ele=3.26596, JER_muon=6.52638, JES_ele=2.32661, JES_muon=5.26208, QCD_stat_ele=5.07035, QCD_stat_muon=-6.94909, VBS_stat_ele=4.68262, VBS_stat_muon=6.92994, ele_efficiency=2.02585, ele_trigger=3.72281, fakephoton_ele=6.84373, fakephoton_muon=6.69745, interference=5.51689, lumi=6.78378, mu_efficiency=2.89591, mu_trigger=6.7498, non_prompt_stat_ele=7, non_prompt_stat_muon=0.622186, others_stat_ele=2.81191, others_stat_muon=4.7183, others_xs=6.90249, param=0.0180906, pdf_ele=5.08205, pdf_muon=3.20022, photon_id=-0.883601, pileup=1.12928, scale_ele=6.67349, scale_muon=0.966878
RooProdPdf::model_s[ modelObs_s * nuisancePdf ]
     getLogVal() top-level p.d.f evaluates to zero @ !pdfs=(modelObs_s = 0/1,nuisancePdf = 1)

[#0] WARNING:Minization -- RooMinimizerFcn: Minimized function has error status.
Returning maximum FCN so far (798.403) to force MIGRAD to back out of this region. Error log follows
Parameter values: JER_ele=1.51548, JER_muon=3.0546, JES_ele=-0.349807, JES_muon=5.28065, QCD_stat_ele=5.33982, QCD_stat_muon=6.99982, VBS_stat_ele=2.47982, VBS_stat_muon=4.5615, ele_efficiency=1.44597, ele_trigger=1.52007, fakephoton_ele=3.15781, fakephoton_muon=3.255, interference=2.01178, lumi=4.06366, mu_efficiency=1.08201, mu_trigger=4.97239, non_prompt_stat_ele=3.10355, non_prompt_stat_muon=6.36171, others_stat_ele=0.295299, others_stat_muon=5.8659, others_xs=3.19487, param=0.120974, pdf_ele=1.52767, pdf_muon=5.49618, photon_id=6.45983, pileup=0.62809, scale_ele=3.90312, scale_muon=4.76315
RooProdPdf::model_s[ modelObs_s * nuisancePdf ]
     getLogVal() top-level p.d.f evaluates to zero @ !pdfs=(modelObs_s = 0/1,nuisancePdf = 1)

[#0] WARNING:Minization -- RooMinimizerFcn: Minimized function has error status.
Returning maximum FCN so far (822.311) to force MIGRAD to back out of this region. Error log follows
Parameter values: JER_ele=1.21859, JER_muon=2.4176, JES_ele=-0.761436, JES_muon=4.38785, QCD_stat_ele=4.28257, QCD_stat_muon=6.69928, VBS_stat_ele=1.87858, VBS_stat_muon=3.57067, ele_efficiency=1.36836, ele_trigger=1.15542, fakephoton_ele=2.4773, fakephoton_muon=2.72709, interference=1.36957, lumi=3.44825, mu_efficiency=0.842327, mu_trigger=4.27456, non_prompt_stat_ele=2.26786, non_prompt_stat_muon=5.64657, others_stat_ele=-0.104037, others_stat_muon=5.05111, others_xs=2.38863, param=0.00657958, pdf_ele=0.871098, pdf_muon=4.42242, photon_id=5.49069, pileup=0.565577, scale_ele=2.76689, scale_muon=6.57615
RooProdPdf::model_s[ modelObs_s * nuisancePdf ]
     getLogVal() top-level p.d.f evaluates to zero @ !pdfs=(modelObs_s = 0/1,nuisancePdf = 1)

[#0] WARNING:Minization -- RooMinimizerFcn: Minimized function has error status.
Returning maximum FCN so far (822.311) to force MIGRAD to back out of this region. Error log follows
Parameter values: JER_ele=2.25928, JER_muon=4.7396, JES_ele=0.380115, JES_muon=6.92722, QCD_stat_ele=6.92882, QCD_stat_muon=2.46483, VBS_stat_ele=3.36293, VBS_stat_muon=6.21363, ele_efficiency=1.84596, ele_trigger=2.4073, fakephoton_ele=5.09924, fakephoton_muon=5.06525, interference=3.4537, lumi=5.56729, mu_efficiency=1.80775, mu_trigger=6.5964, non_prompt_stat_ele=5.40543, non_prompt_stat_muon=6.57656, others_stat_ele=1.11014, others_stat_muon=6.9997, others_xs=5.1256, param=0.0126915, pdf_ele=2.86728, pdf_muon=6.9995, photon_id=6.40062, pileup=0.880171, scale_ele=6.11549, scale_muon=-5.34674
RooProdPdf::model_s[ modelObs_s * nuisancePdf ]
     getLogVal() top-level p.d.f evaluates to zero @ !pdfs=(modelObs_s = 0/1,nuisancePdf = 1)


 -- Hybrid New -- 
CLs = 0.00233645 +/- 0.00233568
Done in 14.87 min (cpu), 15.23 min (real)
