 <<< Combine >>> 
>>> including systematics
>>> using the Profile Likelihood test statistics modified for upper limits (Q_LHC)
>>> method used is HybridNew
>>> Used OpenSSL to get a really random seed 1748916798
Computing results starting from observation (a-posteriori)
[#0] WARNING:Minization -- RooMinimizerFcn: Minimized function has error status.
Returning maximum FCN so far (761.682) to force MIGRAD to back out of this region. Error log follows
Parameter values: JER_ele=3.02173, JER_muon=-6.63798, JES_ele=-1.33817, JES_muon=0.703494, QCD_stat_ele=0.676761, QCD_stat_muon=7, VBS_stat_ele=5.12593, VBS_stat_muon=6.62847, ele_efficiency=6.58816, ele_trigger=6.89249, fakephoton_ele=0.770876, fakephoton_muon=6.96274, interference=-2.9281, lumi=-6.97587, mu_efficiency=2.73418, mu_trigger=6.99986, non_prompt_stat_ele=6.67777, non_prompt_stat_muon=4.42393, others_stat_ele=1.38753, others_stat_muon=-0.304298, others_xs=4.24599, param=0.432605, pdf_ele=1.95449, pdf_muon=-1.40414, photon_id=-2.46379, pileup=2.9261, scale_ele=-2.95535, scale_muon=-4.98366
RooProdPdf::model_s[ modelObs_s * nuisancePdf ]
     getLogVal() top-level p.d.f evaluates to zero @ !pdfs=(modelObs_s = 0/1,nuisancePdf = 1)

[#0] WARNING:Minization -- RooMinimizerFcn: Minimized function has error status.
Returning maximum FCN so far (761.682) to force MIGRAD to back out of this region. Error log follows
Parameter values: JER_ele=1.87146, JER_muon=-6.96226, JES_ele=-3.01577, JES_muon=-6.70412, QCD_stat_ele=3.33677, QCD_stat_muon=5.20566, VBS_stat_ele=5.20666, VBS_stat_muon=-3.78431, ele_efficiency=1.53179, ele_trigger=1.98132, fakephoton_ele=4.33244, fakephoton_muon=5.5678, interference=4.12715, lumi=-4.78745, mu_efficiency=-5.58318, mu_trigger=-3.79397, non_prompt_stat_ele=5.72781, non_prompt_stat_muon=5.43173, others_stat_ele=-4.60765, others_stat_muon=-5.82946, others_xs=-6.75868, param=0.000272923, pdf_ele=1.72171, pdf_muon=-6.95602, photon_id=-6.95243, pileup=3.11917, scale_ele=4.6113, scale_muon=-6.60385
RooProdPdf::model_s[ modelObs_s * nuisancePdf ]
     getLogVal() top-level p.d.f evaluates to zero @ !pdfs=(modelObs_s = 0/1,nuisancePdf = 1)

[#0] WARNING:Minization -- RooMinimizerFcn: Minimized function has error status.
Returning maximum FCN so far (761.682) to force MIGRAD to back out of this region. Error log follows
Parameter values: JER_ele=3.87343, JER_muon=5.9364, JES_ele=4.44716, JES_muon=-3.90464, QCD_stat_ele=5.27953, QCD_stat_muon=-5.49096, VBS_stat_ele=4.47243, VBS_stat_muon=-1.30853, ele_efficiency=1.4888, ele_trigger=4.51775, fakephoton_ele=6.1441, fakephoton_muon=6.65342, interference=6.45916, lumi=6.8979, mu_efficiency=3.90359, mu_trigger=0.363683, non_prompt_stat_ele=6.5158, non_prompt_stat_muon=3.04982, others_stat_ele=5.95832, others_stat_muon=0.305722, others_xs=6.74921, param=0.000904232, pdf_ele=6.35819, pdf_muon=-5.56867, photon_id=-6.06283, pileup=2.07721, scale_ele=4.27164, scale_muon=-6.71194
RooProdPdf::model_s[ modelObs_s * nuisancePdf ]
     getLogVal() top-level p.d.f evaluates to zero @ !pdfs=(modelObs_s = 0/1,nuisancePdf = 1)

[#0] WARNING:Minization -- RooMinimizerFcn: Minimized function has error status.
Returning maximum FCN so far (761.682) to force MIGRAD to back out of this region. Error log follows
Parameter values: JER_ele=4.15859, JER_muon=5.01294, JES_ele=4.76485, JES_muon=-4.91048, QCD_stat_ele=0.354849, QCD_stat_muon=-6.60247, VBS_stat_ele=4.16841, VBS_stat_muon=-3.97349, ele_efficiency=1.49085, ele_trigger=4.67323, fakephoton_ele=6.19709, fakephoton_muon=6.4374, interference=6.25113, lumi=6.69283, mu_efficiency=4.31942, mu_trigger=-0.711225, non_prompt_stat_ele=6.44865, non_prompt_stat_muon=3.81272, others_stat_ele=6.43429, others_stat_muon=-1.26175, others_xs=6.35895, param=9.23501e-06, pdf_ele=6.53951, pdf_muon=-4.00982, photon_id=-4.60728, pileup=1.99034, scale_ele=3.88945, scale_muon=-5.34285
RooProdPdf::model_s[ modelObs_s * nuisancePdf ]
     getLogVal() top-level p.d.f evaluates to zero @ !pdfs=(modelObs_s = 0/1,nuisancePdf = 1)

[#0] WARNING:Minization -- RooMinimizerFcn: Minimized function has error status.
Returning maximum FCN so far (761.682) to force MIGRAD to back out of this region. Error log follows
Parameter values: JER_ele=4.35395, JER_muon=4.85535, JES_ele=5.08745, JES_muon=-5.48659, QCD_stat_ele=0.390057, QCD_stat_muon=-6.20982, VBS_stat_ele=4.65705, VBS_stat_muon=-4.04298, ele_efficiency=1.60868, ele_trigger=4.96958, fakephoton_ele=6.51336, fakephoton_muon=6.65562, interference=6.04254, lumi=6.55391, mu_efficiency=4.37771, mu_trigger=-1.35665, non_prompt_stat_ele=6.78004, non_prompt_stat_muon=2.69993, others_stat_ele=6.57516, others_stat_muon=-1.74915, others_xs=6.15828, param=1.48985e-05, pdf_ele=6.74792, pdf_muon=-3.09266, photon_id=-3.47656, pileup=2.09372, scale_ele=2.41192, scale_muon=-3.12361
RooProdPdf::model_s[ modelObs_s * nuisancePdf ]
     getLogVal() top-level p.d.f evaluates to zero @ !pdfs=(modelObs_s = 0/1,nuisancePdf = 1)

[#0] WARNING:Minization -- RooMinimizerFcn: Minimized function has error status.
Returning maximum FCN so far (761.682) to force MIGRAD to back out of this region. Error log follows
Parameter values: JER_ele=4.47878, JER_muon=4.42352, JES_ele=5.23727, JES_muon=-5.94657, QCD_stat_ele=-1.0131, QCD_stat_muon=-4.50138, VBS_stat_ele=4.72435, VBS_stat_muon=-4.78242, ele_efficiency=1.64316, ele_trigger=5.08491, fakephoton_ele=6.59742, fakephoton_muon=6.68075, interference=5.85205, lumi=6.39009, mu_efficiency=4.52355, mu_trigger=-1.9812, non_prompt_stat_ele=6.83669, non_prompt_stat_muon=2.44791, others_stat_ele=6.6872, others_stat_muon=-2.45249, others_xs=5.90454, param=0.000144061, pdf_ele=6.82242, pdf_muon=-2.00029, photon_id=-2.35845, pileup=2.1142, scale_ele=1.87081, scale_muon=-1.02314
RooProdPdf::model_s[ modelObs_s * nuisancePdf ]
     getLogVal() top-level p.d.f evaluates to zero @ !pdfs=(modelObs_s = 0/1,nuisancePdf = 1)

[#0] WARNING:Minization -- RooMinimizerFcn: Minimized function has error status.
Returning maximum FCN so far (761.682) to force MIGRAD to back out of this region. Error log follows
Parameter values: JER_ele=4.46118, JER_muon=4.73521, JES_ele=5.13534, JES_muon=-5.55582, QCD_stat_ele=-0.500499, QCD_stat_muon=-5.79688, VBS_stat_ele=4.69272, VBS_stat_muon=-4.45631, ele_efficiency=1.64474, ele_trigger=5.04503, fakephoton_ele=6.54729, fakephoton_muon=6.64082, interference=5.93295, lumi=6.50452, mu_efficiency=4.37871, mu_trigger=-1.52207, non_prompt_stat_ele=6.792, non_prompt_stat_muon=2.82099, others_stat_ele=6.65369, others_stat_muon=-1.91449, others_xs=6.11193, param=0.0135659, pdf_ele=6.79131, pdf_muon=-2.82018, photon_id=-3.16744, pileup=2.13325, scale_ele=2.15742, scale_muon=-2.7776
RooProdPdf::model_s[ modelObs_s * nuisancePdf ]
     getLogVal() top-level p.d.f evaluates to zero @ !pdfs=(modelObs_s = 0/1,nuisancePdf = 1)

[#0] WARNING:Minization -- RooMinimizerFcn: Minimized function has error status.
Returning maximum FCN so far (761.682) to force MIGRAD to back out of this region. Error log follows
Parameter values: JER_ele=4.95053, JER_muon=2.19796, JES_ele=5.93037, JES_muon=-6.97374, QCD_stat_ele=-4.17612, QCD_stat_muon=5.89878, VBS_stat_ele=5.38138, VBS_stat_muon=-6.66485, ele_efficiency=1.84493, ele_trigger=5.645, fakephoton_ele=6.9466, fakephoton_muon=6.9555, interference=4.62512, lumi=5.22579, mu_efficiency=5.17424, mu_trigger=-4.93092, non_prompt_stat_ele=6.99025, non_prompt_stat_muon=-0.688921, others_stat_ele=6.9565, others_stat_muon=-5.38231, others_xs=4.23146, param=0.000347249, pdf_ele=6.9999, pdf_muon=3.88477, photon_id=3.76126, pileup=2.28867, scale_ele=-1.5115, scale_muon=6.93026
RooProdPdf::model_s[ modelObs_s * nuisancePdf ]
     getLogVal() top-level p.d.f evaluates to zero @ !pdfs=(modelObs_s = 0/1,nuisancePdf = 1)

[#0] WARNING:Minization -- RooMinimizerFcn: Minimized function has error status.
Returning maximum FCN so far (761.682) to force MIGRAD to back out of this region. Error log follows
Parameter values: JER_ele=5.00389, JER_muon=2.28134, JES_ele=5.87859, JES_muon=-6.98861, QCD_stat_ele=-4.27878, QCD_stat_muon=5.78118, VBS_stat_ele=5.33595, VBS_stat_muon=-6.70467, ele_efficiency=1.87486, ele_trigger=5.65951, fakephoton_ele=6.93981, fakephoton_muon=6.9516, interference=4.52214, lumi=5.27265, mu_efficiency=5.09524, mu_trigger=-4.8979, non_prompt_stat_ele=6.99595, non_prompt_stat_muon=-0.488079, others_stat_ele=6.96472, others_stat_muon=-5.30541, others_xs=4.36147, param=0.000533237, pdf_ele=6.99984, pdf_muon=3.77622, photon_id=3.60381, pileup=2.35409, scale_ele=-1.44289, scale_muon=6.97146
RooProdPdf::model_s[ modelObs_s * nuisancePdf ]
     getLogVal() top-level p.d.f evaluates to zero @ !pdfs=(modelObs_s = 0/1,nuisancePdf = 1)

[#0] WARNING:Minization -- RooMinimizerFcn: Minimized function has error status.
Returning maximum FCN so far (761.682) to force MIGRAD to back out of this region. Error log follows
Parameter values: JER_ele=4.98338, JER_muon=2.2086, JES_ele=5.9249, JES_muon=-6.97631, QCD_stat_ele=-4.27629, QCD_stat_muon=5.91807, VBS_stat_ele=5.38801, VBS_stat_muon=-6.6866, ele_efficiency=1.86202, ele_trigger=5.66386, fakephoton_ele=6.94828, fakephoton_muon=6.95553, interference=4.56698, lumi=5.22482, mu_efficiency=5.14929, mu_trigger=-4.94331, non_prompt_stat_ele=6.99063, non_prompt_stat_muon=-0.642118, others_stat_ele=6.96275, others_stat_muon=-5.36856, others_xs=4.2622, param=0.000826758, pdf_ele=7, pdf_muon=3.89744, photon_id=3.77657, pileup=2.31716, scale_ele=-1.56744, scale_muon=6.92778
RooProdPdf::model_s[ modelObs_s * nuisancePdf ]
     getLogVal() top-level p.d.f evaluates to zero @ !pdfs=(modelObs_s = 0/1,nuisancePdf = 1)

[#0] WARNING:Minization -- RooMinimizerFcn: Minimized function has error status.
Returning maximum FCN so far (761.682) to force MIGRAD to back out of this region. Error log follows
Parameter values: JER_ele=5.03229, JER_muon=2.05055, JES_ele=5.94494, JES_muon=-6.94972, QCD_stat_ele=-4.50179, QCD_stat_muon=6.32339, VBS_stat_ele=5.41189, VBS_stat_muon=-6.77905, ele_efficiency=1.88549, ele_trigger=5.70132, fakephoton_ele=6.95679, fakephoton_muon=6.9641, interference=4.41999, lumi=5.13427, mu_efficiency=5.16755, mu_trigger=-5.11419, non_prompt_stat_ele=6.98701, non_prompt_stat_muon=-0.791272, others_stat_ele=6.97378, others_stat_muon=-5.5117, others_xs=4.16693, param=0.00117822, pdf_ele=6.99938, pdf_muon=4.2408, photon_id=4.10894, pileup=2.35342, scale_ele=-1.74633, scale_muon=6.75576
RooProdPdf::model_s[ modelObs_s * nuisancePdf ]
     getLogVal() top-level p.d.f evaluates to zero @ !pdfs=(modelObs_s = 0/1,nuisancePdf = 1)

[#0] WARNING:Minization -- RooMinimizerFcn: Minimized function has error status.
Returning maximum FCN so far (761.682) to force MIGRAD to back out of this region. Error log follows
Parameter values: JER_ele=4.94519, JER_muon=2.64976, JES_ele=5.78085, JES_muon=-6.99337, QCD_stat_ele=-3.83815, QCD_stat_muon=4.4985, VBS_stat_ele=5.29088, VBS_stat_muon=-6.55111, ele_efficiency=1.84827, ele_trigger=5.5862, fakephoton_ele=6.90514, fakephoton_muon=6.92378, interference=4.71025, lumi=5.47315, mu_efficiency=4.993, mu_trigger=-4.50333, non_prompt_stat_ele=6.99979, non_prompt_stat_muon=0.0242022, others_stat_ele=6.94154, others_stat_muon=-4.90184, others_xs=4.67079, param=0.0112834, pdf_ele=6.99505, pdf_muon=2.95441, photon_id=2.74306, pileup=2.33285, scale_ele=-0.944325, scale_muon=6.86334
RooProdPdf::model_s[ modelObs_s * nuisancePdf ]
     getLogVal() top-level p.d.f evaluates to zero @ !pdfs=(modelObs_s = 0/1,nuisancePdf = 1)

[#0] WARNING:Minization -- RooMinimizerFcn: Minimized function has error status.
Returning maximum FCN so far (761.682) to force MIGRAD to back out of this region. Error log follows
Parameter values: JER_ele=5.45261, JER_muon=-0.705265, JES_ele=6.49978, JES_muon=-4.77115, QCD_stat_ele=-6.57336, QCD_stat_muon=1.12187, VBS_stat_ele=5.97803, VBS_stat_muon=-6.71117, ele_efficiency=2.07929, ele_trigger=6.17118, fakephoton_ele=6.95435, fakephoton_muon=6.96463, interference=2.74991, lumi=3.30566, mu_efficiency=5.79721, mu_trigger=-6.83485, non_prompt_stat_ele=6.59407, non_prompt_stat_muon=-3.98025, others_stat_ele=6.96029, others_stat_muon=-6.96631, others_xs=1.7329, param=0.00162308, pdf_ele=6.79745, pdf_muon=6.99672, photon_id=6.99491, pileup=2.51117, scale_ele=-4.81009, scale_muon=-4.55388
RooProdPdf::model_s[ modelObs_s * nuisancePdf ]
     getLogVal() top-level p.d.f evaluates to zero @ !pdfs=(modelObs_s = 0/1,nuisancePdf = 1)

[#0] WARNING:Minization -- RooMinimizerFcn: Minimized function has error status.
Returning maximum FCN so far (761.682) to force MIGRAD to back out of this region. Error log follows
Parameter values: JER_ele=5.50261, JER_muon=-0.461051, JES_ele=6.41192, JES_muon=-5.16212, QCD_stat_ele=-6.59854, QCD_stat_muon=1.94028, VBS_stat_ele=5.88518, VBS_stat_muon=-6.68438, ele_efficiency=2.11074, ele_trigger=6.16108, fakephoton_ele=6.97372, fakephoton_muon=6.97788, interference=2.63637, lumi=3.49632, mu_efficiency=5.66936, mu_trigger=-6.77762, non_prompt_stat_ele=6.70222, non_prompt_stat_muon=-3.53543, others_stat_ele=6.95607, others_stat_muon=-6.92291, others_xs=2.10267, param=0.00182956, pdf_ele=6.82468, pdf_muon=6.99401, photon_id=6.9909, pileup=2.60007, scale_ele=-4.5474, scale_muon=-3.53468
RooProdPdf::model_s[ modelObs_s * nuisancePdf ]
     getLogVal() top-level p.d.f evaluates to zero @ !pdfs=(modelObs_s = 0/1,nuisancePdf = 1)

[#0] WARNING:Minization -- RooMinimizerFcn: Minimized function has error status.
Returning maximum FCN so far (761.682) to force MIGRAD to back out of this region. Error log follows
Parameter values: JER_ele=5.42659, JER_muon=-0.394804, JES_ele=6.45005, JES_muon=-5.15136, QCD_stat_ele=-6.45778, QCD_stat_muon=2.45346, VBS_stat_ele=5.93203, VBS_stat_muon=-6.81523, ele_efficiency=2.06828, ele_trigger=6.13571, fakephoton_ele=6.97041, fakephoton_muon=6.97831, interference=2.9074, lumi=3.52259, mu_efficiency=5.72386, mu_trigger=-6.73855, non_prompt_stat_ele=6.66018, non_prompt_stat_muon=-3.64869, others_stat_ele=6.97138, others_stat_muon=-6.90819, others_xs=2.0359, param=0.0022738, pdf_ele=6.8302, pdf_muon=6.98239, photon_id=6.98541, pileup=2.50876, scale_ele=-4.56606, scale_muon=-3.332
RooProdPdf::model_s[ modelObs_s * nuisancePdf ]
     getLogVal() top-level p.d.f evaluates to zero @ !pdfs=(modelObs_s = 0/1,nuisancePdf = 1)

[#0] WARNING:Minization -- RooMinimizerFcn: Minimized function has error status.
Returning maximum FCN so far (761.682) to force MIGRAD to back out of this region. Error log follows
Parameter values: JER_ele=5.48482, JER_muon=-0.466386, JES_ele=6.42328, JES_muon=-5.1325, QCD_stat_ele=-6.57345, QCD_stat_muon=1.96866, VBS_stat_ele=5.90546, VBS_stat_muon=-6.7142, ele_efficiency=2.09968, ele_trigger=6.1553, fakephoton_ele=6.97307, fakephoton_muon=6.97805, interference=2.6975, lumi=3.48741, mu_efficiency=5.6893, mu_trigger=-6.77449, non_prompt_stat_ele=6.6929, non_prompt_stat_muon=-3.56655, others_stat_ele=6.95992, others_stat_muon=-6.92119, others_xs=2.07512, param=0.00267573, pdf_ele=6.82503, pdf_muon=6.994, photon_id=6.99225, pileup=2.57618, scale_ele=-4.5528, scale_muon=-3.58268
RooProdPdf::model_s[ modelObs_s * nuisancePdf ]
     getLogVal() top-level p.d.f evaluates to zero @ !pdfs=(modelObs_s = 0/1,nuisancePdf = 1)

[#0] WARNING:Minization -- RooMinimizerFcn: Minimized function has error status.
Returning maximum FCN so far (761.682) to force MIGRAD to back out of this region. Error log follows
Parameter values: JER_ele=6.00032, JER_muon=-4.051, JES_ele=6.90008, JES_muon=1.05064, QCD_stat_ele=-6.5255, QCD_stat_muon=-5.1692, VBS_stat_ele=6.49847, VBS_stat_muon=-3.59133, ele_efficiency=2.37903, ele_trigger=6.6504, fakephoton_ele=6.44505, fakephoton_muon=6.53926, interference=-0.0250206, lumi=0.451197, mu_efficiency=6.37533, mu_trigger=-6.16866, non_prompt_stat_ele=5.4176, non_prompt_stat_muon=-6.57769, others_stat_ele=6.50362, others_stat_muon=-5.62376, others_xs=-1.60922, param=0.00676579, pdf_ele=6.00272, pdf_muon=1.98136, photon_id=1.7535, pileup=2.82346, scale_ele=-6.91313, scale_muon=1.48461
RooProdPdf::model_s[ modelObs_s * nuisancePdf ]
     getLogVal() top-level p.d.f evaluates to zero @ !pdfs=(modelObs_s = 0/1,nuisancePdf = 1)

[#0] WARNING:Minization -- RooMinimizerFcn: Minimized function has error status.
Returning maximum FCN so far (761.682) to force MIGRAD to back out of this region. Error log follows
Parameter values: JER_ele=6.03397, JER_muon=-3.81274, JES_ele=6.85706, JES_muon=0.33409, QCD_stat_ele=-6.4764, QCD_stat_muon=-6.03783, VBS_stat_ele=6.44957, VBS_stat_muon=-3.41987, ele_efficiency=2.39723, ele_trigger=6.63543, fakephoton_ele=6.53586, fakephoton_muon=6.62129, interference=-0.0623849, lumi=0.679615, mu_efficiency=6.28163, mu_trigger=-6.33771, non_prompt_stat_ele=5.66952, non_prompt_stat_muon=-6.30195, others_stat_ele=6.49758, others_stat_muon=-5.87633, others_xs=-1.20277, param=0.00343595, pdf_ele=6.07582, pdf_muon=2.65641, photon_id=2.53907, pileup=2.88274, scale_ele=-6.82255, scale_muon=-0.388865
RooProdPdf::model_s[ modelObs_s * nuisancePdf ]
     getLogVal() top-level p.d.f evaluates to zero @ !pdfs=(modelObs_s = 0/1,nuisancePdf = 1)

[#0] WARNING:Minization -- RooMinimizerFcn: Minimized function has error status.
Returning maximum FCN so far (761.682) to force MIGRAD to back out of this region. Error log follows
Parameter values: JER_ele=6.00924, JER_muon=-4.07867, JES_ele=6.91848, JES_muon=1.19221, QCD_stat_ele=-6.48132, QCD_stat_muon=-5.02518, VBS_stat_ele=6.53633, VBS_stat_muon=-3.71457, ele_efficiency=2.38519, ele_trigger=6.66808, fakephoton_ele=6.39296, fakephoton_muon=6.52182, interference=-0.00039267, lumi=0.389841, mu_efficiency=6.39389, mu_trigger=-6.14242, non_prompt_stat_ele=5.29391, non_prompt_stat_muon=-6.62698, others_stat_ele=6.48324, others_stat_muon=-5.59645, others_xs=-1.70461, param=0.00447223, pdf_ele=5.94165, pdf_muon=1.87186, photon_id=1.53174, pileup=2.80903, scale_ele=-6.95295, scale_muon=1.85868
RooProdPdf::model_s[ modelObs_s * nuisancePdf ]
     getLogVal() top-level p.d.f evaluates to zero @ !pdfs=(modelObs_s = 0/1,nuisancePdf = 1)

[#0] WARNING:Minization -- RooMinimizerFcn: Minimized function has error status.
Returning maximum FCN so far (761.682) to force MIGRAD to back out of this region. Error log follows
Parameter values: JER_ele=6.05557, JER_muon=-3.73195, JES_ele=6.82757, JES_muon=0.0402249, QCD_stat_ele=-6.47212, QCD_stat_muon=-6.29108, VBS_stat_ele=6.44534, VBS_stat_muon=-3.19576, ele_efficiency=2.40974, ele_trigger=6.62778, fakephoton_ele=6.5871, fakephoton_muon=6.65361, interference=-0.167771, lumi=0.756023, mu_efficiency=6.23261, mu_trigger=-6.38683, non_prompt_stat_ele=5.80943, non_prompt_stat_muon=-6.15175, others_stat_ele=6.49878, others_stat_muon=-5.97997, others_xs=-0.988299, param=0.0126408, pdf_ele=6.11283, pdf_muon=2.86352, photon_id=2.83639, pileup=2.92565, scale_ele=-6.75631, scale_muon=-1.08809
RooProdPdf::model_s[ modelObs_s * nuisancePdf ]
     getLogVal() top-level p.d.f evaluates to zero @ !pdfs=(modelObs_s = 0/1,nuisancePdf = 1)

[#0] WARNING:Minization -- RooMinimizerFcn: Minimized function has error status.
Returning maximum FCN so far (761.682) to force MIGRAD to back out of this region. Error log follows
Parameter values: JER_ele=2.90175, JER_muon=6.43492, JES_ele=2.14538, JES_muon=6.58507, QCD_stat_ele=6.83191, QCD_stat_muon=-3.07655, VBS_stat_ele=1.84437, VBS_stat_muon=6.05971, ele_efficiency=1.06128, ele_trigger=2.92656, fakephoton_ele=3.61337, fakephoton_muon=4.06768, interference=6.64212, lumi=5.66036, mu_efficiency=1.62361, mu_trigger=6.92108, non_prompt_stat_ele=3.25656, non_prompt_stat_muon=6.52434, others_stat_ele=4.5664, others_stat_muon=6.91076, others_xs=5.62522, param=0.3088, pdf_ele=4.26399, pdf_muon=1.47473, photon_id=2.21627, pileup=1.62081, scale_ele=6.82401, scale_muon=-2.03133
RooProdPdf::model_s[ modelObs_s * nuisancePdf ]
     getLogVal() top-level p.d.f evaluates to zero @ !pdfs=(modelObs_s = 0/1,nuisancePdf = 1)

[#0] WARNING:Minization -- RooMinimizerFcn: Minimized function has error status.
Returning maximum FCN so far (761.682) to force MIGRAD to back out of this region. Error log follows
Parameter values: JER_ele=0.456461, JER_muon=4.51365, JES_ele=2.87448, JES_muon=6.98582, QCD_stat_ele=2.47397, QCD_stat_muon=-3.02402, VBS_stat_ele=2.17313, VBS_stat_muon=1.82976, ele_efficiency=0.222507, ele_trigger=1.56276, fakephoton_ele=3.48524, fakephoton_muon=3.54453, interference=2.36463, lumi=3.8622, mu_efficiency=2.33285, mu_trigger=5.92522, non_prompt_stat_ele=4.53145, non_prompt_stat_muon=6.75193, others_stat_ele=1.35939, others_stat_muon=6.22115, others_xs=5.08393, param=0.0123513, pdf_ele=2.98695, pdf_muon=6.83074, photon_id=6.52278, pileup=-0.0191517, scale_ele=6.36271, scale_muon=-6.30414
RooProdPdf::model_s[ modelObs_s * nuisancePdf ]
     getLogVal() top-level p.d.f evaluates to zero @ !pdfs=(modelObs_s = 0/1,nuisancePdf = 1)


 -- Hybrid New -- 
CLs = 0.0194175 +/- 0.00685711
Done in 15.18 min (cpu), 15.25 min (real)
