 <<< Combine >>> 
>>> including systematics
>>> using the Profile Likelihood test statistics modified for upper limits (Q_LHC)
>>> method used is HybridNew
>>> Used OpenSSL to get a really random seed -534750683
Computing results starting from observation (a-posteriori)
[#0] WARNING:Minization -- RooMinimizerFcn: Minimized function has error status.
Returning maximum FCN so far (741.713) to force MIGRAD to back out of this region. Error log follows
Parameter values: JER_ele=1.85546, JER_muon=1.35508, JES_ele=3.93743, JES_muon=5.46856, QCD_stat_ele=4.45836, QCD_stat_muon=6.73526, VBS_stat_ele=0.697918, VBS_stat_muon=-4.19489, ele_efficiency=0.554705, ele_trigger=2.4188, fakephoton_ele=4.9907, fakephoton_muon=2.82658, interference=0.122739, lumi=2.06696, mu_efficiency=1.34943, mu_trigger=3.77347, non_prompt_stat_ele=5.69109, non_prompt_stat_muon=4.53061, others_stat_ele=4.3833, others_stat_muon=5.11974, others_xs=4.93816, param=0.136013, pdf_ele=4.62108, pdf_muon=4.03999, photon_id=6.30721, pileup=0.520379, scale_ele=6.91658, scale_muon=6.86028
RooProdPdf::model_s[ modelObs_s * nuisancePdf ]
     getLogVal() top-level p.d.f evaluates to zero @ !pdfs=(modelObs_s = 0/1,nuisancePdf = 1)

[#0] WARNING:Minization -- RooMinimizerFcn: Minimized function has error status.
Returning maximum FCN so far (851.639) to force MIGRAD to back out of this region. Error log follows
Parameter values: JER_ele=0.50731, JER_muon=4.44838, JES_ele=4.69063, JES_muon=2.83849, QCD_stat_ele=6.97638, QCD_stat_muon=-3.97103, VBS_stat_ele=6.11678, VBS_stat_muon=3.50963, ele_efficiency=2.28522, ele_trigger=0.216501, fakephoton_ele=6.99525, fakephoton_muon=6.9979, interference=6.89347, lumi=6.99997, mu_efficiency=0.451199, mu_trigger=5.64841, non_prompt_stat_ele=5.7115, non_prompt_stat_muon=-1.2584, others_stat_ele=6.67308, others_stat_muon=3.04899, others_xs=6.37924, param=0.0449384, pdf_ele=6.74216, pdf_muon=1.98318, photon_id=-1.52676, pileup=0.205395, scale_ele=3.0833, scale_muon=2.05735
RooProdPdf::model_s[ modelObs_s * nuisancePdf ]
     getLogVal() top-level p.d.f evaluates to zero @ !pdfs=(modelObs_s = 0/1,nuisancePdf = 1)

[#0] WARNING:Minization -- RooMinimizerFcn: Minimized function has error status.
Returning maximum FCN so far (851.639) to force MIGRAD to back out of this region. Error log follows
Parameter values: JER_ele=-1.46132, JER_muon=-0.268481, JES_ele=1.77844, JES_muon=6.76299, QCD_stat_ele=4.76477, QCD_stat_muon=1.57385, VBS_stat_ele=4.57917, VBS_stat_muon=6.94117, ele_efficiency=1.7905, ele_trigger=-2.51057, fakephoton_ele=4.55316, fakephoton_muon=5.2431, interference=4.94092, lumi=5.05983, mu_efficiency=-1.65622, mu_trigger=6.44953, non_prompt_stat_ele=6.03452, non_prompt_stat_muon=6.97442, others_stat_ele=4.32196, others_stat_muon=6.60261, others_xs=5.67313, param=0.534367, pdf_ele=4.55974, pdf_muon=6.49949, photon_id=6.91863, pileup=-0.365752, scale_ele=6.84439, scale_muon=-0.936185
RooProdPdf::model_s[ modelObs_s * nuisancePdf ]
     getLogVal() top-level p.d.f evaluates to zero @ !pdfs=(modelObs_s = 0/1,nuisancePdf = 1)

[#0] WARNING:Minization -- RooMinimizerFcn: Minimized function has error status.
Returning maximum FCN so far (851.639) to force MIGRAD to back out of this region. Error log follows
Parameter values: JER_ele=-0.871317, JER_muon=0.227234, JES_ele=0.548488, JES_muon=4.88777, QCD_stat_ele=0.624055, QCD_stat_muon=6.92154, VBS_stat_ele=2.54971, VBS_stat_muon=5.39748, ele_efficiency=0.868254, ele_trigger=-1.35796, fakephoton_ele=2.10182, fakephoton_muon=3.28639, interference=2.81707, lumi=2.75285, mu_efficiency=-0.666708, mu_trigger=4.36768, non_prompt_stat_ele=3.09039, non_prompt_stat_muon=5.3353, others_stat_ele=1.56552, others_stat_muon=4.19217, others_xs=3.07488, param=0.00916245, pdf_ele=2.15121, pdf_muon=4.43872, photon_id=4.78601, pileup=-0.182103, scale_ele=3.10187, scale_muon=6.99966
RooProdPdf::model_s[ modelObs_s * nuisancePdf ]
     getLogVal() top-level p.d.f evaluates to zero @ !pdfs=(modelObs_s = 0/1,nuisancePdf = 1)

[#0] WARNING:Minization -- RooMinimizerFcn: Minimized function has error status.
Returning maximum FCN so far (851.639) to force MIGRAD to back out of this region. Error log follows
Parameter values: JER_ele=-0.660354, JER_muon=3.28353, JES_ele=0.938112, JES_muon=6.99997, QCD_stat_ele=1.49616, QCD_stat_muon=-2.27207, VBS_stat_ele=5.5441, VBS_stat_muon=5.38597, ele_efficiency=1.21757, ele_trigger=-1.33533, fakephoton_ele=4.3681, fakephoton_muon=6.09478, interference=5.71361, lumi=5.39502, mu_efficiency=0.0141203, mu_trigger=6.84333, non_prompt_stat_ele=5.80069, non_prompt_stat_muon=5.80143, others_stat_ele=2.25209, others_stat_muon=6.53319, others_xs=5.05746, param=0.606058, pdf_ele=3.45639, pdf_muon=6.59494, photon_id=6.67435, pileup=-0.0475373, scale_ele=4.46438, scale_muon=-4.37819
RooProdPdf::model_s[ modelObs_s * nuisancePdf ]
     getLogVal() top-level p.d.f evaluates to zero @ !pdfs=(modelObs_s = 0/1,nuisancePdf = 1)

[#0] WARNING:Minization -- RooMinimizerFcn: Minimized function has error status.
Returning maximum FCN so far (851.639) to force MIGRAD to back out of this region. Error log follows
Parameter values: JER_ele=-0.270347, JER_muon=3.5503, JES_ele=1.64818, JES_muon=6.84272, QCD_stat_ele=2.63499, QCD_stat_muon=-3.23293, VBS_stat_ele=4.91264, VBS_stat_muon=6.23206, ele_efficiency=1.20541, ele_trigger=-0.748313, fakephoton_ele=3.91335, fakephoton_muon=6.07803, interference=5.75811, lumi=5.74633, mu_efficiency=0.445396, mu_trigger=6.96305, non_prompt_stat_ele=5.18874, non_prompt_stat_muon=5.63647, others_stat_ele=3.01055, others_stat_muon=6.99948, others_xs=6.11474, param=1.18612, pdf_ele=3.86933, pdf_muon=6.36304, photon_id=6.20952, pileup=0.0944332, scale_ele=5.59799, scale_muon=-6.12972
RooProdPdf::model_s[ modelObs_s * nuisancePdf ]
     getLogVal() top-level p.d.f evaluates to zero @ !pdfs=(modelObs_s = 0/1,nuisancePdf = 1)

[#0] WARNING:Minization -- RooMinimizerFcn: Minimized function has error status.
Returning maximum FCN so far (886.757) to force MIGRAD to back out of this region. Error log follows
Parameter values: JER_ele=-5.82247, JER_muon=2.80648, JES_ele=-6.99501, JES_muon=-3.00705, QCD_stat_ele=2.43061, QCD_stat_muon=2.79667, VBS_stat_ele=-6.17472, VBS_stat_muon=6.29489, ele_efficiency=-1.46936, ele_trigger=-6.79883, fakephoton_ele=2.93373, fakephoton_muon=4.40268, interference=-1.90514, lumi=1.1554, mu_efficiency=-6.94247, mu_trigger=6.88694, non_prompt_stat_ele=6.96701, non_prompt_stat_muon=1.15129, others_stat_ele=-6.14228, others_stat_muon=-1.97318, others_xs=6.71806, param=1.22942, pdf_ele=-6.65204, pdf_muon=-4.74163, photon_id=-1.41889, pileup=-2.54901, scale_ele=6.96201, scale_muon=-0.910758
RooProdPdf::model_s[ modelObs_s * nuisancePdf ]
     getLogVal() top-level p.d.f evaluates to zero @ !pdfs=(modelObs_s = 0/1,nuisancePdf = 1)

[#0] WARNING:Minization -- RooMinimizerFcn: Minimized function has error status.
Returning maximum FCN so far (886.757) to force MIGRAD to back out of this region. Error log follows
Parameter values: JER_ele=-1.04755, JER_muon=0.934823, JES_ele=0.364038, JES_muon=5.84845, QCD_stat_ele=0.195967, QCD_stat_muon=6.16832, VBS_stat_ele=3.35483, VBS_stat_muon=6.64874, ele_efficiency=0.962911, ele_trigger=-1.6765, fakephoton_ele=1.99491, fakephoton_muon=4.33462, interference=3.7109, lumi=3.44481, mu_efficiency=-0.600261, mu_trigger=5.32533, non_prompt_stat_ele=3.02483, non_prompt_stat_muon=6.69445, others_stat_ele=1.44231, others_stat_muon=4.84251, others_xs=3.44897, param=1.47136, pdf_ele=2.25477, pdf_muon=5.98677, photon_id=5.96375, pileup=-0.185065, scale_ele=2.77012, scale_muon=5.35951
RooProdPdf::model_s[ modelObs_s * nuisancePdf ]
     getLogVal() top-level p.d.f evaluates to zero @ !pdfs=(modelObs_s = 0/1,nuisancePdf = 1)

[#0] WARNING:Minization -- RooMinimizerFcn: Minimized function has error status.
Returning maximum FCN so far (886.757) to force MIGRAD to back out of this region. Error log follows
Parameter values: JER_ele=1.60504, JER_muon=6.91049, JES_ele=4.8602, JES_muon=-6.43617, QCD_stat_ele=6.99405, QCD_stat_muon=-1.08154, VBS_stat_ele=6.08425, VBS_stat_muon=-1.96429, ele_efficiency=1.83473, ele_trigger=1.87738, fakephoton_ele=6.69341, fakephoton_muon=4.10417, interference=6.4005, lumi=5.91813, mu_efficiency=3.5808, mu_trigger=-1.13844, non_prompt_stat_ele=4.17735, non_prompt_stat_muon=-3.41216, others_stat_ele=6.42012, others_stat_muon=-5.30375, others_xs=3.12958, param=1.39822, pdf_ele=6.59435, pdf_muon=-6.43137, photon_id=-5.65613, pileup=0.926666, scale_ele=4.06541, scale_muon=-6.8753
RooProdPdf::model_s[ modelObs_s * nuisancePdf ]
     getLogVal() top-level p.d.f evaluates to zero @ !pdfs=(modelObs_s = 0/1,nuisancePdf = 1)

[#0] WARNING:Minization -- RooMinimizerFcn: Minimized function has error status.
Returning maximum FCN so far (886.757) to force MIGRAD to back out of this region. Error log follows
Parameter values: JER_ele=-0.166762, JER_muon=3.66785, JES_ele=1.92853, JES_muon=6.69929, QCD_stat_ele=3.39766, QCD_stat_muon=-5.04503, VBS_stat_ele=3.72969, VBS_stat_muon=6.98506, ele_efficiency=1.16263, ele_trigger=-0.430464, fakephoton_ele=4.71016, fakephoton_muon=6.27597, interference=5.45891, lumi=5.61142, mu_efficiency=0.675127, mu_trigger=6.97363, non_prompt_stat_ele=5.96768, non_prompt_stat_muon=4.85449, others_stat_ele=3.37168, others_stat_muon=6.95916, others_xs=6.34762, param=1.25216, pdf_ele=3.83759, pdf_muon=6.20014, photon_id=5.82585, pileup=0.151563, scale_ele=6.1159, scale_muon=-6.92588
RooProdPdf::model_s[ modelObs_s * nuisancePdf ]
     getLogVal() top-level p.d.f evaluates to zero @ !pdfs=(modelObs_s = 0/1,nuisancePdf = 1)

[#0] WARNING:Minization -- RooMinimizerFcn: Minimized function has error status.
Returning maximum FCN so far (886.757) to force MIGRAD to back out of this region. Error log follows
Parameter values: JER_ele=0.0549275, JER_muon=4.24577, JES_ele=2.29827, JES_muon=6.1577, QCD_stat_ele=4.08893, QCD_stat_muon=-6.69193, VBS_stat_ele=3.828, VBS_stat_muon=6.92307, ele_efficiency=1.20651, ele_trigger=-0.117323, fakephoton_ele=5.3304, fakephoton_muon=6.58437, interference=5.77544, lumi=5.98026, mu_efficiency=0.981062, mu_trigger=6.98934, non_prompt_stat_ele=6.48833, non_prompt_stat_muon=3.25758, others_stat_ele=3.78726, others_stat_muon=6.67227, others_xs=6.69252, param=1.13734, pdf_ele=4.18584, pdf_muon=5.21858, photon_id=4.56489, pileup=0.233541, scale_ele=6.57725, scale_muon=-6.42309
RooProdPdf::model_s[ modelObs_s * nuisancePdf ]
     getLogVal() top-level p.d.f evaluates to zero @ !pdfs=(modelObs_s = 0/1,nuisancePdf = 1)

[#0] WARNING:Minization -- RooMinimizerFcn: Minimized function has error status.
Returning maximum FCN so far (886.757) to force MIGRAD to back out of this region. Error log follows
Parameter values: JER_ele=0.422047, JER_muon=5.47775, JES_ele=3.1487, JES_muon=3.24028, QCD_stat_ele=5.50037, QCD_stat_muon=-3.60983, VBS_stat_ele=4.47811, VBS_stat_muon=6.02152, ele_efficiency=1.44853, ele_trigger=0.374263, fakephoton_ele=6.46302, fakephoton_muon=6.99984, interference=6.59584, lumi=6.77775, mu_efficiency=1.57238, mu_trigger=6.14905, non_prompt_stat_ele=6.99731, non_prompt_stat_muon=-2.16628, others_stat_ele=4.84356, others_stat_muon=4.47409, others_xs=6.96911, param=1.12667, pdf_ele=5.15139, pdf_muon=0.979562, photon_id=-0.352747, pileup=0.387903, scale_ele=6.98337, scale_muon=2.7887
RooProdPdf::model_s[ modelObs_s * nuisancePdf ]
     getLogVal() top-level p.d.f evaluates to zero @ !pdfs=(modelObs_s = 0/1,nuisancePdf = 1)

[#0] WARNING:Minization -- RooMinimizerFcn: Minimized function has error status.
Returning maximum FCN so far (886.757) to force MIGRAD to back out of this region. Error log follows
Parameter values: JER_ele=0.828385, JER_muon=5.99473, JES_ele=3.6128, JES_muon=1.97152, QCD_stat_ele=6.11543, QCD_stat_muon=-0.464263, VBS_stat_ele=4.48627, VBS_stat_muon=5.89458, ele_efficiency=1.43427, ele_trigger=0.933394, fakephoton_ele=6.77633, fakephoton_muon=6.97323, interference=6.73288, lumi=6.91105, mu_efficiency=2.03168, mu_trigger=5.67574, non_prompt_stat_ele=6.85952, non_prompt_stat_muon=-3.85592, others_stat_ele=5.23422, others_stat_muon=3.24704, others_xs=6.79665, param=1.05764, pdf_ele=5.44331, pdf_muon=-0.868519, photon_id=-2.4238, pileup=0.520184, scale_ele=6.7615, scale_muon=5.84447
RooProdPdf::model_s[ modelObs_s * nuisancePdf ]
     getLogVal() top-level p.d.f evaluates to zero @ !pdfs=(modelObs_s = 0/1,nuisancePdf = 1)

[#0] WARNING:Minization -- RooMinimizerFcn: Minimized function has error status.
Returning maximum FCN so far (886.757) to force MIGRAD to back out of this region. Error log follows
Parameter values: JER_ele=-0.367816, JER_muon=3.5795, JES_ele=2.07358, JES_muon=6.28099, QCD_stat_ele=3.70004, QCD_stat_muon=-6.24247, VBS_stat_ele=3.79209, VBS_stat_muon=6.96019, ele_efficiency=1.35505, ele_trigger=-0.660369, fakephoton_ele=5.19121, fakephoton_muon=6.58149, interference=5.71581, lumi=5.88595, mu_efficiency=0.506258, mu_trigger=6.99427, non_prompt_stat_ele=6.43458, non_prompt_stat_muon=3.71344, others_stat_ele=3.76801, others_stat_muon=6.77932, others_xs=6.62698, param=0.680021, pdf_ele=4.19499, pdf_muon=5.82062, photon_id=5.23631, pileup=0.101073, scale_ele=6.49357, scale_muon=-6.85212
RooProdPdf::model_s[ modelObs_s * nuisancePdf ]
     getLogVal() top-level p.d.f evaluates to zero @ !pdfs=(modelObs_s = 0/1,nuisancePdf = 1)

[#0] WARNING:Minization -- RooMinimizerFcn: Minimized function has error status.
Returning maximum FCN so far (886.757) to force MIGRAD to back out of this region. Error log follows
Parameter values: JER_ele=0.12053, JER_muon=4.25889, JES_ele=2.33392, JES_muon=6.16946, QCD_stat_ele=4.17967, QCD_stat_muon=-6.71915, VBS_stat_ele=3.26534, VBS_stat_muon=6.99747, ele_efficiency=1.12868, ele_trigger=0.00237623, fakephoton_ele=5.28252, fakephoton_muon=6.5546, interference=5.59957, lumi=5.86919, mu_efficiency=1.10884, mu_trigger=6.99654, non_prompt_stat_ele=6.43064, non_prompt_stat_muon=3.27544, others_stat_ele=3.76698, others_stat_muon=6.63533, others_xs=6.70651, param=0.577586, pdf_ele=4.03899, pdf_muon=5.29186, photon_id=4.61719, pileup=0.271301, scale_ele=6.57367, scale_muon=-6.33321
RooProdPdf::model_s[ modelObs_s * nuisancePdf ]
     getLogVal() top-level p.d.f evaluates to zero @ !pdfs=(modelObs_s = 0/1,nuisancePdf = 1)

[#0] WARNING:Minization -- RooMinimizerFcn: Minimized function has error status.
Returning maximum FCN so far (886.757) to force MIGRAD to back out of this region. Error log follows
Parameter values: JER_ele=-0.728351, JER_muon=2.23486, JES_ele=1.33013, JES_muon=6.99979, QCD_stat_ele=2.23563, QCD_stat_muon=-0.295985, VBS_stat_ele=3.10042, VBS_stat_muon=6.79774, ele_efficiency=1.18268, ele_trigger=-1.11144, fakephoton_ele=3.83595, fakephoton_muon=5.7286, interference=4.74085, lumi=4.82852, mu_efficiency=-0.0258257, mu_trigger=6.66944, non_prompt_stat_ele=5.16439, non_prompt_stat_muon=6.5049, others_stat_ele=2.84022, others_stat_muon=6.87299, others_xs=5.64573, param=0.327295, pdf_ele=3.30433, pdf_muon=6.99931, photon_id=6.96067, pileup=-0.0398027, scale_ele=5.27568, scale_muon=-3.52426
RooProdPdf::model_s[ modelObs_s * nuisancePdf ]
     getLogVal() top-level p.d.f evaluates to zero @ !pdfs=(modelObs_s = 0/1,nuisancePdf = 1)

[#0] WARNING:Minization -- RooMinimizerFcn: Minimized function has error status.
Returning maximum FCN so far (886.757) to force MIGRAD to back out of this region. Error log follows
Parameter values: JER_ele=-0.203542, JER_muon=2.84585, JES_ele=1.54691, JES_muon=6.98579, QCD_stat_ele=2.68285, QCD_stat_muon=-0.317267, VBS_stat_ele=2.37573, VBS_stat_muon=6.28938, ele_efficiency=0.891306, ele_trigger=-0.408556, fakephoton_ele=3.82303, fakephoton_muon=5.45048, interference=4.34424, lumi=4.56701, mu_efficiency=0.571205, mu_trigger=6.47416, non_prompt_stat_ele=4.99978, non_prompt_stat_muon=6.60777, others_stat_ele=2.69935, others_stat_muon=6.85845, others_xs=5.57422, param=0.32949, pdf_ele=2.98184, pdf_muon=6.99276, photon_id=6.93534, pileup=0.133888, scale_ele=5.24104, scale_muon=-3.63434
RooProdPdf::model_s[ modelObs_s * nuisancePdf ]
     getLogVal() top-level p.d.f evaluates to zero @ !pdfs=(modelObs_s = 0/1,nuisancePdf = 1)

[#0] WARNING:Minization -- RooMinimizerFcn: Minimized function has error status.
Returning maximum FCN so far (886.757) to force MIGRAD to back out of this region. Error log follows
Parameter values: JER_ele=-0.982849, JER_muon=1.54045, JES_ele=1.00894, JES_muon=6.90147, QCD_stat_ele=1.57838, QCD_stat_muon=2.40053, VBS_stat_ele=2.94875, VBS_stat_muon=6.60597, ele_efficiency=1.18523, ele_trigger=-1.43658, fakephoton_ele=3.28698, fakephoton_muon=5.37022, interference=4.39291, lumi=4.41096, mu_efficiency=-0.362762, mu_trigger=6.3884, non_prompt_stat_ele=4.59854, non_prompt_stat_muon=6.92074, others_stat_ele=2.52245, others_stat_muon=6.57009, others_xs=5.16576, param=0.199539, pdf_ele=3.02963, pdf_muon=6.84508, photon_id=6.93863, pileup=-0.13177, scale_ele=4.69895, scale_muon=-0.418935
RooProdPdf::model_s[ modelObs_s * nuisancePdf ]
     getLogVal() top-level p.d.f evaluates to zero @ !pdfs=(modelObs_s = 0/1,nuisancePdf = 1)

[#0] WARNING:Minization -- RooMinimizerFcn: Minimized function has error status.
Returning maximum FCN so far (886.757) to force MIGRAD to back out of this region. Error log follows
Parameter values: JER_ele=-0.459085, JER_muon=1.71139, JES_ele=0.971227, JES_muon=6.30128, QCD_stat_ele=1.51465, QCD_stat_muon=5.16193, VBS_stat_ele=1.76611, VBS_stat_muon=5.17051, ele_efficiency=0.737492, ele_trigger=-0.746889, fakephoton_ele=2.60087, fakephoton_muon=4.34542, interference=3.31142, lumi=3.4448, mu_efficiency=0.159497, mu_trigger=5.43806, non_prompt_stat_ele=3.56601, non_prompt_stat_muon=6.87363, others_stat_ele=1.90348, others_stat_muon=5.89777, others_xs=4.34936, param=0.170459, pdf_ele=2.20174, pdf_muon=6.37812, photon_id=6.53427, pileup=0.0300361, scale_ele=3.85963, scale_muon=3.26763
RooProdPdf::model_s[ modelObs_s * nuisancePdf ]
     getLogVal() top-level p.d.f evaluates to zero @ !pdfs=(modelObs_s = 0/1,nuisancePdf = 1)

[#0] WARNING:Minization -- RooMinimizerFcn: Minimized function has error status.
Returning maximum FCN so far (886.757) to force MIGRAD to back out of this region. Error log follows
Parameter values: JER_ele=-1.20456, JER_muon=0.913595, JES_ele=0.716604, JES_muon=6.65444, QCD_stat_ele=0.963207, QCD_stat_muon=4.5605, VBS_stat_ele=2.82306, VBS_stat_muon=6.38354, ele_efficiency=1.18747, ele_trigger=-1.709, fakephoton_ele=2.77024, fakephoton_muon=5.00761, interference=4.06285, lumi=4.00961, mu_efficiency=-0.662956, mu_trigger=6.05798, non_prompt_stat_ele=4.03997, non_prompt_stat_muon=6.98828, others_stat_ele=2.2315, others_stat_muon=6.14171, others_xs=4.67354, param=0.108911, pdf_ele=2.77687, pdf_muon=6.4031, photon_id=6.5757, pileup=-0.215533, scale_ele=4.11877, scale_muon=2.52922
RooProdPdf::model_s[ modelObs_s * nuisancePdf ]
     getLogVal() top-level p.d.f evaluates to zero @ !pdfs=(modelObs_s = 0/1,nuisancePdf = 1)

[#0] WARNING:Minization -- RooMinimizerFcn: Minimized function has error status.
Returning maximum FCN so far (886.757) to force MIGRAD to back out of this region. Error log follows
Parameter values: JER_ele=-0.697069, JER_muon=0.743049, JES_ele=0.513169, JES_muon=5.15958, QCD_stat_ele=0.566621, QCD_stat_muon=6.98199, VBS_stat_ele=1.33203, VBS_stat_muon=4.0993, ele_efficiency=0.64213, ele_trigger=-1.0662, fakephoton_ele=1.59865, fakephoton_muon=3.37787, interference=2.47886, lumi=2.51441, mu_efficiency=-0.204958, mu_trigger=4.36456, non_prompt_stat_ele=2.31933, non_prompt_stat_muon=5.80881, others_stat_ele=1.2896, others_stat_muon=4.62844, others_xs=3.23595, param=0.0732797, pdf_ele=1.61219, pdf_muon=4.93636, photon_id=5.10153, pileup=-0.0622981, scale_ele=2.63564, scale_muon=6.69956
RooProdPdf::model_s[ modelObs_s * nuisancePdf ]
     getLogVal() top-level p.d.f evaluates to zero @ !pdfs=(modelObs_s = 0/1,nuisancePdf = 1)

[#0] WARNING:Minization -- RooMinimizerFcn: Minimized function has error status.
Returning maximum FCN so far (886.757) to force MIGRAD to back out of this region. Error log follows
Parameter values: JER_ele=-1.20628, JER_muon=0.38913, JES_ele=0.41953, JES_muon=5.88323, QCD_stat_ele=0.318878, QCD_stat_muon=6.66369, VBS_stat_ele=2.32929, VBS_stat_muon=5.59364, ele_efficiency=1.02303, ele_trigger=-1.68349, fakephoton_ele=1.99501, fakephoton_muon=4.19002, interference=3.32073, lumi=3.22544, mu_efficiency=-0.755301, mu_trigger=5.22661, non_prompt_stat_ele=3.05366, non_prompt_stat_muon=6.45662, others_stat_ele=1.71297, others_stat_muon=5.20447, others_xs=3.7848, param=0.0783321, pdf_ele=2.22306, pdf_muon=5.35228, photon_id=5.55778, pileup=-0.237506, scale_ele=3.1561, scale_muon=5.94552
RooProdPdf::model_s[ modelObs_s * nuisancePdf ]
     getLogVal() top-level p.d.f evaluates to zero @ !pdfs=(modelObs_s = 0/1,nuisancePdf = 1)

[#0] WARNING:Minization -- RooMinimizerFcn: Minimized function has error status.
Returning maximum FCN so far (886.757) to force MIGRAD to back out of this region. Error log follows
Parameter values: JER_ele=-0.798144, JER_muon=0.649551, JES_ele=0.510222, JES_muon=5.35537, QCD_stat_ele=0.593721, QCD_stat_muon=6.92321, VBS_stat_ele=1.40737, VBS_stat_muon=4.32381, ele_efficiency=0.698208, ele_trigger=-1.2311, fakephoton_ele=1.67433, fakephoton_muon=3.5553, interference=2.60766, lumi=2.6302, mu_efficiency=-0.290583, mu_trigger=4.56661, non_prompt_stat_ele=2.45014, non_prompt_stat_muon=5.9961, others_stat_ele=1.35521, others_stat_muon=4.79303, others_xs=3.37281, param=0.0397907, pdf_ele=1.70699, pdf_muon=5.07971, photon_id=5.24708, pileup=-0.0821753, scale_ele=2.7526, scale_muon=6.49661
RooProdPdf::model_s[ modelObs_s * nuisancePdf ]
     getLogVal() top-level p.d.f evaluates to zero @ !pdfs=(modelObs_s = 0/1,nuisancePdf = 1)

[#0] WARNING:Minization -- RooMinimizerFcn: Minimized function has error status.
Returning maximum FCN so far (886.757) to force MIGRAD to back out of this region. Error log follows
Parameter values: JER_ele=-0.871384, JER_muon=0.364384, JES_ele=0.397851, JES_muon=5.00043, QCD_stat_ele=0.368811, QCD_stat_muon=6.9974, VBS_stat_ele=1.30615, VBS_stat_muon=4.03388, ele_efficiency=0.682875, ele_trigger=-1.32808, fakephoton_ele=1.44657, fakephoton_muon=3.29938, interference=2.38594, lumi=2.38108, mu_efficiency=-0.405565, mu_trigger=4.26739, non_prompt_stat_ele=2.16727, non_prompt_stat_muon=5.58698, others_stat_ele=1.20887, others_stat_muon=4.39989, others_xs=3.06743, param=0.0333669, pdf_ele=1.57572, pdf_muon=4.58787, photon_id=4.75153, pileup=-0.110226, scale_ele=2.45717, scale_muon=6.89501
RooProdPdf::model_s[ modelObs_s * nuisancePdf ]
     getLogVal() top-level p.d.f evaluates to zero @ !pdfs=(modelObs_s = 0/1,nuisancePdf = 1)

[#0] WARNING:Minization -- RooMinimizerFcn: Minimized function has error status.
Returning maximum FCN so far (1055.13) to force MIGRAD to back out of this region. Error log follows
Parameter values: JER_ele=2.44462, JER_muon=0.734302, JES_ele=5.5471, JES_muon=4.42713, QCD_stat_ele=6.05656, QCD_stat_muon=-3.47309, VBS_stat_ele=3.34215, VBS_stat_muon=6.60127, ele_efficiency=1.41347, ele_trigger=0.777489, fakephoton_ele=6.96847, fakephoton_muon=2.3005, interference=3.60747, lumi=4.46995, mu_efficiency=2.67396, mu_trigger=6.50037, non_prompt_stat_ele=6.36523, non_prompt_stat_muon=6.94388, others_stat_ele=2.81558, others_stat_muon=-1.24142, others_xs=-0.835402, param=0.0890123, pdf_ele=3.36334, pdf_muon=6.58019, photon_id=6.92082, pileup=-2.95556, scale_ele=6.64639, scale_muon=-4.89774
RooProdPdf::model_s[ modelObs_s * nuisancePdf ]
     getLogVal() top-level p.d.f evaluates to zero @ !pdfs=(modelObs_s = 0/1,nuisancePdf = 1)

[#0] WARNING:Minization -- RooMinimizerFcn: Minimized function has error status.
Returning maximum FCN so far (1055.13) to force MIGRAD to back out of this region. Error log follows
Parameter values: JER_ele=1.08473, JER_muon=-2.66023, JES_ele=2.73518, JES_muon=-2.76596, QCD_stat_ele=4.12195, QCD_stat_muon=-6.21164, VBS_stat_ele=1.06645, VBS_stat_muon=-2.08151, ele_efficiency=0.529028, ele_trigger=0.844199, fakephoton_ele=5.93211, fakephoton_muon=-2.08742, interference=-1.44878, lumi=-0.102231, mu_efficiency=-0.187836, mu_trigger=-1.33525, non_prompt_stat_ele=5.37311, non_prompt_stat_muon=-3.21531, others_stat_ele=2.2615, others_stat_muon=-1.84735, others_xs=-0.100334, param=0.0417762, pdf_ele=1.92581, pdf_muon=-3.97771, photon_id=-1.41111, pileup=-1.14209, scale_ele=4.41919, scale_muon=-5.17741
RooProdPdf::model_s[ modelObs_s * nuisancePdf ]
     getLogVal() top-level p.d.f evaluates to zero @ !pdfs=(modelObs_s = 0/1,nuisancePdf = 1)

[#0] WARNING:Minization -- RooMinimizerFcn: Minimized function has error status.
Returning maximum FCN so far (1055.13) to force MIGRAD to back out of this region. Error log follows
Parameter values: JER_ele=6.94823, JER_muon=-6.40594, JES_ele=3.18551, JES_muon=-5.71438, QCD_stat_ele=-1.02542, QCD_stat_muon=-0.328764, VBS_stat_ele=5.6476, VBS_stat_muon=6.5818, ele_efficiency=4.08324, ele_trigger=6.83764, fakephoton_ele=6.99662, fakephoton_muon=-4.88604, interference=-1.22008, lumi=3.54515, mu_efficiency=-0.370837, mu_trigger=-5.03174, non_prompt_stat_ele=6.01082, non_prompt_stat_muon=-4.05496, others_stat_ele=6.99871, others_stat_muon=-6.69796, others_xs=-5.06464, param=1.20547, pdf_ele=1.20736, pdf_muon=-5.35188, photon_id=2.09622, pileup=-3.84779, scale_ele=4.28732, scale_muon=6.9967
RooProdPdf::model_s[ modelObs_s * nuisancePdf ]
     getLogVal() top-level p.d.f evaluates to zero @ !pdfs=(modelObs_s = 0/1,nuisancePdf = 1)

[#0] WARNING:Minization -- RooMinimizerFcn: Minimized function has error status.
Returning maximum FCN so far (1055.13) to force MIGRAD to back out of this region. Error log follows
Parameter values: JER_ele=6.27511, JER_muon=-1.39768, JES_ele=6.6123, JES_muon=0.601749, QCD_stat_ele=-2.98536, QCD_stat_muon=-6.6137, VBS_stat_ele=6.88536, VBS_stat_muon=-5.4743, ele_efficiency=2.41212, ele_trigger=6.99992, fakephoton_ele=3.99442, fakephoton_muon=-1.88412, interference=-0.0573317, lumi=4.4561, mu_efficiency=-0.383804, mu_trigger=-0.682776, non_prompt_stat_ele=5.80845, non_prompt_stat_muon=-5.0603, others_stat_ele=4.02243, others_stat_muon=1.63308, others_xs=6.72404, param=0.780416, pdf_ele=3.23645, pdf_muon=-1.43172, photon_id=5.80722, pileup=0.504788, scale_ele=-1.87001, scale_muon=0.49218
RooProdPdf::model_s[ modelObs_s * nuisancePdf ]
     getLogVal() top-level p.d.f evaluates to zero @ !pdfs=(modelObs_s = 0/1,nuisancePdf = 1)

[#0] WARNING:Minization -- RooMinimizerFcn: Minimized function has error status.
Returning maximum FCN so far (1055.13) to force MIGRAD to back out of this region. Error log follows
Parameter values: JER_ele=2.2323, JER_muon=-1.38179, JES_ele=4.54666, JES_muon=-0.505281, QCD_stat_ele=6.80776, QCD_stat_muon=3.10858, VBS_stat_ele=2.77644, VBS_stat_muon=2.25387, ele_efficiency=1.0433, ele_trigger=1.89465, fakephoton_ele=6.53578, fakephoton_muon=-0.568459, interference=0.270205, lumi=1.7608, mu_efficiency=0.631623, mu_trigger=1.36527, non_prompt_stat_ele=6.59258, non_prompt_stat_muon=1.53956, others_stat_ele=3.38959, others_stat_muon=-1.62765, others_xs=0.120878, param=0.0522149, pdf_ele=4.07292, pdf_muon=-0.208114, photon_id=3.40849, pileup=-1.44894, scale_ele=6.97905, scale_muon=3.50817
RooProdPdf::model_s[ modelObs_s * nuisancePdf ]
     getLogVal() top-level p.d.f evaluates to zero @ !pdfs=(modelObs_s = 0/1,nuisancePdf = 1)

[#0] WARNING:Minization -- RooMinimizerFcn: Minimized function has error status.
Returning maximum FCN so far (1055.13) to force MIGRAD to back out of this region. Error log follows
Parameter values: JER_ele=2.7333, JER_muon=-1.37042, JES_ele=5.18662, JES_muon=-0.484058, QCD_stat_ele=6.91077, QCD_stat_muon=3.36606, VBS_stat_ele=3.38535, VBS_stat_muon=2.18354, ele_efficiency=1.22729, ele_trigger=2.5752, fakephoton_ele=4.67317, fakephoton_muon=-0.512658, interference=0.358929, lumi=2.09056, mu_efficiency=0.636306, mu_trigger=1.37462, non_prompt_stat_ele=4.1652, non_prompt_stat_muon=1.6841, others_stat_ele=4.12148, others_stat_muon=-1.5822, others_xs=0.492235, param=0.0131387, pdf_ele=5.04632, pdf_muon=-0.18582, photon_id=4.29021, pileup=-1.41512, scale_ele=6.57423, scale_muon=3.57889
RooProdPdf::model_s[ modelObs_s * nuisancePdf ]
     getLogVal() top-level p.d.f evaluates to zero @ !pdfs=(modelObs_s = 0/1,nuisancePdf = 1)

[#0] WARNING:Minization -- RooMinimizerFcn: Minimized function has error status.
Returning maximum FCN so far (1055.13) to force MIGRAD to back out of this region. Error log follows
Parameter values: JER_ele=1.12139, JER_muon=-1.69562, JES_ele=2.98634, JES_muon=-1.09904, QCD_stat_ele=3.41028, QCD_stat_muon=1.56124, VBS_stat_ele=1.27671, VBS_stat_muon=1.78856, ele_efficiency=0.659372, ele_trigger=0.395186, fakephoton_ele=5.72207, fakephoton_muon=-0.82534, interference=-0.215517, lumi=0.805011, mu_efficiency=0.513118, mu_trigger=0.900175, non_prompt_stat_ele=4.45152, non_prompt_stat_muon=0.924293, others_stat_ele=1.44977, others_stat_muon=-1.93428, others_xs=-0.865701, param=0.00724715, pdf_ele=1.6285, pdf_muon=-1.04308, photon_id=0.686124, pileup=-1.54575, scale_ele=4.02612, scale_muon=1.73986
RooProdPdf::model_s[ modelObs_s * nuisancePdf ]
     getLogVal() top-level p.d.f evaluates to zero @ !pdfs=(modelObs_s = 0/1,nuisancePdf = 1)

[#0] WARNING:Minization -- RooMinimizerFcn: Minimized function has error status.
Returning maximum FCN so far (1055.13) to force MIGRAD to back out of this region. Error log follows
Parameter values: JER_ele=1.17936, JER_muon=-1.69304, JES_ele=3.07783, JES_muon=-1.08597, QCD_stat_ele=3.65045, QCD_stat_muon=1.59737, VBS_stat_ele=1.34731, VBS_stat_muon=1.7777, ele_efficiency=0.680313, ele_trigger=0.474533, fakephoton_ele=5.94814, fakephoton_muon=-0.813122, interference=-0.200446, lumi=0.848448, mu_efficiency=0.516065, mu_trigger=0.909917, non_prompt_stat_ele=4.82385, non_prompt_stat_muon=0.956863, others_stat_ele=1.55163, others_stat_muon=-1.92352, others_xs=-0.820303, param=0.000104521, pdf_ele=1.76531, pdf_muon=-1.03073, photon_id=0.812184, pileup=-1.54203, scale_ele=4.29543, scale_muon=1.7904
RooProdPdf::model_s[ modelObs_s * nuisancePdf ]
     getLogVal() top-level p.d.f evaluates to zero @ !pdfs=(modelObs_s = 0/1,nuisancePdf = 1)

[#0] WARNING:Minization -- RooMinimizerFcn: Minimized function has error status.
Returning maximum FCN so far (1055.13) to force MIGRAD to back out of this region. Error log follows
Parameter values: JER_ele=1.40974, JER_muon=-1.64965, JES_ele=3.41535, JES_muon=-1.00099, QCD_stat_ele=4.62467, QCD_stat_muon=1.85744, VBS_stat_ele=1.63928, VBS_stat_muon=1.80008, ele_efficiency=0.759987, ele_trigger=0.786498, fakephoton_ele=6.56253, fakephoton_muon=-0.775196, interference=-0.127344, lumi=1.02543, mu_efficiency=0.531549, mu_trigger=0.969041, non_prompt_stat_ele=5.94788, non_prompt_stat_muon=1.04494, others_stat_ele=1.96073, others_stat_muon=-1.85587, others_xs=-0.62418, param=5.46602e-06, pdf_ele=2.29728, pdf_muon=-0.914702, photon_id=1.35405, pileup=-1.52256, scale_ele=5.23195, scale_muon=2.06953
RooProdPdf::model_s[ modelObs_s * nuisancePdf ]
     getLogVal() top-level p.d.f evaluates to zero @ !pdfs=(modelObs_s = 0/1,nuisancePdf = 1)

[#0] WARNING:Minization -- RooMinimizerFcn: Minimized function has error status.
Returning maximum FCN so far (229.506) to force MIGRAD to back out of this region. Error log follows
Parameter values: JER_ele=1.91303, JER_muon=-4.55916, JES_ele=3.43761, JES_muon=-5.43147, QCD_stat_ele=6.71541, QCD_stat_muon=-3.96979, VBS_stat_ele=4.47257, VBS_stat_muon=-2.41137, ele_efficiency=-2.10814, ele_trigger=3.5296, fakephoton_ele=2.59761, fakephoton_muon=-0.819866, interference=2.92041, lumi=0.864535, mu_efficiency=-3.03751, mu_trigger=-4.23903, non_prompt_stat_ele=6.40695, non_prompt_stat_muon=-5.22541, others_stat_ele=2.02867, others_stat_muon=-5.7304, others_xs=-4.19912, param=0.0961771, pdf_ele=5.06269, pdf_muon=-6.75372, photon_id=-2.65522, pileup=1.75831, scale_ele=-0.041802, scale_muon=-1.17572
RooProdPdf::model_s[ modelObs_s * nuisancePdf ]
     getLogVal() top-level p.d.f evaluates to zero @ !pdfs=(modelObs_s = 0/1,nuisancePdf = 1)


 -- Hybrid New -- 
CLs = 0 +/- 0
Done in 17.28 min (cpu), 17.42 min (real)
