 <<< Combine >>> 
>>> including systematics
>>> using the Profile Likelihood test statistics modified for upper limits (Q_LHC)
>>> method used is HybridNew
>>> Used OpenSSL to get a really random seed 1397393617
Computing results starting from observation (a-posteriori)
[#0] WARNING:Minization -- RooMinimizerFcn: Minimized function has error status.
Returning maximum FCN so far (57.0731) to force MIGRAD to back out of this region. Error log follows
Parameter values: JER_ele=-6.52198, JER_muon=3.95506, JES_ele=6.85792, JES_muon=4.4434, QCD_stat_ele=-2.1052, QCD_stat_muon=-0.402358, VBS_stat_ele=6.36649, VBS_stat_muon=-6.55965, ele_efficiency=-6.99554, ele_trigger=2.3674, fakephoton_ele=5.50996, fakephoton_muon=6.76014, interference=5.61961, lumi=3.12809, mu_efficiency=-5.04292, mu_trigger=-0.118713, non_prompt_stat_ele=6.43611, non_prompt_stat_muon=-4.52523, others_stat_ele=-6.34342, others_stat_muon=3.78493, others_xs=5.05773, param=0.0165351, pdf_ele=3.83407, pdf_muon=-2.7687, photon_id=3.02737, pileup=-1.40944, scale_ele=-6.93829, scale_muon=-3.1967
RooProdPdf::model_s[ modelObs_s * nuisancePdf ]
     getLogVal() top-level p.d.f evaluates to zero @ !pdfs=(modelObs_s = 0/1,nuisancePdf = 1)

[#0] WARNING:Minization -- RooMinimizerFcn: Minimized function has error status.
Returning maximum FCN so far (879.336) to force MIGRAD to back out of this region. Error log follows
Parameter values: JER_ele=1.49271, JER_muon=3.0054, JES_ele=-1.025, JES_muon=4.28746, QCD_stat_ele=6.1058, QCD_stat_muon=6.99965, VBS_stat_ele=1.45641, VBS_stat_muon=1.12699, ele_efficiency=-0.373511, ele_trigger=0.728655, fakephoton_ele=6.14605, fakephoton_muon=0.777347, interference=0.290439, lumi=2.56122, mu_efficiency=1.11573, mu_trigger=2.87742, non_prompt_stat_ele=4.69513, non_prompt_stat_muon=3.51939, others_stat_ele=2.23539, others_stat_muon=4.70906, others_xs=4.45851, param=0.178226, pdf_ele=1.10231, pdf_muon=4.98127, photon_id=6.41071, pileup=-0.457277, scale_ele=6.6678, scale_muon=6.99826
RooProdPdf::model_s[ modelObs_s * nuisancePdf ]
     getLogVal() top-level p.d.f evaluates to zero @ !pdfs=(modelObs_s = 0/1,nuisancePdf = 1)

[#0] WARNING:Minization -- RooMinimizerFcn: Minimized function has error status.
Returning maximum FCN so far (879.336) to force MIGRAD to back out of this region. Error log follows
Parameter values: JER_ele=1.77882, JER_muon=0.818445, JES_ele=1.32595, JES_muon=0.794177, QCD_stat_ele=6.70834, QCD_stat_muon=1.40071, VBS_stat_ele=1.88554, VBS_stat_muon=-0.391248, ele_efficiency=0.0895429, ele_trigger=1.75956, fakephoton_ele=6.10869, fakephoton_muon=-0.294297, interference=-0.319648, lumi=1.44299, mu_efficiency=0.315118, mu_trigger=0.310423, non_prompt_stat_ele=6.04784, non_prompt_stat_muon=0.534629, others_stat_ele=2.82278, others_stat_muon=0.894033, others_xs=2.41759, param=0.147856, pdf_ele=3.00515, pdf_muon=0.849838, photon_id=4.20774, pileup=-0.306558, scale_ele=6.93426, scale_muon=1.37082
RooProdPdf::model_s[ modelObs_s * nuisancePdf ]
     getLogVal() top-level p.d.f evaluates to zero @ !pdfs=(modelObs_s = 0/1,nuisancePdf = 1)

[#0] WARNING:Minization -- RooMinimizerFcn: Minimized function has error status.
Returning maximum FCN so far (879.336) to force MIGRAD to back out of this region. Error log follows
Parameter values: JER_ele=1.87722, JER_muon=1.18976, JES_ele=1.21484, JES_muon=1.48286, QCD_stat_ele=6.97143, QCD_stat_muon=3.04918, VBS_stat_ele=1.89044, VBS_stat_muon=0.046057, ele_efficiency=0.0714399, ele_trigger=1.69002, fakephoton_ele=5.23677, fakephoton_muon=-0.0241848, interference=-0.0796354, lumi=1.62947, mu_efficiency=0.448494, mu_trigger=0.838205, non_prompt_stat_ele=4.71875, non_prompt_stat_muon=1.18362, others_stat_ele=2.71603, others_stat_muon=1.5739, others_xs=2.65777, param=0.147816, pdf_ele=2.93607, pdf_muon=1.73315, photon_id=4.72815, pileup=-0.283626, scale_ele=6.81728, scale_muon=3.21162
RooProdPdf::model_s[ modelObs_s * nuisancePdf ]
     getLogVal() top-level p.d.f evaluates to zero @ !pdfs=(modelObs_s = 0/1,nuisancePdf = 1)

[#0] WARNING:Minization -- RooMinimizerFcn: Minimized function has error status.
Returning maximum FCN so far (879.336) to force MIGRAD to back out of this region. Error log follows
Parameter values: JER_ele=1.73503, JER_muon=1.53997, JES_ele=1.00094, JES_muon=2.10493, QCD_stat_ele=6.83675, QCD_stat_muon=4.48208, VBS_stat_ele=1.72657, VBS_stat_muon=0.46955, ele_efficiency=0.025497, ele_trigger=1.51266, fakephoton_ele=4.94752, fakephoton_muon=0.214242, interference=0.135371, lumi=1.7882, mu_efficiency=0.572093, mu_trigger=1.32474, non_prompt_stat_ele=4.32049, non_prompt_stat_muon=1.7475, others_stat_ele=2.49338, others_stat_muon=2.23006, others_xs=2.89532, param=0.147787, pdf_ele=2.64276, pdf_muon=2.52329, photon_id=5.05547, pileup=-0.268118, scale_ele=6.6264, scale_muon=4.67841
RooProdPdf::model_s[ modelObs_s * nuisancePdf ]
     getLogVal() top-level p.d.f evaluates to zero @ !pdfs=(modelObs_s = 0/1,nuisancePdf = 1)

[#0] WARNING:Minization -- RooMinimizerFcn: Minimized function has error status.
Returning maximum FCN so far (879.336) to force MIGRAD to back out of this region. Error log follows
Parameter values: JER_ele=1.57372, JER_muon=1.81716, JES_ele=0.744461, JES_muon=2.59061, QCD_stat_ele=6.56563, QCD_stat_muon=5.44054, VBS_stat_ele=1.53533, VBS_stat_muon=0.806858, ele_efficiency=-0.0279153, ele_trigger=1.30509, fakephoton_ele=4.56094, fakephoton_muon=0.404167, interference=0.298811, lumi=1.88488, mu_efficiency=0.670901, mu_trigger=1.70966, non_prompt_stat_ele=3.78297, non_prompt_stat_muon=2.18862, others_stat_ele=2.22702, others_stat_muon=2.74203, others_xs=3.04971, param=0.147741, pdf_ele=2.29606, pdf_muon=3.13041, photon_id=5.23721, pileup=-0.259018, scale_ele=6.31713, scale_muon=5.63785
RooProdPdf::model_s[ modelObs_s * nuisancePdf ]
     getLogVal() top-level p.d.f evaluates to zero @ !pdfs=(modelObs_s = 0/1,nuisancePdf = 1)

[#0] WARNING:Minization -- RooMinimizerFcn: Minimized function has error status.
Returning maximum FCN so far (879.336) to force MIGRAD to back out of this region. Error log follows
Parameter values: JER_ele=1.42215, JER_muon=2.01239, JES_ele=0.503517, JES_muon=2.92734, QCD_stat_ele=6.20075, QCD_stat_muon=5.99827, VBS_stat_ele=1.35489, VBS_stat_muon=1.0455, ele_efficiency=-0.0778342, ele_trigger=1.11, fakephoton_ele=4.17833, fakephoton_muon=0.538742, interference=0.409005, lumi=1.9326, mu_efficiency=0.741035, mu_trigger=1.97998, non_prompt_stat_ele=3.25373, non_prompt_stat_muon=2.49597, others_stat_ele=1.9737, others_stat_muon=3.09663, others_xs=3.13508, param=0.147681, pdf_ele=1.96626, pdf_muon=3.54491, photon_id=5.31596, pileup=-0.254947, scale_ele=5.94963, scale_muon=6.17875
RooProdPdf::model_s[ modelObs_s * nuisancePdf ]
     getLogVal() top-level p.d.f evaluates to zero @ !pdfs=(modelObs_s = 0/1,nuisancePdf = 1)

[#0] WARNING:Minization -- RooMinimizerFcn: Minimized function has error status.
Returning maximum FCN so far (438.89) to force MIGRAD to back out of this region. Error log follows
Parameter values: JER_ele=-5.60488, JER_muon=-6.83956, JES_ele=-1.26158, JES_muon=-6.96799, QCD_stat_ele=3.83768, QCD_stat_muon=4.01579, VBS_stat_ele=2.71748, VBS_stat_muon=-1.07402, ele_efficiency=-6.96001, ele_trigger=-6.87539, fakephoton_ele=4.80685, fakephoton_muon=-1.11335, interference=6.90998, lumi=6.95931, mu_efficiency=-3.08038, mu_trigger=6.99057, non_prompt_stat_ele=6.98956, non_prompt_stat_muon=-1.07091, others_stat_ele=-4.88367, others_stat_muon=3.99922, others_xs=-5.94717, param=0.104332, pdf_ele=-2.25468, pdf_muon=-2.24186, photon_id=4.5394, pileup=-3.18463, scale_ele=-2.34588, scale_muon=-1.03233
RooProdPdf::model_s[ modelObs_s * nuisancePdf ]
     getLogVal() top-level p.d.f evaluates to zero @ !pdfs=(modelObs_s = 0/1,nuisancePdf = 1)

[#0] WARNING:Minization -- RooMinimizerFcn: Minimized function has error status.
Returning maximum FCN so far (751.08) to force MIGRAD to back out of this region. Error log follows
Parameter values: JER_ele=1.89355, JER_muon=1.39666, JES_ele=6.46763, JES_muon=-1.5536, QCD_stat_ele=2.37504, QCD_stat_muon=-6.09521, VBS_stat_ele=5.80586, VBS_stat_muon=4.4842, ele_efficiency=1.07371, ele_trigger=2.62879, fakephoton_ele=5.22243, fakephoton_muon=0.807197, interference=1.12311, lumi=2.24668, mu_efficiency=-1.261, mu_trigger=-0.674409, non_prompt_stat_ele=6.95291, non_prompt_stat_muon=-3.4755, others_stat_ele=5.99684, others_stat_muon=-0.0111722, others_xs=0.888805, param=0.135759, pdf_ele=4.18267, pdf_muon=2.07926, photon_id=4.61886, pileup=0.830255, scale_ele=5.85905, scale_muon=6.08456
RooProdPdf::model_s[ modelObs_s * nuisancePdf ]
     getLogVal() top-level p.d.f evaluates to zero @ !pdfs=(modelObs_s = 0/1,nuisancePdf = 1)

[#0] WARNING:Minization -- RooMinimizerFcn: Minimized function has error status.
Returning maximum FCN so far (751.08) to force MIGRAD to back out of this region. Error log follows
Parameter values: JER_ele=-6.88929, JER_muon=-3.38191, JES_ele=6.84743, JES_muon=3.15115, QCD_stat_ele=6.77217, QCD_stat_muon=-6.97358, VBS_stat_ele=-2.88693, VBS_stat_muon=-6.88524, ele_efficiency=2.89698, ele_trigger=-6.14164, fakephoton_ele=3.91938, fakephoton_muon=6.95306, interference=6.4959, lumi=-5.38286, mu_efficiency=-6.95599, mu_trigger=3.2375, non_prompt_stat_ele=3.93967, non_prompt_stat_muon=6.70771, others_stat_ele=-6.13776, others_stat_muon=-6.40346, others_xs=-2.82177, param=0.199772, pdf_ele=4.85171, pdf_muon=-4.19629, photon_id=6.63337, pileup=-5.77084, scale_ele=-3.87645, scale_muon=1.1394
RooProdPdf::model_s[ modelObs_s * nuisancePdf ]
     getLogVal() top-level p.d.f evaluates to zero @ !pdfs=(modelObs_s = 0/1,nuisancePdf = 1)

[#0] WARNING:Minization -- RooMinimizerFcn: Minimized function has error status.
Returning maximum FCN so far (751.08) to force MIGRAD to back out of this region. Error log follows
Parameter values: JER_ele=2.7799, JER_muon=2.4094, JES_ele=2.9428, JES_muon=-3.73083, QCD_stat_ele=0.463144, QCD_stat_muon=-6.43903, VBS_stat_ele=6.44743, VBS_stat_muon=6.95144, ele_efficiency=-0.127398, ele_trigger=3.57424, fakephoton_ele=1.30876, fakephoton_muon=-0.141816, interference=1.97895, lumi=3.24886, mu_efficiency=-1.40862, mu_trigger=-1.72323, non_prompt_stat_ele=6.97643, non_prompt_stat_muon=-6.00148, others_stat_ele=6.76139, others_stat_muon=-0.649972, others_xs=1.10299, param=0.142226, pdf_ele=5.17746, pdf_muon=3.34579, photon_id=5.62257, pileup=0.87813, scale_ele=-1.4738, scale_muon=6.30038
RooProdPdf::model_s[ modelObs_s * nuisancePdf ]
     getLogVal() top-level p.d.f evaluates to zero @ !pdfs=(modelObs_s = 0/1,nuisancePdf = 1)

[#0] WARNING:Minization -- RooMinimizerFcn: Minimized function has error status.
Returning maximum FCN so far (751.08) to force MIGRAD to back out of this region. Error log follows
Parameter values: JER_ele=0.00139525, JER_muon=6.59106, JES_ele=-3.67871, JES_muon=6.20981, QCD_stat_ele=4.86612, QCD_stat_muon=1.92983, VBS_stat_ele=-3.49902, VBS_stat_muon=-5.32955, ele_efficiency=-6.42036, ele_trigger=-4.25038, fakephoton_ele=6.68613, fakephoton_muon=-6.9774, interference=6.32907, lumi=-0.533805, mu_efficiency=-2.85583, mu_trigger=-6.46909, non_prompt_stat_ele=6.48226, non_prompt_stat_muon=-4.78904, others_stat_ele=6.73174, others_stat_muon=-6.77405, others_xs=6.80117, param=0.190949, pdf_ele=-5.13521, pdf_muon=-2.39393, photon_id=-1.43887, pileup=2.05253, scale_ele=-6.99788, scale_muon=-6.97673
RooProdPdf::model_s[ modelObs_s * nuisancePdf ]
     getLogVal() top-level p.d.f evaluates to zero @ !pdfs=(modelObs_s = 0/1,nuisancePdf = 1)

[#0] WARNING:Minization -- RooMinimizerFcn: Minimized function has error status.
Returning maximum FCN so far (751.08) to force MIGRAD to back out of this region. Error log follows
Parameter values: JER_ele=-1.47109, JER_muon=2.06383, JES_ele=5.43893, JES_muon=-1.94026, QCD_stat_ele=-5.77678, QCD_stat_muon=-1.33955, VBS_stat_ele=6.07658, VBS_stat_muon=4.96797, ele_efficiency=-0.53596, ele_trigger=-1.87102, fakephoton_ele=5.6576, fakephoton_muon=-0.570688, interference=0.783656, lumi=0.061115, mu_efficiency=-1.23734, mu_trigger=-0.695813, non_prompt_stat_ele=5.66289, non_prompt_stat_muon=-5.50005, others_stat_ele=-2.5442, others_stat_muon=-0.0211829, others_xs=-2.94814, param=0.143334, pdf_ele=-2.7939, pdf_muon=1.08316, photon_id=-2.52628, pileup=0.524077, scale_ele=-1.47366, scale_muon=1.49778
RooProdPdf::model_s[ modelObs_s * nuisancePdf ]
     getLogVal() top-level p.d.f evaluates to zero @ !pdfs=(modelObs_s = 0/1,nuisancePdf = 1)

[#0] WARNING:Minization -- RooMinimizerFcn: Minimized function has error status.
Returning maximum FCN so far (751.08) to force MIGRAD to back out of this region. Error log follows
Parameter values: JER_ele=1.14579, JER_muon=1.85457, JES_ele=6.06168, JES_muon=-1.07957, QCD_stat_ele=0.264997, QCD_stat_muon=-0.0344699, VBS_stat_ele=6.3746, VBS_stat_muon=3.70384, ele_efficiency=0.93508, ele_trigger=1.65638, fakephoton_ele=3.85916, fakephoton_muon=-0.0958523, interference=1.01071, lumi=1.75628, mu_efficiency=-1.19261, mu_trigger=-0.233508, non_prompt_stat_ele=6.51612, non_prompt_stat_muon=-4.44998, others_stat_ele=4.33892, others_stat_muon=0.410504, others_xs=0.129024, param=0.135508, pdf_ele=3.05919, pdf_muon=0.788453, photon_id=2.85606, pileup=0.727813, scale_ele=6.85158, scale_muon=1.60881
RooProdPdf::model_s[ modelObs_s * nuisancePdf ]
     getLogVal() top-level p.d.f evaluates to zero @ !pdfs=(modelObs_s = 0/1,nuisancePdf = 1)

[#0] WARNING:Minization -- RooMinimizerFcn: Minimized function has error status.
Returning maximum FCN so far (751.08) to force MIGRAD to back out of this region. Error log follows
Parameter values: JER_ele=0.609018, JER_muon=1.34689, JES_ele=5.9586, JES_muon=-0.1912, QCD_stat_ele=1.19123, QCD_stat_muon=0.811512, VBS_stat_ele=3.55724, VBS_stat_muon=1.47763, ele_efficiency=1.5547, ele_trigger=1.05045, fakephoton_ele=5.35028, fakephoton_muon=0.398923, interference=0.533986, lumi=1.11312, mu_efficiency=-1.11737, mu_trigger=0.149965, non_prompt_stat_ele=6.92344, non_prompt_stat_muon=-2.79675, others_stat_ele=3.39892, others_stat_muon=0.680765, others_xs=-0.0935593, param=0.132853, pdf_ele=2.26489, pdf_muon=-0.0741233, photon_id=1.8481, pileup=0.67759, scale_ele=4.44259, scale_muon=0.643857
RooProdPdf::model_s[ modelObs_s * nuisancePdf ]
     getLogVal() top-level p.d.f evaluates to zero @ !pdfs=(modelObs_s = 0/1,nuisancePdf = 1)

[#0] WARNING:Minization -- RooMinimizerFcn: Minimized function has error status.
Returning maximum FCN so far (751.08) to force MIGRAD to back out of this region. Error log follows
Parameter values: JER_ele=0.0835867, JER_muon=1.13542, JES_ele=1.89834, JES_muon=0.204064, QCD_stat_ele=0.856975, QCD_stat_muon=1.30059, VBS_stat_ele=0.796816, VBS_stat_muon=0.352358, ele_efficiency=1.92165, ele_trigger=0.437428, fakephoton_ele=4.12796, fakephoton_muon=0.771169, interference=0.240878, lumi=0.609978, mu_efficiency=-1.15686, mu_trigger=0.32537, non_prompt_stat_ele=5.96609, non_prompt_stat_muon=-1.85486, others_stat_ele=2.43889, others_stat_muon=0.86541, others_xs=-0.518883, param=0.131364, pdf_ele=1.38218, pdf_muon=-0.449658, photon_id=0.934352, pileup=0.679718, scale_ele=1.694, scale_muon=0.435796
RooProdPdf::model_s[ modelObs_s * nuisancePdf ]
     getLogVal() top-level p.d.f evaluates to zero @ !pdfs=(modelObs_s = 0/1,nuisancePdf = 1)

[#0] WARNING:Minization -- RooMinimizerFcn: Minimized function has error status.
Returning maximum FCN so far (741.876) to force MIGRAD to back out of this region. Error log follows
Parameter values: JER_ele=-5.03456, JER_muon=-1.21431, JES_ele=-0.00664153, JES_muon=0.0325052, QCD_stat_ele=6.97467, QCD_stat_muon=5.27267, VBS_stat_ele=6.01612, VBS_stat_muon=-2.84125, ele_efficiency=0.89148, ele_trigger=2.1121, fakephoton_ele=6.68421, fakephoton_muon=-2.98733, interference=-0.0166424, lumi=0.154166, mu_efficiency=-0.48549, mu_trigger=-1.77782, non_prompt_stat_ele=6.92596, non_prompt_stat_muon=-2.43082, others_stat_ele=0.141348, others_stat_muon=-6.29785, others_xs=-2.92328, param=0.0178884, pdf_ele=6.75631, pdf_muon=3.70477, photon_id=6.76977, pileup=-0.626974, scale_ele=6.76232, scale_muon=-6.942
RooProdPdf::model_s[ modelObs_s * nuisancePdf ]
     getLogVal() top-level p.d.f evaluates to zero @ !pdfs=(modelObs_s = 0/1,nuisancePdf = 1)

[#0] WARNING:Minization -- RooMinimizerFcn: Minimized function has error status.
Returning maximum FCN so far (741.876) to force MIGRAD to back out of this region. Error log follows
Parameter values: JER_ele=-6.3105, JER_muon=-0.968424, JES_ele=-0.89767, JES_muon=2.67351, QCD_stat_ele=6.93415, QCD_stat_muon=1.58148, VBS_stat_ele=5.75835, VBS_stat_muon=-2.61737, ele_efficiency=0.78404, ele_trigger=1.72716, fakephoton_ele=6.6624, fakephoton_muon=-2.60651, interference=0.617046, lumi=0.595755, mu_efficiency=-0.0801297, mu_trigger=-0.259739, non_prompt_stat_ele=6.88677, non_prompt_stat_muon=-0.993731, others_stat_ele=0.0236868, others_stat_muon=-6.09507, others_xs=-2.55561, param=0.0175847, pdf_ele=6.58375, pdf_muon=5.88257, photon_id=6.99151, pileup=-0.541385, scale_ele=6.99842, scale_muon=-4.26258
RooProdPdf::model_s[ modelObs_s * nuisancePdf ]
     getLogVal() top-level p.d.f evaluates to zero @ !pdfs=(modelObs_s = 0/1,nuisancePdf = 1)

[#0] WARNING:Minization -- RooMinimizerFcn: Minimized function has error status.
Returning maximum FCN so far (741.876) to force MIGRAD to back out of this region. Error log follows
Parameter values: JER_ele=-6.99724, JER_muon=1.49324, JES_ele=-2.3912, JES_muon=5.55091, QCD_stat_ele=4.636, QCD_stat_muon=6.91811, VBS_stat_ele=4.14664, VBS_stat_muon=0.472697, ele_efficiency=0.492259, ele_trigger=0.472074, fakephoton_ele=4.3706, fakephoton_muon=-1.84388, interference=2.02832, lumi=1.42485, mu_efficiency=0.656315, mu_trigger=2.84325, non_prompt_stat_ele=4.47479, non_prompt_stat_muon=0.870932, others_stat_ele=-0.529623, others_stat_muon=-3.94271, others_xs=-1.35053, param=0.0173235, pdf_ele=4.92214, pdf_muon=6.9847, photon_id=6.80148, pileup=-0.492566, scale_ele=5.11654, scale_muon=5.67508
RooProdPdf::model_s[ modelObs_s * nuisancePdf ]
     getLogVal() top-level p.d.f evaluates to zero @ !pdfs=(modelObs_s = 0/1,nuisancePdf = 1)


 -- Hybrid New -- 
CLs = 0.433333 +/- 0.0306974
Done in 13.94 min (cpu), 14.00 min (real)
