 <<< Combine >>> 
>>> including systematics
>>> using the Profile Likelihood test statistics modified for upper limits (Q_LHC)
>>> method used is HybridNew
>>> Used OpenSSL to get a really random seed 1082350690
Computing results starting from observation (a-posteriori)
[#0] WARNING:Minization -- RooMinimizerFcn: Minimized function has error status.
Returning maximum FCN so far (719.502) to force MIGRAD to back out of this region. Error log follows
Parameter values: JER_ele=0.539579, JER_muon=4.25078, JES_ele=0.35909, JES_muon=6.46731, QCD_stat_ele=4.14947, QCD_stat_muon=1.73597, VBS_stat_ele=2.87978, VBS_stat_muon=6.73068, ele_efficiency=-0.231192, ele_trigger=-0.418222, fakephoton_ele=2.41877, fakephoton_muon=5.57551, interference=2.37412, lumi=3.03392, mu_efficiency=1.655, mu_trigger=6.17265, non_prompt_stat_ele=5.52043, non_prompt_stat_muon=4.86145, others_stat_ele=2.44694, others_stat_muon=5.42072, others_xs=4.35172, param=0.305995, pdf_ele=3.08766, pdf_muon=6.99772, photon_id=6.92557, pileup=-0.357799, scale_ele=1.4642, scale_muon=-0.838598
RooProdPdf::model_s[ modelObs_s * nuisancePdf ]
     getLogVal() top-level p.d.f evaluates to zero @ !pdfs=(modelObs_s = 0/1,nuisancePdf = 1)

[#0] WARNING:Minization -- RooMinimizerFcn: Minimized function has error status.
Returning maximum FCN so far (719.502) to force MIGRAD to back out of this region. Error log follows
Parameter values: JER_ele=1.09579, JER_muon=4.70535, JES_ele=1.21626, JES_muon=6.80795, QCD_stat_ele=6.04795, QCD_stat_muon=-0.273962, VBS_stat_ele=3.52945, VBS_stat_muon=6.92133, ele_efficiency=-0.0466593, ele_trigger=0.267585, fakephoton_ele=4.80387, fakephoton_muon=5.82953, interference=2.88638, lumi=3.74234, mu_efficiency=1.85872, mu_trigger=6.50872, non_prompt_stat_ele=6.97705, non_prompt_stat_muon=4.00262, others_stat_ele=3.60934, others_stat_muon=6.06854, others_xs=5.18734, param=0.301565, pdf_ele=4.05147, pdf_muon=6.8284, photon_id=6.90985, pileup=-0.265422, scale_ele=3.6058, scale_muon=-3.57966
RooProdPdf::model_s[ modelObs_s * nuisancePdf ]
     getLogVal() top-level p.d.f evaluates to zero @ !pdfs=(modelObs_s = 0/1,nuisancePdf = 1)

[#0] WARNING:Minization -- RooMinimizerFcn: Minimized function has error status.
Returning maximum FCN so far (719.502) to force MIGRAD to back out of this region. Error log follows
Parameter values: JER_ele=0.480756, JER_muon=2.61139, JES_ele=0.498907, JES_muon=4.9309, QCD_stat_ele=4.68842, QCD_stat_muon=6.7566, VBS_stat_ele=1.60942, VBS_stat_muon=4.35971, ele_efficiency=-0.218032, ele_trigger=-0.382911, fakephoton_ele=3.03168, fakephoton_muon=3.72341, interference=0.829395, lumi=1.77968, mu_efficiency=1.0848, mu_trigger=4.82942, non_prompt_stat_ele=6.07496, non_prompt_stat_muon=6.99294, others_stat_ele=2.70665, others_stat_muon=4.04944, others_xs=3.58699, param=0.289522, pdf_ele=3.02166, pdf_muon=5.7899, photon_id=5.66326, pileup=-0.46271, scale_ele=1.94448, scale_muon=5.87068
RooProdPdf::model_s[ modelObs_s * nuisancePdf ]
     getLogVal() top-level p.d.f evaluates to zero @ !pdfs=(modelObs_s = 0/1,nuisancePdf = 1)

[#0] WARNING:Minization -- RooMinimizerFcn: Minimized function has error status.
Returning maximum FCN so far (719.502) to force MIGRAD to back out of this region. Error log follows
Parameter values: JER_ele=1.34903, JER_muon=3.34301, JES_ele=1.81863, JES_muon=5.87547, QCD_stat_ele=6.87618, QCD_stat_muon=5.26978, VBS_stat_ele=2.75587, VBS_stat_muon=5.24539, ele_efficiency=0.0580716, ele_trigger=0.649993, fakephoton_ele=5.75654, fakephoton_muon=4.39466, interference=1.54581, lumi=2.84904, mu_efficiency=1.36852, mu_trigger=5.57242, non_prompt_stat_ele=6.79182, non_prompt_stat_muon=6.79004, others_stat_ele=4.45091, others_stat_muon=5.10303, others_xs=4.85332, param=0.259272, pdf_ele=4.56348, pdf_muon=6.6434, photon_id=6.88894, pileup=-0.351887, scale_ele=4.9487, scale_muon=2.79446
RooProdPdf::model_s[ modelObs_s * nuisancePdf ]
     getLogVal() top-level p.d.f evaluates to zero @ !pdfs=(modelObs_s = 0/1,nuisancePdf = 1)

[#0] WARNING:Minization -- RooMinimizerFcn: Minimized function has error status.
Returning maximum FCN so far (719.502) to force MIGRAD to back out of this region. Error log follows
Parameter values: JER_ele=-6.94454, JER_muon=2.08904, JES_ele=6.94275, JES_muon=3.68531, QCD_stat_ele=4.97647, QCD_stat_muon=4.2312, VBS_stat_ele=-5.27705, VBS_stat_muon=2.75396, ele_efficiency=6.99941, ele_trigger=-3.01204, fakephoton_ele=4.78601, fakephoton_muon=-6.84585, interference=-6.76113, lumi=5.96983, mu_efficiency=4.48022, mu_trigger=0.255377, non_prompt_stat_ele=4.20299, non_prompt_stat_muon=6.99908, others_stat_ele=-4.2176, others_stat_muon=-4.87664, others_xs=-6.19792, param=0.184107, pdf_ele=-5.89511, pdf_muon=-6.44041, photon_id=-6.04568, pileup=4.8832, scale_ele=6.99907, scale_muon=0.531167
RooProdPdf::model_s[ modelObs_s * nuisancePdf ]
     getLogVal() top-level p.d.f evaluates to zero @ !pdfs=(modelObs_s = 0/1,nuisancePdf = 1)

[#0] WARNING:Minization -- RooMinimizerFcn: Minimized function has error status.
Returning maximum FCN so far (951.319) to force MIGRAD to back out of this region. Error log follows
Parameter values: JER_ele=2.29949, JER_muon=3.1222, JES_ele=3.21816, JES_muon=5.50487, QCD_stat_ele=5.82141, QCD_stat_muon=5.31076, VBS_stat_ele=3.77908, VBS_stat_muon=4.86182, ele_efficiency=0.361007, ele_trigger=1.7815, fakephoton_ele=6.75913, fakephoton_muon=4.45884, interference=1.45461, lumi=3.14988, mu_efficiency=1.255, mu_trigger=5.23372, non_prompt_stat_ele=0.858526, non_prompt_stat_muon=6.81656, others_stat_ele=5.95926, others_stat_muon=4.52096, others_xs=5.13155, param=0.146615, pdf_ele=5.88598, pdf_muon=6.43244, photon_id=6.99728, pileup=-0.319895, scale_ele=6.87543, scale_muon=3.81105
RooProdPdf::model_s[ modelObs_s * nuisancePdf ]
     getLogVal() top-level p.d.f evaluates to zero @ !pdfs=(modelObs_s = 0/1,nuisancePdf = 1)

[#0] WARNING:Minization -- RooMinimizerFcn: Minimized function has error status.
Returning maximum FCN so far (951.319) to force MIGRAD to back out of this region. Error log follows
Parameter values: JER_ele=3.13943, JER_muon=4.2294, JES_ele=4.40331, JES_muon=6.68171, QCD_stat_ele=2.50848, QCD_stat_muon=1.06655, VBS_stat_ele=4.94102, VBS_stat_muon=6.14088, ele_efficiency=0.657469, ele_trigger=2.83476, fakephoton_ele=4.79258, fakephoton_muon=5.52004, interference=2.62183, lumi=4.48948, mu_efficiency=1.72623, mu_trigger=6.29536, non_prompt_stat_ele=-4.83291, non_prompt_stat_muon=4.93508, others_stat_ele=6.76001, others_stat_muon=5.93158, others_xs=6.31518, param=0.101167, pdf_ele=6.70699, pdf_muon=6.98817, photon_id=5.62604, pileup=-0.160991, scale_ele=6.60396, scale_muon=-2.60158
RooProdPdf::model_s[ modelObs_s * nuisancePdf ]
     getLogVal() top-level p.d.f evaluates to zero @ !pdfs=(modelObs_s = 0/1,nuisancePdf = 1)

[#0] WARNING:Minization -- RooMinimizerFcn: Minimized function has error status.
Returning maximum FCN so far (951.319) to force MIGRAD to back out of this region. Error log follows
Parameter values: JER_ele=2.94195, JER_muon=4.08797, JES_ele=4.14271, JES_muon=6.61428, QCD_stat_ele=3.30267, QCD_stat_muon=1.49702, VBS_stat_ele=4.559, VBS_stat_muon=5.83301, ele_efficiency=0.593106, ele_trigger=2.59832, fakephoton_ele=5.83045, fakephoton_muon=5.41971, interference=2.43955, lumi=4.26656, mu_efficiency=1.67722, mu_trigger=6.19812, non_prompt_stat_ele=-2.76266, non_prompt_stat_muon=5.21652, others_stat_ele=6.61332, others_stat_muon=5.84414, others_xs=6.17602, param=0.0330274, pdf_ele=6.54223, pdf_muon=6.99991, photon_id=6.00273, pileup=-0.174175, scale_ele=6.85032, scale_muon=-2.10458
RooProdPdf::model_s[ modelObs_s * nuisancePdf ]
     getLogVal() top-level p.d.f evaluates to zero @ !pdfs=(modelObs_s = 0/1,nuisancePdf = 1)

[#0] WARNING:Minization -- RooMinimizerFcn: Minimized function has error status.
Returning maximum FCN so far (951.319) to force MIGRAD to back out of this region. Error log follows
Parameter values: JER_ele=1.52964, JER_muon=2.74359, JES_ele=2.09458, JES_muon=5.14063, QCD_stat_ele=6.99506, QCD_stat_muon=6.56496, VBS_stat_ele=2.94636, VBS_stat_muon=4.47115, ele_efficiency=0.114749, ele_trigger=0.865354, fakephoton_ele=6.46616, fakephoton_muon=3.85548, interference=1.14468, lumi=2.53604, mu_efficiency=1.13928, mu_trigger=4.97641, non_prompt_stat_ele=5.96642, non_prompt_stat_muon=6.9997, others_stat_ele=4.73482, others_stat_muon=4.20228, others_xs=4.47181, param=0.0176638, pdf_ele=4.85152, pdf_muon=6.01039, photon_id=6.69117, pileup=-0.389827, scale_ele=5.49108, scale_muon=5.32387
RooProdPdf::model_s[ modelObs_s * nuisancePdf ]
     getLogVal() top-level p.d.f evaluates to zero @ !pdfs=(modelObs_s = 0/1,nuisancePdf = 1)

[#0] WARNING:Minization -- RooMinimizerFcn: Minimized function has error status.
Returning maximum FCN so far (951.319) to force MIGRAD to back out of this region. Error log follows
Parameter values: JER_ele=2.04454, JER_muon=3.48039, JES_ele=2.88757, JES_muon=6.07735, QCD_stat_ele=6.57389, QCD_stat_muon=4.31739, VBS_stat_ele=3.53654, VBS_stat_muon=5.19229, ele_efficiency=0.287796, ele_trigger=1.51205, fakephoton_ele=6.9999, fakephoton_muon=4.78055, interference=1.78833, lumi=3.35321, mu_efficiency=1.43352, mu_trigger=5.70804, non_prompt_stat_ele=2.90753, non_prompt_stat_muon=6.4118, others_stat_ele=5.59847, others_stat_muon=5.16653, others_xs=5.35463, param=0.0150997, pdf_ele=5.60023, pdf_muon=6.79222, photon_id=6.97261, pileup=-0.295092, scale_ele=6.59447, scale_muon=1.52507
RooProdPdf::model_s[ modelObs_s * nuisancePdf ]
     getLogVal() top-level p.d.f evaluates to zero @ !pdfs=(modelObs_s = 0/1,nuisancePdf = 1)

[#0] WARNING:Minization -- RooMinimizerFcn: Minimized function has error status.
Returning maximum FCN so far (951.319) to force MIGRAD to back out of this region. Error log follows
Parameter values: JER_ele=2.35264, JER_muon=4.07276, JES_ele=3.34456, JES_muon=6.64518, QCD_stat_ele=5.74523, QCD_stat_muon=1.27033, VBS_stat_ele=3.86427, VBS_stat_muon=5.70809, ele_efficiency=0.382385, ele_trigger=1.86362, fakephoton_ele=6.85421, fakephoton_muon=5.45554, interference=2.26499, lumi=3.92699, mu_efficiency=1.68978, mu_trigger=6.24345, non_prompt_stat_ele=0.903305, non_prompt_stat_muon=5.0842, others_stat_ele=6.05367, others_stat_muon=5.86946, others_xs=5.92974, param=0.00529931, pdf_ele=6.01551, pdf_muon=6.99966, photon_id=6.48293, pileup=-0.24194, scale_ele=6.92651, scale_muon=-2.37635
RooProdPdf::model_s[ modelObs_s * nuisancePdf ]
     getLogVal() top-level p.d.f evaluates to zero @ !pdfs=(modelObs_s = 0/1,nuisancePdf = 1)

[#0] WARNING:Minization -- RooMinimizerFcn: Minimized function has error status.
Returning maximum FCN so far (951.319) to force MIGRAD to back out of this region. Error log follows
Parameter values: JER_ele=2.61139, JER_muon=4.39268, JES_ele=3.73459, JES_muon=6.84939, QCD_stat_ele=4.86125, QCD_stat_muon=-0.664059, VBS_stat_ele=4.05989, VBS_stat_muon=5.88993, ele_efficiency=0.49241, ele_trigger=2.24239, fakephoton_ele=6.44647, fakephoton_muon=5.82392, interference=2.61325, lumi=4.29606, mu_efficiency=1.82783, mu_trigger=6.443, non_prompt_stat_ele=-0.977957, non_prompt_stat_muon=4.00447, others_stat_ele=6.33114, others_stat_muon=6.20325, others_xs=6.22195, param=0.000960798, pdf_ele=6.23617, pdf_muon=6.91738, photon_id=5.8541, pileup=-0.154545, scale_ele=6.99832, scale_muon=-4.35011
RooProdPdf::model_s[ modelObs_s * nuisancePdf ]
     getLogVal() top-level p.d.f evaluates to zero @ !pdfs=(modelObs_s = 0/1,nuisancePdf = 1)

[#0] WARNING:Minization -- RooMinimizerFcn: Minimized function has error status.
Returning maximum FCN so far (951.319) to force MIGRAD to back out of this region. Error log follows
Parameter values: JER_ele=-4.70834, JER_muon=-6.14717, JES_ele=-6.505, JES_muon=-6.37928, QCD_stat_ele=2.33695, QCD_stat_muon=6.76667, VBS_stat_ele=-4.82399, VBS_stat_muon=-6.30776, ele_efficiency=-2.01163, ele_trigger=-6.01374, fakephoton_ele=2.24557, fakephoton_muon=-6.98704, interference=-5.9516, lumi=-6.59802, mu_efficiency=-2.52648, mu_trigger=-6.60254, non_prompt_stat_ele=6.98083, non_prompt_stat_muon=1.94125, others_stat_ele=-6.98873, others_stat_muon=-6.96365, others_xs=-6.98029, param=0.00201131, pdf_ele=-6.60576, pdf_muon=-3.36559, photon_id=2.73323, pileup=-1.57535, scale_ele=-0.276848, scale_muon=3.57416
RooProdPdf::model_s[ modelObs_s * nuisancePdf ]
     getLogVal() top-level p.d.f evaluates to zero @ !pdfs=(modelObs_s = 0/1,nuisancePdf = 1)

[#0] WARNING:Minization -- RooMinimizerFcn: Minimized function has error status.
Returning maximum FCN so far (951.319) to force MIGRAD to back out of this region. Error log follows
Parameter values: JER_ele=0.417088, JER_muon=1.25961, JES_ele=0.401658, JES_muon=2.80247, QCD_stat_ele=4.55222, QCD_stat_muon=5.68174, VBS_stat_ele=1.52365, VBS_stat_muon=2.67423, ele_efficiency=-0.250526, ele_trigger=-0.494488, fakephoton_ele=3.46571, fakephoton_muon=2.00991, interference=-0.174604, lumi=0.807338, mu_efficiency=0.593786, mu_trigger=3.32824, non_prompt_stat_ele=6.41977, non_prompt_stat_muon=5.40475, others_stat_ele=2.56406, others_stat_muon=2.04367, others_xs=2.42644, param=0.000435599, pdf_ele=2.97612, pdf_muon=3.28857, photon_id=3.57253, pileup=-0.590769, scale_ele=1.77448, scale_muon=6.28737
RooProdPdf::model_s[ modelObs_s * nuisancePdf ]
     getLogVal() top-level p.d.f evaluates to zero @ !pdfs=(modelObs_s = 0/1,nuisancePdf = 1)

[#0] WARNING:Minization -- RooMinimizerFcn: Minimized function has error status.
Returning maximum FCN so far (951.319) to force MIGRAD to back out of this region. Error log follows
Parameter values: JER_ele=0.575698, JER_muon=1.39916, JES_ele=0.646486, JES_muon=3.04562, QCD_stat_ele=5.10004, QCD_stat_muon=5.94398, VBS_stat_ele=1.71077, VBS_stat_muon=2.8339, ele_efficiency=-0.191548, ele_trigger=-0.280893, fakephoton_ele=3.62127, fakephoton_muon=2.11731, interference=-0.0101012, lumi=1.02499, mu_efficiency=0.642877, mu_trigger=3.46755, non_prompt_stat_ele=6.52523, non_prompt_stat_muon=5.56924, others_stat_ele=2.89119, others_stat_muon=2.30932, others_xs=2.69598, param=4.33177e-06, pdf_ele=3.22386, pdf_muon=3.58033, photon_id=4.02761, pileup=-0.553079, scale_ele=2.32882, scale_muon=6.56628
RooProdPdf::model_s[ modelObs_s * nuisancePdf ]
     getLogVal() top-level p.d.f evaluates to zero @ !pdfs=(modelObs_s = 0/1,nuisancePdf = 1)

[#0] WARNING:Minization -- RooMinimizerFcn: Minimized function has error status.
Returning maximum FCN so far (951.319) to force MIGRAD to back out of this region. Error log follows
Parameter values: JER_ele=0.524058, JER_muon=1.29616, JES_ele=0.568618, JES_muon=2.87444, QCD_stat_ele=4.92728, QCD_stat_muon=5.68424, VBS_stat_ele=1.6398, VBS_stat_muon=2.70234, ele_efficiency=-0.209518, ele_trigger=-0.347814, fakephoton_ele=3.39653, fakephoton_muon=1.98051, interference=-0.100891, lumi=0.920655, mu_efficiency=0.606964, mu_trigger=3.35459, non_prompt_stat_ele=6.3883, non_prompt_stat_muon=5.35996, others_stat_ele=2.78732, others_stat_muon=2.16251, others_xs=2.57707, param=0.00320241, pdf_ele=3.14109, pdf_muon=3.35895, photon_id=3.77593, pileup=-0.567418, scale_ele=2.13467, scale_muon=6.3601
RooProdPdf::model_s[ modelObs_s * nuisancePdf ]
     getLogVal() top-level p.d.f evaluates to zero @ !pdfs=(modelObs_s = 0/1,nuisancePdf = 1)

[#0] WARNING:Minization -- RooMinimizerFcn: Minimized function has error status.
Returning maximum FCN so far (951.319) to force MIGRAD to back out of this region. Error log follows
Parameter values: JER_ele=0.806417, JER_muon=1.69431, JES_ele=1.01207, JES_muon=3.56926, QCD_stat_ele=5.85724, QCD_stat_muon=6.57691, VBS_stat_ele=1.96207, VBS_stat_muon=3.12977, ele_efficiency=-0.115179, ele_trigger=0.00519266, fakephoton_ele=4.52551, fakephoton_muon=2.53142, interference=0.235701, lumi=1.37087, mu_efficiency=0.753308, mu_trigger=3.82393, non_prompt_stat_ele=6.93465, non_prompt_stat_muon=6.13938, others_stat_ele=3.3822, others_stat_muon=2.76924, others_xs=3.145, param=0.000480063, pdf_ele=3.642, pdf_muon=4.21174, photon_id=4.84861, pileup=-0.512872, scale_ele=3.23054, scale_muon=6.95641
RooProdPdf::model_s[ modelObs_s * nuisancePdf ]
     getLogVal() top-level p.d.f evaluates to zero @ !pdfs=(modelObs_s = 0/1,nuisancePdf = 1)

[#0] WARNING:Minization -- RooMinimizerFcn: Minimized function has error status.
Returning maximum FCN so far (951.319) to force MIGRAD to back out of this region. Error log follows
Parameter values: JER_ele=1.06225, JER_muon=2.06909, JES_ele=1.41035, JES_muon=4.19276, QCD_stat_ele=6.48621, QCD_stat_muon=6.97247, VBS_stat_ele=2.26738, VBS_stat_muon=3.54649, ele_efficiency=-0.0330635, ele_trigger=0.315041, fakephoton_ele=5.39256, fakephoton_muon=3.0366, interference=0.544054, lumi=1.786, mu_efficiency=0.893879, mu_trigger=4.26528, non_prompt_stat_ele=6.94777, non_prompt_stat_muon=6.66133, others_stat_ele=3.90724, others_stat_muon=3.3246, others_xs=3.66052, param=0.000688977, pdf_ele=4.0973, pdf_muon=4.94512, photon_id=5.68867, pileup=-0.469355, scale_ele=4.14915, scale_muon=6.87013
RooProdPdf::model_s[ modelObs_s * nuisancePdf ]
     getLogVal() top-level p.d.f evaluates to zero @ !pdfs=(modelObs_s = 0/1,nuisancePdf = 1)

[#0] WARNING:Minization -- RooMinimizerFcn: Minimized function has error status.
Returning maximum FCN so far (951.319) to force MIGRAD to back out of this region. Error log follows
Parameter values: JER_ele=1.58568, JER_muon=2.87087, JES_ele=2.21436, JES_muon=5.41729, QCD_stat_ele=6.99496, QCD_stat_muon=6.13572, VBS_stat_ele=2.90164, VBS_stat_muon=4.42514, ele_efficiency=0.115675, ele_trigger=0.896933, fakephoton_ele=6.63704, fakephoton_muon=4.07543, interference=1.13966, lumi=2.63711, mu_efficiency=1.2126, mu_trigger=5.21979, non_prompt_stat_ele=5.43281, non_prompt_stat_muon=6.95606, others_stat_ele=4.96173, others_stat_muon=4.47121, others_xs=4.72795, param=0.00184975, pdf_ele=5.052, pdf_muon=6.22039, photon_id=6.82941, pileup=-0.416651, scale_ele=5.73814, scale_muon=4.45933
RooProdPdf::model_s[ modelObs_s * nuisancePdf ]
     getLogVal() top-level p.d.f evaluates to zero @ !pdfs=(modelObs_s = 0/1,nuisancePdf = 1)

[#0] WARNING:Minization -- RooMinimizerFcn: Minimized function has error status.
Returning maximum FCN so far (951.319) to force MIGRAD to back out of this region. Error log follows
Parameter values: JER_ele=-0.628857, JER_muon=1.79803, JES_ele=-2.04501, JES_muon=4.45883, QCD_stat_ele=5.83577, QCD_stat_muon=6.99767, VBS_stat_ele=3.98254, VBS_stat_muon=6.85488, ele_efficiency=-1.88456, ele_trigger=-4.66147, fakephoton_ele=-0.751331, fakephoton_muon=0.87379, interference=-3.31961, lumi=-0.377839, mu_efficiency=1.1813, mu_trigger=6.89458, non_prompt_stat_ele=6.89326, non_prompt_stat_muon=6.17032, others_stat_ele=4.58697, others_stat_muon=2.57467, others_xs=4.40533, param=0.0337766, pdf_ele=6.54779, pdf_muon=4.87547, photon_id=3.46987, pileup=-2.98989, scale_ele=-1.76022, scale_muon=6.98639
RooProdPdf::model_s[ modelObs_s * nuisancePdf ]
     getLogVal() top-level p.d.f evaluates to zero @ !pdfs=(modelObs_s = 0/1,nuisancePdf = 1)

[#0] WARNING:Minization -- RooMinimizerFcn: Minimized function has error status.
Returning maximum FCN so far (951.319) to force MIGRAD to back out of this region. Error log follows
Parameter values: JER_ele=0.574417, JER_muon=1.39176, JES_ele=0.655983, JES_muon=3.07812, QCD_stat_ele=5.14202, QCD_stat_muon=5.9968, VBS_stat_ele=1.63338, VBS_stat_muon=2.70637, ele_efficiency=-0.190939, ele_trigger=-0.276437, fakephoton_ele=3.58331, fakephoton_muon=2.13365, interference=-0.03379, lumi=1.01306, mu_efficiency=0.646302, mu_trigger=3.47675, non_prompt_stat_ele=6.50864, non_prompt_stat_muon=5.59643, others_stat_ele=2.91447, others_stat_muon=2.34486, others_xs=2.72451, param=0.0255877, pdf_ele=3.2231, pdf_muon=3.58603, photon_id=4.04466, pileup=-0.55257, scale_ele=2.35463, scale_muon=6.60642
RooProdPdf::model_s[ modelObs_s * nuisancePdf ]
     getLogVal() top-level p.d.f evaluates to zero @ !pdfs=(modelObs_s = 0/1,nuisancePdf = 1)

[#0] WARNING:Minization -- RooMinimizerFcn: Minimized function has error status.
Returning maximum FCN so far (802.691) to force MIGRAD to back out of this region. Error log follows
Parameter values: JER_ele=2.937, JER_muon=0.158316, JES_ele=3.82905, JES_muon=-0.146106, QCD_stat_ele=6.94585, QCD_stat_muon=-0.475618, VBS_stat_ele=6.37273, VBS_stat_muon=3.03684, ele_efficiency=0.726426, ele_trigger=3.09037, fakephoton_ele=5.60763, fakephoton_muon=0.325437, interference=2.73235, lumi=2.99227, mu_efficiency=-0.273486, mu_trigger=-0.268033, non_prompt_stat_ele=6.05458, non_prompt_stat_muon=0.720982, others_stat_ele=4.08407, others_stat_muon=-1.66482, others_xs=0.681557, param=0.336816, pdf_ele=4.45637, pdf_muon=0.978133, photon_id=2.51853, pileup=0.00207387, scale_ele=6.66469, scale_muon=-0.10574
RooProdPdf::model_s[ modelObs_s * nuisancePdf ]
     getLogVal() top-level p.d.f evaluates to zero @ !pdfs=(modelObs_s = 0/1,nuisancePdf = 1)

[#0] WARNING:Minization -- RooMinimizerFcn: Minimized function has error status.
Returning maximum FCN so far (802.691) to force MIGRAD to back out of this region. Error log follows
Parameter values: JER_ele=-2.15752, JER_muon=6.79433, JES_ele=-2.31818, JES_muon=6.85054, QCD_stat_ele=-3.34361, QCD_stat_muon=-1.40686, VBS_stat_ele=6.92389, VBS_stat_muon=-0.718905, ele_efficiency=0.108456, ele_trigger=-1.44256, fakephoton_ele=4.04912, fakephoton_muon=4.92695, interference=6.48587, lumi=5.78659, mu_efficiency=3.46708, mu_trigger=6.94074, non_prompt_stat_ele=6.825, non_prompt_stat_muon=6.33177, others_stat_ele=-6.08339, others_stat_muon=6.10394, others_xs=2.16607, param=0.0652959, pdf_ele=-2.81463, pdf_muon=2.08236, photon_id=6.9686, pileup=1.17297, scale_ele=-6.7419, scale_muon=-6.9809
RooProdPdf::model_s[ modelObs_s * nuisancePdf ]
     getLogVal() top-level p.d.f evaluates to zero @ !pdfs=(modelObs_s = 0/1,nuisancePdf = 1)

[#0] WARNING:Minization -- RooMinimizerFcn: Minimized function has error status.
Returning maximum FCN so far (802.691) to force MIGRAD to back out of this region. Error log follows
Parameter values: JER_ele=1.91589, JER_muon=1.24501, JES_ele=1.41286, JES_muon=-6.97464, QCD_stat_ele=5.32468, QCD_stat_muon=-6.57012, VBS_stat_ele=1.86015, VBS_stat_muon=1.94371, ele_efficiency=-0.100564, ele_trigger=0.985873, fakephoton_ele=5.54865, fakephoton_muon=5.71345, interference=6.59374, lumi=6.89154, mu_efficiency=5.01321, mu_trigger=-2.26233, non_prompt_stat_ele=6.06301, non_prompt_stat_muon=-6.11393, others_stat_ele=2.9092, others_stat_muon=-3.88835, others_xs=6.49163, param=0.00438527, pdf_ele=1.51245, pdf_muon=2.12917, photon_id=-6.62279, pileup=0.786605, scale_ele=5.47395, scale_muon=4.29382
RooProdPdf::model_s[ modelObs_s * nuisancePdf ]
     getLogVal() top-level p.d.f evaluates to zero @ !pdfs=(modelObs_s = 0/1,nuisancePdf = 1)

[#0] WARNING:Minization -- RooMinimizerFcn: Minimized function has error status.
Returning maximum FCN so far (802.691) to force MIGRAD to back out of this region. Error log follows
Parameter values: JER_ele=2.49137, JER_muon=-4.35386, JES_ele=2.34568, JES_muon=-1.70721, QCD_stat_ele=6.7056, QCD_stat_muon=-0.677813, VBS_stat_ele=2.38209, VBS_stat_muon=-3.37734, ele_efficiency=0.0712636, ele_trigger=1.70846, fakephoton_ele=6.75748, fakephoton_muon=2.07521, interference=4.6104, lumi=5.33481, mu_efficiency=6.12923, mu_trigger=-6.90259, non_prompt_stat_ele=6.99643, non_prompt_stat_muon=3.44102, others_stat_ele=4.05952, others_stat_muon=-6.89694, others_xs=3.47804, param=0.18508, pdf_ele=2.63326, pdf_muon=5.50149, photon_id=2.61931, pileup=1.18103, scale_ele=6.80456, scale_muon=-6.99598
RooProdPdf::model_s[ modelObs_s * nuisancePdf ]
     getLogVal() top-level p.d.f evaluates to zero @ !pdfs=(modelObs_s = 0/1,nuisancePdf = 1)

[#0] WARNING:Minization -- RooMinimizerFcn: Minimized function has error status.
Returning maximum FCN so far (802.691) to force MIGRAD to back out of this region. Error log follows
Parameter values: JER_ele=2.4718, JER_muon=-4.71883, JES_ele=2.17381, JES_muon=-1.00252, QCD_stat_ele=6.57865, QCD_stat_muon=-1.90761, VBS_stat_ele=2.61626, VBS_stat_muon=-4.43407, ele_efficiency=0.0223094, ele_trigger=1.58849, fakephoton_ele=6.69451, fakephoton_muon=1.76175, interference=4.229, lumi=5.12288, mu_efficiency=6.18263, mu_trigger=-6.97201, non_prompt_stat_ele=6.98376, non_prompt_stat_muon=4.07736, others_stat_ele=3.89694, others_stat_muon=-6.80559, others_xs=3.36729, param=0.0154166, pdf_ele=2.49454, pdf_muon=4.73467, photon_id=3.21859, pileup=1.17915, scale_ele=6.67564, scale_muon=-6.77242
RooProdPdf::model_s[ modelObs_s * nuisancePdf ]
     getLogVal() top-level p.d.f evaluates to zero @ !pdfs=(modelObs_s = 0/1,nuisancePdf = 1)

[#0] WARNING:Minization -- RooMinimizerFcn: Minimized function has error status.
Returning maximum FCN so far (802.691) to force MIGRAD to back out of this region. Error log follows
Parameter values: JER_ele=3.337, JER_muon=-5.33575, JES_ele=4.08163, JES_muon=4.24472, QCD_stat_ele=6.35846, QCD_stat_muon=2.65226, VBS_stat_ele=3.79588, VBS_stat_muon=-5.81579, ele_efficiency=0.552765, ele_trigger=3.16409, fakephoton_ele=6.54602, fakephoton_muon=-5.67957, interference=-1.62859, lumi=-1.15366, mu_efficiency=6.99085, mu_trigger=2.59731, non_prompt_stat_ele=5.05161, non_prompt_stat_muon=-2.70946, others_stat_ele=5.6622, others_stat_muon=5.18998, others_xs=-5.04148, param=0.0898012, pdf_ele=4.74662, pdf_muon=-2.44494, photon_id=-2.86883, pileup=2.10841, scale_ele=6.00601, scale_muon=-0.833418
RooProdPdf::model_s[ modelObs_s * nuisancePdf ]
     getLogVal() top-level p.d.f evaluates to zero @ !pdfs=(modelObs_s = 0/1,nuisancePdf = 1)

[#0] WARNING:Minization -- RooMinimizerFcn: Minimized function has error status.
Returning maximum FCN so far (942.569) to force MIGRAD to back out of this region. Error log follows
Parameter values: JER_ele=1.52375, JER_muon=5.96903, JES_ele=0.914415, JES_muon=6.96109, QCD_stat_ele=3.72782, QCD_stat_muon=-4.95508, VBS_stat_ele=0.723342, VBS_stat_muon=4.06993, ele_efficiency=-0.234844, ele_trigger=0.479357, fakephoton_ele=3.62016, fakephoton_muon=4.51004, interference=4.91988, lumi=4.01236, mu_efficiency=1.13155, mu_trigger=5.87165, non_prompt_stat_ele=3.44439, non_prompt_stat_muon=6.98627, others_stat_ele=2.23827, others_stat_muon=6.46386, others_xs=3.70982, param=0.0490396, pdf_ele=0.0834894, pdf_muon=5.65407, photon_id=6.89344, pileup=-0.148782, scale_ele=4.78394, scale_muon=-6.49351
RooProdPdf::model_s[ modelObs_s * nuisancePdf ]
     getLogVal() top-level p.d.f evaluates to zero @ !pdfs=(modelObs_s = 0/1,nuisancePdf = 1)

[#0] WARNING:Minization -- RooMinimizerFcn: Minimized function has error status.
Returning maximum FCN so far (32.8942) to force MIGRAD to back out of this region. Error log follows
Parameter values: JER_ele=5.83151, JER_muon=-5.82824, JES_ele=-5.72193, JES_muon=-3.95438, QCD_stat_ele=-6.89076, QCD_stat_muon=0.885681, VBS_stat_ele=-6.16855, VBS_stat_muon=-3.21731, ele_efficiency=6.91906, ele_trigger=1.14597, fakephoton_ele=4.27287, fakephoton_muon=1.95505, interference=-2.81843, lumi=6.99355, mu_efficiency=6.84796, mu_trigger=5.11382, non_prompt_stat_ele=6.99375, non_prompt_stat_muon=-4.91681, others_stat_ele=-2.55378, others_stat_muon=6.98943, others_xs=-6.76013, param=0.018086, pdf_ele=-0.829566, pdf_muon=-6.52693, photon_id=-3.48287, pileup=-6.60942, scale_ele=1.83076, scale_muon=-0.702884
RooProdPdf::model_s[ modelObs_s * nuisancePdf ]
     getLogVal() top-level p.d.f evaluates to zero @ !pdfs=(modelObs_s = 0/1,nuisancePdf = 1)

[#0] WARNING:Minization -- RooMinimizerFcn: Minimized function has error status.
Returning maximum FCN so far (410.98) to force MIGRAD to back out of this region. Error log follows
Parameter values: JER_ele=-6.86275, JER_muon=5.46322, JES_ele=-3.10357, JES_muon=-5.3381, QCD_stat_ele=5.11406, QCD_stat_muon=4.05285, VBS_stat_ele=-6.85648, VBS_stat_muon=-3.87779, ele_efficiency=6.55032, ele_trigger=-4.35074, fakephoton_ele=6.99909, fakephoton_muon=-1.51427, interference=-1.32604, lumi=6.91161, mu_efficiency=6.99718, mu_trigger=-4.89285, non_prompt_stat_ele=6.43464, non_prompt_stat_muon=-2.0417, others_stat_ele=-6.83609, others_stat_muon=-6.75241, others_xs=-1.90252, param=0.612275, pdf_ele=6.26331, pdf_muon=-6.67884, photon_id=-1.17117, pileup=1.05649, scale_ele=6.97605, scale_muon=-6.98818
RooProdPdf::model_s[ modelObs_s * nuisancePdf ]
     getLogVal() top-level p.d.f evaluates to zero @ !pdfs=(modelObs_s = 0/1,nuisancePdf = 1)

[#0] WARNING:Minization -- RooMinimizerFcn: Minimized function has error status.
Returning maximum FCN so far (590.542) to force MIGRAD to back out of this region. Error log follows
Parameter values: JER_ele=-2.63879, JER_muon=3.15859, JES_ele=4.34555, JES_muon=-0.491541, QCD_stat_ele=6.19724, QCD_stat_muon=-4.05129, VBS_stat_ele=4.66313, VBS_stat_muon=5.65984, ele_efficiency=5.68951, ele_trigger=3.6634, fakephoton_ele=6.95497, fakephoton_muon=5.07102, interference=1.89178, lumi=2.47165, mu_efficiency=2.48344, mu_trigger=4.80546, non_prompt_stat_ele=1.92107, non_prompt_stat_muon=4.97982, others_stat_ele=4.90001, others_stat_muon=3.84398, others_xs=5.7742, param=0.324093, pdf_ele=4.18705, pdf_muon=6.71658, photon_id=5.82605, pileup=6.26585, scale_ele=5.31052, scale_muon=1.9714
RooProdPdf::model_s[ modelObs_s * nuisancePdf ]
     getLogVal() top-level p.d.f evaluates to zero @ !pdfs=(modelObs_s = 0/1,nuisancePdf = 1)

[#0] WARNING:Minization -- RooMinimizerFcn: Minimized function has error status.
Returning maximum FCN so far (592.976) to force MIGRAD to back out of this region. Error log follows
Parameter values: JER_ele=-1.14074, JER_muon=2.70879, JES_ele=3.72028, JES_muon=-6.15907, QCD_stat_ele=6.99861, QCD_stat_muon=4.80896, VBS_stat_ele=4.5874, VBS_stat_muon=-6.70713, ele_efficiency=4.27802, ele_trigger=3.09075, fakephoton_ele=6.15329, fakephoton_muon=-0.162293, interference=6.07383, lumi=6.66259, mu_efficiency=6.2658, mu_trigger=-4.86767, non_prompt_stat_ele=2.48189, non_prompt_stat_muon=4.1534, others_stat_ele=4.05613, others_stat_muon=-0.485944, others_xs=5.1375, param=0.141796, pdf_ele=3.92028, pdf_muon=6.33834, photon_id=2.47167, pileup=5.35789, scale_ele=6.68084, scale_muon=5.5028
RooProdPdf::model_s[ modelObs_s * nuisancePdf ]
     getLogVal() top-level p.d.f evaluates to zero @ !pdfs=(modelObs_s = 0/1,nuisancePdf = 1)

[#0] WARNING:Minization -- RooMinimizerFcn: Minimized function has error status.
Returning maximum FCN so far (592.976) to force MIGRAD to back out of this region. Error log follows
Parameter values: JER_ele=2.4278, JER_muon=1.39469, JES_ele=4.82797, JES_muon=-5.14748, QCD_stat_ele=5.49249, QCD_stat_muon=-1.71257, VBS_stat_ele=4.21606, VBS_stat_muon=-6.99214, ele_efficiency=1.38191, ele_trigger=3.84498, fakephoton_ele=4.87507, fakephoton_muon=-3.7894, interference=4.1517, lumi=5.24084, mu_efficiency=6.25493, mu_trigger=-6.53238, non_prompt_stat_ele=5.1718, non_prompt_stat_muon=2.44708, others_stat_ele=4.83252, others_stat_muon=-2.31549, others_xs=4.85549, param=0.0723265, pdf_ele=5.86917, pdf_muon=6.99851, photon_id=6.0766, pileup=2.15391, scale_ele=4.97603, scale_muon=-6.46305
RooProdPdf::model_s[ modelObs_s * nuisancePdf ]
     getLogVal() top-level p.d.f evaluates to zero @ !pdfs=(modelObs_s = 0/1,nuisancePdf = 1)

[#0] WARNING:Minization -- RooMinimizerFcn: Minimized function has error status.
Returning maximum FCN so far (592.976) to force MIGRAD to back out of this region. Error log follows
Parameter values: JER_ele=1.83131, JER_muon=-1.42754, JES_ele=5.39209, JES_muon=-3.01967, QCD_stat_ele=3.85539, QCD_stat_muon=5.18199, VBS_stat_ele=5.15448, VBS_stat_muon=-5.86049, ele_efficiency=2.81179, ele_trigger=4.42523, fakephoton_ele=6.29779, fakephoton_muon=-5.34541, interference=2.73129, lumi=4.04902, mu_efficiency=6.70683, mu_trigger=-6.9233, non_prompt_stat_ele=5.59196, non_prompt_stat_muon=-0.344187, others_stat_ele=5.54697, others_stat_muon=-5.08068, others_xs=2.52198, param=0.171377, pdf_ele=6.2345, pdf_muon=3.32089, photon_id=6.28866, pileup=3.73838, scale_ele=2.54812, scale_muon=-1.01961
RooProdPdf::model_s[ modelObs_s * nuisancePdf ]
     getLogVal() top-level p.d.f evaluates to zero @ !pdfs=(modelObs_s = 0/1,nuisancePdf = 1)

[#0] WARNING:Minization -- RooMinimizerFcn: Minimized function has error status.
Returning maximum FCN so far (697.309) to force MIGRAD to back out of this region. Error log follows
Parameter values: JER_ele=2.17712, JER_muon=0.0333051, JES_ele=5.17807, JES_muon=-4.32692, QCD_stat_ele=4.56951, QCD_stat_muon=5.6383, VBS_stat_ele=4.9604, VBS_stat_muon=-6.69362, ele_efficiency=2.15823, ele_trigger=4.20981, fakephoton_ele=5.75947, fakephoton_muon=-4.54433, interference=3.43787, lumi=4.63636, mu_efficiency=6.49774, mu_trigger=-6.94551, non_prompt_stat_ele=5.42958, non_prompt_stat_muon=1.34049, others_stat_ele=5.26545, others_stat_muon=-3.71738, others_xs=3.76664, param=1.10316e-06, pdf_ele=6.13338, pdf_muon=6.05151, photon_id=6.99546, pileup=3.0092, scale_ele=3.64874, scale_muon=-6.33516
RooProdPdf::model_s[ modelObs_s * nuisancePdf ]
     getLogVal() top-level p.d.f evaluates to zero @ !pdfs=(modelObs_s = 0/1,nuisancePdf = 1)

[#0] WARNING:Minization -- RooMinimizerFcn: Minimized function has error status.
Returning maximum FCN so far (697.309) to force MIGRAD to back out of this region. Error log follows
Parameter values: JER_ele=3.16628, JER_muon=-5.70743, JES_ele=6.31286, JES_muon=5.74639, QCD_stat_ele=-0.676878, QCD_stat_muon=-5.93648, VBS_stat_ele=6.17976, VBS_stat_muon=0.885645, ele_efficiency=2.64742, ele_trigger=5.37752, fakephoton_ele=6.8619, fakephoton_muon=-6.95895, interference=-1.65828, lumi=-0.0644299, mu_efficiency=6.99435, mu_trigger=-2.48392, non_prompt_stat_ele=6.71126, non_prompt_stat_muon=-5.86453, others_stat_ele=6.46852, others_stat_muon=-6.89326, others_xs=-1.72785, param=0.00875329, pdf_ele=6.95137, pdf_muon=-6.84523, photon_id=-4.59767, pileup=3.58456, scale_ele=-2.26733, scale_muon=-4.89888
RooProdPdf::model_s[ modelObs_s * nuisancePdf ]
     getLogVal() top-level p.d.f evaluates to zero @ !pdfs=(modelObs_s = 0/1,nuisancePdf = 1)

[#0] WARNING:Minization -- RooMinimizerFcn: Minimized function has error status.
Returning maximum FCN so far (697.309) to force MIGRAD to back out of this region. Error log follows
Parameter values: JER_ele=-1.01668, JER_muon=2.37294, JES_ele=0.482492, JES_muon=3.83358, QCD_stat_ele=1.6531, QCD_stat_muon=6.89197, VBS_stat_ele=-0.363431, VBS_stat_muon=3.83716, ele_efficiency=1.29562, ele_trigger=0.299476, fakephoton_ele=0.589774, fakephoton_muon=4.02329, interference=1.93735, lumi=1.50161, mu_efficiency=1.3156, mu_trigger=3.92201, non_prompt_stat_ele=-0.922411, non_prompt_stat_muon=6.63996, others_stat_ele=0.263603, others_stat_muon=2.61645, others_xs=2.27156, param=0.417686, pdf_ele=0.0977942, pdf_muon=6.49198, photon_id=5.89213, pileup=1.70816, scale_ele=2.05131, scale_muon=4.4157
RooProdPdf::model_s[ modelObs_s * nuisancePdf ]
     getLogVal() top-level p.d.f evaluates to zero @ !pdfs=(modelObs_s = 0/1,nuisancePdf = 1)

[#0] WARNING:Minization -- RooMinimizerFcn: Minimized function has error status.
Returning maximum FCN so far (697.309) to force MIGRAD to back out of this region. Error log follows
Parameter values: JER_ele=4.40898, JER_muon=-4.83688, JES_ele=6.999, JES_muon=-4.12561, QCD_stat_ele=-6.92432, QCD_stat_muon=-6.96838, VBS_stat_ele=6.85777, VBS_stat_muon=5.04952, ele_efficiency=3.25307, ele_trigger=6.52796, fakephoton_ele=6.82159, fakephoton_muon=3.17889, interference=-6.98218, lumi=-6.46479, mu_efficiency=6.09468, mu_trigger=6.76721, non_prompt_stat_ele=6.77185, non_prompt_stat_muon=-4.07036, others_stat_ele=6.99226, others_stat_muon=2.51311, others_xs=-6.96888, param=0.0432094, pdf_ele=6.3186, pdf_muon=5.79434, photon_id=6.7774, pileup=4.41699, scale_ele=-6.96149, scale_muon=0.513685
RooProdPdf::model_s[ modelObs_s * nuisancePdf ]
     getLogVal() top-level p.d.f evaluates to zero @ !pdfs=(modelObs_s = 0/1,nuisancePdf = 1)

[#0] WARNING:Minization -- RooMinimizerFcn: Minimized function has error status.
Returning maximum FCN so far (697.309) to force MIGRAD to back out of this region. Error log follows
Parameter values: JER_ele=-0.984895, JER_muon=5.95431, JES_ele=-3.56249, JES_muon=6.31884, QCD_stat_ele=4.24494, QCD_stat_muon=0.684172, VBS_stat_ele=1.69438, VBS_stat_muon=-1.54215, ele_efficiency=6.66918, ele_trigger=-6.96015, fakephoton_ele=5.89123, fakephoton_muon=-6.08765, interference=2.75924, lumi=3.69364, mu_efficiency=3.78965, mu_trigger=6.8091, non_prompt_stat_ele=6.99157, non_prompt_stat_muon=-6.65804, others_stat_ele=2.06504, others_stat_muon=2.1738, others_xs=-6.99274, param=0.0401692, pdf_ele=6.9047, pdf_muon=-6.44233, photon_id=3.38661, pileup=6.99929, scale_ele=-6.65771, scale_muon=1.59966
RooProdPdf::model_s[ modelObs_s * nuisancePdf ]
     getLogVal() top-level p.d.f evaluates to zero @ !pdfs=(modelObs_s = 0/1,nuisancePdf = 1)

[#0] WARNING:Minization -- RooMinimizerFcn: Minimized function has error status.
Returning maximum FCN so far (697.309) to force MIGRAD to back out of this region. Error log follows
Parameter values: JER_ele=2.33932, JER_muon=0.388699, JES_ele=5.34515, JES_muon=-6.69565, QCD_stat_ele=5.22127, QCD_stat_muon=6.76017, VBS_stat_ele=5.47669, VBS_stat_muon=-6.81238, ele_efficiency=2.31893, ele_trigger=4.44217, fakephoton_ele=6.70986, fakephoton_muon=1.44291, interference=4.86257, lumi=5.17606, mu_efficiency=6.29464, mu_trigger=-6.30635, non_prompt_stat_ele=5.85118, non_prompt_stat_muon=3.68273, others_stat_ele=5.7551, others_stat_muon=-4.93193, others_xs=2.89091, param=0.569268, pdf_ele=6.22597, pdf_muon=6.95734, photon_id=6.1713, pileup=2.92464, scale_ele=3.39179, scale_muon=-2.64257
RooProdPdf::model_s[ modelObs_s * nuisancePdf ]
     getLogVal() top-level p.d.f evaluates to zero @ !pdfs=(modelObs_s = 0/1,nuisancePdf = 1)

[#0] WARNING:Minization -- RooMinimizerFcn: Minimized function has error status.
Returning maximum FCN so far (697.309) to force MIGRAD to back out of this region. Error log follows
Parameter values: JER_ele=-0.642965, JER_muon=4.05503, JES_ele=1.05319, JES_muon=5.72868, QCD_stat_ele=2.87605, QCD_stat_muon=1.24518, VBS_stat_ele=0.493228, VBS_stat_muon=5.68549, ele_efficiency=1.40221, ele_trigger=0.776689, fakephoton_ele=1.60469, fakephoton_muon=4.76195, interference=3.18255, lumi=2.8568, mu_efficiency=1.89515, mu_trigger=5.60476, non_prompt_stat_ele=-0.0886653, non_prompt_stat_muon=6.99948, others_stat_ele=0.969519, others_stat_muon=4.80917, others_xs=3.83956, param=0.425836, pdf_ele=0.882447, pdf_muon=6.84831, photon_id=6.99891, pileup=1.80833, scale_ele=3.52773, scale_muon=-3.35811
RooProdPdf::model_s[ modelObs_s * nuisancePdf ]
     getLogVal() top-level p.d.f evaluates to zero @ !pdfs=(modelObs_s = 0/1,nuisancePdf = 1)

[#0] WARNING:Minization -- RooMinimizerFcn: Minimized function has error status.
Returning maximum FCN so far (716.603) to force MIGRAD to back out of this region. Error log follows
Parameter values: JER_ele=2.24816, JER_muon=-2.98883, JES_ele=5.71084, JES_muon=2.05041, QCD_stat_ele=2.41131, QCD_stat_muon=-2.31172, VBS_stat_ele=4.9001, VBS_stat_muon=-5.80497, ele_efficiency=2.6179, ele_trigger=4.68046, fakephoton_ele=6.32989, fakephoton_muon=-6.80135, interference=1.22324, lumi=2.71911, mu_efficiency=6.88387, mu_trigger=-5.69178, non_prompt_stat_ele=5.96616, non_prompt_stat_muon=-6.67455, others_stat_ele=5.82292, others_stat_muon=-6.40728, others_xs=1.00986, param=0.205201, pdf_ele=6.51327, pdf_muon=-1.79648, photon_id=2.32609, pileup=3.60543, scale_ele=0.973148, scale_muon=6.05179
RooProdPdf::model_s[ modelObs_s * nuisancePdf ]
     getLogVal() top-level p.d.f evaluates to zero @ !pdfs=(modelObs_s = 0/1,nuisancePdf = 1)

[#0] WARNING:Minization -- RooMinimizerFcn: Minimized function has error status.
Returning maximum FCN so far (750.774) to force MIGRAD to back out of this region. Error log follows
Parameter values: JER_ele=2.60858, JER_muon=-2.12007, JES_ele=5.74282, JES_muon=0.211371, QCD_stat_ele=2.53232, QCD_stat_muon=4.01375, VBS_stat_ele=5.23003, VBS_stat_muon=-6.34948, ele_efficiency=2.31252, ele_trigger=4.73261, fakephoton_ele=6.34605, fakephoton_muon=-6.02875, interference=1.82253, lumi=3.06385, mu_efficiency=6.78199, mu_trigger=-6.46176, non_prompt_stat_ele=6.07255, non_prompt_stat_muon=-3.98262, others_stat_ele=5.87359, others_stat_muon=-6.08729, others_xs=1.50341, param=0.00316532, pdf_ele=6.59235, pdf_muon=1.24862, photon_id=4.43133, pileup=3.18049, scale_ele=1.07644, scale_muon=6.44624
RooProdPdf::model_s[ modelObs_s * nuisancePdf ]
     getLogVal() top-level p.d.f evaluates to zero @ !pdfs=(modelObs_s = 0/1,nuisancePdf = 1)

[#0] WARNING:Minization -- RooMinimizerFcn: Minimized function has error status.
Returning maximum FCN so far (750.774) to force MIGRAD to back out of this region. Error log follows
Parameter values: JER_ele=3.37484, JER_muon=-5.24875, JES_ele=6.49016, JES_muon=6.16514, QCD_stat_ele=-2.02665, QCD_stat_muon=-5.74451, VBS_stat_ele=5.81439, VBS_stat_muon=-3.52575, ele_efficiency=2.56503, ele_trigger=5.54434, fakephoton_ele=6.91006, fakephoton_muon=-6.85548, interference=-1.04003, lumi=0.259795, mu_efficiency=6.9907, mu_trigger=-2.59922, non_prompt_stat_ele=6.83833, non_prompt_stat_muon=-4.55884, others_stat_ele=6.62496, others_stat_muon=-6.95717, others_xs=-1.65691, param=0.0109299, pdf_ele=6.99062, pdf_muon=-6.58574, photon_id=-4.82503, pileup=3.44948, scale_ele=-3.54958, scale_muon=-6.40653
RooProdPdf::model_s[ modelObs_s * nuisancePdf ]
     getLogVal() top-level p.d.f evaluates to zero @ !pdfs=(modelObs_s = 0/1,nuisancePdf = 1)

[#0] WARNING:Minization -- RooMinimizerFcn: Minimized function has error status.
Returning maximum FCN so far (750.774) to force MIGRAD to back out of this region. Error log follows
Parameter values: JER_ele=-1.00458, JER_muon=2.19264, JES_ele=0.476049, JES_muon=3.63176, QCD_stat_ele=1.62511, QCD_stat_muon=6.98612, VBS_stat_ele=-0.302526, VBS_stat_muon=3.5445, ele_efficiency=1.28222, ele_trigger=0.296591, fakephoton_ele=0.545568, fakephoton_muon=3.90456, interference=1.82787, lumi=1.40243, mu_efficiency=1.25351, mu_trigger=3.72647, non_prompt_stat_ele=-0.95254, non_prompt_stat_muon=6.53145, others_stat_ele=0.24176, others_stat_muon=2.35356, others_xs=2.11227, param=0.250113, pdf_ele=0.10572, pdf_muon=6.30813, photon_id=5.70159, pileup=1.6844, scale_ele=2.02635, scale_muon=4.96991
RooProdPdf::model_s[ modelObs_s * nuisancePdf ]
     getLogVal() top-level p.d.f evaluates to zero @ !pdfs=(modelObs_s = 0/1,nuisancePdf = 1)

[#0] WARNING:Minization -- RooMinimizerFcn: Minimized function has error status.
Returning maximum FCN so far (750.774) to force MIGRAD to back out of this region. Error log follows
Parameter values: JER_ele=3.07812, JER_muon=-6.23477, JES_ele=6.86086, JES_muon=-0.748282, QCD_stat_ele=-5.39195, QCD_stat_muon=-0.717062, VBS_stat_ele=6.32789, VBS_stat_muon=6.94493, ele_efficiency=3.82452, ele_trigger=6.08005, fakephoton_ele=6.99641, fakephoton_muon=-0.572279, interference=-6.70724, lumi=-5.63613, mu_efficiency=6.25385, mu_trigger=6.98566, non_prompt_stat_ele=6.9799, non_prompt_stat_muon=5.88835, others_stat_ele=6.90382, others_stat_muon=1.13883, others_xs=-6.84222, param=0.0183444, pdf_ele=6.92457, pdf_muon=6.99681, photon_id=4.28762, pileup=5.057, scale_ele=-6.53843, scale_muon=-4.06533
RooProdPdf::model_s[ modelObs_s * nuisancePdf ]
     getLogVal() top-level p.d.f evaluates to zero @ !pdfs=(modelObs_s = 0/1,nuisancePdf = 1)

[#0] WARNING:Minization -- RooMinimizerFcn: Minimized function has error status.
Returning maximum FCN so far (755.489) to force MIGRAD to back out of this region. Error log follows
Parameter values: JER_ele=-1.12246, JER_muon=-0.336252, JES_ele=0.668717, JES_muon=1.37736, QCD_stat_ele=-6.62903, QCD_stat_muon=6.81332, VBS_stat_ele=-1.98319, VBS_stat_muon=-6.17212, ele_efficiency=4.03827, ele_trigger=0.979137, fakephoton_ele=5.08449, fakephoton_muon=-6.98549, interference=6.38601, lumi=-6.05107, mu_efficiency=6.53121, mu_trigger=4.52734, non_prompt_stat_ele=4.7497, non_prompt_stat_muon=1.86944, others_stat_ele=5.75362, others_stat_muon=-3.38908, others_xs=1.2212, param=0.587451, pdf_ele=6.03828, pdf_muon=-6.7229, photon_id=0.412019, pileup=6.48907, scale_ele=-5.32386, scale_muon=6.60942
RooProdPdf::model_s[ modelObs_s * nuisancePdf ]
     getLogVal() top-level p.d.f evaluates to zero @ !pdfs=(modelObs_s = 0/1,nuisancePdf = 1)

[#0] WARNING:Minization -- RooMinimizerFcn: Minimized function has error status.
Returning maximum FCN so far (755.489) to force MIGRAD to back out of this region. Error log follows
Parameter values: JER_ele=5.80284, JER_muon=6.99986, JES_ele=4.80723, JES_muon=-5.73355, QCD_stat_ele=6.54356, QCD_stat_muon=-5.79474, VBS_stat_ele=2.81029, VBS_stat_muon=6.9746, ele_efficiency=-6.68832, ele_trigger=4.01441, fakephoton_ele=6.27438, fakephoton_muon=0.523505, interference=-2.78859, lumi=2.9951, mu_efficiency=-1.62453, mu_trigger=6.07607, non_prompt_stat_ele=6.06931, non_prompt_stat_muon=-6.99997, others_stat_ele=6.65427, others_stat_muon=5.58608, others_xs=-1.58609, param=0.0568713, pdf_ele=6.96683, pdf_muon=-0.722408, photon_id=6.19219, pileup=-5.38354, scale_ele=5.70819, scale_muon=6.78331
RooProdPdf::model_s[ modelObs_s * nuisancePdf ]
     getLogVal() top-level p.d.f evaluates to zero @ !pdfs=(modelObs_s = 0/1,nuisancePdf = 1)

[#0] WARNING:Minization -- RooMinimizerFcn: Minimized function has error status.
Returning maximum FCN so far (802.055) to force MIGRAD to back out of this region. Error log follows
Parameter values: JER_ele=-0.99289, JER_muon=2.37997, JES_ele=0.454452, JES_muon=3.8231, QCD_stat_ele=1.52156, QCD_stat_muon=6.51866, VBS_stat_ele=-0.0628287, VBS_stat_muon=3.49377, ele_efficiency=1.2651, ele_trigger=0.296931, fakephoton_ele=0.576487, fakephoton_muon=4.15616, interference=1.82127, lumi=1.42677, mu_efficiency=1.2821, mu_trigger=3.86684, non_prompt_stat_ele=-0.976177, non_prompt_stat_muon=6.80699, others_stat_ele=0.232933, others_stat_muon=2.37402, others_xs=2.07652, param=0.026748, pdf_ele=0.123538, pdf_muon=6.42771, photon_id=5.84577, pileup=1.69926, scale_ele=1.91253, scale_muon=4.65692
RooProdPdf::model_s[ modelObs_s * nuisancePdf ]
     getLogVal() top-level p.d.f evaluates to zero @ !pdfs=(modelObs_s = 0/1,nuisancePdf = 1)

[#0] WARNING:Minization -- RooMinimizerFcn: Minimized function has error status.
Returning maximum FCN so far (855.316) to force MIGRAD to back out of this region. Error log follows
Parameter values: JER_ele=1.4168, JER_muon=6.29969, JES_ele=3.94344, JES_muon=-4.05715, QCD_stat_ele=6.93068, QCD_stat_muon=2.55665, VBS_stat_ele=3.05178, VBS_stat_muon=2.11523, ele_efficiency=1.58452, ele_trigger=3.08455, fakephoton_ele=4.53493, fakephoton_muon=3.99463, interference=6.96317, lumi=6.99994, mu_efficiency=4.97612, mu_trigger=0.702829, non_prompt_stat_ele=3.87984, non_prompt_stat_muon=-1.5942, others_stat_ele=4.0357, others_stat_muon=4.27028, others_xs=6.8757, param=0.000429168, pdf_ele=4.72128, pdf_muon=-4.99857, photon_id=-6.06569, pileup=2.16828, scale_ele=6.70118, scale_muon=-3.3946
RooProdPdf::model_s[ modelObs_s * nuisancePdf ]
     getLogVal() top-level p.d.f evaluates to zero @ !pdfs=(modelObs_s = 0/1,nuisancePdf = 1)

[#0] WARNING:Minization -- RooMinimizerFcn: Minimized function has error status.
Returning maximum FCN so far (855.316) to force MIGRAD to back out of this region. Error log follows
Parameter values: JER_ele=3.39425, JER_muon=3.48261, JES_ele=4.78177, JES_muon=-6.88596, QCD_stat_ele=6.5291, QCD_stat_muon=-6.92824, VBS_stat_ele=4.74335, VBS_stat_muon=-1.98638, ele_efficiency=0.158381, ele_trigger=3.88162, fakephoton_ele=5.48262, fakephoton_muon=2.08971, interference=5.84058, lumi=5.94908, mu_efficiency=5.5726, mu_trigger=-4.22277, non_prompt_stat_ele=5.5315, non_prompt_stat_muon=5.29804, others_stat_ele=5.22742, others_stat_muon=-2.40974, others_xs=5.15377, param=0.00630765, pdf_ele=5.97765, pdf_muon=2.15251, photon_id=1.10617, pileup=0.622152, scale_ele=5.88319, scale_muon=5.53285
RooProdPdf::model_s[ modelObs_s * nuisancePdf ]
     getLogVal() top-level p.d.f evaluates to zero @ !pdfs=(modelObs_s = 0/1,nuisancePdf = 1)

[#0] WARNING:Minization -- RooMinimizerFcn: Minimized function has error status.
Returning maximum FCN so far (855.316) to force MIGRAD to back out of this region. Error log follows
Parameter values: JER_ele=6.84715, JER_muon=6.94702, JES_ele=2.48504, JES_muon=1.03648, QCD_stat_ele=-2.47101, QCD_stat_muon=6.77929, VBS_stat_ele=6.91882, VBS_stat_muon=6.45515, ele_efficiency=-6.55361, ele_trigger=2.47649, fakephoton_ele=3.86889, fakephoton_muon=-3.68997, interference=6.81854, lumi=6.75421, mu_efficiency=0.600305, mu_trigger=6.97106, non_prompt_stat_ele=6.02915, non_prompt_stat_muon=3.30446, others_stat_ele=5.07895, others_stat_muon=-4.4692, others_xs=6.72887, param=0.0269128, pdf_ele=5.56545, pdf_muon=6.98398, photon_id=4.61389, pileup=-6.77419, scale_ele=-0.194871, scale_muon=-6.53568
RooProdPdf::model_s[ modelObs_s * nuisancePdf ]
     getLogVal() top-level p.d.f evaluates to zero @ !pdfs=(modelObs_s = 0/1,nuisancePdf = 1)

[#0] WARNING:Minization -- RooMinimizerFcn: Minimized function has error status.
Returning maximum FCN so far (855.316) to force MIGRAD to back out of this region. Error log follows
Parameter values: JER_ele=-1.07409, JER_muon=1.83373, JES_ele=0.395817, JES_muon=3.03201, QCD_stat_ele=1.40737, QCD_stat_muon=6.90066, VBS_stat_ele=-0.353113, VBS_stat_muon=3.10668, ele_efficiency=1.29754, ele_trigger=0.234145, fakephoton_ele=0.439665, fakephoton_muon=3.53276, interference=1.55883, lumi=1.13394, mu_efficiency=1.13169, mu_trigger=3.27418, non_prompt_stat_ele=-1.08726, non_prompt_stat_muon=6.04802, others_stat_ele=0.144078, others_stat_muon=1.87722, others_xs=1.81394, param=0.0147879, pdf_ele=-0.00543891, pdf_muon=5.85641, photon_id=5.16777, pileup=1.69129, scale_ele=1.81169, scale_muon=6.14004
RooProdPdf::model_s[ modelObs_s * nuisancePdf ]
     getLogVal() top-level p.d.f evaluates to zero @ !pdfs=(modelObs_s = 0/1,nuisancePdf = 1)

[#0] WARNING:Minization -- RooMinimizerFcn: Minimized function has error status.
Returning maximum FCN so far (855.316) to force MIGRAD to back out of this region. Error log follows
Parameter values: JER_ele=-0.812143, JER_muon=3.45397, JES_ele=0.873201, JES_muon=5.60552, QCD_stat_ele=2.71769, QCD_stat_muon=3.95824, VBS_stat_ele=0.0259787, VBS_stat_muon=4.97156, ele_efficiency=1.38247, ele_trigger=0.6032, fakephoton_ele=1.00035, fakephoton_muon=5.20163, interference=2.91866, lumi=2.45147, mu_efficiency=1.7735, mu_trigger=5.30677, non_prompt_stat_ele=-0.462018, non_prompt_stat_muon=6.81525, others_stat_ele=0.65743, others_stat_muon=3.83966, others_xs=3.18085, param=0.0149929, pdf_ele=0.626827, pdf_muon=6.97596, photon_id=6.9608, pileup=1.82632, scale_ele=3.17262, scale_muon=-2.79573
RooProdPdf::model_s[ modelObs_s * nuisancePdf ]
     getLogVal() top-level p.d.f evaluates to zero @ !pdfs=(modelObs_s = 0/1,nuisancePdf = 1)

[#0] WARNING:Minization -- RooMinimizerFcn: Minimized function has error status.
Returning maximum FCN so far (867.294) to force MIGRAD to back out of this region. Error log follows
Parameter values: JER_ele=-0.520716, JER_muon=3.72162, JES_ele=0.759566, JES_muon=5.95173, QCD_stat_ele=2.0355, QCD_stat_muon=5.10016, VBS_stat_ele=0.238712, VBS_stat_muon=5.29605, ele_efficiency=0.983051, ele_trigger=0.530545, fakephoton_ele=0.83205, fakephoton_muon=4.68519, interference=3.25076, lumi=2.85874, mu_efficiency=1.76948, mu_trigger=5.50729, non_prompt_stat_ele=-0.4614, non_prompt_stat_muon=6.99045, others_stat_ele=0.568192, others_stat_muon=4.67084, others_xs=3.54274, param=0.03334, pdf_ele=0.611212, pdf_muon=6.94659, photon_id=6.97673, pileup=1.40954, scale_ele=2.60695, scale_muon=-3.82187
RooProdPdf::model_s[ modelObs_s * nuisancePdf ]
     getLogVal() top-level p.d.f evaluates to zero @ !pdfs=(modelObs_s = 0/1,nuisancePdf = 1)

[#0] WARNING:Minization -- RooMinimizerFcn: Minimized function has error status.
Returning maximum FCN so far (867.294) to force MIGRAD to back out of this region. Error log follows
Parameter values: JER_ele=-1.01606, JER_muon=2.79808, JES_ele=0.470117, JES_muon=4.68475, QCD_stat_ele=1.58544, QCD_stat_muon=6.14108, VBS_stat_ele=-0.289509, VBS_stat_muon=4.21669, ele_efficiency=1.29235, ele_trigger=0.291023, fakephoton_ele=0.514319, fakephoton_muon=4.57643, interference=2.34171, lumi=1.83548, mu_efficiency=1.50376, mu_trigger=4.53413, non_prompt_stat_ele=-0.984955, non_prompt_stat_muon=6.98029, others_stat_ele=0.225943, others_stat_muon=3.03134, others_xs=2.51872, param=0.0216071, pdf_ele=0.0975715, pdf_muon=6.86583, photon_id=6.43542, pileup=1.74117, scale_ele=2.02002, scale_muon=1.44792
RooProdPdf::model_s[ modelObs_s * nuisancePdf ]
     getLogVal() top-level p.d.f evaluates to zero @ !pdfs=(modelObs_s = 0/1,nuisancePdf = 1)

[#0] WARNING:Minization -- RooMinimizerFcn: Minimized function has error status.
Returning maximum FCN so far (867.294) to force MIGRAD to back out of this region. Error log follows
Parameter values: JER_ele=-1.07548, JER_muon=2.27474, JES_ele=0.388083, JES_muon=3.82069, QCD_stat_ele=1.37025, QCD_stat_muon=6.93714, VBS_stat_ele=-0.36028, VBS_stat_muon=3.60611, ele_efficiency=1.29161, ele_trigger=0.227809, fakephoton_ele=0.424318, fakephoton_muon=4.03522, interference=1.91081, lumi=1.43779, mu_efficiency=1.30245, mu_trigger=3.87303, non_prompt_stat_ele=-1.09833, non_prompt_stat_muon=6.64896, others_stat_ele=0.13605, others_stat_muon=2.41317, others_xs=2.12426, param=0.0214943, pdf_ele=-0.0154249, pdf_muon=6.43579, photon_id=5.80127, pileup=1.71891, scale_ele=1.78671, scale_muon=4.35636
RooProdPdf::model_s[ modelObs_s * nuisancePdf ]
     getLogVal() top-level p.d.f evaluates to zero @ !pdfs=(modelObs_s = 0/1,nuisancePdf = 1)

[#0] WARNING:Minization -- RooMinimizerFcn: Minimized function has error status.
Returning maximum FCN so far (867.294) to force MIGRAD to back out of this region. Error log follows
Parameter values: JER_ele=-1.13434, JER_muon=1.82661, JES_ele=0.280687, JES_muon=3.03995, QCD_stat_ele=1.06917, QCD_stat_muon=6.89827, VBS_stat_ele=-0.443677, VBS_stat_muon=3.06236, ele_efficiency=1.27265, ele_trigger=0.145135, fakephoton_ele=0.298883, fakephoton_muon=3.55618, interference=1.54157, lumi=1.08767, mu_efficiency=1.13005, mu_trigger=3.27479, non_prompt_stat_ele=-1.2379, non_prompt_stat_muon=6.08079, others_stat_ele=0.0196961, others_stat_muon=1.86388, others_xs=1.75776, param=0.0212945, pdf_ele=-0.157051, pdf_muon=5.85261, photon_id=5.07566, pileup=1.68414, scale_ele=1.46818, scale_muon=6.12406
RooProdPdf::model_s[ modelObs_s * nuisancePdf ]
     getLogVal() top-level p.d.f evaluates to zero @ !pdfs=(modelObs_s = 0/1,nuisancePdf = 1)


 -- Hybrid New -- 
CLs = 0.00707547 +/- 0.00408156
Done in 16.63 min (cpu), 16.84 min (real)
