 <<< Combine >>> 
>>> including systematics
>>> using the Profile Likelihood test statistics modified for upper limits (Q_LHC)
>>> method used is HybridNew
>>> Used OpenSSL to get a really random seed 333300275
Computing results starting from observation (a-posteriori)
[#0] WARNING:Minization -- RooMinimizerFcn: Minimized function has error status.
Returning maximum FCN so far (575.406) to force MIGRAD to back out of this region. Error log follows
Parameter values: JER_ele=6.78071, JER_muon=-6.49266, JES_ele=6.78318, JES_muon=6.92623, QCD_stat_ele=5.57469, QCD_stat_muon=-3.82489, VBS_stat_ele=-2.53883, VBS_stat_muon=5.81692, ele_efficiency=4.23819, ele_trigger=3.36236, fakephoton_ele=6.98895, fakephoton_muon=-5.50177, interference=-1.0437, lumi=-6.0304, mu_efficiency=6.99963, mu_trigger=2.52916, non_prompt_stat_ele=5.89375, non_prompt_stat_muon=3.72745, others_stat_ele=-6.98601, others_stat_muon=-6.80884, others_xs=2.43604, param=0.0135169, pdf_ele=6.74581, pdf_muon=4.90857, photon_id=6.97562, pileup=-0.537372, scale_ele=-6.99696, scale_muon=5.60084
RooProdPdf::model_s[ modelObs_s * nuisancePdf ]
     getLogVal() top-level p.d.f evaluates to zero @ !pdfs=(modelObs_s = 0/1,nuisancePdf = 1)

[#0] WARNING:Minization -- RooMinimizerFcn: Minimized function has error status.
Returning maximum FCN so far (856.834) to force MIGRAD to back out of this region. Error log follows
Parameter values: JER_ele=3.36274, JER_muon=-3.69833, JES_ele=1.02275, JES_muon=-4.62436, QCD_stat_ele=3.3017, QCD_stat_muon=3.07624, VBS_stat_ele=0.733874, VBS_stat_muon=-4.26078, ele_efficiency=0.258529, ele_trigger=2.95364, fakephoton_ele=5.19473, fakephoton_muon=0.705277, interference=-2.58235, lumi=0.0789332, mu_efficiency=-2.76343, mu_trigger=-5.08237, non_prompt_stat_ele=5.27847, non_prompt_stat_muon=-0.533574, others_stat_ele=1.78739, others_stat_muon=-4.1066, others_xs=-2.17913, param=0.00321883, pdf_ele=4.43998, pdf_muon=-5.38873, photon_id=-1.8802, pileup=-1.13247, scale_ele=4.61153, scale_muon=4.17263
RooProdPdf::model_s[ modelObs_s * nuisancePdf ]
     getLogVal() top-level p.d.f evaluates to zero @ !pdfs=(modelObs_s = 0/1,nuisancePdf = 1)

[#0] WARNING:Minization -- RooMinimizerFcn: Minimized function has error status.
Returning maximum FCN so far (1036.22) to force MIGRAD to back out of this region. Error log follows
Parameter values: JER_ele=6.69991, JER_muon=-2.5274, JES_ele=0.000330487, JES_muon=-6.15437, QCD_stat_ele=5.47902, QCD_stat_muon=1.21997, VBS_stat_ele=-0.83801, VBS_stat_muon=6.34464, ele_efficiency=-0.218284, ele_trigger=6.54485, fakephoton_ele=6.94701, fakephoton_muon=-6.57014, interference=-4.37433, lumi=4.99949, mu_efficiency=-6.86951, mu_trigger=-6.5588, non_prompt_stat_ele=6.82553, non_prompt_stat_muon=-1.0905, others_stat_ele=2.25466, others_stat_muon=6.65847, others_xs=-0.25618, param=0.00306255, pdf_ele=6.73141, pdf_muon=-6.34304, photon_id=-2.84341, pileup=-5.08561, scale_ele=5.69327, scale_muon=1.05943
RooProdPdf::model_s[ modelObs_s * nuisancePdf ]
     getLogVal() top-level p.d.f evaluates to zero @ !pdfs=(modelObs_s = 0/1,nuisancePdf = 1)

[#0] WARNING:Minization -- RooMinimizerFcn: Minimized function has error status.
Returning maximum FCN so far (34.6353) to force MIGRAD to back out of this region. Error log follows
Parameter values: JER_ele=2.31036, JER_muon=-1.3098, JES_ele=0.627554, JES_muon=6.10333, QCD_stat_ele=-0.0857809, QCD_stat_muon=-0.57653, VBS_stat_ele=5.74883, VBS_stat_muon=4.99581, ele_efficiency=-2.52551, ele_trigger=-1.06145, fakephoton_ele=6.72393, fakephoton_muon=6.08274, interference=-4.67189, lumi=-6.00517, mu_efficiency=4.60257, mu_trigger=-5.7733, non_prompt_stat_ele=4.43597, non_prompt_stat_muon=-1.29322, others_stat_ele=3.21624, others_stat_muon=-3.52418, others_xs=6.28685, param=0.0293273, pdf_ele=-4.73825, pdf_muon=5.3946, photon_id=-4.28001, pileup=-2.06058, scale_ele=0.458951, scale_muon=1.82542
RooProdPdf::model_s[ modelObs_s * nuisancePdf ]
     getLogVal() top-level p.d.f evaluates to zero @ !pdfs=(modelObs_s = 0/1,nuisancePdf = 1)

[#0] WARNING:Minization -- RooMinimizerFcn: Minimized function has error status.
Returning maximum FCN so far (553.893) to force MIGRAD to back out of this region. Error log follows
Parameter values: JER_ele=4.07182, JER_muon=0.0104006, JES_ele=5.62077, JES_muon=4.39447, QCD_stat_ele=6.1223, QCD_stat_muon=6.98929, VBS_stat_ele=4.9233, VBS_stat_muon=4.49584, ele_efficiency=1.48221, ele_trigger=4.29337, fakephoton_ele=2.84511, fakephoton_muon=1.74505, interference=1.76394, lumi=3.0276, mu_efficiency=-1.64894, mu_trigger=2.07186, non_prompt_stat_ele=3.51023, non_prompt_stat_muon=5.82314, others_stat_ele=6.38297, others_stat_muon=3.95698, others_xs=2.27631, param=0.0278626, pdf_ele=4.06453, pdf_muon=5.12718, photon_id=6.73462, pileup=1.21244, scale_ele=6.81222, scale_muon=5.15232
RooProdPdf::model_s[ modelObs_s * nuisancePdf ]
     getLogVal() top-level p.d.f evaluates to zero @ !pdfs=(modelObs_s = 0/1,nuisancePdf = 1)

[#0] WARNING:Minization -- RooMinimizerFcn: Minimized function has error status.
Returning maximum FCN so far (841.462) to force MIGRAD to back out of this region. Error log follows
Parameter values: JER_ele=3.72613, JER_muon=2.47121, JES_ele=5.79233, JES_muon=5.80253, QCD_stat_ele=6.91952, QCD_stat_muon=2.19543, VBS_stat_ele=5.40089, VBS_stat_muon=5.00466, ele_efficiency=1.30303, ele_trigger=4.47914, fakephoton_ele=6.84762, fakephoton_muon=3.13302, interference=2.89802, lumi=4.39449, mu_efficiency=0.331765, mu_trigger=4.07326, non_prompt_stat_ele=4.63618, non_prompt_stat_muon=6.6095, others_stat_ele=6.30414, others_stat_muon=5.38322, others_xs=4.92612, param=0.0278268, pdf_ele=5.60642, pdf_muon=6.57012, photon_id=6.84023, pileup=0.772115, scale_ele=4.42942, scale_muon=5.61592
RooProdPdf::model_s[ modelObs_s * nuisancePdf ]
     getLogVal() top-level p.d.f evaluates to zero @ !pdfs=(modelObs_s = 0/1,nuisancePdf = 1)

[#0] WARNING:Minization -- RooMinimizerFcn: Minimized function has error status.
Returning maximum FCN so far (841.462) to force MIGRAD to back out of this region. Error log follows
Parameter values: JER_ele=2.47891, JER_muon=0.984452, JES_ele=4.1432, JES_muon=3.96675, QCD_stat_ele=5.39711, QCD_stat_muon=6.98544, VBS_stat_ele=3.67566, VBS_stat_muon=3.53926, ele_efficiency=0.823953, ele_trigger=2.87206, fakephoton_ele=5.82028, fakephoton_muon=1.74818, interference=1.62862, lumi=2.60538, mu_efficiency=-0.157588, mu_trigger=2.24578, non_prompt_stat_ele=6.8505, non_prompt_stat_muon=4.63978, others_stat_ele=4.27839, others_stat_muon=3.57633, others_xs=2.78736, param=0.0278241, pdf_ele=3.17905, pdf_muon=4.5438, photon_id=5.66734, pileup=0.564367, scale_ele=6.93016, scale_muon=6.43989
RooProdPdf::model_s[ modelObs_s * nuisancePdf ]
     getLogVal() top-level p.d.f evaluates to zero @ !pdfs=(modelObs_s = 0/1,nuisancePdf = 1)

[#0] WARNING:Minization -- RooMinimizerFcn: Minimized function has error status.
Returning maximum FCN so far (841.462) to force MIGRAD to back out of this region. Error log follows
Parameter values: JER_ele=1.74698, JER_muon=0.132677, JES_ele=3.025, JES_muon=2.69974, QCD_stat_ele=2.81148, QCD_stat_muon=5.8163, VBS_stat_ele=2.53835, VBS_stat_muon=2.62142, ele_efficiency=0.559968, ele_trigger=1.89098, fakephoton_ele=3.5292, fakephoton_muon=0.95487, interference=0.898376, lumi=1.50876, mu_efficiency=-0.436781, mu_trigger=1.14192, non_prompt_stat_ele=4.85945, non_prompt_stat_muon=3.02667, others_stat_ele=2.74603, others_stat_muon=2.38966, others_xs=1.4208, param=0.0278227, pdf_ele=1.51605, pdf_muon=2.88133, photon_id=3.23245, pileup=0.452769, scale_ele=5.30235, scale_muon=3.89448
RooProdPdf::model_s[ modelObs_s * nuisancePdf ]
     getLogVal() top-level p.d.f evaluates to zero @ !pdfs=(modelObs_s = 0/1,nuisancePdf = 1)

[#0] WARNING:Minization -- RooMinimizerFcn: Minimized function has error status.
Returning maximum FCN so far (38.4686) to force MIGRAD to back out of this region. Error log follows
Parameter values: JER_ele=5.8419, JER_muon=-5.05816, JES_ele=-6.72022, JES_muon=4.80261, QCD_stat_ele=2.09798, QCD_stat_muon=-3.83182, VBS_stat_ele=-6.55829, VBS_stat_muon=-6.99861, ele_efficiency=5.09792, ele_trigger=0.466517, fakephoton_ele=1.6309, fakephoton_muon=-2.4748, interference=6.01545, lumi=-5.01669, mu_efficiency=-6.78176, mu_trigger=5.84259, non_prompt_stat_ele=6.53534, non_prompt_stat_muon=2.49046, others_stat_ele=3.21409, others_stat_muon=-1.99629, others_xs=0.520601, param=0.0225878, pdf_ele=-6.9657, pdf_muon=-1.22365, photon_id=6.50511, pileup=-5.23564, scale_ele=6.53928, scale_muon=-2.93603
RooProdPdf::model_s[ modelObs_s * nuisancePdf ]
     getLogVal() top-level p.d.f evaluates to zero @ !pdfs=(modelObs_s = 0/1,nuisancePdf = 1)

[#0] WARNING:Minization -- RooMinimizerFcn: Minimized function has error status.
Returning maximum FCN so far (882.223) to force MIGRAD to back out of this region. Error log follows
Parameter values: JER_ele=5.69534, JER_muon=1.22635, JES_ele=6.85504, JES_muon=6.84791, QCD_stat_ele=6.66879, QCD_stat_muon=6.65502, VBS_stat_ele=5.40386, VBS_stat_muon=3.50666, ele_efficiency=-1.24476, ele_trigger=5.12061, fakephoton_ele=5.21218, fakephoton_muon=6.99979, interference=3.63057, lumi=6.54295, mu_efficiency=4.01544, mu_trigger=5.58405, non_prompt_stat_ele=2.39155, non_prompt_stat_muon=2.7272, others_stat_ele=5.87237, others_stat_muon=5.6363, others_xs=6.68349, param=0.0396399, pdf_ele=6.72921, pdf_muon=6.99836, photon_id=4.25565, pileup=-0.0512269, scale_ele=-3.23374, scale_muon=-1.14112
RooProdPdf::model_s[ modelObs_s * nuisancePdf ]
     getLogVal() top-level p.d.f evaluates to zero @ !pdfs=(modelObs_s = 0/1,nuisancePdf = 1)

[#0] WARNING:Minization -- RooMinimizerFcn: Minimized function has error status.
Returning maximum FCN so far (882.223) to force MIGRAD to back out of this region. Error log follows
Parameter values: JER_ele=-6.74825, JER_muon=-4.98674, JES_ele=-6.36261, JES_muon=6.5917, QCD_stat_ele=-4.5791, QCD_stat_muon=4.90643, VBS_stat_ele=6.95157, VBS_stat_muon=5.59615, ele_efficiency=-6.84419, ele_trigger=-4.26055, fakephoton_ele=5.71991, fakephoton_muon=6.02119, interference=6.55845, lumi=-2.83637, mu_efficiency=5.42894, mu_trigger=2.92143, non_prompt_stat_ele=5.27502, non_prompt_stat_muon=1.23065, others_stat_ele=6.79969, others_stat_muon=-5.56141, others_xs=-6.86159, param=0.0395773, pdf_ele=-3.91684, pdf_muon=4.57553, photon_id=-3.13085, pileup=-2.597, scale_ele=-5.54295, scale_muon=-5.52879
RooProdPdf::model_s[ modelObs_s * nuisancePdf ]
     getLogVal() top-level p.d.f evaluates to zero @ !pdfs=(modelObs_s = 0/1,nuisancePdf = 1)

[#0] WARNING:Minization -- RooMinimizerFcn: Minimized function has error status.
Returning maximum FCN so far (882.223) to force MIGRAD to back out of this region. Error log follows
Parameter values: JER_ele=6.81201, JER_muon=6.99498, JES_ele=3.03243, JES_muon=-4.30302, QCD_stat_ele=-5.05721, QCD_stat_muon=6.44175, VBS_stat_ele=6.89535, VBS_stat_muon=6.98537, ele_efficiency=1.64873, ele_trigger=6.99044, fakephoton_ele=1.20176, fakephoton_muon=-2.96807, interference=6.48993, lumi=2.92986, mu_efficiency=6.0656, mu_trigger=-3.94467, non_prompt_stat_ele=6.99993, non_prompt_stat_muon=-0.241618, others_stat_ele=6.77885, others_stat_muon=-1.22526, others_xs=-1.07117, param=0.0397916, pdf_ele=-2.89158, pdf_muon=1.15303, photon_id=5.64188, pileup=1.76907, scale_ele=5.39637, scale_muon=-2.83688
RooProdPdf::model_s[ modelObs_s * nuisancePdf ]
     getLogVal() top-level p.d.f evaluates to zero @ !pdfs=(modelObs_s = 0/1,nuisancePdf = 1)

[#0] WARNING:Minization -- RooMinimizerFcn: Minimized function has error status.
Returning maximum FCN so far (882.223) to force MIGRAD to back out of this region. Error log follows
Parameter values: JER_ele=2.27605, JER_muon=5.05101, JES_ele=2.82811, JES_muon=6.90442, QCD_stat_ele=6.43543, QCD_stat_muon=-2.51453, VBS_stat_ele=2.21295, VBS_stat_muon=5.6541, ele_efficiency=-0.97045, ele_trigger=0.623887, fakephoton_ele=4.43718, fakephoton_muon=-2.64598, interference=4.34586, lumi=5.38881, mu_efficiency=2.49559, mu_trigger=6.19187, non_prompt_stat_ele=5.3616, non_prompt_stat_muon=-0.751417, others_stat_ele=1.16163, others_stat_muon=6.76379, others_xs=5.81011, param=0.0397817, pdf_ele=4.38668, pdf_muon=6.80112, photon_id=5.56407, pileup=0.341068, scale_ele=6.99329, scale_muon=-4.6207
RooProdPdf::model_s[ modelObs_s * nuisancePdf ]
     getLogVal() top-level p.d.f evaluates to zero @ !pdfs=(modelObs_s = 0/1,nuisancePdf = 1)

[#0] WARNING:Minization -- RooMinimizerFcn: Minimized function has error status.
Returning maximum FCN so far (416.547) to force MIGRAD to back out of this region. Error log follows
Parameter values: JER_ele=3.3321, JER_muon=6.43701, JES_ele=6.63559, JES_muon=-4.97961, QCD_stat_ele=6.72654, QCD_stat_muon=-6.45455, VBS_stat_ele=4.57849, VBS_stat_muon=1.95125, ele_efficiency=6.14217, ele_trigger=6.03432, fakephoton_ele=5.96198, fakephoton_muon=-6.0487, interference=0.824858, lumi=-6.79161, mu_efficiency=6.57245, mu_trigger=6.98986, non_prompt_stat_ele=5.33851, non_prompt_stat_muon=6.78396, others_stat_ele=5.45779, others_stat_muon=-5.93556, others_xs=-3.41835, param=0.028773, pdf_ele=6.65368, pdf_muon=-6.98069, photon_id=-6.98605, pileup=-4.05284, scale_ele=-2.70626, scale_muon=3.27061
RooProdPdf::model_s[ modelObs_s * nuisancePdf ]
     getLogVal() top-level p.d.f evaluates to zero @ !pdfs=(modelObs_s = 0/1,nuisancePdf = 1)

[#0] WARNING:Minization -- RooMinimizerFcn: Minimized function has error status.
Returning maximum FCN so far (416.547) to force MIGRAD to back out of this region. Error log follows
Parameter values: JER_ele=6.36342, JER_muon=-1.88546, JES_ele=5.63559, JES_muon=-2.31385, QCD_stat_ele=6.98447, QCD_stat_muon=-6.19208, VBS_stat_ele=6.37542, VBS_stat_muon=-0.969964, ele_efficiency=0.455907, ele_trigger=6.0505, fakephoton_ele=5.95251, fakephoton_muon=-3.56999, interference=-3.01812, lumi=-0.0168238, mu_efficiency=0.698186, mu_trigger=-1.3195, non_prompt_stat_ele=6.07925, non_prompt_stat_muon=-5.20102, others_stat_ele=5.61846, others_stat_muon=-1.41669, others_xs=2.015, param=0.0287257, pdf_ele=6.91611, pdf_muon=-5.21548, photon_id=6.22803, pileup=-3.11807, scale_ele=6.42872, scale_muon=1.38373
RooProdPdf::model_s[ modelObs_s * nuisancePdf ]
     getLogVal() top-level p.d.f evaluates to zero @ !pdfs=(modelObs_s = 0/1,nuisancePdf = 1)

[#0] WARNING:Minization -- RooMinimizerFcn: Minimized function has error status.
Returning maximum FCN so far (426.089) to force MIGRAD to back out of this region. Error log follows
Parameter values: JER_ele=3.03228, JER_muon=-1.25995, JES_ele=1.89468, JES_muon=-6.95977, QCD_stat_ele=0.606967, QCD_stat_muon=3.29331, VBS_stat_ele=0.254809, VBS_stat_muon=0.93089, ele_efficiency=-0.572672, ele_trigger=-6.96435, fakephoton_ele=2.28813, fakephoton_muon=5.02134, interference=-5.28066, lumi=6.95169, mu_efficiency=5.06396, mu_trigger=-1.20465, non_prompt_stat_ele=6.5375, non_prompt_stat_muon=-6.99984, others_stat_ele=5.24628, others_stat_muon=-2.77676, others_xs=-6.85045, param=0.0295967, pdf_ele=4.00766, pdf_muon=-5.70506, photon_id=-6.70751, pileup=1.15333, scale_ele=-5.21543, scale_muon=-5.40569
RooProdPdf::model_s[ modelObs_s * nuisancePdf ]
     getLogVal() top-level p.d.f evaluates to zero @ !pdfs=(modelObs_s = 0/1,nuisancePdf = 1)

[#0] WARNING:Minization -- RooMinimizerFcn: Minimized function has error status.
Returning maximum FCN so far (698.477) to force MIGRAD to back out of this region. Error log follows
Parameter values: JER_ele=2.07979, JER_muon=4.14085, JES_ele=3.77927, JES_muon=2.32527, QCD_stat_ele=-6.58459, QCD_stat_muon=3.7848, VBS_stat_ele=1.74595, VBS_stat_muon=3.7234, ele_efficiency=-6.7666, ele_trigger=3.95536, fakephoton_ele=5.24922, fakephoton_muon=-6.97692, interference=-6.83351, lumi=-2.82692, mu_efficiency=-3.3133, mu_trigger=0.836216, non_prompt_stat_ele=6.22783, non_prompt_stat_muon=-6.38781, others_stat_ele=-6.90077, others_stat_muon=6.98659, others_xs=-6.84224, param=0.00464898, pdf_ele=0.0242973, pdf_muon=-1.8543, photon_id=6.35297, pileup=4.9332, scale_ele=6.49603, scale_muon=0.122177
RooProdPdf::model_s[ modelObs_s * nuisancePdf ]
     getLogVal() top-level p.d.f evaluates to zero @ !pdfs=(modelObs_s = 0/1,nuisancePdf = 1)

[#0] WARNING:Minization -- RooMinimizerFcn: Minimized function has error status.
Returning maximum FCN so far (895.212) to force MIGRAD to back out of this region. Error log follows
Parameter values: JER_ele=6.99997, JER_muon=6.77127, JES_ele=6.07228, JES_muon=6.40423, QCD_stat_ele=6.91166, QCD_stat_muon=-6.90044, VBS_stat_ele=-4.94879, VBS_stat_muon=-6.28156, ele_efficiency=0.449335, ele_trigger=0.0635917, fakephoton_ele=5.40207, fakephoton_muon=2.76748, interference=-6.53712, lumi=6.24152, mu_efficiency=5.20752, mu_trigger=-6.66895, non_prompt_stat_ele=5.1871, non_prompt_stat_muon=-6.29572, others_stat_ele=-1.89534, others_stat_muon=3.3149, others_xs=-0.16936, param=0.0239041, pdf_ele=-4.88584, pdf_muon=-6.99732, photon_id=-2.72152, pileup=1.46694, scale_ele=0.626518, scale_muon=-6.67731
RooProdPdf::model_s[ modelObs_s * nuisancePdf ]
     getLogVal() top-level p.d.f evaluates to zero @ !pdfs=(modelObs_s = 0/1,nuisancePdf = 1)

[#0] WARNING:Minization -- RooMinimizerFcn: Minimized function has error status.
Returning maximum FCN so far (648.963) to force MIGRAD to back out of this region. Error log follows
Parameter values: JER_ele=-6.42812, JER_muon=-1.2199, JES_ele=3.19192, JES_muon=0.473463, QCD_stat_ele=4.73454, QCD_stat_muon=-5.44395, VBS_stat_ele=-4.28495, VBS_stat_muon=-0.536354, ele_efficiency=-5.94089, ele_trigger=-1.48166, fakephoton_ele=6.28318, fakephoton_muon=4.09924, interference=4.02909, lumi=6.69175, mu_efficiency=6.85044, mu_trigger=-3.19256, non_prompt_stat_ele=4.91637, non_prompt_stat_muon=-1.12747, others_stat_ele=1.26537, others_stat_muon=6.9285, others_xs=-6.87121, param=0.00722193, pdf_ele=-6.44537, pdf_muon=6.99668, photon_id=5.05688, pileup=5.36409, scale_ele=1.32609, scale_muon=-3.79409
RooProdPdf::model_s[ modelObs_s * nuisancePdf ]
     getLogVal() top-level p.d.f evaluates to zero @ !pdfs=(modelObs_s = 0/1,nuisancePdf = 1)

[#0] WARNING:Minization -- RooMinimizerFcn: Minimized function has error status.
Returning maximum FCN so far (957.13) to force MIGRAD to back out of this region. Error log follows
Parameter values: JER_ele=-4.4402, JER_muon=-1.06288, JES_ele=3.1406, JES_muon=3.92186, QCD_stat_ele=5.29623, QCD_stat_muon=-6.8333, VBS_stat_ele=-3.02833, VBS_stat_muon=6.95568, ele_efficiency=-6.8337, ele_trigger=6.99553, fakephoton_ele=2.41345, fakephoton_muon=2.51981, interference=-1.59957, lumi=3.71643, mu_efficiency=-2.76849, mu_trigger=-6.34059, non_prompt_stat_ele=5.79489, non_prompt_stat_muon=-6.52867, others_stat_ele=-6.95884, others_stat_muon=-2.64737, others_xs=2.55543, param=0.00316644, pdf_ele=-4.10013, pdf_muon=6.54623, photon_id=6.69099, pileup=-0.19063, scale_ele=5.01312, scale_muon=6.53272
RooProdPdf::model_s[ modelObs_s * nuisancePdf ]
     getLogVal() top-level p.d.f evaluates to zero @ !pdfs=(modelObs_s = 0/1,nuisancePdf = 1)

[#0] WARNING:Minization -- RooMinimizerFcn: Minimized function has error status.
Returning maximum FCN so far (957.13) to force MIGRAD to back out of this region. Error log follows
Parameter values: JER_ele=6.79688, JER_muon=6.97517, JES_ele=6.89588, JES_muon=-4.28398, QCD_stat_ele=-3.02211, QCD_stat_muon=6.74257, VBS_stat_ele=0.822074, VBS_stat_muon=-6.97359, ele_efficiency=0.933872, ele_trigger=6.11595, fakephoton_ele=6.9957, fakephoton_muon=5.439, interference=4.10694, lumi=5.35293, mu_efficiency=-5.13818, mu_trigger=5.00267, non_prompt_stat_ele=6.88765, non_prompt_stat_muon=1.34021, others_stat_ele=-2.34787, others_stat_muon=6.99349, others_xs=5.79878, param=0.00312187, pdf_ele=6.48571, pdf_muon=-5.23791, photon_id=-6.25641, pileup=1.92886, scale_ele=6.95251, scale_muon=-1.40262
RooProdPdf::model_s[ modelObs_s * nuisancePdf ]
     getLogVal() top-level p.d.f evaluates to zero @ !pdfs=(modelObs_s = 0/1,nuisancePdf = 1)

[#0] WARNING:Minization -- RooMinimizerFcn: Minimized function has error status.
Returning maximum FCN so far (957.13) to force MIGRAD to back out of this region. Error log follows
Parameter values: JER_ele=-6.41478, JER_muon=-0.584519, JES_ele=6.77068, JES_muon=5.85965, QCD_stat_ele=6.99951, QCD_stat_muon=1.79636, VBS_stat_ele=-5.83433, VBS_stat_muon=3.60509, ele_efficiency=5.84429, ele_trigger=-6.93857, fakephoton_ele=5.9418, fakephoton_muon=-4.7841, interference=-6.03825, lumi=-4.76835, mu_efficiency=4.44101, mu_trigger=1.61981, non_prompt_stat_ele=6.88103, non_prompt_stat_muon=3.41896, others_stat_ele=1.06358, others_stat_muon=3.32738, others_xs=-6.50503, param=0.0028893, pdf_ele=3.78444, pdf_muon=6.85044, photon_id=-3.76165, pileup=5.69647, scale_ele=-0.97544, scale_muon=6.03146
RooProdPdf::model_s[ modelObs_s * nuisancePdf ]
     getLogVal() top-level p.d.f evaluates to zero @ !pdfs=(modelObs_s = 0/1,nuisancePdf = 1)

[#0] WARNING:Minization -- RooMinimizerFcn: Minimized function has error status.
Returning maximum FCN so far (957.13) to force MIGRAD to back out of this region. Error log follows
Parameter values: JER_ele=6.1899, JER_muon=5.79533, JES_ele=6.94862, JES_muon=2.49088, QCD_stat_ele=6.3193, QCD_stat_muon=0.338819, VBS_stat_ele=-1.41096, VBS_stat_muon=-6.41219, ele_efficiency=1.03733, ele_trigger=6.20613, fakephoton_ele=6.9063, fakephoton_muon=5.56971, interference=6.81431, lumi=4.3816, mu_efficiency=-6.79385, mu_trigger=6.84565, non_prompt_stat_ele=6.3189, non_prompt_stat_muon=6.99478, others_stat_ele=0.523811, others_stat_muon=6.04899, others_xs=5.81791, param=0.00309583, pdf_ele=6.39557, pdf_muon=-6.78756, photon_id=-4.42925, pileup=1.51701, scale_ele=0.0625618, scale_muon=-3.19948
RooProdPdf::model_s[ modelObs_s * nuisancePdf ]
     getLogVal() top-level p.d.f evaluates to zero @ !pdfs=(modelObs_s = 0/1,nuisancePdf = 1)

[#0] WARNING:Minization -- RooMinimizerFcn: Minimized function has error status.
Returning maximum FCN so far (534.818) to force MIGRAD to back out of this region. Error log follows
Parameter values: JER_ele=6.92854, JER_muon=-2.6914, JES_ele=-4.94099, JES_muon=6.98551, QCD_stat_ele=6.98881, QCD_stat_muon=3.74999, VBS_stat_ele=3.6844, VBS_stat_muon=6.91691, ele_efficiency=3.11334, ele_trigger=2.73043, fakephoton_ele=6.93107, fakephoton_muon=0.377879, interference=-6.923, lumi=-6.78402, mu_efficiency=-5.13738, mu_trigger=5.82764, non_prompt_stat_ele=4.9114, non_prompt_stat_muon=6.51572, others_stat_ele=-3.16668, others_stat_muon=-4.53853, others_xs=2.33817, param=0.0430222, pdf_ele=-4.97001, pdf_muon=0.6077, photon_id=-6.97292, pileup=-6.1792, scale_ele=-6.85435, scale_muon=-4.64555
RooProdPdf::model_s[ modelObs_s * nuisancePdf ]
     getLogVal() top-level p.d.f evaluates to zero @ !pdfs=(modelObs_s = 0/1,nuisancePdf = 1)

[#0] WARNING:Minization -- RooMinimizerFcn: Minimized function has error status.
Returning maximum FCN so far (1057.78) to force MIGRAD to back out of this region. Error log follows
Parameter values: JER_ele=2.75961, JER_muon=5.13157, JES_ele=6.86329, JES_muon=6.21934, QCD_stat_ele=6.84308, QCD_stat_muon=6.62335, VBS_stat_ele=2.30563, VBS_stat_muon=-0.490166, ele_efficiency=1.03513, ele_trigger=6.38216, fakephoton_ele=4.74904, fakephoton_muon=2.30576, interference=-4.24755, lumi=-6.12692, mu_efficiency=-6.97958, mu_trigger=6.15658, non_prompt_stat_ele=-2.48457, non_prompt_stat_muon=6.19045, others_stat_ele=2.94308, others_stat_muon=6.55052, others_xs=-6.98378, param=0.0358494, pdf_ele=1.43735, pdf_muon=5.75167, photon_id=2.70371, pileup=-0.974663, scale_ele=5.99289, scale_muon=5.24982
RooProdPdf::model_s[ modelObs_s * nuisancePdf ]
     getLogVal() top-level p.d.f evaluates to zero @ !pdfs=(modelObs_s = 0/1,nuisancePdf = 1)

[#0] WARNING:Minization -- RooMinimizerFcn: Minimized function has error status.
Returning maximum FCN so far (1186.15) to force MIGRAD to back out of this region. Error log follows
Parameter values: JER_ele=-6.99431, JER_muon=2.42523, JES_ele=-5.22545, JES_muon=-4.57686, QCD_stat_ele=-6.78105, QCD_stat_muon=3.70257, VBS_stat_ele=-6.60022, VBS_stat_muon=0.537471, ele_efficiency=3.76095, ele_trigger=6.395, fakephoton_ele=6.80153, fakephoton_muon=1.88692, interference=-4.84537, lumi=0.964011, mu_efficiency=-1.90385, mu_trigger=0.998381, non_prompt_stat_ele=6.2201, non_prompt_stat_muon=-4.4606, others_stat_ele=2.90996, others_stat_muon=2.66118, others_xs=4.55411, param=0.0378657, pdf_ele=-6.84979, pdf_muon=6.77314, photon_id=-1.15229, pileup=-5.96702, scale_ele=6.21053, scale_muon=-6.93357
RooProdPdf::model_s[ modelObs_s * nuisancePdf ]
     getLogVal() top-level p.d.f evaluates to zero @ !pdfs=(modelObs_s = 0/1,nuisancePdf = 1)

[#0] WARNING:Minization -- RooMinimizerFcn: Minimized function has error status.
Returning maximum FCN so far (1186.15) to force MIGRAD to back out of this region. Error log follows
Parameter values: JER_ele=0.0309201, JER_muon=-0.0515205, JES_ele=-0.0122807, JES_muon=-0.13722, QCD_stat_ele=0.951137, QCD_stat_muon=-0.833146, VBS_stat_ele=0.148493, VBS_stat_muon=0.489084, ele_efficiency=-0.033815, ele_trigger=-0.0281769, fakephoton_ele=5.21444, fakephoton_muon=0.0235416, interference=0.0400049, lumi=-0.045946, mu_efficiency=0.0302821, mu_trigger=0.0632087, non_prompt_stat_ele=6.94305, non_prompt_stat_muon=0.218461, others_stat_ele=0.0426827, others_stat_muon=0.180513, others_xs=0.0928105, param=0.0362673, pdf_ele=-0.141065, pdf_muon=0.0166945, photon_id=-0.134878, pileup=0.938647, scale_ele=0.844934, scale_muon=0.07908
RooProdPdf::model_s[ modelObs_s * nuisancePdf ]
     getLogVal() top-level p.d.f evaluates to zero @ !pdfs=(modelObs_s = 0/1,nuisancePdf = 1)

[#0] WARNING:Minization -- RooMinimizerFcn: Minimized function has error status.
Returning maximum FCN so far (1186.15) to force MIGRAD to back out of this region. Error log follows
Parameter values: JER_ele=0.437002, JER_muon=0.132503, JES_ele=0.449256, JES_muon=-0.0733669, QCD_stat_ele=1.50084, QCD_stat_muon=-1.16402, VBS_stat_ele=0.758456, VBS_stat_muon=0.240492, ele_efficiency=-0.016914, ele_trigger=0.152494, fakephoton_ele=5.68486, fakephoton_muon=-0.0878448, interference=0.147791, lumi=0.329305, mu_efficiency=0.0542655, mu_trigger=-0.191084, non_prompt_stat_ele=6.95211, non_prompt_stat_muon=0.206547, others_stat_ele=0.606198, others_stat_muon=0.0362553, others_xs=0.224595, param=0.0361263, pdf_ele=0.524277, pdf_muon=-0.190232, photon_id=0.300711, pileup=2.30908, scale_ele=1.36177, scale_muon=0.253053
RooProdPdf::model_s[ modelObs_s * nuisancePdf ]
     getLogVal() top-level p.d.f evaluates to zero @ !pdfs=(modelObs_s = 0/1,nuisancePdf = 1)

[#0] WARNING:Minization -- RooMinimizerFcn: Minimized function has error status.
Returning maximum FCN so far (851.987) to force MIGRAD to back out of this region. Error log follows
Parameter values: JER_ele=-6.99847, JER_muon=2.72489, JES_ele=5.15945, JES_muon=0.115994, QCD_stat_ele=-6.58084, QCD_stat_muon=-5.63004, VBS_stat_ele=4.49304, VBS_stat_muon=-5.37725, ele_efficiency=6.5632, ele_trigger=-2.53533, fakephoton_ele=6.48501, fakephoton_muon=6.6683, interference=0.0286222, lumi=5.6339, mu_efficiency=-3.9894, mu_trigger=-2.9353, non_prompt_stat_ele=6.6597, non_prompt_stat_muon=-6.33215, others_stat_ele=4.57988, others_stat_muon=3.159, others_xs=-5.82273, param=0.0358951, pdf_ele=6.11577, pdf_muon=6.75546, photon_id=6.91455, pileup=-4.74177, scale_ele=2.51485, scale_muon=-6.41012
RooProdPdf::model_s[ modelObs_s * nuisancePdf ]
     getLogVal() top-level p.d.f evaluates to zero @ !pdfs=(modelObs_s = 0/1,nuisancePdf = 1)

[#0] WARNING:Minization -- RooMinimizerFcn: Minimized function has error status.
Returning maximum FCN so far (851.987) to force MIGRAD to back out of this region. Error log follows
Parameter values: JER_ele=3.10818, JER_muon=-3.59305, JES_ele=-0.428044, JES_muon=-1.26208, QCD_stat_ele=5.16174, QCD_stat_muon=1.9935, VBS_stat_ele=-6.75622, VBS_stat_muon=-4.6978, ele_efficiency=6.82636, ele_trigger=6.59039, fakephoton_ele=4.0131, fakephoton_muon=-6.60119, interference=3.69961, lumi=-0.934568, mu_efficiency=6.84204, mu_trigger=4.25454, non_prompt_stat_ele=6.30014, non_prompt_stat_muon=-3.12124, others_stat_ele=-0.720371, others_stat_muon=3.50918, others_xs=-6.65879, param=0.00045284, pdf_ele=4.75918, pdf_muon=6.42854, photon_id=-1.23137, pileup=4.69634, scale_ele=-6.80003, scale_muon=-0.342691
RooProdPdf::model_s[ modelObs_s * nuisancePdf ]
     getLogVal() top-level p.d.f evaluates to zero @ !pdfs=(modelObs_s = 0/1,nuisancePdf = 1)

[#0] WARNING:Minization -- RooMinimizerFcn: Minimized function has error status.
Returning maximum FCN so far (851.987) to force MIGRAD to back out of this region. Error log follows
Parameter values: JER_ele=-1.60398, JER_muon=-6.53913, JES_ele=5.74682, JES_muon=-3.18821, QCD_stat_ele=-6.54437, QCD_stat_muon=-6.53062, VBS_stat_ele=-4.22715, VBS_stat_muon=-0.44674, ele_efficiency=2.64696, ele_trigger=6.5366, fakephoton_ele=5.34229, fakephoton_muon=1.65202, interference=6.98839, lumi=-0.108539, mu_efficiency=6.87693, mu_trigger=2.09193, non_prompt_stat_ele=5.8162, non_prompt_stat_muon=-0.734465, others_stat_ele=-4.4165, others_stat_muon=-6.98678, others_xs=6.6445, param=0.035832, pdf_ele=5.49259, pdf_muon=-6.38601, photon_id=-4.31624, pileup=-4.25631, scale_ele=-6.27291, scale_muon=6.91074
RooProdPdf::model_s[ modelObs_s * nuisancePdf ]
     getLogVal() top-level p.d.f evaluates to zero @ !pdfs=(modelObs_s = 0/1,nuisancePdf = 1)

[#0] WARNING:Minization -- RooMinimizerFcn: Minimized function has error status.
Returning maximum FCN so far (851.987) to force MIGRAD to back out of this region. Error log follows
Parameter values: JER_ele=2.56158, JER_muon=4.64145, JES_ele=3.46767, JES_muon=6.08607, QCD_stat_ele=6.98209, QCD_stat_muon=-6.16246, VBS_stat_ele=3.33229, VBS_stat_muon=6.66942, ele_efficiency=0.767301, ele_trigger=2.79388, fakephoton_ele=6.98122, fakephoton_muon=4.43179, interference=3.98899, lumi=5.02549, mu_efficiency=1.55573, mu_trigger=5.27487, non_prompt_stat_ele=6.6595, non_prompt_stat_muon=6.95152, others_stat_ele=4.06027, others_stat_muon=0.230509, others_xs=6.54087, param=0.0413944, pdf_ele=4.48795, pdf_muon=6.70929, photon_id=6.75685, pileup=0.462593, scale_ele=6.92658, scale_muon=3.59443
RooProdPdf::model_s[ modelObs_s * nuisancePdf ]
     getLogVal() top-level p.d.f evaluates to zero @ !pdfs=(modelObs_s = 0/1,nuisancePdf = 1)

[#0] WARNING:Minization -- RooMinimizerFcn: Minimized function has error status.
Returning maximum FCN so far (961.134) to force MIGRAD to back out of this region. Error log follows
Parameter values: JER_ele=-0.658484, JER_muon=-0.967895, JES_ele=1.17981, JES_muon=-0.249026, QCD_stat_ele=5.17547, QCD_stat_muon=-5.12157, VBS_stat_ele=2.1, VBS_stat_muon=1.45115, ele_efficiency=-0.688852, ele_trigger=0.956989, fakephoton_ele=5.1339, fakephoton_muon=1.10279, interference=1.07014, lumi=1.5265, mu_efficiency=-0.777494, mu_trigger=1.77634, non_prompt_stat_ele=5.70785, non_prompt_stat_muon=2.77639, others_stat_ele=2.58894, others_stat_muon=6.61831, others_xs=2.23832, param=0.0414975, pdf_ele=2.78898, pdf_muon=2.28504, photon_id=4.31686, pileup=0.158058, scale_ele=5.3194, scale_muon=3.275
RooProdPdf::model_s[ modelObs_s * nuisancePdf ]
     getLogVal() top-level p.d.f evaluates to zero @ !pdfs=(modelObs_s = 0/1,nuisancePdf = 1)

[#0] WARNING:Minization -- RooMinimizerFcn: Minimized function has error status.
Returning maximum FCN so far (1063.28) to force MIGRAD to back out of this region. Error log follows
Parameter values: JER_ele=-3.99852, JER_muon=4.97482, JES_ele=4.67597, JES_muon=-1.97814, QCD_stat_ele=3.42235, QCD_stat_muon=-6.97041, VBS_stat_ele=-0.242135, VBS_stat_muon=2.92838, ele_efficiency=6.60482, ele_trigger=-4.83235, fakephoton_ele=6.90492, fakephoton_muon=2.57586, interference=-0.302543, lumi=-3.94078, mu_efficiency=3.95697, mu_trigger=0.496754, non_prompt_stat_ele=6.93908, non_prompt_stat_muon=2.71186, others_stat_ele=5.85857, others_stat_muon=-6.95, others_xs=4.79614, param=0.03887, pdf_ele=-2.77668, pdf_muon=-3.70966, photon_id=1.55949, pileup=2.96942, scale_ele=0.125849, scale_muon=0.513682
RooProdPdf::model_s[ modelObs_s * nuisancePdf ]
     getLogVal() top-level p.d.f evaluates to zero @ !pdfs=(modelObs_s = 0/1,nuisancePdf = 1)

[#0] WARNING:Minization -- RooMinimizerFcn: Minimized function has error status.
Returning maximum FCN so far (1063.28) to force MIGRAD to back out of this region. Error log follows
Parameter values: JER_ele=-0.506138, JER_muon=-1.11397, JES_ele=1.70417, JES_muon=-0.304154, QCD_stat_ele=6.18956, QCD_stat_muon=-6.09655, VBS_stat_ele=2.58473, VBS_stat_muon=1.61513, ele_efficiency=-0.638759, ele_trigger=1.37641, fakephoton_ele=6.10239, fakephoton_muon=1.16493, interference=1.18885, lumi=1.84205, mu_efficiency=-0.827825, mu_trigger=1.84887, non_prompt_stat_ele=6.67315, non_prompt_stat_muon=2.9109, others_stat_ele=3.22589, others_stat_muon=6.97682, others_xs=2.73314, param=0.0414723, pdf_ele=3.50976, pdf_muon=2.28757, photon_id=4.9025, pileup=0.183617, scale_ele=6.31257, scale_muon=3.43035
RooProdPdf::model_s[ modelObs_s * nuisancePdf ]
     getLogVal() top-level p.d.f evaluates to zero @ !pdfs=(modelObs_s = 0/1,nuisancePdf = 1)

[#0] WARNING:Minization -- RooMinimizerFcn: Minimized function has error status.
Returning maximum FCN so far (1063.28) to force MIGRAD to back out of this region. Error log follows
Parameter values: JER_ele=-0.0925815, JER_muon=-0.868283, JES_ele=2.4394, JES_muon=0.0815019, QCD_stat_ele=6.91864, QCD_stat_muon=-6.9132, VBS_stat_ele=3.19686, VBS_stat_muon=2.29867, ele_efficiency=-0.493003, ele_trigger=1.965, fakephoton_ele=6.86245, fakephoton_muon=1.4573, interference=1.52206, lumi=2.43912, mu_efficiency=-0.751558, mu_trigger=2.15653, non_prompt_stat_ele=6.96032, non_prompt_stat_muon=3.54495, others_stat_ele=4.00374, others_stat_muon=6.60786, others_xs=3.61333, param=0.0414351, pdf_ele=4.38666, pdf_muon=2.62632, photon_id=5.7828, pileup=0.230638, scale_ele=6.96051, scale_muon=4.27476
RooProdPdf::model_s[ modelObs_s * nuisancePdf ]
     getLogVal() top-level p.d.f evaluates to zero @ !pdfs=(modelObs_s = 0/1,nuisancePdf = 1)

[#0] WARNING:Minization -- RooMinimizerFcn: Minimized function has error status.
Returning maximum FCN so far (723.167) to force MIGRAD to back out of this region. Error log follows
Parameter values: JER_ele=-6.04687, JER_muon=-2.89314, JES_ele=5.61933, JES_muon=-0.13875, QCD_stat_ele=-3.99106, QCD_stat_muon=-5.9708, VBS_stat_ele=4.94058, VBS_stat_muon=-1.11676, ele_efficiency=-5.20726, ele_trigger=5.69398, fakephoton_ele=6.99723, fakephoton_muon=6.98912, interference=-1.34176, lumi=-5.98265, mu_efficiency=3.35698, mu_trigger=-0.359222, non_prompt_stat_ele=5.1251, non_prompt_stat_muon=1.35604, others_stat_ele=-2.66658, others_stat_muon=4.39881, others_xs=4.97828, param=0.0439565, pdf_ele=4.72122, pdf_muon=-4.4959, photon_id=5.7911, pileup=-1.41051, scale_ele=6.28147, scale_muon=-6.52843
RooProdPdf::model_s[ modelObs_s * nuisancePdf ]
     getLogVal() top-level p.d.f evaluates to zero @ !pdfs=(modelObs_s = 0/1,nuisancePdf = 1)

[#0] WARNING:Minization -- RooMinimizerFcn: Minimized function has error status.
Returning maximum FCN so far (723.167) to force MIGRAD to back out of this region. Error log follows
Parameter values: JER_ele=-0.165385, JER_muon=-4.05895, JES_ele=3.26055, JES_muon=5.25923, QCD_stat_ele=-6.99325, QCD_stat_muon=3.95831, VBS_stat_ele=6.13668, VBS_stat_muon=-6.17405, ele_efficiency=-3.64088, ele_trigger=-6.86446, fakephoton_ele=5.35023, fakephoton_muon=3.87285, interference=5.73672, lumi=-5.35052, mu_efficiency=5.36672, mu_trigger=-6.2699, non_prompt_stat_ele=5.79251, non_prompt_stat_muon=4.50424, others_stat_ele=6.06787, others_stat_muon=-1.20108, others_xs=5.58116, param=0.0260199, pdf_ele=-0.826489, pdf_muon=-6.88728, photon_id=3.24622, pileup=4.08885, scale_ele=0.453608, scale_muon=-1.81128
RooProdPdf::model_s[ modelObs_s * nuisancePdf ]
     getLogVal() top-level p.d.f evaluates to zero @ !pdfs=(modelObs_s = 0/1,nuisancePdf = 1)

[#0] WARNING:Minization -- RooMinimizerFcn: Minimized function has error status.
Returning maximum FCN so far (723.167) to force MIGRAD to back out of this region. Error log follows
Parameter values: JER_ele=3.30022, JER_muon=-1.93431, JES_ele=-5.71477, JES_muon=-5.74483, QCD_stat_ele=-6.98367, QCD_stat_muon=-2.43468, VBS_stat_ele=-5.9028, VBS_stat_muon=-3.86744, ele_efficiency=6.98736, ele_trigger=-1.78411, fakephoton_ele=6.69997, fakephoton_muon=6.97344, interference=-4.52988, lumi=4.92688, mu_efficiency=-6.97812, mu_trigger=-6.92993, non_prompt_stat_ele=4.59708, non_prompt_stat_muon=-2.51704, others_stat_ele=-5.6345, others_stat_muon=6.82198, others_xs=-1.23449, param=0.0106365, pdf_ele=-6.79438, pdf_muon=0.0533206, photon_id=-4.83467, pileup=3.10222, scale_ele=-1.91991, scale_muon=-6.30063
RooProdPdf::model_s[ modelObs_s * nuisancePdf ]
     getLogVal() top-level p.d.f evaluates to zero @ !pdfs=(modelObs_s = 0/1,nuisancePdf = 1)

[#0] WARNING:Minization -- RooMinimizerFcn: Minimized function has error status.
Returning maximum FCN so far (723.167) to force MIGRAD to back out of this region. Error log follows
Parameter values: JER_ele=2.94506, JER_muon=3.99156, JES_ele=-5.96323, JES_muon=6.57652, QCD_stat_ele=-3.84116, QCD_stat_muon=-6.75874, VBS_stat_ele=1.67654, VBS_stat_muon=-3.42514, ele_efficiency=-6.62669, ele_trigger=-6.98653, fakephoton_ele=2.9759, fakephoton_muon=-0.271002, interference=6.92557, lumi=-3.56187, mu_efficiency=2.85026, mu_trigger=-4.35057, non_prompt_stat_ele=6.38374, non_prompt_stat_muon=1.24427, others_stat_ele=-1.84387, others_stat_muon=-0.0634652, others_xs=3.67966, param=0.0403074, pdf_ele=5.82851, pdf_muon=5.90116, photon_id=2.33142, pileup=4.59826, scale_ele=-4.15539, scale_muon=-2.83423
RooProdPdf::model_s[ modelObs_s * nuisancePdf ]
     getLogVal() top-level p.d.f evaluates to zero @ !pdfs=(modelObs_s = 0/1,nuisancePdf = 1)

[#0] WARNING:Minization -- RooMinimizerFcn: Minimized function has error status.
Returning maximum FCN so far (723.167) to force MIGRAD to back out of this region. Error log follows
Parameter values: JER_ele=-6.12593, JER_muon=5.79955, JES_ele=-4.88979, JES_muon=0.834587, QCD_stat_ele=-3.74052, QCD_stat_muon=-6.41939, VBS_stat_ele=-4.26012, VBS_stat_muon=6.58792, ele_efficiency=0.70027, ele_trigger=6.85323, fakephoton_ele=6.61173, fakephoton_muon=-4.15173, interference=0.785143, lumi=2.07253, mu_efficiency=0.324136, mu_trigger=6.99833, non_prompt_stat_ele=6.99998, non_prompt_stat_muon=6.00391, others_stat_ele=6.53883, others_stat_muon=1.835, others_xs=1.98555, param=0.0294294, pdf_ele=6.74644, pdf_muon=3.8409, photon_id=1.85508, pileup=6.97176, scale_ele=6.96189, scale_muon=-6.64899
RooProdPdf::model_s[ modelObs_s * nuisancePdf ]
     getLogVal() top-level p.d.f evaluates to zero @ !pdfs=(modelObs_s = 0/1,nuisancePdf = 1)

[#0] WARNING:Minization -- RooMinimizerFcn: Minimized function has error status.
Returning maximum FCN so far (723.167) to force MIGRAD to back out of this region. Error log follows
Parameter values: JER_ele=4.57185, JER_muon=3.2611, JES_ele=3.42749, JES_muon=6.4237, QCD_stat_ele=6.93036, QCD_stat_muon=6.88292, VBS_stat_ele=-4.82898, VBS_stat_muon=4.58282, ele_efficiency=6.21859, ele_trigger=-1.90014, fakephoton_ele=4.76193, fakephoton_muon=-1.69331, interference=-4.17742, lumi=-6.2425, mu_efficiency=3.76036, mu_trigger=5.73815, non_prompt_stat_ele=4.94404, non_prompt_stat_muon=6.53572, others_stat_ele=-6.95548, others_stat_muon=-5.68566, others_xs=-4.06629, param=0.0439997, pdf_ele=-4.94887, pdf_muon=-6.84672, photon_id=-0.00665559, pileup=6.85928, scale_ele=-5.94641, scale_muon=2.25416
RooProdPdf::model_s[ modelObs_s * nuisancePdf ]
     getLogVal() top-level p.d.f evaluates to zero @ !pdfs=(modelObs_s = 0/1,nuisancePdf = 1)

[#0] WARNING:Minization -- RooMinimizerFcn: Minimized function has error status.
Returning maximum FCN so far (1023.3) to force MIGRAD to back out of this region. Error log follows
Parameter values: JER_ele=6.09577, JER_muon=-3.48214, JES_ele=6.5275, JES_muon=0.9918, QCD_stat_ele=3.55862, QCD_stat_muon=6.99957, VBS_stat_ele=6.43749, VBS_stat_muon=-6.24828, ele_efficiency=-0.826079, ele_trigger=3.25418, fakephoton_ele=6.9425, fakephoton_muon=-0.169893, interference=-5.36081, lumi=-6.69649, mu_efficiency=-3.15079, mu_trigger=3.65126, non_prompt_stat_ele=6.48986, non_prompt_stat_muon=2.04652, others_stat_ele=0.0537273, others_stat_muon=6.72863, others_xs=-1.29943, param=0.00066502, pdf_ele=0.916907, pdf_muon=-1.06804, photon_id=-5.59164, pileup=-1.3783, scale_ele=6.13919, scale_muon=6.60381
RooProdPdf::model_s[ modelObs_s * nuisancePdf ]
     getLogVal() top-level p.d.f evaluates to zero @ !pdfs=(modelObs_s = 0/1,nuisancePdf = 1)

[#0] WARNING:Minization -- RooMinimizerFcn: Minimized function has error status.
Returning maximum FCN so far (1023.3) to force MIGRAD to back out of this region. Error log follows
Parameter values: JER_ele=1.48814, JER_muon=6.67717, JES_ele=2.49665, JES_muon=2.34978, QCD_stat_ele=6.16548, QCD_stat_muon=-4.27926, VBS_stat_ele=6.73904, VBS_stat_muon=5.26757, ele_efficiency=1.62401, ele_trigger=2.52127, fakephoton_ele=6.86147, fakephoton_muon=0.885062, interference=6.76902, lumi=6.98393, mu_efficiency=4.30272, mu_trigger=6.94309, non_prompt_stat_ele=5.67467, non_prompt_stat_muon=5.58999, others_stat_ele=3.78938, others_stat_muon=4.36101, others_xs=6.8104, param=0.0264477, pdf_ele=3.15503, pdf_muon=-0.969701, photon_id=-4.69501, pileup=1.59238, scale_ele=6.99853, scale_muon=2.8301
RooProdPdf::model_s[ modelObs_s * nuisancePdf ]
     getLogVal() top-level p.d.f evaluates to zero @ !pdfs=(modelObs_s = 0/1,nuisancePdf = 1)

[#0] WARNING:Minization -- RooMinimizerFcn: Minimized function has error status.
Returning maximum FCN so far (1078.09) to force MIGRAD to back out of this region. Error log follows
Parameter values: JER_ele=-6.81395, JER_muon=4.65237, JES_ele=6.82346, JES_muon=-6.68641, QCD_stat_ele=0.397701, QCD_stat_muon=2.19144, VBS_stat_ele=0.127307, VBS_stat_muon=6.00361, ele_efficiency=-1.25862, ele_trigger=4.91323, fakephoton_ele=6.97739, fakephoton_muon=-2.19901, interference=-2.41653, lumi=6.99077, mu_efficiency=4.49615, mu_trigger=-2.0557, non_prompt_stat_ele=6.63705, non_prompt_stat_muon=4.66263, others_stat_ele=2.65442, others_stat_muon=-5.54069, others_xs=-6.71224, param=0.0266188, pdf_ele=-6.16944, pdf_muon=1.45132, photon_id=-3.66535, pileup=6.92512, scale_ele=-6.62469, scale_muon=1.49208
RooProdPdf::model_s[ modelObs_s * nuisancePdf ]
     getLogVal() top-level p.d.f evaluates to zero @ !pdfs=(modelObs_s = 0/1,nuisancePdf = 1)

[#0] WARNING:Minization -- RooMinimizerFcn: Minimized function has error status.
Returning maximum FCN so far (1078.09) to force MIGRAD to back out of this region. Error log follows
Parameter values: JER_ele=2.04014, JER_muon=1.45415, JES_ele=3.47912, JES_muon=1.35705, QCD_stat_ele=6.16772, QCD_stat_muon=2.86057, VBS_stat_ele=6.30802, VBS_stat_muon=-1.99788, ele_efficiency=0.824428, ele_trigger=2.918, fakephoton_ele=6.91479, fakephoton_muon=-0.664669, interference=0.939931, lumi=2.27248, mu_efficiency=0.318888, mu_trigger=0.629614, non_prompt_stat_ele=6.62944, non_prompt_stat_muon=1.35479, others_stat_ele=4.47721, others_stat_muon=1.59088, others_xs=2.63146, param=0.0263601, pdf_ele=4.29494, pdf_muon=1.31608, photon_id=5.32423, pileup=0.234113, scale_ele=6.96901, scale_muon=2.08808
RooProdPdf::model_s[ modelObs_s * nuisancePdf ]
     getLogVal() top-level p.d.f evaluates to zero @ !pdfs=(modelObs_s = 0/1,nuisancePdf = 1)

[#0] WARNING:Minization -- RooMinimizerFcn: Minimized function has error status.
Returning maximum FCN so far (1078.09) to force MIGRAD to back out of this region. Error log follows
Parameter values: JER_ele=2.30986, JER_muon=0.985326, JES_ele=3.78802, JES_muon=1.37874, QCD_stat_ele=4.79767, QCD_stat_muon=3.8053, VBS_stat_ele=6.94862, VBS_stat_muon=-1.77419, ele_efficiency=0.631373, ele_trigger=3.10816, fakephoton_ele=6.95582, fakephoton_muon=0.0113551, interference=0.916106, lumi=2.21855, mu_efficiency=0.097223, mu_trigger=1.27207, non_prompt_stat_ele=6.87679, non_prompt_stat_muon=1.06294, others_stat_ele=4.79039, others_stat_muon=1.86593, others_xs=3.18403, param=0.0263586, pdf_ele=4.71377, pdf_muon=1.92404, photon_id=5.3447, pileup=0.0587807, scale_ele=6.97063, scale_muon=3.47383
RooProdPdf::model_s[ modelObs_s * nuisancePdf ]
     getLogVal() top-level p.d.f evaluates to zero @ !pdfs=(modelObs_s = 0/1,nuisancePdf = 1)

[#0] WARNING:Minization -- RooMinimizerFcn: Minimized function has error status.
Returning maximum FCN so far (1078.09) to force MIGRAD to back out of this region. Error log follows
Parameter values: JER_ele=6.99927, JER_muon=5.95851, JES_ele=4.91355, JES_muon=6.20634, QCD_stat_ele=-0.568902, QCD_stat_muon=1.40053, VBS_stat_ele=5.07727, VBS_stat_muon=-6.1409, ele_efficiency=3.84137, ele_trigger=6.34584, fakephoton_ele=4.20212, fakephoton_muon=-4.19112, interference=4.82642, lumi=6.85629, mu_efficiency=1.99127, mu_trigger=3.84363, non_prompt_stat_ele=6.92044, non_prompt_stat_muon=6.37803, others_stat_ele=-3.27479, others_stat_muon=6.41919, others_xs=6.68725, param=0.0263582, pdf_ele=-0.805363, pdf_muon=6.58942, photon_id=-6.53462, pileup=1.37418, scale_ele=5.9021, scale_muon=6.09854
RooProdPdf::model_s[ modelObs_s * nuisancePdf ]
     getLogVal() top-level p.d.f evaluates to zero @ !pdfs=(modelObs_s = 0/1,nuisancePdf = 1)

[#0] WARNING:Minization -- RooMinimizerFcn: Minimized function has error status.
Returning maximum FCN so far (1078.09) to force MIGRAD to back out of this region. Error log follows
Parameter values: JER_ele=3.09801, JER_muon=0.658318, JES_ele=4.72173, JES_muon=1.48314, QCD_stat_ele=4.58528, QCD_stat_muon=4.56525, VBS_stat_ele=6.41951, VBS_stat_muon=-1.30546, ele_efficiency=0.693175, ele_trigger=3.87422, fakephoton_ele=6.71522, fakephoton_muon=0.687716, interference=1.07437, lumi=2.63717, mu_efficiency=-0.0400203, mu_trigger=1.74427, non_prompt_stat_ele=6.18996, non_prompt_stat_muon=0.805612, others_stat_ele=5.82948, others_stat_muon=2.06664, others_xs=3.96004, param=0.0262926, pdf_ele=5.80058, pdf_muon=2.4067, photon_id=6.06496, pileup=-0.0163588, scale_ele=6.67677, scale_muon=4.41191
RooProdPdf::model_s[ modelObs_s * nuisancePdf ]
     getLogVal() top-level p.d.f evaluates to zero @ !pdfs=(modelObs_s = 0/1,nuisancePdf = 1)

[#0] WARNING:Minization -- RooMinimizerFcn: Minimized function has error status.
Returning maximum FCN so far (810.324) to force MIGRAD to back out of this region. Error log follows
Parameter values: JER_ele=1.46931, JER_muon=-2.85892, JES_ele=-0.321971, JES_muon=-5.23694, QCD_stat_ele=4.64801, QCD_stat_muon=-6.21701, VBS_stat_ele=1.54326, VBS_stat_muon=-3.06624, ele_efficiency=1.04385, ele_trigger=2.30024, fakephoton_ele=5.19736, fakephoton_muon=2.5865, interference=-1.57006, lumi=-1.57335, mu_efficiency=-0.999834, mu_trigger=-3.56981, non_prompt_stat_ele=5.05917, non_prompt_stat_muon=1.52229, others_stat_ele=1.71017, others_stat_muon=-3.47673, others_xs=-0.647034, param=0.0141339, pdf_ele=2.51, pdf_muon=-5.58738, photon_id=-3.65022, pileup=-0.568859, scale_ele=4.34073, scale_muon=-5.59133
RooProdPdf::model_s[ modelObs_s * nuisancePdf ]
     getLogVal() top-level p.d.f evaluates to zero @ !pdfs=(modelObs_s = 0/1,nuisancePdf = 1)

[#0] WARNING:Minization -- RooMinimizerFcn: Minimized function has error status.
Returning maximum FCN so far (810.324) to force MIGRAD to back out of this region. Error log follows
Parameter values: JER_ele=-0.34533, JER_muon=2.68396, JES_ele=-3.16862, JES_muon=4.54991, QCD_stat_ele=-3.9088, QCD_stat_muon=3.40187, VBS_stat_ele=-1.17754, VBS_stat_muon=3.12187, ele_efficiency=0.474425, ele_trigger=0.0308548, fakephoton_ele=-4.22069, fakephoton_muon=5.58366, interference=1.97641, lumi=0.693302, mu_efficiency=1.04276, mu_trigger=4.09791, non_prompt_stat_ele=-5.72368, non_prompt_stat_muon=6.89619, others_stat_ele=-1.6816, others_stat_muon=3.20757, others_xs=1.91578, param=0.0141259, pdf_ele=-1.60868, pdf_muon=6.32467, photon_id=4.38829, pileup=-0.298621, scale_ele=-4.17798, scale_muon=5.68272
RooProdPdf::model_s[ modelObs_s * nuisancePdf ]
     getLogVal() top-level p.d.f evaluates to zero @ !pdfs=(modelObs_s = 0/1,nuisancePdf = 1)

[#0] WARNING:Minization -- RooMinimizerFcn: Minimized function has error status.
Returning maximum FCN so far (592.102) to force MIGRAD to back out of this region. Error log follows
Parameter values: JER_ele=1.55379, JER_muon=4.33384, JES_ele=-1.85899, JES_muon=6.87458, QCD_stat_ele=-6.9932, QCD_stat_muon=6.1567, VBS_stat_ele=0.184908, VBS_stat_muon=5.3083, ele_efficiency=0.587707, ele_trigger=-1.25055, fakephoton_ele=3.29893, fakephoton_muon=2.95399, interference=3.62629, lumi=3.51396, mu_efficiency=0.718764, mu_trigger=5.81949, non_prompt_stat_ele=5.56995, non_prompt_stat_muon=6.93937, others_stat_ele=-1.21458, others_stat_muon=6.99808, others_xs=3.86314, param=0.0417682, pdf_ele=-1.43501, pdf_muon=6.20105, photon_id=3.51457, pileup=-1.02634, scale_ele=2.7353, scale_muon=-1.07118
RooProdPdf::model_s[ modelObs_s * nuisancePdf ]
     getLogVal() top-level p.d.f evaluates to zero @ !pdfs=(modelObs_s = 0/1,nuisancePdf = 1)

[#0] WARNING:Minization -- RooMinimizerFcn: Minimized function has error status.
Returning maximum FCN so far (592.102) to force MIGRAD to back out of this region. Error log follows
Parameter values: JER_ele=-6.4342, JER_muon=3.32184, JES_ele=-5.36621, JES_muon=5.00942, QCD_stat_ele=-0.0354047, QCD_stat_muon=4.13631, VBS_stat_ele=3.08009, VBS_stat_muon=6.9973, ele_efficiency=2.30972, ele_trigger=6.73685, fakephoton_ele=2.439, fakephoton_muon=4.73249, interference=-6.63619, lumi=-2.23332, mu_efficiency=-5.92917, mu_trigger=6.92879, non_prompt_stat_ele=5.10794, non_prompt_stat_muon=6.27494, others_stat_ele=6.49276, others_stat_muon=3.44978, others_xs=-0.785878, param=0.0409157, pdf_ele=6.02891, pdf_muon=-0.775955, photon_id=6.35287, pileup=3.94573, scale_ele=1.2075, scale_muon=6.95878
RooProdPdf::model_s[ modelObs_s * nuisancePdf ]
     getLogVal() top-level p.d.f evaluates to zero @ !pdfs=(modelObs_s = 0/1,nuisancePdf = 1)

[#0] WARNING:Minization -- RooMinimizerFcn: Minimized function has error status.
Returning maximum FCN so far (592.102) to force MIGRAD to back out of this region. Error log follows
Parameter values: JER_ele=2.73938, JER_muon=3.73906, JES_ele=-1.03731, JES_muon=6.07674, QCD_stat_ele=0.477978, QCD_stat_muon=6.97522, VBS_stat_ele=1.50481, VBS_stat_muon=5.19297, ele_efficiency=0.789799, ele_trigger=-0.297996, fakephoton_ele=3.85446, fakephoton_muon=2.46594, interference=3.34405, lumi=3.58429, mu_efficiency=0.388691, mu_trigger=4.89978, non_prompt_stat_ele=6.30817, non_prompt_stat_muon=6.58753, others_stat_ele=0.793578, others_stat_muon=6.9355, others_xs=3.97954, param=0.0418271, pdf_ele=0.244617, pdf_muon=5.11698, photon_id=3.63565, pileup=-1.06498, scale_ele=3.5605, scale_muon=4.6775
RooProdPdf::model_s[ modelObs_s * nuisancePdf ]
     getLogVal() top-level p.d.f evaluates to zero @ !pdfs=(modelObs_s = 0/1,nuisancePdf = 1)

[#0] WARNING:Minization -- RooMinimizerFcn: Minimized function has error status.
Returning maximum FCN so far (592.102) to force MIGRAD to back out of this region. Error log follows
Parameter values: JER_ele=4.30446, JER_muon=-1.70265, JES_ele=-1.87908, JES_muon=-2.1766, QCD_stat_ele=2.31455, QCD_stat_muon=-5.74736, VBS_stat_ele=-6.75259, VBS_stat_muon=6.59329, ele_efficiency=-0.3525, ele_trigger=-6.91121, fakephoton_ele=6.88868, fakephoton_muon=2.82013, interference=-3.57224, lumi=-6.99432, mu_efficiency=-3.39194, mu_trigger=-5.50995, non_prompt_stat_ele=3.35173, non_prompt_stat_muon=-3.86093, others_stat_ele=-2.25068, others_stat_muon=6.88871, others_xs=-6.59959, param=0.0417639, pdf_ele=-6.54457, pdf_muon=-3.67574, photon_id=5.07972, pileup=2.42358, scale_ele=6.99814, scale_muon=-3.09255
RooProdPdf::model_s[ modelObs_s * nuisancePdf ]
     getLogVal() top-level p.d.f evaluates to zero @ !pdfs=(modelObs_s = 0/1,nuisancePdf = 1)

[#0] WARNING:Minization -- RooMinimizerFcn: Minimized function has error status.
Returning maximum FCN so far (592.102) to force MIGRAD to back out of this region. Error log follows
Parameter values: JER_ele=2.52983, JER_muon=4.19664, JES_ele=-1.56182, JES_muon=5.96218, QCD_stat_ele=2.22496, QCD_stat_muon=6.87164, VBS_stat_ele=1.26738, VBS_stat_muon=6.51231, ele_efficiency=0.635998, ele_trigger=-0.656155, fakephoton_ele=3.56626, fakephoton_muon=2.84274, interference=4.02702, lumi=4.07418, mu_efficiency=0.49802, mu_trigger=5.07916, non_prompt_stat_ele=6.49433, non_prompt_stat_muon=6.76843, others_stat_ele=0.581091, others_stat_muon=6.99274, others_xs=4.35434, param=0.0418599, pdf_ele=-0.520846, pdf_muon=6.03679, photon_id=4.69348, pileup=-1.11626, scale_ele=-0.0927478, scale_muon=4.50882
RooProdPdf::model_s[ modelObs_s * nuisancePdf ]
     getLogVal() top-level p.d.f evaluates to zero @ !pdfs=(modelObs_s = 0/1,nuisancePdf = 1)

[#0] WARNING:Minization -- RooMinimizerFcn: Minimized function has error status.
Returning maximum FCN so far (41.865) to force MIGRAD to back out of this region. Error log follows
Parameter values: JER_ele=6.30648, JER_muon=1.14259, JES_ele=-6.34952, JES_muon=3.33331, QCD_stat_ele=1.26022, QCD_stat_muon=6.99779, VBS_stat_ele=-5.64787, VBS_stat_muon=4.88163, ele_efficiency=5.39294, ele_trigger=4.53059, fakephoton_ele=6.92023, fakephoton_muon=-6.75785, interference=-6.91152, lumi=5.54035, mu_efficiency=-6.93538, mu_trigger=-6.82582, non_prompt_stat_ele=5.46639, non_prompt_stat_muon=-5.10281, others_stat_ele=-0.437611, others_stat_muon=3.81124, others_xs=6.62585, param=0.0417029, pdf_ele=0.731373, pdf_muon=-4.99638, photon_id=2.89794, pileup=4.84263, scale_ele=-4.98975, scale_muon=6.97655
RooProdPdf::model_s[ modelObs_s * nuisancePdf ]
     getLogVal() top-level p.d.f evaluates to zero @ !pdfs=(modelObs_s = 0/1,nuisancePdf = 1)

[#0] WARNING:Minization -- RooMinimizerFcn: Minimized function has error status.
Returning maximum FCN so far (364.038) to force MIGRAD to back out of this region. Error log follows
Parameter values: JER_ele=6.88675, JER_muon=-6.94423, JES_ele=2.5745, JES_muon=-4.02383, QCD_stat_ele=-2.91015, QCD_stat_muon=6.99594, VBS_stat_ele=2.3087, VBS_stat_muon=-6.74005, ele_efficiency=-2.34035, ele_trigger=6.93208, fakephoton_ele=2.53554, fakephoton_muon=-6.93479, interference=-3.60098, lumi=-5.04101, mu_efficiency=-5.94574, mu_trigger=-6.57832, non_prompt_stat_ele=6.82552, non_prompt_stat_muon=-6.98623, others_stat_ele=-6.75246, others_stat_muon=3.23026, others_xs=5.82712, param=0.0419166, pdf_ele=-4.59314, pdf_muon=-5.65268, photon_id=-5.91389, pileup=1.11043, scale_ele=-3.65739, scale_muon=-6.99598
RooProdPdf::model_s[ modelObs_s * nuisancePdf ]
     getLogVal() top-level p.d.f evaluates to zero @ !pdfs=(modelObs_s = 0/1,nuisancePdf = 1)

[#0] WARNING:Minization -- RooMinimizerFcn: Minimized function has error status.
Returning maximum FCN so far (511.114) to force MIGRAD to back out of this region. Error log follows
Parameter values: JER_ele=-2.62429, JER_muon=2.0813, JES_ele=-3.75542, JES_muon=2.10484, QCD_stat_ele=0.685995, QCD_stat_muon=-6.9993, VBS_stat_ele=-4.49022, VBS_stat_muon=4.01469, ele_efficiency=-6.18104, ele_trigger=4.78045, fakephoton_ele=6.9419, fakephoton_muon=-0.665572, interference=6.46707, lumi=-4.20653, mu_efficiency=4.29897, mu_trigger=1.85578, non_prompt_stat_ele=3.88515, non_prompt_stat_muon=6.63578, others_stat_ele=-6.08552, others_stat_muon=6.63661, others_xs=-6.88341, param=0.0287669, pdf_ele=-0.140236, pdf_muon=-6.70635, photon_id=3.85717, pileup=-6.71714, scale_ele=5.79378, scale_muon=-2.4514
RooProdPdf::model_s[ modelObs_s * nuisancePdf ]
     getLogVal() top-level p.d.f evaluates to zero @ !pdfs=(modelObs_s = 0/1,nuisancePdf = 1)

[#0] WARNING:Minization -- RooMinimizerFcn: Minimized function has error status.
Returning maximum FCN so far (511.114) to force MIGRAD to back out of this region. Error log follows
Parameter values: JER_ele=2.08608, JER_muon=-0.216324, JES_ele=-3.45955, JES_muon=6.44359, QCD_stat_ele=-2.86211, QCD_stat_muon=-0.120095, VBS_stat_ele=-4.81042, VBS_stat_muon=-2.85463, ele_efficiency=-6.40957, ele_trigger=5.16108, fakephoton_ele=-2.46402, fakephoton_muon=6.9754, interference=-6.79652, lumi=6.60598, mu_efficiency=1.62421, mu_trigger=0.170433, non_prompt_stat_ele=-4.84033, non_prompt_stat_muon=6.98632, others_stat_ele=0.743623, others_stat_muon=3.00203, others_xs=2.33392, param=0.0278554, pdf_ele=-1.17806, pdf_muon=0.703361, photon_id=1.21665, pileup=-1.47096, scale_ele=3.08831, scale_muon=-1.50661
RooProdPdf::model_s[ modelObs_s * nuisancePdf ]
     getLogVal() top-level p.d.f evaluates to zero @ !pdfs=(modelObs_s = 0/1,nuisancePdf = 1)

[#0] WARNING:Minization -- RooMinimizerFcn: Minimized function has error status.
Returning maximum FCN so far (573.987) to force MIGRAD to back out of this region. Error log follows
Parameter values: JER_ele=-0.905657, JER_muon=-0.280786, JES_ele=-1.825, JES_muon=1.37876, QCD_stat_ele=2.834, QCD_stat_muon=3.08846, VBS_stat_ele=-2.44378, VBS_stat_muon=0.657539, ele_efficiency=-0.53928, ele_trigger=-1.19913, fakephoton_ele=5.6721, fakephoton_muon=0.0194694, interference=0.382584, lumi=-0.323167, mu_efficiency=-0.430464, mu_trigger=0.451102, non_prompt_stat_ele=6.59907, non_prompt_stat_muon=-1.54637, others_stat_ele=-2.09319, others_stat_muon=1.65088, others_xs=0.189474, param=0.0277132, pdf_ele=-2.51477, pdf_muon=2.32517, photon_id=2.60242, pileup=-0.299475, scale_ele=1.89066, scale_muon=-3.12395
RooProdPdf::model_s[ modelObs_s * nuisancePdf ]
     getLogVal() top-level p.d.f evaluates to zero @ !pdfs=(modelObs_s = 0/1,nuisancePdf = 1)

[#0] WARNING:Minization -- RooMinimizerFcn: Minimized function has error status.
Returning maximum FCN so far (665.323) to force MIGRAD to back out of this region. Error log follows
Parameter values: JER_ele=0.427079, JER_muon=1.26442, JES_ele=0.947404, JES_muon=-0.0153045, QCD_stat_ele=2.59935, QCD_stat_muon=0.846764, VBS_stat_ele=1.26919, VBS_stat_muon=0.694008, ele_efficiency=-0.109068, ele_trigger=0.23175, fakephoton_ele=6.35687, fakephoton_muon=-0.989861, interference=0.887637, lumi=1.5583, mu_efficiency=-0.67067, mu_trigger=0.179131, non_prompt_stat_ele=6.96154, non_prompt_stat_muon=0.590268, others_stat_ele=0.0128665, others_stat_muon=-0.0268261, others_xs=1.49782, param=0.0277116, pdf_ele=1.2368, pdf_muon=0.325067, photon_id=1.30872, pileup=-0.255009, scale_ele=2.70174, scale_muon=0.572387
RooProdPdf::model_s[ modelObs_s * nuisancePdf ]
     getLogVal() top-level p.d.f evaluates to zero @ !pdfs=(modelObs_s = 0/1,nuisancePdf = 1)

[#0] WARNING:Minization -- RooMinimizerFcn: Minimized function has error status.
Returning maximum FCN so far (691.543) to force MIGRAD to back out of this region. Error log follows
Parameter values: JER_ele=0.286076, JER_muon=1.66056, JES_ele=0.986711, JES_muon=-0.674696, QCD_stat_ele=2.01367, QCD_stat_muon=1.09075, VBS_stat_ele=1.37338, VBS_stat_muon=1.04545, ele_efficiency=-0.145139, ele_trigger=0.00923943, fakephoton_ele=5.27522, fakephoton_muon=-1.39245, interference=0.913029, lumi=1.52474, mu_efficiency=-0.762496, mu_trigger=-0.0132252, non_prompt_stat_ele=6.65409, non_prompt_stat_muon=0.700074, others_stat_ele=-2.50807, others_stat_muon=-0.348487, others_xs=1.00283, param=0.027533, pdf_ele=1.37775, pdf_muon=-0.425711, photon_id=-0.0893048, pileup=-0.279267, scale_ele=0.958055, scale_muon=0.62898
RooProdPdf::model_s[ modelObs_s * nuisancePdf ]
     getLogVal() top-level p.d.f evaluates to zero @ !pdfs=(modelObs_s = 0/1,nuisancePdf = 1)

[#0] WARNING:Minization -- RooMinimizerFcn: Minimized function has error status.
Returning maximum FCN so far (499.287) to force MIGRAD to back out of this region. Error log follows
Parameter values: JER_ele=-2.6078, JER_muon=1.7092, JES_ele=3.90624, JES_muon=4.26732, QCD_stat_ele=-0.362627, QCD_stat_muon=-5.07469, VBS_stat_ele=0.827824, VBS_stat_muon=-4.98263, ele_efficiency=4.30117, ele_trigger=0.728972, fakephoton_ele=5.69481, fakephoton_muon=0.936409, interference=-0.739353, lumi=1.36718, mu_efficiency=2.34168, mu_trigger=1.94212, non_prompt_stat_ele=6.71138, non_prompt_stat_muon=2.12816, others_stat_ele=3.80746, others_stat_muon=-4.86376, others_xs=-0.0162174, param=0.00401404, pdf_ele=2.54198, pdf_muon=5.16075, photon_id=4.82061, pileup=-0.118866, scale_ele=5.35839, scale_muon=6.93208
RooProdPdf::model_s[ modelObs_s * nuisancePdf ]
     getLogVal() top-level p.d.f evaluates to zero @ !pdfs=(modelObs_s = 0/1,nuisancePdf = 1)

[#0] WARNING:Minization -- RooMinimizerFcn: Minimized function has error status.
Returning maximum FCN so far (703.382) to force MIGRAD to back out of this region. Error log follows
Parameter values: JER_ele=-6.07567, JER_muon=0.89009, JES_ele=6.95545, JES_muon=-6.63117, QCD_stat_ele=3.79638, QCD_stat_muon=6.89066, VBS_stat_ele=0.285124, VBS_stat_muon=6.99777, ele_efficiency=6.25813, ele_trigger=6.74372, fakephoton_ele=0.254021, fakephoton_muon=4.60041, interference=3.57856, lumi=5.27506, mu_efficiency=-3.23763, mu_trigger=-6.03342, non_prompt_stat_ele=6.32452, non_prompt_stat_muon=5.3516, others_stat_ele=-3.76262, others_stat_muon=0.178402, others_xs=-6.95987, param=0.025089, pdf_ele=6.00471, pdf_muon=-4.69814, photon_id=6.24096, pileup=1.70325, scale_ele=6.82601, scale_muon=0.0650927
RooProdPdf::model_s[ modelObs_s * nuisancePdf ]
     getLogVal() top-level p.d.f evaluates to zero @ !pdfs=(modelObs_s = 0/1,nuisancePdf = 1)

[#0] WARNING:Minization -- RooMinimizerFcn: Minimized function has error status.
Returning maximum FCN so far (788.485) to force MIGRAD to back out of this region. Error log follows
Parameter values: JER_ele=3.77211, JER_muon=0.0604526, JES_ele=4.73036, JES_muon=-0.300128, QCD_stat_ele=-4.50142, QCD_stat_muon=-6.98838, VBS_stat_ele=6.43298, VBS_stat_muon=5.80081, ele_efficiency=1.60902, ele_trigger=5.65391, fakephoton_ele=6.84159, fakephoton_muon=-3.39007, interference=1.03335, lumi=5.91085, mu_efficiency=0.980061, mu_trigger=-0.546073, non_prompt_stat_ele=6.2731, non_prompt_stat_muon=-0.946341, others_stat_ele=6.72891, others_stat_muon=5.71956, others_xs=3.31114, param=0.041505, pdf_ele=6.98227, pdf_muon=4.18795, photon_id=6.98884, pileup=1.50648, scale_ele=4.1678, scale_muon=2.85059
RooProdPdf::model_s[ modelObs_s * nuisancePdf ]
     getLogVal() top-level p.d.f evaluates to zero @ !pdfs=(modelObs_s = 0/1,nuisancePdf = 1)

[#0] WARNING:Minization -- RooMinimizerFcn: Minimized function has error status.
Returning maximum FCN so far (788.485) to force MIGRAD to back out of this region. Error log follows
Parameter values: JER_ele=5.86872, JER_muon=-5.49445, JES_ele=-6.97322, JES_muon=3.01688, QCD_stat_ele=-0.831905, QCD_stat_muon=-7, VBS_stat_ele=-1.03617, VBS_stat_muon=-1.06884, ele_efficiency=-0.884037, ele_trigger=0.574605, fakephoton_ele=2.968, fakephoton_muon=-6.99982, interference=5.56548, lumi=3.05602, mu_efficiency=6.37315, mu_trigger=-2.47916, non_prompt_stat_ele=6.85514, non_prompt_stat_muon=3.8225, others_stat_ele=2.05726, others_stat_muon=-6.93277, others_xs=6.15667, param=0.0413813, pdf_ele=-0.612507, pdf_muon=6.24925, photon_id=5.90414, pileup=-0.895074, scale_ele=-6.97244, scale_muon=-6.75344
RooProdPdf::model_s[ modelObs_s * nuisancePdf ]
     getLogVal() top-level p.d.f evaluates to zero @ !pdfs=(modelObs_s = 0/1,nuisancePdf = 1)

[#0] WARNING:Minization -- RooMinimizerFcn: Minimized function has error status.
Returning maximum FCN so far (788.485) to force MIGRAD to back out of this region. Error log follows
Parameter values: JER_ele=3.45758, JER_muon=0.287808, JES_ele=4.34081, JES_muon=0.201163, QCD_stat_ele=-0.936767, QCD_stat_muon=-5.29727, VBS_stat_ele=5.42669, VBS_stat_muon=5.64899, ele_efficiency=1.28019, ele_trigger=4.69812, fakephoton_ele=6.64697, fakephoton_muon=-5.39735, interference=1.8404, lumi=5.19938, mu_efficiency=0.717182, mu_trigger=-0.0785729, non_prompt_stat_ele=6.46408, non_prompt_stat_muon=-6.08303, others_stat_ele=5.77162, others_stat_muon=5.12834, others_xs=3.27116, param=0.0415212, pdf_ele=6.74181, pdf_muon=3.60066, photon_id=6.87295, pileup=0.895296, scale_ele=5.9746, scale_muon=5.93728
RooProdPdf::model_s[ modelObs_s * nuisancePdf ]
     getLogVal() top-level p.d.f evaluates to zero @ !pdfs=(modelObs_s = 0/1,nuisancePdf = 1)

[#0] WARNING:Minization -- RooMinimizerFcn: Minimized function has error status.
Returning maximum FCN so far (788.485) to force MIGRAD to back out of this region. Error log follows
Parameter values: JER_ele=4.49119, JER_muon=5.62062, JES_ele=2.71034, JES_muon=-0.123841, QCD_stat_ele=-3.92159, QCD_stat_muon=6.96125, VBS_stat_ele=5.89892, VBS_stat_muon=6.79834, ele_efficiency=-2.10322, ele_trigger=-5.39587, fakephoton_ele=3.52302, fakephoton_muon=5.83381, interference=-6.98664, lumi=1.94616, mu_efficiency=4.73559, mu_trigger=1.32115, non_prompt_stat_ele=6.81825, non_prompt_stat_muon=-3.73353, others_stat_ele=-6.99877, others_stat_muon=5.68027, others_xs=-4.042, param=0.0415339, pdf_ele=-6.99209, pdf_muon=6.26489, photon_id=-0.853756, pileup=6.72124, scale_ele=6.46038, scale_muon=-6.69903
RooProdPdf::model_s[ modelObs_s * nuisancePdf ]
     getLogVal() top-level p.d.f evaluates to zero @ !pdfs=(modelObs_s = 0/1,nuisancePdf = 1)

[#0] WARNING:Minization -- RooMinimizerFcn: Minimized function has error status.
Returning maximum FCN so far (788.485) to force MIGRAD to back out of this region. Error log follows
Parameter values: JER_ele=4.49035, JER_muon=0.464415, JES_ele=5.53393, JES_muon=2.43403, QCD_stat_ele=-6.03768, QCD_stat_muon=-1.31991, VBS_stat_ele=5.67696, VBS_stat_muon=5.26569, ele_efficiency=1.48222, ele_trigger=5.22652, fakephoton_ele=6.9999, fakephoton_muon=-6.99999, interference=2.83098, lumi=5.24719, mu_efficiency=0.794234, mu_trigger=1.31549, non_prompt_stat_ele=6.90563, non_prompt_stat_muon=-4.65624, others_stat_ele=6.20513, others_stat_muon=4.67486, others_xs=4.1836, param=0.0415449, pdf_ele=6.98313, pdf_muon=4.7207, photon_id=6.83439, pileup=0.616509, scale_ele=2.71047, scale_muon=4.14538
RooProdPdf::model_s[ modelObs_s * nuisancePdf ]
     getLogVal() top-level p.d.f evaluates to zero @ !pdfs=(modelObs_s = 0/1,nuisancePdf = 1)

[#0] WARNING:Minization -- RooMinimizerFcn: Minimized function has error status.
Returning maximum FCN so far (477.822) to force MIGRAD to back out of this region. Error log follows
Parameter values: JER_ele=-4.72912, JER_muon=0.351245, JES_ele=0.164928, JES_muon=-1.13248, QCD_stat_ele=-6.76615, QCD_stat_muon=-2.09796, VBS_stat_ele=-5.64359, VBS_stat_muon=0.672932, ele_efficiency=4.91834, ele_trigger=4.87831, fakephoton_ele=5.80087, fakephoton_muon=2.16542, interference=0.528805, lumi=-2.43462, mu_efficiency=0.413902, mu_trigger=3.26728, non_prompt_stat_ele=6.36198, non_prompt_stat_muon=6.48806, others_stat_ele=-5.82182, others_stat_muon=-6.31806, others_xs=-6.71737, param=0.0104582, pdf_ele=-2.97315, pdf_muon=-1.84339, photon_id=6.07831, pileup=6.93093, scale_ele=-0.828101, scale_muon=6.88524
RooProdPdf::model_s[ modelObs_s * nuisancePdf ]
     getLogVal() top-level p.d.f evaluates to zero @ !pdfs=(modelObs_s = 0/1,nuisancePdf = 1)

[#0] WARNING:Minization -- RooMinimizerFcn: Minimized function has error status.
Returning maximum FCN so far (665.837) to force MIGRAD to back out of this region. Error log follows
Parameter values: JER_ele=0.172712, JER_muon=-6.46723, JES_ele=0.256377, JES_muon=-0.370835, QCD_stat_ele=-4.74252, QCD_stat_muon=2.81079, VBS_stat_ele=-6.95543, VBS_stat_muon=5.04763, ele_efficiency=-6.41286, ele_trigger=-4.06071, fakephoton_ele=5.90866, fakephoton_muon=5.93499, interference=-5.54843, lumi=-6.58915, mu_efficiency=5.38682, mu_trigger=-2.97199, non_prompt_stat_ele=6.70441, non_prompt_stat_muon=-6.33387, others_stat_ele=-6.99987, others_stat_muon=-2.44638, others_xs=6.55649, param=0.0122245, pdf_ele=-3.7314, pdf_muon=-1.26012, photon_id=-2.74405, pileup=5.74597, scale_ele=0.711527, scale_muon=-4.30898
RooProdPdf::model_s[ modelObs_s * nuisancePdf ]
     getLogVal() top-level p.d.f evaluates to zero @ !pdfs=(modelObs_s = 0/1,nuisancePdf = 1)

[#0] WARNING:Minization -- RooMinimizerFcn: Minimized function has error status.
Returning maximum FCN so far (665.837) to force MIGRAD to back out of this region. Error log follows
Parameter values: JER_ele=2.27537, JER_muon=-2.57384, JES_ele=3.38347, JES_muon=1.22357, QCD_stat_ele=2.98106, QCD_stat_muon=-2.17294, VBS_stat_ele=-0.998545, VBS_stat_muon=5.02302, ele_efficiency=-4.61546, ele_trigger=-3.33422, fakephoton_ele=6.67373, fakephoton_muon=5.15741, interference=5.01386, lumi=3.11434, mu_efficiency=-6.76118, mu_trigger=5.92727, non_prompt_stat_ele=6.59311, non_prompt_stat_muon=2.85876, others_stat_ele=0.143134, others_stat_muon=6.70367, others_xs=-3.7657, param=0.0122886, pdf_ele=-2.43787, pdf_muon=-0.371416, photon_id=0.685833, pileup=3.49338, scale_ele=6.87196, scale_muon=6.48489
RooProdPdf::model_s[ modelObs_s * nuisancePdf ]
     getLogVal() top-level p.d.f evaluates to zero @ !pdfs=(modelObs_s = 0/1,nuisancePdf = 1)

[#0] WARNING:Minization -- RooMinimizerFcn: Minimized function has error status.
Returning maximum FCN so far (442.765) to force MIGRAD to back out of this region. Error log follows
Parameter values: JER_ele=-2.26162, JER_muon=-6.0137, JES_ele=-6.27631, JES_muon=3.22624, QCD_stat_ele=6.5319, QCD_stat_muon=6.28967, VBS_stat_ele=0.180303, VBS_stat_muon=3.86904, ele_efficiency=6.90885, ele_trigger=0.898202, fakephoton_ele=6.90417, fakephoton_muon=0.602285, interference=5.24699, lumi=4.05991, mu_efficiency=-6.34017, mu_trigger=5.44388, non_prompt_stat_ele=6.15816, non_prompt_stat_muon=3.3337, others_stat_ele=-4.32755, others_stat_muon=-6.68031, others_xs=6.88548, param=0.00801799, pdf_ele=4.62987, pdf_muon=-6.21387, photon_id=3.00075, pileup=0.731603, scale_ele=0.825156, scale_muon=5.59923
RooProdPdf::model_s[ modelObs_s * nuisancePdf ]
     getLogVal() top-level p.d.f evaluates to zero @ !pdfs=(modelObs_s = 0/1,nuisancePdf = 1)

[#0] WARNING:Minization -- RooMinimizerFcn: Minimized function has error status.
Returning maximum FCN so far (487.177) to force MIGRAD to back out of this region. Error log follows
Parameter values: JER_ele=-3.22186, JER_muon=0.976826, JES_ele=4.98611, JES_muon=-3.49936, QCD_stat_ele=-6.57406, QCD_stat_muon=0.703309, VBS_stat_ele=0.252807, VBS_stat_muon=1.71892, ele_efficiency=4.74151, ele_trigger=-5.94304, fakephoton_ele=6.77144, fakephoton_muon=-5.64629, interference=0.62184, lumi=-6.99747, mu_efficiency=-0.166797, mu_trigger=2.17357, non_prompt_stat_ele=5.34238, non_prompt_stat_muon=3.50799, others_stat_ele=-3.91247, others_stat_muon=1.21012, others_xs=-2.23008, param=0.00586178, pdf_ele=1.20094, pdf_muon=4.98156, photon_id=4.98017, pileup=3.56251, scale_ele=-2.29902, scale_muon=6.99882
RooProdPdf::model_s[ modelObs_s * nuisancePdf ]
     getLogVal() top-level p.d.f evaluates to zero @ !pdfs=(modelObs_s = 0/1,nuisancePdf = 1)

[#0] WARNING:Minization -- RooMinimizerFcn: Minimized function has error status.
Returning maximum FCN so far (37.9692) to force MIGRAD to back out of this region. Error log follows
Parameter values: JER_ele=3.64128, JER_muon=-4.71163, JES_ele=-5.32613, JES_muon=-5.09227, QCD_stat_ele=6.90427, QCD_stat_muon=-4.87155, VBS_stat_ele=5.98599, VBS_stat_muon=-5.02507, ele_efficiency=6.96676, ele_trigger=4.17079, fakephoton_ele=2.91846, fakephoton_muon=6.72462, interference=0.642217, lumi=-4.76868, mu_efficiency=-0.422527, mu_trigger=-4.42221, non_prompt_stat_ele=6.99561, non_prompt_stat_muon=6.61486, others_stat_ele=5.49932, others_stat_muon=-5.47474, others_xs=-6.17466, param=0.0419305, pdf_ele=6.98143, pdf_muon=4.3886, photon_id=-6.98098, pileup=-4.36552, scale_ele=-2.2545, scale_muon=-0.705485
RooProdPdf::model_s[ modelObs_s * nuisancePdf ]
     getLogVal() top-level p.d.f evaluates to zero @ !pdfs=(modelObs_s = 0/1,nuisancePdf = 1)

[#0] WARNING:Minization -- RooMinimizerFcn: Minimized function has error status.
Returning maximum FCN so far (483.299) to force MIGRAD to back out of this region. Error log follows
Parameter values: JER_ele=1.2532, JER_muon=-3.00255, JES_ele=2.78254, JES_muon=-4.79945, QCD_stat_ele=-4.78093, QCD_stat_muon=-6.82171, VBS_stat_ele=3.01997, VBS_stat_muon=-1.83353, ele_efficiency=-0.792449, ele_trigger=1.89074, fakephoton_ele=6.43572, fakephoton_muon=-3.3111, interference=-0.1475, lumi=-0.718275, mu_efficiency=-1.64018, mu_trigger=-3.47997, non_prompt_stat_ele=6.1932, non_prompt_stat_muon=-4.58446, others_stat_ele=1.75736, others_stat_muon=-4.54994, others_xs=-0.0940971, param=0.0435621, pdf_ele=3.06543, pdf_muon=-3.25341, photon_id=-3.14765, pileup=-0.0841597, scale_ele=5.10215, scale_muon=-6.08551
RooProdPdf::model_s[ modelObs_s * nuisancePdf ]
     getLogVal() top-level p.d.f evaluates to zero @ !pdfs=(modelObs_s = 0/1,nuisancePdf = 1)

[#0] WARNING:Minization -- RooMinimizerFcn: Minimized function has error status.
Returning maximum FCN so far (483.299) to force MIGRAD to back out of this region. Error log follows
Parameter values: JER_ele=6.61192, JER_muon=-6.72439, JES_ele=-1.96332, JES_muon=4.25373, QCD_stat_ele=5.90575, QCD_stat_muon=5.98769, VBS_stat_ele=-3.72639, VBS_stat_muon=-6.67815, ele_efficiency=2.40029, ele_trigger=4.99104, fakephoton_ele=6.98014, fakephoton_muon=2.68151, interference=1.77318, lumi=6.95712, mu_efficiency=5.4454, mu_trigger=-5.89289, non_prompt_stat_ele=6.80829, non_prompt_stat_muon=3.06388, others_stat_ele=5.50354, others_stat_muon=-6.13527, others_xs=3.04665, param=0.0429352, pdf_ele=5.9334, pdf_muon=-5.13632, photon_id=6.99998, pileup=6.71062, scale_ele=6.74693, scale_muon=-5.24574
RooProdPdf::model_s[ modelObs_s * nuisancePdf ]
     getLogVal() top-level p.d.f evaluates to zero @ !pdfs=(modelObs_s = 0/1,nuisancePdf = 1)

[#0] WARNING:Minization -- RooMinimizerFcn: Minimized function has error status.
Returning maximum FCN so far (558.488) to force MIGRAD to back out of this region. Error log follows
Parameter values: JER_ele=-0.744792, JER_muon=-3.36353, JES_ele=-0.972319, JES_muon=-5.15289, QCD_stat_ele=-6.99539, QCD_stat_muon=-6.97972, VBS_stat_ele=-0.144638, VBS_stat_muon=-2.01606, ele_efficiency=-1.39003, ele_trigger=-1.06689, fakephoton_ele=4.86254, fakephoton_muon=-5.24282, interference=-0.725348, lumi=-2.51019, mu_efficiency=-1.60069, mu_trigger=-3.70346, non_prompt_stat_ele=5.6252, non_prompt_stat_muon=-6.99429, others_stat_ele=-2.62117, others_stat_muon=-5.13204, others_xs=-2.39675, param=0.0435631, pdf_ele=-2.00746, pdf_muon=-4.72359, photon_id=-6.11102, pileup=-0.248048, scale_ele=-4.27001, scale_muon=-6.99018
RooProdPdf::model_s[ modelObs_s * nuisancePdf ]
     getLogVal() top-level p.d.f evaluates to zero @ !pdfs=(modelObs_s = 0/1,nuisancePdf = 1)

[#0] WARNING:Minization -- RooMinimizerFcn: Minimized function has error status.
Returning maximum FCN so far (558.488) to force MIGRAD to back out of this region. Error log follows
Parameter values: JER_ele=-0.121248, JER_muon=-0.0714358, JES_ele=0.275234, JES_muon=0.955069, QCD_stat_ele=-4.72977, QCD_stat_muon=3.11873, VBS_stat_ele=0.965972, VBS_stat_muon=2.73383, ele_efficiency=-1.07598, ele_trigger=-0.0999925, fakephoton_ele=4.57323, fakephoton_muon=-2.16704, interference=2.18097, lumi=0.870598, mu_efficiency=-0.261712, mu_trigger=1.25626, non_prompt_stat_ele=4.89232, non_prompt_stat_muon=-1.80283, others_stat_ele=-1.24755, others_stat_muon=1.52964, others_xs=2.04104, param=0.0435645, pdf_ele=-0.481209, pdf_muon=1.61076, photon_id=1.95009, pileup=0.0618296, scale_ele=0.143604, scale_muon=5.16299
RooProdPdf::model_s[ modelObs_s * nuisancePdf ]
     getLogVal() top-level p.d.f evaluates to zero @ !pdfs=(modelObs_s = 0/1,nuisancePdf = 1)

[#0] WARNING:Minization -- RooMinimizerFcn: Minimized function has error status.
Returning maximum FCN so far (558.488) to force MIGRAD to back out of this region. Error log follows
Parameter values: JER_ele=-2.04589, JER_muon=-4.25526, JES_ele=-3.13795, JES_muon=-5.64052, QCD_stat_ele=-6.48443, QCD_stat_muon=-6.46896, VBS_stat_ele=-2.43089, VBS_stat_muon=-3.51642, ele_efficiency=-1.75597, ele_trigger=-2.82827, fakephoton_ele=3.94394, fakephoton_muon=-6.9622, interference=-1.50176, lumi=-3.99966, mu_efficiency=-1.71643, mu_trigger=-4.32174, non_prompt_stat_ele=5.69983, non_prompt_stat_muon=-1.35186, others_stat_ele=-5.08355, others_stat_muon=-6.25268, others_xs=-4.23756, param=0.0435676, pdf_ele=-4.80478, pdf_muon=-6.1138, photon_id=-6.99598, pileup=-0.379321, scale_ele=-6.99565, scale_muon=-5.86282
RooProdPdf::model_s[ modelObs_s * nuisancePdf ]
     getLogVal() top-level p.d.f evaluates to zero @ !pdfs=(modelObs_s = 0/1,nuisancePdf = 1)

[#0] WARNING:Minization -- RooMinimizerFcn: Minimized function has error status.
Returning maximum FCN so far (1075.05) to force MIGRAD to back out of this region. Error log follows
Parameter values: JER_ele=-0.732402, JER_muon=0.51695, JES_ele=1.05567, JES_muon=-0.885055, QCD_stat_ele=4.63701, QCD_stat_muon=6.98533, VBS_stat_ele=0.225085, VBS_stat_muon=-6.20653, ele_efficiency=0.0935711, ele_trigger=1.59948, fakephoton_ele=6.76415, fakephoton_muon=4.36265, interference=-1.07403, lumi=2.40324, mu_efficiency=-0.571974, mu_trigger=0.721357, non_prompt_stat_ele=3.64396, non_prompt_stat_muon=5.49023, others_stat_ele=1.75942, others_stat_muon=-1.22098, others_xs=0.790934, param=0.0436121, pdf_ele=2.20603, pdf_muon=1.58381, photon_id=-1.76967, pileup=-1.89899, scale_ele=-2.55102, scale_muon=6.56221
RooProdPdf::model_s[ modelObs_s * nuisancePdf ]
     getLogVal() top-level p.d.f evaluates to zero @ !pdfs=(modelObs_s = 0/1,nuisancePdf = 1)

[#0] WARNING:Minization -- RooMinimizerFcn: Minimized function has error status.
Returning maximum FCN so far (1075.05) to force MIGRAD to back out of this region. Error log follows
Parameter values: JER_ele=-1.62501, JER_muon=-1.52368, JES_ele=-0.155033, JES_muon=0.0591712, QCD_stat_ele=1.41852, QCD_stat_muon=5.97696, VBS_stat_ele=-0.756975, VBS_stat_muon=-2.36403, ele_efficiency=-0.164434, ele_trigger=0.977756, fakephoton_ele=6.93082, fakephoton_muon=3.89934, interference=-3.07472, lumi=2.21355, mu_efficiency=-0.792507, mu_trigger=0.942477, non_prompt_stat_ele=3.02632, non_prompt_stat_muon=4.54111, others_stat_ele=0.113097, others_stat_muon=-4.31612, others_xs=-0.644558, param=0.0436161, pdf_ele=1.14438, pdf_muon=2.36792, photon_id=-3.69161, pileup=-2.67742, scale_ele=-5.95482, scale_muon=6.55526
RooProdPdf::model_s[ modelObs_s * nuisancePdf ]
     getLogVal() top-level p.d.f evaluates to zero @ !pdfs=(modelObs_s = 0/1,nuisancePdf = 1)

[#0] WARNING:Minization -- RooMinimizerFcn: Minimized function has error status.
Returning maximum FCN so far (1075.05) to force MIGRAD to back out of this region. Error log follows
Parameter values: JER_ele=4.99169, JER_muon=1.96126, JES_ele=6.76433, JES_muon=3.84294, QCD_stat_ele=-5.89003, QCD_stat_muon=5.63636, VBS_stat_ele=5.23508, VBS_stat_muon=4.62017, ele_efficiency=1.76508, ele_trigger=5.77551, fakephoton_ele=5.4882, fakephoton_muon=4.09226, interference=2.55835, lumi=2.88076, mu_efficiency=0.888307, mu_trigger=2.32233, non_prompt_stat_ele=1.37194, non_prompt_stat_muon=6.88291, others_stat_ele=6.68031, others_stat_muon=2.38907, others_xs=4.53729, param=0.0436211, pdf_ele=6.94725, pdf_muon=5.10389, photon_id=6.34687, pileup=1.03685, scale_ele=-1.92914, scale_muon=3.22083
RooProdPdf::model_s[ modelObs_s * nuisancePdf ]
     getLogVal() top-level p.d.f evaluates to zero @ !pdfs=(modelObs_s = 0/1,nuisancePdf = 1)

[#0] WARNING:Minization -- RooMinimizerFcn: Minimized function has error status.
Returning maximum FCN so far (664.536) to force MIGRAD to back out of this region. Error log follows
Parameter values: JER_ele=-6.95998, JER_muon=1.71007, JES_ele=-2.76203, JES_muon=5.83304, QCD_stat_ele=-5.6064, QCD_stat_muon=6.9991, VBS_stat_ele=-3.03844, VBS_stat_muon=2.38964, ele_efficiency=-6.21509, ele_trigger=-1.97506, fakephoton_ele=-1.77278, fakephoton_muon=6.95537, interference=5.15486, lumi=-0.731688, mu_efficiency=-6.97714, mu_trigger=-6.42383, non_prompt_stat_ele=5.60977, non_prompt_stat_muon=6.86049, others_stat_ele=5.89116, others_stat_muon=-6.90316, others_xs=5.04566, param=0.010244, pdf_ele=6.63363, pdf_muon=1.94907, photon_id=-4.32282, pileup=-2.28164, scale_ele=6.98191, scale_muon=-5.65542
RooProdPdf::model_s[ modelObs_s * nuisancePdf ]
     getLogVal() top-level p.d.f evaluates to zero @ !pdfs=(modelObs_s = 0/1,nuisancePdf = 1)

[#0] WARNING:Minization -- RooMinimizerFcn: Minimized function has error status.
Returning maximum FCN so far (664.536) to force MIGRAD to back out of this region. Error log follows
Parameter values: JER_ele=4.43611, JER_muon=-3.29787, JES_ele=0.269425, JES_muon=6.93936, QCD_stat_ele=1.02518, QCD_stat_muon=5.81402, VBS_stat_ele=2.18504, VBS_stat_muon=2.00438, ele_efficiency=4.32178, ele_trigger=4.51203, fakephoton_ele=5.80869, fakephoton_muon=-6.24241, interference=-4.60473, lumi=-3.60569, mu_efficiency=6.99268, mu_trigger=6.72799, non_prompt_stat_ele=6.88275, non_prompt_stat_muon=6.0835, others_stat_ele=4.57144, others_stat_muon=-1.78222, others_xs=-4.85291, param=0.0144707, pdf_ele=6.64337, pdf_muon=6.54083, photon_id=5.6945, pileup=6.64848, scale_ele=-3.53683, scale_muon=3.20699
RooProdPdf::model_s[ modelObs_s * nuisancePdf ]
     getLogVal() top-level p.d.f evaluates to zero @ !pdfs=(modelObs_s = 0/1,nuisancePdf = 1)

[#0] WARNING:Minization -- RooMinimizerFcn: Minimized function has error status.
Returning maximum FCN so far (906.114) to force MIGRAD to back out of this region. Error log follows
Parameter values: JER_ele=2.56991, JER_muon=5.27369, JES_ele=-6.99843, JES_muon=3.45577, QCD_stat_ele=-3.56386, QCD_stat_muon=6.18536, VBS_stat_ele=-0.264189, VBS_stat_muon=-5.73611, ele_efficiency=-1.35835, ele_trigger=-2.19267, fakephoton_ele=6.91303, fakephoton_muon=6.08004, interference=-4.20076, lumi=0.739484, mu_efficiency=5.94329, mu_trigger=-4.85974, non_prompt_stat_ele=-0.108356, non_prompt_stat_muon=6.56922, others_stat_ele=-6.99785, others_stat_muon=-2.5003, others_xs=4.70219, param=0.0137079, pdf_ele=2.84767, pdf_muon=6.29124, photon_id=6.99991, pileup=6.7009, scale_ele=-3.43284, scale_muon=3.83192
RooProdPdf::model_s[ modelObs_s * nuisancePdf ]
     getLogVal() top-level p.d.f evaluates to zero @ !pdfs=(modelObs_s = 0/1,nuisancePdf = 1)

[#0] WARNING:Minization -- RooMinimizerFcn: Minimized function has error status.
Returning maximum FCN so far (906.114) to force MIGRAD to back out of this region. Error log follows
Parameter values: JER_ele=6.84078, JER_muon=5.74733, JES_ele=-2.7195, JES_muon=6.74978, QCD_stat_ele=-2.77705, QCD_stat_muon=-2.5727, VBS_stat_ele=3.19669, VBS_stat_muon=6.92607, ele_efficiency=6.59738, ele_trigger=1.2807, fakephoton_ele=6.91707, fakephoton_muon=-2.26058, interference=-5.44018, lumi=-0.382006, mu_efficiency=6.65741, mu_trigger=6.99471, non_prompt_stat_ele=3.86184, non_prompt_stat_muon=6.41829, others_stat_ele=-0.0469433, others_stat_muon=1.57081, others_xs=5.03557, param=0.0147365, pdf_ele=4.97599, pdf_muon=5.62656, photon_id=5.43992, pileup=5.20104, scale_ele=5.81441, scale_muon=-6.33036
RooProdPdf::model_s[ modelObs_s * nuisancePdf ]
     getLogVal() top-level p.d.f evaluates to zero @ !pdfs=(modelObs_s = 0/1,nuisancePdf = 1)


 -- Hybrid New -- 
CLs = 0.99187 +/- 0.01328
Done in 14.52 min (cpu), 14.56 min (real)
