 <<< Combine >>> 
>>> including systematics
>>> using the Profile Likelihood test statistics modified for upper limits (Q_LHC)
>>> method used is HybridNew
>>> Used OpenSSL to get a really random seed 1865484453
Computing results starting from observation (a-posteriori)
[#0] WARNING:Minization -- RooMinimizerFcn: Minimized function has error status.
Returning maximum FCN so far (35.8064) to force MIGRAD to back out of this region. Error log follows
Parameter values: JER_ele=-4.57989, JER_muon=-2.08142, JES_ele=-4.49526, JES_muon=-0.929982, QCD_stat_ele=-5.45604, QCD_stat_muon=0.377808, VBS_stat_ele=-6.97118, VBS_stat_muon=6.15956, ele_efficiency=5.36423, ele_trigger=-6.90869, fakephoton_ele=2.50024, fakephoton_muon=-5.74215, interference=-3.2652, lumi=6.97682, mu_efficiency=-2.76666, mu_trigger=6.48227, non_prompt_stat_ele=5.93175, non_prompt_stat_muon=3.15439, others_stat_ele=6.92001, others_stat_muon=5.27027, others_xs=-6.92096, param=5.42503, pdf_ele=-6.99892, pdf_muon=3.89364, photon_id=6.99746, pileup=6.70901, scale_ele=3.59658, scale_muon=1.06703
RooProdPdf::model_s[ modelObs_s * nuisancePdf ]
     getLogVal() top-level p.d.f evaluates to zero @ !pdfs=(modelObs_s = 0/1,nuisancePdf = 1)

[#0] WARNING:Minization -- RooMinimizerFcn: Minimized function has error status.
Returning maximum FCN so far (841.917) to force MIGRAD to back out of this region. Error log follows
Parameter values: JER_ele=0.143204, JER_muon=3.92576, JES_ele=0.757745, JES_muon=6.14694, QCD_stat_ele=3.82564, QCD_stat_muon=2.43386, VBS_stat_ele=3.87282, VBS_stat_muon=3.37396, ele_efficiency=-2.91776, ele_trigger=0.373515, fakephoton_ele=3.6016, fakephoton_muon=3.59301, interference=0.597304, lumi=3.45698, mu_efficiency=1.41552, mu_trigger=6.29411, non_prompt_stat_ele=3.22637, non_prompt_stat_muon=6.81344, others_stat_ele=2.22127, others_stat_muon=5.9035, others_xs=5.40813, param=3.60495, pdf_ele=3.26786, pdf_muon=6.91564, photon_id=6.91819, pileup=0.827912, scale_ele=5.49638, scale_muon=-1.67039
RooProdPdf::model_s[ modelObs_s * nuisancePdf ]
     getLogVal() top-level p.d.f evaluates to zero @ !pdfs=(modelObs_s = 0/1,nuisancePdf = 1)

[#0] WARNING:Minization -- RooMinimizerFcn: Minimized function has error status.
Returning maximum FCN so far (875.859) to force MIGRAD to back out of this region. Error log follows
Parameter values: JER_ele=-6.08707, JER_muon=-5.93086, JES_ele=-6.95039, JES_muon=5.24509, QCD_stat_ele=6.96521, QCD_stat_muon=6.74376, VBS_stat_ele=-6.93409, VBS_stat_muon=-3.71158, ele_efficiency=-3.56796, ele_trigger=-6.82743, fakephoton_ele=5.47865, fakephoton_muon=-6.99695, interference=-6.8574, lumi=-5.86333, mu_efficiency=-4.88652, mu_trigger=-2.35095, non_prompt_stat_ele=6.41989, non_prompt_stat_muon=4.36843, others_stat_ele=-6.56847, others_stat_muon=4.77584, others_xs=-2.16797, param=0.677252, pdf_ele=-5.77624, pdf_muon=6.32803, photon_id=-0.530934, pileup=-1.20713, scale_ele=6.94592, scale_muon=6.91337
RooProdPdf::model_s[ modelObs_s * nuisancePdf ]
     getLogVal() top-level p.d.f evaluates to zero @ !pdfs=(modelObs_s = 0/1,nuisancePdf = 1)

[#0] WARNING:Minization -- RooMinimizerFcn: Minimized function has error status.
Returning maximum FCN so far (875.859) to force MIGRAD to back out of this region. Error log follows
Parameter values: JER_ele=0.631718, JER_muon=4.22324, JES_ele=1.4453, JES_muon=5.01606, QCD_stat_ele=5.96685, QCD_stat_muon=2.27782, VBS_stat_ele=2.42807, VBS_stat_muon=5.90841, ele_efficiency=-1.19294, ele_trigger=0.994937, fakephoton_ele=5.91832, fakephoton_muon=2.32394, interference=1.81738, lumi=3.36862, mu_efficiency=1.19371, mu_trigger=5.32145, non_prompt_stat_ele=6.3313, non_prompt_stat_muon=5.27841, others_stat_ele=2.34488, others_stat_muon=5.89324, others_xs=4.7884, param=0.0773875, pdf_ele=3.25865, pdf_muon=6.57327, photon_id=6.9838, pileup=0.641439, scale_ele=5.74732, scale_muon=4.78912
RooProdPdf::model_s[ modelObs_s * nuisancePdf ]
     getLogVal() top-level p.d.f evaluates to zero @ !pdfs=(modelObs_s = 0/1,nuisancePdf = 1)

[#0] WARNING:Minization -- RooMinimizerFcn: Minimized function has error status.
Returning maximum FCN so far (875.859) to force MIGRAD to back out of this region. Error log follows
Parameter values: JER_ele=-5.57117, JER_muon=-6.38816, JES_ele=-6.97018, JES_muon=3.07004, QCD_stat_ele=6.26404, QCD_stat_muon=5.45035, VBS_stat_ele=-6.26484, VBS_stat_muon=-4.32522, ele_efficiency=-3.37785, ele_trigger=-6.4743, fakephoton_ele=4.35286, fakephoton_muon=-6.91528, interference=-6.98435, lumi=-6.57999, mu_efficiency=-4.52974, mu_trigger=-4.07031, non_prompt_stat_ele=6.93114, non_prompt_stat_muon=1.59961, others_stat_ele=-6.9674, others_stat_muon=2.72599, others_xs=-4.15586, param=1.1297, pdf_ele=-6.72774, pdf_muon=6.99989, photon_id=3.98006, pileup=-1.0314, scale_ele=6.01774, scale_muon=1.9826
RooProdPdf::model_s[ modelObs_s * nuisancePdf ]
     getLogVal() top-level p.d.f evaluates to zero @ !pdfs=(modelObs_s = 0/1,nuisancePdf = 1)

[#0] WARNING:Minization -- RooMinimizerFcn: Minimized function has error status.
Returning maximum FCN so far (875.859) to force MIGRAD to back out of this region. Error log follows
Parameter values: JER_ele=0.134594, JER_muon=3.01436, JES_ele=0.744828, JES_muon=3.55388, QCD_stat_ele=4.41952, QCD_stat_muon=6.66534, VBS_stat_ele=1.37587, VBS_stat_muon=3.99257, ele_efficiency=-1.35963, ele_trigger=0.402226, fakephoton_ele=4.27074, fakephoton_muon=1.67163, interference=0.705068, lumi=2.24364, mu_efficiency=0.793456, mu_trigger=4.20086, non_prompt_stat_ele=4.44936, non_prompt_stat_muon=4.06252, others_stat_ele=1.58672, others_stat_muon=4.66744, others_xs=3.77327, param=3.90624, pdf_ele=2.28847, pdf_muon=5.05758, photon_id=6.02502, pileup=0.538132, scale_ele=4.33485, scale_muon=6.96255
RooProdPdf::model_s[ modelObs_s * nuisancePdf ]
     getLogVal() top-level p.d.f evaluates to zero @ !pdfs=(modelObs_s = 0/1,nuisancePdf = 1)

[#0] WARNING:Minization -- RooMinimizerFcn: Minimized function has error status.
Returning maximum FCN so far (875.859) to force MIGRAD to back out of this region. Error log follows
Parameter values: JER_ele=1.43124, JER_muon=5.47053, JES_ele=2.83839, JES_muon=6.80104, QCD_stat_ele=6.98909, QCD_stat_muon=-4.7209, VBS_stat_ele=3.2049, VBS_stat_muon=6.52943, ele_efficiency=-0.934131, ele_trigger=2.07517, fakephoton_ele=6.65904, fakephoton_muon=3.76365, interference=3.01721, lumi=4.91408, mu_efficiency=1.87524, mu_trigger=6.65785, non_prompt_stat_ele=6.91259, non_prompt_stat_muon=6.90265, others_stat_ele=3.97466, others_stat_muon=6.9952, others_xs=6.52086, param=3.59385, pdf_ele=4.8457, pdf_muon=6.73492, photon_id=5.05837, pileup=0.841034, scale_ele=6.99468, scale_muon=-4.44386
RooProdPdf::model_s[ modelObs_s * nuisancePdf ]
     getLogVal() top-level p.d.f evaluates to zero @ !pdfs=(modelObs_s = 0/1,nuisancePdf = 1)

[#0] WARNING:Minization -- RooMinimizerFcn: Minimized function has error status.
Returning maximum FCN so far (875.859) to force MIGRAD to back out of this region. Error log follows
Parameter values: JER_ele=0.893473, JER_muon=3.28046, JES_ele=1.73407, JES_muon=4.70717, QCD_stat_ele=5.80625, QCD_stat_muon=6.88436, VBS_stat_ele=2.59858, VBS_stat_muon=4.97495, ele_efficiency=-0.610152, ele_trigger=1.26023, fakephoton_ele=0.817325, fakephoton_muon=2.35092, interference=1.85653, lumi=3.28882, mu_efficiency=1.0504, mu_trigger=4.64779, non_prompt_stat_ele=-0.138732, non_prompt_stat_muon=5.2529, others_stat_ele=2.52824, others_stat_muon=5.97439, others_xs=4.80877, param=0.376432, pdf_ele=3.2715, pdf_muon=5.88219, photon_id=6.8339, pileup=0.517872, scale_ele=5.78695, scale_muon=6.05313
RooProdPdf::model_s[ modelObs_s * nuisancePdf ]
     getLogVal() top-level p.d.f evaluates to zero @ !pdfs=(modelObs_s = 0/1,nuisancePdf = 1)

[#0] WARNING:Minization -- RooMinimizerFcn: Minimized function has error status.
Returning maximum FCN so far (875.859) to force MIGRAD to back out of this region. Error log follows
Parameter values: JER_ele=-0.164136, JER_muon=4.77918, JES_ele=0.189757, JES_muon=4.98608, QCD_stat_ele=4.02152, QCD_stat_muon=-5.16175, VBS_stat_ele=2.3305, VBS_stat_muon=6.34031, ele_efficiency=-2.07982, ele_trigger=-0.0115781, fakephoton_ele=6.99222, fakephoton_muon=2.15483, interference=1.42292, lumi=2.9831, mu_efficiency=1.22918, mu_trigger=5.74323, non_prompt_stat_ele=6.7932, non_prompt_stat_muon=5.07088, others_stat_ele=1.04622, others_stat_muon=5.22927, others_xs=4.15136, param=0.405816, pdf_ele=2.24812, pdf_muon=6.83304, photon_id=6.93191, pileup=0.746825, scale_ele=3.72446, scale_muon=3.98207
RooProdPdf::model_s[ modelObs_s * nuisancePdf ]
     getLogVal() top-level p.d.f evaluates to zero @ !pdfs=(modelObs_s = 0/1,nuisancePdf = 1)

[#0] WARNING:Minization -- RooMinimizerFcn: Minimized function has error status.
Returning maximum FCN so far (875.859) to force MIGRAD to back out of this region. Error log follows
Parameter values: JER_ele=-4.36219, JER_muon=-6.49442, JES_ele=-6.23868, JES_muon=1.76572, QCD_stat_ele=-0.709322, QCD_stat_muon=6.99593, VBS_stat_ele=-5.09965, VBS_stat_muon=-5.32337, ele_efficiency=-2.56125, ele_trigger=-5.38307, fakephoton_ele=5.3761, fakephoton_muon=-6.76136, interference=-6.96488, lumi=-6.95992, mu_efficiency=-4.3368, mu_trigger=-4.53486, non_prompt_stat_ele=6.38144, non_prompt_stat_muon=-0.0827576, others_stat_ele=-6.62299, others_stat_muon=0.563828, others_xs=-5.66206, param=1.61376, pdf_ele=-6.85054, pdf_muon=6.88015, photon_id=6.52751, pileup=-0.975915, scale_ele=-0.13118, scale_muon=-1.04567
RooProdPdf::model_s[ modelObs_s * nuisancePdf ]
     getLogVal() top-level p.d.f evaluates to zero @ !pdfs=(modelObs_s = 0/1,nuisancePdf = 1)

[#0] WARNING:Minization -- RooMinimizerFcn: Minimized function has error status.
Returning maximum FCN so far (875.859) to force MIGRAD to back out of this region. Error log follows
Parameter values: JER_ele=0.0383583, JER_muon=3.16949, JES_ele=0.594531, JES_muon=3.76788, QCD_stat_ele=3.93414, QCD_stat_muon=6.24342, VBS_stat_ele=1.29037, VBS_stat_muon=4.15747, ele_efficiency=-1.38674, ele_trigger=0.284316, fakephoton_ele=4.31175, fakephoton_muon=1.75369, interference=0.799404, lumi=2.29177, mu_efficiency=0.844925, mu_trigger=4.36194, non_prompt_stat_ele=4.50028, non_prompt_stat_muon=4.22813, others_stat_ele=1.42199, others_stat_muon=4.84204, others_xs=3.82731, param=3.38301, pdf_ele=2.08443, pdf_muon=5.30176, photon_id=6.08929, pileup=0.543012, scale_ele=3.95983, scale_muon=6.85818
RooProdPdf::model_s[ modelObs_s * nuisancePdf ]
     getLogVal() top-level p.d.f evaluates to zero @ !pdfs=(modelObs_s = 0/1,nuisancePdf = 1)

[#0] WARNING:Minization -- RooMinimizerFcn: Minimized function has error status.
Returning maximum FCN so far (875.859) to force MIGRAD to back out of this region. Error log follows
Parameter values: JER_ele=1.06192, JER_muon=4.51197, JES_ele=2.18194, JES_muon=5.92559, QCD_stat_ele=6.88847, QCD_stat_muon=2.00546, VBS_stat_ele=2.70154, VBS_stat_muon=5.76206, ele_efficiency=-1.08421, ele_trigger=1.55401, fakephoton_ele=5.09214, fakephoton_muon=2.9776, interference=2.15045, lumi=3.98524, mu_efficiency=1.43401, mu_trigger=5.90214, non_prompt_stat_ele=5.36863, non_prompt_stat_muon=6.22229, others_stat_ele=3.19945, others_stat_muon=6.63333, others_xs=5.6823, param=3.31674, pdf_ele=4.14517, pdf_muon=6.9209, photon_id=6.75167, pileup=0.724843, scale_ele=6.758, scale_muon=1.16582
RooProdPdf::model_s[ modelObs_s * nuisancePdf ]
     getLogVal() top-level p.d.f evaluates to zero @ !pdfs=(modelObs_s = 0/1,nuisancePdf = 1)

[#0] WARNING:Minization -- RooMinimizerFcn: Minimized function has error status.
Returning maximum FCN so far (875.859) to force MIGRAD to back out of this region. Error log follows
Parameter values: JER_ele=-2.22566, JER_muon=0.192038, JES_ele=-2.84051, JES_muon=-3.24573, QCD_stat_ele=-6.56776, QCD_stat_muon=6.99985, VBS_stat_ele=-1.51277, VBS_stat_muon=-0.500734, ele_efficiency=-2.13251, ele_trigger=-2.44353, fakephoton_ele=6.87121, fakephoton_muon=-1.63371, interference=-2.43301, lumi=-2.03026, mu_efficiency=-0.514842, mu_trigger=-0.413272, non_prompt_stat_ele=5.79497, non_prompt_stat_muon=-3.45591, others_stat_ele=-2.59715, others_stat_muon=-3.22787, others_xs=-2.09508, param=2.40871, pdf_ele=-2.73755, pdf_muon=-2.48388, photon_id=-4.37276, pileup=0.172356, scale_ele=-5.46418, scale_muon=-6.12849
RooProdPdf::model_s[ modelObs_s * nuisancePdf ]
     getLogVal() top-level p.d.f evaluates to zero @ !pdfs=(modelObs_s = 0/1,nuisancePdf = 1)

[#0] WARNING:Minization -- RooMinimizerFcn: Minimized function has error status.
Returning maximum FCN so far (875.859) to force MIGRAD to back out of this region. Error log follows
Parameter values: JER_ele=-0.317109, JER_muon=-0.757255, JES_ele=0.260955, JES_muon=-2.77134, QCD_stat_ele=1.35248, QCD_stat_muon=-5.63927, VBS_stat_ele=0.759003, VBS_stat_muon=-0.738149, ele_efficiency=-1.4421, ele_trigger=-0.0220131, fakephoton_ele=5.52025, fakephoton_muon=-0.921424, interference=-1.80822, lumi=-0.402191, mu_efficiency=-0.502341, mu_trigger=-0.545863, non_prompt_stat_ele=5.57063, non_prompt_stat_muon=-1.935, others_stat_ele=1.2475, others_stat_muon=-1.13713, others_xs=0.421207, param=2.7895, pdf_ele=1.42699, pdf_muon=-3.14102, photon_id=-1.14069, pileup=0.247352, scale_ele=3.01385, scale_muon=-5.69956
RooProdPdf::model_s[ modelObs_s * nuisancePdf ]
     getLogVal() top-level p.d.f evaluates to zero @ !pdfs=(modelObs_s = 0/1,nuisancePdf = 1)

[#0] WARNING:Minization -- RooMinimizerFcn: Minimized function has error status.
Returning maximum FCN so far (907.028) to force MIGRAD to back out of this region. Error log follows
Parameter values: JER_ele=-0.147067, JER_muon=-6.99624, JES_ele=0.645881, JES_muon=-1.50164, QCD_stat_ele=0.997294, QCD_stat_muon=-6.15027, VBS_stat_ele=1.75636, VBS_stat_muon=-6.93335, ele_efficiency=-1.36865, ele_trigger=0.286783, fakephoton_ele=6.8003, fakephoton_muon=-6.37298, interference=-6.41517, lumi=-5.79698, mu_efficiency=-3.74078, mu_trigger=-6.40407, non_prompt_stat_ele=6.20284, non_prompt_stat_muon=-2.86776, others_stat_ele=1.83677, others_stat_muon=-2.84189, others_xs=-6.74067, param=0.776898, pdf_ele=1.95105, pdf_muon=4.09773, photon_id=-0.912686, pileup=-0.425183, scale_ele=4.05404, scale_muon=-6.97785
RooProdPdf::model_s[ modelObs_s * nuisancePdf ]
     getLogVal() top-level p.d.f evaluates to zero @ !pdfs=(modelObs_s = 0/1,nuisancePdf = 1)

[#0] WARNING:Minization -- RooMinimizerFcn: Minimized function has error status.
Returning maximum FCN so far (907.028) to force MIGRAD to back out of this region. Error log follows
Parameter values: JER_ele=0.666742, JER_muon=1.77121, JES_ele=1.5382, JES_muon=-6.99932, QCD_stat_ele=4.94802, QCD_stat_muon=6.58233, VBS_stat_ele=3.15402, VBS_stat_muon=-3.9656, ele_efficiency=-1.15382, ele_trigger=1.06622, fakephoton_ele=5.35567, fakephoton_muon=6.60135, interference=6.87731, lumi=6.15263, mu_efficiency=5.66177, mu_trigger=-4.57877, non_prompt_stat_ele=5.7164, non_prompt_stat_muon=-6.98061, others_stat_ele=2.95735, others_stat_muon=-6.60475, others_xs=1.1191, param=0.514976, pdf_ele=3.27353, pdf_muon=0.785173, photon_id=-1.41652, pileup=1.70576, scale_ele=5.77193, scale_muon=4.19358
RooProdPdf::model_s[ modelObs_s * nuisancePdf ]
     getLogVal() top-level p.d.f evaluates to zero @ !pdfs=(modelObs_s = 0/1,nuisancePdf = 1)

[#0] WARNING:Minization -- RooMinimizerFcn: Minimized function has error status.
Returning maximum FCN so far (907.028) to force MIGRAD to back out of this region. Error log follows
Parameter values: JER_ele=3.03911, JER_muon=3.83364, JES_ele=5.00191, JES_muon=-5.94336, QCD_stat_ele=2.36981, QCD_stat_muon=-2.40305, VBS_stat_ele=5.68099, VBS_stat_muon=-1.46614, ele_efficiency=-0.414662, ele_trigger=3.9837, fakephoton_ele=5.63947, fakephoton_muon=6.95773, interference=6.99646, lumi=6.17471, mu_efficiency=5.16615, mu_trigger=-1.94343, non_prompt_stat_ele=3.60173, non_prompt_stat_muon=-5.67399, others_stat_ele=6.08419, others_stat_muon=-6.75466, others_xs=1.5603, param=0.0494152, pdf_ele=6.7649, pdf_muon=-4.14697, photon_id=-1.19353, pileup=1.71742, scale_ele=2.66555, scale_muon=-5.57079
RooProdPdf::model_s[ modelObs_s * nuisancePdf ]
     getLogVal() top-level p.d.f evaluates to zero @ !pdfs=(modelObs_s = 0/1,nuisancePdf = 1)

[#0] WARNING:Minization -- RooMinimizerFcn: Minimized function has error status.
Returning maximum FCN so far (907.028) to force MIGRAD to back out of this region. Error log follows
Parameter values: JER_ele=6.94464, JER_muon=-6.07813, JES_ele=1.95754, JES_muon=4.45877, QCD_stat_ele=-1.90131, QCD_stat_muon=6.89354, VBS_stat_ele=3.11356, VBS_stat_muon=-5.68708, ele_efficiency=2.09551, ele_trigger=5.57389, fakephoton_ele=3.26441, fakephoton_muon=2.27977, interference=1.88094, lumi=-5.17845, mu_efficiency=6.87912, mu_trigger=-4.36309, non_prompt_stat_ele=6.59884, non_prompt_stat_muon=3.52944, others_stat_ele=-1.79413, others_stat_muon=6.25327, others_xs=-4.92083, param=1.66433, pdf_ele=-6.25752, pdf_muon=0.331239, photon_id=-4.31432, pileup=3.04559, scale_ele=1.96528, scale_muon=3.81025
RooProdPdf::model_s[ modelObs_s * nuisancePdf ]
     getLogVal() top-level p.d.f evaluates to zero @ !pdfs=(modelObs_s = 0/1,nuisancePdf = 1)

[#0] WARNING:Minization -- RooMinimizerFcn: Minimized function has error status.
Returning maximum FCN so far (907.028) to force MIGRAD to back out of this region. Error log follows
Parameter values: JER_ele=0.508075, JER_muon=3.49388, JES_ele=1.31036, JES_muon=4.33197, QCD_stat_ele=5.86196, QCD_stat_muon=5.46926, VBS_stat_ele=1.95654, VBS_stat_muon=4.54242, ele_efficiency=-1.271, ele_trigger=0.857634, fakephoton_ele=4.65694, fakephoton_muon=2.01631, interference=1.15186, lumi=2.81964, mu_efficiency=0.977655, mu_trigger=4.7722, non_prompt_stat_ele=4.88146, non_prompt_stat_muon=4.7331, others_stat_ele=2.15219, others_stat_muon=5.33496, others_xs=4.40925, param=2.81057, pdf_ele=3.0943, pdf_muon=5.84455, photon_id=6.74231, pileup=0.605075, scale_ele=5.58361, scale_muon=6.22569
RooProdPdf::model_s[ modelObs_s * nuisancePdf ]
     getLogVal() top-level p.d.f evaluates to zero @ !pdfs=(modelObs_s = 0/1,nuisancePdf = 1)

[#0] WARNING:Minization -- RooMinimizerFcn: Minimized function has error status.
Returning maximum FCN so far (907.028) to force MIGRAD to back out of this region. Error log follows
Parameter values: JER_ele=-5.89036, JER_muon=-4.60178, JES_ele=-6.87042, JES_muon=-6.59883, QCD_stat_ele=-4.91374, QCD_stat_muon=6.79895, VBS_stat_ele=-6.16279, VBS_stat_muon=-4.29033, ele_efficiency=-1.79554, ele_trigger=-6.31612, fakephoton_ele=6.8972, fakephoton_muon=-3.28531, interference=-3.43596, lumi=-5.15559, mu_efficiency=-1.65087, mu_trigger=-5.71063, non_prompt_stat_ele=5.92489, non_prompt_stat_muon=-6.48432, others_stat_ele=-6.13344, others_stat_muon=-5.706, others_xs=-5.98904, param=0.710878, pdf_ele=-5.67712, pdf_muon=-6.95034, photon_id=0.354748, pileup=-0.808326, scale_ele=6.6054, scale_muon=3.04371
RooProdPdf::model_s[ modelObs_s * nuisancePdf ]
     getLogVal() top-level p.d.f evaluates to zero @ !pdfs=(modelObs_s = 0/1,nuisancePdf = 1)

[#0] WARNING:Minization -- RooMinimizerFcn: Minimized function has error status.
Returning maximum FCN so far (907.028) to force MIGRAD to back out of this region. Error log follows
Parameter values: JER_ele=3.70371, JER_muon=6.60142, JES_ele=6.33182, JES_muon=-2.65601, QCD_stat_ele=3.56014, QCD_stat_muon=6.999, VBS_stat_ele=4.8781, VBS_stat_muon=3.76033, ele_efficiency=3.58109, ele_trigger=5.33384, fakephoton_ele=3.09505, fakephoton_muon=6.79208, interference=6.84939, lumi=6.44021, mu_efficiency=4.48766, mu_trigger=4.93359, non_prompt_stat_ele=5.47622, non_prompt_stat_muon=0.0473458, others_stat_ele=6.95268, others_stat_muon=-5.22065, others_xs=3.5953, param=0.398248, pdf_ele=5.86168, pdf_muon=-6.80719, photon_id=-6.8102, pileup=0.657984, scale_ele=2.19196, scale_muon=2.25178
RooProdPdf::model_s[ modelObs_s * nuisancePdf ]
     getLogVal() top-level p.d.f evaluates to zero @ !pdfs=(modelObs_s = 0/1,nuisancePdf = 1)

[#0] WARNING:Minization -- RooMinimizerFcn: Minimized function has error status.
Returning maximum FCN so far (907.028) to force MIGRAD to back out of this region. Error log follows
Parameter values: JER_ele=-0.745917, JER_muon=2.49833, JES_ele=-0.449692, JES_muon=2.36802, QCD_stat_ele=0.20823, QCD_stat_muon=6.65653, VBS_stat_ele=1.31442, VBS_stat_muon=3.83333, ele_efficiency=-2.26486, ele_trigger=-0.591598, fakephoton_ele=5.01024, fakephoton_muon=1.26788, interference=-0.142298, lumi=1.6051, mu_efficiency=0.548656, mu_trigger=3.87326, non_prompt_stat_ele=4.95328, non_prompt_stat_muon=3.28836, others_stat_ele=0.858981, others_stat_muon=3.59454, others_xs=3.09277, param=0.212254, pdf_ele=1.13718, pdf_muon=3.97585, photon_id=4.61732, pileup=0.575059, scale_ele=1.91208, scale_muon=6.68097
RooProdPdf::model_s[ modelObs_s * nuisancePdf ]
     getLogVal() top-level p.d.f evaluates to zero @ !pdfs=(modelObs_s = 0/1,nuisancePdf = 1)

[#0] WARNING:Minization -- RooMinimizerFcn: Minimized function has error status.
Returning maximum FCN so far (907.028) to force MIGRAD to back out of this region. Error log follows
Parameter values: JER_ele=-3.51563, JER_muon=-6.99088, JES_ele=-5.69005, JES_muon=-1.6998, QCD_stat_ele=-5.98929, QCD_stat_muon=-6.96479, VBS_stat_ele=-4.59933, VBS_stat_muon=-6.96563, ele_efficiency=-1.72031, ele_trigger=-4.70333, fakephoton_ele=4.27215, fakephoton_muon=-6.43388, interference=-6.4721, lumi=-6.95044, mu_efficiency=-3.69542, mu_trigger=-6.13582, non_prompt_stat_ele=6.99986, non_prompt_stat_muon=-2.41578, others_stat_ele=-6.64453, others_stat_muon=-2.30023, others_xs=-6.34865, param=0.183396, pdf_ele=-6.44571, pdf_muon=3.84845, photon_id=6.427, pileup=-0.895291, scale_ele=-2.45995, scale_muon=-6.90395
RooProdPdf::model_s[ modelObs_s * nuisancePdf ]
     getLogVal() top-level p.d.f evaluates to zero @ !pdfs=(modelObs_s = 0/1,nuisancePdf = 1)

[#0] WARNING:Minization -- RooMinimizerFcn: Minimized function has error status.
Returning maximum FCN so far (907.028) to force MIGRAD to back out of this region. Error log follows
Parameter values: JER_ele=-5.45658, JER_muon=-6.58157, JES_ele=-6.94723, JES_muon=3.25053, QCD_stat_ele=5.89893, QCD_stat_muon=4.00539, VBS_stat_ele=-5.97005, VBS_stat_muon=-5.92378, ele_efficiency=-3.3027, ele_trigger=-6.39268, fakephoton_ele=2.00693, fakephoton_muon=-6.91626, interference=-6.99754, lumi=-6.66878, mu_efficiency=-4.50679, mu_trigger=-4.15992, non_prompt_stat_ele=6.60293, non_prompt_stat_muon=1.60581, others_stat_ele=-6.99093, others_stat_muon=2.6525, others_xs=-4.22243, param=0.421764, pdf_ele=-6.81098, pdf_muon=6.98901, photon_id=4.31139, pileup=-1.02676, scale_ele=5.74832, scale_muon=2.8879
RooProdPdf::model_s[ modelObs_s * nuisancePdf ]
     getLogVal() top-level p.d.f evaluates to zero @ !pdfs=(modelObs_s = 0/1,nuisancePdf = 1)

[#0] WARNING:Minization -- RooMinimizerFcn: Minimized function has error status.
Returning maximum FCN so far (907.028) to force MIGRAD to back out of this region. Error log follows
Parameter values: JER_ele=2.56637, JER_muon=6.79556, JES_ele=4.56528, JES_muon=6.01566, QCD_stat_ele=4.39703, QCD_stat_muon=-1.72579, VBS_stat_ele=4.51354, VBS_stat_muon=6.95892, ele_efficiency=-0.484198, ele_trigger=3.53146, fakephoton_ele=6.13496, fakephoton_muon=5.32527, interference=4.93233, lumi=6.52508, mu_efficiency=2.87057, mu_trigger=6.75715, non_prompt_stat_ele=4.6604, non_prompt_stat_muon=5.98107, others_stat_ele=5.69248, others_stat_muon=4.64049, others_xs=6.85326, param=1.11319, pdf_ele=6.40465, pdf_muon=1.96099, photon_id=-2.89645, pileup=1.11649, scale_ele=4.22905, scale_muon=-2.30108
RooProdPdf::model_s[ modelObs_s * nuisancePdf ]
     getLogVal() top-level p.d.f evaluates to zero @ !pdfs=(modelObs_s = 0/1,nuisancePdf = 1)

[#0] WARNING:Minization -- RooMinimizerFcn: Minimized function has error status.
Returning maximum FCN so far (907.028) to force MIGRAD to back out of this region. Error log follows
Parameter values: JER_ele=0.77562, JER_muon=4.0329, JES_ele=1.76804, JES_muon=5.33064, QCD_stat_ele=5.70173, QCD_stat_muon=5.11367, VBS_stat_ele=2.26914, VBS_stat_muon=5.42498, ele_efficiency=-0.831011, ele_trigger=1.23727, fakephoton_ele=5.04893, fakephoton_muon=2.52411, interference=2.1145, lumi=3.68095, mu_efficiency=1.25493, mu_trigger=5.34847, non_prompt_stat_ele=5.21135, non_prompt_stat_muon=5.56028, others_stat_ele=2.72328, others_stat_muon=6.49756, others_xs=5.36133, param=0.0616254, pdf_ele=3.34366, pdf_muon=6.5435, photon_id=6.99927, pileup=0.602851, scale_ele=6.02095, scale_muon=4.58798
RooProdPdf::model_s[ modelObs_s * nuisancePdf ]
     getLogVal() top-level p.d.f evaluates to zero @ !pdfs=(modelObs_s = 0/1,nuisancePdf = 1)

[#0] WARNING:Minization -- RooMinimizerFcn: Minimized function has error status.
Returning maximum FCN so far (907.028) to force MIGRAD to back out of this region. Error log follows
Parameter values: JER_ele=0.807169, JER_muon=4.63058, JES_ele=1.84305, JES_muon=5.91256, QCD_stat_ele=6.52746, QCD_stat_muon=-0.556467, VBS_stat_ele=2.61099, VBS_stat_muon=5.73985, ele_efficiency=-1.27671, ele_trigger=1.27221, fakephoton_ele=6.20548, fakephoton_muon=2.89726, interference=2.07117, lumi=3.88005, mu_efficiency=1.43788, mu_trigger=5.96918, non_prompt_stat_ele=6.57022, non_prompt_stat_muon=6.13633, others_stat_ele=2.86483, others_stat_muon=6.53192, others_xs=5.54715, param=0.158547, pdf_ele=3.81933, pdf_muon=6.94598, photon_id=6.81125, pileup=0.742026, scale_ele=6.48501, scale_muon=0.96404
RooProdPdf::model_s[ modelObs_s * nuisancePdf ]
     getLogVal() top-level p.d.f evaluates to zero @ !pdfs=(modelObs_s = 0/1,nuisancePdf = 1)

[#0] WARNING:Minization -- RooMinimizerFcn: Minimized function has error status.
Returning maximum FCN so far (907.028) to force MIGRAD to back out of this region. Error log follows
Parameter values: JER_ele=1.58651, JER_muon=5.90212, JES_ele=3.07379, JES_muon=6.98543, QCD_stat_ele=6.89317, QCD_stat_muon=-6.97841, VBS_stat_ele=3.54331, VBS_stat_muon=6.7338, ele_efficiency=-0.918748, ele_trigger=2.27434, fakephoton_ele=6.99976, fakephoton_muon=4.07733, interference=3.47214, lumi=5.2717, mu_efficiency=2.1004, mu_trigger=6.87981, non_prompt_stat_ele=6.76978, non_prompt_stat_muon=6.99584, others_stat_ele=4.1758, others_stat_muon=6.93242, others_xs=6.68597, param=0.0184671, pdf_ele=5.129, pdf_muon=6.03402, photon_id=3.67498, pileup=0.904959, scale_ele=6.90523, scale_muon=-6.60364
RooProdPdf::model_s[ modelObs_s * nuisancePdf ]
     getLogVal() top-level p.d.f evaluates to zero @ !pdfs=(modelObs_s = 0/1,nuisancePdf = 1)

[#0] WARNING:Minization -- RooMinimizerFcn: Minimized function has error status.
Returning maximum FCN so far (907.028) to force MIGRAD to back out of this region. Error log follows
Parameter values: JER_ele=2.36613, JER_muon=6.76419, JES_ele=4.24878, JES_muon=6.2225, QCD_stat_ele=4.96824, QCD_stat_muon=-0.751718, VBS_stat_ele=4.46749, VBS_stat_muon=6.97591, ele_efficiency=-0.660231, ele_trigger=3.26197, fakephoton_ele=6.0104, fakephoton_muon=5.19485, interference=4.72905, lumi=6.36025, mu_efficiency=2.79347, mu_trigger=6.82465, non_prompt_stat_ele=4.28577, non_prompt_stat_muon=6.2019, others_stat_ele=5.37208, others_stat_muon=5.39067, others_xs=6.96812, param=0.0128372, pdf_ele=6.22181, pdf_muon=2.25428, photon_id=-2.12486, pileup=1.10641, scale_ele=5.01758, scale_muon=-2.80219
RooProdPdf::model_s[ modelObs_s * nuisancePdf ]
     getLogVal() top-level p.d.f evaluates to zero @ !pdfs=(modelObs_s = 0/1,nuisancePdf = 1)

[#0] WARNING:Minization -- RooMinimizerFcn: Minimized function has error status.
Returning maximum FCN so far (907.028) to force MIGRAD to back out of this region. Error log follows
Parameter values: JER_ele=6.92406, JER_muon=-4.24914, JES_ele=4.8118, JES_muon=2.35895, QCD_stat_ele=6.48933, QCD_stat_muon=6.83788, VBS_stat_ele=6.46009, VBS_stat_muon=-6.1988, ele_efficiency=2.41471, ele_trigger=6.72599, fakephoton_ele=0.949193, fakephoton_muon=3.46966, interference=3.8825, lumi=-1.06461, mu_efficiency=6.70968, mu_trigger=-6.74226, non_prompt_stat_ele=6.71982, non_prompt_stat_muon=0.480295, others_stat_ele=2.31766, others_stat_muon=-1.64653, others_xs=-6.65126, param=0.0859352, pdf_ele=-1.86891, pdf_muon=3.495, photon_id=-6.38892, pileup=2.56961, scale_ele=6.669, scale_muon=3.09982
RooProdPdf::model_s[ modelObs_s * nuisancePdf ]
     getLogVal() top-level p.d.f evaluates to zero @ !pdfs=(modelObs_s = 0/1,nuisancePdf = 1)

[#0] WARNING:Minization -- RooMinimizerFcn: Minimized function has error status.
Returning maximum FCN so far (907.028) to force MIGRAD to back out of this region. Error log follows
Parameter values: JER_ele=0.183506, JER_muon=2.98331, JES_ele=0.745458, JES_muon=3.66985, QCD_stat_ele=4.69557, QCD_stat_muon=6.34677, VBS_stat_ele=1.38638, VBS_stat_muon=3.73506, ele_efficiency=-1.29031, ele_trigger=0.41938, fakephoton_ele=4.03401, fakephoton_muon=1.67065, interference=0.733865, lumi=2.11503, mu_efficiency=0.799638, mu_trigger=4.12001, non_prompt_stat_ele=4.33543, non_prompt_stat_muon=4.05797, others_stat_ele=1.48037, others_stat_muon=4.23387, others_xs=3.41732, param=1.26283, pdf_ele=2.26876, pdf_muon=5.2093, photon_id=6.02494, pileup=0.524293, scale_ele=4.28826, scale_muon=6.80439
RooProdPdf::model_s[ modelObs_s * nuisancePdf ]
     getLogVal() top-level p.d.f evaluates to zero @ !pdfs=(modelObs_s = 0/1,nuisancePdf = 1)

[#0] WARNING:Minization -- RooMinimizerFcn: Minimized function has error status.
Returning maximum FCN so far (907.028) to force MIGRAD to back out of this region. Error log follows
Parameter values: JER_ele=1.40567, JER_muon=6.48382, JES_ele=3.01472, JES_muon=6.91617, QCD_stat_ele=6.87165, QCD_stat_muon=-5.3947, VBS_stat_ele=3.52732, VBS_stat_muon=7, ele_efficiency=-1.50574, ele_trigger=2.18549, fakephoton_ele=6.94231, fakephoton_muon=4.68159, interference=4.03074, lumi=6.10042, mu_efficiency=2.47358, mu_trigger=6.90698, non_prompt_stat_ele=6.86274, non_prompt_stat_muon=6.81093, others_stat_ele=3.88692, others_stat_muon=5.24857, others_xs=6.93068, param=0.0158181, pdf_ele=5.40058, pdf_muon=4.97155, photon_id=1.16539, pileup=1.0931, scale_ele=6.8174, scale_muon=-6.80987
RooProdPdf::model_s[ modelObs_s * nuisancePdf ]
     getLogVal() top-level p.d.f evaluates to zero @ !pdfs=(modelObs_s = 0/1,nuisancePdf = 1)

[#0] WARNING:Minization -- RooMinimizerFcn: Minimized function has error status.
Returning maximum FCN so far (907.028) to force MIGRAD to back out of this region. Error log follows
Parameter values: JER_ele=1.9575, JER_muon=6.63095, JES_ele=3.6885, JES_muon=6.52254, QCD_stat_ele=6.14262, QCD_stat_muon=-2.73742, VBS_stat_ele=3.92302, VBS_stat_muon=6.99771, ele_efficiency=-0.883417, ele_trigger=2.77033, fakephoton_ele=6.7197, fakephoton_muon=5.01455, interference=4.39428, lumi=6.10534, mu_efficiency=2.65816, mu_trigger=6.91437, non_prompt_stat_ele=5.83407, non_prompt_stat_muon=6.46855, others_stat_ele=4.83775, others_stat_muon=5.82186, others_xs=6.99978, param=0.118809, pdf_ele=5.76171, pdf_muon=3.20766, photon_id=-0.544362, pileup=1.06602, scale_ele=6.17088, scale_muon=-4.57432
RooProdPdf::model_s[ modelObs_s * nuisancePdf ]
     getLogVal() top-level p.d.f evaluates to zero @ !pdfs=(modelObs_s = 0/1,nuisancePdf = 1)

[#0] WARNING:Minization -- RooMinimizerFcn: Minimized function has error status.
Returning maximum FCN so far (907.028) to force MIGRAD to back out of this region. Error log follows
Parameter values: JER_ele=2.31086, JER_muon=6.84965, JES_ele=4.20292, JES_muon=5.85487, QCD_stat_ele=5.06163, QCD_stat_muon=1.39231, VBS_stat_ele=4.30485, VBS_stat_muon=6.96064, ele_efficiency=-0.709651, ele_trigger=3.21031, fakephoton_ele=6.10548, fakephoton_muon=5.38605, interference=4.85933, lumi=6.44534, mu_efficiency=2.91795, mu_trigger=6.68053, non_prompt_stat_ele=4.47772, non_prompt_stat_muon=5.84262, others_stat_ele=5.34646, others_stat_muon=4.89045, others_xs=6.91866, param=0.0315911, pdf_ele=6.18209, pdf_muon=1.38709, photon_id=-2.83196, pileup=1.13682, scale_ele=5.09437, scale_muon=-0.780126
RooProdPdf::model_s[ modelObs_s * nuisancePdf ]
     getLogVal() top-level p.d.f evaluates to zero @ !pdfs=(modelObs_s = 0/1,nuisancePdf = 1)

[#0] WARNING:Minization -- RooMinimizerFcn: Minimized function has error status.
Returning maximum FCN so far (907.028) to force MIGRAD to back out of this region. Error log follows
Parameter values: JER_ele=2.76078, JER_muon=6.99489, JES_ele=4.82418, JES_muon=4.46038, QCD_stat_ele=3.08693, QCD_stat_muon=6.07933, VBS_stat_ele=4.80152, VBS_stat_muon=6.67862, ele_efficiency=-0.527358, ele_trigger=3.76187, fakephoton_ele=4.78528, fakephoton_muon=5.87498, interference=5.45813, lumi=6.79989, mu_efficiency=3.28573, mu_trigger=6.05064, non_prompt_stat_ele=2.15877, non_prompt_stat_muon=4.52934, others_stat_ele=5.91127, others_stat_muon=3.1603, others_xs=6.52151, param=0.0344102, pdf_ele=6.62028, pdf_muon=-1.35327, photon_id=-5.47487, pileup=1.24449, scale_ele=3.13089, scale_muon=4.59947
RooProdPdf::model_s[ modelObs_s * nuisancePdf ]
     getLogVal() top-level p.d.f evaluates to zero @ !pdfs=(modelObs_s = 0/1,nuisancePdf = 1)

[#0] WARNING:Minization -- RooMinimizerFcn: Minimized function has error status.
Returning maximum FCN so far (907.028) to force MIGRAD to back out of this region. Error log follows
Parameter values: JER_ele=0.459003, JER_muon=4.01198, JES_ele=1.26886, JES_muon=5.15289, QCD_stat_ele=5.70374, QCD_stat_muon=2.72322, VBS_stat_ele=1.96085, VBS_stat_muon=4.95846, ele_efficiency=-1.34334, ele_trigger=0.814807, fakephoton_ele=5.21804, fakephoton_muon=2.42575, interference=1.49324, lumi=3.15561, mu_efficiency=1.18627, mu_trigger=5.34808, non_prompt_stat_ele=5.58177, non_prompt_stat_muon=5.45158, others_stat_ele=2.1916, others_stat_muon=5.86068, others_xs=4.77909, param=0.0141803, pdf_ele=3.05424, pdf_muon=6.53458, photon_id=6.97007, pileup=0.655923, scale_ele=5.56839, scale_muon=3.96937
RooProdPdf::model_s[ modelObs_s * nuisancePdf ]
     getLogVal() top-level p.d.f evaluates to zero @ !pdfs=(modelObs_s = 0/1,nuisancePdf = 1)

[#0] WARNING:Minization -- RooMinimizerFcn: Minimized function has error status.
Returning maximum FCN so far (907.028) to force MIGRAD to back out of this region. Error log follows
Parameter values: JER_ele=0.0153914, JER_muon=2.99154, JES_ele=0.536241, JES_muon=3.51963, QCD_stat_ele=3.96309, QCD_stat_muon=6.72666, VBS_stat_ele=1.38495, VBS_stat_muon=3.95226, ele_efficiency=-1.46976, ele_trigger=0.239917, fakephoton_ele=3.78367, fakephoton_muon=1.6283, interference=0.677622, lumi=2.18589, mu_efficiency=0.783606, mu_trigger=4.21204, non_prompt_stat_ele=3.84401, non_prompt_stat_muon=3.98287, others_stat_ele=1.35437, others_stat_muon=4.56608, others_xs=3.6545, param=0.000148381, pdf_ele=2.09381, pdf_muon=5.04827, photon_id=5.91399, pileup=0.543811, scale_ele=3.90368, scale_muon=6.95925
RooProdPdf::model_s[ modelObs_s * nuisancePdf ]
     getLogVal() top-level p.d.f evaluates to zero @ !pdfs=(modelObs_s = 0/1,nuisancePdf = 1)

[#0] WARNING:Minization -- RooMinimizerFcn: Minimized function has error status.
Returning maximum FCN so far (907.028) to force MIGRAD to back out of this region. Error log follows
Parameter values: JER_ele=-0.112925, JER_muon=2.65902, JES_ele=0.316809, JES_muon=2.95445, QCD_stat_ele=3.3754, QCD_stat_muon=6.99902, VBS_stat_ele=1.20907, VBS_stat_muon=3.60467, ele_efficiency=-1.50409, ele_trigger=0.0696446, fakephoton_ele=3.27003, fakephoton_muon=1.38109, interference=0.425116, lumi=1.87081, mu_efficiency=0.659921, mu_trigger=3.81508, non_prompt_stat_ele=3.20508, non_prompt_stat_muon=3.46569, others_stat_ele=1.09147, others_stat_muon=4.06132, others_xs=3.25859, param=0.000248842, pdf_ele=1.79855, pdf_muon=4.42926, photon_id=5.31757, pileup=0.508906, scale_ele=3.3161, scale_muon=6.92262
RooProdPdf::model_s[ modelObs_s * nuisancePdf ]
     getLogVal() top-level p.d.f evaluates to zero @ !pdfs=(modelObs_s = 0/1,nuisancePdf = 1)

[#0] WARNING:Minization -- RooMinimizerFcn: Minimized function has error status.
Returning maximum FCN so far (907.028) to force MIGRAD to back out of this region. Error log follows
Parameter values: JER_ele=-0.100295, JER_muon=2.69246, JES_ele=0.338569, JES_muon=3.01205, QCD_stat_ele=3.43514, QCD_stat_muon=6.99362, VBS_stat_ele=1.22642, VBS_stat_muon=3.63994, ele_efficiency=-1.50096, ele_trigger=0.0864894, fakephoton_ele=3.32126, fakephoton_muon=1.40596, interference=0.450423, lumi=1.90285, mu_efficiency=0.672303, mu_trigger=3.85602, non_prompt_stat_ele=3.26844, non_prompt_stat_muon=3.51878, others_stat_ele=1.11753, others_stat_muon=4.11439, others_xs=3.29978, param=0.000100866, pdf_ele=1.82816, pdf_muon=4.49377, photon_id=5.38232, pileup=0.512439, scale_ele=3.3761, scale_muon=6.9467
RooProdPdf::model_s[ modelObs_s * nuisancePdf ]
     getLogVal() top-level p.d.f evaluates to zero @ !pdfs=(modelObs_s = 0/1,nuisancePdf = 1)

[#0] WARNING:Minization -- RooMinimizerFcn: Minimized function has error status.
Returning maximum FCN so far (907.028) to force MIGRAD to back out of this region. Error log follows
Parameter values: JER_ele=-0.116674, JER_muon=2.64923, JES_ele=0.310414, JES_muon=2.93794, QCD_stat_ele=3.35789, QCD_stat_muon=6.9997, VBS_stat_ele=1.20366, VBS_stat_muon=3.59367, ele_efficiency=-1.50508, ele_trigger=0.064672, fakephoton_ele=3.25424, fakephoton_muon=1.37393, interference=0.417751, lumi=1.8615, mu_efficiency=0.656356, mu_trigger=3.80328, non_prompt_stat_ele=3.18547, non_prompt_stat_muon=3.45035, others_stat_ele=1.08378, others_stat_muon=4.04599, others_xs=3.2467, param=0.000139157, pdf_ele=1.78984, pdf_muon=4.41052, photon_id=5.29863, pileup=0.507892, scale_ele=3.29853, scale_muon=6.91493
RooProdPdf::model_s[ modelObs_s * nuisancePdf ]
     getLogVal() top-level p.d.f evaluates to zero @ !pdfs=(modelObs_s = 0/1,nuisancePdf = 1)

[#0] WARNING:Minization -- RooMinimizerFcn: Minimized function has error status.
Returning maximum FCN so far (907.028) to force MIGRAD to back out of this region. Error log follows
Parameter values: JER_ele=-0.119661, JER_muon=2.67302, JES_ele=0.31097, JES_muon=2.96708, QCD_stat_ele=3.39382, QCD_stat_muon=6.99783, VBS_stat_ele=1.21512, VBS_stat_muon=3.61712, ele_efficiency=-1.52877, ele_trigger=0.0628539, fakephoton_ele=3.27546, fakephoton_muon=1.39052, interference=0.41442, lumi=1.87866, mu_efficiency=0.662844, mu_trigger=3.84169, non_prompt_stat_ele=3.20666, non_prompt_stat_muon=3.48872, others_stat_ele=1.09602, others_stat_muon=4.07975, others_xs=3.27954, param=0.000459947, pdf_ele=1.80956, pdf_muon=4.44783, photon_id=5.3403, pileup=0.514218, scale_ele=3.33289, scale_muon=6.93168
RooProdPdf::model_s[ modelObs_s * nuisancePdf ]
     getLogVal() top-level p.d.f evaluates to zero @ !pdfs=(modelObs_s = 0/1,nuisancePdf = 1)

[#0] WARNING:Minization -- RooMinimizerFcn: Minimized function has error status.
Returning maximum FCN so far (907.028) to force MIGRAD to back out of this region. Error log follows
Parameter values: JER_ele=-0.163597, JER_muon=2.53457, JES_ele=0.233674, JES_muon=2.7421, QCD_stat_ele=3.15501, QCD_stat_muon=6.97897, VBS_stat_ele=1.13217, VBS_stat_muon=3.45732, ele_efficiency=-1.5236, ele_trigger=0.00389293, fakephoton_ele=3.07424, fakephoton_muon=1.29162, interference=0.322993, lumi=1.74982, mu_efficiency=0.614316, mu_trigger=3.66742, non_prompt_stat_ele=2.96042, non_prompt_stat_muon=3.27355, others_stat_ele=0.995627, others_stat_muon=3.86767, others_xs=3.11107, param=0.00482852, pdf_ele=1.68816, pdf_muon=4.18533, photon_id=5.07111, pileup=0.497061, scale_ele=3.09448, scale_muon=6.79913
RooProdPdf::model_s[ modelObs_s * nuisancePdf ]
     getLogVal() top-level p.d.f evaluates to zero @ !pdfs=(modelObs_s = 0/1,nuisancePdf = 1)


 -- Hybrid New -- 
CLs = 0.0114679 +/- 0.005118
Done in 7.95 min (cpu), 7.96 min (real)
