 <<< Combine >>> 
>>> including systematics
>>> using the Profile Likelihood test statistics modified for upper limits (Q_LHC)
>>> method used is HybridNew
>>> Used OpenSSL to get a really random seed -449113510
Computing results starting from observation (a-posteriori)
[#0] WARNING:Minization -- RooMinimizerFcn: Minimized function has error status.
Returning maximum FCN so far (34.1401) to force MIGRAD to back out of this region. Error log follows
Parameter values: JER_ele=0.0451064, JER_muon=6.81088, JES_ele=5.56709, JES_muon=6.34408, QCD_stat_ele=4.02411, QCD_stat_muon=-4.66423, VBS_stat_ele=-1.58015, VBS_stat_muon=-1.11564, ele_efficiency=2.22374, ele_trigger=4.14529, fakephoton_ele=6.99789, fakephoton_muon=-6.83661, interference=6.89666, lumi=2.93991, mu_efficiency=3.55268, mu_trigger=-6.10025, non_prompt_stat_ele=4.62236, non_prompt_stat_muon=-2.8548, others_stat_ele=3.63061, others_stat_muon=-6.27466, others_xs=6.94252, param=5.58419, pdf_ele=-6.89462, pdf_muon=6.48934, photon_id=5.0492, pileup=-6.2574, scale_ele=5.35076, scale_muon=-0.759478
RooProdPdf::model_s[ modelObs_s * nuisancePdf ]
     getLogVal() top-level p.d.f evaluates to zero @ !pdfs=(modelObs_s = 0/1,nuisancePdf = 1)

[#0] WARNING:Minization -- RooMinimizerFcn: Minimized function has error status.
Returning maximum FCN so far (34.1401) to force MIGRAD to back out of this region. Error log follows
Parameter values: JER_ele=-6.99816, JER_muon=-4.3238, JES_ele=-6.21384, JES_muon=-5.85184, QCD_stat_ele=1.80758, QCD_stat_muon=2.55813, VBS_stat_ele=6.96508, VBS_stat_muon=0.736827, ele_efficiency=1.09489, ele_trigger=6.62257, fakephoton_ele=4.72996, fakephoton_muon=4.45804, interference=5.27976, lumi=1.41042, mu_efficiency=6.74944, mu_trigger=6.07742, non_prompt_stat_ele=6.38159, non_prompt_stat_muon=6.85026, others_stat_ele=-1.69346, others_stat_muon=-5.91819, others_xs=4.56662, param=5.74366, pdf_ele=4.6633, pdf_muon=-3.80109, photon_id=2.50876, pileup=5.9464, scale_ele=-6.2158, scale_muon=-6.98607
RooProdPdf::model_s[ modelObs_s * nuisancePdf ]
     getLogVal() top-level p.d.f evaluates to zero @ !pdfs=(modelObs_s = 0/1,nuisancePdf = 1)

[#0] WARNING:Minization -- RooMinimizerFcn: Minimized function has error status.
Returning maximum FCN so far (648.659) to force MIGRAD to back out of this region. Error log follows
Parameter values: JER_ele=3.05943, JER_muon=-0.167702, JES_ele=-0.113949, JES_muon=2.28271, QCD_stat_ele=6.92351, QCD_stat_muon=-0.790696, VBS_stat_ele=0.955206, VBS_stat_muon=-2.44712, ele_efficiency=0.191167, ele_trigger=-2.99506, fakephoton_ele=-2.48261, fakephoton_muon=4.3048, interference=5.1042, lumi=1.4497, mu_efficiency=0.19241, mu_trigger=1.69047, non_prompt_stat_ele=1.10091, non_prompt_stat_muon=6.77869, others_stat_ele=2.15108, others_stat_muon=5.7009, others_xs=-1.86934, param=3.77715, pdf_ele=4.25083, pdf_muon=4.37978, photon_id=5.72154, pileup=-2.27248, scale_ele=5.21831, scale_muon=5.60921
RooProdPdf::model_s[ modelObs_s * nuisancePdf ]
     getLogVal() top-level p.d.f evaluates to zero @ !pdfs=(modelObs_s = 0/1,nuisancePdf = 1)

[#0] WARNING:Minization -- RooMinimizerFcn: Minimized function has error status.
Returning maximum FCN so far (648.659) to force MIGRAD to back out of this region. Error log follows
Parameter values: JER_ele=6.99572, JER_muon=0.212431, JES_ele=5.91516, JES_muon=-6.54286, QCD_stat_ele=5.99698, QCD_stat_muon=-5.36452, VBS_stat_ele=2.39121, VBS_stat_muon=-2.34625, ele_efficiency=-6.40246, ele_trigger=-1.84174, fakephoton_ele=-5.28647, fakephoton_muon=6.32102, interference=-4.46596, lumi=-6.59543, mu_efficiency=-3.81609, mu_trigger=6.56321, non_prompt_stat_ele=-6.98397, non_prompt_stat_muon=6.96447, others_stat_ele=-6.53106, others_stat_muon=1.15216, others_xs=-6.89845, param=1.0126, pdf_ele=-3.70611, pdf_muon=-3.9255, photon_id=6.90696, pileup=2.36648, scale_ele=6.41729, scale_muon=-6.61647
RooProdPdf::model_s[ modelObs_s * nuisancePdf ]
     getLogVal() top-level p.d.f evaluates to zero @ !pdfs=(modelObs_s = 0/1,nuisancePdf = 1)

[#0] WARNING:Minization -- RooMinimizerFcn: Minimized function has error status.
Returning maximum FCN so far (695.78) to force MIGRAD to back out of this region. Error log follows
Parameter values: JER_ele=1.49517, JER_muon=4.32032, JES_ele=3.75231, JES_muon=6.07966, QCD_stat_ele=5.69694, QCD_stat_muon=0.79888, VBS_stat_ele=4.70541, VBS_stat_muon=6.13695, ele_efficiency=0.732155, ele_trigger=3.71699, fakephoton_ele=6.45444, fakephoton_muon=0.346822, interference=1.92618, lumi=4.18543, mu_efficiency=1.49747, mu_trigger=5.12139, non_prompt_stat_ele=4.64602, non_prompt_stat_muon=1.68821, others_stat_ele=4.31407, others_stat_muon=4.18802, others_xs=5.29057, param=0.823749, pdf_ele=3.80721, pdf_muon=6.90462, photon_id=6.91865, pileup=1.10712, scale_ele=6.9133, scale_muon=2.58859
RooProdPdf::model_s[ modelObs_s * nuisancePdf ]
     getLogVal() top-level p.d.f evaluates to zero @ !pdfs=(modelObs_s = 0/1,nuisancePdf = 1)

[#0] WARNING:Minization -- RooMinimizerFcn: Minimized function has error status.
Returning maximum FCN so far (737.147) to force MIGRAD to back out of this region. Error log follows
Parameter values: JER_ele=1.38512, JER_muon=4.21808, JES_ele=3.60147, JES_muon=5.84528, QCD_stat_ele=5.45896, QCD_stat_muon=0.761787, VBS_stat_ele=4.51711, VBS_stat_muon=6.01948, ele_efficiency=0.696567, ele_trigger=3.60301, fakephoton_ele=6.68484, fakephoton_muon=0.237718, interference=1.74158, lumi=3.99496, mu_efficiency=1.42351, mu_trigger=4.91171, non_prompt_stat_ele=5.26221, non_prompt_stat_muon=1.45087, others_stat_ele=4.11974, others_stat_muon=4.02085, others_xs=5.13042, param=0.954055, pdf_ele=3.60494, pdf_muon=6.79805, photon_id=6.98694, pileup=1.08786, scale_ele=6.81705, scale_muon=3.72598
RooProdPdf::model_s[ modelObs_s * nuisancePdf ]
     getLogVal() top-level p.d.f evaluates to zero @ !pdfs=(modelObs_s = 0/1,nuisancePdf = 1)

[#0] WARNING:Minization -- RooMinimizerFcn: Minimized function has error status.
Returning maximum FCN so far (737.147) to force MIGRAD to back out of this region. Error log follows
Parameter values: JER_ele=6.14068, JER_muon=5.41927, JES_ele=6.09748, JES_muon=-3.81199, QCD_stat_ele=-6.4569, QCD_stat_muon=-6.77002, VBS_stat_ele=5.55815, VBS_stat_muon=-0.219427, ele_efficiency=2.73965, ele_trigger=6.91837, fakephoton_ele=3.03925, fakephoton_muon=3.44907, interference=6.9314, lumi=5.29803, mu_efficiency=4.71597, mu_trigger=1.68026, non_prompt_stat_ele=5.25641, non_prompt_stat_muon=6.82621, others_stat_ele=2.7179, others_stat_muon=2.46012, others_xs=1.75576, param=0.622771, pdf_ele=4.1966, pdf_muon=-6.55544, photon_id=1.48404, pileup=2.22827, scale_ele=-3.49041, scale_muon=-5.03144
RooProdPdf::model_s[ modelObs_s * nuisancePdf ]
     getLogVal() top-level p.d.f evaluates to zero @ !pdfs=(modelObs_s = 0/1,nuisancePdf = 1)

[#0] WARNING:Minization -- RooMinimizerFcn: Minimized function has error status.
Returning maximum FCN so far (737.147) to force MIGRAD to back out of this region. Error log follows
Parameter values: JER_ele=6.199, JER_muon=4.4778, JES_ele=6.0207, JES_muon=-5.50201, QCD_stat_ele=-6.52868, QCD_stat_muon=-3.18829, VBS_stat_ele=5.22625, VBS_stat_muon=-2.27386, ele_efficiency=2.77008, ele_trigger=6.89771, fakephoton_ele=1.73226, fakephoton_muon=3.82925, interference=6.99995, lumi=4.58912, mu_efficiency=5.03836, mu_trigger=-0.0886052, non_prompt_stat_ele=6.41582, non_prompt_stat_muon=6.98099, others_stat_ele=2.57166, others_stat_muon=0.597347, others_xs=0.648665, param=0.18565, pdf_ele=4.02561, pdf_muon=-4.86272, photon_id=3.97818, pileup=2.32039, scale_ele=-3.24856, scale_muon=-6.95068
RooProdPdf::model_s[ modelObs_s * nuisancePdf ]
     getLogVal() top-level p.d.f evaluates to zero @ !pdfs=(modelObs_s = 0/1,nuisancePdf = 1)

[#0] WARNING:Minization -- RooMinimizerFcn: Minimized function has error status.
Returning maximum FCN so far (997.689) to force MIGRAD to back out of this region. Error log follows
Parameter values: JER_ele=0.39166, JER_muon=2.93129, JES_ele=2.20725, JES_muon=4.4446, QCD_stat_ele=2.74407, QCD_stat_muon=6.23219, VBS_stat_ele=2.31731, VBS_stat_muon=4.01453, ele_efficiency=0.379691, ele_trigger=2.50629, fakephoton_ele=5.78862, fakephoton_muon=-0.0931915, interference=0.429386, lumi=2.49751, mu_efficiency=0.986319, mu_trigger=3.51118, non_prompt_stat_ele=6.21296, non_prompt_stat_muon=0.698556, others_stat_ele=2.295, others_stat_muon=2.70218, others_xs=3.89047, param=3.43501, pdf_ele=1.59792, pdf_muon=5.29214, photon_id=5.83629, pileup=0.94993, scale_ele=4.56363, scale_muon=6.90797
RooProdPdf::model_s[ modelObs_s * nuisancePdf ]
     getLogVal() top-level p.d.f evaluates to zero @ !pdfs=(modelObs_s = 0/1,nuisancePdf = 1)

[#0] WARNING:Minization -- RooMinimizerFcn: Minimized function has error status.
Returning maximum FCN so far (997.979) to force MIGRAD to back out of this region. Error log follows
Parameter values: JER_ele=0.459498, JER_muon=3.79416, JES_ele=2.18673, JES_muon=5.26183, QCD_stat_ele=2.7208, QCD_stat_muon=2.25676, VBS_stat_ele=2.95935, VBS_stat_muon=5.48633, ele_efficiency=0.389716, ele_trigger=2.55838, fakephoton_ele=6.98594, fakephoton_muon=0.015787, interference=1.13113, lumi=3.01328, mu_efficiency=1.24211, mu_trigger=4.36081, non_prompt_stat_ele=6.62139, non_prompt_stat_muon=0.956629, others_stat_ele=2.28772, others_stat_muon=3.21057, others_xs=4.12357, param=1.41368, pdf_ele=1.77379, pdf_muon=6.39489, photon_id=6.59231, pileup=1.00071, scale_ele=4.66679, scale_muon=5.59267
RooProdPdf::model_s[ modelObs_s * nuisancePdf ]
     getLogVal() top-level p.d.f evaluates to zero @ !pdfs=(modelObs_s = 0/1,nuisancePdf = 1)

[#0] WARNING:Minization -- RooMinimizerFcn: Minimized function has error status.
Returning maximum FCN so far (997.979) to force MIGRAD to back out of this region. Error log follows
Parameter values: JER_ele=1.28777, JER_muon=4.00565, JES_ele=3.41566, JES_muon=5.64439, QCD_stat_ele=5.03441, QCD_stat_muon=3.05021, VBS_stat_ele=4.61834, VBS_stat_muon=5.9762, ele_efficiency=0.655892, ele_trigger=3.47399, fakephoton_ele=6.92045, fakephoton_muon=0.200943, interference=1.64081, lumi=3.88573, mu_efficiency=1.3524, mu_trigger=4.69898, non_prompt_stat_ele=6.98765, non_prompt_stat_muon=1.38559, others_stat_ele=3.79988, others_stat_muon=3.85751, others_xs=4.9739, param=1.44293, pdf_ele=3.35734, pdf_muon=6.64007, photon_id=6.99314, pileup=1.07845, scale_ele=6.57699, scale_muon=4.6746
RooProdPdf::model_s[ modelObs_s * nuisancePdf ]
     getLogVal() top-level p.d.f evaluates to zero @ !pdfs=(modelObs_s = 0/1,nuisancePdf = 1)

[#0] WARNING:Minization -- RooMinimizerFcn: Minimized function has error status.
Returning maximum FCN so far (997.979) to force MIGRAD to back out of this region. Error log follows
Parameter values: JER_ele=1.05953, JER_muon=4.06893, JES_ele=3.13885, JES_muon=5.67243, QCD_stat_ele=4.58987, QCD_stat_muon=1.60409, VBS_stat_ele=4.04619, VBS_stat_muon=5.87711, ele_efficiency=0.591872, ele_trigger=3.27329, fakephoton_ele=6.98927, fakephoton_muon=0.166669, interference=1.53991, lumi=3.69623, mu_efficiency=1.36475, mu_trigger=4.73564, non_prompt_stat_ele=6.41862, non_prompt_stat_muon=1.31417, others_stat_ele=3.50443, others_stat_muon=3.77649, others_xs=4.83792, param=1.32912, pdf_ele=2.99548, pdf_muon=6.6816, photon_id=6.97845, pileup=1.07056, scale_ele=6.32682, scale_muon=4.44556
RooProdPdf::model_s[ modelObs_s * nuisancePdf ]
     getLogVal() top-level p.d.f evaluates to zero @ !pdfs=(modelObs_s = 0/1,nuisancePdf = 1)

[#0] WARNING:Minization -- RooMinimizerFcn: Minimized function has error status.
Returning maximum FCN so far (997.979) to force MIGRAD to back out of this region. Error log follows
Parameter values: JER_ele=1.68163, JER_muon=4.79541, JES_ele=4.05085, JES_muon=6.47264, QCD_stat_ele=6.07271, QCD_stat_muon=-2.74632, VBS_stat_ele=4.95567, VBS_stat_muon=6.4775, ele_efficiency=0.800807, ele_trigger=3.94998, fakephoton_ele=6.42067, fakephoton_muon=0.482661, interference=2.2895, lumi=4.58525, mu_efficiency=1.67645, mu_trigger=5.58918, non_prompt_stat_ele=4.69405, non_prompt_stat_muon=2.01532, others_stat_ele=4.65994, others_stat_muon=4.85533, others_xs=5.69823, param=1.50063, pdf_ele=4.16494, pdf_muon=6.99917, photon_id=6.55009, pileup=1.16246, scale_ele=6.99869, scale_muon=0.236129
RooProdPdf::model_s[ modelObs_s * nuisancePdf ]
     getLogVal() top-level p.d.f evaluates to zero @ !pdfs=(modelObs_s = 0/1,nuisancePdf = 1)

[#0] WARNING:Minization -- RooMinimizerFcn: Minimized function has error status.
Returning maximum FCN so far (997.979) to force MIGRAD to back out of this region. Error log follows
Parameter values: JER_ele=-4.69223, JER_muon=-6.53248, JES_ele=-6.29342, JES_muon=-5.80523, QCD_stat_ele=-2.23144, QCD_stat_muon=-2.38707, VBS_stat_ele=-5.38754, VBS_stat_muon=-6.78887, ele_efficiency=-1.55898, ele_trigger=-4.62714, fakephoton_ele=3.81331, fakephoton_muon=-3.43919, interference=-6.18131, lumi=-6.63636, mu_efficiency=-2.79712, mu_trigger=-6.96718, non_prompt_stat_ele=6.74031, non_prompt_stat_muon=-6.1818, others_stat_ele=-6.98074, others_stat_muon=-6.70377, others_xs=-6.95929, param=1.24329, pdf_ele=-6.99979, pdf_muon=-1.03578, photon_id=4.60275, pileup=-0.208946, scale_ele=2.03338, scale_muon=-0.285689
RooProdPdf::model_s[ modelObs_s * nuisancePdf ]
     getLogVal() top-level p.d.f evaluates to zero @ !pdfs=(modelObs_s = 0/1,nuisancePdf = 1)

[#0] WARNING:Minization -- RooMinimizerFcn: Minimized function has error status.
Returning maximum FCN so far (1039.99) to force MIGRAD to back out of this region. Error log follows
Parameter values: JER_ele=1.25867, JER_muon=4.30244, JES_ele=3.44088, JES_muon=5.97815, QCD_stat_ele=5.14171, QCD_stat_muon=0.229603, VBS_stat_ele=4.35452, VBS_stat_muon=6.05424, ele_efficiency=0.658307, ele_trigger=3.49563, fakephoton_ele=6.91695, fakephoton_muon=0.264304, interference=1.76226, lumi=3.98673, mu_efficiency=1.46736, mu_trigger=5.03302, non_prompt_stat_ele=6.08433, non_prompt_stat_muon=1.54155, others_stat_ele=3.88184, others_stat_muon=4.14059, others_xs=5.13191, param=1.47113, pdf_ele=3.37417, pdf_muon=6.86127, photon_id=6.98554, pileup=1.10499, scale_ele=6.66624, scale_muon=3.11674
RooProdPdf::model_s[ modelObs_s * nuisancePdf ]
     getLogVal() top-level p.d.f evaluates to zero @ !pdfs=(modelObs_s = 0/1,nuisancePdf = 1)

[#0] WARNING:Minization -- RooMinimizerFcn: Minimized function has error status.
Returning maximum FCN so far (1039.99) to force MIGRAD to back out of this region. Error log follows
Parameter values: JER_ele=1.23307, JER_muon=4.26986, JES_ele=3.4021, JES_muon=5.94639, QCD_stat_ele=5.07747, QCD_stat_muon=0.38258, VBS_stat_ele=4.298, VBS_stat_muon=6.00906, ele_efficiency=0.64937, ele_trigger=3.46228, fakephoton_ele=6.93298, fakephoton_muon=0.25423, interference=1.73328, lumi=3.94617, mu_efficiency=1.45495, mu_trigger=4.99835, non_prompt_stat_ele=6.14987, non_prompt_stat_muon=1.51447, others_stat_ele=3.83266, others_stat_muon=4.10032, others_xs=5.0936, param=1.48158, pdf_ele=3.32442, pdf_muon=6.84335, photon_id=6.99225, pileup=1.09865, scale_ele=6.62913, scale_muon=3.25744
RooProdPdf::model_s[ modelObs_s * nuisancePdf ]
     getLogVal() top-level p.d.f evaluates to zero @ !pdfs=(modelObs_s = 0/1,nuisancePdf = 1)

[#0] WARNING:Minization -- RooMinimizerFcn: Minimized function has error status.
Returning maximum FCN so far (1039.99) to force MIGRAD to back out of this region. Error log follows
Parameter values: JER_ele=-5.18681, JER_muon=-6.9382, JES_ele=-6.73394, JES_muon=-3.83604, QCD_stat_ele=0.48224, QCD_stat_muon=-6.99816, VBS_stat_ele=-6.06772, VBS_stat_muon=-6.99103, ele_efficiency=-1.79411, ele_trigger=-5.2885, fakephoton_ele=6.53976, fakephoton_muon=-3.84177, interference=-6.64606, lumi=-6.96203, mu_efficiency=-3.28764, mu_trigger=-6.43083, non_prompt_stat_ele=3.16604, non_prompt_stat_muon=-6.6219, others_stat_ele=-6.65612, others_stat_muon=-5.79284, others_xs=-6.91479, param=2.0339, pdf_ele=-6.83228, pdf_muon=2.73657, photon_id=6.87091, pileup=-0.361787, scale_ele=5.06212, scale_muon=-6.44872
RooProdPdf::model_s[ modelObs_s * nuisancePdf ]
     getLogVal() top-level p.d.f evaluates to zero @ !pdfs=(modelObs_s = 0/1,nuisancePdf = 1)

[#0] WARNING:Minization -- RooMinimizerFcn: Minimized function has error status.
Returning maximum FCN so far (1039.99) to force MIGRAD to back out of this region. Error log follows
Parameter values: JER_ele=0.7716, JER_muon=3.50441, JES_ele=2.68019, JES_muon=4.97372, QCD_stat_ele=3.70795, QCD_stat_muon=4.62395, VBS_stat_ele=3.6596, VBS_stat_muon=5.295, ele_efficiency=0.492192, ele_trigger=2.93562, fakephoton_ele=6.87598, fakephoton_muon=-0.0463983, interference=1.03438, lumi=3.13956, mu_efficiency=1.15374, mu_trigger=4.07079, non_prompt_stat_ele=6.97839, non_prompt_stat_muon=0.843948, others_stat_ele=2.86399, others_stat_muon=2.9813, others_xs=4.24571, param=1.30448, pdf_ele=2.38075, pdf_muon=6.0777, photon_id=6.60007, pileup=1.02175, scale_ele=5.54734, scale_muon=6.26383
RooProdPdf::model_s[ modelObs_s * nuisancePdf ]
     getLogVal() top-level p.d.f evaluates to zero @ !pdfs=(modelObs_s = 0/1,nuisancePdf = 1)

[#0] WARNING:Minization -- RooMinimizerFcn: Minimized function has error status.
Returning maximum FCN so far (1039.99) to force MIGRAD to back out of this region. Error log follows
Parameter values: JER_ele=1.10185, JER_muon=3.82412, JES_ele=3.17931, JES_muon=5.41809, QCD_stat_ele=4.62218, QCD_stat_muon=3.41497, VBS_stat_ele=4.12481, VBS_stat_muon=5.66828, ele_efficiency=0.600611, ele_trigger=3.28218, fakephoton_ele=6.97188, fakephoton_muon=0.128142, interference=1.42997, lumi=3.61091, mu_efficiency=1.27899, mu_trigger=4.47744, non_prompt_stat_ele=6.87726, non_prompt_stat_muon=1.20167, others_stat_ele=3.53091, others_stat_muon=3.57969, others_xs=4.74635, param=1.2047, pdf_ele=3.04378, pdf_muon=6.46087, photon_id=6.92415, pileup=1.04446, scale_ele=6.34286, scale_muon=5.35174
RooProdPdf::model_s[ modelObs_s * nuisancePdf ]
     getLogVal() top-level p.d.f evaluates to zero @ !pdfs=(modelObs_s = 0/1,nuisancePdf = 1)

[#0] WARNING:Minization -- RooMinimizerFcn: Minimized function has error status.
Returning maximum FCN so far (1053.52) to force MIGRAD to back out of this region. Error log follows
Parameter values: JER_ele=-5.18465, JER_muon=-6.90364, JES_ele=-6.7273, JES_muon=-4.12216, QCD_stat_ele=0.356895, QCD_stat_muon=-6.86106, VBS_stat_ele=-6.07815, VBS_stat_muon=-6.99907, ele_efficiency=-1.78977, ele_trigger=-5.26757, fakephoton_ele=6.15426, fakephoton_muon=-3.81172, interference=-6.62147, lumi=-6.95114, mu_efficiency=-3.22469, mu_trigger=-6.53609, non_prompt_stat_ele=4.29092, non_prompt_stat_muon=-6.58783, others_stat_ele=-6.67382, others_stat_muon=-5.90931, others_xs=-6.93529, param=1.85762, pdf_ele=-6.83717, pdf_muon=2.25377, photon_id=6.76958, pileup=-0.338912, scale_ele=4.98379, scale_muon=-5.94974
RooProdPdf::model_s[ modelObs_s * nuisancePdf ]
     getLogVal() top-level p.d.f evaluates to zero @ !pdfs=(modelObs_s = 0/1,nuisancePdf = 1)

[#0] WARNING:Minization -- RooMinimizerFcn: Minimized function has error status.
Returning maximum FCN so far (1053.52) to force MIGRAD to back out of this region. Error log follows
Parameter values: JER_ele=-4.81343, JER_muon=-6.69732, JES_ele=-6.39685, JES_muon=-5.27828, QCD_stat_ele=-1.78864, QCD_stat_muon=-4.42291, VBS_stat_ele=-5.62092, VBS_stat_muon=-6.9351, ele_efficiency=-1.6078, ele_trigger=-4.75476, fakephoton_ele=4.01745, fakephoton_muon=-3.58259, interference=-6.38515, lumi=-6.7721, mu_efficiency=-2.95113, mu_trigger=-6.86955, non_prompt_stat_ele=6.6662, non_prompt_stat_muon=-6.3428, others_stat_ele=-6.95196, others_stat_muon=-6.47593, others_xs=-6.99461, param=2.19612, pdf_ele=-6.99331, pdf_muon=0.168306, photon_id=5.49648, pileup=-0.238033, scale_ele=2.68851, scale_muon=-2.59257
RooProdPdf::model_s[ modelObs_s * nuisancePdf ]
     getLogVal() top-level p.d.f evaluates to zero @ !pdfs=(modelObs_s = 0/1,nuisancePdf = 1)

[#0] WARNING:Minization -- RooMinimizerFcn: Minimized function has error status.
Returning maximum FCN so far (1053.52) to force MIGRAD to back out of this region. Error log follows
Parameter values: JER_ele=-4.57634, JER_muon=-6.53404, JES_ele=-6.15688, JES_muon=-5.78402, QCD_stat_ele=-2.91858, QCD_stat_muon=-2.27105, VBS_stat_ele=-5.24058, VBS_stat_muon=-6.79673, ele_efficiency=-1.50271, ele_trigger=-4.4433, fakephoton_ele=2.51722, fakephoton_muon=-3.45341, interference=-6.20812, lumi=-6.60732, mu_efficiency=-2.80185, mu_trigger=-6.96484, non_prompt_stat_ele=6.9999, non_prompt_stat_muon=-6.18964, others_stat_ele=-6.99955, others_stat_muon=-6.69783, others_xs=-6.93766, param=1.7352, pdf_ele=-6.9884, pdf_muon=-0.988014, photon_id=4.38213, pileup=-0.188431, scale_ele=1.19527, scale_muon=-0.346204
RooProdPdf::model_s[ modelObs_s * nuisancePdf ]
     getLogVal() top-level p.d.f evaluates to zero @ !pdfs=(modelObs_s = 0/1,nuisancePdf = 1)

[#0] WARNING:Minization -- RooMinimizerFcn: Minimized function has error status.
Returning maximum FCN so far (1053.52) to force MIGRAD to back out of this region. Error log follows
Parameter values: JER_ele=2.21316, JER_muon=5.87808, JES_ele=4.87491, JES_muon=6.99344, QCD_stat_ele=6.88088, QCD_stat_muon=-6.933, VBS_stat_ele=5.45178, VBS_stat_muon=6.94685, ele_efficiency=1.00368, ele_trigger=4.59839, fakephoton_ele=4.36497, fakephoton_muon=0.993859, interference=3.3145, lumi=5.59285, mu_efficiency=2.2364, mu_trigger=6.65379, non_prompt_stat_ele=0.725424, non_prompt_stat_muon=3.16316, others_stat_ele=5.63594, others_stat_muon=6.23941, others_xs=6.58395, param=0.688687, pdf_ele=5.13488, pdf_muon=5.80142, photon_id=3.67904, pileup=1.3295, scale_ele=6.37539, scale_muon=-6.51168
RooProdPdf::model_s[ modelObs_s * nuisancePdf ]
     getLogVal() top-level p.d.f evaluates to zero @ !pdfs=(modelObs_s = 0/1,nuisancePdf = 1)

[#0] WARNING:Minization -- RooMinimizerFcn: Minimized function has error status.
Returning maximum FCN so far (1053.52) to force MIGRAD to back out of this region. Error log follows
Parameter values: JER_ele=2.15108, JER_muon=5.84278, JES_ele=4.80507, JES_muon=6.99621, QCD_stat_ele=6.83928, QCD_stat_muon=-6.95874, VBS_stat_ele=5.33223, VBS_stat_muon=6.92164, ele_efficiency=0.983574, ele_trigger=4.5384, fakephoton_ele=4.61204, fakephoton_muon=0.981912, interference=3.25382, lumi=5.53519, mu_efficiency=2.2203, mu_trigger=6.63253, non_prompt_stat_ele=1.1434, non_prompt_stat_muon=3.13788, others_stat_ele=5.55864, others_stat_muon=6.21423, others_xs=6.5554, param=1.00959, pdf_ele=5.03991, pdf_muon=5.87319, photon_id=3.86137, pileup=1.32231, scale_ele=6.48195, scale_muon=-6.44007
RooProdPdf::model_s[ modelObs_s * nuisancePdf ]
     getLogVal() top-level p.d.f evaluates to zero @ !pdfs=(modelObs_s = 0/1,nuisancePdf = 1)

[#0] WARNING:Minization -- RooMinimizerFcn: Minimized function has error status.
Returning maximum FCN so far (1067.26) to force MIGRAD to back out of this region. Error log follows
Parameter values: JER_ele=2.10261, JER_muon=5.84237, JES_ele=4.73236, JES_muon=6.99541, QCD_stat_ele=6.78593, QCD_stat_muon=-6.96032, VBS_stat_ele=5.25594, VBS_stat_muon=6.91667, ele_efficiency=0.964305, ele_trigger=4.47069, fakephoton_ele=4.96196, fakephoton_muon=0.996301, interference=3.26966, lumi=5.51403, mu_efficiency=2.22266, mu_trigger=6.63651, non_prompt_stat_ele=1.76887, non_prompt_stat_muon=3.15446, others_stat_ele=5.47437, others_stat_muon=6.22978, others_xs=6.53756, param=0.282316, pdf_ele=4.95685, pdf_muon=5.86377, photon_id=3.93822, pileup=1.31144, scale_ele=6.58277, scale_muon=-6.45875
RooProdPdf::model_s[ modelObs_s * nuisancePdf ]
     getLogVal() top-level p.d.f evaluates to zero @ !pdfs=(modelObs_s = 0/1,nuisancePdf = 1)

[#0] WARNING:Minization -- RooMinimizerFcn: Minimized function has error status.
Returning maximum FCN so far (1067.26) to force MIGRAD to back out of this region. Error log follows
Parameter values: JER_ele=1.77796, JER_muon=5.44266, JES_ele=4.28937, JES_muon=6.94492, QCD_stat_ele=6.36133, QCD_stat_muon=-6.50415, VBS_stat_ele=4.8172, VBS_stat_muon=6.70712, ele_efficiency=0.850651, ele_trigger=4.12218, fakephoton_ele=6.06383, fakephoton_muon=0.796102, interference=2.80391, lumi=5.06596, mu_efficiency=2.0103, mu_trigger=6.30248, non_prompt_stat_ele=3.90409, non_prompt_stat_muon=2.72857, others_stat_ele=4.94947, others_stat_muon=5.77115, others_xs=6.20507, param=0.39377, pdf_ele=4.39743, pdf_muon=6.56796, photon_id=5.3907, pileup=1.24887, scale_ele=6.9579, scale_muon=-4.63015
RooProdPdf::model_s[ modelObs_s * nuisancePdf ]
     getLogVal() top-level p.d.f evaluates to zero @ !pdfs=(modelObs_s = 0/1,nuisancePdf = 1)

[#0] WARNING:Minization -- RooMinimizerFcn: Minimized function has error status.
Returning maximum FCN so far (1067.26) to force MIGRAD to back out of this region. Error log follows
Parameter values: JER_ele=2.09313, JER_muon=5.92041, JES_ele=4.74749, JES_muon=6.97569, QCD_stat_ele=6.79903, QCD_stat_muon=-6.78814, VBS_stat_ele=5.13851, VBS_stat_muon=6.91165, ele_efficiency=0.965391, ele_trigger=4.4732, fakephoton_ele=4.95742, fakephoton_muon=1.05574, interference=3.32286, lumi=5.56032, mu_efficiency=2.27774, mu_trigger=6.70637, non_prompt_stat_ele=1.77588, non_prompt_stat_muon=3.27968, others_stat_ele=5.49584, others_stat_muon=6.34743, others_xs=6.59343, param=0.636328, pdf_ele=4.95215, pdf_muon=5.64616, photon_id=3.6463, pileup=1.32268, scale_ele=6.55686, scale_muon=-6.76623
RooProdPdf::model_s[ modelObs_s * nuisancePdf ]
     getLogVal() top-level p.d.f evaluates to zero @ !pdfs=(modelObs_s = 0/1,nuisancePdf = 1)

[#0] WARNING:Minization -- RooMinimizerFcn: Minimized function has error status.
Returning maximum FCN so far (1067.26) to force MIGRAD to back out of this region. Error log follows
Parameter values: JER_ele=2.28424, JER_muon=6.15089, JES_ele=4.98948, JES_muon=6.86906, QCD_stat_ele=6.93587, QCD_stat_muon=-5.88826, VBS_stat_ele=5.38428, VBS_stat_muon=6.98364, ele_efficiency=1.03159, ele_trigger=4.66251, fakephoton_ele=4.21739, fakephoton_muon=1.19762, interference=3.63781, lumi=5.81868, mu_efficiency=2.4201, mu_trigger=6.85397, non_prompt_stat_ele=0.529446, non_prompt_stat_muon=3.56327, others_stat_ele=5.76649, others_stat_muon=6.58256, others_xs=6.7484, param=0.0975162, pdf_ele=5.25751, pdf_muon=4.95116, photon_id=2.50132, pileup=1.35846, scale_ele=6.15655, scale_muon=-6.99209
RooProdPdf::model_s[ modelObs_s * nuisancePdf ]
     getLogVal() top-level p.d.f evaluates to zero @ !pdfs=(modelObs_s = 0/1,nuisancePdf = 1)

[#0] WARNING:Minization -- RooMinimizerFcn: Minimized function has error status.
Returning maximum FCN so far (1067.26) to force MIGRAD to back out of this region. Error log follows
Parameter values: JER_ele=6.39078, JER_muon=-0.00985627, JES_ele=5.17167, JES_muon=-5.21473, QCD_stat_ele=-6.99545, QCD_stat_muon=-1.82144, VBS_stat_ele=5.83931, VBS_stat_muon=-5.13783, ele_efficiency=2.98518, ele_trigger=6.64839, fakephoton_ele=4.16777, fakephoton_muon=5.1097, interference=6.41737, lumi=1.47168, mu_efficiency=6.11268, mu_trigger=-6.01852, non_prompt_stat_ele=4.58355, non_prompt_stat_muon=6.11251, others_stat_ele=0.842091, others_stat_muon=-5.86091, others_xs=-4.16953, param=0.00986683, pdf_ele=2.86274, pdf_muon=5.81181, photon_id=5.20693, pileup=2.76642, scale_ele=0.831447, scale_muon=4.34833
RooProdPdf::model_s[ modelObs_s * nuisancePdf ]
     getLogVal() top-level p.d.f evaluates to zero @ !pdfs=(modelObs_s = 0/1,nuisancePdf = 1)

[#0] WARNING:Minization -- RooMinimizerFcn: Minimized function has error status.
Returning maximum FCN so far (1067.26) to force MIGRAD to back out of this region. Error log follows
Parameter values: JER_ele=0.101402, JER_muon=2.5116, JES_ele=1.73579, JES_muon=3.86767, QCD_stat_ele=1.66238, QCD_stat_muon=6.93406, VBS_stat_ele=1.84106, VBS_stat_muon=3.45376, ele_efficiency=0.282511, ele_trigger=2.16077, fakephoton_ele=4.73681, fakephoton_muon=-0.233464, interference=0.100018, lumi=2.04141, mu_efficiency=0.843694, mu_trigger=3.00338, non_prompt_stat_ele=4.98878, non_prompt_stat_muon=0.383014, others_stat_ele=1.62118, others_stat_muon=2.12087, others_xs=3.37701, param=1.64209, pdf_ele=0.978312, pdf_muon=4.57359, photon_id=4.9543, pileup=0.910439, scale_ele=3.41146, scale_muon=6.94344
RooProdPdf::model_s[ modelObs_s * nuisancePdf ]
     getLogVal() top-level p.d.f evaluates to zero @ !pdfs=(modelObs_s = 0/1,nuisancePdf = 1)

[#0] WARNING:Minization -- RooMinimizerFcn: Minimized function has error status.
Returning maximum FCN so far (1067.26) to force MIGRAD to back out of this region. Error log follows
Parameter values: JER_ele=-0.121988, JER_muon=2.0213, JES_ele=1.38316, JES_muon=3.11737, QCD_stat_ele=0.877325, QCD_stat_muon=6.81223, VBS_stat_ele=1.50671, VBS_stat_muon=2.83062, ele_efficiency=0.210775, ele_trigger=1.92105, fakephoton_ele=4.06676, fakephoton_muon=-0.420001, interference=-0.315381, lumi=1.56192, mu_efficiency=0.675518, mu_trigger=2.37703, non_prompt_stat_ele=4.16404, non_prompt_stat_muon=-0.0191161, others_stat_ele=1.12492, others_stat_muon=1.36455, others_xs=2.83932, param=0.231929, pdf_ele=0.499603, pdf_muon=3.61491, photon_id=3.86936, pileup=0.882246, scale_ele=2.46677, scale_muon=6.27096
RooProdPdf::model_s[ modelObs_s * nuisancePdf ]
     getLogVal() top-level p.d.f evaluates to zero @ !pdfs=(modelObs_s = 0/1,nuisancePdf = 1)

[#0] WARNING:Minization -- RooMinimizerFcn: Minimized function has error status.
Returning maximum FCN so far (1067.26) to force MIGRAD to back out of this region. Error log follows
Parameter values: JER_ele=2.04639, JER_muon=3.51412, JES_ele=1.60198, JES_muon=2.06033, QCD_stat_ele=2.57309, QCD_stat_muon=1.86684, VBS_stat_ele=4.5765, VBS_stat_muon=6.50855, ele_efficiency=0.40382, ele_trigger=0.26, fakephoton_ele=3.94804, fakephoton_muon=0.92716, interference=4.41943, lumi=3.11242, mu_efficiency=0.622715, mu_trigger=2.69566, non_prompt_stat_ele=5.16747, non_prompt_stat_muon=0.205639, others_stat_ele=2.28868, others_stat_muon=4.00198, others_xs=1.51011, param=0.084243, pdf_ele=3.53728, pdf_muon=4.99913, photon_id=5.76184, pileup=-0.65971, scale_ele=4.46112, scale_muon=3.16907
RooProdPdf::model_s[ modelObs_s * nuisancePdf ]
     getLogVal() top-level p.d.f evaluates to zero @ !pdfs=(modelObs_s = 0/1,nuisancePdf = 1)


 -- Hybrid New -- 
CLs = 0.0106838 +/- 0.00476054
Done in 12.73 min (cpu), 12.81 min (real)
