EGamma_Run2018A
/data/pubfs/tyyang99/jupyter_files/pkutree/coffea_newid_data_ssww_parquet/EGamma_Run2018A/0/0.parquet 	1/255
0
0
1
/data/pubfs/tyyang99/jupyter_files/pkutree/coffea_newid_data_ssww_parquet/EGamma_Run2018A/1/1.parquet 	2/255
0
0
8
/data/pubfs/tyyang99/jupyter_files/pkutree/coffea_newid_data_ssww_parquet/EGamma_Run2018A/2/2.parquet 	3/255
0
0
1
/data/pubfs/tyyang99/jupyter_files/pkutree/coffea_newid_data_ssww_parquet/EGamma_Run2018A/3/3.parquet 	4/255
0
0
6
/data/pubfs/tyyang99/jupyter_files/pkutree/coffea_newid_data_ssww_parquet/EGamma_Run2018A/4/4.parquet 	5/255
0
0
4
/data/pubfs/tyyang99/jupyter_files/pkutree/coffea_newid_data_ssww_parquet/EGamma_Run2018A/5/5.parquet 	6/255
0
0
1
/data/pubfs/tyyang99/jupyter_files/pkutree/coffea_newid_data_ssww_parquet/EGamma_Run2018A/6/6.parquet 	7/255
0
0
2
/data/pubfs/tyyang99/jupyter_files/pkutree/coffea_newid_data_ssww_parquet/EGamma_Run2018A/7/7.parquet 	8/255
0
0
2
/data/pubfs/tyyang99/jupyter_files/pkutree/coffea_newid_data_ssww_parquet/EGamma_Run2018A/8/8.parquet 	9/255
0
0
1
/data/pubfs/tyyang99/jupyter_files/pkutree/coffea_newid_data_ssww_parquet/EGamma_Run2018A/9/9.parquet 	10/255
0
0
2
/data/pubfs/tyyang99/jupyter_files/pkutree/coffea_newid_data_ssww_parquet/EGamma_Run2018A/10/10.parquet 	11/255
0
0
0
/data/pubfs/tyyang99/jupyter_files/pkutree/coffea_newid_data_ssww_parquet/EGamma_Run2018A/11/11.parquet 	12/255
0
0
1
/data/pubfs/tyyang99/jupyter_files/pkutree/coffea_newid_data_ssww_parquet/EGamma_Run2018A/12/12.parquet 	13/255
0
0
1
/data/pubfs/tyyang99/jupyter_files/pkutree/coffea_newid_data_ssww_parquet/EGamma_Run2018A/13/13.parquet 	14/255
1
0
6
/data/pubfs/tyyang99/jupyter_files/pkutree/coffea_newid_data_ssww_parquet/EGamma_Run2018A/14/14.parquet 	15/255
0
0
1
/data/pubfs/tyyang99/jupyter_files/pkutree/coffea_newid_data_ssww_parquet/EGamma_Run2018A/15/15.parquet 	16/255
0
0
1
/data/pubfs/tyyang99/jupyter_files/pkutree/coffea_newid_data_ssww_parquet/EGamma_Run2018A/16/16.parquet 	17/255
0
0
2
/data/pubfs/tyyang99/jupyter_files/pkutree/coffea_newid_data_ssww_parquet/EGamma_Run2018A/17/17.parquet 	18/255
0
0
1
/data/pubfs/tyyang99/jupyter_files/pkutree/coffea_newid_data_ssww_parquet/EGamma_Run2018A/18/18.parquet 	19/255
0
0
3
/data/pubfs/tyyang99/jupyter_files/pkutree/coffea_newid_data_ssww_parquet/EGamma_Run2018A/19/19.parquet 	20/255
0
0
2
/data/pubfs/tyyang99/jupyter_files/pkutree/coffea_newid_data_ssww_parquet/EGamma_Run2018A/20/20.parquet 	21/255
0
0
5
/data/pubfs/tyyang99/jupyter_files/pkutree/coffea_newid_data_ssww_parquet/EGamma_Run2018A/21/21.parquet 	22/255
0
0
2
/data/pubfs/tyyang99/jupyter_files/pkutree/coffea_newid_data_ssww_parquet/EGamma_Run2018A/22/22.parquet 	23/255
0
0
0
/data/pubfs/tyyang99/jupyter_files/pkutree/coffea_newid_data_ssww_parquet/EGamma_Run2018A/23/23.parquet 	24/255
0
0
1
/data/pubfs/tyyang99/jupyter_files/pkutree/coffea_newid_data_ssww_parquet/EGamma_Run2018A/24/24.parquet 	25/255
0
0
0
/data/pubfs/tyyang99/jupyter_files/pkutree/coffea_newid_data_ssww_parquet/EGamma_Run2018A/25/25.parquet 	26/255
0
0
1
/data/pubfs/tyyang99/jupyter_files/pkutree/coffea_newid_data_ssww_parquet/EGamma_Run2018A/26/26.parquet 	27/255
0
0
2
/data/pubfs/tyyang99/jupyter_files/pkutree/coffea_newid_data_ssww_parquet/EGamma_Run2018A/27/27.parquet 	28/255
0
0
1
/data/pubfs/tyyang99/jupyter_files/pkutree/coffea_newid_data_ssww_parquet/EGamma_Run2018A/28/28.parquet 	29/255
0
0
3
/data/pubfs/tyyang99/jupyter_files/pkutree/coffea_newid_data_ssww_parquet/EGamma_Run2018A/29/29.parquet 	30/255
0
0
6
/data/pubfs/tyyang99/jupyter_files/pkutree/coffea_newid_data_ssww_parquet/EGamma_Run2018A/30/30.parquet 	31/255
0
0
3
/data/pubfs/tyyang99/jupyter_files/pkutree/coffea_newid_data_ssww_parquet/EGamma_Run2018A/31/31.parquet 	32/255
0
0
2
/data/pubfs/tyyang99/jupyter_files/pkutree/coffea_newid_data_ssww_parquet/EGamma_Run2018A/32/32.parquet 	33/255
0
0
1
/data/pubfs/tyyang99/jupyter_files/pkutree/coffea_newid_data_ssww_parquet/EGamma_Run2018A/33/33.parquet 	34/255
0
0
1
/data/pubfs/tyyang99/jupyter_files/pkutree/coffea_newid_data_ssww_parquet/EGamma_Run2018A/34/34.parquet 	35/255
0
0
2
/data/pubfs/tyyang99/jupyter_files/pkutree/coffea_newid_data_ssww_parquet/EGamma_Run2018A/35/35.parquet 	36/255
0
0
2
/data/pubfs/tyyang99/jupyter_files/pkutree/coffea_newid_data_ssww_parquet/EGamma_Run2018A/36/36.parquet 	37/255
0
0
1
/data/pubfs/tyyang99/jupyter_files/pkutree/coffea_newid_data_ssww_parquet/EGamma_Run2018A/37/37.parquet 	38/255
0
0
1
/data/pubfs/tyyang99/jupyter_files/pkutree/coffea_newid_data_ssww_parquet/EGamma_Run2018A/38/38.parquet 	39/255
0
0
2
/data/pubfs/tyyang99/jupyter_files/pkutree/coffea_newid_data_ssww_parquet/EGamma_Run2018A/39/39.parquet 	40/255
0
0
2
/data/pubfs/tyyang99/jupyter_files/pkutree/coffea_newid_data_ssww_parquet/EGamma_Run2018A/40/40.parquet 	41/255
0
0
2
/data/pubfs/tyyang99/jupyter_files/pkutree/coffea_newid_data_ssww_parquet/EGamma_Run2018A/41/41.parquet 	42/255
0
0
5
/data/pubfs/tyyang99/jupyter_files/pkutree/coffea_newid_data_ssww_parquet/EGamma_Run2018A/42/42.parquet 	43/255
0
0
1
/data/pubfs/tyyang99/jupyter_files/pkutree/coffea_newid_data_ssww_parquet/EGamma_Run2018A/43/43.parquet 	44/255
0
0
2
/data/pubfs/tyyang99/jupyter_files/pkutree/coffea_newid_data_ssww_parquet/EGamma_Run2018A/44/44.parquet 	45/255
0
0
0
/data/pubfs/tyyang99/jupyter_files/pkutree/coffea_newid_data_ssww_parquet/EGamma_Run2018A/45/45.parquet 	46/255
0
0
1
/data/pubfs/tyyang99/jupyter_files/pkutree/coffea_newid_data_ssww_parquet/EGamma_Run2018A/46/46.parquet 	47/255
0
0
0
/data/pubfs/tyyang99/jupyter_files/pkutree/coffea_newid_data_ssww_parquet/EGamma_Run2018A/47/47.parquet 	48/255
0
0
1
/data/pubfs/tyyang99/jupyter_files/pkutree/coffea_newid_data_ssww_parquet/EGamma_Run2018A/48/48.parquet 	49/255
0
0
6
/data/pubfs/tyyang99/jupyter_files/pkutree/coffea_newid_data_ssww_parquet/EGamma_Run2018A/49/49.parquet 	50/255
0
0
0
/data/pubfs/tyyang99/jupyter_files/pkutree/coffea_newid_data_ssww_parquet/EGamma_Run2018A/50/50.parquet 	51/255
0
0
5
/data/pubfs/tyyang99/jupyter_files/pkutree/coffea_newid_data_ssww_parquet/EGamma_Run2018A/51/51.parquet 	52/255
0
0
1
/data/pubfs/tyyang99/jupyter_files/pkutree/coffea_newid_data_ssww_parquet/EGamma_Run2018A/52/52.parquet 	53/255
0
0
3
/data/pubfs/tyyang99/jupyter_files/pkutree/coffea_newid_data_ssww_parquet/EGamma_Run2018A/53/53.parquet 	54/255
0
0
1
/data/pubfs/tyyang99/jupyter_files/pkutree/coffea_newid_data_ssww_parquet/EGamma_Run2018A/54/54.parquet 	55/255
0
0
0
/data/pubfs/tyyang99/jupyter_files/pkutree/coffea_newid_data_ssww_parquet/EGamma_Run2018A/55/55.parquet 	56/255
0
0
2
/data/pubfs/tyyang99/jupyter_files/pkutree/coffea_newid_data_ssww_parquet/EGamma_Run2018A/56/56.parquet 	57/255
1
0
2
/data/pubfs/tyyang99/jupyter_files/pkutree/coffea_newid_data_ssww_parquet/EGamma_Run2018A/57/57.parquet 	58/255
0
0
0
/data/pubfs/tyyang99/jupyter_files/pkutree/coffea_newid_data_ssww_parquet/EGamma_Run2018A/58/58.parquet 	59/255
0
0
3
/data/pubfs/tyyang99/jupyter_files/pkutree/coffea_newid_data_ssww_parquet/EGamma_Run2018A/59/59.parquet 	60/255
0
0
1
/data/pubfs/tyyang99/jupyter_files/pkutree/coffea_newid_data_ssww_parquet/EGamma_Run2018A/60/60.parquet 	61/255
0
0
2
/data/pubfs/tyyang99/jupyter_files/pkutree/coffea_newid_data_ssww_parquet/EGamma_Run2018A/61/61.parquet 	62/255
0
0
0
/data/pubfs/tyyang99/jupyter_files/pkutree/coffea_newid_data_ssww_parquet/EGamma_Run2018A/62/62.parquet 	63/255
0
0
1
/data/pubfs/tyyang99/jupyter_files/pkutree/coffea_newid_data_ssww_parquet/EGamma_Run2018A/63/63.parquet 	64/255
1
1
3
/data/pubfs/tyyang99/jupyter_files/pkutree/coffea_newid_data_ssww_parquet/EGamma_Run2018A/64/64.parquet 	65/255
1
0
1
/data/pubfs/tyyang99/jupyter_files/pkutree/coffea_newid_data_ssww_parquet/EGamma_Run2018A/65/65.parquet 	66/255
0
0
0
/data/pubfs/tyyang99/jupyter_files/pkutree/coffea_newid_data_ssww_parquet/EGamma_Run2018A/66/66.parquet 	67/255
0
0
0
/data/pubfs/tyyang99/jupyter_files/pkutree/coffea_newid_data_ssww_parquet/EGamma_Run2018A/67/67.parquet 	68/255
0
0
1
/data/pubfs/tyyang99/jupyter_files/pkutree/coffea_newid_data_ssww_parquet/EGamma_Run2018A/68/68.parquet 	69/255
0
0
5
/data/pubfs/tyyang99/jupyter_files/pkutree/coffea_newid_data_ssww_parquet/EGamma_Run2018A/69/69.parquet 	70/255
0
0
0
/data/pubfs/tyyang99/jupyter_files/pkutree/coffea_newid_data_ssww_parquet/EGamma_Run2018A/70/70.parquet 	71/255
0
0
4
/data/pubfs/tyyang99/jupyter_files/pkutree/coffea_newid_data_ssww_parquet/EGamma_Run2018A/71/71.parquet 	72/255
0
0
1
/data/pubfs/tyyang99/jupyter_files/pkutree/coffea_newid_data_ssww_parquet/EGamma_Run2018A/72/72.parquet 	73/255
0
0
1
/data/pubfs/tyyang99/jupyter_files/pkutree/coffea_newid_data_ssww_parquet/EGamma_Run2018A/73/73.parquet 	74/255
1
0
1
/data/pubfs/tyyang99/jupyter_files/pkutree/coffea_newid_data_ssww_parquet/EGamma_Run2018A/74/74.parquet 	75/255
0
0
2
/data/pubfs/tyyang99/jupyter_files/pkutree/coffea_newid_data_ssww_parquet/EGamma_Run2018A/75/75.parquet 	76/255
0
0
4
/data/pubfs/tyyang99/jupyter_files/pkutree/coffea_newid_data_ssww_parquet/EGamma_Run2018A/76/76.parquet 	77/255
0
0
2
/data/pubfs/tyyang99/jupyter_files/pkutree/coffea_newid_data_ssww_parquet/EGamma_Run2018A/77/77.parquet 	78/255
0
0
2
/data/pubfs/tyyang99/jupyter_files/pkutree/coffea_newid_data_ssww_parquet/EGamma_Run2018A/78/78.parquet 	79/255
0
0
3
/data/pubfs/tyyang99/jupyter_files/pkutree/coffea_newid_data_ssww_parquet/EGamma_Run2018A/79/79.parquet 	80/255
0
0
2
/data/pubfs/tyyang99/jupyter_files/pkutree/coffea_newid_data_ssww_parquet/EGamma_Run2018A/80/80.parquet 	81/255
0
0
1
/data/pubfs/tyyang99/jupyter_files/pkutree/coffea_newid_data_ssww_parquet/EGamma_Run2018A/81/81.parquet 	82/255
0
0
0
/data/pubfs/tyyang99/jupyter_files/pkutree/coffea_newid_data_ssww_parquet/EGamma_Run2018A/82/82.parquet 	83/255
0
0
3
/data/pubfs/tyyang99/jupyter_files/pkutree/coffea_newid_data_ssww_parquet/EGamma_Run2018A/83/83.parquet 	84/255
0
0
2
/data/pubfs/tyyang99/jupyter_files/pkutree/coffea_newid_data_ssww_parquet/EGamma_Run2018A/84/84.parquet 	85/255
0
0
2
/data/pubfs/tyyang99/jupyter_files/pkutree/coffea_newid_data_ssww_parquet/EGamma_Run2018A/85/85.parquet 	86/255
0
0
2
/data/pubfs/tyyang99/jupyter_files/pkutree/coffea_newid_data_ssww_parquet/EGamma_Run2018A/86/86.parquet 	87/255
1
0
4
/data/pubfs/tyyang99/jupyter_files/pkutree/coffea_newid_data_ssww_parquet/EGamma_Run2018A/87/87.parquet 	88/255
0
0
1
/data/pubfs/tyyang99/jupyter_files/pkutree/coffea_newid_data_ssww_parquet/EGamma_Run2018A/88/88.parquet 	89/255
0
0
4
/data/pubfs/tyyang99/jupyter_files/pkutree/coffea_newid_data_ssww_parquet/EGamma_Run2018A/89/89.parquet 	90/255
0
0
1
/data/pubfs/tyyang99/jupyter_files/pkutree/coffea_newid_data_ssww_parquet/EGamma_Run2018A/90/90.parquet 	91/255
0
0
0
/data/pubfs/tyyang99/jupyter_files/pkutree/coffea_newid_data_ssww_parquet/EGamma_Run2018A/91/91.parquet 	92/255
1
0
2
/data/pubfs/tyyang99/jupyter_files/pkutree/coffea_newid_data_ssww_parquet/EGamma_Run2018A/92/92.parquet 	93/255
0
0
3
/data/pubfs/tyyang99/jupyter_files/pkutree/coffea_newid_data_ssww_parquet/EGamma_Run2018A/93/93.parquet 	94/255
0
0
1
/data/pubfs/tyyang99/jupyter_files/pkutree/coffea_newid_data_ssww_parquet/EGamma_Run2018A/94/94.parquet 	95/255
0
0
0
/data/pubfs/tyyang99/jupyter_files/pkutree/coffea_newid_data_ssww_parquet/EGamma_Run2018A/95/95.parquet 	96/255
0
0
6
/data/pubfs/tyyang99/jupyter_files/pkutree/coffea_newid_data_ssww_parquet/EGamma_Run2018A/96/96.parquet 	97/255
0
0
1
/data/pubfs/tyyang99/jupyter_files/pkutree/coffea_newid_data_ssww_parquet/EGamma_Run2018A/97/97.parquet 	98/255
0
0
1
/data/pubfs/tyyang99/jupyter_files/pkutree/coffea_newid_data_ssww_parquet/EGamma_Run2018A/98/98.parquet 	99/255
0
0
1
/data/pubfs/tyyang99/jupyter_files/pkutree/coffea_newid_data_ssww_parquet/EGamma_Run2018A/99/99.parquet 	100/255
0
0
3
/data/pubfs/tyyang99/jupyter_files/pkutree/coffea_newid_data_ssww_parquet/EGamma_Run2018A/100/100.parquet 	101/255
1
1
1
/data/pubfs/tyyang99/jupyter_files/pkutree/coffea_newid_data_ssww_parquet/EGamma_Run2018A/101/101.parquet 	102/255
0
0
4
/data/pubfs/tyyang99/jupyter_files/pkutree/coffea_newid_data_ssww_parquet/EGamma_Run2018A/102/102.parquet 	103/255
0
0
1
/data/pubfs/tyyang99/jupyter_files/pkutree/coffea_newid_data_ssww_parquet/EGamma_Run2018A/103/103.parquet 	104/255
0
0
1
/data/pubfs/tyyang99/jupyter_files/pkutree/coffea_newid_data_ssww_parquet/EGamma_Run2018A/104/104.parquet 	105/255
0
0
1
/data/pubfs/tyyang99/jupyter_files/pkutree/coffea_newid_data_ssww_parquet/EGamma_Run2018A/105/105.parquet 	106/255
0
0
2
/data/pubfs/tyyang99/jupyter_files/pkutree/coffea_newid_data_ssww_parquet/EGamma_Run2018A/106/106.parquet 	107/255
0
0
4
/data/pubfs/tyyang99/jupyter_files/pkutree/coffea_newid_data_ssww_parquet/EGamma_Run2018A/107/107.parquet 	108/255
0
0
1
/data/pubfs/tyyang99/jupyter_files/pkutree/coffea_newid_data_ssww_parquet/EGamma_Run2018A/108/108.parquet 	109/255
0
0
0
/data/pubfs/tyyang99/jupyter_files/pkutree/coffea_newid_data_ssww_parquet/EGamma_Run2018A/109/109.parquet 	110/255
1
0
3
/data/pubfs/tyyang99/jupyter_files/pkutree/coffea_newid_data_ssww_parquet/EGamma_Run2018A/110/110.parquet 	111/255
0
0
2
/data/pubfs/tyyang99/jupyter_files/pkutree/coffea_newid_data_ssww_parquet/EGamma_Run2018A/111/111.parquet 	112/255
0
0
1
/data/pubfs/tyyang99/jupyter_files/pkutree/coffea_newid_data_ssww_parquet/EGamma_Run2018A/112/112.parquet 	113/255
1
1
1
/data/pubfs/tyyang99/jupyter_files/pkutree/coffea_newid_data_ssww_parquet/EGamma_Run2018A/113/113.parquet 	114/255
0
0
1
/data/pubfs/tyyang99/jupyter_files/pkutree/coffea_newid_data_ssww_parquet/EGamma_Run2018A/114/114.parquet 	115/255
0
0
1
/data/pubfs/tyyang99/jupyter_files/pkutree/coffea_newid_data_ssww_parquet/EGamma_Run2018A/115/115.parquet 	116/255
0
0
2
/data/pubfs/tyyang99/jupyter_files/pkutree/coffea_newid_data_ssww_parquet/EGamma_Run2018A/116/116.parquet 	117/255
0
0
0
/data/pubfs/tyyang99/jupyter_files/pkutree/coffea_newid_data_ssww_parquet/EGamma_Run2018A/117/117.parquet 	118/255
0
0
5
/data/pubfs/tyyang99/jupyter_files/pkutree/coffea_newid_data_ssww_parquet/EGamma_Run2018A/118/118.parquet 	119/255
1
0
1
/data/pubfs/tyyang99/jupyter_files/pkutree/coffea_newid_data_ssww_parquet/EGamma_Run2018A/119/119.parquet 	120/255
0
0
0
/data/pubfs/tyyang99/jupyter_files/pkutree/coffea_newid_data_ssww_parquet/EGamma_Run2018A/120/120.parquet 	121/255
0
0
4
/data/pubfs/tyyang99/jupyter_files/pkutree/coffea_newid_data_ssww_parquet/EGamma_Run2018A/121/121.parquet 	122/255
0
0
4
/data/pubfs/tyyang99/jupyter_files/pkutree/coffea_newid_data_ssww_parquet/EGamma_Run2018A/122/122.parquet 	123/255
1
0
1
/data/pubfs/tyyang99/jupyter_files/pkutree/coffea_newid_data_ssww_parquet/EGamma_Run2018A/123/123.parquet 	124/255
0
0
1
/data/pubfs/tyyang99/jupyter_files/pkutree/coffea_newid_data_ssww_parquet/EGamma_Run2018A/124/124.parquet 	125/255
0
0
2
/data/pubfs/tyyang99/jupyter_files/pkutree/coffea_newid_data_ssww_parquet/EGamma_Run2018A/125/125.parquet 	126/255
1
1
1
/data/pubfs/tyyang99/jupyter_files/pkutree/coffea_newid_data_ssww_parquet/EGamma_Run2018A/126/126.parquet 	127/255
0
0
2
/data/pubfs/tyyang99/jupyter_files/pkutree/coffea_newid_data_ssww_parquet/EGamma_Run2018A/127/127.parquet 	128/255
0
0
2
/data/pubfs/tyyang99/jupyter_files/pkutree/coffea_newid_data_ssww_parquet/EGamma_Run2018A/128/128.parquet 	129/255
0
0
2
/data/pubfs/tyyang99/jupyter_files/pkutree/coffea_newid_data_ssww_parquet/EGamma_Run2018A/129/129.parquet 	130/255
0
0
2
/data/pubfs/tyyang99/jupyter_files/pkutree/coffea_newid_data_ssww_parquet/EGamma_Run2018A/130/130.parquet 	131/255
1
0
0
/data/pubfs/tyyang99/jupyter_files/pkutree/coffea_newid_data_ssww_parquet/EGamma_Run2018A/131/131.parquet 	132/255
0
0
2
/data/pubfs/tyyang99/jupyter_files/pkutree/coffea_newid_data_ssww_parquet/EGamma_Run2018A/132/132.parquet 	133/255
0
0
0
/data/pubfs/tyyang99/jupyter_files/pkutree/coffea_newid_data_ssww_parquet/EGamma_Run2018A/133/133.parquet 	134/255
0
0
10
/data/pubfs/tyyang99/jupyter_files/pkutree/coffea_newid_data_ssww_parquet/EGamma_Run2018A/134/134.parquet 	135/255
0
0
1
/data/pubfs/tyyang99/jupyter_files/pkutree/coffea_newid_data_ssww_parquet/EGamma_Run2018A/135/135.parquet 	136/255
0
0
1
/data/pubfs/tyyang99/jupyter_files/pkutree/coffea_newid_data_ssww_parquet/EGamma_Run2018A/136/136.parquet 	137/255
0
0
2
/data/pubfs/tyyang99/jupyter_files/pkutree/coffea_newid_data_ssww_parquet/EGamma_Run2018A/137/137.parquet 	138/255
0
0
0
/data/pubfs/tyyang99/jupyter_files/pkutree/coffea_newid_data_ssww_parquet/EGamma_Run2018A/138/138.parquet 	139/255
0
0
0
/data/pubfs/tyyang99/jupyter_files/pkutree/coffea_newid_data_ssww_parquet/EGamma_Run2018A/139/139.parquet 	140/255
0
0
2
/data/pubfs/tyyang99/jupyter_files/pkutree/coffea_newid_data_ssww_parquet/EGamma_Run2018A/140/140.parquet 	141/255
0
0
1
/data/pubfs/tyyang99/jupyter_files/pkutree/coffea_newid_data_ssww_parquet/EGamma_Run2018A/141/141.parquet 	142/255
0
0
0
/data/pubfs/tyyang99/jupyter_files/pkutree/coffea_newid_data_ssww_parquet/EGamma_Run2018A/142/142.parquet 	143/255
0
0
2
/data/pubfs/tyyang99/jupyter_files/pkutree/coffea_newid_data_ssww_parquet/EGamma_Run2018A/143/143.parquet 	144/255
0
0
3
/data/pubfs/tyyang99/jupyter_files/pkutree/coffea_newid_data_ssww_parquet/EGamma_Run2018A/144/144.parquet 	145/255
0
0
0
/data/pubfs/tyyang99/jupyter_files/pkutree/coffea_newid_data_ssww_parquet/EGamma_Run2018A/145/145.parquet 	146/255
0
0
1
/data/pubfs/tyyang99/jupyter_files/pkutree/coffea_newid_data_ssww_parquet/EGamma_Run2018A/146/146.parquet 	147/255
0
0
1
/data/pubfs/tyyang99/jupyter_files/pkutree/coffea_newid_data_ssww_parquet/EGamma_Run2018A/147/147.parquet 	148/255
0
0
3
/data/pubfs/tyyang99/jupyter_files/pkutree/coffea_newid_data_ssww_parquet/EGamma_Run2018A/148/148.parquet 	149/255
0
0
3
/data/pubfs/tyyang99/jupyter_files/pkutree/coffea_newid_data_ssww_parquet/EGamma_Run2018A/149/149.parquet 	150/255
0
0
3
/data/pubfs/tyyang99/jupyter_files/pkutree/coffea_newid_data_ssww_parquet/EGamma_Run2018A/150/150.parquet 	151/255
0
0
0
/data/pubfs/tyyang99/jupyter_files/pkutree/coffea_newid_data_ssww_parquet/EGamma_Run2018A/151/151.parquet 	152/255
0
0
4
/data/pubfs/tyyang99/jupyter_files/pkutree/coffea_newid_data_ssww_parquet/EGamma_Run2018A/152/152.parquet 	153/255
0
0
2
/data/pubfs/tyyang99/jupyter_files/pkutree/coffea_newid_data_ssww_parquet/EGamma_Run2018A/153/153.parquet 	154/255
0
0
1
/data/pubfs/tyyang99/jupyter_files/pkutree/coffea_newid_data_ssww_parquet/EGamma_Run2018A/154/154.parquet 	155/255
0
0
1
/data/pubfs/tyyang99/jupyter_files/pkutree/coffea_newid_data_ssww_parquet/EGamma_Run2018A/155/155.parquet 	156/255
2
2
2
/data/pubfs/tyyang99/jupyter_files/pkutree/coffea_newid_data_ssww_parquet/EGamma_Run2018A/156/156.parquet 	157/255
0
0
1
/data/pubfs/tyyang99/jupyter_files/pkutree/coffea_newid_data_ssww_parquet/EGamma_Run2018A/157/157.parquet 	158/255
1
0
6
/data/pubfs/tyyang99/jupyter_files/pkutree/coffea_newid_data_ssww_parquet/EGamma_Run2018A/158/158.parquet 	159/255
0
0
0
/data/pubfs/tyyang99/jupyter_files/pkutree/coffea_newid_data_ssww_parquet/EGamma_Run2018A/159/159.parquet 	160/255
1
0
3
/data/pubfs/tyyang99/jupyter_files/pkutree/coffea_newid_data_ssww_parquet/EGamma_Run2018A/160/160.parquet 	161/255
1
1
3
/data/pubfs/tyyang99/jupyter_files/pkutree/coffea_newid_data_ssww_parquet/EGamma_Run2018A/161/161.parquet 	162/255
0
0
1
/data/pubfs/tyyang99/jupyter_files/pkutree/coffea_newid_data_ssww_parquet/EGamma_Run2018A/162/162.parquet 	163/255
0
0
1
/data/pubfs/tyyang99/jupyter_files/pkutree/coffea_newid_data_ssww_parquet/EGamma_Run2018A/163/163.parquet 	164/255
0
0
1
/data/pubfs/tyyang99/jupyter_files/pkutree/coffea_newid_data_ssww_parquet/EGamma_Run2018A/164/164.parquet 	165/255
0
0
4
/data/pubfs/tyyang99/jupyter_files/pkutree/coffea_newid_data_ssww_parquet/EGamma_Run2018A/165/165.parquet 	166/255
0
0
2
/data/pubfs/tyyang99/jupyter_files/pkutree/coffea_newid_data_ssww_parquet/EGamma_Run2018A/166/166.parquet 	167/255
0
0
3
/data/pubfs/tyyang99/jupyter_files/pkutree/coffea_newid_data_ssww_parquet/EGamma_Run2018A/167/167.parquet 	168/255
0
0
0
/data/pubfs/tyyang99/jupyter_files/pkutree/coffea_newid_data_ssww_parquet/EGamma_Run2018A/168/168.parquet 	169/255
0
0
1
/data/pubfs/tyyang99/jupyter_files/pkutree/coffea_newid_data_ssww_parquet/EGamma_Run2018A/169/169.parquet 	170/255
0
0
0
/data/pubfs/tyyang99/jupyter_files/pkutree/coffea_newid_data_ssww_parquet/EGamma_Run2018A/170/170.parquet 	171/255
0
0
1
/data/pubfs/tyyang99/jupyter_files/pkutree/coffea_newid_data_ssww_parquet/EGamma_Run2018A/171/171.parquet 	172/255
0
0
3
/data/pubfs/tyyang99/jupyter_files/pkutree/coffea_newid_data_ssww_parquet/EGamma_Run2018A/172/172.parquet 	173/255
0
0
2
/data/pubfs/tyyang99/jupyter_files/pkutree/coffea_newid_data_ssww_parquet/EGamma_Run2018A/173/173.parquet 	174/255
0
0
1
/data/pubfs/tyyang99/jupyter_files/pkutree/coffea_newid_data_ssww_parquet/EGamma_Run2018A/174/174.parquet 	175/255
0
0
2
/data/pubfs/tyyang99/jupyter_files/pkutree/coffea_newid_data_ssww_parquet/EGamma_Run2018A/175/175.parquet 	176/255
0
0
1
/data/pubfs/tyyang99/jupyter_files/pkutree/coffea_newid_data_ssww_parquet/EGamma_Run2018A/176/176.parquet 	177/255
0
0
1
/data/pubfs/tyyang99/jupyter_files/pkutree/coffea_newid_data_ssww_parquet/EGamma_Run2018A/177/177.parquet 	178/255
0
0
2
/data/pubfs/tyyang99/jupyter_files/pkutree/coffea_newid_data_ssww_parquet/EGamma_Run2018A/178/178.parquet 	179/255
0
0
0
/data/pubfs/tyyang99/jupyter_files/pkutree/coffea_newid_data_ssww_parquet/EGamma_Run2018A/179/179.parquet 	180/255
0
0
3
/data/pubfs/tyyang99/jupyter_files/pkutree/coffea_newid_data_ssww_parquet/EGamma_Run2018A/180/180.parquet 	181/255
0
0
3
/data/pubfs/tyyang99/jupyter_files/pkutree/coffea_newid_data_ssww_parquet/EGamma_Run2018A/181/181.parquet 	182/255
0
0
3
/data/pubfs/tyyang99/jupyter_files/pkutree/coffea_newid_data_ssww_parquet/EGamma_Run2018A/182/182.parquet 	183/255
0
0
0
/data/pubfs/tyyang99/jupyter_files/pkutree/coffea_newid_data_ssww_parquet/EGamma_Run2018A/183/183.parquet 	184/255
0
0
3
/data/pubfs/tyyang99/jupyter_files/pkutree/coffea_newid_data_ssww_parquet/EGamma_Run2018A/184/184.parquet 	185/255
0
0
2
/data/pubfs/tyyang99/jupyter_files/pkutree/coffea_newid_data_ssww_parquet/EGamma_Run2018A/185/185.parquet 	186/255
0
0
2
/data/pubfs/tyyang99/jupyter_files/pkutree/coffea_newid_data_ssww_parquet/EGamma_Run2018A/186/186.parquet 	187/255
0
0
0
/data/pubfs/tyyang99/jupyter_files/pkutree/coffea_newid_data_ssww_parquet/EGamma_Run2018A/187/187.parquet 	188/255
0
0
3
/data/pubfs/tyyang99/jupyter_files/pkutree/coffea_newid_data_ssww_parquet/EGamma_Run2018A/188/188.parquet 	189/255
0
0
1
/data/pubfs/tyyang99/jupyter_files/pkutree/coffea_newid_data_ssww_parquet/EGamma_Run2018A/189/189.parquet 	190/255
0
0
2
/data/pubfs/tyyang99/jupyter_files/pkutree/coffea_newid_data_ssww_parquet/EGamma_Run2018A/190/190.parquet 	191/255
0
0
1
/data/pubfs/tyyang99/jupyter_files/pkutree/coffea_newid_data_ssww_parquet/EGamma_Run2018A/191/191.parquet 	192/255
0
0
0
/data/pubfs/tyyang99/jupyter_files/pkutree/coffea_newid_data_ssww_parquet/EGamma_Run2018A/192/192.parquet 	193/255
0
0
3
/data/pubfs/tyyang99/jupyter_files/pkutree/coffea_newid_data_ssww_parquet/EGamma_Run2018A/193/193.parquet 	194/255
0
0
2
/data/pubfs/tyyang99/jupyter_files/pkutree/coffea_newid_data_ssww_parquet/EGamma_Run2018A/194/194.parquet 	195/255
0
0
3
/data/pubfs/tyyang99/jupyter_files/pkutree/coffea_newid_data_ssww_parquet/EGamma_Run2018A/195/195.parquet 	196/255
0
0
3
/data/pubfs/tyyang99/jupyter_files/pkutree/coffea_newid_data_ssww_parquet/EGamma_Run2018A/196/196.parquet 	197/255
1
0
4
/data/pubfs/tyyang99/jupyter_files/pkutree/coffea_newid_data_ssww_parquet/EGamma_Run2018A/197/197.parquet 	198/255
0
0
1
/data/pubfs/tyyang99/jupyter_files/pkutree/coffea_newid_data_ssww_parquet/EGamma_Run2018A/198/198.parquet 	199/255
1
0
4
/data/pubfs/tyyang99/jupyter_files/pkutree/coffea_newid_data_ssww_parquet/EGamma_Run2018A/199/199.parquet 	200/255
0
0
4
/data/pubfs/tyyang99/jupyter_files/pkutree/coffea_newid_data_ssww_parquet/EGamma_Run2018A/200/200.parquet 	201/255
0
0
2
/data/pubfs/tyyang99/jupyter_files/pkutree/coffea_newid_data_ssww_parquet/EGamma_Run2018A/201/201.parquet 	202/255
0
0
1
/data/pubfs/tyyang99/jupyter_files/pkutree/coffea_newid_data_ssww_parquet/EGamma_Run2018A/202/202.parquet 	203/255
0
0
1
/data/pubfs/tyyang99/jupyter_files/pkutree/coffea_newid_data_ssww_parquet/EGamma_Run2018A/203/203.parquet 	204/255
0
0
1
/data/pubfs/tyyang99/jupyter_files/pkutree/coffea_newid_data_ssww_parquet/EGamma_Run2018A/204/204.parquet 	205/255
0
0
1
/data/pubfs/tyyang99/jupyter_files/pkutree/coffea_newid_data_ssww_parquet/EGamma_Run2018A/205/205.parquet 	206/255
0
0
4
/data/pubfs/tyyang99/jupyter_files/pkutree/coffea_newid_data_ssww_parquet/EGamma_Run2018A/206/206.parquet 	207/255
1
0
2
/data/pubfs/tyyang99/jupyter_files/pkutree/coffea_newid_data_ssww_parquet/EGamma_Run2018A/207/207.parquet 	208/255
0
0
1
/data/pubfs/tyyang99/jupyter_files/pkutree/coffea_newid_data_ssww_parquet/EGamma_Run2018A/208/208.parquet 	209/255
0
0
2
/data/pubfs/tyyang99/jupyter_files/pkutree/coffea_newid_data_ssww_parquet/EGamma_Run2018A/209/209.parquet 	210/255
0
0
2
/data/pubfs/tyyang99/jupyter_files/pkutree/coffea_newid_data_ssww_parquet/EGamma_Run2018A/210/210.parquet 	211/255
0
0
5
/data/pubfs/tyyang99/jupyter_files/pkutree/coffea_newid_data_ssww_parquet/EGamma_Run2018A/211/211.parquet 	212/255
0
0
0
/data/pubfs/tyyang99/jupyter_files/pkutree/coffea_newid_data_ssww_parquet/EGamma_Run2018A/212/212.parquet 	213/255
0
0
1
/data/pubfs/tyyang99/jupyter_files/pkutree/coffea_newid_data_ssww_parquet/EGamma_Run2018A/213/213.parquet 	214/255
0
0
2
/data/pubfs/tyyang99/jupyter_files/pkutree/coffea_newid_data_ssww_parquet/EGamma_Run2018A/214/214.parquet 	215/255
0
0
2
/data/pubfs/tyyang99/jupyter_files/pkutree/coffea_newid_data_ssww_parquet/EGamma_Run2018A/215/215.parquet 	216/255
0
0
4
/data/pubfs/tyyang99/jupyter_files/pkutree/coffea_newid_data_ssww_parquet/EGamma_Run2018A/216/216.parquet 	217/255
0
0
2
/data/pubfs/tyyang99/jupyter_files/pkutree/coffea_newid_data_ssww_parquet/EGamma_Run2018A/217/217.parquet 	218/255
0
0
2
/data/pubfs/tyyang99/jupyter_files/pkutree/coffea_newid_data_ssww_parquet/EGamma_Run2018A/218/218.parquet 	219/255
0
0
4
/data/pubfs/tyyang99/jupyter_files/pkutree/coffea_newid_data_ssww_parquet/EGamma_Run2018A/219/219.parquet 	220/255
0
0
2
/data/pubfs/tyyang99/jupyter_files/pkutree/coffea_newid_data_ssww_parquet/EGamma_Run2018A/220/220.parquet 	221/255
0
0
4
/data/pubfs/tyyang99/jupyter_files/pkutree/coffea_newid_data_ssww_parquet/EGamma_Run2018A/221/221.parquet 	222/255
0
0
2
/data/pubfs/tyyang99/jupyter_files/pkutree/coffea_newid_data_ssww_parquet/EGamma_Run2018A/222/222.parquet 	223/255
0
0
1
/data/pubfs/tyyang99/jupyter_files/pkutree/coffea_newid_data_ssww_parquet/EGamma_Run2018A/223/223.parquet 	224/255
0
0
3
/data/pubfs/tyyang99/jupyter_files/pkutree/coffea_newid_data_ssww_parquet/EGamma_Run2018A/224/224.parquet 	225/255
0
0
0
/data/pubfs/tyyang99/jupyter_files/pkutree/coffea_newid_data_ssww_parquet/EGamma_Run2018A/225/225.parquet 	226/255
0
0
1
/data/pubfs/tyyang99/jupyter_files/pkutree/coffea_newid_data_ssww_parquet/EGamma_Run2018A/226/226.parquet 	227/255
1
1
1
/data/pubfs/tyyang99/jupyter_files/pkutree/coffea_newid_data_ssww_parquet/EGamma_Run2018A/227/227.parquet 	228/255
0
0
1
/data/pubfs/tyyang99/jupyter_files/pkutree/coffea_newid_data_ssww_parquet/EGamma_Run2018A/228/228.parquet 	229/255
0
0
2
/data/pubfs/tyyang99/jupyter_files/pkutree/coffea_newid_data_ssww_parquet/EGamma_Run2018A/229/229.parquet 	230/255
0
0
1
/data/pubfs/tyyang99/jupyter_files/pkutree/coffea_newid_data_ssww_parquet/EGamma_Run2018A/230/230.parquet 	231/255
0
0
5
/data/pubfs/tyyang99/jupyter_files/pkutree/coffea_newid_data_ssww_parquet/EGamma_Run2018A/231/231.parquet 	232/255
0
0
2
/data/pubfs/tyyang99/jupyter_files/pkutree/coffea_newid_data_ssww_parquet/EGamma_Run2018A/232/232.parquet 	233/255
0
0
1
/data/pubfs/tyyang99/jupyter_files/pkutree/coffea_newid_data_ssww_parquet/EGamma_Run2018A/233/233.parquet 	234/255
0
0
1
/data/pubfs/tyyang99/jupyter_files/pkutree/coffea_newid_data_ssww_parquet/EGamma_Run2018A/234/234.parquet 	235/255
0
0
3
/data/pubfs/tyyang99/jupyter_files/pkutree/coffea_newid_data_ssww_parquet/EGamma_Run2018A/235/235.parquet 	236/255
0
0
4
/data/pubfs/tyyang99/jupyter_files/pkutree/coffea_newid_data_ssww_parquet/EGamma_Run2018A/236/236.parquet 	237/255
0
0
1
/data/pubfs/tyyang99/jupyter_files/pkutree/coffea_newid_data_ssww_parquet/EGamma_Run2018A/237/237.parquet 	238/255
0
0
1
/data/pubfs/tyyang99/jupyter_files/pkutree/coffea_newid_data_ssww_parquet/EGamma_Run2018A/238/238.parquet 	239/255
0
0
3
/data/pubfs/tyyang99/jupyter_files/pkutree/coffea_newid_data_ssww_parquet/EGamma_Run2018A/239/239.parquet 	240/255
0
0
1
/data/pubfs/tyyang99/jupyter_files/pkutree/coffea_newid_data_ssww_parquet/EGamma_Run2018A/240/240.parquet 	241/255
1
1
1
/data/pubfs/tyyang99/jupyter_files/pkutree/coffea_newid_data_ssww_parquet/EGamma_Run2018A/241/241.parquet 	242/255
1
0
0
/data/pubfs/tyyang99/jupyter_files/pkutree/coffea_newid_data_ssww_parquet/EGamma_Run2018A/242/242.parquet 	243/255
0
0
2
/data/pubfs/tyyang99/jupyter_files/pkutree/coffea_newid_data_ssww_parquet/EGamma_Run2018A/243/243.parquet 	244/255
0
0
2
/data/pubfs/tyyang99/jupyter_files/pkutree/coffea_newid_data_ssww_parquet/EGamma_Run2018A/244/244.parquet 	245/255
0
0
0
/data/pubfs/tyyang99/jupyter_files/pkutree/coffea_newid_data_ssww_parquet/EGamma_Run2018A/245/245.parquet 	246/255
1
1
1
/data/pubfs/tyyang99/jupyter_files/pkutree/coffea_newid_data_ssww_parquet/EGamma_Run2018A/246/246.parquet 	247/255
0
0
2
/data/pubfs/tyyang99/jupyter_files/pkutree/coffea_newid_data_ssww_parquet/EGamma_Run2018A/247/247.parquet 	248/255
0
0
6
/data/pubfs/tyyang99/jupyter_files/pkutree/coffea_newid_data_ssww_parquet/EGamma_Run2018A/248/248.parquet 	249/255
0
0
2
/data/pubfs/tyyang99/jupyter_files/pkutree/coffea_newid_data_ssww_parquet/EGamma_Run2018A/249/249.parquet 	250/255
0
0
1
/data/pubfs/tyyang99/jupyter_files/pkutree/coffea_newid_data_ssww_parquet/EGamma_Run2018A/250/250.parquet 	251/255
0
0
3
/data/pubfs/tyyang99/jupyter_files/pkutree/coffea_newid_data_ssww_parquet/EGamma_Run2018A/251/251.parquet 	252/255
0
0
1
/data/pubfs/tyyang99/jupyter_files/pkutree/coffea_newid_data_ssww_parquet/EGamma_Run2018A/252/252.parquet 	253/255
0
0
3
/data/pubfs/tyyang99/jupyter_files/pkutree/coffea_newid_data_ssww_parquet/EGamma_Run2018A/253/253.parquet 	254/255
0
0
0
/data/pubfs/tyyang99/jupyter_files/pkutree/coffea_newid_data_ssww_parquet/EGamma_Run2018A/254/254.parquet 	255/255
0
0
2
job done!
