 <<< Combine >>> 
>>> including systematics
>>> using the Profile Likelihood test statistics modified for upper limits (Q_LHC)
>>> method used is HybridNew
>>> Used OpenSSL to get a really random seed 951144162
Computing results starting from observation (a-posteriori)
[#0] WARNING:Minization -- RooMinimizerFcn: Minimized function has error status.
Returning maximum FCN so far (801.033) to force MIGRAD to back out of this region. Error log follows
Parameter values: JER_ele=6.95476, JER_muon=-0.394269, JES_ele=6.07415, JES_muon=0.512105, QCD_stat_ele=6.98331, QCD_stat_muon=-6.93775, VBS_stat_ele=3.57596, VBS_stat_muon=0.65183, ele_efficiency=6.73127, ele_trigger=6.96719, fakephoton_ele=1.45378, fakephoton_muon=-3.42114, interference=2.31642, lumi=2.71982, mu_efficiency=4.59307, mu_trigger=2.80578, non_prompt_stat_ele=6.99887, non_prompt_stat_muon=-5.42574, others_stat_ele=2.78223, others_stat_muon=-5.25654, others_xs=-2.47054, param=2.23824, pdf_ele=6.44522, pdf_muon=-6.2107, photon_id=-2.46313, pileup=1.41076, scale_ele=-1.81996, scale_muon=6.49659
RooProdPdf::model_s[ modelObs_s * nuisancePdf ]
     getLogVal() top-level p.d.f evaluates to zero @ !pdfs=(modelObs_s = 0/1,nuisancePdf = 1)

[#0] WARNING:Minization -- RooMinimizerFcn: Minimized function has error status.
Returning maximum FCN so far (801.033) to force MIGRAD to back out of this region. Error log follows
Parameter values: JER_ele=4.84139, JER_muon=4.37482, JES_ele=5.1745, JES_muon=6.05183, QCD_stat_ele=0.2995, QCD_stat_muon=-0.998703, VBS_stat_ele=5.75719, VBS_stat_muon=5.74878, ele_efficiency=2.63156, ele_trigger=5.06988, fakephoton_ele=6.9878, fakephoton_muon=2.69569, interference=3.92249, lumi=4.6955, mu_efficiency=2.4708, mu_trigger=5.44836, non_prompt_stat_ele=6.2297, non_prompt_stat_muon=6.42406, others_stat_ele=4.6931, others_stat_muon=4.07931, others_xs=3.80733, param=2.29789, pdf_ele=6.48404, pdf_muon=6.41859, photon_id=6.98275, pileup=0.841318, scale_ele=5.3244, scale_muon=5.28767
RooProdPdf::model_s[ modelObs_s * nuisancePdf ]
     getLogVal() top-level p.d.f evaluates to zero @ !pdfs=(modelObs_s = 0/1,nuisancePdf = 1)

[#0] WARNING:Minization -- RooMinimizerFcn: Minimized function has error status.
Returning maximum FCN so far (801.033) to force MIGRAD to back out of this region. Error log follows
Parameter values: JER_ele=4.59753, JER_muon=4.10245, JES_ele=4.81231, JES_muon=5.78493, QCD_stat_ele=2.05737, QCD_stat_muon=0.5806, VBS_stat_ele=5.451, VBS_stat_muon=5.43831, ele_efficiency=2.53041, ele_trigger=4.77803, fakephoton_ele=6.8823, fakephoton_muon=2.47496, interference=3.67887, lumi=4.39054, mu_efficiency=2.37053, mu_trigger=5.1872, non_prompt_stat_ele=6.66665, non_prompt_stat_muon=6.17131, others_stat_ele=4.30788, others_stat_muon=3.76247, others_xs=3.45721, param=2.29529, pdf_ele=6.16952, pdf_muon=6.10993, photon_id=6.83132, pileup=0.797818, scale_ele=6.17753, scale_muon=6.07324
RooProdPdf::model_s[ modelObs_s * nuisancePdf ]
     getLogVal() top-level p.d.f evaluates to zero @ !pdfs=(modelObs_s = 0/1,nuisancePdf = 1)

[#0] WARNING:Minization -- RooMinimizerFcn: Minimized function has error status.
Returning maximum FCN so far (801.033) to force MIGRAD to back out of this region. Error log follows
Parameter values: JER_ele=4.38103, JER_muon=3.84644, JES_ele=4.4787, JES_muon=5.51453, QCD_stat_ele=3.5101, QCD_stat_muon=2.06022, VBS_stat_ele=5.16765, VBS_stat_muon=5.14699, ele_efficiency=2.44877, ele_trigger=4.51632, fakephoton_ele=6.67466, fakephoton_muon=2.26185, interference=3.46188, lumi=4.11433, mu_efficiency=2.28359, mu_trigger=4.93623, non_prompt_stat_ele=6.92291, non_prompt_stat_muon=5.89524, others_stat_ele=3.95839, others_stat_muon=3.46606, others_xs=3.13777, param=2.29363, pdf_ele=5.8384, pdf_muon=5.76139, photon_id=6.55506, pileup=0.760839, scale_ele=6.68829, scale_muon=6.59881
RooProdPdf::model_s[ modelObs_s * nuisancePdf ]
     getLogVal() top-level p.d.f evaluates to zero @ !pdfs=(modelObs_s = 0/1,nuisancePdf = 1)

[#0] WARNING:Minization -- RooMinimizerFcn: Minimized function has error status.
Returning maximum FCN so far (801.033) to force MIGRAD to back out of this region. Error log follows
Parameter values: JER_ele=4.18084, JER_muon=3.60302, JES_ele=4.16408, JES_muon=5.24276, QCD_stat_ele=4.66924, QCD_stat_muon=3.35347, VBS_stat_ele=4.89609, VBS_stat_muon=4.86174, ele_efficiency=2.37622, ele_trigger=4.27265, fakephoton_ele=6.39601, fakephoton_muon=2.06105, interference=3.25945, lumi=3.85453, mu_efficiency=2.20339, mu_trigger=4.69228, non_prompt_stat_ele=7, non_prompt_stat_muon=5.60613, others_stat_ele=3.63233, others_stat_muon=3.18405, others_xs=2.83941, param=2.29215, pdf_ele=5.49837, pdf_muon=5.39117, photon_id=6.19157, pileup=0.727297, scale_ele=6.94183, scale_muon=6.89569
RooProdPdf::model_s[ modelObs_s * nuisancePdf ]
     getLogVal() top-level p.d.f evaluates to zero @ !pdfs=(modelObs_s = 0/1,nuisancePdf = 1)

[#0] WARNING:Minization -- RooMinimizerFcn: Minimized function has error status.
Returning maximum FCN so far (801.033) to force MIGRAD to back out of this region. Error log follows
Parameter values: JER_ele=3.99498, JER_muon=3.37254, JES_ele=3.86764, JES_muon=4.97418, QCD_stat_ele=5.5517, QCD_stat_muon=4.43132, VBS_stat_ele=4.63705, VBS_stat_muon=4.58362, ele_efficiency=2.31046, ele_trigger=4.04487, fakephoton_ele=6.07268, fakephoton_muon=1.87352, interference=3.07003, lumi=3.60999, mu_efficiency=2.12903, mu_trigger=4.4571, non_prompt_stat_ele=6.93793, non_prompt_stat_muon=5.31228, others_stat_ele=3.3277, others_stat_muon=2.91727, others_xs=2.56084, param=2.29081, pdf_ele=5.15792, pdf_muon=5.01165, photon_id=5.77126, pileup=0.696605, scale_ele=6.99776, scale_muon=6.99886
RooProdPdf::model_s[ modelObs_s * nuisancePdf ]
     getLogVal() top-level p.d.f evaluates to zero @ !pdfs=(modelObs_s = 0/1,nuisancePdf = 1)

[#0] WARNING:Minization -- RooMinimizerFcn: Minimized function has error status.
Returning maximum FCN so far (801.033) to force MIGRAD to back out of this region. Error log follows
Parameter values: JER_ele=3.8226, JER_muon=3.15565, JES_ele=3.58962, JES_muon=4.71256, QCD_stat_ele=6.18816, QCD_stat_muon=5.29091, VBS_stat_ele=4.39166, VBS_stat_muon=4.31532, ele_efficiency=2.2506, ele_trigger=3.83243, fakephoton_ele=5.72406, fakephoton_muon=1.69925, interference=2.89338, lumi=3.38078, mu_efficiency=2.06023, mu_trigger=4.23241, non_prompt_stat_ele=6.77356, non_prompt_stat_muon=5.02, others_stat_ele=3.04399, others_stat_muon=2.66657, others_xs=2.30169, param=2.28959, pdf_ele=4.82372, pdf_muon=4.63233, photon_id=5.31818, pileup=0.668504, scale_ele=6.90453, scale_muon=6.94559
RooProdPdf::model_s[ modelObs_s * nuisancePdf ]
     getLogVal() top-level p.d.f evaluates to zero @ !pdfs=(modelObs_s = 0/1,nuisancePdf = 1)

[#0] WARNING:Minization -- RooMinimizerFcn: Minimized function has error status.
Returning maximum FCN so far (801.033) to force MIGRAD to back out of this region. Error log follows
Parameter values: JER_ele=3.66251, JER_muon=2.95202, JES_ele=3.32925, JES_muon=4.45986, QCD_stat_ele=6.61598, QCD_stat_muon=5.94708, VBS_stat_ele=4.15987, VBS_stat_muon=4.05817, ele_efficiency=2.19587, ele_trigger=3.63425, fakephoton_ele=5.36318, fakephoton_muon=1.5374, interference=2.7287, lumi=3.16619, mu_efficiency=1.99653, mu_trigger=4.01872, non_prompt_stat_ele=6.53614, non_prompt_stat_muon=4.73314, others_stat_ele=2.77982, others_stat_muon=2.43155, others_xs=2.0607, param=2.28849, pdf_ele=4.49948, pdf_muon=4.25916, photon_id=4.84943, pileup=0.64271, scale_ele=6.70163, scale_muon=6.77092
RooProdPdf::model_s[ modelObs_s * nuisancePdf ]
     getLogVal() top-level p.d.f evaluates to zero @ !pdfs=(modelObs_s = 0/1,nuisancePdf = 1)

[#0] WARNING:Minization -- RooMinimizerFcn: Minimized function has error status.
Returning maximum FCN so far (801.033) to force MIGRAD to back out of this region. Error log follows
Parameter values: JER_ele=3.51264, JER_muon=2.75982, JES_ele=3.08392, JES_muon=4.21565, QCD_stat_ele=6.87239, QCD_stat_muon=6.42427, VBS_stat_ele=3.93984, VBS_stat_muon=3.81125, ele_efficiency=2.14532, ele_trigger=3.44803, fakephoton_ele=4.99668, fakephoton_muon=1.38608, interference=2.57416, lumi=2.96407, mu_efficiency=1.93712, mu_trigger=3.81479, non_prompt_stat_ele=6.24607, non_prompt_stat_muon=4.45242, others_stat_ele=2.53217, others_stat_muon=2.2101, others_xs=1.8351, param=2.28749, pdf_ele=4.18533, pdf_muon=3.89378, photon_id=4.37409, pileup=0.618814, scale_ele=6.41799, scale_muon=6.50294
RooProdPdf::model_s[ modelObs_s * nuisancePdf ]
     getLogVal() top-level p.d.f evaluates to zero @ !pdfs=(modelObs_s = 0/1,nuisancePdf = 1)

[#0] WARNING:Minization -- RooMinimizerFcn: Minimized function has error status.
Returning maximum FCN so far (801.033) to force MIGRAD to back out of this region. Error log follows
Parameter values: JER_ele=3.37238, JER_muon=2.57891, JES_ele=2.85325, JES_muon=3.98115, QCD_stat_ele=6.98714, QCD_stat_muon=6.74341, VBS_stat_ele=3.73158, VBS_stat_muon=3.57545, ele_efficiency=2.09854, ele_trigger=3.27325, fakephoton_ele=4.63148, fakephoton_muon=1.24481, interference=2.42938, lumi=2.77407, mu_efficiency=1.88175, mu_trigger=3.62099, non_prompt_stat_ele=5.92033, non_prompt_stat_muon=4.18019, others_stat_ele=2.30031, others_stat_muon=2.002, others_xs=1.62424, param=2.28658, pdf_ele=3.88322, pdf_muon=3.53971, photon_id=3.90177, pileup=0.596669, scale_ele=6.07739, scale_muon=6.16623
RooProdPdf::model_s[ modelObs_s * nuisancePdf ]
     getLogVal() top-level p.d.f evaluates to zero @ !pdfs=(modelObs_s = 0/1,nuisancePdf = 1)

[#0] WARNING:Minization -- RooMinimizerFcn: Minimized function has error status.
Returning maximum FCN so far (801.033) to force MIGRAD to back out of this region. Error log follows
Parameter values: JER_ele=3.24297, JER_muon=2.41101, JES_ele=2.63933, JES_muon=3.75969, QCD_stat_ele=6.98798, QCD_stat_muon=6.92541, VBS_stat_ele=3.53728, VBS_stat_muon=3.35398, ele_efficiency=2.05602, ele_trigger=3.11154, fakephoton_ele=4.27651, fakephoton_muon=1.11438, interference=2.29552, lumi=2.59784, mu_efficiency=1.831, mu_trigger=3.43967, non_prompt_stat_ele=5.57636, non_prompt_stat_muon=3.92091, others_stat_ele=2.08577, others_stat_muon=1.80875, others_xs=1.42934, param=2.28759, pdf_ele=3.59782, pdf_muon=3.20287, photon_id=3.44472, pileup=0.576448, scale_ele=5.70367, scale_muon=5.78656
RooProdPdf::model_s[ modelObs_s * nuisancePdf ]
     getLogVal() top-level p.d.f evaluates to zero @ !pdfs=(modelObs_s = 0/1,nuisancePdf = 1)

[#0] WARNING:Minization -- RooMinimizerFcn: Minimized function has error status.
Returning maximum FCN so far (801.033) to force MIGRAD to back out of this region. Error log follows
Parameter values: JER_ele=3.14353, JER_muon=2.27962, JES_ele=2.47293, JES_muon=3.5839, QCD_stat_ele=6.92095, QCD_stat_muon=6.99162, VBS_stat_ele=3.38489, VBS_stat_muon=3.17919, ele_efficiency=2.02477, ele_trigger=2.9868, fakephoton_ele=3.98746, fakephoton_muon=1.01192, interference=2.19138, lumi=2.46021, mu_efficiency=1.79272, mu_trigger=3.29737, non_prompt_stat_ele=5.28076, non_prompt_stat_muon=3.71325, others_stat_ele=1.91758, others_stat_muon=1.65579, others_xs=1.27614, param=2.28753, pdf_ele=3.3722, pdf_muon=2.93208, photon_id=3.07531, pileup=0.561179, scale_ele=5.37775, scale_muon=5.44976
RooProdPdf::model_s[ modelObs_s * nuisancePdf ]
     getLogVal() top-level p.d.f evaluates to zero @ !pdfs=(modelObs_s = 0/1,nuisancePdf = 1)

[#0] WARNING:Minization -- RooMinimizerFcn: Minimized function has error status.
Returning maximum FCN so far (801.033) to force MIGRAD to back out of this region. Error log follows
Parameter values: JER_ele=3.03269, JER_muon=2.13841, JES_ele=2.29182, JES_muon=3.39387, QCD_stat_ele=6.78386, QCD_stat_muon=6.98911, VBS_stat_ele=3.21926, VBS_stat_muon=2.98945, ele_efficiency=1.9871, ele_trigger=2.84841, fakephoton_ele=3.67366, fakephoton_muon=0.905227, interference=2.07903, lumi=2.31204, mu_efficiency=1.74875, mu_trigger=3.14234, non_prompt_stat_ele=4.94353, non_prompt_stat_muon=3.48945, others_stat_ele=1.73996, others_stat_muon=1.49729, others_xs=1.11642, param=2.28461, pdf_ele=3.12524, pdf_muon=2.64482, photon_id=2.67354, pileup=0.543858, scale_ele=4.99298, scale_muon=5.04754
RooProdPdf::model_s[ modelObs_s * nuisancePdf ]
     getLogVal() top-level p.d.f evaluates to zero @ !pdfs=(modelObs_s = 0/1,nuisancePdf = 1)

[#0] WARNING:Minization -- RooMinimizerFcn: Minimized function has error status.
Returning maximum FCN so far (801.033) to force MIGRAD to back out of this region. Error log follows
Parameter values: JER_ele=2.94051, JER_muon=2.01696, JES_ele=2.13734, JES_muon=3.22749, QCD_stat_ele=6.61654, QCD_stat_muon=6.92739, VBS_stat_ele=3.07708, VBS_stat_muon=2.82555, ele_efficiency=1.95819, ele_trigger=2.73245, fakephoton_ele=3.39334, fakephoton_muon=0.811275, interference=1.98295, lumi=2.18454, mu_efficiency=1.7134, mu_trigger=3.00896, non_prompt_stat_ele=4.63345, non_prompt_stat_muon=3.29134, others_stat_ele=1.58497, others_stat_muon=1.35635, others_xs=0.975771, param=2.29178, pdf_ele=2.91165, pdf_muon=2.38861, photon_id=2.31844, pileup=0.529857, scale_ele=4.64009, scale_muon=4.67507
RooProdPdf::model_s[ modelObs_s * nuisancePdf ]
     getLogVal() top-level p.d.f evaluates to zero @ !pdfs=(modelObs_s = 0/1,nuisancePdf = 1)

[#0] WARNING:Minization -- RooMinimizerFcn: Minimized function has error status.
Returning maximum FCN so far (801.033) to force MIGRAD to back out of this region. Error log follows
Parameter values: JER_ele=2.87191, JER_muon=1.92751, JES_ele=2.02383, JES_muon=3.10536, QCD_stat_ele=6.46402, QCD_stat_muon=6.84598, VBS_stat_ele=2.97153, VBS_stat_muon=2.70422, ele_efficiency=1.93623, ele_trigger=2.64652, fakephoton_ele=3.1853, fakephoton_muon=0.743638, interference=1.91251, lumi=2.09115, mu_efficiency=1.68694, mu_trigger=2.91062, non_prompt_stat_ele=4.39713, non_prompt_stat_muon=3.14594, others_stat_ele=1.47253, others_stat_muon=1.25479, others_xs=0.874413, param=2.28045, pdf_ele=2.75353, pdf_muon=2.20104, photon_id=2.05588, pileup=0.519408, scale_ele=4.3689, scale_muon=4.38768
RooProdPdf::model_s[ modelObs_s * nuisancePdf ]
     getLogVal() top-level p.d.f evaluates to zero @ !pdfs=(modelObs_s = 0/1,nuisancePdf = 1)

[#0] WARNING:Minization -- RooMinimizerFcn: Minimized function has error status.
Returning maximum FCN so far (35.6118) to force MIGRAD to back out of this region. Error log follows
Parameter values: JER_ele=-0.315677, JER_muon=0.229715, JES_ele=1.57241, JES_muon=-1.13447, QCD_stat_ele=1.63358, QCD_stat_muon=-0.108015, VBS_stat_ele=1.09811, VBS_stat_muon=-0.402891, ele_efficiency=0.326781, ele_trigger=1.25506, fakephoton_ele=4.67473, fakephoton_muon=-0.862251, interference=1.06566, lumi=0.367368, mu_efficiency=0.453444, mu_trigger=0.488937, non_prompt_stat_ele=5.93647, non_prompt_stat_muon=0.334531, others_stat_ele=2.94912, others_stat_muon=0.313424, others_xs=1.14041, param=1.76815, pdf_ele=0.349437, pdf_muon=-1.06479, photon_id=0.639315, pileup=0.600919, scale_ele=1.72691, scale_muon=-0.794596
RooProdPdf::model_s[ modelObs_s * nuisancePdf ]
     getLogVal() top-level p.d.f evaluates to zero @ !pdfs=(modelObs_s = 0/1,nuisancePdf = 1)

[#0] WARNING:Minization -- RooMinimizerFcn: Minimized function has error status.
Returning maximum FCN so far (541.606) to force MIGRAD to back out of this region. Error log follows
Parameter values: JER_ele=-1.10246, JER_muon=0.296659, JES_ele=0.844503, JES_muon=-1.33481, QCD_stat_ele=-1.2661, QCD_stat_muon=-0.139367, VBS_stat_ele=0.123537, VBS_stat_muon=-0.467075, ele_efficiency=0.163353, ele_trigger=0.630013, fakephoton_ele=6.4418, fakephoton_muon=-1.02046, interference=1.18804, lumi=-0.0146952, mu_efficiency=0.565595, mu_trigger=0.648356, non_prompt_stat_ele=5.59191, non_prompt_stat_muon=0.502524, others_stat_ele=1.8433, others_stat_muon=0.404029, others_xs=0.863401, param=0.5792, pdf_ele=-1.09681, pdf_muon=-1.25729, photon_id=-0.333868, pileup=0.687937, scale_ele=-0.278683, scale_muon=-0.959429
RooProdPdf::model_s[ modelObs_s * nuisancePdf ]
     getLogVal() top-level p.d.f evaluates to zero @ !pdfs=(modelObs_s = 0/1,nuisancePdf = 1)


 -- Hybrid New -- 
CLs = 0.456731 +/- 0.0319011
Done in 18.80 min (cpu), 19.24 min (real)
