 <<< Combine >>> 
>>> including systematics
>>> using the Profile Likelihood test statistics modified for upper limits (Q_LHC)
>>> method used is HybridNew
>>> Used OpenSSL to get a really random seed -153030111
Computing results starting from observation (a-posteriori)
[#0] WARNING:Minization -- RooMinimizerFcn: Minimized function has error status.
Returning maximum FCN so far (828.56) to force MIGRAD to back out of this region. Error log follows
Parameter values: JER_ele=5.33775, JER_muon=6.84972, JES_ele=-6.78501, JES_muon=0.386154, QCD_stat_ele=-4.16057, QCD_stat_muon=2.78163, VBS_stat_ele=6.92895, VBS_stat_muon=-5.96025, ele_efficiency=3.35205, ele_trigger=6.30297, fakephoton_ele=5.22042, fakephoton_muon=-0.11688, interference=-6.52483, lumi=5.9819, mu_efficiency=-6.88461, mu_trigger=-5.44609, non_prompt_stat_ele=5.20509, non_prompt_stat_muon=4.68054, others_stat_ele=4.62307, others_stat_muon=-6.87605, others_xs=-3.85014, param=1.333, pdf_ele=0.55652, pdf_muon=4.75881, photon_id=-2.50026, pileup=-6.91269, scale_ele=-6.72497, scale_muon=3.20881
RooProdPdf::model_s[ modelObs_s * nuisancePdf ]
     getLogVal() top-level p.d.f evaluates to zero @ !pdfs=(modelObs_s = 0/1,nuisancePdf = 1)

[#0] WARNING:Minization -- RooMinimizerFcn: Minimized function has error status.
Returning maximum FCN so far (828.56) to force MIGRAD to back out of this region. Error log follows
Parameter values: JER_ele=-6.98374, JER_muon=4.74626, JES_ele=-6.89044, JES_muon=3.0802, QCD_stat_ele=-2.19557, QCD_stat_muon=-6.47217, VBS_stat_ele=-4.83207, VBS_stat_muon=3.78249, ele_efficiency=2.69415, ele_trigger=2.6565, fakephoton_ele=1.76423, fakephoton_muon=6.19669, interference=-0.0708997, lumi=0.294731, mu_efficiency=-0.193955, mu_trigger=1.56016, non_prompt_stat_ele=6.88429, non_prompt_stat_muon=-2.84435, others_stat_ele=3.51977, others_stat_muon=6.82179, others_xs=4.2356, param=1.29454, pdf_ele=6.483, pdf_muon=3.8982, photon_id=6.5804, pileup=-4.64313, scale_ele=4.25902, scale_muon=3.13551
RooProdPdf::model_s[ modelObs_s * nuisancePdf ]
     getLogVal() top-level p.d.f evaluates to zero @ !pdfs=(modelObs_s = 0/1,nuisancePdf = 1)

[#0] WARNING:Minization -- RooMinimizerFcn: Minimized function has error status.
Returning maximum FCN so far (828.56) to force MIGRAD to back out of this region. Error log follows
Parameter values: JER_ele=5.5327, JER_muon=6.98225, JES_ele=-0.355791, JES_muon=2.73935, QCD_stat_ele=-5.00615, QCD_stat_muon=3.46026, VBS_stat_ele=6.89435, VBS_stat_muon=-6.9756, ele_efficiency=3.02995, ele_trigger=2.24838, fakephoton_ele=6.25898, fakephoton_muon=6.4781, interference=-1.98194, lumi=5.75026, mu_efficiency=-2.36185, mu_trigger=-0.692454, non_prompt_stat_ele=1.44117, non_prompt_stat_muon=6.94144, others_stat_ele=6.26412, others_stat_muon=-6.25866, others_xs=0.269935, param=1.34199, pdf_ele=6.23425, pdf_muon=-0.805582, photon_id=-6.5514, pileup=-5.06403, scale_ele=-4.41044, scale_muon=-5.72941
RooProdPdf::model_s[ modelObs_s * nuisancePdf ]
     getLogVal() top-level p.d.f evaluates to zero @ !pdfs=(modelObs_s = 0/1,nuisancePdf = 1)

[#0] WARNING:Minization -- RooMinimizerFcn: Minimized function has error status.
Returning maximum FCN so far (828.56) to force MIGRAD to back out of this region. Error log follows
Parameter values: JER_ele=5.3764, JER_muon=-3.71448, JES_ele=6.97261, JES_muon=-3.92252, QCD_stat_ele=0.842295, QCD_stat_muon=6.99125, VBS_stat_ele=-0.714042, VBS_stat_muon=-2.79343, ele_efficiency=5.73877, ele_trigger=0.23985, fakephoton_ele=2.11311, fakephoton_muon=1.82923, interference=3.80249, lumi=-6.97041, mu_efficiency=-0.957856, mu_trigger=-1.0268, non_prompt_stat_ele=6.39642, non_prompt_stat_muon=4.43287, others_stat_ele=-1.37303, others_stat_muon=4.94399, others_xs=5.52868, param=1.34982, pdf_ele=-5.0755, pdf_muon=-2.8159, photon_id=5.79321, pileup=-5.79228, scale_ele=3.89658, scale_muon=4.74912
RooProdPdf::model_s[ modelObs_s * nuisancePdf ]
     getLogVal() top-level p.d.f evaluates to zero @ !pdfs=(modelObs_s = 0/1,nuisancePdf = 1)

[#0] WARNING:Minization -- RooMinimizerFcn: Minimized function has error status.
Returning maximum FCN so far (828.56) to force MIGRAD to back out of this region. Error log follows
Parameter values: JER_ele=2.91227, JER_muon=5.13366, JES_ele=4.46606, JES_muon=6.6945, QCD_stat_ele=2.52439, QCD_stat_muon=2.85337, VBS_stat_ele=3.95755, VBS_stat_muon=6.55842, ele_efficiency=1.10563, ele_trigger=5.99455, fakephoton_ele=6.99548, fakephoton_muon=2.25066, interference=3.54056, lumi=5.64434, mu_efficiency=4.7466, mu_trigger=6.02896, non_prompt_stat_ele=2.37388, non_prompt_stat_muon=2.22361, others_stat_ele=4.25492, others_stat_muon=6.99437, others_xs=4.36275, param=1.35033, pdf_ele=6.01258, pdf_muon=3.49436, photon_id=-6.9928, pileup=0.0127442, scale_ele=2.79308, scale_muon=-5.16439
RooProdPdf::model_s[ modelObs_s * nuisancePdf ]
     getLogVal() top-level p.d.f evaluates to zero @ !pdfs=(modelObs_s = 0/1,nuisancePdf = 1)

[#0] WARNING:Minization -- RooMinimizerFcn: Minimized function has error status.
Returning maximum FCN so far (474.829) to force MIGRAD to back out of this region. Error log follows
Parameter values: JER_ele=3.00169, JER_muon=-6.55325, JES_ele=4.04109, JES_muon=-6.98285, QCD_stat_ele=-3.99402, QCD_stat_muon=-1.387, VBS_stat_ele=1.80851, VBS_stat_muon=-6.97718, ele_efficiency=3.96688, ele_trigger=4.76068, fakephoton_ele=3.9292, fakephoton_muon=-6.62325, interference=-4.17411, lumi=-1.0839, mu_efficiency=1.16678, mu_trigger=-5.99529, non_prompt_stat_ele=5.46372, non_prompt_stat_muon=-3.00378, others_stat_ele=6.52786, others_stat_muon=-6.30425, others_xs=-3.44678, param=1.36653, pdf_ele=3.6318, pdf_muon=-6.30302, photon_id=-6.82984, pileup=-0.053277, scale_ele=5.27426, scale_muon=-1.21845
RooProdPdf::model_s[ modelObs_s * nuisancePdf ]
     getLogVal() top-level p.d.f evaluates to zero @ !pdfs=(modelObs_s = 0/1,nuisancePdf = 1)

[#0] WARNING:Minization -- RooMinimizerFcn: Minimized function has error status.
Returning maximum FCN so far (1023.14) to force MIGRAD to back out of this region. Error log follows
Parameter values: JER_ele=4.09534, JER_muon=0.821886, JES_ele=4.50741, JES_muon=-2.52439, QCD_stat_ele=6.86973, QCD_stat_muon=6.93676, VBS_stat_ele=6.64877, VBS_stat_muon=6.93662, ele_efficiency=4.4091, ele_trigger=5.79128, fakephoton_ele=4.13521, fakephoton_muon=1.22031, interference=2.1275, lumi=4.55005, mu_efficiency=2.20989, mu_trigger=0.179701, non_prompt_stat_ele=6.78416, non_prompt_stat_muon=3.52677, others_stat_ele=6.88887, others_stat_muon=3.94167, others_xs=5.01303, param=1.36725, pdf_ele=6.56686, pdf_muon=-1.46907, photon_id=4.52155, pileup=0.291274, scale_ele=6.99773, scale_muon=-5.95165
RooProdPdf::model_s[ modelObs_s * nuisancePdf ]
     getLogVal() top-level p.d.f evaluates to zero @ !pdfs=(modelObs_s = 0/1,nuisancePdf = 1)

[#0] WARNING:Minization -- RooMinimizerFcn: Minimized function has error status.
Returning maximum FCN so far (328.841) to force MIGRAD to back out of this region. Error log follows
Parameter values: JER_ele=-2.67808, JER_muon=-1.2427, JES_ele=0.0616183, JES_muon=0.561028, QCD_stat_ele=0.527574, QCD_stat_muon=0.339127, VBS_stat_ele=-0.627048, VBS_stat_muon=-0.338148, ele_efficiency=1.92091, ele_trigger=0.112431, fakephoton_ele=1.31332, fakephoton_muon=0.780606, interference=2.60411, lumi=-1.27416, mu_efficiency=-1.95505, mu_trigger=2.41374, non_prompt_stat_ele=6.98635, non_prompt_stat_muon=-1.16879, others_stat_ele=-2.60741, others_stat_muon=-0.151484, others_xs=-0.417515, param=0.00613602, pdf_ele=-2.33, pdf_muon=-1.04316, photon_id=-0.170312, pileup=1.51874, scale_ele=-0.302392, scale_muon=-0.100789
RooProdPdf::model_s[ modelObs_s * nuisancePdf ]
     getLogVal() top-level p.d.f evaluates to zero @ !pdfs=(modelObs_s = 0/1,nuisancePdf = 1)

[#0] WARNING:Minization -- RooMinimizerFcn: Minimized function has error status.
Returning maximum FCN so far (684.219) to force MIGRAD to back out of this region. Error log follows
Parameter values: JER_ele=-5.12803, JER_muon=6.20972, JES_ele=0.139618, JES_muon=-6.73412, QCD_stat_ele=2.56504, QCD_stat_muon=3.7765, VBS_stat_ele=-6.95777, VBS_stat_muon=-6.09991, ele_efficiency=-2.66587, ele_trigger=-4.96246, fakephoton_ele=-4.85102, fakephoton_muon=6.89085, interference=-6.95781, lumi=5.10456, mu_efficiency=-6.21687, mu_trigger=-6.25142, non_prompt_stat_ele=6.92521, non_prompt_stat_muon=6.94361, others_stat_ele=6.9767, others_stat_muon=6.86588, others_xs=-1.1703, param=0.00631258, pdf_ele=-4.43976, pdf_muon=4.46222, photon_id=0.745793, pileup=-5.32096, scale_ele=6.78976, scale_muon=6.79669
RooProdPdf::model_s[ modelObs_s * nuisancePdf ]
     getLogVal() top-level p.d.f evaluates to zero @ !pdfs=(modelObs_s = 0/1,nuisancePdf = 1)

[#0] WARNING:Minization -- RooMinimizerFcn: Minimized function has error status.
Returning maximum FCN so far (728.826) to force MIGRAD to back out of this region. Error log follows
Parameter values: JER_ele=-4.52513, JER_muon=6.79085, JES_ele=-0.504413, JES_muon=-1.60555, QCD_stat_ele=6.99982, QCD_stat_muon=0.450841, VBS_stat_ele=-6.50706, VBS_stat_muon=-3.35677, ele_efficiency=1.93895, ele_trigger=-2.47477, fakephoton_ele=6.44375, fakephoton_muon=6.94608, interference=5.82066, lumi=6.95645, mu_efficiency=6.65757, mu_trigger=0.724229, non_prompt_stat_ele=5.66055, non_prompt_stat_muon=-4.91368, others_stat_ele=-6.90598, others_stat_muon=3.94954, others_xs=6.41137, param=1.37364, pdf_ele=-5.01696, pdf_muon=4.42774, photon_id=4.23336, pileup=-2.17037, scale_ele=-5.52533, scale_muon=-6.57473
RooProdPdf::model_s[ modelObs_s * nuisancePdf ]
     getLogVal() top-level p.d.f evaluates to zero @ !pdfs=(modelObs_s = 0/1,nuisancePdf = 1)

[#0] WARNING:Minization -- RooMinimizerFcn: Minimized function has error status.
Returning maximum FCN so far (728.826) to force MIGRAD to back out of this region. Error log follows
Parameter values: JER_ele=6.99998, JER_muon=6.62395, JES_ele=6.8774, JES_muon=2.31922, QCD_stat_ele=0.769653, QCD_stat_muon=6.61031, VBS_stat_ele=-4.12615, VBS_stat_muon=-0.928194, ele_efficiency=3.61343, ele_trigger=-0.140607, fakephoton_ele=3.92392, fakephoton_muon=-1.90963, interference=-4.95276, lumi=6.79895, mu_efficiency=-6.90029, mu_trigger=-2.10701, non_prompt_stat_ele=5.53249, non_prompt_stat_muon=0.657484, others_stat_ele=5.79416, others_stat_muon=-2.59939, others_xs=5.84821, param=0.327568, pdf_ele=-6.39171, pdf_muon=4.94197, photon_id=0.246588, pileup=-6.48941, scale_ele=-6.99647, scale_muon=-2.6995
RooProdPdf::model_s[ modelObs_s * nuisancePdf ]
     getLogVal() top-level p.d.f evaluates to zero @ !pdfs=(modelObs_s = 0/1,nuisancePdf = 1)

[#0] WARNING:Minization -- RooMinimizerFcn: Minimized function has error status.
Returning maximum FCN so far (728.826) to force MIGRAD to back out of this region. Error log follows
Parameter values: JER_ele=-6.80306, JER_muon=6.87382, JES_ele=5.3251, JES_muon=-1.96741, QCD_stat_ele=-2.63398, QCD_stat_muon=-2.95146, VBS_stat_ele=4.95641, VBS_stat_muon=-2.83533, ele_efficiency=6.95312, ele_trigger=-6.25355, fakephoton_ele=6.69864, fakephoton_muon=6.88707, interference=6.8885, lumi=-5.21615, mu_efficiency=0.389775, mu_trigger=-6.9986, non_prompt_stat_ele=5.00406, non_prompt_stat_muon=0.828721, others_stat_ele=6.54541, others_stat_muon=-4.44693, others_xs=6.41979, param=1.37083, pdf_ele=-6.79349, pdf_muon=6.46164, photon_id=-4.45902, pileup=-5.08691, scale_ele=6.10422, scale_muon=-2.11685
RooProdPdf::model_s[ modelObs_s * nuisancePdf ]
     getLogVal() top-level p.d.f evaluates to zero @ !pdfs=(modelObs_s = 0/1,nuisancePdf = 1)

[#0] WARNING:Minization -- RooMinimizerFcn: Minimized function has error status.
Returning maximum FCN so far (728.826) to force MIGRAD to back out of this region. Error log follows
Parameter values: JER_ele=-6.34647, JER_muon=-3.49708, JES_ele=-4.0818, JES_muon=2.15309, QCD_stat_ele=-2.2715, QCD_stat_muon=-4.90369, VBS_stat_ele=-6.7776, VBS_stat_muon=6.40325, ele_efficiency=1.19113, ele_trigger=-5.72426, fakephoton_ele=6.99995, fakephoton_muon=-6.96396, interference=3.0753, lumi=-2.5586, mu_efficiency=1.44556, mu_trigger=-6.88017, non_prompt_stat_ele=3.6078, non_prompt_stat_muon=5.77864, others_stat_ele=-5.37203, others_stat_muon=-6.83892, others_xs=-3.99608, param=1.37492, pdf_ele=-6.99855, pdf_muon=6.193, photon_id=5.97325, pileup=-3.88427, scale_ele=-3.91331, scale_muon=-5.78347
RooProdPdf::model_s[ modelObs_s * nuisancePdf ]
     getLogVal() top-level p.d.f evaluates to zero @ !pdfs=(modelObs_s = 0/1,nuisancePdf = 1)


 -- Hybrid New -- 
CLs = 0.584906 +/- 0.0344361
Done in 18.75 min (cpu), 19.13 min (real)
