 <<< Combine >>> 
>>> including systematics
>>> using the Profile Likelihood test statistics modified for upper limits (Q_LHC)
>>> method used is HybridNew
>>> Used OpenSSL to get a really random seed 1675499841
Computing results starting from observation (a-posteriori)
[#0] WARNING:Minization -- RooMinimizerFcn: Minimized function has error status.
Returning maximum FCN so far (695.255) to force MIGRAD to back out of this region. Error log follows
Parameter values: JER_ele=-6.90223, JER_muon=5.68747, JES_ele=-3.04611, JES_muon=-0.515975, QCD_stat_ele=-0.15931, QCD_stat_muon=6.99793, VBS_stat_ele=5.31072, VBS_stat_muon=6.2019, ele_efficiency=6.98933, ele_trigger=-0.215419, fakephoton_ele=6.12716, fakephoton_muon=-3.48597, interference=-0.85023, lumi=-6.97013, mu_efficiency=6.99422, mu_trigger=-6.74794, non_prompt_stat_ele=4.42941, non_prompt_stat_muon=-5.08779, others_stat_ele=-6.80809, others_stat_muon=-1.4854, others_xs=1.78227, param=0.139414, pdf_ele=-0.736261, pdf_muon=6.90952, photon_id=4.0046, pileup=5.2535, scale_ele=6.99792, scale_muon=-5.02725
RooProdPdf::model_s[ modelObs_s * nuisancePdf ]
     getLogVal() top-level p.d.f evaluates to zero @ !pdfs=(modelObs_s = 0/1,nuisancePdf = 1)

[#0] WARNING:Minization -- RooMinimizerFcn: Minimized function has error status.
Returning maximum FCN so far (756.68) to force MIGRAD to back out of this region. Error log follows
Parameter values: JER_ele=-6.12152, JER_muon=6.00259, JES_ele=6.81382, JES_muon=-3.61587, QCD_stat_ele=6.32243, QCD_stat_muon=-6.89675, VBS_stat_ele=6.9042, VBS_stat_muon=-4.10339, ele_efficiency=-2.78185, ele_trigger=-3.42609, fakephoton_ele=4.70052, fakephoton_muon=-6.97421, interference=6.99799, lumi=-5.36438, mu_efficiency=3.85176, mu_trigger=-4.6016, non_prompt_stat_ele=6.95731, non_prompt_stat_muon=-6.88268, others_stat_ele=-4.14483, others_stat_muon=-5.83704, others_xs=2.84828, param=0.49433, pdf_ele=-6.69792, pdf_muon=6.66129, photon_id=-3.91648, pileup=4.74056, scale_ele=5.68571, scale_muon=5.97624
RooProdPdf::model_s[ modelObs_s * nuisancePdf ]
     getLogVal() top-level p.d.f evaluates to zero @ !pdfs=(modelObs_s = 0/1,nuisancePdf = 1)

[#0] WARNING:Minization -- RooMinimizerFcn: Minimized function has error status.
Returning maximum FCN so far (760.871) to force MIGRAD to back out of this region. Error log follows
Parameter values: JER_ele=-5.54652, JER_muon=-4.72062, JES_ele=-2.98646, JES_muon=6.853, QCD_stat_ele=-6.98686, QCD_stat_muon=1.54815, VBS_stat_ele=1.6226, VBS_stat_muon=3.0706, ele_efficiency=-2.51996, ele_trigger=-5.18481, fakephoton_ele=3.25474, fakephoton_muon=1.88153, interference=-3.69759, lumi=-6.9793, mu_efficiency=-2.458, mu_trigger=-3.81317, non_prompt_stat_ele=6.51936, non_prompt_stat_muon=-6.02658, others_stat_ele=-6.8702, others_stat_muon=-5.14119, others_xs=-4.37214, param=0.494311, pdf_ele=-6.74521, pdf_muon=-1.00104, photon_id=-3.44083, pileup=0.603134, scale_ele=5.68868, scale_muon=4.98562
RooProdPdf::model_s[ modelObs_s * nuisancePdf ]
     getLogVal() top-level p.d.f evaluates to zero @ !pdfs=(modelObs_s = 0/1,nuisancePdf = 1)

[#0] WARNING:Minization -- RooMinimizerFcn: Minimized function has error status.
Returning maximum FCN so far (760.871) to force MIGRAD to back out of this region. Error log follows
Parameter values: JER_ele=-1.05218, JER_muon=2.61715, JES_ele=-3.79284, JES_muon=6.99838, QCD_stat_ele=-1.55117, QCD_stat_muon=6.67227, VBS_stat_ele=6.47021, VBS_stat_muon=4.80596, ele_efficiency=-0.802743, ele_trigger=-0.506159, fakephoton_ele=-6.18298, fakephoton_muon=4.28449, interference=1.33222, lumi=0.24205, mu_efficiency=0.143204, mu_trigger=3.62925, non_prompt_stat_ele=6.2086, non_prompt_stat_muon=5.38012, others_stat_ele=-0.842708, others_stat_muon=4.00984, others_xs=2.68238, param=0.494489, pdf_ele=-1.85101, pdf_muon=3.27465, photon_id=3.90708, pileup=-0.356468, scale_ele=5.82638, scale_muon=6.62182
RooProdPdf::model_s[ modelObs_s * nuisancePdf ]
     getLogVal() top-level p.d.f evaluates to zero @ !pdfs=(modelObs_s = 0/1,nuisancePdf = 1)

[#0] WARNING:Minization -- RooMinimizerFcn: Minimized function has error status.
Returning maximum FCN so far (968.659) to force MIGRAD to back out of this region. Error log follows
Parameter values: JER_ele=5.95985, JER_muon=0.22318, JES_ele=6.99915, JES_muon=0.642875, QCD_stat_ele=2.42616, QCD_stat_muon=6.68659, VBS_stat_ele=-1.13118, VBS_stat_muon=-1.47549, ele_efficiency=-6.65622, ele_trigger=6.3869, fakephoton_ele=-4.51328, fakephoton_muon=6.85829, interference=-1.3745, lumi=-5.11867, mu_efficiency=-6.99917, mu_trigger=6.09067, non_prompt_stat_ele=-0.637433, non_prompt_stat_muon=6.15771, others_stat_ele=-4.76626, others_stat_muon=3.08346, others_xs=-6.03576, param=0.204527, pdf_ele=3.75721, pdf_muon=-6.89004, photon_id=6.9376, pileup=2.52281, scale_ele=6.32466, scale_muon=5.69467
RooProdPdf::model_s[ modelObs_s * nuisancePdf ]
     getLogVal() top-level p.d.f evaluates to zero @ !pdfs=(modelObs_s = 0/1,nuisancePdf = 1)

[#0] WARNING:Minization -- RooMinimizerFcn: Minimized function has error status.
Returning maximum FCN so far (549.643) to force MIGRAD to back out of this region. Error log follows
Parameter values: JER_ele=3.88701, JER_muon=-3.49566, JES_ele=-6.94214, JES_muon=-6.7746, QCD_stat_ele=6.31595, QCD_stat_muon=5.66574, VBS_stat_ele=4.78656, VBS_stat_muon=6.87149, ele_efficiency=4.04563, ele_trigger=5.91912, fakephoton_ele=6.89574, fakephoton_muon=1.4763, interference=4.84767, lumi=-5.27753, mu_efficiency=-2.32502, mu_trigger=-3.0344, non_prompt_stat_ele=6.7947, non_prompt_stat_muon=3.86916, others_stat_ele=-6.97923, others_stat_muon=-0.996061, others_xs=-5.66648, param=0.0582097, pdf_ele=-6.05912, pdf_muon=1.3053, photon_id=6.93136, pileup=-4.42482, scale_ele=-3.36806, scale_muon=-1.0304
RooProdPdf::model_s[ modelObs_s * nuisancePdf ]
     getLogVal() top-level p.d.f evaluates to zero @ !pdfs=(modelObs_s = 0/1,nuisancePdf = 1)

[#0] WARNING:Minization -- RooMinimizerFcn: Minimized function has error status.
Returning maximum FCN so far (549.643) to force MIGRAD to back out of this region. Error log follows
Parameter values: JER_ele=6.96545, JER_muon=6.55255, JES_ele=-6.99619, JES_muon=-3.98613, QCD_stat_ele=-0.709262, QCD_stat_muon=-1.36319, VBS_stat_ele=4.05831, VBS_stat_muon=5.37474, ele_efficiency=4.32493, ele_trigger=-6.99951, fakephoton_ele=6.91148, fakephoton_muon=6.91249, interference=-6.53207, lumi=6.5525, mu_efficiency=-2.55611, mu_trigger=-2.09302, non_prompt_stat_ele=5.73591, non_prompt_stat_muon=-5.33736, others_stat_ele=-1.94898, others_stat_muon=-6.54041, others_xs=5.63693, param=0.381155, pdf_ele=0.13154, pdf_muon=-0.633931, photon_id=-3.01039, pileup=-6.12521, scale_ele=-4.09336, scale_muon=5.89729
RooProdPdf::model_s[ modelObs_s * nuisancePdf ]
     getLogVal() top-level p.d.f evaluates to zero @ !pdfs=(modelObs_s = 0/1,nuisancePdf = 1)

[#0] WARNING:Minization -- RooMinimizerFcn: Minimized function has error status.
Returning maximum FCN so far (549.643) to force MIGRAD to back out of this region. Error log follows
Parameter values: JER_ele=0.0568725, JER_muon=-6.89656, JES_ele=-4.47084, JES_muon=-6.89394, QCD_stat_ele=-3.40189, QCD_stat_muon=-1.57038, VBS_stat_ele=0.923283, VBS_stat_muon=-5.57445, ele_efficiency=2.17194, ele_trigger=-3.75071, fakephoton_ele=5.9626, fakephoton_muon=-5.12171, interference=-2.5051, lumi=-6.09218, mu_efficiency=1.82654, mu_trigger=-6.09447, non_prompt_stat_ele=6.61323, non_prompt_stat_muon=0.22424, others_stat_ele=1.87931, others_stat_muon=-5.2505, others_xs=-4.4777, param=0.366661, pdf_ele=-4.22011, pdf_muon=-2.27188, photon_id=-1.15918, pileup=4.50931, scale_ele=-3.13844, scale_muon=2.48824
RooProdPdf::model_s[ modelObs_s * nuisancePdf ]
     getLogVal() top-level p.d.f evaluates to zero @ !pdfs=(modelObs_s = 0/1,nuisancePdf = 1)

[#0] WARNING:Minization -- RooMinimizerFcn: Minimized function has error status.
Returning maximum FCN so far (549.643) to force MIGRAD to back out of this region. Error log follows
Parameter values: JER_ele=-3.75763, JER_muon=-6.87037, JES_ele=-1.28844, JES_muon=6.78631, QCD_stat_ele=5.33386, QCD_stat_muon=6.67677, VBS_stat_ele=3.17017, VBS_stat_muon=-6.94629, ele_efficiency=-4.53635, ele_trigger=-2.08367, fakephoton_ele=5.97504, fakephoton_muon=6.94725, interference=2.64178, lumi=-3.76127, mu_efficiency=-1.32022, mu_trigger=-6.74363, non_prompt_stat_ele=5.94985, non_prompt_stat_muon=-5.93622, others_stat_ele=-4.59102, others_stat_muon=-6.98963, others_xs=3.36164, param=0.388214, pdf_ele=5.68846, pdf_muon=-5.68085, photon_id=-2.06021, pileup=-5.91242, scale_ele=1.23156, scale_muon=-6.11242
RooProdPdf::model_s[ modelObs_s * nuisancePdf ]
     getLogVal() top-level p.d.f evaluates to zero @ !pdfs=(modelObs_s = 0/1,nuisancePdf = 1)

[#0] WARNING:Minization -- RooMinimizerFcn: Minimized function has error status.
Returning maximum FCN so far (495.87) to force MIGRAD to back out of this region. Error log follows
Parameter values: JER_ele=-0.0630709, JER_muon=3.36851, JES_ele=2.39701, JES_muon=5.05876, QCD_stat_ele=6.97293, QCD_stat_muon=0.425279, VBS_stat_ele=-2.9551, VBS_stat_muon=3.53055, ele_efficiency=-2.05149, ele_trigger=2.00941, fakephoton_ele=4.85244, fakephoton_muon=5.14068, interference=2.59524, lumi=3.74258, mu_efficiency=0.696395, mu_trigger=3.3408, non_prompt_stat_ele=2.64067, non_prompt_stat_muon=1.38286, others_stat_ele=1.0823, others_stat_muon=5.46062, others_xs=4.26924, param=0.366931, pdf_ele=2.06292, pdf_muon=5.65805, photon_id=6.29016, pileup=-0.600444, scale_ele=2.87978, scale_muon=6.83496
RooProdPdf::model_s[ modelObs_s * nuisancePdf ]
     getLogVal() top-level p.d.f evaluates to zero @ !pdfs=(modelObs_s = 0/1,nuisancePdf = 1)


 -- Hybrid New -- 
CLs = 0.587264 +/- 0.0344941
Done in 20.09 min (cpu), 20.12 min (real)
